0,-0.072304,-1.964620
1,-0.072304,-1.964620
2,-0.072304,-1.964620
3,-0.072304,-1.964620
4,-0.072304,-1.964620
5,-0.072304,-1.964620
6,-0.072304,-1.964620
7,-0.072304,-1.964620
8,-0.072304,-1.964620
9,-0.065111,-1.954705
10,-0.056267,-1.940193
11,-0.048309,-1.925174
12,-0.041219,-1.909725
13,-0.035019,-1.893899
14,-0.029730,-1.877745
15,-0.025369,-1.861317
16,-0.021949,-1.844667
17,-0.019482,-1.827849
18,-0.017976,-1.810919
19,-0.017436,-1.793930
20,-0.017863,-1.776937
21,-0.019256,-1.759997
22,-0.021611,-1.743163
23,-0.024919,-1.726491
24,-0.029171,-1.710034
25,-0.030386,-1.705442
26,-0.030386,-1.705442
27,-0.030386,-1.705442
28,-0.030386,-1.705442
29,-0.030386,-1.705442
30,-0.030386,-1.705442
31,-0.030386,-1.705442
32,-0.030386,-1.705442
33,-0.030386,-1.705442
34,-0.030386,-1.705442
35,-0.030386,-1.705442
36,-0.030386,-1.705442
37,-0.030386,-1.705442
38,-0.030386,-1.705442
39,-0.022617,-1.695970
40,-0.012929,-1.682008
41,-0.004096,-1.667486
42,0.003897,-1.652485
43,0.011023,-1.637054
44,0.017260,-1.621242
45,0.022587,-1.605101
46,0.026987,-1.588682
47,0.030446,-1.572041
48,0.032953,-1.555229
49,0.034499,-1.538302
50,0.035079,-1.521314
51,0.034692,-1.504321
52,0.033338,-1.487378
53,0.031023,-1.470538
54,0.027754,-1.453858
55,0.026814,-1.449202
56,0.026814,-1.449202
57,0.026814,-1.449202
58,0.026814,-1.449202
59,0.026814,-1.449202
60,0.026814,-1.449202
61,0.026814,-1.449202
62,0.026814,-1.449202
63,0.026814,-1.449202
64,0.026814,-1.449202
65,0.026814,-1.449202
66,0.026814,-1.449202
67,0.026814,-1.449202
68,0.026814,-1.449202
69,0.026814,-1.449202
70,0.031205,-1.437767
71,0.036006,-1.421465
72,0.039819,-1.404901
73,0.042683,-1.388146
74,0.044590,-1.371256
75,0.045532,-1.354284
76,0.045508,-1.337287
77,0.044516,-1.320318
78,0.042560,-1.303434
79,0.039647,-1.286688
80,0.035786,-1.270134
81,0.030990,-1.253828
82,0.025273,-1.237820
83,0.018655,-1.222164
84,0.011157,-1.206910
85,0.002803,-1.192107
86,-0.006380,-1.177803
87,-0.016362,-1.164045
88,-0.019173,-1.160216
89,-0.019173,-1.160216
90,-0.019173,-1.160216
91,-0.019173,-1.160216
92,-0.019173,-1.160216
93,-0.019173,-1.160216
94,-0.019173,-1.160216
95,-0.019173,-1.160216
96,-0.019173,-1.160216
97,-0.019173,-1.160216
98,-0.019173,-1.160216
99,-0.019173,-1.160216
100,-0.019173,-1.160216
101,-0.019173,-1.160216
102,-0.015411,-1.148558
103,-0.011507,-1.132019
104,-0.008603,-1.115271
105,-0.006657,-1.098386
106,-0.005675,-1.081416
107,-0.005660,-1.064419
108,-0.006611,-1.047448
109,-0.006904,-1.042707
110,-0.012407,-1.031763
111,-0.021234,-1.017241
112,-0.030920,-1.003273
113,-0.033649,-0.999385
114,-0.033649,-0.999385
115,-0.033649,-0.999385
116,-0.033649,-0.999385
117,-0.033649,-0.999385
118,-0.033649,-0.999385
119,-0.033649,-0.999385
120,-0.033649,-0.999385
121,-0.033649,-0.999385
122,-0.033649,-0.999385
123,-0.033649,-0.999385
124,-0.033649,-0.999385
125,-0.033649,-0.999385
126,-0.033649,-0.999385
127,-0.029640,-0.987810
128,-0.025384,-0.971358
129,-0.022124,-0.954676
130,-0.019818,-0.937835
131,-0.018474,-0.920891
132,-0.018096,-0.903898
133,-0.018686,-0.886910
134,-0.020241,-0.869984
135,-0.022757,-0.853174
136,-0.023487,-0.848480
137,-0.023487,-0.848480
138,-0.023487,-0.848480
139,-0.023487,-0.848480
140,-0.023487,-0.848480
141,-0.023487,-0.848480
142,-0.023487,-0.848480
143,-0.023487,-0.848480
144,-0.023487,-0.848480
145,-0.023487,-0.848480
146,-0.023487,-0.848480
147,-0.023487,-0.848480
148,-0.023487,-0.848480
149,-0.023487,-0.848480
150,-0.014775,-0.839868
151,-0.003686,-0.826991
152,0.006611,-0.813467
153,0.016122,-0.799380
154,0.024816,-0.784774
155,0.032665,-0.769697
156,0.039643,-0.754198
157,0.045728,-0.738327
158,0.050901,-0.722136
159,0.055143,-0.705676
160,0.056303,-0.701070
161,0.054380,-0.688972
162,0.050376,-0.672456
163,0.045385,-0.656208
164,0.039478,-0.640270
165,0.032674,-0.624694
166,0.030748,-0.620352
167,0.030748,-0.620352
168,0.030748,-0.620352
169,0.030748,-0.620352
170,0.030748,-0.620352
171,0.030748,-0.620352
172,0.030748,-0.620352
173,0.030748,-0.620352
174,0.030748,-0.620352
175,0.030748,-0.620352
176,0.030748,-0.620352
177,0.030748,-0.620352
178,0.030748,-0.620352
179,0.040399,-0.612808
180,0.052907,-0.601303
181,0.064702,-0.589064
182,0.075782,-0.576175
183,0.086111,-0.562675
184,0.095655,-0.548610
185,0.104383,-0.534025
186,0.112267,-0.518966
187,0.119282,-0.503484
188,0.125404,-0.487627
189,0.130615,-0.471448
190,0.134896,-0.454998
191,0.138235,-0.438332
192,0.140620,-0.421503
193,0.142043,-0.404565
194,0.142501,-0.387573
195,0.141991,-0.370584
196,0.140515,-0.353650
197,0.138078,-0.336828
198,0.134689,-0.320172
199,0.130357,-0.303736
200,0.125096,-0.287573
201,0.118925,-0.271735
202,0.111863,-0.256274
203,0.103932,-0.241240
204,0.095159,-0.226682
205,0.092684,-0.222627
206,0.092684,-0.222627
207,0.093319,-0.223315
208,0.099649,-0.229987
209,0.106077,-0.236313
210,0.112587,-0.242306
211,0.113722,-0.243315
212,0.113722,-0.243315
213,0.113722,-0.243315
214,0.113722,-0.243315
215,0.113722,-0.243315
216,0.113722,-0.243315
217,0.113722,-0.243315
218,0.122310,-0.234580
219,0.133214,-0.221545
220,0.143317,-0.207876
221,0.152626,-0.193654
222,0.161110,-0.178926
223,0.168743,-0.163738
224,0.175500,-0.148141
225,0.177363,-0.143772
226,0.177350,-0.131522
227,0.175969,-0.114584
228,0.173571,-0.097757
229,0.172875,-0.093058
230,0.166457,-0.082623
231,0.156423,-0.068908
232,0.145580,-0.055818
233,0.134010,-0.043366
234,0.121750,-0.031593
235,0.118305,-0.028323
236,0.118305,-0.028323
237,0.118305,-0.028323
238,0.118305,-0.028323
239,0.118305,-0.028323
240,0.118305,-0.028323
241,0.118305,-0.028323
242,0.118305,-0.028323
243,0.118305,-0.028323
244,0.118305,-0.028323
245,0.118305,-0.028323
246,0.129541,-0.025820
247,0.141039,-0.031657
248,0.152633,-0.037299
249,0.164403,-0.042764
250,0.176372,-0.048049
251,0.188559,-0.053145
252,0.200982,-0.058043
253,0.213659,-0.062729
254,0.226607,-0.067186
255,0.239841,-0.071396
256,0.253377,-0.075337
257,0.267227,-0.078984
258,0.281401,-0.082311
259,0.295908,-0.085288
260,0.310753,-0.087883
261,0.325940,-0.090063
262,0.341468,-0.091791
263,0.357333,-0.093030
264,0.373526,-0.093741
265,0.390034,-0.093882
266,0.406840,-0.093411
267,0.423918,-0.092284
268,0.441236,-0.090458
269,0.458752,-0.087886
270,0.476411,-0.084521
271,0.494142,-0.080318
272,0.511788,-0.075194
273,0.529122,-0.069078
274,0.546081,-0.061983
275,0.562608,-0.053935
276,0.578651,-0.044957
277,0.594157,-0.035080
278,0.609075,-0.024336
279,0.623357,-0.012759
280,0.636958,-0.000387
281,0.649832,0.012740
282,0.661937,0.026580
283,0.673235,0.041087
284,0.683411,0.055995
285,0.692242,0.071511
286,0.699802,0.085039
287,0.704329,0.096079
288,0.706869,0.107361
289,0.709884,0.117928
290,0.718382,0.127136
291,0.726750,0.138087
292,0.734589,0.149796
293,0.742061,0.161889
294,0.749110,0.174390
295,0.755709,0.187185
296,0.757359,0.190489
297,0.757030,0.190964
298,0.756677,0.191971
299,0.756760,0.192633
300,0.756790,0.192741
301,0.756790,0.192741
302,0.756790,0.192741
303,0.756790,0.192741
304,0.757279,0.193415
305,0.757282,0.193419
306,0.757282,0.193419
307,0.757282,0.193419
308,0.757282,0.193419
309,0.757282,0.193419
310,0.750328,0.203504
311,0.739592,0.216677
312,0.728080,0.229183
313,0.719830,0.237710
314,0.710479,0.245934
315,0.699347,0.254252
316,0.686812,0.262421
317,0.673027,0.270398
318,0.658089,0.278221
319,0.642627,0.285280
320,0.626788,0.291449
321,0.610624,0.296706
322,0.603188,0.300090
323,0.599315,0.302699
324,0.594732,0.304829
325,0.589571,0.306397
326,0.584376,0.307334
327,0.579024,0.307608
328,0.578321,0.307620
329,0.573304,0.303318
330,0.566589,0.295755
331,0.557099,0.286698
332,0.544976,0.276598
333,0.532371,0.265716
334,0.528990,0.262703
335,0.528990,0.262703
336,0.529062,0.262795
337,0.529062,0.262795
338,0.529076,0.262812
339,0.529211,0.262971
340,0.529638,0.263430
341,0.530428,0.264185
342,0.531358,0.264943
343,0.531404,0.264977
344,0.531404,0.264977
345,0.531404,0.264977
346,0.524863,0.275334
347,0.514666,0.288928
348,0.503668,0.301888
349,0.491950,0.314201
350,0.481737,0.325426
351,0.481106,0.333131
352,0.476828,0.340496
353,0.468548,0.351746
354,0.456985,0.359444
355,0.444340,0.364150
356,0.431930,0.367633
357,0.419248,0.370591
358,0.406219,0.373084
359,0.392785,0.375119
360,0.378935,0.376655
361,0.364648,0.377652
362,0.349889,0.378063
363,0.334532,0.377856
364,0.319487,0.376776
365,0.304687,0.374889
366,0.289674,0.372234
367,0.285664,0.371526
368,0.275334,0.364942
369,0.261782,0.354689
370,0.248869,0.343637
371,0.236604,0.331868
372,0.225030,0.319420
373,0.214690,0.306610
374,0.206126,0.293949
375,0.198257,0.280802
376,0.191170,0.267243
377,0.184947,0.253349
378,0.179421,0.239053
379,0.175178,0.224904
380,0.171700,0.210416
381,0.169207,0.195973
382,0.167519,0.181389
383,0.166645,0.166714
384,0.166563,0.151955
385,0.167327,0.137230
386,0.168908,0.122539
387,0.171306,0.107932
388,0.174515,0.093448
389,0.178502,0.078878
390,0.183310,0.064772
391,0.188902,0.050922
392,0.195266,0.037349
393,0.202386,0.024132
394,0.210244,0.011294
395,0.218820,-0.001125
396,0.228096,-0.013098
397,0.238131,-0.024791
398,0.248733,-0.035749
399,0.259960,-0.046146
400,0.271801,-0.055977
401,0.284191,-0.065150
402,0.297117,-0.073667
403,0.310636,-0.081595
404,0.324539,-0.088712
405,0.338860,-0.095077
406,0.353604,-0.100689
407,0.368814,-0.105579
408,0.384230,-0.109583
409,0.399941,-0.112757
410,0.415917,-0.115085
411,0.432190,-0.116575
412,0.448516,-0.117139
413,0.464945,-0.116799
414,0.481546,-0.115545
415,0.498089,-0.113365
416,0.514628,-0.110247
417,0.531097,-0.106179
418,0.547342,-0.101177
419,0.551874,-0.099753
420,0.561175,-0.091781
421,0.573150,-0.079723
422,0.584380,-0.066964
423,0.594867,-0.053587
424,0.604576,-0.039635
425,0.613475,-0.025153
426,0.621535,-0.010189
427,0.628731,0.005210
428,0.630718,0.009525
429,0.631052,0.021770
430,0.630152,0.038741
431,0.628234,0.055629
432,0.625357,0.072382
433,0.621532,0.088943
434,0.616771,0.105260
435,0.611089,0.121280
436,0.604505,0.136951
437,0.597040,0.152221
438,0.588719,0.167043
439,0.582776,0.178804
440,0.577064,0.189626
441,0.570349,0.200298
442,0.562057,0.211055
443,0.551930,0.221887
444,0.544902,0.230144
445,0.536070,0.238491
446,0.533520,0.240671
447,0.521653,0.243712
448,0.517052,0.244891
449,0.517052,0.244891
450,0.517052,0.244891
451,0.517052,0.244891
452,0.517052,0.244891
453,0.517052,0.244891
454,0.517052,0.244891
455,0.517052,0.244891
456,0.517052,0.244891
457,0.517052,0.244891
458,0.517052,0.244891
459,0.530908,0.245347
460,0.547798,0.246630
461,0.565094,0.248308
462,0.582249,0.251113
463,0.599784,0.254301
464,0.617558,0.258091
465,0.635559,0.262539
466,0.653766,0.267710
467,0.671967,0.273800
468,0.689742,0.281108
469,0.706983,0.289655
470,0.723582,0.299444
471,0.739467,0.309635
472,0.754924,0.319755
473,0.769825,0.330477
474,0.784094,0.342006
475,0.797677,0.354331
476,0.810531,0.367412
477,0.822612,0.381206
478,0.833881,0.395667
479,0.844301,0.410747
480,0.853839,0.426397
481,0.862460,0.442567
482,0.870137,0.459202
483,0.876843,0.476249
484,0.881563,0.493224
485,0.885085,0.510272
486,0.888056,0.527760
487,0.890415,0.545672
488,0.891968,0.563890
489,0.892468,0.582167
490,0.891906,0.600437
491,0.890281,0.618637
492,0.887599,0.636705
493,0.883867,0.654578
494,0.879093,0.672195
495,0.873288,0.689494
496,0.866471,0.706411
497,0.858663,0.722885
498,0.849206,0.737212
499,0.839023,0.751633
500,0.828039,0.765921
501,0.816186,0.779825
502,0.803395,0.792892
503,0.789684,0.805016
504,0.775086,0.816085
505,0.759640,0.825977
506,0.743401,0.834554
507,0.726548,0.841316
508,0.709365,0.845405
509,0.691440,0.848405
510,0.673039,0.849768
511,0.661488,0.854967
512,0.655185,0.856617
513,0.642389,0.858852
514,0.627007,0.865659
515,0.612306,0.873267
516,0.608271,0.875354
517,0.608271,0.875354
518,0.607912,0.873496
519,0.607378,0.869596
520,0.606986,0.865496
521,0.606942,0.865069
522,0.606942,0.865069
523,0.606942,0.865069
524,0.606942,0.865069
525,0.606942,0.865069
526,0.606942,0.865069
527,0.606942,0.865069
528,0.606942,0.865069
529,0.606942,0.865069
530,0.606942,0.865069
531,0.595442,0.860849
532,0.580009,0.853735
533,0.565028,0.845704
534,0.550529,0.836834
535,0.536557,0.827154
536,0.523159,0.816694
537,0.510378,0.805489
538,0.498255,0.793574
539,0.486830,0.780990
540,0.476139,0.767775
541,0.466217,0.753974
542,0.457097,0.739631
543,0.448807,0.724791
544,0.441375,0.709505
545,0.434825,0.693820
546,0.429178,0.677788
547,0.424452,0.661461
548,0.418276,0.645507
549,0.414828,0.628884
550,0.412946,0.611991
551,0.407328,0.597166
552,0.400051,0.583955
553,0.393753,0.570770
554,0.388700,0.557500
555,0.385019,0.544614
556,0.384291,0.541441
557,0.384187,0.540805
558,0.386280,0.538936
559,0.389862,0.536823
560,0.393665,0.534885
561,0.397586,0.533148
562,0.401602,0.531622
563,0.405924,0.530857
564,0.411745,0.533388
565,0.417164,0.538670
566,0.421516,0.546311
567,0.424615,0.555960
568,0.426397,0.567249
569,0.429719,0.577816
570,0.431426,0.587118
571,0.431975,0.596015
572,0.431962,0.604852
573,0.431460,0.613638
574,0.430480,0.622349
575,0.429030,0.630961
576,0.427117,0.639448
577,0.424751,0.647785
578,0.421942,0.655949
579,0.418703,0.663917
580,0.415046,0.671666
581,0.410985,0.679174
582,0.406537,0.686422
583,0.401716,0.693388
584,0.396542,0.700055
585,0.391031,0.706404
586,0.385203,0.712419
587,0.379077,0.718085
588,0.372676,0.723388
589,0.370450,0.731926
590,0.375527,0.743057
591,0.384364,0.754558
592,0.394232,0.766479
593,0.399169,0.780170
594,0.402539,0.794330
595,0.404974,0.808803
596,0.406552,0.823457
597,0.407283,0.838205
598,0.407169,0.852981
599,0.406211,0.867732
600,0.404414,0.882407
601,0.401783,0.896957
602,0.398327,0.911335
603,0.394058,0.925493
604,0.388990,0.939385
605,0.383138,0.952967
606,0.376521,0.966195
607,0.369162,0.979024
608,0.361083,0.991415
609,0.352312,1.003325
610,0.342875,1.014717
611,0.332805,1.025554
612,0.322134,1.035800
613,0.310896,1.045422
614,0.299127,1.054389
615,0.286866,1.062671
616,0.274191,1.070202
617,0.261103,1.077044
618,0.247629,1.083120
619,0.233822,1.088418
620,0.219732,1.092921
621,0.205406,1.096614
622,0.190911,1.099595
623,0.176292,1.101628
624,0.161574,1.102863
625,0.146796,1.103237
626,0.132014,1.102764
627,0.117278,1.101449
628,0.102640,1.099295
629,0.088121,1.096420
630,0.073858,1.092627
631,0.059812,1.088050
632,0.046044,1.082661
633,0.032601,1.076489
634,0.019528,1.069560
635,0.006871,1.061896
636,-0.005391,1.053610
637,-0.017068,1.044577
638,-0.028242,1.034914
639,-0.038841,1.024607
640,-0.048838,1.013703
641,-0.058200,1.002245
642,-0.066894,0.990270
643,-0.074987,0.977875
644,-0.082238,0.965003
645,-0.088795,0.951767
646,-0.094920,0.938929
647,-0.104996,0.936628
648,-0.115134,0.934613
649,-0.124918,0.931620
650,-0.134229,0.927904
651,-0.142769,0.923450
652,-0.150798,0.918248
653,-0.158049,0.912141
654,-0.164390,0.904974
655,-0.169368,0.896781
656,-0.174453,0.888742
657,-0.182804,0.882561
658,-0.191449,0.876939
659,-0.199721,0.871446
660,-0.207337,0.865961
661,-0.214199,0.860497
662,-0.220099,0.854972
663,-0.225027,0.849329
664,-0.229033,0.842099
665,-0.230163,0.832989
666,-0.227419,0.824124
667,-0.226901,0.816268
668,-0.230065,0.809000
669,-0.237451,0.805628
670,-0.239835,0.804318
671,-0.239835,0.804318
672,-0.240212,0.805693
673,-0.242197,0.807900
674,-0.247293,0.812708
675,-0.248363,0.813973
676,-0.248447,0.813946
677,-0.248447,0.813946
678,-0.249306,0.813944
679,-0.249505,0.813943
680,-0.249505,0.813943
681,-0.249505,0.813943
682,-0.249852,0.801698
683,-0.254440,0.787127
684,-0.256841,0.772127
685,-0.257374,0.756915
686,-0.257441,0.753075
687,-0.250740,0.742821
688,-0.240333,0.729387
689,-0.229396,0.716809
690,-0.226246,0.713253
691,-0.215172,0.708017
692,-0.199276,0.702008
693,-0.184955,0.696211
694,-0.180940,0.694810
695,-0.180940,0.694810
696,-0.170121,0.700554
697,-0.156805,0.707835
698,-0.143552,0.713100
699,-0.129191,0.712543
700,-0.114688,0.712218
701,-0.101908,0.708852
702,-0.087997,0.705307
703,-0.072756,0.702741
704,-0.057151,0.700661
705,-0.041193,0.699103
706,-0.024895,0.698106
707,-0.008271,0.697712
708,0.008656,0.697961
709,0.025860,0.698896
710,0.043308,0.700557
711,0.060957,0.702988
712,0.078757,0.706231
713,0.096644,0.710326
714,0.109752,0.717292
715,0.120300,0.726097
716,0.130533,0.735483
717,0.136753,0.744715
718,0.137580,0.755589
719,0.135796,0.767631
720,0.132141,0.780184
721,0.127541,0.792794
722,0.122124,0.805158
723,0.115861,0.817174
724,0.108762,0.828826
725,0.100902,0.840047
726,0.092302,0.850786
727,0.090374,0.854416
728,0.090392,0.854446
729,0.088968,0.855398
730,0.086570,0.857506
731,0.082649,0.860433
732,0.077963,0.862174
733,0.072937,0.863523
734,0.067775,0.864541
735,0.062541,0.865240
736,0.057263,0.865609
737,0.051962,0.865655
738,0.046660,0.865362
739,0.041380,0.864660
740,0.036120,0.863594
741,0.030920,0.862301
742,0.025800,0.860785
743,0.020770,0.859049
744,0.015851,0.857072
745,0.009078,0.856356
746,-0.001031,0.857629
747,-0.011648,0.859388
748,-0.023508,0.860549
749,-0.034948,0.860940
750,-0.043942,0.860233
751,-0.052417,0.859937
752,-0.055990,0.854754
753,-0.057153,0.849401
754,-0.061062,0.847739
755,-0.063955,0.843259
756,-0.059230,0.835373
757,-0.053281,0.828033
758,-0.059126,0.829682
759,-0.069367,0.833523
760,-0.076610,0.837707
761,-0.072485,0.843908
762,-0.071788,0.844537
763,-0.064388,0.854300
764,-0.055241,0.868622
765,-0.049200,0.882729
766,-0.043564,0.897543
767,-0.037177,0.913208
768,-0.033934,0.925172
769,-0.034067,0.925424
770,-0.034067,0.925424
771,-0.034067,0.925424
772,-0.034067,0.925424
773,-0.034067,0.925424
774,-0.046315,0.925183
775,-0.063224,0.923487
776,-0.080004,0.920777
777,-0.096603,0.917117
778,-0.112966,0.912518
779,-0.129042,0.906996
780,-0.144777,0.900568
781,-0.160121,0.893256
782,-0.175024,0.885082
783,-0.189438,0.876073
784,-0.203316,0.866260
785,-0.205423,0.864316
786,-0.205227,0.862856
787,-0.204980,0.859935
788,-0.200092,0.858564
789,-0.191057,0.858763
790,-0.181917,0.857828
791,-0.172696,0.855499
792,-0.163585,0.851380
793,-0.154918,0.845032
794,-0.154271,0.834767
795,-0.150950,0.837775
796,-0.141802,0.847568
797,-0.130719,0.857930
798,-0.120364,0.869077
799,-0.110786,0.880960
800,-0.108235,0.884194
801,-0.104395,0.887287
802,-0.092575,0.892836
803,-0.078079,0.900564
804,-0.063681,0.909323
805,-0.056452,0.910277
806,-0.055621,0.909740
807,-0.055621,0.909740
808,-0.054487,0.910856
809,-0.051722,0.912960
810,-0.049124,0.915649
811,-0.046489,0.918190
812,-0.044013,0.920898
813,-0.041708,0.923761
814,-0.039582,0.926767
815,-0.037646,0.929906
816,-0.035907,0.933165
817,-0.034373,0.936533
818,-0.033050,0.939997
819,-0.031944,0.943542
820,-0.031060,0.947156
821,-0.030402,0.950825
822,-0.029974,0.954535
823,-0.029777,0.958272
824,-0.029814,0.962020
825,-0.030085,0.965766
826,-0.030589,0.969496
827,-0.031327,0.973193
828,-0.032294,0.976846
829,-0.033489,0.980438
830,-0.034909,0.983956
831,-0.036547,0.987386
832,-0.038398,0.990714
833,-0.040457,0.993929
834,-0.042716,0.997015
835,-0.045168,0.999962
836,-0.047802,1.002758
837,-0.050611,1.005390
838,-0.053584,1.007849
839,-0.056710,1.010125
840,-0.059977,1.012207
841,-0.063375,1.014088
842,-0.066890,1.015759
843,-0.070760,1.016936
844,-0.074455,1.018154
845,-0.078228,1.019144
846,-0.082064,1.019901
847,-0.085948,1.020422
848,-0.089866,1.020704
849,-0.093803,1.020743
850,-0.097744,1.020540
851,-0.101674,1.020095
852,-0.105579,1.019406
853,-0.109444,1.018477
854,-0.113253,1.017310
855,-0.116992,1.015908
856,-0.120647,1.014275
857,-0.124204,1.012417
858,-0.127648,1.010339
859,-0.130967,1.008049
860,-0.134147,1.005554
861,-0.137176,1.002862
862,-0.140042,0.999983
863,-0.142733,0.996927
864,-0.145239,0.993704
865,-0.144748,0.987128
866,-0.140741,0.974275
867,-0.135959,0.960848
868,-0.130257,0.947488
869,-0.123716,0.934364
870,-0.116447,0.921631
871,-0.108405,0.909289
872,-0.099611,0.897369
873,-0.090121,0.885949
874,-0.079941,0.875052
875,-0.069013,0.864669
876,-0.057732,0.855046
877,-0.045389,0.845865
878,-0.032464,0.837371
879,-0.018904,0.829580
880,-0.004887,0.822569
881,0.009687,0.816336
882,0.024625,0.810947
883,0.040095,0.806404
884,0.055793,0.802756
885,0.071961,0.800024
886,0.088245,0.798225
887,0.104727,0.797371
888,0.121431,0.797514
889,0.138234,0.798654
890,0.155031,0.800783
891,0.171512,0.803793
892,0.187877,0.807769
893,0.204119,0.812769
894,0.220051,0.818690
895,0.235621,0.825507
896,0.250594,0.833023
897,0.265010,0.841274
898,0.278947,0.850339
899,0.292577,0.860487
900,0.305606,0.871384
901,0.317763,0.882584
902,0.329458,0.894838
903,0.340455,0.907782
904,0.350683,0.921317
905,0.360141,0.935426
906,0.368784,0.950046
907,0.376581,0.965133
908,0.383512,0.980636
909,0.389552,0.996504
910,0.394686,1.012682
911,0.398896,1.029120
912,0.402171,1.045764
913,0.404499,1.062562
914,0.405871,1.079458
915,0.406297,1.096372
916,0.405726,1.113303
917,0.404246,1.130150
918,0.401816,1.146868
919,0.398984,1.162726
920,0.395175,1.178628
921,0.390137,1.194549
922,0.384156,1.210181
923,0.377360,1.225400
924,0.369851,1.240114
925,0.361842,1.254239
926,0.353362,1.267711
927,0.344539,1.280485
928,0.335495,1.292508
929,0.326338,1.303734
930,0.317131,1.314127
931,0.307480,1.324032
932,0.294543,1.334254
933,0.280340,1.343431
934,0.265617,1.351771
935,0.250428,1.359252
936,0.235030,1.365904
937,0.219143,1.371633
938,0.202935,1.376426
939,0.186527,1.380321
940,0.169954,1.383289
941,0.153308,1.385356
942,0.136655,1.386526
943,0.120058,1.386818
944,0.103280,1.386928
945,0.086467,1.385327
946,0.069742,1.382589
947,0.053202,1.378914
948,0.036902,1.374280
949,0.020982,1.368871
950,0.005293,1.362473
951,-0.009985,1.355129
952,-0.024831,1.346957
953,-0.039184,1.337941
954,-0.052997,1.328124
955,-0.066294,1.317626
956,-0.078898,1.306292
957,-0.090848,1.294276
958,-0.102101,1.281620
959,-0.112603,1.268322
960,-0.122333,1.254459
961,-0.131288,1.240226
962,-0.139397,1.225365
963,-0.146629,1.210042
964,-0.152984,1.194335
965,-0.158434,1.178291
966,-0.162985,1.161974
967,-0.166565,1.145411
968,-0.169240,1.128700
969,-0.170910,1.111838
970,-0.171638,1.094907
971,-0.171399,1.077964
972,-0.170214,1.061062
973,-0.168054,1.044264
974,-0.165060,1.027589
975,-0.161240,1.011239
976,-0.156266,0.995052
977,-0.150364,0.979168
978,-0.143567,0.963651
979,-0.135904,0.948539
980,-0.127468,0.933842
981,-0.118136,0.919698
982,-0.108017,0.906109
983,-0.097175,0.893071
984,-0.085576,0.880718
985,-0.073292,0.869047
986,-0.060407,0.858021
987,-0.047153,0.847760
988,-0.033070,0.838337
989,-0.018514,0.829677
990,-0.003454,0.821924
991,0.012025,0.815037
992,0.027872,0.809042
993,0.044027,0.803934
994,0.060453,0.799785
995,0.077088,0.796571
996,0.093881,0.794307
997,0.110782,0.792991
998,0.127723,0.792656
999,0.144655,0.793269
1000,0.161528,0.794848
1001,0.178283,0.797412
1002,0.194764,0.800723
1003,0.211116,0.805162
1004,0.227184,0.810501
1005,0.242919,0.816763
1006,0.258296,0.823902
1007,0.273228,0.831907
1008,0.287764,0.840611
1009,0.301686,0.850266
1010,0.315049,0.860647
1011,0.327784,0.871814
1012,0.339862,0.883685
1013,0.351243,0.896245
1014,0.361970,0.909357
1015,0.371858,0.923116
1016,0.380952,0.937408
1017,0.389211,0.952202
1018,0.396621,0.967436
1019,0.403249,0.982879
1020,0.408898,0.998858
1021,0.413608,1.015134
1022,0.417390,1.031647
1023,0.420222,1.048354
1024,0.422141,1.065207
1025,0.422986,1.081887
1026,0.424227,1.094860
1027,0.424915,1.107216
1028,0.424059,1.122308
1029,0.421486,1.138394
1030,0.417861,1.154454
1031,0.413293,1.170314
1032,0.407818,1.185898
1033,0.401450,1.201149
1034,0.394254,1.216017
1035,0.386407,1.230260
1036,0.377701,1.244129
1037,0.368066,1.257541
1038,0.357688,1.270387
1039,0.346602,1.282622
1040,0.334811,1.294213
1041,0.322398,1.305109
1042,0.309387,1.315286
1043,0.295765,1.324695
1044,0.281667,1.333326
1045,0.267085,1.341138
1046,0.252143,1.348110
1047,0.236808,1.354223
1048,0.221141,1.359456
1049,0.205210,1.363797
1050,0.189269,1.367253
1051,0.173117,1.369810
1052,0.156698,1.371379
1053,0.140196,1.371992
1054,0.123667,1.371664
1055,0.107191,1.370406
1056,0.090816,1.368173
1057,0.074588,1.365076
1058,0.058578,1.361037
1059,0.042813,1.356089
1060,0.027353,1.350249
1061,0.012276,1.343538
1062,-0.002417,1.336010
1063,-0.016657,1.327636
1064,-0.030288,1.318605
1065,-0.043414,1.308789
1066,-0.056010,1.298149
1067,-0.067991,1.286767
1068,-0.079300,1.274736
1069,-0.089910,1.262072
1070,-0.099783,1.248805
1071,-0.108887,1.235014
1072,-0.117191,1.220735
1073,-0.124654,1.205968
1074,-0.131279,1.190838
1075,-0.137029,1.175382
1076,-0.141958,1.159657
1077,-0.145929,1.143648
1078,-0.149018,1.127619
1079,-0.151201,1.111434
1080,-0.152406,1.095008
1081,-0.152657,1.078508
1082,-0.151968,1.062032
1083,-0.156618,1.056693
1084,-0.161161,1.052312
1085,-0.164798,1.046983
1086,-0.167738,1.040941
1087,-0.170083,1.034462
1088,-0.171859,1.027711
1089,-0.173134,1.020820
1090,-0.173944,1.013978
1091,-0.174422,1.007434
1092,-0.174611,1.001408
1093,-0.174148,0.995754
1094,-0.172092,0.987422
1095,-0.169367,0.979768
1096,-0.166499,0.972834
1097,-0.164041,0.966647
1098,-0.162377,0.961270
1099,-0.161221,0.956557
1100,-0.161093,0.956005
1101,-0.161093,0.956005
1102,-0.157148,0.960154
1103,-0.148816,0.967922
1104,-0.134643,0.974952
1105,-0.130258,0.976779
1106,-0.121714,0.985557
1107,-0.110876,0.998646
1108,-0.108352,1.001740
1109,-0.108352,1.001740
1110,-0.108352,1.001740
1111,-0.108352,1.001740
1112,-0.108352,1.001740
1113,-0.108352,1.001740
1114,-0.108352,1.001740
1115,-0.108352,1.001740
1116,-0.116823,0.992891
1117,-0.127552,0.979712
1118,-0.137471,0.965909
1119,-0.146589,0.951564
1120,-0.154876,0.936724
1121,-0.162305,0.921436
1122,-0.168853,0.905750
1123,-0.174497,0.889717
1124,-0.179220,0.873389
1125,-0.183007,0.856819
1126,-0.185844,0.840060
1127,-0.187724,0.823166
1128,-0.189886,0.806556
1129,-0.189850,0.789579
1130,-0.188865,0.772623
1131,-0.186883,0.755741
1132,-0.184965,0.738982
1133,-0.181220,0.722485
1134,-0.180119,0.717865
1135,-0.180621,0.716689
1136,-0.181499,0.715453
1137,-0.180561,0.715593
1138,-0.177894,0.714511
1139,-0.174435,0.712885
1140,-0.170762,0.711349
1141,-0.166897,0.709978
1142,-0.162768,0.708805
1143,-0.158711,0.707883
1144,-0.154607,0.707181
1145,-0.150470,0.706708
1146,-0.146311,0.706471
1147,-0.142064,0.706495
1148,-0.137866,0.706627
1149,-0.133771,0.707079
1150,-0.129524,0.707837
1151,-0.125470,0.708813
1152,-0.121470,0.710002
1153,-0.117542,0.711412
1154,-0.113700,0.713042
1155,-0.109955,0.714887
1156,-0.106275,0.717012
1157,-0.104733,0.721210
1158,-0.103096,0.725177
1159,-0.100807,0.728903
1160,-0.098164,0.732137
1161,-0.095373,0.735249
1162,-0.092585,0.738405
1163,-0.090067,0.741686
1164,-0.087723,0.745135
1165,-0.085574,0.748721
1166,-0.083596,0.752511
1167,-0.081851,0.756320
1168,-0.080271,0.760376
1169,-0.079012,0.764404
1170,-0.077973,0.768467
1171,-0.077075,0.772587
1172,-0.076472,0.776702
1173,-0.076130,0.780865
1174,-0.076027,0.785055
1175,-0.076202,0.789329
1176,-0.076533,0.793539
1177,-0.077136,0.797695
1178,-0.078043,0.801959
1179,-0.079152,0.806014
1180,-0.080474,0.810003
1181,-0.081931,0.813923
1182,-0.083686,0.817722
1183,-0.085663,0.821427
1184,-0.087851,0.825018
1185,-0.090306,0.828540
1186,-0.092879,0.831881
1187,-0.095776,0.835157
1188,-0.098739,0.838150
1189,-0.101795,0.841042
1190,-0.105046,0.843674
1191,-0.108463,0.846125
1192,-0.112020,0.848381
1193,-0.115701,0.850433
1194,-0.119584,0.852289
1195,-0.121835,0.859062
1196,-0.122461,0.866422
1197,-0.123802,0.871311
1198,-0.125403,0.875265
1199,-0.127257,0.878850
1200,-0.129319,0.882240
1201,-0.131571,0.885480
1202,-0.134004,0.888579
1203,-0.136610,0.891533
1204,-0.139740,0.894006
1205,-0.142720,0.896669
1206,-0.145761,0.899145
1207,-0.148955,0.901427
1208,-0.152278,0.903519
1209,-0.155717,0.905418
1210,-0.159260,0.907118
1211,-0.162894,0.908613
1212,-0.166609,0.909899
1213,-0.170437,0.911030
1214,-0.174265,0.911904
1215,-0.178142,0.912542
1216,-0.182051,0.912953
1217,-0.185979,0.913139
1218,-0.189912,0.913101
1219,-0.193853,0.912769
1220,-0.197839,0.912309
1221,-0.201710,0.911633
1222,-0.205532,0.910716
1223,-0.209294,0.909577
1224,-0.212985,0.908223
1225,-0.216594,0.906660
1226,-0.220107,0.904678
1227,-0.223505,0.902699
1228,-0.226870,0.900563
1229,-0.230028,0.898235
1230,-0.233045,0.895722
1231,-0.235913,0.893037
1232,-0.238624,0.890193
1233,-0.241070,0.887023
1234,-0.243428,0.883859
1235,-0.245609,0.880587
1236,-0.247685,0.877187
1237,-0.249488,0.873706
1238,-0.251082,0.870120
1239,-0.252467,0.866447
1240,-0.253552,0.862591
1241,-0.254415,0.858760
1242,-0.255142,0.854893
1243,-0.255685,0.850937
1244,-0.254345,0.846777
1245,-0.244617,0.841127
1246,-0.232674,0.836273
1247,-0.219783,0.832311
1248,-0.206375,0.829178
1249,-0.192824,0.826803
1250,-0.179147,0.825176
1251,-0.165175,0.824422
1252,-0.151117,0.824447
1253,-0.137030,0.825286
1254,-0.122923,0.826961
1255,-0.108965,0.829422
1256,-0.095192,0.832603
1257,-0.081618,0.836520
1258,-0.068182,0.841239
1259,-0.055235,0.846487
1260,-0.042459,0.852522
1261,-0.029992,0.859331
1262,-0.017958,0.866706
1263,-0.006374,0.874641
1264,0.004852,0.883153
1265,0.015549,0.892202
1266,0.025815,0.901794
1267,0.035507,0.911743
1268,0.044752,0.922036
1269,0.053383,0.932324
1270,0.061584,0.942924
1271,0.069359,0.953486
1272,0.076720,0.963898
1273,0.083754,0.973924
1274,0.090532,0.983495
1275,0.097147,0.992308
1276,0.103746,1.000097
1277,0.110246,1.006620
1278,0.116611,1.011768
1279,0.122639,1.015589
1280,0.128035,1.018656
1281,0.132542,1.021032
1282,0.136320,1.023245
1283,0.138749,1.033446
1284,0.138535,1.049531
1285,0.136579,1.065761
1286,0.133479,1.081631
1287,0.129448,1.097430
1288,0.124477,1.112973
1289,0.118654,1.128003
1290,0.111983,1.142683
1291,0.104327,1.156891
1292,0.095901,1.170704
1293,0.086878,1.184148
1294,0.077155,1.197059
1295,0.066753,1.209378
1296,0.055691,1.221071
1297,0.044008,1.232102
1298,0.031748,1.242439
1299,0.018948,1.252099
1300,0.005683,1.260946
1301,-0.008030,1.269026
1302,-0.022021,1.276226
1303,-0.036377,1.282388
1304,-0.051073,1.288036
1305,-0.066003,1.292858
1306,-0.081108,1.296804
1307,-0.096360,1.299888
1308,-0.111656,1.302083
1309,-0.126956,1.303431
1310,-0.142202,1.303926
1311,-0.157349,1.303609
1312,-0.172326,1.302390
1313,-0.187074,1.300374
1314,-0.201532,1.297552
1315,-0.214454,1.294695
1316,-0.217122,1.294216
1317,-0.217122,1.294216
1318,-0.217003,1.284469
1319,-0.216817,1.272196
1320,-0.216601,1.270639
1321,-0.214706,1.260010
1322,-0.216683,1.258566
1323,-0.216740,1.256500
1324,-0.216908,1.253037
1325,-0.217240,1.248431
1326,-0.217240,1.247721
1327,-0.209854,1.243563
1328,-0.197541,1.237517
1329,-0.195477,1.230581
1330,-0.204231,1.224374
1331,-0.212472,1.217987
1332,-0.220142,1.211289
1333,-0.225507,1.202812
1334,-0.229414,1.194234
1335,-0.232473,1.185583
1336,-0.234868,1.176825
1337,-0.236746,1.167990
1338,-0.238086,1.159071
1339,-0.238936,1.150080
1340,-0.239149,1.141045
1341,-0.238884,1.132068
1342,-0.238141,1.123089
1343,-0.236838,1.114186
1344,-0.235079,1.105385
1345,-0.232774,1.096667
1346,-0.229985,1.088102
1347,-0.226700,1.079713
1348,-0.222946,1.071590
1349,-0.218769,1.063575
1350,-0.214160,1.055852
1351,-0.209061,1.048438
1352,-0.203587,1.041283
1353,-0.197705,1.034490
1354,-0.191472,1.027990
1355,-0.184846,1.021898
1356,-0.177879,1.016218
1357,-0.170578,1.010945
1358,-0.163045,1.006055
1359,-0.155235,1.001580
1360,-0.147183,0.997550
1361,-0.138888,0.993989
1362,-0.130420,0.990955
1363,-0.121796,0.988441
1364,-0.113036,0.986394
1365,-0.104170,0.984864
1366,-0.095233,0.983796
1367,-0.086230,0.983224
1368,-0.077262,0.983243
1369,-0.068271,0.983684
1370,-0.059331,0.984714
1371,-0.050453,0.986187
1372,-0.041662,0.988153
1373,-0.032998,0.990615
1374,-0.024491,0.993594
1375,-0.016176,0.997026
1376,-0.008076,1.000977
1377,-0.000212,1.005339
1378,0.007419,1.010130
1379,0.014755,1.015409
1380,0.021734,1.021050
1381,0.028403,1.027076
1382,0.034751,1.033472
1383,0.040636,1.040291
1384,0.046204,1.047349
1385,0.051287,1.054793
1386,0.055204,1.062512
1387,0.059312,1.070424
1388,0.063139,1.078563
1389,0.066489,1.086935
1390,0.069348,1.095464
1391,0.071753,1.104129
1392,0.073650,1.112925
1393,0.074990,1.121878
1394,0.075849,1.130808
1395,0.076210,1.139808
1396,0.076045,1.148792
1397,0.075357,1.157773
1398,0.074141,1.166689
1399,0.072446,1.175505
1400,0.070186,1.184224
1401,0.067426,1.192767
1402,0.064244,1.201159
1403,0.060491,1.209332
1404,0.056366,1.217309
1405,0.051779,1.225048
1406,0.046740,1.232513
1407,0.041093,1.239128
1408,0.035156,1.245848
1409,0.028907,1.252306
1410,0.022351,1.258460
1411,0.015432,1.264214
1412,0.008209,1.269597
1413,0.000672,1.274527
1414,-0.007117,1.279056
1415,-0.015152,1.283110
1416,-0.023455,1.286680
1417,-0.031918,1.289669
1418,-0.040518,1.292233
1419,-0.049274,1.294331
1420,-0.058142,1.295889
1421,-0.067082,1.296960
1422,-0.076081,1.297525
1423,-0.085104,1.297564
1424,-0.094050,1.296983
1425,-0.102995,1.295946
1426,-0.111869,1.294406
1427,-0.120654,1.292371
1428,-0.128780,1.289306
1429,-0.137226,1.286231
1430,-0.145535,1.282678
1431,-0.153640,1.278698
1432,-0.161461,1.274202
1433,-0.169040,1.269267
1434,-0.176361,1.263888
1435,-0.183302,1.258059
1436,-0.189928,1.251842
1437,-0.196212,1.245233
1438,-0.202085,1.238245
1439,-0.207513,1.230893
1440,-0.212456,1.223227
1441,-0.217001,1.215250
1442,-0.221100,1.207031
1443,-0.224684,1.198528
1444,-0.227654,1.189812
1445,-0.230197,1.180883
1446,-0.231837,1.171928
1447,-0.233186,1.163186
1448,-0.234242,1.154654
1449,-0.234928,1.146090
1450,-0.236819,1.139134
1451,-0.238649,1.132322
1452,-0.239006,1.125071
1453,-0.238688,1.118215
1454,-0.238763,1.117114
1455,-0.238763,1.117114
1456,-0.238763,1.117114
1457,-0.238763,1.117114
1458,-0.238763,1.117114
1459,-0.238763,1.117114
1460,-0.238763,1.117114
1461,-0.238795,1.117485
1462,-0.239103,1.119029
1463,-0.239131,1.119136
1464,-0.239854,1.121281
1465,-0.240281,1.123348
1466,-0.246974,1.119238
1467,-0.254142,1.115003
1468,-0.263189,1.112885
1469,-0.273410,1.111037
1470,-0.283742,1.108355
1471,-0.289882,1.106521
1472,-0.293539,1.105346
1473,-0.297564,1.104862
1474,-0.304288,1.108722
1475,-0.310871,1.112386
1476,-0.317600,1.115661
1477,-0.324479,1.118519
1478,-0.331483,1.120953
1479,-0.338587,1.122956
1480,-0.345765,1.124526
1481,-0.352991,1.125661
1482,-0.360239,1.126360
1483,-0.367482,1.126625
1484,-0.374696,1.126459
1485,-0.381854,1.125866
1486,-0.388931,1.124852
1487,-0.395904,1.123424
1488,-0.402748,1.121591
1489,-0.409440,1.119363
1490,-0.415957,1.116752
1491,-0.422278,1.113770
1492,-0.428382,1.110431
1493,-0.434248,1.106750
1494,-0.439488,1.102782
1495,-0.444828,1.098492
1496,-0.449879,1.093914
1497,-0.454626,1.089065
1498,-0.459054,1.083964
1499,-0.463150,1.078632
1500,-0.466902,1.073089
1501,-0.470300,1.067358
1502,-0.473334,1.061461
1503,-0.475997,1.055420
1504,-0.478283,1.049259
1505,-0.480186,1.043000
1506,-0.481703,1.036668
1507,-0.482833,1.030285
1508,-0.483573,1.023875
1509,-0.483926,1.017462
1510,-0.483893,1.011069
1511,-0.483477,1.004718
1512,-0.482684,0.998433
1513,-0.481519,0.992235
1514,-0.479991,0.986147
1515,-0.478108,0.980189
1516,-0.475879,0.974382
1517,-0.473317,0.968745
1518,-0.470432,0.963298
1519,-0.467239,0.958059
1520,-0.463752,0.953045
1521,-0.459986,0.948272
1522,-0.455957,0.943756
1523,-0.451682,0.939511
1524,-0.447179,0.935551
1525,-0.442467,0.931886
1526,-0.437564,0.928528
1527,-0.432644,0.925826
1528,-0.427441,0.923099
1529,-0.422109,0.920701
1530,-0.416667,0.918640
1531,-0.411135,0.916920
1532,-0.405535,0.915545
1533,-0.399887,0.914517
1534,-0.394213,0.913837
1535,-0.388535,0.913503
1536,-0.382872,0.913515
1537,-0.377246,0.913870
1538,-0.371677,0.914562
1539,-0.366186,0.915587
1540,-0.360791,0.916938
1541,-0.355512,0.918607
1542,-0.350369,0.920585
1543,-0.345377,0.922863
1544,-0.340556,0.925429
1545,-0.335920,0.928271
1546,-0.331487,0.931377
1547,-0.327270,0.934732
1548,-0.323283,0.938323
1549,-0.319540,0.942133
1550,-0.316053,0.946147
1551,-0.312831,0.950347
1552,-0.309886,0.954718
1553,-0.307225,0.959240
1554,-0.304856,0.963897
1555,-0.302787,0.968668
1556,-0.301021,0.973536
1557,-0.299563,0.978481
1558,-0.298416,0.983485
1559,-0.297582,0.988527
1560,-0.297336,0.993336
1561,-0.297110,0.998381
1562,-0.297194,1.003407
1563,-0.297585,1.008397
1564,-0.298279,1.013332
1565,-0.299272,1.018194
1566,-0.300556,1.022964
1567,-0.302124,1.027627
1568,-0.303969,1.032165
1569,-0.306082,1.036561
1570,-0.308451,1.040801
1571,-0.311067,1.044869
1572,-0.313916,1.048751
1573,-0.316987,1.052435
1574,-0.320266,1.055907
1575,-0.323739,1.059156
1576,-0.327391,1.062171
1577,-0.331207,1.064943
1578,-0.335171,1.067464
1579,-0.339266,1.069724
1580,-0.343476,1.071718
1581,-0.347785,1.073439
1582,-0.352174,1.074885
1583,-0.356626,1.076050
1584,-0.361124,1.076933
1585,-0.365651,1.077533
1586,-0.370187,1.077848
1587,-0.375136,1.073274
1588,-0.378778,1.067488
1589,-0.381538,1.061716
1590,-0.383954,1.056339
1591,-0.385195,1.052169
1592,-0.385976,1.048232
1593,-0.386168,1.044104
1594,-0.386428,1.040148
1595,-0.386446,1.036174
1596,-0.385433,1.028405
1597,-0.383447,1.019298
1598,-0.381255,1.010517
1599,-0.379789,1.002065
1600,-0.380081,0.993753
1601,-0.381936,0.987184
1602,-0.384038,0.982887
1603,-0.386272,0.978958
1604,-0.388876,0.975080
1605,-0.391257,0.971258
1606,-0.393393,0.967337
1607,-0.395276,0.963310
1608,-0.396898,0.959189
1609,-0.398256,0.954992
1610,-0.399347,0.950734
1611,-0.400167,0.946432
1612,-0.400716,0.942104
1613,-0.400994,0.937766
1614,-0.401000,0.933436
1615,-0.400738,0.929128
1616,-0.400210,0.924861
1617,-0.399419,0.920651
1618,-0.398371,0.916512
1619,-0.397071,0.912462
1620,-0.395526,0.908514
1621,-0.393744,0.904684
1622,-0.391733,0.900986
1623,-0.389502,0.897433
1624,-0.387061,0.894037
1625,-0.384422,0.890813
1626,-0.381595,0.887770
1627,-0.378593,0.884919
1628,-0.375429,0.882271
1629,-0.372102,0.880207
1630,-0.368676,0.877990
1631,-0.365130,0.875999
1632,-0.361477,0.874241
1633,-0.357733,0.872720
1634,-0.353913,0.871441
1635,-0.350032,0.870408
1636,-0.346105,0.869624
1637,-0.342150,0.869090
1638,-0.338180,0.868807
1639,-0.334212,0.868774
1640,-0.330261,0.868991
1641,-0.326343,0.869455
1642,-0.322473,0.870163
1643,-0.318667,0.871111
1644,-0.314937,0.872293
1645,-0.311300,0.873705
1646,-0.307769,0.875339
1647,-0.304357,0.877188
1648,-0.301078,0.879243
1649,-0.297943,0.881496
1650,-0.294964,0.883935
1651,-0.292152,0.886552
1652,-0.289518,0.889334
1653,-0.287071,0.892271
1654,-0.284820,0.895348
1655,-0.282773,0.898555
1656,-0.280938,0.901877
1657,-0.279320,0.905300
1658,-0.277925,0.908812
1659,-0.276758,0.912396
1660,-0.275823,0.916040
1661,-0.275486,0.919653
1662,-0.275016,0.923349
1663,-0.274782,0.927059
1664,-0.274783,0.930770
1665,-0.275020,0.934466
1666,-0.275490,0.938132
1667,-0.276190,0.941754
1668,-0.277117,0.945318
1669,-0.278266,0.948810
1670,-0.279632,0.952216
1671,-0.281210,0.955523
1672,-0.282991,0.958717
1673,-0.284968,0.961787
1674,-0.287134,0.964721
1675,-0.289477,0.967507
1676,-0.291990,0.970134
1677,-0.294660,0.972593
1678,-0.297477,0.974875
1679,-0.300430,0.976969
1680,-0.303506,0.978870
1681,-0.306693,0.980569
1682,-0.309977,0.982060
1683,-0.313346,0.983338
1684,-0.316785,0.984398
1685,-0.320281,0.985236
1686,-0.323820,0.985850
1687,-0.327387,0.986237
1688,-0.330968,0.986397
1689,-0.334550,0.986329
1690,-0.338116,0.986033
1691,-0.341654,0.985512
1692,-0.345149,0.984767
1693,-0.348431,0.983464
1694,-0.351780,0.982294
1695,-0.355045,0.980913
1696,-0.358215,0.979329
1697,-0.361276,0.977547
1698,-0.364216,0.975575
1699,-0.367024,0.973421
1700,-0.369688,0.971094
1701,-0.372198,0.968603
1702,-0.374545,0.965959
1703,-0.376718,0.963171
1704,-0.378709,0.960252
1705,-0.380510,0.957212
1706,-0.382115,0.954065
1707,-0.383517,0.950823
1708,-0.384710,0.947498
1709,-0.385690,0.944104
1710,-0.386453,0.940654
1711,-0.386996,0.937163
1712,-0.387316,0.933643
1713,-0.387413,0.930110
1714,-0.387285,0.926577
1715,-0.386934,0.923058
1716,-0.386361,0.919567
1717,-0.385567,0.916119
1718,-0.384557,0.912726
1719,-0.383333,0.909402
1720,-0.381901,0.906161
1721,-0.380266,0.903016
1722,-0.378434,0.899978
1723,-0.376413,0.897060
1724,-0.374211,0.894275
1725,-0.371835,0.891632
1726,-0.369029,0.889403
1727,-0.366350,0.887091
1728,-0.363528,0.884951
1729,-0.360574,0.882992
1730,-0.357500,0.881221
1731,-0.354317,0.879647
1732,-0.351039,0.878275
1733,-0.347677,0.877111
1734,-0.344245,0.876160
1735,-0.340757,0.875426
1736,-0.337225,0.874912
1737,-0.333665,0.874621
1738,-0.330089,0.874555
1739,-0.326511,0.874714
1740,-0.322947,0.875097
1741,-0.319409,0.875704
1742,-0.315912,0.876533
1743,-0.312470,0.877582
1744,-0.309095,0.878845
1745,-0.305802,0.880320
1746,-0.302604,0.882000
1747,-0.299512,0.883880
1748,-0.296540,0.885953
1749,-0.293700,0.888211
1750,-0.291002,0.890646
1751,-0.288458,0.893248
1752,-0.286077,0.896009
1753,-0.283871,0.898917
1754,-0.281847,0.901962
1755,-0.280014,0.905133
1756,-0.278379,0.908417
1757,-0.276950,0.911803
1758,-0.276048,0.915475
1759,-0.275058,0.919006
1760,-0.274289,0.922599
1761,-0.273743,0.926240
1762,-0.273424,0.929914
1763,-0.273334,0.933607
1764,-0.273474,0.937306
1765,-0.273845,0.940995
1766,-0.274444,0.944661
1767,-0.275272,0.948290
1768,-0.276325,0.951868
1769,-0.277600,0.955380
1770,-0.279094,0.958812
1771,-0.280800,0.962153
1772,-0.282714,0.965388
1773,-0.284828,0.968504
1774,-0.287135,0.971490
1775,-0.289628,0.974333
1776,-0.292297,0.977022
1777,-0.295133,0.979546
1778,-0.298126,0.981895
1779,-0.301264,0.984060
1780,-0.304536,0.986032
1781,-0.307931,0.987801
1782,-0.311436,0.989362
1783,-0.315038,0.990707
1784,-0.318724,0.991830
1785,-0.322481,0.992725
1786,-0.326293,0.993390
1787,-0.330148,0.993821
1788,-0.334030,0.994014
1789,-0.337925,0.993968
1790,-0.341939,0.993330
1791,-0.345797,0.992799
1792,-0.349626,0.992032
1793,-0.353409,0.991028
1794,-0.357132,0.989792
1795,-0.360781,0.988328
1796,-0.364341,0.986638
1797,-0.367800,0.984730
1798,-0.371143,0.982609
1799,-0.374357,0.980282
