0,-0.131239,-0.527446
1,-0.131239,-0.527446
2,-0.118993,-0.527751
3,-0.102025,-0.526810
4,-0.085141,-0.524851
5,-0.068395,-0.521934
6,-0.051843,-0.518069
7,-0.035537,-0.513269
8,-0.019531,-0.507549
9,-0.003877,-0.500927
10,0.011376,-0.493425
11,0.015626,-0.491305
12,0.023554,-0.481966
13,0.033477,-0.468170
14,0.042556,-0.453800
15,0.050801,-0.438937
16,0.058188,-0.423628
17,0.064692,-0.407924
18,0.070292,-0.391876
19,0.074970,-0.375534
20,0.078710,-0.358953
21,0.081501,-0.342187
22,0.083333,-0.325288
23,0.084201,-0.308313
24,0.084102,-0.291316
25,0.083036,-0.274352
26,0.081007,-0.257476
27,0.078020,-0.240743
28,0.074087,-0.224206
29,0.069219,-0.207921
30,0.067832,-0.203378
31,0.059938,-0.194011
32,0.047979,-0.181937
33,0.035313,-0.170601
34,0.022023,-0.160004
35,0.008152,-0.150181
36,0.004260,-0.147458
37,0.004260,-0.147458
38,0.004260,-0.147458
39,0.004260,-0.147458
40,0.004260,-0.147458
41,0.004260,-0.147458
42,0.005731,-0.159619
43,0.009119,-0.176272
44,0.013502,-0.192695
45,0.014753,-0.197277
46,0.014753,-0.197277
47,0.014753,-0.197277
48,0.014753,-0.197277
49,0.026657,-0.194384
50,0.042795,-0.189059
51,0.058587,-0.182773
52,0.073996,-0.175599
53,0.088972,-0.167559
54,0.103467,-0.158680
55,0.117432,-0.148991
56,0.130824,-0.138523
57,0.143598,-0.127310
58,0.148151,-0.122434
59,0.152150,-0.115567
60,0.157358,-0.105446
61,0.162432,-0.093852
62,0.167852,-0.080855
63,0.173935,-0.066592
64,0.180958,-0.051374
65,0.187499,-0.035685
66,0.193136,-0.019650
67,0.197852,-0.003320
68,0.201632,0.013252
69,0.204462,0.030013
70,0.206334,0.046907
71,0.207242,0.063880
72,0.207183,0.080877
73,0.206157,0.097844
74,0.204167,0.114725
75,0.201220,0.131465
76,0.197325,0.148010
77,0.192495,0.164307
78,0.186746,0.180303
79,0.185114,0.184763
80,0.176720,0.193686
81,0.164121,0.205089
82,0.150856,0.215717
83,0.137008,0.225573
84,0.122621,0.234625
85,0.107743,0.242844
86,0.103572,0.245118
87,0.103572,0.245118
88,0.103572,0.245118
89,0.103572,0.245118
90,0.103572,0.245118
91,0.101770,0.233001
92,0.100627,0.216045
93,0.100505,0.199048
94,0.101350,0.182072
95,0.103160,0.165171
96,0.105928,0.148400
97,0.106729,0.143718
98,0.106729,0.143718
99,0.106729,0.143718
100,0.106729,0.143718
101,0.106729,0.143718
102,0.117355,0.149812
103,0.131372,0.159421
104,0.144788,0.169858
105,0.157589,0.181041
106,0.169732,0.192934
107,0.177307,0.197633
108,0.181052,0.194662
109,0.184944,0.191868
110,0.188976,0.189260
111,0.193139,0.186844
112,0.197425,0.184626
113,0.201825,0.182614
114,0.206328,0.180812
115,0.210926,0.179227
116,0.215608,0.177864
117,0.220364,0.176727
118,0.225184,0.175821
119,0.230055,0.175149
120,0.234969,0.174714
121,0.239912,0.174520
122,0.245377,0.164244
123,0.253359,0.150197
124,0.262306,0.136326
125,0.272042,0.122979
126,0.282525,0.110208
127,0.293719,0.098055
128,0.305589,0.086559
129,0.318097,0.075758
130,0.331200,0.065686
131,0.344858,0.056377
132,0.358622,0.048156
133,0.373229,0.040446
134,0.388264,0.033578
135,0.403667,0.027578
136,0.419389,0.022465
137,0.435378,0.018256
138,0.451582,0.014966
139,0.467948,0.012604
140,0.484424,0.011180
141,0.500955,0.010697
142,0.517488,0.011157
143,0.533970,0.012559
144,0.550345,0.014898
145,0.566563,0.018167
146,0.582568,0.022356
147,0.598309,0.027451
148,0.613736,0.033435
149,0.628798,0.040290
150,0.643445,0.047993
151,0.657631,0.056518
152,0.671309,0.065840
153,0.684012,0.075659
154,0.696546,0.086451
155,0.708453,0.097949
156,0.719686,0.110109
157,0.730209,0.122891
158,0.739986,0.136253
159,0.748986,0.150151
160,0.757180,0.164541
161,0.764541,0.179376
162,0.771045,0.194608
163,0.776670,0.210187
164,0.781398,0.226062
165,0.785214,0.242182
166,0.788105,0.258495
167,0.790062,0.274947
168,0.791077,0.291486
169,0.791149,0.308057
170,0.790275,0.324606
171,0.788459,0.341079
172,0.785707,0.357424
173,0.782027,0.373586
174,0.777514,0.389031
175,0.772044,0.404661
176,0.765686,0.419969
177,0.758494,0.434909
178,0.750498,0.449416
179,0.741658,0.463423
180,0.732028,0.476903
181,0.721643,0.489812
182,0.710538,0.502108
183,0.698749,0.513752
184,0.686314,0.524707
185,0.673274,0.534935
186,0.659672,0.544403
187,0.645551,0.553082
188,0.630957,0.560942
189,0.615937,0.567958
190,0.600540,0.574107
191,0.584817,0.579368
192,0.568818,0.583725
193,0.552596,0.587163
194,0.536203,0.589671
195,0.520183,0.591148
196,0.503624,0.591797
197,0.487042,0.591500
198,0.470502,0.590257
199,0.454059,0.588072
200,0.437763,0.584959
201,0.421660,0.581004
202,0.405832,0.576088
203,0.390311,0.570268
204,0.375146,0.563570
205,0.360387,0.556018
206,0.346081,0.547636
207,0.332276,0.538451
208,0.319015,0.528493
209,0.306342,0.517795
210,0.294299,0.506391
211,0.286813,0.496136
212,0.281766,0.486911
213,0.278099,0.478805
214,0.275656,0.472189
215,0.274299,0.467537
216,0.275958,0.464397
217,0.277392,0.459973
218,0.274381,0.454968
219,0.269839,0.449063
220,0.264542,0.441118
221,0.258918,0.434153
222,0.255938,0.430380
223,0.254904,0.425724
224,0.255474,0.421365
225,0.256881,0.418114
226,0.260570,0.415543
227,0.259871,0.409001
228,0.258032,0.398024
229,0.256708,0.388003
230,0.255493,0.378383
231,0.254429,0.369002
232,0.249474,0.367599
233,0.246065,0.365650
234,0.245236,0.364403
235,0.238790,0.365528
236,0.225467,0.373311
237,0.210953,0.382157
238,0.195958,0.390162
239,0.180533,0.397302
240,0.176211,0.399273
241,0.176211,0.399273
242,0.176211,0.399273
243,0.176211,0.399273
244,0.176211,0.399273
245,0.175276,0.387059
246,0.175342,0.370065
247,0.176429,0.353102
248,0.176760,0.348364
249,0.176760,0.348364
250,0.176760,0.348364
251,0.188318,0.344303
252,0.204751,0.339973
253,0.221418,0.336638
254,0.238248,0.334257
255,0.255186,0.332837
256,0.272177,0.332383
257,0.289167,0.332897
258,0.306100,0.334377
259,0.310830,0.334817
260,0.310830,0.334817
261,0.310830,0.334817
262,0.310830,0.334817
263,0.310830,0.334817
264,0.305565,0.345878
265,0.305404,0.349520
266,0.307098,0.350495
267,0.308665,0.351647
268,0.310089,0.352962
269,0.311357,0.354428
270,0.312456,0.356030
271,0.313376,0.357754
272,0.314107,0.359584
273,0.314640,0.361503
274,0.314967,0.363496
275,0.315084,0.365545
276,0.314985,0.367631
277,0.314666,0.369737
278,0.314126,0.371845
279,0.313364,0.373935
280,0.312381,0.375990
281,0.311179,0.377991
282,0.309761,0.379919
283,0.308132,0.381757
284,0.306299,0.383487
285,0.304269,0.385091
286,0.302051,0.386554
287,0.299655,0.387858
288,0.297093,0.388988
289,0.294377,0.389931
290,0.291520,0.390672
291,0.288538,0.391199
292,0.285445,0.391499
293,0.282259,0.391563
294,0.278997,0.391382
295,0.275677,0.390946
296,0.272317,0.390249
297,0.268937,0.389286
298,0.265557,0.388053
299,0.262197,0.386547
300,0.258877,0.384766
301,0.255618,0.382710
302,0.252441,0.380382
303,0.249366,0.377785
304,0.246414,0.374923
305,0.243605,0.371802
306,0.240960,0.368429
307,0.238498,0.364815
308,0.236237,0.360968
309,0.234198,0.356902
310,0.232396,0.352629
311,0.230850,0.348163
312,0.229575,0.343522
313,0.228586,0.338720
314,0.227897,0.333777
315,0.227521,0.328711
316,0.227469,0.323543
317,0.227752,0.318294
318,0.228379,0.312985
319,0.229357,0.307640
320,0.230691,0.302280
321,0.232183,0.295779
322,0.235187,0.287792
323,0.236060,0.286165
324,0.246165,0.280373
325,0.261424,0.273103
326,0.261951,0.272650
327,0.265246,0.275380
328,0.265741,0.276212
329,0.270893,0.281630
330,0.280767,0.290999
331,0.285628,0.292215
332,0.288277,0.292293
333,0.287886,0.291852
334,0.287521,0.290826
335,0.290193,0.291557
336,0.294554,0.293220
337,0.297949,0.296275
338,0.299439,0.300984
339,0.298808,0.307428
340,0.296599,0.315164
341,0.292650,0.324135
342,0.286404,0.332873
343,0.284291,0.339780
344,0.284576,0.340261
345,0.281799,0.339316
346,0.271067,0.340981
347,0.254256,0.343776
348,0.238701,0.345344
349,0.226512,0.348006
350,0.220831,0.349918
351,0.217926,0.351207
352,0.217719,0.351354
353,0.217719,0.351354
354,0.212584,0.345424
355,0.201972,0.334894
356,0.190849,0.322579
357,0.180461,0.309515
358,0.170741,0.295873
359,0.161780,0.281700
360,0.153504,0.267235
361,0.145904,0.252334
362,0.139007,0.237101
363,0.132816,0.221548
364,0.128177,0.205322
365,0.125086,0.188574
366,0.123163,0.171562
367,0.122693,0.154230
368,0.123490,0.136867
369,0.125250,0.119477
370,0.128019,0.102184
371,0.131760,0.085048
372,0.136452,0.068207
373,0.141994,0.051511
374,0.148088,0.035062
375,0.155065,0.018972
376,0.162931,0.003429
377,0.171741,-0.011737
378,0.181353,-0.026410
379,0.192470,-0.040118
380,0.204583,-0.052962
381,0.217403,-0.065212
382,0.230891,-0.076703
383,0.245008,-0.087409
384,0.259664,-0.097217
385,0.274973,-0.106185
386,0.290707,-0.114326
387,0.306877,-0.121556
388,0.323360,-0.127783
389,0.340248,-0.133137
390,0.357410,-0.137516
391,0.374847,-0.140811
392,0.392309,-0.143153
393,0.409958,-0.144544
394,0.427659,-0.144925
395,0.445352,-0.144295
396,0.462898,-0.142620
397,0.480405,-0.139999
398,0.497748,-0.136227
399,0.514834,-0.131612
400,0.531523,-0.126031
401,0.547972,-0.119504
402,0.564024,-0.112049
403,0.579618,-0.103684
404,0.594711,-0.094438
405,0.609112,-0.084216
406,0.623049,-0.073324
407,0.636341,-0.061649
408,0.648843,-0.049205
409,0.660698,-0.036062
410,0.671701,-0.022317
411,0.682017,-0.007953
412,0.691441,0.007035
413,0.699938,0.022454
414,0.707624,0.038396
415,0.714404,0.054718
416,0.720235,0.071407
417,0.724997,0.088361
418,0.728729,0.105681
419,0.731551,0.122989
420,0.733414,0.140545
421,0.734306,0.158194
422,0.734184,0.175870
423,0.733053,0.193506
424,0.730927,0.211053
425,0.727799,0.228451
426,0.723624,0.245552
427,0.718531,0.262480
428,0.712499,0.279083
429,0.705555,0.295320
430,0.697491,0.310991
431,0.688700,0.326329
432,0.679044,0.341131
433,0.668547,0.355232
434,0.657298,0.368840
435,0.645291,0.381789
436,0.632574,0.393948
437,0.619178,0.405417
438,0.605140,0.416126
439,0.590113,0.426298
440,0.574375,0.435725
441,0.558444,0.445209
442,0.542383,0.454319
443,0.534140,0.461065
444,0.523261,0.467096
445,0.514518,0.473175
446,0.505975,0.473595
447,0.498043,0.472639
448,0.493910,0.473351
449,0.493473,0.470603
450,0.494152,0.464375
451,0.493529,0.455961
452,0.492476,0.450840
453,0.491953,0.448610
454,0.491912,0.448441
455,0.491912,0.448441
456,0.491912,0.448441
457,0.492941,0.447537
458,0.495610,0.445123
459,0.499031,0.442656
460,0.504350,0.441227
461,0.510347,0.439852
462,0.516495,0.438755
463,0.522701,0.437999
464,0.528939,0.437594
465,0.535188,0.437543
466,0.541429,0.437846
467,0.547641,0.438502
468,0.553804,0.439508
469,0.559900,0.440862
470,0.565907,0.442558
471,0.571808,0.444591
472,0.577582,0.446954
473,0.583212,0.449640
474,0.588680,0.452640
475,0.593968,0.455944
476,0.599059,0.459541
477,0.603937,0.463420
478,0.608587,0.467568
479,0.612993,0.471972
480,0.617142,0.476617
481,0.621720,0.482334
482,0.629357,0.494155
483,0.636760,0.507447
484,0.643520,0.521231
485,0.649518,0.535391
486,0.654708,0.549873
487,0.659066,0.564628
488,0.662578,0.579608
489,0.665232,0.594764
490,0.667017,0.610048
491,0.667930,0.625408
492,0.667962,0.640818
493,0.667129,0.656135
494,0.665407,0.671418
495,0.662818,0.686583
496,0.659370,0.701577
497,0.655075,0.716352
498,0.649944,0.730858
499,0.643996,0.745049
500,0.637248,0.758878
501,0.629724,0.772301
502,0.621448,0.785274
503,0.612445,0.797755
504,0.602746,0.809704
505,0.592382,0.821081
506,0.581387,0.831849
507,0.569796,0.841975
508,0.557647,0.851424
509,0.544978,0.860165
510,0.531833,0.868172
511,0.519643,0.872303
512,0.505661,0.874149
513,0.490526,0.874306
514,0.474589,0.873756
515,0.458903,0.873058
516,0.443689,0.873655
517,0.428649,0.875133
518,0.413395,0.875873
519,0.398135,0.875914
520,0.382840,0.875557
521,0.367536,0.874430
522,0.352304,0.872456
523,0.337204,0.869623
524,0.322287,0.865936
525,0.307604,0.861405
526,0.293319,0.856007
527,0.279133,0.849876
528,0.265402,0.842948
529,0.252106,0.835245
530,0.239275,0.826795
531,0.226947,0.817627
532,0.215160,0.807772
533,0.203954,0.797261
534,0.193365,0.786128
535,0.183426,0.774411
536,0.174171,0.762146
537,0.165628,0.749373
538,0.157814,0.736103
539,0.150791,0.722507
540,0.144556,0.708473
541,0.139129,0.694101
542,0.134527,0.679443
543,0.130768,0.664545
544,0.127864,0.649458
545,0.125823,0.634229
546,0.123245,0.624464
547,0.120046,0.622446
548,0.113659,0.623360
549,0.107124,0.615635
550,0.099918,0.610338
551,0.092533,0.608082
552,0.086283,0.607537
553,0.084506,0.613291
554,0.079544,0.614703
555,0.076175,0.611098
556,0.076937,0.603524
557,0.080268,0.596604
558,0.084287,0.590989
559,0.088644,0.585737
560,0.093291,0.580755
561,0.098582,0.576012
562,0.103758,0.571608
563,0.109171,0.567503
564,0.115814,0.562396
565,0.123476,0.557264
566,0.132118,0.553147
567,0.141819,0.550204
568,0.152625,0.548534
569,0.160905,0.547032
570,0.161894,0.546778
571,0.162325,0.549141
572,0.160057,0.551743
573,0.148990,0.543129
574,0.135587,0.532628
575,0.123186,0.521977
576,0.111772,0.511645
577,0.103697,0.501249
578,0.102396,0.502171
579,0.105249,0.509724
580,0.112920,0.522853
581,0.117555,0.534142
582,0.117767,0.536071
583,0.117175,0.536887
584,0.116759,0.537497
585,0.116605,0.537727
586,0.116478,0.538030
587,0.115986,0.543233
588,0.113356,0.553248
589,0.110375,0.563880
590,0.107415,0.574500
591,0.103385,0.584095
592,0.099715,0.595516
593,0.092868,0.605899
594,0.084082,0.614960
595,0.074540,0.623256
596,0.064342,0.632016
597,0.054997,0.641939
598,0.047263,0.655430
599,0.039000,0.670171
600,0.029910,0.684416
601,0.020024,0.698122
602,0.009372,0.711242
603,-0.001989,0.723727
604,-0.014045,0.735532
605,-0.026753,0.746645
606,-0.040075,0.757016
607,-0.053967,0.766610
608,-0.068383,0.775398
609,-0.083278,0.783350
610,-0.098606,0.790446
611,-0.114313,0.796651
612,-0.130348,0.801951
613,-0.146661,0.806328
614,-0.163196,0.809768
615,-0.179903,0.812255
616,-0.196724,0.813787
617,-0.213605,0.814358
618,-0.230500,0.813964
619,-0.247343,0.812607
620,-0.263463,0.808723
621,-0.278594,0.802317
622,-0.293254,0.797791
623,-0.296546,0.794236
624,-0.295513,0.788818
625,-0.294644,0.784294
626,-0.293572,0.779858
627,-0.292278,0.775481
628,-0.290760,0.771169
629,-0.289022,0.766933
630,-0.287065,0.762784
631,-0.284895,0.758732
632,-0.282516,0.754789
633,-0.279933,0.750966
634,-0.277153,0.747273
635,-0.274181,0.743721
636,-0.271024,0.740318
637,-0.267691,0.737076
638,-0.264188,0.734003
639,-0.260524,0.731107
640,-0.256708,0.728399
641,-0.252750,0.725885
642,-0.248627,0.723945
643,-0.244435,0.721844
644,-0.240131,0.719957
645,-0.235726,0.718292
646,-0.231230,0.716852
647,-0.227643,0.712481
648,-0.224848,0.703812
649,-0.221341,0.694911
650,-0.217033,0.686039
651,-0.211774,0.677271
652,-0.205701,0.668497
653,-0.198662,0.659631
654,-0.190575,0.650527
655,-0.181038,0.641211
656,-0.171233,0.632730
657,-0.165523,0.626413
658,-0.160840,0.622583
659,-0.156443,0.619668
660,-0.152159,0.617535
661,-0.147665,0.616060
662,-0.142086,0.615026
663,-0.134252,0.614265
664,-0.125386,0.611560
665,-0.113524,0.608585
666,-0.098211,0.606725
667,-0.086444,0.606634
668,-0.078827,0.608100
669,-0.071766,0.610523
670,-0.066028,0.613557
671,-0.060465,0.617413
672,-0.055219,0.621291
673,-0.052535,0.620219
674,-0.053144,0.615665
675,-0.058230,0.608921
676,-0.064659,0.608580
677,-0.072689,0.609322
678,-0.082306,0.605933
679,-0.084532,0.594117
680,-0.085304,0.583874
681,-0.085608,0.577923
682,-0.084787,0.573466
683,-0.081710,0.565731
684,-0.078833,0.554813
685,-0.075339,0.543295
686,-0.072116,0.533236
687,-0.069209,0.524973
688,-0.063137,0.515687
689,-0.054578,0.505321
690,-0.045370,0.495031
691,-0.035539,0.484902
692,-0.025019,0.474999
693,-0.013281,0.467002
694,-0.000530,0.460646
695,0.014649,0.464768
696,0.029290,0.472054
697,0.039325,0.471978
698,0.050389,0.469764
699,0.063771,0.468127
700,0.075891,0.464766
701,0.090102,0.461495
702,0.105296,0.458853
703,0.120884,0.456699
704,0.136828,0.455060
705,0.153115,0.453977
706,0.169728,0.453490
707,0.186644,0.453645
708,0.203832,0.454487
709,0.221252,0.456061
710,0.238855,0.458414
711,0.256573,0.461595
712,0.274295,0.465668
713,0.291781,0.470735
714,0.308951,0.476789
715,0.325749,0.483811
716,0.342120,0.491780
717,0.358011,0.500667
718,0.373370,0.510446
719,0.388147,0.521085
720,0.402296,0.532548
721,0.415768,0.544798
722,0.426607,0.558200
723,0.433122,0.571817
724,0.436853,0.585537
725,0.439710,0.599052
726,0.442263,0.612602
727,0.444506,0.626403
728,0.446408,0.640485
729,0.447939,0.654854
730,0.449069,0.669512
731,0.449765,0.684460
732,0.449993,0.699693
733,0.449717,0.715206
734,0.448900,0.730986
735,0.447506,0.747018
736,0.445494,0.763282
737,0.442828,0.779753
738,0.439468,0.796398
739,0.435375,0.813177
740,0.430510,0.830041
741,0.424838,0.846927
742,0.418323,0.863758
743,0.410912,0.880372
744,0.402568,0.896544
745,0.393317,0.912216
746,0.383187,0.927336
747,0.372212,0.941854
748,0.360428,0.955724
749,0.347873,0.968901
750,0.334587,0.981342
751,0.320613,0.993006
752,0.306062,1.003490
753,0.291278,1.012001
754,0.275909,1.020041
755,0.259966,1.027547
756,0.243475,1.034447
757,0.226474,1.040659
758,0.209082,1.045990
759,0.191650,1.049941
760,0.174044,1.052865
761,0.156219,1.054989
762,0.138182,1.056183
763,0.120037,1.056391
764,0.101908,1.055565
765,0.084187,1.053408
766,0.066921,1.049637
767,0.051523,1.045353
768,0.038105,1.044008
769,0.030416,1.048555
770,0.023606,1.051911
771,0.017502,1.054537
772,0.011997,1.056616
773,0.008016,1.059706
774,0.005660,1.063577
775,0.004151,1.067732
776,0.003307,1.072147
777,0.003120,1.076844
778,0.003699,1.081890
779,0.005246,1.087385
780,0.009841,1.089332
781,0.016545,1.088622
782,0.014750,1.088922
783,0.003738,1.088490
784,-0.007591,1.087174
785,-0.012642,1.091469
786,-0.015170,1.097026
787,-0.015578,1.097800
788,-0.015578,1.097800
789,-0.016019,1.097667
790,-0.017003,1.097811
791,-0.017841,1.098127
792,-0.018358,1.098366
793,-0.018358,1.098366
794,-0.018358,1.098366
795,-0.028449,1.091421
796,-0.041631,1.080696
797,-0.054147,1.069195
798,-0.065989,1.057001
799,-0.078814,1.044934
800,-0.090606,1.031931
801,-0.093622,1.028147
802,-0.089973,1.033550
803,-0.083549,1.041219
804,-0.077136,1.049473
805,-0.078391,1.049211
806,-0.087860,1.046690
807,-0.098566,1.043764
808,-0.105320,1.042118
809,-0.109951,1.041139
810,-0.114194,1.039679
811,-0.118523,1.038337
812,-0.122778,1.036770
813,-0.126951,1.034982
814,-0.131030,1.032976
815,-0.135004,1.030756
816,-0.138862,1.028328
817,-0.142593,1.025699
818,-0.146186,1.022874
819,-0.149631,1.019861
820,-0.152918,1.016667
821,-0.156038,1.013300
822,-0.158982,1.009770
823,-0.161740,1.006085
824,-0.164306,1.002254
825,-0.166670,0.998289
826,-0.168826,0.994198
827,-0.170767,0.989994
828,-0.172487,0.985687
829,-0.173981,0.981289
830,-0.175244,0.976811
831,-0.176271,0.972266
832,-0.177059,0.967666
833,-0.177604,0.963023
834,-0.177904,0.958351
835,-0.177958,0.953661
836,-0.177765,0.948968
837,-0.177323,0.944284
838,-0.176634,0.939621
839,-0.175698,0.934994
840,-0.174517,0.930415
841,-0.173094,0.925898
842,-0.171430,0.921454
843,-0.169281,0.917373
844,-0.167167,0.913129
845,-0.164829,0.908997
846,-0.162271,0.904987
847,-0.159499,0.901111
848,-0.156520,0.897381
849,-0.153342,0.893808
850,-0.149973,0.890402
851,-0.146422,0.887174
852,-0.142698,0.884133
853,-0.138811,0.881289
854,-0.134771,0.878651
855,-0.130589,0.876226
856,-0.126275,0.874024
857,-0.121843,0.872050
858,-0.117304,0.870311
859,-0.112669,0.868814
860,-0.107953,0.867563
861,-0.103168,0.866563
862,-0.098328,0.865818
863,-0.093445,0.865331
864,-0.088534,0.865105
865,-0.080825,0.861928
866,-0.069787,0.852895
867,-0.058201,0.843683
868,-0.045945,0.834918
869,-0.033120,0.826755
870,-0.019860,0.819335
871,-0.006138,0.812638
872,0.008006,0.806678
873,0.022500,0.801514
874,0.037320,0.797148
875,0.051997,0.793836
876,0.067133,0.791202
877,0.082926,0.789219
878,0.098888,0.788109
879,0.115060,0.787864
880,0.131255,0.788537
881,0.147568,0.790101
882,0.163797,0.792596
883,0.180109,0.795999
884,0.196196,0.800333
885,0.212299,0.805595
886,0.228061,0.811774
887,0.243567,0.818857
888,0.258845,0.826870
889,0.273777,0.835786
890,0.288263,0.845575
891,0.302002,0.856101
892,0.315209,0.867425
893,0.327866,0.879583
894,0.339818,0.892447
895,0.351012,0.905970
896,0.361239,0.919936
897,0.370548,0.934357
898,0.379034,0.949291
899,0.386887,0.964990
900,0.393837,0.981101
901,0.399416,0.996853
902,0.404487,1.013586
903,0.408591,1.030627
904,0.411733,1.047862
905,0.413880,1.065259
906,0.415041,1.082748
907,0.415206,1.100274
908,0.414369,1.117773
909,0.412549,1.135196
910,0.409739,1.152477
911,0.405956,1.169563
912,0.401228,1.186408
913,0.395564,1.202955
914,0.388957,1.219138
915,0.381471,1.234893
916,0.373043,1.250204
917,0.363814,1.264988
918,0.353776,1.279215
919,0.343637,1.291752
920,0.332566,1.304315
921,0.320468,1.316491
922,0.307649,1.327979
923,0.294260,1.338673
924,0.280434,1.348501
925,0.266388,1.357380
926,0.252177,1.365269
927,0.237951,1.372143
928,0.223847,1.377969
929,0.209990,1.382716
930,0.196461,1.386379
931,0.183154,1.390024
932,0.167956,1.395808
933,0.151329,1.399759
934,0.134361,1.402687
935,0.117174,1.404727
936,0.100276,1.406028
937,0.082855,1.406245
938,0.065361,1.405580
939,0.047886,1.403955
940,0.030473,1.401422
941,0.013219,1.398072
942,-0.003832,1.393832
943,-0.020613,1.388929
944,-0.037327,1.381959
945,-0.053654,1.372363
946,-0.069436,1.361666
947,-0.084598,1.350187
948,-0.099070,1.337772
949,-0.112516,1.325005
950,-0.125525,1.311094
951,-0.137694,1.296410
952,-0.149068,1.281129
953,-0.159510,1.265166
954,-0.169011,1.248623
955,-0.177647,1.231685
956,-0.185190,1.214135
957,-0.191737,1.196202
958,-0.197298,1.177950
959,-0.201759,1.159388
960,-0.205174,1.140617
961,-0.207508,1.122192
962,-0.208820,1.103165
963,-0.208994,1.084069
964,-0.208089,1.064996
965,-0.206146,1.046028
966,-0.203102,1.027189
967,-0.198946,1.008540
968,-0.193770,0.990187
969,-0.187524,0.972129
970,-0.180291,0.954454
971,-0.172044,0.937224
972,-0.162855,0.920488
973,-0.152702,0.904316
974,-0.141988,0.888966
975,-0.130307,0.874134
976,-0.117623,0.859888
977,-0.104083,0.846402
978,-0.089816,0.833704
979,-0.074834,0.821840
980,-0.059328,0.810779
981,-0.043090,0.800694
982,-0.026306,0.791551
983,-0.009066,0.783328
984,0.008650,0.776152
985,0.026750,0.769998
986,0.044795,0.764979
987,0.063194,0.760840
988,0.082065,0.757828
989,0.101036,0.755844
990,0.120124,0.755004
991,0.139233,0.755253
992,0.158297,0.756589
993,0.177258,0.758972
994,0.196050,0.762476
995,0.214611,0.767031
996,0.232885,0.772624
997,0.250793,0.779086
998,0.268320,0.786742
999,0.285388,0.795355
1000,0.301935,0.804944
1001,0.317915,0.815410
1002,0.332834,0.826430
1003,0.347524,0.838688
1004,0.361510,0.851661
1005,0.374717,0.865488
1006,0.387127,0.880057
1007,0.398674,0.895313
1008,0.409420,0.911070
1009,0.419153,0.927546
1010,0.427964,0.944461
1011,0.435765,0.961928
1012,0.442558,0.979812
1013,0.448315,0.998077
1014,0.453133,1.016533
1015,0.456790,1.035324
1016,0.459425,1.054251
1017,0.460919,1.073341
1018,0.461332,1.092481
1019,0.460713,1.111018
1020,0.459135,1.130035
1021,0.456304,1.148978
1022,0.452405,1.167725
1023,0.447443,1.186229
1024,0.441476,1.204432
1025,0.434460,1.222001
1026,0.427717,1.235422
1027,0.420402,1.247772
1028,0.411556,1.262401
1029,0.401036,1.277575
1030,0.389520,1.292270
1031,0.377156,1.306320
1032,0.364006,1.319653
1033,0.350086,1.332216
1034,0.335504,1.343962
1035,0.320803,1.354458
1036,0.305125,1.364416
1037,0.288752,1.373524
1038,0.271895,1.381695
1039,0.254600,1.388888
1040,0.236892,1.395088
1041,0.218893,1.400272
1042,0.200630,1.404427
1043,0.182117,1.407550
1044,0.163476,1.409602
1045,0.144754,1.410624
1046,0.126037,1.410532
1047,0.107333,1.409380
1048,0.088714,1.407164
1049,0.070263,1.403910
1050,0.052598,1.399728
1051,0.034798,1.394464
1052,0.017178,1.388123
1053,-0.000069,1.380785
1054,-0.016895,1.372468
1055,-0.033213,1.363222
1056,-0.048983,1.353042
1057,-0.064146,1.342013
1058,-0.078642,1.330116
1059,-0.092451,1.317422
1060,-0.105529,1.303960
1061,-0.117799,1.289804
1062,-0.129251,1.274954
1063,-0.139830,1.259447
1064,-0.149224,1.243835
1065,-0.157979,1.227446
1066,-0.165778,1.210405
1067,-0.172606,1.192902
1068,-0.178418,1.175054
1069,-0.183220,1.156909
1070,-0.187002,1.138497
1071,-0.189741,1.119933
1072,-0.191378,1.101221
1073,-0.191978,1.082431
1074,-0.191479,1.063654
1075,-0.189928,1.044966
1076,-0.187360,1.026420
1077,-0.183702,1.008024
1078,-0.179130,0.990407
1079,-0.173520,0.972724
1080,-0.166799,0.955229
1081,-0.159073,0.938113
1082,-0.150386,0.921475
1083,-0.147038,0.916432
1084,-0.143614,0.912801
1085,-0.139338,0.908673
1086,-0.134443,0.904284
1087,-0.129061,0.899898
1088,-0.123240,0.895678
1089,-0.117072,0.891746
1090,-0.110621,0.888282
1091,-0.104039,0.885524
1092,-0.097393,0.883681
1093,-0.090944,0.883034
1094,-0.085909,0.876478
1095,-0.079975,0.871389
1096,-0.073407,0.867603
1097,-0.067223,0.864820
1098,-0.062034,0.862904
1099,-0.057711,0.861520
1100,-0.057354,0.861216
1101,-0.057387,0.861155
1102,-0.057381,0.861151
1103,-0.057358,0.861136
1104,-0.063728,0.853414
1105,-0.076573,0.842286
1106,-0.088727,0.830404
1107,-0.100186,0.817850
1108,-0.110912,0.804664
1109,-0.120871,0.790890
1110,-0.130030,0.776571
1111,-0.138359,0.761754
1112,-0.145832,0.746487
1113,-0.152424,0.730820
1114,-0.154241,0.726431
1115,-0.154241,0.726431
1116,-0.154241,0.726431
1117,-0.154241,0.726431
1118,-0.154241,0.726431
1119,-0.142001,0.725927
1120,-0.125020,0.726591
1121,-0.108738,0.727611
1122,-0.103200,0.717318
1123,-0.100633,0.713812
1124,-0.099263,0.716224
1125,-0.097740,0.719408
1126,-0.095976,0.722762
1127,-0.087893,0.722875
1128,-0.081471,0.717669
1129,-0.076412,0.707161
1130,-0.070668,0.697132
1131,-0.063361,0.689236
1132,-0.054458,0.687257
1133,-0.045845,0.685009
1134,-0.044371,0.680607
1135,-0.045074,0.678675
1136,-0.043600,0.687641
1137,-0.041129,0.696703
1138,-0.037590,0.703582
1139,-0.033709,0.710216
1140,-0.030088,0.716696
1141,-0.026733,0.723322
1142,-0.023773,0.730188
1143,-0.021136,0.737144
1144,-0.018898,0.744227
1145,-0.017066,0.751424
1146,-0.015646,0.758712
1147,-0.014576,0.766122
1148,-0.014076,0.773647
1149,-0.013976,0.781051
1150,-0.014350,0.788508
1151,-0.015054,0.795921
1152,-0.016173,0.803266
1153,-0.017705,0.810532
1154,-0.019648,0.817698
1155,-0.021996,0.824743
1156,-0.024717,0.831727
1157,-0.029930,0.840467
1158,-0.035189,0.848518
1159,-0.040239,0.855785
1160,-0.044904,0.862281
1161,-0.049597,0.868233
1162,-0.054706,0.873876
1163,-0.059957,0.879116
1164,-0.065479,0.884078
1165,-0.071268,0.888728
1166,-0.077298,0.893127
1167,-0.083564,0.897090
1168,-0.090103,0.900617
1169,-0.096867,0.903875
1170,-0.103739,0.906718
1171,-0.110912,0.909112
1172,-0.118078,0.911088
1173,-0.125323,0.912687
1174,-0.132650,0.913886
1175,-0.140118,0.914728
1176,-0.147511,0.915107
1177,-0.154927,0.915047
1178,-0.162377,0.914479
1179,-0.169765,0.913571
1180,-0.177076,0.912247
1181,-0.184367,0.910356
1182,-0.191460,0.908185
1183,-0.198428,0.905626
1184,-0.205243,0.902677
1185,-0.211963,0.899375
1186,-0.218389,0.895689
1187,-0.224607,0.891529
1188,-0.230590,0.887109
1189,-0.236318,0.882184
1190,-0.241714,0.877100
1191,-0.246833,0.871726
1192,-0.251645,0.866071
1193,-0.256130,0.860152
1194,-0.260361,0.853955
1195,-0.262288,0.852339
1196,-0.262301,0.851446
1197,-0.262553,0.848192
1198,-0.262636,0.844283
1199,-0.262527,0.840105
1200,-0.262187,0.835854
1201,-0.261606,0.831601
1202,-0.260783,0.827379
1203,-0.259722,0.823208
1204,-0.258401,0.819136
1205,-0.256832,0.814992
1206,-0.255058,0.811091
1207,-0.253082,0.807282
1208,-0.250896,0.803586
1209,-0.248504,0.800019
1210,-0.245914,0.796592
1211,-0.243133,0.793318
1212,-0.240170,0.790206
1213,-0.236910,0.787231
1214,-0.233596,0.784503
1215,-0.230137,0.781950
1216,-0.226539,0.779593
1217,-0.222813,0.777442
1218,-0.218971,0.775505
1219,-0.215039,0.773721
1220,-0.210881,0.772235
1221,-0.206762,0.771022
1222,-0.202575,0.770023
1223,-0.198336,0.769256
1224,-0.194058,0.768731
1225,-0.189757,0.768448
1226,-0.185389,0.768376
1227,-0.181081,0.768571
1228,-0.176679,0.769118
1229,-0.172431,0.769838
1230,-0.168225,0.770789
1231,-0.164078,0.771976
1232,-0.160005,0.773395
1233,-0.155938,0.775064
1234,-0.152048,0.776908
1235,-0.148277,0.778991
1236,-0.144570,0.781431
1237,-0.141075,0.783957
1238,-0.137719,0.786671
1239,-0.134521,0.789570
1240,-0.131499,0.792717
1241,-0.128565,0.795933
1242,-0.125899,0.799318
1243,-0.123398,0.802991
1244,-0.119678,0.805908
1245,-0.107875,0.807769
1246,-0.094250,0.810654
1247,-0.080114,0.814528
1248,-0.066080,0.819295
1249,-0.052173,0.824910
1250,-0.038580,0.831265
1251,-0.025151,0.838451
1252,-0.012091,0.846418
1253,0.000551,0.855137
1254,0.012609,0.864468
1255,0.024239,0.874581
1256,0.035260,0.885251
1257,0.045677,0.896464
1258,0.055521,0.908337
1259,0.064509,0.920486
1260,0.072918,0.933207
1261,0.080570,0.946310
1262,0.087524,0.959823
1263,0.093712,0.973579
1264,0.099164,0.987640
1265,0.103820,1.001879
1266,0.107700,1.016204
1267,0.110801,1.030627
1268,0.113176,1.045031
1269,0.114729,1.059043
1270,0.115721,1.072812
1271,0.116033,1.086265
1272,0.115771,1.099141
1273,0.115019,1.111201
1274,0.114003,1.122301
1275,0.112666,1.132251
1276,0.111263,1.140696
1277,0.109729,1.147412
1278,0.108065,1.152288
1279,0.105940,1.155396
1280,0.103344,1.157147
1281,0.100006,1.157915
1282,0.096043,1.158078
1283,0.092381,1.166231
1284,0.084881,1.179565
1285,0.075736,1.192616
1286,0.065819,1.205002
1287,0.055006,1.216859
1288,0.043497,1.228097
1289,0.031420,1.238487
1290,0.019048,1.248374
1291,0.006053,1.257662
1292,-0.007456,1.266294
1293,-0.021319,1.274251
1294,-0.035571,1.281276
1295,-0.050318,1.287477
1296,-0.065378,1.292856
1297,-0.080696,1.297410
1298,-0.096223,1.301131
1299,-0.111788,1.304052
1300,-0.127567,1.306119
1301,-0.143429,1.307350
1302,-0.159216,1.307601
1303,-0.174916,1.307248
1304,-0.190674,1.306121
1305,-0.206325,1.304218
1306,-0.221829,1.301463
1307,-0.237019,1.298007
1308,-0.252098,1.293786
1309,-0.266899,1.288848
1310,-0.281389,1.283244
1311,-0.295543,1.277022
1312,-0.309333,1.270189
1313,-0.322710,1.262775
1314,-0.335648,1.254815
1315,-0.347531,1.248819
1316,-0.357072,1.248620
1317,-0.358728,1.253345
1318,-0.354105,1.258380
1319,-0.356054,1.261424
1320,-0.356139,1.262131
1321,-0.356139,1.262131
1322,-0.357083,1.261689
1323,-0.357083,1.261689
1324,-0.357083,1.261689
1325,-0.357083,1.261689
1326,-0.357083,1.261689
1327,-0.357083,1.261689
1328,-0.357083,1.261689
1329,-0.357083,1.261689
1330,-0.357083,1.261689
1331,-0.358188,1.249489
1332,-0.359065,1.232601
1333,-0.365444,1.216180
1334,-0.369904,1.199625
1335,-0.373065,1.182968
1336,-0.375106,1.166206
1337,-0.376175,1.149406
1338,-0.376254,1.132581
1339,-0.375396,1.115766
1340,-0.373453,1.099007
1341,-0.370598,1.082452
1342,-0.366843,1.066055
1343,-0.362097,1.049902
1344,-0.356131,1.034251
1345,-0.349599,1.018744
1346,-0.342196,1.003638
1347,-0.333934,0.988987
1348,-0.324865,0.974897
1349,-0.315034,0.961223
1350,-0.304460,0.948173
1351,-0.293095,0.935777
1352,-0.281086,0.924004
1353,-0.268415,0.912975
1354,-0.255164,0.902629
1355,-0.241310,0.893097
1356,-0.226926,0.884395
1357,-0.212042,0.876525
1358,-0.196801,0.869471
1359,-0.181168,0.863273
1360,-0.165209,0.857970
1361,-0.148941,0.853587
1362,-0.132467,0.850187
1363,-0.115828,0.848211
1364,-0.099100,0.846705
1365,-0.082304,0.846175
1366,-0.065506,0.846554
1367,-0.048731,0.847879
1368,-0.032116,0.850232
1369,-0.015622,0.853435
1370,0.000649,0.857654
1371,0.016669,0.862725
1372,0.032389,0.868690
1373,0.047742,0.875539
1374,0.062682,0.883283
1375,0.077146,0.891836
1376,0.091095,0.901256
1377,0.104489,0.911406
1378,0.117313,0.922291
1379,0.129487,0.933954
1380,0.140933,0.946247
1381,0.151685,0.959164
1382,0.161716,0.972672
1383,0.170875,0.986816
1384,0.178899,1.001523
1385,0.186392,1.016596
1386,0.192304,1.032172
1387,0.197939,1.047927
1388,0.202843,1.063984
1389,0.206820,1.080338
1390,0.209849,1.096864
1391,0.211970,1.113522
1392,0.213128,1.130282
1393,0.213273,1.147158
1394,0.212494,1.163916
1395,0.210774,1.180641
1396,0.208085,1.197228
1397,0.204446,1.213653
1398,0.199862,1.229832
1399,0.194390,1.245709
1400,0.187955,1.261264
1401,0.180633,1.276397
1402,0.172528,1.291110
1403,0.163487,1.305310
1404,0.153337,1.318588
1405,0.142846,1.331697
1406,0.131605,1.344187
1407,0.119378,1.355530
1408,0.106699,1.366536
1409,0.093476,1.376888
1410,0.079738,1.386534
1411,0.065444,1.395365
1412,0.050687,1.403407
1413,0.035468,1.410557
1414,0.019889,1.416868
1415,0.003973,1.422258
1416,-0.012272,1.426713
1417,-0.028727,1.430127
1418,-0.045324,1.432667
1419,-0.062065,1.434287
1420,-0.078881,1.434912
1421,-0.095701,1.434600
1422,-0.112492,1.433335
1423,-0.129190,1.431103
1424,-0.145670,1.427815
1425,-0.161979,1.423651
1426,-0.178036,1.418561
1427,-0.193788,1.412580
1428,-0.208739,1.405109
1429,-0.223660,1.397315
1430,-0.238169,1.388675
1431,-0.252168,1.379273
1432,-0.265268,1.368723
1433,-0.278075,1.357746
1434,-0.290274,1.346033
1435,-0.301724,1.333595
1436,-0.312475,1.320529
1437,-0.322489,1.306848
1438,-0.331684,1.292585
1439,-0.340015,1.277778
1440,-0.347430,1.262506
1441,-0.354014,1.246789
1442,-0.359707,1.230730
1443,-0.364438,1.214305
1444,-0.368102,1.197623
1445,-0.370885,1.180691
1446,-0.372303,1.163635
1447,-0.372977,1.146933
1448,-0.372905,1.130470
1449,-0.372012,1.114051
1450,-0.371843,1.099609
1451,-0.371255,1.085248
1452,-0.368740,1.070520
1453,-0.365129,1.056360
1454,-0.358043,1.042513
1455,-0.348477,1.028889
1456,-0.337087,1.016359
1457,-0.324593,1.004834
1458,-0.311464,0.994039
1459,-0.307778,0.991043
1460,-0.295999,0.987678
1461,-0.282252,0.983707
1462,-0.265783,0.980813
1463,-0.261155,0.980057
1464,-0.252418,0.981201
1465,-0.244879,0.982669
1466,-0.243846,0.978498
1467,-0.243007,0.974646
1468,-0.242849,0.974194
1469,-0.242849,0.974194
1470,-0.242849,0.974194
1471,-0.241134,0.974983
1472,-0.237377,0.976774
1473,-0.234168,0.979673
1474,-0.233861,0.987323
1475,-0.233638,0.995172
1476,-0.233811,1.003013
1477,-0.234401,1.010803
1478,-0.235407,1.018519
1479,-0.236823,1.026139
1480,-0.238640,1.033641
1481,-0.240850,1.041004
1482,-0.243444,1.048208
1483,-0.246410,1.055233
1484,-0.249738,1.062060
1485,-0.253414,1.068672
1486,-0.257424,1.075050
1487,-0.261755,1.081178
1488,-0.266390,1.087040
1489,-0.271315,1.092622
1490,-0.276512,1.097910
1491,-0.281964,1.102890
1492,-0.287653,1.107551
1493,-0.293561,1.111883
1494,-0.300039,1.115836
1495,-0.306325,1.119461
1496,-0.312772,1.122734
1497,-0.319359,1.125645
1498,-0.326065,1.128188
1499,-0.332872,1.130359
1500,-0.339757,1.132154
1501,-0.346701,1.133572
1502,-0.353684,1.134611
1503,-0.360684,1.135273
1504,-0.367681,1.135557
1505,-0.374656,1.135466
1506,-0.381589,1.135004
1507,-0.388460,1.134174
1508,-0.395250,1.132983
1509,-0.401940,1.131437
1510,-0.408512,1.129543
1511,-0.414948,1.127309
1512,-0.421230,1.124745
1513,-0.427343,1.121860
1514,-0.433270,1.118665
1515,-0.438996,1.115172
1516,-0.444505,1.111394
1517,-0.449785,1.107343
1518,-0.454821,1.103033
1519,-0.459603,1.098478
1520,-0.464117,1.093694
1521,-0.468354,1.088696
1522,-0.472303,1.083499
1523,-0.475956,1.078120
1524,-0.479305,1.072576
1525,-0.482343,1.066883
1526,-0.485064,1.061059
1527,-0.487307,1.054783
1528,-0.489363,1.048757
1529,-0.491091,1.042653
1530,-0.492487,1.036489
1531,-0.493551,1.030283
1532,-0.494281,1.024053
1533,-0.494679,1.017817
1534,-0.494745,1.011592
1535,-0.494482,1.005395
1536,-0.493894,0.999244
1537,-0.492984,0.993156
1538,-0.491758,0.987147
1539,-0.490222,0.981233
1540,-0.488382,0.975430
1541,-0.486246,0.969753
1542,-0.483822,0.964218
1543,-0.481119,0.958838
1544,-0.478146,0.953627
1545,-0.474915,0.948599
1546,-0.471435,0.943766
1547,-0.467719,0.939139
1548,-0.463779,0.934731
1549,-0.459627,0.930552
1550,-0.455276,0.926611
1551,-0.450740,0.922918
1552,-0.446032,0.919481
1553,-0.441168,0.916308
1554,-0.436161,0.913405
1555,-0.431027,0.910778
1556,-0.425780,0.908433
1557,-0.420435,0.906374
1558,-0.415009,0.904604
1559,-0.409517,0.903127
1560,-0.403701,0.902198
1561,-0.398134,0.901323
1562,-0.392548,0.900742
1563,-0.386958,0.900456
1564,-0.381379,0.900462
1565,-0.375828,0.900760
1566,-0.370318,0.901346
1567,-0.364864,0.902216
1568,-0.359481,0.903366
1569,-0.354184,0.904792
1570,-0.348985,0.906486
1571,-0.343898,0.908444
1572,-0.338937,0.910657
1573,-0.334113,0.913118
1574,-0.329440,0.915819
1575,-0.324928,0.918750
1576,-0.320588,0.921902
1577,-0.316432,0.925266
1578,-0.312469,0.928831
1579,-0.308709,0.932585
1580,-0.305160,0.936517
1581,-0.301831,0.940617
1582,-0.298729,0.944871
1583,-0.295861,0.949267
1584,-0.293233,0.953793
1585,-0.290851,0.958435
1586,-0.288720,0.963180
1587,-0.288383,0.962530
1588,-0.285849,0.961842
1589,-0.282745,0.961501
1590,-0.279600,0.961895
1591,-0.275618,0.963801
1592,-0.271531,0.966228
1593,-0.267871,0.969100
1594,-0.264036,0.971985
1595,-0.260353,0.975075
1596,-0.258369,0.969349
1597,-0.254770,0.963832
1598,-0.250902,0.959095
1599,-0.247612,0.955500
1600,-0.245693,0.953953
1601,-0.245478,0.955095
1602,-0.245953,0.958609
1603,-0.247007,0.962575
1604,-0.248882,0.966645
1605,-0.250987,0.970802
1606,-0.253301,0.974863
1607,-0.255816,0.978797
1608,-0.258523,0.982589
1609,-0.261415,0.986232
1610,-0.264483,0.989715
1611,-0.267718,0.993031
1612,-0.271112,0.996172
1613,-0.274655,0.999131
1614,-0.278338,1.001899
1615,-0.282150,1.004472
1616,-0.286082,1.006844
1617,-0.290123,1.009008
1618,-0.294262,1.010960
1619,-0.298488,1.012696
1620,-0.302791,1.014212
1621,-0.307158,1.015504
1622,-0.311579,1.016572
1623,-0.316042,1.017411
1624,-0.320536,1.018021
1625,-0.325049,1.018401
1626,-0.329569,1.018551
1627,-0.334085,1.018470
1628,-0.338585,1.018160
1629,-0.343070,1.017249
1630,-0.347485,1.016484
1631,-0.351851,1.015498
1632,-0.356155,1.014291
1633,-0.360389,1.012869
1634,-0.364539,1.011235
1635,-0.368598,1.009393
1636,-0.372553,1.007350
1637,-0.376396,1.005110
1638,-0.380116,1.002680
1639,-0.383705,1.000066
1640,-0.387153,0.997275
1641,-0.390452,0.994314
1642,-0.393593,0.991192
1643,-0.396570,0.987916
1644,-0.399374,0.984496
1645,-0.401999,0.980939
1646,-0.404437,0.977256
1647,-0.406684,0.973455
1648,-0.408733,0.969548
1649,-0.410580,0.965542
1650,-0.412219,0.961450
1651,-0.413647,0.957281
1652,-0.414861,0.953047
1653,-0.415856,0.948758
1654,-0.416632,0.944425
1655,-0.417186,0.940059
1656,-0.417516,0.935672
1657,-0.417622,0.931274
1658,-0.417504,0.926878
1659,-0.417161,0.922494
1660,-0.416596,0.918134
1661,-0.415443,0.913884
1662,-0.414441,0.909624
1663,-0.413222,0.905421
1664,-0.411791,0.901285
1665,-0.410149,0.897228
1666,-0.408303,0.893259
1667,-0.406256,0.889389
1668,-0.404014,0.885628
1669,-0.401581,0.881986
1670,-0.398966,0.878472
1671,-0.396173,0.875096
1672,-0.393210,0.871866
1673,-0.390084,0.868791
1674,-0.386804,0.865878
1675,-0.383378,0.863137
1676,-0.379815,0.860573
1677,-0.376122,0.858194
1678,-0.372311,0.856007
1679,-0.368391,0.854017
1680,-0.364372,0.852229
1681,-0.360263,0.850649
1682,-0.356077,0.849282
1683,-0.351822,0.848130
1684,-0.347512,0.847198
1685,-0.343156,0.846488
1686,-0.338766,0.846002
1687,-0.334353,0.845743
1688,-0.329930,0.845711
1689,-0.325507,0.845907
1690,-0.321096,0.846330
1691,-0.316709,0.846981
1692,-0.312358,0.847858
1693,-0.308209,0.849298
1694,-0.303982,0.850611
1695,-0.299825,0.852143
1696,-0.295747,0.853888
1697,-0.291761,0.855844
1698,-0.287877,0.858005
1699,-0.284106,0.860367
1700,-0.280458,0.862923
1701,-0.276943,0.865667
1702,-0.273571,0.868593
1703,-0.270350,0.871693
1704,-0.267291,0.874960
1705,-0.264402,0.878385
1706,-0.261691,0.881960
1707,-0.259165,0.885675
1708,-0.256833,0.889521
1709,-0.254700,0.893488
1710,-0.252774,0.897566
1711,-0.251059,0.901745
1712,-0.249562,0.906012
1713,-0.248287,0.910358
1714,-0.247239,0.914771
1715,-0.246420,0.919238
1716,-0.245834,0.923749
1717,-0.245484,0.928291
1718,-0.245370,0.932851
1719,-0.245494,0.937419
1720,-0.245858,0.941980
1721,-0.246459,0.946524
1722,-0.247298,0.951037
1723,-0.248374,0.955507
1724,-0.249684,0.959922
1725,-0.251225,0.964269
1726,-0.253261,0.968277
1727,-0.255239,0.972437
1728,-0.257436,0.976496
1729,-0.259846,0.980440
1730,-0.262464,0.984259
1731,-0.265283,0.987942
1732,-0.268297,0.991479
1733,-0.271497,0.994858
1734,-0.274877,0.998070
1735,-0.278427,1.001106
1736,-0.282138,1.003956
1737,-0.286001,1.006611
1738,-0.290005,1.009065
1739,-0.294140,1.011308
1740,-0.298396,1.013335
1741,-0.302760,1.015137
1742,-0.307222,1.016711
1743,-0.311768,1.018049
1744,-0.316388,1.019148
1745,-0.321068,1.020003
1746,-0.325796,1.020611
1747,-0.330558,1.020969
1748,-0.335342,1.021075
1749,-0.340133,1.020928
1750,-0.344920,1.020527
1751,-0.349688,1.019872
1752,-0.354424,1.018964
1753,-0.359114,1.017804
1754,-0.363745,1.016394
1755,-0.368304,1.014738
1756,-0.372778,1.012838
1757,-0.377154,1.010699
1758,-0.381103,1.008128
1759,-0.385232,1.005546
1760,-0.389226,1.002744
1761,-0.393073,0.999727
1762,-0.396762,0.996503
1763,-0.400282,0.993081
1764,-0.403621,0.989469
1765,-0.406770,0.985677
1766,-0.409718,0.981714
1767,-0.412457,0.977592
1768,-0.414977,0.973320
1769,-0.417271,0.968911
1770,-0.419331,0.964376
1771,-0.421149,0.959728
1772,-0.422720,0.954980
1773,-0.424038,0.950145
1774,-0.425098,0.945236
1775,-0.425896,0.940266
1776,-0.426428,0.935251
1777,-0.426691,0.930204
1778,-0.426684,0.925139
1779,-0.426405,0.920071
1780,-0.425854,0.915015
1781,-0.425031,0.909985
1782,-0.423937,0.904995
1783,-0.422574,0.900061
1784,-0.420945,0.895197
1785,-0.419054,0.890417
1786,-0.416904,0.885736
1787,-0.414500,0.881167
1788,-0.411849,0.876724
1789,-0.408957,0.872422
1790,-0.405710,0.868624
1791,-0.402379,0.864647
1792,-0.398833,0.860846
1793,-0.395079,0.857234
1794,-0.391128,0.853822
1795,-0.386990,0.850621
1796,-0.382676,0.847641
1797,-0.378199,0.844892
1798,-0.373569,0.842383
1799,-0.368801,0.840123
