0,1.284720,-0.077866
1,1.284720,-0.077866
2,1.284720,-0.077866
3,1.284720,-0.077866
4,1.284720,-0.077866
5,1.284720,-0.077866
6,1.284720,-0.077866
7,1.282821,-0.065764
8,1.278848,-0.049241
9,1.273888,-0.032983
10,1.268012,-0.017034
11,1.261237,-0.001445
12,1.253587,0.013734
13,1.245085,0.028452
14,1.235760,0.042663
15,1.225641,0.056321
16,1.214761,0.069380
17,1.203157,0.081800
18,1.190864,0.093539
19,1.177923,0.104559
20,1.164377,0.114826
21,1.150268,0.124305
22,1.135642,0.132966
23,1.120548,0.140781
24,1.105033,0.147725
25,1.089149,0.153774
26,1.072946,0.158910
27,1.056477,0.163116
28,1.039795,0.166378
29,1.035128,0.167263
30,1.023165,0.164629
31,1.006915,0.159655
32,0.990991,0.153712
33,0.975430,0.146873
34,0.960283,0.139159
35,0.945600,0.130596
36,0.941510,0.128180
37,0.934264,0.118303
38,0.925342,0.103840
39,0.917305,0.088863
40,0.910132,0.073453
41,0.903848,0.057660
42,0.898472,0.041534
43,0.894023,0.025130
44,0.892805,0.020538
45,0.892805,0.020538
46,0.892805,0.020538
47,0.892805,0.020538
48,0.892805,0.020538
49,0.892805,0.020538
50,0.892805,0.020538
51,0.892805,0.020538
52,0.892805,0.020538
53,0.892322,0.032779
54,0.890292,0.049651
55,0.887251,0.066374
56,0.883263,0.082897
57,0.878341,0.099167
58,0.872502,0.115130
59,0.865764,0.130735
60,0.858150,0.145931
61,0.849683,0.160670
62,0.840391,0.174903
63,0.830304,0.188584
64,0.819455,0.201669
65,0.807880,0.214116
66,0.795615,0.225884
67,0.782700,0.236935
68,0.769177,0.247233
69,0.755091,0.256745
70,0.740486,0.265441
71,0.725410,0.273291
72,0.709912,0.280271
73,0.694041,0.286358
74,0.677850,0.291532
75,0.661391,0.295777
76,0.656785,0.296937
77,0.644687,0.295015
78,0.628171,0.291013
79,0.611922,0.286024
80,0.595983,0.280119
81,0.580406,0.273316
82,0.576064,0.271390
83,0.576064,0.271390
84,0.571638,0.259968
85,0.570161,0.257703
86,0.570680,0.260406
87,0.571182,0.262286
88,0.571513,0.263211
89,0.571754,0.263680
90,0.571821,0.263796
91,0.571821,0.263796
92,0.571821,0.263796
93,0.571821,0.263796
94,0.572296,0.276037
95,0.571591,0.293016
96,0.569866,0.309926
97,0.567182,0.326710
98,0.563548,0.343315
99,0.558974,0.359685
100,0.553477,0.375769
101,0.547073,0.391514
102,0.539784,0.406870
103,0.531633,0.421785
104,0.529332,0.425941
105,0.519661,0.433459
106,0.505451,0.442780
107,0.490703,0.451231
108,0.475499,0.458830
109,0.459887,0.465551
110,0.443917,0.471374
111,0.427643,0.476278
112,0.411115,0.480248
113,0.394389,0.483272
114,0.389710,0.484090
115,0.389710,0.484090
116,0.379673,0.477067
117,0.366575,0.466239
118,0.354150,0.454641
119,0.342404,0.442355
120,0.331376,0.429420
121,0.321102,0.415879
122,0.313818,0.408922
123,0.307775,0.398414
124,0.302519,0.387278
125,0.297917,0.375853
126,0.293973,0.364187
127,0.290699,0.352314
128,0.288106,0.340276
129,0.286202,0.328110
130,0.284993,0.315855
131,0.284483,0.303552
132,0.284666,0.291242
133,0.285549,0.278971
134,0.287139,0.266766
135,0.289421,0.254672
136,0.292387,0.242727
137,0.296027,0.230972
138,0.300330,0.219442
139,0.305282,0.208176
140,0.310867,0.197211
141,0.317065,0.186581
142,0.323859,0.176321
143,0.331224,0.166465
144,0.339138,0.157043
145,0.347574,0.148088
146,0.356507,0.139626
147,0.365905,0.131687
148,0.375740,0.124295
149,0.385979,0.117475
150,0.396589,0.111249
151,0.407535,0.105636
152,0.418783,0.100655
153,0.430291,0.096315
154,0.442020,0.092640
155,0.453945,0.089647
156,0.466022,0.087337
157,0.478210,0.085718
158,0.490470,0.084795
159,0.502762,0.084571
160,0.515046,0.085046
161,0.527283,0.086219
162,0.539433,0.088086
163,0.551457,0.090641
164,0.563316,0.093876
165,0.574972,0.097780
166,0.586386,0.102340
167,0.597522,0.107542
168,0.608344,0.113369
169,0.618816,0.119801
170,0.628905,0.126819
171,0.638579,0.134399
172,0.647806,0.142516
173,0.656555,0.151145
174,0.664804,0.160253
175,0.672517,0.169803
176,0.679668,0.179791
177,0.686543,0.190569
178,0.692555,0.201338
179,0.697916,0.212410
180,0.702632,0.223766
181,0.706693,0.235371
182,0.710088,0.247187
183,0.712805,0.259177
184,0.714836,0.271302
185,0.716174,0.283522
186,0.716814,0.295798
187,0.716756,0.308091
188,0.715998,0.320360
189,0.714544,0.332565
190,0.712398,0.344668
191,0.709567,0.356628
192,0.706060,0.368408
193,0.701890,0.379969
194,0.697069,0.391274
195,0.691620,0.402288
196,0.685558,0.412967
197,0.678886,0.423282
198,0.671639,0.433200
199,0.663839,0.442690
200,0.655229,0.452104
201,0.646369,0.460716
202,0.637058,0.468762
203,0.627307,0.476255
204,0.617147,0.483179
205,0.606609,0.489514
206,0.595728,0.495239
207,0.584540,0.500336
208,0.573080,0.504789
209,0.561387,0.508582
210,0.549496,0.511703
211,0.541175,0.515548
212,0.534370,0.519890
213,0.527851,0.523868
214,0.521533,0.527355
215,0.515307,0.530182
216,0.514404,0.530554
217,0.504636,0.526071
218,0.493222,0.518988
219,0.479442,0.510372
220,0.466757,0.505070
221,0.454215,0.500290
222,0.440206,0.491792
223,0.426949,0.481706
224,0.413880,0.470948
225,0.404181,0.465356
226,0.397564,0.455310
227,0.393991,0.449231
228,0.389835,0.445357
229,0.386614,0.440345
230,0.383614,0.434974
231,0.380901,0.429202
232,0.377793,0.423779
233,0.375176,0.419992
234,0.375325,0.416407
235,0.374834,0.409611
236,0.373230,0.399629
237,0.373534,0.387328
238,0.376161,0.373213
239,0.377754,0.359804
240,0.377932,0.347652
241,0.377941,0.336162
242,0.379773,0.325419
243,0.383831,0.313636
244,0.386311,0.302105
245,0.388745,0.290998
246,0.391489,0.280199
247,0.394708,0.269647
248,0.398462,0.259327
249,0.402770,0.249250
250,0.407673,0.239477
251,0.413087,0.229956
252,0.419026,0.220761
253,0.425476,0.211919
254,0.432448,0.203504
255,0.439867,0.195449
256,0.447713,0.187837
257,0.455982,0.180678
258,0.464671,0.174035
259,0.473714,0.167829
260,0.483073,0.162140
261,0.492728,0.157023
262,0.502681,0.152508
263,0.512877,0.148529
264,0.523280,0.145136
265,0.533839,0.142371
266,0.544567,0.140185
267,0.555398,0.138609
268,0.566299,0.137650
269,0.577216,0.137344
270,0.588159,0.137638
271,0.599065,0.138544
272,0.609901,0.140068
273,0.620606,0.142233
274,0.631292,0.145151
275,0.641696,0.148491
276,0.651914,0.152396
277,0.661849,0.156912
278,0.671553,0.161994
279,0.680946,0.167605
280,0.690001,0.173735
281,0.698658,0.180387
282,0.706965,0.187530
283,0.714851,0.195125
284,0.722287,0.203140
285,0.729219,0.211574
286,0.735599,0.220936
287,0.741247,0.231676
288,0.746454,0.242207
289,0.750752,0.252724
290,0.752136,0.264859
291,0.752725,0.277476
292,0.752776,0.290360
293,0.752224,0.303285
294,0.751167,0.316125
295,0.749698,0.328829
296,0.748014,0.341076
297,0.745760,0.353022
298,0.743167,0.364825
299,0.740777,0.376340
300,0.738482,0.387416
301,0.735867,0.398252
302,0.732773,0.408845
303,0.729142,0.419212
304,0.724960,0.429337
305,0.720183,0.439166
306,0.714915,0.448790
307,0.709106,0.458068
308,0.702591,0.466979
309,0.695737,0.475448
310,0.688422,0.483581
311,0.680656,0.491286
312,0.672464,0.498537
313,0.661326,0.506775
314,0.647487,0.516052
315,0.632672,0.525141
316,0.617388,0.533758
317,0.601942,0.541796
318,0.586600,0.549191
319,0.572358,0.555222
320,0.559653,0.559548
321,0.548128,0.562297
322,0.534346,0.563977
323,0.517088,0.565065
324,0.499277,0.565146
325,0.481416,0.564216
326,0.463380,0.562462
327,0.445431,0.559774
328,0.430438,0.556502
329,0.416889,0.552724
330,0.401100,0.548075
331,0.387498,0.549110
332,0.375383,0.554609
333,0.363279,0.558774
334,0.351684,0.561290
335,0.341493,0.564594
336,0.331421,0.568759
337,0.321020,0.573581
338,0.310478,0.579474
339,0.300025,0.586716
340,0.289867,0.594929
341,0.280356,0.604089
342,0.271177,0.612716
343,0.259606,0.618977
344,0.250595,0.618736
345,0.243030,0.617165
346,0.233843,0.618436
347,0.224801,0.620043
348,0.217907,0.618561
349,0.210891,0.617072
350,0.201821,0.617475
351,0.191777,0.620889
352,0.179891,0.625880
353,0.167198,0.635825
354,0.155445,0.645132
355,0.143478,0.653810
356,0.131186,0.661680
357,0.118620,0.668734
358,0.105829,0.674969
359,0.092865,0.680381
360,0.079776,0.684973
361,0.066611,0.688749
362,0.053419,0.691715
363,0.040248,0.693881
364,0.027143,0.695260
365,0.014150,0.695865
366,0.001687,0.695698
367,-0.010948,0.694847
368,-0.023348,0.693281
369,-0.035472,0.691025
370,-0.047285,0.688104
371,-0.058751,0.684547
372,-0.069837,0.680381
373,-0.080513,0.675640
374,-0.090750,0.670354
375,-0.100523,0.664559
376,-0.109806,0.658289
377,-0.118579,0.651581
378,-0.126824,0.644471
379,-0.134523,0.636998
380,-0.141663,0.629199
381,-0.148232,0.621113
382,-0.154222,0.612778
383,-0.159626,0.604235
384,-0.164440,0.595521
385,-0.168664,0.586675
386,-0.172297,0.577735
387,-0.175344,0.568738
388,-0.177811,0.559722
389,-0.179704,0.550723
390,-0.181035,0.541775
391,-0.181815,0.532913
392,-0.182058,0.524169
393,-0.181782,0.515574
394,-0.181002,0.507159
395,-0.179740,0.498953
396,-0.178016,0.490981
397,-0.175900,0.483638
398,-0.173349,0.476204
399,-0.170408,0.469073
400,-0.167103,0.462265
401,-0.163459,0.455797
402,-0.159505,0.449685
403,-0.155268,0.443943
404,-0.150778,0.438581
405,-0.146064,0.433611
406,-0.141154,0.429038
407,-0.140987,0.417950
408,-0.144504,0.399125
409,-0.146024,0.382302
410,-0.143696,0.370281
411,-0.140381,0.359174
412,-0.136537,0.348386
413,-0.130643,0.341398
414,-0.124547,0.337212
415,-0.118906,0.333786
416,-0.113560,0.330458
417,-0.106844,0.322950
418,-0.093877,0.313037
419,-0.079498,0.303781
420,-0.064621,0.295137
421,-0.049306,0.287331
422,-0.033599,0.280411
423,-0.017552,0.274400
424,-0.001217,0.269317
425,0.015354,0.265179
426,0.032106,0.261999
427,0.048985,0.259788
428,0.065936,0.258554
429,0.082905,0.258301
430,0.099835,0.259031
431,0.116673,0.260740
432,0.133364,0.263424
433,0.149852,0.267073
434,0.166086,0.271677
435,0.181985,0.276178
436,0.197717,0.280549
437,0.213449,0.285230
438,0.229146,0.290590
439,0.244704,0.296983
440,0.260022,0.304457
441,0.273249,0.315097
442,0.285661,0.326711
443,0.289472,0.335776
444,0.294499,0.343598
445,0.297127,0.350046
446,0.294500,0.351515
447,0.288035,0.352072
448,0.281735,0.355464
449,0.277100,0.361427
450,0.271368,0.368841
451,0.264276,0.369618
452,0.262469,0.369081
453,0.262469,0.369081
454,0.253633,0.377565
455,0.240471,0.388314
456,0.226683,0.398255
457,0.212352,0.407395
458,0.197524,0.415705
459,0.185686,0.422427
460,0.187453,0.426338
461,0.189029,0.430452
462,0.186625,0.431217
463,0.175086,0.431769
464,0.159617,0.434576
465,0.144096,0.436746
466,0.128596,0.438059
467,0.113157,0.438521
468,0.097824,0.438143
469,0.082638,0.436936
470,0.067641,0.434915
471,0.052873,0.432094
472,0.038374,0.428493
473,0.024184,0.424131
474,0.010339,0.419029
475,-0.003123,0.413212
476,-0.016168,0.406705
477,-0.028762,0.399535
478,-0.040873,0.391730
479,-0.052470,0.383322
480,-0.063525,0.374340
481,-0.074011,0.364820
482,-0.083903,0.354794
483,-0.093178,0.344298
484,-0.101816,0.333369
485,-0.109796,0.322044
486,-0.117103,0.310361
487,-0.123721,0.298358
488,-0.129639,0.286075
489,-0.134845,0.273552
490,-0.139331,0.260829
491,-0.143092,0.247946
492,-0.146123,0.234943
493,-0.148423,0.221861
494,-0.149993,0.208740
495,-0.150834,0.195620
496,-0.150953,0.182540
497,-0.150356,0.169539
498,-0.149052,0.156655
499,-0.147052,0.143927
500,-0.144368,0.131391
501,-0.141017,0.119082
502,-0.137014,0.107036
503,-0.132378,0.095287
504,-0.127130,0.083867
505,-0.121291,0.072806
506,-0.114884,0.062136
507,-0.107935,0.051883
508,-0.100470,0.042076
509,-0.092516,0.032739
510,-0.084102,0.023897
511,-0.075258,0.015569
512,-0.066015,0.007778
513,-0.056405,0.000541
514,-0.046459,-0.006125
515,-0.036212,-0.012206
516,-0.025697,-0.017689
517,-0.014948,-0.022563
518,-0.004000,-0.026820
519,0.007111,-0.030452
520,0.018352,-0.033455
521,0.029687,-0.035825
522,0.041080,-0.037562
523,0.052497,-0.038666
524,0.063903,-0.039140
525,0.075265,-0.038989
526,0.086548,-0.038218
527,0.097718,-0.036837
528,0.108744,-0.034856
529,0.119594,-0.032285
530,0.130237,-0.029138
531,0.140642,-0.025431
532,0.150781,-0.021179
533,0.160625,-0.016401
534,0.170148,-0.011115
535,0.179325,-0.005344
536,0.188131,0.000892
537,0.196542,0.007569
538,0.204539,0.014663
539,0.212100,0.022149
540,0.219207,0.030000
541,0.225891,0.038559
542,0.232030,0.047059
543,0.237671,0.055842
544,0.242799,0.064877
545,0.247404,0.074135
546,0.251478,0.083587
547,0.255012,0.093203
548,0.258003,0.102951
549,0.260445,0.112803
550,0.262337,0.122726
551,0.263678,0.132691
552,0.264470,0.142669
553,0.264715,0.152627
554,0.264418,0.162538
555,0.263585,0.172373
556,0.262223,0.182101
557,0.260342,0.191697
558,0.257952,0.201131
559,0.255065,0.210378
560,0.251695,0.219412
561,0.247856,0.228208
562,0.243563,0.236742
563,0.238835,0.244991
564,0.233689,0.252934
565,0.228144,0.260549
566,0.222221,0.267818
567,0.215941,0.274722
568,0.209326,0.281243
569,0.202399,0.287368
570,0.195183,0.293080
571,0.187331,0.298396
572,0.187345,0.303220
573,0.200918,0.307711
574,0.219560,0.313086
575,0.237748,0.319496
576,0.255057,0.325710
577,0.265859,0.319552
578,0.273216,0.312903
579,0.275564,0.310584
580,0.275564,0.310584
581,0.275692,0.310620
582,0.276375,0.310641
583,0.277487,0.310218
584,0.278967,0.309771
585,0.280040,0.309437
586,0.280619,0.309322
587,0.281691,0.309824
588,0.281939,0.309980
589,0.282406,0.309679
590,0.285409,0.308755
591,0.295513,0.309020
592,0.301823,0.320462
593,0.307572,0.335964
594,0.311564,0.351929
595,0.314858,0.368163
596,0.318872,0.382239
597,0.326269,0.394231
598,0.328990,0.407623
599,0.329295,0.411007
600,0.320998,0.420019
601,0.310225,0.430574
602,0.307628,0.433070
603,0.297683,0.439395
604,0.283826,0.449376
605,0.268953,0.458590
606,0.253101,0.466885
607,0.236342,0.474116
608,0.231222,0.476127
609,0.220551,0.479316
610,0.208719,0.481646
611,0.204185,0.485994
612,0.202146,0.491402
613,0.199828,0.496314
614,0.195310,0.495510
615,0.190019,0.493207
616,0.186008,0.491141
617,0.182188,0.488919
618,0.178497,0.486516
619,0.174934,0.483931
620,0.171507,0.481171
621,0.168224,0.478243
622,0.165355,0.474889
623,0.162399,0.471662
624,0.159609,0.468289
625,0.156993,0.464781
626,0.154557,0.461146
627,0.152308,0.457393
628,0.150250,0.453531
629,0.148390,0.449569
630,0.146731,0.445519
631,0.145279,0.441389
632,0.144037,0.437190
633,0.143008,0.432933
634,0.142195,0.428629
635,0.141601,0.424287
636,0.141227,0.419919
637,0.141073,0.415536
638,0.141142,0.411149
639,0.141433,0.406769
640,0.147848,0.401893
641,0.155102,0.398873
642,0.162382,0.396505
643,0.169735,0.394563
644,0.177147,0.393028
645,0.184597,0.391898
646,0.192063,0.391171
647,0.199523,0.390847
648,0.206957,0.390922
649,0.214343,0.391392
650,0.221660,0.392253
651,0.228888,0.393498
652,0.236007,0.395120
653,0.242998,0.397110
654,0.250033,0.399782
655,0.256698,0.402490
656,0.263183,0.405535
657,0.269468,0.408906
658,0.275537,0.412591
659,0.281375,0.416577
660,0.286967,0.420848
661,0.292301,0.425390
662,0.297362,0.430188
663,0.302140,0.435227
664,0.306624,0.440488
665,0.310802,0.445956
666,0.314668,0.451613
667,0.318212,0.457441
668,0.321427,0.463423
669,0.324308,0.469539
670,0.326850,0.475772
671,0.329048,0.482103
672,0.330900,0.488513
673,0.332402,0.494984
674,0.333556,0.501496
675,0.334360,0.508032
676,0.334815,0.514572
677,0.334924,0.521099
678,0.334689,0.527594
679,0.334114,0.534039
680,0.333204,0.540417
681,0.331965,0.546712
682,0.330402,0.552905
683,0.328523,0.558981
684,0.326336,0.564924
685,0.323851,0.570719
686,0.320717,0.576453
687,0.317658,0.581892
688,0.314333,0.587142
689,0.310751,0.592188
690,0.306926,0.597019
691,0.302871,0.601623
692,0.298597,0.605990
693,0.294120,0.610109
694,0.289452,0.613971
695,0.284610,0.617569
696,0.279606,0.620895
697,0.274457,0.623941
698,0.269178,0.626703
699,0.263784,0.629175
700,0.262078,0.634001
701,0.265350,0.641425
702,0.268786,0.648932
703,0.271852,0.656586
704,0.274492,0.664405
705,0.276692,0.672370
706,0.278444,0.680457
707,0.279741,0.688641
708,0.280577,0.696896
709,0.280948,0.705197
710,0.280853,0.713516
711,0.280289,0.721828
712,0.279257,0.730107
713,0.277760,0.738325
714,0.277944,0.745670
715,0.276326,0.752968
716,0.273512,0.760242
717,0.274221,0.769349
718,0.274496,0.783141
719,0.271794,0.799436
720,0.266907,0.816914
721,0.260865,0.834534
722,0.253766,0.852079
723,0.245902,0.868436
724,0.237224,0.883954
725,0.227578,0.899211
726,0.216980,0.914113
727,0.208276,0.929764
728,0.197365,0.944831
729,0.186901,0.957835
730,0.179034,0.965383
731,0.169443,0.971286
732,0.159102,0.977246
733,0.148153,0.982559
734,0.136829,0.987260
735,0.125201,0.991338
736,0.113310,0.994784
737,0.101192,0.997574
738,0.088881,0.999702
739,0.076724,1.001083
740,0.064088,1.001886
741,0.051422,1.001953
742,0.038774,1.001297
743,0.026183,0.999921
744,0.013678,0.997849
745,0.000525,0.996766
746,-0.015185,0.997596
747,-0.032685,0.998505
748,-0.049566,0.998824
749,-0.053517,1.000452
750,-0.053283,1.000713
751,-0.053502,1.000725
752,-0.053525,1.000726
753,-0.053525,1.000726
754,-0.053525,1.000726
755,-0.053525,1.000726
756,-0.053525,1.000726
757,-0.053525,1.000726
758,-0.065518,1.003223
759,-0.082379,1.005341
760,-0.099341,1.006442
761,-0.116338,1.006576
762,-0.133315,1.005742
763,-0.150218,1.003945
764,-0.166990,1.001188
765,-0.183579,0.997482
766,-0.199929,0.992838
767,-0.215989,0.987271
768,-0.231707,0.980799
769,-0.247030,0.973444
770,-0.261911,0.965228
771,-0.276299,0.956180
772,-0.290150,0.946327
773,-0.303418,0.935702
774,-0.316059,0.924340
775,-0.328034,0.912277
776,-0.339303,0.899552
777,-0.342432,0.895978
778,-0.346226,0.884330
779,-0.350178,0.867802
780,-0.353129,0.851063
781,-0.353071,0.841517
782,-0.349482,0.840122
783,-0.345208,0.839075
784,-0.342997,0.839978
785,-0.343831,0.839917
786,-0.343973,0.840452
787,-0.344281,0.841267
788,-0.339567,0.841195
789,-0.330578,0.841766
790,-0.321666,0.842829
791,-0.312815,0.844409
792,-0.304071,0.846489
793,-0.295460,0.849063
794,-0.294634,0.849315
795,-0.290576,0.854673
796,-0.281321,0.865338
797,-0.269937,0.877935
798,-0.259268,0.891168
799,-0.249370,0.904986
800,-0.246718,0.908794
801,-0.246718,0.908794
802,-0.246718,0.908794
803,-0.246718,0.908794
804,-0.246718,0.908794
805,-0.246718,0.908794
806,-0.246718,0.908794
807,-0.257501,0.902980
808,-0.270220,0.897629
809,-0.282657,0.896517
810,-0.286612,0.896158
811,-0.300689,0.896298
812,-0.319582,0.896914
813,-0.338550,0.896470
814,-0.357465,0.894933
815,-0.376257,0.892332
816,-0.394868,0.888663
817,-0.413240,0.883916
818,-0.431308,0.878147
819,-0.449017,0.871351
820,-0.466304,0.863543
821,-0.483117,0.854779
822,-0.499399,0.845052
823,-0.515093,0.834395
824,-0.530109,0.823428
825,-0.544387,0.811968
826,-0.557864,0.799949
827,-0.570523,0.787408
828,-0.581879,0.773510
829,-0.592373,0.758917
830,-0.602023,0.743749
831,-0.610816,0.728106
832,-0.618562,0.712140
833,-0.625342,0.695755
834,-0.631159,0.679041
835,-0.635992,0.662054
836,-0.639813,0.645146
837,-0.642492,0.628124
838,-0.643782,0.611925
839,-0.644229,0.595440
840,-0.643752,0.578906
841,-0.642347,0.562375
842,-0.640044,0.546111
843,-0.636766,0.530094
844,-0.632571,0.514312
845,-0.627485,0.498854
846,-0.621528,0.483769
847,-0.614725,0.469106
848,-0.607107,0.454917
849,-0.598700,0.441233
850,-0.589552,0.428131
851,-0.579694,0.415644
852,-0.569159,0.403794
853,-0.558009,0.392649
854,-0.546269,0.382217
855,-0.534008,0.372557
856,-0.521300,0.363698
857,-0.508545,0.356076
858,-0.495380,0.349300
859,-0.481859,0.343305
860,-0.468100,0.338158
861,-0.454401,0.334090
862,-0.440190,0.330559
863,-0.425838,0.327843
864,-0.411594,0.326081
865,-0.397299,0.325164
866,-0.383066,0.325100
867,-0.368974,0.325893
868,-0.354993,0.327508
869,-0.341267,0.329948
870,-0.327786,0.333187
871,-0.314605,0.337202
872,-0.301778,0.341972
873,-0.289389,0.347470
874,-0.277421,0.353663
875,-0.265953,0.360520
876,-0.255161,0.367983
877,-0.244865,0.376036
878,-0.235148,0.384640
879,-0.226032,0.393755
880,-0.217566,0.403333
881,-0.209733,0.413346
882,-0.202565,0.423749
883,-0.196110,0.434486
884,-0.190345,0.445526
885,-0.185331,0.456803
886,-0.181036,0.468288
887,-0.177471,0.479938
888,-0.174648,0.491700
889,-0.172544,0.503551
890,-0.171169,0.515440
891,-0.170506,0.527339
892,-0.170543,0.539220
893,-0.171265,0.551056
894,-0.172755,0.562505
895,-0.174765,0.574226
896,-0.177386,0.585870
897,-0.181970,0.592547
898,-0.187355,0.596729
899,-0.193022,0.599978
900,-0.198868,0.602669
901,-0.204860,0.604885
902,-0.210966,0.606641
903,-0.217154,0.607940
904,-0.223394,0.608781
905,-0.229654,0.609165
906,-0.235902,0.609095
907,-0.242108,0.608574
908,-0.248241,0.607611
909,-0.254272,0.606213
910,-0.260172,0.604391
911,-0.265914,0.602159
912,-0.271472,0.599530
913,-0.276821,0.596521
914,-0.281938,0.593150
915,-0.286800,0.589434
916,-0.291387,0.585395
917,-0.295679,0.581052
918,-0.299660,0.576428
919,-0.303313,0.571545
920,-0.306623,0.566428
921,-0.309579,0.561102
922,-0.312193,0.555603
923,-0.314440,0.549943
924,-0.316307,0.544147
925,-0.317781,0.538236
926,-0.318520,0.532206
927,-0.319368,0.526220
928,-0.319833,0.520160
929,-0.319770,0.514067
930,-0.319271,0.508000
931,-0.318356,0.501982
932,-0.317041,0.496037
933,-0.315343,0.490189
934,-0.313271,0.484458
935,-0.310832,0.478869
936,-0.308037,0.473444
937,-0.304900,0.468204
938,-0.301428,0.463172
939,-0.297638,0.458369
940,-0.293546,0.453813
941,-0.289169,0.449522
942,-0.284525,0.445514
943,-0.279628,0.441805
944,-0.274500,0.438414
945,-0.269160,0.435349
946,-0.263630,0.432630
947,-0.257930,0.430265
948,-0.252087,0.428260
949,-0.246121,0.426627
950,-0.240051,0.425379
951,-0.233909,0.424516
952,-0.227715,0.424043
953,-0.221495,0.423962
954,-0.215273,0.424276
955,-0.209074,0.424985
956,-0.202921,0.426087
957,-0.196852,0.427547
958,-0.190877,0.429313
959,-0.185076,0.431750
960,-0.179332,0.434213
961,-0.173763,0.437153
962,-0.168404,0.440470
963,-0.163267,0.444146
964,-0.158371,0.448156
965,-0.153732,0.452478
966,-0.149369,0.457098
967,-0.145300,0.461995
968,-0.141542,0.467153
969,-0.138111,0.472549
970,-0.135021,0.478163
971,-0.132286,0.483976
972,-0.129919,0.489963
973,-0.127930,0.496103
974,-0.126329,0.502371
975,-0.125129,0.508746
976,-0.124331,0.515199
977,-0.123941,0.521706
978,-0.123965,0.528244
979,-0.124399,0.534782
980,-0.125254,0.541299
981,-0.126522,0.547767
982,-0.128203,0.554160
983,-0.130289,0.560450
984,-0.132778,0.566617
985,-0.135661,0.572630
986,-0.138926,0.578466
987,-0.142567,0.584102
988,-0.146517,0.589499
989,-0.150712,0.594675
990,-0.155325,0.599615
991,-0.160598,0.604091
992,-0.165750,0.608407
993,-0.171252,0.612412
994,-0.177032,0.616057
995,-0.183059,0.619329
996,-0.189307,0.622218
997,-0.195748,0.624712
998,-0.202354,0.626803
999,-0.209099,0.628482
1000,-0.215954,0.629743
1001,-0.222894,0.630581
1002,-0.229891,0.630994
1003,-0.236917,0.630978
1004,-0.243947,0.630536
1005,-0.250950,0.629668
1006,-0.257903,0.628382
1007,-0.264778,0.626683
1008,-0.271550,0.624578
1009,-0.278194,0.622081
1010,-0.284686,0.619202
1011,-0.291005,0.615958
1012,-0.297128,0.612365
1013,-0.303038,0.608441
1014,-0.308717,0.604207
1015,-0.314148,0.599683
1016,-0.319320,0.594893
1017,-0.324221,0.589859
1018,-0.328843,0.584606
1019,-0.333180,0.579157
1020,-0.337201,0.573590
1021,-0.340945,0.567923
1022,-0.344477,0.562046
1023,-0.347698,0.556063
1024,-0.350417,0.549591
1025,-0.352998,0.543455
1026,-0.355307,0.537280
1027,-0.357354,0.531066
1028,-0.359144,0.524822
1029,-0.360679,0.518555
1030,-0.361965,0.512269
1031,-0.363012,0.505962
1032,-0.363805,0.499674
1033,-0.364354,0.493400
1034,-0.364661,0.487144
1035,-0.364731,0.480912
1036,-0.362267,0.473098
1037,-0.357441,0.465036
1038,-0.351057,0.457597
1039,-0.343494,0.450809
1040,-0.335032,0.444677
1041,-0.325877,0.439198
1042,-0.316188,0.434368
1043,-0.306088,0.430185
1044,-0.295669,0.426646
1045,-0.285006,0.423749
1046,-0.274161,0.421493
1047,-0.263190,0.419873
1048,-0.252144,0.418884
1049,-0.241067,0.418524
1050,-0.229997,0.418788
1051,-0.218986,0.419665
1052,-0.208137,0.421118
1053,-0.197416,0.423117
1054,-0.186763,0.425761
1055,-0.176270,0.429028
1056,-0.165966,0.432905
1057,-0.155612,0.437768
1058,-0.145705,0.443036
1059,-0.136207,0.448743
1060,-0.127103,0.454848
1061,-0.118311,0.461435
1062,-0.109881,0.468585
1063,-0.101867,0.476241
1064,-0.094296,0.484381
1065,-0.087196,0.492978
1066,-0.080594,0.502001
1067,-0.074517,0.511422
1068,-0.068988,0.521207
1069,-0.064029,0.531327
1070,-0.059658,0.541744
1071,-0.055895,0.552426
1072,-0.052754,0.563337
1073,-0.050251,0.574439
1074,-0.048394,0.585696
1075,-0.047195,0.597068
1076,-0.046659,0.608515
1077,-0.046791,0.619998
1078,-0.047590,0.631478
1079,-0.049057,0.642912
1080,-0.051186,0.654261
1081,-0.053973,0.665485
1082,-0.057405,0.676543
1083,-0.053510,0.679426
1084,-0.046965,0.681863
1085,-0.039621,0.684098
1086,-0.031956,0.686522
1087,-0.023463,0.688969
1088,-0.014682,0.691802
1089,-0.005808,0.695125
1090,0.002999,0.698969
1091,0.011677,0.703302
1092,0.020196,0.708111
1093,0.028529,0.713388
1094,0.037523,0.717312
1095,0.048388,0.719771
1096,0.059953,0.723644
1097,0.071863,0.728670
1098,0.083833,0.734844
1099,0.095230,0.741944
1100,0.105396,0.750904
1101,0.114844,0.761008
1102,0.123767,0.771691
1103,0.132140,0.782906
1104,0.141129,0.788747
1105,0.146794,0.794533
1106,0.148988,0.801050
1107,0.149117,0.807680
1108,0.148103,0.814591
1109,0.146573,0.821678
1110,0.148150,0.825913
1111,0.154807,0.827437
1112,0.160945,0.830110
1113,0.162043,0.830057
1114,0.161138,0.829285
1115,0.158541,0.827971
1116,0.154569,0.826188
1117,0.154033,0.825927
1118,0.154033,0.825927
1119,0.154033,0.825927
1120,0.154033,0.825927
1121,0.154033,0.825927
1122,0.154827,0.826757
1123,0.154827,0.826757
1124,0.154827,0.826757
1125,0.163367,0.835539
1126,0.174199,0.848633
1127,0.184227,0.862357
1128,0.200732,0.866870
1129,0.215001,0.871856
1130,0.227825,0.877811
1131,0.239578,0.884739
1132,0.250546,0.892451
1133,0.260822,0.900877
1134,0.270479,0.909939
1135,0.279587,0.919484
1136,0.288005,0.929655
1137,0.295640,0.940339
1138,0.302609,0.951507
1139,0.309173,0.962872
1140,0.315019,0.974623
1141,0.320252,0.986656
1142,0.324694,0.999043
1143,0.328194,1.011647
1144,0.331110,1.024405
1145,0.333198,1.037356
1146,0.334360,1.050385
1147,0.334777,1.063424
1148,0.334398,1.076408
1149,0.333135,1.089356
1150,0.330994,1.102223
1151,0.328062,1.114935
1152,0.324190,1.127274
1153,0.319420,1.139307
1154,0.313731,1.150939
1155,0.307100,1.162080
1156,0.299503,1.172633
1157,0.290912,1.182497
1158,0.281288,1.191558
1159,0.273365,1.200184
1160,0.267976,1.208570
1161,0.259365,1.214065
1162,0.246912,1.219505
1163,0.243894,1.220717
1164,0.243894,1.220717
1165,0.234586,1.215579
1166,0.224743,1.211964
1167,0.214742,1.206186
1168,0.210902,1.199190
1169,0.213134,1.192433
1170,0.216073,1.182625
1171,0.215299,1.169754
1172,0.206650,1.155409
1173,0.198369,1.140565
1174,0.193115,1.124516
1175,0.187148,1.108614
1176,0.181511,1.092579
1177,0.176795,1.076248
1178,0.173016,1.059676
1179,0.170186,1.042916
1180,0.169422,1.038228
1181,0.169422,1.038228
1182,0.169422,1.038228
1183,0.169422,1.038228
1184,0.169422,1.038228
1185,0.169422,1.038228
1186,0.169422,1.038228
1187,0.169422,1.038228
1188,0.169422,1.038228
1189,0.169422,1.038228
1190,0.163372,1.048880
1191,0.153821,1.062936
1192,0.147130,1.077734
1193,0.143377,1.093860
1194,0.138538,1.110051
1195,0.127118,1.122275
1196,0.115210,1.134323
1197,0.105735,1.149211
1198,0.095426,1.163891
1199,0.086518,1.178358
1200,0.080579,1.193711
1201,0.074738,1.206995
1202,0.068162,1.220680
1203,0.060854,1.234374
1204,0.052781,1.247846
1205,0.043949,1.260991
1206,0.034379,1.273623
1207,0.024101,1.285723
1208,0.013129,1.297258
1209,0.001537,1.308123
1210,-0.010681,1.318349
1211,-0.023434,1.327840
1212,-0.036710,1.336579
1213,-0.050467,1.344555
1214,-0.064688,1.351767
1215,-0.079334,1.358218
1216,-0.094286,1.363784
1217,-0.109493,1.368442
1218,-0.124959,1.372234
1219,-0.140675,1.375190
1220,-0.156450,1.377190
1221,-0.172317,1.378291
1222,-0.188262,1.378503
1223,-0.204249,1.377837
1224,-0.220191,1.376246
1225,-0.235676,1.373631
1226,-0.250997,1.370149
1227,-0.266229,1.365833
1228,-0.281199,1.360673
1229,-0.295866,1.354664
1230,-0.310288,1.347808
1231,-0.324236,1.340165
1232,-0.337826,1.331740
1233,-0.350810,1.322569
1234,-0.363286,1.312662
1235,-0.374823,1.302151
1236,-0.385981,1.290910
1237,-0.396488,1.279055
1238,-0.406300,1.266627
1239,-0.415413,1.253660
1240,-0.423861,1.240127
1241,-0.431522,1.226077
1242,-0.438355,1.211714
1243,-0.444301,1.197015
1244,-0.450337,1.182357
1245,-0.457333,1.167243
1246,-0.462561,1.151086
1247,-0.466463,1.134586
1248,-0.469328,1.117858
1249,-0.471183,1.101026
1250,-0.471968,1.084120
1251,-0.471674,1.067344
1252,-0.470472,1.050741
1253,-0.468250,1.034295
1254,-0.465185,1.018013
1255,-0.461255,1.001925
1256,-0.456332,0.986156
1257,-0.450656,0.970771
1258,-0.444018,0.956030
1259,-0.436687,0.941435
1260,-0.428649,0.927404
1261,-0.419885,0.913920
1262,-0.410426,0.901000
1263,-0.400240,0.888674
1264,-0.389565,0.877051
1265,-0.378310,0.866135
1266,-0.366576,0.855937
1267,-0.354376,0.846502
1268,-0.341821,0.838075
1269,-0.328838,0.830185
1270,-0.315675,0.823157
1271,-0.302270,0.816968
1272,-0.288729,0.811660
1273,-0.274992,0.807240
1274,-0.261304,0.803749
1275,-0.247584,0.801234
1276,-0.233871,0.799712
1277,-0.220056,0.799280
1278,-0.206173,0.799990
1279,-0.192056,0.801803
1280,-0.177758,0.804527
1281,-0.163145,0.808319
1282,-0.148373,0.812688
1283,-0.134155,0.812529
1284,-0.121481,0.813676
1285,-0.109625,0.815603
1286,-0.098201,0.818370
1287,-0.087086,0.821600
1288,-0.076062,0.825407
1289,-0.065441,0.830287
1290,-0.055042,0.835477
1291,-0.044940,0.841272
1292,-0.035578,0.847999
1293,-0.026459,0.855071
1294,-0.017494,0.862489
1295,-0.008941,0.870363
1296,-0.000865,0.878713
1297,0.006705,0.887519
1298,0.013676,0.896734
1299,0.020023,0.906315
1300,0.025923,0.916313
1301,0.031212,0.926645
1302,0.035551,0.937452
1303,0.039285,0.948478
1304,0.042395,0.959493
1305,0.044992,0.970808
1306,0.046950,0.982226
1307,0.048200,0.993732
1308,0.048706,1.005312
1309,0.048504,1.016908
1310,0.047470,1.028324
1311,0.045799,1.039820
1312,0.043370,1.051210
1313,0.040237,1.062434
1314,0.036099,1.073388
1315,0.030808,1.084625
1316,0.024667,1.096063
1317,0.018976,1.107296
1318,0.012898,1.117934
1319,0.003981,1.127857
1320,-0.005776,1.137668
1321,-0.015578,1.146716
1322,-0.022388,1.151663
1323,-0.028723,1.155471
1324,-0.035197,1.158162
1325,-0.041991,1.159848
1326,-0.050696,1.162123
1327,-0.060053,1.164269
1328,-0.068281,1.163579
1329,-0.073697,1.162255
1330,-0.079468,1.161633
1331,-0.084998,1.160926
1332,-0.090258,1.159918
1333,-0.092884,1.158915
1334,-0.094512,1.157865
1335,-0.095698,1.156949
1336,-0.096661,1.156018
1337,-0.097557,1.155078
1338,-0.098365,1.154098
1339,-0.099137,1.153066
1340,-0.099726,1.151940
1341,-0.100289,1.150881
1342,-0.100816,1.149756
1343,-0.101239,1.148639
1344,-0.101632,1.147487
1345,-0.101921,1.146299
1346,-0.102150,1.145112
1347,-0.102302,1.143901
1348,-0.102374,1.142760
1349,-0.102424,1.141501
1350,-0.102419,1.140283
1351,-0.102271,1.139089
1352,-0.102109,1.137878
1353,-0.101868,1.136719
1354,-0.101591,1.135523
1355,-0.101220,1.134385
1356,-0.100752,1.133283
1357,-0.100226,1.132224
1358,-0.099697,1.131160
1359,-0.099100,1.130109
1360,-0.098443,1.129087
1361,-0.097707,1.128106
1362,-0.096932,1.127220
1363,-0.096054,1.126399
1364,-0.095179,1.125616
1365,-0.094262,1.124896
1366,-0.093309,1.124186
1367,-0.092301,1.123517
1368,-0.091307,1.122981
1369,-0.090247,1.122419
1370,-0.089089,1.122007
1371,-0.087980,1.121587
1372,-0.086840,1.121222
1373,-0.085681,1.120919
1374,-0.084515,1.120707
1375,-0.083344,1.120539
1376,-0.082122,1.120522
1377,-0.080954,1.120495
1378,-0.079757,1.120524
1379,-0.078576,1.120673
1380,-0.077453,1.120843
1381,-0.076316,1.121080
1382,-0.075164,1.121382
1383,-0.074121,1.121806
1384,-0.073006,1.122239
1385,-0.072000,1.122796
1386,-0.071245,1.123496
1387,-0.070422,1.124128
1388,-0.069461,1.124809
1389,-0.068546,1.125569
1390,-0.067689,1.126359
1391,-0.066843,1.127181
1392,-0.066055,1.128057
1393,-0.065360,1.129087
1394,-0.064707,1.130022
1395,-0.064098,1.131026
1396,-0.063553,1.132033
1397,-0.063085,1.133103
1398,-0.062694,1.134177
1399,-0.062341,1.135255
1400,-0.062113,1.136376
1401,-0.061949,1.137459
1402,-0.061796,1.138570
1403,-0.061811,1.139706
1404,-0.061792,1.140836
1405,-0.061857,1.141963
1406,-0.061995,1.143089
1407,-0.062216,1.144112
1408,-0.062646,1.145137
1409,-0.063022,1.146176
1410,-0.063404,1.147254
1411,-0.063872,1.148291
1412,-0.064379,1.149330
1413,-0.064983,1.150313
1414,-0.065606,1.151285
1415,-0.066289,1.152200
1416,-0.067134,1.153072
1417,-0.067942,1.153774
1418,-0.068758,1.154487
1419,-0.069634,1.155178
1420,-0.070574,1.155789
1421,-0.071525,1.156360
1422,-0.072516,1.156877
1423,-0.073537,1.157325
1424,-0.074524,1.157604
1425,-0.075646,1.157869
1426,-0.076729,1.158085
1427,-0.077809,1.158250
1428,-0.078744,1.158130
1429,-0.079797,1.158092
1430,-0.080904,1.157988
1431,-0.082010,1.157868
1432,-0.083166,1.157558
1433,-0.084221,1.157249
1434,-0.085289,1.156861
1435,-0.086300,1.156345
1436,-0.087280,1.155795
1437,-0.088248,1.155166
1438,-0.089154,1.154452
1439,-0.089989,1.153634
1440,-0.090750,1.152694
1441,-0.091457,1.151749
1442,-0.092127,1.150764
1443,-0.092699,1.149681
1444,-0.093086,1.148532
1445,-0.093478,1.147313
1446,-0.094057,1.145768
1447,-0.094210,1.144250
1448,-0.094480,1.142645
1449,-0.094731,1.140865
1450,-0.096523,1.137623
1451,-0.098346,1.133544
1452,-0.098767,1.129630
1453,-0.098557,1.125386
1454,-0.098470,1.120299
1455,-0.098447,1.114245
1456,-0.098743,1.107246
1457,-0.099481,1.099519
1458,-0.100772,1.090818
1459,-0.102780,1.081740
1460,-0.105173,1.072277
1461,-0.107803,1.061872
1462,-0.110115,1.051062
1463,-0.111667,1.040105
1464,-0.111987,1.029173
1465,-0.110362,1.018734
1466,-0.107746,1.008115
1467,-0.105452,0.996669
1468,-0.103787,0.984287
1469,-0.102779,0.973446
1470,-0.100693,0.962981
1471,-0.097568,0.953052
1472,-0.093325,0.943447
1473,-0.087884,0.934066
1474,-0.081551,0.924528
1475,-0.075010,0.914182
1476,-0.068874,0.902292
1477,-0.062749,0.889205
1478,-0.056083,0.875600
1479,-0.048696,0.861920
1480,-0.040496,0.848376
1481,-0.031593,0.835253
1482,-0.021937,0.822536
1483,-0.011599,0.810818
1484,-0.000601,0.799413
1485,0.011082,0.788517
1486,0.023364,0.778272
1487,0.036228,0.768736
1488,0.049503,0.760199
1489,0.062125,0.756130
1490,0.074625,0.756405
1491,0.087505,0.757153
1492,0.100016,0.758914
1493,0.112724,0.760902
1494,0.125246,0.763450
1495,0.137617,0.767011
1496,0.149762,0.771245
1497,0.161840,0.775522
1498,0.173946,0.780284
1499,0.186164,0.784922
1500,0.197304,0.794608
1501,0.207278,0.806866
1502,0.216941,0.818756
1503,0.227131,0.827874
1504,0.239000,0.834663
1505,0.251828,0.843117
1506,0.264425,0.851300
1507,0.272720,0.862075
1508,0.279363,0.873738
1509,0.285159,0.886025
1510,0.290391,0.898777
1511,0.296599,0.910873
1512,0.304580,0.922563
1513,0.312142,0.935452
1514,0.320523,0.947645
1515,0.328956,0.960409
1516,0.337009,0.973798
1517,0.344470,0.987733
1518,0.351177,1.002158
1519,0.357075,1.017000
1520,0.362159,1.032130
1521,0.366436,1.047542
1522,0.369692,1.063238
1523,0.372175,1.079059
1524,0.373770,1.094971
1525,0.374458,1.110958
1526,0.374237,1.126965
1527,0.373087,1.142958
1528,0.370907,1.158929
1529,0.367830,1.174612
1530,0.364001,1.190132
1531,0.359293,1.205440
1532,0.353724,1.220547
1533,0.347297,1.235259
1534,0.340053,1.249534
1535,0.331860,1.263330
1536,0.323029,1.276726
1537,0.313464,1.289538
1538,0.303176,1.301818
1539,0.292156,1.313371
1540,0.280485,1.324382
1541,0.268279,1.334692
1542,0.255476,1.344296
1543,0.242135,1.353101
1544,0.228264,1.361150
1545,0.214000,1.368467
1546,0.199377,1.374935
1547,0.184393,1.380556
1548,0.169103,1.385315
1549,0.153633,1.389218
1550,0.137885,1.392242
1551,0.122061,1.394347
1552,0.106221,1.395469
1553,0.090428,1.395658
1554,0.074558,1.394999
1555,0.058666,1.393443
1556,0.042913,1.391005
1557,0.027298,1.387683
1558,0.011884,1.383481
1559,-0.003308,1.378410
1560,-0.018138,1.372483
1561,-0.032617,1.365712
1562,-0.046689,1.358132
1563,-0.060253,1.349603
1564,-0.073034,1.340486
1565,-0.085462,1.330655
1566,-0.097384,1.320118
1567,-0.108726,1.308907
1568,-0.119436,1.297062
1569,-0.129482,1.284596
1570,-0.138778,1.271557
1571,-0.147274,1.257951
1572,-0.154991,1.243935
1573,-0.161907,1.229596
1574,-0.168005,1.214862
1575,-0.173048,1.199967
1576,-0.177357,1.184703
1577,-0.180828,1.169179
1578,-0.183433,1.153459
1579,-0.185117,1.137611
1580,-0.185930,1.121655
1581,-0.186380,1.107151
1582,-0.185296,1.093775
1583,-0.183023,1.080283
1584,-0.179810,1.066847
1585,-0.175744,1.053413
1586,-0.170699,1.039858
1587,-0.163916,1.028347
1588,-0.156434,1.017248
1589,-0.149489,1.006877
1590,-0.143549,0.998157
1591,-0.136685,0.989046
1592,-0.129113,0.980110
1593,-0.120998,0.971773
1594,-0.112079,0.963946
1595,-0.102543,0.956757
1596,-0.091427,0.952852
1597,-0.079453,0.950414
1598,-0.066985,0.948375
1599,-0.054146,0.946503
1600,-0.041059,0.944712
1601,-0.027763,0.942258
1602,-0.014051,0.938765
1603,-0.003698,0.936827
1604,0.005187,0.937874
1605,0.014283,0.940185
1606,0.023549,0.943271
1607,0.033310,0.947266
1608,0.043527,0.951793
1609,0.053878,0.956464
1610,0.065123,0.961096
1611,0.077565,0.965366
1612,0.091250,0.969407
1613,0.105611,0.973809
1614,0.120207,0.978872
1615,0.134880,0.984854
1616,0.149182,0.991471
1617,0.163176,0.998909
1618,0.176781,1.007129
1619,0.189927,1.016115
1620,0.202559,1.025841
1621,0.214625,1.036266
1622,0.226080,1.047371
1623,0.236679,1.059123
1624,0.246616,1.071428
1625,0.255922,1.084263
1626,0.264573,1.097654
1627,0.272342,1.111647
1628,0.279357,1.125936
1629,0.285579,1.140586
1630,0.291019,1.155638
1631,0.295539,1.170906
1632,0.299194,1.186411
1633,0.302026,1.202209
1634,0.303889,1.218037
1635,0.304689,1.233978
1636,0.304726,1.249931
1637,0.303856,1.265821
1638,0.302096,1.281703
1639,0.299435,1.297402
1640,0.295861,1.312957
1641,0.291402,1.328287
1642,0.286104,1.343332
1643,0.279733,1.357870
1644,0.272777,1.372159
1645,0.265026,1.386044
1646,0.256471,1.399530
1647,0.247178,1.412491
1648,0.237171,1.424865
1649,0.226477,1.436654
1650,0.215115,1.447875
1651,0.203123,1.458383
1652,0.190509,1.468179
1653,0.177413,1.477204
1654,0.163801,1.485541
1655,0.149767,1.493045
1656,0.135333,1.499746
1657,0.120537,1.505613
1658,0.105315,1.510493
1659,0.090033,1.514504
1660,0.074612,1.517601
1661,0.058892,1.519932
1662,0.043063,1.521397
1663,0.027185,1.521952
1664,0.011263,1.521616
1665,-0.004583,1.520367
1666,-0.020414,1.518051
1667,-0.036026,1.515005
1668,-0.051414,1.511076
1669,-0.066564,1.506284
1670,-0.081503,1.500620
1671,-0.095792,1.494038
1672,-0.109779,1.486699
1673,-0.123360,1.478568
1674,-0.136555,1.469604
1675,-0.149212,1.460000
1676,-0.161337,1.449677
1677,-0.172822,1.438656
1678,-0.183653,1.427047
1679,-0.193884,1.414816
1680,-0.203374,1.401952
1681,-0.212058,1.388627
1682,-0.219948,1.374840
1683,-0.227011,1.360597
1684,-0.233252,1.346012
1685,-0.238717,1.331142
1686,-0.243328,1.315863
1687,-0.247056,1.300450
1688,-0.249971,1.284802
1689,-0.251959,1.269004
1690,-0.252858,1.253148
1691,-0.253025,1.237278
1692,-0.252283,1.221393
1693,-0.250640,1.205584
1694,-0.248003,1.190210
1695,-0.244462,1.174865
1696,-0.240060,1.159594
1697,-0.234883,1.144588
1698,-0.228877,1.129932
1699,-0.222010,1.115639
1700,-0.214304,1.101722
1701,-0.205822,1.088233
1702,-0.196653,1.075320
1703,-0.186774,1.062942
1704,-0.176138,1.051103
1705,-0.164842,1.039909
1706,-0.153091,1.029659
1707,-0.140562,1.020022
1708,-0.127603,1.011077
1709,-0.114188,1.002798
1710,-0.100305,0.995258
1711,-0.086000,0.988501
1712,-0.071328,0.982560
1713,-0.056337,0.977459
1714,-0.041019,0.973143
1715,-0.025531,0.969769
1716,-0.009829,0.967274
1717,0.005808,0.965977
1718,0.021570,0.965340
1719,0.037362,0.965568
1720,0.053134,0.966683
1721,0.068888,0.968693
1722,0.084438,0.971596
1723,0.099847,0.975374
1724,0.114979,0.980020
1725,0.129856,0.985527
1726,0.144385,0.991939
1727,0.158473,0.999113
1728,0.172215,1.007142
1729,0.185406,1.015875
1730,0.198083,1.025329
1731,0.210261,1.035565
1732,0.221834,1.046467
1733,0.232495,1.058000
1734,0.242593,1.070098
1735,0.252122,1.082756
1736,0.260862,1.095891
1737,0.268846,1.109554
1738,0.276061,1.123623
1739,0.282509,1.138179
1740,0.288046,1.153032
1741,0.292780,1.168185
1742,0.296629,1.183531
1743,0.299579,1.199081
1744,0.301600,1.214861
1745,0.302725,1.230611
1746,0.302974,1.246396
1747,0.302306,1.262325
1748,0.300755,1.278028
1749,0.298330,1.293616
1750,0.295019,1.309049
1751,0.290835,1.324293
1752,0.285678,1.339173
1753,0.279793,1.353791
1754,0.273092,1.368034
1755,0.265530,1.381914
1756,0.257240,1.395299
1757,0.248157,1.408261
1758,0.238418,1.420632
1759,0.227905,1.432348
1760,0.216824,1.443458
1761,0.205088,1.454006
1762,0.192740,1.463847
1763,0.179912,1.472986
1764,0.166532,1.481415
1765,0.152732,1.489018
1766,0.138453,1.495885
1767,0.123849,1.501864
1768,0.108875,1.506841
1769,0.093740,1.511000
1770,0.078423,1.514434
1771,0.062850,1.517030
1772,0.047137,1.518719
1773,0.031422,1.519489
1774,0.015695,1.519369
1775,-0.000055,1.518333
1776,-0.015689,1.516390
1777,-0.031267,1.513536
1778,-0.046523,1.509735
1779,-0.061453,1.505089
1780,-0.076195,1.499656
1781,-0.090710,1.493317
1782,-0.104852,1.486259
1783,-0.118513,1.478361
1784,-0.131732,1.469668
1785,-0.144336,1.460227
1786,-0.156481,1.450161
1787,-0.167963,1.439467
1788,-0.178733,1.428152
1789,-0.188725,1.416159
1790,-0.198101,1.403612
1791,-0.206814,1.390551
1792,-0.214822,1.377071
1793,-0.222051,1.363168
1794,-0.228484,1.348786
1795,-0.234053,1.334101
1796,-0.238790,1.319112
1797,-0.242670,1.303934
1798,-0.245694,1.288478
1799,-0.247537,1.273067
