0,0.008354,-1.548570
1,0.008354,-1.548570
2,0.008354,-1.548570
3,0.008354,-1.548570
4,0.008354,-1.548570
5,0.008354,-1.548570
6,0.017315,-1.540217
7,0.028776,-1.527671
8,0.039465,-1.514455
9,0.049385,-1.500652
10,0.058504,-1.486307
11,0.066791,-1.471467
12,0.074221,-1.456179
13,0.080769,-1.440494
14,0.086414,-1.424461
15,0.091137,-1.408133
16,0.094924,-1.391563
17,0.097762,-1.374804
18,0.099642,-1.357911
19,0.100558,-1.340938
20,0.100507,-1.323940
21,0.099488,-1.306973
22,0.097506,-1.290092
23,0.094567,-1.273350
24,0.090680,-1.256803
25,0.085857,-1.240504
26,0.080116,-1.224506
27,0.073473,-1.208860
28,0.065951,-1.193617
29,0.057574,-1.178828
30,0.048369,-1.164538
31,0.038365,-1.150796
32,0.027597,-1.137645
33,0.016097,-1.125128
34,0.012863,-1.121649
35,0.012863,-1.121649
36,0.012863,-1.121649
37,0.012863,-1.121649
38,0.012863,-1.121649
39,0.012863,-1.121649
40,0.011749,-1.133848
41,0.011564,-1.150841
42,0.012402,-1.167817
43,0.014204,-1.184719
44,0.016964,-1.201491
45,0.020675,-1.218079
46,0.021738,-1.222708
47,0.021738,-1.222708
48,0.021738,-1.222708
49,0.021738,-1.222708
50,0.021738,-1.222708
51,0.021738,-1.222708
52,0.028797,-1.212696
53,0.037444,-1.198067
54,0.045199,-1.182941
55,0.052079,-1.167399
56,0.058065,-1.151490
57,0.063136,-1.135267
58,0.067275,-1.118781
59,0.070470,-1.102086
60,0.072710,-1.085237
61,0.073987,-1.068287
62,0.074298,-1.051293
63,0.073642,-1.034308
64,0.072020,-1.017388
65,0.069438,-1.000588
66,0.065905,-0.983961
67,0.061431,-0.967563
68,0.056032,-0.951446
69,0.049725,-0.935662
70,0.042529,-0.920263
71,0.034469,-0.905298
72,0.025571,-0.890815
73,0.015863,-0.876863
74,0.005377,-0.863485
75,-0.005853,-0.850726
76,-0.009011,-0.847178
77,-0.009011,-0.847178
78,-0.009011,-0.847178
79,-0.009011,-0.847178
80,-0.009011,-0.847178
81,-0.009011,-0.847178
82,-0.010386,-0.859351
83,-0.010933,-0.876336
84,-0.010458,-0.893327
85,-0.009017,-0.910263
86,-0.006614,-0.927090
87,-0.003258,-0.943753
88,-0.002294,-0.948404
89,-0.002294,-0.948404
90,-0.002294,-0.948404
91,-0.002294,-0.948404
92,-0.002294,-0.948404
93,-0.002294,-0.948404
94,0.004977,-0.938545
95,0.013934,-0.924104
96,0.022009,-0.909147
97,0.029220,-0.893754
98,0.035544,-0.877977
99,0.040959,-0.861865
100,0.045449,-0.845472
101,0.048999,-0.828849
102,0.051598,-0.812051
103,0.053236,-0.795133
104,0.053910,-0.778149
105,0.053616,-0.761154
106,0.052355,-0.744203
107,0.050132,-0.727351
108,0.046954,-0.710654
109,0.042831,-0.694164
110,0.037777,-0.677935
111,0.031807,-0.662020
112,0.024942,-0.646471
113,0.017203,-0.631337
114,0.008616,-0.616669
115,-0.000793,-0.602512
116,-0.010991,-0.588914
117,-0.013862,-0.585130
118,-0.013862,-0.585130
119,-0.013862,-0.585130
120,-0.013862,-0.585130
121,-0.013862,-0.585130
122,-0.013862,-0.585130
123,-0.016184,-0.597158
124,-0.018057,-0.614049
125,-0.018912,-0.631025
126,-0.018799,-0.648022
127,-0.017719,-0.664985
128,-0.015676,-0.681859
129,-0.012676,-0.698590
130,-0.011812,-0.703260
131,-0.011812,-0.703260
132,-0.011812,-0.703260
133,-0.011812,-0.703260
134,-0.011812,-0.703260
135,-0.011812,-0.703260
136,-0.004332,-0.693559
137,0.004931,-0.679312
138,0.013323,-0.664530
139,0.020861,-0.649295
140,0.027519,-0.633656
141,0.033277,-0.617664
142,0.038116,-0.601369
143,0.042019,-0.584826
144,0.044975,-0.568088
145,0.046974,-0.551208
146,0.048010,-0.534242
147,0.048078,-0.517245
148,0.047180,-0.500271
149,0.045316,-0.483376
150,0.042495,-0.466614
151,0.038725,-0.450040
152,0.034018,-0.433707
153,0.028389,-0.417669
154,0.021857,-0.401977
155,0.014442,-0.386682
156,0.006170,-0.371833
157,-0.002935,-0.357479
158,-0.012841,-0.343667
159,-0.015631,-0.339823
160,-0.015631,-0.339823
161,-0.015631,-0.339823
162,-0.015631,-0.339823
163,-0.015631,-0.339823
164,-0.015631,-0.339823
165,-0.015631,-0.339823
166,-0.013589,-0.351901
167,-0.009422,-0.368376
168,-0.004271,-0.384574
169,0.001794,-0.400453
170,0.003514,-0.404881
171,0.003514,-0.404881
172,0.003514,-0.404881
173,0.003514,-0.404881
174,0.003514,-0.404881
175,0.012708,-0.396786
176,0.024521,-0.384569
177,0.035581,-0.371662
178,0.045888,-0.358147
179,0.055410,-0.344066
180,0.064115,-0.329467
181,0.071976,-0.314397
182,0.078966,-0.298903
183,0.085064,-0.283037
184,0.090249,-0.266849
185,0.094504,-0.250393
186,0.097817,-0.233722
187,0.100175,-0.216889
188,0.101572,-0.199949
189,0.102003,-0.182956
190,0.101467,-0.165967
191,0.099964,-0.149036
192,0.097501,-0.132218
193,0.096786,-0.127522
194,0.090328,-0.117113
195,0.080240,-0.103437
196,0.069346,-0.090390
197,0.057727,-0.077984
198,0.045421,-0.066259
199,0.041963,-0.063002
200,0.041963,-0.063002
201,0.041963,-0.063002
202,0.041963,-0.063002
203,0.041963,-0.063002
204,0.041963,-0.063002
205,0.041963,-0.063002
206,0.046220,-0.074488
207,0.052749,-0.089211
208,0.054158,-0.097462
209,0.056105,-0.105403
210,0.058587,-0.112998
211,0.058999,-0.114191
212,0.058999,-0.114191
213,0.058999,-0.114191
214,0.058999,-0.114191
215,0.069201,-0.107409
216,0.082552,-0.096896
217,0.095251,-0.085597
218,0.107286,-0.073593
219,0.118618,-0.060925
220,0.129211,-0.047632
221,0.139031,-0.033758
222,0.148046,-0.019348
223,0.156226,-0.004448
224,0.163545,0.010893
225,0.169980,0.026625
226,0.175509,0.042698
227,0.180114,0.059060
228,0.183781,0.075657
229,0.186498,0.092436
230,0.188256,0.109342
231,0.189049,0.126321
232,0.189244,0.131067
233,0.189244,0.131067
234,0.180960,0.140091
235,0.168500,0.151648
236,0.155366,0.162437
237,0.141639,0.172462
238,0.137787,0.175241
239,0.137787,0.175241
240,0.137787,0.175241
241,0.137787,0.175241
242,0.137787,0.175241
243,0.134476,0.163447
244,0.131211,0.146770
245,0.128952,0.129923
246,0.128130,0.114071
247,0.131670,0.107949
248,0.135334,0.101571
249,0.139227,0.094919
250,0.143398,0.088001
251,0.147891,0.080830
252,0.152750,0.073422
253,0.158016,0.065800
254,0.163732,0.057989
255,0.169935,0.050019
256,0.176664,0.041924
257,0.183953,0.033740
258,0.191834,0.025510
259,0.200336,0.017280
260,0.209485,0.009096
261,0.219301,0.001013
262,0.229802,-0.006917
263,0.241000,-0.014634
264,0.252901,-0.022079
265,0.265508,-0.029188
266,0.278814,-0.035897
267,0.292805,-0.042139
268,0.307461,-0.047847
269,0.322747,-0.052949
270,0.338617,-0.057374
271,0.355003,-0.061050
272,0.371755,-0.063872
273,0.388650,-0.065740
274,0.405623,-0.066644
275,0.422621,-0.066580
276,0.439587,-0.065550
277,0.456467,-0.063555
278,0.473207,-0.060604
279,0.489751,-0.056705
280,0.506047,-0.051871
281,0.522041,-0.046118
282,0.537682,-0.039464
283,0.552919,-0.031931
284,0.567508,-0.023884
285,0.581448,-0.015359
286,0.594255,-0.007511
287,0.604137,-0.002273
288,0.612419,0.003451
289,0.620417,0.009671
290,0.630377,0.017686
291,0.640052,0.027596
292,0.649048,0.038407
293,0.657294,0.049911
294,0.664751,0.062106
295,0.671374,0.074882
296,0.672959,0.078041
297,0.671617,0.079283
298,0.668428,0.082510
299,0.663858,0.087076
300,0.657998,0.092642
301,0.651067,0.099937
302,0.643375,0.109422
303,0.635422,0.121359
304,0.628585,0.136789
305,0.620989,0.151994
306,0.612540,0.166743
307,0.603265,0.180987
308,0.600651,0.184953
309,0.590429,0.191705
310,0.575544,0.199905
311,0.560190,0.207196
312,0.544446,0.213602
313,0.528363,0.219102
314,0.511993,0.223678
315,0.495389,0.227315
316,0.478605,0.230002
317,0.461696,0.231729
318,0.456968,0.232185
319,0.445294,0.228471
320,0.429566,0.222036
321,0.420598,0.218612
322,0.411580,0.214292
323,0.398555,0.206536
324,0.385359,0.197448
325,0.372220,0.186972
326,0.371609,0.184012
327,0.371863,0.183949
328,0.372054,0.183900
329,0.372072,0.183895
330,0.372072,0.183895
331,0.374271,0.182863
332,0.375887,0.182111
333,0.375993,0.182061
334,0.386324,0.188979
335,0.399524,0.199682
336,0.402683,0.202261
337,0.402683,0.202261
338,0.401738,0.204319
339,0.399740,0.209335
340,0.397409,0.216944
341,0.395083,0.227607
342,0.393138,0.241100
343,0.392635,0.244354
344,0.392635,0.244354
345,0.389642,0.249430
346,0.383023,0.256277
347,0.369731,0.263913
348,0.358452,0.272017
349,0.350240,0.281576
350,0.346361,0.286237
351,0.343913,0.288434
352,0.344312,0.287903
353,0.344340,0.285947
354,0.338736,0.283341
355,0.330985,0.278927
356,0.322342,0.272677
357,0.314026,0.265407
358,0.306063,0.257451
359,0.298580,0.248875
360,0.291458,0.239607
361,0.284761,0.229616
362,0.278536,0.218897
363,0.272825,0.207444
364,0.268664,0.197051
365,0.265833,0.187788
366,0.263758,0.178600
367,0.262683,0.169259
368,0.262241,0.159679
369,0.262500,0.150151
370,0.263324,0.140622
371,0.264681,0.131129
372,0.266582,0.121724
373,0.268886,0.112357
374,0.271334,0.103038
375,0.274266,0.093859
376,0.277760,0.084899
377,0.281667,0.075995
378,0.286131,0.067444
379,0.291760,0.059553
380,0.298062,0.052225
381,0.304769,0.045133
382,0.311850,0.038453
383,0.319303,0.032189
384,0.327057,0.026400
385,0.335101,0.020965
386,0.343516,0.016063
387,0.352188,0.011649
388,0.361025,0.007810
389,0.370145,0.004408
390,0.379445,0.001537
391,0.388864,-0.000872
392,0.398333,-0.002606
393,0.407981,-0.003855
394,0.417683,-0.004549
395,0.427405,-0.004686
396,0.437027,-0.004230
397,0.446711,-0.003289
398,0.456313,-0.001826
399,0.465813,0.000240
400,0.475067,0.002837
401,0.484265,0.005962
402,0.493270,0.009610
403,0.502038,0.013770
404,0.510559,0.018428
405,0.518714,0.023515
406,0.526651,0.029109
407,0.534251,0.035161
408,0.541508,0.041798
409,0.548338,0.048699
410,0.554676,0.055924
411,0.560706,0.063510
412,0.566361,0.071360
413,0.571356,0.079562
414,0.575986,0.088095
415,0.580132,0.096851
416,0.583762,0.105839
417,0.586757,0.114981
418,0.589344,0.124318
419,0.591330,0.133928
420,0.592774,0.143490
421,0.593696,0.153139
422,0.594067,0.162821
423,0.593886,0.172498
424,0.593147,0.182167
425,0.591863,0.191767
426,0.590015,0.201161
427,0.587655,0.210570
428,0.584783,0.219818
429,0.581419,0.228901
430,0.577493,0.237602
431,0.572951,0.246364
432,0.568003,0.254700
433,0.562606,0.262604
434,0.556792,0.270320
435,0.550543,0.277694
436,0.543889,0.284614
437,0.536848,0.291215
438,0.529429,0.297429
439,0.519453,0.304517
440,0.507813,0.312192
441,0.495714,0.319679
442,0.483145,0.327099
443,0.470331,0.336056
444,0.459936,0.341839
445,0.445253,0.345501
446,0.433781,0.349400
447,0.427333,0.351489
448,0.421003,0.352373
449,0.416166,0.353137
450,0.409676,0.351920
451,0.402094,0.349048
452,0.399735,0.345047
453,0.399312,0.342730
454,0.399278,0.342554
455,0.399278,0.342554
456,0.399278,0.342554
457,0.399278,0.342554
458,0.408526,0.334464
459,0.417157,0.328227
460,0.429097,0.322301
461,0.441995,0.316646
462,0.455585,0.311298
463,0.469602,0.306515
464,0.484332,0.302046
465,0.499787,0.297967
466,0.515971,0.294355
467,0.532700,0.291420
468,0.549581,0.289433
469,0.566548,0.288410
470,0.583545,0.288354
471,0.600452,0.289217
472,0.617346,0.291092
473,0.634105,0.293925
474,0.650677,0.297707
475,0.667006,0.302426
476,0.683040,0.308067
477,0.698728,0.314610
478,0.714018,0.322036
479,0.728860,0.330319
480,0.743208,0.339433
481,0.757013,0.349349
482,0.770232,0.360034
483,0.782822,0.371454
484,0.794107,0.383284
485,0.804146,0.395420
486,0.813918,0.408377
487,0.823341,0.422154
488,0.832210,0.436645
489,0.840247,0.451622
490,0.847419,0.467032
491,0.853702,0.482826
492,0.859077,0.498951
493,0.863526,0.515356
494,0.867034,0.531988
495,0.869590,0.548792
496,0.871186,0.565714
497,0.871817,0.582700
498,0.871080,0.598422
499,0.869545,0.614456
500,0.867211,0.630930
501,0.863990,0.647613
502,0.859825,0.664093
503,0.854730,0.680308
504,0.848720,0.696208
505,0.841816,0.711740
506,0.834039,0.726854
507,0.825414,0.741501
508,0.816469,0.754406
509,0.806462,0.767542
510,0.795476,0.780508
511,0.792385,0.784114
512,0.781397,0.789531
513,0.767852,0.795738
514,0.751707,0.801046
515,0.735286,0.805427
516,0.730750,0.806615
517,0.729704,0.804782
518,0.727919,0.800519
519,0.726215,0.794725
520,0.727590,0.793497
521,0.723222,0.786200
522,0.713967,0.773906
523,0.702778,0.761212
524,0.692170,0.747931
525,0.682335,0.734068
526,0.673304,0.719667
527,0.665108,0.704777
528,0.657772,0.689444
529,0.651321,0.673718
530,0.645774,0.657651
531,0.644250,0.653152
532,0.644250,0.653152
533,0.644250,0.653152
534,0.644250,0.653152
535,0.644250,0.653152
536,0.644250,0.653152
537,0.644250,0.653152
538,0.644250,0.653152
539,0.644250,0.653152
540,0.644250,0.653152
541,0.644250,0.653152
542,0.644250,0.653152
543,0.633275,0.658595
544,0.617494,0.664899
545,0.601359,0.670245
546,0.584946,0.674664
547,0.568308,0.678142
548,0.553886,0.680052
549,0.551148,0.680370
550,0.539312,0.677212
551,0.525023,0.674105
552,0.510957,0.670471
553,0.497114,0.666246
554,0.483529,0.661525
555,0.470107,0.655970
556,0.466846,0.654701
557,0.463448,0.656402
558,0.458948,0.658814
559,0.455603,0.660661
560,0.452263,0.662283
561,0.448850,0.663695
562,0.445362,0.664896
563,0.442819,0.666212
564,0.442678,0.670243
565,0.442336,0.676713
566,0.441435,0.685219
567,0.439646,0.695490
568,0.436626,0.707222
569,0.432889,0.718147
570,0.427038,0.727436
571,0.419608,0.735879
572,0.411654,0.743808
573,0.403275,0.751236
574,0.394506,0.758143
575,0.385381,0.764509
576,0.375932,0.770318
577,0.366194,0.775552
578,0.356200,0.780198
579,0.345987,0.784243
580,0.335589,0.787679
581,0.325042,0.790497
582,0.314384,0.792691
583,0.303651,0.794259
584,0.292879,0.795198
585,0.282106,0.795510
586,0.271366,0.795197
587,0.260697,0.794265
588,0.250133,0.792720
589,0.244175,0.792723
590,0.245977,0.796580
591,0.251957,0.800631
592,0.259502,0.805491
593,0.262415,0.811459
594,0.264204,0.817791
595,0.265505,0.824359
596,0.266402,0.831054
597,0.266905,0.837815
598,0.267018,0.844604
599,0.266741,0.851392
600,0.266077,0.858155
601,0.265028,0.864868
602,0.263597,0.871511
603,0.261791,0.878060
604,0.259614,0.884495
605,0.257074,0.890796
606,0.254179,0.896940
607,0.250939,0.902909
608,0.247364,0.908683
609,0.243466,0.914243
610,0.239258,0.919571
611,0.234753,0.924650
612,0.229966,0.929464
613,0.224913,0.933997
614,0.219611,0.938233
615,0.214076,0.942160
616,0.208352,0.945913
617,0.202433,0.949190
618,0.196318,0.952115
619,0.190039,0.954684
620,0.183622,0.956890
621,0.177088,0.958727
622,0.170476,0.960297
623,0.163731,0.961539
624,0.157002,0.962262
625,0.150230,0.962581
626,0.143446,0.962509
627,0.136674,0.962048
628,0.129940,0.961202
629,0.123237,0.960080
630,0.116540,0.958610
631,0.110057,0.956658
632,0.103693,0.954319
633,0.097468,0.951615
634,0.091407,0.948559
635,0.085530,0.945161
636,0.079794,0.941519
637,0.074190,0.937558
638,0.068973,0.933244
639,0.064017,0.928617
640,0.059332,0.923707
641,0.054934,0.918535
642,0.050839,0.913119
643,0.046964,0.907535
644,0.043357,0.901694
645,0.040220,0.895698
646,0.037098,0.890286
647,0.029470,0.895160
648,0.021497,0.900860
649,0.013434,0.905692
650,0.005398,0.909888
651,-0.002605,0.913413
652,-0.010267,0.916202
653,-0.017606,0.918088
654,-0.024491,0.918896
655,-0.030462,0.918625
656,-0.036992,0.918457
657,-0.047234,0.920055
658,-0.058204,0.922076
659,-0.069239,0.924100
660,-0.080042,0.925964
661,-0.090502,0.927654
662,-0.100407,0.929078
663,-0.109726,0.930137
664,-0.118725,0.929115
665,-0.124947,0.926135
666,-0.127654,0.923118
667,-0.130491,0.918551
668,-0.134385,0.911966
669,-0.137230,0.904209
670,-0.137849,0.903383
671,-0.137849,0.903383
672,-0.137552,0.901526
673,-0.135984,0.899796
674,-0.135678,0.899460
675,-0.133761,0.898237
676,-0.131405,0.894218
677,-0.126744,0.889227
678,-0.120278,0.879285
679,-0.112753,0.867660
680,-0.104825,0.855838
681,-0.096065,0.844034
682,-0.086372,0.832310
683,-0.084969,0.826645
684,-0.087102,0.823608
685,-0.088422,0.820268
686,-0.088650,0.815988
687,-0.088523,0.811665
688,-0.088106,0.807383
689,-0.087413,0.803167
690,-0.086452,0.799036
691,-0.085230,0.795007
692,-0.083755,0.791095
693,-0.079412,0.789143
694,-0.072782,0.791939
695,-0.067690,0.795916
696,-0.063104,0.799894
697,-0.057579,0.807638
698,-0.051139,0.822633
699,-0.046306,0.838007
700,-0.042356,0.853554
701,-0.039293,0.869227
702,-0.037120,0.884980
703,-0.035835,0.900766
704,-0.035436,0.916539
705,-0.035919,0.932252
706,-0.037276,0.947858
707,-0.039499,0.963311
708,-0.042574,0.978566
709,-0.046487,0.993577
710,-0.051222,1.008300
711,-0.056761,1.022691
712,-0.063080,1.036710
713,-0.070158,1.050313
714,-0.077969,1.063462
715,-0.086485,1.076119
716,-0.095675,1.088246
717,-0.105510,1.099809
718,-0.115955,1.110774
719,-0.126975,1.121109
720,-0.138533,1.130786
721,-0.150592,1.139777
722,-0.163111,1.148057
723,-0.176050,1.155602
724,-0.189366,1.162392
725,-0.203017,1.168409
726,-0.216958,1.173637
727,-0.231145,1.178061
728,-0.245273,1.181642
729,-0.259127,1.184472
730,-0.273106,1.186512
731,-0.287164,1.187755
732,-0.301256,1.188200
733,-0.315339,1.187847
734,-0.329365,1.186697
735,-0.343292,1.184757
736,-0.357074,1.182033
737,-0.370667,1.178537
738,-0.384029,1.174279
739,-0.397117,1.169275
740,-0.409890,1.163543
741,-0.422308,1.157101
742,-0.434330,1.149973
743,-0.445920,1.142180
744,-0.457041,1.133750
745,-0.467658,1.124711
746,-0.477737,1.115091
747,-0.487248,1.104924
748,-0.496161,1.094242
749,-0.504447,1.083081
750,-0.512082,1.071476
751,-0.519042,1.059466
752,-0.525306,1.047089
753,-0.530853,1.034386
754,-0.535672,1.021179
755,-0.539728,1.008165
756,-0.543039,0.994948
757,-0.545594,0.981571
758,-0.547384,0.968077
759,-0.548405,0.954510
760,-0.548654,0.940913
761,-0.548131,0.927330
762,-0.546839,0.913805
763,-0.544782,0.900382
764,-0.541968,0.887102
765,-0.538406,0.874010
766,-0.534109,0.861146
767,-0.529090,0.848553
768,-0.523368,0.836270
769,-0.523598,0.827061
770,-0.528697,0.820455
771,-0.534317,0.814820
772,-0.538688,0.809589
773,-0.540626,0.804572
774,-0.540675,0.803940
775,-0.530685,0.800221
776,-0.514453,0.795189
777,-0.501680,0.791519
778,-0.495139,0.789396
779,-0.493564,0.789063
780,-0.490977,0.792455
781,-0.485909,0.795758
782,-0.483200,0.796994
783,-0.480192,0.800066
784,-0.478288,0.802044
785,-0.478936,0.801335
786,-0.478552,0.800069
787,-0.477981,0.798055
788,-0.477919,0.797863
789,-0.477919,0.797863
790,-0.478357,0.798344
791,-0.478357,0.798344
792,-0.478522,0.798485
793,-0.478596,0.798541
794,-0.479248,0.798855
795,-0.479797,0.799065
796,-0.479797,0.799065
797,-0.480821,0.799146
798,-0.481131,0.799142
799,-0.481131,0.799142
800,-0.481131,0.799142
801,-0.481131,0.799142
802,-0.481701,0.795167
803,-0.482092,0.790312
804,-0.482605,0.787010
805,-0.482903,0.783819
806,-0.482980,0.780640
807,-0.482834,0.777471
808,-0.484065,0.772898
809,-0.489706,0.763377
810,-0.497029,0.754665
811,-0.505460,0.746066
812,-0.516322,0.735635
813,-0.527767,0.724955
814,-0.538905,0.713586
815,-0.549389,0.701691
816,-0.559128,0.689235
817,-0.568302,0.675985
818,-0.576811,0.662209
819,-0.584561,0.647903
820,-0.591603,0.632966
821,-0.597812,0.617707
822,-0.603152,0.602015
823,-0.607728,0.585714
824,-0.611392,0.569247
825,-0.614076,0.552713
826,-0.615785,0.536164
827,-0.616527,0.519657
828,-0.616312,0.503245
829,-0.615153,0.486980
830,-0.613067,0.470915
831,-0.610027,0.454968
832,-0.605988,0.438296
833,-0.601038,0.421808
834,-0.595130,0.405509
835,-0.588366,0.389834
836,-0.580720,0.374617
837,-0.572120,0.359481
838,-0.562718,0.344931
839,-0.552566,0.331057
840,-0.541707,0.317894
841,-0.530187,0.305474
842,-0.517781,0.293498
843,-0.504602,0.282111
844,-0.490782,0.271474
845,-0.476314,0.261582
846,-0.461255,0.252488
847,-0.445652,0.244231
848,-0.429558,0.236846
849,-0.413046,0.230376
850,-0.396129,0.224827
851,-0.378879,0.220231
852,-0.361381,0.216621
853,-0.343650,0.213997
854,-0.325787,0.212384
855,-0.307812,0.211783
856,-0.290435,0.212282
857,-0.273228,0.213738
858,-0.256092,0.216174
859,-0.239148,0.219581
860,-0.222365,0.223952
861,-0.205849,0.229275
862,-0.189738,0.235519
863,-0.174033,0.242650
864,-0.158588,0.250728
865,-0.143663,0.259663
866,-0.129255,0.269437
867,-0.115399,0.280032
868,-0.102202,0.291381
869,-0.089644,0.303478
870,-0.077811,0.316262
871,-0.066733,0.329689
872,-0.056447,0.343716
873,-0.046971,0.358310
874,-0.038364,0.373395
875,-0.031101,0.388250
876,-0.024784,0.403270
877,-0.019361,0.418599
878,-0.014822,0.434196
879,-0.011189,0.450001
880,-0.008466,0.465961
881,-0.006672,0.482007
882,-0.005803,0.498081
883,-0.005853,0.514130
884,-0.006826,0.530087
885,-0.008701,0.545896
886,-0.011476,0.561494
887,-0.015126,0.576824
888,-0.019628,0.591825
889,-0.024961,0.606445
890,-0.031088,0.620628
891,-0.037979,0.634324
892,-0.045596,0.647488
893,-0.053902,0.660076
894,-0.062878,0.672058
895,-0.071465,0.680653
896,-0.078048,0.684986
897,-0.083661,0.692685
898,-0.092458,0.700118
899,-0.102175,0.706957
900,-0.112404,0.713235
901,-0.123028,0.718938
902,-0.133993,0.724048
903,-0.145260,0.728543
904,-0.156789,0.732403
905,-0.168542,0.735613
906,-0.180480,0.738158
907,-0.192561,0.740025
908,-0.204746,0.741207
909,-0.216991,0.741696
910,-0.229255,0.741489
911,-0.241496,0.740584
912,-0.253672,0.738984
913,-0.265739,0.736692
914,-0.277657,0.733717
915,-0.289385,0.730066
916,-0.300882,0.725754
917,-0.312110,0.720794
918,-0.323028,0.715205
919,-0.333602,0.709005
920,-0.343794,0.702216
921,-0.353571,0.694862
922,-0.362890,0.686969
923,-0.371731,0.678569
924,-0.380066,0.669689
925,-0.387869,0.660361
926,-0.394819,0.650859
927,-0.401431,0.640751
928,-0.407492,0.630347
929,-0.412968,0.619614
930,-0.417800,0.608586
931,-0.421980,0.597315
932,-0.425495,0.585841
933,-0.428337,0.574209
934,-0.430500,0.562459
935,-0.431979,0.550633
936,-0.432774,0.538769
937,-0.432883,0.526909
938,-0.432313,0.515093
939,-0.431065,0.503360
940,-0.429147,0.491749
941,-0.426571,0.480299
942,-0.423348,0.469050
943,-0.419495,0.458036
944,-0.415023,0.447294
945,-0.409957,0.436859
946,-0.404312,0.426765
947,-0.398115,0.417043
948,-0.391385,0.407727
949,-0.384155,0.398842
950,-0.376449,0.390416
951,-0.368294,0.382479
952,-0.359724,0.375051
953,-0.350770,0.368156
954,-0.341465,0.361812
955,-0.331844,0.356039
956,-0.321942,0.350852
957,-0.312085,0.346505
958,-0.301744,0.342531
959,-0.291230,0.339198
960,-0.280615,0.336426
961,-0.269894,0.334272
962,-0.259101,0.332771
963,-0.248283,0.331906
964,-0.237480,0.331675
965,-0.226729,0.332073
966,-0.216068,0.333093
967,-0.205534,0.334725
968,-0.195162,0.336957
969,-0.184987,0.339777
970,-0.175044,0.343168
971,-0.165366,0.347113
972,-0.155983,0.351594
973,-0.146927,0.356588
974,-0.138227,0.362074
975,-0.129909,0.368025
976,-0.122000,0.374417
977,-0.114525,0.381221
978,-0.107504,0.388406
979,-0.100959,0.395946
980,-0.094907,0.403807
981,-0.089366,0.411957
982,-0.084348,0.420361
983,-0.079868,0.428988
984,-0.075932,0.437800
985,-0.072551,0.446763
986,-0.069729,0.455842
987,-0.067468,0.464999
988,-0.065969,0.473888
989,-0.064834,0.483117
990,-0.064195,0.492284
991,-0.064131,0.501395
992,-0.064637,0.510429
993,-0.065627,0.519312
994,-0.067142,0.528027
995,-0.069167,0.536544
996,-0.071680,0.544830
997,-0.074662,0.552856
998,-0.078090,0.560595
999,-0.081940,0.568018
1000,-0.086188,0.575102
1001,-0.090805,0.581822
1002,-0.095764,0.588158
1003,-0.101035,0.594089
1004,-0.106586,0.599597
1005,-0.112387,0.604668
1006,-0.118403,0.609290
1007,-0.124601,0.613450
1008,-0.130946,0.617140
1009,-0.137404,0.620355
1010,-0.143940,0.623093
1011,-0.150518,0.625352
1012,-0.157105,0.627136
1013,-0.163666,0.628448
1014,-0.170169,0.629297
1015,-0.176583,0.629693
1016,-0.182877,0.629647
1017,-0.189022,0.629176
1018,-0.194993,0.628296
1019,-0.200409,0.626920
1020,-0.206024,0.625267
1021,-0.211487,0.623270
1022,-0.216629,0.621030
1023,-0.221479,0.618460
1024,-0.225867,0.615678
1025,-0.230030,0.612530
1026,-0.233955,0.609136
1027,-0.237630,0.605528
1028,-0.241045,0.601725
1029,-0.244190,0.597746
1030,-0.247051,0.593616
1031,-0.249583,0.589376
1032,-0.251807,0.585012
1033,-0.253732,0.580548
1034,-0.255356,0.576006
1035,-0.256679,0.571405
1036,-0.258915,0.569048
1037,-0.259700,0.566729
1038,-0.259246,0.564704
1039,-0.257912,0.562984
1040,-0.255957,0.561558
1041,-0.253568,0.560408
1042,-0.250879,0.559518
1043,-0.247985,0.558876
1044,-0.244953,0.558472
1045,-0.241834,0.558297
1046,-0.238664,0.558346
1047,-0.235468,0.558620
1048,-0.232270,0.559123
1049,-0.229088,0.559854
1050,-0.225944,0.560814
1051,-0.222834,0.562372
1052,-0.219770,0.563776
1053,-0.216834,0.565391
1054,-0.214060,0.567222
1055,-0.211391,0.569265
1056,-0.208853,0.571513
1057,-0.206584,0.573931
1058,-0.204371,0.576585
1059,-0.202231,0.579438
1060,-0.200260,0.582449
1061,-0.198576,0.585565
1062,-0.197140,0.588814
1063,-0.195924,0.592201
1064,-0.194945,0.595710
1065,-0.194215,0.599323
1066,-0.193745,0.603024
1067,-0.193543,0.606798
1068,-0.193615,0.610627
1069,-0.193973,0.614491
1070,-0.194619,0.618371
1071,-0.195560,0.622249
1072,-0.196799,0.626105
1073,-0.198340,0.629919
1074,-0.200183,0.633667
1075,-0.202329,0.637331
1076,-0.204777,0.640888
1077,-0.207523,0.644317
1078,-0.210566,0.647593
1079,-0.213898,0.650697
1080,-0.217512,0.653604
1081,-0.221402,0.656295
1082,-0.225557,0.658744
1083,-0.230880,0.658706
1084,-0.236641,0.659842
1085,-0.242662,0.661129
1086,-0.248797,0.662118
1087,-0.255008,0.662751
1088,-0.261271,0.663018
1089,-0.267564,0.662914
1090,-0.273864,0.662437
1091,-0.280150,0.661586
1092,-0.286399,0.660360
1093,-0.292589,0.658762
1094,-0.298697,0.656794
1095,-0.304702,0.654460
1096,-0.310581,0.651767
1097,-0.316313,0.648720
1098,-0.321877,0.645329
1099,-0.327252,0.641601
1100,-0.332417,0.637549
1101,-0.337353,0.633184
1102,-0.342042,0.628519
1103,-0.346464,0.623568
1104,-0.350603,0.618347
1105,-0.354442,0.612872
1106,-0.357966,0.607160
1107,-0.361159,0.601230
1108,-0.364009,0.595101
1109,-0.366504,0.588793
1110,-0.368631,0.582326
1111,-0.370382,0.575723
1112,-0.371748,0.569004
1113,-0.372721,0.562194
1114,-0.373143,0.554974
1115,-0.373299,0.548055
1116,-0.373051,0.541113
1117,-0.372396,0.534175
1118,-0.371331,0.527262
1119,-0.369860,0.520401
1120,-0.367983,0.513615
1121,-0.365705,0.506928
1122,-0.363031,0.500364
1123,-0.359967,0.493946
1124,-0.356523,0.487697
1125,-0.352707,0.481641
1126,-0.348530,0.475799
1127,-0.344004,0.470192
1128,-0.339143,0.464842
1129,-0.333962,0.459769
1130,-0.328476,0.454992
1131,-0.322702,0.450529
1132,-0.316659,0.446397
1133,-0.310365,0.442612
1134,-0.303841,0.439191
1135,-0.297108,0.436146
1136,-0.290187,0.433491
1137,-0.283102,0.431236
1138,-0.275875,0.429392
1139,-0.268531,0.427969
1140,-0.261094,0.426972
1141,-0.253589,0.426408
1142,-0.246042,0.426282
1143,-0.238477,0.426596
1144,-0.230921,0.427352
1145,-0.223400,0.428550
1146,-0.215641,0.430413
1147,-0.208274,0.432498
1148,-0.201019,0.435015
1149,-0.193903,0.437958
1150,-0.186949,0.441320
1151,-0.180183,0.445090
1152,-0.173629,0.449259
1153,-0.167311,0.453815
1154,-0.161250,0.458744
1155,-0.155470,0.464031
1156,-0.149992,0.469660
1157,-0.144630,0.472452
1158,-0.139885,0.472301
1159,-0.135925,0.470460
1160,-0.132803,0.468425
1161,-0.129894,0.466600
1162,-0.126940,0.464985
1163,-0.123906,0.463585
1164,-0.120801,0.462402
1165,-0.117640,0.461442
1166,-0.114436,0.460705
1167,-0.111206,0.460194
1168,-0.107964,0.459909
1169,-0.104726,0.459850
1170,-0.101506,0.460015
1171,-0.098319,0.460400
1172,-0.095181,0.461004
1173,-0.092106,0.461822
1174,-0.089107,0.462847
1175,-0.086198,0.464074
1176,-0.083393,0.465496
1177,-0.080703,0.467105
1178,-0.078438,0.469117
1179,-0.076028,0.471056
1180,-0.073766,0.473153
1181,-0.071664,0.475396
1182,-0.069729,0.477775
1183,-0.067971,0.480278
1184,-0.066397,0.482893
1185,-0.065013,0.485605
1186,-0.063827,0.488402
1187,-0.062842,0.491271
1188,-0.062063,0.494197
1189,-0.061493,0.497166
1190,-0.061134,0.500165
1191,-0.060987,0.503178
1192,-0.061053,0.506190
1193,-0.061330,0.509189
1194,-0.061818,0.512159
1195,-0.062513,0.515086
1196,-0.063413,0.517957
1197,-0.064512,0.520757
1198,-0.065805,0.523473
1199,-0.067287,0.526093
1200,-0.068951,0.528603
1201,-0.070787,0.530992
1202,-0.072789,0.533249
1203,-0.074946,0.535361
1204,-0.077248,0.537320
1205,-0.079685,0.539116
1206,-0.082246,0.540739
1207,-0.084919,0.542182
1208,-0.087691,0.543437
1209,-0.090707,0.544161
1210,-0.093621,0.545014
1211,-0.096594,0.545665
1212,-0.099614,0.546108
1213,-0.102665,0.546341
1214,-0.105733,0.546362
1215,-0.108805,0.546171
1216,-0.111865,0.545766
1217,-0.114900,0.545148
1218,-0.117896,0.544321
1219,-0.120837,0.543285
1220,-0.123711,0.542046
1221,-0.126503,0.540607
1222,-0.129201,0.538974
1223,-0.131790,0.537153
1224,-0.134260,0.535152
1225,-0.136597,0.532978
1226,-0.138790,0.530641
1227,-0.140827,0.528149
1228,-0.142700,0.525513
1229,-0.144398,0.522744
1230,-0.145912,0.519854
1231,-0.147233,0.516854
1232,-0.148355,0.513757
1233,-0.149271,0.510577
1234,-0.149975,0.507326
1235,-0.150463,0.504019
1236,-0.150730,0.500671
1237,-0.150773,0.497295
1238,-0.150590,0.493906
1239,-0.149827,0.490400
1240,-0.149185,0.487049
1241,-0.148317,0.483728
1242,-0.147226,0.480455
1243,-0.145914,0.477243
1244,-0.144386,0.474108
1245,-0.142644,0.471063
1246,-0.140696,0.468122
1247,-0.138548,0.465300
1248,-0.136206,0.462610
1249,-0.133680,0.460064
1250,-0.130977,0.457674
1251,-0.128109,0.455453
1252,-0.125085,0.453411
1253,-0.121917,0.451559
1254,-0.118617,0.449907
1255,-0.115198,0.448463
1256,-0.111672,0.447236
1257,-0.108054,0.446233
1258,-0.104357,0.445460
1259,-0.100596,0.444923
1260,-0.096787,0.444626
1261,-0.092945,0.444574
1262,-0.089084,0.444769
1263,-0.085222,0.445212
1264,-0.081373,0.445905
1265,-0.077554,0.446846
1266,-0.073781,0.448035
1267,-0.070070,0.449470
1268,-0.066436,0.451147
1269,-0.062895,0.453061
1270,-0.059419,0.455578
1271,-0.056128,0.457952
1272,-0.052973,0.460545
1273,-0.049970,0.463346
1274,-0.047133,0.466349
1275,-0.044474,0.469542
1276,-0.042007,0.472914
1277,-0.039742,0.476455
1278,-0.037692,0.480152
1279,-0.035866,0.483991
1280,-0.034275,0.487960
1281,-0.032926,0.492043
1282,-0.031828,0.496226
1283,-0.030987,0.500492
1284,-0.030409,0.504828
1285,-0.030100,0.509215
1286,-0.030063,0.513638
1287,-0.030301,0.518079
1288,-0.030816,0.522522
1289,-0.031609,0.526948
1290,-0.032679,0.531342
1291,-0.034026,0.535685
1292,-0.032973,0.537888
1293,-0.030570,0.539867
1294,-0.028270,0.542151
1295,-0.026139,0.544601
1296,-0.024191,0.547183
1297,-0.022434,0.549882
1298,-0.020877,0.552684
1299,-0.019523,0.555575
1300,-0.018379,0.558540
1301,-0.017820,0.561531
1302,-0.017103,0.564581
1303,-0.016602,0.567661
1304,-0.016320,0.570759
1305,-0.016255,0.573857
1306,-0.016407,0.576942
1307,-0.016774,0.579999
1308,-0.017352,0.583015
1309,-0.018139,0.585973
1310,-0.019130,0.588862
1311,-0.020318,0.591667
1312,-0.021697,0.594375
1313,-0.023261,0.596974
1314,-0.025000,0.599452
1315,-0.026906,0.601798
1316,-0.028969,0.604000
1317,-0.031180,0.606048
1318,-0.033527,0.607933
1319,-0.035998,0.609647
1320,-0.038582,0.611181
1321,-0.041266,0.612529
1322,-0.044037,0.613683
1323,-0.046882,0.614640
1324,-0.049787,0.615394
1325,-0.052738,0.615942
1326,-0.055721,0.616281
1327,-0.058722,0.616409
1328,-0.061727,0.616327
1329,-0.064722,0.616034
1330,-0.067691,0.615530
1331,-0.070544,0.614455
1332,-0.073402,0.613544
1333,-0.076194,0.612433
1334,-0.078906,0.611128
1335,-0.081525,0.609633
1336,-0.084038,0.607956
1337,-0.086434,0.606104
1338,-0.088700,0.604084
1339,-0.090826,0.601907
1340,-0.092800,0.599581
1341,-0.094614,0.597116
1342,-0.096257,0.594525
1343,-0.097721,0.591818
1344,-0.099000,0.589007
1345,-0.100085,0.586105
1346,-0.100970,0.583125
1347,-0.101652,0.580080
1348,-0.102124,0.576984
1349,-0.102384,0.573852
1350,-0.102430,0.570696
1351,-0.102259,0.567532
1352,-0.101872,0.564374
1353,-0.101267,0.561237
1354,-0.100448,0.558134
1355,-0.099416,0.555081
1356,-0.098174,0.552091
1357,-0.096726,0.549179
1358,-0.095077,0.546358
1359,-0.093233,0.543641
1360,-0.091202,0.541042
1361,-0.088989,0.538573
1362,-0.086265,0.536401
1363,-0.083726,0.534245
1364,-0.081035,0.532253
1365,-0.078202,0.530435
1366,-0.075238,0.528800
1367,-0.072157,0.527359
1368,-0.068970,0.526118
1369,-0.065690,0.525085
1370,-0.062331,0.524267
1371,-0.058906,0.523668
1372,-0.055431,0.523294
1373,-0.051919,0.523148
1374,-0.048385,0.523234
1375,-0.044845,0.523552
1376,-0.041313,0.524103
1377,-0.037805,0.524889
1378,-0.034336,0.525906
1379,-0.030921,0.527155
1380,-0.027575,0.528630
1381,-0.024313,0.530329
1382,-0.021150,0.532246
1383,-0.018099,0.534376
1384,-0.015176,0.536712
1385,-0.012392,0.539245
1386,-0.009762,0.541968
1387,-0.007298,0.544870
1388,-0.005011,0.547942
1389,-0.002914,0.551173
1390,-0.001016,0.554551
1391,0.000673,0.558063
1392,0.001949,0.562016
1393,0.003176,0.565747
1394,0.004171,0.569573
1395,0.004926,0.573476
1396,0.005436,0.577443
1397,0.005695,0.581457
1398,0.005700,0.585503
1399,0.005449,0.589565
1400,0.004939,0.593626
1401,0.004171,0.597671
1402,0.003144,0.601683
1403,0.001861,0.605645
1404,0.000323,0.609541
1405,-0.001466,0.613355
1406,-0.003502,0.617072
1407,-0.005778,0.620674
1408,-0.008289,0.624148
1409,-0.011027,0.627477
1410,-0.013983,0.630647
1411,-0.017148,0.633644
1412,-0.020512,0.636455
1413,-0.024063,0.639067
1414,-0.027790,0.641467
1415,-0.031680,0.643644
1416,-0.035719,0.645588
1417,-0.039894,0.647288
1418,-0.044189,0.648735
1419,-0.048589,0.649921
1420,-0.053078,0.650840
1421,-0.057640,0.651484
1422,-0.062552,0.651620
1423,-0.067197,0.651687
1424,-0.071865,0.651470
1425,-0.076535,0.650964
1426,-0.081191,0.650170
1427,-0.085814,0.649087
1428,-0.090387,0.647717
1429,-0.094891,0.646061
1430,-0.099309,0.644124
1431,-0.103624,0.641909
1432,-0.107817,0.639424
1433,-0.111873,0.636673
1434,-0.115774,0.633666
1435,-0.119505,0.630411
1436,-0.123049,0.626918
1437,-0.126392,0.623197
1438,-0.129519,0.619261
1439,-0.132417,0.615122
1440,-0.135073,0.610794
1441,-0.137474,0.606291
1442,-0.139609,0.601628
1443,-0.141468,0.596820
1444,-0.143042,0.591886
1445,-0.144322,0.586840
1446,-0.145300,0.581702
1447,-0.145970,0.576489
1448,-0.146327,0.571220
1449,-0.146368,0.565914
1450,-0.146088,0.560589
1451,-0.145485,0.555266
1452,-0.144561,0.549963
1453,-0.143028,0.544462
1454,-0.141450,0.539272
1455,-0.139556,0.534161
1456,-0.137350,0.529149
1457,-0.134837,0.524256
1458,-0.132022,0.519499
1459,-0.128914,0.514898
1460,-0.125522,0.510471
1461,-0.121855,0.506236
1462,-0.117924,0.502208
1463,-0.113741,0.498405
1464,-0.109320,0.494842
1465,-0.104674,0.491535
1466,-0.099817,0.488496
1467,-0.094767,0.485740
1468,-0.089539,0.483278
1469,-0.084150,0.481122
1470,-0.078619,0.479283
1471,-0.072964,0.477768
1472,-0.067205,0.476587
1473,-0.061362,0.475746
1474,-0.055454,0.475251
1475,-0.049502,0.475107
1476,-0.043527,0.475316
1477,-0.037550,0.475882
1478,-0.031593,0.476804
1479,-0.025677,0.478082
1480,-0.019822,0.479715
1481,-0.014051,0.481699
1482,-0.008385,0.484030
1483,-0.002844,0.486703
1484,0.002716,0.490044
1485,0.007931,0.493385
1486,0.012961,0.497041
1487,0.017786,0.501003
1488,0.022386,0.505259
1489,0.026736,0.509599
1490,0.030392,0.510214
1491,0.030482,0.508430
1492,0.028528,0.509552
1493,0.024257,0.512992
1494,0.018513,0.518072
1495,0.011642,0.524943
1496,0.003917,0.533945
1497,0.002339,0.537257
1498,-0.005622,0.546567
1499,-0.016551,0.555846
1500,-0.027381,0.562098
1501,-0.040676,0.572367
1502,-0.054616,0.582092
1503,-0.058528,0.584787
1504,-0.058528,0.584787
1505,-0.058528,0.584787
1506,-0.058528,0.584787
1507,-0.058528,0.584787
1508,-0.058528,0.584787
1509,-0.058528,0.584787
1510,-0.058528,0.584787
1511,-0.058528,0.584787
1512,-0.058528,0.584787
1513,-0.058528,0.584787
1514,-0.047520,0.590162
1515,-0.032896,0.598819
1516,-0.018817,0.608342
1517,-0.005302,0.618650
1518,0.007605,0.629711
1519,0.011194,0.632822
1520,0.015323,0.642404
1521,0.016240,0.651061
1522,0.017162,0.660408
1523,0.018209,0.670482
1524,0.020597,0.684653
1525,0.022989,0.701481
1526,0.024670,0.717814
1527,0.025301,0.734537
1528,0.025402,0.750884
1529,0.027932,0.765608
1530,0.032906,0.771671
1531,0.039100,0.775312
1532,0.042178,0.778920
1533,0.044334,0.782701
1534,0.046047,0.786589
1535,0.047468,0.790564
1536,0.048639,0.794612
1537,0.049572,0.798721
1538,0.050325,0.802916
1539,0.050801,0.807090
1540,0.051022,0.811294
1541,0.050998,0.815506
1542,0.050732,0.819712
1543,0.050227,0.823897
1544,0.049484,0.828048
1545,0.048538,0.832210
1546,0.047356,0.836244
1547,0.045923,0.840205
1548,0.044260,0.844079
1549,0.042376,0.847854
1550,0.040280,0.851516
1551,0.037979,0.855053
1552,0.035475,0.858521
1553,0.032824,0.861781
1554,0.029963,0.864875
1555,0.026921,0.867800
1556,0.023715,0.870546
1557,0.020356,0.873105
1558,0.016856,0.875470
1559,0.013226,0.877632
1560,0.009467,0.879654
1561,0.005630,0.881400
1562,0.001688,0.882913
1563,-0.002338,0.884197
1564,-0.006432,0.885249
1565,-0.010580,0.886066
1566,-0.014769,0.886646
1567,-0.019022,0.887046
1568,-0.023240,0.887161
1569,-0.027464,0.887021
1570,-0.031676,0.886637
1571,-0.035861,0.886012
1572,-0.040004,0.885150
1573,-0.044092,0.884052
1574,-0.048170,0.882765
1575,-0.052104,0.881228
1576,-0.056002,0.879331
1577,-0.059701,0.877310
1578,-0.063301,0.875092
1579,-0.066777,0.872675
1580,-0.070112,0.870064
1581,-0.071505,0.864449
1582,-0.071045,0.855845
1583,-0.070821,0.847738
1584,-0.070949,0.840372
1585,-0.071503,0.833715
1586,-0.072581,0.828112
1587,-0.074127,0.823533
1588,-0.075880,0.819441
1589,-0.075994,0.814693
1590,-0.068105,0.805423
1591,-0.058101,0.794746
1592,-0.046979,0.784253
1593,-0.034889,0.774193
1594,-0.022890,0.764924
1595,-0.012446,0.756651
1596,-0.004741,0.749828
1597,0.000112,0.743942
1598,0.002690,0.738917
1599,0.004109,0.734522
1600,0.005383,0.730316
1601,0.006679,0.726216
1602,0.008155,0.722221
1603,0.015297,0.717806
1604,0.029775,0.713680
1605,0.044765,0.711129
1606,0.059380,0.709212
1607,0.073072,0.707229
1608,0.085272,0.704802
1609,0.095156,0.701685
1610,0.102775,0.698029
1611,0.108318,0.694541
1612,0.112428,0.691561
1613,0.116128,0.689036
1614,0.119809,0.686783
1615,0.123693,0.684787
1616,0.127542,0.683030
1617,0.131484,0.681472
1618,0.135510,0.680134
1619,0.139625,0.678956
1620,0.143826,0.678128
1621,0.148031,0.677485
1622,0.152257,0.677087
1623,0.156576,0.677024
1624,0.160809,0.677128
1625,0.165087,0.677418
1626,0.169280,0.677971
1627,0.173449,0.678847
1628,0.177584,0.679902
1629,0.181697,0.681300
1630,0.185637,0.682834
1631,0.189499,0.684578
1632,0.193326,0.686519
1633,0.196971,0.688659
1634,0.200464,0.691090
1635,0.203862,0.693676
1636,0.207109,0.696570
1637,0.210135,0.699520
1638,0.213008,0.702634
1639,0.215706,0.705904
1640,0.218296,0.709311
1641,0.220610,0.712856
1642,0.222680,0.716609
1643,0.224578,0.720415
1644,0.226192,0.724428
1645,0.227619,0.728413
1646,0.228826,0.732476
1647,0.229861,0.736640
1648,0.230623,0.740796
1649,0.231065,0.745026
1650,0.231250,0.749397
1651,0.231230,0.753626
1652,0.230991,0.757855
1653,0.230518,0.762068
1654,0.229808,0.766248
1655,0.228925,0.770433
1656,0.227755,0.774500
1657,0.226275,0.778508
1658,0.224509,0.782479
1659,0.222633,0.786272
1660,0.220552,0.789963
1661,0.218267,0.793534
1662,0.215786,0.797041
1663,0.213145,0.800335
1664,0.210215,0.803456
1665,0.207045,0.806421
1666,0.203840,0.809181
1667,0.200485,0.811767
1668,0.196989,0.814163
1669,0.193362,0.816358
1670,0.189602,0.818413
1671,0.185729,0.820136
1672,0.181625,0.821647
1673,0.177593,0.822933
1674,0.173494,0.824004
1675,0.169341,0.824846
1676,0.165146,0.825451
1677,0.160875,0.825870
1678,0.156655,0.826019
1679,0.152395,0.825842
1680,0.148081,0.825375
1681,0.143891,0.824758
1682,0.139739,0.823911
1683,0.135641,0.822832
1684,0.131610,0.821522
1685,0.127600,0.820029
1686,0.123687,0.818088
1687,0.119953,0.816071
1688,0.116332,0.813867
1689,0.112839,0.811468
1690,0.109487,0.808875
1691,0.106287,0.806096
1692,0.103178,0.803160
1693,0.100312,0.800046
1694,0.097663,0.796552
1695,0.095208,0.793104
1696,0.092934,0.789530
1697,0.090862,0.785834
1698,0.089001,0.782027
1699,0.087276,0.778117
1700,0.085855,0.774134
1701,0.084718,0.770012
1702,0.083838,0.765753
1703,0.083154,0.761582
1704,0.082693,0.757373
1705,0.082467,0.753143
1706,0.082481,0.748905
1707,0.082672,0.744632
1708,0.083224,0.740397
1709,0.084062,0.736115
1710,0.085075,0.732018
1711,0.086297,0.727968
1712,0.087741,0.723986
1713,0.089409,0.720091
1714,0.091254,0.716233
1715,0.093417,0.712549
1716,0.095726,0.708983
1717,0.098368,0.705521
1718,0.101088,0.702296
1719,0.103975,0.699204
1720,0.107031,0.696272
1721,0.110233,0.693441
1722,0.113661,0.690894
1723,0.117178,0.688512
1724,0.120818,0.686341
1725,0.124575,0.684382
1726,0.128561,0.682704
1727,0.132516,0.681207
1728,0.136568,0.679854
1729,0.140714,0.678849
1730,0.144883,0.678027
1731,0.149082,0.677448
1732,0.153304,0.677110
1733,0.157634,0.677117
1734,0.161856,0.677286
1735,0.166117,0.677624
1736,0.170316,0.678318
1737,0.174483,0.679189
1738,0.178577,0.680294
1739,0.182597,0.681629
1740,0.186598,0.683323
1741,0.190407,0.685136
1742,0.194194,0.687116
1743,0.197799,0.689315
1744,0.201266,0.691805
1745,0.204611,0.694426
1746,0.207793,0.697227
1747,0.210807,0.700202
1748,0.213647,0.703490
1749,0.216262,0.706800
1750,0.218792,0.710235
1751,0.221003,0.713866
1752,0.223065,0.717593
1753,0.224902,0.721414
1754,0.226516,0.725330
1755,0.227904,0.729330
1756,0.229001,0.733539
1757,0.229879,0.737665
1758,0.230616,0.741873
1759,0.230999,0.746111
1760,0.231203,0.750361
1761,0.231161,0.754599
1762,0.230877,0.758824
1763,0.230353,0.763025
1764,0.229591,0.767190
1765,0.228462,0.771446
1766,0.227249,0.775475
1767,0.225711,0.779451
1768,0.224014,0.783344
1769,0.222102,0.787124
1770,0.219979,0.790786
1771,0.217650,0.794321
1772,0.215124,0.797719
1773,0.212261,0.800978
1774,0.209307,0.804076
1775,0.206224,0.807008
1776,0.202989,0.809745
1777,0.199605,0.812289
1778,0.196083,0.814635
1779,0.192432,0.816777
1780,0.188665,0.818707
1781,0.184640,0.820428
1782,0.180659,0.821834
1783,0.176584,0.823099
1784,0.172469,0.824123
1785,0.168309,0.824909
1786,0.164112,0.825457
1787,0.159892,0.825765
1788,0.155607,0.825885
1789,0.151300,0.825622
1790,0.147108,0.825186
1791,0.142902,0.824445
1792,0.138755,0.823542
1793,0.134675,0.822407
1794,0.130669,0.821042
1795,0.126747,0.819452
1796,0.122921,0.817640
1797,0.119097,0.815458
1798,0.115551,0.813143
1799,0.112080,0.810684
