0,-0.278585,1.380560
1,-0.279882,1.368379
2,-0.280900,1.351411
3,-0.280961,1.334414
4,-0.280054,1.317441
5,-0.278184,1.300546
6,-0.275355,1.283786
7,-0.271577,1.267213
8,-0.266863,1.250883
9,-0.261226,1.234847
10,-0.254687,1.219158
11,-0.247266,1.203866
12,-0.238986,1.189021
13,-0.229876,1.174671
14,-0.219964,1.160863
15,-0.209282,1.147641
16,-0.197865,1.135049
17,-0.185751,1.123126
18,-0.172977,1.111912
19,-0.159586,1.101443
20,-0.145622,1.091753
21,-0.131128,1.082873
22,-0.116153,1.074831
23,-0.100745,1.067655
24,-0.096427,1.065674
25,-0.084182,1.065356
26,-0.067213,1.066278
27,-0.050326,1.068219
28,-0.033578,1.071117
29,-0.017021,1.074964
30,-0.012401,1.076065
31,-0.012401,1.076065
32,-0.005965,1.086488
33,0.001775,1.101618
34,0.008593,1.117188
35,0.010473,1.121550
36,0.010473,1.121550
37,0.010473,1.121550
38,0.010473,1.121550
39,-0.000635,1.126714
40,-0.016570,1.132618
41,-0.032835,1.137555
42,-0.049354,1.141559
43,-0.066075,1.144617
44,-0.082942,1.146718
45,-0.099901,1.147856
46,-0.116898,1.148028
47,-0.133877,1.147232
48,-0.138620,1.146982
49,-0.138620,1.146982
50,-0.138620,1.146982
51,-0.138620,1.146982
52,-0.138321,1.134736
53,-0.136545,1.117835
54,-0.133755,1.101068
55,-0.130017,1.084487
56,-0.125340,1.068145
57,-0.119742,1.052096
58,-0.113240,1.036391
59,-0.105854,1.021082
60,-0.097610,1.006218
61,-0.088533,0.991847
62,-0.078653,0.978015
63,-0.068003,0.964769
64,-0.056616,0.952149
65,-0.044529,0.940198
66,-0.031782,0.928954
67,-0.018416,0.918453
68,-0.004474,0.908730
69,0.009998,0.899816
70,0.024955,0.891740
71,0.029147,0.889507
72,0.041353,0.888463
73,0.058346,0.888379
74,0.075318,0.889316
75,0.092209,0.891217
76,0.096926,0.891775
77,0.096926,0.891775
78,0.096926,0.891775
79,0.100427,0.903514
80,0.104126,0.912844
81,0.104586,0.912647
82,0.104586,0.912647
83,0.104586,0.912647
84,0.095672,0.914278
85,0.080714,0.920498
86,0.065543,0.928163
87,0.049961,0.934952
88,0.034017,0.940845
89,0.017764,0.945820
90,0.001254,0.949863
91,-0.015459,0.952959
92,-0.032321,0.955100
93,-0.049277,0.956278
94,-0.054018,0.956580
95,-0.054018,0.956580
96,-0.054018,0.956580
97,-0.054018,0.956580
98,-0.055140,0.944382
99,-0.055336,0.927389
100,-0.054509,0.910412
101,-0.052718,0.893509
102,-0.049968,0.876735
103,-0.046268,0.860145
104,-0.041631,0.843793
105,-0.036070,0.827730
106,-0.029605,0.812011
107,-0.022255,0.796684
108,-0.014046,0.781801
109,-0.005003,0.767408
110,0.004844,0.753554
111,0.015464,0.740282
112,0.026821,0.727636
113,0.038880,0.715656
114,0.051600,0.704382
115,0.064942,0.693850
116,0.078861,0.684094
117,0.093312,0.675146
118,0.108250,0.667035
119,0.112437,0.664792
120,0.124640,0.663720
121,0.129371,0.663304
122,0.129371,0.663304
123,0.129371,0.663304
124,0.129371,0.663304
125,0.130393,0.675511
126,0.130447,0.692505
127,0.129479,0.709475
128,0.133317,0.713396
129,0.136516,0.715979
130,0.136770,0.716247
131,0.136770,0.716247
132,0.130165,0.717122
133,0.117585,0.719666
134,0.103079,0.724134
135,0.087555,0.730606
136,0.071625,0.736536
137,0.055384,0.741549
138,0.038884,0.745631
139,0.022178,0.748767
140,0.017505,0.749616
141,0.017505,0.749616
142,0.017505,0.749616
143,0.017470,0.747726
144,0.014831,0.734475
145,0.011106,0.718361
146,0.001352,0.705003
147,-0.008278,0.691346
148,-0.017779,0.677358
149,-0.027139,0.663005
150,-0.036344,0.648256
151,-0.045373,0.633077
152,-0.054200,0.617438
153,-0.062795,0.601311
154,-0.072696,0.586776
155,-0.081591,0.570153
156,-0.089740,0.552392
157,-0.097304,0.534019
158,-0.104162,0.515073
159,-0.109977,0.495740
160,-0.114682,0.476106
161,-0.118262,0.456235
162,-0.120704,0.436193
163,-0.122001,0.416042
164,-0.122148,0.395850
165,-0.121146,0.375682
166,-0.118996,0.355602
167,-0.115706,0.335677
168,-0.111287,0.315971
169,-0.105752,0.296547
170,-0.099120,0.277470
171,-0.091412,0.258800
172,-0.082653,0.240600
173,-0.072872,0.222926
174,-0.062099,0.205838
175,-0.050371,0.189390
176,-0.037724,0.173637
177,-0.024200,0.158628
178,-0.009843,0.144414
179,0.005301,0.131040
180,0.021182,0.118549
181,0.037750,0.106983
182,0.054950,0.096378
183,0.072727,0.086770
184,0.091022,0.078189
185,0.107969,0.069413
186,0.126674,0.062740
187,0.146239,0.057304
188,0.166106,0.052966
189,0.186190,0.049767
190,0.206423,0.047716
191,0.225785,0.047645
192,0.244934,0.048738
193,0.264321,0.050707
194,0.283885,0.053596
195,0.303552,0.057448
196,0.323226,0.062308
197,0.342665,0.068258
198,0.361734,0.075306
199,0.380372,0.083428
200,0.398518,0.092599
201,0.416113,0.102789
202,0.433099,0.113964
203,0.449422,0.126089
204,0.465029,0.139125
205,0.479869,0.153029
206,0.493894,0.167755
207,0.506163,0.183078
208,0.516996,0.198864
209,0.527287,0.215372
210,0.536964,0.232584
211,0.545947,0.250467
212,0.554148,0.268976
213,0.561365,0.287980
214,0.567488,0.307365
215,0.572498,0.327068
216,0.576377,0.347025
217,0.579114,0.367172
218,0.580700,0.387442
219,0.581128,0.407770
220,0.581053,0.423469
221,0.573739,0.426497
222,0.563775,0.424948
223,0.554146,0.421995
224,0.544290,0.418561
225,0.536892,0.419030
226,0.534905,0.424909
227,0.533268,0.429187
228,0.530049,0.433267
229,0.527312,0.436252
230,0.524339,0.438892
231,0.521071,0.441112
232,0.517074,0.443647
233,0.513121,0.447755
234,0.511487,0.451982
235,0.508773,0.452881
236,0.504511,0.450458
237,0.501731,0.445553
238,0.500583,0.438534
239,0.498278,0.432110
240,0.494166,0.426711
241,0.489508,0.421718
242,0.487862,0.416360
243,0.486390,0.409903
244,0.483243,0.404067
245,0.479733,0.398327
246,0.476237,0.392550
247,0.472939,0.386657
248,0.469921,0.380617
249,0.467223,0.374430
250,0.464872,0.368059
251,0.462886,0.361605
252,0.461262,0.355052
253,0.460008,0.348418
254,0.459146,0.341681
255,0.458663,0.334943
256,0.458545,0.328198
257,0.458811,0.321451
258,0.459489,0.314674
259,0.460709,0.307981
260,0.462114,0.301349
261,0.463877,0.294837
262,0.466053,0.288392
263,0.468571,0.282131
264,0.471436,0.276022
265,0.474659,0.270034
266,0.478209,0.264294
267,0.482073,0.258761
268,0.486244,0.253455
269,0.490743,0.248353
270,0.495495,0.243562
271,0.500508,0.239041
272,0.505769,0.234811
273,0.511305,0.230855
274,0.517002,0.227276
275,0.522988,0.224130
276,0.529074,0.221170
277,0.535356,0.218558
278,0.541737,0.216352
279,0.548226,0.214496
280,0.554806,0.213005
281,0.561514,0.211890
282,0.568228,0.211183
283,0.574970,0.210849
284,0.581715,0.210881
285,0.588501,0.211308
286,0.595108,0.212567
287,0.601437,0.215324
288,0.607778,0.217925
289,0.613735,0.220711
290,0.617176,0.224971
291,0.620188,0.230093
292,0.623127,0.235507
293,0.625883,0.241133
294,0.628590,0.246903
295,0.631238,0.252733
296,0.634148,0.258408
297,0.636764,0.263995
298,0.639396,0.269725
299,0.642569,0.275473
300,0.646220,0.281185
301,0.649784,0.286927
302,0.653151,0.292784
303,0.656240,0.298789
304,0.659019,0.304941
305,0.661460,0.311277
306,0.663380,0.317815
307,0.665100,0.324352
308,0.666443,0.330904
309,0.667406,0.337601
310,0.667976,0.344324
311,0.668164,0.351068
312,0.667969,0.357813
313,0.664667,0.366441
314,0.658808,0.376112
315,0.651939,0.386050
316,0.644542,0.395966
317,0.636897,0.405749
318,0.629246,0.415333
319,0.622558,0.423989
320,0.617246,0.431360
321,0.612932,0.437572
322,0.605346,0.442654
323,0.594888,0.447960
324,0.583553,0.452583
325,0.571967,0.456608
326,0.559920,0.460162
327,0.547650,0.463114
328,0.538009,0.465801
329,0.529462,0.468274
330,0.518314,0.470154
331,0.505272,0.472025
332,0.490391,0.473438
333,0.475817,0.474193
334,0.466371,0.479636
335,0.459302,0.487492
336,0.452827,0.497483
337,0.445419,0.507641
338,0.436793,0.517269
339,0.427177,0.526226
340,0.417016,0.534417
341,0.406445,0.541373
342,0.397407,0.549786
343,0.387385,0.559978
344,0.381475,0.566427
345,0.376240,0.565516
346,0.373803,0.567037
347,0.373748,0.567375
348,0.373868,0.565524
349,0.375814,0.562097
350,0.375245,0.562406
351,0.374148,0.565304
352,0.373821,0.566391
353,0.373835,0.566407
354,0.373835,0.566407
355,0.373835,0.566407
356,0.373835,0.566407
357,0.373835,0.566407
358,0.373835,0.566407
359,0.373835,0.566407
360,0.373835,0.566407
361,0.363848,0.573501
362,0.359976,0.576252
363,0.347927,0.578460
364,0.331019,0.580173
365,0.326289,0.580609
366,0.326289,0.580609
367,0.326289,0.580609
368,0.326289,0.580609
369,0.324821,0.568448
370,0.324143,0.551467
371,0.323996,0.546720
372,0.323996,0.546720
373,0.323996,0.546720
374,0.323996,0.546720
375,0.323996,0.546720
376,0.323996,0.546720
377,0.323996,0.546720
378,0.323996,0.546720
379,0.323996,0.546720
380,0.323996,0.546720
381,0.316610,0.556492
382,0.305310,0.569185
383,0.293265,0.581177
384,0.280556,0.592465
385,0.267226,0.603012
386,0.253318,0.612783
387,0.238876,0.621747
388,0.223948,0.629874
389,0.219763,0.632122
390,0.207562,0.633207
391,0.190568,0.633350
392,0.173593,0.632472
393,0.156696,0.630629
394,0.139931,0.627827
395,0.123352,0.624077
396,0.107014,0.619389
397,0.090969,0.613779
398,0.075269,0.607265
399,0.059965,0.599869
400,0.045107,0.591614
401,0.030742,0.582527
402,0.016918,0.572637
403,0.003679,0.561977
404,-0.008932,0.550581
405,-0.020875,0.538486
406,-0.032110,0.525731
407,-0.040461,0.516064
408,-0.049714,0.502823
409,-0.055385,0.489744
410,-0.057259,0.481145
411,-0.058240,0.473271
412,-0.058564,0.465382
413,-0.058543,0.464218
414,-0.058543,0.464218
415,-0.058543,0.464218
416,-0.049854,0.455778
417,-0.036879,0.444909
418,-0.023266,0.434730
419,-0.009082,0.425544
420,0.005601,0.417012
421,0.020746,0.409303
422,0.036306,0.402468
423,0.052230,0.396528
424,0.068466,0.391502
425,0.084962,0.387406
426,0.101664,0.384254
427,0.118519,0.382057
428,0.135471,0.380822
429,0.152467,0.380554
430,0.169450,0.381253
431,0.186366,0.382917
432,0.203160,0.385541
433,0.219778,0.389117
434,0.236166,0.393632
435,0.243202,0.402864
436,0.243304,0.413769
437,0.241979,0.422691
438,0.239700,0.430701
439,0.236790,0.437389
440,0.233563,0.442701
441,0.221567,0.450938
442,0.206534,0.458863
443,0.191049,0.465872
444,0.175190,0.471988
445,0.159009,0.477192
446,0.142558,0.481467
447,0.125890,0.484799
448,0.109060,0.487178
449,0.092121,0.488595
450,0.075130,0.489046
451,0.058140,0.488529
452,0.053393,0.488358
453,0.053393,0.488358
454,0.053393,0.488358
455,0.053393,0.488358
456,0.053393,0.488358
457,0.053393,0.488358
458,0.053393,0.488358
459,0.061119,0.484046
460,0.059562,0.480778
461,0.058226,0.477535
462,0.054120,0.473315
463,0.040530,0.466840
464,0.023261,0.461940
465,0.006383,0.456313
466,-0.010031,0.449760
467,-0.025933,0.442317
468,-0.041279,0.434019
469,-0.056028,0.424902
470,-0.070138,0.415008
471,-0.083572,0.404376
472,-0.096295,0.393051
473,-0.108272,0.381077
474,-0.119474,0.368501
475,-0.129872,0.355371
476,-0.139440,0.341736
477,-0.148158,0.327646
478,-0.156003,0.313152
479,-0.162961,0.298307
480,-0.169018,0.283162
481,-0.174162,0.267771
482,-0.178385,0.252188
483,-0.181684,0.236466
484,-0.184057,0.220657
485,-0.185503,0.204817
486,-0.186029,0.188996
487,-0.185641,0.173248
488,-0.184349,0.157625
489,-0.182166,0.142176
490,-0.179107,0.126951
491,-0.175192,0.112000
492,-0.170440,0.097369
493,-0.164877,0.083104
494,-0.158526,0.069249
495,-0.151418,0.055846
496,-0.143583,0.042937
497,-0.135052,0.030559
498,-0.125862,0.018749
499,-0.116048,0.007541
500,-0.105649,-0.003032
501,-0.094705,-0.012942
502,-0.083257,-0.022160
503,-0.071348,-0.030662
504,-0.059022,-0.038426
505,-0.046323,-0.045432
506,-0.033298,-0.051664
507,-0.019992,-0.057108
508,-0.006453,-0.061752
509,0.007272,-0.065588
510,0.021136,-0.068609
511,0.035090,-0.070812
512,0.049088,-0.072198
513,0.063082,-0.072769
514,0.077025,-0.072529
515,0.090870,-0.071487
516,0.104574,-0.069652
517,0.118089,-0.067038
518,0.131374,-0.063659
519,0.144384,-0.059534
520,0.157080,-0.054683
521,0.169420,-0.049129
522,0.181366,-0.042895
523,0.192883,-0.036008
524,0.203933,-0.028498
525,0.214485,-0.020394
526,0.224506,-0.011728
527,0.233968,-0.002536
528,0.242844,0.007149
529,0.251108,0.017290
530,0.258738,0.027848
531,0.265713,0.038784
532,0.272015,0.050060
533,0.277629,0.061633
534,0.282542,0.073462
535,0.286742,0.085506
536,0.290221,0.097721
537,0.292974,0.110067
538,0.294997,0.122498
539,0.296290,0.134974
540,0.296854,0.147452
541,0.296623,0.159523
542,0.295776,0.171872
543,0.294221,0.184100
544,0.291969,0.196166
545,0.289031,0.208031
546,0.285425,0.219656
547,0.281168,0.231005
548,0.276278,0.242041
549,0.270779,0.252729
550,0.264693,0.263037
551,0.258047,0.272932
552,0.250867,0.282384
553,0.243181,0.291365
554,0.235021,0.299849
555,0.226417,0.307810
556,0.217403,0.315226
557,0.208012,0.322077
558,0.198279,0.328343
559,0.188241,0.334009
560,0.177933,0.339061
561,0.167392,0.343485
562,0.156658,0.347272
563,0.145766,0.350415
564,0.134757,0.352908
565,0.123668,0.354748
566,0.112537,0.355934
567,0.101403,0.356468
568,0.090303,0.356353
569,0.079275,0.355595
570,0.068356,0.354201
571,0.057954,0.352150
572,0.055099,0.349534
573,0.066229,0.346431
574,0.082873,0.344126
575,0.099501,0.342751
576,0.115821,0.342207
577,0.127265,0.340831
578,0.135549,0.339588
579,0.136197,0.337901
580,0.136197,0.337901
581,0.137365,0.335639
582,0.136651,0.327643
583,0.137046,0.319448
584,0.138206,0.310992
585,0.139414,0.302645
586,0.140576,0.295143
587,0.141794,0.294256
588,0.141633,0.298594
589,0.141583,0.299523
590,0.145254,0.300623
591,0.153354,0.310887
592,0.161085,0.317215
593,0.167080,0.326842
594,0.171816,0.337183
595,0.175836,0.347592
596,0.180590,0.352239
597,0.185157,0.353611
598,0.187174,0.356440
599,0.187285,0.356958
600,0.187285,0.356958
601,0.187285,0.356958
602,0.187285,0.356958
603,0.186017,0.354718
604,0.184177,0.350667
605,0.183207,0.347432
606,0.182854,0.345192
607,0.182827,0.344059
608,0.182830,0.344009
609,0.182877,0.343696
610,0.181075,0.343588
611,0.186620,0.346597
612,0.196415,0.350970
613,0.206605,0.355873
614,0.209877,0.355639
615,0.212558,0.354374
616,0.216414,0.353793
617,0.220365,0.353501
618,0.224324,0.353467
619,0.228265,0.353685
620,0.232172,0.354150
621,0.236029,0.354859
622,0.239559,0.356074
623,0.243256,0.357242
624,0.246859,0.358638
625,0.250355,0.360254
626,0.253731,0.362084
627,0.256974,0.364118
628,0.260071,0.366348
629,0.263011,0.368763
630,0.265784,0.371353
631,0.268379,0.374106
632,0.270786,0.377010
633,0.272997,0.380054
634,0.275003,0.383223
635,0.276799,0.386504
636,0.278378,0.389885
637,0.279734,0.393350
638,0.280863,0.396886
639,0.281761,0.400477
640,0.288329,0.403596
641,0.295281,0.408567
642,0.301805,0.414162
643,0.307950,0.420129
644,0.313706,0.426421
645,0.319057,0.433013
646,0.323987,0.439878
647,0.328484,0.446989
648,0.332534,0.454321
649,0.336129,0.461844
650,0.339260,0.469532
651,0.341919,0.477356
652,0.344102,0.485288
653,0.345804,0.493298
654,0.346833,0.501039
655,0.347596,0.509108
656,0.347881,0.517170
657,0.347690,0.525198
658,0.347027,0.533165
659,0.345900,0.541042
660,0.344316,0.548804
661,0.342285,0.556423
662,0.339817,0.563874
663,0.336926,0.571133
664,0.333625,0.578176
665,0.329929,0.584980
666,0.325856,0.591523
667,0.321422,0.597783
668,0.316647,0.603743
669,0.311550,0.609383
670,0.306153,0.614686
671,0.300476,0.619637
672,0.294543,0.624220
673,0.288377,0.628424
674,0.282002,0.632237
675,0.275441,0.635648
676,0.268721,0.638650
677,0.261865,0.641234
678,0.254901,0.643397
679,0.247853,0.645133
680,0.240747,0.646441
681,0.233608,0.647319
682,0.226464,0.647769
683,0.219339,0.647792
684,0.212257,0.647393
685,0.205245,0.646576
686,0.198684,0.645243
687,0.191889,0.643637
688,0.185233,0.641640
689,0.178739,0.639261
690,0.172428,0.636511
691,0.166321,0.633404
692,0.160438,0.629954
693,0.154798,0.626177
694,0.149420,0.622088
695,0.144319,0.617705
696,0.139513,0.613048
697,0.135015,0.608134
698,0.130838,0.602984
699,0.126996,0.597618
700,0.127285,0.594707
701,0.132989,0.594517
702,0.139287,0.594561
703,0.145636,0.594926
704,0.151969,0.595652
705,0.158260,0.596746
706,0.164488,0.598204
707,0.170631,0.600023
708,0.176669,0.602199
709,0.182581,0.604725
710,0.188346,0.607593
711,0.193944,0.610795
712,0.199357,0.614322
713,0.204564,0.618163
714,0.211875,0.621419
715,0.217424,0.625138
716,0.221970,0.629247
717,0.227300,0.636701
718,0.232456,0.648857
719,0.236465,0.663214
720,0.239286,0.678901
721,0.241070,0.695162
722,0.241852,0.711794
723,0.241775,0.728021
724,0.241074,0.743510
725,0.239384,0.759189
726,0.236696,0.774963
727,0.232644,0.791345
728,0.227610,0.807563
729,0.224884,0.822480
730,0.224627,0.832373
731,0.222499,0.841049
732,0.219493,0.850218
733,0.215684,0.859153
734,0.211284,0.867877
735,0.206341,0.876365
736,0.200874,0.884597
737,0.194898,0.892530
738,0.188428,0.900143
739,0.181120,0.907576
740,0.173652,0.914456
741,0.165802,0.920885
742,0.157600,0.926856
743,0.149072,0.932350
744,0.140232,0.937369
745,0.129790,0.942276
746,0.115506,0.946609
747,0.098874,0.949793
748,0.082820,0.952402
749,0.079067,0.953093
750,0.079252,0.953114
751,0.076636,0.947402
752,0.071778,0.936757
753,0.064794,0.924480
754,0.060674,0.918388
755,0.057583,0.914246
756,0.057268,0.913844
757,0.061625,0.909372
758,0.062726,0.899543
759,0.061845,0.884144
760,0.061361,0.879419
761,0.062891,0.880767
762,0.071895,0.872789
763,0.083627,0.860494
764,0.086937,0.857087
765,0.089166,0.857829
766,0.091551,0.858421
767,0.092545,0.858568
768,0.092545,0.858568
769,0.097857,0.869606
770,0.103975,0.885461
771,0.109129,0.901658
772,0.113354,0.918122
773,0.117224,0.929062
774,0.121272,0.939491
775,0.124539,0.950679
776,0.126915,0.962411
777,0.128337,0.974572
778,0.128726,0.987124
779,0.127976,1.000098
780,0.127726,1.003159
781,0.127726,1.003159
782,0.128430,1.006795
783,0.121926,1.012953
784,0.113001,1.014907
785,0.106238,1.016396
786,0.100457,1.017012
787,0.099611,1.017012
788,0.099611,1.017012
789,0.094755,1.010893
790,0.085391,1.001204
791,0.073652,0.991465
792,0.060058,0.981618
793,0.046670,0.971145
794,0.033899,0.959928
795,0.021787,0.948002
796,0.018421,0.944651
797,0.018421,0.944651
798,0.018421,0.944651
799,0.019357,0.944224
800,0.019453,0.944191
801,0.022507,0.948013
802,0.036857,0.949067
803,0.053883,0.949511
804,0.070820,0.950935
805,0.087650,0.953321
806,0.104316,0.956659
807,0.120765,0.960941
808,0.136944,0.966152
809,0.149955,0.969493
810,0.163305,0.973947
811,0.177569,0.980754
812,0.191809,0.988883
813,0.205864,0.998409
814,0.219339,1.008663
815,0.232211,1.019671
816,0.244437,1.031396
817,0.255977,1.043797
818,0.266792,1.056836
819,0.276850,1.070468
820,0.286103,1.084561
821,0.294549,1.099247
822,0.302146,1.114393
823,0.308872,1.129891
824,0.314700,1.145811
825,0.319608,1.162049
826,0.323582,1.178550
827,0.326585,1.195280
828,0.328632,1.212154
829,0.329308,1.216414
830,0.325902,1.227526
831,0.321377,1.238714
832,0.315474,1.252527
833,0.308065,1.267110
834,0.299455,1.281547
835,0.289903,1.295547
836,0.279568,1.308983
837,0.268504,1.321799
838,0.256707,1.333974
839,0.244247,1.345456
840,0.231195,1.356204
841,0.217533,1.366189
842,0.203296,1.375385
843,0.188553,1.383757
844,0.173411,1.391279
845,0.157839,1.397922
846,0.141921,1.403668
847,0.125666,1.408493
848,0.109153,1.412383
849,0.092493,1.415339
850,0.075748,1.417368
851,0.058863,1.418417
852,0.041896,1.418480
853,0.025096,1.417664
854,0.008383,1.415902
855,-0.008156,1.413235
856,-0.024419,1.409685
857,-0.040301,1.405360
858,-0.056066,1.400004
859,-0.071553,1.393706
860,-0.086674,1.386515
861,-0.101369,1.378465
862,-0.115415,1.369781
863,-0.128976,1.360310
864,-0.142059,1.349939
865,-0.154691,1.339345
866,-0.166542,1.328143
867,-0.177637,1.315848
868,-0.188034,1.302857
869,-0.197688,1.289225
870,-0.206536,1.275144
871,-0.214573,1.260522
872,-0.221765,1.245463
873,-0.228085,1.230033
874,-0.233505,1.214503
875,-0.238052,1.198607
876,-0.241721,1.182470
877,-0.244427,1.166112
878,-0.246170,1.149550
879,-0.246937,1.132870
880,-0.246755,1.116153
881,-0.245673,1.099558
882,-0.243615,1.083000
883,-0.240636,1.066610
884,-0.236698,1.050377
885,-0.231943,1.034556
886,-0.226222,1.018932
887,-0.219629,1.003640
888,-0.212202,0.988775
889,-0.203966,0.974376
890,-0.195076,0.960602
891,-0.185367,0.947305
892,-0.174938,0.934578
893,-0.164024,0.922540
894,-0.152570,0.911176
895,-0.141132,0.901510
896,-0.129329,0.892274
897,-0.115918,0.883066
898,-0.102009,0.874580
899,-0.088444,0.866987
900,-0.074437,0.860201
901,-0.060417,0.854223
902,-0.046093,0.849084
903,-0.031622,0.844785
904,-0.016931,0.841324
905,-0.002300,0.838683
906,0.012403,0.836895
907,0.027115,0.835935
908,0.041641,0.835776
909,0.056096,0.836468
910,0.070347,0.837949
911,0.084388,0.840224
912,0.098230,0.843311
913,0.111799,0.847143
914,0.124912,0.851668
915,0.137722,0.856964
916,0.150274,0.863181
917,0.162124,0.869763
918,0.173547,0.876986
919,0.184721,0.885074
920,0.195219,0.893618
921,0.204956,0.902546
922,0.214043,0.911936
923,0.222535,0.921782
924,0.230471,0.932192
925,0.237789,0.943087
926,0.244516,0.954488
927,0.250657,0.966427
928,0.256201,0.978936
929,0.261140,0.992059
930,0.265445,1.005918
931,0.269103,1.019859
932,0.271869,1.031304
933,0.273581,1.041443
934,0.274711,1.051542
935,0.275215,1.061702
936,0.275098,1.071913
937,0.274238,1.081949
938,0.272758,1.091969
939,0.270610,1.101802
940,0.267838,1.111509
941,0.264426,1.121019
942,0.260350,1.130392
943,0.255731,1.139532
944,0.251684,1.147908
945,0.248268,1.155097
946,0.244405,1.161891
947,0.240098,1.168502
948,0.235488,1.174786
949,0.230427,1.180829
950,0.225119,1.186609
951,0.219534,1.192022
952,0.213199,1.197331
953,0.207007,1.202056
954,0.200497,1.206421
955,0.193709,1.210491
956,0.186820,1.214087
957,0.179734,1.217317
958,0.172363,1.220121
959,0.164965,1.222516
960,0.157406,1.224377
961,0.149750,1.225907
962,0.141947,1.226988
963,0.134222,1.227668
964,0.126463,1.227910
965,0.118627,1.227655
966,0.110883,1.227019
967,0.103212,1.225948
968,0.095451,1.224334
969,0.087966,1.222369
970,0.080218,1.219766
971,0.072998,1.216959
972,0.065919,1.213752
973,0.059057,1.210163
974,0.052312,1.206034
975,0.045797,1.201650
976,0.039597,1.196859
977,0.033739,1.191825
978,0.028262,1.186405
979,0.022981,1.180692
980,0.018015,1.174662
981,0.013442,1.168447
982,0.009217,1.161918
983,0.005358,1.155144
984,0.001904,1.148248
985,-0.001155,1.141105
986,-0.003810,1.133744
987,-0.006097,1.126276
988,-0.007897,1.118786
989,-0.009237,1.110580
990,-0.010173,1.102956
991,-0.010668,1.095282
992,-0.010729,1.087593
993,-0.010317,1.079799
994,-0.009503,1.072164
995,-0.008249,1.064583
996,-0.006575,1.057074
997,-0.004398,1.049560
998,-0.001884,1.042307
999,0.001050,1.035197
1000,0.004377,1.028268
1001,0.008127,1.021529
1002,0.012258,1.014946
1003,0.016694,1.008701
1004,0.021568,1.002658
1005,0.026744,0.997052
1006,0.032201,0.991648
1007,0.037917,0.986551
1008,0.044463,0.981511
1009,0.050718,0.977130
1010,0.057357,0.973058
1011,0.064070,0.969412
1012,0.070972,0.966133
1013,0.078110,0.963285
1014,0.085453,0.960799
1015,0.092831,0.958867
1016,0.100389,0.957273
1017,0.107916,0.956069
1018,0.115515,0.955301
1019,0.123216,0.954995
1020,0.130967,0.955128
1021,0.138565,0.955661
1022,0.146117,0.956607
1023,0.153658,0.958039
1024,0.161131,0.959901
1025,0.169286,0.959800
1026,0.177705,0.958620
1027,0.185869,0.959896
1028,0.193245,0.962338
1029,0.200112,0.965525
1030,0.206666,0.969216
1031,0.212945,0.973331
1032,0.218968,0.977802
1033,0.224732,0.982623
1034,0.230227,0.987757
1035,0.235464,0.993200
1036,0.240448,0.998830
1037,0.244981,1.004783
1038,0.249191,1.010997
1039,0.253023,1.017493
1040,0.256441,1.024148
1041,0.259497,1.031021
1042,0.262166,1.038017
1043,0.264406,1.045175
1044,0.266262,1.052439
1045,0.267693,1.059823
1046,0.268665,1.067253
1047,0.269281,1.074746
1048,0.269467,1.082233
1049,0.269236,1.089752
1050,0.268620,1.097256
1051,0.267702,1.104718
1052,0.266217,1.112085
1053,0.264325,1.119336
1054,0.261970,1.126463
1055,0.259247,1.133430
1056,0.255796,1.140584
1057,0.252270,1.147205
1058,0.248378,1.153614
1059,0.244137,1.159763
1060,0.239536,1.165695
1061,0.234601,1.171348
1062,0.229385,1.176717
1063,0.223852,1.181781
1064,0.218112,1.186543
1065,0.212085,1.191106
1066,0.205813,1.195173
1067,0.199312,1.198832
1068,0.192590,1.202152
1069,0.185690,1.205062
1070,0.178654,1.207561
1071,0.171462,1.209674
1072,0.164163,1.211380
1073,0.156791,1.212653
1074,0.149335,1.213515
1075,0.141462,1.213883
1076,0.133872,1.213930
1077,0.126409,1.213534
1078,0.118980,1.212778
1079,0.111521,1.211577
1080,0.104237,1.209952
1081,0.097075,1.207883
1082,0.090010,1.205408
1083,0.083160,1.202990
1084,0.076415,1.200202
1085,0.069673,1.196733
1086,0.063021,1.192624
1087,0.056458,1.187867
1088,0.050041,1.182460
1089,0.043750,1.176422
1090,0.037681,1.169572
1091,0.031682,1.161959
1092,0.025758,1.153344
1093,0.019874,1.143517
1094,0.015286,1.137691
1095,0.011826,1.135354
1096,0.009164,1.134217
1097,0.006894,1.133282
1098,0.004961,1.132215
1099,0.003308,1.130738
1100,0.002010,1.127913
1101,0.001029,1.124112
1102,0.000461,1.119178
1103,0.000341,1.112869
1104,0.000086,1.107467
1105,0.000132,1.102762
1106,0.000669,1.097182
1107,0.002186,1.089913
1108,0.006229,1.082854
1109,0.010495,1.076483
1110,0.013663,1.071246
1111,0.014864,1.069089
1112,0.015673,1.067597
1113,0.016892,1.065296
1114,0.018550,1.062280
1115,0.021523,1.058164
1116,0.025901,1.053069
1117,0.031437,1.047681
1118,0.038622,1.041566
1119,0.047543,1.034835
1120,0.057965,1.028100
1121,0.069530,1.021683
1122,0.081995,1.015838
1123,0.095127,1.010687
1124,0.108758,1.006300
1125,0.122762,1.002715
1126,0.136993,0.999918
1127,0.151355,0.997910
1128,0.160374,1.000402
1129,0.167099,1.002887
1130,0.172536,1.005925
1131,0.177080,1.009520
1132,0.181039,1.013493
1133,0.184529,1.017789
1134,0.187647,1.022338
1135,0.190481,1.027005
1136,0.192906,1.031948
1137,0.194859,1.037073
1138,0.196471,1.042366
1139,0.198020,1.047560
1140,0.199209,1.052862
1141,0.200158,1.058191
1142,0.200703,1.063637
1143,0.200709,1.069092
1144,0.200541,1.074512
1145,0.199968,1.079962
1146,0.198900,1.085346
1147,0.197525,1.090626
1148,0.195798,1.095761
1149,0.193636,1.100794
1150,0.191048,1.105706
1151,0.188122,1.110450
1152,0.184709,1.114830
1153,0.180851,1.118945
1154,0.176523,1.122722
1155,0.171698,1.126096
1156,0.166346,1.128997
1157,0.160431,1.131347
1158,0.153908,1.133058
1159,0.151024,1.131675
1160,0.150847,1.131414
1161,0.142573,1.135640
1162,0.132958,1.136996
1163,0.124701,1.138493
1164,0.121241,1.139555
1165,0.118559,1.138564
1166,0.110947,1.131680
1167,0.102279,1.124041
1168,0.095991,1.120439
1169,0.094604,1.119213
1170,0.098101,1.108509
1171,0.092083,1.095642
1172,0.079158,1.085259
1173,0.070848,1.074773
1174,0.062463,1.063666
1175,0.054047,1.051906
1176,0.045642,1.039465
1177,0.035887,1.025841
1178,0.026645,1.011576
1179,0.018230,0.996808
1180,0.010977,0.981585
1181,0.004349,0.965955
1182,-0.001434,0.949971
1183,-0.003025,0.945496
1184,-0.001194,0.945059
1185,0.000772,0.944529
1186,0.002056,0.944109
1187,0.002151,0.944075
1188,0.002151,0.944075
1189,0.013484,0.948726
1190,0.028637,0.956418
1191,0.043304,0.965009
1192,0.053767,0.973082
1193,0.060961,0.980298
1194,0.068838,0.988175
1195,0.070610,0.989871
1196,0.074808,0.999566
1197,0.077806,1.011268
1198,0.080721,1.023855
1199,0.084046,1.038171
1200,0.087371,1.053635
1201,0.089492,1.067510
1202,0.090833,1.082238
1203,0.091371,1.097424
1204,0.091049,1.112831
1205,0.089838,1.128355
1206,0.087750,1.143790
1207,0.084782,1.159116
1208,0.080939,1.174293
1209,0.076245,1.189194
1210,0.070689,1.203846
1211,0.064336,1.218135
1212,0.057175,1.232027
1213,0.049230,1.245496
1214,0.040500,1.258522
1215,0.030994,1.271088
1216,0.020835,1.283053
1217,0.010055,1.294380
1218,-0.001366,1.305087
1219,-0.013438,1.315180
1220,-0.025984,1.324505
1221,-0.039042,1.333104
1222,-0.052613,1.340964
1223,-0.066663,1.348075
1224,-0.081111,1.354376
1225,-0.095764,1.359797
1226,-0.110501,1.364302
1227,-0.125610,1.367989
1228,-0.140908,1.370834
1229,-0.156356,1.372796
1230,-0.172017,1.373868
1231,-0.187651,1.374065
1232,-0.203372,1.373371
1233,-0.218919,1.371786
1234,-0.234386,1.369312
1235,-0.249545,1.365951
1236,-0.264514,1.361742
1237,-0.279228,1.356699
1238,-0.293627,1.350828
1239,-0.307693,1.344146
1240,-0.321447,1.336614
1241,-0.334790,1.328292
1242,-0.347579,1.319274
1243,-0.359776,1.309584
1244,-0.371693,1.299041
1245,-0.383709,1.287169
1246,-0.395031,1.274567
1247,-0.405617,1.261516
1248,-0.415444,1.247904
1249,-0.424491,1.233846
1250,-0.432757,1.219343
1251,-0.440259,1.204574
1252,-0.446927,1.189549
1253,-0.452757,1.174211
1254,-0.457694,1.158599
1255,-0.461753,1.142700
1256,-0.464862,1.126678
1257,-0.467174,1.110600
1258,-0.468572,1.094439
1259,-0.469067,1.078252
1260,-0.468766,1.062180
1261,-0.467610,1.046219
1262,-0.465586,1.030404
1263,-0.462689,1.014750
1264,-0.459097,0.999388
1265,-0.454701,0.984342
1266,-0.449583,0.969624
1267,-0.443731,0.955301
1268,-0.437179,0.941368
1269,-0.429935,0.927902
1270,-0.422184,0.914978
1271,-0.413846,0.902598
1272,-0.405009,0.890824
1273,-0.395612,0.879663
1274,-0.385870,0.869205
1275,-0.375692,0.859506
1276,-0.365107,0.850607
1277,-0.353997,0.842630
1278,-0.342255,0.835445
1279,-0.329967,0.829409
1280,-0.317040,0.824241
1281,-0.303364,0.819858
1282,-0.289044,0.816230
1283,-0.274869,0.810703
1284,-0.261890,0.803918
1285,-0.249274,0.797870
1286,-0.236639,0.792714
1287,-0.223714,0.788076
1288,-0.210583,0.784156
1289,-0.197298,0.781106
1290,-0.183912,0.778875
1291,-0.170399,0.777415
1292,-0.157299,0.777240
1293,-0.143820,0.777501
1294,-0.130297,0.778390
1295,-0.116794,0.779968
1296,-0.103417,0.782312
1297,-0.090211,0.785424
1298,-0.077303,0.789283
1299,-0.064612,0.793943
1300,-0.052193,0.799289
1301,-0.040131,0.805347
1302,-0.028506,0.812124
1303,-0.017456,0.819648
1304,-0.006844,0.827716
1305,0.003340,0.836421
1306,0.013005,0.845664
1307,0.022076,0.855438
1308,0.030477,0.865735
1309,0.038245,0.876497
1310,0.045281,0.887666
1311,0.051607,0.899239
1312,0.057181,0.911166
1313,0.061998,0.923380
1314,0.066039,0.935835
1315,0.068535,0.948976
1316,0.070018,0.962942
1317,0.071798,0.976932
1318,0.073047,0.990759
1319,0.071307,1.004298
1320,0.068418,1.018091
1321,0.065309,1.031532
1322,0.064939,1.041253
1323,0.064758,1.050190
1324,0.064097,1.058513
1325,0.062826,1.065992
1326,0.059432,1.074517
1327,0.054906,1.083068
1328,0.051132,1.089041
1329,0.049771,1.094602
1330,0.047262,1.101240
1331,0.044986,1.107836
1332,0.042557,1.114287
1333,0.042334,1.120911
1334,0.042669,1.127606
1335,0.043005,1.134536
1336,0.043114,1.141531
1337,0.042839,1.148564
1338,0.042197,1.155583
1339,0.041136,1.162546
1340,0.039811,1.169374
1341,0.038057,1.176222
1342,0.035883,1.182932
1343,0.033374,1.189539
1344,0.030458,1.195988
1345,0.027221,1.202243
1346,0.023617,1.208321
1347,0.019694,1.214170
1348,0.015139,1.219523
1349,0.010552,1.224835
1350,0.005651,1.229925
1351,0.000543,1.234747
1352,-0.004887,1.239245
1353,-0.010555,1.243469
1354,-0.016485,1.247313
1355,-0.022597,1.250854
1356,-0.028876,1.254053
1357,-0.035328,1.256907
1358,-0.041987,1.259354
1359,-0.048770,1.261400
1360,-0.055657,1.263050
1361,-0.062604,1.264310
1362,-0.069629,1.265226
1363,-0.076623,1.265759
1364,-0.083708,1.265876
1365,-0.090787,1.265609
1366,-0.097846,1.264892
1367,-0.104836,1.263757
1368,-0.111611,1.261884
1369,-0.118426,1.259965
1370,-0.125045,1.257751
1371,-0.131608,1.255087
1372,-0.138000,1.252045
1373,-0.144210,1.248640
1374,-0.150225,1.244912
1375,-0.156026,1.240824
1376,-0.161539,1.236499
1377,-0.166855,1.231782
1378,-0.171866,1.226761
1379,-0.176595,1.221514
1380,-0.181065,1.215962
1381,-0.185190,1.210165
1382,-0.188948,1.204142
1383,-0.192442,1.197979
1384,-0.195488,1.191570
1385,-0.198247,1.185058
1386,-0.200850,1.178499
1387,-0.202507,1.171646
1388,-0.204057,1.164743
1389,-0.205218,1.157787
1390,-0.205995,1.150753
1391,-0.206335,1.143670
1392,-0.206282,1.136585
1393,-0.205872,1.129633
1394,-0.205047,1.122572
1395,-0.203810,1.115606
1396,-0.202186,1.108687
1397,-0.200189,1.101902
1398,-0.197825,1.095221
1399,-0.195058,1.088667
1400,-0.191991,1.082309
1401,-0.188578,1.076082
1402,-0.184748,1.070078
1403,-0.180702,1.064304
1404,-0.175925,1.059128
1405,-0.171173,1.053878
1406,-0.166144,1.048912
1407,-0.160865,1.044161
1408,-0.155475,1.039720
1409,-0.149716,1.035634
1410,-0.143683,1.031941
1411,-0.137473,1.028582
1412,-0.131063,1.025609
1413,-0.124530,1.022982
1414,-0.117822,1.020755
1415,-0.111003,1.018888
1416,-0.104196,1.017412
1417,-0.097234,1.016208
1418,-0.090179,1.015455
1419,-0.083111,1.015130
1420,-0.076063,1.015179
1421,-0.069005,1.015640
1422,-0.061991,1.016506
1423,-0.055044,1.017758
1424,-0.048317,1.019710
1425,-0.041638,1.021663
1426,-0.035020,1.024014
1427,-0.028531,1.026747
1428,-0.022065,1.029609
1429,-0.015892,1.032985
1430,-0.009974,1.036700
1431,-0.004282,1.040792
1432,0.001086,1.045076
1433,0.006314,1.049725
1434,0.011228,1.054644
1435,0.015896,1.059765
1436,0.020262,1.065172
1437,0.024293,1.070791
1438,0.028025,1.076605
1439,0.031445,1.082566
1440,0.034547,1.088637
1441,0.037303,1.094916
1442,0.039680,1.101341
1443,0.041728,1.107829
1444,0.043054,1.114381
1445,0.044407,1.120958
1446,0.045151,1.127475
1447,0.045828,1.133886
1448,0.045944,1.140267
1449,0.045623,1.146480
1450,0.043300,1.151216
1451,0.040500,1.155071
1452,0.038652,1.159026
1453,0.036989,1.162560
1454,0.034763,1.165131
1455,0.032044,1.166594
1456,0.028585,1.166950
1457,0.024268,1.166384
1458,0.018863,1.164859
1459,0.012472,1.162483
1460,0.005317,1.159461
1461,-0.002438,1.155218
1462,-0.010214,1.150267
1463,-0.017922,1.144592
1464,-0.024323,1.138841
1465,-0.029070,1.133230
1466,-0.033089,1.127072
1467,-0.037673,1.119700
1468,-0.043110,1.110998
1469,-0.049402,1.103426
1470,-0.054790,1.095809
1471,-0.059292,1.088299
1472,-0.062802,1.080675
1473,-0.065216,1.072832
1474,-0.066817,1.064376
1475,-0.068257,1.054664
1476,-0.070134,1.042950
1477,-0.072011,1.029587
1478,-0.073319,1.015250
1479,-0.073853,1.000386
1480,-0.073514,0.985204
1481,-0.072356,0.970003
1482,-0.070291,0.954769
1483,-0.067336,0.939710
1484,-0.063589,0.924948
1485,-0.058950,0.910289
1486,-0.053498,0.895882
1487,-0.047217,0.881800
1488,-0.039963,0.868667
1489,-0.032593,0.860063
1490,-0.025906,0.854756
1491,-0.018432,0.849699
1492,-0.011003,0.845261
1493,-0.002918,0.841017
1494,0.005396,0.837179
1495,0.013825,0.833952
1496,0.022417,0.831204
1497,0.031392,0.828462
1498,0.040894,0.825618
1499,0.051215,0.824426
1500,0.060301,0.826371
1501,0.068666,0.830777
1502,0.077171,0.834746
1503,0.086653,0.835797
1504,0.098277,0.834518
1505,0.111318,0.834953
1506,0.123339,0.835834
1507,0.131774,0.838969
1508,0.139937,0.842646
1509,0.147705,0.847044
1510,0.155359,0.852032
1511,0.167320,0.856055
1512,0.178612,0.860468
1513,0.190008,0.866083
1514,0.202514,0.871428
1515,0.215457,0.877588
1516,0.228387,0.884640
1517,0.241080,0.892523
1518,0.253393,0.901166
1519,0.265255,0.910526
1520,0.276524,0.920594
1521,0.287272,0.931295
1522,0.297393,0.942575
1523,0.306849,0.954454
1524,0.315629,0.966830
1525,0.323693,0.979696
1526,0.331016,0.993006
1527,0.337587,1.006727
1528,0.343397,1.020840
1529,0.348364,1.035368
1530,0.352483,1.049985
1531,0.355778,1.064838
1532,0.358245,1.079957
1533,0.359819,1.095131
1534,0.360537,1.110325
1535,0.360399,1.125520
1536,0.359387,1.140750
1537,0.357508,1.155830
1538,0.354769,1.170813
1539,0.351164,1.185631
1540,0.346710,1.200204
1541,0.341504,1.214482
1542,0.335468,1.228450
1543,0.328589,1.242198
1544,0.320951,1.255370
1545,0.312585,1.268133
1546,0.303554,1.280384
1547,0.293819,1.292106
1548,0.283400,1.303228
1549,0.272434,1.313760
1550,0.260809,1.323664
1551,0.248709,1.332865
1552,0.235973,1.341443
1553,0.223065,1.349091
1554,0.209652,1.356046
1555,0.195788,1.362270
1556,0.181608,1.367681
1557,0.167120,1.372285
1558,0.152379,1.376057
1559,0.137404,1.378983
1560,0.122338,1.381061
1561,0.107167,1.382271
1562,0.091950,1.382623
1563,0.076742,1.382122
1564,0.061640,1.380759
1565,0.046725,1.378533
1566,0.031885,1.375448
1567,0.017206,1.371513
1568,0.002754,1.366737
1569,-0.011447,1.361140
1570,-0.025301,1.354748
1571,-0.038765,1.347564
1572,-0.051788,1.339647
1573,-0.064306,1.331047
1574,-0.076317,1.321717
1575,-0.087799,1.311733
1576,-0.098589,1.301161
1577,-0.108804,1.289950
1578,-0.118390,1.278155
1579,-0.127264,1.265828
1580,-0.135476,1.252982
1581,-0.143388,1.241132
1582,-0.150016,1.230013
1583,-0.155578,1.218337
1584,-0.160322,1.206265
1585,-0.164215,1.193735
1586,-0.167405,1.180418
1587,-0.168627,1.168895
1588,-0.169137,1.157320
1589,-0.170171,1.146012
1590,-0.172120,1.135913
1591,-0.173043,1.124973
1592,-0.173152,1.113769
1593,-0.172579,1.102729
1594,-0.171033,1.091772
1595,-0.168685,1.081043
1596,-0.164332,1.073226
1597,-0.159252,1.066357
1598,-0.153266,1.059609
1599,-0.146631,1.052665
1600,-0.139423,1.045342
1601,-0.131737,1.037102
1602,-0.123346,1.027461
1603,-0.117890,1.019148
1604,-0.113522,1.013575
1605,-0.108228,1.008760
1606,-0.102680,1.004780
1607,-0.096301,1.001341
1608,-0.088978,0.998404
1609,-0.081088,0.995466
1610,-0.071867,0.992360
1611,-0.061006,0.988789
1612,-0.048451,0.984912
1613,-0.034770,0.981342
1614,-0.020398,0.978406
1615,-0.005488,0.976250
1616,0.009518,0.974869
1617,0.024660,0.974384
1618,0.039861,0.974762
1619,0.055048,0.976005
1620,0.070156,0.978121
1621,0.085128,0.981086
1622,0.099910,0.984904
1623,0.114549,0.989553
1624,0.128656,0.994978
1625,0.142487,1.001210
1626,0.156031,1.008263
1627,0.169171,1.016068
1628,0.181791,1.024611
1629,0.193922,1.033857
1630,0.205588,1.043841
1631,0.216595,1.054410
1632,0.226987,1.065598
1633,0.236817,1.077457
1634,0.245878,1.089754
1635,0.254276,1.102655
1636,0.261881,1.115924
1637,0.268708,1.129573
1638,0.274762,1.143656
1639,0.279997,1.158001
1640,0.284435,1.172650
1641,0.288031,1.187541
1642,0.290754,1.202608
1643,0.292629,1.218022
1644,0.293613,1.233247
1645,0.293735,1.248518
1646,0.292968,1.263842
1647,0.291353,1.279084
1648,0.288873,1.294167
1649,0.285539,1.309087
1650,0.281356,1.323857
1651,0.276333,1.338322
1652,0.270512,1.352504
1653,0.263885,1.366252
1654,0.256481,1.379688
1655,0.248339,1.392624
1656,0.239477,1.405081
1657,0.229918,1.417017
1658,0.219707,1.428428
1659,0.208768,1.439276
1660,0.197474,1.449267
1661,0.185481,1.458729
1662,0.172958,1.467513
1663,0.159956,1.475536
1664,0.146486,1.482833
1665,0.132651,1.489340
1666,0.118421,1.495091
1667,0.103910,1.499995
1668,0.089172,1.504053
1669,0.074215,1.507268
1670,0.059006,1.509657
1671,0.043708,1.511144
1672,0.028536,1.511768
1673,0.013314,1.511508
1674,-0.002010,1.510415
1675,-0.017186,1.508414
1676,-0.032266,1.505553
1677,-0.047162,1.501880
1678,-0.061776,1.497333
1679,-0.076188,1.491944
1680,-0.090296,1.485742
1681,-0.103972,1.478799
1682,-0.117185,1.471064
1683,-0.130135,1.462490
1684,-0.142354,1.453289
1685,-0.154052,1.443433
1686,-0.165274,1.432870
1687,-0.175778,1.421730
1688,-0.185690,1.409958
1689,-0.194934,1.397645
1690,-0.203398,1.384903
1691,-0.211139,1.371658
1692,-0.218140,1.357967
1693,-0.224340,1.343904
1694,-0.229659,1.329569
1695,-0.234181,1.315072
1696,-0.237891,1.300179
1697,-0.240746,1.285088
1698,-0.242731,1.269894
1699,-0.243842,1.254599
1700,-0.244099,1.239218
1701,-0.243494,1.223801
1702,-0.241987,1.208546
1703,-0.239623,1.193395
1704,-0.236400,1.178324
1705,-0.232339,1.163472
1706,-0.227408,1.148970
1707,-0.221735,1.134807
1708,-0.215227,1.121037
1709,-0.207942,1.107611
1710,-0.199886,1.094586
1711,-0.191088,1.082018
1712,-0.181585,1.069963
1713,-0.171406,1.058463
1714,-0.160519,1.047491
1715,-0.149085,1.037213
1716,-0.137046,1.027578
1717,-0.124395,1.018606
1718,-0.111439,1.010483
1719,-0.098021,1.003077
1720,-0.084188,0.996436
1721,-0.069926,0.990576
1722,-0.055419,0.985548
1723,-0.040601,0.981331
1724,-0.025605,0.977974
1725,-0.010408,0.975478
1726,0.004908,0.973841
1727,0.020228,0.973104
1728,0.035678,0.973207
1729,0.051001,0.974212
1730,0.066244,0.976079
1731,0.081452,0.978807
1732,0.096478,0.982399
1733,0.111388,0.986861
1734,0.125720,0.992143
1735,0.139874,0.998235
1736,0.153588,1.005105
1737,0.166937,1.012756
1738,0.179826,1.021157
1739,0.192332,1.030334
1740,0.204210,1.040158
1741,0.215535,1.050688
1742,0.226215,1.061790
1743,0.236237,1.073496
1744,0.245640,1.085800
1745,0.254248,1.098542
1746,0.262118,1.111753
1747,0.269318,1.125525
1748,0.275646,1.139551
1749,0.281155,1.153909
1750,0.285827,1.168568
1751,0.289686,1.183501
1752,0.292655,1.198698
1753,0.294760,1.213915
1754,0.295999,1.229214
1755,0.296381,1.244616
1756,0.295865,1.259958
1757,0.294489,1.275340
1758,0.292245,1.290540
1759,0.289099,1.305759
1760,0.285135,1.320537
1761,0.280332,1.335178
1762,0.274714,1.349530
1763,0.268268,1.363498
1764,0.261031,1.377156
1765,0.253051,1.390313
1766,0.244290,1.403074
1767,0.234844,1.415255
1768,0.224617,1.427034
1769,0.213900,1.437982
1770,0.202560,1.448356
1771,0.190570,1.458122
1772,0.178030,1.467176
1773,0.165058,1.475472
1774,0.151642,1.483023
1775,0.137774,1.489846
1776,0.123564,1.495817
1777,0.108961,1.501036
1778,0.094000,1.505441
1779,0.079108,1.508854
1780,0.063941,1.511471
1781,0.048523,1.513276
1782,0.033029,1.514153
1783,0.017540,1.514187
1784,0.002044,1.513304
1785,-0.013300,1.511566
1786,-0.028578,1.508929
1787,-0.043591,1.505430
1788,-0.058546,1.501068
1789,-0.072946,1.495932
1790,-0.087094,1.489948
1791,-0.100965,1.483165
1792,-0.114406,1.475581
1793,-0.127386,1.467246
1794,-0.139945,1.458148
1795,-0.151930,1.448384
1796,-0.163355,1.437943
1797,-0.174115,1.426889
1798,-0.184309,1.415193
1799,-0.193774,1.402993
