0,0.481241,1.811690
1,0.481241,1.811690
2,0.481241,1.811690
3,0.481241,1.811690
4,0.469103,1.810035
5,0.452504,1.806396
6,0.436149,1.801765
7,0.420085,1.796211
8,0.404362,1.789752
9,0.389033,1.782408
10,0.374146,1.774205
11,0.359750,1.765168
12,0.345891,1.755326
13,0.332615,1.744712
14,0.319964,1.733360
15,0.307980,1.721306
16,0.296701,1.708590
17,0.286163,1.695253
18,0.276402,1.681338
19,0.267448,1.666890
20,0.259330,1.651956
21,0.252076,1.636585
22,0.245707,1.620825
23,0.240246,1.604729
24,0.235709,1.588348
25,0.232112,1.571736
26,0.229466,1.554945
27,0.227779,1.538032
28,0.227057,1.521049
29,0.227302,1.504054
30,0.228515,1.487100
31,0.230689,1.470242
32,0.233820,1.453535
33,0.237896,1.437033
34,0.242904,1.420790
35,0.248828,1.404859
36,0.255649,1.389290
37,0.263345,1.374134
38,0.271890,1.359441
39,0.281258,1.345258
40,0.291418,1.331631
41,0.302336,1.318604
42,0.313978,1.306219
43,0.326306,1.294516
44,0.339279,1.283534
45,0.352856,1.273308
46,0.366993,1.263871
47,0.381645,1.255254
48,0.396762,1.247484
49,0.400999,1.245337
50,0.400999,1.245337
51,0.400999,1.245337
52,0.400999,1.245337
53,0.400999,1.245337
54,0.400999,1.245337
55,0.400999,1.245337
56,0.400999,1.245337
57,0.400999,1.245337
58,0.388927,1.247414
59,0.372002,1.248944
60,0.355012,1.249454
61,0.338021,1.248997
62,0.321083,1.247573
63,0.304253,1.245189
64,0.287587,1.241850
65,0.282935,1.240891
66,0.272877,1.233898
67,0.259747,1.223109
68,0.247287,1.211548
69,0.235505,1.199296
70,0.224438,1.186395
71,0.214124,1.172884
72,0.204595,1.158809
73,0.195883,1.144214
74,0.188015,1.129147
75,0.181016,1.113657
76,0.174911,1.097794
77,0.169718,1.081609
78,0.165454,1.065155
79,0.162133,1.048485
80,0.159602,1.038945
81,0.159324,1.039082
82,0.161430,1.038152
83,0.166249,1.035867
84,0.172944,1.028519
85,0.180942,1.015712
86,0.189453,1.000999
87,0.198787,0.986794
88,0.208915,0.973143
89,0.219803,0.960090
90,0.231415,0.947678
91,0.243715,0.935946
92,0.256663,0.924934
93,0.270216,0.914676
94,0.284331,0.905206
95,0.298962,0.896554
96,0.314061,0.888748
97,0.318293,0.886591
98,0.318293,0.886591
99,0.318293,0.886591
100,0.318293,0.886591
101,0.318293,0.886591
102,0.318293,0.886591
103,0.318293,0.886591
104,0.318293,0.886591
105,0.307864,0.893018
106,0.292729,0.900745
107,0.277153,0.907549
108,0.261215,0.913456
109,0.244966,0.918447
110,0.228460,0.922506
111,0.211750,0.925618
112,0.194890,0.927775
113,0.177935,0.928969
114,0.160939,0.929197
115,0.143957,0.928457
116,0.127045,0.926752
117,0.110258,0.924088
118,0.105571,0.923316
119,0.105571,0.923316
120,0.105571,0.923316
121,0.105571,0.923316
122,0.107219,0.911178
123,0.110849,0.894576
124,0.115472,0.878219
125,0.116789,0.873656
126,0.124542,0.864171
127,0.136318,0.851918
128,0.143296,0.852809
129,0.150867,0.855017
130,0.152236,0.855367
131,0.152236,0.855367
132,0.152236,0.855367
133,0.152236,0.855367
134,0.152236,0.855367
135,0.152236,0.855367
136,0.152236,0.855367
137,0.152236,0.855367
138,0.152236,0.855367
139,0.140877,0.859955
140,0.124660,0.865035
141,0.108164,0.869132
142,0.091461,0.872284
143,0.074641,0.876370
144,0.057681,0.877877
145,0.040686,0.878145
146,0.023703,0.877445
147,0.006787,0.875780
148,0.002063,0.875288
149,0.002063,0.875288
150,0.002063,0.875288
151,-0.001602,0.863599
152,-0.005369,0.847028
153,-0.008134,0.830256
154,-0.009940,0.813355
155,-0.010781,0.796378
156,-0.010989,0.791633
157,-0.006670,0.780170
158,0.000578,0.764799
159,0.008738,0.749888
160,0.017733,0.735466
161,0.027535,0.721579
162,0.038110,0.708272
163,0.049426,0.695589
164,0.061445,0.683570
165,0.074128,0.672254
166,0.087435,0.661678
167,0.101321,0.651876
168,0.115743,0.642880
169,0.130654,0.634719
170,0.146004,0.627420
171,0.161745,0.621006
172,0.177826,0.615498
173,0.194193,0.610914
174,0.210795,0.607269
175,0.227578,0.604574
176,0.244486,0.602838
177,0.249214,0.602380
178,0.249214,0.602380
179,0.249214,0.602380
180,0.249214,0.602380
181,0.249214,0.602380
182,0.249214,0.602380
183,0.249214,0.602380
184,0.238816,0.608855
185,0.223717,0.616653
186,0.208173,0.623531
187,0.192263,0.629513
188,0.176038,0.634580
189,0.159551,0.638716
190,0.142856,0.641907
191,0.126006,0.644143
192,0.121294,0.644741
193,0.121294,0.644741
194,0.121294,0.644741
195,0.121294,0.644741
196,0.119411,0.632637
197,0.118153,0.615690
198,0.117916,0.598694
199,0.118647,0.581712
200,0.120342,0.564799
201,0.122998,0.548010
202,0.126604,0.531400
203,0.131149,0.515021
204,0.136619,0.498928
205,0.142995,0.483172
206,0.150258,0.467804
207,0.158383,0.452874
208,0.167345,0.438431
209,0.177113,0.424521
210,0.187658,0.411189
211,0.189716,0.395559
212,0.191929,0.379754
213,0.197012,0.364829
214,0.205222,0.351272
215,0.216869,0.339847
216,0.231248,0.330799
217,0.246139,0.322604
218,0.261188,0.314886
219,0.276913,0.308435
220,0.292981,0.302889
221,0.299323,0.299738
222,0.311919,0.300407
223,0.328701,0.303078
224,0.345297,0.306753
225,0.360529,0.311065
226,0.365982,0.313434
227,0.371367,0.311349
228,0.375070,0.306390
229,0.379778,0.300741
230,0.384732,0.295184
231,0.389897,0.289674
232,0.394699,0.284965
233,0.399950,0.282340
234,0.407848,0.280356
235,0.415050,0.275608
236,0.421012,0.268110
237,0.428730,0.258719
238,0.438587,0.247924
239,0.447220,0.238251
240,0.454213,0.230228
241,0.460794,0.223250
242,0.468927,0.217384
243,0.478960,0.210791
244,0.487153,0.204824
245,0.494975,0.199597
246,0.502765,0.194976
247,0.510672,0.190881
248,0.518739,0.187274
249,0.526972,0.184146
250,0.535371,0.181475
251,0.543899,0.179305
252,0.552530,0.177627
253,0.561240,0.176445
254,0.570020,0.175743
255,0.578817,0.175557
256,0.587597,0.175922
257,0.596340,0.176741
258,0.605050,0.178065
259,0.613659,0.179844
260,0.622121,0.182171
261,0.630432,0.184940
262,0.638603,0.188195
263,0.646570,0.191900
264,0.654310,0.196051
265,0.661772,0.200694
266,0.668994,0.205703
267,0.675915,0.211112
268,0.682515,0.216905
269,0.688771,0.223073
270,0.694646,0.229625
271,0.700162,0.236456
272,0.705279,0.243591
273,0.709978,0.251013
274,0.714133,0.258565
275,0.717902,0.266493
276,0.721294,0.274562
277,0.724202,0.282836
278,0.726648,0.291284
279,0.728548,0.299861
280,0.730007,0.308507
281,0.730967,0.317234
282,0.731440,0.326016
283,0.731410,0.334802
284,0.730827,0.343559
285,0.729792,0.352275
286,0.728164,0.361465
287,0.725826,0.371577
288,0.723095,0.381027
289,0.719497,0.390007
290,0.713232,0.399766
291,0.706203,0.409974
292,0.698783,0.420017
293,0.690934,0.429683
294,0.682818,0.438876
295,0.674463,0.447512
296,0.666193,0.455351
297,0.657556,0.462474
298,0.648863,0.469098
299,0.640677,0.475095
300,0.632906,0.480331
301,0.625157,0.485023
302,0.617287,0.489190
303,0.609252,0.492869
304,0.601027,0.496019
305,0.592662,0.498752
306,0.584188,0.501032
307,0.575597,0.502795
308,0.567080,0.503950
309,0.558325,0.504678
310,0.549547,0.504949
311,0.540767,0.504721
312,0.532015,0.503992
313,0.520772,0.504486
314,0.507275,0.505686
315,0.493254,0.506812
316,0.479217,0.507523
317,0.465486,0.507649
318,0.452287,0.507330
319,0.440618,0.505784
320,0.430920,0.502685
321,0.422832,0.498162
322,0.412287,0.493846
323,0.399197,0.488091
324,0.386138,0.481734
325,0.373071,0.474622
326,0.360290,0.466833
327,0.347932,0.458417
328,0.338850,0.449744
329,0.331216,0.441136
330,0.321901,0.431775
331,0.315023,0.428478
332,0.309877,0.430029
333,0.304957,0.430648
334,0.300676,0.430055
335,0.298352,0.431178
336,0.295907,0.433089
337,0.293278,0.436086
338,0.290600,0.440600
339,0.288078,0.446914
340,0.285893,0.454651
341,0.284371,0.463790
342,0.280238,0.472641
343,0.272673,0.479213
344,0.271071,0.479844
345,0.266041,0.478666
346,0.262428,0.480976
347,0.259589,0.484007
348,0.259006,0.484286
349,0.258220,0.484851
350,0.255683,0.487758
351,0.252655,0.494289
352,0.247869,0.502920
353,0.242056,0.516896
354,0.236969,0.530642
355,0.231397,0.544126
356,0.225219,0.557159
357,0.218463,0.569717
358,0.211162,0.581777
359,0.203346,0.593319
360,0.195050,0.604325
361,0.186307,0.614778
362,0.177150,0.624663
363,0.167614,0.633967
364,0.157733,0.642681
365,0.147541,0.650794
366,0.136705,0.658276
367,0.126002,0.665162
368,0.115092,0.671433
369,0.104009,0.677086
370,0.092786,0.682123
371,0.081457,0.686544
372,0.070052,0.690354
373,0.058605,0.693558
374,0.047145,0.696163
375,0.035703,0.698177
376,0.024308,0.699610
377,0.012988,0.700473
378,0.001770,0.700779
379,-0.009321,0.700540
380,-0.020259,0.699773
381,-0.031021,0.698493
382,-0.041585,0.696715
383,-0.051930,0.694459
384,-0.062035,0.691741
385,-0.071883,0.688582
386,-0.081457,0.685001
387,-0.090740,0.681017
388,-0.099719,0.676652
389,-0.108380,0.671926
390,-0.116712,0.666860
391,-0.124703,0.661475
392,-0.132346,0.655794
393,-0.139631,0.649836
394,-0.146554,0.643624
395,-0.153107,0.637178
396,-0.159287,0.630520
397,-0.165039,0.623301
398,-0.170451,0.616282
399,-0.175485,0.609112
400,-0.180141,0.601810
401,-0.184419,0.594397
402,-0.188321,0.586890
403,-0.191850,0.579308
404,-0.195009,0.571668
405,-0.197803,0.563986
406,-0.200238,0.556279
407,-0.200184,0.545182
408,-0.195451,0.529905
409,-0.193749,0.514319
410,-0.196478,0.500370
411,-0.198102,0.487161
412,-0.198845,0.474213
413,-0.199132,0.463991
414,-0.198932,0.456339
415,-0.198406,0.449579
416,-0.197151,0.443344
417,-0.191004,0.435413
418,-0.189312,0.433601
419,-0.189312,0.433601
420,-0.177094,0.434493
421,-0.160299,0.437084
422,-0.155611,0.437850
423,-0.155611,0.437850
424,-0.155611,0.437850
425,-0.155611,0.437850
426,-0.155611,0.437850
427,-0.161627,0.448521
428,-0.171134,0.462607
429,-0.181472,0.476099
430,-0.192561,0.488981
431,-0.204366,0.501211
432,-0.216846,0.512750
433,-0.229964,0.523560
434,-0.243674,0.533606
435,-0.257935,0.542856
436,-0.272698,0.551280
437,-0.287917,0.558850
438,-0.303542,0.565541
439,-0.319522,0.571333
440,-0.335806,0.576207
441,-0.352341,0.580146
442,-0.369073,0.583138
443,-0.385948,0.585173
444,-0.390667,0.585714
445,-0.390667,0.585714
446,-0.390667,0.585714
447,-0.390667,0.585714
448,-0.390667,0.585714
449,-0.385145,0.586242
450,-0.385089,0.586248
451,-0.385089,0.586248
452,-0.373071,0.583872
453,-0.356190,0.581923
454,-0.339218,0.580993
455,-0.322220,0.581029
456,-0.317470,0.581067
457,-0.317470,0.581067
458,-0.317470,0.581067
459,-0.317470,0.581067
460,-0.317470,0.581067
461,-0.317470,0.581067
462,-0.317470,0.581067
463,-0.328487,0.586423
464,-0.344317,0.592604
465,-0.348757,0.594292
466,-0.348757,0.594292
467,-0.348757,0.594292
468,-0.348757,0.594292
469,-0.348757,0.594292
470,-0.348757,0.594292
471,-0.344677,0.593543
472,-0.332134,0.582935
473,-0.319624,0.571433
474,-0.306443,0.560701
475,-0.292672,0.550737
476,-0.278357,0.541572
477,-0.263543,0.533237
478,-0.248280,0.525758
479,-0.232615,0.519159
480,-0.216601,0.513462
481,-0.200288,0.508686
482,-0.183730,0.504846
483,-0.166980,0.501954
484,-0.150093,0.500019
485,-0.133123,0.499049
486,-0.116126,0.499046
487,-0.099156,0.500009
488,-0.082268,0.501937
489,-0.065517,0.504822
490,-0.048958,0.508656
491,-0.032643,0.513426
492,-0.016626,0.519116
493,-0.000959,0.525708
494,0.014308,0.533181
495,0.029124,0.541511
496,0.043443,0.550670
497,0.057218,0.560628
498,0.070403,0.571355
499,0.082957,0.582814
500,0.086447,0.586036
501,0.086447,0.586036
502,0.086447,0.586036
503,0.086447,0.586036
504,0.086447,0.586036
505,0.086447,0.586036
506,0.074252,0.587190
507,0.057260,0.587430
508,0.040280,0.586647
509,0.023373,0.584899
510,0.006592,0.582193
511,-0.010007,0.578536
512,-0.026372,0.573940
513,-0.042449,0.568421
514,-0.058185,0.561997
515,-0.073531,0.554687
516,-0.088435,0.546516
517,-0.092587,0.544209
518,-0.092587,0.544209
519,-0.092587,0.544209
520,-0.091370,0.532019
521,-0.088330,0.515300
522,-0.084290,0.498789
523,-0.079318,0.482535
524,-0.073428,0.466591
525,-0.066641,0.451007
526,-0.058978,0.435835
527,-0.050465,0.421123
528,-0.041128,0.406919
529,-0.030998,0.393270
530,-0.020108,0.380219
531,-0.008494,0.367809
532,0.003809,0.356080
533,0.016758,0.345070
534,0.030313,0.334814
535,0.044430,0.325346
536,0.059062,0.316697
537,0.063165,0.314303
538,0.063165,0.314303
539,0.063165,0.314303
540,0.073027,0.321570
541,0.085855,0.332715
542,0.097993,0.344614
543,0.109435,0.357184
544,0.120143,0.370384
545,0.123114,0.374090
546,0.125867,0.368293
547,0.129837,0.369797
548,0.130412,0.370999
549,0.130412,0.370999
550,0.130454,0.370047
551,0.120373,0.376675
552,0.105540,0.384968
553,0.090232,0.392356
554,0.074529,0.398861
555,0.058480,0.404462
556,0.042140,0.409141
557,0.025559,0.412882
558,0.008792,0.415674
559,-0.008106,0.417508
560,-0.025081,0.418377
561,-0.037271,0.419472
562,-0.049915,0.416807
563,-0.060882,0.413927
564,-0.071945,0.410416
565,-0.074194,0.409643
566,-0.074194,0.409643
567,-0.074194,0.409643
568,-0.074194,0.409643
569,-0.074194,0.409643
570,-0.074194,0.409643
571,-0.074194,0.409643
572,-0.073087,0.406723
573,-0.062218,0.403031
574,-0.057553,0.402139
575,-0.045585,0.404755
576,-0.029328,0.409703
577,-0.013394,0.415622
578,-0.005984,0.414711
579,0.001999,0.416228
580,0.015292,0.423477
581,0.027939,0.427414
582,0.034554,0.424241
583,0.039786,0.420939
584,0.046165,0.417263
585,0.053048,0.413602
586,0.060062,0.410477
587,0.066236,0.412911
588,0.071061,0.420295
589,0.075705,0.428713
590,0.080486,0.437557
591,0.084283,0.445820
592,0.088510,0.456355
593,0.089508,0.466308
594,0.088669,0.475381
595,0.087062,0.484140
596,0.084763,0.493817
597,0.083255,0.505103
598,0.083265,0.520402
599,0.082633,0.537388
600,0.081035,0.554310
601,0.078477,0.571114
602,0.074968,0.587745
603,0.070546,0.604146
604,0.065189,0.620252
605,0.058932,0.636044
606,0.051786,0.651455
607,0.043774,0.666435
608,0.034922,0.680934
609,0.025258,0.694907
610,0.014815,0.708307
611,0.003625,0.721091
612,-0.008275,0.733218
613,-0.020846,0.744648
614,-0.034048,0.755345
615,-0.047839,0.765272
616,-0.062172,0.774398
617,-0.077003,0.782694
618,-0.092293,0.790117
619,-0.107981,0.796659
620,-0.123290,0.802598
621,-0.138352,0.807955
622,-0.153583,0.811907
623,-0.157416,0.813012
624,-0.157626,0.815334
625,-0.158468,0.818617
626,-0.159548,0.821880
627,-0.160840,0.825069
628,-0.162336,0.828164
629,-0.164027,0.831153
630,-0.165907,0.834022
631,-0.167968,0.836761
632,-0.170199,0.839358
633,-0.172593,0.841803
634,-0.175138,0.844086
635,-0.177823,0.846197
636,-0.180639,0.848128
637,-0.183572,0.849872
638,-0.186610,0.851421
639,-0.189741,0.852769
640,-0.192951,0.853911
641,-0.196228,0.854842
642,-0.199588,0.855187
643,-0.202935,0.855685
644,-0.206308,0.855965
645,-0.209691,0.856025
646,-0.213071,0.855867
647,-0.217426,0.852330
648,-0.222604,0.844038
649,-0.227078,0.835062
650,-0.230735,0.825658
651,-0.233402,0.815907
652,-0.235184,0.805702
653,-0.235909,0.794957
654,-0.235468,0.783534
655,-0.233435,0.771470
656,-0.230965,0.759817
657,-0.231428,0.750429
658,-0.233700,0.742667
659,-0.236030,0.735432
660,-0.238218,0.728602
661,-0.239919,0.722067
662,-0.240235,0.715635
663,-0.237983,0.709142
664,-0.233516,0.701411
665,-0.226534,0.692252
666,-0.215815,0.683840
667,-0.208770,0.676339
668,-0.204470,0.670582
669,-0.200780,0.665767
670,-0.198000,0.661376
671,-0.194965,0.657652
672,-0.191813,0.653817
673,-0.190333,0.647255
674,-0.191430,0.640093
675,-0.196628,0.632687
676,-0.204093,0.625376
677,-0.212876,0.618159
678,-0.222908,0.609982
679,-0.224777,0.605082
680,-0.226027,0.597088
681,-0.226208,0.583355
682,-0.225427,0.568025
683,-0.222445,0.550780
684,-0.220122,0.532507
685,-0.216012,0.513279
686,-0.210871,0.495266
687,-0.205601,0.479163
688,-0.198448,0.464006
689,-0.189391,0.447242
690,-0.179207,0.429976
691,-0.168061,0.413356
692,-0.156002,0.397433
693,-0.142985,0.382077
694,-0.129100,0.367449
695,-0.114447,0.353703
696,-0.099059,0.340846
697,-0.082988,0.328917
698,-0.066288,0.317950
699,-0.049015,0.307976
700,-0.031225,0.299023
701,-0.012978,0.291116
702,0.005667,0.284277
703,0.024648,0.278526
704,0.043903,0.273876
705,0.063370,0.270341
706,0.082987,0.267929
707,0.102688,0.266644
708,0.122411,0.266489
709,0.142092,0.267461
710,0.161668,0.269556
711,0.181075,0.272763
712,0.200253,0.277070
713,0.219138,0.282462
714,0.237671,0.288919
715,0.255794,0.296419
716,0.272207,0.304706
717,0.287947,0.313853
718,0.303172,0.323891
719,0.317830,0.334792
720,0.331872,0.346522
721,0.345249,0.359047
722,0.359357,0.369727
723,0.363558,0.373564
724,0.362837,0.377062
725,0.360390,0.381065
726,0.356850,0.384632
727,0.353341,0.386731
728,0.353139,0.386933
729,0.354006,0.387364
730,0.354039,0.387378
731,0.354039,0.387378
732,0.354039,0.387378
733,0.354039,0.387378
734,0.354039,0.387378
735,0.354039,0.387378
736,0.354039,0.387378
737,0.354039,0.387378
738,0.359362,0.398411
739,0.365494,0.414260
740,0.370664,0.430452
741,0.374905,0.446912
742,0.378201,0.463587
743,0.380544,0.480422
744,0.381925,0.497364
745,0.382340,0.514356
746,0.381788,0.531345
747,0.380270,0.548274
748,0.379819,0.553003
749,0.373953,0.563757
750,0.364646,0.577976
751,0.354499,0.591613
752,0.343593,0.604650
753,0.331963,0.617045
754,0.319646,0.628759
755,0.306682,0.639753
756,0.293114,0.649991
757,0.278986,0.659441
758,0.275023,0.662060
759,0.262970,0.664249
760,0.246060,0.665935
761,0.229076,0.666602
762,0.212081,0.666301
763,0.195130,0.665034
764,0.190396,0.664653
765,0.190396,0.664653
766,0.190396,0.664653
767,0.190396,0.664653
768,0.190396,0.664653
769,0.190396,0.664653
770,0.190396,0.664653
771,0.190396,0.664653
772,0.190396,0.664653
773,0.190396,0.664653
774,0.192200,0.665108
775,0.201045,0.667482
776,0.211654,0.676765
777,0.223134,0.689160
778,0.234537,0.702050
779,0.245825,0.715413
780,0.256976,0.729281
781,0.267963,0.743685
782,0.278753,0.758654
783,0.289305,0.774216
784,0.299575,0.790395
785,0.309504,0.807209
786,0.319022,0.824669
787,0.328034,0.842773
788,0.336184,0.861422
789,0.343263,0.880506
790,0.349244,0.899963
791,0.354108,0.919730
792,0.357838,0.939743
793,0.360422,0.959936
794,0.361853,0.980245
795,0.362125,1.000603
796,0.361236,1.020944
797,0.359191,1.041202
798,0.355996,1.061312
799,0.351660,1.081208
800,0.351852,1.094789
801,0.348690,1.104276
802,0.344835,1.115782
803,0.339827,1.127983
804,0.333819,1.140203
805,0.327020,1.152186
806,0.319507,1.163811
807,0.311333,1.174971
808,0.302603,1.185733
809,0.295676,1.197703
810,0.291992,1.211004
811,0.289587,1.224465
812,0.288103,1.238737
813,0.286690,1.253355
814,0.284580,1.267786
815,0.281643,1.282016
816,0.277793,1.295973
817,0.273002,1.309578
818,0.267266,1.322743
819,0.260583,1.335367
820,0.252793,1.347015
821,0.244128,1.358123
822,0.234561,1.368286
823,0.224009,1.376976
824,0.212566,1.384444
825,0.200342,1.389984
826,0.187464,1.393129
827,0.174178,1.393343
828,0.161123,1.390756
829,0.147898,1.386911
830,0.134943,1.382270
831,0.121896,1.382362
832,0.108193,1.384588
833,0.093622,1.387115
834,0.078543,1.389194
835,0.063370,1.390561
836,0.048086,1.391078
837,0.032858,1.390587
838,0.017675,1.389400
839,0.002537,1.387305
840,-0.012459,1.384351
841,-0.027180,1.380485
842,-0.041732,1.375916
843,-0.056026,1.370520
844,-0.069969,1.364329
845,-0.083449,1.357364
846,-0.096616,1.349658
847,-0.109373,1.341171
848,-0.121645,1.332004
849,-0.133252,1.322105
850,-0.144324,1.311667
851,-0.154824,1.300551
852,-0.164788,1.288890
853,-0.173806,1.276641
854,-0.182216,1.263840
855,-0.189812,1.250553
856,-0.196445,1.236992
857,-0.202143,1.223111
858,-0.207299,1.208808
859,-0.211684,1.194181
860,-0.215271,1.179324
861,-0.217888,1.164282
862,-0.219495,1.149412
863,-0.220366,1.134341
864,-0.220458,1.119099
865,-0.221316,1.104763
866,-0.219855,1.090231
867,-0.217350,1.075334
868,-0.213983,1.060446
869,-0.209779,1.045757
870,-0.204759,1.031344
871,-0.198915,1.017173
872,-0.192301,1.003428
873,-0.184941,0.990053
874,-0.176783,0.977479
875,-0.167923,0.965156
876,-0.158380,0.953411
877,-0.148174,0.942127
878,-0.137319,0.931367
879,-0.125905,0.921190
880,-0.113825,0.911792
881,-0.101314,0.903057
882,-0.088336,0.895012
883,-0.074901,0.887797
884,-0.061100,0.881260
885,-0.046989,0.875646
886,-0.032506,0.870833
887,-0.017854,0.866807
888,-0.002923,0.863676
889,0.012124,0.861363
890,0.026989,0.860144
891,0.042074,0.859617
892,0.057132,0.859934
893,0.071915,0.861167
894,0.086525,0.863315
895,0.100312,0.867251
896,0.113710,0.871796
897,0.127808,0.876461
898,0.141739,0.881840
899,0.154519,0.888079
900,0.166827,0.895106
901,0.178509,0.902807
902,0.189638,0.911262
903,0.200156,0.920205
904,0.210217,0.929824
905,0.219484,0.939981
906,0.228034,0.950630
907,0.235862,0.961824
908,0.242929,0.973366
909,0.249206,0.985274
910,0.254709,0.997529
911,0.259399,1.010064
912,0.263270,1.022805
913,0.266284,1.035779
914,0.268444,1.048826
915,0.269781,1.061940
916,0.270228,1.075070
917,0.269851,1.088173
918,0.268571,1.101188
919,0.266842,1.114360
920,0.264173,1.127243
921,0.260517,1.139756
922,0.256029,1.151964
923,0.250797,1.163848
924,0.244791,1.175446
925,0.238248,1.186803
926,0.231106,1.197874
927,0.223418,1.208695
928,0.215223,1.219302
929,0.206547,1.229743
930,0.197463,1.240040
931,0.187907,1.249775
932,0.177668,1.255805
933,0.166749,1.260260
934,0.155572,1.263940
935,0.144140,1.266971
936,0.132523,1.269401
937,0.120634,1.271033
938,0.108603,1.272002
939,0.096436,1.272203
940,0.084203,1.271686
941,0.071941,1.270507
942,0.059769,1.268618
943,0.047577,1.266141
944,0.036632,1.262518
945,0.027007,1.257299
946,0.017654,1.251355
947,0.008589,1.244940
948,-0.000022,1.237923
949,-0.008304,1.230517
950,-0.016082,1.222681
951,-0.023364,1.214367
952,-0.030244,1.205674
953,-0.036570,1.196571
954,-0.042405,1.187084
955,-0.047726,1.177398
956,-0.052411,1.167385
957,-0.056485,1.157098
958,-0.060091,1.146613
959,-0.062968,1.135917
960,-0.065235,1.125132
961,-0.066924,1.114142
962,-0.068059,1.103077
963,-0.068428,1.091989
964,-0.068174,1.080900
965,-0.067378,1.069785
966,-0.065847,1.058797
967,-0.063695,1.047945
968,-0.061042,1.037210
969,-0.057725,1.026628
970,-0.053757,1.016255
971,-0.049220,1.006126
972,-0.044170,0.996272
973,-0.038492,0.986762
974,-0.032489,0.977432
975,-0.025868,0.968584
976,-0.018772,0.960071
977,-0.011089,0.952076
978,-0.003039,0.944574
979,0.005532,0.937446
980,0.014417,0.930764
981,0.023726,0.924701
982,0.033360,0.919114
983,0.043266,0.914072
984,0.053473,0.909686
985,0.063891,0.905837
986,0.074381,0.902828
987,0.085125,0.900147
988,0.096030,0.898142
989,0.107007,0.896519
990,0.118081,0.895821
991,0.129182,0.895747
992,0.140271,0.896306
993,0.151319,0.897320
994,0.162278,0.899146
995,0.173116,0.901563
996,0.183793,0.904566
997,0.194357,0.908062
998,0.204633,0.912323
999,0.214633,0.917105
1000,0.224338,0.922456
1001,0.233786,0.928305
1002,0.242848,0.934665
1003,0.251511,0.941648
1004,0.259848,0.949014
1005,0.267581,0.956895
1006,0.274967,0.965252
1007,0.281832,0.974009
1008,0.288392,0.983029
1009,0.294204,0.992521
1010,0.299610,1.002265
1011,0.304300,1.012342
1012,0.308391,1.022632
1013,0.312003,1.033158
1014,0.315021,1.043847
1015,0.317321,1.054610
1016,0.319126,1.065646
1017,0.320163,1.076732
1018,0.320574,1.087880
1019,0.320426,1.099054
1020,0.319698,1.110202
1021,0.318195,1.121246
1022,0.316068,1.132150
1023,0.313380,1.142968
1024,0.310143,1.153626
1025,0.307117,1.161260
1026,0.303945,1.167418
1027,0.300134,1.174831
1028,0.295114,1.183464
1029,0.289254,1.192125
1030,0.282732,1.200549
1031,0.275743,1.208655
1032,0.268288,1.216357
1033,0.260445,1.223609
1034,0.252199,1.230412
1035,0.243632,1.236719
1036,0.234763,1.242458
1037,0.225513,1.247776
1038,0.215921,1.252490
1039,0.206084,1.256710
1040,0.196028,1.260392
1041,0.185762,1.263442
1042,0.175312,1.265910
1043,0.164794,1.267857
1044,0.154138,1.269126
1045,0.143451,1.269817
1046,0.132816,1.269896
1047,0.122100,1.269369
1048,0.111428,1.268198
1049,0.100847,1.266461
1050,0.090429,1.264131
1051,0.080275,1.261211
1052,0.070194,1.257698
1053,0.060315,1.253536
1054,0.050660,1.248956
1055,0.041289,1.243734
1056,0.032224,1.238003
1057,0.023476,1.231822
1058,0.015127,1.225110
1059,0.007171,1.217943
1060,-0.000373,1.210332
1061,-0.007479,1.202294
1062,-0.014088,1.193860
1063,-0.020244,1.185100
1064,-0.025842,1.176064
1065,-0.030914,1.166782
1066,-0.035445,1.157089
1067,-0.039457,1.147148
1068,-0.042874,1.136977
1069,-0.045724,1.126626
1070,-0.048008,1.116144
1071,-0.049670,1.105530
1072,-0.050729,1.094831
1073,-0.051199,1.084103
1074,-0.051012,1.073338
1075,-0.050197,1.062649
1076,-0.048937,1.052073
1077,-0.046965,1.041524
1078,-0.044368,1.031183
1079,-0.041300,1.021152
1080,-0.037525,1.011109
1081,-0.033167,1.001267
1082,-0.028276,0.991677
1083,-0.022792,0.982841
1084,-0.016856,0.974345
1085,-0.010611,0.965898
1086,-0.004059,0.957547
1087,0.002832,0.949338
1088,0.010003,0.941227
1089,0.017522,0.933298
1090,0.025151,0.925430
1091,0.033063,0.917460
1092,0.041047,0.909280
1093,0.049028,0.900680
1094,0.057435,0.896170
1095,0.067732,0.897024
1096,0.078455,0.899439
1097,0.089443,0.902789
1098,0.100423,0.906653
1099,0.111467,0.910937
1100,0.122425,0.914593
1101,0.133407,0.917956
1102,0.144354,0.920817
1103,0.155301,0.922958
1104,0.165590,0.926694
1105,0.175432,0.931681
1106,0.185460,0.936351
1107,0.195859,0.939829
1108,0.206493,0.943210
1109,0.217490,0.947939
1110,0.227429,0.953828
1111,0.234844,0.963762
1112,0.241334,0.974950
1113,0.247503,0.985632
1114,0.253370,0.995861
1115,0.259437,1.005408
1116,0.266469,1.013932
1117,0.273866,1.022258
1118,0.282030,1.029785
1119,0.291266,1.036920
1120,0.301214,1.044050
1121,0.311466,1.051501
1122,0.321876,1.059368
1123,0.332164,1.067747
1124,0.342177,1.076660
1125,0.351809,1.086105
1126,0.360978,1.096090
1127,0.369542,1.106643
1128,0.373737,1.118118
1129,0.373904,1.131768
1130,0.371706,1.146386
1131,0.367971,1.161104
1132,0.363038,1.175704
1133,0.357147,1.189894
1134,0.350333,1.203836
1135,0.342662,1.217448
1136,0.334378,1.230422
1137,0.325443,1.242885
1138,0.315801,1.254839
1139,0.305265,1.266424
1140,0.294264,1.277227
1141,0.282534,1.287556
1142,0.270493,1.297144
1143,0.257989,1.306016
1144,0.244831,1.314240
1145,0.231318,1.321683
1146,0.217625,1.328308
1147,0.203575,1.334267
1148,0.189379,1.339393
1149,0.174920,1.343822
1150,0.160285,1.347439
1151,0.145664,1.350289
1152,0.130965,1.352422
1153,0.116348,1.353871
1154,0.101884,1.354651
1155,0.087639,1.354801
1156,0.073686,1.354373
1157,0.060105,1.353432
1158,0.046983,1.352054
1159,0.034128,1.348534
1160,0.020946,1.343628
1161,0.006656,1.338251
1162,-0.009880,1.334352
1163,-0.024573,1.331044
1164,-0.035915,1.325536
1165,-0.041818,1.322925
1166,-0.041942,1.322910
1167,-0.042177,1.319579
1168,-0.042931,1.317800
1169,-0.038583,1.317662
1170,-0.031847,1.315746
1171,-0.030641,1.315303
1172,-0.030641,1.315303
1173,-0.030641,1.315303
1174,-0.030641,1.315303
1175,-0.030641,1.315303
1176,-0.030641,1.315303
1177,-0.030641,1.315303
1178,-0.030641,1.315303
1179,-0.030641,1.315303
1180,-0.030641,1.315303
1181,-0.030641,1.315303
1182,-0.030641,1.315303
1183,-0.034496,1.303675
1184,-0.045837,1.295368
1185,-0.057819,1.287668
1186,-0.069769,1.279685
1187,-0.081688,1.271395
1188,-0.093578,1.262773
1189,-0.105439,1.253794
1190,-0.117266,1.244429
1191,-0.129049,1.234649
1192,-0.140431,1.224288
1193,-0.144683,1.220420
1194,-0.146878,1.219761
1195,-0.149324,1.216715
1196,-0.151622,1.212769
1197,-0.153709,1.208447
1198,-0.155554,1.203931
1199,-0.158138,1.199292
1200,-0.162521,1.195218
1201,-0.168091,1.194594
1202,-0.173604,1.194477
1203,-0.179064,1.194450
1204,-0.184511,1.194323
1205,-0.189889,1.193959
1206,-0.195299,1.193383
1207,-0.200675,1.192531
1208,-0.205936,1.191339
1209,-0.211183,1.189892
1210,-0.216298,1.188153
1211,-0.221304,1.186097
1212,-0.226223,1.183780
1213,-0.231009,1.181197
1214,-0.235584,1.178340
1215,-0.239802,1.175151
1216,-0.243998,1.171825
1217,-0.248061,1.168247
1218,-0.251902,1.164390
1219,-0.255408,1.160314
1220,-0.258790,1.156100
1221,-0.261929,1.151699
1222,-0.264745,1.147154
1223,-0.267064,1.142447
1224,-0.269240,1.137674
1225,-0.271028,1.132611
1226,-0.272522,1.127427
1227,-0.273802,1.122289
1228,-0.274813,1.117031
1229,-0.275621,1.111745
1230,-0.276043,1.106461
1231,-0.276219,1.101192
1232,-0.275906,1.096016
1233,-0.275567,1.090715
1234,-0.274887,1.085504
1235,-0.273576,1.080382
1236,-0.272042,1.075382
1237,-0.270397,1.070412
1238,-0.268506,1.065499
1239,-0.266366,1.060684
1240,-0.263870,1.056069
1241,-0.261143,1.051829
1242,-0.258241,1.047562
1243,-0.255109,1.043351
1244,-0.252649,1.039695
1245,-0.251803,1.036114
1246,-0.249868,1.031843
1247,-0.247302,1.027714
1248,-0.244401,1.023635
1249,-0.241240,1.019856
1250,-0.237790,1.016427
1251,-0.234025,1.013181
1252,-0.230086,1.010185
1253,-0.225992,1.007487
1254,-0.221750,1.005041
1255,-0.217446,1.002810
1256,-0.213013,1.001048
1257,-0.208547,0.999478
1258,-0.204001,0.998196
1259,-0.199585,0.997359
1260,-0.195077,0.996734
1261,-0.190599,0.996439
1262,-0.186181,0.996441
1263,-0.181869,0.996807
1264,-0.177664,0.997452
1265,-0.173578,0.998412
1266,-0.169669,0.999672
1267,-0.165935,1.001229
1268,-0.162412,1.003036
1269,-0.159365,1.005189
1270,-0.156404,1.007552
1271,-0.153739,1.010154
1272,-0.151424,1.013016
1273,-0.149512,1.016124
1274,-0.147894,1.019467
1275,-0.146615,1.023091
1276,-0.145674,1.026993
1277,-0.145162,1.031199
1278,-0.144681,1.035844
1279,-0.144187,1.040781
1280,-0.143563,1.045881
1281,-0.142798,1.051059
1282,-0.141873,1.056230
1283,-0.141506,1.058621
1284,-0.142836,1.058942
1285,-0.144904,1.059296
1286,-0.147236,1.059244
1287,-0.149589,1.059299
1288,-0.151999,1.059202
1289,-0.154424,1.058978
1290,-0.156902,1.058776
1291,-0.159354,1.058444
1292,-0.162047,1.058486
1293,-0.164552,1.058069
1294,-0.166897,1.057277
1295,-0.169210,1.056366
1296,-0.171484,1.055324
1297,-0.173714,1.054164
1298,-0.175799,1.052945
1299,-0.177864,1.051546
1300,-0.179938,1.050072
1301,-0.181960,1.048495
1302,-0.183974,1.046841
1303,-0.185919,1.045137
1304,-0.187733,1.043421
1305,-0.189228,1.041256
1306,-0.190937,1.039244
1307,-0.192585,1.037130
1308,-0.194107,1.034932
1309,-0.195640,1.032669
1310,-0.197068,1.030444
1311,-0.198488,1.028062
1312,-0.199786,1.025573
1313,-0.201104,1.022999
1314,-0.202348,1.020332
1315,-0.204268,1.018074
1316,-0.206253,1.016459
1317,-0.207110,1.014689
1318,-0.207604,1.012596
1319,-0.210140,1.010062
1320,-0.212932,1.007907
1321,-0.215067,1.005591
1322,-0.213595,1.000223
1323,-0.210972,0.993352
1324,-0.207954,0.985901
1325,-0.204678,0.978009
1326,-0.202128,0.971351
1327,-0.200394,0.965147
1328,-0.197085,0.956760
1329,-0.191908,0.948657
1330,-0.184463,0.941672
1331,-0.177315,0.935309
1332,-0.169779,0.929352
1333,-0.159326,0.924120
1334,-0.147548,0.919786
1335,-0.135214,0.916288
1336,-0.122468,0.913580
1337,-0.109540,0.911529
1338,-0.096474,0.910222
1339,-0.083367,0.909657
1340,-0.070407,0.910032
1341,-0.057287,0.910972
1342,-0.044292,0.912574
1343,-0.031427,0.915043
1344,-0.018664,0.918178
1345,-0.006117,0.922104
1346,0.006080,0.926697
1347,0.018074,0.931960
1348,0.029850,0.937913
1349,0.041164,0.944513
1350,0.052155,0.951730
1351,0.062659,0.959536
1352,0.072651,0.967930
1353,0.082235,0.976926
1354,0.091334,0.986433
1355,0.099838,0.996446
1356,0.107792,1.006915
1357,0.114943,1.017795
1358,0.121670,1.029141
1359,0.127748,1.040838
1360,0.133154,1.052854
1361,0.137871,1.065046
1362,0.141810,1.077638
1363,0.144973,1.090226
1364,0.147559,1.103207
1365,0.149368,1.116249
1366,0.150466,1.129393
1367,0.150697,1.142580
1368,0.150233,1.155631
1369,0.149083,1.168766
1370,0.147147,1.181772
1371,0.144512,1.194707
1372,0.141148,1.207467
1373,0.137068,1.220011
1374,0.132266,1.232164
1375,0.126780,1.244169
1376,0.120613,1.255762
1377,0.113787,1.267079
1378,0.106359,1.277978
1379,0.098424,1.288258
1380,0.089767,1.298227
1381,0.080567,1.307719
1382,0.070871,1.316677
1383,0.060680,1.324969
1384,0.050066,1.332770
1385,0.039006,1.339790
1386,0.027796,1.346358
1387,0.015869,1.352311
1388,0.003720,1.357571
1389,-0.008692,1.362025
1390,-0.021256,1.365773
1391,-0.034094,1.368885
1392,-0.047108,1.371272
1393,-0.060139,1.372778
1394,-0.073368,1.373656
1395,-0.086487,1.373755
1396,-0.099699,1.373130
1397,-0.112836,1.371737
1398,-0.125825,1.369668
1399,-0.138781,1.366813
1400,-0.151508,1.363233
1401,-0.163864,1.358896
1402,-0.176148,1.353907
1403,-0.188000,1.348210
1404,-0.199655,1.341855
1405,-0.210947,1.334873
1406,-0.221675,1.327296
1407,-0.232003,1.319313
1408,-0.241960,1.310464
1409,-0.251372,1.301021
1410,-0.260275,1.291160
1411,-0.268501,1.280865
1412,-0.276256,1.270054
1413,-0.283289,1.258817
1414,-0.289772,1.247198
1415,-0.295574,1.235234
1416,-0.300672,1.223036
1417,-0.304921,1.210597
1418,-0.308619,1.197753
1419,-0.311605,1.184731
1420,-0.313795,1.171613
1421,-0.315308,1.158353
1422,-0.316068,1.145020
1423,-0.315999,1.131781
1424,-0.315208,1.118459
1425,-0.313665,1.105238
1426,-0.311342,1.092091
1427,-0.308347,1.079022
1428,-0.304824,1.066419
1429,-0.300325,1.053649
1430,-0.295091,1.041244
1431,-0.289237,1.029106
1432,-0.282751,1.017426
1433,-0.275534,1.005957
1434,-0.267711,0.994902
1435,-0.259247,0.984543
1436,-0.250201,0.974400
1437,-0.240617,0.964770
1438,-0.230468,0.955662
1439,-0.219914,0.947173
1440,-0.208743,0.939313
1441,-0.197088,0.932349
1442,-0.185122,0.925672
1443,-0.172749,0.919624
1444,-0.160017,0.914228
1445,-0.146977,0.909541
1446,-0.133682,0.905607
1447,-0.120158,0.902182
1448,-0.106615,0.899454
1449,-0.093009,0.897338
1450,-0.080878,0.894591
1451,-0.068866,0.891782
1452,-0.055572,0.889899
1453,-0.041781,0.888463
1454,-0.028176,0.887061
1455,-0.014976,0.885353
1456,-0.002354,0.883445
1457,0.009513,0.881533
1458,0.020579,0.879753
1459,0.030409,0.877889
1460,0.039423,0.876304
1461,0.047738,0.874413
1462,0.055897,0.872815
1463,0.064392,0.871609
1464,0.073402,0.870940
1465,0.083302,0.871076
1466,0.094046,0.871768
1467,0.103805,0.872005
1468,0.112275,0.871791
1469,0.119449,0.872638
1470,0.126856,0.875595
1471,0.134597,0.878975
1472,0.142699,0.882809
1473,0.151245,0.886957
1474,0.159911,0.891104
1475,0.167937,0.894687
1476,0.174769,0.896792
1477,0.180851,0.897582
1478,0.186685,0.897828
1479,0.192453,0.897930
1480,0.198141,0.898181
1481,0.203857,0.898590
1482,0.209374,0.899365
1483,0.214964,0.900494
1484,0.220529,0.901852
1485,0.225947,0.903462
1486,0.231367,0.905382
1487,0.236610,0.907550
1488,0.241694,0.910211
1489,0.245602,0.916706
1490,0.248354,0.926972
1491,0.251270,0.937344
1492,0.253269,0.948167
1493,0.254930,0.958603
1494,0.256003,0.968953
1495,0.256436,0.979661
1496,0.256304,0.990350
1497,0.255720,1.000363
1498,0.254766,1.010123
1499,0.253880,1.018997
1500,0.251596,1.032197
1501,0.247963,1.047201
1502,0.243892,1.061056
1503,0.240103,1.071368
1504,0.238098,1.078472
1505,0.237043,1.086517
1506,0.235834,1.093207
1507,0.230566,1.101941
1508,0.223621,1.110856
1509,0.216006,1.119625
1510,0.208047,1.128102
1511,0.200694,1.135209
1512,0.196062,1.141114
1513,0.191432,1.147314
1514,0.187933,1.152330
1515,0.184913,1.157250
1516,0.181975,1.162156
1517,0.178945,1.166995
1518,0.175723,1.171704
1519,0.172292,1.176253
1520,0.168564,1.180587
1521,0.164675,1.184766
1522,0.160537,1.188674
1523,0.156322,1.192097
1524,0.151799,1.195562
1525,0.147087,1.198771
1526,0.142200,1.201710
1527,0.137142,1.204357
1528,0.131921,1.206635
1529,0.126468,1.208634
1530,0.121055,1.210365
1531,0.115563,1.211780
1532,0.110076,1.212664
1533,0.104494,1.213440
1534,0.098849,1.213931
1535,0.093198,1.214052
1536,0.087539,1.213778
1537,0.081900,1.213282
1538,0.076337,1.212455
1539,0.070750,1.211195
1540,0.065531,1.209542
1541,0.060203,1.207760
1542,0.054960,1.205687
1543,0.049820,1.203274
1544,0.044817,1.200569
1545,0.040075,1.197648
1546,0.035464,1.194459
1547,0.031018,1.191004
1548,0.027135,1.187497
1549,0.023141,1.183601
1550,0.019424,1.179483
1551,0.015883,1.175156
1552,0.012737,1.170526
1553,0.009880,1.165723
1554,0.007210,1.160816
1555,0.004860,1.155802
1556,0.002708,1.150649
1557,0.000830,1.145388
1558,-0.000748,1.140040
1559,-0.001976,1.134663
1560,-0.002938,1.129168
1561,-0.003573,1.123633
1562,-0.003899,1.118069
1563,-0.003879,1.112497
1564,-0.003240,1.106936
1565,-0.002479,1.101418
1566,-0.001475,1.095940
1567,-0.000196,1.090519
1568,0.001374,1.085194
1569,0.003248,1.079990
1570,0.005439,1.074870
1571,0.007892,1.069968
1572,0.010537,1.065507
1573,0.013533,1.060851
1574,0.016781,1.056349
1575,0.020585,1.052245
1576,0.024415,1.048243
1577,0.028418,1.044434
1578,0.032607,1.040823
1579,0.037033,1.037483
1580,0.041595,1.034353
1581,0.045787,1.032886
1582,0.050754,1.032854
1583,0.056122,1.032989
1584,0.061660,1.033286
1585,0.067285,1.033641
1586,0.073007,1.033982
1587,0.079744,1.036378
1588,0.086413,1.039135
1589,0.091877,1.042313
1590,0.095444,1.047285
1591,0.099016,1.051858
1592,0.102647,1.056264
1593,0.106078,1.061021
1594,0.109351,1.066181
1595,0.112747,1.071444
1596,0.117029,1.079610
1597,0.121266,1.088825
1598,0.125565,1.098006
1599,0.129608,1.106873
1600,0.133206,1.115334
1601,0.136492,1.122565
1602,0.139629,1.128069
1603,0.140836,1.134371
1604,0.138250,1.143361
1605,0.135173,1.152921
1606,0.132033,1.162569
1607,0.128589,1.172128
1608,0.124779,1.181558
1609,0.121934,1.190518
1610,0.119626,1.198644
1611,0.118467,1.205670
1612,0.118417,1.211687
1613,0.118951,1.217282
1614,0.119673,1.222748
1615,0.120134,1.227996
1616,0.120593,1.233418
1617,0.120860,1.238876
1618,0.120872,1.244339
1619,0.120602,1.249799
1620,0.120019,1.255216
1621,0.119135,1.260594
1622,0.117949,1.265912
1623,0.116305,1.271090
1624,0.114226,1.276010
1625,0.112070,1.281004
1626,0.109610,1.285884
1627,0.106990,1.290559
1628,0.104056,1.295161
1629,0.100904,1.299589
1630,0.097458,1.303763
1631,0.093832,1.307802
1632,0.089992,1.311628
1633,0.085954,1.314960
1634,0.081718,1.318328
1635,0.077127,1.321383
1636,0.072531,1.324168
1637,0.067778,1.326727
1638,0.062941,1.328956
1639,0.057941,1.330977
1640,0.052829,1.332698
1641,0.047607,1.334123
1642,0.042745,1.335074
1643,0.037304,1.335796
1644,0.031957,1.336315
1645,0.026597,1.336549
1646,0.021305,1.336438
1647,0.015929,1.336008
1648,0.010611,1.335335
1649,0.005344,1.334360
1650,0.000143,1.332997
1651,-0.004952,1.331408
1652,-0.009954,1.329501
1653,-0.014739,1.327377
1654,-0.019502,1.324861
1655,-0.024122,1.322166
1656,-0.028578,1.319220
1657,-0.032859,1.316023
1658,-0.036917,1.312590
1659,-0.040675,1.308761
1660,-0.044167,1.304715
1661,-0.047213,1.300611
1662,-0.050318,1.296262
1663,-0.053243,1.291832
1664,-0.055876,1.287273
1665,-0.058289,1.282548
1666,-0.060335,1.277636
1667,-0.062125,1.272700
1668,-0.063687,1.267641
1669,-0.064965,1.262506
1670,-0.065859,1.257259
1671,-0.066043,1.252110
1672,-0.066272,1.246848
1673,-0.066208,1.241548
1674,-0.065883,1.236270
1675,-0.065327,1.231061
1676,-0.064478,1.225926
1677,-0.063314,1.220813
1678,-0.061905,1.215755
1679,-0.060109,1.211025
1680,-0.058126,1.206223
1681,-0.055861,1.201522
1682,-0.053273,1.196939
1683,-0.050425,1.192531
1684,-0.047344,1.188277
1685,-0.044104,1.184211
1686,-0.040626,1.180401
1687,-0.036936,1.176725
1688,-0.033101,1.173506
1689,-0.029073,1.170314
1690,-0.024832,1.167353
1691,-0.020389,1.164663
1692,-0.015869,1.162230
1693,-0.011140,1.160058
1694,-0.006260,1.158390
1695,-0.001369,1.156857
1696,0.003715,1.155638
1697,0.008635,1.154763
1698,0.013707,1.153955
1699,0.018846,1.153528
1700,0.023981,1.153355
1701,0.029054,1.153493
1702,0.034164,1.153865
1703,0.039236,1.154507
1704,0.044227,1.155482
1705,0.048990,1.156857
1706,0.053765,1.158629
1707,0.058483,1.160450
1708,0.063135,1.162674
1709,0.067645,1.165029
1710,0.072034,1.167601
1711,0.076276,1.170399
1712,0.080362,1.173428
1713,0.084271,1.176680
1714,0.087712,1.180146
1715,0.091203,1.183795
1716,0.094412,1.187624
1717,0.097484,1.191747
1718,0.100262,1.195999
1719,0.102812,1.200368
1720,0.105125,1.204867
1721,0.107110,1.209443
1722,0.108905,1.214170
1723,0.110245,1.218876
1724,0.111506,1.223758
1725,0.112440,1.228678
1726,0.113076,1.233683
1727,0.113400,1.238732
1728,0.113428,1.243728
1729,0.113234,1.248767
1730,0.112763,1.253774
1731,0.111946,1.258675
1732,0.110759,1.263404
1733,0.109416,1.268273
1734,0.107675,1.273020
1735,0.105658,1.277582
1736,0.103523,1.282097
1737,0.101119,1.286480
1738,0.098488,1.290705
1739,0.095513,1.294703
1740,0.092399,1.298592
1741,0.089082,1.302021
1742,0.085609,1.305539
1743,0.081917,1.308845
1744,0.078023,1.311818
1745,0.073952,1.314648
1746,0.069754,1.317253
1747,0.065359,1.319493
1748,0.060905,1.321587
1749,0.056356,1.323442
1750,0.051719,1.325024
1751,0.047391,1.326114
1752,0.042491,1.327050
1753,0.037630,1.327732
1754,0.032783,1.328207
1755,0.027909,1.328390
1756,0.023005,1.328256
1757,0.018186,1.327879
1758,0.013355,1.327279
1759,0.008504,1.326266
1760,0.003780,1.325047
1761,-0.000799,1.323560
1762,-0.005342,1.321833
1763,-0.009783,1.319884
1764,-0.014047,1.317685
1765,-0.018232,1.315238
1766,-0.022226,1.312449
1767,-0.026075,1.309537
1768,-0.029659,1.306320
1769,-0.033084,1.302867
1770,-0.036179,1.299279
1771,-0.039228,1.295605
1772,-0.042014,1.291826
1773,-0.044658,1.287860
1774,-0.047086,1.283748
1775,-0.049231,1.279495
1776,-0.051144,1.275119
1777,-0.052743,1.270683
1778,-0.054035,1.266027
1779,-0.055037,1.261337
1780,-0.055799,1.256691
1781,-0.056211,1.251913
1782,-0.056326,1.247367
1783,-0.056369,1.242656
1784,-0.056094,1.237978
1785,-0.055608,1.233311
1786,-0.054735,1.228664
1787,-0.053751,1.224087
1788,-0.052370,1.219601
1789,-0.050562,1.215295
1790,-0.048551,1.211087
1791,-0.046367,1.207131
1792,-0.044115,1.203102
1793,-0.041672,1.199190
1794,-0.038975,1.195490
1795,-0.036067,1.191884
1796,-0.032965,1.188480
1797,-0.029700,1.185224
1798,-0.026261,1.182248
1799,-0.022369,1.179633
