0,1.228350,0.979314
1,1.228350,0.979314
2,1.228350,0.979314
3,1.228350,0.979314
4,1.228350,0.979314
5,1.221706,0.989605
6,1.211373,1.003097
7,1.200245,1.015946
8,1.188405,1.028141
9,1.175890,1.039643
10,1.162741,1.050414
11,1.149000,1.060420
12,1.134713,1.069627
13,1.119924,1.078007
14,1.104683,1.085532
15,1.089038,1.092177
16,1.073041,1.097921
17,1.056743,1.102746
18,1.040196,1.106636
19,1.023455,1.109578
20,1.006574,1.111563
21,0.989607,1.112585
22,0.972610,1.112639
23,0.955637,1.111726
24,0.938743,1.109849
25,0.921984,1.107014
26,0.905413,1.103230
27,0.889084,1.098509
28,0.884529,1.097164
29,0.884529,1.097164
30,0.878656,1.086413
31,0.871731,1.070894
32,0.865750,1.054984
33,0.860684,1.038759
34,0.856549,1.022272
35,0.853359,1.005576
36,0.851124,0.988726
37,0.849852,0.971777
38,0.849546,0.954782
39,0.850207,0.937797
40,0.851833,0.920878
41,0.854420,0.904078
42,0.857958,0.887453
43,0.862436,0.871056
44,0.863714,0.866481
45,0.863714,0.866481
46,0.863714,0.866481
47,0.863714,0.866481
48,0.863714,0.866481
49,0.863714,0.866481
50,0.863714,0.866481
51,0.863714,0.866481
52,0.863714,0.866481
53,0.863714,0.866481
54,0.853746,0.873602
55,0.839171,0.882340
56,0.824094,0.890188
57,0.808595,0.897166
58,0.792723,0.903250
59,0.776532,0.908422
60,0.760072,0.912663
61,0.743398,0.915962
62,0.726562,0.918306
63,0.709621,0.919689
64,0.692629,0.920106
65,0.675640,0.919555
66,0.658711,0.918039
67,0.641894,0.915562
68,0.625247,0.912132
69,0.608821,0.907760
70,0.604238,0.906512
71,0.604238,0.906512
72,0.598137,0.895890
73,0.590883,0.880522
74,0.584564,0.864743
75,0.579153,0.848629
76,0.574668,0.832234
77,0.571122,0.815610
78,0.568529,0.798812
79,0.566895,0.781893
80,0.566226,0.764909
81,0.566525,0.747914
82,0.567791,0.730964
83,0.570018,0.714113
84,0.573201,0.697416
85,0.577329,0.680927
86,0.578509,0.676326
87,0.578509,0.676326
88,0.578509,0.676326
89,0.578509,0.676326
90,0.578509,0.676326
91,0.578509,0.676326
92,0.578509,0.676326
93,0.578509,0.676326
94,0.578509,0.676326
95,0.578509,0.676326
96,0.568695,0.683658
97,0.554310,0.692705
98,0.539403,0.700873
99,0.524056,0.708179
100,0.508318,0.714601
101,0.492240,0.720116
102,0.475875,0.724708
103,0.459275,0.728361
104,0.442493,0.731064
105,0.425586,0.732808
106,0.408606,0.733587
107,0.391609,0.733399
108,0.374651,0.732244
109,0.357786,0.730126
110,0.353077,0.729507
111,0.353077,0.729507
112,0.353077,0.729507
113,0.349727,0.717724
114,0.346405,0.701058
115,0.344091,0.684218
116,0.342739,0.667275
117,0.342353,0.650282
118,0.342934,0.633294
119,0.344481,0.616367
120,0.346989,0.599555
121,0.347716,0.594862
122,0.347716,0.594862
123,0.347716,0.594862
124,0.347716,0.594862
125,0.347716,0.594862
126,0.347716,0.594862
127,0.347716,0.594862
128,0.347716,0.594862
129,0.347716,0.594862
130,0.342362,0.605879
131,0.333732,0.620519
132,0.324235,0.634616
133,0.313952,0.648150
134,0.302916,0.661077
135,0.291162,0.673356
136,0.278728,0.684945
137,0.265655,0.695809
138,0.261985,0.698824
139,0.250224,0.702250
140,0.233580,0.705680
141,0.216756,0.708104
142,0.199821,0.709566
143,0.182831,0.710063
144,0.165840,0.709592
145,0.150464,0.707413
146,0.141130,0.702001
147,0.131467,0.696303
148,0.121480,0.690259
149,0.111182,0.683812
150,0.100592,0.676903
151,0.089733,0.669474
152,0.078638,0.661471
153,0.067344,0.652838
154,0.054811,0.644550
155,0.042564,0.634862
156,0.030553,0.624071
157,0.018735,0.612438
158,0.007246,0.599982
159,-0.003563,0.586864
160,-0.013608,0.573152
161,-0.022857,0.558891
162,-0.031279,0.544127
163,-0.038848,0.528908
164,-0.045539,0.513282
165,-0.051330,0.497302
166,-0.056202,0.481017
167,-0.060139,0.464482
168,-0.063130,0.447750
169,-0.065164,0.430874
170,-0.066234,0.413911
171,-0.066338,0.396913
172,-0.065474,0.379938
173,-0.063646,0.363039
174,-0.060859,0.346271
175,-0.057123,0.329690
176,-0.052450,0.313347
177,-0.046854,0.297297
178,-0.040354,0.281592
179,-0.032971,0.266281
180,-0.024729,0.251416
181,-0.015655,0.237043
182,-0.005777,0.223210
183,0.004871,0.209962
184,0.016257,0.197340
185,0.028341,0.185387
186,0.040942,0.174305
187,0.054283,0.163828
188,0.068224,0.154103
189,0.082695,0.145186
190,0.097650,0.137108
191,0.112369,0.130481
192,0.126970,0.125000
193,0.142190,0.120145
194,0.157980,0.115983
195,0.174281,0.112580
196,0.191005,0.110004
197,0.207923,0.108361
198,0.224907,0.107683
199,0.241902,0.107973
200,0.258853,0.109229
201,0.275705,0.111447
202,0.292404,0.114621
203,0.308895,0.118740
204,0.325125,0.123790
205,0.341041,0.129756
206,0.356592,0.136617
207,0.371195,0.144249
208,0.384435,0.152412
209,0.397562,0.161445
210,0.410497,0.171353
211,0.423148,0.182129
212,0.435417,0.193750
213,0.447087,0.206108
214,0.458035,0.219110
215,0.468226,0.232714
216,0.477627,0.246875
217,0.486206,0.261549
218,0.493937,0.276686
219,0.500793,0.292240
220,0.506275,0.304246
221,0.506784,0.302680
222,0.504322,0.297331
223,0.502039,0.291652
224,0.499676,0.285443
225,0.498054,0.284103
226,0.503794,0.287969
227,0.509995,0.290677
228,0.514672,0.293638
229,0.519902,0.295951
230,0.524924,0.298374
231,0.529703,0.300835
232,0.533671,0.304065
233,0.537633,0.309320
234,0.543791,0.315133
235,0.548818,0.318070
236,0.552168,0.318122
237,0.556850,0.316121
238,0.563244,0.312551
239,0.568017,0.309877
240,0.570759,0.308624
241,0.572708,0.308163
242,0.576890,0.307289
243,0.581657,0.306708
244,0.584243,0.306444
245,0.586141,0.306594
246,0.587709,0.307005
247,0.589117,0.307579
248,0.590429,0.308266
249,0.591673,0.309041
250,0.592871,0.309870
251,0.594010,0.310784
252,0.595086,0.311766
253,0.596101,0.312810
254,0.597071,0.313894
255,0.597968,0.315045
256,0.598773,0.316189
257,0.599518,0.317439
258,0.600218,0.318739
259,0.600636,0.320020
260,0.601156,0.321297
261,0.601581,0.322670
262,0.601956,0.324083
263,0.602244,0.325504
264,0.602446,0.326938
265,0.602577,0.328340
266,0.602622,0.329795
267,0.602578,0.331246
268,0.602449,0.332691
269,0.602233,0.334134
270,0.601981,0.335515
271,0.601607,0.336919
272,0.601151,0.338299
273,0.600612,0.339658
274,0.599987,0.341003
275,0.599211,0.342088
276,0.598474,0.343293
277,0.597651,0.344479
278,0.596774,0.345635
279,0.595872,0.346706
280,0.594859,0.347733
281,0.593785,0.348715
282,0.592666,0.349645
283,0.591494,0.350499
284,0.590329,0.351264
285,0.589061,0.351977
286,0.587661,0.353062
287,0.586006,0.355191
288,0.584410,0.356710
289,0.582466,0.357955
290,0.578145,0.360236
291,0.573627,0.362627
292,0.569094,0.365198
293,0.564622,0.367595
294,0.560222,0.369695
295,0.555983,0.371455
296,0.552288,0.372704
297,0.548520,0.373466
298,0.545050,0.374015
299,0.542426,0.374243
300,0.540603,0.374112
301,0.539032,0.373707
302,0.537622,0.373135
303,0.536307,0.372450
304,0.535096,0.371717
305,0.533903,0.370880
306,0.532961,0.369935
307,0.531904,0.368974
308,0.530903,0.367881
309,0.529967,0.366855
310,0.529073,0.365714
311,0.528247,0.364523
312,0.527490,0.363286
313,0.524085,0.363724
314,0.518586,0.365398
315,0.512531,0.367373
316,0.506400,0.369383
317,0.500470,0.371342
318,0.494976,0.373212
319,0.490879,0.374290
320,0.488587,0.374241
321,0.487682,0.373273
322,0.483567,0.372485
323,0.477280,0.370963
324,0.470494,0.369013
325,0.463565,0.367048
326,0.456773,0.364564
327,0.450093,0.361787
328,0.446361,0.359069
329,0.443729,0.356710
330,0.439054,0.353874
331,0.432747,0.351404
332,0.424832,0.348868
333,0.417436,0.346077
334,0.415729,0.349011
335,0.416160,0.354176
336,0.417338,0.361906
337,0.417699,0.370245
338,0.416935,0.378496
339,0.415244,0.386526
340,0.413049,0.394241
341,0.410459,0.401176
342,0.406120,0.409603
343,0.400466,0.420129
344,0.399453,0.422144
345,0.396748,0.426403
346,0.392470,0.427659
347,0.388282,0.427498
348,0.386669,0.425476
349,0.383795,0.421685
350,0.379842,0.421839
351,0.374778,0.424657
352,0.365552,0.425971
353,0.349191,0.425652
354,0.331767,0.423032
355,0.314954,0.418851
356,0.298890,0.412842
357,0.283165,0.405745
358,0.267819,0.397808
359,0.252847,0.389069
360,0.238290,0.379556
361,0.224175,0.369317
362,0.210507,0.358366
363,0.197605,0.346550
364,0.185733,0.333730
365,0.175251,0.320069
366,0.165772,0.305720
367,0.158334,0.290422
368,0.151867,0.274703
369,0.146305,0.258641
370,0.141666,0.242289
371,0.137965,0.225699
372,0.135213,0.208926
373,0.133184,0.191984
374,0.131298,0.174828
375,0.130346,0.157580
376,0.130409,0.140317
377,0.131541,0.123133
378,0.133538,0.105975
379,0.137161,0.089344
380,0.141923,0.073034
381,0.147647,0.057036
382,0.154266,0.041391
383,0.161765,0.026148
384,0.170108,0.011324
385,0.179301,-0.002962
386,0.189285,-0.016707
387,0.200036,-0.029862
388,0.211512,-0.042401
389,0.223701,-0.054246
390,0.236534,-0.065380
391,0.249980,-0.075766
392,0.263994,-0.085387
393,0.278536,-0.094175
394,0.293556,-0.102121
395,0.309004,-0.109198
396,0.324833,-0.115399
397,0.340995,-0.120669
398,0.357425,-0.125012
399,0.374075,-0.128414
400,0.390905,-0.130889
401,0.407834,-0.132375
402,0.424821,-0.132894
403,0.441811,-0.132445
404,0.458745,-0.131021
405,0.475553,-0.128634
406,0.492219,-0.125299
407,0.508668,-0.121021
408,0.524828,-0.115803
409,0.540675,-0.109659
410,0.556157,-0.102642
411,0.571214,-0.094753
412,0.585788,-0.086004
413,0.599850,-0.076453
414,0.613324,-0.066100
415,0.626208,-0.055009
416,0.638439,-0.043202
417,0.649921,-0.030717
418,0.660682,-0.017560
419,0.670678,-0.003812
420,0.679861,0.010454
421,0.688230,0.025249
422,0.695744,0.040495
423,0.702378,0.056145
424,0.708111,0.072146
425,0.712924,0.088448
426,0.716795,0.104985
427,0.719725,0.121728
428,0.721698,0.138611
429,0.722707,0.155578
430,0.722738,0.172541
431,0.721813,0.189513
432,0.719924,0.206405
433,0.717074,0.223124
434,0.713278,0.239693
435,0.708546,0.256018
436,0.702892,0.272048
437,0.696350,0.287697
438,0.688912,0.302980
439,0.680616,0.317816
440,0.671490,0.332155
441,0.661562,0.345953
442,0.650866,0.359163
443,0.641188,0.371293
444,0.634176,0.382124
445,0.628093,0.391775
446,0.624017,0.398778
447,0.619938,0.404236
448,0.619532,0.412009
449,0.622451,0.416611
450,0.626014,0.417802
451,0.627847,0.416955
452,0.628817,0.419538
453,0.629877,0.425112
454,0.630964,0.432758
455,0.631715,0.441761
456,0.631881,0.451091
457,0.632544,0.458312
458,0.634396,0.463827
459,0.636551,0.469230
460,0.640157,0.475587
461,0.644001,0.481890
462,0.647562,0.488337
463,0.650755,0.494967
464,0.653565,0.501766
465,0.655981,0.508713
466,0.657996,0.515786
467,0.659603,0.522961
468,0.660797,0.530215
469,0.661575,0.537524
470,0.661934,0.544865
471,0.661872,0.552213
472,0.661391,0.559545
473,0.660493,0.566836
474,0.659179,0.574062
475,0.657454,0.581201
476,0.655325,0.588228
477,0.652799,0.595121
478,0.649883,0.601858
479,0.646587,0.608416
480,0.642923,0.614774
481,0.639601,0.621756
482,0.639278,0.634391
483,0.638686,0.648042
484,0.637444,0.661731
485,0.635455,0.675340
486,0.632703,0.688818
487,0.629187,0.702119
488,0.624919,0.715198
489,0.619912,0.728014
490,0.614182,0.740524
491,0.607747,0.752688
492,0.600860,0.764054
493,0.593111,0.775374
494,0.584712,0.786271
495,0.575706,0.796677
496,0.566121,0.806554
497,0.555988,0.815870
498,0.545339,0.824592
499,0.534210,0.832694
500,0.522635,0.840149
501,0.510654,0.846932
502,0.498304,0.853021
503,0.485626,0.858396
504,0.472662,0.863040
505,0.459453,0.866937
506,0.446043,0.870074
507,0.432474,0.872443
508,0.418791,0.874033
509,0.405039,0.874841
510,0.391262,0.874863
511,0.378897,0.870997
512,0.365194,0.864836
513,0.350794,0.857014
514,0.336561,0.848812
515,0.322496,0.840297
516,0.309344,0.833179
517,0.296804,0.827070
518,0.284476,0.820380
519,0.272562,0.813166
520,0.261020,0.805755
521,0.249866,0.797798
522,0.239166,0.789240
523,0.228966,0.780091
524,0.219302,0.770375
525,0.210206,0.760124
526,0.201826,0.749331
527,0.193843,0.738149
528,0.186594,0.726531
529,0.180037,0.714513
530,0.174181,0.702138
531,0.169041,0.689448
532,0.164633,0.676484
533,0.160971,0.663290
534,0.158068,0.649907
535,0.155932,0.636380
536,0.154571,0.622752
537,0.153989,0.609067
538,0.154193,0.595835
539,0.155157,0.582238
540,0.156897,0.568656
541,0.159408,0.555191
542,0.162681,0.541888
543,0.166708,0.528794
544,0.171476,0.515949
545,0.176968,0.503397
546,0.181761,0.496734
547,0.185745,0.498232
548,0.186395,0.503104
549,0.186597,0.499693
550,0.185871,0.499081
551,0.184684,0.501867
552,0.184344,0.506720
553,0.184511,0.514395
554,0.185003,0.521611
555,0.186165,0.523376
556,0.191309,0.521566
557,0.199105,0.521224
558,0.207240,0.522481
559,0.215316,0.524325
560,0.223274,0.526641
561,0.230712,0.529450
562,0.238345,0.532632
563,0.245780,0.536243
564,0.253099,0.534234
565,0.261225,0.531451
566,0.270171,0.529008
567,0.280038,0.527029
568,0.290897,0.525681
569,0.299347,0.525226
570,0.301319,0.523844
571,0.298322,0.516907
572,0.292803,0.507817
573,0.281503,0.498504
574,0.268111,0.488036
575,0.255492,0.476736
576,0.244121,0.465455
577,0.236771,0.456796
578,0.231410,0.446888
579,0.228864,0.443096
580,0.228708,0.443231
581,0.226233,0.444072
582,0.221009,0.439631
583,0.215063,0.435969
584,0.209475,0.431784
585,0.203705,0.427316
586,0.200008,0.424348
587,0.206040,0.428188
588,0.211261,0.431464
589,0.216270,0.433708
590,0.221116,0.433756
591,0.225099,0.431104
592,0.228443,0.439958
593,0.229258,0.452302
594,0.228751,0.465121
595,0.227381,0.477808
596,0.225037,0.486528
597,0.222833,0.489101
598,0.224392,0.501228
599,0.230128,0.517176
600,0.235326,0.533360
601,0.237893,0.550797
602,0.241015,0.567595
603,0.243387,0.584427
604,0.244797,0.601365
605,0.245242,0.618357
606,0.244719,0.635347
607,0.243230,0.652279
608,0.240781,0.669099
609,0.237378,0.685752
610,0.236401,0.690401
611,0.236401,0.690401
612,0.236401,0.690401
613,0.224396,0.692839
614,0.207524,0.694875
615,0.190557,0.695893
616,0.185814,0.696151
617,0.174306,0.691951
618,0.169844,0.690323
619,0.161190,0.681652
620,0.150189,0.668701
621,0.142689,0.661099
622,0.141707,0.660304
623,0.141707,0.660304
624,0.144417,0.651869
625,0.148323,0.635501
626,0.153115,0.619193
627,0.154480,0.614643
628,0.154480,0.614643
629,0.154480,0.614643
630,0.154480,0.614643
631,0.154480,0.614643
632,0.154480,0.614643
633,0.154480,0.614643
634,0.156539,0.626719
635,0.157338,0.631401
636,0.154100,0.643216
637,0.148308,0.659192
638,0.141565,0.674795
639,0.133945,0.689989
640,0.125473,0.704724
641,0.123082,0.708829
642,0.113250,0.716136
643,0.098842,0.725147
644,0.083915,0.733277
645,0.068549,0.740545
646,0.062025,0.752360
647,0.061274,0.758639
648,0.060595,0.766226
649,0.060138,0.773478
650,0.059557,0.780526
651,0.058802,0.787300
652,0.058230,0.793772
653,0.057758,0.799734
654,0.057126,0.804736
655,0.050743,0.804164
656,0.043416,0.803434
657,0.039439,0.809646
658,0.034625,0.816755
659,0.029449,0.824215
660,0.024185,0.831841
661,0.018930,0.839599
662,0.013877,0.847384
663,0.009040,0.855067
664,0.003335,0.859498
665,0.000583,0.862943
666,-0.000507,0.863229
667,-0.000964,0.863840
668,-0.001928,0.864640
669,-0.002154,0.864788
670,-0.002595,0.864448
671,-0.002595,0.864449
672,0.000468,0.865443
673,0.001178,0.865778
674,0.001178,0.865778
675,0.003242,0.866239
676,0.006650,0.867073
677,0.012470,0.868731
678,0.020275,0.871413
679,0.027262,0.874571
680,0.033635,0.878319
681,0.038974,0.882342
682,0.043247,0.886438
683,0.040027,0.890831
684,0.032695,0.897119
685,0.026835,0.900753
686,0.021860,0.902915
687,0.016879,0.904753
688,0.011845,0.906333
689,0.006762,0.907661
690,0.001640,0.908736
691,-0.003509,0.909560
692,-0.008672,0.910131
693,-0.011216,0.912281
694,-0.011692,0.918778
695,-0.014136,0.925337
696,-0.016992,0.932173
697,-0.019064,0.942349
698,-0.020350,0.959343
699,-0.023341,0.976270
700,-0.027292,0.992922
701,-0.032182,1.009249
702,-0.037986,1.025203
703,-0.044679,1.040735
704,-0.052233,1.055801
705,-0.060616,1.070355
706,-0.069795,1.084355
707,-0.079737,1.097758
708,-0.090404,1.110527
709,-0.101757,1.122624
710,-0.113755,1.134014
711,-0.126355,1.144664
712,-0.139514,1.154544
713,-0.153186,1.163627
714,-0.167324,1.171886
715,-0.181879,1.179300
716,-0.196802,1.185849
717,-0.212043,1.191515
718,-0.227551,1.196284
719,-0.243274,1.200145
720,-0.259160,1.203089
721,-0.275157,1.205110
722,-0.291213,1.206206
723,-0.307274,1.206377
724,-0.323288,1.205626
725,-0.339203,1.203960
726,-0.354969,1.201386
727,-0.370533,1.197917
728,-0.384986,1.193592
729,-0.399317,1.188455
730,-0.413318,1.182512
731,-0.426944,1.175783
732,-0.440151,1.168291
733,-0.452898,1.160063
734,-0.465143,1.151127
735,-0.476848,1.141512
736,-0.487974,1.131251
737,-0.498487,1.120380
738,-0.508354,1.108933
739,-0.517542,1.096951
740,-0.526024,1.084471
741,-0.533772,1.071537
742,-0.540763,1.058190
743,-0.546975,1.044475
744,-0.552389,1.030437
745,-0.556988,1.016122
746,-0.560758,1.001578
747,-0.563689,0.986852
748,-0.565771,0.971993
749,-0.567000,0.957048
750,-0.567372,0.942068
751,-0.566888,0.927100
752,-0.565549,0.912194
753,-0.563362,0.897397
754,-0.560301,0.883240
755,-0.556473,0.869026
756,-0.551842,0.855059
757,-0.546423,0.841385
758,-0.540235,0.828049
759,-0.533298,0.815093
760,-0.525636,0.802558
761,-0.517274,0.790487
762,-0.508240,0.778918
763,-0.498564,0.767887
764,-0.488278,0.757431
765,-0.477416,0.747583
766,-0.466013,0.738374
767,-0.454108,0.729835
768,-0.441739,0.721992
769,-0.440008,0.714203
770,-0.443938,0.708471
771,-0.449810,0.702645
772,-0.456762,0.695510
773,-0.464686,0.686401
774,-0.476881,0.678653
775,-0.487244,0.666319
776,-0.496303,0.652652
777,-0.503863,0.641195
778,-0.504086,0.640845
779,-0.504469,0.640320
780,-0.504472,0.640316
781,-0.504472,0.640316
782,-0.504472,0.640316
783,-0.504472,0.640316
784,-0.504472,0.640316
785,-0.504472,0.640316
786,-0.493407,0.642264
787,-0.478409,0.646099
788,-0.463432,0.651406
789,-0.448423,0.658119
790,-0.433060,0.665028
791,-0.428275,0.667000
792,-0.417377,0.671844
793,-0.401303,0.680911
794,-0.387288,0.692558
795,-0.374512,0.705763
796,-0.363143,0.720223
797,-0.355235,0.735952
798,-0.348482,0.752227
799,-0.346840,0.756870
800,-0.346840,0.756870
801,-0.346840,0.756870
802,-0.346183,0.756978
803,-0.345353,0.759804
804,-0.344330,0.764327
805,-0.343538,0.769038
806,-0.342977,0.773810
807,-0.342647,0.778617
808,-0.344035,0.779935
809,-0.349972,0.774964
810,-0.358122,0.773929
811,-0.367754,0.772687
812,-0.380331,0.770053
813,-0.393932,0.767059
814,-0.407661,0.763244
815,-0.421161,0.758744
816,-0.434334,0.753502
817,-0.447348,0.747261
818,-0.460089,0.740264
819,-0.472450,0.732485
820,-0.484470,0.723804
821,-0.496003,0.714509
822,-0.507001,0.704469
823,-0.517545,0.693487
824,-0.527473,0.681995
825,-0.536695,0.670071
826,-0.545195,0.657755
827,-0.552958,0.645088
828,-0.559973,0.632110
829,-0.566230,0.618863
830,-0.571720,0.605389
831,-0.576392,0.591599
832,-0.580178,0.576644
833,-0.583138,0.561422
834,-0.585201,0.545938
835,-0.586326,0.530144
836,-0.586670,0.514840
837,-0.586041,0.499162
838,-0.584567,0.483616
839,-0.582274,0.468297
840,-0.579181,0.453244
841,-0.575309,0.438494
842,-0.570407,0.423757
843,-0.564563,0.409185
844,-0.557887,0.394951
845,-0.550348,0.381060
846,-0.541979,0.367579
847,-0.532808,0.354561
848,-0.522865,0.342055
849,-0.512204,0.330123
850,-0.500818,0.318785
851,-0.488763,0.308096
852,-0.476105,0.298104
853,-0.462843,0.288833
854,-0.449065,0.280329
855,-0.434776,0.272614
856,-0.420235,0.265743
857,-0.405881,0.259734
858,-0.391169,0.254555
859,-0.376212,0.250219
860,-0.360973,0.246747
861,-0.345552,0.244149
862,-0.330083,0.242421
863,-0.314566,0.241557
864,-0.298855,0.241640
865,-0.283208,0.242606
866,-0.267626,0.244464
867,-0.252148,0.247222
868,-0.236884,0.250837
869,-0.221823,0.255329
870,-0.207057,0.260662
871,-0.192628,0.266816
872,-0.178580,0.273771
873,-0.164946,0.281517
874,-0.151796,0.290001
875,-0.139336,0.298953
876,-0.127780,0.307944
877,-0.116783,0.317552
878,-0.106352,0.327752
879,-0.096527,0.338504
880,-0.087336,0.349771
881,-0.078815,0.361498
882,-0.070983,0.373643
883,-0.063857,0.386164
884,-0.057464,0.399007
885,-0.051807,0.412125
886,-0.046907,0.425466
887,-0.042765,0.438977
888,-0.039383,0.452607
889,-0.036765,0.466306
890,-0.034900,0.480022
891,-0.033785,0.493706
892,-0.033407,0.507313
893,-0.033754,0.520799
894,-0.034835,0.534131
895,-0.035615,0.544525
896,-0.034503,0.551097
897,-0.034905,0.561283
898,-0.036294,0.571683
899,-0.038785,0.581906
900,-0.041990,0.591972
901,-0.045817,0.601860
902,-0.050233,0.611534
903,-0.055219,0.620958
904,-0.060757,0.630100
905,-0.066829,0.638923
906,-0.073413,0.647396
907,-0.080486,0.655489
908,-0.088023,0.663171
909,-0.095998,0.670415
910,-0.104383,0.677197
911,-0.113147,0.683492
912,-0.122261,0.689278
913,-0.131692,0.694537
914,-0.141407,0.699250
915,-0.151372,0.703404
916,-0.161553,0.706984
917,-0.171915,0.709980
918,-0.182423,0.712384
919,-0.193041,0.714189
920,-0.203733,0.715391
921,-0.214464,0.715988
922,-0.225188,0.715979
923,-0.235881,0.715372
924,-0.246507,0.714169
925,-0.257037,0.712376
926,-0.267682,0.709734
927,-0.277829,0.706774
928,-0.287827,0.703307
929,-0.297630,0.699277
930,-0.307162,0.694697
931,-0.316404,0.689595
932,-0.325324,0.683995
933,-0.333897,0.677920
934,-0.342099,0.671393
935,-0.349906,0.664438
936,-0.357296,0.657078
937,-0.364246,0.649341
938,-0.370744,0.641252
939,-0.376764,0.632838
940,-0.382294,0.624128
941,-0.387319,0.615152
942,-0.391826,0.605939
943,-0.395808,0.596519
944,-0.399251,0.586924
945,-0.402154,0.577183
946,-0.404505,0.567328
947,-0.406306,0.557390
948,-0.407550,0.547403
949,-0.408245,0.537395
950,-0.408388,0.527396
951,-0.407981,0.517442
952,-0.407033,0.507559
953,-0.405550,0.497778
954,-0.403542,0.488129
955,-0.401018,0.478640
956,-0.397991,0.469337
957,-0.394162,0.460052
958,-0.390163,0.451241
959,-0.385706,0.442719
960,-0.380844,0.434420
961,-0.375553,0.426420
962,-0.369849,0.418772
963,-0.363764,0.411479
964,-0.357320,0.404562
965,-0.350542,0.398035
966,-0.343454,0.391913
967,-0.336081,0.386211
968,-0.328448,0.380939
969,-0.320582,0.376110
970,-0.312509,0.371732
971,-0.304256,0.367814
972,-0.295849,0.364361
973,-0.287315,0.361378
974,-0.278682,0.358868
975,-0.269977,0.356832
976,-0.261228,0.355270
977,-0.252460,0.354179
978,-0.243699,0.353555
979,-0.234972,0.353396
980,-0.226304,0.353693
981,-0.217720,0.354440
982,-0.209242,0.355624
983,-0.200896,0.357239
984,-0.192701,0.359268
985,-0.184681,0.361701
986,-0.176856,0.364524
987,-0.169242,0.367719
988,-0.161729,0.371626
989,-0.154636,0.375555
990,-0.147745,0.379768
991,-0.141156,0.384289
992,-0.134887,0.389111
993,-0.128870,0.394173
994,-0.123173,0.399473
995,-0.117801,0.404988
996,-0.112758,0.410699
997,-0.108047,0.416583
998,-0.103672,0.422620
999,-0.099634,0.428789
1000,-0.095933,0.435069
1001,-0.092568,0.441439
1002,-0.089536,0.447879
1003,-0.086834,0.454369
1004,-0.084455,0.460890
1005,-0.082395,0.467422
1006,-0.080645,0.473950
1007,-0.079197,0.480456
1008,-0.078041,0.486924
1009,-0.077166,0.493340
1010,-0.076562,0.499690
1011,-0.076216,0.505964
1012,-0.076118,0.512149
1013,-0.076254,0.518237
1014,-0.076613,0.524222
1015,-0.077184,0.530094
1016,-0.077955,0.535850
1017,-0.078916,0.541486
1018,-0.080058,0.546999
1019,-0.081731,0.552490
1020,-0.083283,0.557699
1021,-0.085081,0.562785
1022,-0.086965,0.567826
1023,-0.088977,0.572712
1024,-0.090955,0.577537
1025,-0.093144,0.582121
1026,-0.095538,0.586561
1027,-0.098131,0.590862
1028,-0.100915,0.595019
1029,-0.103882,0.599023
1030,-0.107020,0.602875
1031,-0.110283,0.606590
1032,-0.113690,0.610128
1033,-0.117245,0.613487
1034,-0.120943,0.616663
1035,-0.124775,0.619652
1036,-0.129416,0.623461
1037,-0.133486,0.628432
1038,-0.136727,0.633499
1039,-0.139487,0.638651
1040,-0.142011,0.643854
1041,-0.144471,0.649068
1042,-0.146986,0.654256
1043,-0.149634,0.659388
1044,-0.152465,0.664434
1045,-0.155511,0.669367
1046,-0.158787,0.674166
1047,-0.162298,0.678817
1048,-0.166045,0.683308
1049,-0.170027,0.687627
1050,-0.174239,0.691762
1051,-0.178674,0.695325
1052,-0.183240,0.699048
1053,-0.188055,0.702545
1054,-0.193128,0.705813
1055,-0.198376,0.708845
1056,-0.203799,0.711630
1057,-0.209511,0.714132
1058,-0.215271,0.716415
1059,-0.221072,0.718444
1060,-0.226983,0.720180
1061,-0.233099,0.721574
1062,-0.239351,0.722661
1063,-0.245690,0.723450
1064,-0.252108,0.723936
1065,-0.258592,0.724109
1066,-0.265128,0.723965
1067,-0.271704,0.723500
1068,-0.278304,0.722711
1069,-0.284916,0.721592
1070,-0.291524,0.720141
1071,-0.298115,0.718356
1072,-0.304674,0.716236
1073,-0.311186,0.713780
1074,-0.317637,0.710984
1075,-0.324012,0.707851
1076,-0.330295,0.704381
1077,-0.336471,0.700575
1078,-0.342527,0.696431
1079,-0.348446,0.691955
1080,-0.354212,0.687146
1081,-0.359811,0.682008
1082,-0.365227,0.676545
1083,-0.370543,0.669777
1084,-0.376731,0.662949
1085,-0.382724,0.656260
1086,-0.388378,0.649286
1087,-0.393655,0.641995
1088,-0.398535,0.634403
1089,-0.402999,0.626530
1090,-0.407031,0.618399
1091,-0.410617,0.610034
1092,-0.413742,0.601460
1093,-0.416395,0.592701
1094,-0.418564,0.583784
1095,-0.420239,0.574736
1096,-0.421413,0.565585
1097,-0.422080,0.556357
1098,-0.422234,0.547081
1099,-0.421871,0.537787
1100,-0.420991,0.528502
1101,-0.419593,0.519255
1102,-0.417679,0.510077
1103,-0.415251,0.500995
1104,-0.412315,0.492038
1105,-0.408876,0.483235
1106,-0.404944,0.474615
1107,-0.400526,0.466205
1108,-0.395636,0.458033
1109,-0.390284,0.450124
1110,-0.384487,0.442507
1111,-0.378258,0.435205
1112,-0.371616,0.428243
1113,-0.364580,0.421646
1114,-0.357318,0.415775
1115,-0.349576,0.409960
1116,-0.341505,0.404570
1117,-0.333125,0.399625
1118,-0.324462,0.395144
1119,-0.315541,0.391142
1120,-0.306388,0.387636
1121,-0.297031,0.384637
1122,-0.287498,0.382159
1123,-0.277819,0.380212
1124,-0.268022,0.378803
1125,-0.258138,0.377942
1126,-0.248198,0.377632
1127,-0.238233,0.377878
1128,-0.228273,0.378682
1129,-0.218351,0.380043
1130,-0.208496,0.381961
1131,-0.198742,0.384431
1132,-0.189118,0.387449
1133,-0.179656,0.391008
1134,-0.170386,0.395100
1135,-0.161338,0.399713
1136,-0.152543,0.404837
1137,-0.144027,0.410457
1138,-0.135821,0.416557
1139,-0.127951,0.423122
1140,-0.120443,0.430131
1141,-0.113323,0.437567
1142,-0.106615,0.445406
1143,-0.100342,0.453626
1144,-0.094526,0.462203
1145,-0.089187,0.471111
1146,-0.084636,0.480094
1147,-0.080287,0.489562
1148,-0.076466,0.499279
1149,-0.073188,0.509216
1150,-0.070465,0.519342
1151,-0.068309,0.529627
1152,-0.066728,0.540039
1153,-0.065731,0.550546
1154,-0.065323,0.561113
1155,-0.065509,0.571710
1156,-0.066289,0.582301
1157,-0.063410,0.586902
1158,-0.063819,0.590255
1159,-0.066666,0.592562
1160,-0.070593,0.594291
1161,-0.074938,0.595822
1162,-0.079416,0.597146
1163,-0.083972,0.598257
1164,-0.088589,0.599151
1165,-0.093256,0.599824
1166,-0.097963,0.600273
1167,-0.102698,0.600496
1168,-0.107452,0.600491
1169,-0.112214,0.600256
1170,-0.116973,0.599789
1171,-0.121718,0.599091
1172,-0.126438,0.598161
1173,-0.131122,0.597000
1174,-0.135758,0.595608
1175,-0.140336,0.593987
1176,-0.144844,0.592139
1177,-0.149271,0.590067
1178,-0.153309,0.587548
1179,-0.157528,0.585053
1180,-0.161635,0.582346
1181,-0.165617,0.579430
1182,-0.169466,0.576312
1183,-0.173169,0.572996
1184,-0.176718,0.569488
1185,-0.180101,0.565797
1186,-0.183310,0.561928
1187,-0.186335,0.557891
1188,-0.189167,0.553693
1189,-0.191797,0.549343
1190,-0.194217,0.544850
1191,-0.196419,0.540225
1192,-0.198395,0.535477
1193,-0.200139,0.530618
1194,-0.201643,0.525658
1195,-0.202903,0.520608
1196,-0.203912,0.515482
1197,-0.204666,0.510291
1198,-0.205159,0.505047
1199,-0.205390,0.499764
1200,-0.205353,0.494454
1201,-0.205048,0.489131
1202,-0.204471,0.483809
1203,-0.203623,0.478500
1204,-0.202502,0.473220
1205,-0.201109,0.467982
1206,-0.199446,0.462799
1207,-0.197512,0.457687
1208,-0.195312,0.452658
1209,-0.192689,0.448065
1210,-0.189986,0.443256
1211,-0.187029,0.438571
1212,-0.183822,0.434024
1213,-0.180373,0.429629
1214,-0.176686,0.425399
1215,-0.172771,0.421346
1216,-0.168636,0.417483
1217,-0.164288,0.413822
1218,-0.159738,0.410376
1219,-0.154997,0.407155
1220,-0.150074,0.404170
1221,-0.144983,0.401432
1222,-0.139733,0.398951
1223,-0.134340,0.396735
1224,-0.128815,0.394793
1225,-0.123173,0.393134
1226,-0.117428,0.391764
1227,-0.111594,0.390690
1228,-0.105688,0.389918
1229,-0.099724,0.389453
1230,-0.093718,0.389299
1231,-0.087686,0.389459
1232,-0.081646,0.389937
1233,-0.075614,0.390733
1234,-0.069605,0.391849
1235,-0.063639,0.393284
1236,-0.057731,0.395037
1237,-0.051899,0.397107
1238,-0.046159,0.399490
1239,-0.040882,0.402304
1240,-0.035385,0.405281
1241,-0.030031,0.408555
1242,-0.024835,0.412122
1243,-0.019813,0.415975
1244,-0.014982,0.420104
1245,-0.010356,0.424502
1246,-0.005952,0.429157
1247,-0.001782,0.434059
1248,0.002138,0.439197
1249,0.005795,0.444557
1250,0.009176,0.450127
1251,0.012270,0.455892
1252,0.015064,0.461838
1253,0.017548,0.467948
1254,0.019712,0.474208
1255,0.021547,0.480600
1256,0.023044,0.487108
1257,0.024198,0.493712
1258,0.025000,0.500395
1259,0.025446,0.507139
1260,0.025531,0.513924
1261,0.025252,0.520732
1262,0.024606,0.527541
1263,0.023593,0.534333
1264,0.022211,0.541088
1265,0.020463,0.547785
1266,0.018349,0.554404
1267,0.015873,0.560926
1268,0.013040,0.567331
1269,0.009854,0.573598
1270,0.006277,0.579338
1271,0.002431,0.585271
1272,-0.001745,0.591010
1273,-0.006240,0.596536
1274,-0.011046,0.601833
1275,-0.016149,0.606882
1276,-0.021538,0.611666
1277,-0.027199,0.616169
1278,-0.033118,0.620376
1279,-0.039278,0.624271
1280,-0.045664,0.627841
1281,-0.052258,0.631072
1282,-0.059043,0.633952
1283,-0.066000,0.636469
1284,-0.073109,0.638614
1285,-0.080350,0.640377
1286,-0.087703,0.641749
1287,-0.095147,0.642723
1288,-0.102661,0.643294
1289,-0.110221,0.643457
1290,-0.117807,0.643207
1291,-0.125395,0.642543
1292,-0.130286,0.639389
1293,-0.133517,0.635682
1294,-0.136519,0.631968
1295,-0.139341,0.628127
1296,-0.141981,0.624146
1297,-0.144432,0.620030
1298,-0.146688,0.615788
1299,-0.148742,0.611427
1300,-0.150588,0.606958
1301,-0.151848,0.602423
1302,-0.153263,0.597787
1303,-0.154453,0.593071
1304,-0.155415,0.588287
1305,-0.156145,0.583445
1306,-0.156639,0.578556
1307,-0.156893,0.573631
1308,-0.156905,0.568682
1309,-0.156673,0.563720
1310,-0.156195,0.558758
1311,-0.155470,0.553808
1312,-0.154498,0.548881
1313,-0.153279,0.543989
1314,-0.151814,0.539146
1315,-0.150103,0.534363
1316,-0.148150,0.529653
1317,-0.145956,0.525028
1318,-0.143525,0.520500
1319,-0.140861,0.516082
1320,-0.137968,0.511785
1321,-0.134851,0.507622
1322,-0.131516,0.503605
1323,-0.127969,0.499744
1324,-0.124218,0.496051
1325,-0.120269,0.492538
1326,-0.116132,0.489214
1327,-0.111815,0.486090
1328,-0.107327,0.483177
1329,-0.102678,0.480483
1330,-0.097878,0.478017
1331,-0.093016,0.476154
1332,-0.087971,0.474166
1333,-0.082811,0.472430
1334,-0.077546,0.470952
1335,-0.072191,0.469739
1336,-0.066757,0.468797
1337,-0.061259,0.468131
1338,-0.055711,0.467745
1339,-0.050127,0.467643
1340,-0.044520,0.467829
1341,-0.038907,0.468304
1342,-0.033302,0.469070
1343,-0.027719,0.470128
1344,-0.022175,0.471478
1345,-0.016684,0.473119
1346,-0.011262,0.475050
1347,-0.005924,0.477267
1348,-0.000686,0.479769
1349,0.004438,0.482550
1350,0.009432,0.485606
1351,0.014282,0.488932
1352,0.018972,0.492520
1353,0.023489,0.496364
1354,0.027817,0.500455
1355,0.031945,0.504785
1356,0.035858,0.509343
1357,0.039543,0.514120
1358,0.042988,0.519104
1359,0.046181,0.524284
1360,0.049111,0.529646
1361,0.051767,0.535178
1362,0.053799,0.540714
1363,0.055888,0.546522
1364,0.057678,0.552456
1365,0.059159,0.558502
1366,0.060325,0.564643
1367,0.061169,0.570864
1368,0.061686,0.577146
1369,0.061872,0.583474
1370,0.061722,0.589829
1371,0.061235,0.596194
1372,0.060409,0.602550
1373,0.059242,0.608881
1374,0.057735,0.615166
1375,0.055889,0.621389
1376,0.053706,0.627530
1377,0.051191,0.633572
1378,0.048345,0.639495
1379,0.045176,0.645283
1380,0.041689,0.650916
1381,0.037892,0.656378
1382,0.033792,0.661652
1383,0.029398,0.666719
1384,0.024722,0.671564
1385,0.019774,0.676171
1386,0.014565,0.680525
1387,0.009110,0.684610
1388,0.003421,0.688412
1389,-0.002487,0.691918
1390,-0.008599,0.695115
1391,-0.014898,0.697990
1392,-0.021175,0.700215
1393,-0.027778,0.702429
1394,-0.034516,0.704294
1395,-0.041370,0.705799
1396,-0.048323,0.706939
1397,-0.055354,0.707705
1398,-0.062444,0.708093
1399,-0.069572,0.708098
1400,-0.076717,0.707718
1401,-0.083858,0.706950
1402,-0.090975,0.705793
1403,-0.098046,0.704248
1404,-0.105049,0.702315
1405,-0.111964,0.699998
1406,-0.118768,0.697300
1407,-0.125442,0.694227
1408,-0.131964,0.690783
1409,-0.138313,0.686978
1410,-0.144469,0.682818
1411,-0.150413,0.678315
1412,-0.156124,0.673477
1413,-0.161585,0.668318
1414,-0.166776,0.662850
1415,-0.171680,0.657087
1416,-0.176280,0.651045
1417,-0.180560,0.644738
1418,-0.184505,0.638185
1419,-0.188100,0.631402
1420,-0.191332,0.624409
1421,-0.194188,0.617224
1422,-0.196363,0.610098
1423,-0.198450,0.602611
1424,-0.200133,0.594996
1425,-0.201403,0.587274
1426,-0.202253,0.579467
1427,-0.202676,0.571599
1428,-0.202669,0.563691
1429,-0.202228,0.555769
1430,-0.201352,0.547855
1431,-0.200039,0.539975
1432,-0.198292,0.532151
1433,-0.196111,0.524409
1434,-0.193502,0.516772
1435,-0.190467,0.509264
1436,-0.187014,0.501910
1437,-0.183150,0.494732
1438,-0.178885,0.487753
1439,-0.174227,0.480997
1440,-0.169190,0.474485
1441,-0.163785,0.468239
1442,-0.158026,0.462280
1443,-0.151929,0.456628
1444,-0.145510,0.451302
1445,-0.138786,0.446322
1446,-0.131776,0.441703
1447,-0.124500,0.437464
1448,-0.116977,0.433619
1449,-0.109230,0.430184
1450,-0.101281,0.427170
1451,-0.093152,0.424591
1452,-0.084868,0.422457
1453,-0.076737,0.421018
1454,-0.068231,0.419781
1455,-0.059645,0.419011
1456,-0.051003,0.418714
1457,-0.042331,0.418895
1458,-0.033656,0.419556
1459,-0.025005,0.420698
1460,-0.016403,0.422321
1461,-0.007879,0.424423
1462,0.000541,0.427001
1463,0.008830,0.430049
1464,0.016963,0.433560
1465,0.024912,0.437528
1466,0.032653,0.441942
1467,0.040159,0.446792
1468,0.047407,0.452065
1469,0.054372,0.457747
1470,0.061031,0.463824
1471,0.067362,0.470278
1472,0.073343,0.477093
1473,0.078953,0.484249
1474,0.084172,0.491727
1475,0.088983,0.499503
1476,0.093368,0.507558
1477,0.097310,0.515866
1478,0.100795,0.524404
1479,0.103810,0.533146
1480,0.106342,0.542067
1481,0.108381,0.551139
1482,0.109918,0.560336
1483,0.110944,0.569629
1484,0.111280,0.578661
1485,0.111294,0.588050
1486,0.110787,0.597450
1487,0.109755,0.606832
1488,0.108199,0.616168
1489,0.107217,0.624461
1490,0.113940,0.622874
1491,0.114718,0.620579
1492,0.114573,0.620309
1493,0.114573,0.620309
1494,0.114573,0.620309
1495,0.114573,0.620309
1496,0.114573,0.620309
1497,0.116306,0.620153
1498,0.116306,0.620153
1499,0.116383,0.620145
1500,0.123825,0.629066
1501,0.134128,0.641369
1502,0.144135,0.653518
1503,0.150267,0.669260
1504,0.154041,0.685840
1505,0.155412,0.690735
1506,0.157723,0.700105
1507,0.164888,0.702921
1508,0.170700,0.706046
1509,0.174598,0.709624
1510,0.176415,0.713584
1511,0.176503,0.714058
1512,0.168217,0.720126
1513,0.155009,0.729407
1514,0.140783,0.738710
1515,0.126052,0.747189
1516,0.110861,0.754816
1517,0.095261,0.761566
1518,0.079303,0.767418
1519,0.063037,0.772352
1520,0.047743,0.777788
1521,0.037148,0.788743
1522,0.025907,0.799447
1523,0.013877,0.809790
1524,0.006606,0.823363
1525,0.002085,0.839337
1526,-0.003890,0.854312
1527,-0.010985,0.869211
1528,-0.017440,0.883635
1529,-0.028006,0.893471
1530,-0.031329,0.895721
1531,-0.034769,0.893972
1532,-0.038335,0.893204
1533,-0.042566,0.892237
1534,-0.046959,0.891020
1535,-0.051345,0.889551
1536,-0.055662,0.887832
1537,-0.059881,0.885869
1538,-0.064040,0.883553
1539,-0.067985,0.881101
1540,-0.071803,0.878438
1541,-0.075469,0.875563
1542,-0.078968,0.872485
1543,-0.082287,0.869213
1544,-0.085415,0.865757
1545,-0.088353,0.861997
1546,-0.091031,0.858197
1547,-0.093511,0.854251
1548,-0.095770,0.850171
1549,-0.097796,0.845968
1550,-0.099581,0.841656
1551,-0.101117,0.837249
1552,-0.102370,0.832633
1553,-0.103346,0.828085
1554,-0.104091,0.823480
1555,-0.104582,0.818836
1556,-0.104811,0.814171
1557,-0.104774,0.809499
1558,-0.104472,0.804836
1559,-0.103906,0.800197
1560,-0.102978,0.795517
1561,-0.101863,0.790986
1562,-0.100504,0.786515
1563,-0.098895,0.782124
1564,-0.097040,0.777831
1565,-0.094943,0.773648
1566,-0.092612,0.769591
1567,-0.089931,0.765637
1568,-0.087138,0.761894
1569,-0.084140,0.758301
1570,-0.080945,0.754879
1571,-0.077560,0.751643
1572,-0.073996,0.748604
1573,-0.070265,0.745771
1574,-0.066251,0.743170
1575,-0.062215,0.740808
1576,-0.058004,0.738712
1577,-0.053694,0.736781
1578,-0.049307,0.735110
1579,-0.044837,0.733693
1580,-0.040296,0.732533
1581,-0.033732,0.728874
1582,-0.025614,0.722617
1583,-0.017876,0.717291
1584,-0.010660,0.713130
1585,-0.004055,0.710309
1586,0.001792,0.708724
1587,0.006931,0.708552
1588,0.011758,0.709363
1589,0.017781,0.709763
1590,0.031499,0.705981
1591,0.047016,0.701116
1592,0.063313,0.696741
1593,0.079866,0.693134
1594,0.096316,0.690509
1595,0.110821,0.689129
1596,0.122190,0.689422
1597,0.130296,0.690849
1598,0.135764,0.693478
1599,0.139577,0.696725
1600,0.142804,0.700286
1601,0.145608,0.704049
1602,0.148143,0.707993
1603,0.155589,0.709804
1604,0.170321,0.713483
1605,0.185123,0.718928
1606,0.199091,0.724984
1607,0.211683,0.730927
1608,0.222333,0.736353
1609,0.230195,0.741079
1610,0.235375,0.745051
1611,0.238048,0.749042
1612,0.238789,0.753527
1613,0.238778,0.758103
1614,0.238350,0.762728
1615,0.237546,0.767348
1616,0.236528,0.771952
1617,0.235252,0.776467
1618,0.233721,0.780895
1619,0.231829,0.785275
1620,0.229846,0.789538
1621,0.227585,0.793628
1622,0.225086,0.797587
1623,0.222294,0.801402
1624,0.219353,0.805064
1625,0.216087,0.808571
1626,0.212743,0.811834
1627,0.209229,0.814990
1628,0.205564,0.817882
1629,0.201662,0.820523
1630,0.197651,0.822989
1631,0.193520,0.825213
1632,0.189144,0.827173
1633,0.184791,0.828870
1634,0.180319,0.830402
1635,0.175819,0.831639
1636,0.171200,0.832547
1637,0.166540,0.833256
1638,0.161867,0.833694
1639,0.157182,0.833863
1640,0.152393,0.833657
1641,0.147727,0.833271
1642,0.143049,0.832700
1643,0.138458,0.831806
1644,0.133890,0.830577
1645,0.129412,0.829155
1646,0.125029,0.827483
1647,0.120684,0.825451
1648,0.116553,0.823265
1649,0.112467,0.820882
1650,0.108609,0.818221
1651,0.104852,0.815370
1652,0.101284,0.812319
1653,0.097901,0.809071
1654,0.094710,0.805636
1655,0.091735,0.801875
1656,0.088976,0.798089
1657,0.086356,0.794166
1658,0.084060,0.790043
1659,0.081958,0.785833
1660,0.080108,0.781520
1661,0.078508,0.777111
1662,0.077198,0.772486
1663,0.076157,0.767930
1664,0.075270,0.763303
1665,0.074769,0.758613
1666,0.074477,0.753916
1667,0.074456,0.749222
1668,0.074703,0.744537
1669,0.075216,0.739875
1670,0.076093,0.735162
1671,0.077123,0.730546
1672,0.078474,0.726047
1673,0.080033,0.721603
1674,0.081843,0.717270
1675,0.083896,0.713052
1676,0.086187,0.708958
1677,0.088833,0.704949
1678,0.091599,0.701176
1679,0.094537,0.697478
1680,0.097755,0.694021
1681,0.101113,0.690732
1682,0.104650,0.687647
1683,0.108357,0.684769
1684,0.112222,0.682108
1685,0.116360,0.679698
1686,0.120559,0.677500
1687,0.124835,0.675510
1688,0.129205,0.673789
1689,0.133665,0.672326
1690,0.138200,0.671122
1691,0.142797,0.670177
1692,0.147547,0.669573
1693,0.152218,0.669179
1694,0.156964,0.669037
1695,0.161679,0.669149
1696,0.166361,0.669539
1697,0.171010,0.670196
1698,0.175612,0.671118
1699,0.180233,0.672438
1700,0.184690,0.673899
1701,0.189115,0.675549
1702,0.193391,0.677559
1703,0.197566,0.679750
1704,0.201594,0.682172
1705,0.205475,0.684817
1706,0.209197,0.687678
1707,0.212762,0.690881
1708,0.216184,0.694129
1709,0.219313,0.697635
1710,0.222319,0.701294
1711,0.225090,0.705099
1712,0.227633,0.709049
1713,0.229947,0.713135
1714,0.231982,0.717475
1715,0.233870,0.721800
1716,0.235447,0.726212
1717,0.236703,0.730749
1718,0.237783,0.735366
1719,0.238589,0.740005
1720,0.239127,0.744673
1721,0.239308,0.749463
1722,0.239359,0.754182
1723,0.239091,0.758861
1724,0.238551,0.763524
1725,0.237744,0.768152
1726,0.236606,0.772761
1727,0.235278,0.777282
1728,0.233577,0.781769
1729,0.231782,0.786136
1730,0.229712,0.790341
1731,0.227397,0.794425
1732,0.224849,0.798373
1733,0.222005,0.802168
1734,0.219018,0.805818
1735,0.215697,0.809292
1736,0.212330,0.812616
1737,0.208793,0.815682
1738,0.205071,0.818540
1739,0.201185,0.821182
1740,0.197097,0.823555
1741,0.192910,0.825760
1742,0.188491,0.827671
1743,0.184105,0.829341
1744,0.179624,0.830848
1745,0.175089,0.832034
1746,0.170483,0.832954
1747,0.165828,0.833608
1748,0.161110,0.833931
1749,0.156379,0.834061
1750,0.151559,0.833798
1751,0.146833,0.833419
1752,0.142200,0.832751
1753,0.137603,0.831803
1754,0.133062,0.830590
1755,0.128596,0.829119
1756,0.124226,0.827323
1757,0.119916,0.825347
1758,0.115705,0.823004
1759,0.111637,0.820579
1760,0.107776,0.817928
1761,0.104070,0.815045
1762,0.100532,0.811949
1763,0.097175,0.808656
1764,0.094010,0.805176
1765,0.091035,0.801291
1766,0.088322,0.797446
1767,0.085737,0.793484
1768,0.083446,0.789390
1769,0.081394,0.785162
1770,0.079588,0.780821
1771,0.078031,0.776382
1772,0.076730,0.771861
1773,0.075742,0.767222
1774,0.074967,0.762406
1775,0.074451,0.757755
1776,0.074210,0.753065
1777,0.074240,0.748363
1778,0.074538,0.743669
1779,0.075103,0.738998
1780,0.075933,0.734365
1781,0.077203,0.729681
1782,0.078545,0.725102
1783,0.080126,0.720695
1784,0.081979,0.716380
1785,0.084082,0.712174
1786,0.086424,0.708093
1787,0.088995,0.704151
1788,0.091928,0.700314
1789,0.095036,0.696729
1790,0.098260,0.693279
1791,0.101632,0.689951
1792,0.105198,0.686895
1793,0.108943,0.684050
1794,0.112847,0.681423
1795,0.116896,0.679022
1796,0.121076,0.676855
1797,0.125639,0.675038
1798,0.130076,0.673299
1799,0.134541,0.671870
