0,1.923620,-1.796620
1,1.923620,-1.796620
2,1.923620,-1.796620
3,1.923620,-1.796620
4,1.923620,-1.796620
5,1.923620,-1.796620
6,1.923620,-1.796620
7,1.923620,-1.796620
8,1.923620,-1.796620
9,1.923620,-1.796620
10,1.923620,-1.796620
11,1.923620,-1.796620
12,1.923620,-1.796620
13,1.923620,-1.796620
14,1.923620,-1.796620
15,1.923620,-1.796620
16,1.923620,-1.796620
17,1.923620,-1.796620
18,1.923620,-1.796620
19,1.923620,-1.796620
20,1.923620,-1.796620
21,1.923620,-1.796620
22,1.923620,-1.796620
23,1.923620,-1.796620
24,1.923620,-1.796620
25,1.923620,-1.796620
26,1.923620,-1.796620
27,1.923620,-1.796620
28,1.923620,-1.796620
29,1.923620,-1.796620
30,1.923620,-1.796620
31,1.923620,-1.796620
32,1.923620,-1.796620
33,1.923620,-1.796620
34,1.923620,-1.796620
35,1.923620,-1.796620
36,1.923620,-1.796620
37,1.923620,-1.796620
38,1.923620,-1.796620
39,1.923620,-1.796620
40,1.923620,-1.796620
41,1.923620,-1.796620
42,1.923620,-1.796620
43,1.923620,-1.796620
44,1.923620,-1.796620
45,1.923620,-1.796620
46,1.923620,-1.796620
47,1.923620,-1.796620
48,1.923620,-1.796620
49,1.923620,-1.796620
50,1.923620,-1.796620
51,1.923620,-1.796620
52,1.923620,-1.796620
53,1.923620,-1.796620
54,1.923620,-1.796620
55,1.923620,-1.796620
56,1.923620,-1.796620
57,1.923620,-1.796620
58,1.923620,-1.796620
59,1.923620,-1.796620
60,1.923620,-1.796620
61,1.923620,-1.796620
62,1.923620,-1.796620
63,1.923620,-1.796620
64,1.923620,-1.796620
65,1.923620,-1.796620
66,1.923620,-1.796620
67,1.923620,-1.796620
68,1.923620,-1.796620
69,1.923620,-1.796620
70,1.923620,-1.796620
71,1.923620,-1.796620
72,1.923620,-1.796620
73,1.923620,-1.796620
74,1.923620,-1.796620
75,1.923620,-1.796620
76,1.923620,-1.796620
77,1.923620,-1.796620
78,1.923620,-1.796620
79,1.923620,-1.796620
80,1.923620,-1.796620
81,1.923620,-1.796620
82,1.923620,-1.796620
83,1.923620,-1.796620
84,1.923620,-1.796620
85,1.923620,-1.796620
86,1.923620,-1.796620
87,1.923620,-1.796620
88,1.923620,-1.796620
89,1.923620,-1.796620
90,1.923620,-1.796620
91,1.923620,-1.796620
92,1.923620,-1.796620
93,1.923620,-1.796620
94,1.923620,-1.796620
95,1.923620,-1.796620
96,1.923620,-1.796620
97,1.923620,-1.796620
98,1.923620,-1.796620
99,1.923620,-1.796620
100,1.923620,-1.796620
101,1.923620,-1.796620
102,1.923620,-1.796620
103,1.923620,-1.796620
104,1.923620,-1.796620
105,1.923620,-1.796620
106,1.923620,-1.796620
107,1.923620,-1.796620
108,1.923620,-1.796620
109,1.923620,-1.796620
110,1.923620,-1.796620
111,1.923620,-1.796620
112,1.923620,-1.796620
113,1.923620,-1.796620
114,1.923620,-1.796620
115,1.923620,-1.796620
116,1.923620,-1.796620
117,1.923620,-1.796620
118,1.923620,-1.796620
119,1.923620,-1.796620
120,1.923620,-1.796620
121,1.923620,-1.796620
122,1.923620,-1.796620
123,1.923620,-1.796620
124,1.923620,-1.796620
125,1.923620,-1.796620
126,1.923620,-1.796620
127,1.923620,-1.796620
128,1.923620,-1.796620
129,1.923620,-1.796620
130,1.923620,-1.796620
131,1.923620,-1.796620
132,1.923620,-1.796620
133,1.923620,-1.796620
134,1.923620,-1.796620
135,1.923620,-1.796620
136,1.923620,-1.796620
137,1.923620,-1.796620
138,1.923620,-1.796620
139,1.923620,-1.796620
140,1.923620,-1.796620
141,1.923620,-1.796620
142,1.923620,-1.796620
143,1.923620,-1.796620
144,1.923620,-1.796620
145,1.923620,-1.796620
146,1.923620,-1.796620
147,1.923620,-1.796620
148,1.923620,-1.796620
149,1.923620,-1.796620
150,1.923620,-1.796620
151,1.923620,-1.796620
152,1.923620,-1.796620
153,1.923620,-1.796620
154,1.923620,-1.796620
155,1.923620,-1.796620
156,1.923620,-1.796620
157,1.923620,-1.796620
158,1.923620,-1.796620
159,1.923620,-1.796620
160,1.923620,-1.796620
161,1.923620,-1.796620
162,1.923620,-1.796620
163,1.923620,-1.796620
164,1.923620,-1.796620
165,1.923620,-1.796620
166,1.923620,-1.796620
167,1.923620,-1.796620
168,1.923620,-1.796620
169,1.923620,-1.796620
170,1.923620,-1.796620
171,1.923620,-1.796620
172,1.923620,-1.796620
173,1.923620,-1.796620
174,1.923620,-1.796620
175,1.923620,-1.796620
176,1.923620,-1.796620
177,1.923620,-1.796620
178,1.923620,-1.796620
179,1.923620,-1.796620
180,1.923620,-1.796620
181,1.923620,-1.796620
182,1.923620,-1.796620
183,1.923620,-1.796620
184,1.923620,-1.796620
185,1.923620,-1.796620
186,1.923620,-1.796620
187,1.923620,-1.796620
188,1.923620,-1.796620
189,1.923620,-1.796620
190,1.923620,-1.796620
191,1.923620,-1.796620
192,1.923620,-1.796620
193,1.923620,-1.796620
194,1.923620,-1.796620
195,1.923620,-1.796620
196,1.923620,-1.796620
197,1.923620,-1.796620
198,1.923620,-1.796620
199,1.923620,-1.796620
200,1.923620,-1.796620
201,1.923620,-1.796620
202,1.923620,-1.796620
203,1.923620,-1.796620
204,1.923620,-1.796620
205,1.923620,-1.796620
206,1.923620,-1.796620
207,1.923620,-1.796620
208,1.923620,-1.796620
209,1.923620,-1.796620
210,1.923620,-1.796620
211,1.923620,-1.796620
212,1.923620,-1.796620
213,1.923620,-1.796620
214,1.923620,-1.796620
215,1.923620,-1.796620
216,1.923620,-1.796620
217,1.923620,-1.796620
218,1.923620,-1.796620
219,1.923620,-1.796620
220,1.923620,-1.796620
221,1.923620,-1.796620
222,1.923620,-1.796620
223,1.923620,-1.796620
224,1.923620,-1.796620
225,1.923620,-1.796620
226,1.923620,-1.796620
227,1.923620,-1.796620
228,1.923620,-1.796620
229,1.923620,-1.796620
230,1.923620,-1.796620
231,1.923620,-1.796620
232,1.923620,-1.796620
233,1.923620,-1.796620
234,1.923620,-1.796620
235,1.923620,-1.796620
236,1.923620,-1.796620
237,1.923620,-1.796620
238,1.923620,-1.796620
239,1.923620,-1.796620
240,1.923620,-1.796620
241,1.923620,-1.796620
242,1.923620,-1.796620
243,1.923620,-1.796620
244,1.923620,-1.796620
245,1.923620,-1.796620
246,1.923620,-1.796620
247,1.923620,-1.796620
248,1.923620,-1.796620
249,1.923620,-1.796620
250,1.923620,-1.796620
251,1.923620,-1.796620
252,1.923620,-1.796620
253,1.923620,-1.796620
254,1.923620,-1.796620
255,1.923620,-1.796620
256,1.923620,-1.796620
257,1.923620,-1.796620
258,1.923620,-1.796620
259,1.923620,-1.796620
260,1.923620,-1.796620
261,1.923620,-1.796620
262,1.923620,-1.796620
263,1.923620,-1.796620
264,1.923620,-1.796620
265,1.923620,-1.796620
266,1.923620,-1.796620
267,1.923620,-1.796620
268,1.923620,-1.796620
269,1.923620,-1.796620
270,1.923620,-1.796620
271,1.923620,-1.796620
272,1.923620,-1.796620
273,1.923620,-1.796620
274,1.923620,-1.796620
275,1.923620,-1.796620
276,1.923620,-1.796620
277,1.923620,-1.796620
278,1.923620,-1.796620
279,1.923620,-1.796620
280,1.923620,-1.796620
281,1.923620,-1.796620
282,1.923620,-1.796620
283,1.923620,-1.796620
284,1.923620,-1.796620
285,1.923620,-1.796620
286,1.923620,-1.796620
287,1.923620,-1.796620
288,1.923620,-1.796620
289,1.923620,-1.796620
290,1.923620,-1.796620
291,1.923620,-1.796620
292,1.923620,-1.796620
293,1.923620,-1.796620
294,1.923620,-1.796620
295,1.923620,-1.796620
296,1.923620,-1.796620
297,1.923620,-1.796620
298,1.923620,-1.796620
299,1.923620,-1.796620
300,1.923620,-1.796620
301,1.923620,-1.796620
302,1.923620,-1.796620
303,1.923620,-1.796620
304,1.923620,-1.796620
305,1.923620,-1.796620
306,1.923620,-1.796620
307,1.923620,-1.796620
308,1.923620,-1.796620
309,1.923620,-1.796620
310,1.923620,-1.796620
311,1.923620,-1.796620
312,1.923620,-1.796620
313,1.923620,-1.796620
314,1.923620,-1.796620
315,1.923620,-1.796620
316,1.923620,-1.796620
317,1.923620,-1.796620
318,1.923620,-1.796620
319,1.923620,-1.796620
320,1.923620,-1.796620
321,1.923620,-1.796620
322,1.923620,-1.796620
323,1.923620,-1.796620
324,1.923620,-1.796620
325,1.923620,-1.796620
326,1.923620,-1.796620
327,1.923620,-1.796620
328,1.923620,-1.796620
329,1.923620,-1.796620
330,1.923620,-1.796620
331,1.923620,-1.796620
332,1.923620,-1.796620
333,1.923620,-1.796620
334,1.923620,-1.796620
335,1.923620,-1.796620
336,1.923620,-1.796620
337,1.923620,-1.796620
338,1.923620,-1.796620
339,1.923620,-1.796620
340,1.923620,-1.796620
341,1.923620,-1.796620
342,1.923620,-1.796620
343,1.923620,-1.796620
344,1.923620,-1.796620
345,1.923620,-1.796620
346,1.923620,-1.796620
347,1.923620,-1.796620
348,1.923620,-1.796620
349,1.923620,-1.796620
350,1.923620,-1.796620
351,1.923620,-1.796620
352,1.923620,-1.796620
353,1.923620,-1.796620
354,1.923620,-1.796620
355,1.923620,-1.796620
356,1.923620,-1.796620
357,1.923620,-1.796620
358,1.923620,-1.796620
359,1.923620,-1.796620
360,1.923620,-1.796620
361,1.923620,-1.796620
362,1.923620,-1.796620
363,1.923620,-1.796620
364,1.923620,-1.796620
365,1.923620,-1.796620
366,1.923620,-1.796620
367,1.923620,-1.796620
368,1.923620,-1.796620
369,1.923620,-1.796620
370,1.923620,-1.796620
371,1.923620,-1.796620
372,1.923620,-1.796620
373,1.923620,-1.796620
374,1.923620,-1.796620
375,1.923620,-1.796620
376,1.923620,-1.796620
377,1.923620,-1.796620
378,1.923620,-1.796620
379,1.923620,-1.796620
380,1.923620,-1.796620
381,1.923620,-1.796620
382,1.923620,-1.796620
383,1.923620,-1.796620
384,1.923620,-1.796620
385,1.923620,-1.796620
386,1.923620,-1.796620
387,1.923620,-1.796620
388,1.923620,-1.796620
389,1.923620,-1.796620
390,1.923620,-1.796620
391,1.923620,-1.796620
392,1.923620,-1.796620
393,1.923620,-1.796620
394,1.923620,-1.796620
395,1.923620,-1.796620
396,1.923620,-1.796620
397,1.923620,-1.796620
398,1.923620,-1.796620
399,1.923620,-1.796620
400,1.923620,-1.796620
401,1.923620,-1.796620
402,1.923620,-1.796620
403,1.923620,-1.796620
404,1.923620,-1.796620
405,1.923620,-1.796620
406,1.923620,-1.796620
407,1.923620,-1.796620
408,1.923620,-1.796620
409,1.923620,-1.796620
410,1.923620,-1.796620
411,1.923620,-1.796620
412,1.923620,-1.796620
413,1.923620,-1.796620
414,1.923620,-1.796620
415,1.923620,-1.796620
416,1.923620,-1.796620
417,1.923620,-1.796620
418,1.923620,-1.796620
419,1.923620,-1.796620
420,1.923620,-1.796620
421,1.923620,-1.796620
422,1.923620,-1.796620
423,1.923620,-1.796620
424,1.923620,-1.796620
425,1.923620,-1.796620
426,1.923620,-1.796620
427,1.923620,-1.796620
428,1.923620,-1.796620
429,1.923620,-1.796620
430,1.923620,-1.796620
431,1.923620,-1.796620
432,1.923620,-1.796620
433,1.923620,-1.796620
434,1.923620,-1.796620
435,1.923620,-1.796620
436,1.923620,-1.796620
437,1.923620,-1.796620
438,1.923620,-1.796620
439,1.923620,-1.796620
440,1.923620,-1.796620
441,1.923620,-1.796620
442,1.923620,-1.796620
443,1.923620,-1.796620
444,1.923620,-1.796620
445,1.923620,-1.796620
446,1.923620,-1.796620
447,1.923620,-1.796620
448,1.923620,-1.796620
449,1.923620,-1.796620
450,1.923620,-1.796620
451,1.923620,-1.796620
452,1.923620,-1.796620
453,1.923620,-1.796620
454,1.923620,-1.796620
455,1.923620,-1.796620
456,1.923620,-1.796620
457,1.923620,-1.796620
458,1.923620,-1.796620
459,1.923620,-1.796620
460,1.923620,-1.796620
461,1.923620,-1.796620
462,1.923620,-1.796620
463,1.923620,-1.796620
464,1.923620,-1.796620
465,1.923620,-1.796620
466,1.923620,-1.796620
467,1.923620,-1.796620
468,1.923620,-1.796620
469,1.923620,-1.796620
470,1.923620,-1.796620
471,1.923620,-1.796620
472,1.923620,-1.796620
473,1.923620,-1.796620
474,1.923620,-1.796620
475,1.923620,-1.796620
476,1.923620,-1.796620
477,1.923620,-1.796620
478,1.923620,-1.796620
479,1.923620,-1.796620
480,1.923620,-1.796620
481,1.923620,-1.796620
482,1.923620,-1.796620
483,1.923620,-1.796620
484,1.923620,-1.796620
485,1.923620,-1.796620
486,1.923620,-1.796620
487,1.923620,-1.796620
488,1.923620,-1.796620
489,1.923620,-1.796620
490,1.923620,-1.796620
491,1.923620,-1.796620
492,1.923620,-1.796620
493,1.923620,-1.796620
494,1.923620,-1.796620
495,1.923620,-1.796620
496,1.923620,-1.796620
497,1.923620,-1.796620
498,1.923620,-1.796620
499,1.923620,-1.796620
500,1.923620,-1.796620
501,1.923620,-1.796620
502,1.923620,-1.796620
503,1.923620,-1.796620
504,1.923620,-1.796620
505,1.923620,-1.796620
506,1.923620,-1.796620
507,1.923620,-1.796620
508,1.923620,-1.796620
509,1.923620,-1.796620
510,1.923620,-1.796620
511,1.923620,-1.796620
512,1.923620,-1.796620
513,1.923620,-1.796620
514,1.923620,-1.796620
515,1.923620,-1.796620
516,1.923620,-1.796620
517,1.923620,-1.796620
518,1.923620,-1.796620
519,1.923620,-1.796620
520,1.923620,-1.796620
521,1.923620,-1.796620
522,1.923620,-1.796620
523,1.923620,-1.796620
524,1.923620,-1.796620
525,1.923620,-1.796620
526,1.923620,-1.796620
527,1.923620,-1.796620
528,1.923620,-1.796620
529,1.923620,-1.796620
530,1.923620,-1.796620
531,1.923620,-1.796620
532,1.923620,-1.796620
533,1.923620,-1.796620
534,1.923620,-1.796620
535,1.923620,-1.796620
536,1.923620,-1.796620
537,1.923620,-1.796620
538,1.923620,-1.796620
539,1.923620,-1.796620
540,1.923620,-1.796620
541,1.923620,-1.796620
542,1.923620,-1.796620
543,1.923620,-1.796620
544,1.923620,-1.796620
545,1.923620,-1.796620
546,1.923620,-1.796620
547,1.923620,-1.796620
548,1.923620,-1.796620
549,1.923620,-1.796620
550,1.923620,-1.796620
551,1.923620,-1.796620
552,1.923620,-1.796620
553,1.923620,-1.796620
554,1.923620,-1.796620
555,1.923620,-1.796620
556,1.923620,-1.796620
557,1.923620,-1.796620
558,1.923620,-1.796620
559,1.923620,-1.796620
560,1.923620,-1.796620
561,1.923620,-1.796620
562,1.923620,-1.796620
563,1.923620,-1.796620
564,1.923620,-1.796620
565,1.923620,-1.796620
566,1.923620,-1.796620
567,1.923620,-1.796620
568,1.923620,-1.796620
569,1.923620,-1.796620
570,1.923620,-1.796620
571,1.923620,-1.796620
572,1.923620,-1.796620
573,1.923620,-1.796620
574,1.923620,-1.796620
575,1.923620,-1.796620
576,1.923620,-1.796620
577,1.923620,-1.796620
578,1.923620,-1.796620
579,1.923620,-1.796620
580,1.923620,-1.796620
581,1.923620,-1.796620
582,1.923620,-1.796620
583,1.923620,-1.796620
584,1.923620,-1.796620
585,1.923620,-1.796620
586,1.923620,-1.796620
587,1.923620,-1.796620
588,1.923620,-1.796620
589,1.923620,-1.796620
590,1.923620,-1.796620
591,1.923620,-1.796620
592,1.923620,-1.796620
593,1.923620,-1.796620
594,1.923620,-1.796620
595,1.923620,-1.796620
596,1.923620,-1.796620
597,1.923620,-1.796620
598,1.923620,-1.796620
599,1.923620,-1.796620
600,1.923620,-1.796620
601,1.923620,-1.796620
602,1.923620,-1.796620
603,1.923620,-1.796620
604,1.923620,-1.796620
605,1.923620,-1.796620
606,1.923620,-1.796620
607,1.923620,-1.796620
608,1.923620,-1.796620
609,1.923620,-1.796620
610,1.923620,-1.796620
611,1.923620,-1.796620
612,1.923620,-1.796620
613,1.923620,-1.796620
614,1.923620,-1.796620
615,1.923620,-1.796620
616,1.923620,-1.796620
617,1.923620,-1.796620
618,1.923620,-1.796620
619,1.923620,-1.796620
620,1.923620,-1.796620
621,1.923620,-1.796620
622,1.923620,-1.796620
623,1.923620,-1.796620
624,1.923620,-1.796620
625,1.923620,-1.796620
626,1.923620,-1.796620
627,1.923620,-1.796620
628,1.923620,-1.796620
629,1.923620,-1.796620
630,1.923620,-1.796620
631,1.923620,-1.796620
632,1.923620,-1.796620
633,1.923620,-1.796620
634,1.923620,-1.796620
635,1.923620,-1.796620
636,1.923620,-1.796620
637,1.923620,-1.796620
638,1.923620,-1.796620
639,1.923620,-1.796620
640,1.923620,-1.796620
641,1.923620,-1.796620
642,1.923620,-1.796620
643,1.923620,-1.796620
644,1.923620,-1.796620
645,1.923620,-1.796620
646,1.923620,-1.796620
647,1.923620,-1.796620
648,1.923620,-1.796620
649,1.923620,-1.796620
650,1.923620,-1.796620
651,1.923620,-1.796620
652,1.923620,-1.796620
653,1.923620,-1.796620
654,1.923620,-1.796620
655,1.923620,-1.796620
656,1.923620,-1.796620
657,1.923620,-1.796620
658,1.923620,-1.796620
659,1.923620,-1.796620
660,1.923620,-1.796620
661,1.923620,-1.796620
662,1.923620,-1.796620
663,1.923620,-1.796620
664,1.923620,-1.796620
665,1.923620,-1.796620
666,1.923620,-1.796620
667,1.923620,-1.796620
668,1.923620,-1.796620
669,1.923620,-1.796620
670,1.923620,-1.796620
671,1.923620,-1.796620
672,1.923620,-1.796620
673,1.923620,-1.796620
674,1.923620,-1.796620
675,1.923620,-1.796620
676,1.923620,-1.796620
677,1.923620,-1.796620
678,1.923620,-1.796620
679,1.923620,-1.796620
680,1.923620,-1.796620
681,1.923620,-1.796620
682,1.923620,-1.796620
683,1.923620,-1.796620
684,1.923620,-1.796620
685,1.923620,-1.796620
686,1.923620,-1.796620
687,1.923620,-1.796620
688,1.923620,-1.796620
689,1.923620,-1.796620
690,1.923620,-1.796620
691,1.923620,-1.796620
692,1.923620,-1.796620
693,1.923620,-1.796620
694,1.923620,-1.796620
695,1.923620,-1.796620
696,1.923620,-1.796620
697,1.923620,-1.796620
698,1.923620,-1.796620
699,1.923620,-1.796620
700,1.923620,-1.796620
701,1.923620,-1.796620
702,1.923620,-1.796620
703,1.923620,-1.796620
704,1.923620,-1.796620
705,1.923620,-1.796620
706,1.923620,-1.796620
707,1.923620,-1.796620
708,1.923620,-1.796620
709,1.923620,-1.796620
710,1.923620,-1.796620
711,1.923620,-1.796620
712,1.923620,-1.796620
713,1.923620,-1.796620
714,1.923620,-1.796620
715,1.923620,-1.796620
716,1.923620,-1.796620
717,1.923620,-1.796620
718,1.923620,-1.796620
719,1.923620,-1.796620
720,1.923620,-1.796620
721,1.923620,-1.796620
722,1.923620,-1.796620
723,1.923620,-1.796620
724,1.923620,-1.796620
725,1.923620,-1.796620
726,1.923620,-1.796620
727,1.923620,-1.796620
728,1.923620,-1.796620
729,1.923620,-1.796620
730,1.923620,-1.796620
731,1.923620,-1.796620
732,1.923620,-1.796620
733,1.923620,-1.796620
734,1.923620,-1.796620
735,1.923620,-1.796620
736,1.923620,-1.796620
737,1.923620,-1.796620
738,1.923620,-1.796620
739,1.923620,-1.796620
740,1.923620,-1.796620
741,1.923620,-1.796620
742,1.923620,-1.796620
743,1.923620,-1.796620
744,1.923620,-1.796620
745,1.923620,-1.796620
746,1.923620,-1.796620
747,1.923620,-1.796620
748,1.923620,-1.796620
749,1.923620,-1.796620
750,1.923620,-1.796620
751,1.923620,-1.796620
752,1.923620,-1.796620
753,1.923620,-1.796620
754,1.923620,-1.796620
755,1.923620,-1.796620
756,1.923620,-1.796620
757,1.923620,-1.796620
758,1.923620,-1.796620
759,1.923620,-1.796620
760,1.923620,-1.796620
761,1.923620,-1.796620
762,1.923620,-1.796620
763,1.923620,-1.796620
764,1.923620,-1.796620
765,1.923620,-1.796620
766,1.923620,-1.796620
767,1.923620,-1.796620
768,1.923620,-1.796620
769,1.923620,-1.796620
770,1.923620,-1.796620
771,1.923620,-1.796620
772,1.923620,-1.796620
773,1.923620,-1.796620
774,1.923620,-1.796620
775,1.923620,-1.796620
776,1.923620,-1.796620
777,1.923620,-1.796620
778,1.923620,-1.796620
779,1.923620,-1.796620
780,1.923620,-1.796620
781,1.923620,-1.796620
782,1.923620,-1.796620
783,1.923620,-1.796620
784,1.923620,-1.796620
785,1.923620,-1.796620
786,1.923620,-1.796620
787,1.923620,-1.796620
788,1.923620,-1.796620
789,1.923620,-1.796620
790,1.923620,-1.796620
791,1.923620,-1.796620
792,1.923620,-1.796620
793,1.923620,-1.796620
794,1.923620,-1.796620
795,1.923620,-1.796620
796,1.923620,-1.796620
797,1.923620,-1.796620
798,1.923620,-1.796620
799,1.923620,-1.796620
800,1.923620,-1.796620
801,1.923620,-1.796620
802,1.923620,-1.796620
803,1.923620,-1.796620
804,1.923620,-1.796620
805,1.923620,-1.796620
806,1.923620,-1.796620
807,1.923620,-1.796620
808,1.923620,-1.796620
809,1.923620,-1.796620
810,1.923620,-1.796620
811,1.923620,-1.796620
812,1.923620,-1.796620
813,1.923620,-1.796620
814,1.923620,-1.796620
815,1.923620,-1.796620
816,1.923620,-1.796620
817,1.923620,-1.796620
818,1.923620,-1.796620
819,1.923620,-1.796620
820,1.923620,-1.796620
821,1.923620,-1.796620
822,1.923620,-1.796620
823,1.923620,-1.796620
824,1.923620,-1.796620
825,1.923620,-1.796620
826,1.923620,-1.796620
827,1.923620,-1.796620
828,1.923620,-1.796620
829,1.923620,-1.796620
830,1.923620,-1.796620
831,1.923620,-1.796620
832,1.923620,-1.796620
833,1.923620,-1.796620
834,1.923620,-1.796620
835,1.923620,-1.796620
836,1.923620,-1.796620
837,1.923620,-1.796620
838,1.923620,-1.796620
839,1.923620,-1.796620
840,1.923620,-1.796620
841,1.923620,-1.796620
842,1.923620,-1.796620
843,1.923620,-1.796620
844,1.923620,-1.796620
845,1.923620,-1.796620
846,1.923620,-1.796620
847,1.923620,-1.796620
848,1.923620,-1.796620
849,1.923620,-1.796620
850,1.923620,-1.796620
851,1.923620,-1.796620
852,1.923620,-1.796620
853,1.923620,-1.796620
854,1.923620,-1.796620
855,1.923620,-1.796620
856,1.923620,-1.796620
857,1.923620,-1.796620
858,1.923620,-1.796620
859,1.923620,-1.796620
860,1.923620,-1.796620
861,1.923620,-1.796620
862,1.923620,-1.796620
863,1.923620,-1.796620
864,1.923620,-1.796620
865,1.923620,-1.796620
866,1.923620,-1.796620
867,1.923620,-1.796620
868,1.923620,-1.796620
869,1.923620,-1.796620
870,1.923620,-1.796620
871,1.923620,-1.796620
872,1.923620,-1.796620
873,1.923620,-1.796620
874,1.923620,-1.796620
875,1.923620,-1.796620
876,1.923620,-1.796620
877,1.923620,-1.796620
878,1.923620,-1.796620
879,1.923620,-1.796620
880,1.923620,-1.796620
881,1.923620,-1.796620
882,1.923620,-1.796620
883,1.923620,-1.796620
884,1.923620,-1.796620
885,1.923620,-1.796620
886,1.923620,-1.796620
887,1.923620,-1.796620
888,1.923620,-1.796620
889,1.923620,-1.796620
890,1.923620,-1.796620
891,1.923620,-1.796620
892,1.923620,-1.796620
893,1.923620,-1.796620
894,1.923620,-1.796620
895,1.923620,-1.796620
896,1.923620,-1.796620
897,1.923620,-1.796620
898,1.923620,-1.796620
899,1.923620,-1.796620
900,1.923620,-1.796620
901,1.923620,-1.796620
902,1.923620,-1.796620
903,1.923620,-1.796620
904,1.923620,-1.796620
905,1.923620,-1.796620
906,1.923620,-1.796620
907,1.923620,-1.796620
908,1.923620,-1.796620
909,1.923620,-1.796620
910,1.923620,-1.796620
911,1.923620,-1.796620
912,1.923620,-1.796620
913,1.923620,-1.796620
914,1.923620,-1.796620
915,1.923620,-1.796620
916,1.923620,-1.796620
917,1.923620,-1.796620
918,1.923620,-1.796620
919,1.923620,-1.796620
920,1.923620,-1.796620
921,1.923620,-1.796620
922,1.923620,-1.796620
923,1.923620,-1.796620
924,1.923620,-1.796620
925,1.923620,-1.796620
926,1.923620,-1.796620
927,1.923620,-1.796620
928,1.923620,-1.796620
929,1.923620,-1.796620
930,1.923620,-1.796620
931,1.923620,-1.796620
932,1.923620,-1.796620
933,1.923620,-1.796620
934,1.923620,-1.796620
935,1.923620,-1.796620
936,1.923620,-1.796620
937,1.923620,-1.796620
938,1.923620,-1.796620
939,1.923620,-1.796620
940,1.923620,-1.796620
941,1.923620,-1.796620
942,1.923620,-1.796620
943,1.923620,-1.796620
944,1.923620,-1.796620
945,1.923620,-1.796620
946,1.923620,-1.796620
947,1.923620,-1.796620
948,1.923620,-1.796620
949,1.923620,-1.796620
950,1.923620,-1.796620
951,1.923620,-1.796620
952,1.923620,-1.796620
953,1.923620,-1.796620
954,1.923620,-1.796620
955,1.923620,-1.796620
956,1.923620,-1.796620
957,1.923620,-1.796620
958,1.923620,-1.796620
959,1.923620,-1.796620
960,1.923620,-1.796620
961,1.923620,-1.796620
962,1.923620,-1.796620
963,1.923620,-1.796620
964,1.923620,-1.796620
965,1.923620,-1.796620
966,1.923620,-1.796620
967,1.923620,-1.796620
968,1.923620,-1.796620
969,1.923620,-1.796620
970,1.923620,-1.796620
971,1.923620,-1.796620
972,1.923620,-1.796620
973,1.923620,-1.796620
974,1.923620,-1.796620
975,1.923620,-1.796620
976,1.923620,-1.796620
977,1.923620,-1.796620
978,1.923620,-1.796620
979,1.923620,-1.796620
980,1.923620,-1.796620
981,1.923620,-1.796620
982,1.923620,-1.796620
983,1.923620,-1.796620
984,1.923620,-1.796620
985,1.923620,-1.796620
986,1.923620,-1.796620
987,1.923620,-1.796620
988,1.923620,-1.796620
989,1.923620,-1.796620
990,1.923620,-1.796620
991,1.923620,-1.796620
992,1.923620,-1.796620
993,1.923620,-1.796620
994,1.923620,-1.796620
995,1.923620,-1.796620
996,1.923620,-1.796620
997,1.923620,-1.796620
998,1.923620,-1.796620
999,1.923620,-1.796620
1000,1.923620,-1.796620
1001,1.923620,-1.796620
1002,1.923620,-1.796620
1003,1.923620,-1.796620
1004,1.923620,-1.796620
1005,1.923620,-1.796620
1006,1.923620,-1.796620
1007,1.923620,-1.796620
1008,1.923620,-1.796620
1009,1.923620,-1.796620
1010,1.923620,-1.796620
1011,1.923620,-1.796620
1012,1.923620,-1.796620
1013,1.923620,-1.796620
1014,1.923620,-1.796620
1015,1.923620,-1.796620
1016,1.923620,-1.796620
1017,1.923620,-1.796620
1018,1.923620,-1.796620
1019,1.923620,-1.796620
1020,1.923620,-1.796620
1021,1.923620,-1.796620
1022,1.923620,-1.796620
1023,1.923620,-1.796620
1024,1.923620,-1.796620
1025,1.923620,-1.796620
1026,1.923620,-1.796620
1027,1.923620,-1.796620
1028,1.923620,-1.796620
1029,1.923620,-1.796620
1030,1.923620,-1.796620
1031,1.923620,-1.796620
1032,1.923620,-1.796620
1033,1.923620,-1.796620
1034,1.923620,-1.796620
1035,1.923620,-1.796620
1036,1.923620,-1.796620
1037,1.923620,-1.796620
1038,1.923620,-1.796620
1039,1.923620,-1.796620
1040,1.923620,-1.796620
1041,1.923620,-1.796620
1042,1.923620,-1.796620
1043,1.923620,-1.796620
1044,1.923620,-1.796620
1045,1.923620,-1.796620
1046,1.923620,-1.796620
1047,1.923620,-1.796620
1048,1.923620,-1.796620
1049,1.923620,-1.796620
1050,1.923620,-1.796620
1051,1.923620,-1.796620
1052,1.923620,-1.796620
1053,1.923620,-1.796620
1054,1.923620,-1.796620
1055,1.923620,-1.796620
1056,1.923620,-1.796620
1057,1.923620,-1.796620
1058,1.923620,-1.796620
1059,1.923620,-1.796620
1060,1.923620,-1.796620
1061,1.923620,-1.796620
1062,1.923620,-1.796620
1063,1.923620,-1.796620
1064,1.923620,-1.796620
1065,1.923620,-1.796620
1066,1.923620,-1.796620
1067,1.923620,-1.796620
1068,1.923620,-1.796620
1069,1.923620,-1.796620
1070,1.923620,-1.796620
1071,1.923620,-1.796620
1072,1.923620,-1.796620
1073,1.923620,-1.796620
1074,1.923620,-1.796620
1075,1.923620,-1.796620
1076,1.923620,-1.796620
1077,1.923620,-1.796620
1078,1.923620,-1.796620
1079,1.923620,-1.796620
1080,1.923620,-1.796620
1081,1.923620,-1.796620
1082,1.923620,-1.796620
1083,1.923620,-1.796620
1084,1.923620,-1.796620
1085,1.923620,-1.796620
1086,1.923620,-1.796620
1087,1.923620,-1.796620
1088,1.923620,-1.796620
1089,1.923620,-1.796620
1090,1.923620,-1.796620
1091,1.923620,-1.796620
1092,1.923620,-1.796620
1093,1.923620,-1.796620
1094,1.923620,-1.796620
1095,1.923620,-1.796620
1096,1.923620,-1.796620
1097,1.923620,-1.796620
1098,1.923620,-1.796620
1099,1.923620,-1.796620
1100,1.923620,-1.796620
1101,1.923620,-1.796620
1102,1.923620,-1.796620
1103,1.923620,-1.796620
1104,1.923620,-1.796620
1105,1.923620,-1.796620
1106,1.923620,-1.796620
1107,1.923620,-1.796620
1108,1.923620,-1.796620
1109,1.923620,-1.796620
1110,1.923620,-1.796620
1111,1.923620,-1.796620
1112,1.923620,-1.796620
1113,1.923620,-1.796620
1114,1.923620,-1.796620
1115,1.923620,-1.796620
1116,1.923620,-1.796620
1117,1.923620,-1.796620
1118,1.923620,-1.796620
1119,1.923620,-1.796620
1120,1.923620,-1.796620
1121,1.923620,-1.796620
1122,1.923620,-1.796620
1123,1.923620,-1.796620
1124,1.923620,-1.796620
1125,1.923620,-1.796620
1126,1.923620,-1.796620
1127,1.923620,-1.796620
1128,1.923620,-1.796620
1129,1.923620,-1.796620
1130,1.923620,-1.796620
1131,1.923620,-1.796620
1132,1.923620,-1.796620
1133,1.923620,-1.796620
1134,1.923620,-1.796620
1135,1.923620,-1.796620
1136,1.923620,-1.796620
1137,1.923620,-1.796620
1138,1.923620,-1.796620
1139,1.923620,-1.796620
1140,1.923620,-1.796620
1141,1.923620,-1.796620
1142,1.923620,-1.796620
1143,1.923620,-1.796620
1144,1.923620,-1.796620
1145,1.923620,-1.796620
1146,1.923620,-1.796620
1147,1.923620,-1.796620
1148,1.923620,-1.796620
1149,1.923620,-1.796620
1150,1.923620,-1.796620
1151,1.923620,-1.796620
1152,1.923620,-1.796620
1153,1.923620,-1.796620
1154,1.923620,-1.796620
1155,1.923620,-1.796620
1156,1.923620,-1.796620
1157,1.923620,-1.796620
1158,1.923620,-1.796620
1159,1.923620,-1.796620
1160,1.923620,-1.796620
1161,1.923620,-1.796620
1162,1.923620,-1.796620
1163,1.923620,-1.796620
1164,1.923620,-1.796620
1165,1.923620,-1.796620
1166,1.923620,-1.796620
1167,1.923620,-1.796620
1168,1.923620,-1.796620
1169,1.923620,-1.796620
1170,1.923620,-1.796620
1171,1.923620,-1.796620
1172,1.923620,-1.796620
1173,1.923620,-1.796620
1174,1.923620,-1.796620
1175,1.923620,-1.796620
1176,1.923620,-1.796620
1177,1.923620,-1.796620
1178,1.923620,-1.796620
1179,1.923620,-1.796620
1180,1.923620,-1.796620
1181,1.923620,-1.796620
1182,1.923620,-1.796620
1183,1.923620,-1.796620
1184,1.923620,-1.796620
1185,1.923620,-1.796620
1186,1.923620,-1.796620
1187,1.923620,-1.796620
1188,1.923620,-1.796620
1189,1.923620,-1.796620
1190,1.923620,-1.796620
1191,1.923620,-1.796620
1192,1.923620,-1.796620
1193,1.923620,-1.796620
1194,1.923620,-1.796620
1195,1.923620,-1.796620
1196,1.923620,-1.796620
1197,1.923620,-1.796620
1198,1.923620,-1.796620
1199,1.923620,-1.796620
1200,1.923620,-1.796620
1201,1.923620,-1.796620
1202,1.923620,-1.796620
1203,1.923620,-1.796620
1204,1.923620,-1.796620
1205,1.923620,-1.796620
1206,1.923620,-1.796620
1207,1.923620,-1.796620
1208,1.923620,-1.796620
1209,1.923620,-1.796620
1210,1.923620,-1.796620
1211,1.923620,-1.796620
1212,1.923620,-1.796620
1213,1.923620,-1.796620
1214,1.923620,-1.796620
1215,1.923620,-1.796620
1216,1.923620,-1.796620
1217,1.923620,-1.796620
1218,1.923620,-1.796620
1219,1.923620,-1.796620
1220,1.923620,-1.796620
1221,1.923620,-1.796620
1222,1.923620,-1.796620
1223,1.923620,-1.796620
1224,1.923620,-1.796620
1225,1.923620,-1.796620
1226,1.923620,-1.796620
1227,1.923620,-1.796620
1228,1.923620,-1.796620
1229,1.923620,-1.796620
1230,1.923620,-1.796620
1231,1.923620,-1.796620
1232,1.923620,-1.796620
1233,1.923620,-1.796620
1234,1.923620,-1.796620
1235,1.923620,-1.796620
1236,1.923620,-1.796620
1237,1.923620,-1.796620
1238,1.923620,-1.796620
1239,1.923620,-1.796620
1240,1.923620,-1.796620
1241,1.923620,-1.796620
1242,1.923620,-1.796620
1243,1.923620,-1.796620
1244,1.923620,-1.796620
1245,1.923620,-1.796620
1246,1.923620,-1.796620
1247,1.923620,-1.796620
1248,1.923620,-1.796620
1249,1.923620,-1.796620
1250,1.923620,-1.796620
1251,1.923620,-1.796620
1252,1.923620,-1.796620
1253,1.923620,-1.796620
1254,1.923620,-1.796620
1255,1.923620,-1.796620
1256,1.923620,-1.796620
1257,1.923620,-1.796620
1258,1.923620,-1.796620
1259,1.923620,-1.796620
1260,1.923620,-1.796620
1261,1.923620,-1.796620
1262,1.923620,-1.796620
1263,1.923620,-1.796620
1264,1.923620,-1.796620
1265,1.923620,-1.796620
1266,1.923620,-1.796620
1267,1.923620,-1.796620
1268,1.923620,-1.796620
1269,1.923620,-1.796620
1270,1.923620,-1.796620
1271,1.923620,-1.796620
1272,1.923620,-1.796620
1273,1.923620,-1.796620
1274,1.923620,-1.796620
1275,1.923620,-1.796620
1276,1.923620,-1.796620
1277,1.923620,-1.796620
1278,1.923620,-1.796620
1279,1.923620,-1.796620
1280,1.923620,-1.796620
1281,1.923620,-1.796620
1282,1.923620,-1.796620
1283,1.923620,-1.796620
1284,1.923620,-1.796620
1285,1.923620,-1.796620
1286,1.923620,-1.796620
1287,1.923620,-1.796620
1288,1.923620,-1.796620
1289,1.923620,-1.796620
1290,1.923620,-1.796620
1291,1.923620,-1.796620
1292,1.923620,-1.796620
1293,1.923620,-1.796620
1294,1.923620,-1.796620
1295,1.923620,-1.796620
1296,1.923620,-1.796620
1297,1.923620,-1.796620
1298,1.923620,-1.796620
1299,1.923620,-1.796620
1300,1.923620,-1.796620
1301,1.923620,-1.796620
1302,1.923620,-1.796620
1303,1.923620,-1.796620
1304,1.923620,-1.796620
1305,1.923620,-1.796620
1306,1.923620,-1.796620
1307,1.923620,-1.796620
1308,1.923620,-1.796620
1309,1.923620,-1.796620
1310,1.923620,-1.796620
1311,1.923620,-1.796620
1312,1.923620,-1.796620
1313,1.923620,-1.796620
1314,1.923620,-1.796620
1315,1.923620,-1.796620
1316,1.923620,-1.796620
1317,1.923620,-1.796620
1318,1.923620,-1.796620
1319,1.923620,-1.796620
1320,1.923620,-1.796620
1321,1.923620,-1.796620
1322,1.923620,-1.796620
1323,1.923620,-1.796620
1324,1.923620,-1.796620
1325,1.923620,-1.796620
1326,1.923620,-1.796620
1327,1.923620,-1.796620
1328,1.923620,-1.796620
1329,1.923620,-1.796620
1330,1.923620,-1.796620
1331,1.923620,-1.796620
1332,1.923620,-1.796620
1333,1.923620,-1.796620
1334,1.923620,-1.796620
1335,1.923620,-1.796620
1336,1.923620,-1.796620
1337,1.923620,-1.796620
1338,1.923620,-1.796620
1339,1.923620,-1.796620
1340,1.923620,-1.796620
1341,1.923620,-1.796620
1342,1.923620,-1.796620
1343,1.923620,-1.796620
1344,1.923620,-1.796620
1345,1.923620,-1.796620
1346,1.923620,-1.796620
1347,1.923620,-1.796620
1348,1.923620,-1.796620
1349,1.923620,-1.796620
1350,1.923620,-1.796620
1351,1.923620,-1.796620
1352,1.923620,-1.796620
1353,1.923620,-1.796620
1354,1.923620,-1.796620
1355,1.923620,-1.796620
1356,1.923620,-1.796620
1357,1.923620,-1.796620
1358,1.923620,-1.796620
1359,1.923620,-1.796620
1360,1.923620,-1.796620
1361,1.923620,-1.796620
1362,1.923620,-1.796620
1363,1.923620,-1.796620
1364,1.923620,-1.796620
1365,1.923620,-1.796620
1366,1.923620,-1.796620
1367,1.923620,-1.796620
1368,1.923620,-1.796620
1369,1.923620,-1.796620
1370,1.923620,-1.796620
1371,1.923620,-1.796620
1372,1.923620,-1.796620
1373,1.923620,-1.796620
1374,1.923620,-1.796620
1375,1.923620,-1.796620
1376,1.923620,-1.796620
1377,1.923620,-1.796620
1378,1.923620,-1.796620
1379,1.923620,-1.796620
1380,1.923620,-1.796620
1381,1.923620,-1.796620
1382,1.923620,-1.796620
1383,1.923620,-1.796620
1384,1.923620,-1.796620
1385,1.923620,-1.796620
1386,1.923620,-1.796620
1387,1.923620,-1.796620
1388,1.923620,-1.796620
1389,1.923620,-1.796620
1390,1.923620,-1.796620
1391,1.923620,-1.796620
1392,1.923620,-1.796620
1393,1.923620,-1.796620
1394,1.923620,-1.796620
1395,1.923620,-1.796620
1396,1.923620,-1.796620
1397,1.923620,-1.796620
1398,1.923620,-1.796620
1399,1.923620,-1.796620
1400,1.923620,-1.796620
1401,1.923620,-1.796620
1402,1.923620,-1.796620
1403,1.923620,-1.796620
1404,1.923620,-1.796620
1405,1.923620,-1.796620
1406,1.923620,-1.796620
1407,1.923620,-1.796620
1408,1.923620,-1.796620
1409,1.923620,-1.796620
1410,1.923620,-1.796620
1411,1.923620,-1.796620
1412,1.923620,-1.796620
1413,1.923620,-1.796620
1414,1.923620,-1.796620
1415,1.923620,-1.796620
1416,1.923620,-1.796620
1417,1.923620,-1.796620
1418,1.923620,-1.796620
1419,1.923620,-1.796620
1420,1.923620,-1.796620
1421,1.923620,-1.796620
1422,1.923620,-1.796620
1423,1.923620,-1.796620
1424,1.923620,-1.796620
1425,1.923620,-1.796620
1426,1.923620,-1.796620
1427,1.923620,-1.796620
1428,1.923620,-1.796620
1429,1.923620,-1.796620
1430,1.923620,-1.796620
1431,1.923620,-1.796620
1432,1.923620,-1.796620
1433,1.923620,-1.796620
1434,1.923620,-1.796620
1435,1.923620,-1.796620
1436,1.923620,-1.796620
1437,1.923620,-1.796620
1438,1.923620,-1.796620
1439,1.923620,-1.796620
1440,1.923620,-1.796620
1441,1.923620,-1.796620
1442,1.923620,-1.796620
1443,1.923620,-1.796620
1444,1.923620,-1.796620
1445,1.923620,-1.796620
1446,1.923620,-1.796620
1447,1.923620,-1.796620
1448,1.923620,-1.796620
1449,1.923620,-1.796620
1450,1.923620,-1.796620
1451,1.923620,-1.796620
1452,1.923620,-1.796620
1453,1.923620,-1.796620
1454,1.923620,-1.796620
1455,1.923620,-1.796620
1456,1.923620,-1.796620
1457,1.923620,-1.796620
1458,1.923620,-1.796620
1459,1.923620,-1.796620
1460,1.923620,-1.796620
1461,1.923620,-1.796620
1462,1.923620,-1.796620
1463,1.923620,-1.796620
1464,1.923620,-1.796620
1465,1.923620,-1.796620
1466,1.923620,-1.796620
1467,1.923620,-1.796620
1468,1.923620,-1.796620
1469,1.923620,-1.796620
1470,1.923620,-1.796620
1471,1.923620,-1.796620
1472,1.923620,-1.796620
1473,1.923620,-1.796620
1474,1.923620,-1.796620
1475,1.923620,-1.796620
1476,1.923620,-1.796620
1477,1.923620,-1.796620
1478,1.923620,-1.796620
1479,1.923620,-1.796620
1480,1.923620,-1.796620
1481,1.923620,-1.796620
1482,1.923620,-1.796620
1483,1.923620,-1.796620
1484,1.923620,-1.796620
1485,1.923620,-1.796620
1486,1.923620,-1.796620
1487,1.923620,-1.796620
1488,1.923620,-1.796620
1489,1.923620,-1.796620
1490,1.923620,-1.796620
1491,1.923620,-1.796620
1492,1.923620,-1.796620
1493,1.923620,-1.796620
1494,1.923620,-1.796620
1495,1.923620,-1.796620
1496,1.923620,-1.796620
1497,1.923620,-1.796620
1498,1.923620,-1.796620
1499,1.923620,-1.796620
1500,1.923620,-1.796620
1501,1.923620,-1.796620
1502,1.923620,-1.796620
1503,1.923620,-1.796620
1504,1.923620,-1.796620
1505,1.923620,-1.796620
1506,1.923620,-1.796620
1507,1.923620,-1.796620
1508,1.923620,-1.796620
1509,1.923620,-1.796620
1510,1.923620,-1.796620
1511,1.923620,-1.796620
1512,1.923620,-1.796620
1513,1.923620,-1.796620
1514,1.923620,-1.796620
1515,1.923620,-1.796620
1516,1.923620,-1.796620
1517,1.923620,-1.796620
1518,1.923620,-1.796620
1519,1.923620,-1.796620
1520,1.923620,-1.796620
1521,1.923620,-1.796620
1522,1.923620,-1.796620
1523,1.923620,-1.796620
1524,1.923620,-1.796620
1525,1.923620,-1.796620
1526,1.923620,-1.796620
1527,1.923620,-1.796620
1528,1.923620,-1.796620
1529,1.923620,-1.796620
1530,1.923620,-1.796620
1531,1.923620,-1.796620
1532,1.923620,-1.796620
1533,1.923620,-1.796620
1534,1.923620,-1.796620
1535,1.923620,-1.796620
1536,1.923620,-1.796620
1537,1.923620,-1.796620
1538,1.923620,-1.796620
1539,1.923620,-1.796620
1540,1.923620,-1.796620
1541,1.923620,-1.796620
1542,1.923620,-1.796620
1543,1.923620,-1.796620
1544,1.923620,-1.796620
1545,1.923620,-1.796620
1546,1.923620,-1.796620
1547,1.923620,-1.796620
1548,1.923620,-1.796620
1549,1.923620,-1.796620
1550,1.923620,-1.796620
1551,1.923620,-1.796620
1552,1.923620,-1.796620
1553,1.923620,-1.796620
1554,1.923620,-1.796620
1555,1.923620,-1.796620
1556,1.923620,-1.796620
1557,1.923620,-1.796620
1558,1.923620,-1.796620
1559,1.923620,-1.796620
1560,1.923620,-1.796620
1561,1.923620,-1.796620
1562,1.923620,-1.796620
1563,1.923620,-1.796620
1564,1.923620,-1.796620
1565,1.923620,-1.796620
1566,1.923620,-1.796620
1567,1.923620,-1.796620
1568,1.923620,-1.796620
1569,1.923620,-1.796620
1570,1.923620,-1.796620
1571,1.923620,-1.796620
1572,1.923620,-1.796620
1573,1.923620,-1.796620
1574,1.923620,-1.796620
1575,1.923620,-1.796620
1576,1.923620,-1.796620
1577,1.923620,-1.796620
1578,1.923620,-1.796620
1579,1.923620,-1.796620
1580,1.923620,-1.796620
1581,1.923620,-1.796620
1582,1.923620,-1.796620
1583,1.923620,-1.796620
1584,1.923620,-1.796620
1585,1.923620,-1.796620
1586,1.923620,-1.796620
1587,1.923620,-1.796620
1588,1.923620,-1.796620
1589,1.923620,-1.796620
1590,1.923620,-1.796620
1591,1.923620,-1.796620
1592,1.923620,-1.796620
1593,1.923620,-1.796620
1594,1.923620,-1.796620
1595,1.923620,-1.796620
1596,1.923620,-1.796620
1597,1.923620,-1.796620
1598,1.923620,-1.796620
1599,1.923620,-1.796620
1600,1.923620,-1.796620
1601,1.923620,-1.796620
1602,1.923620,-1.796620
1603,1.923620,-1.796620
1604,1.923620,-1.796620
1605,1.923620,-1.796620
1606,1.923620,-1.796620
1607,1.923620,-1.796620
1608,1.923620,-1.796620
1609,1.923620,-1.796620
1610,1.923620,-1.796620
1611,1.923620,-1.796620
1612,1.923620,-1.796620
1613,1.923620,-1.796620
1614,1.923620,-1.796620
1615,1.923620,-1.796620
1616,1.923620,-1.796620
1617,1.923620,-1.796620
1618,1.923620,-1.796620
1619,1.923620,-1.796620
1620,1.923620,-1.796620
1621,1.923620,-1.796620
1622,1.923620,-1.796620
1623,1.923620,-1.796620
1624,1.923620,-1.796620
1625,1.923620,-1.796620
1626,1.923620,-1.796620
1627,1.923620,-1.796620
1628,1.923620,-1.796620
1629,1.923620,-1.796620
1630,1.923620,-1.796620
1631,1.923620,-1.796620
1632,1.923620,-1.796620
1633,1.923620,-1.796620
1634,1.923620,-1.796620
1635,1.923620,-1.796620
1636,1.923620,-1.796620
1637,1.923620,-1.796620
1638,1.923620,-1.796620
1639,1.923620,-1.796620
1640,1.923620,-1.796620
1641,1.923620,-1.796620
1642,1.923620,-1.796620
1643,1.923620,-1.796620
1644,1.923620,-1.796620
1645,1.923620,-1.796620
1646,1.923620,-1.796620
1647,1.923620,-1.796620
1648,1.923620,-1.796620
1649,1.923620,-1.796620
1650,1.923620,-1.796620
1651,1.923620,-1.796620
1652,1.923620,-1.796620
1653,1.923620,-1.796620
1654,1.923620,-1.796620
1655,1.923620,-1.796620
1656,1.923620,-1.796620
1657,1.923620,-1.796620
1658,1.923620,-1.796620
1659,1.923620,-1.796620
1660,1.923620,-1.796620
1661,1.923620,-1.796620
1662,1.923620,-1.796620
1663,1.923620,-1.796620
1664,1.923620,-1.796620
1665,1.923620,-1.796620
1666,1.923620,-1.796620
1667,1.923620,-1.796620
1668,1.923620,-1.796620
1669,1.923620,-1.796620
1670,1.923620,-1.796620
1671,1.923620,-1.796620
1672,1.923620,-1.796620
1673,1.923620,-1.796620
1674,1.923620,-1.796620
1675,1.923620,-1.796620
1676,1.923620,-1.796620
1677,1.923620,-1.796620
1678,1.923620,-1.796620
1679,1.923620,-1.796620
1680,1.923620,-1.796620
1681,1.923620,-1.796620
1682,1.923620,-1.796620
1683,1.923620,-1.796620
1684,1.923620,-1.796620
1685,1.923620,-1.796620
1686,1.923620,-1.796620
1687,1.923620,-1.796620
1688,1.923620,-1.796620
1689,1.923620,-1.796620
1690,1.923620,-1.796620
1691,1.923620,-1.796620
1692,1.923620,-1.796620
1693,1.923620,-1.796620
1694,1.923620,-1.796620
1695,1.923620,-1.796620
1696,1.923620,-1.796620
1697,1.923620,-1.796620
1698,1.923620,-1.796620
1699,1.923620,-1.796620
1700,1.923620,-1.796620
1701,1.923620,-1.796620
1702,1.923620,-1.796620
1703,1.923620,-1.796620
1704,1.923620,-1.796620
1705,1.923620,-1.796620
1706,1.923620,-1.796620
1707,1.923620,-1.796620
1708,1.923620,-1.796620
1709,1.923620,-1.796620
1710,1.923620,-1.796620
1711,1.923620,-1.796620
1712,1.923620,-1.796620
1713,1.923620,-1.796620
1714,1.923620,-1.796620
1715,1.923620,-1.796620
1716,1.923620,-1.796620
1717,1.923620,-1.796620
1718,1.923620,-1.796620
1719,1.923620,-1.796620
1720,1.923620,-1.796620
1721,1.923620,-1.796620
1722,1.923620,-1.796620
1723,1.923620,-1.796620
1724,1.923620,-1.796620
1725,1.923620,-1.796620
1726,1.923620,-1.796620
1727,1.923620,-1.796620
1728,1.923620,-1.796620
1729,1.923620,-1.796620
1730,1.923620,-1.796620
1731,1.923620,-1.796620
1732,1.923620,-1.796620
1733,1.923620,-1.796620
1734,1.923620,-1.796620
1735,1.923620,-1.796620
1736,1.923620,-1.796620
1737,1.923620,-1.796620
1738,1.923620,-1.796620
1739,1.923620,-1.796620
1740,1.923620,-1.796620
1741,1.923620,-1.796620
1742,1.923620,-1.796620
1743,1.923620,-1.796620
1744,1.923620,-1.796620
1745,1.923620,-1.796620
1746,1.923620,-1.796620
1747,1.923620,-1.796620
1748,1.923620,-1.796620
1749,1.923620,-1.796620
1750,1.923620,-1.796620
1751,1.923620,-1.796620
1752,1.923620,-1.796620
1753,1.923620,-1.796620
1754,1.923620,-1.796620
1755,1.923620,-1.796620
1756,1.923620,-1.796620
1757,1.923620,-1.796620
1758,1.923620,-1.796620
1759,1.923620,-1.796620
1760,1.923620,-1.796620
1761,1.923620,-1.796620
1762,1.923620,-1.796620
1763,1.923620,-1.796620
1764,1.923620,-1.796620
1765,1.923620,-1.796620
1766,1.923620,-1.796620
1767,1.923620,-1.796620
1768,1.923620,-1.796620
1769,1.923620,-1.796620
1770,1.923620,-1.796620
1771,1.923620,-1.796620
1772,1.923620,-1.796620
1773,1.923620,-1.796620
1774,1.923620,-1.796620
1775,1.923620,-1.796620
1776,1.923620,-1.796620
1777,1.923620,-1.796620
1778,1.923620,-1.796620
1779,1.923620,-1.796620
1780,1.923620,-1.796620
1781,1.923620,-1.796620
1782,1.923620,-1.796620
1783,1.923620,-1.796620
1784,1.923620,-1.796620
1785,1.923620,-1.796620
1786,1.923620,-1.796620
1787,1.923620,-1.796620
1788,1.923620,-1.796620
1789,1.923620,-1.796620
1790,1.923620,-1.796620
1791,1.923620,-1.796620
1792,1.923620,-1.796620
1793,1.923620,-1.796620
1794,1.923620,-1.796620
1795,1.923620,-1.796620
1796,1.923620,-1.796620
1797,1.923620,-1.796620
1798,1.923620,-1.796620
1799,1.923620,-1.796620
