0,-1.691640,-0.637537
1,-1.699657,-0.628275
2,-1.711363,-0.615950
3,-1.723743,-0.604303
4,-1.727222,-0.601069
5,-1.723244,-0.603534
6,-1.715283,-0.608186
7,-1.707296,-0.612437
8,-1.699307,-0.616308
9,-1.691342,-0.619823
10,-1.683423,-0.623013
11,-1.682092,-0.623523
12,-1.682092,-0.623523
13,-1.682092,-0.623523
14,-1.669565,-0.624453
15,-1.652572,-0.624296
16,-1.635615,-0.623117
17,-1.618753,-0.620975
18,-1.602040,-0.617877
19,-1.585531,-0.613834
20,-1.569278,-0.608857
21,-1.553334,-0.602964
22,-1.537752,-0.596174
23,-1.522582,-0.588508
24,-1.507872,-0.579991
25,-1.493670,-0.570651
26,-1.480023,-0.560518
27,-1.466975,-0.549626
28,-1.454567,-0.538008
29,-1.442841,-0.525703
30,-1.431833,-0.512752
31,-1.421581,-0.499194
32,-1.412116,-0.485076
33,-1.403470,-0.470441
34,-1.395670,-0.455339
35,-1.388743,-0.439817
36,-1.382709,-0.423927
37,-1.377590,-0.407718
38,-1.373401,-0.391245
39,-1.370156,-0.374560
40,-1.367866,-0.357718
41,-1.366537,-0.340772
42,-1.366175,-0.323778
43,-1.366781,-0.306792
44,-1.366465,-0.290636
45,-1.365957,-0.286543
46,-1.365957,-0.286543
47,-1.364012,-0.283687
48,-1.360884,-0.278805
49,-1.357879,-0.273871
50,-1.355055,-0.269021
51,-1.352417,-0.264306
52,-1.349963,-0.259768
53,-1.347686,-0.255455
54,-1.345588,-0.251420
55,-1.343287,-0.250756
56,-1.340680,-0.250634
57,-1.338251,-0.250384
58,-1.335657,-0.249964
59,-1.332993,-0.249388
60,-1.330564,-0.248716
61,-1.328370,-0.247974
62,-1.326411,-0.247185
63,-1.324683,-0.246375
64,-1.323182,-0.245565
65,-1.311277,-0.240200
66,-1.296326,-0.232029
67,-1.281926,-0.222993
68,-1.268062,-0.213152
69,-1.254779,-0.202537
70,-1.242118,-0.191183
71,-1.230123,-0.179124
72,-1.218830,-0.166401
73,-1.208275,-0.153052
74,-1.198493,-0.139121
75,-1.189298,-0.124323
76,-1.180647,-0.108591
77,-1.172916,-0.092436
78,-1.166119,-0.075900
79,-1.160269,-0.059023
80,-1.155466,-0.054269
81,-1.151494,-0.049294
82,-1.147100,-0.039478
83,-1.145154,-0.022930
84,-1.144387,-0.006105
85,-1.144583,0.010763
86,-1.145722,0.027532
87,-1.147789,0.044164
88,-1.150786,0.060616
89,-1.154651,0.076760
90,-1.159362,0.092555
91,-1.164894,0.107963
92,-1.171223,0.122943
93,-1.178319,0.137459
94,-1.186155,0.151473
95,-1.194697,0.164952
96,-1.203913,0.177862
97,-1.213769,0.190172
98,-1.224229,0.201852
99,-1.235254,0.212874
100,-1.246807,0.223213
101,-1.258847,0.232846
102,-1.271334,0.241750
103,-1.284043,0.249847
104,-1.296387,0.257041
105,-1.309058,0.263510
106,-1.322013,0.269241
107,-1.335210,0.274223
108,-1.348608,0.278447
109,-1.362164,0.281905
110,-1.375836,0.284594
111,-1.389580,0.286511
112,-1.403355,0.287656
113,-1.417117,0.288033
114,-1.430826,0.287645
115,-1.444438,0.286499
116,-1.457914,0.284606
117,-1.471212,0.281976
118,-1.484294,0.278624
119,-1.497121,0.274564
120,-1.509655,0.269814
121,-1.521860,0.264394
122,-1.533700,0.258326
123,-1.545143,0.251633
124,-1.556156,0.244340
125,-1.566707,0.236474
126,-1.576935,0.227731
127,-1.586472,0.218804
128,-1.595466,0.209394
129,-1.603892,0.199532
130,-1.611728,0.189252
131,-1.618955,0.178590
132,-1.625553,0.167579
133,-1.631508,0.156258
134,-1.636804,0.144662
135,-1.641431,0.132830
136,-1.645378,0.120799
137,-1.648638,0.108608
138,-1.651205,0.096296
139,-1.653076,0.083902
140,-1.654249,0.071465
141,-1.654727,0.059022
142,-1.654511,0.046614
143,-1.653607,0.034278
144,-1.652022,0.022051
145,-1.649766,0.009971
146,-1.646851,-0.001926
147,-1.643288,-0.013604
148,-1.639094,-0.025029
149,-1.634285,-0.036166
150,-1.628880,-0.046983
151,-1.622901,-0.057449
152,-1.617013,-0.069152
153,-1.612432,-0.083324
154,-1.608482,-0.097474
155,-1.605172,-0.111528
156,-1.602489,-0.125513
157,-1.601093,-0.139173
158,-1.600917,-0.152165
159,-1.601641,-0.162820
160,-1.602318,-0.169514
161,-1.602359,-0.173826
162,-1.602139,-0.177772
163,-1.601704,-0.181646
164,-1.601056,-0.185482
165,-1.600199,-0.189274
166,-1.599135,-0.193013
167,-1.597867,-0.196687
168,-1.596400,-0.200285
169,-1.594737,-0.203796
170,-1.592884,-0.207210
171,-1.590847,-0.210516
172,-1.588631,-0.213705
173,-1.586244,-0.216767
174,-1.583692,-0.219693
175,-1.580984,-0.222473
176,-1.578128,-0.225100
177,-1.575131,-0.227566
178,-1.572004,-0.229862
179,-1.568756,-0.231983
180,-1.565397,-0.233922
181,-1.561936,-0.235673
182,-1.558385,-0.237231
183,-1.554754,-0.238591
184,-1.550909,-0.239406
185,-1.547170,-0.240351
186,-1.543384,-0.241089
187,-1.539563,-0.241618
188,-1.535720,-0.241935
189,-1.531865,-0.242041
190,-1.528011,-0.241935
191,-1.524168,-0.241616
192,-1.520349,-0.241087
193,-1.516566,-0.240348
194,-1.512829,-0.239403
195,-1.509150,-0.238253
196,-1.505540,-0.236902
197,-1.502010,-0.235355
198,-1.498570,-0.233616
199,-1.495232,-0.231690
200,-1.492006,-0.229584
201,-1.488900,-0.227303
202,-1.485924,-0.224855
203,-1.483088,-0.222246
204,-1.480400,-0.219486
205,-1.477869,-0.216581
206,-1.475501,-0.213542
207,-1.473304,-0.210377
208,-1.471285,-0.207096
209,-1.469450,-0.203708
210,-1.467804,-0.200225
211,-1.466353,-0.196656
212,-1.465100,-0.193013
213,-1.464050,-0.189306
214,-1.463207,-0.185547
215,-1.462937,-0.181674
216,-1.462515,-0.177865
217,-1.462304,-0.174037
218,-1.462304,-0.170204
219,-1.462516,-0.166376
220,-1.462938,-0.162565
221,-1.463570,-0.158784
222,-1.464409,-0.155043
223,-1.465454,-0.151354
224,-1.466700,-0.147728
225,-1.468144,-0.144176
226,-1.469782,-0.140709
227,-1.471609,-0.137337
228,-1.473619,-0.134071
229,-1.475807,-0.130921
230,-1.478165,-0.127896
231,-1.480686,-0.125006
232,-1.483363,-0.122259
233,-1.486188,-0.119663
234,-1.489152,-0.117228
235,-1.492246,-0.114959
236,-1.495461,-0.112864
237,-1.498787,-0.110950
238,-1.502213,-0.109222
239,-1.505731,-0.107686
240,-1.509328,-0.106346
241,-1.512993,-0.105207
242,-1.516717,-0.104272
243,-1.520486,-0.103543
244,-1.524291,-0.103024
245,-1.528119,-0.102716
246,-1.531958,-0.102992
247,-1.535777,-0.103107
248,-1.539585,-0.103434
249,-1.543370,-0.103970
250,-1.547119,-0.104714
251,-1.550823,-0.105664
252,-1.554468,-0.106818
253,-1.558045,-0.108171
254,-1.561542,-0.109720
255,-1.564949,-0.111461
256,-1.568254,-0.113387
257,-1.571449,-0.115493
258,-1.574523,-0.117772
259,-1.577466,-0.120219
260,-1.580271,-0.122825
261,-1.582927,-0.125582
262,-1.585427,-0.128482
263,-1.587764,-0.131517
264,-1.589929,-0.134676
265,-1.591917,-0.137951
266,-1.593721,-0.141331
267,-1.595336,-0.144807
268,-1.596756,-0.148367
269,-1.597977,-0.152001
270,-1.598996,-0.155697
271,-1.599809,-0.159445
272,-1.600413,-0.163233
273,-1.600807,-0.167049
274,-1.600989,-0.170882
275,-1.600959,-0.174719
276,-1.600717,-0.178550
277,-1.599898,-0.182284
278,-1.599238,-0.186047
279,-1.598371,-0.189768
280,-1.595617,-0.193030
281,-1.590287,-0.195551
282,-1.584678,-0.197294
283,-1.583907,-0.197506
284,-1.583944,-0.195880
285,-1.583960,-0.191835
286,-1.583772,-0.185821
287,-1.583138,-0.177930
288,-1.581716,-0.168073
289,-1.579059,-0.156257
290,-1.574652,-0.142703
291,-1.568020,-0.127935
292,-1.560712,-0.112598
293,-1.554267,-0.096870
294,-1.550168,-0.083373
295,-1.547567,-0.070833
296,-1.545579,-0.057478
297,-1.544315,-0.043559
298,-1.545382,-0.028622
299,-1.547569,-0.013556
300,-1.550191,0.002101
301,-1.553254,0.017790
302,-1.560270,0.027821
303,-1.565859,0.036152
304,-1.570144,0.043449
305,-1.574751,0.050536
306,-1.579858,0.057491
307,-1.588497,0.059531
308,-1.596221,0.059204
309,-1.601837,0.059035
310,-1.607287,0.058058
311,-1.613869,0.056857
312,-1.615252,0.056019
313,-1.615252,0.056019
314,-1.615252,0.056019
315,-1.615252,0.056019
316,-1.615252,0.056019
317,-1.616606,0.050826
318,-1.618524,0.041697
319,-1.620127,0.031913
320,-1.621328,0.021681
321,-1.622063,0.011011
322,-1.622259,-0.000106
323,-1.613126,-0.004997
324,-1.599868,-0.005862
325,-1.596614,-0.006099
326,-1.584908,-0.002490
327,-1.569122,0.003804
328,-1.553740,0.011036
329,-1.539312,0.019052
330,-1.526078,0.027705
331,-1.512728,0.037268
332,-1.499431,0.047763
333,-1.486699,0.059024
334,-1.475473,0.067230
335,-1.465883,0.077566
336,-1.456805,0.089506
337,-1.448386,0.101964
338,-1.440639,0.115036
339,-1.433690,0.128375
340,-1.427504,0.142093
341,-1.422107,0.156141
342,-1.417518,0.170474
343,-1.413751,0.185045
344,-1.410820,0.199807
345,-1.408733,0.214712
346,-1.407497,0.229712
347,-1.407116,0.244758
348,-1.407592,0.259802
349,-1.408922,0.274794
350,-1.411104,0.289687
351,-1.414115,0.304630
352,-1.418001,0.319167
353,-1.422684,0.333484
354,-1.428174,0.347514
355,-1.434453,0.361209
356,-1.441501,0.374526
357,-1.449296,0.387420
358,-1.457811,0.399851
359,-1.467020,0.411777
360,-1.476893,0.423160
361,-1.487397,0.433964
362,-1.498499,0.444153
363,-1.510163,0.453694
364,-1.522471,0.462681
365,-1.535151,0.470840
366,-1.548277,0.478268
367,-1.561805,0.484938
368,-1.575691,0.490828
369,-1.589890,0.495919
370,-1.604356,0.500194
371,-1.619042,0.503640
372,-1.633901,0.506244
373,-1.648884,0.507999
374,-1.663943,0.508899
375,-1.679220,0.508991
376,-1.694278,0.508149
377,-1.709284,0.506476
378,-1.724174,0.503954
379,-1.738898,0.500588
380,-1.753407,0.496391
381,-1.767654,0.491375
382,-1.781593,0.485556
383,-1.795179,0.478954
384,-1.808369,0.471589
385,-1.821118,0.463486
386,-1.833386,0.454670
387,-1.845311,0.445093
388,-1.856472,0.434925
389,-1.867072,0.424145
390,-1.877046,0.412777
391,-1.886358,0.400860
392,-1.894978,0.388432
393,-1.902877,0.375534
394,-1.910030,0.362206
395,-1.916414,0.348492
396,-1.922008,0.334437
397,-1.926793,0.320086
398,-1.930755,0.305485
399,-1.933966,0.290509
400,-1.936215,0.275556
401,-1.937640,0.260480
402,-1.938207,0.245344
403,-1.937913,0.230199
404,-1.936757,0.215095
405,-1.934744,0.200079
406,-1.931881,0.185202
407,-1.928175,0.170511
408,-1.923640,0.156054
409,-1.918290,0.141877
410,-1.912141,0.128026
411,-1.905169,0.114366
412,-1.897470,0.101319
413,-1.889050,0.088701
414,-1.879924,0.076578
415,-1.870124,0.064992
416,-1.859679,0.053982
417,-1.848625,0.043582
418,-1.836995,0.033828
419,-1.824829,0.024750
420,-1.812166,0.016377
421,-1.799045,0.008738
422,-1.785511,0.001857
423,-1.771459,-0.004345
424,-1.757226,-0.009625
425,-1.742703,-0.014113
426,-1.727945,-0.017770
427,-1.713001,-0.020583
428,-1.697920,-0.022541
429,-1.682750,-0.023639
430,-1.667541,-0.023872
431,-1.652341,-0.023240
432,-1.637201,-0.021745
433,-1.622168,-0.019391
434,-1.607292,-0.016185
435,-1.592452,-0.012121
436,-1.578043,-0.007229
437,-1.563909,-0.001537
438,-1.550117,0.004950
439,-1.536714,0.012212
440,-1.523744,0.020225
441,-1.511249,0.028964
442,-1.499269,0.038400
443,-1.487843,0.048504
444,-1.477009,0.059243
445,-1.466802,0.070582
446,-1.457254,0.082484
447,-1.448294,0.095027
448,-1.440172,0.107947
449,-1.432773,0.121317
450,-1.426142,0.135089
451,-1.420304,0.149219
452,-1.415277,0.163661
453,-1.411078,0.178368
454,-1.407722,0.193293
455,-1.405219,0.208388
456,-1.403578,0.223604
457,-1.402804,0.238891
458,-1.402900,0.254201
459,-1.403871,0.269620
460,-1.405720,0.284823
461,-1.408417,0.299920
462,-1.411968,0.314844
463,-1.416363,0.329547
464,-1.421587,0.343979
465,-1.427626,0.358096
466,-1.434458,0.371850
467,-1.442063,0.385198
468,-1.450417,0.398096
469,-1.459493,0.410502
470,-1.469262,0.422376
471,-1.479786,0.433715
472,-1.490852,0.444403
473,-1.502514,0.454465
474,-1.514734,0.463854
475,-1.527472,0.472537
476,-1.540689,0.480485
477,-1.554341,0.487673
478,-1.568385,0.494076
479,-1.582800,0.499703
480,-1.597405,0.504449
481,-1.612355,0.508380
482,-1.627517,0.511461
483,-1.642920,0.513698
484,-1.658356,0.515040
485,-1.673859,0.515509
486,-1.689376,0.515099
487,-1.704854,0.513808
488,-1.720245,0.511640
489,-1.735499,0.508599
490,-1.750567,0.504696
491,-1.765400,0.499940
492,-1.780048,0.494317
493,-1.794264,0.487889
494,-1.808132,0.480663
495,-1.821587,0.472656
496,-1.834581,0.463889
497,-1.847073,0.454390
498,-1.859021,0.444186
499,-1.870386,0.433309
500,-1.881134,0.421789
501,-1.891216,0.409693
502,-1.900680,0.396945
503,-1.909420,0.383679
504,-1.917448,0.369879
505,-1.924739,0.355576
506,-1.931272,0.340793
507,-1.933069,0.336693
508,-1.933232,0.324445
509,-1.932096,0.307489
510,-1.929942,0.290628
511,-1.926833,0.273918
512,-1.922777,0.257411
513,-1.919157,0.242922
514,-1.914865,0.228851
515,-1.909786,0.215060
516,-1.903939,0.201593
517,-1.897343,0.188492
518,-1.890020,0.175800
519,-1.881994,0.163558
520,-1.873293,0.151803
521,-1.863733,0.140464
522,-1.853778,0.129795
523,-1.843241,0.119723
524,-1.832159,0.110272
525,-1.820569,0.101475
526,-1.808509,0.093358
527,-1.796018,0.085947
528,-1.783136,0.079267
529,-1.769908,0.073335
530,-1.756377,0.068170
531,-1.744347,0.062232
532,-1.729155,0.057970
533,-1.714913,0.054954
534,-1.700526,0.052715
535,-1.686034,0.051307
536,-1.671492,0.050725
537,-1.656943,0.050975
538,-1.642438,0.052077
539,-1.628005,0.053954
540,-1.613704,0.056654
541,-1.599398,0.060171
542,-1.588833,0.061815
543,-1.585994,0.057512
544,-1.582698,0.056177
545,-1.574403,0.059381
546,-1.565971,0.062462
547,-1.557985,0.066256
548,-1.550469,0.070810
549,-1.543718,0.075939
550,-1.537989,0.081615
551,-1.533224,0.088228
552,-1.530165,0.095128
553,-1.526883,0.096971
554,-1.523698,0.094099
555,-1.523290,0.093684
556,-1.523290,0.093684
557,-1.527206,0.099072
558,-1.534057,0.111315
559,-1.537235,0.114979
560,-1.538212,0.115745
561,-1.538212,0.115745
562,-1.538582,0.114784
563,-1.538836,0.114118
564,-1.537769,0.109343
565,-1.535466,0.098865
566,-1.532653,0.087674
567,-1.529278,0.076362
568,-1.525285,0.065216
569,-1.520698,0.054292
570,-1.515538,0.043622
571,-1.509823,0.033234
572,-1.503574,0.023155
573,-1.496813,0.013406
574,-1.489565,0.004011
575,-1.478844,-0.003499
576,-1.464681,-0.008838
577,-1.449201,-0.013135
578,-1.433121,-0.016496
579,-1.416734,-0.018913
580,-1.400187,-0.020445
581,-1.383557,-0.020968
582,-1.366917,-0.020539
583,-1.350338,-0.019212
584,-1.333868,-0.016921
585,-1.317547,-0.013672
586,-1.301436,-0.009547
587,-1.285595,-0.004490
588,-1.270064,0.001486
589,-1.254866,0.008284
590,-1.240135,0.015966
591,-1.225847,0.024493
592,-1.212024,0.033775
593,-1.198811,0.043848
594,-1.186180,0.054681
595,-1.174136,0.066177
596,-1.162865,0.078306
597,-1.152256,0.091129
598,-1.142336,0.104505
599,-1.133255,0.118423
600,-1.125011,0.132804
601,-1.117503,0.147673
602,-1.110918,0.162932
603,-1.105208,0.178569
604,-1.100368,0.194431
605,-1.096463,0.210629
606,-1.093500,0.227004
607,-1.091370,0.243514
608,-1.090282,0.260065
609,-1.090132,0.276728
610,-1.090918,0.293336
611,-1.092570,0.309918
612,-1.095243,0.326300
613,-1.098842,0.342535
614,-1.103367,0.358565
615,-1.108763,0.374328
616,-1.115051,0.389687
617,-1.122230,0.404703
618,-1.130166,0.419353
619,-1.139011,0.433480
620,-1.148613,0.447023
621,-1.158982,0.460030
622,-1.170060,0.472471
623,-1.181855,0.484249
624,-1.194265,0.495283
625,-1.207271,0.505701
626,-1.220890,0.515301
627,-1.235046,0.524106
628,-1.249624,0.532057
629,-1.264643,0.539215
630,-1.280069,0.545516
631,-1.295846,0.550903
632,-1.311828,0.555445
633,-1.328101,0.559005
634,-1.344556,0.561644
635,-1.361147,0.563335
636,-1.377742,0.564155
637,-1.394394,0.563958
638,-1.411028,0.562814
639,-1.427578,0.560720
640,-1.443939,0.557777
641,-1.460123,0.553826
642,-1.476072,0.548964
643,-1.491726,0.543193
644,-1.504523,0.537897
645,-1.513549,0.534254
646,-1.522608,0.530330
647,-1.531505,0.525954
648,-1.540122,0.521065
649,-1.548510,0.515719
650,-1.556569,0.509884
651,-1.564284,0.503617
652,-1.571610,0.496919
653,-1.578578,0.489810
654,-1.585125,0.482318
655,-1.591257,0.474472
656,-1.596804,0.466313
657,-1.601991,0.457839
658,-1.606688,0.449069
659,-1.610879,0.440051
660,-1.614539,0.430730
661,-1.617630,0.421299
662,-1.620201,0.411699
663,-1.622245,0.402031
664,-1.623729,0.392193
665,-1.624610,0.382311
666,-1.624956,0.372395
667,-1.624780,0.362383
668,-1.623989,0.352469
669,-1.622633,0.342707
670,-1.620750,0.332937
671,-1.618316,0.323289
672,-1.615334,0.313787
673,-1.611811,0.304528
674,-1.607796,0.295477
675,-1.603192,0.286578
676,-1.598165,0.278066
677,-1.592650,0.269782
678,-1.586651,0.261869
679,-1.580231,0.254252
680,-1.573392,0.247058
681,-1.566198,0.240260
682,-1.558579,0.233895
683,-1.550529,0.227904
684,-1.542226,0.222414
685,-1.533628,0.217382
686,-1.524812,0.213002
687,-1.515778,0.208989
688,-1.506459,0.205484
689,-1.496950,0.202529
690,-1.487289,0.200123
691,-1.477426,0.198249
692,-1.467562,0.196988
693,-1.457726,0.196260
694,-1.447786,0.196108
695,-1.437826,0.196502
696,-1.427909,0.197464
697,-1.418064,0.198988
698,-1.408404,0.201127
699,-1.398813,0.203738
700,-1.389359,0.206885
701,-1.380107,0.210584
702,-1.371178,0.214793
703,-1.362415,0.219525
704,-1.353931,0.224737
705,-1.345692,0.230457
706,-1.337859,0.236579
707,-1.330408,0.243173
708,-1.323382,0.250105
709,-1.316702,0.257477
710,-1.310447,0.265220
711,-1.304675,0.273306
712,-1.299295,0.281800
713,-1.294465,0.290472
714,-1.290108,0.299384
715,-1.286290,0.308597
716,-1.283025,0.317980
717,-1.280240,0.327553
718,-1.278010,0.337276
719,-1.276369,0.347057
720,-1.275240,0.357004
721,-1.274771,0.366943
722,-1.274814,0.376898
723,-1.275394,0.386852
724,-1.276550,0.396763
725,-1.278270,0.406589
726,-1.280509,0.416249
727,-1.283340,0.425783
728,-1.286696,0.435178
729,-1.290567,0.444382
730,-1.294964,0.453287
731,-1.299851,0.461978
732,-1.305224,0.470389
733,-1.311057,0.478408
734,-1.317337,0.486110
735,-1.324125,0.493532
736,-1.331278,0.500455
737,-1.338811,0.507009
738,-1.346694,0.513141
739,-1.354874,0.518744
740,-1.363395,0.523880
741,-1.372139,0.528526
742,-1.381202,0.532737
743,-1.390559,0.536409
744,-1.400031,0.539543
745,-1.409630,0.542104
746,-1.419379,0.544088
747,-1.429250,0.545576
748,-1.439171,0.546505
749,-1.449157,0.546858
750,-1.459049,0.546630
751,-1.469080,0.545800
752,-1.478892,0.544421
753,-1.488686,0.542532
754,-1.498339,0.540048
755,-1.507843,0.537063
756,-1.517137,0.533553
757,-1.526271,0.529442
758,-1.535122,0.524849
759,-1.543727,0.519773
760,-1.552076,0.514156
761,-1.560040,0.508136
762,-1.567640,0.501700
763,-1.574834,0.494793
764,-1.581617,0.487519
765,-1.588037,0.479888
766,-1.594001,0.471884
767,-1.599450,0.463551
768,-1.604484,0.454841
769,-1.608950,0.445956
770,-1.612950,0.436814
771,-1.616421,0.427454
772,-1.619286,0.418000
773,-1.621673,0.408302
774,-1.623538,0.398480
775,-1.624796,0.388611
776,-1.625524,0.378696
777,-1.625638,0.368674
778,-1.625221,0.358685
779,-1.624240,0.348816
780,-1.622687,0.338950
781,-1.620575,0.329181
782,-1.617920,0.319555
783,-1.614759,0.310109
784,-1.611031,0.300821
785,-1.606726,0.291708
786,-1.601983,0.283049
787,-1.596716,0.274582
788,-1.590989,0.266405
789,-1.584816,0.258560
790,-1.578213,0.251144
791,-1.571181,0.244008
792,-1.563760,0.237306
793,-1.556021,0.231083
794,-1.547813,0.225280
795,-1.539383,0.219951
796,-1.530643,0.215103
797,-1.521641,0.210763
798,-1.512411,0.206919
799,-1.503024,0.203640
800,-1.493405,0.200913
801,-1.483666,0.198693
802,-1.473801,0.197041
803,-1.463813,0.196013
804,-1.453826,0.195485
805,-1.443897,0.195535
806,-1.433976,0.196171
807,-1.424054,0.197346
808,-1.414230,0.199110
809,-1.404519,0.201390
810,-1.394921,0.204221
811,-1.385491,0.207622
812,-1.376339,0.211575
813,-1.367374,0.216017
814,-1.358674,0.220948
815,-1.350258,0.226357
816,-1.342226,0.232230
817,-1.334508,0.238543
818,-1.327180,0.245241
819,-1.320215,0.252433
820,-1.313646,0.260053
821,-1.307530,0.267962
822,-1.301911,0.276221
823,-1.296739,0.284759
824,-1.292044,0.293608
825,-1.287897,0.302663
826,-1.284248,0.311971
827,-1.281210,0.321417
828,-1.278617,0.331083
829,-1.276557,0.340953
830,-1.275091,0.350829
831,-1.274193,0.360726
832,-1.273899,0.370708
833,-1.274128,0.380722
834,-1.274932,0.390705
835,-1.276282,0.400631
836,-1.278281,0.410497
837,-1.280746,0.420026
838,-1.283757,0.429557
839,-1.287311,0.438924
840,-1.291423,0.448023
841,-1.296013,0.456928
842,-1.301110,0.465563
843,-1.306693,0.473883
844,-1.312764,0.481860
845,-1.319237,0.489424
846,-1.326151,0.496680
847,-1.333467,0.503527
848,-1.341132,0.509923
849,-1.349100,0.515878
850,-1.357465,0.521333
851,-1.366130,0.526341
852,-1.375033,0.530872
853,-1.384289,0.534892
854,-1.393682,0.538366
855,-1.403176,0.541271
856,-1.412914,0.543665
857,-1.422768,0.545507
858,-1.432704,0.546772
859,-1.442619,0.547481
860,-1.452611,0.547604
861,-1.462695,0.547195
862,-1.472585,0.546222
863,-1.482487,0.544664
864,-1.492250,0.542516
865,-1.501936,0.539874
866,-1.511394,0.536662
867,-1.520698,0.532921
868,-1.529708,0.528592
869,-1.538493,0.523845
870,-1.547020,0.518581
871,-1.555232,0.512839
872,-1.563086,0.506619
873,-1.570582,0.499986
874,-1.577640,0.492962
875,-1.584350,0.485511
876,-1.590578,0.477765
877,-1.596427,0.469614
878,-1.601807,0.461063
879,-1.606632,0.452282
880,-1.610928,0.443272
881,-1.614776,0.434049
882,-1.618084,0.424638
883,-1.620844,0.414993
884,-1.623056,0.405207
885,-1.624694,0.395329
886,-1.625742,0.385281
887,-1.626237,0.375326
888,-1.626212,0.365297
889,-1.625623,0.355398
890,-1.623391,0.347439
891,-1.620463,0.339940
892,-1.617082,0.331695
893,-1.613770,0.321692
894,-1.610685,0.310351
895,-1.606595,0.297264
896,-1.601704,0.282689
897,-1.595912,0.268720
898,-1.589733,0.256074
899,-1.587052,0.246142
900,-1.586455,0.239158
901,-1.583591,0.235468
902,-1.577462,0.238759
903,-1.576394,0.239546
904,-1.576247,0.239325
905,-1.575300,0.241584
906,-1.573455,0.244160
907,-1.570780,0.244692
908,-1.572805,0.251878
909,-1.573750,0.254173
910,-1.573750,0.254173
911,-1.576016,0.254820
912,-1.576221,0.254883
913,-1.576221,0.254883
914,-1.576221,0.254883
915,-1.576221,0.254883
916,-1.576221,0.254883
917,-1.576221,0.254883
918,-1.579745,0.250216
919,-1.586406,0.241994
920,-1.592776,0.232803
921,-1.598569,0.222808
922,-1.596444,0.212482
923,-1.585341,0.202439
924,-1.571335,0.193120
925,-1.556692,0.184586
926,-1.541566,0.176898
927,-1.527319,0.171032
928,-1.513965,0.166644
929,-1.500051,0.162722
930,-1.496361,0.161664
931,-1.484187,0.163032
932,-1.467506,0.166277
933,-1.451047,0.170520
934,-1.434855,0.175692
935,-1.418984,0.181778
936,-1.403486,0.188756
937,-1.390537,0.196304
938,-1.378302,0.204560
939,-1.366490,0.213503
940,-1.354002,0.223048
941,-1.341676,0.233396
942,-1.331210,0.244208
943,-1.318575,0.253492
944,-1.302810,0.261977
945,-1.288644,0.272365
946,-1.279365,0.285895
947,-1.268405,0.296587
948,-1.259172,0.309294
949,-1.252421,0.324880
950,-1.246060,0.340503
951,-1.234659,0.351076
952,-1.222461,0.360031
953,-1.213291,0.370798
954,-1.205699,0.382746
955,-1.199904,0.394857
956,-1.196296,0.406576
957,-1.193532,0.418569
958,-1.191503,0.430728
959,-1.190183,0.442993
960,-1.189566,0.455315
961,-1.189694,0.467723
962,-1.190498,0.480039
963,-1.191994,0.492291
964,-1.194182,0.504439
965,-1.197091,0.516503
966,-1.200661,0.528342
967,-1.204898,0.539933
968,-1.209833,0.551335
969,-1.215374,0.562384
970,-1.221584,0.573104
971,-1.228297,0.583439
972,-1.235665,0.593414
973,-1.243554,0.602917
974,-1.251986,0.611970
975,-1.260985,0.620560
976,-1.270386,0.628582
977,-1.280223,0.636063
978,-1.290480,0.642991
979,-1.301181,0.649341
980,-1.312152,0.655026
981,-1.323446,0.660107
982,-1.335089,0.664526
983,-1.346874,0.668275
984,-1.358855,0.671345
985,-1.371008,0.673715
986,-1.383319,0.675419
987,-1.395657,0.676416
988,-1.408039,0.676713
989,-1.420448,0.676268
990,-1.432818,0.675151
991,-1.445041,0.673324
992,-1.457175,0.670810
993,-1.469212,0.667546
994,-1.480979,0.663644
995,-1.492485,0.659100
996,-1.503742,0.653896
997,-1.514710,0.648016
998,-1.525285,0.641551
999,-1.535511,0.634492
1000,-1.545277,0.626746
1001,-1.554650,0.618545
1002,-1.563484,0.609865
1003,-1.571826,0.600700
1004,-1.579649,0.591093
1005,-1.586915,0.580986
1006,-1.593556,0.570529
1007,-1.599605,0.559712
1008,-1.605032,0.548568
1009,-1.609820,0.537077
1010,-1.613930,0.525380
1011,-1.617286,0.513336
1012,-1.620077,0.501257
1013,-1.622453,0.490105
1014,-1.624446,0.480130
1015,-1.625840,0.469963
1016,-1.626547,0.459547
1017,-1.626441,0.448817
1018,-1.625506,0.437747
1019,-1.623711,0.426351
1020,-1.624023,0.415683
1021,-1.624763,0.407370
1022,-1.627264,0.401545
1023,-1.629421,0.394381
1024,-1.631839,0.388748
1025,-1.633034,0.383391
1026,-1.632875,0.378330
1027,-1.632531,0.372243
1028,-1.631589,0.366445
1029,-1.628431,0.363157
1030,-1.622871,0.360497
1031,-1.620322,0.358966
1032,-1.623061,0.361654
1033,-1.623987,0.362625
1034,-1.623043,0.362268
1035,-1.621598,0.362165
1036,-1.620016,0.362180
1037,-1.618176,0.362434
1038,-1.616059,0.362963
1039,-1.613620,0.363785
1040,-1.610615,0.364782
1041,-1.606902,0.365912
1042,-1.601918,0.367251
1043,-1.593312,0.369126
1044,-1.581264,0.371913
1045,-1.574558,0.373685
1046,-1.567716,0.375723
1047,-1.561032,0.380767
1048,-1.554788,0.387190
1049,-1.549066,0.394191
1050,-1.543764,0.401660
1051,-1.538932,0.409519
1052,-1.534597,0.417733
1053,-1.530781,0.426277
1054,-1.527508,0.435126
1055,-1.524805,0.444253
1056,-1.522690,0.453632
1057,-1.520082,0.463570
1058,-1.517876,0.473549
1059,-1.517791,0.483716
1060,-1.518402,0.494000
1061,-1.519631,0.504249
1062,-1.521451,0.514431
1063,-1.522732,0.524786
1064,-1.523187,0.535599
1065,-1.524467,0.544047
1066,-1.526698,0.552457
1067,-1.529697,0.560973
1068,-1.533282,0.569323
1069,-1.537375,0.577474
1070,-1.541934,0.585375
1071,-1.546908,0.593189
1072,-1.552347,0.600524
1073,-1.558176,0.607540
1074,-1.564488,0.614263
1075,-1.571058,0.620575
1076,-1.577985,0.626494
1077,-1.585239,0.632007
1078,-1.592791,0.637181
1079,-1.600616,0.641863
1080,-1.608699,0.646066
1081,-1.617012,0.649801
1082,-1.625633,0.653079
1083,-1.634322,0.655912
1084,-1.643150,0.658223
1085,-1.652084,0.659989
1086,-1.661108,0.661240
1087,-1.670188,0.661975
1088,-1.679418,0.662287
1089,-1.688671,0.662104
1090,-1.697843,0.661242
1091,-1.706857,0.659924
1092,-1.715777,0.658076
1093,-1.724623,0.655759
1094,-1.733305,0.652943
1095,-1.741783,0.649609
1096,-1.750220,0.645840
1097,-1.758300,0.641563
1098,-1.766158,0.636835
1099,-1.773744,0.631666
1100,-1.780938,0.626058
1101,-1.787806,0.620048
1102,-1.794334,0.613689
1103,-1.800528,0.606978
1104,-1.806356,0.599918
1105,-1.811717,0.592568
1106,-1.816629,0.584899
1107,-1.821128,0.576874
1108,-1.825371,0.568778
1109,-1.828928,0.560411
1110,-1.831983,0.551833
1111,-1.834538,0.543088
1112,-1.836592,0.534212
1113,-1.838139,0.525242
1114,-1.839173,0.516085
1115,-1.839770,0.506976
1116,-1.839771,0.497881
1117,-1.839381,0.488648
1118,-1.838352,0.479602
1119,-1.836877,0.470602
1120,-1.834824,0.461738
1121,-1.832265,0.453000
1122,-1.829217,0.444384
1123,-1.825648,0.435896
1124,-1.821637,0.427704
1125,-1.817274,0.419645
1126,-1.812375,0.411947
1127,-1.807045,0.404574
1128,-1.801282,0.397514
1129,-1.795131,0.390618
1130,-1.788630,0.384195
1131,-1.781758,0.378186
1132,-1.774546,0.372607
1133,-1.767045,0.367444
1134,-1.759245,0.362727
1135,-1.751178,0.358430
1136,-1.742867,0.354535
1137,-1.734400,0.351135
1138,-1.725731,0.348296
1139,-1.716927,0.345947
1140,-1.707871,0.343873
1141,-1.698864,0.342551
1142,-1.689800,0.341712
1143,-1.680695,0.341413
1144,-1.671486,0.341672
1145,-1.662402,0.342412
1146,-1.653358,0.343610
1147,-1.644417,0.345352
1148,-1.635541,0.347562
1149,-1.626875,0.350316
1150,-1.618374,0.353591
1151,-1.610001,0.357283
1152,-1.601720,0.361423
1153,-1.593866,0.366107
1154,-1.586338,0.371208
1155,-1.579092,0.376719
1156,-1.572173,0.382650
1157,-1.565448,0.389023
1158,-1.559232,0.395678
1159,-1.553421,0.402690
1160,-1.547942,0.410017
1161,-1.542954,0.417643
1162,-1.538424,0.425541
1163,-1.534308,0.433684
1164,-1.530462,0.442130
1165,-1.527343,0.450720
1166,-1.524700,0.459431
1167,-1.522569,0.468290
1168,-1.520897,0.477271
1169,-1.519772,0.486341
1170,-1.519180,0.495437
1171,-1.519108,0.504557
1172,-1.519570,0.513676
1173,-1.520332,0.522942
1174,-1.521798,0.531948
1175,-1.523773,0.540836
1176,-1.526278,0.549613
1177,-1.529262,0.558224
1178,-1.532740,0.566649
1179,-1.536661,0.574904
1180,-1.541040,0.582924
1181,-1.545879,0.590849
1182,-1.551127,0.598309
1183,-1.556825,0.605421
1184,-1.562906,0.612248
1185,-1.569354,0.618720
1186,-1.576205,0.624771
1187,-1.583370,0.630410
1188,-1.590872,0.635632
1189,-1.598632,0.640525
1190,-1.606645,0.644872
1191,-1.615043,0.648851
1192,-1.623474,0.652287
1193,-1.632100,0.655197
1194,-1.640873,0.657611
1195,-1.649803,0.659715
1196,-1.658818,0.661128
1197,-1.667888,0.662011
1198,-1.676995,0.662385
1199,-1.686224,0.662186
1200,-1.695328,0.661599
1201,-1.704389,0.660378
1202,-1.713395,0.658735
1203,-1.722258,0.656547
1204,-1.730972,0.653841
1205,-1.739610,0.650695
1206,-1.747971,0.647006
1207,-1.756093,0.642830
1208,-1.764055,0.638264
1209,-1.771662,0.633229
1210,-1.779032,0.627747
1211,-1.786050,0.621876
1212,-1.792677,0.615624
1213,-1.798939,0.608997
1214,-1.804991,0.601965
1215,-1.810540,0.594716
1216,-1.815576,0.587148
1217,-1.820178,0.579275
1218,-1.824325,0.571162
1219,-1.828224,0.562753
1220,-1.831534,0.554205
1221,-1.834246,0.545465
1222,-1.836460,0.536627
1223,-1.838128,0.527652
1224,-1.839337,0.518620
1225,-1.840003,0.509531
1226,-1.840212,0.500377
1227,-1.839872,0.491253
1228,-1.839028,0.482124
1229,-1.837624,0.473113
1230,-1.835705,0.464196
1231,-1.833282,0.455402
1232,-1.830426,0.446685
1233,-1.827029,0.438214
1234,-1.823151,0.429957
1235,-1.818807,0.421935
1236,-1.814001,0.414164
1237,-1.808751,0.406603
1238,-1.803092,0.399425
1239,-1.797082,0.392537
1240,-1.790572,0.386009
1241,-1.783813,0.379878
1242,-1.776705,0.374180
1243,-1.769313,0.368709
1244,-1.761616,0.363823
1245,-1.753622,0.359400
1246,-1.745376,0.355445
1247,-1.736936,0.351976
1248,-1.728276,0.348927
1249,-1.719507,0.346306
1250,-1.710603,0.344305
1251,-1.701577,0.342843
1252,-1.692470,0.341795
1253,-1.683357,0.341352
1254,-1.674238,0.341414
1255,-1.665141,0.342009
1256,-1.655949,0.343021
1257,-1.646988,0.344602
1258,-1.638124,0.346720
1259,-1.629392,0.349345
1260,-1.620579,0.352319
1261,-1.612159,0.355890
1262,-1.603996,0.359955
1263,-1.596081,0.364489
1264,-1.588371,0.369553
1265,-1.581016,0.374929
1266,-1.573924,0.380715
1267,-1.567232,0.386903
1268,-1.560910,0.393468
1269,-1.554749,0.400410
1270,-1.549208,0.407639
1271,-1.544106,0.415211
1272,-1.539363,0.423032
1273,-1.535126,0.431102
1274,-1.531374,0.439412
1275,-1.528062,0.448040
1276,-1.525195,0.456718
1277,-1.522888,0.465556
1278,-1.521115,0.474490
1279,-1.519745,0.483543
1280,-1.518986,0.492610
1281,-1.518707,0.501747
1282,-1.518950,0.510909
1283,-1.519621,0.520169
1284,-1.520910,0.529196
1285,-1.522733,0.538118
1286,-1.525100,0.546926
1287,-1.527880,0.555680
1288,-1.531186,0.564184
1289,-1.535059,0.572564
1290,-1.539301,0.580626
1291,-1.544014,0.588417
1292,-1.549162,0.595986
1293,-1.554663,0.603281
1294,-1.560617,0.610205
1295,-1.566947,0.616802
1296,-1.573704,0.623024
1297,-1.580765,0.628841
1298,-1.588219,0.634313
1299,-1.595878,0.639313
1300,-1.603818,0.643804
1301,-1.612027,0.647825
1302,-1.620446,0.651483
1303,-1.629034,0.654556
1304,-1.637807,0.657239
1305,-1.646701,0.659306
1306,-1.655711,0.660863
1307,-1.664905,0.662052
1308,-1.674037,0.662629
1309,-1.683187,0.662742
1310,-1.692301,0.662243
1311,-1.701392,0.661218
1312,-1.710385,0.659670
1313,-1.719277,0.657630
1314,-1.728168,0.655094
1315,-1.736784,0.652069
1316,-1.745198,0.648540
1317,-1.753398,0.644531
1318,-1.761363,0.640067
1319,-1.769054,0.635118
1320,-1.776522,0.629826
1321,-1.783619,0.624072
1322,-1.790463,0.617833
1323,-1.796863,0.611323
1324,-1.802865,0.604449
1325,-1.808464,0.597238
1326,-1.813679,0.589742
1327,-1.818484,0.581954
1328,-1.822773,0.573902
1329,-1.826603,0.565619
1330,-1.830022,0.556989
1331,-1.832876,0.548343
1332,-1.835446,0.539506
1333,-1.837327,0.530582
1334,-1.838679,0.521557
1335,-1.839502,0.512453
1336,-1.840031,0.503177
1337,-1.839815,0.494038
1338,-1.839062,0.484920
1339,-1.837888,0.475826
1340,-1.836132,0.466843
1341,-1.833829,0.457960
1342,-1.831065,0.449246
1343,-1.827798,0.440706
1344,-1.824029,0.432365
1345,-1.819943,0.423908
1346,-1.815333,0.415953
1347,-1.810228,0.408371
1348,-1.804710,0.401094
1349,-1.798775,0.394147
1350,-1.792464,0.387487
1351,-1.785813,0.381209
1352,-1.778787,0.375384
1353,-1.771432,0.369949
1354,-1.763783,0.364945
1355,-1.755845,0.360398
1356,-1.747679,0.356296
1357,-1.739145,0.352530
1358,-1.730583,0.349335
1359,-1.721843,0.346677
1360,-1.712961,0.344528
1361,-1.703970,0.342890
1362,-1.694900,0.341767
1363,-1.685765,0.341137
1364,-1.676596,0.340979
1365,-1.667449,0.341423
1366,-1.658303,0.342290
1367,-1.649275,0.343745
1368,-1.640232,0.345737
1369,-1.631381,0.348123
1370,-1.622703,0.351063
1371,-1.614206,0.354466
1372,-1.605963,0.358396
1373,-1.597950,0.362819
1374,-1.590136,0.367620
1375,-1.582566,0.372866
1376,-1.575269,0.378629
1377,-1.568454,0.384706
1378,-1.561999,0.391200
1379,-1.555905,0.398069
1380,-1.550237,0.405195
1381,-1.544785,0.412606
1382,-1.539948,0.420353
1383,-1.535577,0.428380
1384,-1.531682,0.436665
1385,-1.528261,0.445137
1386,-1.525325,0.453792
1387,-1.522887,0.462600
1388,-1.520954,0.471541
1389,-1.519416,0.480627
1390,-1.518505,0.489750
1391,-1.518116,0.498881
1392,-1.518080,0.508214
1393,-1.518711,0.517337
1394,-1.519897,0.526401
1395,-1.521574,0.535387
1396,-1.523776,0.544277
1397,-1.526433,0.553199
1398,-1.529562,0.561790
1399,-1.533217,0.570152
1400,-1.537353,0.578304
1401,-1.541948,0.586191
1402,-1.547003,0.593823
1403,-1.552399,0.601436
1404,-1.558223,0.608510
1405,-1.564567,0.615249
1406,-1.571173,0.621586
1407,-1.578147,0.627493
1408,-1.585475,0.632996
1409,-1.593067,0.638066
1410,-1.600936,0.642742
1411,-1.609061,0.646983
1412,-1.617412,0.650686
1413,-1.625991,0.653911
1414,-1.634930,0.657067
1415,-1.643778,0.659313
1416,-1.652762,0.661095
1417,-1.661849,0.662338
1418,-1.670969,0.663057
1419,-1.680116,0.663227
1420,-1.689256,0.662852
1421,-1.698357,0.661987
1422,-1.707407,0.660631
1423,-1.716412,0.658777
1424,-1.725272,0.656369
1425,-1.733942,0.653491
1426,-1.742597,0.650065
1427,-1.750884,0.646207
1428,-1.758979,0.641911
1429,-1.766815,0.637163
1430,-1.774396,0.631972
1431,-1.781648,0.626350
1432,-1.788520,0.620314
1433,-1.795032,0.613878
1434,-1.801329,0.607005
1435,-1.807252,0.599923
1436,-1.812601,0.592485
1437,-1.817501,0.584763
1438,-1.821946,0.576765
1439,-1.825925,0.568525
1440,-1.829550,0.560061
1441,-1.832676,0.551426
1442,-1.835232,0.542493
1443,-1.837308,0.533571
1444,-1.838825,0.524552
1445,-1.839835,0.515465
1446,-1.840377,0.506292
1447,-1.840374,0.497135
1448,-1.839883,0.487921
1449,-1.838833,0.478811
1450,-1.837201,0.469659
1451,-1.835117,0.460735
1452,-1.832574,0.451885
1453,-1.829463,0.443251
1454,-1.825863,0.434838
1455,-1.821829,0.426592
1456,-1.817321,0.418595
1457,-1.812397,0.410641
1458,-1.806987,0.403230
1459,-1.801163,0.396109
1460,-1.794928,0.389389
1461,-1.788351,0.383002
1462,-1.781421,0.376952
1463,-1.774168,0.371337
1464,-1.766593,0.366179
1465,-1.758563,0.361432
1466,-1.750455,0.357177
1467,-1.742123,0.353399
1468,-1.733579,0.350089
1469,-1.724827,0.347150
1470,-1.715943,0.344710
1471,-1.706902,0.342890
1472,-1.697870,0.341555
1473,-1.688746,0.340776
1474,-1.679521,0.340463
1475,-1.670305,0.340647
1476,-1.661161,0.341434
1477,-1.652073,0.342738
1478,-1.643010,0.344477
1479,-1.634035,0.346736
1480,-1.625236,0.349521
1481,-1.616684,0.352822
1482,-1.608185,0.356672
1483,-1.600060,0.360924
1484,-1.592156,0.365630
1485,-1.584499,0.370740
1486,-1.577131,0.376264
1487,-1.570142,0.382273
1488,-1.563483,0.388668
1489,-1.557245,0.395375
1490,-1.551242,0.402464
1491,-1.545796,0.409882
1492,-1.540797,0.417583
1493,-1.536260,0.425570
1494,-1.532135,0.433982
1495,-1.528343,0.442446
1496,-1.525119,0.451079
1497,-1.522472,0.459875
1498,-1.520346,0.468814
1499,-1.518735,0.477862
1500,-1.517643,0.486989
1501,-1.516923,0.496237
1502,-1.516844,0.505430
1503,-1.517250,0.514648
1504,-1.518176,0.523887
1505,-1.519605,0.533007
1506,-1.521510,0.542118
1507,-1.524010,0.551016
1508,-1.527031,0.559739
1509,-1.530551,0.568282
1510,-1.534518,0.576682
1511,-1.538905,0.584859
1512,-1.543734,0.592843
1513,-1.549052,0.600458
1514,-1.554859,0.607860
1515,-1.561004,0.614788
1516,-1.567543,0.621348
1517,-1.574428,0.627668
1518,-1.581650,0.633536
1519,-1.589239,0.638973
1520,-1.596577,0.645607
1521,-1.603807,0.653626
1522,-1.611488,0.661291
1523,-1.618936,0.668395
1524,-1.626396,0.674769
1525,-1.634465,0.681543
1526,-1.643329,0.688925
1527,-1.652728,0.696727
1528,-1.662441,0.704500
1529,-1.672531,0.711867
1530,-1.682978,0.718646
1531,-1.693861,0.724880
1532,-1.705079,0.730437
1533,-1.716575,0.735358
1534,-1.728291,0.739597
1535,-1.740230,0.743188
1536,-1.752499,0.746097
1537,-1.764780,0.748277
1538,-1.777180,0.749750
1539,-1.789666,0.750554
1540,-1.802252,0.750569
1541,-1.814754,0.749930
1542,-1.827158,0.748554
1543,-1.839461,0.746491
1544,-1.851729,0.743639
1545,-1.863728,0.740177
1546,-1.875539,0.736045
1547,-1.887079,0.731250
1548,-1.898355,0.725808
1549,-1.909240,0.719726
1550,-1.919825,0.712955
1551,-1.930012,0.705634
1552,-1.939758,0.697780
1553,-1.948987,0.689388
1554,-1.957746,0.680482
1555,-1.966025,0.671007
1556,-1.973698,0.661149
1557,-1.980848,0.650840
1558,-1.987392,0.640162
1559,-1.993329,0.629020
1560,-1.998553,0.617672
1561,-2.003164,0.606019
1562,-2.007112,0.594108
1563,-2.010405,0.581876
1564,-2.012936,0.569633
1565,-2.014763,0.557220
1566,-2.015937,0.544715
1567,-2.016347,0.532213
1568,-2.016015,0.519599
1569,-2.015021,0.507085
1570,-2.013298,0.494678
1571,-2.010676,0.482216
1572,-2.007576,0.470079
1573,-2.003792,0.458126
1574,-1.999310,0.446431
1575,-1.994172,0.435002
1576,-1.988331,0.423797
1577,-1.981938,0.413013
1578,-1.974921,0.402635
1579,-1.967325,0.392661
1580,-1.959111,0.383068
1581,-1.950410,0.374046
1582,-1.941237,0.365483
1583,-1.931587,0.357480
1584,-1.921491,0.350037
1585,-1.910874,0.343161
1586,-1.899951,0.336894
1587,-1.888723,0.331300
1588,-1.877125,0.326280
1589,-1.865236,0.321986
1590,-1.853216,0.318400
1591,-1.840967,0.315492
1592,-1.828568,0.313237
1593,-1.816019,0.311749
1594,-1.803420,0.310931
1595,-1.790836,0.310880
1596,-1.778258,0.311521
1597,-1.765621,0.312888
1598,-1.753211,0.315011
1599,-1.740924,0.317833
1600,-1.728738,0.321292
1601,-1.716862,0.325434
1602,-1.705170,0.330319
1603,-1.693792,0.335902
1604,-1.682791,0.342032
1605,-1.672168,0.348787
1606,-1.661883,0.356151
1607,-1.651988,0.364169
1608,-1.642704,0.372663
1609,-1.633824,0.381672
1610,-1.625527,0.391191
1611,-1.616823,0.400166
1612,-1.607994,0.408271
1613,-1.600792,0.418206
1614,-1.594667,0.429073
1615,-1.589314,0.440527
1616,-1.584672,0.452286
1617,-1.580689,0.464293
1618,-1.577412,0.476469
1619,-1.574860,0.488941
1620,-1.573010,0.501426
1621,-1.571862,0.514000
1622,-1.571428,0.526619
1623,-1.571756,0.539393
1624,-1.572769,0.551962
1625,-1.574474,0.564480
1626,-1.576934,0.576910
1627,-1.580110,0.589269
1628,-1.583975,0.601280
1629,-1.588516,0.613130
1630,-1.593690,0.624774
1631,-1.599540,0.635950
1632,-1.606108,0.646862
1633,-1.613257,0.657415
1634,-1.620931,0.667466
1635,-1.629171,0.677065
1636,-1.637962,0.686320
1637,-1.647330,0.694899
1638,-1.657111,0.702931
1639,-1.667327,0.710423
1640,-1.677982,0.717331
1641,-1.688980,0.723620
1642,-1.700461,0.729289
1643,-1.712107,0.734285
1644,-1.724017,0.738607
1645,-1.736154,0.742247
1646,-1.748551,0.745169
1647,-1.761067,0.747383
1648,-1.773651,0.748901
1649,-1.786321,0.749715
1650,-1.799128,0.749722
1651,-1.811787,0.749063
1652,-1.822137,0.747347
1653,-1.831931,0.744672
1654,-1.841869,0.741298
1655,-1.851749,0.737664
1656,-1.861655,0.733432
1657,-1.871595,0.728617
1658,-1.873864,0.727279
1659,-1.880046,0.723037
1660,-1.884603,0.715400
1661,-1.890445,0.705288
1662,-1.896886,0.693047
1663,-1.901602,0.682363
1664,-1.906376,0.672331
1665,-1.910819,0.662239
1666,-1.914719,0.651966
1667,-1.918074,0.641509
1668,-1.920831,0.630871
1669,-1.923006,0.620084
1670,-1.924534,0.609216
1671,-1.925447,0.598245
1672,-1.925723,0.587270
1673,-1.925452,0.576286
1674,-1.924448,0.565343
1675,-1.922835,0.554462
1676,-1.920610,0.543686
1677,-1.917065,0.532233
1678,-1.911481,0.519864
1679,-1.905975,0.508524
1680,-1.900666,0.498133
1681,-1.895244,0.488333
1682,-1.889448,0.478916
1683,-1.883186,0.469835
1684,-1.876415,0.461111
1685,-1.869164,0.452785
1686,-1.861454,0.444886
1687,-1.853312,0.437456
1688,-1.844746,0.430483
1689,-1.835802,0.424002
1690,-1.825892,0.417629
1691,-1.814677,0.411347
1692,-1.803876,0.406112
1693,-1.793375,0.401736
1694,-1.782321,0.397418
1695,-1.771391,0.393959
1696,-1.760576,0.391408
1697,-1.749703,0.389525
1698,-1.738674,0.388264
1699,-1.727641,0.387662
1700,-1.716592,0.387678
1701,-1.705580,0.388318
1702,-1.694539,0.389610
1703,-1.683657,0.391500
1704,-1.672883,0.393991
1705,-1.662236,0.397115
1706,-1.651833,0.400833
1707,-1.641610,0.405149
1708,-1.631691,0.410050
1709,-1.622002,0.415499
1710,-1.612695,0.421510
1711,-1.603728,0.428028
1712,-1.595132,0.435051
1713,-1.586955,0.442579
1714,-1.579118,0.450554
1715,-1.570863,0.459245
1716,-1.563803,0.468062
1717,-1.557450,0.477206
1718,-1.551621,0.486762
1719,-1.546427,0.496555
1720,-1.541760,0.506687
1721,-1.537697,0.517064
1722,-1.534253,0.527633
1723,-1.531387,0.538384
1724,-1.529133,0.549364
1725,-1.527538,0.560339
1726,-1.526580,0.571475
1727,-1.526216,0.582616
1728,-1.526489,0.593735
1729,-1.527385,0.604918
1730,-1.528958,0.615910
1731,-1.531167,0.626905
1732,-1.533874,0.637749
1733,-1.537259,0.648328
1734,-1.541283,0.658670
1735,-1.545918,0.668828
1736,-1.551116,0.678645
1737,-1.556874,0.688217
1738,-1.563157,0.697404
1739,-1.569988,0.706232
1740,-1.577232,0.714737
1741,-1.584912,0.722849
1742,-1.593081,0.730456
1743,-1.601658,0.737597
1744,-1.610678,0.744247
1745,-1.620023,0.750307
1746,-1.629698,0.755822
1747,-1.639742,0.760894
1748,-1.649964,0.765279
1749,-1.660507,0.769087
1750,-1.671205,0.772314
1751,-1.682096,0.774937
1752,-1.693116,0.776902
1753,-1.704221,0.778232
1754,-1.715434,0.778974
1755,-1.726582,0.778996
1756,-1.737828,0.778437
1757,-1.748933,0.777191
1758,-1.759969,0.775303
1759,-1.770891,0.772870
1760,-1.781676,0.769753
1761,-1.792210,0.766076
1762,-1.802611,0.761721
1763,-1.812683,0.756796
1764,-1.822433,0.751324
1765,-1.831882,0.745294
1766,-1.841008,0.738698
1767,-1.849710,0.731617
1768,-1.857987,0.724067
1769,-1.865886,0.716016
1770,-1.873231,0.707580
1771,-1.880074,0.698718
1772,-1.886482,0.689432
1773,-1.892285,0.679860
1774,-1.897458,0.669552
1775,-1.902148,0.659328
1776,-1.906232,0.648914
1777,-1.909797,0.638265
1778,-1.912657,0.627452
1779,-1.914941,0.616481
1780,-1.916601,0.605367
1781,-1.917605,0.594209
1782,-1.917954,0.583010
1783,-1.917718,0.571785
1784,-1.916824,0.560570
1785,-1.915256,0.549479
1786,-1.913108,0.538466
1787,-1.910318,0.527584
1788,-1.906893,0.516909
1789,-1.902843,0.506414
1790,-1.898173,0.496183
1791,-1.893008,0.486163
1792,-1.887247,0.476483
1793,-1.880934,0.467204
1794,-1.874094,0.458155
1795,-1.866800,0.449567
1796,-1.859020,0.441486
1797,-1.850743,0.433793
1798,-1.841997,0.426655
1799,-1.832871,0.420014
