0,-0.691583,1.552400
1,-0.691583,1.552400
2,-0.691583,1.552400
3,-0.701751,1.545568
4,-0.715051,1.534990
5,-0.727694,1.523628
6,-0.739670,1.511567
7,-0.750940,1.498843
8,-0.761468,1.485498
9,-0.771220,1.471576
10,-0.780164,1.457122
11,-0.788271,1.442183
12,-0.795515,1.426806
13,-0.801872,1.411042
14,-0.807322,1.394942
15,-0.811848,1.378558
16,-0.815434,1.361943
17,-0.818068,1.345151
18,-0.819743,1.328236
19,-0.820453,1.311254
20,-0.820196,1.294258
21,-0.818972,1.277305
22,-0.816785,1.260448
23,-0.813643,1.243744
24,-0.809556,1.227245
25,-0.804536,1.211005
26,-0.798601,1.195078
27,-0.796917,1.190636
28,-0.796917,1.190636
29,-0.796917,1.190636
30,-0.796917,1.190636
31,-0.785345,1.194656
32,-0.769791,1.201501
33,-0.754673,1.209270
34,-0.740021,1.217887
35,-0.725884,1.227323
36,-0.721948,1.229982
37,-0.721948,1.229982
38,-0.719600,1.242005
39,-0.717691,1.258892
40,-0.716800,1.275866
41,-0.716876,1.292863
42,-0.717919,1.309829
43,-0.718238,1.314568
44,-0.718238,1.314568
45,-0.718238,1.314568
46,-0.718238,1.314568
47,-0.718238,1.314568
48,-0.718238,1.314568
49,-0.726790,1.305797
50,-0.737640,1.292718
51,-0.747687,1.279007
52,-0.756937,1.264747
53,-0.765360,1.249984
54,-0.772931,1.234765
55,-0.779623,1.219141
56,-0.785415,1.203160
57,-0.790289,1.186877
58,-0.794228,1.170342
59,-0.797220,1.153610
60,-0.799255,1.136734
61,-0.800327,1.119771
62,-0.800432,1.102774
63,-0.799570,1.085798
64,-0.797744,1.068899
65,-0.794959,1.052131
66,-0.791224,1.035549
67,-0.786552,1.019206
68,-0.785220,1.014647
69,-0.785220,1.014647
70,-0.785220,1.014647
71,-0.785220,1.014647
72,-0.773370,1.017749
73,-0.757328,1.023357
74,-0.741649,1.029921
75,-0.726368,1.037366
76,-0.711536,1.045668
77,-0.697201,1.054801
78,-0.683408,1.064735
79,-0.670203,1.075437
80,-0.657628,1.086873
81,-0.654132,1.090089
82,-0.649105,1.101260
83,-0.643395,1.117266
84,-0.638657,1.133590
85,-0.634855,1.150156
86,-0.632002,1.166913
87,-0.630107,1.183804
88,-0.629176,1.200776
89,-0.629213,1.217774
90,-0.631022,1.219665
91,-0.632924,1.221781
92,-0.634954,1.224115
93,-0.637143,1.226658
94,-0.639522,1.229397
95,-0.642119,1.232317
96,-0.644964,1.235401
97,-0.648082,1.238628
98,-0.651499,1.241974
99,-0.655237,1.245416
100,-0.659319,1.248924
101,-0.663764,1.252470
102,-0.668587,1.256023
103,-0.673804,1.259547
104,-0.679425,1.263010
105,-0.685460,1.266374
106,-0.691354,1.272337
107,-0.697305,1.279309
108,-0.703393,1.285355
109,-0.709927,1.290385
110,-0.716758,1.295012
111,-0.723860,1.299245
112,-0.731210,1.303068
113,-0.738784,1.306467
114,-0.746558,1.309430
115,-0.754505,1.311945
116,-0.762601,1.314001
117,-0.770819,1.315590
118,-0.779131,1.316704
119,-0.787511,1.317339
120,-0.795930,1.317489
121,-0.804361,1.317153
122,-0.812775,1.316330
123,-0.821143,1.315021
124,-0.829439,1.313228
125,-0.837633,1.310955
126,-0.845699,1.308208
127,-0.853608,1.304995
128,-0.861333,1.301324
129,-0.868849,1.297207
130,-0.876128,1.292654
131,-0.883147,1.287681
132,-0.889880,1.282301
133,-0.896304,1.276531
134,-0.902396,1.270390
135,-0.908135,1.263896
136,-0.913500,1.257069
137,-0.918473,1.249932
138,-0.923035,1.242507
139,-0.927169,1.234817
140,-0.930860,1.226888
141,-0.934095,1.218744
142,-0.936860,1.210413
143,-0.939145,1.201922
144,-0.940941,1.193298
145,-0.942240,1.184569
146,-0.943036,1.175765
147,-0.943325,1.166914
148,-0.943103,1.158045
149,-0.942371,1.149189
150,-0.941128,1.140374
151,-0.939376,1.131630
152,-0.937121,1.122987
153,-0.934368,1.114474
154,-0.931125,1.106118
155,-0.927400,1.097949
156,-0.923204,1.089995
157,-0.920145,1.082717
158,-0.916338,1.075834
159,-0.915357,1.074550
160,-0.916987,1.068444
161,-0.915709,1.060488
162,-0.913678,1.057862
163,-0.910296,1.054122
164,-0.906419,1.048648
165,-0.901793,1.044072
166,-0.897441,1.040123
167,-0.893068,1.036641
168,-0.888696,1.033631
169,-0.884354,1.031126
170,-0.883815,1.030830
171,-0.883815,1.030830
172,-0.883815,1.030830
173,-0.883815,1.030830
174,-0.883815,1.030830
175,-0.883815,1.030830
176,-0.883815,1.030830
177,-0.883815,1.030830
178,-0.884460,1.030537
179,-0.885499,1.030009
180,-0.894820,1.020704
181,-0.907889,1.008035
182,-0.920715,0.994677
183,-0.933239,0.980630
184,-0.945363,0.965860
185,-0.956489,0.950338
186,-0.965879,0.939480
187,-0.974906,0.926321
188,-0.983721,0.912374
189,-0.992139,0.897725
190,-1.000154,0.882274
191,-1.011045,0.869717
192,-1.022245,0.858923
193,-1.028076,0.845428
194,-1.030581,0.837494
195,-1.031349,0.835363
196,-1.030114,0.832087
197,-1.028075,0.828490
198,-1.025639,0.824879
199,-1.022799,0.821335
200,-1.019865,0.818015
201,-1.016747,0.814836
202,-1.013454,0.811829
203,-1.009995,0.809011
204,-1.006380,0.806393
205,-1.002559,0.804022
206,-0.998654,0.801817
207,-0.994502,0.799875
208,-0.990391,0.798185
209,-0.986186,0.796704
210,-0.981902,0.795456
211,-0.977553,0.794451
212,-0.973129,0.793762
213,-0.968654,0.793247
214,-0.964187,0.792989
215,-0.959604,0.793072
216,-0.955168,0.793373
217,-0.950742,0.793899
218,-0.946296,0.794611
219,-0.941956,0.795614
220,-0.937684,0.796946
221,-0.933443,0.798460
222,-0.929322,0.800202
223,-0.925315,0.802174
224,-0.921402,0.804506
225,-0.917596,0.806905
226,-0.913995,0.809516
227,-0.910547,0.812344
228,-0.907299,0.815433
229,-0.904168,0.818660
230,-0.901242,0.822043
231,-0.898545,0.825721
232,-0.896055,0.829414
233,-0.893681,0.833232
234,-0.891607,0.837172
235,-0.889765,0.841234
236,-0.890200,0.851125
237,-0.892484,0.862784
238,-0.896299,0.874642
239,-0.901153,0.886380
240,-0.906823,0.897867
241,-0.913177,0.909012
242,-0.920211,0.919800
243,-0.927860,0.930170
244,-0.936094,0.940088
245,-0.944820,0.949478
246,-0.954120,0.958426
247,-0.963926,0.966813
248,-0.974187,0.974622
249,-0.984875,0.981833
250,-0.995925,0.988426
251,-1.007360,0.994380
252,-1.019117,0.999672
253,-1.031157,1.004286
254,-1.043440,1.008207
255,-1.055954,1.011423
256,-1.068582,1.013920
257,-1.081359,1.015636
258,-1.094217,1.016683
259,-1.107110,1.016997
260,-1.119999,1.016576
261,-1.132825,1.015353
262,-1.145594,1.013470
263,-1.158226,1.010865
264,-1.170624,1.007582
265,-1.182917,1.003570
266,-1.194892,0.998805
267,-1.206620,0.993430
268,-1.218015,0.987402
269,-1.229048,0.980739
270,-1.239683,0.973460
271,-1.249832,0.965537
272,-1.259578,0.957084
273,-1.268804,0.948124
274,-1.277522,0.938625
275,-1.285684,0.928648
276,-1.293199,0.918191
277,-1.300174,0.907374
278,-1.306527,0.896154
279,-1.312229,0.884595
280,-1.317263,0.872729
281,-1.321545,0.860590
282,-1.325211,0.848248
283,-1.328164,0.835718
284,-1.330419,0.822997
285,-1.331939,0.810197
286,-1.332654,0.797346
287,-1.332730,0.784479
288,-1.332053,0.771612
289,-1.330644,0.758808
290,-1.328509,0.746104
291,-1.325590,0.733569
292,-1.322045,0.721202
293,-1.317786,0.709042
294,-1.312839,0.697147
295,-1.307225,0.685554
296,-1.300903,0.674345
297,-1.294028,0.663463
298,-1.286526,0.652989
299,-1.278441,0.642960
300,-1.269798,0.633409
301,-1.260591,0.624421
302,-1.250942,0.615912
303,-1.240803,0.607962
304,-1.230292,0.600628
305,-1.219298,0.593850
306,-1.207970,0.587790
307,-1.196304,0.582318
308,-1.184353,0.577523
309,-1.172151,0.573415
310,-1.159734,0.570082
311,-1.147167,0.567378
312,-1.134438,0.565398
313,-1.121626,0.564147
314,-1.108764,0.563626
315,-1.095913,0.563898
316,-1.083086,0.564842
317,-1.070318,0.566512
318,-1.057670,0.568906
319,-1.045196,0.572090
320,-1.032901,0.575902
321,-1.020844,0.580407
322,-1.009063,0.585592
323,-0.997645,0.591394
324,-0.986539,0.597944
325,-0.975791,0.605053
326,-0.965476,0.612751
327,-0.955618,0.621019
328,-0.946246,0.629833
329,-0.937453,0.639202
330,-0.929134,0.649033
331,-0.921394,0.659312
332,-0.914252,0.670012
333,-0.907731,0.681100
334,-0.901922,0.692562
335,-0.896696,0.704331
336,-0.892157,0.716374
337,-0.888305,0.728621
338,-0.885161,0.741098
339,-0.882807,0.753730
340,-0.881100,0.766497
341,-0.880124,0.779328
342,-0.879849,0.792098
343,-0.880312,0.804995
344,-0.881585,0.817786
345,-0.883513,0.830516
346,-0.886138,0.843078
347,-0.889491,0.855494
348,-0.893546,0.867697
349,-0.898350,0.879608
350,-0.903749,0.891266
351,-0.909814,0.902607
352,-0.916515,0.913581
353,-0.923831,0.924155
354,-0.931782,0.934238
355,-0.940228,0.943912
356,-0.949233,0.953094
357,-0.958743,0.961747
358,-0.968729,0.969845
359,-0.979189,0.977292
360,-0.990013,0.984210
361,-1.001165,0.990479
362,-1.012744,0.996148
363,-1.024601,1.001054
364,-1.036702,1.005370
365,-1.049045,1.008979
366,-1.061564,1.011878
367,-1.074227,1.014060
368,-1.086984,1.015443
369,-1.099804,1.016190
370,-1.112656,1.016191
371,-1.125484,1.015462
372,-1.138250,1.014003
373,-1.150828,1.011710
374,-1.163359,1.008853
375,-1.175687,1.005268
376,-1.187787,1.000982
377,-1.199625,0.996010
378,-1.211160,0.990373
379,-1.222356,0.984085
380,-1.233134,0.977221
381,-1.243584,0.969699
382,-1.253561,0.961608
383,-1.263058,0.952967
384,-1.272046,0.943801
385,-1.280499,0.934140
386,-1.288388,0.924010
387,-1.295687,0.913449
388,-1.302374,0.902489
389,-1.308413,0.891196
390,-1.313816,0.879544
391,-1.318546,0.867607
392,-1.322595,0.855452
393,-1.325943,0.843053
394,-1.328577,0.830486
395,-1.330417,0.817795
396,-1.331609,0.804997
397,-1.332070,0.792196
398,-1.331801,0.779353
399,-1.330832,0.766603
400,-1.329081,0.753871
401,-1.326636,0.741219
402,-1.323501,0.728802
403,-1.319598,0.716602
404,-1.315063,0.704583
405,-1.309855,0.692851
406,-1.303989,0.681436
407,-1.297485,0.670374
408,-1.290313,0.659758
409,-1.282586,0.649491
410,-1.274295,0.639692
411,-1.265463,0.630382
412,-1.256117,0.621590
413,-1.246258,0.613412
414,-1.235962,0.605726
415,-1.225256,0.598646
416,-1.214169,0.592188
417,-1.202733,0.586371
418,-1.191023,0.581286
419,-1.178924,0.576771
420,-1.166697,0.572985
421,-1.154257,0.569890
422,-1.141657,0.567506
423,-1.128955,0.565917
424,-1.116145,0.564976
425,-1.103318,0.564767
426,-1.090503,0.565286
427,-1.077739,0.566532
428,-1.065105,0.568568
429,-1.052544,0.571257
430,-1.040173,0.574652
431,-1.028020,0.578743
432,-1.016119,0.583517
433,-1.004562,0.589014
434,-0.993262,0.595113
435,-0.982341,0.601837
436,-0.971823,0.609168
437,-0.961750,0.617039
438,-0.952177,0.625550
439,-0.943032,0.634558
440,-0.934430,0.644068
441,-0.926387,0.654045
442,-0.918928,0.664425
443,-0.912142,0.675259
444,-0.905885,0.686466
445,-0.900292,0.697999
446,-0.895361,0.709793
447,-0.891107,0.721877
448,-0.887626,0.734175
449,-0.884760,0.746682
450,-0.882617,0.759313
451,-0.881178,0.772007
452,-0.880472,0.784792
453,-0.880567,0.797564
454,-0.881305,0.810368
455,-0.882752,0.823061
456,-0.884928,0.835675
457,-0.887785,0.848090
458,-0.891421,0.860352
459,-0.895677,0.872441
460,-0.900569,0.884222
461,-0.906136,0.895724
462,-0.912336,0.906888
463,-0.919149,0.917684
464,-0.926607,0.928037
465,-0.934506,0.938003
466,-0.942957,0.947528
467,-0.951895,0.956574
468,-0.961279,0.965126
469,-0.971375,0.972942
470,-0.981537,0.980459
471,-0.992002,0.987471
472,-1.002732,0.993979
473,-1.013681,0.999998
474,-1.024765,1.005568
475,-1.035998,1.010704
476,-1.047306,1.015465
477,-1.058633,1.019926
478,-1.066864,1.023244
479,-1.071795,1.026037
480,-1.076667,1.029076
481,-1.082003,1.032321
482,-1.086733,1.035087
483,-1.090962,1.037298
484,-1.095117,1.039175
485,-1.099312,1.040784
486,-1.103753,1.042125
487,-1.108061,1.043207
488,-1.112438,1.044050
489,-1.116862,1.044644
490,-1.121314,1.044987
491,-1.125780,1.045077
492,-1.130280,1.044851
493,-1.134781,1.044493
494,-1.139195,1.043834
495,-1.143564,1.042916
496,-1.147935,1.041608
497,-1.152159,1.040177
498,-1.156297,1.038444
499,-1.160435,1.036563
500,-1.164372,1.034472
501,-1.168176,1.032140
502,-1.171839,1.029589
503,-1.175383,1.026700
504,-1.178694,1.023727
505,-1.181853,1.020578
506,-1.184816,1.017188
507,-1.187691,1.013701
508,-1.190289,1.010074
509,-1.192669,1.006298
510,-1.194827,1.002389
511,-1.196710,0.998243
512,-1.198383,0.994112
513,-1.199787,0.989822
514,-1.201087,0.985499
515,-1.202062,0.981148
516,-1.202780,0.976744
517,-1.203243,0.972304
518,-1.203357,0.967754
519,-1.203290,0.963298
520,-1.202910,0.958845
521,-1.202384,0.954312
522,-1.201607,0.949924
523,-1.200557,0.945588
524,-1.199254,0.941320
525,-1.197585,0.937084
526,-1.195785,0.933008
527,-1.193763,0.929029
528,-1.191451,0.925187
529,-1.189002,0.921363
530,-1.186352,0.917773
531,-1.183490,0.914348
532,-1.180304,0.911103
533,-1.177058,0.908048
534,-1.173645,0.905173
535,-1.170073,0.902493
536,-1.166282,0.899983
537,-1.162438,0.897702
538,-1.158466,0.895662
539,-1.154242,0.893930
540,-1.150061,0.892385
541,-1.145796,0.891070
542,-1.141462,0.889997
543,-1.137040,0.889234
544,-1.132552,0.888583
545,-1.128100,0.888246
546,-1.123637,0.888174
547,-1.119079,0.888487
548,-1.114646,0.888950
549,-1.110239,0.889655
550,-1.105877,0.890608
551,-1.101638,0.891836
552,-1.097369,0.893233
553,-1.093222,0.894887
554,-1.089187,0.896779
555,-1.085240,0.899033
556,-1.081469,0.901388
557,-1.077827,0.903950
558,-1.074332,0.906714
559,-1.070999,0.909673
560,-1.067839,0.912816
561,-1.064862,0.916135
562,-1.062096,0.919757
563,-1.059544,0.923400
564,-1.057187,0.927183
565,-1.055044,0.931095
566,-1.053125,0.935123
567,-1.051362,0.939263
568,-1.049907,0.943473
569,-1.048763,0.947896
570,-1.047848,0.952247
571,-1.047160,0.956653
572,-1.046717,0.961094
573,-1.046594,0.965578
574,-1.046588,0.970115
575,-1.046888,0.974569
576,-1.047453,0.978996
577,-1.048388,0.983462
578,-1.049484,0.987776
579,-1.050812,0.992034
580,-1.052377,0.996215
581,-1.054208,1.000356
582,-1.056227,1.004360
583,-1.058475,1.008222
584,-1.060941,1.011943
585,-1.063754,1.015525
586,-1.066639,1.018920
587,-1.069711,1.022157
588,-1.072969,1.025290
589,-1.076419,1.028140
590,-1.080000,1.030827
591,-1.083724,1.033294
592,-1.087718,1.035503
593,-1.091699,1.037496
594,-1.095789,1.039276
595,-1.099975,1.040824
596,-1.104307,1.042130
597,-1.108656,1.043236
598,-1.113047,1.044063
599,-1.117603,1.044560
600,-1.122039,1.044820
601,-1.126496,1.044856
602,-1.130953,1.044646
603,-1.135393,1.044185
604,-1.139893,1.043445
605,-1.144286,1.042533
606,-1.148585,1.041338
607,-1.152804,1.039889
608,-1.156982,1.038038
609,-1.160991,1.036095
610,-1.164893,1.033933
611,-1.168669,1.031555
612,-1.172268,1.028903
613,-1.175791,1.026087
614,-1.179123,1.023099
615,-1.182271,1.019931
616,-1.185294,1.016460
617,-1.188031,1.012962
618,-1.190575,1.009305
619,-1.192912,1.005504
620,-1.195030,1.001575
621,-1.196880,0.997464
622,-1.198547,0.993307
623,-1.200041,0.989042
624,-1.201160,0.984635
625,-1.202062,0.980282
626,-1.202726,0.975874
627,-1.203141,0.971432
628,-1.203233,0.966945
629,-1.203147,0.962449
630,-1.202806,0.957990
631,-1.202263,0.953509
632,-1.201318,0.949065
633,-1.200205,0.944761
634,-1.198853,0.940513
635,-1.197263,0.936345
636,-1.195368,0.932297
637,-1.193300,0.928290
638,-1.191024,0.924437
639,-1.188556,0.920655
640,-1.185717,0.917089
641,-1.182817,0.913715
642,-1.179727,0.910502
643,-1.176458,0.907466
644,-1.173021,0.904620
645,-1.169355,0.902003
646,-1.165603,0.899551
647,-1.161705,0.897254
648,-1.157607,0.895285
649,-1.153519,0.893551
650,-1.149328,0.892038
651,-1.145054,0.890761
652,-1.140713,0.889728
653,-1.136265,0.888999
654,-1.131820,0.888459
655,-1.127364,0.888174
656,-1.122747,0.888177
657,-1.118317,0.888427
658,-1.113891,0.888921
659,-1.109493,0.889665
660,-1.105133,0.890732
661,-1.100816,0.891972
662,-1.096597,0.893449
663,-1.092476,0.895162
664,-1.088333,0.897191
665,-1.084477,0.899379
666,-1.080727,0.901781
667,-1.077112,0.904393
668,-1.073683,0.907275
669,-1.070349,0.910303
670,-1.067216,0.913495
671,-1.064276,0.916854
672,-1.061459,0.920382
673,-1.058954,0.924164
674,-1.056656,0.927970
675,-1.054569,0.931908
676,-1.052706,0.935961
677,-1.051125,0.940176
678,-1.049723,0.944432
679,-1.048570,0.948747
680,-1.047729,0.953259
681,-1.047056,0.957687
682,-1.046671,0.962117
683,-1.046538,0.966572
684,-1.046659,0.971031
685,-1.047105,0.975511
686,-1.047729,0.979949
687,-1.048602,0.984329
688,-1.049691,0.988725
689,-1.051162,0.993035
690,-1.052788,0.997166
691,-1.054643,1.001217
692,-1.056725,1.005161
693,-1.059103,1.008970
694,-1.061629,1.012683
695,-1.064350,1.016228
696,-1.067266,1.019607
697,-1.070511,1.022907
698,-1.073786,1.025889
699,-1.077238,1.028700
700,-1.080848,1.031316
701,-1.084649,1.033663
702,-1.088571,1.035890
703,-1.092582,1.037869
704,-1.096691,1.039612
705,-1.100925,1.041190
706,-1.105310,1.042383
707,-1.109643,1.043372
708,-1.114036,1.044121
709,-1.118467,1.044622
710,-1.122932,1.044793
711,-1.127460,1.044798
712,-1.131926,1.044544
713,-1.136361,1.044037
714,-1.140889,1.043217
715,-1.145206,1.042192
716,-1.149475,1.040922
717,-1.153669,1.039412
718,-1.157773,1.037665
719,-1.161765,1.035608
720,-1.165680,1.033396
721,-1.169438,1.030977
722,-1.173084,1.028193
723,-1.176574,1.025382
724,-1.179836,1.022366
725,-1.182928,1.019159
726,-1.185835,1.015779
727,-1.188546,1.012237
728,-1.191015,1.008473
729,-1.193324,1.004629
730,-1.195401,1.000676
731,-1.197193,0.996458
732,-1.198854,0.992294
733,-1.200210,0.988062
734,-1.201322,0.983749
735,-1.202187,0.979374
736,-1.202724,0.974940
737,-1.203102,0.970442
738,-1.203218,0.965971
739,-1.203077,0.961511
740,-1.202528,0.956959
741,-1.201922,0.952507
742,-1.201024,0.948154
743,-1.199869,0.943851
744,-1.198467,0.939619
745,-1.196750,0.935495
746,-1.194861,0.931389
747,-1.192760,0.927441
748,-1.190441,0.923629
749,-1.187777,0.919863
750,-1.185045,0.916372
751,-1.182107,0.913029
752,-1.178979,0.909854
753,-1.175673,0.906861
754,-1.172202,0.904060
755,-1.168491,0.901481
756,-1.164717,0.899077
757,-1.160703,0.896860
758,-1.156775,0.894957
759,-1.152682,0.893267
760,-1.148479,0.891808
761,-1.144195,0.890590
762,-1.139845,0.889617
763,-1.135446,0.888893
764,-1.130955,0.888486
765,-1.126482,0.888259
766,-1.122019,0.888288
767,-1.117570,0.888572
768,-1.113144,0.889108
769,-1.108757,0.889895
770,-1.104420,0.890931
771,-1.100149,0.892213
772,-1.095891,0.893997
773,-1.091764,0.895785
774,-1.087768,0.897784
775,-1.083899,0.900003
776,-1.080163,0.902436
777,-1.076573,0.905078
778,-1.073137,0.907921
779,-1.069869,0.910955
780,-1.066694,0.914176
781,-1.063805,0.917697
782,-1.061154,0.921329
783,-1.058661,0.925038
784,-1.056387,0.928875
785,-1.054335,0.932833
786,-1.052512,0.936902
787,-1.050923,0.941068
788,-1.049574,0.945318
789,-1.048461,0.949848
790,-1.047705,0.954280
791,-1.047115,0.958710
792,-1.046775,0.963157
793,-1.046690,0.967614
794,-1.046857,0.972068
795,-1.047278,0.976506
796,-1.047951,0.980914
797,-1.048873,0.985277
798,-1.050007,0.989669
799,-1.051627,0.994023
800,-1.053314,0.998144
801,-1.055218,1.002172
802,-1.057343,1.006090
803,-1.059686,1.009881
804,-1.062241,1.013534
805,-1.065001,1.017036
806,-1.067955,1.020376
807,-1.071199,1.023612
808,-1.074697,1.026682
809,-1.078197,1.029427
810,-1.081839,1.031986
811,-1.085620,1.034341
812,-1.089529,1.036480
813,-1.093555,1.038393
814,-1.097683,1.040075
815,-1.101901,1.041520
816,-1.106224,1.042644
817,-1.110652,1.043629
818,-1.115297,1.044321
819,-1.119699,1.044762
820,-1.124141,1.044948
821,-1.128594,1.044880
822,-1.133038,1.044559
823,-1.137458,1.043984
824,-1.141839,1.043160
825,-1.146166,1.042087
826,-1.150458,1.040680
827,-1.154751,1.038956
828,-1.158888,1.037180
829,-1.162842,1.035163
830,-1.166682,1.032913
831,-1.170389,1.030443
832,-1.173951,1.027764
833,-1.177356,1.024887
834,-1.180592,1.021820
835,-1.183633,1.018482
836,-1.186548,1.014841
837,-1.189265,1.011249
838,-1.191706,1.007540
839,-1.193933,1.003687
840,-1.195939,0.999709
841,-1.197715,0.995622
842,-1.199256,0.991439
843,-1.200557,0.987175
844,-1.201556,0.982769
845,-1.202377,0.978362
846,-1.202861,0.973687
847,-1.203133,0.969264
848,-1.203160,0.964815
849,-1.202937,0.960367
850,-1.202461,0.955937
851,-1.201735,0.951540
852,-1.200759,0.947190
853,-1.199446,0.942867
854,-1.197982,0.938626
855,-1.196297,0.934388
856,-1.194398,0.930368
857,-1.192249,0.926478
858,-1.189705,0.922646
859,-1.187043,0.919037
860,-1.184228,0.915587
861,-1.181228,0.912292
862,-1.177951,0.909195
863,-1.174555,0.906202
864,-1.171036,0.903450
865,-1.167318,0.900796
866,-1.163545,0.898467
867,-1.159624,0.896369
868,-1.155371,0.894529
869,-1.151189,0.892945
870,-1.146952,0.891577
871,-1.142642,0.890441
872,-1.138171,0.889610
873,-1.133721,0.888952
874,-1.129274,0.888556
875,-1.124761,0.888336
876,-1.120320,0.888444
877,-1.115885,0.888816
878,-1.111298,0.889599
879,-1.106941,0.890527
880,-1.102638,0.891676
881,-1.098402,0.893062
882,-1.094202,0.894786
883,-1.090122,0.896643
884,-1.086080,0.898685
885,-1.082272,0.900974
886,-1.078600,0.903490
887,-1.075077,0.906216
888,-1.071653,0.909375
889,-1.068494,0.912512
890,-1.065502,0.915814
891,-1.062760,0.919340
892,-1.060068,0.923046
893,-1.057550,0.926845
894,-1.055369,0.930716
895,-1.053421,0.934721
896,-1.051708,0.938835
897,-1.050284,0.943221
898,-1.049102,0.947584
899,-1.048146,0.951939
900,-1.047426,0.956343
901,-1.046955,0.960783
902,-1.046739,0.965485
903,-1.046749,0.969983
904,-1.047043,0.974437
905,-1.047598,0.978870
906,-1.048409,0.983265
907,-1.049470,0.987608
908,-1.050989,0.992034
909,-1.052571,0.996217
910,-1.054380,1.000313
911,-1.056556,1.004392
912,-1.058873,1.008494
913,-1.061378,1.012296
914,-1.064091,1.015891
915,-1.067019,1.019326
916,-1.070147,1.022590
917,-1.073656,1.025688
918,-1.077329,1.028618
919,-1.081074,1.031312
920,-1.084987,1.033806
921,-1.089294,1.036107
922,-1.093746,1.038356
923,-1.098317,1.040218
924,-1.103094,1.041798
925,-1.108100,1.043093
926,-1.113347,1.044078
927,-1.119029,1.044502
928,-1.124834,1.044699
929,-1.130935,1.044366
930,-1.139140,1.038716
931,-1.146734,1.038055
932,-1.153097,1.039208
933,-1.157955,1.038483
934,-1.162326,1.037102
935,-1.166468,1.035359
936,-1.170460,1.033347
937,-1.174317,1.031100
938,-1.178037,1.028633
939,-1.181609,1.025957
940,-1.185023,1.023081
941,-1.188268,1.020015
942,-1.191335,1.016768
943,-1.194182,1.013296
944,-1.196873,1.009706
945,-1.199349,1.005982
946,-1.201607,1.002128
947,-1.203586,0.998027
948,-1.205370,0.993940
949,-1.206871,0.989730
950,-1.208204,0.985428
951,-1.209287,0.981084
952,-1.210119,0.976692
953,-1.210700,0.972263
954,-1.210947,0.967730
955,-1.211004,0.963271
956,-1.210813,0.958809
957,-1.210305,0.954326
958,-1.209614,0.949900
959,-1.208674,0.945529
960,-1.207384,0.941172
961,-1.205938,0.936953
962,-1.204261,0.932814
963,-1.202352,0.928774
964,-1.200151,0.924845
965,-1.197791,0.921035
966,-1.195107,0.917356
967,-1.192346,0.913808
968,-1.189389,0.910472
969,-1.186237,0.907310
970,-1.182843,0.904353
971,-1.179337,0.901560
972,-1.175560,0.898977
973,-1.171756,0.896589
974,-1.167856,0.894445
975,-1.163824,0.892531
976,-1.159640,0.890896
977,-1.155391,0.889445
978,-1.151081,0.888242
979,-1.146715,0.887285
980,-1.142170,0.886614
981,-1.137738,0.886171
982,-1.133278,0.885983
983,-1.128778,0.886108
984,-1.124309,0.886428
985,-1.119874,0.887000
986,-1.115425,0.887786
987,-1.111043,0.888936
988,-1.106791,0.890264
989,-1.102602,0.891899
990,-1.098500,0.893707
991,-1.094516,0.895740
992,-1.090657,0.897994
993,-1.086865,0.900546
994,-1.083353,0.903172
995,-1.080002,0.906093
996,-1.076744,0.909189
997,-1.073681,0.912450
998,-1.070814,0.915874
999,-1.068146,0.919455
1000,-1.065687,0.923182
1001,-1.063444,0.927044
1002,-1.061424,0.931027
1003,-1.059673,0.935174
1004,-1.058112,0.939374
1005,-1.056794,0.943645
1006,-1.055722,0.947982
1007,-1.054898,0.952373
1008,-1.054326,0.956804
1009,-1.054138,0.961380
1010,-1.054103,0.965857
1011,-1.054303,0.970322
1012,-1.054752,0.974768
1013,-1.055451,0.979180
1014,-1.056399,0.983546
1015,-1.057595,0.987852
1016,-1.059183,0.992200
1017,-1.060874,0.996343
1018,-1.062792,1.000378
1019,-1.064935,1.004297
1020,-1.067297,1.008087
1021,-1.069872,1.011737
1022,-1.072776,1.015271
1023,-1.075753,1.018628
1024,-1.078904,1.021773
1025,-1.082301,1.024708
1026,-1.085820,1.027494
1027,-1.089479,1.030066
1028,-1.093275,1.032425
1029,-1.097198,1.034563
1030,-1.101396,1.036476
1031,-1.105525,1.038129
1032,-1.109801,1.039502
1033,-1.114125,1.040691
1034,-1.118497,1.041631
1035,-1.122912,1.042320
1036,-1.127397,1.042812
1037,-1.131846,1.043015
1038,-1.136309,1.042946
1039,-1.140837,1.042158
1040,-1.145264,1.041525
1041,-1.149647,1.040675
1042,-1.153974,1.039587
1043,-1.158295,1.038289
1044,-1.162466,1.036748
1045,-1.166544,1.034950
1046,-1.170513,1.032917
1047,-1.174361,1.030658
1048,-1.178075,1.028182
1049,-1.181643,1.025499
1050,-1.185053,1.022616
1051,-1.188368,1.019573
1052,-1.191428,1.016333
1053,-1.194296,1.012913
1054,-1.196964,1.009332
1055,-1.199383,1.005550
1056,-1.201642,1.001666
1057,-1.203669,0.997678
1058,-1.205527,0.993559
1059,-1.207102,0.989396
1060,-1.208421,0.985135
1061,-1.209420,0.980692
1062,-1.210150,0.976278
1063,-1.210711,0.971819
1064,-1.211021,0.967355
1065,-1.211077,0.962887
1066,-1.210949,0.958385
1067,-1.210505,0.953950
1068,-1.209693,0.949470
1069,-1.208713,0.945125
1070,-1.207428,0.940811
1071,-1.205969,0.936577
1072,-1.204277,0.932440
1073,-1.202381,0.928343
1074,-1.200257,0.924430
1075,-1.197766,0.920622
1076,-1.195110,0.917030
1077,-1.192294,0.913519
1078,-1.189304,0.910190
1079,-1.186134,0.907041
1080,-1.182774,0.904013
1081,-1.179306,0.901233
1082,-1.175535,0.898702
1083,-1.171734,0.896377
1084,-1.167744,0.894299
1085,-1.163687,0.892398
1086,-1.159538,0.890735
1087,-1.155305,0.889310
1088,-1.150970,0.888064
1089,-1.146499,0.887213
1090,-1.142093,0.886551
1091,-1.137606,0.886192
1092,-1.133132,0.886025
1093,-1.128664,0.886111
1094,-1.124210,0.886452
1095,-1.119728,0.887003
1096,-1.115265,0.887924
1097,-1.110973,0.889116
1098,-1.106690,0.890478
1099,-1.102509,0.892068
1100,-1.098430,0.893890
1101,-1.094463,0.895941
1102,-1.090619,0.898213
1103,-1.086844,0.900670
1104,-1.083268,0.903485
1105,-1.079913,0.906458
1106,-1.076679,0.909561
1107,-1.073633,0.912832
1108,-1.070779,0.916267
1109,-1.068126,0.919859
1110,-1.065607,0.923591
1111,-1.063409,0.927583
1112,-1.061485,0.931627
1113,-1.059718,0.935748
1114,-1.058188,0.939948
1115,-1.056900,0.944225
1116,-1.055858,0.948567
1117,-1.054984,0.952981
1118,-1.054509,0.957522
1119,-1.054332,0.961978
1120,-1.054317,0.966475
1121,-1.054549,0.970942
1122,-1.055032,0.975382
1123,-1.055766,0.979787
1124,-1.056750,0.984142
1125,-1.057917,0.988487
1126,-1.059503,0.992763
1127,-1.061312,0.996859
1128,-1.063278,1.000889
1129,-1.065458,1.004791
1130,-1.067853,1.008559
1131,-1.070459,1.012185
1132,-1.073266,1.015657
1133,-1.076234,1.019041
1134,-1.079593,1.022111
1135,-1.082985,1.025064
1136,-1.086517,1.027808
1137,-1.090193,1.030344
1138,-1.094005,1.032666
1139,-1.097944,1.034768
1140,-1.101996,1.036642
1141,-1.106325,1.038271
1142,-1.110579,1.039579
1143,-1.114929,1.040735
1144,-1.119312,1.041636
1145,-1.123730,1.042286
1146,-1.128177,1.042682
1147,-1.132639,1.042825
1148,-1.137142,1.042778
1149,-1.141583,1.042424
1150,-1.146002,1.041806
1151,-1.150444,1.040454
1152,-1.154761,1.039291
1153,-1.159006,1.037912
1154,-1.163165,1.036302
1155,-1.167289,1.034499
1156,-1.171236,1.032449
1157,-1.175059,1.030161
1158,-1.178746,1.027654
1159,-1.182286,1.024940
1160,-1.185666,1.022027
1161,-1.188875,1.018926
1162,-1.191903,1.015647
1163,-1.194820,1.012223
1164,-1.197456,1.008633
1165,-1.199822,1.004844
1166,-1.202054,1.000927
1167,-1.204045,0.996919
1168,-1.205799,0.992812
1169,-1.207316,0.988613
1170,-1.208591,0.984335
1171,-1.209693,0.979970
1172,-1.210482,0.975586
1173,-1.210923,0.971044
1174,-1.211099,0.966542
1175,-1.211106,0.962068
1176,-1.210864,0.957609
1177,-1.210369,0.953173
1178,-1.209677,0.948721
1179,-1.208699,0.944379
1180,-1.207459,0.940096
1181,-1.205841,0.935830
1182,-1.204022,0.931721
1183,-1.202051,0.927702
1184,-1.199862,0.923808
1185,-1.197458,0.920047
1186,-1.194884,0.916354
1187,-1.192080,0.912894
1188,-1.188927,0.909577
1189,-1.185647,0.906536
1190,-1.182252,0.903602
1191,-1.178714,0.900871
1192,-1.175032,0.898346
1193,-1.171213,0.896036
1194,-1.167265,0.893870
1195,-1.163221,0.892003
1196,-1.158924,0.890414
1197,-1.154638,0.889142
1198,-1.150297,0.888012
1199,-1.145916,0.887126
1200,-1.141498,0.886489
1201,-1.137008,0.886044
1202,-1.132565,0.885892
1203,-1.128110,0.886013
1204,-1.123665,0.886393
1205,-1.119146,0.887220
1206,-1.114760,0.888127
1207,-1.110441,0.889269
1208,-1.106197,0.890651
1209,-1.101976,0.892227
1210,-1.097922,0.894062
1211,-1.093978,0.896141
1212,-1.090118,0.898590
1213,-1.086471,0.901212
1214,-1.082935,0.903959
1215,-1.079565,0.906890
1216,-1.076368,0.910005
1217,-1.073279,0.913277
1218,-1.070455,0.916720
1219,-1.067837,0.920330
1220,-1.065528,0.924299
1221,-1.063338,0.928268
1222,-1.061382,0.932292
1223,-1.059655,0.936408
1224,-1.058095,0.940639
1225,-1.056831,0.944897
1226,-1.055827,0.949236
1227,-1.055076,0.953631
1228,-1.054578,0.958063
1229,-1.054442,0.962620
1230,-1.054474,0.967074
1231,-1.054750,0.971526
1232,-1.055308,0.976046
1233,-1.056049,0.980451
1234,-1.057065,0.984795
1235,-1.058334,0.989071
1236,-1.059976,0.993348
1237,-1.061763,0.997417
1238,-1.063760,1.001402
1239,-1.065976,1.005274
1240,-1.068481,1.008998
1241,-1.071105,1.012700
1242,-1.073928,1.016151
1243,-1.076954,1.019426
1244,-1.080164,1.022522
1245,-1.083696,1.025408
1246,-1.087247,1.028095
1247,-1.090946,1.030588
1248,-1.094781,1.032871
1249,-1.098822,1.034975
1250,-1.102883,1.036827
1251,-1.107046,1.038429
1252,-1.111439,1.039733
1253,-1.115753,1.040795
1254,-1.120129,1.041639
1255,-1.124549,1.042241
1256,-1.128997,1.042594
1257,-1.133526,1.042692
1258,-1.138010,1.042554
1259,-1.142458,1.042150
1260,-1.146871,1.041491
1261,-1.151311,1.040447
1262,-1.155604,1.039266
1263,-1.159833,1.037852
1264,-1.163978,1.036202
1265,-1.168088,1.034379
1266,-1.172022,1.032203
1267,-1.175838,1.029870
1268,-1.179505,1.027326
1269,-1.183028,1.024425
1270,-1.186358,1.021469
1271,-1.189527,1.018331
1272,-1.192515,1.015019
1273,-1.195365,1.011453
1274,-1.198024,1.007833
1275,-1.200416,1.004072
1276,-1.202557,1.000010
1277,-1.204437,0.995987
1278,-1.206116,0.991861
1279,-1.207567,0.987645
1280,-1.208778,0.983352
1281,-1.209744,0.978996
1282,-1.210399,0.974545
1283,-1.210873,0.970086
1284,-1.211091,0.965625
1285,-1.210945,0.961046
1286,-1.210692,0.956570
1287,-1.210138,0.952160
1288,-1.209329,0.947779
1289,-1.208270,0.943447
1290,-1.206886,0.939179
1291,-1.205336,0.934952
1292,-1.203557,0.930850
1293,-1.201550,0.926864
1294,-1.199172,0.922893
1295,-1.196746,0.919175
1296,-1.194092,0.915606
1297,-1.191230,0.912191
1298,-1.188174,0.908943
1299,-1.184865,0.905900
1300,-1.181444,0.902996
1301,-1.177878,0.900306
1302,-1.173990,0.897879
1303,-1.170105,0.895570
1304,-1.166176,0.893525
1305,-1.162108,0.891724
1306,-1.157935,0.890161
1307,-1.153646,0.888912
1308,-1.149264,0.887811
1309,-1.144871,0.886973
1310,-1.140446,0.886389
1311,-1.135882,0.886173
1312,-1.131431,0.886122
1313,-1.126941,0.886232
1314,-1.122515,0.886666
1315,-1.118114,0.887361
1316,-1.113767,0.888388
1317,-1.109415,0.889585
1318,-1.105179,0.891020
1319,-1.100989,0.892843
1320,-1.096976,0.894768
1321,-1.093067,0.896909
1322,-1.089211,0.899227
1323,-1.085570,0.901780
1324,-1.082080,0.904552
1325,-1.078802,0.907585
1326,-1.075593,0.910784
1327,-1.072605,0.914295
1328,-1.069870,0.917802
1329,-1.067316,0.921453
1330,-1.064886,0.925251
1331,-1.062748,0.929142
1332,-1.060845,0.933168
1333,-1.059176,0.937302
1334,-1.057747,0.941526
1335,-1.056610,0.945894
1336,-1.055754,0.950406
1337,-1.055093,0.954809
1338,-1.054667,0.959246
1339,-1.054417,0.963740
1340,-1.054481,0.968186
1341,-1.054810,0.972630
1342,-1.055395,0.977050
1343,-1.056310,0.981458
1344,-1.057393,0.985808
1345,-1.058897,0.990149
1346,-1.060485,0.994311
1347,-1.062268,0.998465
1348,-1.064278,1.002419
1349,-1.066535,1.006256
1350,-1.069014,1.009960
1351,-1.071702,1.013517
1352,-1.074681,1.016919
1353,-1.077760,1.020164
1354,-1.081189,1.023220
1355,-1.084622,1.026049
1356,-1.088216,1.028782
1357,-1.091918,1.031230
1358,-1.095773,1.033456
1359,-1.099756,1.035457
1360,-1.103848,1.037228
1361,-1.108107,1.038710
1362,-1.112399,1.040019
1363,-1.116877,1.040978
1364,-1.121261,1.041754
1365,-1.125716,1.042369
1366,-1.130147,1.042671
1367,-1.134600,1.042707
1368,-1.139052,1.042487
1369,-1.143486,1.042012
1370,-1.147918,1.041210
1371,-1.152405,1.040103
1372,-1.156672,1.038837
1373,-1.160874,1.037357
1374,-1.165062,1.035710
1375,-1.169066,1.033782
1376,-1.172958,1.031617
1377,-1.176723,1.029230
1378,-1.180303,1.026560
1379,-1.183842,1.023721
1380,-1.187160,1.020725
1381,-1.190281,1.017344
1382,-1.193201,1.013983
1383,-1.196025,1.010460
1384,-1.198562,1.006821
1385,-1.200882,1.003023
1386,-1.202979,0.999091
1387,-1.204850,0.995044
1388,-1.206435,0.990830
1389,-1.207849,0.986576
1390,-1.208941,0.982094
1391,-1.209801,0.977735
1392,-1.210515,0.973261
1393,-1.210929,0.968848
1394,-1.211074,0.964400
1395,-1.210960,0.959946
1396,-1.210592,0.955504
1397,-1.209892,0.951042
1398,-1.209024,0.946650
1399,-1.207775,0.942218
1400,-1.206351,0.937978
1401,-1.204762,0.933745
1402,-1.202944,0.929702
1403,-1.200876,0.925763
1404,-1.198579,0.921945
1405,-1.196067,0.918263
1406,-1.193256,0.914722
1407,-1.190336,0.911333
1408,-1.187235,0.908126
1409,-1.183763,0.905087
1410,-1.180277,0.902219
1411,-1.176695,0.899585
1412,-1.172957,0.897180
1413,-1.169077,0.894993
1414,-1.164997,0.893084
1415,-1.160836,0.891317
1416,-1.156628,0.889813
1417,-1.152351,0.888556
1418,-1.147847,0.887614
1419,-1.143429,0.886915
1420,-1.138939,0.886357
1421,-1.134512,0.886101
1422,-1.130062,0.886112
1423,-1.125615,0.886381
1424,-1.121133,0.886985
1425,-1.116718,0.887754
1426,-1.112373,0.888773
1427,-1.108099,0.890037
1428,-1.103786,0.891717
1429,-1.099592,0.893486
1430,-1.095615,0.895449
1431,-1.091755,0.897656
1432,-1.088022,0.900086
1433,-1.084414,0.902839
1434,-1.080947,0.905695
1435,-1.077672,0.908729
1436,-1.074581,0.911941
1437,-1.071680,0.915322
1438,-1.069000,0.919059
1439,-1.066430,0.922775
1440,-1.064160,0.926588
1441,-1.062113,0.930540
1442,-1.060295,0.934608
1443,-1.058753,0.938863
1444,-1.057397,0.943128
1445,-1.056291,0.947448
1446,-1.055436,0.951822
1447,-1.054971,0.956420
1448,-1.054573,0.960955
1449,-1.054476,0.965387
1450,-1.054647,0.969833
1451,-1.055075,0.974267
1452,-1.055839,0.978729
1453,-1.056765,0.983110
1454,-1.057938,0.987413
1455,-1.059354,0.991638
1456,-1.061008,0.995775
1457,-1.063083,0.999883
1458,-1.065184,1.003876
1459,-1.067519,1.007655
1460,-1.070076,1.011299
1461,-1.072914,1.014745
1462,-1.075937,1.018175
1463,-1.079086,1.021348
1464,-1.082405,1.024325
1465,-1.085886,1.027106
1466,-1.089757,1.029683
1467,-1.093568,1.032119
1468,-1.097467,1.034246
1469,-1.101493,1.036148
1470,-1.105626,1.037819
1471,-1.109849,1.039251
1472,-1.114261,1.040400
1473,-1.118633,1.041356
1474,-1.123040,1.042055
1475,-1.127476,1.042499
1476,-1.132265,1.042602
1477,-1.136713,1.042518
1478,-1.141155,1.042175
1479,-1.145577,1.041577
1480,-1.149960,1.040728
1481,-1.154289,1.039630
1482,-1.158654,1.038173
1483,-1.162860,1.036584
1484,-1.166947,1.034763
1485,-1.170919,1.032711
1486,-1.175053,1.030119
1487,-1.178742,1.027581
1488,-1.182286,1.024845
1489,-1.185677,1.021908
1490,-1.188897,1.018779
1491,-1.191942,1.015334
1492,-1.194874,1.011765
1493,-1.197531,1.008105
1494,-1.199966,1.004299
1495,-1.202329,1.000226
1496,-1.204354,0.996082
1497,-1.206107,0.991834
1498,-1.207612,0.987456
1499,-1.208773,0.982617
1500,-1.209732,0.977908
1501,-1.210356,0.972927
1502,-1.210775,0.967894
1503,-1.210864,0.962751
1504,-1.210725,0.957444
1505,-1.210085,0.951991
1506,-1.208987,0.946343
1507,-1.207141,0.940412
1508,-1.204872,0.934381
1509,-1.204482,0.933457
1510,-1.202795,0.929887
1511,-1.200733,0.925859
1512,-1.198477,0.921976
1513,-1.196012,0.918234
1514,-1.193342,0.914640
1515,-1.190472,0.911204
1516,-1.187359,0.907907
1517,-1.184127,0.904799
1518,-1.180718,0.901895
1519,-1.177148,0.899195
1520,-1.173429,0.896703
1521,-1.169533,0.894461
1522,-1.165445,0.892375
1523,-1.161364,0.890568
1524,-1.157179,0.888990
1525,-1.152909,0.887651
1526,-1.148507,0.886563
1527,-1.144022,0.885736
1528,-1.139599,0.885163
1529,-1.135141,0.884834
1530,-1.130667,0.884756
1531,-1.126188,0.884982
1532,-1.121670,0.885379
1533,-1.117198,0.886121
1534,-1.112830,0.887062
1535,-1.108517,0.888249
1536,-1.104276,0.889680
1537,-1.100071,0.891375
1538,-1.095986,0.893374
1539,-1.092061,0.895512
1540,-1.088258,0.897870
1541,-1.084594,0.900440
1542,-1.081035,0.903266
1543,-1.077662,0.906324
1544,-1.074512,0.909483
1545,-1.071534,0.912817
1546,-1.068745,0.916317
1547,-1.066143,0.920011
1548,-1.063748,0.923815
1549,-1.061618,0.927822
1550,-1.059705,0.931860
1551,-1.058019,0.936004
1552,-1.056522,0.940263
1553,-1.055339,0.944595
1554,-1.054443,0.949058
1555,-1.053749,0.953474
1556,-1.053302,0.957926
1557,-1.053107,0.962397
1558,-1.053170,0.966924
1559,-1.053542,0.971477
1560,-1.054136,0.975896
1561,-1.054967,0.980288
1562,-1.056044,0.984630
1563,-1.057384,0.988953
1564,-1.058943,0.993160
1565,-1.060829,0.997304
1566,-1.062872,1.001269
1567,-1.065129,1.005178
1568,-1.067627,1.008897
1569,-1.070314,1.012494
1570,-1.073197,1.015921
1571,-1.076361,1.019174
1572,-1.079618,1.022229
1573,-1.083050,1.025158
1574,-1.086677,1.027824
1575,-1.090411,1.030304
1576,-1.094366,1.032534
1577,-1.098352,1.034544
1578,-1.102450,1.036335
1579,-1.106679,1.037898
1580,-1.110979,1.039229
1581,-1.115416,1.040257
1582,-1.119806,1.041056
1583,-1.124241,1.041616
1584,-1.128734,1.041974
1585,-1.133213,1.041988
1586,-1.137708,1.041788
1587,-1.142218,1.041260
1588,-1.146628,1.040542
1589,-1.151039,1.039615
1590,-1.155345,1.038420
1591,-1.159574,1.036916
1592,-1.163765,1.035128
1593,-1.167794,1.033191
1594,-1.171766,1.031043
1595,-1.175561,1.028694
1596,-1.179211,1.026113
1597,-1.182705,1.023170
1598,-1.186022,1.020168
1599,-1.189172,1.016990
1600,-1.192194,1.013638
1601,-1.194974,1.010143
1602,-1.197510,1.006436
1603,-1.199832,1.002509
1604,-1.201949,0.998570
1605,-1.203846,0.994519
1606,-1.205567,0.990353
1607,-1.207003,0.986121
1608,-1.208142,0.981758
1609,-1.209023,0.977299
1610,-1.209692,0.972881
1611,-1.210161,0.968395
1612,-1.210350,0.963934
1613,-1.210271,0.959464
1614,-1.209804,0.954920
1615,-1.209192,0.950488
1616,-1.208340,0.946096
1617,-1.207280,0.941715
1618,-1.205950,0.937449
1619,-1.204221,0.933206
1620,-1.202371,0.929137
1621,-1.200309,0.925168
1622,-1.198046,0.921264
1623,-1.195573,0.917547
1624,-1.192877,0.913981
1625,-1.189921,0.910587
1626,-1.186730,0.907352
1627,-1.183456,0.904311
1628,-1.180018,0.901395
1629,-1.176433,0.898730
1630,-1.172643,0.896309
1631,-1.168662,0.894102
1632,-1.164663,0.892112
1633,-1.160525,0.890297
1634,-1.156346,0.888741
1635,-1.152046,0.887493
1636,-1.147576,0.886490
1637,-1.143179,0.885721
1638,-1.138741,0.885188
1639,-1.134278,0.884905
1640,-1.129774,0.884823
1641,-1.125309,0.885094
1642,-1.120753,0.885653
1643,-1.116355,0.886411
1644,-1.111997,0.887404
1645,-1.107651,0.888603
1646,-1.103431,0.890065
1647,-1.099302,0.891776
1648,-1.095219,0.893881
1649,-1.091337,0.896081
1650,-1.087569,0.898485
1651,-1.083874,0.901063
1652,-1.080397,0.903865
1653,-1.077104,0.906925
1654,-1.073959,0.910126
1655,-1.071021,0.913591
1656,-1.068286,0.917120
1657,-1.065686,0.920805
1658,-1.063349,0.924608
1659,-1.061274,0.928598
1660,-1.059420,0.932771
1661,-1.057806,0.936928
1662,-1.056414,0.941174
1663,-1.055204,0.945516
1664,-1.054338,0.949911
1665,-1.053676,0.954357
1666,-1.053332,0.958911
1667,-1.053214,0.963364
1668,-1.053334,0.967829
1669,-1.053653,0.972320
1670,-1.054322,0.976747
1671,-1.055198,0.981161
1672,-1.056319,0.985499
1673,-1.057776,0.989797
1674,-1.059365,0.994013
1675,-1.061190,0.998083
1676,-1.063259,1.002043
1677,-1.065617,1.005877
1678,-1.068243,1.009614
1679,-1.070975,1.013136
1680,-1.073891,1.016575
1681,-1.076980,1.019794
1682,-1.080314,1.022797
1683,-1.083784,1.025649
1684,-1.087514,1.028293
1685,-1.091273,1.030681
1686,-1.095185,1.032930
1687,-1.099170,1.034924
1688,-1.103315,1.036627
1689,-1.107547,1.038146
1690,-1.111841,1.039417
1691,-1.116285,1.040380
1692,-1.120681,1.041131
1693,-1.125148,1.041698
1694,-1.129605,1.041967
1695,-1.134115,1.041914
1696,-1.138590,1.041666
1697,-1.143101,1.041077
1698,-1.147546,1.040334
1699,-1.151890,1.039349
1700,-1.156176,1.038098
1701,-1.160385,1.036538
1702,-1.164525,1.034791
1703,-1.168578,1.032715
1704,-1.172454,1.030508
1705,-1.176268,1.028112
1706,-1.179886,1.025498
1707,-1.183312,1.022622
1708,-1.186631,1.019575
1709,-1.189754,1.016253
1710,-1.192660,1.012868
1711,-1.195445,1.009331
1712,-1.197969,1.005650
1713,-1.200276,1.001823
1714,-1.202319,0.997821
1715,-1.204150,0.993624
1716,-1.205740,0.989458
1717,-1.207181,0.985194
1718,-1.208316,0.980878
1719,-1.209198,0.976499
1720,-1.209771,0.972050
1721,-1.210150,0.967568
1722,-1.210194,0.963020
1723,-1.210085,0.958510
1724,-1.209718,0.954071
1725,-1.209080,0.949653
1726,-1.208184,0.945275
1727,-1.206978,0.940938
1728,-1.205462,0.936631
1729,-1.203818,0.932477
1730,-1.201978,0.928362
1731,-1.199898,0.924415
1732,-1.197583,0.920594
1733,-1.194986,0.916916
1734,-1.192125,0.913339
1735,-1.189173,0.910006
1736,-1.186050,0.906758
1737,-1.182764,0.903745
1738,-1.179257,0.900973
1739,-1.175603,0.898337
1740,-1.171827,0.895925
1741,-1.167811,0.893761
1742,-1.163765,0.891781
1743,-1.159670,0.890045
1744,-1.155463,0.888559
1745,-1.151144,0.887373
1746,-1.146755,0.886372
1747,-1.142339,0.885624
1748,-1.137811,0.885205
1749,-1.133310,0.884944
1750,-1.128858,0.884942
1751,-1.124403,0.885213
1752,-1.119950,0.885805
1753,-1.115530,0.886591
1754,-1.111114,0.887722
1755,-1.106849,0.889020
1756,-1.102597,0.890515
1757,-1.098493,0.892258
1758,-1.094495,0.894247
1759,-1.090609,0.896540
1760,-1.086851,0.898981
1761,-1.083239,0.901763
1762,-1.079810,0.904619
1763,-1.076468,0.907635
1764,-1.073373,0.910848
1765,-1.070469,0.914241
1766,-1.067785,0.917869
1767,-1.065276,0.921582
1768,-1.063036,0.925554
1769,-1.060991,0.929520
1770,-1.059101,0.933605
1771,-1.057503,0.937771
1772,-1.056150,0.942029
1773,-1.055091,0.946406
1774,-1.054229,0.950803
1775,-1.053697,0.955320
1776,-1.053300,0.959797
1777,-1.053201,0.964256
1778,-1.053362,0.968720
1779,-1.053840,0.973197
1780,-1.054510,0.977629
1781,-1.055529,0.982069
1782,-1.056668,0.986416
1783,-1.058076,0.990647
1784,-1.059730,0.994795
1785,-1.061685,0.998840
1786,-1.063812,1.002794
1787,-1.066269,1.006657
1788,-1.068822,1.010350
1789,-1.071567,1.013854
1790,-1.074520,1.017200
1791,-1.077663,1.020375
1792,-1.081048,1.023346
1793,-1.084541,1.026152
1794,-1.088180,1.028751
1795,-1.092016,1.031142
1796,-1.095886,1.033279
1797,-1.099902,1.035198
1798,-1.104080,1.036841
1799,-1.108318,1.038300
