0,-1.406910,1.045210
1,-1.406910,1.045210
2,-1.412644,1.034385
3,-1.419369,1.018778
4,-1.425145,1.002792
5,-1.430001,0.986503
6,-1.433924,0.969964
7,-1.436899,0.953229
8,-1.438916,0.936352
9,-1.439971,0.919387
10,-1.440058,0.902390
11,-1.439179,0.885415
12,-1.437335,0.868518
13,-1.434532,0.851753
14,-1.430780,0.835175
15,-1.426092,0.818837
16,-1.420481,0.802792
17,-1.413966,0.787092
18,-1.406569,0.771789
19,-1.398313,0.756931
20,-1.389225,0.742567
21,-1.386662,0.738568
22,-1.376530,0.731683
23,-1.361753,0.723290
24,-1.346495,0.715799
25,-1.330836,0.709188
26,-1.326450,0.707366
27,-1.326450,0.707366
28,-1.315119,0.712022
29,-1.301312,0.718532
30,-1.299534,0.714526
31,-1.297549,0.710610
32,-1.295359,0.706794
33,-1.292970,0.703090
34,-1.290388,0.699506
35,-1.287617,0.696055
36,-1.284666,0.692745
37,-1.281540,0.689586
38,-1.278248,0.686587
39,-1.274797,0.683757
40,-1.271196,0.681105
41,-1.267455,0.678638
42,-1.263581,0.676365
43,-1.259586,0.674292
44,-1.255480,0.672425
45,-1.251273,0.670772
46,-1.246975,0.669337
47,-1.242599,0.668126
48,-1.238156,0.667142
49,-1.233658,0.666391
50,-1.229116,0.665874
51,-1.224543,0.665595
52,-1.219951,0.665556
53,-1.215353,0.665757
54,-1.210762,0.666200
55,-1.206189,0.666885
56,-1.201648,0.667811
57,-1.197152,0.668977
58,-1.192712,0.670381
59,-1.188342,0.672019
60,-1.184055,0.673890
61,-1.179861,0.675989
62,-1.175775,0.678311
63,-1.171807,0.680851
64,-1.167969,0.683603
65,-1.164272,0.686560
66,-1.160729,0.689716
67,-1.157349,0.693063
68,-1.154142,0.696592
69,-1.151119,0.700295
70,-1.148289,0.704162
71,-1.145662,0.708183
72,-1.143245,0.712347
73,-1.141046,0.716644
74,-1.139073,0.721062
75,-1.137334,0.725590
76,-1.135833,0.730214
77,-1.134576,0.734924
78,-1.133569,0.739705
79,-1.132815,0.744546
80,-1.132319,0.749431
81,-1.132082,0.754348
82,-1.132107,0.759283
83,-1.132396,0.764222
84,-1.132948,0.769150
85,-1.133765,0.774055
86,-1.134844,0.778921
87,-1.136185,0.783734
88,-1.137784,0.788481
89,-1.139639,0.793148
90,-1.141747,0.797720
91,-1.144101,0.802184
92,-1.146697,0.806527
93,-1.149528,0.810735
94,-1.152589,0.814795
95,-1.155870,0.818696
96,-1.159364,0.822425
97,-1.163063,0.825970
98,-1.166956,0.829320
99,-1.171033,0.832465
100,-1.175283,0.835393
101,-1.179696,0.838096
102,-1.184258,0.840564
103,-1.188959,0.842789
104,-1.193784,0.844763
105,-1.198720,0.846479
106,-1.203755,0.847931
107,-1.208873,0.849112
108,-1.214060,0.850019
109,-1.219301,0.850647
110,-1.224581,0.850992
111,-1.229886,0.851052
112,-1.235199,0.850825
113,-1.240506,0.850311
114,-1.245790,0.849510
115,-1.251036,0.848421
116,-1.256229,0.847048
117,-1.261352,0.845392
118,-1.266391,0.843456
119,-1.271330,0.841246
120,-1.276154,0.838765
121,-1.281699,0.836136
122,-1.292584,0.834035
123,-1.303340,0.832181
124,-1.315623,0.829834
125,-1.329701,0.827172
126,-1.343595,0.823798
127,-1.357266,0.819641
128,-1.370669,0.814713
129,-1.383760,0.809031
130,-1.396499,0.802613
131,-1.408842,0.795483
132,-1.420752,0.787664
133,-1.431843,0.779323
134,-1.442783,0.770236
135,-1.453182,0.760547
136,-1.463005,0.750286
137,-1.472221,0.739487
138,-1.480799,0.728185
139,-1.488714,0.716418
140,-1.495939,0.704225
141,-1.502453,0.691646
142,-1.508234,0.678723
143,-1.513265,0.665498
144,-1.517529,0.652015
145,-1.521015,0.638318
146,-1.523711,0.624451
147,-1.525610,0.610461
148,-1.526706,0.596392
149,-1.526996,0.582292
150,-1.526481,0.568205
151,-1.525163,0.554179
152,-1.523046,0.540257
153,-1.520140,0.526487
154,-1.516454,0.512912
155,-1.512001,0.499577
156,-1.506796,0.486525
157,-1.500857,0.473797
158,-1.494205,0.461436
159,-1.486861,0.449482
160,-1.478850,0.437972
161,-1.470200,0.426944
162,-1.460938,0.416433
163,-1.451279,0.406798
164,-1.440916,0.397405
165,-1.430041,0.388620
166,-1.418689,0.380475
167,-1.406896,0.372996
168,-1.394700,0.366205
169,-1.382143,0.360125
170,-1.369266,0.354774
171,-1.356110,0.350170
172,-1.342719,0.346326
173,-1.329137,0.343255
174,-1.315408,0.340965
175,-1.301578,0.339464
176,-1.287691,0.338755
177,-1.273792,0.338841
178,-1.259928,0.339719
179,-1.246143,0.341387
180,-1.233003,0.341742
181,-1.223336,0.338187
182,-1.216891,0.333885
183,-1.213634,0.329374
184,-1.213200,0.327628
185,-1.213365,0.326742
186,-1.207651,0.320465
187,-1.207307,0.312048
188,-1.208078,0.310587
189,-1.208078,0.310587
190,-1.211993,0.303336
191,-1.221993,0.289992
192,-1.231561,0.275945
193,-1.240317,0.261377
194,-1.242741,0.257291
195,-1.242741,0.257291
196,-1.242741,0.257291
197,-1.242741,0.257291
198,-1.242741,0.257291
199,-1.242741,0.257291
200,-1.242741,0.257291
201,-1.241450,0.257020
202,-1.232482,0.263515
203,-1.223659,0.277956
204,-1.215872,0.293064
205,-1.208956,0.308592
206,-1.202936,0.324487
207,-1.197829,0.340699
208,-1.193653,0.357176
209,-1.190422,0.373864
210,-1.188145,0.390708
211,-1.186830,0.407654
212,-1.186489,0.412392
213,-1.186489,0.412392
214,-1.186489,0.412392
215,-1.186489,0.412392
216,-1.186489,0.412392
217,-1.198263,0.409011
218,-1.214168,0.403025
219,-1.229688,0.396093
220,-1.244788,0.388289
221,-1.259420,0.379639
222,-1.273536,0.370170
223,-1.287090,0.359914
224,-1.300039,0.348902
225,-1.303640,0.345805
226,-1.303666,0.345875
227,-1.305915,0.341084
228,-1.304643,0.331975
229,-1.303425,0.326650
230,-1.303232,0.326302
231,-1.299348,0.325924
232,-1.292402,0.318594
233,-1.289343,0.316906
234,-1.289188,0.317088
235,-1.289188,0.317088
236,-1.289188,0.317088
237,-1.289188,0.317088
238,-1.289188,0.317088
239,-1.282274,0.327200
240,-1.273838,0.341952
241,-1.266303,0.357188
242,-1.259647,0.372828
243,-1.253891,0.388822
244,-1.249055,0.405117
245,-1.245153,0.421660
246,-1.242199,0.438399
247,-1.241401,0.443082
248,-1.241401,0.443082
249,-1.241401,0.443082
250,-1.241401,0.443082
251,-1.241401,0.443082
252,-1.241401,0.443082
253,-1.241401,0.443082
254,-1.248611,0.433179
255,-1.257480,0.418683
256,-1.265464,0.403677
257,-1.272581,0.388241
258,-1.278808,0.372425
259,-1.284125,0.356281
260,-1.288515,0.339860
261,-1.292925,0.327966
262,-1.298444,0.323074
263,-1.303449,0.317615
264,-1.307727,0.311587
265,-1.310902,0.304644
266,-1.312649,0.296597
267,-1.312837,0.295103
268,-1.312837,0.295103
269,-1.312837,0.295103
270,-1.312837,0.295103
271,-1.312837,0.295103
272,-1.312837,0.295103
273,-1.312837,0.295103
274,-1.308357,0.306505
275,-1.303431,0.322769
276,-1.299491,0.339303
277,-1.296498,0.356035
278,-1.294462,0.372910
279,-1.293389,0.389874
280,-1.293283,0.406871
281,-1.294144,0.423847
282,-1.295970,0.440746
283,-1.298754,0.457514
284,-1.302487,0.474096
285,-1.307159,0.490440
286,-1.308490,0.494999
287,-1.308490,0.494999
288,-1.308490,0.494999
289,-1.308490,0.494999
290,-1.308490,0.494999
291,-1.308490,0.494999
292,-1.314953,0.484593
293,-1.322733,0.469485
294,-1.329592,0.453932
295,-1.335556,0.438015
296,-1.340604,0.421785
297,-1.344720,0.405293
298,-1.347891,0.388594
299,-1.350107,0.371742
300,-1.351361,0.354790
301,-1.351648,0.337795
302,-1.351702,0.333046
303,-1.351702,0.333046
304,-1.351702,0.333046
305,-1.351702,0.333046
306,-1.351702,0.333046
307,-1.351702,0.333046
308,-1.342490,0.341120
309,-1.330649,0.353311
310,-1.319561,0.366194
311,-1.309224,0.379686
312,-1.299671,0.393745
313,-1.290933,0.408325
314,-1.288515,0.412413
315,-1.286927,0.424560
316,-1.286081,0.441533
317,-1.286258,0.458529
318,-1.286334,0.463279
319,-1.286334,0.463279
320,-1.286334,0.463279
321,-1.286334,0.463279
322,-1.286334,0.463279
323,-1.286334,0.463279
324,-1.295323,0.454956
325,-1.306826,0.442447
326,-1.317558,0.429266
327,-1.327524,0.415497
328,-1.336689,0.401182
329,-1.345026,0.386369
330,-1.352506,0.371106
331,-1.359106,0.355442
332,-1.364804,0.339428
333,-1.369581,0.323116
334,-1.373518,0.320122
335,-1.378481,0.335897
336,-1.384235,0.352437
337,-1.390886,0.368644
338,-1.398526,0.384349
339,-1.406968,0.399694
340,-1.416262,0.414538
341,-1.426387,0.428830
342,-1.437312,0.442522
343,-1.448999,0.455571
344,-1.461413,0.467933
345,-1.474512,0.479568
346,-1.488254,0.490440
347,-1.502594,0.500510
348,-1.517486,0.509747
349,-1.532882,0.518122
350,-1.548731,0.525606
351,-1.564991,0.532089
352,-1.581620,0.537700
353,-1.598505,0.542385
354,-1.615630,0.546104
355,-1.632940,0.548841
356,-1.650379,0.550587
357,-1.667891,0.551336
358,-1.685418,0.551086
359,-1.702904,0.549838
360,-1.720292,0.547594
361,-1.737525,0.544363
362,-1.754547,0.540154
363,-1.771302,0.534982
364,-1.787689,0.528756
365,-1.803745,0.521721
366,-1.819377,0.513786
367,-1.834533,0.504972
368,-1.849163,0.495308
369,-1.863219,0.484825
370,-1.876657,0.473557
371,-1.889431,0.461540
372,-1.901501,0.448814
373,-1.912826,0.435420
374,-1.923371,0.421401
375,-1.933014,0.406757
376,-1.941878,0.391593
377,-1.949889,0.375992
378,-1.957001,0.359961
379,-1.963188,0.343550
380,-1.968431,0.326811
381,-1.972712,0.309799
382,-1.976016,0.292570
383,-1.978332,0.275179
384,-1.979654,0.257683
385,-1.979977,0.240139
386,-1.979299,0.222604
387,-1.977544,0.205166
388,-1.974832,0.187802
389,-1.971189,0.170641
390,-1.966578,0.153713
391,-1.961009,0.137074
392,-1.954501,0.120778
393,-1.947073,0.104879
394,-1.938751,0.089427
395,-1.929561,0.074474
396,-1.919533,0.060068
397,-1.908700,0.046256
398,-1.897096,0.033082
399,-1.884696,0.020667
400,-1.871625,0.008911
401,-1.857957,-0.002100
402,-1.843686,-0.012317
403,-1.828856,-0.021705
404,-1.813513,-0.030234
405,-1.797707,-0.037875
406,-1.781491,-0.044603
407,-1.764916,-0.050397
408,-1.748037,-0.055236
409,-1.730908,-0.059106
410,-1.713585,-0.061994
411,-1.696113,-0.063780
412,-1.678551,-0.064645
413,-1.660993,-0.064551
414,-1.643468,-0.063461
415,-1.626032,-0.061373
416,-1.608742,-0.058295
417,-1.591654,-0.054237
418,-1.574825,-0.049210
419,-1.558307,-0.043233
420,-1.542156,-0.036323
421,-1.526424,-0.028503
422,-1.511162,-0.019799
423,-1.496481,-0.010135
424,-1.482312,0.000283
425,-1.468751,0.011449
426,-1.455845,0.023367
427,-1.443638,0.036002
428,-1.432171,0.049314
429,-1.421479,0.063258
430,-1.411599,0.077790
431,-1.402563,0.092862
432,-1.394400,0.108425
433,-1.387137,0.124429
434,-1.380797,0.140823
435,-1.375526,0.157604
436,-1.371116,0.174636
437,-1.367649,0.191864
438,-1.365167,0.209263
439,-1.363680,0.226775
440,-1.363193,0.244345
441,-1.363708,0.261915
442,-1.365224,0.279428
443,-1.367735,0.296827
444,-1.371234,0.314057
445,-1.375710,0.331062
446,-1.381148,0.347783
447,-1.387670,0.364124
448,-1.395007,0.380123
449,-1.403204,0.395679
450,-1.412271,0.410745
451,-1.422183,0.425271
452,-1.432908,0.439210
453,-1.444410,0.452516
454,-1.456652,0.465145
455,-1.469595,0.477057
456,-1.483198,0.488213
457,-1.497414,0.498576
458,-1.512199,0.508113
459,-1.527581,0.516658
460,-1.543378,0.524436
461,-1.559567,0.531326
462,-1.576122,0.537285
463,-1.592990,0.542292
464,-1.610117,0.546330
465,-1.627447,0.549385
466,-1.644925,0.551448
467,-1.662495,0.552512
468,-1.680097,0.552572
469,-1.697677,0.551629
470,-1.715175,0.549685
471,-1.732474,0.546580
472,-1.749644,0.542641
473,-1.766562,0.537753
474,-1.783175,0.531912
475,-1.799430,0.525132
476,-1.815273,0.517437
477,-1.830653,0.508849
478,-1.845519,0.499399
479,-1.859444,0.489288
480,-1.873060,0.478215
481,-1.886118,0.466375
482,-1.898486,0.453815
483,-1.909988,0.440468
484,-1.920844,0.426567
485,-1.930900,0.412082
486,-1.940115,0.397045
487,-1.948459,0.381505
488,-1.955903,0.365511
489,-1.962424,0.349116
490,-1.967999,0.332372
491,-1.972610,0.315334
492,-1.976052,0.297990
493,-1.978635,0.280476
494,-1.980268,0.262880
495,-1.980901,0.245218
496,-1.980523,0.227544
497,-1.979132,0.209913
498,-1.976731,0.192383
499,-1.973323,0.175010
500,-1.968916,0.157849
501,-1.963583,0.141445
502,-1.956922,0.124894
503,-1.949229,0.108555
504,-1.940528,0.092647
505,-1.930773,0.077223
506,-1.919926,0.062343
507,-1.907052,0.048974
508,-1.893072,0.036623
509,-1.878423,0.025104
510,-1.863153,0.014453
511,-1.847315,0.004701
512,-1.830959,-0.004120
513,-1.813111,-0.012807
514,-1.794714,-0.020566
515,-1.775903,-0.027269
516,-1.756739,-0.032892
517,-1.737283,-0.037416
518,-1.717598,-0.040828
519,-1.697749,-0.043116
520,-1.677798,-0.044271
521,-1.657812,-0.044291
522,-1.638219,-0.043110
523,-1.618363,-0.040891
524,-1.598656,-0.037536
525,-1.579168,-0.033065
526,-1.559964,-0.027494
527,-1.541104,-0.020838
528,-1.522650,-0.013120
529,-1.504663,-0.004365
530,-1.487199,0.005401
531,-1.470317,0.016144
532,-1.454201,0.027776
533,-1.438642,0.040374
534,-1.423821,0.053840
535,-1.409789,0.068123
536,-1.396592,0.083184
537,-1.384271,0.098973
538,-1.373148,0.115187
539,-1.361161,0.129123
540,-1.350220,0.144422
541,-1.340184,0.160539
542,-1.333793,0.172176
543,-1.334481,0.176177
544,-1.333958,0.182677
545,-1.330335,0.195198
546,-1.327475,0.208711
547,-1.325012,0.222029
548,-1.321299,0.233176
549,-1.316961,0.242359
550,-1.312942,0.250183
551,-1.309479,0.256270
552,-1.306884,0.260262
553,-1.305405,0.262243
554,-1.305405,0.262243
555,-1.305405,0.262243
556,-1.305405,0.262243
557,-1.301035,0.273687
558,-1.296265,0.289998
559,-1.292483,0.306570
560,-1.289650,0.323329
561,-1.287775,0.340223
562,-1.284877,0.348744
563,-1.280088,0.348988
564,-1.275305,0.349460
565,-1.270540,0.350159
566,-1.265802,0.351085
567,-1.261102,0.352237
568,-1.255616,0.353848
569,-1.247829,0.363018
570,-1.240875,0.375476
571,-1.234827,0.388843
572,-1.229561,0.402670
573,-1.225080,0.416815
574,-1.221405,0.431205
575,-1.218553,0.445786
576,-1.216534,0.460508
577,-1.215355,0.475322
578,-1.215021,0.490180
579,-1.215533,0.505034
580,-1.216890,0.519835
581,-1.219087,0.534535
582,-1.222117,0.549087
583,-1.225971,0.563443
584,-1.230635,0.577557
585,-1.236095,0.591383
586,-1.242333,0.604877
587,-1.249330,0.617994
588,-1.257061,0.630692
589,-1.265503,0.642930
590,-1.274628,0.654668
591,-1.284407,0.665869
592,-1.294808,0.676495
593,-1.305796,0.686512
594,-1.317338,0.695888
595,-1.329394,0.704592
596,-1.341875,0.712438
597,-1.354746,0.719706
598,-1.368098,0.726325
599,-1.381809,0.732131
600,-1.395821,0.737133
601,-1.410092,0.741324
602,-1.424578,0.744695
603,-1.439232,0.747236
604,-1.454007,0.748939
605,-1.468855,0.749799
606,-1.483507,0.749732
607,-1.498338,0.748991
608,-1.513148,0.747368
609,-1.527824,0.744892
610,-1.542327,0.741582
611,-1.556615,0.737452
612,-1.570645,0.732516
613,-1.584372,0.726789
614,-1.597750,0.720291
615,-1.610738,0.713043
616,-1.623014,0.705171
617,-1.635172,0.696509
618,-1.646784,0.687183
619,-1.657833,0.677218
620,-1.668291,0.666643
621,-1.678129,0.655493
622,-1.687317,0.643801
623,-1.695826,0.631607
624,-1.703628,0.618950
625,-1.710699,0.605870
626,-1.717051,0.592580
627,-1.722668,0.578787
628,-1.727307,0.564792
629,-1.731253,0.550513
630,-1.734426,0.535981
631,-1.736766,0.521306
632,-1.738270,0.506528
633,-1.738933,0.491692
634,-1.738756,0.476845
635,-1.737740,0.462034
636,-1.735888,0.447307
637,-1.733371,0.432869
638,-1.729941,0.418421
639,-1.725593,0.404476
640,-1.720560,0.390536
641,-1.714764,0.376925
642,-1.708221,0.363676
643,-1.700959,0.350830
644,-1.695320,0.337473
645,-1.692683,0.323281
646,-1.689476,0.309471
647,-1.685565,0.295926
648,-1.680996,0.282651
649,-1.675610,0.269633
650,-1.669519,0.257071
651,-1.662683,0.244746
652,-1.655271,0.232852
653,-1.647092,0.221367
654,-1.638265,0.210368
655,-1.628847,0.199898
656,-1.618953,0.190129
657,-1.608394,0.180798
658,-1.597319,0.172068
659,-1.585761,0.163984
660,-1.573782,0.156666
661,-1.561448,0.149913
662,-1.548814,0.143986
663,-1.535737,0.138770
664,-1.522367,0.134238
665,-1.508842,0.130415
666,-1.495030,0.127450
667,-1.481143,0.125354
668,-1.467213,0.123996
669,-1.453202,0.123382
670,-1.439088,0.123571
671,-1.425005,0.124565
672,-1.411002,0.126350
673,-1.397183,0.128863
674,-1.383665,0.132250
675,-1.370229,0.136444
676,-1.357016,0.141394
677,-1.344077,0.147028
678,-1.331486,0.153309
679,-1.319263,0.160366
680,-1.307600,0.168080
681,-1.296311,0.176511
682,-1.285465,0.185467
683,-1.275218,0.195113
684,-1.265450,0.205337
685,-1.256285,0.216074
686,-1.247872,0.227157
687,-1.240053,0.238878
688,-1.232835,0.251016
689,-1.226316,0.263565
690,-1.220523,0.276468
691,-1.215549,0.289630
692,-1.211324,0.302988
693,-1.207874,0.316660
694,-1.205066,0.330441
695,-1.203103,0.344450
696,-1.201947,0.358552
697,-1.201631,0.372535
698,-1.202047,0.386621
699,-1.203369,0.400611
700,-1.205400,0.414590
701,-1.208235,0.428453
702,-1.211852,0.442070
703,-1.216215,0.455373
704,-1.221363,0.468559
705,-1.227280,0.481345
706,-1.233879,0.493844
707,-1.241087,0.505954
708,-1.249130,0.517574
709,-1.257696,0.528632
710,-1.266956,0.539337
711,-1.276705,0.549499
712,-1.287121,0.559015
713,-1.298066,0.567988
714,-1.309491,0.576281
715,-1.321280,0.583881
716,-1.333502,0.590918
717,-1.346171,0.597221
718,-1.359189,0.602800
719,-1.372520,0.607576
720,-1.385943,0.611506
721,-1.399625,0.614724
722,-1.413584,0.617215
723,-1.427631,0.618927
724,-1.441770,0.619838
725,-1.455943,0.619937
726,-1.470053,0.619186
727,-1.483989,0.617644
728,-1.497970,0.615342
729,-1.511782,0.612263
730,-1.525390,0.608352
731,-1.538764,0.603705
732,-1.551852,0.598316
733,-1.564431,0.592175
734,-1.576812,0.585312
735,-1.588708,0.577773
736,-1.600252,0.569652
737,-1.611332,0.560792
738,-1.621877,0.551342
739,-1.631692,0.541345
740,-1.641108,0.530802
741,-1.649845,0.519730
742,-1.658003,0.508153
743,-1.665393,0.496133
744,-1.672174,0.483692
745,-1.678109,0.470982
746,-1.683478,0.457914
747,-1.688062,0.444503
748,-1.691867,0.430860
749,-1.694904,0.417003
750,-1.697153,0.403110
751,-1.698480,0.389178
752,-1.699058,0.375002
753,-1.698892,0.360835
754,-1.698001,0.346734
755,-1.696229,0.332670
756,-1.693621,0.318758
757,-1.690298,0.305095
758,-1.686241,0.291542
759,-1.681368,0.278216
760,-1.675687,0.265274
761,-1.669310,0.252583
762,-1.662237,0.240299
763,-1.654592,0.228557
764,-1.646119,0.217133
765,-1.637047,0.206230
766,-1.627368,0.195836
767,-1.617200,0.185999
768,-1.606398,0.176853
769,-1.595167,0.168376
770,-1.583395,0.160419
771,-1.571182,0.153143
772,-1.558679,0.146601
773,-1.545713,0.140748
774,-1.532468,0.135637
775,-1.519012,0.131425
776,-1.505262,0.127906
777,-1.491522,0.125103
778,-1.477442,0.123101
779,-1.463301,0.121969
780,-1.449075,0.121590
781,-1.435020,0.122038
782,-1.420849,0.123272
783,-1.406809,0.125302
784,-1.392882,0.128105
785,-1.379203,0.131769
786,-1.365793,0.136088
787,-1.352525,0.141266
788,-1.339736,0.147137
789,-1.327143,0.153761
790,-1.314953,0.161114
791,-1.303180,0.169095
792,-1.291887,0.177752
793,-1.281163,0.187077
794,-1.271170,0.196909
795,-1.261525,0.207347
796,-1.252473,0.218328
797,-1.244061,0.229811
798,-1.236320,0.241729
799,-1.229318,0.254101
800,-1.223070,0.266737
801,-1.217469,0.279797
802,-1.212607,0.293173
803,-1.208550,0.306677
804,-1.205232,0.320507
805,-1.202764,0.334492
806,-1.201090,0.348615
807,-1.200212,0.362630
808,-1.200020,0.376799
809,-1.200714,0.391005
810,-1.202204,0.405158
811,-1.204576,0.419085
812,-1.207603,0.432949
813,-1.211472,0.446512
814,-1.216115,0.459978
815,-1.221505,0.473148
816,-1.227678,0.485987
817,-1.234440,0.498414
818,-1.242000,0.510411
819,-1.250180,0.521904
820,-1.259070,0.532945
821,-1.268559,0.543560
822,-1.278530,0.553643
823,-1.289166,0.563119
824,-1.300321,0.571992
825,-1.311872,0.580045
826,-1.323974,0.587586
827,-1.336360,0.594421
828,-1.349221,0.600550
829,-1.362360,0.605862
830,-1.375846,0.610467
831,-1.389527,0.614292
832,-1.403254,0.617333
833,-1.417329,0.619627
834,-1.431517,0.621112
835,-1.445746,0.621795
836,-1.459860,0.621688
837,-1.474022,0.620636
838,-1.487980,0.618880
839,-1.502009,0.616349
840,-1.515837,0.613106
841,-1.529491,0.609007
842,-1.542903,0.604133
843,-1.556017,0.598493
844,-1.568460,0.592090
845,-1.580809,0.585094
846,-1.592786,0.577327
847,-1.604301,0.568884
848,-1.615270,0.559793
849,-1.625670,0.550099
850,-1.635590,0.539920
851,-1.644769,0.529216
852,-1.653441,0.517917
853,-1.661383,0.506154
854,-1.668736,0.493902
855,-1.675354,0.481407
856,-1.681290,0.468401
857,-1.686470,0.455081
858,-1.690782,0.441630
859,-1.694352,0.427847
860,-1.697268,0.413961
861,-1.699248,0.399893
862,-1.700448,0.385708
863,-1.700884,0.371419
864,-1.700582,0.357193
865,-1.699416,0.342963
866,-1.697395,0.328978
867,-1.694623,0.314967
868,-1.691010,0.301090
869,-1.686649,0.287699
870,-1.681518,0.274344
871,-1.675638,0.261305
872,-1.669051,0.248778
873,-1.661721,0.236492
874,-1.653808,0.224685
875,-1.645164,0.213295
876,-1.635851,0.202491
877,-1.625974,0.192166
878,-1.615522,0.182513
879,-1.604610,0.173501
880,-1.593216,0.164979
881,-1.581298,0.157153
882,-1.568930,0.150046
883,-1.556136,0.143597
884,-1.543000,0.137889
885,-1.529695,0.132882
886,-1.516209,0.128854
887,-1.502292,0.125496
888,-1.488233,0.122884
889,-1.474106,0.121145
890,-1.459821,0.121298
891,-1.444308,0.123383
892,-1.428866,0.125473
893,-1.414282,0.126508
894,-1.400380,0.126805
895,-1.386846,0.125183
896,-1.372628,0.123092
897,-1.359169,0.120131
898,-1.346340,0.117780
899,-1.335776,0.121067
900,-1.327244,0.129529
901,-1.317459,0.138699
902,-1.309699,0.141493
903,-1.305023,0.141957
904,-1.302408,0.145828
905,-1.301789,0.150306
906,-1.301237,0.157638
907,-1.304510,0.163790
908,-1.311762,0.168769
909,-1.319312,0.173952
910,-1.327456,0.179291
911,-1.332064,0.179638
912,-1.334322,0.175015
913,-1.334283,0.174604
914,-1.334283,0.174603
915,-1.334284,0.174603
916,-1.334284,0.174602
917,-1.334284,0.174602
918,-1.334211,0.174649
919,-1.334204,0.174654
920,-1.334204,0.174654
921,-1.334204,0.174654
922,-1.330110,0.177421
923,-1.318445,0.186182
924,-1.305928,0.197053
925,-1.294359,0.209154
926,-1.284268,0.222033
927,-1.275145,0.236265
928,-1.265767,0.251633
929,-1.257304,0.267549
930,-1.249755,0.283954
931,-1.243153,0.300761
932,-1.237521,0.317916
933,-1.232876,0.335362
934,-1.229233,0.353044
935,-1.226604,0.370904
936,-1.224132,0.388008
937,-1.223383,0.405962
938,-1.223900,0.423934
939,-1.225341,0.441956
940,-1.228161,0.459663
941,-1.232474,0.476806
942,-1.239421,0.493981
943,-1.248803,0.510598
944,-1.259273,0.526299
945,-1.271196,0.539837
946,-1.284283,0.551451
947,-1.299954,0.557765
948,-1.316344,0.562259
949,-1.332966,0.565813
950,-1.340726,0.567604
951,-1.344357,0.568536
952,-1.345524,0.570933
953,-1.348167,0.574394
954,-1.351629,0.578065
955,-1.356979,0.580978
956,-1.363733,0.583488
957,-1.370792,0.585695
958,-1.378014,0.587524
959,-1.385344,0.588947
960,-1.392749,0.589951
961,-1.400244,0.590487
962,-1.407726,0.590643
963,-1.415199,0.590373
964,-1.422643,0.589677
965,-1.430048,0.588492
966,-1.437368,0.586918
967,-1.444593,0.584955
968,-1.451694,0.582518
969,-1.458645,0.579724
970,-1.465018,0.576465
971,-1.471568,0.572943
972,-1.477931,0.569015
973,-1.484079,0.564767
974,-1.489960,0.560157
975,-1.495551,0.555174
976,-1.500885,0.549920
977,-1.505909,0.544400
978,-1.510595,0.538563
979,-1.514909,0.532402
980,-1.518914,0.526095
981,-1.522528,0.519539
982,-1.525722,0.512765
983,-1.528580,0.505831
984,-1.531052,0.498798
985,-1.533128,0.491614
986,-1.534725,0.484336
987,-1.535929,0.476989
988,-1.536708,0.469585
989,-1.537052,0.462121
990,-1.536865,0.454690
991,-1.536392,0.447264
992,-1.535482,0.439886
993,-1.534101,0.432545
994,-1.532251,0.425327
995,-1.530121,0.418214
996,-1.527556,0.411241
997,-1.524589,0.404407
998,-1.521254,0.397751
999,-1.517461,0.391372
1000,-1.513442,0.385306
1001,-1.509011,0.379327
1002,-1.504269,0.373585
1003,-1.499219,0.368128
1004,-1.493818,0.363050
1005,-1.488168,0.358242
1006,-1.482279,0.353730
1007,-1.476153,0.349560
1008,-1.469802,0.345747
1009,-1.463199,0.342291
1010,-1.456439,0.339221
1011,-1.449621,0.336766
1012,-1.442608,0.334486
1013,-1.435517,0.333897
1014,-1.428872,0.334971
1015,-1.422265,0.336344
1016,-1.415612,0.337738
1017,-1.408883,0.339189
1018,-1.401987,0.340691
1019,-1.394948,0.342192
1020,-1.390780,0.344664
1021,-1.387860,0.349867
1022,-1.387440,0.357625
1023,-1.387478,0.364267
1024,-1.388537,0.372446
1025,-1.389169,0.380974
1026,-1.389634,0.389985
1027,-1.390349,0.397782
1028,-1.391194,0.405741
1029,-1.390624,0.416077
1030,-1.388448,0.426891
1031,-1.387711,0.436552
1032,-1.390422,0.448300
1033,-1.394911,0.460831
1034,-1.399838,0.473328
1035,-1.405167,0.485622
1036,-1.410926,0.497770
1037,-1.417106,0.509724
1038,-1.423663,0.521478
1039,-1.430526,0.533019
1040,-1.437426,0.544192
1041,-1.444212,0.554929
1042,-1.451057,0.565279
1043,-1.458352,0.575683
1044,-1.465616,0.586015
1045,-1.471317,0.594052
1046,-1.477160,0.601641
1047,-1.483570,0.611046
1048,-1.490556,0.621543
1049,-1.498262,0.631857
1050,-1.506557,0.641871
1051,-1.515449,0.651497
1052,-1.524917,0.660695
1053,-1.534941,0.669436
1054,-1.545500,0.677693
1055,-1.556573,0.685443
1056,-1.568137,0.692661
1057,-1.579049,0.699671
1058,-1.590247,0.705920
1059,-1.603278,0.711631
1060,-1.616732,0.716720
1061,-1.630495,0.721049
1062,-1.644492,0.724614
1063,-1.657668,0.727636
1064,-1.669521,0.730393
1065,-1.681088,0.731647
1066,-1.693596,0.730722
1067,-1.706484,0.729434
1068,-1.719406,0.727469
1069,-1.732198,0.724761
1070,-1.744836,0.721334
1071,-1.756912,0.716950
1072,-1.769086,0.712166
1073,-1.780952,0.706686
1074,-1.792389,0.700539
1075,-1.803539,0.693761
1076,-1.814292,0.686344
1077,-1.824608,0.678324
1078,-1.834444,0.669788
1079,-1.843773,0.660674
1080,-1.852573,0.651014
1081,-1.860811,0.640866
1082,-1.868374,0.630335
1083,-1.875393,0.619368
1084,-1.881793,0.608017
1085,-1.887523,0.596276
1086,-1.892577,0.584222
1087,-1.896938,0.571898
1088,-1.900504,0.559328
1089,-1.903466,0.546649
1090,-1.905597,0.533857
1091,-1.907066,0.520896
1092,-1.907785,0.507861
1093,-1.907769,0.494838
1094,-1.907031,0.481830
1095,-1.905520,0.468860
1096,-1.903300,0.456009
1097,-1.900313,0.443331
1098,-1.896664,0.430875
1099,-1.892122,0.418583
1100,-1.887063,0.406620
1101,-1.881320,0.394943
1102,-1.874903,0.383591
1103,-1.867893,0.372631
1104,-1.860422,0.362189
1105,-1.852173,0.352109
1106,-1.843345,0.342490
1107,-1.833998,0.333477
1108,-1.824424,0.325055
1109,-1.814113,0.317097
1110,-1.803344,0.309719
1111,-1.792162,0.302959
1112,-1.780615,0.296843
1113,-1.768778,0.291419
1114,-1.756693,0.286743
1115,-1.744371,0.282655
1116,-1.731827,0.279325
1117,-1.719102,0.276658
1118,-1.706188,0.274764
1119,-1.693254,0.273585
1120,-1.680274,0.273172
1121,-1.667211,0.273504
1122,-1.654185,0.274564
1123,-1.641369,0.276380
1124,-1.628883,0.279154
1125,-1.616314,0.282289
1126,-1.603892,0.286228
1127,-1.591691,0.290913
1128,-1.579767,0.296284
1129,-1.568173,0.302237
1130,-1.556986,0.308861
1131,-1.546165,0.316141
1132,-1.535810,0.324009
1133,-1.525872,0.332527
1134,-1.516439,0.341614
1135,-1.507574,0.351121
1136,-1.499198,0.361096
1137,-1.491458,0.371542
1138,-1.484340,0.382449
1139,-1.477837,0.393804
1140,-1.471934,0.405337
1141,-1.466815,0.417217
1142,-1.462338,0.429474
1143,-1.458563,0.441993
1144,-1.455558,0.454635
1145,-1.453223,0.467503
1146,-1.451582,0.480312
1147,-1.450714,0.493337
1148,-1.450523,0.506341
1149,-1.451174,0.519401
1150,-1.452514,0.532350
1151,-1.454580,0.545222
1152,-1.457327,0.557902
1153,-1.461076,0.570141
1154,-1.465313,0.582429
1155,-1.470276,0.594527
1156,-1.475921,0.606337
1157,-1.482141,0.617695
1158,-1.489074,0.628775
1159,-1.496646,0.639453
1160,-1.504733,0.649681
1161,-1.513472,0.659440
1162,-1.522763,0.668675
1163,-1.532520,0.677361
1164,-1.542692,0.685487
1165,-1.553379,0.692997
1166,-1.564508,0.699883
1167,-1.576031,0.706136
1168,-1.587828,0.711733
1169,-1.599946,0.716651
1170,-1.612258,0.720799
1171,-1.624854,0.724261
1172,-1.637648,0.727025
1173,-1.650424,0.729143
1174,-1.663159,0.730114
1175,-1.676204,0.730669
1176,-1.689288,0.730498
1177,-1.702325,0.729567
1178,-1.715302,0.727890
1179,-1.728137,0.725482
1180,-1.740804,0.722399
1181,-1.753286,0.718581
1182,-1.765510,0.714045
1183,-1.777507,0.708769
1184,-1.789128,0.702904
1185,-1.800423,0.696358
1186,-1.811344,0.689129
1187,-1.821826,0.681291
1188,-1.831827,0.672914
1189,-1.841344,0.664005
1190,-1.850300,0.654534
1191,-1.858687,0.644672
1192,-1.866526,0.634244
1193,-1.873744,0.623412
1194,-1.880352,0.612113
1195,-1.886343,0.600672
1196,-1.891654,0.588711
1197,-1.896247,0.576532
1198,-1.900159,0.564037
1199,-1.903252,0.551367
1200,-1.905719,0.538568
1201,-1.907475,0.525559
1202,-1.908487,0.512551
1203,-1.908743,0.499473
1204,-1.908242,0.486383
1205,-1.907010,0.473420
1206,-1.905032,0.460464
1207,-1.902317,0.447703
1208,-1.898945,0.435158
1209,-1.894797,0.422743
1210,-1.890058,0.410679
1211,-1.884528,0.398861
1212,-1.878327,0.387334
1213,-1.871474,0.376166
1214,-1.864144,0.365553
1215,-1.856166,0.355284
1216,-1.847534,0.345515
1217,-1.838342,0.336172
1218,-1.828635,0.327376
1219,-1.818522,0.319161
1220,-1.807993,0.311515
1221,-1.797062,0.304913
1222,-1.785613,0.298537
1223,-1.773789,0.292796
1224,-1.761721,0.287775
1225,-1.749366,0.283439
1226,-1.736828,0.279804
1227,-1.724087,0.276883
1228,-1.711177,0.274718
1229,-1.698154,0.273292
1230,-1.685068,0.272604
1231,-1.671963,0.272659
1232,-1.658938,0.273414
1233,-1.645933,0.274953
1234,-1.633028,0.277238
1235,-1.620272,0.280257
1236,-1.607725,0.284010
1237,-1.595374,0.288593
1238,-1.583446,0.293651
1239,-1.571746,0.299398
1240,-1.560451,0.305877
1241,-1.549470,0.312950
1242,-1.538943,0.320639
1243,-1.528852,0.328737
1244,-1.519232,0.337595
1245,-1.510116,0.347013
1246,-1.501536,0.356942
1247,-1.493584,0.367296
1248,-1.486200,0.377996
1249,-1.479446,0.389142
1250,-1.473390,0.400680
1251,-1.467933,0.412585
1252,-1.463161,0.424744
1253,-1.459160,0.437166
1254,-1.455822,0.449848
1255,-1.453239,0.462716
1256,-1.451402,0.475437
1257,-1.450274,0.488461
1258,-1.449882,0.501561
1259,-1.450236,0.514673
1260,-1.451239,0.527634
1261,-1.453037,0.540586
1262,-1.455619,0.553433
1263,-1.458931,0.566128
1264,-1.462981,0.578531
1265,-1.467690,0.590710
1266,-1.473028,0.602630
1267,-1.479050,0.614158
1268,-1.485787,0.625410
1269,-1.493089,0.636244
1270,-1.501072,0.646639
1271,-1.509572,0.656542
1272,-1.518548,0.665931
1273,-1.528165,0.674831
1274,-1.538299,0.683178
1275,-1.548811,0.690820
1276,-1.559722,0.697965
1277,-1.571095,0.704486
1278,-1.582781,0.710304
1279,-1.594720,0.715510
1280,-1.607067,0.719966
1281,-1.619623,0.723721
1282,-1.632257,0.726823
1283,-1.645073,0.729176
1284,-1.658063,0.730764
1285,-1.671170,0.731580
1286,-1.684180,0.731675
1287,-1.697240,0.731070
1288,-1.710279,0.729682
1289,-1.723143,0.727516
1290,-1.735902,0.724661
1291,-1.748461,0.721083
1292,-1.760853,0.716848
1293,-1.772916,0.711928
1294,-1.784709,0.706261
1295,-1.796192,0.699857
1296,-1.807315,0.692868
1297,-1.818010,0.685295
1298,-1.828121,0.677125
1299,-1.837865,0.668430
1300,-1.847108,0.659108
1301,-1.855831,0.649259
1302,-1.863947,0.639009
1303,-1.871468,0.628243
1304,-1.878334,0.617148
1305,-1.884556,0.605629
1306,-1.890128,0.593746
1307,-1.895020,0.581570
1308,-1.899232,0.569224
1309,-1.902707,0.556640
1310,-1.905430,0.543838
1311,-1.907117,0.531073
1312,-1.908425,0.518061
1313,-1.908949,0.504921
1314,-1.908757,0.491889
1315,-1.907819,0.478808
1316,-1.906113,0.465769
1317,-1.903666,0.452842
1318,-1.900502,0.440073
1319,-1.896621,0.427553
1320,-1.892062,0.415252
1321,-1.886781,0.403236
1322,-1.880825,0.391618
1323,-1.874207,0.380281
1324,-1.866930,0.369325
1325,-1.859037,0.358795
1326,-1.850587,0.348750
1327,-1.841627,0.339210
1328,-1.832127,0.330236
1329,-1.822080,0.321776
1330,-1.811657,0.313981
1331,-1.800762,0.306769
1332,-1.789663,0.300102
1333,-1.777988,0.294132
1334,-1.765972,0.288828
1335,-1.753651,0.284192
1336,-1.741208,0.280288
1337,-1.728455,0.277102
1338,-1.715582,0.274664
1339,-1.702619,0.272928
1340,-1.689532,0.271975
1341,-1.676454,0.271725
1342,-1.663335,0.272267
1343,-1.650257,0.273546
1344,-1.637329,0.275549
1345,-1.624554,0.278296
1346,-1.611941,0.281666
1347,-1.599569,0.285834
1348,-1.587385,0.290726
1349,-1.575487,0.296311
1350,-1.564015,0.302537
1351,-1.552843,0.309402
1352,-1.542475,0.317052
1353,-1.532184,0.325104
1354,-1.522333,0.333781
1355,-1.513014,0.342953
1356,-1.504209,0.352694
1357,-1.496025,0.362753
1358,-1.488398,0.373379
1359,-1.481380,0.384468
1360,-1.474999,0.395946
1361,-1.469281,0.407774
1362,-1.464244,0.419910
1363,-1.459894,0.432298
1364,-1.456241,0.444877
1365,-1.453327,0.457639
1366,-1.451093,0.470516
1367,-1.449667,0.483581
1368,-1.449026,0.496656
1369,-1.449028,0.509696
1370,-1.449811,0.522777
1371,-1.451329,0.535762
1372,-1.453640,0.548696
1373,-1.456681,0.561511
1374,-1.460398,0.574057
1375,-1.464839,0.586360
1376,-1.469997,0.598393
1377,-1.475844,0.610140
1378,-1.482361,0.621574
1379,-1.489592,0.632210
1380,-1.497340,0.642766
1381,-1.505476,0.652843
1382,-1.514366,0.662477
1383,-1.523816,0.671600
1384,-1.533784,0.680200
1385,-1.544217,0.688197
1386,-1.555088,0.695590
1387,-1.566365,0.702352
1388,-1.578022,0.708467
1389,-1.589908,0.713949
1390,-1.602183,0.718729
1391,-1.614715,0.722769
1392,-1.627341,0.726124
1393,-1.640241,0.728710
1394,-1.653200,0.730552
1395,-1.666299,0.731654
1396,-1.679457,0.732038
1397,-1.692327,0.731708
1398,-1.705388,0.730592
1399,-1.718401,0.728696
1400,-1.731290,0.726075
1401,-1.743954,0.722741
1402,-1.756485,0.718687
1403,-1.768669,0.714013
1404,-1.780535,0.708659
1405,-1.792066,0.702529
1406,-1.803304,0.695803
1407,-1.814163,0.688394
1408,-1.824557,0.680435
1409,-1.834502,0.671827
1410,-1.843936,0.662726
1411,-1.852853,0.653111
1412,-1.861161,0.643005
1413,-1.868925,0.632368
1414,-1.875993,0.621488
1415,-1.882442,0.610110
1416,-1.888287,0.598407
1417,-1.893449,0.586401
1418,-1.897913,0.574052
1419,-1.901666,0.561398
1420,-1.904682,0.548727
1421,-1.906976,0.535772
1422,-1.908533,0.522730
1423,-1.909426,0.509732
1424,-1.909215,0.496869
1425,-1.908545,0.483752
1426,-1.907118,0.470779
1427,-1.904953,0.457798
1428,-1.902112,0.444995
1429,-1.898519,0.432356
1430,-1.894252,0.419952
1431,-1.889246,0.407793
1432,-1.883507,0.395936
1433,-1.877103,0.384415
1434,-1.870160,0.373416
1435,-1.862684,0.362733
1436,-1.854438,0.352473
1437,-1.845582,0.342689
1438,-1.836200,0.333437
1439,-1.826290,0.324728
1440,-1.816035,0.316597
1441,-1.805423,0.309121
1442,-1.794260,0.302293
1443,-1.782736,0.296053
1444,-1.770803,0.290482
1445,-1.758718,0.285982
1446,-1.746334,0.281751
1447,-1.733692,0.278273
1448,-1.720897,0.275472
1449,-1.707932,0.273443
1450,-1.694931,0.272209
1451,-1.681819,0.271668
1452,-1.668750,0.271805
1453,-1.655629,0.272758
1454,-1.642581,0.274483
1455,-1.629691,0.276898
1456,-1.616946,0.280052
1457,-1.604429,0.283907
1458,-1.592150,0.288499
1459,-1.580080,0.293793
1460,-1.568367,0.299797
1461,-1.556989,0.306457
1462,-1.546070,0.313653
1463,-1.535562,0.321514
1464,-1.525503,0.330010
1465,-1.516051,0.339032
1466,-1.507023,0.348609
1467,-1.498554,0.358707
1468,-1.490667,0.369249
1469,-1.483357,0.380083
1470,-1.476698,0.391318
1471,-1.471081,0.402917
1472,-1.465801,0.414955
1473,-1.461189,0.427290
1474,-1.457207,0.439815
1475,-1.453974,0.452514
1476,-1.451527,0.465401
1477,-1.449798,0.478458
1478,-1.448745,0.491504
1479,-1.448423,0.504544
1480,-1.448875,0.517662
1481,-1.450153,0.530767
1482,-1.452176,0.543685
1483,-1.454934,0.556568
1484,-1.458385,0.569267
1485,-1.462525,0.581725
1486,-1.467376,0.593936
1487,-1.472940,0.605872
1488,-1.479278,0.617057
1489,-1.486181,0.628244
1490,-1.493544,0.639027
1491,-1.501619,0.649342
1492,-1.510330,0.659216
1493,-1.519600,0.668595
1494,-1.529390,0.677376
1495,-1.539434,0.685637
1496,-1.550032,0.693284
1497,-1.561132,0.700309
1498,-1.572630,0.706698
1499,-1.584481,0.712423
1500,-1.596640,0.717466
1501,-1.608910,0.721885
1502,-1.621538,0.725513
1503,-1.634326,0.728416
1504,-1.647252,0.730679
1505,-1.660269,0.732078
1506,-1.673278,0.732900
1507,-1.686394,0.732851
1508,-1.699513,0.732051
1509,-1.712565,0.730507
1510,-1.725487,0.728216
1511,-1.738204,0.725327
1512,-1.750740,0.721756
1513,-1.763060,0.717388
1514,-1.775022,0.712340
1515,-1.786789,0.706585
1516,-1.798222,0.700161
1517,-1.809234,0.693172
1518,-1.819839,0.685580
1519,-1.830023,0.677358
1520,-1.839209,0.670200
1521,-1.847427,0.664283
1522,-1.855345,0.658064
1523,-1.862219,0.651257
1524,-1.868179,0.643734
1525,-1.874122,0.636678
1526,-1.879995,0.630384
1527,-1.885548,0.624567
1528,-1.890779,0.619161
1529,-1.895633,0.613565
1530,-1.900160,0.607792
1531,-1.904322,0.601707
1532,-1.907988,0.595333
1533,-1.911385,0.588858
1534,-1.914451,0.582193
1535,-1.917149,0.575373
1536,-1.919341,0.568369
1537,-1.921100,0.561208
1538,-1.922561,0.554044
1539,-1.923586,0.546793
1540,-1.924138,0.539467
1541,-1.924339,0.532138
1542,-1.924052,0.524855
1543,-1.923484,0.517604
1544,-1.922371,0.510336
1545,-1.920992,0.503193
1546,-1.919162,0.496165
1547,-1.916856,0.489290
1548,-1.914242,0.482530
1549,-1.911259,0.475899
1550,-1.907856,0.469437
1551,-1.904030,0.463272
1552,-1.899948,0.457298
1553,-1.895552,0.451522
1554,-1.890853,0.446003
1555,-1.885773,0.440797
1556,-1.880463,0.435843
1557,-1.874804,0.431332
1558,-1.868981,0.427066
1559,-1.862748,0.423186
1560,-1.856440,0.419572
1561,-1.849956,0.416350
1562,-1.843244,0.413526
1563,-1.836354,0.411353
1564,-1.829376,0.409284
1565,-1.822327,0.407637
1566,-1.815207,0.406388
1567,-1.808035,0.405519
1568,-1.800787,0.405144
1569,-1.793525,0.405167
1570,-1.786326,0.405514
1571,-1.779380,0.406482
1572,-1.772274,0.407654
1573,-1.765237,0.409233
1574,-1.758320,0.411183
1575,-1.751528,0.413519
1576,-1.744921,0.416440
1577,-1.738431,0.419582
1578,-1.732141,0.423052
1579,-1.726062,0.426863
1580,-1.720210,0.431106
1581,-1.714590,0.435609
1582,-1.709324,0.440492
1583,-1.704281,0.445576
1584,-1.699529,0.450940
1585,-1.695148,0.456671
1586,-1.691096,0.462645
1587,-1.687328,0.468752
1588,-1.684087,0.475189
1589,-1.681147,0.481751
1590,-1.678486,0.488407
1591,-1.676246,0.495211
1592,-1.674433,0.502169
1593,-1.672988,0.509195
1594,-1.672092,0.516313
1595,-1.671483,0.523450
1596,-1.671251,0.530578
1597,-1.671516,0.537769
1598,-1.672129,0.544915
1599,-1.673126,0.551992
1600,-1.674696,0.558952
1601,-1.676480,0.565872
1602,-1.678658,0.572654
1603,-1.681338,0.579299
1604,-1.684273,0.585819
1605,-1.687521,0.592134
1606,-1.691261,0.598136
1607,-1.695384,0.604003
1608,-1.699683,0.609678
1609,-1.704344,0.615067
1610,-1.709292,0.620168
1611,-1.713677,0.623789
1612,-1.717497,0.626031
1613,-1.722593,0.629332
1614,-1.728305,0.632961
1615,-1.734405,0.636409
1616,-1.740741,0.639540
1617,-1.747243,0.642230
1618,-1.753848,0.644669
1619,-1.760666,0.646637
1620,-1.767519,0.648318
1621,-1.774445,0.649610
1622,-1.781433,0.650503
1623,-1.788519,0.650722
1624,-1.795551,0.650794
1625,-1.802604,0.650449
1626,-1.809608,0.649658
1627,-1.816576,0.648403
1628,-1.823461,0.646872
1629,-1.830247,0.644859
1630,-1.836833,0.642330
1631,-1.843325,0.639635
1632,-1.849670,0.636540
1633,-1.855772,0.633057
1634,-1.861727,0.629263
1635,-1.867442,0.625215
1636,-1.872740,0.620776
1637,-1.877923,0.615942
1638,-1.882873,0.610966
1639,-1.887527,0.605745
1640,-1.891837,0.600226
1641,-1.895859,0.594517
1642,-1.899316,0.588417
1643,-1.902630,0.582268
1644,-1.905611,0.575970
1645,-1.908229,0.569513
1646,-1.910440,0.562872
1647,-1.912250,0.556120
1648,-1.913728,0.549313
1649,-1.914672,0.542438
1650,-1.915234,0.535439
1651,-1.915530,0.528486
1652,-1.913518,0.521148
1653,-1.909846,0.513608
1654,-1.906234,0.506470
1655,-1.902599,0.499462
1656,-1.898860,0.492678
1657,-1.894985,0.486118
1658,-1.888782,0.481054
1659,-1.881174,0.476201
1660,-1.871533,0.468904
1661,-1.861663,0.461057
1662,-1.851470,0.453637
1663,-1.842324,0.446456
1664,-1.833737,0.440136
1665,-1.825008,0.434505
1666,-1.816070,0.429448
1667,-1.806866,0.424928
1668,-1.797437,0.420970
1669,-1.787766,0.417566
1670,-1.777920,0.414695
1671,-1.767949,0.412415
1672,-1.757848,0.410682
1673,-1.747753,0.409524
1674,-1.737499,0.409038
1675,-1.727264,0.409024
1676,-1.717048,0.409588
1677,-1.706169,0.410031
1678,-1.693934,0.409847
1679,-1.682485,0.411048
1680,-1.671961,0.413572
1681,-1.662080,0.416997
1682,-1.652604,0.421030
1683,-1.643407,0.425563
1684,-1.634487,0.430597
1685,-1.625916,0.436205
1686,-1.617643,0.442220
1687,-1.609730,0.448697
1688,-1.602190,0.455613
1689,-1.595126,0.463023
1690,-1.587839,0.470412
1691,-1.580010,0.477568
1692,-1.573403,0.485666
1693,-1.567853,0.494370
1694,-1.562431,0.502774
1695,-1.557969,0.511768
1696,-1.554208,0.521196
1697,-1.551021,0.530868
1698,-1.548436,0.540740
1699,-1.546452,0.550775
1700,-1.545018,0.560886
1701,-1.544112,0.571037
1702,-1.543851,0.581278
1703,-1.544181,0.591472
1704,-1.545074,0.601657
1705,-1.546550,0.611754
1706,-1.548662,0.621767
1707,-1.551266,0.631617
1708,-1.554457,0.641331
1709,-1.558190,0.650843
1710,-1.562545,0.660093
1711,-1.567310,0.669121
1712,-1.572645,0.677844
1713,-1.578463,0.686222
1714,-1.584416,0.694413
1715,-1.590141,0.702294
1716,-1.596981,0.709592
1717,-1.604363,0.716461
1718,-1.612244,0.722900
1719,-1.620456,0.728912
1720,-1.629096,0.734288
1721,-1.637964,0.739302
1722,-1.647066,0.743787
1723,-1.656419,0.747765
1724,-1.666005,0.751058
1725,-1.675745,0.753943
1726,-1.685630,0.756235
1727,-1.695604,0.757985
1728,-1.705674,0.759064
1729,-1.715798,0.759579
1730,-1.725945,0.759594
1731,-1.736065,0.759062
1732,-1.745997,0.757901
1733,-1.755913,0.756166
1734,-1.765756,0.753907
1735,-1.775467,0.751031
1736,-1.785009,0.747664
1737,-1.794304,0.743628
1738,-1.803382,0.739164
1739,-1.812214,0.734196
1740,-1.820678,0.728835
1741,-1.828753,0.722957
1742,-1.836542,0.716638
1743,-1.843880,0.709797
1744,-1.850881,0.702599
1745,-1.857489,0.695020
1746,-1.863671,0.687103
1747,-1.869232,0.678729
1748,-1.874451,0.670111
1749,-1.879148,0.661216
1750,-1.883331,0.652075
1751,-1.886885,0.642652
1752,-1.889958,0.633095
1753,-1.892505,0.623351
1754,-1.894461,0.613487
1755,-1.895929,0.603563
1756,-1.896702,0.593531
1757,-1.896990,0.583498
1758,-1.896711,0.573463
1759,-1.895817,0.563466
1760,-1.894348,0.553551
1761,-1.892395,0.543768
1762,-1.889812,0.534055
1763,-1.886688,0.524522
1764,-1.883112,0.515177
1765,-1.878973,0.506055
1766,-1.874327,0.497164
1767,-1.869163,0.488564
1768,-1.863493,0.480308
1769,-1.857360,0.472378
1770,-1.850854,0.464783
1771,-1.843913,0.457548
1772,-1.836469,0.450823
1773,-1.828768,0.444446
1774,-1.820722,0.438566
1775,-1.812304,0.433137
1776,-1.803648,0.428165
1777,-1.794682,0.423741
1778,-1.785503,0.419791
1779,-1.776093,0.416370
1780,-1.766478,0.413650
1781,-1.756739,0.411326
1782,-1.746915,0.409548
1783,-1.736986,0.408378
1784,-1.727014,0.407878
1785,-1.716995,0.407828
1786,-1.707036,0.408327
1787,-1.697133,0.409431
1788,-1.687267,0.411139
1789,-1.677521,0.413374
1790,-1.667893,0.416177
1791,-1.658488,0.419518
1792,-1.649277,0.423529
1793,-1.640297,0.427867
1794,-1.631638,0.432765
1795,-1.623283,0.438267
1796,-1.615214,0.444059
1797,-1.607476,0.450453
1798,-1.600077,0.457198
1799,-1.593104,0.464362
