0,-1.813140,-0.466235
1,-1.813140,-0.466235
2,-1.813140,-0.466235
3,-1.813140,-0.466235
4,-1.806113,-0.476269
5,-1.799257,-0.486897
6,-1.795967,-0.494718
7,-1.792283,-0.502142
8,-1.788211,-0.509132
9,-1.783755,-0.515649
10,-1.778922,-0.521652
11,-1.778168,-0.522554
12,-1.776877,-0.521340
13,-1.773667,-0.518445
14,-1.759907,-0.518025
15,-1.742912,-0.517761
16,-1.725959,-0.516532
17,-1.709104,-0.514339
18,-1.692400,-0.511191
19,-1.675903,-0.507098
20,-1.659665,-0.502073
21,-1.643739,-0.496132
22,-1.628178,-0.489295
23,-1.613030,-0.481583
24,-1.598346,-0.473022
25,-1.584173,-0.463640
26,-1.570556,-0.453466
27,-1.557540,-0.442534
28,-1.545168,-0.430879
29,-1.533478,-0.418540
30,-1.522510,-0.405555
31,-1.512298,-0.391967
32,-1.502876,-0.377820
33,-1.494274,-0.363160
34,-1.486519,-0.348034
35,-1.479638,-0.332491
36,-1.473653,-0.316583
37,-1.468582,-0.300359
38,-1.464443,-0.283873
39,-1.461248,-0.267179
40,-1.459008,-0.250329
41,-1.457731,-0.233380
42,-1.457420,-0.216385
43,-1.458076,-0.199400
44,-1.464708,-0.189986
45,-1.467139,-0.188826
46,-1.467139,-0.188826
47,-1.467720,-0.188646
48,-1.468664,-0.188386
49,-1.469485,-0.188199
50,-1.470151,-0.188076
51,-1.470656,-0.188005
52,-1.471000,-0.187969
53,-1.471183,-0.187957
54,-1.471214,-0.187956
55,-1.471258,-0.192137
56,-1.471715,-0.199169
57,-1.471996,-0.206368
58,-1.471096,-0.213456
59,-1.470295,-0.220562
60,-1.469291,-0.227651
61,-1.468083,-0.234721
62,-1.466668,-0.241770
63,-1.465046,-0.248795
64,-1.463215,-0.255790
65,-1.451014,-0.256468
66,-1.435285,-0.254053
67,-1.419851,-0.250826
68,-1.404706,-0.246767
69,-1.389894,-0.241895
70,-1.375458,-0.236230
71,-1.361441,-0.229798
72,-1.347883,-0.222623
73,-1.334824,-0.214735
74,-1.322300,-0.206164
75,-1.310017,-0.196449
76,-1.298194,-0.185803
77,-1.287069,-0.174604
78,-1.276663,-0.162883
79,-1.266997,-0.150669
80,-1.266085,-0.150044
81,-1.263209,-0.138137
82,-1.260999,-0.122228
83,-1.259361,-0.105309
84,-1.258687,-0.088325
85,-1.258981,-0.071330
86,-1.260242,-0.054380
87,-1.262465,-0.037528
88,-1.265643,-0.020830
89,-1.266557,-0.016169
90,-1.266557,-0.016169
91,-1.266557,-0.016169
92,-1.266557,-0.016169
93,-1.266557,-0.016169
94,-1.266557,-0.016169
95,-1.266557,-0.016169
96,-1.266557,-0.016169
97,-1.266557,-0.016169
98,-1.266557,-0.016169
99,-1.266557,-0.016169
100,-1.266557,-0.016169
101,-1.266557,-0.016169
102,-1.266557,-0.016169
103,-1.258192,-0.007220
104,-1.247621,0.006086
105,-1.237866,0.020006
106,-1.228920,0.034458
107,-1.220810,0.049396
108,-1.213563,0.064771
109,-1.207202,0.080534
110,-1.201749,0.096633
111,-1.197220,0.113016
112,-1.193631,0.129630
113,-1.190993,0.146422
114,-1.189315,0.163336
115,-1.188601,0.180319
116,-1.188856,0.197314
117,-1.190076,0.214268
118,-1.192259,0.231125
119,-1.195398,0.247830
120,-1.199482,0.264330
121,-1.204499,0.280570
122,-1.210431,0.296499
123,-1.212114,0.300941
124,-1.212114,0.300941
125,-1.212114,0.300941
126,-1.224351,0.301497
127,-1.241335,0.300904
128,-1.258256,0.299292
129,-1.275057,0.296720
130,-1.291685,0.293195
131,-1.308086,0.288731
132,-1.324206,0.283340
133,-1.339993,0.277041
134,-1.355397,0.269854
135,-1.370366,0.261802
136,-1.384853,0.252912
137,-1.398811,0.243212
138,-1.412195,0.232733
139,-1.424960,0.221510
140,-1.437066,0.209579
141,-1.448474,0.196978
142,-1.459146,0.183749
143,-1.469049,0.169933
144,-1.478149,0.155577
145,-1.486418,0.140727
146,-1.493829,0.125430
147,-1.500357,0.109736
148,-1.505982,0.093696
149,-1.510685,0.077362
150,-1.514451,0.060787
151,-1.517267,0.044024
152,-1.518096,0.030014
153,-1.517095,0.019301
154,-1.515658,0.007434
155,-1.513635,-0.005493
156,-1.510954,-0.019476
157,-1.507659,-0.034802
158,-1.503729,-0.051266
159,-1.498886,-0.067559
160,-1.497507,-0.072105
161,-1.497507,-0.072105
162,-1.497507,-0.072105
163,-1.497507,-0.072105
164,-1.497507,-0.072105
165,-1.497507,-0.072105
166,-1.491153,-0.061631
167,-1.483533,-0.046441
168,-1.476838,-0.030818
169,-1.471042,-0.014839
170,-1.466165,0.001444
171,-1.462223,0.017978
172,-1.459227,0.034709
173,-1.457189,0.051584
174,-1.456113,0.068548
175,-1.456005,0.085545
176,-1.456864,0.102521
177,-1.457131,0.107263
178,-1.457131,0.107263
179,-1.457131,0.107263
180,-1.457131,0.107263
181,-1.457131,0.107263
182,-1.457131,0.107263
183,-1.457131,0.107263
184,-1.461948,0.096000
185,-1.463816,0.091633
186,-1.463420,0.079389
187,-1.461511,0.062503
188,-1.458590,0.045758
189,-1.457747,0.041083
190,-1.457747,0.041083
191,-1.457747,0.041083
192,-1.457747,0.041083
193,-1.457747,0.041083
194,-1.457747,0.041083
195,-1.450222,0.050750
196,-1.440892,0.064953
197,-1.432431,0.079695
198,-1.424822,0.094894
199,-1.418090,0.110502
200,-1.412257,0.126467
201,-1.407342,0.142739
202,-1.403360,0.159263
203,-1.400222,0.174202
204,-1.396211,0.173212
205,-1.392149,0.172442
206,-1.388047,0.171895
207,-1.383917,0.171572
208,-1.379772,0.171475
209,-1.375624,0.171606
210,-1.371486,0.171963
211,-1.367370,0.172547
212,-1.363287,0.173355
213,-1.359252,0.174387
214,-1.355275,0.175639
215,-1.351369,0.177108
216,-1.347546,0.178791
217,-1.343817,0.180682
218,-1.340193,0.182776
219,-1.336687,0.185068
220,-1.333308,0.187551
221,-1.330067,0.190217
222,-1.326974,0.193060
223,-1.324039,0.196071
224,-1.321270,0.199241
225,-1.318677,0.202562
226,-1.316255,0.205716
227,-1.311864,0.200470
228,-1.305848,0.191286
229,-1.302849,0.185956
230,-1.302676,0.185609
231,-1.301949,0.185247
232,-1.306864,0.176311
233,-1.317133,0.162770
234,-1.326570,0.148633
235,-1.335188,0.133982
236,-1.342959,0.118865
237,-1.349857,0.103330
238,-1.355860,0.087428
239,-1.357512,0.082974
240,-1.357512,0.082974
241,-1.357512,0.082974
242,-1.357512,0.082974
243,-1.357512,0.082974
244,-1.357512,0.082974
245,-1.357512,0.082974
246,-1.357512,0.082974
247,-1.352337,0.094078
248,-1.346417,0.110007
249,-1.340572,0.123783
250,-1.333169,0.133212
251,-1.326805,0.145344
252,-1.322585,0.160275
253,-1.321166,0.177079
254,-1.320870,0.181820
255,-1.320870,0.181820
256,-1.320870,0.181820
257,-1.320870,0.181820
258,-1.323546,0.184456
259,-1.324453,0.188499
260,-1.325581,0.192493
261,-1.325728,0.192190
262,-1.324764,0.185878
263,-1.325067,0.179592
264,-1.326976,0.173210
265,-1.330489,0.166315
266,-1.335726,0.158802
267,-1.344004,0.154094
268,-1.353562,0.150845
269,-1.363006,0.147181
270,-1.372211,0.143018
271,-1.381146,0.138364
272,-1.389782,0.133238
273,-1.398097,0.127657
274,-1.406065,0.121642
275,-1.413664,0.115214
276,-1.420875,0.108394
277,-1.427675,0.101207
278,-1.434048,0.093676
279,-1.439976,0.085827
280,-1.446335,0.080581
281,-1.452219,0.081017
282,-1.457191,0.083749
283,-1.461693,0.087224
284,-1.466122,0.090471
285,-1.470698,0.093468
286,-1.475433,0.096205
287,-1.480318,0.098669
288,-1.485336,0.100855
289,-1.490472,0.102754
290,-1.495710,0.104359
291,-1.501032,0.105666
292,-1.506423,0.106670
293,-1.511864,0.107368
294,-1.516464,0.110297
295,-1.520579,0.118503
296,-1.525356,0.127637
297,-1.530209,0.136499
298,-1.535403,0.143685
299,-1.540576,0.149410
300,-1.544985,0.153864
301,-1.548718,0.157346
302,-1.556874,0.167407
303,-1.567722,0.175777
304,-1.578458,0.182853
305,-1.589332,0.189439
306,-1.600387,0.195653
307,-1.612410,0.197352
308,-1.626896,0.195699
309,-1.642898,0.192817
310,-1.658694,0.189268
311,-1.672770,0.185024
312,-1.684318,0.182198
313,-1.692842,0.178834
314,-1.699965,0.174351
315,-1.706169,0.169209
316,-1.711652,0.163613
317,-1.716532,0.157450
318,-1.720975,0.150881
319,-1.725025,0.144056
320,-1.728675,0.137011
321,-1.731916,0.129772
322,-1.734735,0.122361
323,-1.737125,0.114803
324,-1.738826,0.107397
325,-1.740356,0.099639
326,-1.741441,0.091809
327,-1.742075,0.083932
328,-1.742259,0.076035
329,-1.741990,0.068143
330,-1.741270,0.060282
331,-1.740102,0.052477
332,-1.738490,0.044755
333,-1.736439,0.037140
334,-1.733956,0.029657
335,-1.731051,0.022331
336,-1.727732,0.015186
337,-1.724011,0.008244
338,-1.719900,0.001529
339,-1.715414,-0.004938
340,-1.710566,-0.011135
341,-1.705373,-0.017044
342,-1.699852,-0.022643
343,-1.694022,-0.027916
344,-1.687901,-0.032845
345,-1.681511,-0.037415
346,-1.674872,-0.041609
347,-1.668006,-0.045416
348,-1.660935,-0.048823
349,-1.653683,-0.051819
350,-1.646275,-0.054394
351,-1.638733,-0.056541
352,-1.631083,-0.058252
353,-1.623350,-0.059522
354,-1.615560,-0.060347
355,-1.607738,-0.060725
356,-1.600235,-0.060475
357,-1.592437,-0.059981
358,-1.584683,-0.059043
359,-1.576998,-0.057665
360,-1.569407,-0.055849
361,-1.561934,-0.053603
362,-1.554604,-0.050934
363,-1.547441,-0.047851
364,-1.540469,-0.044365
365,-1.533709,-0.040486
366,-1.527184,-0.036228
367,-1.520915,-0.031605
368,-1.514923,-0.026633
369,-1.509226,-0.021327
370,-1.503844,-0.015707
371,-1.498794,-0.009789
372,-1.494092,-0.003593
373,-1.489754,0.002859
374,-1.485793,0.009547
375,-1.482222,0.016448
376,-1.479052,0.023540
377,-1.476294,0.030800
378,-1.473957,0.038204
379,-1.472047,0.045727
380,-1.470571,0.053345
381,-1.469534,0.061033
382,-1.468939,0.068765
383,-1.468786,0.076517
384,-1.469077,0.084262
385,-1.469811,0.091976
386,-1.470984,0.099633
387,-1.472593,0.107208
388,-1.474632,0.114677
389,-1.477170,0.121650
390,-1.480020,0.128829
391,-1.483274,0.135831
392,-1.486922,0.142633
393,-1.490952,0.149214
394,-1.495351,0.155551
395,-1.500103,0.161626
396,-1.505194,0.167416
397,-1.510607,0.172905
398,-1.516322,0.178074
399,-1.522323,0.182906
400,-1.528588,0.187385
401,-1.535098,0.191498
402,-1.541830,0.195231
403,-1.548763,0.198572
404,-1.555874,0.201510
405,-1.563139,0.204036
406,-1.570535,0.206142
407,-1.578037,0.207821
408,-1.585621,0.209068
409,-1.593261,0.209879
410,-1.600934,0.210251
411,-1.608613,0.210184
412,-1.616274,0.209678
413,-1.623892,0.208735
414,-1.631441,0.207358
415,-1.638897,0.205553
416,-1.646236,0.203324
417,-1.653434,0.200680
418,-1.660467,0.197630
419,-1.667312,0.194183
420,-1.673947,0.190351
421,-1.679979,0.186175
422,-1.686133,0.181640
423,-1.692016,0.176763
424,-1.697610,0.171558
425,-1.702895,0.166044
426,-1.707855,0.160238
427,-1.712474,0.154160
428,-1.716737,0.147829
429,-1.720630,0.141266
430,-1.724140,0.134493
431,-1.727257,0.127532
432,-1.729970,0.120406
433,-1.732270,0.113138
434,-1.734150,0.105752
435,-1.735605,0.098273
436,-1.736629,0.090725
437,-1.737220,0.083132
438,-1.737376,0.075519
439,-1.737096,0.067913
440,-1.736382,0.060336
441,-1.735237,0.052814
442,-1.733663,0.045372
443,-1.731667,0.038034
444,-1.729255,0.030824
445,-1.726436,0.023765
446,-1.723218,0.016880
447,-1.719613,0.010192
448,-1.715632,0.003723
449,-1.711289,-0.002507
450,-1.706598,-0.008477
451,-1.701574,-0.014167
452,-1.696234,-0.019560
453,-1.690712,-0.024283
454,-1.684819,-0.029037
455,-1.678667,-0.033447
456,-1.672274,-0.037497
457,-1.665662,-0.041174
458,-1.658852,-0.044466
459,-1.651866,-0.047363
460,-1.644728,-0.049856
461,-1.637461,-0.051935
462,-1.630088,-0.053596
463,-1.622635,-0.054831
464,-1.615124,-0.055639
465,-1.607581,-0.056016
466,-1.600031,-0.055961
467,-1.592497,-0.055474
468,-1.585006,-0.054558
469,-1.577581,-0.053215
470,-1.570246,-0.051450
471,-1.563026,-0.049270
472,-1.555943,-0.046681
473,-1.549022,-0.043691
474,-1.542285,-0.040312
475,-1.535753,-0.036554
476,-1.529448,-0.032430
477,-1.523390,-0.027952
478,-1.517599,-0.023137
479,-1.512095,-0.018000
480,-1.506894,-0.012558
481,-1.502013,-0.006828
482,-1.497469,-0.000830
483,-1.493277,0.005416
484,-1.489449,0.011891
485,-1.486315,0.018376
486,-1.483238,0.025221
487,-1.480556,0.032228
488,-1.478280,0.039375
489,-1.476416,0.046639
490,-1.474971,0.053996
491,-1.473949,0.061422
492,-1.473353,0.068893
493,-1.473185,0.076384
494,-1.473446,0.083871
495,-1.474134,0.091329
496,-1.475247,0.098734
497,-1.476781,0.106063
498,-1.478731,0.113290
499,-1.481090,0.120392
500,-1.483851,0.127346
501,-1.487005,0.134130
502,-1.490540,0.140722
503,-1.494446,0.147099
504,-1.498709,0.153241
505,-1.503315,0.159129
506,-1.508249,0.164742
507,-1.513494,0.170064
508,-1.519035,0.175076
509,-1.524851,0.179762
510,-1.530925,0.184107
511,-1.537236,0.188097
512,-1.543764,0.191720
513,-1.550486,0.194962
514,-1.557382,0.197815
515,-1.564428,0.200268
516,-1.571601,0.202315
517,-1.578612,0.203686
518,-1.585953,0.204918
519,-1.593350,0.205731
520,-1.600779,0.206120
521,-1.608216,0.206084
522,-1.615638,0.205623
523,-1.623020,0.204739
524,-1.630339,0.203434
525,-1.637569,0.201714
526,-1.644688,0.199584
527,-1.651672,0.197050
528,-1.658499,0.194123
529,-1.665147,0.190810
530,-1.671593,0.187124
531,-1.674472,0.184432
532,-1.666506,0.184120
533,-1.656818,0.183191
534,-1.646768,0.182841
535,-1.636229,0.182945
536,-1.625073,0.183604
537,-1.613166,0.184753
538,-1.600486,0.186440
539,-1.589927,0.189479
540,-1.580338,0.193423
541,-1.571144,0.198100
542,-1.562214,0.201499
543,-1.554070,0.203677
544,-1.547035,0.205577
545,-1.546283,0.209292
546,-1.546380,0.213665
547,-1.547027,0.218353
548,-1.548182,0.223309
549,-1.550111,0.228346
550,-1.553046,0.233436
551,-1.557233,0.238561
552,-1.562693,0.243874
553,-1.564316,0.244902
554,-1.564521,0.249360
555,-1.566553,0.249451
556,-1.566621,0.249395
557,-1.566621,0.249395
558,-1.566621,0.249395
559,-1.569180,0.251646
560,-1.570104,0.252424
561,-1.570104,0.252424
562,-1.570132,0.252420
563,-1.570132,0.252420
564,-1.573128,0.244907
565,-1.578266,0.232289
566,-1.582806,0.218535
567,-1.586414,0.204351
568,-1.589191,0.189985
569,-1.591143,0.175513
570,-1.592269,0.160987
571,-1.592572,0.146461
572,-1.592054,0.131986
573,-1.590723,0.117613
574,-1.588590,0.103393
575,-1.583326,0.090164
576,-1.574340,0.078742
577,-1.563685,0.068078
578,-1.552059,0.058084
579,-1.539742,0.048790
580,-1.526833,0.040232
581,-1.513472,0.032414
582,-1.499680,0.025374
583,-1.485499,0.019154
584,-1.471015,0.013701
585,-1.456238,0.009101
586,-1.441211,0.005379
587,-1.426017,0.002463
588,-1.410677,0.000438
589,-1.395219,-0.000684
590,-1.379774,-0.000976
591,-1.364318,-0.000370
592,-1.348898,0.001147
593,-1.333632,0.003479
594,-1.318506,0.006699
595,-1.303571,0.010811
596,-1.288909,0.015723
597,-1.274556,0.021471
598,-1.260538,0.028060
599,-1.246936,0.035363
600,-1.233760,0.043491
601,-1.221067,0.052363
602,-1.208911,0.061868
603,-1.197306,0.072076
604,-1.186310,0.083002
605,-1.175939,0.094471
606,-1.166252,0.106492
607,-1.157253,0.119089
608,-1.148993,0.132178
609,-1.141482,0.145687
610,-1.134739,0.159563
611,-1.128833,0.173878
612,-1.123740,0.188493
613,-1.119457,0.203306
614,-1.116030,0.218366
615,-1.113493,0.233615
616,-1.111817,0.249003
617,-1.111001,0.264409
618,-1.111097,0.279885
619,-1.112034,0.295300
620,-1.113881,0.310659
621,-1.116544,0.325840
622,-1.120107,0.340870
623,-1.124486,0.355682
624,-1.129743,0.370225
625,-1.135837,0.384430
626,-1.142660,0.398272
627,-1.150270,0.411700
628,-1.158676,0.424678
629,-1.167764,0.437125
630,-1.177524,0.449084
631,-1.187963,0.460447
632,-1.199121,0.471188
633,-1.210766,0.481281
634,-1.222970,0.490709
635,-1.235701,0.499423
636,-1.248994,0.507367
637,-1.262602,0.514577
638,-1.276618,0.521005
639,-1.290985,0.526621
640,-1.305723,0.531366
641,-1.320608,0.535313
642,-1.335708,0.538417
643,-1.350966,0.540648
644,-1.363819,0.543135
645,-1.373723,0.547155
646,-1.383719,0.551166
647,-1.393991,0.554601
648,-1.404437,0.557492
649,-1.415078,0.559760
650,-1.425834,0.561440
651,-1.436672,0.562537
652,-1.447499,0.562941
653,-1.458406,0.562798
654,-1.469281,0.562037
655,-1.480073,0.560607
656,-1.490677,0.558632
657,-1.501235,0.556024
658,-1.511663,0.552841
659,-1.521861,0.549049
660,-1.531841,0.544622
661,-1.541519,0.539723
662,-1.550894,0.534253
663,-1.559934,0.528148
664,-1.568685,0.521672
665,-1.577008,0.514733
666,-1.584913,0.507319
667,-1.592402,0.499371
668,-1.599452,0.491100
669,-1.605946,0.482399
670,-1.611982,0.473373
671,-1.617504,0.464018
672,-1.622525,0.454358
673,-1.626981,0.444496
674,-1.630706,0.434261
675,-1.633954,0.423851
676,-1.636620,0.413398
677,-1.638744,0.402730
678,-1.640241,0.392010
679,-1.641096,0.381179
680,-1.641391,0.370338
681,-1.640916,0.359448
682,-1.639910,0.348705
683,-1.638265,0.337922
684,-1.636093,0.327281
685,-1.633271,0.316809
686,-1.629968,0.306624
687,-1.625926,0.296476
688,-1.621380,0.286642
689,-1.616321,0.277030
690,-1.610726,0.267722
691,-1.604494,0.258799
692,-1.597887,0.250242
693,-1.590726,0.242056
694,-1.583182,0.234354
695,-1.575200,0.226988
696,-1.566818,0.220088
697,-1.558048,0.213765
698,-1.549028,0.207921
699,-1.539561,0.202571
700,-1.529840,0.197795
701,-1.519866,0.193513
702,-1.509624,0.189914
703,-1.499258,0.186879
704,-1.488718,0.184351
705,-1.478026,0.182557
706,-1.467281,0.181212
707,-1.456498,0.180531
708,-1.445679,0.180603
709,-1.434879,0.181132
710,-1.424107,0.182261
711,-1.413496,0.184062
712,-1.402885,0.186495
713,-1.392481,0.189413
714,-1.382258,0.193103
715,-1.372278,0.197242
716,-1.362560,0.201895
717,-1.353116,0.207149
718,-1.343932,0.212903
719,-1.335121,0.219119
720,-1.326716,0.226089
721,-1.318738,0.233295
722,-1.311113,0.240942
723,-1.303985,0.249045
724,-1.297261,0.257530
725,-1.291029,0.266381
726,-1.285439,0.275682
727,-1.280267,0.285132
728,-1.275624,0.294907
729,-1.271611,0.304936
730,-1.268127,0.315126
731,-1.265195,0.325547
732,-1.262931,0.336106
733,-1.261328,0.346822
734,-1.260197,0.357538
735,-1.259838,0.368356
736,-1.259968,0.379107
737,-1.260699,0.389899
738,-1.262094,0.400599
739,-1.264185,0.411226
740,-1.266724,0.421676
741,-1.269850,0.431884
742,-1.273564,0.442057
743,-1.277930,0.451972
744,-1.282802,0.461573
745,-1.288278,0.470911
746,-1.294151,0.479892
747,-1.300583,0.488530
748,-1.307441,0.496858
749,-1.314794,0.504779
750,-1.322687,0.512096
751,-1.330953,0.519072
752,-1.339453,0.525596
753,-1.348384,0.531594
754,-1.357616,0.537095
755,-1.367153,0.542121
756,-1.377274,0.546319
757,-1.387336,0.550127
758,-1.397566,0.553409
759,-1.407994,0.556115
760,-1.418606,0.558162
761,-1.429269,0.559673
762,-1.439986,0.560605
763,-1.450709,0.560868
764,-1.461432,0.560561
765,-1.472180,0.559658
766,-1.482851,0.558129
767,-1.493367,0.555989
768,-1.503816,0.553166
769,-1.514021,0.549866
770,-1.524071,0.545983
771,-1.533884,0.541521
772,-1.543342,0.536401
773,-1.552577,0.530852
774,-1.561432,0.524742
775,-1.569945,0.518201
776,-1.578125,0.511215
777,-1.585726,0.503666
778,-1.593048,0.495752
779,-1.599835,0.487340
780,-1.606197,0.478660
781,-1.611986,0.469623
782,-1.617335,0.460281
783,-1.622083,0.450666
784,-1.626341,0.440756
785,-1.629970,0.430569
786,-1.632895,0.420266
787,-1.635382,0.409843
788,-1.637289,0.399270
789,-1.638609,0.388597
790,-1.639319,0.377945
791,-1.639414,0.367146
792,-1.638901,0.356382
793,-1.637673,0.345652
794,-1.635848,0.335044
795,-1.633468,0.324611
796,-1.630545,0.314258
797,-1.627040,0.304089
798,-1.622912,0.294181
799,-1.618158,0.284474
800,-1.612967,0.275083
801,-1.607234,0.266028
802,-1.601020,0.257248
803,-1.594270,0.248920
804,-1.587075,0.240972
805,-1.579356,0.233432
806,-1.571374,0.226334
807,-1.562953,0.219754
808,-1.554207,0.213593
809,-1.545125,0.207887
810,-1.535691,0.202774
811,-1.525845,0.198279
812,-1.515949,0.194287
813,-1.505813,0.190881
814,-1.495482,0.187972
815,-1.485014,0.185722
816,-1.474481,0.183980
817,-1.463832,0.182884
818,-1.453087,0.182551
819,-1.442372,0.182671
820,-1.431664,0.183450
821,-1.421066,0.184823
822,-1.410567,0.186752
823,-1.400146,0.189231
824,-1.389864,0.192336
825,-1.379838,0.196187
826,-1.369993,0.200414
827,-1.360562,0.205205
828,-1.351243,0.210528
829,-1.342330,0.216493
830,-1.333689,0.222810
831,-1.325467,0.229731
832,-1.317739,0.237019
833,-1.310299,0.244734
834,-1.303312,0.252856
835,-1.296868,0.261381
836,-1.290934,0.270269
837,-1.285560,0.279454
838,-1.280666,0.288916
839,-1.276223,0.298664
840,-1.272375,0.308591
841,-1.269140,0.318767
842,-1.266416,0.329132
843,-1.264286,0.339625
844,-1.263030,0.350249
845,-1.262105,0.360826
846,-1.261786,0.371520
847,-1.262074,0.382211
848,-1.263039,0.392785
849,-1.264633,0.403424
850,-1.266731,0.413838
851,-1.269479,0.424099
852,-1.272704,0.434269
853,-1.276620,0.444237
854,-1.281012,0.453969
855,-1.286121,0.463313
856,-1.291591,0.472482
857,-1.297572,0.481330
858,-1.304072,0.489742
859,-1.310928,0.497845
860,-1.318287,0.505512
861,-1.326198,0.512699
862,-1.334513,0.519433
863,-1.343091,0.525770
864,-1.351976,0.531573
865,-1.361248,0.536825
866,-1.370736,0.541616
867,-1.380528,0.545870
868,-1.390479,0.549498
869,-1.400778,0.552450
870,-1.411135,0.554983
871,-1.421617,0.556919
872,-1.432172,0.558234
873,-1.442796,0.558975
874,-1.453390,0.559127
875,-1.464040,0.558644
876,-1.474666,0.557431
877,-1.485151,0.555674
878,-1.495573,0.553315
879,-1.505794,0.550439
880,-1.515803,0.547015
881,-1.525603,0.542988
882,-1.535256,0.538296
883,-1.544604,0.533199
884,-1.553653,0.527579
885,-1.562268,0.521441
886,-1.570554,0.514752
887,-1.578423,0.507721
888,-1.585997,0.500219
889,-1.593057,0.492221
890,-1.598647,0.485921
891,-1.603630,0.479627
892,-1.607609,0.472092
893,-1.610190,0.462375
894,-1.611356,0.451084
895,-1.610724,0.437940
896,-1.608289,0.423273
897,-1.606545,0.409063
898,-1.604665,0.396030
899,-1.604197,0.393098
900,-1.604197,0.393098
901,-1.598803,0.388399
902,-1.596294,0.384678
903,-1.594470,0.379842
904,-1.594511,0.378406
905,-1.590550,0.381031
906,-1.590146,0.383444
907,-1.590258,0.383617
908,-1.581573,0.391941
909,-1.568332,0.402642
910,-1.555636,0.413943
911,-1.543603,0.425949
912,-1.532273,0.438619
913,-1.521682,0.451914
914,-1.511864,0.465789
915,-1.502852,0.480201
916,-1.494674,0.495102
917,-1.487358,0.510444
918,-1.480926,0.526178
919,-1.475400,0.542252
920,-1.473881,0.546753
921,-1.473881,0.546753
922,-1.473881,0.546753
923,-1.473881,0.546753
924,-1.474734,0.546585
925,-1.474853,0.546559
926,-1.474853,0.546559
927,-1.474853,0.546559
928,-1.474853,0.546559
929,-1.475181,0.534313
930,-1.474273,0.517343
931,-1.474997,0.502725
932,-1.472112,0.485974
933,-1.468279,0.469414
934,-1.463511,0.453100
935,-1.457821,0.437082
936,-1.451230,0.421415
937,-1.443757,0.406148
938,-1.441645,0.401894
939,-1.432321,0.393948
940,-1.418545,0.383998
941,-1.404192,0.374892
942,-1.400167,0.372371
943,-1.392091,0.373391
944,-1.382998,0.377548
945,-1.375448,0.383083
946,-1.372650,0.391250
947,-1.367517,0.396511
948,-1.363865,0.403397
949,-1.362323,0.412884
950,-1.360816,0.421987
951,-1.352277,0.428391
952,-1.344307,0.430540
953,-1.338971,0.434274
954,-1.334411,0.438681
955,-1.331839,0.442779
956,-1.330766,0.446921
957,-1.330102,0.451203
958,-1.329730,0.455543
959,-1.329621,0.459906
960,-1.329764,0.464269
961,-1.330198,0.468573
962,-1.330846,0.472893
963,-1.331730,0.477169
964,-1.332854,0.481388
965,-1.334225,0.485472
966,-1.335815,0.489503
967,-1.337645,0.493459
968,-1.339692,0.497247
969,-1.341952,0.500953
970,-1.344478,0.504550
971,-1.347111,0.507992
972,-1.349961,0.511241
973,-1.353007,0.514360
974,-1.356199,0.517323
975,-1.359533,0.520068
976,-1.363065,0.522620
977,-1.366736,0.524982
978,-1.370514,0.527162
979,-1.374381,0.529099
980,-1.378403,0.530794
981,-1.382499,0.532307
982,-1.386637,0.533551
983,-1.390892,0.534556
984,-1.395199,0.535316
985,-1.399685,0.536218
986,-1.404014,0.536472
987,-1.408376,0.536489
988,-1.412727,0.536261
989,-1.417045,0.535756
990,-1.421346,0.535040
991,-1.425613,0.534070
992,-1.429805,0.532871
993,-1.433869,0.531408
994,-1.437923,0.529718
995,-1.441871,0.527820
996,-1.445671,0.525712
997,-1.449339,0.523370
998,-1.452886,0.520825
999,-1.456310,0.518085
1000,-1.459611,0.515324
1001,-1.462686,0.512228
1002,-1.465603,0.508937
1003,-1.468344,0.505490
1004,-1.470956,0.501842
1005,-1.473240,0.498133
1006,-1.475332,0.494266
1007,-1.477214,0.490287
1008,-1.478869,0.486209
1009,-1.480273,0.482028
1010,-1.481440,0.477783
1011,-1.482503,0.473589
1012,-1.483229,0.469238
1013,-1.483950,0.466065
1014,-1.484760,0.464188
1015,-1.485446,0.462015
1016,-1.485906,0.459601
1017,-1.486008,0.456874
1018,-1.485734,0.453787
1019,-1.485056,0.450320
1020,-1.486928,0.447493
1021,-1.489719,0.447075
1022,-1.494673,0.448863
1023,-1.499724,0.449191
1024,-1.505453,0.450859
1025,-1.510374,0.452606
1026,-1.514729,0.454597
1027,-1.518900,0.455124
1028,-1.522820,0.455688
1029,-1.524901,0.458461
1030,-1.524914,0.461551
1031,-1.525920,0.463371
1032,-1.529955,0.467219
1033,-1.535042,0.471730
1034,-1.540384,0.476238
1035,-1.545675,0.480530
1036,-1.550939,0.484692
1037,-1.556171,0.488698
1038,-1.561328,0.492570
1039,-1.566346,0.496320
1040,-1.570958,0.499816
1041,-1.575024,0.503018
1042,-1.578781,0.506128
1043,-1.582524,0.509350
1044,-1.585747,0.512576
1045,-1.587039,0.513888
1046,-1.588153,0.515011
1047,-1.589366,0.518688
1048,-1.590664,0.523012
1049,-1.592617,0.527773
1050,-1.594852,0.532570
1051,-1.597396,0.537331
1052,-1.600248,0.542032
1053,-1.603410,0.546659
1054,-1.606882,0.551199
1055,-1.610669,0.555640
1056,-1.614767,0.559970
1057,-1.618068,0.564521
1058,-1.621499,0.568740
1059,-1.626678,0.572870
1060,-1.632202,0.576830
1061,-1.637981,0.580482
1062,-1.643963,0.583824
1063,-1.648987,0.587109
1064,-1.652787,0.590608
1065,-1.656459,0.593024
1066,-1.661134,0.593726
1067,-1.666290,0.594512
1068,-1.671586,0.595036
1069,-1.676941,0.595271
1070,-1.682309,0.595193
1071,-1.687639,0.594809
1072,-1.692965,0.594144
1073,-1.698226,0.593169
1074,-1.703325,0.591894
1075,-1.708423,0.590343
1076,-1.713429,0.588489
1077,-1.718324,0.586351
1078,-1.723078,0.583994
1079,-1.727687,0.581341
1080,-1.732141,0.578403
1081,-1.736423,0.575213
1082,-1.740435,0.571849
1083,-1.744315,0.568242
1084,-1.747994,0.564423
1085,-1.751438,0.560359
1086,-1.754648,0.556102
1087,-1.757609,0.551666
1088,-1.760420,0.547169
1089,-1.762896,0.542477
1090,-1.764991,0.537687
1091,-1.766881,0.532724
1092,-1.768476,0.527646
1093,-1.769789,0.522517
1094,-1.770829,0.517321
1095,-1.771535,0.512050
1096,-1.771971,0.506767
1097,-1.772089,0.501456
1098,-1.771942,0.496214
1099,-1.771534,0.490922
1100,-1.770721,0.485645
1101,-1.769642,0.480470
1102,-1.768256,0.475349
1103,-1.766620,0.470323
1104,-1.764786,0.465441
1105,-1.762551,0.460653
1106,-1.760030,0.455974
1107,-1.757285,0.451542
1108,-1.754604,0.447196
1109,-1.751346,0.443033
1110,-1.747832,0.439043
1111,-1.744092,0.435252
1112,-1.740142,0.431680
1113,-1.735996,0.428350
1114,-1.731829,0.425233
1115,-1.727418,0.422358
1116,-1.722767,0.419784
1117,-1.718042,0.417428
1118,-1.713138,0.415390
1119,-1.708253,0.413487
1120,-1.703138,0.412028
1121,-1.697943,0.410857
1122,-1.692688,0.409966
1123,-1.687519,0.409396
1124,-1.682195,0.409106
1125,-1.676984,0.408999
1126,-1.671685,0.409300
1127,-1.666408,0.409934
1128,-1.661154,0.410877
1129,-1.655982,0.412017
1130,-1.650935,0.413478
1131,-1.645930,0.415260
1132,-1.641075,0.417299
1133,-1.636313,0.419665
1134,-1.631681,0.422323
1135,-1.627245,0.425137
1136,-1.622908,0.428197
1137,-1.618806,0.431512
1138,-1.614921,0.435072
1139,-1.611221,0.438907
1140,-1.607586,0.442681
1141,-1.604377,0.446859
1142,-1.601386,0.451245
1143,-1.598647,0.455820
1144,-1.596225,0.460472
1145,-1.593934,0.465278
1146,-1.591968,0.470182
1147,-1.590319,0.475234
1148,-1.588897,0.480326
1149,-1.587745,0.485507
1150,-1.586982,0.490813
1151,-1.586490,0.496097
1152,-1.586250,0.501345
1153,-1.586382,0.506706
1154,-1.586817,0.511949
1155,-1.587590,0.517230
1156,-1.588662,0.522472
1157,-1.589916,0.527501
1158,-1.591544,0.532563
1159,-1.593479,0.537537
1160,-1.595608,0.542391
1161,-1.598082,0.547114
1162,-1.600840,0.551686
1163,-1.603807,0.556091
1164,-1.606950,0.560323
1165,-1.610386,0.564342
1166,-1.614087,0.568162
1167,-1.618013,0.571777
1168,-1.622084,0.575176
1169,-1.626015,0.578274
1170,-1.630499,0.581189
1171,-1.635142,0.583850
1172,-1.639945,0.586257
1173,-1.644713,0.588451
1174,-1.649723,0.590288
1175,-1.654832,0.591811
1176,-1.660047,0.593059
1177,-1.665308,0.593992
1178,-1.670624,0.594620
1179,-1.675942,0.594949
1180,-1.681259,0.595025
1181,-1.686580,0.594779
1182,-1.691846,0.594225
1183,-1.697107,0.593333
1184,-1.702253,0.592230
1185,-1.707360,0.590804
1186,-1.712375,0.589064
1187,-1.717308,0.587005
1188,-1.722090,0.584719
1189,-1.726749,0.582193
1190,-1.731298,0.579414
1191,-1.735586,0.576423
1192,-1.739719,0.573103
1193,-1.743670,0.569514
1194,-1.747484,0.565799
1195,-1.751034,0.561980
1196,-1.754342,0.557773
1197,-1.757388,0.553374
1198,-1.760185,0.548813
1199,-1.762667,0.544148
1200,-1.764923,0.539372
1201,-1.766933,0.534369
1202,-1.768685,0.529358
1203,-1.770105,0.524212
1204,-1.771220,0.518977
1205,-1.772129,0.513741
1206,-1.772645,0.508400
1207,-1.772870,0.503078
1208,-1.772863,0.497775
1209,-1.772462,0.492443
1210,-1.771879,0.487193
1211,-1.770903,0.481936
1212,-1.769593,0.476752
1213,-1.767987,0.471641
1214,-1.766269,0.466757
1215,-1.764190,0.461907
1216,-1.761840,0.457126
1217,-1.759123,0.452499
1218,-1.756148,0.448040
1219,-1.753003,0.443776
1220,-1.749660,0.439675
1221,-1.746020,0.435784
1222,-1.742118,0.432129
1223,-1.738338,0.428772
1224,-1.734062,0.425567
1225,-1.729587,0.422603
1226,-1.724992,0.419890
1227,-1.720240,0.417439
1228,-1.715333,0.415288
1229,-1.710304,0.413420
1230,-1.705174,0.411835
1231,-1.699962,0.410545
1232,-1.694742,0.409507
1233,-1.689428,0.408811
1234,-1.684077,0.408426
1235,-1.678711,0.408348
1236,-1.673338,0.408573
1237,-1.667976,0.409019
1238,-1.662719,0.409816
1239,-1.657504,0.410891
1240,-1.652428,0.412328
1241,-1.647369,0.414016
1242,-1.642404,0.416035
1243,-1.637583,0.418126
1244,-1.632890,0.420667
1245,-1.628319,0.423490
1246,-1.623902,0.426567
1247,-1.619692,0.429917
1248,-1.615653,0.433338
1249,-1.611850,0.437001
1250,-1.608275,0.441004
1251,-1.604915,0.445176
1252,-1.601766,0.449474
1253,-1.598942,0.453982
1254,-1.596353,0.458684
1255,-1.593945,0.463480
1256,-1.591943,0.468235
1257,-1.590200,0.473274
1258,-1.588740,0.478436
1259,-1.587576,0.483680
1260,-1.586494,0.488840
1261,-1.585887,0.494153
1262,-1.585632,0.499511
1263,-1.585684,0.504885
1264,-1.586066,0.510165
1265,-1.586595,0.515472
1266,-1.587481,0.520737
1267,-1.588734,0.525944
1268,-1.590291,0.531082
1269,-1.592077,0.536109
1270,-1.594077,0.541058
1271,-1.596508,0.545881
1272,-1.599070,0.550493
1273,-1.602001,0.554979
1274,-1.605206,0.559298
1275,-1.608490,0.563394
1276,-1.612067,0.567331
1277,-1.615929,0.571063
1278,-1.620027,0.574544
1279,-1.624199,0.577831
1280,-1.628580,0.580907
1281,-1.633191,0.583641
1282,-1.637918,0.586179
1283,-1.642714,0.588408
1284,-1.647702,0.590336
1285,-1.652771,0.592073
1286,-1.657947,0.593405
1287,-1.663183,0.594496
1288,-1.668500,0.595245
1289,-1.673780,0.595651
1290,-1.679115,0.595911
1291,-1.684495,0.595720
1292,-1.689851,0.595303
1293,-1.695105,0.594597
1294,-1.700359,0.593541
1295,-1.705525,0.592134
1296,-1.710679,0.590517
1297,-1.715690,0.588590
1298,-1.720465,0.586421
1299,-1.725210,0.583974
1300,-1.729813,0.581187
1301,-1.734275,0.578131
1302,-1.738554,0.574941
1303,-1.742616,0.571405
1304,-1.746493,0.567747
1305,-1.750117,0.563824
1306,-1.753548,0.559638
1307,-1.756698,0.555284
1308,-1.759615,0.550850
1309,-1.762283,0.546258
1310,-1.764656,0.541495
1311,-1.766767,0.536517
1312,-1.768591,0.531502
1313,-1.770089,0.526327
1314,-1.771321,0.521184
1315,-1.772253,0.515897
1316,-1.772865,0.510546
1317,-1.773172,0.505164
1318,-1.773183,0.499775
1319,-1.772889,0.494429
1320,-1.772346,0.489123
1321,-1.771444,0.483811
1322,-1.770258,0.478659
1323,-1.768764,0.473500
1324,-1.766962,0.468424
1325,-1.764871,0.463454
1326,-1.762644,0.458594
1327,-1.760061,0.453897
1328,-1.757148,0.449358
1329,-1.753988,0.444991
1330,-1.750673,0.440889
1331,-1.747141,0.436851
1332,-1.743504,0.433044
1333,-1.739461,0.429507
1334,-1.735204,0.426199
1335,-1.730749,0.423119
1336,-1.726249,0.420295
1337,-1.721484,0.417751
1338,-1.716637,0.415475
1339,-1.711697,0.413444
1340,-1.706574,0.411737
1341,-1.701397,0.410292
1342,-1.696111,0.409190
1343,-1.690760,0.408389
1344,-1.685428,0.407872
1345,-1.680111,0.407661
1346,-1.674779,0.407679
1347,-1.669482,0.408060
1348,-1.664150,0.408793
1349,-1.658858,0.409833
1350,-1.653699,0.411057
1351,-1.648589,0.412637
1352,-1.643544,0.414555
1353,-1.638654,0.416714
1354,-1.633860,0.419199
1355,-1.629234,0.421909
1356,-1.624752,0.424922
1357,-1.620494,0.428027
1358,-1.616400,0.431474
1359,-1.612502,0.435193
1360,-1.608816,0.439137
1361,-1.605360,0.443287
1362,-1.602147,0.447628
1363,-1.599173,0.452125
1364,-1.596446,0.456730
1365,-1.594005,0.461497
1366,-1.591792,0.466365
1367,-1.589924,0.471425
1368,-1.588261,0.476433
1369,-1.586914,0.481583
1370,-1.585895,0.486859
1371,-1.585173,0.492157
1372,-1.584807,0.497539
1373,-1.584744,0.502963
1374,-1.584920,0.508309
1375,-1.585360,0.513635
1376,-1.586029,0.518657
1377,-1.587166,0.523918
1378,-1.588606,0.529144
1379,-1.590323,0.534301
1380,-1.592354,0.539270
1381,-1.594464,0.544092
1382,-1.597036,0.548821
1383,-1.599896,0.553409
1384,-1.603025,0.557850
1385,-1.606396,0.562085
1386,-1.610000,0.566124
1387,-1.613831,0.569950
1388,-1.617878,0.573557
1389,-1.622025,0.576961
1390,-1.626448,0.580108
1391,-1.631042,0.582967
1392,-1.635673,0.585595
1393,-1.640540,0.587912
1394,-1.645423,0.590063
1395,-1.650539,0.591813
1396,-1.655766,0.593298
1397,-1.660854,0.594498
1398,-1.666139,0.595377
1399,-1.671482,0.596047
1400,-1.676890,0.596289
1401,-1.682302,0.596214
1402,-1.687724,0.595854
1403,-1.693022,0.595268
1404,-1.698302,0.594477
1405,-1.703454,0.593194
1406,-1.708602,0.591667
1407,-1.713673,0.589799
1408,-1.718655,0.587646
1409,-1.723521,0.585329
1410,-1.728197,0.582667
1411,-1.732722,0.579754
1412,-1.737068,0.576521
1413,-1.741254,0.573043
1414,-1.745129,0.569526
1415,-1.748902,0.565706
1416,-1.752414,0.561652
1417,-1.755682,0.557427
1418,-1.758698,0.552961
1419,-1.761568,0.548382
1420,-1.764055,0.543617
1421,-1.766262,0.538670
1422,-1.768190,0.533631
1423,-1.769908,0.528596
1424,-1.771287,0.523335
1425,-1.772318,0.518032
1426,-1.773040,0.512765
1427,-1.773468,0.507373
1428,-1.773644,0.501998
1429,-1.773496,0.496617
1430,-1.773077,0.491250
1431,-1.772322,0.485908
1432,-1.771213,0.480608
1433,-1.769799,0.475360
1434,-1.768195,0.470344
1435,-1.766403,0.465343
1436,-1.764153,0.460426
1437,-1.761610,0.455653
1438,-1.758790,0.451022
1439,-1.755705,0.446559
1440,-1.752605,0.442196
1441,-1.749140,0.438106
1442,-1.745401,0.434296
1443,-1.741456,0.430642
1444,-1.737255,0.427227
1445,-1.732913,0.424018
1446,-1.728416,0.421053
1447,-1.723726,0.418391
1448,-1.718910,0.415955
1449,-1.713941,0.413833
1450,-1.708916,0.412052
1451,-1.703741,0.410512
1452,-1.698534,0.409200
1453,-1.693188,0.408258
1454,-1.687796,0.407649
1455,-1.682417,0.407297
1456,-1.677015,0.407260
1457,-1.671644,0.407513
1458,-1.666313,0.408094
1459,-1.660970,0.408972
1460,-1.655717,0.410187
1461,-1.650524,0.411688
1462,-1.645437,0.413277
1463,-1.640448,0.415342
1464,-1.635573,0.417733
1465,-1.630950,0.420366
1466,-1.626382,0.423286
1467,-1.621933,0.426372
1468,-1.617717,0.429795
1469,-1.613663,0.433326
1470,-1.609839,0.437078
1471,-1.606212,0.441166
1472,-1.602921,0.445418
1473,-1.599845,0.449891
1474,-1.596951,0.454475
1475,-1.594348,0.459194
1476,-1.592077,0.464057
1477,-1.590065,0.469115
1478,-1.588279,0.474196
1479,-1.586764,0.479307
1480,-1.585578,0.484588
1481,-1.584771,0.489949
1482,-1.584271,0.495249
1483,-1.584070,0.500660
1484,-1.584141,0.506073
1485,-1.584483,0.511439
1486,-1.585122,0.516759
1487,-1.586113,0.522109
1488,-1.587384,0.527392
1489,-1.589007,0.532536
1490,-1.590757,0.537590
1491,-1.592910,0.542520
1492,-1.595394,0.547342
1493,-1.598158,0.552032
1494,-1.600937,0.556352
1495,-1.604001,0.560723
1496,-1.607397,0.564878
1497,-1.611106,0.568826
1498,-1.615050,0.572562
1499,-1.619205,0.576070
1500,-1.623555,0.579336
1501,-1.627932,0.582424
1502,-1.632596,0.585173
1503,-1.637388,0.587653
1504,-1.642296,0.589947
1505,-1.647323,0.591879
1506,-1.652377,0.593641
1507,-1.657620,0.595014
1508,-1.662950,0.596069
1509,-1.668338,0.596827
1510,-1.673727,0.597345
1511,-1.679081,0.597585
1512,-1.684435,0.597557
1513,-1.689814,0.597159
1514,-1.695045,0.596453
1515,-1.700336,0.595421
1516,-1.705570,0.594080
1517,-1.710704,0.592589
1518,-1.715731,0.590754
1519,-1.720689,0.588625
1520,-1.725016,0.587950
1521,-1.728705,0.588676
1522,-1.732500,0.589312
1523,-1.735625,0.589630
1524,-1.738318,0.589469
1525,-1.741336,0.589954
1526,-1.744742,0.591291
1527,-1.748349,0.593379
1528,-1.752000,0.595875
1529,-1.755718,0.598331
1530,-1.759582,0.600542
1531,-1.763536,0.602530
1532,-1.767586,0.604292
1533,-1.771704,0.605856
1534,-1.775935,0.607137
1535,-1.780264,0.608208
1536,-1.784546,0.609028
1537,-1.788977,0.609583
1538,-1.793410,0.609929
1539,-1.797832,0.610006
1540,-1.802227,0.609853
1541,-1.806651,0.609424
1542,-1.811070,0.608714
1543,-1.815439,0.607770
1544,-1.819914,0.606843
1545,-1.824176,0.605390
1546,-1.828307,0.603726
1547,-1.832377,0.601814
1548,-1.836293,0.599705
1549,-1.840092,0.597339
1550,-1.843704,0.594750
1551,-1.847231,0.591963
1552,-1.850560,0.589036
1553,-1.853732,0.585878
1554,-1.856739,0.582543
1555,-1.859483,0.579082
1556,-1.862080,0.575421
1557,-1.864482,0.571634
1558,-1.866655,0.567750
1559,-1.868626,0.563790
1560,-1.870315,0.559637
1561,-1.871791,0.555424
1562,-1.873102,0.551125
1563,-1.874077,0.546831
1564,-1.874812,0.542398
1565,-1.875355,0.537939
1566,-1.875630,0.533456
1567,-1.875602,0.528962
1568,-1.875366,0.524509
1569,-1.874862,0.520063
1570,-1.874083,0.515615
1571,-1.873246,0.511288
1572,-1.872000,0.506934
1573,-1.870511,0.502643
1574,-1.868755,0.498467
1575,-1.866769,0.494391
1576,-1.864549,0.490458
1577,-1.862131,0.486624
1578,-1.859476,0.482957
1579,-1.856620,0.479435
1580,-1.853588,0.476117
1581,-1.850336,0.472964
1582,-1.846887,0.469907
1583,-1.843317,0.467120
1584,-1.839588,0.464541
1585,-1.835782,0.462183
1586,-1.831838,0.460075
1587,-1.827719,0.458177
1588,-1.823505,0.456390
1589,-1.819290,0.455034
1590,-1.814907,0.453869
1591,-1.810479,0.452880
1592,-1.806018,0.452162
1593,-1.801535,0.451770
1594,-1.796992,0.451578
1595,-1.792471,0.451634
1596,-1.787972,0.451976
1597,-1.783491,0.452505
1598,-1.779084,0.453394
1599,-1.774657,0.454455
1600,-1.770316,0.455765
1601,-1.766032,0.457345
1602,-1.761900,0.459186
1603,-1.757870,0.461173
1604,-1.753910,0.463474
1605,-1.750094,0.466005
1606,-1.746442,0.468715
1607,-1.742944,0.471566
1608,-1.739638,0.474728
1609,-1.736486,0.478016
1610,-1.733498,0.481476
1611,-1.729867,0.484049
1612,-1.725664,0.485569
1613,-1.722656,0.488614
1614,-1.720361,0.492445
1615,-1.718477,0.496550
1616,-1.716785,0.500807
1617,-1.715376,0.505218
1618,-1.714231,0.509669
1619,-1.713322,0.514124
1620,-1.712703,0.518693
1621,-1.712333,0.523293
1622,-1.712223,0.527905
1623,-1.712325,0.532481
1624,-1.712740,0.537061
1625,-1.713395,0.541633
1626,-1.714262,0.546151
1627,-1.715434,0.550518
1628,-1.716896,0.554885
1629,-1.718503,0.559211
1630,-1.720365,0.563420
1631,-1.722535,0.567470
1632,-1.724949,0.571354
1633,-1.727474,0.575166
1634,-1.730296,0.578833
1635,-1.733333,0.582337
1636,-1.736469,0.585822
1637,-1.739854,0.588831
1638,-1.743463,0.591753
1639,-1.747227,0.594493
1640,-1.751099,0.597058
1641,-1.755145,0.599361
1642,-1.759260,0.601456
1643,-1.763524,0.603288
1644,-1.767904,0.604875
1645,-1.772368,0.606212
1646,-1.776865,0.607249
1647,-1.781430,0.608120
1648,-1.786058,0.608683
1649,-1.790724,0.608999
1650,-1.795308,0.609052
1651,-1.799968,0.608815
1652,-1.802694,0.607931
1653,-1.804173,0.606637
1654,-1.806124,0.605349
1655,-1.808321,0.603948
1656,-1.810670,0.602381
1657,-1.813168,0.600681
1658,-1.813644,0.600131
1659,-1.813023,0.599338
1660,-1.810533,0.595752
1661,-1.807999,0.591205
1662,-1.805295,0.586650
1663,-1.803777,0.581629
1664,-1.802962,0.577311
1665,-1.802148,0.573242
1666,-1.801140,0.569284
1667,-1.799954,0.565412
1668,-1.798531,0.561643
1669,-1.796916,0.557969
1670,-1.795092,0.554367
1671,-1.793052,0.550905
1672,-1.790827,0.547534
1673,-1.788486,0.544304
1674,-1.785861,0.541202
1675,-1.783076,0.538243
1676,-1.780132,0.535443
1677,-1.776323,0.532000
1678,-1.770929,0.527640
1679,-1.766071,0.524287
1680,-1.761911,0.521854
1681,-1.758061,0.520003
1682,-1.754291,0.518336
1683,-1.750514,0.516901
1684,-1.746634,0.515708
1685,-1.742730,0.514685
1686,-1.738753,0.513939
1687,-1.734763,0.513381
1688,-1.730721,0.513087
1689,-1.726711,0.512968
1690,-1.722096,0.512753
1691,-1.716474,0.512188
1692,-1.711574,0.512413
1693,-1.707355,0.513144
1694,-1.702797,0.513580
1695,-1.698663,0.514521
1696,-1.694850,0.515897
1697,-1.691157,0.517573
1698,-1.687604,0.519452
1699,-1.684117,0.521567
1700,-1.680801,0.523818
1701,-1.677588,0.526296
1702,-1.674561,0.528952
1703,-1.671637,0.531776
1704,-1.668897,0.534703
1705,-1.666380,0.537848
1706,-1.663952,0.541086
1707,-1.661798,0.544494
1708,-1.659825,0.547987
1709,-1.658058,0.551605
1710,-1.656468,0.555289
1711,-1.655104,0.559101
1712,-1.653960,0.562922
1713,-1.653026,0.566888
1714,-1.652233,0.570880
1715,-1.650583,0.575227
1716,-1.650100,0.579267
1717,-1.649990,0.583304
1718,-1.650120,0.587314
1719,-1.650505,0.591355
1720,-1.651122,0.595293
1721,-1.651991,0.599251
1722,-1.653093,0.603139
1723,-1.654335,0.606980
1724,-1.655832,0.610694
1725,-1.657542,0.614370
1726,-1.659450,0.617913
1727,-1.661556,0.621363
1728,-1.663840,0.624715
1729,-1.666265,0.627852
1730,-1.668943,0.630892
1731,-1.671413,0.634004
1732,-1.674322,0.636816
1733,-1.677447,0.639340
1734,-1.680756,0.641716
1735,-1.684203,0.643844
1736,-1.687778,0.645827
1737,-1.691448,0.647585
1738,-1.695208,0.649117
1739,-1.699072,0.650437
1740,-1.702932,0.651637
1741,-1.706802,0.652628
1742,-1.710766,0.653352
1743,-1.714751,0.653857
1744,-1.718757,0.654089
1745,-1.722792,0.654110
1746,-1.726843,0.653918
1747,-1.730798,0.653530
1748,-1.734777,0.652890
1749,-1.738693,0.652021
1750,-1.742557,0.650932
1751,-1.746361,0.649708
1752,-1.750041,0.648143
1753,-1.753669,0.646462
1754,-1.757159,0.644532
1755,-1.760594,0.642376
1756,-1.763916,0.640122
1757,-1.767050,0.637582
1758,-1.770071,0.634932
1759,-1.772907,0.632130
1760,-1.775610,0.629106
1761,-1.778135,0.625980
1762,-1.780460,0.622725
1763,-1.782653,0.619262
1764,-1.784620,0.615700
1765,-1.786396,0.612077
1766,-1.787919,0.608299
1767,-1.789265,0.604494
1768,-1.790393,0.600571
1769,-1.791287,0.596661
1770,-1.791950,0.592645
1771,-1.792370,0.588576
1772,-1.792594,0.584548
1773,-1.792566,0.580472
1774,-1.792318,0.576455
1775,-1.791860,0.572354
1776,-1.791155,0.568343
1777,-1.790259,0.564429
1778,-1.789092,0.560525
1779,-1.787744,0.556689
1780,-1.786149,0.552991
1781,-1.784362,0.549334
1782,-1.782351,0.545783
1783,-1.780180,0.542380
1784,-1.777792,0.539122
1785,-1.775206,0.535974
1786,-1.772494,0.532954
1787,-1.769593,0.530153
1788,-1.766515,0.527432
1789,-1.763275,0.524986
1790,-1.759929,0.522697
1791,-1.756494,0.520604
1792,-1.752976,0.518677
1793,-1.749259,0.516976
1794,-1.745523,0.515532
1795,-1.741748,0.514192
1796,-1.737826,0.513133
1797,-1.733922,0.512287
1798,-1.729859,0.511742
1799,-1.725803,0.511436
