0,-1.240770,0.561135
1,-1.240770,0.561135
2,-1.240770,0.561135
3,-1.230309,0.567510
4,-1.216553,0.577488
5,-1.203419,0.588277
6,-1.190920,0.599796
7,-1.179097,0.612008
8,-1.167988,0.624873
9,-1.157628,0.638349
10,-1.148052,0.652392
11,-1.139291,0.666957
12,-1.131372,0.681998
13,-1.124322,0.697464
14,-1.118164,0.713307
15,-1.112916,0.729474
16,-1.108597,0.745914
17,-1.105221,0.762573
18,-1.102798,0.779396
19,-1.101335,0.796331
20,-1.100954,0.801066
21,-1.100954,0.801066
22,-1.100954,0.801066
23,-1.100954,0.801066
24,-1.100954,0.801066
25,-1.112757,0.797787
26,-1.128713,0.791940
27,-1.144292,0.785143
28,-1.159460,0.777471
29,-1.172824,0.770136
30,-1.174170,0.773367
31,-1.175716,0.776498
32,-1.177453,0.779519
33,-1.179374,0.782418
34,-1.181472,0.785183
35,-1.183735,0.787804
36,-1.186156,0.790272
37,-1.188724,0.792576
38,-1.191427,0.794709
39,-1.194256,0.796662
40,-1.197197,0.798428
41,-1.200239,0.800002
42,-1.203370,0.801376
43,-1.206576,0.802547
44,-1.209846,0.803510
45,-1.213164,0.804262
46,-1.216518,0.804801
47,-1.219895,0.805125
48,-1.223281,0.805234
49,-1.226662,0.805128
50,-1.230025,0.804807
51,-1.233357,0.804273
52,-1.236643,0.803530
53,-1.239872,0.802581
54,-1.243031,0.801429
55,-1.246106,0.800081
56,-1.249086,0.798541
57,-1.251960,0.796817
58,-1.254715,0.794915
59,-1.257341,0.792844
60,-1.259828,0.790613
61,-1.262167,0.788229
62,-1.264347,0.785704
63,-1.266361,0.783047
64,-1.268200,0.780270
65,-1.269858,0.777383
66,-1.271329,0.774399
67,-1.272606,0.771328
68,-1.273685,0.768185
69,-1.274562,0.764981
70,-1.275233,0.761729
71,-1.275696,0.758442
72,-1.275949,0.755133
73,-1.275992,0.751817
74,-1.275824,0.748505
75,-1.275446,0.745211
76,-1.274861,0.741948
77,-1.274069,0.738729
78,-1.273075,0.735567
79,-1.271882,0.732475
80,-1.270496,0.729465
81,-1.268922,0.726548
82,-1.267166,0.723737
83,-1.265234,0.721042
84,-1.263136,0.718475
85,-1.260879,0.716045
86,-1.258472,0.713762
87,-1.255925,0.711636
88,-1.253247,0.709674
89,-1.250449,0.707885
90,-1.247543,0.706276
91,-1.244540,0.704853
92,-1.241451,0.703622
93,-1.238289,0.702589
94,-1.235065,0.701756
95,-1.231794,0.701129
96,-1.228488,0.700708
97,-1.225159,0.700498
98,-1.221822,0.700497
99,-1.218488,0.700707
100,-1.215172,0.701127
101,-1.211886,0.701756
102,-1.208644,0.702591
103,-1.205457,0.703630
104,-1.202340,0.704868
105,-1.199303,0.706301
106,-1.196360,0.707924
107,-1.193522,0.709730
108,-1.190800,0.711714
109,-1.188205,0.713867
110,-1.185748,0.716181
111,-1.183438,0.718647
112,-1.181284,0.721257
113,-1.179297,0.724000
114,-1.177482,0.726865
115,-1.175849,0.729843
116,-1.174404,0.732920
117,-1.173152,0.736087
118,-1.172100,0.739330
119,-1.171251,0.742637
120,-1.170610,0.745995
121,-1.171785,0.748557
122,-1.178443,0.752010
123,-1.184697,0.756770
124,-1.192928,0.761161
125,-1.203277,0.765581
126,-1.213851,0.769490
127,-1.224620,0.772796
128,-1.235551,0.775484
129,-1.246608,0.777547
130,-1.257754,0.778981
131,-1.268955,0.779780
132,-1.280175,0.779943
133,-1.291721,0.779328
134,-1.302866,0.778215
135,-1.313923,0.776476
136,-1.324855,0.774116
137,-1.335628,0.771143
138,-1.346207,0.767568
139,-1.356559,0.763402
140,-1.366651,0.758661
141,-1.376451,0.753360
142,-1.385927,0.747517
143,-1.395051,0.741151
144,-1.403793,0.734285
145,-1.412126,0.726939
146,-1.420024,0.719140
147,-1.427462,0.710911
148,-1.434417,0.702282
149,-1.440867,0.693278
150,-1.446793,0.683931
151,-1.452176,0.674270
152,-1.457000,0.664327
153,-1.461250,0.654134
154,-1.464913,0.643724
155,-1.467979,0.633131
156,-1.470438,0.622389
157,-1.472283,0.611532
158,-1.473510,0.600597
159,-1.474115,0.589617
160,-1.474097,0.578628
161,-1.473458,0.567665
162,-1.472199,0.556763
163,-1.470142,0.545634
164,-1.467651,0.534965
165,-1.464566,0.524459
166,-1.460893,0.514151
167,-1.456644,0.504075
168,-1.451836,0.494262
169,-1.446482,0.484744
170,-1.440602,0.475550
171,-1.434215,0.466711
172,-1.427342,0.458253
173,-1.420005,0.450203
174,-1.412230,0.442586
175,-1.404041,0.435428
176,-1.395465,0.428748
177,-1.386530,0.422570
178,-1.377266,0.416911
179,-1.367702,0.411790
180,-1.358507,0.404898
181,-1.352252,0.394110
182,-1.348801,0.382390
183,-1.348111,0.370303
184,-1.349809,0.360847
185,-1.351143,0.354366
186,-1.345622,0.347110
187,-1.344186,0.345093
188,-1.344206,0.345089
189,-1.344206,0.345088
190,-1.345663,0.346513
191,-1.349105,0.350053
192,-1.350840,0.350543
193,-1.350903,0.350550
194,-1.350903,0.350550
195,-1.350903,0.350550
196,-1.350903,0.350550
197,-1.350903,0.350550
198,-1.350903,0.350550
199,-1.350903,0.350550
200,-1.350903,0.350550
201,-1.355800,0.339115
202,-1.360142,0.322848
203,-1.363020,0.307952
204,-1.366674,0.308884
205,-1.370375,0.309597
206,-1.374110,0.310088
207,-1.377864,0.310357
208,-1.381625,0.310403
209,-1.385380,0.310225
210,-1.389115,0.309825
211,-1.392818,0.309204
212,-1.396475,0.308366
213,-1.400074,0.307312
214,-1.403601,0.306047
215,-1.407046,0.304576
216,-1.410395,0.302905
217,-1.413637,0.301039
218,-1.416760,0.298984
219,-1.419755,0.296750
220,-1.422610,0.294343
221,-1.425316,0.291772
222,-1.427863,0.289047
223,-1.430242,0.286177
224,-1.432446,0.283173
225,-1.434467,0.280044
226,-1.436133,0.276750
227,-1.431525,0.271876
228,-1.425644,0.262482
229,-1.425303,0.258698
230,-1.425303,0.258698
231,-1.421540,0.258537
232,-1.419253,0.260345
233,-1.417370,0.261245
234,-1.417108,0.261181
235,-1.417780,0.262743
236,-1.419358,0.266621
237,-1.421478,0.272430
238,-1.421817,0.273385
239,-1.421817,0.273385
240,-1.421817,0.273385
241,-1.421817,0.273385
242,-1.421817,0.273385
243,-1.421817,0.273385
244,-1.421817,0.273385
245,-1.421817,0.273385
246,-1.427386,0.262474
247,-1.433874,0.246768
248,-1.439407,0.230696
249,-1.444908,0.216819
250,-1.451957,0.207295
251,-1.457955,0.195077
252,-1.461790,0.180077
253,-1.462835,0.163243
254,-1.463031,0.158497
255,-1.463031,0.158497
256,-1.463031,0.158497
257,-1.463031,0.158497
258,-1.460345,0.156083
259,-1.459438,0.152383
260,-1.458314,0.148749
261,-1.456855,0.143802
262,-1.454353,0.133493
263,-1.452151,0.121356
264,-1.450657,0.108013
265,-1.450279,0.094175
266,-1.451236,0.079950
267,-1.454859,0.068784
268,-1.459401,0.059351
269,-1.463484,0.049799
270,-1.467002,0.040059
271,-1.469939,0.030162
272,-1.472289,0.020141
273,-1.474048,0.010030
274,-1.475212,-0.000135
275,-1.475781,-0.010321
276,-1.475757,-0.020492
277,-1.475144,-0.030614
278,-1.473947,-0.040654
279,-1.472173,-0.050578
280,-1.470805,-0.057442
281,-1.468800,-0.058197
282,-1.465825,-0.056206
283,-1.462351,-0.053018
284,-1.458799,-0.049604
285,-1.455414,-0.045985
286,-1.452237,-0.042176
287,-1.449281,-0.038190
288,-1.446557,-0.034039
289,-1.444073,-0.029737
290,-1.441840,-0.025297
291,-1.439863,-0.020736
292,-1.438149,-0.016067
293,-1.436706,-0.011305
294,-1.434520,-0.003825
295,-1.432260,0.009211
296,-1.430946,0.023529
297,-1.430013,0.037915
298,-1.429743,0.050947
299,-1.429793,0.062820
300,-1.429437,0.073704
301,-1.428884,0.083126
302,-1.436753,0.094809
303,-1.444942,0.107748
304,-1.452653,0.120564
305,-1.460838,0.132869
306,-1.469572,0.144644
307,-1.479137,0.153105
308,-1.491298,0.159101
309,-1.505416,0.163990
310,-1.519771,0.168306
311,-1.532857,0.171997
312,-1.543869,0.177144
313,-1.552310,0.181776
314,-1.559806,0.185284
315,-1.566836,0.188100
316,-1.573597,0.190405
317,-1.580202,0.192059
318,-1.586814,0.193197
319,-1.593467,0.193945
320,-1.600149,0.194313
321,-1.606837,0.194303
322,-1.613511,0.193916
323,-1.620149,0.193152
324,-1.626982,0.191739
325,-1.633475,0.190221
326,-1.639870,0.188341
327,-1.646146,0.186104
328,-1.652283,0.183517
329,-1.658261,0.180588
330,-1.664062,0.177327
331,-1.669667,0.173745
332,-1.675058,0.169854
333,-1.680218,0.165666
334,-1.685131,0.161195
335,-1.689782,0.156456
336,-1.694156,0.151463
337,-1.698238,0.146233
338,-1.702017,0.140784
339,-1.705481,0.135131
340,-1.708618,0.129295
341,-1.711419,0.123293
342,-1.713875,0.117144
343,-1.715978,0.110870
344,-1.717723,0.104489
345,-1.719104,0.098022
346,-1.720117,0.091491
347,-1.720759,0.084915
348,-1.721028,0.078316
349,-1.720923,0.071716
350,-1.720446,0.065134
351,-1.719598,0.058593
352,-1.718382,0.052112
353,-1.716802,0.045714
354,-1.714863,0.039417
355,-1.712573,0.033243
356,-1.709612,0.027031
357,-1.706633,0.021174
358,-1.703331,0.015495
359,-1.699715,0.010013
360,-1.695796,0.004747
361,-1.691587,-0.000287
362,-1.687102,-0.005074
363,-1.682355,-0.009597
364,-1.677363,-0.013843
365,-1.672140,-0.017799
366,-1.666704,-0.021451
367,-1.661073,-0.024789
368,-1.655264,-0.027803
369,-1.649297,-0.030481
370,-1.643190,-0.032818
371,-1.636963,-0.034804
372,-1.630636,-0.036435
373,-1.624229,-0.037704
374,-1.617764,-0.038610
375,-1.611260,-0.039148
376,-1.604739,-0.039317
377,-1.598221,-0.039117
378,-1.591727,-0.038550
379,-1.585278,-0.037616
380,-1.578895,-0.036320
381,-1.572597,-0.034665
382,-1.566406,-0.032658
383,-1.560340,-0.030305
384,-1.554419,-0.027614
385,-1.548662,-0.024593
386,-1.543087,-0.021253
387,-1.537712,-0.017605
388,-1.532554,-0.013660
389,-1.527547,-0.009066
390,-1.522885,-0.004564
391,-1.518486,0.000193
392,-1.514364,0.005190
393,-1.510534,0.010409
394,-1.507005,0.015835
395,-1.503790,0.021450
396,-1.500900,0.027235
397,-1.498341,0.033173
398,-1.496124,0.039243
399,-1.494254,0.045427
400,-1.492737,0.051704
401,-1.491578,0.058055
402,-1.490780,0.064459
403,-1.490346,0.070896
404,-1.490277,0.077344
405,-1.490572,0.083784
406,-1.491231,0.090194
407,-1.492251,0.096555
408,-1.493628,0.102845
409,-1.495359,0.109046
410,-1.497436,0.115136
411,-1.499854,0.121097
412,-1.502604,0.126910
413,-1.505678,0.132556
414,-1.509064,0.138017
415,-1.512753,0.143276
416,-1.516732,0.148316
417,-1.520988,0.153122
418,-1.525508,0.157677
419,-1.530277,0.161969
420,-1.535278,0.165982
421,-1.540869,0.169672
422,-1.546287,0.173077
423,-1.551887,0.176170
424,-1.557651,0.178940
425,-1.563560,0.181380
426,-1.569597,0.183480
427,-1.575740,0.185235
428,-1.581970,0.186639
429,-1.588268,0.187689
430,-1.594613,0.188380
431,-1.600985,0.188711
432,-1.607363,0.188681
433,-1.613727,0.188290
434,-1.620057,0.187541
435,-1.626332,0.186434
436,-1.632532,0.184976
437,-1.638638,0.183169
438,-1.644630,0.181020
439,-1.650489,0.178537
440,-1.656196,0.175728
441,-1.661734,0.172601
442,-1.667084,0.169166
443,-1.672229,0.165436
444,-1.677153,0.161422
445,-1.681841,0.157138
446,-1.686278,0.152596
447,-1.690450,0.147813
448,-1.694342,0.142802
449,-1.697944,0.137581
450,-1.701244,0.132167
451,-1.704232,0.126576
452,-1.706897,0.120827
453,-1.709114,0.114584
454,-1.711096,0.108580
455,-1.712737,0.102474
456,-1.714029,0.096287
457,-1.714969,0.090039
458,-1.715553,0.083750
459,-1.715781,0.077439
460,-1.715652,0.071128
461,-1.715165,0.064836
462,-1.714324,0.058584
463,-1.713131,0.052391
464,-1.711590,0.046278
465,-1.709706,0.040263
466,-1.707485,0.034367
467,-1.704935,0.028607
468,-1.702064,0.023003
469,-1.698882,0.017571
470,-1.695398,0.012330
471,-1.691625,0.007296
472,-1.687574,0.002485
473,-1.683258,-0.002088
474,-1.678693,-0.006408
475,-1.673891,-0.010461
476,-1.668869,-0.014235
477,-1.663644,-0.017718
478,-1.658231,-0.020899
479,-1.652649,-0.023767
480,-1.646914,-0.026315
481,-1.641047,-0.028533
482,-1.635065,-0.030415
483,-1.628989,-0.031955
484,-1.622836,-0.033148
485,-1.616312,-0.033794
486,-1.610077,-0.034270
487,-1.603825,-0.034394
488,-1.597578,-0.034164
489,-1.591356,-0.033582
490,-1.585178,-0.032648
491,-1.579065,-0.031367
492,-1.573036,-0.029742
493,-1.567110,-0.027780
494,-1.561306,-0.025485
495,-1.555643,-0.022867
496,-1.550139,-0.019934
497,-1.544812,-0.016694
498,-1.539677,-0.013159
499,-1.534752,-0.009341
500,-1.530053,-0.005251
501,-1.525594,-0.000902
502,-1.521389,0.003690
503,-1.517452,0.008512
504,-1.513795,0.013547
505,-1.510430,0.018780
506,-1.507367,0.024193
507,-1.504616,0.029769
508,-1.502187,0.035491
509,-1.500085,0.041339
510,-1.498318,0.047296
511,-1.496891,0.053341
512,-1.495810,0.059455
513,-1.495076,0.065620
514,-1.494692,0.071814
515,-1.494660,0.078018
516,-1.494978,0.084213
517,-1.495913,0.090639
518,-1.496942,0.096741
519,-1.498312,0.102777
520,-1.500021,0.108724
521,-1.502064,0.114564
522,-1.504433,0.120276
523,-1.507120,0.125845
524,-1.510118,0.131250
525,-1.513417,0.136476
526,-1.517004,0.141506
527,-1.520870,0.146323
528,-1.525001,0.150912
529,-1.529384,0.155259
530,-1.534005,0.159350
531,-1.535516,0.164453
532,-1.526610,0.172090
533,-1.516441,0.179133
534,-1.506364,0.186778
535,-1.496254,0.194860
536,-1.485980,0.203469
537,-1.475407,0.212506
538,-1.464507,0.221994
539,-1.456166,0.232711
540,-1.449231,0.244203
541,-1.443121,0.256276
542,-1.437689,0.266876
543,-1.433447,0.276044
544,-1.430706,0.284703
545,-1.432752,0.292395
546,-1.436270,0.301269
547,-1.440243,0.309997
548,-1.444387,0.318335
549,-1.448658,0.325875
550,-1.452931,0.332340
551,-1.457036,0.337382
552,-1.460703,0.340846
553,-1.461092,0.341128
554,-1.460299,0.343150
555,-1.459183,0.340043
556,-1.459300,0.340049
557,-1.460380,0.341321
558,-1.463392,0.344705
559,-1.466182,0.347370
560,-1.466389,0.347427
561,-1.466389,0.347427
562,-1.466389,0.347427
563,-1.455190,0.348732
564,-1.438355,0.351048
565,-1.421685,0.354373
566,-1.417032,0.355329
567,-1.406969,0.362313
568,-1.394495,0.372864
569,-1.387415,0.376003
570,-1.380996,0.380512
571,-1.375031,0.385900
572,-1.369392,0.391754
573,-1.364086,0.397959
574,-1.359136,0.404469
575,-1.354562,0.411253
576,-1.350380,0.418287
577,-1.346604,0.425548
578,-1.343247,0.433012
579,-1.340320,0.440653
580,-1.337832,0.448449
581,-1.335792,0.456372
582,-1.334205,0.464399
583,-1.333077,0.472502
584,-1.332412,0.480655
585,-1.332211,0.488832
586,-1.332475,0.497007
587,-1.333203,0.505154
588,-1.334393,0.513245
589,-1.336041,0.521255
590,-1.338141,0.529157
591,-1.340687,0.536927
592,-1.343670,0.544539
593,-1.347081,0.551969
594,-1.350909,0.559193
595,-1.355140,0.566186
596,-1.359803,0.573001
597,-1.365075,0.579481
598,-1.370463,0.585716
599,-1.376176,0.591593
600,-1.382206,0.597119
601,-1.388537,0.602288
602,-1.395149,0.607087
603,-1.402021,0.611502
604,-1.409133,0.615518
605,-1.416461,0.619124
606,-1.424253,0.622247
607,-1.432068,0.624982
608,-1.439934,0.627302
609,-1.447898,0.629158
610,-1.455945,0.630555
611,-1.464054,0.631492
612,-1.472201,0.631965
613,-1.480361,0.631975
614,-1.488507,0.631520
615,-1.496613,0.630603
616,-1.504914,0.628995
617,-1.512933,0.627123
618,-1.520791,0.624824
619,-1.528488,0.622088
620,-1.536009,0.618922
621,-1.543335,0.615334
622,-1.550443,0.611336
623,-1.557311,0.606941
624,-1.563917,0.602163
625,-1.570239,0.597017
626,-1.576298,0.591256
627,-1.582042,0.585407
628,-1.587467,0.579193
629,-1.592399,0.572612
630,-1.597016,0.565868
631,-1.601234,0.558885
632,-1.605044,0.551677
633,-1.608436,0.544267
634,-1.611398,0.536676
635,-1.613920,0.528928
636,-1.615994,0.521049
637,-1.617462,0.512762
638,-1.618635,0.504648
639,-1.619205,0.496344
640,-1.619391,0.488152
641,-1.619106,0.479977
642,-1.618346,0.471836
643,-1.617108,0.463749
644,-1.617818,0.454870
645,-1.621966,0.444914
646,-1.625783,0.434950
647,-1.629105,0.424847
648,-1.631844,0.414559
649,-1.634035,0.404147
650,-1.635621,0.393612
651,-1.636605,0.383017
652,-1.636977,0.372387
653,-1.636765,0.361739
654,-1.635940,0.351123
655,-1.634534,0.340579
656,-1.632436,0.330169
657,-1.629825,0.319866
658,-1.626631,0.309713
659,-1.622863,0.299763
660,-1.618497,0.290150
661,-1.613591,0.280697
662,-1.608176,0.271529
663,-1.602265,0.262746
664,-1.595853,0.254248
665,-1.588947,0.246142
666,-1.581600,0.238450
667,-1.573874,0.231283
668,-1.565699,0.224454
669,-1.557162,0.218198
670,-1.548291,0.212334
671,-1.539101,0.206985
672,-1.529619,0.202158
673,-1.519873,0.197930
674,-1.509941,0.194256
675,-1.499831,0.191219
676,-1.489541,0.188711
677,-1.479102,0.186736
678,-1.468551,0.185392
679,-1.457952,0.184604
680,-1.447327,0.184464
681,-1.436764,0.184924
682,-1.426189,0.185994
683,-1.415773,0.187688
684,-1.405378,0.189925
685,-1.395132,0.192723
686,-1.385121,0.196248
687,-1.375340,0.200206
688,-1.365726,0.204703
689,-1.356378,0.209757
690,-1.347334,0.215339
691,-1.338717,0.221411
692,-1.330376,0.227997
693,-1.322500,0.235023
694,-1.314958,0.242495
695,-1.307831,0.250380
696,-1.301169,0.258659
697,-1.294990,0.267299
698,-1.289370,0.276299
699,-1.284344,0.285516
700,-1.279709,0.295055
701,-1.275634,0.304864
702,-1.272225,0.314876
703,-1.269297,0.325087
704,-1.266956,0.335443
705,-1.265281,0.345844
706,-1.264125,0.356378
707,-1.263587,0.366987
708,-1.263697,0.377534
709,-1.264348,0.388112
710,-1.265602,0.398644
711,-1.267470,0.409082
712,-1.269953,0.419328
713,-1.272984,0.429473
714,-1.276565,0.439400
715,-1.280721,0.449177
716,-1.285462,0.458674
717,-1.290677,0.467903
718,-1.296418,0.476828
719,-1.302671,0.485360
720,-1.309597,0.493213
721,-1.316814,0.501004
722,-1.324424,0.508371
723,-1.332410,0.515313
724,-1.340792,0.521792
725,-1.349534,0.527780
726,-1.358559,0.533207
727,-1.367928,0.538139
728,-1.377554,0.542557
729,-1.387400,0.546435
730,-1.397449,0.549694
731,-1.407672,0.552412
732,-1.418031,0.554557
733,-1.428479,0.556043
734,-1.439002,0.556956
735,-1.449496,0.557237
736,-1.460085,0.556950
737,-1.470647,0.556087
738,-1.481128,0.554647
739,-1.491463,0.552551
740,-1.501708,0.549867
741,-1.511728,0.546667
742,-1.521619,0.542910
743,-1.531168,0.538540
744,-1.540555,0.533674
745,-1.549613,0.528231
746,-1.558369,0.522277
747,-1.566796,0.515891
748,-1.574833,0.509039
749,-1.582489,0.501728
750,-1.589622,0.493996
751,-1.596290,0.485855
752,-1.602513,0.477349
753,-1.608311,0.468525
754,-1.613584,0.459350
755,-1.618333,0.449923
756,-1.622494,0.440264
757,-1.626177,0.430307
758,-1.629242,0.420176
759,-1.631764,0.409902
760,-1.633584,0.399571
761,-1.634910,0.389079
762,-1.635630,0.378552
763,-1.635726,0.367958
764,-1.635207,0.357406
765,-1.634139,0.346917
766,-1.632469,0.336483
767,-1.630173,0.326162
768,-1.627272,0.316078
769,-1.623813,0.306099
770,-1.619833,0.296312
771,-1.615300,0.286764
772,-1.610184,0.277580
773,-1.604595,0.268605
774,-1.598539,0.259958
775,-1.591929,0.251728
776,-1.584917,0.243884
777,-1.577389,0.236588
778,-1.569528,0.229537
779,-1.561292,0.223027
780,-1.552674,0.216925
781,-1.543726,0.211315
782,-1.534477,0.206234
783,-1.524990,0.201687
784,-1.515230,0.197660
785,-1.505303,0.194314
786,-1.495183,0.191548
787,-1.484883,0.189283
788,-1.474468,0.187592
789,-1.463980,0.186491
790,-1.453459,0.186037
791,-1.442903,0.186098
792,-1.432373,0.186780
793,-1.421955,0.188107
794,-1.411669,0.190080
795,-1.401437,0.192541
796,-1.391339,0.195582
797,-1.381430,0.199197
798,-1.371746,0.203343
799,-1.362366,0.208072
800,-1.353206,0.213337
801,-1.344379,0.219072
802,-1.335877,0.225316
803,-1.327889,0.232078
804,-1.320153,0.239228
805,-1.312907,0.246821
806,-1.306084,0.254807
807,-1.299683,0.263163
808,-1.293780,0.271901
809,-1.288380,0.280928
810,-1.283478,0.290254
811,-1.279273,0.299772
812,-1.275513,0.309621
813,-1.272276,0.319657
814,-1.269612,0.329848
815,-1.267520,0.340164
816,-1.266070,0.350576
817,-1.265198,0.361044
818,-1.264931,0.371500
819,-1.265241,0.382049
820,-1.266232,0.392441
821,-1.267716,0.402853
822,-1.269815,0.413179
823,-1.272487,0.423349
824,-1.275713,0.433376
825,-1.279535,0.443150
826,-1.283896,0.452730
827,-1.288807,0.461992
828,-1.294203,0.471021
829,-1.300113,0.479621
830,-1.306504,0.487953
831,-1.313363,0.495868
832,-1.320689,0.503423
833,-1.328402,0.510581
834,-1.336515,0.517286
835,-1.344974,0.523524
836,-1.353790,0.529125
837,-1.362869,0.534202
838,-1.372249,0.538900
839,-1.381896,0.543071
840,-1.391790,0.546652
841,-1.401842,0.549706
842,-1.412066,0.552183
843,-1.422415,0.554063
844,-1.432726,0.555197
845,-1.443197,0.555840
846,-1.453711,0.555946
847,-1.464213,0.555448
848,-1.474628,0.554346
849,-1.484923,0.552639
850,-1.495183,0.550321
851,-1.505297,0.547460
852,-1.515205,0.544048
853,-1.524813,0.540021
854,-1.534293,0.535491
855,-1.543417,0.530426
856,-1.552334,0.524855
857,-1.560915,0.518791
858,-1.569127,0.512238
859,-1.576882,0.505245
860,-1.584288,0.497796
861,-1.591156,0.489973
862,-1.597604,0.481775
863,-1.603656,0.473197
864,-1.609185,0.464268
865,-1.614244,0.455083
866,-1.618722,0.445602
867,-1.622694,0.435891
868,-1.626065,0.425928
869,-1.628651,0.415939
870,-1.630902,0.405698
871,-1.632570,0.395347
872,-1.633628,0.384902
873,-1.634095,0.374434
874,-1.633911,0.363976
875,-1.633203,0.353513
876,-1.631842,0.343180
877,-1.629975,0.332879
878,-1.627436,0.322798
879,-1.624367,0.312765
880,-1.620712,0.302941
881,-1.616574,0.293360
882,-1.611875,0.284057
883,-1.606643,0.274969
884,-1.600908,0.266196
885,-1.594682,0.257773
886,-1.587959,0.249836
887,-1.580819,0.242222
888,-1.573288,0.234972
889,-1.565356,0.228278
890,-1.556331,0.223745
891,-1.546456,0.220247
892,-1.536377,0.216385
893,-1.526622,0.211144
894,-1.517373,0.204924
895,-1.507536,0.197521
896,-1.497113,0.188730
897,-1.486162,0.180802
898,-1.475142,0.174526
899,-1.466061,0.174332
900,-1.458258,0.180980
901,-1.449816,0.186623
902,-1.441672,0.190471
903,-1.436795,0.191477
904,-1.436410,0.189062
905,-1.437434,0.187509
906,-1.439187,0.185266
907,-1.443879,0.183200
908,-1.452032,0.180221
909,-1.460099,0.171465
910,-1.466763,0.162729
911,-1.473310,0.158568
912,-1.473980,0.158085
913,-1.473988,0.158077
914,-1.473988,0.158077
915,-1.473988,0.158077
916,-1.473988,0.158077
917,-1.473988,0.158077
918,-1.473888,0.157908
919,-1.473877,0.157881
920,-1.473877,0.157881
921,-1.473877,0.157881
922,-1.468775,0.153582
923,-1.454624,0.150600
924,-1.437792,0.148982
925,-1.420827,0.148121
926,-1.403818,0.148224
927,-1.387830,0.152237
928,-1.373494,0.161294
929,-1.359664,0.171135
930,-1.346456,0.181834
931,-1.333878,0.193267
932,-1.321971,0.205397
933,-1.310773,0.218185
934,-1.300321,0.231589
935,-1.290649,0.245566
936,-1.281775,0.259578
937,-1.273612,0.274424
938,-1.266441,0.289818
939,-1.260157,0.305606
940,-1.253129,0.321132
941,-1.246571,0.337114
942,-1.242610,0.353569
943,-1.240072,0.370376
944,-1.238493,0.387300
945,-1.236675,0.403526
946,-1.235247,0.419571
947,-1.231915,0.432563
948,-1.230517,0.447125
949,-1.231660,0.464141
950,-1.231430,0.480499
951,-1.227266,0.491832
952,-1.223367,0.501486
953,-1.222239,0.511996
954,-1.222309,0.522979
955,-1.224709,0.533341
956,-1.228945,0.543447
957,-1.233922,0.553382
958,-1.239506,0.563046
959,-1.245645,0.572386
960,-1.252310,0.581364
961,-1.259521,0.589905
962,-1.267176,0.598069
963,-1.275276,0.605787
964,-1.283801,0.613030
965,-1.292772,0.619727
966,-1.302110,0.625936
967,-1.311752,0.631612
968,-1.321733,0.636676
969,-1.331986,0.641204
970,-1.342512,0.645165
971,-1.353149,0.648515
972,-1.363987,0.651215
973,-1.374978,0.653332
974,-1.386089,0.654833
975,-1.397260,0.655662
976,-1.408466,0.655867
977,-1.419654,0.655452
978,-1.430814,0.654382
979,-1.441887,0.652623
980,-1.452840,0.650296
981,-1.463656,0.647337
982,-1.474277,0.643752
983,-1.484666,0.639556
984,-1.494812,0.634827
985,-1.504688,0.629511
986,-1.514197,0.623625
987,-1.523378,0.617216
988,-1.532179,0.610289
989,-1.540537,0.602877
990,-1.548510,0.594975
991,-1.556002,0.586682
992,-1.563013,0.577947
993,-1.569462,0.568788
994,-1.575450,0.559314
995,-1.580882,0.549547
996,-1.585723,0.539437
997,-1.589968,0.529104
998,-1.593636,0.518517
999,-1.596724,0.507735
1000,-1.599169,0.496682
1001,-1.600953,0.485661
1002,-1.602129,0.474531
1003,-1.602682,0.463358
1004,-1.602606,0.452188
1005,-1.601871,0.441057
1006,-1.600528,0.429954
1007,-1.598568,0.418944
1008,-1.595987,0.408065
1009,-1.592710,0.397421
1010,-1.588898,0.386901
1011,-1.584410,0.376486
1012,-1.579461,0.366477
1013,-1.574014,0.357917
1014,-1.568534,0.351059
1015,-1.562651,0.344268
1016,-1.556244,0.337661
1017,-1.549305,0.331110
1018,-1.541746,0.324628
1019,-1.533589,0.318202
1020,-1.527886,0.312820
1021,-1.522954,0.310262
1022,-1.520075,0.310371
1023,-1.517007,0.309688
1024,-1.514767,0.310573
1025,-1.511687,0.311993
1026,-1.508036,0.314114
1027,-1.504220,0.315227
1028,-1.500208,0.316833
1029,-1.494417,0.321093
1030,-1.486673,0.326109
1031,-1.480029,0.330301
1032,-1.476563,0.336950
1033,-1.474530,0.344936
1034,-1.472748,0.353072
1035,-1.471129,0.361391
1036,-1.469723,0.369966
1037,-1.468546,0.378761
1038,-1.467576,0.387779
1039,-1.466768,0.397016
1040,-1.465877,0.406325
1041,-1.464777,0.415645
1042,-1.463727,0.425150
1043,-1.463029,0.435038
1044,-1.462134,0.445304
1045,-1.459779,0.453749
1046,-1.457657,0.462199
1047,-1.456055,0.473380
1048,-1.455239,0.485645
1049,-1.455264,0.498166
1050,-1.456014,0.510822
1051,-1.457523,0.523515
1052,-1.459794,0.536195
1053,-1.462827,0.548823
1054,-1.466627,0.561360
1055,-1.471196,0.573768
1056,-1.476530,0.586007
1057,-1.481511,0.598382
1058,-1.487074,0.610337
1059,-1.494817,0.622058
1060,-1.503333,0.633451
1061,-1.512524,0.644356
1062,-1.522329,0.654749
1063,-1.531690,0.664854
1064,-1.540115,0.674961
1065,-1.548826,0.683760
1066,-1.558799,0.690431
1067,-1.569596,0.696843
1068,-1.580864,0.702700
1069,-1.592448,0.707896
1070,-1.604332,0.712413
1071,-1.616762,0.716016
1072,-1.629087,0.719208
1073,-1.641558,0.721685
1074,-1.654046,0.723443
1075,-1.666701,0.724505
1076,-1.679403,0.724830
1077,-1.692105,0.724429
1078,-1.704761,0.723368
1079,-1.717328,0.721554
1080,-1.729776,0.719001
1081,-1.742063,0.715742
1082,-1.754060,0.711854
1083,-1.765882,0.707272
1084,-1.777444,0.702024
1085,-1.788675,0.696085
1086,-1.799553,0.689510
1087,-1.810042,0.682326
1088,-1.820010,0.674534
1089,-1.829647,0.666267
1090,-1.838686,0.657500
1091,-1.847291,0.648167
1092,-1.855338,0.638348
1093,-1.862820,0.628118
1094,-1.869735,0.617472
1095,-1.875996,0.606426
1096,-1.881618,0.595051
1097,-1.886573,0.583406
1098,-1.890896,0.571525
1099,-1.894373,0.559359
1100,-1.897281,0.546979
1101,-1.899513,0.534507
1102,-1.901012,0.521917
1103,-1.901832,0.509270
1104,-1.902030,0.496618
1105,-1.901371,0.483974
1106,-1.899974,0.471363
1107,-1.897886,0.458934
1108,-1.895293,0.446617
1109,-1.891796,0.434449
1110,-1.887591,0.422479
1111,-1.882702,0.410761
1112,-1.877157,0.399336
1113,-1.870941,0.388229
1114,-1.864218,0.377597
1115,-1.856905,0.367263
1116,-1.848920,0.357381
1117,-1.840464,0.347939
1118,-1.831428,0.339035
1119,-1.821968,0.330634
1120,-1.811959,0.322807
1121,-1.801528,0.315575
1122,-1.790699,0.308931
1123,-1.779638,0.302930
1124,-1.768093,0.297562
1125,-1.756368,0.292753
1126,-1.744337,0.288705
1127,-1.732072,0.285395
1128,-1.719632,0.282806
1129,-1.707074,0.280875
1130,-1.694462,0.279618
1131,-1.681776,0.279117
1132,-1.669116,0.279326
1133,-1.656441,0.280322
1134,-1.643853,0.282062
1135,-1.631417,0.284404
1136,-1.619093,0.287474
1137,-1.606993,0.291210
1138,-1.595146,0.295674
1139,-1.583552,0.300861
1140,-1.572205,0.306512
1141,-1.561258,0.312915
1142,-1.550710,0.319950
1143,-1.540573,0.327600
1144,-1.530941,0.335743
1145,-1.521729,0.344493
1146,-1.512987,0.353687
1147,-1.504824,0.363403
1148,-1.497170,0.373522
1149,-1.490195,0.384120
1150,-1.483796,0.395134
1151,-1.478010,0.406424
1152,-1.472826,0.417974
1153,-1.468379,0.429912
1154,-1.464628,0.441992
1155,-1.461623,0.454331
1156,-1.459321,0.466835
1157,-1.457622,0.479341
1158,-1.456717,0.492018
1159,-1.456554,0.504736
1160,-1.457037,0.517441
1161,-1.458322,0.530106
1162,-1.460332,0.542669
1163,-1.463011,0.555091
1164,-1.466335,0.567342
1165,-1.470392,0.579379
1166,-1.475176,0.591154
1167,-1.480642,0.602649
1168,-1.486692,0.613825
1169,-1.493382,0.624643
1170,-1.500688,0.635019
1171,-1.508566,0.644955
1172,-1.517017,0.654451
1173,-1.525843,0.663536
1174,-1.535297,0.672029
1175,-1.545224,0.679944
1176,-1.555613,0.687301
1177,-1.566388,0.694039
1178,-1.577540,0.700149
1179,-1.588998,0.705621
1180,-1.600738,0.710483
1181,-1.612747,0.714649
1182,-1.624951,0.718119
1183,-1.637384,0.720837
1184,-1.649893,0.722930
1185,-1.662529,0.724275
1186,-1.675238,0.724854
1187,-1.687950,0.724708
1188,-1.700602,0.723856
1189,-1.713210,0.722342
1190,-1.725718,0.720017
1191,-1.738013,0.717143
1192,-1.750152,0.713478
1193,-1.762105,0.709088
1194,-1.773754,0.704023
1195,-1.785128,0.698511
1196,-1.796152,0.692165
1197,-1.806794,0.685189
1198,-1.817020,0.677626
1199,-1.826706,0.669529
1200,-1.836016,0.660484
1201,-1.844814,0.651263
1202,-1.853103,0.641652
1203,-1.860790,0.631539
1204,-1.867880,0.620987
1205,-1.874422,0.610134
1206,-1.880272,0.598833
1207,-1.885471,0.587278
1208,-1.890061,0.575486
1209,-1.893911,0.563373
1210,-1.897170,0.551154
1211,-1.899621,0.538728
1212,-1.901357,0.526139
1213,-1.902368,0.513458
1214,-1.902840,0.500883
1215,-1.902498,0.488219
1216,-1.901324,0.475531
1217,-1.899456,0.462936
1218,-1.896870,0.450481
1219,-1.893658,0.438206
1220,-1.889790,0.426113
1221,-1.885161,0.414258
1222,-1.879811,0.402707
1223,-1.873781,0.391455
1224,-1.867181,0.380601
1225,-1.859954,0.370128
1226,-1.852188,0.360076
1227,-1.843847,0.350474
1228,-1.834949,0.341387
1229,-1.825540,0.332820
1230,-1.815655,0.324797
1231,-1.805330,0.317345
1232,-1.794652,0.310446
1233,-1.783556,0.304209
1234,-1.772115,0.298620
1235,-1.760372,0.293693
1236,-1.748387,0.289456
1237,-1.736141,0.286026
1238,-1.723762,0.283108
1239,-1.711262,0.280893
1240,-1.698710,0.279460
1241,-1.686025,0.278707
1242,-1.673271,0.278716
1243,-1.660594,0.279243
1244,-1.647966,0.280678
1245,-1.635442,0.282889
1246,-1.623028,0.285780
1247,-1.610808,0.289410
1248,-1.598830,0.293553
1249,-1.587103,0.298411
1250,-1.575691,0.304037
1251,-1.564601,0.310279
1252,-1.553865,0.317084
1253,-1.543560,0.324540
1254,-1.533713,0.332598
1255,-1.524347,0.341205
1256,-1.515328,0.350202
1257,-1.506980,0.359771
1258,-1.499184,0.369833
1259,-1.491969,0.380332
1260,-1.485270,0.391116
1261,-1.479251,0.402330
1262,-1.473930,0.413887
1263,-1.469275,0.425743
1264,-1.465321,0.437761
1265,-1.462030,0.450047
1266,-1.459374,0.462497
1267,-1.457496,0.475093
1268,-1.456350,0.487774
1269,-1.455865,0.500484
1270,-1.456167,0.513196
1271,-1.457212,0.525921
1272,-1.458835,0.538485
1273,-1.461287,0.550969
1274,-1.464470,0.563302
1275,-1.468309,0.575377
1276,-1.472770,0.587271
1277,-1.477970,0.598902
1278,-1.483864,0.610225
1279,-1.490254,0.621203
1280,-1.497385,0.631742
1281,-1.505080,0.641867
1282,-1.513310,0.651625
1283,-1.522022,0.660862
1284,-1.531304,0.669550
1285,-1.541106,0.677674
1286,-1.551337,0.685257
1287,-1.561950,0.692274
1288,-1.572978,0.698641
1289,-1.584276,0.704331
1290,-1.595946,0.709401
1291,-1.607930,0.713795
1292,-1.620112,0.717568
1293,-1.632424,0.720652
1294,-1.644918,0.722968
1295,-1.657889,0.724242
1296,-1.670617,0.725147
1297,-1.683347,0.725303
1298,-1.695945,0.724777
1299,-1.708589,0.723529
1300,-1.721157,0.721485
1301,-1.733615,0.718716
1302,-1.745883,0.715365
1303,-1.757923,0.711208
1304,-1.769699,0.706483
1305,-1.781183,0.701038
1306,-1.792333,0.694899
1307,-1.803123,0.688139
1308,-1.813533,0.680871
1309,-1.823518,0.673023
1310,-1.833013,0.664577
1311,-1.842034,0.655498
1312,-1.850512,0.646003
1313,-1.858395,0.635970
1314,-1.865735,0.625625
1315,-1.872470,0.614798
1316,-1.878556,0.603574
1317,-1.883991,0.592014
1318,-1.888773,0.580164
1319,-1.892864,0.568106
1320,-1.896306,0.555816
1321,-1.899017,0.543354
1322,-1.901016,0.530834
1323,-1.902292,0.518146
1324,-1.902820,0.505390
1325,-1.902618,0.492620
1326,-1.901720,0.479899
1327,-1.900146,0.467260
1328,-1.897790,0.454709
1329,-1.894730,0.442331
1330,-1.891061,0.430227
1331,-1.886600,0.418255
1332,-1.881709,0.406550
1333,-1.875958,0.395187
1334,-1.869549,0.384161
1335,-1.862505,0.373489
1336,-1.854594,0.363201
1337,-1.846394,0.353438
1338,-1.837706,0.344151
1339,-1.828535,0.335336
1340,-1.818816,0.327125
1341,-1.808687,0.319437
1342,-1.798091,0.312380
1343,-1.787100,0.305931
1344,-1.775814,0.300097
1345,-1.764238,0.294902
1346,-1.752365,0.290296
1347,-1.740280,0.286434
1348,-1.727925,0.283315
1349,-1.715400,0.280909
1350,-1.702831,0.279106
1351,-1.690123,0.278102
1352,-1.677153,0.278095
1353,-1.664446,0.278538
1354,-1.651752,0.279757
1355,-1.639171,0.281649
1356,-1.626693,0.284300
1357,-1.614439,0.287496
1358,-1.602356,0.291494
1359,-1.590512,0.296217
1360,-1.578950,0.301614
1361,-1.567713,0.307665
1362,-1.556837,0.314346
1363,-1.546343,0.321618
1364,-1.536267,0.329439
1365,-1.526705,0.337838
1366,-1.517566,0.346724
1367,-1.509026,0.356200
1368,-1.501053,0.366083
1369,-1.493555,0.376355
1370,-1.486685,0.387097
1371,-1.480436,0.398183
1372,-1.474875,0.409661
1373,-1.469972,0.421470
1374,-1.465678,0.433462
1375,-1.462057,0.445670
1376,-1.459217,0.458068
1377,-1.457093,0.470633
1378,-1.455690,0.483340
1379,-1.454993,0.496126
1380,-1.455048,0.508850
1381,-1.455624,0.521533
1382,-1.457115,0.534195
1383,-1.459350,0.546762
1384,-1.462308,0.559211
1385,-1.465962,0.571451
1386,-1.470303,0.583468
1387,-1.475325,0.595218
1388,-1.481037,0.606652
1389,-1.487287,0.617784
1390,-1.494255,0.628527
1391,-1.501819,0.638828
1392,-1.509832,0.648731
1393,-1.518496,0.658118
1394,-1.527614,0.666991
1395,-1.537279,0.675332
1396,-1.547420,0.683140
1397,-1.557796,0.690407
1398,-1.568702,0.697008
1399,-1.579998,0.702944
1400,-1.591623,0.708236
1401,-1.603559,0.712872
1402,-1.615734,0.716823
1403,-1.628018,0.720157
1404,-1.640525,0.722769
1405,-1.653062,0.724586
1406,-1.665758,0.725736
1407,-1.678521,0.726110
1408,-1.691334,0.725765
1409,-1.704052,0.724676
1410,-1.716685,0.722918
1411,-1.729213,0.720458
1412,-1.741589,0.717220
1413,-1.753751,0.713280
1414,-1.765586,0.708833
1415,-1.777228,0.703535
1416,-1.788542,0.697679
1417,-1.799502,0.691203
1418,-1.810066,0.684047
1419,-1.820208,0.676232
1420,-1.829900,0.667936
1421,-1.839086,0.659062
1422,-1.847759,0.649704
1423,-1.855964,0.639973
1424,-1.863556,0.629654
1425,-1.870508,0.618942
1426,-1.876796,0.607926
1427,-1.882481,0.596473
1428,-1.887557,0.584748
1429,-1.891940,0.572734
1430,-1.895667,0.560501
1431,-1.898660,0.548058
1432,-1.900875,0.535463
1433,-1.902365,0.522755
1434,-1.903262,0.510120
1435,-1.903511,0.497356
1436,-1.902868,0.484577
1437,-1.901459,0.471845
1438,-1.899345,0.459225
1439,-1.896503,0.446739
1440,-1.893095,0.434434
1441,-1.888990,0.422347
1442,-1.884150,0.410597
1443,-1.878655,0.399084
1444,-1.872447,0.387905
1445,-1.865324,0.377046
1446,-1.857965,0.366618
1447,-1.849989,0.356664
1448,-1.841485,0.347134
1449,-1.832422,0.338139
1450,-1.822919,0.329728
1451,-1.812893,0.321820
1452,-1.802486,0.314428
1453,-1.791596,0.307708
1454,-1.780338,0.301647
1455,-1.768793,0.296185
1456,-1.756942,0.291396
1457,-1.744864,0.287270
1458,-1.732569,0.283859
1459,-1.720030,0.281168
1460,-1.707395,0.279215
1461,-1.694648,0.277993
1462,-1.681908,0.277393
1463,-1.669139,0.277580
1464,-1.656388,0.278543
1465,-1.643821,0.280194
1466,-1.631258,0.282586
1467,-1.618851,0.285709
1468,-1.606635,0.289512
1469,-1.594630,0.293869
1470,-1.582902,0.298902
1471,-1.571452,0.304725
1472,-1.560436,0.311191
1473,-1.549782,0.318293
1474,-1.539477,0.325940
1475,-1.529672,0.334141
1476,-1.520372,0.342885
1477,-1.511605,0.352221
1478,-1.503308,0.361944
1479,-1.495536,0.372065
1480,-1.488422,0.382707
1481,-1.481971,0.393760
1482,-1.476150,0.405066
1483,-1.470983,0.416786
1484,-1.466455,0.428776
1485,-1.462590,0.440980
1486,-1.459432,0.453392
1487,-1.457002,0.465985
1488,-1.455276,0.478705
1489,-1.454339,0.491459
1490,-1.453982,0.504248
1491,-1.454450,0.517008
1492,-1.455696,0.529757
1493,-1.457687,0.542428
1494,-1.460391,0.554911
1495,-1.463568,0.567273
1496,-1.467542,0.579411
1497,-1.472281,0.591296
1498,-1.477707,0.602899
1499,-1.483788,0.614178
1500,-1.490504,0.625094
1501,-1.497676,0.635684
1502,-1.505561,0.645768
1503,-1.513984,0.655384
1504,-1.522927,0.664604
1505,-1.532764,0.673158
1506,-1.542609,0.681318
1507,-1.552979,0.688784
1508,-1.563784,0.695643
1509,-1.574961,0.701881
1510,-1.586443,0.707542
1511,-1.598186,0.712590
1512,-1.610201,0.717008
1513,-1.622454,0.720642
1514,-1.634806,0.723590
1515,-1.647419,0.725800
1516,-1.660149,0.727280
1517,-1.672924,0.728179
1518,-1.685721,0.728296
1519,-1.698547,0.727674
1520,-1.710792,0.727935
1521,-1.722520,0.729263
1522,-1.734340,0.730048
1523,-1.745528,0.730049
1524,-1.756238,0.729120
1525,-1.767250,0.728313
1526,-1.778498,0.727970
1527,-1.789960,0.727850
1528,-1.801245,0.727767
1529,-1.812465,0.727149
1530,-1.823577,0.725943
1531,-1.834554,0.724001
1532,-1.845513,0.721490
1533,-1.856288,0.718372
1534,-1.866830,0.714657
1535,-1.877135,0.710355
1536,-1.887200,0.705399
1537,-1.896941,0.699895
1538,-1.906397,0.693913
1539,-1.915451,0.687319
1540,-1.924141,0.680252
1541,-1.932386,0.672662
1542,-1.940220,0.664702
1543,-1.947587,0.656328
1544,-1.954376,0.647416
1545,-1.960751,0.638253
1546,-1.966565,0.628704
1547,-1.971857,0.618885
1548,-1.976546,0.608741
1549,-1.980655,0.598381
1550,-1.984121,0.587790
1551,-1.987043,0.576976
1552,-1.989305,0.566042
1553,-1.990966,0.555023
1554,-1.992018,0.543923
1555,-1.992350,0.532767
1556,-1.992117,0.521613
1557,-1.991247,0.510454
1558,-1.989720,0.499387
1559,-1.987484,0.488424
1560,-1.984710,0.477615
1561,-1.981314,0.466963
1562,-1.977319,0.456512
1563,-1.972671,0.446332
1564,-1.967486,0.436453
1565,-1.961797,0.426817
1566,-1.955516,0.417567
1567,-1.948772,0.408693
1568,-1.941499,0.400205
1569,-1.933687,0.392196
1570,-1.925545,0.384586
1571,-1.916811,0.377398
1572,-1.907850,0.370788
1573,-1.898517,0.364704
1574,-1.888871,0.359136
1575,-1.878927,0.354118
1576,-1.868679,0.349735
1577,-1.858212,0.345931
1578,-1.847557,0.342692
1579,-1.836737,0.340052
1580,-1.825782,0.338120
1581,-1.814718,0.336751
1582,-1.803609,0.336014
1583,-1.792483,0.335885
1584,-1.781361,0.336390
1585,-1.770254,0.337576
1586,-1.759226,0.339495
1587,-1.748351,0.341904
1588,-1.737574,0.344958
1589,-1.727076,0.348706
1590,-1.716777,0.352943
1591,-1.706692,0.357747
1592,-1.696941,0.363201
1593,-1.687549,0.369153
1594,-1.678468,0.375685
1595,-1.669761,0.382661
1596,-1.661486,0.390146
1597,-1.653682,0.398109
1598,-1.646338,0.406539
1599,-1.639413,0.415308
1600,-1.633047,0.424520
1601,-1.627243,0.434006
1602,-1.621986,0.443781
1603,-1.617266,0.453986
1604,-1.613159,0.464335
1605,-1.609598,0.474874
1606,-1.606662,0.485649
1607,-1.604424,0.496568
1608,-1.602742,0.507576
1609,-1.601747,0.518692
1610,-1.601301,0.529844
1611,-1.600995,0.539967
1612,-1.600181,0.548796
1613,-1.601003,0.558976
1614,-1.602889,0.569627
1615,-1.605569,0.580305
1616,-1.608868,0.590939
1617,-1.612748,0.601365
1618,-1.617224,0.611516
1619,-1.622332,0.621417
1620,-1.627951,0.631007
1621,-1.634097,0.640266
1622,-1.640757,0.649159
1623,-1.647978,0.657688
1624,-1.655611,0.665747
1625,-1.663718,0.673347
1626,-1.672248,0.680534
1627,-1.681264,0.687084
1628,-1.690547,0.693197
1629,-1.700204,0.698797
1630,-1.710217,0.703770
1631,-1.720394,0.708195
1632,-1.730823,0.711995
1633,-1.741537,0.715254
1634,-1.752342,0.717851
1635,-1.763257,0.719898
1636,-1.774413,0.721016
1637,-1.785465,0.721655
1638,-1.796567,0.721787
1639,-1.807653,0.721316
1640,-1.818729,0.720219
1641,-1.829686,0.718494
1642,-1.840565,0.716105
1643,-1.851262,0.713126
1644,-1.861765,0.709561
1645,-1.872049,0.705404
1646,-1.882046,0.700624
1647,-1.891832,0.695302
1648,-1.901261,0.689454
1649,-1.910362,0.683091
1650,-1.919047,0.676128
1651,-1.927344,0.668753
1652,-1.933292,0.660535
1653,-1.937562,0.651578
1654,-1.941880,0.642632
1655,-1.945941,0.633397
1656,-1.949769,0.623951
1657,-1.953298,0.614249
1658,-1.954324,0.605668
1659,-1.953803,0.596603
1660,-1.950902,0.585001
1661,-1.947492,0.572491
1662,-1.943519,0.560022
1663,-1.940346,0.547390
1664,-1.937361,0.535345
1665,-1.933899,0.523678
1666,-1.929877,0.512294
1667,-1.925223,0.501176
1668,-1.919943,0.490338
1669,-1.914015,0.479818
1670,-1.907530,0.469670
1671,-1.900467,0.459886
1672,-1.892874,0.450541
1673,-1.884427,0.441758
1674,-1.875827,0.433346
1675,-1.866773,0.425425
1676,-1.857287,0.418027
1677,-1.846684,0.410363
1678,-1.834264,0.402179
1679,-1.822174,0.395405
1680,-1.810549,0.389948
1681,-1.799121,0.385520
1682,-1.787628,0.381708
1683,-1.775977,0.378564
1684,-1.764189,0.376124
1685,-1.752270,0.374301
1686,-1.740291,0.373216
1687,-1.728250,0.372777
1688,-1.716217,0.373058
1689,-1.704192,0.373978
1690,-1.691638,0.375297
1691,-1.678130,0.377025
1692,-1.665591,0.379629
1693,-1.653811,0.383196
1694,-1.641935,0.386869
1695,-1.630680,0.391458
1696,-1.619927,0.396905
1697,-1.609572,0.403017
1698,-1.599587,0.409730
1699,-1.589982,0.417014
1700,-1.580802,0.424825
1701,-1.572101,0.433138
1702,-1.563890,0.441975
1703,-1.556178,0.451224
1704,-1.549014,0.460929
1705,-1.542444,0.471056
1706,-1.536446,0.481517
1707,-1.531066,0.492319
1708,-1.526289,0.503399
1709,-1.522194,0.514772
1710,-1.518686,0.526322
1711,-1.515903,0.538041
1712,-1.513787,0.549971
1713,-1.512320,0.561934
1714,-1.511475,0.574019
1715,-1.510278,0.586346
1716,-1.510633,0.598401
1717,-1.511826,0.610399
1718,-1.513742,0.622327
1719,-1.516374,0.634091
1720,-1.519667,0.645741
1721,-1.523654,0.657114
1722,-1.528265,0.668279
1723,-1.533475,0.679167
1724,-1.539323,0.689754
1725,-1.545760,0.699938
1726,-1.552740,0.709765
1727,-1.560302,0.719192
1728,-1.568329,0.728161
1729,-1.576925,0.736665
1730,-1.585969,0.744626
1731,-1.595436,0.752105
1732,-1.605210,0.759088
1733,-1.615446,0.765394
1734,-1.626019,0.771114
1735,-1.636964,0.776194
1736,-1.648141,0.780672
1737,-1.659573,0.784498
1738,-1.671221,0.787655
1739,-1.683006,0.790140
1740,-1.694879,0.792058
1741,-1.706815,0.793304
1742,-1.718787,0.793823
1743,-1.730807,0.793664
1744,-1.742809,0.792768
1745,-1.754724,0.791213
1746,-1.766529,0.789004
1747,-1.778235,0.786100
1748,-1.789697,0.782504
1749,-1.800959,0.778298
1750,-1.811973,0.773411
1751,-1.822723,0.767970
1752,-1.833075,0.761850
1753,-1.843116,0.755188
1754,-1.852716,0.747900
1755,-1.861895,0.740155
1756,-1.870628,0.731890
1757,-1.878865,0.723100
1758,-1.886634,0.713897
1759,-1.893817,0.704226
1760,-1.900447,0.694215
1761,-1.906241,0.683519
1762,-1.911690,0.672801
1763,-1.916542,0.661797
1764,-1.920734,0.650554
1765,-1.924308,0.639074
1766,-1.927166,0.627409
1767,-1.929407,0.615581
1768,-1.930963,0.603666
1769,-1.931830,0.591663
1770,-1.932003,0.579657
1771,-1.931481,0.567637
1772,-1.930301,0.555659
1773,-1.928429,0.543789
1774,-1.925895,0.532088
1775,-1.922718,0.520448
1776,-1.918869,0.509066
1777,-1.914313,0.497902
1778,-1.909179,0.487036
1779,-1.903419,0.476472
1780,-1.897037,0.466238
1781,-1.890100,0.456407
1782,-1.882648,0.446974
1783,-1.874623,0.437989
1784,-1.866094,0.429454
1785,-1.857101,0.421457
1786,-1.847714,0.413962
1787,-1.837878,0.407022
1788,-1.827666,0.400666
1789,-1.817061,0.394895
1790,-1.806167,0.389711
1791,-1.794981,0.385181
1792,-1.783559,0.381288
1793,-1.771981,0.378046
1794,-1.760208,0.375496
1795,-1.748320,0.373586
1796,-1.736389,0.372357
1797,-1.724287,0.371879
1798,-1.712243,0.372087
1799,-1.700170,0.373000
