0,-0.595386,-0.105531
1,-0.595386,-0.105531
2,-0.595386,-0.105531
3,-0.595386,-0.105531
4,-0.595386,-0.105531
5,-0.595386,-0.105531
6,-0.587984,-0.095770
7,-0.578834,-0.081450
8,-0.570559,-0.066603
9,-0.563143,-0.051309
10,-0.556608,-0.035617
11,-0.550977,-0.019579
12,-0.546268,-0.003247
13,-0.544978,0.001324
14,-0.546556,0.013472
15,-0.550088,0.030095
16,-0.554615,0.046479
17,-0.560066,0.062578
18,-0.566425,0.078342
19,-0.573670,0.093718
20,-0.581778,0.108657
21,-0.590723,0.123110
22,-0.600475,0.137031
23,-0.611005,0.150375
24,-0.622276,0.163098
25,-0.634252,0.175159
26,-0.646896,0.186520
27,-0.660166,0.197142
28,-0.674018,0.206992
29,-0.688408,0.216038
30,-0.703290,0.224251
31,-0.718615,0.231604
32,-0.722909,0.233634
33,-0.722909,0.233634
34,-0.722909,0.233634
35,-0.732106,0.225543
36,-0.743924,0.213331
37,-0.754989,0.200428
38,-0.765302,0.186916
39,-0.774829,0.172840
40,-0.783540,0.158244
41,-0.791406,0.143176
42,-0.793580,0.138953
43,-0.793580,0.138953
44,-0.793580,0.138953
45,-0.793580,0.138953
46,-0.793580,0.138953
47,-0.793580,0.138953
48,-0.793580,0.138953
49,-0.793580,0.138953
50,-0.787112,0.149356
51,-0.779324,0.164460
52,-0.772456,0.180009
53,-0.766485,0.195923
54,-0.761428,0.212151
55,-0.757303,0.228640
56,-0.754123,0.245338
57,-0.751898,0.262189
58,-0.750636,0.279139
59,-0.750339,0.296134
60,-0.751011,0.313119
61,-0.752647,0.330037
62,-0.755243,0.346835
63,-0.758791,0.363458
64,-0.763279,0.379853
65,-0.764560,0.384427
66,-0.772234,0.393975
67,-0.783909,0.406323
68,-0.796307,0.417951
69,-0.809347,0.428854
70,-0.822987,0.438997
71,-0.837181,0.448348
72,-0.851884,0.456876
73,-0.867049,0.464554
74,-0.871298,0.466676
75,-0.871298,0.466676
76,-0.871298,0.466676
77,-0.871298,0.466676
78,-0.877075,0.455873
79,-0.883862,0.440294
80,-0.889701,0.424330
81,-0.891308,0.419860
82,-0.891308,0.419860
83,-0.891308,0.419860
84,-0.891308,0.419860
85,-0.891308,0.419860
86,-0.891308,0.419860
87,-0.891308,0.419860
88,-0.882474,0.428348
89,-0.871204,0.441067
90,-0.860716,0.454443
91,-0.851007,0.468394
92,-0.842107,0.482875
93,-0.834045,0.497840
94,-0.826847,0.513238
95,-0.820538,0.529021
96,-0.815136,0.545138
97,-0.810661,0.561535
98,-0.807125,0.578161
99,-0.804542,0.594961
100,-0.802918,0.611881
101,-0.802259,0.628866
102,-0.802568,0.645860
103,-0.803843,0.662810
104,-0.806081,0.679659
105,-0.809274,0.696354
106,-0.810192,0.701015
107,-0.810192,0.701015
108,-0.820354,0.707855
109,-0.835168,0.716184
110,-0.850458,0.723609
111,-0.866146,0.730151
112,-0.882180,0.735791
113,-0.898510,0.740509
114,-0.915081,0.744291
115,-0.931841,0.747123
116,-0.948735,0.748998
117,-0.965708,0.749908
118,-0.982706,0.749851
119,-0.999672,0.748827
120,-1.016553,0.746839
121,-1.031474,0.744720
122,-1.032890,0.744840
123,-1.043110,0.738086
124,-1.056329,0.727653
125,-1.069059,0.716389
126,-1.081126,0.704419
127,-1.092493,0.691781
128,-1.103123,0.678517
129,-1.112981,0.664670
130,-1.122035,0.650285
131,-1.130256,0.635408
132,-1.137617,0.620087
133,-1.144094,0.604372
134,-1.149667,0.588314
135,-1.151199,0.583818
136,-1.151199,0.583818
137,-1.151199,0.583818
138,-1.151199,0.583818
139,-1.151199,0.583818
140,-1.151199,0.583818
141,-1.151199,0.583818
142,-1.142508,0.592451
143,-1.131451,0.605356
144,-1.121187,0.618904
145,-1.111711,0.633015
146,-1.103053,0.647642
147,-1.095241,0.662738
148,-1.088300,0.678254
149,-1.082254,0.694140
150,-1.077121,0.710344
151,-1.072919,0.726814
152,-1.069660,0.743496
153,-1.067356,0.760337
154,-1.066739,0.765047
155,-1.066739,0.765047
156,-1.066739,0.765047
157,-1.066739,0.765047
158,-1.066739,0.765047
159,-1.078691,0.762360
160,-1.094918,0.757315
161,-1.110817,0.751303
162,-1.126348,0.744396
163,-1.141461,0.736617
164,-1.156107,0.727990
165,-1.170238,0.718544
166,-1.183808,0.708309
167,-1.196775,0.697319
168,-1.209095,0.685609
169,-1.220729,0.673217
170,-1.231639,0.660182
171,-1.241790,0.646549
172,-1.251149,0.632360
173,-1.259685,0.617661
174,-1.267371,0.602501
175,-1.274182,0.586928
176,-1.280097,0.570992
177,-1.285094,0.554746
178,-1.289160,0.538242
179,-1.290270,0.533623
180,-1.287888,0.525274
181,-1.283501,0.515565
182,-1.278222,0.502795
183,-1.272133,0.487397
184,-1.265161,0.471895
185,-1.259033,0.459470
186,-1.254261,0.452866
187,-1.247920,0.446432
188,-1.247022,0.445584
189,-1.247022,0.445584
190,-1.247022,0.445584
191,-1.247022,0.445584
192,-1.236715,0.452205
193,-1.223199,0.462506
194,-1.210325,0.473604
195,-1.198102,0.485416
196,-1.186571,0.497904
197,-1.175770,0.511029
198,-1.165733,0.524746
199,-1.156492,0.539013
200,-1.148079,0.553782
201,-1.140519,0.569005
202,-1.133837,0.584635
203,-1.128056,0.600619
204,-1.123193,0.616906
205,-1.121860,0.621465
206,-1.121860,0.621465
207,-1.121860,0.621465
208,-1.121860,0.621465
209,-1.121860,0.621465
210,-1.121860,0.621465
211,-1.121860,0.621465
212,-1.130164,0.612459
213,-1.140644,0.599081
214,-1.150303,0.585095
215,-1.159151,0.570582
216,-1.161600,0.566512
217,-1.163281,0.554378
218,-1.164255,0.537412
219,-1.164485,0.532667
220,-1.164485,0.532667
221,-1.164485,0.532667
222,-1.164485,0.532667
223,-1.164485,0.532667
224,-1.164485,0.532667
225,-1.154978,0.540394
226,-1.142693,0.552135
227,-1.131133,0.564596
228,-1.120301,0.577695
229,-1.110232,0.591389
230,-1.100958,0.605634
231,-1.092509,0.620383
232,-1.084913,0.635589
233,-1.078195,0.651202
234,-1.072376,0.667173
235,-1.067475,0.683448
236,-1.060574,0.686238
237,-1.053920,0.688573
238,-1.047631,0.691505
239,-1.041843,0.694899
240,-1.036413,0.698660
241,-1.031284,0.702783
242,-1.026411,0.707150
243,-1.021805,0.711787
244,-1.017475,0.716678
245,-1.013683,0.722129
246,-1.010011,0.727545
247,-1.006599,0.733088
248,-1.003498,0.738810
249,-1.000725,0.744697
250,-0.998318,0.750765
251,-0.996227,0.756930
252,-0.994489,0.763202
253,-0.993109,0.769562
254,-0.992092,0.775990
255,-0.991480,0.782466
256,-0.991174,0.788965
257,-0.991294,0.795500
258,-0.991756,0.801993
259,-0.992582,0.808450
260,-0.993772,0.814851
261,-0.995376,0.821178
262,-0.997296,0.827399
263,-0.999557,0.833505
264,-1.002574,0.839401
265,-1.005542,0.845196
266,-1.008861,0.850803
267,-1.012438,0.856229
268,-1.016310,0.861451
269,-1.020469,0.866449
270,-1.024905,0.871204
271,-1.029653,0.875675
272,-1.034607,0.879881
273,-1.039827,0.883772
274,-1.045218,0.887396
275,-1.050804,0.890710
276,-1.056607,0.893664
277,-1.062572,0.896273
278,-1.068639,0.898590
279,-1.074827,0.900563
280,-1.081116,0.902182
281,-1.087520,0.903391
282,-1.093981,0.904238
283,-1.100574,0.904394
284,-1.107069,0.904524
285,-1.113554,0.904314
286,-1.120026,0.903683
287,-1.126466,0.902703
288,-1.132815,0.901401
289,-1.139083,0.899744
290,-1.145246,0.897735
291,-1.151288,0.895326
292,-1.157176,0.892571
293,-1.162909,0.889543
294,-1.168458,0.886197
295,-1.173810,0.882542
296,-1.178931,0.878541
297,-1.183826,0.874256
298,-1.188479,0.869745
299,-1.192870,0.864980
300,-1.196985,0.859973
301,-1.200782,0.854695
302,-1.204265,0.849208
303,-1.207468,0.843574
304,-1.210026,0.837506
305,-1.212539,0.831536
306,-1.214656,0.825393
307,-1.216497,0.819195
308,-1.217994,0.812906
309,-1.219135,0.806541
310,-1.219864,0.800101
311,-1.220208,0.793627
312,-1.220255,0.787163
313,-1.219938,0.780705
314,-1.219255,0.774275
315,-1.218148,0.767890
316,-1.216686,0.761578
317,-1.214919,0.755359
318,-1.212804,0.749249
319,-1.210281,0.743285
320,-1.207487,0.737453
321,-1.204369,0.731789
322,-1.200934,0.726310
323,-1.196809,0.721192
324,-1.192689,0.716188
325,-1.188369,0.711394
326,-1.183795,0.706841
327,-1.178972,0.702549
328,-1.173914,0.698535
329,-1.168595,0.694847
330,-1.163105,0.691444
331,-1.157437,0.688348
332,-1.151603,0.685575
333,-1.145621,0.683135
334,-1.139479,0.681080
335,-1.133253,0.679349
336,-1.126947,0.677964
337,-1.120550,0.676982
338,-1.114129,0.676320
339,-1.107664,0.676075
340,-1.101214,0.676161
341,-1.094777,0.676601
342,-1.088314,0.677840
343,-1.081973,0.679043
344,-1.075713,0.680620
345,-1.069558,0.682506
346,-1.063513,0.684774
347,-1.057602,0.687328
348,-1.051843,0.690210
349,-1.046271,0.693467
350,-1.040888,0.697037
351,-1.035704,0.700859
352,-1.030743,0.704963
353,-1.026024,0.709342
354,-1.021588,0.714028
355,-1.017431,0.718966
356,-1.013526,0.724084
357,-1.009912,0.729412
358,-1.006606,0.734936
359,-1.003669,0.740676
360,-1.001040,0.746581
361,-0.999072,0.752815
362,-0.997132,0.758949
363,-0.995530,0.765188
364,-0.994334,0.771520
365,-0.993430,0.777880
366,-0.992882,0.784280
367,-0.992696,0.790701
368,-0.992922,0.797137
369,-0.993513,0.803561
370,-0.994422,0.809918
371,-0.995687,0.816215
372,-0.997306,0.822431
373,-0.999502,0.828549
374,-1.001832,0.834563
375,-1.004479,0.840416
376,-1.007450,0.846108
377,-1.010738,0.851620
378,-1.014333,0.856937
379,-1.018224,0.862040
380,-1.022764,0.866718
381,-1.027232,0.871322
382,-1.031926,0.875679
383,-1.036853,0.879766
384,-1.042006,0.883575
385,-1.047364,0.887085
386,-1.052913,0.890285
387,-1.058636,0.893168
388,-1.064512,0.895723
389,-1.070555,0.897889
390,-1.076681,0.899755
391,-1.082902,0.901275
392,-1.089224,0.902403
393,-1.095578,0.903215
394,-1.101968,0.903666
395,-1.108383,0.903696
396,-1.114779,0.903400
397,-1.121155,0.902697
398,-1.127476,0.901692
399,-1.133721,0.899899
400,-1.139876,0.898127
401,-1.145907,0.896020
402,-1.151838,0.893660
403,-1.157616,0.890896
404,-1.163230,0.887839
405,-1.168665,0.884480
406,-1.173903,0.880820
407,-1.178927,0.876870
408,-1.183700,0.872599
409,-1.188233,0.868090
410,-1.192511,0.863342
411,-1.196517,0.858362
412,-1.200236,0.853163
413,-1.203624,0.847727
414,-1.206715,0.842129
415,-1.209495,0.836373
416,-1.211949,0.830470
417,-1.214066,0.824438
418,-1.215403,0.818071
419,-1.216731,0.811832
420,-1.217814,0.805562
421,-1.218524,0.799229
422,-1.218871,0.792865
423,-1.218816,0.786480
424,-1.218414,0.780116
425,-1.217670,0.773788
426,-1.216574,0.767512
427,-1.215127,0.761307
428,-1.213296,0.755190
429,-1.211130,0.749192
430,-1.208648,0.743325
431,-1.205843,0.737605
432,-1.202720,0.732052
433,-1.199248,0.726695
434,-1.195498,0.721541
435,-1.191478,0.716601
436,-1.187189,0.711894
437,-1.182251,0.707703
438,-1.177422,0.703558
439,-1.172394,0.699674
440,-1.167175,0.696064
441,-1.161764,0.692753
442,-1.156139,0.689792
443,-1.150369,0.687128
444,-1.144470,0.684814
445,-1.138458,0.682806
446,-1.132323,0.681178
447,-1.126126,0.679855
448,-1.119854,0.678916
449,-1.113550,0.678328
450,-1.107230,0.678077
451,-1.100896,0.678230
452,-1.094593,0.678685
453,-1.088321,0.679521
454,-1.082122,0.680718
455,-1.076000,0.682281
456,-1.069970,0.684132
457,-1.064126,0.686734
458,-1.058381,0.689303
459,-1.052803,0.692168
460,-1.047401,0.695358
461,-1.042171,0.698786
462,-1.037151,0.702497
463,-1.032355,0.706477
464,-1.027847,0.710763
465,-1.023615,0.715292
466,-1.019640,0.719987
467,-1.015970,0.724875
468,-1.012624,0.729934
469,-1.009675,0.735181
470,-1.007052,0.740499
471,-1.004812,0.745897
472,-1.002970,0.751334
473,-1.001549,0.756766
474,-1.000612,0.762165
475,-1.000112,0.767427
476,-1.000126,0.772511
477,-1.000709,0.777346
478,-1.000806,0.777935
479,-1.000806,0.777935
480,-1.000806,0.777935
481,-1.010723,0.771849
482,-1.024791,0.762316
483,-1.038263,0.751952
484,-1.051124,0.740838
485,-1.063332,0.729010
486,-1.074846,0.716507
487,-1.085631,0.703369
488,-1.095651,0.689639
489,-1.104874,0.675361
490,-1.113269,0.660582
491,-1.120809,0.645348
492,-1.127471,0.629711
493,-1.133232,0.613719
494,-1.134817,0.609241
495,-1.134817,0.609241
496,-1.134817,0.609241
497,-1.134817,0.609241
498,-1.134817,0.609241
499,-1.134817,0.609241
500,-1.134817,0.609241
501,-1.134817,0.609241
502,-1.129811,0.620422
503,-1.124132,0.636439
504,-1.119426,0.652772
505,-1.115656,0.669346
506,-1.114629,0.673984
507,-1.116897,0.686022
508,-1.121373,0.702416
509,-1.122665,0.706987
510,-1.122665,0.706987
511,-1.122665,0.706987
512,-1.122665,0.706987
513,-1.122665,0.706987
514,-1.132586,0.699801
515,-1.145506,0.688762
516,-1.157741,0.676963
517,-1.169285,0.664487
518,-1.180101,0.651374
519,-1.190153,0.637668
520,-1.199409,0.623412
521,-1.207839,0.608652
522,-1.215415,0.593436
523,-1.222114,0.577814
524,-1.227913,0.561836
525,-1.229508,0.557362
526,-1.229508,0.557362
527,-1.229508,0.557362
528,-1.229508,0.557362
529,-1.229508,0.557362
530,-1.229508,0.557362
531,-1.229508,0.557362
532,-1.229508,0.557362
533,-1.224475,0.568531
534,-1.218759,0.584535
535,-1.214014,0.600856
536,-1.210206,0.617422
537,-1.207346,0.634177
538,-1.205444,0.651068
539,-1.204506,0.668039
540,-1.204535,0.685037
541,-1.205532,0.702005
542,-1.205837,0.706745
543,-1.205837,0.706745
544,-1.205837,0.706745
545,-1.205837,0.706745
546,-1.205837,0.706745
547,-1.205837,0.706745
548,-1.214413,0.697998
549,-1.225299,0.684949
550,-1.235384,0.671266
551,-1.244673,0.657032
552,-1.253138,0.642292
553,-1.260750,0.627094
554,-1.267485,0.611488
555,-1.273322,0.595524
556,-1.278240,0.579253
557,-1.282225,0.562730
558,-1.285264,0.546006
559,-1.287346,0.529136
560,-1.288464,0.512176
561,-1.288616,0.495179
562,-1.289789,0.486654
563,-1.292840,0.486418
564,-1.295859,0.485963
565,-1.298832,0.485293
566,-1.301742,0.484412
567,-1.304577,0.483325
568,-1.306762,0.482164
569,-1.304640,0.489123
570,-1.304768,0.498170
571,-1.305608,0.507723
572,-1.307001,0.517349
573,-1.308932,0.526921
574,-1.311400,0.536380
575,-1.314400,0.545688
576,-1.317924,0.554811
577,-1.321963,0.563720
578,-1.326503,0.572384
579,-1.331530,0.580775
580,-1.337026,0.588866
581,-1.342975,0.596631
582,-1.349358,0.604044
583,-1.356152,0.611082
584,-1.363337,0.617720
585,-1.370888,0.623939
586,-1.378782,0.629717
587,-1.386993,0.635035
588,-1.395494,0.639877
589,-1.404256,0.644226
590,-1.413253,0.648069
591,-1.422454,0.651393
592,-1.431830,0.654186
593,-1.441350,0.656441
594,-1.450983,0.658150
595,-1.460698,0.659306
596,-1.470505,0.659981
597,-1.480254,0.660115
598,-1.490043,0.659708
599,-1.499789,0.658678
600,-1.509454,0.657079
601,-1.519008,0.654926
602,-1.528423,0.652230
603,-1.537668,0.649002
604,-1.546715,0.645252
605,-1.555533,0.640992
606,-1.564132,0.636341
607,-1.572537,0.631268
608,-1.580556,0.625604
609,-1.588218,0.619477
610,-1.595512,0.612920
611,-1.602417,0.605956
612,-1.608913,0.598609
613,-1.614980,0.590904
614,-1.620599,0.582866
615,-1.625751,0.574520
616,-1.630612,0.566024
617,-1.634889,0.557133
618,-1.638604,0.548025
619,-1.641779,0.538724
620,-1.644413,0.529259
621,-1.646502,0.519660
622,-1.648042,0.509956
623,-1.649027,0.500180
624,-1.649455,0.490362
625,-1.649324,0.480535
626,-1.648809,0.470824
627,-1.647652,0.461056
628,-1.645963,0.451316
629,-1.643758,0.441681
630,-1.640927,0.432232
631,-1.637561,0.422968
632,-1.633674,0.413911
633,-1.629280,0.405087
634,-1.624393,0.396522
635,-1.619031,0.388244
636,-1.613210,0.380278
637,-1.607229,0.372564
638,-1.600621,0.365213
639,-1.593659,0.358070
640,-1.586245,0.351478
641,-1.578482,0.345315
642,-1.570390,0.339584
643,-1.561998,0.334292
644,-1.555460,0.328725
645,-1.552528,0.322497
646,-1.549481,0.316663
647,-1.546183,0.311073
648,-1.542671,0.305698
649,-1.538799,0.300518
650,-1.534627,0.295553
651,-1.530178,0.290848
652,-1.525572,0.286419
653,-1.520631,0.282236
654,-1.515452,0.278345
655,-1.510082,0.274765
656,-1.504528,0.271521
657,-1.498767,0.268580
658,-1.492846,0.265960
659,-1.486783,0.263684
660,-1.480577,0.261813
661,-1.474359,0.260208
662,-1.467987,0.258982
663,-1.461568,0.258197
664,-1.455103,0.257712
665,-1.448684,0.257532
666,-1.442192,0.257804
667,-1.435764,0.258510
668,-1.429339,0.259500
669,-1.423056,0.260840
670,-1.416807,0.262544
671,-1.410664,0.264603
672,-1.404651,0.267000
673,-1.398741,0.269510
674,-1.393052,0.272616
675,-1.387541,0.276077
676,-1.382250,0.279838
677,-1.377153,0.283835
678,-1.372291,0.288043
679,-1.367674,0.292582
680,-1.363183,0.297313
681,-1.359165,0.302394
682,-1.355386,0.307592
683,-1.351938,0.313111
684,-1.348772,0.318798
685,-1.345941,0.324631
686,-1.343275,0.330507
687,-1.341204,0.336650
688,-1.339401,0.342891
689,-1.337954,0.349242
690,-1.336873,0.355668
691,-1.336214,0.362131
692,-1.335874,0.368653
693,-1.335802,0.375179
694,-1.336135,0.381613
695,-1.336892,0.388090
696,-1.338024,0.394514
697,-1.339522,0.400859
698,-1.341349,0.407060
699,-1.343457,0.413235
700,-1.346002,0.419225
701,-1.348896,0.425081
702,-1.352117,0.430713
703,-1.355649,0.436211
704,-1.359504,0.441492
705,-1.363692,0.446505
706,-1.367989,0.451434
707,-1.372590,0.455977
708,-1.377601,0.460200
709,-1.382787,0.464177
710,-1.388197,0.467858
711,-1.393704,0.471230
712,-1.399523,0.474241
713,-1.405422,0.477120
714,-1.411521,0.479440
715,-1.417760,0.481483
716,-1.424027,0.483180
717,-1.430434,0.484489
718,-1.436915,0.485438
719,-1.443453,0.485962
720,-1.449864,0.486212
721,-1.456475,0.486048
722,-1.463031,0.485491
723,-1.469513,0.484582
724,-1.475947,0.483305
725,-1.482301,0.481659
726,-1.488513,0.479611
727,-1.494731,0.477404
728,-1.500716,0.474695
729,-1.506521,0.471664
730,-1.512144,0.468257
731,-1.517566,0.464567
732,-1.522766,0.460587
733,-1.527722,0.456255
734,-1.532577,0.451802
735,-1.537001,0.446951
736,-1.541181,0.441960
737,-1.545080,0.436649
738,-1.548660,0.431149
739,-1.551885,0.425397
740,-1.554818,0.419564
741,-1.557533,0.413614
742,-1.559788,0.407444
743,-1.561633,0.401114
744,-1.563159,0.394716
745,-1.564285,0.388196
746,-1.565111,0.381713
747,-1.565531,0.375149
748,-1.565760,0.368563
749,-1.565436,0.361972
750,-1.564747,0.355494
751,-1.563622,0.348959
752,-1.562108,0.342503
753,-1.560293,0.336175
754,-1.558200,0.329994
755,-1.555850,0.323819
756,-1.552941,0.317892
757,-1.549766,0.312069
758,-1.546311,0.306503
759,-1.542492,0.301113
760,-1.538303,0.295974
761,-1.533872,0.291056
762,-1.529310,0.286269
763,-1.524414,0.281873
764,-1.519163,0.277776
765,-1.513728,0.274011
766,-1.508086,0.270536
767,-1.502340,0.267374
768,-1.496301,0.264597
769,-1.490172,0.261949
770,-1.483876,0.259824
771,-1.477465,0.258066
772,-1.471031,0.256683
773,-1.464457,0.255656
774,-1.457870,0.255002
775,-1.451184,0.254789
776,-1.444537,0.254767
777,-1.438001,0.255191
778,-1.431401,0.256045
779,-1.424870,0.257332
780,-1.418402,0.258943
781,-1.412045,0.260909
782,-1.405809,0.263248
783,-1.399668,0.265764
784,-1.393734,0.268769
785,-1.387996,0.272183
786,-1.382488,0.275814
787,-1.377147,0.279838
788,-1.372037,0.284143
789,-1.367194,0.288730
790,-1.362538,0.293175
791,-1.358212,0.298254
792,-1.354188,0.303591
793,-1.350523,0.309192
794,-1.347174,0.315026
795,-1.344136,0.320971
796,-1.341429,0.327086
797,-1.339075,0.333348
798,-1.337086,0.339710
799,-1.335507,0.346211
800,-1.334248,0.352797
801,-1.333382,0.359407
802,-1.332881,0.366072
803,-1.332758,0.372710
804,-1.333014,0.379379
805,-1.333695,0.386039
806,-1.334767,0.392635
807,-1.336155,0.399157
808,-1.337847,0.405550
809,-1.339796,0.411949
810,-1.342276,0.418157
811,-1.345180,0.424187
812,-1.348294,0.430044
813,-1.351804,0.435762
814,-1.355631,0.441259
815,-1.359752,0.446518
816,-1.364074,0.451667
817,-1.368682,0.456385
818,-1.373665,0.460837
819,-1.378899,0.465064
820,-1.384404,0.468935
821,-1.390068,0.472512
822,-1.395832,0.475791
823,-1.401792,0.478882
824,-1.407990,0.481470
825,-1.414356,0.483660
826,-1.420824,0.485509
827,-1.427272,0.486992
828,-1.433889,0.488105
829,-1.440564,0.488802
830,-1.447270,0.489316
831,-1.454004,0.489278
832,-1.460670,0.488892
833,-1.467352,0.488105
834,-1.473983,0.486936
835,-1.480515,0.485398
836,-1.486924,0.483533
837,-1.493307,0.481327
838,-1.499491,0.478696
839,-1.505526,0.475714
840,-1.511354,0.472477
841,-1.517013,0.468837
842,-1.522467,0.464878
843,-1.527689,0.460604
844,-1.532587,0.455943
845,-1.537392,0.451310
846,-1.541821,0.446207
847,-1.545950,0.440856
848,-1.549721,0.435271
849,-1.553153,0.429478
850,-1.556328,0.423583
851,-1.559151,0.417439
852,-1.561794,0.411235
853,-1.563862,0.404779
854,-1.565589,0.398225
855,-1.566939,0.391696
856,-1.567929,0.384989
857,-1.568528,0.378241
858,-1.568728,0.371461
859,-1.568696,0.364683
860,-1.568207,0.358004
861,-1.567219,0.351287
862,-1.565861,0.344640
863,-1.564156,0.338070
864,-1.562155,0.331666
865,-1.559737,0.325350
866,-1.557108,0.319073
867,-1.553977,0.313045
868,-1.550459,0.307171
869,-1.546633,0.301628
870,-1.542500,0.296220
871,-1.538066,0.291060
872,-1.533328,0.286145
873,-1.528322,0.281527
874,-1.523283,0.277044
875,-1.517800,0.273000
876,-1.512048,0.269318
877,-1.506154,0.265941
878,-1.500024,0.262926
879,-1.493742,0.260222
880,-1.487419,0.257864
881,-1.480983,0.255716
882,-1.474347,0.254152
883,-1.467614,0.252932
884,-1.460828,0.252103
885,-1.454116,0.251597
886,-1.447246,0.251558
887,-1.440408,0.251944
888,-1.433634,0.252669
889,-1.426865,0.253630
890,-1.419547,0.256085
891,-1.411691,0.260249
892,-1.404083,0.263997
893,-1.397231,0.266214
894,-1.391305,0.267277
895,-1.384638,0.265948
896,-1.378020,0.263618
897,-1.370117,0.260344
898,-1.361589,0.257597
899,-1.354779,0.260429
900,-1.348181,0.268615
901,-1.341106,0.277354
902,-1.334832,0.281613
903,-1.330375,0.283109
904,-1.329938,0.283385
905,-1.323893,0.294488
906,-1.316834,0.309946
907,-1.310716,0.325804
908,-1.305510,0.341985
909,-1.301232,0.358435
910,-1.297898,0.375103
911,-1.295518,0.391933
912,-1.294099,0.408871
913,-1.293646,0.425862
914,-1.294160,0.442852
915,-1.295640,0.459785
916,-1.296081,0.464515
917,-1.296081,0.464515
918,-1.296081,0.464515
919,-1.307729,0.468307
920,-1.324258,0.472254
921,-1.331617,0.481420
922,-1.333870,0.492569
923,-1.336498,0.503217
924,-1.337991,0.514056
925,-1.335424,0.528191
926,-1.334129,0.544903
927,-1.334942,0.561907
928,-1.337893,0.578987
929,-1.344710,0.595354
930,-1.353157,0.611020
931,-1.357597,0.618393
932,-1.360478,0.619084
933,-1.364258,0.618805
934,-1.368202,0.618174
935,-1.372130,0.617294
936,-1.377511,0.618466
937,-1.389721,0.627513
938,-1.402558,0.636129
939,-1.415891,0.644032
940,-1.429697,0.651190
941,-1.444209,0.657762
942,-1.460058,0.664095
943,-1.477557,0.670314
944,-1.495463,0.675565
945,-1.513645,0.679789
946,-1.532048,0.682973
947,-1.550621,0.685106
948,-1.569241,0.686174
949,-1.587649,0.686140
950,-1.605852,0.685041
951,-1.623808,0.682899
952,-1.641470,0.679740
953,-1.658790,0.675588
954,-1.674360,0.670683
955,-1.689653,0.664867
956,-1.704519,0.658205
957,-1.718914,0.650727
958,-1.732792,0.642464
959,-1.746115,0.633450
960,-1.758842,0.623721
961,-1.770935,0.613315
962,-1.782362,0.602271
963,-1.793088,0.590632
964,-1.803085,0.578440
965,-1.812326,0.565739
966,-1.820784,0.552576
967,-1.828439,0.538997
968,-1.835271,0.525051
969,-1.841264,0.510786
970,-1.846404,0.496252
971,-1.850680,0.481499
972,-1.854085,0.466577
973,-1.856463,0.451923
974,-1.858113,0.436924
975,-1.858892,0.421907
976,-1.858803,0.406921
977,-1.857852,0.392016
978,-1.856048,0.377241
979,-1.853403,0.362644
980,-1.849931,0.348271
981,-1.845648,0.334169
982,-1.840576,0.320384
983,-1.834735,0.306958
984,-1.828149,0.293934
985,-1.820847,0.281352
986,-1.812855,0.269252
987,-1.804206,0.257670
988,-1.794932,0.246642
989,-1.785067,0.236201
990,-1.774649,0.226377
991,-1.763715,0.217200
992,-1.752305,0.208696
993,-1.740459,0.200889
994,-1.728220,0.193800
995,-1.715630,0.187450
996,-1.702734,0.181853
997,-1.689576,0.177026
998,-1.676201,0.172978
999,-1.662656,0.169719
1000,-1.648986,0.167255
1001,-1.635237,0.165589
1002,-1.621456,0.164723
1003,-1.607688,0.164653
1004,-1.594346,0.165441
1005,-1.580747,0.166917
1006,-1.567295,0.169167
1007,-1.554034,0.172181
1008,-1.541006,0.175945
1009,-1.528255,0.180442
1010,-1.515819,0.185652
1011,-1.503740,0.191555
1012,-1.492056,0.198127
1013,-1.480534,0.201249
1014,-1.470054,0.201076
1015,-1.461227,0.201784
1016,-1.454062,0.203031
1017,-1.448661,0.204867
1018,-1.445105,0.207399
1019,-1.443342,0.210712
1020,-1.433175,0.209224
1021,-1.426659,0.208139
1022,-1.424138,0.207911
1023,-1.420941,0.207349
1024,-1.420022,0.207001
1025,-1.418407,0.207098
1026,-1.417357,0.206957
1027,-1.415724,0.206255
1028,-1.414464,0.205669
1029,-1.414464,0.205669
1030,-1.414460,0.205667
1031,-1.405101,0.211511
1032,-1.394988,0.222595
1033,-1.386568,0.235388
1034,-1.378681,0.248689
1035,-1.371263,0.262509
1036,-1.364377,0.276911
1037,-1.358059,0.291834
1038,-1.352304,0.307265
1039,-1.347084,0.323178
1040,-1.342169,0.339403
1041,-1.337445,0.355856
1042,-1.333214,0.372611
1043,-1.329876,0.389543
1044,-1.326796,0.406730
1045,-1.322442,0.422932
1046,-1.318808,0.439001
1047,-1.316233,0.456890
1048,-1.315233,0.474857
1049,-1.314933,0.492830
1050,-1.315573,0.510600
1051,-1.317147,0.528090
1052,-1.319626,0.545222
1053,-1.322977,0.561923
1054,-1.327164,0.578114
1055,-1.332152,0.593713
1056,-1.337896,0.608641
1057,-1.339481,0.612537
1058,-1.347672,0.616322
1059,-1.355277,0.622577
1060,-1.363938,0.626685
1061,-1.373812,0.628700
1062,-1.385170,0.628612
1063,-1.388052,0.628378
1064,-1.398593,0.622138
1065,-1.408797,0.623386
1066,-1.415682,0.638233
1067,-1.423727,0.652952
1068,-1.432703,0.667201
1069,-1.442514,0.680938
1070,-1.453102,0.694097
1071,-1.464382,0.706794
1072,-1.476402,0.718654
1073,-1.489063,0.729817
1074,-1.502399,0.740278
1075,-1.516228,0.749939
1076,-1.530596,0.758789
1077,-1.545448,0.766805
1078,-1.560715,0.774041
1079,-1.576373,0.780346
1080,-1.592372,0.785728
1081,-1.608654,0.790188
1082,-1.625225,0.793736
1083,-1.641919,0.796384
1084,-1.658724,0.798056
1085,-1.675593,0.798731
1086,-1.692477,0.798442
1087,-1.709319,0.797192
1088,-1.726159,0.795093
1089,-1.742734,0.791939
1090,-1.759193,0.787825
1091,-1.775316,0.782833
1092,-1.791130,0.776911
1093,-1.806630,0.770133
1094,-1.821694,0.762491
1095,-1.836277,0.753969
1096,-1.850317,0.744621
1097,-1.863873,0.734505
1098,-1.876867,0.723628
1099,-1.889223,0.712053
1100,-1.900820,0.699757
1101,-1.911699,0.686815
1102,-1.921846,0.673312
1103,-1.931248,0.659263
1104,-1.939765,0.644709
1105,-1.947481,0.629701
1106,-1.954310,0.614253
1107,-1.960279,0.598379
1108,-1.965341,0.582274
1109,-1.969463,0.565922
1110,-1.972626,0.549338
1111,-1.974835,0.532592
1112,-1.976087,0.515748
1113,-1.976380,0.498866
1114,-1.975718,0.481911
1115,-1.974167,0.465092
1116,-1.971588,0.448407
1117,-1.968068,0.431921
1118,-1.963624,0.415634
1119,-1.958324,0.399601
1120,-1.952054,0.383929
1121,-1.944897,0.368632
1122,-1.936966,0.353827
1123,-1.928110,0.339364
1124,-1.918471,0.325494
1125,-1.908139,0.312193
1126,-1.897089,0.299554
1127,-1.885246,0.287528
1128,-1.872707,0.276186
1129,-1.859568,0.265599
1130,-1.845852,0.255688
1131,-1.831715,0.246661
1132,-1.816949,0.238432
1133,-1.801752,0.231052
1134,-1.786132,0.224555
1135,-1.770159,0.218927
1136,-1.754069,0.214250
1137,-1.737626,0.210427
1138,-1.720943,0.207612
1139,-1.704138,0.205741
1140,-1.687409,0.204744
1141,-1.670507,0.204788
1142,-1.653645,0.205763
1143,-1.636858,0.207717
1144,-1.620144,0.210649
1145,-1.603791,0.214449
1146,-1.587559,0.219163
1147,-1.571636,0.224829
1148,-1.556105,0.231393
1149,-1.540943,0.238837
1150,-1.526323,0.247080
1151,-1.512040,0.256157
1152,-1.498362,0.266061
1153,-1.485235,0.276764
1154,-1.472891,0.288024
1155,-1.461075,0.300115
1156,-1.449967,0.312875
1157,-1.439476,0.326252
1158,-1.429873,0.340165
1159,-1.421091,0.354619
1160,-1.413177,0.369517
1161,-1.406115,0.384735
1162,-1.399909,0.400468
1163,-1.394569,0.416533
1164,-1.390152,0.432843
1165,-1.386718,0.449259
1166,-1.384196,0.465973
1167,-1.382640,0.482816
1168,-1.381998,0.499735
1169,-1.382352,0.516673
1170,-1.383685,0.533543
1171,-1.385979,0.550317
1172,-1.389187,0.566820
1173,-1.393296,0.583230
1174,-1.398370,0.599368
1175,-1.404361,0.615181
1176,-1.411190,0.630533
1177,-1.418940,0.645571
1178,-1.427550,0.660147
1179,-1.436943,0.674252
1180,-1.447115,0.687795
1181,-1.457987,0.700565
1182,-1.469606,0.712865
1183,-1.481941,0.724449
1184,-1.494899,0.735358
1185,-1.508447,0.745514
1186,-1.522452,0.754790
1187,-1.537095,0.763300
1188,-1.552228,0.770963
1189,-1.567734,0.777852
1190,-1.583608,0.783757
1191,-1.599705,0.788737
1192,-1.616113,0.792843
1193,-1.632748,0.795966
1194,-1.649531,0.798143
1195,-1.666458,0.799316
1196,-1.683255,0.799601
1197,-1.700167,0.798893
1198,-1.717016,0.797230
1199,-1.733829,0.794571
1200,-1.750376,0.791084
1201,-1.766598,0.786604
1202,-1.782688,0.781245
1203,-1.798417,0.774939
1204,-1.813757,0.767730
1205,-1.828626,0.759663
1206,-1.842962,0.750839
1207,-1.856850,0.741107
1208,-1.870247,0.730668
1209,-1.882957,0.719455
1210,-1.894949,0.707519
1211,-1.906252,0.695074
1212,-1.916866,0.681882
1213,-1.926716,0.668091
1214,-1.935835,0.653762
1215,-1.944118,0.639014
1216,-1.951482,0.623778
1217,-1.957943,0.608248
1218,-1.963534,0.592270
1219,-1.968222,0.576011
1220,-1.972069,0.559505
1221,-1.974875,0.542790
1222,-1.976747,0.526098
1223,-1.977613,0.509161
1224,-1.977567,0.492213
1225,-1.976530,0.475296
1226,-1.974590,0.458425
1227,-1.971668,0.441717
1228,-1.967635,0.425606
1229,-1.962827,0.409359
1230,-1.957098,0.393409
1231,-1.950472,0.377812
1232,-1.943036,0.362542
1233,-1.934690,0.347787
1234,-1.925512,0.333536
1235,-1.915533,0.319830
1236,-1.904776,0.306703
1237,-1.893316,0.294161
1238,-1.881135,0.282332
1239,-1.868348,0.271182
1240,-1.854869,0.260798
1241,-1.840899,0.251195
1242,-1.826385,0.242437
1243,-1.811475,0.234470
1244,-1.796077,0.227382
1245,-1.780269,0.221195
1246,-1.764281,0.215953
1247,-1.747871,0.211611
1248,-1.731281,0.208235
1249,-1.714503,0.205651
1250,-1.697596,0.204137
1251,-1.680733,0.203603
1252,-1.663814,0.204019
1253,-1.646894,0.205406
1254,-1.630092,0.207742
1255,-1.613449,0.211044
1256,-1.597131,0.215172
1257,-1.580981,0.220286
1258,-1.565140,0.226340
1259,-1.549665,0.233293
1260,-1.534612,0.241058
1261,-1.520114,0.249579
1262,-1.506035,0.259037
1263,-1.492521,0.269292
1264,-1.479577,0.280351
1265,-1.467299,0.292052
1266,-1.455734,0.304305
1267,-1.444867,0.317317
1268,-1.434763,0.330945
1269,-1.425478,0.345120
1270,-1.416978,0.359786
1271,-1.409390,0.374811
1272,-1.402551,0.390357
1273,-1.396655,0.406260
1274,-1.391687,0.422491
1275,-1.387616,0.438994
1276,-1.384445,0.455678
1277,-1.382276,0.472371
1278,-1.381095,0.489299
1279,-1.380850,0.506208
1280,-1.381579,0.523155
1281,-1.383239,0.540067
1282,-1.385813,0.556713
1283,-1.389430,0.573273
1284,-1.393927,0.589627
1285,-1.399376,0.605687
1286,-1.405764,0.621420
1287,-1.412860,0.636713
1288,-1.420944,0.651645
1289,-1.429920,0.666128
1290,-1.439635,0.680037
1291,-1.450152,0.693355
1292,-1.461297,0.705905
1293,-1.473178,0.718031
1294,-1.485781,0.729424
1295,-1.498977,0.740092
1296,-1.512834,0.749876
1297,-1.527057,0.758910
1298,-1.541939,0.767228
1299,-1.557223,0.774657
1300,-1.572920,0.781149
1301,-1.588841,0.786702
1302,-1.605134,0.791347
1303,-1.621702,0.795087
1304,-1.638472,0.797975
1305,-1.655375,0.799796
1306,-1.672210,0.800673
1307,-1.689173,0.800527
1308,-1.706143,0.799523
1309,-1.723033,0.797611
1310,-1.739757,0.794653
1311,-1.756287,0.790746
1312,-1.772416,0.785955
1313,-1.788408,0.780203
1314,-1.804138,0.773561
1315,-1.819384,0.766040
1316,-1.834163,0.757644
1317,-1.848440,0.748415
1318,-1.861732,0.738398
1319,-1.874872,0.727595
1320,-1.887449,0.716147
1321,-1.899296,0.703955
1322,-1.910469,0.691089
1323,-1.920860,0.677645
1324,-1.930454,0.663617
1325,-1.939234,0.649060
1326,-1.947208,0.634048
1327,-1.954337,0.618605
1328,-1.960515,0.602768
1329,-1.965788,0.586605
1330,-1.970184,0.570139
1331,-1.973585,0.553495
1332,-1.976153,0.536741
1333,-1.977671,0.519815
1334,-1.978205,0.502820
1335,-1.977786,0.485956
1336,-1.976423,0.469069
1337,-1.974069,0.452220
1338,-1.970744,0.435527
1339,-1.966571,0.419018
1340,-1.961396,0.402792
1341,-1.955358,0.387030
1342,-1.948379,0.371502
1343,-1.940518,0.356400
1344,-1.931788,0.341768
1345,-1.922186,0.327692
1346,-1.912074,0.314202
1347,-1.901050,0.301269
1348,-1.889306,0.288981
1349,-1.876869,0.277384
1350,-1.863809,0.266456
1351,-1.850170,0.256299
1352,-1.836102,0.247066
1353,-1.821370,0.238559
1354,-1.806172,0.230905
1355,-1.790546,0.224147
1356,-1.774577,0.218269
1357,-1.758413,0.213237
1358,-1.741903,0.209149
1359,-1.725170,0.206051
1360,-1.708282,0.203919
1361,-1.691297,0.202753
1362,-1.674272,0.202556
1363,-1.657399,0.203271
1364,-1.640445,0.204926
1365,-1.623613,0.207625
1366,-1.607033,0.211251
1367,-1.590625,0.215814
1368,-1.574589,0.221221
1369,-1.558766,0.227515
1370,-1.543424,0.234810
1371,-1.528451,0.242885
1372,-1.513984,0.251858
1373,-1.500156,0.261559
1374,-1.486724,0.272075
1375,-1.474018,0.283352
1376,-1.461861,0.295330
1377,-1.450470,0.307983
1378,-1.439909,0.321163
1379,-1.430030,0.335040
1380,-1.420959,0.349420
1381,-1.412746,0.364349
1382,-1.405355,0.379678
1383,-1.398865,0.395424
1384,-1.393322,0.411377
1385,-1.388664,0.427755
1386,-1.384943,0.444378
1387,-1.382174,0.461189
1388,-1.380363,0.478141
1389,-1.379421,0.495188
1390,-1.379519,0.512096
1391,-1.380603,0.529102
1392,-1.382680,0.546001
1393,-1.385657,0.562772
1394,-1.389616,0.579341
1395,-1.394495,0.595662
1396,-1.400232,0.611530
1397,-1.406831,0.627260
1398,-1.414348,0.642551
1399,-1.422767,0.657351
1400,-1.432027,0.671661
1401,-1.442084,0.685404
1402,-1.452798,0.698455
1403,-1.464312,0.710990
1404,-1.476473,0.722899
1405,-1.489387,0.734085
1406,-1.502856,0.744522
1407,-1.516925,0.754138
1408,-1.531373,0.762866
1409,-1.546429,0.770824
1410,-1.561917,0.777963
1411,-1.577780,0.784220
1412,-1.593985,0.789503
1413,-1.610321,0.793837
1414,-1.627006,0.797305
1415,-1.643841,0.799800
1416,-1.660807,0.801369
1417,-1.677857,0.801947
1418,-1.694890,0.801555
1419,-1.711710,0.800200
1420,-1.728593,0.797829
1421,-1.745316,0.794531
1422,-1.761845,0.790309
1423,-1.778101,0.785185
1424,-1.794027,0.779104
1425,-1.809421,0.772234
1426,-1.824625,0.764410
1427,-1.839299,0.755717
1428,-1.853479,0.746241
1429,-1.867104,0.735971
1430,-1.880031,0.724916
1431,-1.892280,0.713322
1432,-1.903940,0.700865
1433,-1.914868,0.687744
1434,-1.925138,0.674048
1435,-1.934541,0.659886
1436,-1.943056,0.645264
1437,-1.950759,0.630063
1438,-1.957588,0.614419
1439,-1.963513,0.598406
1440,-1.968493,0.582169
1441,-1.972660,0.565621
1442,-1.975802,0.548962
1443,-1.978038,0.532043
1444,-1.979264,0.515018
1445,-1.979534,0.497984
1446,-1.978783,0.480999
1447,-1.977141,0.464013
1448,-1.974620,0.447279
1449,-1.971064,0.430567
1450,-1.966526,0.414052
1451,-1.961092,0.397858
1452,-1.954735,0.382068
1453,-1.947581,0.366754
1454,-1.939459,0.351733
1455,-1.930533,0.337156
1456,-1.920789,0.323116
1457,-1.910221,0.309716
1458,-1.898935,0.296889
1459,-1.887126,0.284847
1460,-1.874441,0.273400
1461,-1.861163,0.262668
1462,-1.847300,0.252665
1463,-1.832893,0.243492
1464,-1.817959,0.235180
1465,-1.802748,0.227815
1466,-1.786978,0.221243
1467,-1.770864,0.215586
1468,-1.754443,0.210843
1469,-1.737860,0.207054
1470,-1.721035,0.204085
1471,-1.704036,0.202181
1472,-1.687026,0.201210
1473,-1.669940,0.201250
1474,-1.653077,0.202270
1475,-1.636171,0.204125
1476,-1.619327,0.207046
1477,-1.602684,0.210913
1478,-1.586234,0.215644
1479,-1.570195,0.221368
1480,-1.554620,0.227815
1481,-1.539262,0.235300
1482,-1.524301,0.243644
1483,-1.509885,0.252817
1484,-1.496087,0.262833
1485,-1.482799,0.273494
1486,-1.470075,0.284914
1487,-1.458193,0.296954
1488,-1.446910,0.309749
1489,-1.436369,0.323171
1490,-1.426651,0.337105
1491,-1.417690,0.351656
1492,-1.409573,0.366701
1493,-1.402343,0.382197
1494,-1.396057,0.397879
1495,-1.390561,0.413995
1496,-1.385934,0.430411
1497,-1.382319,0.447104
1498,-1.379673,0.463986
1499,-1.377991,0.480995
1500,-1.377279,0.498073
1501,-1.377471,0.515041
1502,-1.378652,0.532072
1503,-1.380758,0.549048
1504,-1.383729,0.565632
1505,-1.387684,0.582218
1506,-1.392569,0.598465
1507,-1.398410,0.614510
1508,-1.405175,0.630196
1509,-1.412819,0.645475
1510,-1.421338,0.660229
1511,-1.430480,0.674530
1512,-1.440280,0.688213
1513,-1.451026,0.701428
1514,-1.462499,0.714066
1515,-1.474667,0.725973
1516,-1.487496,0.737170
1517,-1.500868,0.747556
1518,-1.514747,0.757288
1519,-1.528971,0.766111
1520,-1.541089,0.774913
1521,-1.550950,0.784040
1522,-1.561206,0.792722
1523,-1.563573,0.797793
1524,-1.558499,0.797899
1525,-1.557273,0.799118
1526,-1.557765,0.800602
1527,-1.558923,0.801722
1528,-1.559114,0.801899
1529,-1.546866,0.802157
1530,-1.529960,0.803875
1531,-1.513183,0.806608
1532,-1.496589,0.810291
1533,-1.480232,0.814911
1534,-1.464164,0.820455
1535,-1.448437,0.826904
1536,-1.433103,0.834238
1537,-1.418211,0.842432
1538,-1.403809,0.851460
1539,-1.389945,0.861293
1540,-1.376662,0.871898
1541,-1.364004,0.883243
1542,-1.360485,0.886433
1543,-1.360485,0.886433
1544,-1.360485,0.886433
1545,-1.360485,0.886433
1546,-1.360485,0.886433
1547,-1.360485,0.886433
1548,-1.360485,0.886433
1549,-1.372271,0.883094
1550,-1.384607,0.881902
1551,-1.391610,0.887552
1552,-1.398766,0.893038
1553,-1.406083,0.898360
1554,-1.413567,0.903518
1555,-1.421223,0.908508
1556,-1.429057,0.913326
1557,-1.437075,0.917966
1558,-1.445282,0.922422
1559,-1.453685,0.926685
1560,-1.462288,0.930746
1561,-1.471095,0.934595
1562,-1.480111,0.938219
1563,-1.489338,0.941607
1564,-1.498780,0.944743
1565,-1.508437,0.947614
1566,-1.518309,0.950202
1567,-1.526943,0.954586
1568,-1.535052,0.959407
1569,-1.543112,0.963545
1570,-1.551723,0.966797
1571,-1.560491,0.969532
1572,-1.569383,0.971747
1573,-1.578367,0.973438
1574,-1.587412,0.974601
1575,-1.596488,0.975236
1576,-1.605564,0.975342
1577,-1.614609,0.974921
1578,-1.623593,0.973979
1579,-1.632486,0.972519
1580,-1.641259,0.970550
1581,-1.649882,0.968080
1582,-1.658327,0.965121
1583,-1.666567,0.961684
1584,-1.674574,0.957783
1585,-1.682323,0.953434
1586,-1.689788,0.948653
1587,-1.696946,0.943459
1588,-1.703774,0.937870
1589,-1.710251,0.931908
1590,-1.716356,0.925595
1591,-1.722070,0.918953
1592,-1.727377,0.912006
1593,-1.732259,0.904779
1594,-1.736703,0.897298
1595,-1.740695,0.889589
1596,-1.744224,0.881680
1597,-1.747280,0.873597
1598,-1.749855,0.865370
1599,-1.751942,0.857026
1600,-1.753538,0.848594
1601,-1.754637,0.840103
1602,-1.755240,0.831582
1603,-1.755346,0.823061
1604,-1.754957,0.814566
1605,-1.754077,0.806129
1606,-1.752711,0.797775
1607,-1.750865,0.789534
1608,-1.748549,0.781433
1609,-1.745772,0.773499
1610,-1.742545,0.765757
1611,-1.740393,0.760840
1612,-1.738663,0.764068
1613,-1.735547,0.768459
1614,-1.732349,0.773116
1615,-1.729378,0.777954
1616,-1.726680,0.782950
1617,-1.724269,0.788088
1618,-1.722152,0.793352
1619,-1.720335,0.798723
1620,-1.718825,0.804186
1621,-1.717626,0.809723
1622,-1.716740,0.815315
1623,-1.716172,0.820946
1624,-1.715921,0.826598
1625,-1.715990,0.832252
1626,-1.716376,0.837890
1627,-1.717079,0.843495
1628,-1.718097,0.849049
1629,-1.719425,0.854534
1630,-1.721059,0.859933
1631,-1.722993,0.865230
1632,-1.725222,0.870406
1633,-1.727738,0.875446
1634,-1.730533,0.880334
1635,-1.733597,0.885055
1636,-1.736921,0.889593
1637,-1.740493,0.893936
1638,-1.744303,0.898068
1639,-1.748338,0.901977
1640,-1.752584,0.905651
1641,-1.757029,0.909078
1642,-1.761657,0.912248
1643,-1.766455,0.915151
1644,-1.771407,0.917778
1645,-1.776496,0.920120
1646,-1.781707,0.922171
1647,-1.787023,0.923925
1648,-1.792427,0.925375
1649,-1.797901,0.926519
1650,-1.803429,0.927351
1651,-1.808993,0.927871
1652,-1.818053,0.925865
1653,-1.831315,0.918502
1654,-1.844930,0.908327
1655,-1.857945,0.897393
1656,-1.870316,0.885737
1657,-1.882004,0.873396
1658,-1.893889,0.865965
1659,-1.895874,0.865713
1660,-1.895874,0.865713
1661,-1.892829,0.858882
1662,-1.886862,0.847985
1663,-1.885468,0.845138
1664,-1.885468,0.845138
1665,-1.885468,0.845138
1666,-1.885468,0.845138
1667,-1.873354,0.846958
1668,-1.856805,0.850823
1669,-1.840516,0.855677
1670,-1.824528,0.861450
1671,-1.808895,0.868123
1672,-1.793668,0.875674
1673,-1.789424,0.877809
1674,-1.789424,0.877809
1675,-1.789424,0.877809
1676,-1.789424,0.877809
1677,-1.789424,0.877809
1678,-1.789424,0.877809
1679,-1.789424,0.877809
1680,-1.789424,0.877809
1681,-1.789424,0.877809
1682,-1.789424,0.877809
1683,-1.794493,0.866656
1684,-1.800261,0.850672
1685,-1.805060,0.834365
1686,-1.808922,0.817813
1687,-1.811837,0.801067
1688,-1.813794,0.784182
1689,-1.811504,0.778128
1690,-1.809633,0.774093
1691,-1.808288,0.773777
1692,-1.805080,0.774791
1693,-1.801062,0.776104
1694,-1.803550,0.773934
1695,-1.811729,0.769667
1696,-1.820752,0.764758
1697,-1.826403,0.761607
1698,-1.830022,0.759612
1699,-1.833370,0.757551
1700,-1.836573,0.755317
1701,-1.839637,0.752904
1702,-1.842554,0.750315
1703,-1.845314,0.747561
1704,-1.847908,0.744650
1705,-1.850328,0.741593
1706,-1.852564,0.738400
1707,-1.854609,0.735082
1708,-1.856457,0.731650
1709,-1.858101,0.728116
1710,-1.859535,0.724492
1711,-1.860755,0.720791
1712,-1.861756,0.717025
1713,-1.862535,0.713207
1714,-1.863458,0.709237
1715,-1.869526,0.704361
1716,-1.876019,0.699602
1717,-1.882478,0.694526
1718,-1.888932,0.689018
1719,-1.895204,0.683134
1720,-1.901164,0.676891
1721,-1.906905,0.670252
1722,-1.912271,0.663297
1723,-1.917423,0.655928
1724,-1.922203,0.648247
1725,-1.926647,0.640227
1726,-1.930639,0.631958
1727,-1.934298,0.623338
1728,-1.937573,0.614406
1729,-1.940434,0.605184
1730,-1.942796,0.595773
1731,-1.944787,0.586007
1732,-1.946476,0.575695
1733,-1.947551,0.565325
1734,-1.948022,0.554936
1735,-1.947890,0.544565
1736,-1.947158,0.534244
1737,-1.945833,0.524010
1738,-1.943921,0.513896
1739,-1.941433,0.503935
1740,-1.938445,0.493822
1741,-1.934882,0.483465
1742,-1.930712,0.473126
1743,-1.925939,0.462868
1744,-1.920567,0.452766
1745,-1.914591,0.442822
1746,-1.908026,0.433144
1747,-1.900871,0.423667
1748,-1.893121,0.414496
1749,-1.884816,0.405676
1750,-1.875958,0.397231
1751,-1.866560,0.389177
1752,-1.856641,0.381600
1753,-1.846267,0.374523
1754,-1.835407,0.367945
1755,-1.824114,0.361931
1756,-1.812428,0.356502
1757,-1.800373,0.351703
1758,-1.788015,0.347557
1759,-1.775337,0.344052
1760,-1.762403,0.341244
1761,-1.749306,0.339181
1762,-1.736029,0.337812
1763,-1.722609,0.337182
1764,-1.709122,0.337311
1765,-1.695610,0.338193
1766,-1.682096,0.339831
1767,-1.668643,0.342238
1768,-1.655339,0.345413
1769,-1.642164,0.349324
1770,-1.629161,0.354006
1771,-1.616495,0.359419
1772,-1.604082,0.365534
1773,-1.592015,0.372377
1774,-1.580406,0.379883
1775,-1.569207,0.388032
1776,-1.558466,0.396836
1777,-1.548173,0.406253
1778,-1.538441,0.416262
1779,-1.529280,0.426800
1780,-1.520718,0.437873
1781,-1.512808,0.449401
1782,-1.505561,0.461373
1783,-1.498965,0.473766
1784,-1.493085,0.486542
1785,-1.487963,0.499600
1786,-1.483532,0.512980
1787,-1.479861,0.526659
1788,-1.477003,0.540477
1789,-1.474957,0.554387
1790,-1.473724,0.568342
1791,-1.473355,0.582005
1792,-1.473693,0.595959
1793,-1.474820,0.609847
1794,-1.476706,0.623756
1795,-1.479360,0.637702
1796,-1.482842,0.651493
1797,-1.487103,0.665009
1798,-1.492121,0.678206
1799,-1.497873,0.691043
