0,-0.683552,1.958210
1,-0.683552,1.958210
2,-0.683552,1.958210
3,-0.683552,1.958210
4,-0.683552,1.958210
5,-0.683552,1.958210
6,-0.683552,1.958210
7,-0.683552,1.958210
8,-0.692858,1.950243
9,-0.704839,1.938192
10,-0.716077,1.925440
11,-0.726572,1.912069
12,-0.736288,1.898122
13,-0.745195,1.883645
14,-0.753264,1.868685
15,-0.760469,1.853290
16,-0.766787,1.837510
17,-0.772196,1.821396
18,-0.776680,1.805001
19,-0.780223,1.788377
20,-0.782815,1.771578
21,-0.784447,1.754659
22,-0.785114,1.737675
23,-0.784814,1.720680
24,-0.783547,1.703730
25,-0.781317,1.686879
26,-0.778133,1.670182
27,-0.774004,1.653694
28,-0.772824,1.649093
29,-0.772824,1.649093
30,-0.772824,1.649093
31,-0.760723,1.647183
32,-0.743779,1.645889
33,-0.726784,1.645615
34,-0.709800,1.646308
35,-0.692884,1.647967
36,-0.676089,1.650586
37,-0.659471,1.654155
38,-0.654832,1.655179
39,-0.654832,1.655179
40,-0.654832,1.655179
41,-0.654832,1.655179
42,-0.654832,1.655179
43,-0.654832,1.655179
44,-0.654832,1.655179
45,-0.654832,1.655179
46,-0.654832,1.655179
47,-0.654832,1.655179
48,-0.662491,1.645619
49,-0.672018,1.631546
50,-0.680683,1.616923
51,-0.688502,1.601831
52,-0.695450,1.586318
53,-0.701504,1.570436
54,-0.706645,1.554234
55,-0.710856,1.537766
56,-0.714122,1.521086
57,-0.716435,1.504246
58,-0.717785,1.487302
59,-0.718170,1.470309
60,-0.717587,1.453322
61,-0.716038,1.436395
62,-0.713529,1.419584
63,-0.710068,1.402942
64,-0.709074,1.398297
65,-0.709074,1.398297
66,-0.709074,1.398297
67,-0.697060,1.395902
68,-0.680182,1.393925
69,-0.663211,1.392967
70,-0.646214,1.392976
71,-0.629244,1.393952
72,-0.612358,1.395891
73,-0.595609,1.398789
74,-0.579052,1.402634
75,-0.562741,1.407416
76,-0.558190,1.408778
77,-0.558190,1.408778
78,-0.558190,1.408778
79,-0.558190,1.408778
80,-0.558190,1.408778
81,-0.558190,1.408778
82,-0.558190,1.408778
83,-0.558190,1.408778
84,-0.558190,1.408778
85,-0.568373,1.401968
86,-0.581696,1.391418
87,-0.594363,1.380084
88,-0.606365,1.368048
89,-0.617663,1.355349
90,-0.627318,1.357697
91,-0.637080,1.359822
92,-0.646958,1.361719
93,-0.656960,1.363378
94,-0.667090,1.364790
95,-0.677352,1.365944
96,-0.687749,1.366828
97,-0.698283,1.367428
98,-0.708956,1.367730
99,-0.719767,1.367719
100,-0.730714,1.367377
101,-0.741795,1.366688
102,-0.753004,1.365633
103,-0.764335,1.364195
104,-0.775779,1.362353
105,-0.787326,1.360089
106,-0.797768,1.360882
107,-0.807533,1.363080
108,-0.818056,1.362983
109,-0.828839,1.361375
110,-0.839537,1.359133
111,-0.850109,1.356285
112,-0.860520,1.352841
113,-0.870738,1.348810
114,-0.880728,1.344202
115,-0.890459,1.339031
116,-0.899898,1.333312
117,-0.909015,1.327060
118,-0.917778,1.320294
119,-0.926160,1.313033
120,-0.934132,1.305300
121,-0.941667,1.297118
122,-0.948741,1.288511
123,-0.955328,1.279505
124,-0.961407,1.270128
125,-0.966957,1.260409
126,-0.971958,1.250377
127,-0.976392,1.240063
128,-0.980243,1.229500
129,-0.983498,1.218721
130,-0.986144,1.207759
131,-0.988172,1.196649
132,-0.989572,1.185426
133,-0.990337,1.174124
134,-0.990465,1.162781
135,-0.989953,1.151433
136,-0.988799,1.140114
137,-0.987007,1.128863
138,-0.984580,1.117714
139,-0.981523,1.106704
140,-0.977845,1.095869
141,-0.973555,1.085243
142,-0.968666,1.074861
143,-0.963192,1.064758
144,-0.957148,1.054965
145,-0.950551,1.045516
146,-0.943423,1.036441
147,-0.935783,1.027771
148,-0.927654,1.019535
149,-0.919062,1.011760
150,-0.910033,1.004472
151,-0.900594,0.997696
152,-0.890774,0.991454
153,-0.880604,0.985770
154,-0.870115,0.980662
155,-0.859340,0.976147
156,-0.848312,0.972244
157,-0.847098,0.963800
158,-0.852827,0.951511
159,-0.858182,0.936511
160,-0.858810,0.933929
161,-0.858128,0.932692
162,-0.857020,0.929654
163,-0.866095,0.921024
164,-0.878386,0.909289
165,-0.889952,0.896833
166,-0.900791,0.883740
167,-0.910867,0.870051
168,-0.920148,0.855811
169,-0.928603,0.841065
170,-0.936207,0.825863
171,-0.942932,0.810253
172,-0.948759,0.794285
173,-0.953668,0.778012
174,-0.957643,0.761486
175,-0.958728,0.756861
176,-0.958728,0.756861
177,-0.958728,0.756861
178,-0.958728,0.756861
179,-0.958728,0.756861
180,-0.958728,0.756861
181,-0.958728,0.756861
182,-0.950923,0.766303
183,-0.941181,0.780228
184,-0.932293,0.794716
185,-0.924242,0.809686
186,-0.920171,0.808029
187,-0.916456,0.799943
188,-0.911380,0.793298
189,-0.904865,0.788965
190,-0.897187,0.787993
191,-0.890557,0.798592
192,-0.888894,0.815478
193,-0.888471,0.820209
194,-0.890642,0.822971
195,-0.890772,0.829126
196,-0.889387,0.833859
197,-0.887654,0.838267
198,-0.885979,0.842633
199,-0.884553,0.847084
200,-0.883286,0.851593
201,-0.882278,0.856137
202,-0.881531,0.860722
203,-0.881046,0.865339
204,-0.880825,0.869977
205,-0.880806,0.874659
206,-0.881098,0.879279
207,-0.881739,0.883893
208,-0.882574,0.888497
209,-0.883665,0.893019
210,-0.885012,0.897465
211,-0.886608,0.901825
212,-0.888427,0.906154
213,-0.890474,0.910297
214,-0.892782,0.914317
215,-0.895389,0.918170
216,-0.898170,0.921943
217,-0.901143,0.925525
218,-0.904447,0.928928
219,-0.907812,0.932117
220,-0.911357,0.935193
221,-0.915024,0.938004
222,-0.918871,0.940591
223,-0.922868,0.942952
224,-0.927064,0.945048
225,-0.931450,0.946900
226,-0.935795,0.948520
227,-0.940226,0.949904
228,-0.944762,0.951104
229,-0.949297,0.952001
230,-0.953893,0.952622
231,-0.958567,0.952914
232,-0.963228,0.953006
233,-0.967981,0.952705
234,-0.972598,0.952243
235,-0.977186,0.951529
236,-0.983311,0.956468
237,-0.991454,0.962675
238,-1.000809,0.968756
239,-1.010865,0.974410
240,-1.021384,0.979526
241,-1.032246,0.983991
242,-1.043373,0.987893
243,-1.054718,0.991156
244,-1.066236,0.993766
245,-1.077829,0.995672
246,-1.089548,0.996957
247,-1.101324,0.997589
248,-1.113113,0.997545
249,-1.124876,0.996830
250,-1.136556,0.995390
251,-1.148159,0.993346
252,-1.159631,0.990642
253,-1.170931,0.987289
254,-1.182023,0.983299
255,-1.192475,0.978527
256,-1.203032,0.973305
257,-1.213334,0.967517
258,-1.223261,0.961124
259,-1.232804,0.954176
260,-1.241935,0.946695
261,-1.250671,0.938734
262,-1.258908,0.930257
263,-1.266640,0.921326
264,-1.273797,0.912007
265,-1.280501,0.902263
266,-1.286663,0.892176
267,-1.292190,0.881734
268,-1.297105,0.871000
269,-1.301398,0.860006
270,-1.305058,0.848786
271,-1.308127,0.837375
272,-1.310499,0.825814
273,-1.312167,0.814164
274,-1.313207,0.802420
275,-1.313576,0.790636
276,-1.313326,0.778835
277,-1.312320,0.767099
278,-1.310686,0.755417
279,-1.308385,0.743845
280,-1.305432,0.732426
281,-1.301863,0.721174
282,-1.297587,0.710183
283,-1.292708,0.699550
284,-1.287267,0.689046
285,-1.281227,0.678896
286,-1.274660,0.669071
287,-1.267465,0.659720
288,-1.259807,0.650763
289,-1.251648,0.642255
290,-1.243019,0.634226
291,-1.233958,0.626668
292,-1.224452,0.619714
293,-1.214581,0.613261
294,-1.204366,0.607383
295,-1.193826,0.602094
296,-1.183013,0.597362
297,-1.171920,0.593356
298,-1.160634,0.589931
299,-1.149171,0.587155
300,-1.137568,0.585036
301,-1.125852,0.583545
302,-1.114090,0.582802
303,-1.102291,0.582679
304,-1.090569,0.583245
305,-1.078812,0.584431
306,-1.067178,0.586308
307,-1.055654,0.588834
308,-1.044301,0.592015
309,-1.033148,0.595838
310,-1.022200,0.600247
311,-1.011576,0.605331
312,-1.001227,0.610992
313,-0.991219,0.617236
314,-0.981582,0.624038
315,-0.972318,0.631346
316,-0.963530,0.639202
317,-0.955176,0.647550
318,-0.947315,0.656354
319,-0.940369,0.665539
320,-0.933544,0.675179
321,-0.927281,0.685194
322,-0.921599,0.695549
323,-0.916563,0.706167
324,-0.911995,0.717093
325,-0.908136,0.728270
326,-0.904931,0.739638
327,-0.902381,0.751166
328,-0.900493,0.762820
329,-0.899217,0.774565
330,-0.898656,0.786373
331,-0.898776,0.798187
332,-0.899569,0.809971
333,-0.901033,0.821692
334,-0.903113,0.833329
335,-0.905896,0.844825
336,-0.909327,0.856122
337,-0.913433,0.867160
338,-0.918117,0.877986
339,-0.923371,0.888563
340,-0.929252,0.898804
341,-0.935714,0.908688
342,-0.942749,0.918065
343,-0.950265,0.927186
344,-0.958266,0.935875
345,-0.966777,0.944060
346,-0.975754,0.951680
347,-0.985129,0.958829
348,-0.994899,0.965433
349,-1.005009,0.971521
350,-1.015490,0.976928
351,-1.026243,0.981784
352,-1.037253,0.986017
353,-1.048485,0.989616
354,-1.059903,0.992626
355,-1.071474,0.994885
356,-1.083160,0.996531
357,-1.094925,0.997506
358,-1.106725,0.997810
359,-1.118529,0.997503
360,-1.130284,0.996413
361,-1.141899,0.994701
362,-1.153490,0.992371
363,-1.164916,0.989394
364,-1.176124,0.985713
365,-1.187122,0.981436
366,-1.197854,0.976537
367,-1.208290,0.971035
368,-1.218431,0.964985
369,-1.228150,0.958289
370,-1.237504,0.951096
371,-1.246434,0.943379
372,-1.254910,0.935169
373,-1.262825,0.926381
374,-1.270329,0.917297
375,-1.277282,0.907787
376,-1.283683,0.897886
377,-1.289509,0.887635
378,-1.294744,0.877065
379,-1.299370,0.866217
380,-1.303328,0.855168
381,-1.306732,0.843854
382,-1.309459,0.832377
383,-1.311526,0.820775
384,-1.312927,0.809067
385,-1.313660,0.797299
386,-1.313725,0.785512
387,-1.313116,0.773735
388,-1.311839,0.762008
389,-1.309884,0.750403
390,-1.307289,0.738898
391,-1.304040,0.727557
392,-1.300107,0.716458
393,-1.295596,0.705566
394,-1.290468,0.694943
395,-1.284788,0.684595
396,-1.278488,0.674603
397,-1.271629,0.665027
398,-1.264239,0.655825
399,-1.256371,0.647109
400,-1.248006,0.638763
401,-1.239192,0.631353
402,-1.229933,0.624071
403,-1.220294,0.617264
404,-1.210251,0.611040
405,-1.199872,0.605409
406,-1.189191,0.600380
407,-1.178241,0.595969
408,-1.167068,0.592142
409,-1.155673,0.588987
410,-1.144124,0.586498
411,-1.132455,0.584672
412,-1.120702,0.583515
413,-1.108899,0.582982
414,-1.097071,0.583156
415,-1.085284,0.584012
416,-1.073567,0.585540
417,-1.061958,0.587733
418,-1.050535,0.590527
419,-1.039597,0.594183
420,-1.028564,0.598301
421,-1.017766,0.603029
422,-1.007250,0.608363
423,-0.997030,0.614254
424,-0.987160,0.620747
425,-0.977694,0.627795
426,-0.968649,0.635371
427,-0.960051,0.643449
428,-0.951899,0.651978
429,-0.944247,0.660985
430,-0.937140,0.670412
431,-0.930585,0.680227
432,-0.924602,0.690397
433,-0.919168,0.700874
434,-0.914357,0.711669
435,-0.910184,0.722714
436,-0.906649,0.733974
437,-0.903877,0.745338
438,-0.901580,0.756912
439,-0.899980,0.768608
440,-0.899064,0.780346
441,-0.898819,0.792114
442,-0.899289,0.803844
443,-0.900347,0.815560
444,-0.902075,0.827211
445,-0.904482,0.838733
446,-0.907590,0.850057
447,-0.911283,0.861220
448,-0.915571,0.872169
449,-0.920499,0.882865
450,-0.926034,0.893247
451,-0.932175,0.903242
452,-0.938843,0.912919
453,-0.946023,0.922219
454,-0.953735,0.931105
455,-0.961968,0.939460
456,-0.970628,0.947385
457,-0.979691,0.954750
458,-0.989159,0.961697
459,-0.999012,0.968073
460,-1.009203,0.973791
461,-1.019683,0.978975
462,-1.030429,0.983556
463,-1.041408,0.987520
464,-1.052552,0.990915
465,-1.063866,0.993581
466,-1.075271,0.995667
467,-1.086726,0.997121
468,-1.098196,0.997949
469,-1.109514,0.998163
470,-1.120909,0.997782
471,-1.132157,0.996838
472,-1.143215,0.995358
473,-1.154038,0.993380
474,-1.164533,0.990897
475,-1.174729,0.988101
476,-1.184547,0.985001
477,-1.193941,0.981696
478,-1.199798,0.977364
479,-1.201857,0.972492
480,-1.203493,0.968209
481,-1.205180,0.964324
482,-1.205860,0.960180
483,-1.205654,0.955721
484,-1.204999,0.951190
485,-1.204028,0.946675
486,-1.202578,0.942124
487,-1.201052,0.937728
488,-1.199291,0.933433
489,-1.197294,0.929247
490,-1.195063,0.925182
491,-1.192604,0.921249
492,-1.189960,0.917401
493,-1.186956,0.913764
494,-1.183855,0.910327
495,-1.180562,0.907063
496,-1.177009,0.904000
497,-1.173360,0.901115
498,-1.169550,0.898379
499,-1.165502,0.895939
500,-1.161429,0.893765
501,-1.157230,0.891806
502,-1.152924,0.890082
503,-1.148490,0.888663
504,-1.143978,0.887423
505,-1.139432,0.886448
506,-1.134822,0.885667
507,-1.130117,0.885291
508,-1.125491,0.885128
509,-1.120855,0.885221
510,-1.116229,0.885575
511,-1.111601,0.886256
512,-1.107026,0.887133
513,-1.102474,0.888198
514,-1.097987,0.889715
515,-1.093662,0.891371
516,-1.089429,0.893265
517,-1.085307,0.895397
518,-1.081309,0.897831
519,-1.077441,0.900422
520,-1.073666,0.903222
521,-1.070091,0.906319
522,-1.066776,0.909529
523,-1.063624,0.912924
524,-1.060662,0.916495
525,-1.057930,0.920299
526,-1.055379,0.924194
527,-1.053059,0.928218
528,-1.050906,0.932383
529,-1.049092,0.936742
530,-1.047520,0.941091
531,-1.046188,0.945532
532,-1.045155,0.950100
533,-1.044325,0.954679
534,-1.043759,0.959289
535,-1.043456,0.963921
536,-1.043445,0.968709
537,-1.043691,0.973318
538,-1.044195,0.977924
539,-1.045030,0.982543
540,-1.046051,0.987083
541,-1.047326,0.991549
542,-1.048854,0.995933
543,-1.050597,1.000288
544,-1.052710,1.004501
545,-1.054971,1.008539
546,-1.057460,1.012453
547,-1.060252,1.016231
548,-1.063174,1.019855
549,-1.066291,1.023298
550,-1.069597,1.026557
551,-1.073149,1.029651
552,-1.076764,1.032469
553,-1.080570,1.035092
554,-1.084531,1.037500
555,-1.088693,1.039646
556,-1.092918,1.041600
557,-1.097238,1.043306
558,-1.101645,1.044762
559,-1.106127,1.045965
560,-1.110671,1.046911
561,-1.115262,1.047597
562,-1.119929,1.047961
563,-1.124588,1.048126
564,-1.129234,1.048026
565,-1.133862,1.047662
566,-1.138462,1.047035
567,-1.143091,1.046032
568,-1.147578,1.044867
569,-1.152000,1.043385
570,-1.156369,1.041722
571,-1.160614,1.039823
572,-1.164738,1.037687
573,-1.168802,1.035342
574,-1.172676,1.032648
575,-1.176352,1.029836
576,-1.179872,1.026815
577,-1.183197,1.023529
578,-1.186377,1.020112
579,-1.189345,1.016534
580,-1.192101,1.012796
581,-1.194686,1.008759
582,-1.196979,1.004757
583,-1.199044,1.000609
584,-1.200872,0.996343
585,-1.202412,0.991913
586,-1.203752,0.987453
587,-1.204832,0.982934
588,-1.205591,0.978232
589,-1.206170,0.973604
590,-1.206459,0.968987
591,-1.206479,0.964348
592,-1.206167,0.959676
593,-1.205660,0.955039
594,-1.204892,0.950454
595,-1.203865,0.945924
596,-1.202494,0.941306
597,-1.200956,0.936966
598,-1.199165,0.932696
599,-1.197060,0.928548
600,-1.194775,0.924453
601,-1.192276,0.920525
602,-1.189562,0.916753
603,-1.186639,0.913144
604,-1.183321,0.909582
605,-1.180000,0.906384
606,-1.176499,0.903355
607,-1.172825,0.900519
608,-1.168913,0.897914
609,-1.164932,0.895496
610,-1.160828,0.893316
611,-1.156608,0.891373
612,-1.152248,0.889612
613,-1.147871,0.888140
614,-1.143393,0.886941
615,-1.138846,0.886005
616,-1.134091,0.885479
617,-1.129448,0.885086
618,-1.124802,0.884948
619,-1.120158,0.885072
620,-1.115528,0.885459
621,-1.110883,0.886046
622,-1.106336,0.886945
623,-1.101755,0.888233
624,-1.097343,0.889763
625,-1.092998,0.891457
626,-1.088766,0.893384
627,-1.084653,0.895547
628,-1.080598,0.897920
629,-1.076763,0.900504
630,-1.073082,0.903327
631,-1.069545,0.906509
632,-1.066259,0.909835
633,-1.063111,0.913273
634,-1.060168,0.916873
635,-1.057434,0.920631
636,-1.054849,0.924562
637,-1.052546,0.928564
638,-1.050490,0.932720
639,-1.048723,0.937141
640,-1.047242,0.941596
641,-1.045938,0.946066
642,-1.044889,0.950595
643,-1.044098,0.955174
644,-1.043568,0.959790
645,-1.043232,0.964463
646,-1.043218,0.969097
647,-1.043576,0.973851
648,-1.044223,0.978471
649,-1.045033,0.983068
650,-1.046094,0.987597
651,-1.047409,0.992056
652,-1.048974,0.996431
653,-1.050732,1.000768
654,-1.052773,1.004932
655,-1.055059,1.008975
656,-1.057799,1.012902
657,-1.060562,1.016666
658,-1.063517,1.020260
659,-1.066666,1.023679
660,-1.069995,1.026988
661,-1.073482,1.030028
662,-1.077160,1.032859
663,-1.080999,1.035475
664,-1.085211,1.037770
665,-1.089359,1.039931
666,-1.093600,1.041850
667,-1.097937,1.043526
668,-1.102400,1.045018
669,-1.106865,1.046211
670,-1.111413,1.047127
671,-1.116013,1.047776
672,-1.120774,1.048076
673,-1.125457,1.048091
674,-1.130114,1.047932
675,-1.134746,1.047515
676,-1.139345,1.046837
677,-1.143948,1.045960
678,-1.148430,1.044780
679,-1.152843,1.043332
680,-1.157150,1.041556
681,-1.161466,1.039459
682,-1.165567,1.037259
683,-1.169537,1.034838
684,-1.173363,1.032199
685,-1.177106,1.029379
686,-1.180605,1.026340
687,-1.183925,1.023091
688,-1.187078,1.019492
689,-1.189932,1.015786
690,-1.192651,1.011988
691,-1.195145,1.008058
692,-1.197411,1.003997
693,-1.199518,0.999799
694,-1.201318,0.995536
695,-1.202860,0.991157
696,-1.204146,0.986690
697,-1.205032,0.981976
698,-1.205782,0.977362
699,-1.206280,0.972732
700,-1.206517,0.968088
701,-1.206537,0.963377
702,-1.206281,0.958765
703,-1.205732,0.954159
704,-1.204912,0.949585
705,-1.203704,0.944960
706,-1.202256,0.940504
707,-1.200651,0.936125
708,-1.198808,0.931852
709,-1.196727,0.927693
710,-1.194424,0.923582
711,-1.191921,0.919680
712,-1.189173,0.915941
713,-1.186206,0.912363
714,-1.182773,0.908974
715,-1.179391,0.905760
716,-1.175846,0.902745
717,-1.172139,0.899935
718,-1.168279,0.897341
719,-1.164257,0.894889
720,-1.160161,0.892741
721,-1.155924,0.890841
722,-1.151527,0.889250
723,-1.146898,0.887918
724,-1.142381,0.886791
725,-1.137813,0.885914
726,-1.133204,0.885295
727,-1.128567,0.884938
728,-1.123876,0.884774
729,-1.119244,0.884931
730,-1.114618,0.885368
731,-1.109989,0.886147
732,-1.105314,0.887270
733,-1.100830,0.888514
734,-1.096423,0.890000
735,-1.092106,0.891732
736,-1.087816,0.893689
737,-1.083733,0.895856
738,-1.079779,0.898286
739,-1.075968,0.900949
740,-1.072305,0.903918
741,-1.068797,0.907164
742,-1.065513,0.910452
743,-1.062410,0.913915
744,-1.059505,0.917548
745,-1.056734,0.921364
746,-1.054245,0.925264
747,-1.052000,0.929327
748,-1.049994,0.933522
749,-1.048332,0.938042
750,-1.046837,0.942459
751,-1.045585,0.946943
752,-1.044586,0.951487
753,-1.043846,0.956081
754,-1.043368,0.960709
755,-1.043068,0.965382
756,-1.043113,0.970022
757,-1.043819,0.974799
758,-1.044496,0.979433
759,-1.045374,0.984009
760,-1.046492,0.988524
761,-1.047859,0.992968
762,-1.049475,0.997328
763,-1.051337,1.001589
764,-1.053394,1.005808
765,-1.055711,1.009824
766,-1.058269,1.013703
767,-1.061049,1.017431
768,-1.064038,1.020996
769,-1.067227,1.024385
770,-1.070604,1.027588
771,-1.074158,1.030595
772,-1.077991,1.033463
773,-1.081829,1.036066
774,-1.085831,1.038427
775,-1.089967,1.040550
776,-1.094221,1.042433
777,-1.098576,1.044071
778,-1.103018,1.045459
779,-1.107532,1.046592
780,-1.112261,1.047393
781,-1.116928,1.047897
782,-1.121617,1.048312
783,-1.126262,1.048396
784,-1.130908,1.048206
785,-1.135538,1.047750
786,-1.140136,1.047030
787,-1.144686,1.046049
788,-1.149174,1.044811
789,-1.153666,1.043094
790,-1.158108,1.041347
791,-1.162311,1.039368
792,-1.166393,1.037142
793,-1.170343,1.034684
794,-1.174147,1.032004
795,-1.177793,1.029112
796,-1.181268,1.026016
797,-1.184563,1.022727
798,-1.187690,1.019071
799,-1.190601,1.015331
800,-1.193298,1.011512
801,-1.195758,1.007556
802,-1.197985,1.003468
803,-1.199974,0.999260
804,-1.201720,0.994945
805,-1.203218,0.990538
806,-1.204464,0.986051
807,-1.205460,0.981259
808,-1.206067,0.976605
809,-1.206519,0.971932
810,-1.206701,0.967273
811,-1.206618,0.962617
812,-1.206269,0.957975
813,-1.205657,0.953360
814,-1.204784,0.948787
815,-1.203651,0.944270
816,-1.202292,0.939747
817,-1.200688,0.935388
818,-1.198545,0.931003
819,-1.196377,0.926872
820,-1.193999,0.922867
821,-1.191403,0.919002
822,-1.188592,0.915289
823,-1.185575,0.911742
824,-1.182361,0.908372
825,-1.178960,0.905190
826,-1.175387,0.902116
827,-1.171581,0.899366
828,-1.167497,0.896819
829,-1.163452,0.894517
830,-1.159287,0.892437
831,-1.155011,0.890593
832,-1.150638,0.888993
833,-1.146180,0.887645
834,-1.141652,0.886552
835,-1.137026,0.885636
836,-1.132342,0.885121
837,-1.127517,0.884917
838,-1.122859,0.884906
839,-1.118209,0.885149
840,-1.113579,0.885653
841,-1.108985,0.886419
842,-1.104442,0.887444
843,-1.099963,0.888727
844,-1.095484,0.890212
845,-1.091194,0.891976
846,-1.086875,0.894338
847,-1.082801,0.896631
848,-1.078871,0.899136
849,-1.075091,0.901856
850,-1.071473,0.904786
851,-1.068026,0.907917
852,-1.064763,0.911239
853,-1.061599,0.914746
854,-1.058735,0.918391
855,-1.056072,0.922422
856,-1.053696,0.926438
857,-1.051528,0.930559
858,-1.049661,0.934842
859,-1.047908,0.939265
860,-1.046447,0.943703
861,-1.045247,0.948207
862,-1.044231,0.952852
863,-1.043529,0.957445
864,-1.043117,0.962074
865,-1.043086,0.966926
866,-1.043262,0.971578
867,-1.043677,0.976218
868,-1.044437,0.980877
869,-1.045365,0.985520
870,-1.046550,0.990039
871,-1.047990,0.994473
872,-1.049656,0.998941
873,-1.051567,1.003168
874,-1.053740,1.007280
875,-1.056342,1.011328
876,-1.059000,1.015150
877,-1.061865,1.018826
878,-1.065053,1.022361
879,-1.068335,1.025732
880,-1.071783,1.028881
881,-1.075400,1.031823
882,-1.079199,1.034660
883,-1.083102,1.037168
884,-1.087368,1.039404
885,-1.091567,1.041414
886,-1.095876,1.043196
887,-1.100279,1.044735
888,-1.104893,1.045984
889,-1.109468,1.047028
890,-1.114073,1.047801
891,-1.118774,1.048369
892,-1.123453,1.048645
893,-1.128282,1.048486
894,-1.132927,1.048151
895,-1.137557,1.047565
896,-1.142149,1.046722
897,-1.146676,1.045530
898,-1.151271,1.044159
899,-1.155669,1.042550
900,-1.159957,1.040693
901,-1.164129,1.038595
902,-1.168427,1.036081
903,-1.172324,1.033461
904,-1.176058,1.030651
905,-1.179634,1.027633
906,-1.183035,1.024416
907,-1.186249,1.021009
908,-1.189293,1.017279
909,-1.192116,1.013515
910,-1.194708,1.009604
911,-1.197212,1.005452
912,-1.199360,1.000995
913,-1.201210,0.996599
914,-1.202809,0.992157
915,-1.204159,0.987625
916,-1.205251,0.983016
917,-1.205979,0.978333
918,-1.206593,0.973390
919,-1.206884,0.968559
920,-1.206885,0.963707
921,-1.206681,0.958643
922,-1.205885,0.953422
923,-1.204897,0.948364
924,-1.203589,0.943280
925,-1.201921,0.938159
926,-1.199859,0.933001
927,-1.197267,0.927854
928,-1.194295,0.922577
929,-1.190878,0.917255
930,-1.188110,0.906936
931,-1.187504,0.903345
932,-1.184880,0.902369
933,-1.181905,0.900035
934,-1.178363,0.897494
935,-1.174538,0.895041
936,-1.170533,0.892775
937,-1.166391,0.890728
938,-1.162134,0.888917
939,-1.157779,0.887349
940,-1.153341,0.886032
941,-1.148834,0.884968
942,-1.144273,0.884163
943,-1.139642,0.883561
944,-1.135031,0.883264
945,-1.130402,0.883244
946,-1.125776,0.883492
947,-1.121131,0.884067
948,-1.116551,0.884838
949,-1.111973,0.885841
950,-1.107532,0.887091
951,-1.103165,0.888618
952,-1.098891,0.890401
953,-1.094724,0.892426
954,-1.090673,0.894752
955,-1.086752,0.897243
956,-1.082985,0.899948
957,-1.079315,0.902825
958,-1.075884,0.905927
959,-1.072636,0.909230
960,-1.069601,0.912779
961,-1.066741,0.916442
962,-1.064100,0.920254
963,-1.061680,0.924207
964,-1.059424,0.928290
965,-1.057465,0.932484
966,-1.055797,0.936840
967,-1.054381,0.941356
968,-1.053193,0.945831
969,-1.052251,0.950367
970,-1.051502,0.954973
971,-1.051069,0.959579
972,-1.050970,0.964219
973,-1.051151,0.968980
974,-1.051546,0.973594
975,-1.052188,0.978183
976,-1.053041,0.982777
977,-1.054176,0.987259
978,-1.055580,0.991672
979,-1.057238,0.995999
980,-1.059325,1.000285
981,-1.061483,1.004390
982,-1.063861,1.008369
983,-1.066425,1.012266
984,-1.069226,1.015950
985,-1.072242,1.019467
986,-1.075580,1.022826
987,-1.079057,1.025924
988,-1.082647,1.028872
989,-1.086382,1.031679
990,-1.090258,1.034207
991,-1.094281,1.036503
992,-1.098432,1.038565
993,-1.102966,1.040064
994,-1.107369,1.041571
995,-1.111859,1.042923
996,-1.116340,1.044007
997,-1.120892,1.044818
998,-1.125488,1.045363
999,-1.130109,1.045644
1000,-1.134740,1.045661
1001,-1.139366,1.045414
1002,-1.143971,1.044905
1003,-1.148581,1.044188
1004,-1.153094,1.043169
1005,-1.157544,1.041885
1006,-1.161915,1.040345
1007,-1.166192,1.038558
1008,-1.170362,1.036530
1009,-1.174458,1.034234
1010,-1.178392,1.031758
1011,-1.182162,1.029055
1012,-1.185766,1.026139
1013,-1.189197,1.023021
1014,-1.192445,1.019713
1015,-1.195501,1.016224
1016,-1.198397,1.012368
1017,-1.201033,1.008560
1018,-1.203442,1.004602
1019,-1.205620,1.000510
1020,-1.207562,0.996301
1021,-1.209261,0.991986
1022,-1.210653,0.987554
1023,-1.211807,0.982929
1024,-1.212727,0.978384
1025,-1.213460,0.973766
1026,-1.213889,0.969162
1027,-1.214042,0.964533
1028,-1.213927,0.959898
1029,-1.213547,0.955277
1030,-1.212717,0.950572
1031,-1.211795,0.946015
1032,-1.210675,0.941475
1033,-1.209273,0.937067
1034,-1.207610,0.932744
1035,-1.205699,0.928521
1036,-1.203430,0.924365
1037,-1.201029,0.920414
1038,-1.198414,0.916588
1039,-1.195585,0.912972
1040,-1.192581,0.909411
1041,-1.189377,0.906061
1042,-1.185986,0.902910
1043,-1.182290,0.899953
1044,-1.178553,0.897249
1045,-1.174670,0.894740
1046,-1.170649,0.892448
1047,-1.166503,0.890386
1048,-1.162247,0.888562
1049,-1.157893,0.886983
1050,-1.153455,0.885654
1051,-1.148827,0.884664
1052,-1.144269,0.883870
1053,-1.139668,0.883327
1054,-1.135041,0.883044
1055,-1.130365,0.882969
1056,-1.125749,0.883192
1057,-1.121145,0.883694
1058,-1.116484,0.884561
1059,-1.111986,0.885624
1060,-1.107538,0.886926
1061,-1.103155,0.888543
1062,-1.098796,0.890311
1063,-1.094627,0.892314
1064,-1.090582,0.894572
1065,-1.086672,0.897064
1066,-1.082891,0.899926
1067,-1.079308,0.902862
1068,-1.075904,0.906061
1069,-1.072648,0.909393
1070,-1.069528,0.912873
1071,-1.066681,0.916527
1072,-1.064051,0.920345
1073,-1.061664,0.924441
1074,-1.059523,0.928541
1075,-1.057637,0.932820
1076,-1.055879,0.937184
1077,-1.054415,0.941570
1078,-1.053222,0.946046
1079,-1.052291,0.950589
1080,-1.051677,0.955302
1081,-1.051319,0.959909
1082,-1.051254,0.964583
1083,-1.051384,0.969234
1084,-1.051715,0.973898
1085,-1.052356,0.978484
1086,-1.053269,0.983030
1087,-1.054442,0.987518
1088,-1.055984,0.991999
1089,-1.057761,0.996329
1090,-1.059694,1.000558
1091,-1.061814,1.004722
1092,-1.064195,1.008695
1093,-1.066807,1.012526
1094,-1.069637,1.016201
1095,-1.072806,1.019737
1096,-1.076112,1.022995
1097,-1.079565,1.026219
1098,-1.083129,1.029168
1099,-1.086875,1.031897
1100,-1.090776,1.034405
1101,-1.094816,1.036686
1102,-1.098980,1.038733
1103,-1.103374,1.040489
1104,-1.107800,1.041980
1105,-1.112290,1.043355
1106,-1.116799,1.044416
1107,-1.121368,1.045207
1108,-1.125977,1.045734
1109,-1.130611,1.045996
1110,-1.135341,1.045898
1111,-1.139996,1.045545
1112,-1.144674,1.045060
1113,-1.149240,1.044282
1114,-1.153756,1.043230
1115,-1.158206,1.041917
1116,-1.162574,1.040352
1117,-1.166899,1.038392
1118,-1.171032,1.036254
1119,-1.175169,1.033960
1120,-1.179073,1.031472
1121,-1.182822,1.028745
1122,-1.186407,1.025802
1123,-1.189819,1.022657
1124,-1.193047,1.019321
1125,-1.196060,1.015650
1126,-1.198832,1.011895
1127,-1.201527,1.008032
1128,-1.203924,1.004067
1129,-1.206080,0.999960
1130,-1.207995,0.995734
1131,-1.209666,0.991404
1132,-1.211088,0.986985
1133,-1.212170,0.982357
1134,-1.213059,0.977702
1135,-1.213729,0.973123
1136,-1.214114,0.968503
1137,-1.214229,0.963865
1138,-1.214078,0.959226
1139,-1.213663,0.954602
1140,-1.212985,0.950009
1141,-1.211834,0.945349
1142,-1.210646,0.940788
1143,-1.209228,0.936392
1144,-1.207535,0.932080
1145,-1.205591,0.927869
1146,-1.203408,0.923774
1147,-1.200993,0.919810
1148,-1.198222,0.915965
1149,-1.195358,0.912320
1150,-1.192296,0.908832
1151,-1.189044,0.905561
1152,-1.185629,0.902399
1153,-1.182039,0.899463
1154,-1.178286,0.896744
1155,-1.174248,0.894273
1156,-1.170205,0.892031
1157,-1.166040,0.890007
1158,-1.161765,0.888218
1159,-1.157395,0.886672
1160,-1.152943,0.885378
1161,-1.148424,0.884338
1162,-1.143852,0.883557
1163,-1.139120,0.883146
1164,-1.134493,0.882913
1165,-1.129797,0.882890
1166,-1.125189,0.883137
1167,-1.120589,0.883675
1168,-1.116021,0.884482
1169,-1.111505,0.885550
1170,-1.107055,0.886874
1171,-1.102631,0.888577
1172,-1.098376,0.890418
1173,-1.094221,0.892564
1174,-1.090100,0.894823
1175,-1.086203,0.897339
1176,-1.082459,0.900082
1177,-1.078878,0.903037
1178,-1.075462,0.906332
1179,-1.072268,0.909689
1180,-1.069254,0.913220
1181,-1.066464,0.916988
1182,-1.063775,0.920839
1183,-1.061389,0.924816
1184,-1.059241,0.928930
1185,-1.057333,0.933163
1186,-1.055743,0.937650
1187,-1.054354,0.942077
1188,-1.053272,0.946611
1189,-1.052298,0.951239
1190,-1.051641,0.955829
1191,-1.051266,0.960454
1192,-1.051160,0.965095
1193,-1.051320,0.969736
1194,-1.051854,0.974451
1195,-1.052564,0.979034
1196,-1.053598,0.983571
1197,-1.054768,0.988160
1198,-1.056207,0.992569
1199,-1.057913,0.996885
1200,-1.059869,1.001096
1201,-1.062199,1.005243
1202,-1.064649,1.009174
1203,-1.067307,1.012980
1204,-1.070176,1.016634
1205,-1.073303,1.020188
1206,-1.076550,1.023510
1207,-1.079990,1.026628
1208,-1.083607,1.029542
1209,-1.087529,1.032225
1210,-1.091463,1.034677
1211,-1.095530,1.036919
1212,-1.099774,1.038882
1213,-1.104103,1.040748
1214,-1.108481,1.042287
1215,-1.112946,1.043563
1216,-1.117477,1.044579
1217,-1.122176,1.045247
1218,-1.126791,1.045715
1219,-1.131431,1.045931
1220,-1.136176,1.045877
1221,-1.140838,1.045625
1222,-1.145447,1.045067
1223,-1.150016,1.044235
1224,-1.154617,1.043020
1225,-1.159038,1.041636
1226,-1.163390,1.040018
1227,-1.167649,1.038160
1228,-1.171797,1.036063
1229,-1.175829,1.033656
1230,-1.179727,1.031099
1231,-1.183464,1.028331
1232,-1.187152,1.025218
1233,-1.190499,1.022049
1234,-1.193686,1.018682
1235,-1.196684,1.015134
1236,-1.199431,1.011362
1237,-1.202040,1.007468
1238,-1.204404,1.003456
1239,-1.206532,0.999322
1240,-1.208493,0.995048
1241,-1.210087,0.990596
1242,-1.211450,0.986170
1243,-1.212569,0.981663
1244,-1.213434,0.977097
1245,-1.213981,0.972429
1246,-1.214328,0.967779
1247,-1.214409,0.963129
1248,-1.214225,0.958484
1249,-1.213738,0.953727
1250,-1.213009,0.949157
1251,-1.212022,0.944621
1252,-1.210704,0.940144
1253,-1.209206,0.935702
1254,-1.207465,0.931382
1255,-1.205484,0.927175
1256,-1.203266,0.923090
1257,-1.200690,0.919025
1258,-1.198039,0.915246
1259,-1.195155,0.911612
1260,-1.192063,0.908144
1261,-1.188699,0.904870
1262,-1.185223,0.901759
1263,-1.181584,0.898860
1264,-1.177788,0.896175
1265,-1.173674,0.893759
1266,-1.169597,0.891470
1267,-1.165407,0.889480
1268,-1.161101,0.887735
1269,-1.156629,0.886281
1270,-1.152137,0.885029
1271,-1.147592,0.884038
1272,-1.143000,0.883307
1273,-1.138130,0.882881
1274,-1.133509,0.882729
1275,-1.128876,0.882821
1276,-1.124221,0.883247
1277,-1.119572,0.883852
1278,-1.114994,0.884718
1279,-1.110481,0.885844
1280,-1.106041,0.887224
1281,-1.101687,0.888855
1282,-1.097369,0.890684
1283,-1.093235,0.892779
1284,-1.089226,0.895125
1285,-1.085367,0.897777
1286,-1.081599,0.900763
1287,-1.078058,0.903780
1288,-1.074688,0.906985
1289,-1.071505,0.910374
1290,-1.068434,0.913955
1291,-1.065651,0.917644
1292,-1.063091,0.921516
1293,-1.060758,0.925536
1294,-1.058708,0.929920
1295,-1.056890,0.934217
1296,-1.055295,0.938585
1297,-1.053943,0.943034
1298,-1.052842,0.947552
1299,-1.051928,0.952160
1300,-1.051333,0.956753
1301,-1.051016,0.961388
1302,-1.051031,0.966098
1303,-1.051334,0.970889
1304,-1.051867,0.975498
1305,-1.052630,0.980081
1306,-1.053644,0.984619
1307,-1.054882,0.989167
1308,-1.056362,0.993551
1309,-1.058121,0.997845
1310,-1.060133,1.002037
1311,-1.062468,1.006125
1312,-1.064949,1.010076
1313,-1.067833,1.013894
1314,-1.070758,1.017506
1315,-1.073877,1.020955
1316,-1.077197,1.024304
1317,-1.080642,1.027386
1318,-1.084290,1.030257
1319,-1.088182,1.032887
1320,-1.092156,1.035336
1321,-1.096253,1.037547
1322,-1.100617,1.039463
1323,-1.104940,1.041163
1324,-1.109353,1.042628
1325,-1.113892,1.043909
1326,-1.118425,1.044898
1327,-1.123075,1.045534
1328,-1.127733,1.045978
1329,-1.132389,1.046150
1330,-1.137164,1.045942
1331,-1.141789,1.045545
1332,-1.146394,1.044903
1333,-1.150959,1.044006
1334,-1.155468,1.042852
1335,-1.159960,1.041504
1336,-1.164317,1.039777
1337,-1.168584,1.037873
1338,-1.172719,1.035730
1339,-1.176763,1.033196
1340,-1.180601,1.030579
1341,-1.184296,1.027754
1342,-1.187829,1.024726
1343,-1.191266,1.021523
1344,-1.194432,1.018135
1345,-1.197387,1.014464
1346,-1.200157,1.010709
1347,-1.202685,1.006635
1348,-1.204956,1.002586
1349,-1.207017,0.998418
1350,-1.208845,0.994140
1351,-1.210430,0.989764
1352,-1.211853,0.985300
1353,-1.212933,0.980786
1354,-1.213688,0.976139
1355,-1.214249,0.971496
1356,-1.214438,0.966702
1357,-1.214423,0.962058
1358,-1.214164,0.957414
1359,-1.213646,0.952789
1360,-1.212868,0.948200
1361,-1.211883,0.943592
1362,-1.210611,0.939134
1363,-1.208986,0.934724
1364,-1.207189,0.930413
1365,-1.204992,0.926169
1366,-1.202696,0.922129
1367,-1.200184,0.918213
1368,-1.197456,0.914442
1369,-1.194518,0.910831
1370,-1.191409,0.907314
1371,-1.188024,0.904099
1372,-1.184492,0.901003
1373,-1.180810,0.898140
1374,-1.176774,0.895535
1375,-1.172785,0.893145
1376,-1.168669,0.890973
1377,-1.164436,0.889035
1378,-1.160057,0.887269
1379,-1.155652,0.885795
1380,-1.151162,0.884604
1381,-1.146520,0.883725
1382,-1.141901,0.883049
1383,-1.137113,0.882744
1384,-1.132468,0.882643
1385,-1.127818,0.882787
1386,-1.123180,0.883188
1387,-1.118572,0.883851
1388,-1.113950,0.884713
1389,-1.109461,0.885876
1390,-1.105019,0.887399
1391,-1.100643,0.889091
1392,-1.096299,0.891190
1393,-1.092210,0.893395
1394,-1.088235,0.895814
1395,-1.084397,0.898450
1396,-1.080714,0.901299
1397,-1.077115,0.904321
1398,-1.073781,0.907554
1399,-1.070693,0.911051
1400,-1.067685,0.914711
1401,-1.064943,0.918677
1402,-1.062471,0.922612
1403,-1.060204,0.926677
1404,-1.058165,0.930862
1405,-1.056365,0.935157
1406,-1.054723,0.939561
1407,-1.053418,0.944019
1408,-1.052377,0.948556
1409,-1.051662,0.953218
1410,-1.051208,0.958035
1411,-1.051014,0.962711
1412,-1.051051,0.967366
1413,-1.051343,0.972014
1414,-1.051849,0.976737
1415,-1.052635,0.981311
1416,-1.053706,0.985833
1417,-1.055043,0.990293
1418,-1.056716,0.994653
1419,-1.058568,0.999019
1420,-1.060820,1.003291
1421,-1.063161,1.007310
1422,-1.065713,1.011204
1423,-1.068477,1.014952
1424,-1.071434,1.018635
1425,-1.074582,1.022041
1426,-1.077941,1.025261
1427,-1.081484,1.028286
1428,-1.085298,1.031088
1429,-1.089403,1.033733
1430,-1.093441,1.036072
1431,-1.097586,1.038197
1432,-1.101842,1.040090
1433,-1.106267,1.041840
1434,-1.110681,1.043250
1435,-1.115190,1.044391
1436,-1.119765,1.045270
1437,-1.124384,1.045886
1438,-1.129115,1.046177
1439,-1.133949,1.046148
1440,-1.138600,1.045939
1441,-1.143236,1.045481
1442,-1.147841,1.044765
1443,-1.152465,1.043856
1444,-1.156947,1.042635
1445,-1.161359,1.041146
1446,-1.165681,1.039403
1447,-1.169950,1.037320
1448,-1.174173,1.034902
1449,-1.178111,1.032419
1450,-1.181916,1.029731
1451,-1.185566,1.026835
1452,-1.189144,1.023756
1453,-1.192439,1.020486
1454,-1.195541,1.017014
1455,-1.198441,1.013365
1456,-1.201128,1.009556
1457,-1.203577,1.005500
1458,-1.205789,1.001200
1459,-1.207766,0.996980
1460,-1.209512,0.992658
1461,-1.211086,0.988196
1462,-1.212370,0.983695
1463,-1.213358,0.979152
1464,-1.214079,0.974549
1465,-1.214535,0.969908
1466,-1.214658,0.965137
1467,-1.214451,0.960281
1468,-1.214083,0.955631
1469,-1.213463,0.951008
1470,-1.212584,0.946427
1471,-1.211447,0.941902
1472,-1.210121,0.937364
1473,-1.208484,0.933011
1474,-1.206589,0.928750
1475,-1.204449,0.924601
1476,-1.201738,0.920382
1477,-1.199094,0.916506
1478,-1.196259,0.912790
1479,-1.193222,0.909240
1480,-1.189989,0.905867
1481,-1.186568,0.902683
1482,-1.182927,0.899560
1483,-1.179178,0.896788
1484,-1.175260,0.894239
1485,-1.171196,0.891920
1486,-1.166545,0.889870
1487,-1.162177,0.888030
1488,-1.157750,0.886449
1489,-1.153245,0.885123
1490,-1.148671,0.884057
1491,-1.143919,0.883165
1492,-1.139203,0.882604
1493,-1.134499,0.882345
1494,-1.129775,0.882364
1495,-1.124774,0.882806
1496,-1.119971,0.883437
1497,-1.115237,0.884322
1498,-1.110531,0.885483
1499,-1.105689,0.887066
1500,-1.100966,0.888836
1501,-1.096172,0.890868
1502,-1.091554,0.893288
1503,-1.086997,0.896078
1504,-1.082484,0.899546
1505,-1.078074,0.903199
1506,-1.073731,0.907303
1507,-1.069594,0.911991
1508,-1.065421,0.917244
1509,-1.064808,0.918092
1510,-1.062517,0.921391
1511,-1.060176,0.925357
1512,-1.058096,0.929473
1513,-1.056263,0.933708
1514,-1.054677,0.938044
1515,-1.053341,0.942465
1516,-1.052246,0.947064
1517,-1.051439,0.951587
1518,-1.050886,0.956166
1519,-1.050593,0.960775
1520,-1.050563,0.965395
1521,-1.050755,0.970043
1522,-1.051351,0.974695
1523,-1.052120,0.979260
1524,-1.053142,0.983769
1525,-1.054416,0.988212
1526,-1.055991,0.992681
1527,-1.057815,0.996910
1528,-1.059845,1.001080
1529,-1.062098,1.005120
1530,-1.064576,1.009023
1531,-1.067264,1.012830
1532,-1.070231,1.016442
1533,-1.073387,1.019836
1534,-1.076692,1.023076
1535,-1.080171,1.026121
1536,-1.083817,1.028963
1537,-1.087702,1.031633
1538,-1.091698,1.034001
1539,-1.095782,1.036178
1540,-1.099978,1.038119
1541,-1.104277,1.039817
1542,-1.108754,1.041295
1543,-1.113233,1.042435
1544,-1.117777,1.043371
1545,-1.122355,1.044048
1546,-1.126959,1.044465
1547,-1.131687,1.044596
1548,-1.136286,1.044489
1549,-1.140909,1.044062
1550,-1.145495,1.043419
1551,-1.150031,1.042518
1552,-1.154566,1.041286
1553,-1.158989,1.039891
1554,-1.163310,1.038170
1555,-1.167528,1.036262
1556,-1.171626,1.034118
1557,-1.175594,1.031746
1558,-1.179484,1.029085
1559,-1.183117,1.026238
1560,-1.186638,1.023201
1561,-1.189968,1.019984
1562,-1.193107,1.016587
1563,-1.196088,1.012938
1564,-1.198810,1.009217
1565,-1.201282,1.005296
1566,-1.203574,1.001257
1567,-1.205618,0.997006
1568,-1.207446,0.992740
1569,-1.209010,0.988405
1570,-1.210320,0.983975
1571,-1.211334,0.979438
1572,-1.212133,0.974871
1573,-1.212620,0.970191
1574,-1.212931,0.965564
1575,-1.212937,0.960950
1576,-1.212627,0.956314
1577,-1.212104,0.951706
1578,-1.211322,0.947145
1579,-1.210227,0.942544
1580,-1.208950,0.938122
1581,-1.207350,0.933770
1582,-1.205546,0.929493
1583,-1.203509,0.925337
1584,-1.201151,0.921281
1585,-1.198656,0.917350
1586,-1.195963,0.913608
1587,-1.192988,0.910037
1588,-1.189857,0.906621
1589,-1.186447,0.903393
1590,-1.182949,0.900382
1591,-1.179284,0.897508
1592,-1.175433,0.894916
1593,-1.171466,0.892519
1594,-1.167273,0.890372
1595,-1.163070,0.888483
1596,-1.158760,0.886818
1597,-1.154309,0.885381
1598,-1.149827,0.884195
1599,-1.145291,0.883275
1600,-1.140629,0.882670
1601,-1.136031,0.882299
1602,-1.131378,0.882133
1603,-1.126726,0.882313
1604,-1.122110,0.882710
1605,-1.117531,0.883371
1606,-1.112946,0.884371
1607,-1.108486,0.885564
1608,-1.104047,0.886953
1609,-1.099734,0.888686
1610,-1.095520,0.890617
1611,-1.091392,0.892875
1612,-1.087457,0.895282
1613,-1.083650,0.897906
1614,-1.079953,0.900774
1615,-1.076450,0.903810
1616,-1.073135,0.907039
1617,-1.070017,0.910548
1618,-1.067113,0.914139
1619,-1.064391,0.917927
1620,-1.061876,0.921837
1621,-1.059603,0.925874
1622,-1.057595,0.930129
1623,-1.055830,0.934392
1624,-1.054297,0.938753
1625,-1.052952,0.943208
1626,-1.051953,0.947753
1627,-1.051174,0.952322
1628,-1.050719,0.957001
1629,-1.050487,0.961612
1630,-1.050459,0.966267
1631,-1.050783,0.970904
1632,-1.051326,0.975511
1633,-1.052204,0.980151
1634,-1.053296,0.984627
1635,-1.054602,0.989105
1636,-1.056209,0.993447
1637,-1.058032,0.997721
1638,-1.060091,1.001870
1639,-1.062382,1.005891
1640,-1.064992,1.009790
1641,-1.067733,1.013566
1642,-1.070700,1.017111
1643,-1.073855,1.020526
1644,-1.077190,1.023742
1645,-1.080802,1.026753
1646,-1.084483,1.029541
1647,-1.088317,1.032127
1648,-1.092325,1.034509
1649,-1.096450,1.036669
1650,-1.100674,1.038576
1651,-1.105103,1.040180
1652,-1.109511,1.041571
1653,-1.114012,1.042774
1654,-1.118543,1.043677
1655,-1.123162,1.044265
1656,-1.127787,1.044636
1657,-1.132497,1.044675
1658,-1.137111,1.044496
1659,-1.141750,1.044114
1660,-1.146330,1.043377
1661,-1.150883,1.042427
1662,-1.155359,1.041222
1663,-1.159802,1.039675
1664,-1.164142,1.037981
1665,-1.168332,1.036050
1666,-1.172392,1.033811
1667,-1.176363,1.031380
1668,-1.180173,1.028738
1669,-1.183829,1.025789
1670,-1.187352,1.022730
1671,-1.190651,1.019507
1672,-1.193756,1.016081
1673,-1.196640,1.012418
1674,-1.199331,1.008538
1675,-1.201779,1.004622
1676,-1.204015,1.000572
1677,-1.206084,0.996400
1678,-1.207812,0.992092
1679,-1.209344,0.987698
1680,-1.210572,0.983141
1681,-1.211560,0.978630
1682,-1.212355,0.974034
1683,-1.212859,0.969444
1684,-1.213029,0.964814
1685,-1.212990,0.960150
1686,-1.212617,0.955433
1687,-1.212022,0.950857
1688,-1.211219,0.946260
1689,-1.210150,0.941771
1690,-1.208811,0.937344
1691,-1.207155,0.932991
1692,-1.205308,0.928728
1693,-1.203129,0.924557
1694,-1.200806,0.920559
1695,-1.198304,0.916631
1696,-1.195557,0.912914
1697,-1.192533,0.909372
1698,-1.189247,0.905956
1699,-1.185883,0.902793
1700,-1.182350,0.899807
1701,-1.178651,0.896959
1702,-1.174821,0.894377
1703,-1.170784,0.892058
1704,-1.166653,0.889930
1705,-1.162319,0.888085
1706,-1.157989,0.886468
1707,-1.153536,0.885041
1708,-1.149069,0.883889
1709,-1.144492,0.883063
1710,-1.139885,0.882449
1711,-1.135184,0.882170
1712,-1.130561,0.882104
1713,-1.125936,0.882293
1714,-1.121285,0.882695
1715,-1.116708,0.883448
1716,-1.112156,0.884418
1717,-1.107626,0.885761
1718,-1.103248,0.887256
1719,-1.098956,0.888991
1720,-1.094710,0.890943
1721,-1.090641,0.893128
1722,-1.086705,0.895623
1723,-1.082863,0.898398
1724,-1.079261,0.901286
1725,-1.075809,0.904368
1726,-1.072532,0.907640
1727,-1.069381,0.911078
1728,-1.066508,0.914760
1729,-1.063822,0.918546
1730,-1.061386,0.922583
1731,-1.059181,0.926645
1732,-1.057198,0.930828
1733,-1.055388,0.935123
1734,-1.053938,0.939525
1735,-1.052678,0.944018
1736,-1.051739,0.948652
1737,-1.051032,0.953220
1738,-1.050532,0.957871
1739,-1.050303,0.962478
1740,-1.050360,0.967103
1741,-1.050748,0.971737
1742,-1.051418,0.976451
1743,-1.052306,0.980985
1744,-1.053430,0.985475
1745,-1.054775,0.989955
1746,-1.056365,0.994289
1747,-1.058222,0.998527
1748,-1.060389,1.002658
1749,-1.062840,1.006722
1750,-1.065421,1.010552
1751,-1.068206,1.014250
1752,-1.071179,1.017852
1753,-1.074343,1.021221
1754,-1.077769,1.024376
1755,-1.081329,1.027372
1756,-1.085159,1.030141
1757,-1.089027,1.032673
1758,-1.093032,1.034996
1759,-1.097158,1.037167
1760,-1.101392,1.039030
1761,-1.105798,1.040604
1762,-1.110236,1.041974
1763,-1.114849,1.043008
1764,-1.119401,1.043839
1765,-1.123997,1.044419
1766,-1.128644,1.044812
1767,-1.133270,1.044876
1768,-1.137941,1.044608
1769,-1.142563,1.044139
1770,-1.147202,1.043313
1771,-1.151719,1.042307
1772,-1.156177,1.041051
1773,-1.160607,1.039591
1774,-1.164895,1.037848
1775,-1.169085,1.035790
1776,-1.173185,1.033445
1777,-1.177103,1.030975
1778,-1.180879,1.028291
1779,-1.184562,1.025423
1780,-1.188013,1.022341
1781,-1.191261,1.018993
1782,-1.194339,1.015398
1783,-1.197195,1.011753
1784,-1.199847,1.007953
1785,-1.202347,1.004006
1786,-1.204563,0.999948
1787,-1.206481,0.995723
1788,-1.208185,0.991277
1789,-1.209641,0.986879
1790,-1.210858,0.982408
1791,-1.211823,0.977875
1792,-1.212593,0.973273
1793,-1.213045,0.968667
1794,-1.213226,0.964036
1795,-1.212683,0.959282
1796,-1.212287,0.954657
1797,-1.211660,0.950066
1798,-1.210831,0.945474
1799,-1.209714,0.940992
