0,0.584835,1.838790
1,0.584835,1.838790
2,0.584835,1.838790
3,0.584835,1.838790
4,0.584835,1.838790
5,0.584835,1.838790
6,0.572619,1.839697
7,0.555625,1.839592
8,0.538665,1.838466
9,0.521796,1.836377
10,0.505074,1.833331
11,0.488552,1.829339
12,0.472284,1.824413
13,0.456322,1.818570
14,0.440719,1.811828
15,0.425525,1.804209
16,0.410788,1.795738
17,0.396558,1.786442
18,0.382879,1.776352
19,0.369797,1.765499
20,0.357354,1.753920
21,0.345589,1.741652
22,0.334541,1.728734
23,0.324246,1.715209
24,0.314738,1.701120
25,0.306046,1.686513
26,0.298200,1.671435
27,0.291224,1.655935
28,0.285141,1.640063
29,0.283467,1.635618
30,0.283467,1.635618
31,0.283467,1.635618
32,0.283467,1.635618
33,0.283467,1.635618
34,0.283467,1.635618
35,0.283467,1.635618
36,0.283467,1.635618
37,0.283467,1.635618
38,0.283467,1.635618
39,0.283467,1.635618
40,0.283467,1.635618
41,0.283467,1.635618
42,0.271297,1.637016
43,0.254313,1.637596
44,0.237321,1.637154
45,0.220382,1.635746
46,0.203551,1.633377
47,0.186881,1.630053
48,0.170428,1.625787
49,0.154244,1.620591
50,0.138382,1.614484
51,0.122893,1.607483
52,0.107827,1.599613
53,0.093234,1.590898
54,0.079160,1.581367
55,0.065651,1.571050
56,0.052751,1.559982
57,0.040501,1.548198
58,0.028942,1.535736
59,0.018111,1.522636
60,0.008042,1.508942
61,-0.001231,1.494697
62,-0.009678,1.479947
63,-0.017273,1.464740
64,-0.023990,1.449126
65,-0.029808,1.433156
66,-0.031408,1.428683
67,-0.031408,1.428683
68,-0.031408,1.428683
69,-0.031408,1.428683
70,-0.031408,1.428683
71,-0.031408,1.428683
72,-0.031408,1.428683
73,-0.031408,1.428683
74,-0.031408,1.428683
75,-0.031408,1.428683
76,-0.031408,1.428683
77,-0.031408,1.428683
78,-0.031408,1.428683
79,-0.043600,1.429879
80,-0.060591,1.430177
81,-0.077573,1.429453
82,-0.094487,1.427763
83,-0.111276,1.425114
84,-0.127888,1.421514
85,-0.144268,1.416975
86,-0.160364,1.411511
87,-0.176122,1.405140
88,-0.191493,1.397883
89,-0.206425,1.389763
90,-0.220872,1.380807
91,-0.234786,1.371044
92,-0.248121,1.360504
93,-0.260835,1.349223
94,-0.272887,1.337237
95,-0.284237,1.324584
96,-0.294850,1.311306
97,-0.304689,1.297446
98,-0.313724,1.283049
99,-0.321925,1.268161
100,-0.329266,1.252830
101,-0.335723,1.237107
102,-0.337502,1.232703
103,-0.337502,1.232703
104,-0.337502,1.232703
105,-0.337502,1.232703
106,-0.337502,1.232703
107,-0.337502,1.232703
108,-0.337502,1.232703
109,-0.337502,1.232703
110,-0.337502,1.232703
111,-0.337502,1.232703
112,-0.337502,1.232703
113,-0.337502,1.232703
114,-0.337502,1.232703
115,-0.349635,1.234389
116,-0.366601,1.235371
117,-0.383598,1.235331
118,-0.388348,1.235293
119,-0.399572,1.230385
120,-0.414547,1.222351
121,-0.429014,1.213428
122,-0.442951,1.203698
123,-0.456311,1.193189
124,-0.469051,1.181938
125,-0.481131,1.169980
126,-0.492511,1.157355
127,-0.503155,1.144102
128,-0.513027,1.130265
129,-0.522096,1.115889
130,-0.530332,1.101020
131,-0.532610,1.096852
132,-0.532610,1.096852
133,-0.532610,1.096852
134,-0.532610,1.096852
135,-0.532610,1.096852
136,-0.532610,1.096852
137,-0.532610,1.096852
138,-0.532610,1.096852
139,-0.532610,1.096852
140,-0.532610,1.096852
141,-0.532610,1.096852
142,-0.532610,1.096852
143,-0.532610,1.096852
144,-0.544466,1.099933
145,-0.561203,1.102876
146,-0.578090,1.104807
147,-0.595060,1.105775
148,-0.612058,1.105775
149,-0.629028,1.104808
150,-0.645915,1.102877
151,-0.662666,1.099989
152,-0.679224,1.096152
153,-0.695538,1.091380
154,-0.711554,1.085687
155,-0.727220,1.079092
156,-0.742485,1.071616
157,-0.751573,1.066456
158,-0.763284,1.059453
159,-0.776768,1.050757
160,-0.777615,1.049652
161,-0.775743,1.046468
162,-0.773817,1.042833
163,-0.771081,1.033888
164,-0.768530,1.020670
165,-0.763591,1.017636
166,-0.758298,1.019120
167,-0.753236,1.020781
168,-0.748395,1.022567
169,-0.743769,1.024451
170,-0.743204,1.024693
171,-0.743204,1.024693
172,-0.743204,1.024693
173,-0.743204,1.024693
174,-0.743204,1.024693
175,-0.743204,1.024693
176,-0.743204,1.024693
177,-0.743204,1.024693
178,-0.743712,1.029204
179,-0.744891,1.036933
180,-0.755479,1.038284
181,-0.770169,1.035764
182,-0.785407,1.032601
183,-0.801151,1.028698
184,-0.817322,1.023957
185,-0.833352,1.018302
186,-0.846792,1.014360
187,-0.860254,1.007869
188,-0.873876,1.000327
189,-0.887458,0.991800
190,-0.900979,0.982170
191,-0.914092,0.971775
192,-0.926221,0.961861
193,-0.937269,0.953019
194,-0.947776,0.951074
195,-0.955381,0.953654
196,-0.960988,0.954529
197,-0.966017,0.954686
198,-0.970853,0.954423
199,-0.975666,0.953881
200,-0.980342,0.953050
201,-0.984967,0.951923
202,-0.989521,0.950525
203,-0.993989,0.948866
204,-0.998356,0.946955
205,-1.002646,0.944664
206,-1.006745,0.942250
207,-1.010787,0.939620
208,-1.014604,0.936799
209,-1.018252,0.933739
210,-1.021719,0.930466
211,-1.024994,0.926999
212,-1.028071,0.923206
213,-1.030886,0.919374
214,-1.033506,0.915391
215,-1.035968,0.911235
216,-1.038150,0.907016
217,-1.040069,0.902655
218,-1.041685,0.898122
219,-1.043096,0.893547
220,-1.044181,0.888778
221,-1.045013,0.884094
222,-1.045603,0.879363
223,-1.045930,0.874602
224,-1.046057,0.869794
225,-1.045784,0.865001
226,-1.045302,0.860234
227,-1.044549,0.855516
228,-1.043412,0.850767
229,-1.042094,0.846198
230,-1.040534,0.841692
231,-1.038769,0.837215
232,-1.036729,0.832912
233,-1.034349,0.828717
234,-1.031813,0.824658
235,-1.029055,0.820760
236,-1.027686,0.822947
237,-1.028167,0.826823
238,-1.029738,0.831013
239,-1.031914,0.835222
240,-1.034483,0.839343
241,-1.037353,0.843371
242,-1.040471,0.847188
243,-1.043813,0.850821
244,-1.047363,0.854256
245,-1.051048,0.857445
246,-1.055010,0.860540
247,-1.059099,0.863329
248,-1.063334,0.865873
249,-1.067704,0.868171
250,-1.072219,0.870251
251,-1.076820,0.872036
252,-1.081513,0.873555
253,-1.086286,0.874802
254,-1.091122,0.875775
255,-1.096041,0.876473
256,-1.100932,0.876886
257,-1.105883,0.877063
258,-1.110819,0.876917
259,-1.115735,0.876490
260,-1.120616,0.875783
261,-1.125488,0.874841
262,-1.130272,0.873580
263,-1.134966,0.872051
264,-1.139515,0.870289
265,-1.144042,0.868246
266,-1.148465,0.865983
267,-1.152703,0.863443
268,-1.156780,0.860673
269,-1.160690,0.857679
270,-1.164423,0.854469
271,-1.168021,0.851065
272,-1.171373,0.847433
273,-1.174550,0.843596
274,-1.177458,0.839613
275,-1.180132,0.835473
276,-1.182623,0.831186
277,-1.184854,0.826724
278,-1.186785,0.822183
279,-1.188453,0.817545
280,-1.189853,0.812820
281,-1.191038,0.808005
282,-1.191924,0.803104
283,-1.192470,0.798333
284,-1.192796,0.793388
285,-1.192831,0.788462
286,-1.192635,0.783513
287,-1.192131,0.778577
288,-1.191322,0.773720
289,-1.190239,0.768920
290,-1.188883,0.764190
291,-1.187300,0.759504
292,-1.185416,0.754901
293,-1.183274,0.750466
294,-1.180880,0.746164
295,-1.178247,0.742007
296,-1.175404,0.737958
297,-1.172305,0.734077
298,-1.168998,0.730426
299,-1.165490,0.726973
300,-1.161792,0.723725
301,-1.157927,0.720636
302,-1.153851,0.717779
303,-1.149649,0.715206
304,-1.145367,0.712901
305,-1.140885,0.710792
306,-1.136272,0.708879
307,-1.131599,0.707309
308,-1.126854,0.706014
309,-1.122046,0.704990
310,-1.117170,0.704190
311,-1.112214,0.703691
312,-1.107298,0.703503
313,-1.102385,0.703595
314,-1.097486,0.703966
315,-1.092573,0.704576
316,-1.087690,0.705508
317,-1.082921,0.706710
318,-1.078231,0.708183
319,-1.073577,0.709901
320,-1.069083,0.711897
321,-1.064712,0.714146
322,-1.060477,0.716639
323,-1.056438,0.719328
324,-1.052417,0.722269
325,-1.048647,0.725447
326,-1.045077,0.728824
327,-1.041707,0.732393
328,-1.038547,0.736146
329,-1.035552,0.740067
330,-1.032829,0.744168
331,-1.030351,0.748408
332,-1.028120,0.752778
333,-1.026142,0.757267
334,-1.024368,0.761869
335,-1.022908,0.766570
336,-1.021727,0.771337
337,-1.020789,0.776199
338,-1.020159,0.781068
339,-1.019758,0.785988
340,-1.019687,0.790915
341,-1.019897,0.795826
342,-1.020357,0.800676
343,-1.021103,0.805566
344,-1.022091,0.810406
345,-1.023395,0.815153
346,-1.024954,0.819849
347,-1.026783,0.824400
348,-1.028868,0.828836
349,-1.031174,0.833193
350,-1.033762,0.837419
351,-1.036574,0.841441
352,-1.039611,0.845291
353,-1.042861,0.848961
354,-1.046301,0.852493
355,-1.049975,0.855827
356,-1.053809,0.858893
357,-1.057806,0.861733
358,-1.061957,0.864339
359,-1.066261,0.866762
360,-1.070716,0.868920
361,-1.075200,0.870764
362,-1.079860,0.872394
363,-1.084571,0.873778
364,-1.089413,0.874896
365,-1.094252,0.875695
366,-1.099123,0.876215
367,-1.104013,0.876458
368,-1.108932,0.876469
369,-1.113870,0.876175
370,-1.118735,0.875579
371,-1.123553,0.874709
372,-1.128314,0.873565
373,-1.133106,0.872522
374,-1.137743,0.870876
375,-1.142256,0.868949
376,-1.146649,0.866765
377,-1.150908,0.864330
378,-1.155022,0.861657
379,-1.158977,0.858751
380,-1.162714,0.855673
381,-1.166350,0.852336
382,-1.169762,0.848811
383,-1.172962,0.845102
384,-1.175944,0.841221
385,-1.178700,0.837177
386,-1.181220,0.832982
387,-1.183496,0.828651
388,-1.185522,0.824199
389,-1.187322,0.819591
390,-1.188827,0.814934
391,-1.190064,0.810203
392,-1.191059,0.805378
393,-1.191748,0.800540
394,-1.192158,0.795671
395,-1.192342,0.790760
396,-1.192198,0.785858
397,-1.191781,0.780926
398,-1.191075,0.776082
399,-1.190119,0.771337
400,-1.188910,0.766556
401,-1.187389,0.761853
402,-1.185631,0.757329
403,-1.183650,0.752851
404,-1.181376,0.748514
405,-1.178863,0.744326
406,-1.176117,0.740290
407,-1.173148,0.736418
408,-1.169987,0.732677
409,-1.166584,0.729150
410,-1.162995,0.725836
411,-1.159227,0.722733
412,-1.155291,0.719851
413,-1.151207,0.717148
414,-1.146953,0.714719
415,-1.142579,0.712545
416,-1.138093,0.710625
417,-1.133508,0.708964
418,-1.128877,0.707509
419,-1.124050,0.706347
420,-1.119276,0.705495
421,-1.114445,0.704904
422,-1.109586,0.704589
423,-1.104701,0.704505
424,-1.099810,0.704740
425,-1.094959,0.705257
426,-1.090150,0.706047
427,-1.085397,0.707108
428,-1.080691,0.708397
429,-1.076061,0.709994
430,-1.071551,0.711849
431,-1.067158,0.713954
432,-1.062895,0.716303
433,-1.058735,0.718858
434,-1.054744,0.721685
435,-1.050936,0.724726
436,-1.047311,0.727974
437,-1.043892,0.731377
438,-1.040593,0.734989
439,-1.037543,0.738808
440,-1.034738,0.742786
441,-1.032165,0.746911
442,-1.029787,0.751198
443,-1.027660,0.755569
444,-1.025803,0.760089
445,-1.024225,0.764691
446,-1.022879,0.769398
447,-1.021830,0.774138
448,-1.021008,0.778930
449,-1.020495,0.783780
450,-1.020265,0.788633
451,-1.020281,0.793526
452,-1.020598,0.798364
453,-1.021145,0.803181
454,-1.021997,0.807980
455,-1.023108,0.812737
456,-1.024491,0.817378
457,-1.026103,0.821876
458,-1.027943,0.826376
459,-1.030067,0.830748
460,-1.032416,0.835011
461,-1.034989,0.839079
462,-1.037778,0.842994
463,-1.040773,0.846745
464,-1.043942,0.850379
465,-1.047297,0.853843
466,-1.050794,0.857073
467,-1.054428,0.860115
468,-1.058174,0.862973
469,-1.061906,0.865762
470,-1.065836,0.868283
471,-1.069795,0.870662
472,-1.073765,0.872914
473,-1.077721,0.875067
474,-1.081656,0.877199
475,-1.085502,0.879285
476,-1.089259,0.881421
477,-1.092898,0.883690
478,-1.093324,0.885256
479,-1.090362,0.886744
480,-1.087282,0.888930
481,-1.084624,0.891775
482,-1.081352,0.894596
483,-1.077595,0.897319
484,-1.073804,0.900160
485,-1.070120,0.903185
486,-1.066515,0.906458
487,-1.063157,0.909856
488,-1.060012,0.913449
489,-1.057081,0.917217
490,-1.054369,0.921148
491,-1.051886,0.925227
492,-1.049687,0.929558
493,-1.047743,0.933955
494,-1.045994,0.938411
495,-1.044500,0.942950
496,-1.043188,0.947578
497,-1.042214,0.952244
498,-1.041587,0.957081
499,-1.041262,0.961846
500,-1.041121,0.966645
501,-1.041245,0.971426
502,-1.041639,0.976187
503,-1.042266,0.980975
504,-1.043168,0.985647
505,-1.044358,0.990266
506,-1.045937,0.994860
507,-1.047743,0.999312
508,-1.049726,1.003670
509,-1.051947,1.007901
510,-1.054402,1.011998
511,-1.057058,1.016013
512,-1.059947,1.019804
513,-1.063216,1.023417
514,-1.066627,1.026819
515,-1.070150,1.030059
516,-1.073843,1.033090
517,-1.077700,1.035905
518,-1.081709,1.038567
519,-1.085848,1.040930
520,-1.090262,1.043023
521,-1.094695,1.044781
522,-1.099223,1.046388
523,-1.103812,1.047738
524,-1.108463,1.048826
525,-1.113194,1.049715
526,-1.117927,1.050277
527,-1.122690,1.050558
528,-1.127568,1.050474
529,-1.132347,1.050103
530,-1.137105,1.049549
531,-1.141814,1.048734
532,-1.146515,1.047710
533,-1.151092,1.046379
534,-1.155588,1.044780
535,-1.159987,1.042924
536,-1.164306,1.040617
537,-1.168467,1.038243
538,-1.172484,1.035655
539,-1.176418,1.032888
540,-1.180112,1.029879
541,-1.183627,1.026654
542,-1.186953,1.023230
543,-1.190080,1.019479
544,-1.192927,1.015620
545,-1.195616,1.011662
546,-1.198078,1.007568
547,-1.200386,1.003347
548,-1.202371,0.999016
549,-1.204099,0.994569
550,-1.205570,0.990027
551,-1.206382,0.985182
552,-1.207272,0.980483
553,-1.207930,0.975755
554,-1.208329,0.971002
555,-1.208525,0.966199
556,-1.208397,0.961441
557,-1.207987,0.956693
558,-1.207304,0.951974
559,-1.206352,0.947300
560,-1.205135,0.942686
561,-1.203658,0.938149
562,-1.201963,0.933641
563,-1.199998,0.929305
564,-1.197772,0.925087
565,-1.195305,0.921002
566,-1.192607,0.917063
567,-1.189613,0.913290
568,-1.186478,0.909671
569,-1.183151,0.906172
570,-1.179665,0.902936
571,-1.175979,0.899913
572,-1.172120,0.897107
573,-1.167963,0.894546
574,-1.163733,0.892277
575,-1.159433,0.890178
576,-1.155032,0.888324
577,-1.150512,0.886653
578,-1.145951,0.885296
579,-1.141306,0.884215
580,-1.136603,0.883403
581,-1.131701,0.883005
582,-1.126930,0.882770
583,-1.122156,0.882786
584,-1.117391,0.883067
585,-1.112605,0.883554
586,-1.107909,0.884362
587,-1.103263,0.885447
588,-1.098693,0.886869
589,-1.094107,0.888615
590,-1.089723,0.890499
591,-1.085447,0.892618
592,-1.081228,0.894941
593,-1.077219,0.897508
594,-1.073365,0.900315
595,-1.069676,0.903343
596,-1.066177,0.906775
597,-1.062873,0.910250
598,-1.059763,0.913876
599,-1.056791,0.917688
600,-1.054093,0.921597
601,-1.051637,0.925678
602,-1.049421,0.929902
603,-1.047451,0.934248
604,-1.045867,0.938883
605,-1.044422,0.943499
606,-1.043231,0.948132
607,-1.042300,0.952814
608,-1.041554,0.957561
609,-1.041152,0.962303
610,-1.041030,0.967069
611,-1.041182,0.971836
612,-1.041703,0.976699
613,-1.042447,0.981395
614,-1.043429,0.986059
615,-1.044668,0.990667
616,-1.046192,0.995278
617,-1.047926,0.999726
618,-1.049922,1.004060
619,-1.052165,1.008271
620,-1.054645,1.012348
621,-1.057498,1.016294
622,-1.060440,1.020040
623,-1.063659,1.023600
624,-1.067005,1.027102
625,-1.070519,1.030321
626,-1.074222,1.033325
627,-1.078094,1.036112
628,-1.082269,1.038652
629,-1.086440,1.040935
630,-1.090736,1.043003
631,-1.095194,1.044776
632,-1.099740,1.046442
633,-1.104317,1.047775
634,-1.108967,1.048834
635,-1.113671,1.049622
636,-1.118545,1.050066
637,-1.123293,1.050259
638,-1.128059,1.050212
639,-1.132842,1.049830
640,-1.137654,1.049328
641,-1.142349,1.048496
642,-1.146988,1.047389
643,-1.151556,1.046016
644,-1.156039,1.044385
645,-1.160472,1.042360
646,-1.164720,1.040209
647,-1.168827,1.037757
648,-1.172929,1.035157
649,-1.176778,1.032347
650,-1.180451,1.029308
651,-1.183943,1.026060
652,-1.187244,1.022617
653,-1.190318,1.018846
654,-1.193184,1.015041
655,-1.195841,1.011079
656,-1.198310,1.006886
657,-1.200526,1.002663
658,-1.202480,0.998313
659,-1.204178,0.993856
660,-1.205551,0.989172
661,-1.206689,0.984554
662,-1.207584,0.979871
663,-1.208219,0.975143
664,-1.208578,0.970276
665,-1.208705,0.965515
666,-1.208538,0.960752
667,-1.208092,0.956005
668,-1.207261,0.951183
669,-1.206232,0.946542
670,-1.204963,0.941949
671,-1.203442,0.937428
672,-1.201592,0.933007
673,-1.199610,0.928590
674,-1.197358,0.924385
675,-1.194862,0.920322
676,-1.192136,0.916409
677,-1.189038,0.912648
678,-1.185868,0.909097
679,-1.182506,0.905716
680,-1.178939,0.902453
681,-1.175182,0.899485
682,-1.171298,0.896708
683,-1.167261,0.894166
684,-1.163086,0.891861
685,-1.158642,0.889857
686,-1.154229,0.888073
687,-1.149719,0.886527
688,-1.145085,0.885301
689,-1.140347,0.884186
690,-1.135650,0.883401
691,-1.130910,0.882902
692,-1.126148,0.882679
693,-1.121266,0.882838
694,-1.116525,0.883198
695,-1.111798,0.883808
696,-1.107108,0.884680
697,-1.102387,0.885854
698,-1.097817,0.887221
699,-1.093343,0.888866
700,-1.088972,0.890770
701,-1.084645,0.893063
702,-1.080563,0.895494
703,-1.076597,0.898134
704,-1.072778,0.900989
705,-1.069145,0.904137
706,-1.065570,0.907398
707,-1.062280,0.910845
708,-1.059201,0.914483
709,-1.056335,0.918293
710,-1.053698,0.922421
711,-1.051334,0.926562
712,-1.049183,0.930813
713,-1.047266,0.935179
714,-1.045564,0.939739
715,-1.044132,0.944288
716,-1.042977,0.948913
717,-1.042091,0.953597
718,-1.041474,0.958325
719,-1.041225,0.963216
720,-1.041196,0.967969
721,-1.041413,0.972729
722,-1.041844,0.977534
723,-1.042640,0.982273
724,-1.043644,0.986941
725,-1.044919,0.991536
726,-1.046456,0.996049
727,-1.048247,1.000467
728,-1.050442,1.004828
729,-1.052748,1.008989
730,-1.055278,1.013029
731,-1.058011,1.017002
732,-1.061045,1.020733
733,-1.064221,1.024302
734,-1.067593,1.027673
735,-1.071152,1.030845
736,-1.075049,1.033814
737,-1.078968,1.036504
738,-1.083024,1.039001
739,-1.087215,1.041274
740,-1.091524,1.043397
741,-1.095999,1.045137
742,-1.100526,1.046676
743,-1.105124,1.047948
744,-1.109784,1.048955
745,-1.114639,1.049620
746,-1.119381,1.050030
747,-1.124140,1.050205
748,-1.128907,1.050118
749,-1.133740,1.049758
750,-1.138478,1.049153
751,-1.143163,1.048266
752,-1.147787,1.047110
753,-1.152338,1.045691
754,-1.156801,1.044016
755,-1.161214,1.041903
756,-1.165442,1.039709
757,-1.169440,1.037246
758,-1.173487,1.034640
759,-1.177318,1.031796
760,-1.180963,1.028733
761,-1.184422,1.025467
762,-1.187689,1.022008
763,-1.190753,1.018368
764,-1.193578,1.014393
765,-1.196179,1.010419
766,-1.198566,1.006304
767,-1.200721,1.002060
768,-1.202632,0.997699
769,-1.204293,0.993236
770,-1.205697,0.988685
771,-1.206841,0.984061
772,-1.207727,0.979204
773,-1.208288,0.974500
774,-1.208601,0.969754
775,-1.208651,0.964991
776,-1.208432,0.960231
777,-1.207943,0.955490
778,-1.207185,0.950783
779,-1.206160,0.946127
780,-1.204787,0.941527
781,-1.203286,0.936913
782,-1.201344,0.932444
783,-1.199280,0.928159
784,-1.196978,0.923990
785,-1.194443,0.919955
786,-1.191683,0.916070
787,-1.188706,0.912347
788,-1.185521,0.908799
789,-1.182049,0.905389
790,-1.178311,0.902181
791,-1.174566,0.899255
792,-1.170657,0.896536
793,-1.166600,0.894041
794,-1.162406,0.891779
795,-1.158089,0.889759
796,-1.153664,0.887987
797,-1.149145,0.886470
798,-1.144485,0.885277
799,-1.139577,0.884295
800,-1.134892,0.883571
801,-1.130157,0.883124
802,-1.125399,0.882951
803,-1.120636,0.883049
804,-1.115885,0.883418
805,-1.111162,0.884058
806,-1.106483,0.884965
807,-1.101760,0.886377
808,-1.097049,0.887847
809,-1.092599,0.889521
810,-1.088258,0.891465
811,-1.084033,0.893660
812,-1.079940,0.896093
813,-1.075991,0.898757
814,-1.072199,0.901642
815,-1.068577,0.904739
816,-1.065107,0.908207
817,-1.061900,0.911743
818,-1.058812,0.915530
819,-1.055968,0.919373
820,-1.053368,0.923369
821,-1.051005,0.927505
822,-1.048884,0.931770
823,-1.047008,0.936149
824,-1.045385,0.940628
825,-1.044019,0.945193
826,-1.043007,0.949990
827,-1.042129,0.954730
828,-1.041629,0.959498
829,-1.041333,0.964268
830,-1.041316,0.969035
831,-1.041571,0.973792
832,-1.042097,0.978526
833,-1.042892,0.983224
834,-1.043953,0.987869
835,-1.045439,0.992543
836,-1.047035,0.997133
837,-1.048946,1.001535
838,-1.051039,1.005825
839,-1.053374,1.009979
840,-1.055942,1.013990
841,-1.058735,1.017849
842,-1.061743,1.021542
843,-1.064958,1.025059
844,-1.068560,1.028392
845,-1.072171,1.031487
846,-1.076044,1.034518
847,-1.079962,1.037222
848,-1.084036,1.039684
849,-1.088247,1.041905
850,-1.092578,1.043882
851,-1.097016,1.045609
852,-1.101546,1.047082
853,-1.106330,1.048208
854,-1.110996,1.049113
855,-1.115772,1.049697
856,-1.120585,1.050112
857,-1.125357,1.050247
858,-1.130193,1.050155
859,-1.134948,1.049776
860,-1.139649,1.049100
861,-1.144311,1.048148
862,-1.149053,1.046772
863,-1.153569,1.045230
864,-1.157992,1.043469
865,-1.162359,1.041357
866,-1.166600,1.039105
867,-1.170678,1.036628
868,-1.174716,1.033912
869,-1.178489,1.031014
870,-1.182069,1.027891
871,-1.185466,1.024558
872,-1.188701,1.020804
873,-1.191656,1.017073
874,-1.194415,1.013193
875,-1.196937,1.009058
876,-1.199261,1.004883
877,-1.201337,1.000593
878,-1.203265,0.996112
879,-1.204848,0.991639
880,-1.206156,0.987069
881,-1.207198,0.982425
882,-1.207864,0.977537
883,-1.208329,0.972805
884,-1.208475,0.967962
885,-1.208432,0.963183
886,-1.208117,0.958427
887,-1.207532,0.953701
888,-1.206726,0.948892
889,-1.205621,0.944276
890,-1.204237,0.939725
891,-1.202435,0.935155
892,-1.200447,0.930767
893,-1.198164,0.926484
894,-1.195757,0.922345
895,-1.193127,0.918365
896,-1.190277,0.914544
897,-1.187207,0.910805
898,-1.183942,0.907291
899,-1.180492,0.904019
900,-1.176847,0.900950
901,-1.173030,0.898094
902,-1.168688,0.895506
903,-1.164483,0.893082
904,-1.160212,0.890925
905,-1.155833,0.889018
906,-1.151352,0.887363
907,-1.146785,0.885967
908,-1.142060,0.884730
909,-1.137371,0.883862
910,-1.132628,0.883274
911,-1.127594,0.883084
912,-1.122659,0.883193
913,-1.117743,0.883460
914,-1.112945,0.883999
915,-1.108191,0.884813
916,-1.103488,0.885901
917,-1.098774,0.887226
918,-1.094088,0.888872
919,-1.089578,0.890797
920,-1.085162,0.893009
921,-1.080685,0.895813
922,-1.076372,0.898847
923,-1.072174,0.902056
924,-1.068141,0.905568
925,-1.064257,0.909426
926,-1.060533,0.913660
927,-1.056901,0.918213
928,-1.053562,0.923292
929,-1.050602,0.929150
930,-1.049439,0.930568
931,-1.050187,0.935931
932,-1.050824,0.942782
933,-1.050344,0.948017
934,-1.049724,0.952892
935,-1.049239,0.957679
936,-1.048981,0.962451
937,-1.048981,0.967220
938,-1.049248,0.971978
939,-1.049784,0.976713
940,-1.050588,0.981410
941,-1.051659,0.986055
942,-1.052992,0.990631
943,-1.054690,0.995175
944,-1.056554,0.999550
945,-1.058656,1.003826
946,-1.060997,1.007980
947,-1.063531,1.012061
948,-1.066317,1.015923
949,-1.069449,1.019650
950,-1.072686,1.023125
951,-1.076111,1.026438
952,-1.079719,1.029559
953,-1.083498,1.032472
954,-1.087433,1.035233
955,-1.091511,1.037704
956,-1.095730,1.039933
957,-1.100195,1.041853
958,-1.104645,1.043565
959,-1.109188,1.045030
960,-1.113828,1.046301
961,-1.118501,1.047253
962,-1.123228,1.047929
963,-1.127988,1.048332
964,-1.132837,1.048376
965,-1.137605,1.048217
966,-1.142407,1.047843
967,-1.147149,1.047104
968,-1.151843,1.046146
969,-1.156465,1.044922
970,-1.161051,1.043331
971,-1.165485,1.041575
972,-1.169885,1.039585
973,-1.174092,1.037314
974,-1.178196,1.034833
975,-1.182138,1.032125
976,-1.185931,1.029079
977,-1.189507,1.025930
978,-1.192915,1.022586
979,-1.196132,1.019053
980,-1.199192,1.015300
981,-1.202000,1.011425
982,-1.204574,1.007397
983,-1.206868,1.003123
984,-1.208944,0.998828
985,-1.210782,0.994420
986,-1.212314,0.989875
987,-1.213717,0.985240
988,-1.214795,0.980584
989,-1.215522,0.975781
990,-1.216028,0.971042
991,-1.216274,0.966274
992,-1.216251,0.961496
993,-1.215890,0.956809
994,-1.215391,0.952010
995,-1.214497,0.947206
996,-1.213382,0.942588
997,-1.212021,0.938025
998,-1.210407,0.933540
999,-1.208541,0.929152
1000,-1.206429,0.924876
1001,-1.204077,0.920726
1002,-1.201492,0.916716
1003,-1.198564,0.912850
1004,-1.195530,0.909179
1005,-1.192294,0.905675
1006,-1.188863,0.902357
1007,-1.185249,0.899238
1008,-1.181463,0.896328
1009,-1.177382,0.893599
1010,-1.173309,0.891162
1011,-1.169086,0.888953
1012,-1.164737,0.886985
1013,-1.160280,0.885267
1014,-1.155732,0.883805
1015,-1.151107,0.882604
1016,-1.146200,0.881756
1017,-1.141480,0.881109
1018,-1.136723,0.880725
1019,-1.131950,0.880611
1020,-1.127176,0.880768
1021,-1.122418,0.881197
1022,-1.117633,0.881867
1023,-1.112950,0.882864
1024,-1.108320,0.884091
1025,-1.103722,0.885695
1026,-1.099299,0.887464
1027,-1.094970,0.889475
1028,-1.090758,0.891725
1029,-1.086678,0.894212
1030,-1.082661,0.896959
1031,-1.078879,0.899881
1032,-1.075276,0.903146
1033,-1.071892,0.906499
1034,-1.068689,0.910038
1035,-1.065688,0.913753
1036,-1.062941,0.917688
1037,-1.060365,0.921741
1038,-1.058030,0.925917
1039,-1.055937,0.930276
1040,-1.054121,0.934637
1041,-1.052554,0.939129
1042,-1.051245,0.943715
1043,-1.050259,0.948405
1044,-1.049472,0.953144
1045,-1.048957,0.957898
1046,-1.048714,0.962668
1047,-1.048742,0.967442
1048,-1.049042,0.972207
1049,-1.049613,0.976948
1050,-1.050452,0.981649
1051,-1.051632,0.986325
1052,-1.053000,0.990914
1053,-1.054623,0.995408
1054,-1.056499,0.999801
1055,-1.058743,1.004123
1056,-1.061126,1.008244
1057,-1.063732,1.012242
1058,-1.066623,1.016067
1059,-1.069681,1.019775
1060,-1.072929,1.023289
1061,-1.076356,1.026677
1062,-1.080092,1.029796
1063,-1.083888,1.032660
1064,-1.087844,1.035325
1065,-1.091948,1.037767
1066,-1.096259,1.039938
1067,-1.100624,1.041910
1068,-1.105101,1.043694
1069,-1.109635,1.045163
1070,-1.114355,1.046286
1071,-1.119034,1.047194
1072,-1.123763,1.047843
1073,-1.128552,1.048160
1074,-1.133354,1.048273
1075,-1.138177,1.048172
1076,-1.143024,1.047663
1077,-1.147722,1.046927
1078,-1.152387,1.045940
1079,-1.156996,1.044694
1080,-1.161511,1.043123
1081,-1.165991,1.041351
1082,-1.170394,1.039381
1083,-1.174607,1.037143
1084,-1.178702,1.034533
1085,-1.182608,1.031804
1086,-1.186365,1.028861
1087,-1.189952,1.025708
1088,-1.193329,1.022291
1089,-1.196630,1.018761
1090,-1.199637,1.015055
1091,-1.202387,1.011055
1092,-1.204923,1.007020
1093,-1.207235,1.002844
1094,-1.209310,0.998544
1095,-1.211082,0.994089
1096,-1.212728,0.989516
1097,-1.214017,0.984818
1098,-1.215029,0.980176
1099,-1.215795,0.975471
1100,-1.216297,0.970725
1101,-1.216530,0.965956
1102,-1.216492,0.961181
1103,-1.216118,0.956382
1104,-1.215592,0.951578
1105,-1.214650,0.946811
1106,-1.213517,0.942188
1107,-1.212128,0.937625
1108,-1.210483,0.933143
1109,-1.208586,0.928761
1110,-1.206369,0.924485
1111,-1.204008,0.920267
1112,-1.201284,0.916241
1113,-1.198437,0.912429
1114,-1.195378,0.908770
1115,-1.192116,0.905285
1116,-1.188660,0.901990
1117,-1.184942,0.898914
1118,-1.181111,0.895951
1119,-1.177039,0.893285
1120,-1.172934,0.890896
1121,-1.168692,0.888723
1122,-1.164330,0.886788
1123,-1.159864,0.885102
1124,-1.155308,0.883672
1125,-1.150614,0.882555
1126,-1.145876,0.881581
1127,-1.141049,0.881006
1128,-1.136306,0.880667
1129,-1.131539,0.880589
1130,-1.126770,0.880778
1131,-1.122018,0.881238
1132,-1.117299,0.881967
1133,-1.112593,0.883039
1134,-1.107832,0.884357
1135,-1.103342,0.885903
1136,-1.098926,0.887691
1137,-1.094610,0.889726
1138,-1.090415,0.892002
1139,-1.086354,0.894513
1140,-1.082443,0.897251
1141,-1.078603,0.900248
1142,-1.074985,0.903540
1143,-1.071645,0.906920
1144,-1.068475,0.910480
1145,-1.065505,0.914213
1146,-1.062748,0.918110
1147,-1.060217,0.922158
1148,-1.057956,0.926409
1149,-1.055891,0.930731
1150,-1.054079,0.935152
1151,-1.052528,0.939714
1152,-1.051255,0.944270
1153,-1.050244,0.948919
1154,-1.049498,0.953628
1155,-1.049083,0.958413
1156,-1.048872,0.963201
1157,-1.048934,0.967977
1158,-1.049266,0.972737
1159,-1.049870,0.977471
1160,-1.050741,0.982162
1161,-1.051879,0.986797
1162,-1.053278,0.991360
1163,-1.055015,0.995861
1164,-1.056924,1.000250
1165,-1.059204,1.004580
1166,-1.061629,1.008669
1167,-1.064265,1.012640
1168,-1.067118,1.016464
1169,-1.070183,1.020123
1170,-1.073451,1.023603
1171,-1.076984,1.026872
1172,-1.080636,1.029971
1173,-1.084449,1.032924
1174,-1.088554,1.035537
1175,-1.092666,1.037937
1176,-1.096913,1.040107
1177,-1.101279,1.042035
1178,-1.105802,1.043661
1179,-1.110378,1.045091
1180,-1.115013,1.046256
1181,-1.119731,1.047224
1182,-1.124554,1.047770
1183,-1.129302,1.048104
1184,-1.134071,1.048174
1185,-1.138839,1.047975
1186,-1.143637,1.047432
1187,-1.148367,1.046697
1188,-1.153102,1.045729
1189,-1.157767,1.044373
1190,-1.162257,1.042825
1191,-1.166671,1.041028
1192,-1.170981,1.038985
1193,-1.175171,1.036700
1194,-1.179227,1.034102
1195,-1.183145,1.031350
1196,-1.186965,1.028382
1197,-1.190551,1.025108
1198,-1.193894,1.021736
1199,-1.197059,1.018174
1200,-1.200023,1.014436
1201,-1.202730,1.010475
1202,-1.205272,1.006402
1203,-1.207568,1.002209
1204,-1.209619,0.997899
1205,-1.211440,0.993332
1206,-1.212957,0.988832
1207,-1.214225,0.984239
1208,-1.215234,0.979577
1209,-1.215915,0.974818
1210,-1.216395,0.970048
1211,-1.216602,0.965275
1212,-1.216593,0.960454
1213,-1.216163,0.955618
1214,-1.215534,0.950905
1215,-1.214642,0.946222
1216,-1.213486,0.941593
1217,-1.211995,0.937017
1218,-1.210320,0.932531
1219,-1.208398,0.928159
1220,-1.206061,0.923741
1221,-1.203633,0.919669
1222,-1.200983,0.915721
1223,-1.198110,0.911918
1224,-1.194954,0.908306
1225,-1.191651,0.904823
1226,-1.188170,0.901549
1227,-1.184513,0.898483
1228,-1.180688,0.895630
1229,-1.176715,0.892922
1230,-1.172603,0.890520
1231,-1.168350,0.888362
1232,-1.163788,0.886563
1233,-1.159279,0.884925
1234,-1.154709,0.883534
1235,-1.150073,0.882402
1236,-1.145333,0.881476
1237,-1.140629,0.880850
1238,-1.135878,0.880517
1239,-1.131110,0.880462
1240,-1.126230,0.880786
1241,-1.121473,0.881388
1242,-1.116751,0.882164
1243,-1.112090,0.883198
1244,-1.107498,0.884493
1245,-1.102928,0.885995
1246,-1.098518,0.887791
1247,-1.094216,0.889847
1248,-1.090038,0.892149
1249,-1.085979,0.894938
1250,-1.082090,0.897725
1251,-1.078367,0.900713
1252,-1.074744,0.903908
1253,-1.071383,0.907256
1254,-1.068224,0.910819
1255,-1.065275,0.914566
1256,-1.062545,0.918478
1257,-1.060098,0.922771
1258,-1.057864,0.926987
1259,-1.055853,0.931312
1260,-1.054085,0.935742
1261,-1.052493,0.940279
1262,-1.051230,0.944867
1263,-1.050239,0.949530
1264,-1.049518,0.954245
1265,-1.049131,0.959055
1266,-1.049057,0.963937
1267,-1.049167,0.968701
1268,-1.049538,0.973454
1269,-1.050113,0.978228
1270,-1.051009,0.982903
1271,-1.052180,0.987524
1272,-1.053616,0.992072
1273,-1.055548,0.996580
1274,-1.057561,1.000991
1275,-1.059769,1.005233
1276,-1.062195,1.009419
1277,-1.064816,1.013370
1278,-1.067687,1.017164
1279,-1.070780,1.020788
1280,-1.074076,1.024230
1281,-1.077565,1.027480
1282,-1.081390,1.030507
1283,-1.085237,1.033308
1284,-1.089236,1.035903
1285,-1.093391,1.038350
1286,-1.097715,1.040455
1287,-1.102099,1.042352
1288,-1.106579,1.043987
1289,-1.111145,1.045361
1290,-1.115937,1.046407
1291,-1.120621,1.047199
1292,-1.125353,1.047754
1293,-1.130112,1.048047
1294,-1.134926,1.048067
1295,-1.139746,1.047836
1296,-1.144496,1.047323
1297,-1.149201,1.046538
1298,-1.153852,1.045485
1299,-1.158512,1.044027
1300,-1.162989,1.042422
1301,-1.167384,1.040578
1302,-1.171738,1.038550
1303,-1.175860,1.036164
1304,-1.179928,1.033586
1305,-1.183810,1.030798
1306,-1.187519,1.027797
1307,-1.191080,1.024433
1308,-1.194373,1.020998
1309,-1.197493,1.017399
1310,-1.200414,1.013631
1311,-1.203201,1.009712
1312,-1.205682,1.005650
1313,-1.207886,1.001360
1314,-1.209894,0.997020
1315,-1.211644,0.992582
1316,-1.213088,0.987899
1317,-1.214260,0.983292
1318,-1.215204,0.978624
1319,-1.215967,0.973880
1320,-1.216397,0.969143
1321,-1.216546,0.964381
1322,-1.216351,0.959571
1323,-1.215958,0.954802
1324,-1.215296,0.950076
1325,-1.214245,0.945289
1326,-1.212993,0.940686
1327,-1.211549,0.936077
1328,-1.209850,0.931646
1329,-1.207880,0.927311
1330,-1.205578,0.923095
1331,-1.203112,0.918984
1332,-1.200426,0.915037
1333,-1.197523,0.911254
1334,-1.194409,0.907644
1335,-1.190930,0.904227
1336,-1.187426,0.900937
1337,-1.183758,0.897920
1338,-1.179908,0.895118
1339,-1.175818,0.892572
1340,-1.171656,0.890214
1341,-1.167377,0.888103
1342,-1.162988,0.886241
1343,-1.158350,0.884706
1344,-1.153779,0.883391
1345,-1.149120,0.882232
1346,-1.144436,0.881417
1347,-1.139656,0.880947
1348,-1.134866,0.880669
1349,-1.130092,0.880666
1350,-1.125331,0.880937
1351,-1.120596,0.881478
1352,-1.115799,0.882457
1353,-1.111167,0.883559
1354,-1.106524,0.884863
1355,-1.102046,0.886452
1356,-1.097647,0.888399
1357,-1.093347,0.890515
1358,-1.089193,0.892865
1359,-1.085185,0.895446
1360,-1.081331,0.898250
1361,-1.077616,0.901446
1362,-1.074141,0.904691
1363,-1.070755,0.908098
1364,-1.067644,0.911692
1365,-1.064775,0.915548
1366,-1.062080,0.919502
1367,-1.059623,0.923592
1368,-1.057406,0.927811
1369,-1.055433,0.932150
1370,-1.053786,0.936746
1371,-1.052281,0.941332
1372,-1.051069,0.945911
1373,-1.050136,0.950576
1374,-1.049537,0.955373
1375,-1.049138,0.960136
1376,-1.049015,0.964903
1377,-1.049163,0.969666
1378,-1.049696,0.974541
1379,-1.050449,0.979255
1380,-1.051431,0.983914
1381,-1.052598,0.988577
1382,-1.054082,0.993092
1383,-1.055918,0.997536
1384,-1.057924,1.001888
1385,-1.060168,1.006099
1386,-1.062646,1.010171
1387,-1.065351,1.014093
1388,-1.068450,1.017874
1389,-1.071604,1.021433
1390,-1.074957,1.024917
1391,-1.078450,1.028118
1392,-1.082240,1.031085
1393,-1.086132,1.033887
1394,-1.090160,1.036446
1395,-1.094322,1.038767
1396,-1.098609,1.040847
1397,-1.103171,1.042606
1398,-1.107669,1.044154
1399,-1.112303,1.045523
1400,-1.116941,1.046602
1401,-1.121690,1.047313
1402,-1.126456,1.047832
1403,-1.131221,1.048073
1404,-1.135986,1.048040
1405,-1.140740,1.047736
1406,-1.145576,1.047013
1407,-1.150253,1.046144
1408,-1.154882,1.045022
1409,-1.159535,1.043677
1410,-1.163971,1.041985
1411,-1.168418,1.040079
1412,-1.172688,1.037940
1413,-1.176818,1.035563
1414,-1.180884,1.032768
1415,-1.184681,1.029887
1416,-1.188324,1.026825
1417,-1.191797,1.023564
1418,-1.195164,1.020095
1419,-1.198270,1.016487
1420,-1.201111,1.012601
1421,-1.203777,1.008623
1422,-1.206199,1.004514
1423,-1.208378,1.000278
1424,-1.210250,0.995737
1425,-1.211894,0.991277
1426,-1.213301,0.986729
1427,-1.214454,0.982107
1428,-1.215422,0.977348
1429,-1.215987,0.972569
1430,-1.216350,0.967777
1431,-1.216429,0.963008
1432,-1.216234,0.958248
1433,-1.215622,0.953340
1434,-1.214838,0.948653
1435,-1.213812,0.944005
1436,-1.212530,0.939418
1437,-1.210992,0.934910
1438,-1.209249,0.930413
1439,-1.207120,0.926083
1440,-1.204832,0.921885
1441,-1.202313,0.917839
1442,-1.199567,0.913948
1443,-1.196409,0.910197
1444,-1.193221,0.906670
1445,-1.189843,0.903315
1446,-1.186281,0.900153
1447,-1.182556,0.897097
1448,-1.178554,0.894378
1449,-1.174486,0.891850
1450,-1.170298,0.889574
1451,-1.165990,0.887544
1452,-1.161384,0.885837
1453,-1.156871,0.884347
1454,-1.152278,0.883098
1455,-1.147620,0.882107
1456,-1.142913,0.881380
1457,-1.138119,0.880841
1458,-1.133290,0.880717
1459,-1.128517,0.880799
1460,-1.123766,0.881157
1461,-1.118913,0.881914
1462,-1.114205,0.882889
1463,-1.109598,0.884081
1464,-1.105059,0.885522
1465,-1.100607,0.887216
1466,-1.096131,0.889140
1467,-1.091865,0.891419
1468,-1.087755,0.893848
1469,-1.083801,0.896509
1470,-1.080009,0.899390
1471,-1.076387,0.902483
1472,-1.072935,0.906026
1473,-1.069713,0.909532
1474,-1.066683,0.913210
1475,-1.063863,0.917053
1476,-1.061153,0.921218
1477,-1.058764,0.925380
1478,-1.056641,0.929653
1479,-1.054770,0.934040
1480,-1.053153,0.938527
1481,-1.051796,0.943099
1482,-1.050795,0.947986
1483,-1.050007,0.952693
1484,-1.049470,0.957437
1485,-1.049199,0.962206
1486,-1.049174,0.967281
1487,-1.049435,0.972079
1488,-1.049990,0.976833
1489,-1.050825,0.981550
1490,-1.051931,0.986213
1491,-1.053496,0.990986
1492,-1.055219,0.995543
1493,-1.057149,0.999955
1494,-1.059325,1.004259
1495,-1.061909,1.008545
1496,-1.064648,1.012699
1497,-1.067594,1.016634
1498,-1.070783,1.020403
1499,-1.074286,1.024195
1500,-1.078020,1.027658
1501,-1.082350,1.030924
1502,-1.086714,1.033969
1503,-1.091358,1.036805
1504,-1.096403,1.039329
1505,-1.101749,1.041699
1506,-1.107458,1.043743
1507,-1.113557,1.045527
1508,-1.120126,1.046802
1509,-1.121170,1.046953
1510,-1.125279,1.047280
1511,-1.130010,1.047491
1512,-1.134778,1.047455
1513,-1.139547,1.047155
1514,-1.144295,1.046587
1515,-1.149005,1.045749
1516,-1.153703,1.044519
1517,-1.158294,1.043128
1518,-1.162794,1.041492
1519,-1.167194,1.039608
1520,-1.171479,1.037478
1521,-1.175659,1.035022
1522,-1.179699,1.032370
1523,-1.183563,1.029548
1524,-1.187254,1.026504
1525,-1.190765,1.023253
1526,-1.194052,1.019678
1527,-1.197212,1.016011
1528,-1.200125,1.012221
1529,-1.202808,1.008263
1530,-1.205259,1.004154
1531,-1.207453,0.999817
1532,-1.209352,0.995422
1533,-1.211109,0.990929
1534,-1.212568,0.986374
1535,-1.213761,0.981741
1536,-1.214686,0.977046
1537,-1.215239,0.972216
1538,-1.215669,0.967413
1539,-1.215782,0.962633
1540,-1.215619,0.957853
1541,-1.215182,0.953088
1542,-1.214328,0.948290
1543,-1.213361,0.943558
1544,-1.212132,0.938940
1545,-1.210629,0.934401
1546,-1.208866,0.929954
1547,-1.206711,0.925574
1548,-1.204427,0.921372
1549,-1.201945,0.917247
1550,-1.199225,0.913316
1551,-1.196280,0.909547
1552,-1.193076,0.905977
1553,-1.189614,0.902558
1554,-1.186076,0.899296
1555,-1.182358,0.896294
1556,-1.178470,0.893511
1557,-1.174427,0.890954
1558,-1.170113,0.888690
1559,-1.165771,0.886580
1560,-1.161369,0.884734
1561,-1.156857,0.883157
1562,-1.152258,0.881843
1563,-1.147479,0.880888
1564,-1.142758,0.880126
1565,-1.137965,0.879583
1566,-1.133197,0.879330
1567,-1.128413,0.879416
1568,-1.123544,0.879801
1569,-1.118804,0.880404
1570,-1.114100,0.881265
1571,-1.109409,0.882353
1572,-1.104832,0.883728
1573,-1.100346,0.885424
1574,-1.095908,0.887440
1575,-1.091640,0.889599
1576,-1.087446,0.891970
1577,-1.083443,0.894579
1578,-1.079598,0.897422
1579,-1.075909,0.900638
1580,-1.072442,0.903920
1581,-1.069095,0.907385
1582,-1.065992,0.911014
1583,-1.063106,0.914825
1584,-1.060473,0.918848
1585,-1.058050,0.923080
1586,-1.055889,0.927330
1587,-1.053898,0.931710
1588,-1.052203,0.936177
1589,-1.050813,0.940776
1590,-1.049641,0.945428
1591,-1.048788,0.950213
1592,-1.048126,0.954970
1593,-1.047763,0.959731
1594,-1.047729,0.964520
1595,-1.047920,0.969325
1596,-1.048378,0.974095
1597,-1.049147,0.978918
1598,-1.050141,0.983580
1599,-1.051407,0.988187
1600,-1.052990,0.992717
1601,-1.054783,0.997173
1602,-1.056910,1.001541
1603,-1.059161,1.005785
1604,-1.061670,1.009847
1605,-1.064413,1.013762
1606,-1.067433,1.017502
1607,-1.070615,1.021091
1608,-1.074103,1.024473
1609,-1.077659,1.027710
1610,-1.081389,1.030694
1611,-1.085334,1.033425
1612,-1.089406,1.035972
1613,-1.093602,1.038279
1614,-1.098017,1.040359
1615,-1.102430,1.042164
1616,-1.106950,1.043714
1617,-1.111593,1.044960
1618,-1.116277,1.045989
1619,-1.121125,1.046728
1620,-1.125857,1.047222
1621,-1.130626,1.047435
1622,-1.135422,1.047318
1623,-1.140213,1.046981
1624,-1.144963,1.046376
1625,-1.149712,1.045420
1626,-1.154389,1.044310
1627,-1.158955,1.042909
1628,-1.163440,1.041186
1629,-1.167834,1.039260
1630,-1.172127,1.036999
1631,-1.176299,1.034610
1632,-1.180284,1.031981
1633,-1.184083,1.029073
1634,-1.187767,1.025973
1635,-1.191269,1.022580
1636,-1.194582,1.019096
1637,-1.197662,1.015458
1638,-1.200527,1.011636
1639,-1.203169,1.007652
1640,-1.205550,1.003471
1641,-1.207710,0.999092
1642,-1.209649,0.994692
1643,-1.211326,0.990233
1644,-1.212738,0.985670
1645,-1.213837,0.980993
1646,-1.214720,0.976278
1647,-1.215334,0.971531
1648,-1.215640,0.966649
1649,-1.215724,0.961889
1650,-1.215519,0.957119
1651,-1.214975,0.952330
1652,-1.214223,0.947597
1653,-1.213117,0.942870
1654,-1.211818,0.938279
1655,-1.210304,0.933712
1656,-1.208510,0.929286
1657,-1.206398,0.924972
1658,-1.204093,0.920762
1659,-1.201461,0.916687
1660,-1.198703,0.912737
1661,-1.195746,0.908997
1662,-1.192563,0.905434
1663,-1.189122,0.902081
1664,-1.185427,0.898893
1665,-1.181671,0.895954
1666,-1.177740,0.893160
1667,-1.173699,0.890630
1668,-1.169504,0.888345
1669,-1.165131,0.886342
1670,-1.160580,0.884581
1671,-1.156057,0.883082
1672,-1.151449,0.881824
1673,-1.146754,0.880765
1674,-1.142009,0.880076
1675,-1.137230,0.879609
1676,-1.132447,0.879415
1677,-1.127603,0.879573
1678,-1.122797,0.879901
1679,-1.118068,0.880508
1680,-1.113368,0.881460
1681,-1.108711,0.882629
1682,-1.104088,0.884151
1683,-1.099635,0.885853
1684,-1.095214,0.887787
1685,-1.090962,0.889941
1686,-1.086865,0.892413
1687,-1.082867,0.895085
1688,-1.079019,0.898077
1689,-1.075402,0.901180
1690,-1.071949,0.904480
1691,-1.068623,0.907964
1692,-1.065554,0.911620
1693,-1.062731,0.915512
1694,-1.060098,0.919516
1695,-1.057749,0.923775
1696,-1.055614,0.928045
1697,-1.053655,0.932445
1698,-1.052049,0.936950
1699,-1.050649,0.941550
1700,-1.049517,0.946202
1701,-1.048715,0.951000
1702,-1.048151,0.955732
1703,-1.047789,0.960533
1704,-1.047735,0.965304
1705,-1.048020,0.970101
1706,-1.048523,0.974869
1707,-1.049378,0.979673
1708,-1.050449,0.984311
1709,-1.051731,0.988952
1710,-1.053284,0.993461
1711,-1.055167,0.997884
1712,-1.057245,1.002202
1713,-1.059560,1.006387
1714,-1.062218,1.010456
1715,-1.064996,1.014385
1716,-1.067971,1.018107
1717,-1.071243,1.021642
1718,-1.074650,1.025008
1719,-1.078238,1.028170
1720,-1.082114,1.031115
1721,-1.086041,1.033812
1722,-1.090117,1.036364
1723,-1.094356,1.038581
1724,-1.098715,1.040612
1725,-1.103162,1.042383
1726,-1.107698,1.043897
1727,-1.112401,1.045088
1728,-1.117092,1.046127
1729,-1.121808,1.046843
1730,-1.126596,1.047228
1731,-1.131389,1.047398
1732,-1.136172,1.047296
1733,-1.141000,1.046834
1734,-1.145781,1.046201
1735,-1.150458,1.045312
1736,-1.155092,1.044070
1737,-1.159665,1.042617
1738,-1.164201,1.040811
1739,-1.168528,1.038827
1740,-1.172757,1.036614
1741,-1.176921,1.034181
1742,-1.180852,1.031478
1743,-1.184682,1.028566
1744,-1.188321,1.025454
1745,-1.191786,1.022025
1746,-1.195002,1.018514
1747,-1.198036,1.014828
1748,-1.200927,1.010978
1749,-1.203491,1.006941
1750,-1.205879,1.002768
1751,-1.208017,0.998485
1752,-1.209860,0.993983
1753,-1.211464,0.989495
1754,-1.212885,0.984893
1755,-1.214001,0.980258
1756,-1.214785,0.975522
1757,-1.215355,0.970757
1758,-1.215653,0.965982
1759,-1.215572,0.961117
1760,-1.215306,0.956352
1761,-1.214840,0.951564
1762,-1.214053,0.946858
1763,-1.212920,0.942173
1764,-1.211591,0.937571
1765,-1.210006,0.933060
1766,-1.208034,0.928612
1767,-1.205931,0.924328
1768,-1.203636,0.920100
1769,-1.201077,0.916074
1770,-1.198217,0.912206
1771,-1.195198,0.908488
1772,-1.191979,0.904952
1773,-1.188452,0.901621
1774,-1.184848,0.898495
1775,-1.181078,0.895503
1776,-1.177092,0.892818
1777,-1.173002,0.890331
1778,-1.168781,0.888085
1779,-1.164335,0.886134
1780,-1.159890,0.884405
1781,-1.155329,0.882859
1782,-1.150676,0.881671
1783,-1.145986,0.880705
1784,-1.141256,0.880011
1785,-1.136404,0.879666
1786,-1.131640,0.879542
1787,-1.126814,0.879643
1788,-1.122050,0.880075
1789,-1.117304,0.880740
1790,-1.112615,0.881678
1791,-1.107991,0.882882
1792,-1.103402,0.884456
1793,-1.098959,0.886192
1794,-1.094613,0.888174
1795,-1.090438,0.890404
1796,-1.086302,0.892836
1797,-1.082340,0.895505
1798,-1.078535,0.898516
1799,-1.074939,0.901630
