0,1.557360,-0.300452
1,1.557360,-0.300452
2,1.557360,-0.300452
3,1.557360,-0.300452
4,1.557360,-0.300452
5,1.557360,-0.300452
6,1.557360,-0.300452
7,1.557360,-0.300452
8,1.557360,-0.300452
9,1.557360,-0.300452
10,1.552775,-0.289092
11,1.545171,-0.273894
12,1.536666,-0.259178
13,1.527337,-0.244969
14,1.517215,-0.231314
15,1.506333,-0.218257
16,1.494725,-0.205841
17,1.482429,-0.194104
18,1.469486,-0.183087
19,1.455937,-0.172824
20,1.441826,-0.163348
21,1.427198,-0.154690
22,1.412102,-0.146879
23,1.396585,-0.139939
24,1.380699,-0.133894
25,1.364495,-0.128762
26,1.348025,-0.124560
27,1.331343,-0.121302
28,1.314502,-0.118998
29,1.297558,-0.117657
30,1.280564,-0.117281
31,1.263577,-0.117873
32,1.246651,-0.119431
33,1.229841,-0.121949
34,1.213202,-0.125419
35,1.196787,-0.129831
36,1.192206,-0.131090
37,1.182623,-0.138720
38,1.170220,-0.150337
39,1.158535,-0.162681
40,1.147571,-0.175670
41,1.137364,-0.189262
42,1.134534,-0.193076
43,1.134534,-0.193076
44,1.134534,-0.193076
45,1.134534,-0.193076
46,1.134534,-0.193076
47,1.134534,-0.193076
48,1.134534,-0.193076
49,1.134534,-0.193076
50,1.134534,-0.193076
51,1.134534,-0.193076
52,1.134047,-0.180836
53,1.132013,-0.163964
54,1.128968,-0.147242
55,1.124976,-0.130720
56,1.120051,-0.114451
57,1.114208,-0.098490
58,1.107466,-0.082886
59,1.099847,-0.067692
60,1.091377,-0.052955
61,1.082081,-0.038725
62,1.071991,-0.025046
63,1.061139,-0.011963
64,1.049561,0.000481
65,1.037293,0.012246
66,1.024375,0.023293
67,1.010850,0.033589
68,0.996762,0.043097
69,0.982155,0.051789
70,0.967077,0.059636
71,0.951577,0.066612
72,0.935705,0.072695
73,0.919513,0.077866
74,0.903053,0.082106
75,0.886378,0.085403
76,0.869543,0.087746
77,0.852601,0.089128
78,0.835609,0.089543
79,0.820424,0.089191
80,0.821260,0.089459
81,0.821832,0.087097
82,0.822101,0.082006
83,0.820000,0.074920
84,0.816552,0.066088
85,0.811524,0.055607
86,0.800629,0.043998
87,0.788915,0.031681
88,0.777921,0.018718
89,0.782466,0.016726
90,0.784902,0.011707
91,0.785001,0.003274
92,0.782229,-0.008690
93,0.775699,-0.024001
94,0.769682,-0.039898
95,0.768166,-0.044316
96,0.768239,-0.044299
97,0.768239,-0.044299
98,0.768239,-0.044299
99,0.768239,-0.044299
100,0.768239,-0.044299
101,0.768239,-0.044299
102,0.768239,-0.044299
103,0.768239,-0.044299
104,0.768943,-0.032070
105,0.768556,-0.015080
106,0.773180,-0.003428
107,0.781297,0.004491
108,0.789213,0.012526
109,0.796988,0.020753
110,0.804627,0.029190
111,0.812131,0.037851
112,0.819497,0.046749
113,0.827418,0.056577
114,0.837950,0.070758
115,0.847864,0.086125
116,0.856883,0.102030
117,0.864985,0.118426
118,0.872140,0.135257
119,0.878324,0.152468
120,0.883517,0.170004
121,0.887702,0.187808
122,0.890869,0.205824
123,0.893003,0.223990
124,0.894096,0.242248
125,0.894149,0.260542
126,0.893158,0.278807
127,0.891127,0.296987
128,0.888063,0.315022
129,0.883978,0.332853
130,0.878881,0.350424
131,0.872790,0.367672
132,0.865725,0.384546
133,0.857710,0.400993
134,0.848916,0.416815
135,0.839088,0.432249
136,0.828396,0.447097
137,0.816875,0.461314
138,0.804724,0.474745
139,0.791658,0.487568
140,0.777888,0.499624
141,0.763453,0.510880
142,0.748562,0.521241
143,0.732979,0.530781
144,0.716840,0.539421
145,0.700234,0.547126
146,0.683214,0.553875
147,0.666244,0.559688
148,0.648564,0.564475
149,0.630640,0.568248
150,0.612530,0.570993
151,0.594290,0.572704
152,0.575981,0.573373
153,0.557666,0.572997
154,0.539700,0.571733
155,0.521538,0.569289
156,0.503545,0.565811
157,0.485782,0.561314
158,0.469044,0.556640
159,0.452974,0.551115
160,0.437358,0.544784
161,0.422037,0.537493
162,0.407117,0.529294
163,0.392679,0.520249
164,0.378777,0.510394
165,0.365461,0.499761
166,0.352769,0.488386
167,0.341163,0.476272
168,0.329858,0.463556
169,0.319289,0.450206
170,0.309499,0.436273
171,0.300549,0.422007
172,0.292393,0.407093
173,0.285095,0.391705
174,0.278686,0.375919
175,0.273187,0.359791
176,0.268616,0.343375
177,0.264999,0.326682
178,0.262324,0.309849
179,0.260612,0.292887
180,0.259870,0.275858
181,0.260114,0.258776
182,0.261278,0.241993
183,0.262329,0.228398
184,0.264441,0.214001
185,0.268251,0.198048
186,0.272069,0.182905
187,0.272902,0.173836
188,0.274140,0.175013
189,0.274713,0.175372
190,0.273889,0.171510
191,0.276902,0.165754
192,0.279417,0.159156
193,0.280074,0.156262
194,0.281758,0.156284
195,0.282194,0.156347
196,0.282192,0.156348
197,0.285393,0.156746
198,0.289713,0.154822
199,0.290389,0.154051
200,0.290384,0.154049
201,0.288319,0.157068
202,0.286895,0.163925
203,0.285528,0.171167
204,0.283834,0.178341
205,0.281786,0.185382
206,0.279391,0.192268
207,0.276659,0.198981
208,0.273601,0.205506
209,0.270230,0.211827
210,0.266559,0.217930
211,0.262602,0.223802
212,0.258371,0.229429
213,0.253884,0.234800
214,0.249153,0.239903
215,0.244195,0.244729
216,0.239027,0.249268
217,0.233663,0.253512
218,0.228121,0.257453
219,0.222418,0.261084
220,0.216570,0.264400
221,0.210595,0.267396
222,0.204509,0.270069
223,0.198330,0.272414
224,0.192075,0.274431
225,0.185762,0.276118
226,0.179407,0.277474
227,0.173027,0.278501
228,0.166639,0.279199
229,0.160259,0.279571
230,0.153905,0.279620
231,0.147590,0.279349
232,0.141332,0.278763
233,0.135145,0.277868
234,0.129044,0.276669
235,0.123044,0.275173
236,0.117158,0.273387
237,0.111401,0.271319
238,0.105784,0.268978
239,0.100320,0.266372
240,0.095021,0.263512
241,0.089899,0.260407
242,0.084963,0.257068
243,0.080225,0.253505
244,0.075693,0.249731
245,0.071376,0.245756
246,0.067283,0.241593
247,0.063420,0.237254
248,0.060507,0.230632
249,0.060334,0.215775
250,0.062804,0.198958
251,0.066223,0.182310
252,0.070578,0.165889
253,0.075852,0.149749
254,0.082018,0.133950
255,0.088979,0.118622
256,0.096765,0.103745
257,0.105342,0.089384
258,0.114747,0.075502
259,0.125024,0.062110
260,0.136161,0.049280
261,0.147590,0.037279
262,0.159379,0.026071
263,0.172345,0.015374
264,0.186097,0.005387
265,0.200374,-0.003793
266,0.204384,-0.006338
267,0.204384,-0.006338
268,0.208619,-0.002256
269,0.217470,0.005295
270,0.226869,0.011331
271,0.227769,0.011908
272,0.227769,0.011908
273,0.229611,0.016557
274,0.232246,0.026763
275,0.234226,0.034966
276,0.236104,0.042866
277,0.237506,0.050824
278,0.238379,0.058906
279,0.238694,0.067123
280,0.238422,0.075472
281,0.237527,0.083947
282,0.235971,0.092543
283,0.233708,0.101260
284,0.230687,0.110103
285,0.226849,0.119089
286,0.222127,0.128251
287,0.217821,0.134968
288,0.217432,0.135433
289,0.217432,0.135433
290,0.217237,0.135116
291,0.217237,0.135116
292,0.217237,0.135116
293,0.217237,0.135116
294,0.217237,0.135116
295,0.217237,0.135116
296,0.217237,0.135116
297,0.217237,0.135116
298,0.228068,0.129392
299,0.243681,0.122682
300,0.248061,0.120846
301,0.260311,0.120934
302,0.277240,0.122418
303,0.281968,0.122875
304,0.292715,0.128754
305,0.306922,0.138079
306,0.320296,0.144706
307,0.333005,0.143276
308,0.345833,0.141069
309,0.359372,0.136296
310,0.374182,0.129248
311,0.390090,0.121363
312,0.406613,0.114660
313,0.423657,0.109397
314,0.432805,0.109202
315,0.440843,0.110646
316,0.449268,0.111844
317,0.458750,0.114762
318,0.465832,0.128171
319,0.471196,0.143318
320,0.480261,0.156254
321,0.484559,0.159655
322,0.489841,0.163422
323,0.495590,0.169112
324,0.501043,0.176718
325,0.505718,0.181186
326,0.508261,0.186917
327,0.509638,0.197306
328,0.509189,0.208840
329,0.507443,0.221617
330,0.504670,0.234913
331,0.501762,0.248334
332,0.498282,0.261822
333,0.494126,0.275384
334,0.493706,0.287676
335,0.483744,0.296556
336,0.470556,0.303210
337,0.454241,0.305443
338,0.437950,0.306827
339,0.421197,0.306731
340,0.416449,0.306594
341,0.407308,0.304522
342,0.395539,0.302271
343,0.383894,0.298886
344,0.372345,0.294321
345,0.361202,0.289431
346,0.350358,0.283913
347,0.339844,0.277777
348,0.329698,0.271040
349,0.319952,0.263739
350,0.310640,0.255883
351,0.301788,0.247516
352,0.293429,0.238654
353,0.285584,0.229331
354,0.277792,0.219415
355,0.270352,0.208907
356,0.263575,0.198087
357,0.257111,0.186687
358,0.251193,0.175133
359,0.246006,0.163544
360,0.241573,0.151956
361,0.237946,0.140449
362,0.236321,0.127996
363,0.235956,0.114779
364,0.234343,0.101271
365,0.230779,0.087118
366,0.227236,0.074038
367,0.223913,0.060056
368,0.217811,0.046555
369,0.208412,0.035055
370,0.199823,0.025065
371,0.189193,0.017709
372,0.177504,0.009667
373,0.165942,0.001039
374,0.154538,-0.008194
375,0.143329,-0.018044
376,0.132353,-0.028518
377,0.122022,-0.039605
378,0.111925,-0.051277
379,0.102177,-0.063562
380,0.092823,-0.076462
381,0.083910,-0.089969
382,0.075486,-0.104074
383,0.067600,-0.118759
384,0.060303,-0.134005
385,0.053649,-0.149783
386,0.047690,-0.166061
387,0.042480,-0.182795
388,0.038075,-0.199936
389,0.034527,-0.217424
390,0.031904,-0.235172
391,0.030292,-0.253046
392,0.029701,-0.270984
393,0.030133,-0.288927
394,0.031586,-0.306817
395,0.034056,-0.324595
396,0.037535,-0.342204
397,0.042012,-0.359587
398,0.047471,-0.376687
399,0.053896,-0.393449
400,0.061266,-0.409818
401,0.069556,-0.425741
402,0.078740,-0.441166
403,0.088788,-0.456043
404,0.099668,-0.470325
405,0.111318,-0.483594
406,0.123462,-0.494930
407,0.136295,-0.505845
408,0.149806,-0.516282
409,0.163975,-0.526181
410,0.178779,-0.535480
411,0.194182,-0.544115
412,0.210143,-0.552019
413,0.226602,-0.559115
414,0.243455,-0.565281
415,0.260631,-0.570477
416,0.278076,-0.574686
417,0.295734,-0.577895
418,0.313545,-0.580093
419,0.331454,-0.581272
420,0.349401,-0.581430
421,0.365755,-0.579596
422,0.382392,-0.577083
423,0.399113,-0.573747
424,0.415863,-0.569562
425,0.432578,-0.564507
426,0.449188,-0.558565
427,0.465616,-0.551725
428,0.481767,-0.543979
429,0.497482,-0.535328
430,0.512679,-0.525795
431,0.527308,-0.515411
432,0.541322,-0.504211
433,0.554676,-0.492231
434,0.567326,-0.479508
435,0.579231,-0.466086
436,0.588590,-0.452556
437,0.597621,-0.438367
438,0.606087,-0.423573
439,0.613934,-0.408201
440,0.621101,-0.392284
441,0.627531,-0.375864
442,0.633165,-0.358990
443,0.637935,-0.341731
444,0.641735,-0.324206
445,0.644530,-0.306492
446,0.645111,-0.290248
447,0.641811,-0.280191
448,0.636510,-0.271788
449,0.632988,-0.265600
450,0.622728,-0.268287
451,0.610490,-0.278909
452,0.606119,-0.283978
453,0.599232,-0.286952
454,0.593000,-0.287579
455,0.586858,-0.287634
456,0.580684,-0.287683
457,0.574577,-0.288022
458,0.568492,-0.288692
459,0.562451,-0.289702
460,0.556477,-0.291053
461,0.550587,-0.292742
462,0.544803,-0.294763
463,0.539075,-0.297164
464,0.536373,-0.298040
465,0.538568,-0.295172
466,0.541767,-0.290361
467,0.545256,-0.284246
468,0.548615,-0.277287
469,0.551645,-0.269799
470,0.554331,-0.261920
471,0.556500,-0.253871
472,0.558206,-0.245675
473,0.559516,-0.237331
474,0.560274,-0.228958
475,0.560551,-0.220558
476,0.560335,-0.212122
477,0.559712,-0.203685
478,0.558551,-0.195351
479,0.556917,-0.187104
480,0.554797,-0.178938
481,0.552274,-0.170868
482,0.549257,-0.163013
483,0.545797,-0.155352
484,0.541908,-0.147902
485,0.537599,-0.140575
486,0.532876,-0.133611
487,0.527770,-0.126931
488,0.522294,-0.120557
489,0.516473,-0.114418
490,0.510266,-0.108691
491,0.503778,-0.103345
492,0.497015,-0.098335
493,0.489941,-0.093658
494,0.482625,-0.089485
495,0.475068,-0.085704
496,0.467319,-0.082372
497,0.459383,-0.079442
498,0.453447,-0.075469
499,0.448760,-0.071827
500,0.444301,-0.068772
501,0.439953,-0.066003
502,0.435719,-0.063608
503,0.431504,-0.061538
504,0.427358,-0.059729
505,0.426293,-0.059805
506,0.425000,-0.059677
507,0.421821,-0.059049
508,0.418616,-0.057763
509,0.415591,-0.056390
510,0.413016,-0.054390
511,0.413939,-0.053133
512,0.417554,-0.051784
513,0.422661,-0.050752
514,0.428421,-0.049721
515,0.434335,-0.048458
516,0.440238,-0.046892
517,0.446065,-0.045004
518,0.451784,-0.042790
519,0.457370,-0.040255
520,0.462804,-0.037406
521,0.468069,-0.034100
522,0.473125,-0.030640
523,0.477986,-0.026900
524,0.482631,-0.022890
525,0.487042,-0.018622
526,0.491273,-0.014115
527,0.495174,-0.009382
528,0.498761,-0.004300
529,0.501515,0.001555
530,0.501225,0.010446
531,0.499857,0.018508
532,0.495806,0.027596
533,0.487824,0.038444
534,0.476861,0.050152
535,0.464427,0.061586
536,0.451274,0.072328
537,0.437515,0.082299
538,0.423212,0.091471
539,0.408425,0.099822
540,0.393212,0.107316
541,0.377573,0.113934
542,0.361582,0.119652
543,0.345294,0.124453
544,0.328742,0.128303
545,0.312015,0.131224
546,0.295239,0.133252
547,0.278288,0.134255
548,0.264786,0.135698
549,0.257034,0.138871
550,0.250163,0.142556
551,0.240258,0.145154
552,0.230826,0.147609
553,0.222123,0.150284
554,0.214902,0.153384
555,0.209127,0.156802
556,0.203850,0.160196
557,0.198441,0.163327
558,0.193022,0.166212
559,0.187458,0.168805
560,0.181757,0.171084
561,0.175889,0.173085
562,0.169990,0.174730
563,0.163858,0.175647
564,0.157768,0.176480
565,0.151658,0.177033
566,0.145529,0.177258
567,0.139397,0.177140
568,0.133281,0.176676
569,0.127146,0.175905
570,0.121128,0.174767
571,0.115182,0.173273
572,0.109330,0.171437
573,0.103591,0.169269
574,0.097983,0.166778
575,0.092526,0.163971
576,0.087169,0.160858
577,0.082064,0.157480
578,0.077164,0.153792
579,0.072512,0.149757
580,0.068053,0.145512
581,0.063850,0.141034
582,0.059911,0.136326
583,0.056246,0.131402
584,0.052800,0.126260
585,0.049709,0.120968
586,0.047052,0.115333
587,0.044614,0.109695
588,0.042491,0.103937
589,0.040697,0.098069
590,0.039239,0.092109
591,0.038071,0.086029
592,0.037369,0.079852
593,0.037049,0.073723
594,0.036995,0.067580
595,0.037281,0.061450
596,0.037914,0.055348
597,0.038892,0.049292
598,0.040214,0.043300
599,0.041823,0.037336
600,0.044071,0.031492
601,0.046416,0.025818
602,0.049067,0.020287
603,0.052025,0.014916
604,0.055282,0.009722
605,0.058831,0.004720
606,0.062658,-0.000072
607,0.066871,-0.004718
608,0.071221,-0.008999
609,0.075873,-0.013006
610,0.080713,-0.016808
611,0.085743,-0.020326
612,0.090960,-0.023550
613,0.096350,-0.026472
614,0.101942,-0.029136
615,0.107710,-0.031374
616,0.113532,-0.033247
617,0.119477,-0.034865
618,0.125479,-0.036146
619,0.131538,-0.037084
620,0.137640,-0.037676
621,0.143765,-0.037920
622,0.150030,-0.037742
623,0.156114,-0.037286
624,0.162191,-0.036401
625,0.168230,-0.035238
626,0.174178,-0.033741
627,0.180027,-0.031910
628,0.185763,-0.029750
629,0.191399,-0.027132
630,0.196890,-0.024337
631,0.202134,-0.021173
632,0.207248,-0.017749
633,0.212144,-0.014054
634,0.216818,-0.010091
635,0.221258,-0.005868
636,0.225443,-0.001260
637,0.229396,0.003467
638,0.233043,0.008362
639,0.236360,0.013541
640,0.239430,0.018857
641,0.242190,0.024328
642,0.244634,0.029946
643,0.246753,0.035693
644,0.248464,0.041670
645,0.249939,0.047650
646,0.250980,0.053712
647,0.251742,0.059796
648,0.252154,0.065907
649,0.252218,0.072031
650,0.251932,0.078147
651,0.251298,0.084238
652,0.250193,0.090337
653,0.248900,0.096358
654,0.247155,0.102262
655,0.245153,0.108059
656,0.242827,0.113725
657,0.240184,0.119247
658,0.237230,0.124610
659,0.233838,0.129794
660,0.230300,0.134835
661,0.226485,0.139608
662,0.222304,0.144136
663,0.217948,0.148455
664,0.213363,0.152513
665,0.208555,0.156301
666,0.203409,0.159758
667,0.198168,0.163013
668,0.192812,0.165933
669,0.187278,0.168530
670,0.181540,0.170749
671,0.175727,0.172700
672,0.169822,0.174316
673,0.163736,0.175495
674,0.157697,0.176402
675,0.151548,0.177015
676,0.145455,0.177278
677,0.139318,0.177094
678,0.133202,0.176628
679,0.127135,0.175817
680,0.121051,0.174537
681,0.115149,0.173009
682,0.109324,0.171164
683,0.103606,0.168995
684,0.097969,0.166468
685,0.092510,0.163662
686,0.087236,0.160555
687,0.082152,0.157153
688,0.077268,0.153321
689,0.072643,0.149349
690,0.068229,0.145123
691,0.063982,0.140646
692,0.060099,0.135904
693,0.056448,0.130982
694,0.053091,0.125869
695,0.050032,0.120574
696,0.047352,0.114988
697,0.044945,0.109382
698,0.042846,0.103644
699,0.041050,0.097737
700,0.039590,0.091795
701,0.038486,0.085782
702,0.037731,0.079715
703,0.037426,0.073507
704,0.037487,0.067388
705,0.037797,0.061272
706,0.038442,0.055192
707,0.039390,0.049096
708,0.040694,0.043141
709,0.042355,0.037265
710,0.044355,0.031492
711,0.047045,0.025922
712,0.049803,0.020448
713,0.052788,0.015117
714,0.056050,0.009955
715,0.059599,0.004908
716,0.063383,0.000143
717,0.067459,-0.004393
718,0.071795,-0.008688
719,0.076371,-0.012729
720,0.081171,-0.016503
721,0.086179,-0.019998
722,0.091379,-0.023203
723,0.096753,-0.026107
724,0.102308,-0.028772
725,0.107962,-0.031056
726,0.113799,-0.032940
727,0.119711,-0.034557
728,0.125690,-0.035834
729,0.131727,-0.036769
730,0.137807,-0.037358
731,0.143911,-0.037599
732,0.150071,-0.037550
733,0.156155,-0.037109
734,0.162301,-0.036098
735,0.168295,-0.034922
736,0.174214,-0.033425
737,0.180040,-0.031597
738,0.185754,-0.029442
739,0.191336,-0.026965
740,0.196840,-0.024218
741,0.202071,-0.021063
742,0.207172,-0.017504
743,0.212032,-0.013814
744,0.216682,-0.009861
745,0.221102,-0.005652
746,0.225277,-0.001198
747,0.229192,0.003486
748,0.232905,0.008416
749,0.236007,0.013742
750,0.238976,0.019093
751,0.241696,0.024555
752,0.244119,0.030152
753,0.246226,0.035874
754,0.248006,0.041707
755,0.249451,0.047633
756,0.250558,0.053631
757,0.251383,0.059729
758,0.251815,0.065803
759,0.251885,0.071900
760,0.251604,0.077993
761,0.250975,0.084062
762,0.250001,0.090086
763,0.248685,0.096046
764,0.246952,0.101923
765,0.244989,0.107789
766,0.242702,0.113440
767,0.240082,0.118947
768,0.237147,0.124295
769,0.233911,0.129467
770,0.230385,0.134447
771,0.226581,0.139219
772,0.222291,0.143707
773,0.217921,0.148082
774,0.213382,0.152138
775,0.208603,0.155921
776,0.203612,0.159422
777,0.198427,0.162634
778,0.193067,0.165546
779,0.187549,0.168147
780,0.181760,0.170347
781,0.175918,0.172210
782,0.169995,0.173897
783,0.164044,0.175191
784,0.158022,0.176133
785,0.151955,0.176728
786,0.145862,0.176976
787,0.139765,0.176875
788,0.133598,0.176295
789,0.127570,0.175395
790,0.121486,0.174279
791,0.115573,0.172817
792,0.109755,0.171007
793,0.104049,0.168864
794,0.098475,0.166398
795,0.093049,0.163618
796,0.087770,0.160374
797,0.082728,0.156974
798,0.077810,0.153204
799,0.073137,0.149286
800,0.068717,0.145098
801,0.064545,0.140658
802,0.060634,0.135986
803,0.056995,0.131097
804,0.053683,0.125852
805,0.050738,0.120534
806,0.047986,0.115056
807,0.045484,0.109410
808,0.043350,0.103726
809,0.041563,0.097910
810,0.040115,0.091995
811,0.039009,0.086005
812,0.038245,0.079960
813,0.037954,0.073785
814,0.037987,0.067677
815,0.038276,0.061572
816,0.038870,0.055428
817,0.039812,0.049429
818,0.041118,0.043487
819,0.042767,0.037626
820,0.044750,0.031868
821,0.047215,0.026201
822,0.049935,0.020751
823,0.052897,0.015392
824,0.056137,0.010226
825,0.059650,0.005181
826,0.063425,0.000424
827,0.067486,-0.004106
828,0.071803,-0.008397
829,0.076514,-0.012391
830,0.081301,-0.016134
831,0.086364,-0.019568
832,0.091561,-0.022775
833,0.096917,-0.025678
834,0.102436,-0.028355
835,0.108070,-0.030632
836,0.113834,-0.032576
837,0.119824,-0.034079
838,0.125769,-0.035324
839,0.131819,-0.036168
840,0.137903,-0.036751
841,0.143991,-0.036990
842,0.150076,-0.036884
843,0.156200,-0.036488
844,0.162223,-0.035705
845,0.168263,-0.034414
846,0.174143,-0.032906
847,0.179921,-0.030998
848,0.185653,-0.028826
849,0.191223,-0.026353
850,0.196636,-0.023572
851,0.201961,-0.020498
852,0.207017,-0.017149
853,0.211890,-0.013329
854,0.216477,-0.009372
855,0.220863,-0.005169
856,0.224970,-0.000650
857,0.228884,0.004046
858,0.232514,0.008935
859,0.235857,0.014017
860,0.238982,0.019298
861,0.241732,0.024706
862,0.244089,0.030440
863,0.246139,0.036141
864,0.247890,0.041956
865,0.249246,0.047916
866,0.250343,0.053916
867,0.251097,0.059953
868,0.251507,0.066019
869,0.251634,0.072147
870,0.251360,0.078211
871,0.250590,0.084354
872,0.249571,0.090325
873,0.248157,0.096225
874,0.246473,0.102128
875,0.244482,0.107883
876,0.242172,0.113506
877,0.239565,0.119070
878,0.236655,0.124385
879,0.233427,0.129526
880,0.229723,0.134496
881,0.225901,0.139194
882,0.221825,0.143692
883,0.217410,0.147936
884,0.212845,0.151967
885,0.208069,0.155725
886,0.203052,0.159287
887,0.197910,0.162482
888,0.192573,0.165368
889,0.186926,0.167856
890,0.181289,0.170074
891,0.175530,0.171987
892,0.169610,0.173506
893,0.163645,0.174767
894,0.157637,0.175687
895,0.151524,0.176319
896,0.145476,0.176570
897,0.139412,0.176457
898,0.133283,0.175840
899,0.127281,0.175006
900,0.121326,0.173841
901,0.115428,0.172255
902,0.109622,0.170423
903,0.103942,0.168271
904,0.098297,0.165796
905,0.092907,0.163046
906,0.087655,0.159781
907,0.082655,0.156377
908,0.077835,0.152701
909,0.073255,0.148670
910,0.068850,0.144450
911,0.064706,0.140007
912,0.060826,0.135342
913,0.057219,0.130464
914,0.053812,0.125382
915,0.050847,0.119973
916,0.048168,0.114553
917,0.045781,0.108983
918,0.043777,0.103221
919,0.042018,0.097382
920,0.040597,0.091478
921,0.039515,0.085509
922,0.038775,0.079490
923,0.038311,0.073384
924,0.038398,0.067202
925,0.038736,0.061168
926,0.039400,0.055148
927,0.040491,0.049151
928,0.041833,0.043205
929,0.043501,0.037368
930,0.045496,0.031643
931,0.047813,0.026041
932,0.050409,0.020497
933,0.053527,0.015167
934,0.056790,0.010084
935,0.060330,0.005173
936,0.064204,0.000522
937,0.068338,-0.004023
938,0.072665,-0.008284
939,0.077219,-0.012284
940,0.081991,-0.016017
941,0.087033,-0.019560
942,0.092374,-0.022684
943,0.097709,-0.025495
944,0.103204,-0.028021
945,0.108838,-0.030239
946,0.114673,-0.032064
947,0.120556,-0.033639
948,0.126493,-0.034875
949,0.132483,-0.035771
950,0.138512,-0.036324
951,0.144662,-0.036580
952,0.150826,-0.036270
953,0.156842,-0.035758
954,0.162831,-0.034911
955,0.168782,-0.033629
956,0.174707,-0.032086
957,0.180481,-0.030235
958,0.186132,-0.028063
959,0.191647,-0.025573
960,0.197012,-0.022774
961,0.202298,-0.019693
962,0.207312,-0.016082
963,0.212091,-0.012392
964,0.216665,-0.008438
965,0.220990,-0.004125
966,0.225107,0.000337
967,0.228954,0.005011
968,0.232527,0.009892
969,0.235815,0.014969
970,0.238899,0.020273
971,0.241593,0.025669
972,0.243843,0.031431
973,0.245860,0.037121
974,0.247494,0.043004
975,0.248876,0.048912
976,0.249920,0.054871
977,0.250624,0.060875
978,0.250984,0.066909
979,0.251037,0.073033
980,0.250728,0.079095
981,0.250058,0.085092
982,0.248853,0.091141
983,0.247358,0.097059
984,0.245644,0.102878
985,0.243614,0.108575
986,0.241267,0.114143
987,0.238607,0.119568
988,0.235642,0.124832
989,0.232382,0.129920
990,0.228845,0.134908
991,0.224824,0.139586
992,0.220597,0.143998
993,0.216196,0.148239
994,0.211617,0.152195
995,0.206829,0.155880
996,0.201840,0.159285
997,0.196665,0.162400
998,0.191320,0.165216
999,0.185699,0.167818
1000,0.179812,0.169916
1001,0.174054,0.171721
1002,0.168046,0.173141
1003,0.162060,0.174306
1004,0.156063,0.175133
1005,0.150035,0.175616
1006,0.143990,0.175756
1007,0.137947,0.175549
1008,0.131925,0.174998
1009,0.125661,0.173943
1010,0.119686,0.172588
1011,0.113858,0.170965
1012,0.108028,0.168871
1013,0.102376,0.166588
1014,0.096878,0.163991
1015,0.091538,0.161082
1016,0.086372,0.157868
1017,0.081397,0.154357
1018,0.076627,0.150559
1019,0.071896,0.146357
1020,0.067550,0.141934
1021,0.063467,0.136897
1022,0.061464,0.135788
1023,0.061267,0.135830
1024,0.060891,0.134141
1025,0.060562,0.131718
1026,0.060355,0.129037
1027,0.060296,0.126269
1028,0.060382,0.123356
1029,0.060602,0.120579
1030,0.061010,0.117812
1031,0.061704,0.114958
1032,0.062468,0.112268
1033,0.063368,0.109612
1034,0.064413,0.107008
1035,0.065603,0.104466
1036,0.066936,0.101995
1037,0.068439,0.099511
1038,0.070018,0.097197
1039,0.071745,0.094989
1040,0.073763,0.092858
1041,0.075753,0.090885
1042,0.077847,0.089017
1043,0.080044,0.087267
1044,0.082336,0.085643
1045,0.084796,0.084177
1046,0.087253,0.082700
1047,0.089775,0.081482
1048,0.092540,0.080444
1049,0.095203,0.079580
1050,0.097911,0.078841
1051,0.100658,0.078250
1052,0.103434,0.077814
1053,0.106232,0.077536
1054,0.109096,0.077479
1055,0.111961,0.077419
1056,0.114760,0.077606
1057,0.117705,0.078064
1058,0.120452,0.078633
1059,0.123173,0.079333
1060,0.125854,0.080179
1061,0.128485,0.081174
1062,0.131057,0.082318
1063,0.133640,0.083621
1064,0.136080,0.085030
1065,0.138420,0.086590
1066,0.140665,0.088284
1067,0.142842,0.090269
1068,0.144857,0.092226
1069,0.146771,0.094289
1070,0.148568,0.096456
1071,0.150287,0.098778
1072,0.151870,0.101115
1073,0.153281,0.103550
1074,0.154542,0.106065
1075,0.155653,0.108838
1076,0.156568,0.111499
1077,0.157359,0.114201
1078,0.158004,0.116943
1079,0.158494,0.119719
1080,0.158863,0.122645
1081,0.159068,0.125438
1082,0.159085,0.128248
1083,0.158934,0.131058
1084,0.158622,0.133857
1085,0.158026,0.136759
1086,0.157371,0.139496
1087,0.156572,0.142200
1088,0.155546,0.144886
1089,0.154487,0.147596
1090,0.153290,0.150141
1091,0.151917,0.152589
1092,0.150396,0.154957
1093,0.148586,0.157319
1094,0.146743,0.159486
1095,0.144817,0.161546
1096,0.142781,0.163502
1097,0.140555,0.165319
1098,0.138293,0.167084
1099,0.135969,0.168771
1100,0.133573,0.170224
1101,0.131079,0.171530
1102,0.128509,0.172689
1103,0.125684,0.173675
1104,0.122988,0.174497
1105,0.120250,0.175186
1106,0.117475,0.175723
1107,0.114601,0.176058
1108,0.111743,0.176379
1109,0.108934,0.176455
1110,0.106116,0.176355
1111,0.103306,0.176091
1112,0.100343,0.175561
1113,0.097579,0.174926
1114,0.094858,0.174163
1115,0.092179,0.173254
1116,0.089509,0.172119
1117,0.086865,0.170994
1118,0.084386,0.169660
1119,0.081986,0.168174
1120,0.079673,0.166550
1121,0.077457,0.164795
1122,0.075266,0.162729
1123,0.073296,0.160704
1124,0.071422,0.158583
1125,0.069663,0.156269
1126,0.067910,0.153938
1127,0.066409,0.151568
1128,0.065058,0.149091
1129,0.063853,0.146534
1130,0.062795,0.143909
1131,0.061889,0.141227
1132,0.061196,0.138318
1133,0.060626,0.135546
1134,0.060243,0.132662
1135,0.059893,0.129770
1136,0.059738,0.126938
1137,0.059788,0.124120
1138,0.060007,0.121300
1139,0.060390,0.118494
1140,0.060932,0.115712
1141,0.061800,0.112815
1142,0.062683,0.110119
1143,0.063789,0.107411
1144,0.064951,0.104794
1145,0.066228,0.102148
1146,0.067649,0.099722
1147,0.069235,0.097382
1148,0.070960,0.095134
1149,0.072814,0.092987
1150,0.074787,0.090948
1151,0.077067,0.088989
1152,0.079348,0.087260
1153,0.081701,0.085503
1154,0.084096,0.083955
1155,0.086551,0.082448
1156,0.089083,0.081200
1157,0.091696,0.080103
1158,0.094372,0.079157
1159,0.097099,0.078364
1160,0.100085,0.077776
1161,0.102891,0.077335
1162,0.105752,0.077115
1163,0.108696,0.076918
1164,0.111552,0.076924
1165,0.114441,0.076998
1166,0.117248,0.077333
1167,0.120041,0.077839
1168,0.122806,0.078506
1169,0.125669,0.079453
1170,0.128382,0.080501
1171,0.130987,0.081657
1172,0.133529,0.082950
1173,0.136064,0.084473
1174,0.138462,0.086039
1175,0.140854,0.087682
1176,0.143029,0.089498
1177,0.145100,0.091451
1178,0.147057,0.093524
1179,0.148894,0.095707
1180,0.150636,0.098207
1181,0.152189,0.100604
1182,0.153617,0.103080
1183,0.154929,0.105771
1184,0.156095,0.108408
1185,0.157211,0.111127
1186,0.158050,0.113846
1187,0.158722,0.116625
1188,0.159232,0.119443
1189,0.159532,0.122546
1190,0.159680,0.125459
1191,0.159676,0.128336
1192,0.159438,0.131281
1193,0.159153,0.134262
1194,0.158761,0.137283
1195,0.158124,0.140105
1196,0.157302,0.142883
1197,0.156315,0.145615
1198,0.155168,0.148291
1199,0.153683,0.151087
1200,0.152152,0.153702
1201,0.150519,0.156169
1202,0.148644,0.158547
1203,0.146655,0.161213
1204,0.144529,0.163569
1205,0.142221,0.165786
1206,0.139723,0.167910
1207,0.137027,0.169944
1208,0.133895,0.171871
1209,0.125789,0.172388
1210,0.116667,0.172306
1211,0.109632,0.172565
1212,0.103136,0.173017
1213,0.096840,0.173150
1214,0.090587,0.172963
1215,0.084367,0.172432
1216,0.078191,0.171552
1217,0.072076,0.170324
1218,0.066040,0.168751
1219,0.060103,0.166837
1220,0.054284,0.164588
1221,0.048491,0.162004
1222,0.042957,0.159128
1223,0.037505,0.155778
1224,0.032360,0.152245
1225,0.027415,0.148435
1226,0.022692,0.144351
1227,0.018208,0.140006
1228,0.013977,0.135414
1229,0.010014,0.130587
1230,0.006253,0.125579
1231,0.002770,0.120055
1232,-0.004966,0.115852
1233,-0.013240,0.112885
1234,-0.019154,0.109396
1235,-0.024215,0.105561
1236,-0.028832,0.101436
1237,-0.033136,0.097052
1238,-0.037160,0.092428
1239,-0.040981,0.087584
1240,-0.044372,0.082339
1241,-0.047500,0.077080
1242,-0.050346,0.071663
1243,-0.052885,0.066095
1244,-0.055107,0.060392
1245,-0.057000,0.054570
1246,-0.058623,0.048615
1247,-0.059785,0.042602
1248,-0.060571,0.036406
1249,-0.061061,0.030319
1250,-0.061225,0.024207
1251,-0.061048,0.018092
1252,-0.060525,0.011995
1253,-0.059656,0.005937
1254,-0.058501,-0.000118
1255,-0.056882,-0.006030
1256,-0.054849,-0.011922
1257,-0.052609,-0.017604
1258,-0.050061,-0.023162
1259,-0.047204,-0.028570
1260,-0.044045,-0.033809
1261,-0.040592,-0.038860
1262,-0.036873,-0.043779
1263,-0.032811,-0.048380
1264,-0.028403,-0.052750
1265,-0.023891,-0.056870
1266,-0.019154,-0.060736
1267,-0.014206,-0.064329
1268,-0.009060,-0.067636
1269,-0.003699,-0.070709
1270,0.001805,-0.073368
1271,0.007575,-0.075684
1272,0.013334,-0.077720
1273,0.019201,-0.079435
1274,0.025156,-0.080817
1275,0.031181,-0.081858
1276,0.037256,-0.082555
1277,0.043362,-0.082906
1278,0.049643,-0.082784
1279,0.055739,-0.082413
1280,0.061808,-0.081707
1281,0.067829,-0.080659
1282,0.073781,-0.079271
1283,0.079646,-0.077547
1284,0.085404,-0.075492
1285,0.091010,-0.073042
1286,0.096582,-0.070265
1287,0.101862,-0.067294
1288,0.106984,-0.063996
1289,0.111916,-0.060403
1290,0.116638,-0.056532
1291,0.121134,-0.052397
1292,0.125387,-0.048012
1293,0.129384,-0.043392
1294,0.133075,-0.038481
1295,0.136531,-0.033426
1296,0.139689,-0.028192
1297,0.142544,-0.022790
1298,0.145087,-0.017234
1299,0.147309,-0.011542
1300,0.149204,-0.005731
1301,0.150611,0.000331
1302,0.151804,0.006330
1303,0.152672,0.012379
1304,0.153200,0.018465
1305,0.153383,0.024572
1306,0.153218,0.030681
1307,0.152706,0.036770
1308,0.151871,0.042892
1309,0.150240,0.048903
1310,0.148664,0.054791
1311,0.146772,0.060591
1312,0.144558,0.066279
1313,0.142026,0.071834
1314,0.139181,0.077236
1315,0.136033,0.082469
1316,0.132592,0.087515
1317,0.128875,0.092431
1318,0.124904,0.097056
1319,0.120658,0.101441
1320,0.116079,0.105548
1321,0.111347,0.109432
1322,0.106412,0.113035
1323,0.101282,0.116349
1324,0.095972,0.119365
1325,0.090471,0.122146
1326,0.084871,0.124550
1327,0.079129,0.126619
1328,0.073232,0.128288
1329,0.067262,0.129692
1330,0.061242,0.130754
1331,0.055081,0.131356
1332,0.048996,0.131701
1333,0.042834,0.131759
1334,0.036753,0.131446
1335,0.030689,0.130769
1336,0.024659,0.129663
1337,0.018687,0.128290
1338,0.012749,0.126449
1339,0.007026,0.124380
1340,0.001410,0.122007
1341,-0.004146,0.119323
1342,-0.009469,0.116369
1343,-0.014609,0.113090
1344,-0.019533,0.109436
1345,-0.024280,0.105571
1346,-0.028792,0.101453
1347,-0.033024,0.096940
1348,-0.037008,0.092333
1349,-0.040738,0.087507
1350,-0.044264,0.082453
1351,-0.047437,0.077259
1352,-0.050247,0.071806
1353,-0.052800,0.066250
1354,-0.055030,0.060567
1355,-0.056815,0.054630
1356,-0.058356,0.048737
1357,-0.059572,0.042762
1358,-0.060449,0.036725
1359,-0.060979,0.030588
1360,-0.061171,0.024459
1361,-0.061012,0.018353
1362,-0.060505,0.012274
1363,-0.059519,0.006148
1364,-0.058284,0.000197
1365,-0.056732,-0.005694
1366,-0.054853,-0.011494
1367,-0.052655,-0.017257
1368,-0.050081,-0.022810
1369,-0.047247,-0.028219
1370,-0.044109,-0.033448
1371,-0.040678,-0.038488
1372,-0.036811,-0.043310
1373,-0.032818,-0.047904
1374,-0.028572,-0.052275
1375,-0.024029,-0.056347
1376,-0.019273,-0.060314
1377,-0.014363,-0.063922
1378,-0.009247,-0.067231
1379,-0.003794,-0.070191
1380,0.001673,-0.072839
1381,0.007283,-0.075200
1382,0.013021,-0.077249
1383,0.018868,-0.078971
1384,0.024906,-0.080337
1385,0.030921,-0.081417
1386,0.036970,-0.082129
1387,0.043051,-0.082488
1388,0.049239,-0.082368
1389,0.055305,-0.081999
1390,0.061353,-0.081300
1391,0.067355,-0.080263
1392,0.073285,-0.078808
1393,0.079252,-0.077102
1394,0.084991,-0.075097
1395,0.090603,-0.072743
1396,0.096112,-0.069905
1397,0.101382,-0.066892
1398,0.106496,-0.063594
1399,0.111420,-0.060014
1400,0.116136,-0.056159
1401,0.120602,-0.051958
1402,0.124939,-0.047570
1403,0.128942,-0.043003
1404,0.132668,-0.038194
1405,0.136047,-0.033026
1406,0.139171,-0.027812
1407,0.142006,-0.022428
1408,0.144460,-0.016861
1409,0.146687,-0.011138
1410,0.148580,-0.005338
1411,0.150197,0.000611
1412,0.151435,0.006552
1413,0.152167,0.012689
1414,0.152667,0.018743
1415,0.152833,0.024823
1416,0.152656,0.030906
1417,0.152055,0.036958
1418,0.151170,0.043054
1419,0.149963,0.049033
1420,0.148464,0.054989
1421,0.146609,0.060771
1422,0.144249,0.066476
1423,0.141706,0.071988
1424,0.138860,0.077361
1425,0.135714,0.082568
1426,0.132209,0.087547
1427,0.128466,0.092399
1428,0.124479,0.097009
1429,0.120261,0.101462
1430,0.115633,0.105543
1431,0.110921,0.109359
1432,0.105998,0.112920
1433,0.100879,0.116201
1434,0.095581,0.119187
1435,0.090062,0.121805
1436,0.084429,0.124184
1437,0.078694,0.126234
1438,0.072677,0.127948
1439,0.066776,0.129278
1440,0.060794,0.130294
1441,0.054756,0.130975
1442,0.048687,0.131314
1443,0.042607,0.131308
1444,0.036509,0.130874
1445,0.030448,0.130178
1446,0.024375,0.129164
1447,0.018448,0.127818
1448,0.012576,0.125954
1449,0.006873,0.123893
1450,0.001284,0.121515
1451,-0.004164,0.118825
1452,-0.009452,0.115829
1453,-0.014557,0.112442
1454,-0.019487,0.108861
1455,-0.024195,0.105013
1456,-0.028710,0.100831
1457,-0.032901,0.096522
1458,-0.036857,0.091940
1459,-0.040552,0.087127
1460,-0.043969,0.082108
1461,-0.047095,0.076901
1462,-0.049861,0.071461
1463,-0.052389,0.065907
1464,-0.054592,0.060240
1465,-0.056467,0.054462
1466,-0.058009,0.048588
1467,-0.059215,0.042636
1468,-0.060080,0.036623
1469,-0.060601,0.030571
1470,-0.060650,0.024371
1471,-0.060352,0.018284
1472,-0.059817,0.012225
1473,-0.058950,0.006212
1474,-0.057745,0.000260
1475,-0.056204,-0.005615
1476,-0.054331,-0.011392
1477,-0.052131,-0.017055
1478,-0.049613,-0.022583
1479,-0.046560,-0.028056
1480,-0.043395,-0.033243
1481,-0.039960,-0.038249
1482,-0.036252,-0.043055
1483,-0.032277,-0.047642
1484,-0.028047,-0.051997
1485,-0.023576,-0.056104
1486,-0.018878,-0.059951
1487,-0.013925,-0.063607
1488,-0.008785,-0.066843
1489,-0.003256,-0.069750
1490,0.002201,-0.072405
1491,0.007794,-0.074756
1492,0.013510,-0.076789
1493,0.019333,-0.078495
1494,0.025244,-0.079867
1495,0.031224,-0.080900
1496,0.037254,-0.081592
1497,0.043366,-0.082012
1498,0.049472,-0.081937
1499,0.055650,-0.081446
1500,0.061656,-0.080714
1501,0.067625,-0.079663
1502,0.073529,-0.078279
1503,0.079347,-0.076564
1504,0.085059,-0.074521
1505,0.090646,-0.072156
1506,0.096207,-0.069370
1507,0.101505,-0.066405
1508,0.106656,-0.062932
1509,0.111511,-0.059336
1510,0.116182,-0.055482
1511,0.120635,-0.051371
1512,0.124850,-0.047014
1513,0.128811,-0.042424
1514,0.132505,-0.037615
1515,0.135874,-0.032519
1516,0.139083,-0.027255
1517,0.141887,-0.021731
1518,0.144339,-0.016198
1519,0.146502,-0.010549
1520,0.148350,-0.004782
1521,0.149871,0.001082
1522,0.151057,0.007025
1523,0.151903,0.013026
1524,0.152326,0.019118
1525,0.152488,0.025198
1526,0.152343,0.031369
1527,0.151679,0.037504
1528,0.150771,0.043468
1529,0.149537,0.049390
1530,0.147972,0.055239
1531,0.146077,0.060991
1532,0.143859,0.066628
1533,0.141224,0.072143
1534,0.138374,0.077506
1535,0.135232,0.082689
1536,0.131604,0.087816
1537,0.127876,0.092555
1538,0.123888,0.097096
1539,0.119648,0.101412
1540,0.115168,0.105483
1541,0.110376,0.109245
1542,0.105402,0.112817
1543,0.100287,0.116077
1544,0.095004,0.119035
1545,0.089506,0.121772
1546,0.083787,0.124012
1547,0.078088,0.125990
1548,0.072276,0.127654
1549,0.066376,0.128989
1550,0.060408,0.129987
1551,0.054331,0.130560
1552,0.048262,0.130878
1553,0.042206,0.130851
1554,0.036166,0.130481
1555,0.029941,0.129576
1556,0.024020,0.128488
1557,0.018150,0.127071
1558,0.012363,0.125325
1559,0.006683,0.123253
1560,0.001096,0.120738
1561,-0.004351,0.118010
1562,-0.009605,0.115000
1563,-0.014673,0.111701
1564,-0.019640,0.108123
1565,-0.024293,0.104285
1566,-0.028719,0.100173
1567,-0.032898,0.095629
1568,-0.036786,0.090957
1569,-0.040417,0.086134
1570,-0.043743,0.081006
1571,-0.046830,0.075791
1572,-0.049612,0.070423
1573,-0.052174,0.064791
1574,-0.054332,0.059155
1575,-0.056152,0.053401
1576,-0.057637,0.047546
1577,-0.058785,0.041615
1578,-0.059418,0.035453
1579,-0.059763,0.029341
1580,-0.059874,0.023287
1581,-0.059644,0.017247
1582,-0.059071,0.011234
1583,-0.058180,0.005124
1584,-0.056935,-0.000776
1585,-0.055341,-0.006598
1586,-0.053414,-0.012322
1587,-0.051162,-0.017928
1588,-0.048359,-0.023477
1589,-0.045325,-0.028791
1590,-0.042123,-0.033937
1591,-0.038648,-0.038886
1592,-0.034899,-0.043627
1593,-0.030846,-0.048268
1594,-0.026591,-0.052547
1595,-0.022086,-0.056573
1596,-0.017353,-0.060334
1597,-0.012149,-0.063801
1598,-0.006740,-0.066935
1599,-0.001357,-0.069817
1600,0.004139,-0.072389
1601,0.009768,-0.074643
1602,0.015673,-0.076657
1603,0.021574,-0.078255
1604,0.027526,-0.079497
1605,0.033550,-0.080391
1606,0.039625,-0.080933
1607,0.046003,-0.080817
1608,0.052395,-0.080532
1609,0.058658,-0.079911
1610,0.060914,-0.080572
1611,0.061137,-0.080762
1612,0.062575,-0.079846
1613,0.064479,-0.078331
1614,0.066474,-0.076536
1615,0.068421,-0.074572
1616,0.070295,-0.072314
1617,0.071998,-0.070096
1618,0.073594,-0.067789
1619,0.075040,-0.065314
1620,0.076396,-0.062826
1621,0.077678,-0.060290
1622,0.078726,-0.057701
1623,0.079617,-0.055044
1624,0.080353,-0.052337
1625,0.080865,-0.049440
1626,0.081255,-0.046665
1627,0.081504,-0.043867
1628,0.081545,-0.041001
1629,0.081572,-0.038144
1630,0.081366,-0.035356
1631,0.080987,-0.032579
1632,0.080446,-0.029824
1633,0.079747,-0.027104
1634,0.078758,-0.024332
1635,0.077734,-0.021719
1636,0.076490,-0.019147
1637,0.075212,-0.016541
1638,0.073812,-0.014107
1639,0.072247,-0.011787
1640,0.070539,-0.009560
1641,0.068705,-0.007432
1642,0.066585,-0.005384
1643,0.064499,-0.003505
1644,0.062316,-0.001731
1645,0.059956,-0.000106
1646,0.057565,0.001460
1647,0.055142,0.002946
1648,0.052634,0.004190
1649,0.050048,0.005282
1650,0.047399,0.006225
1651,0.044540,0.006955
1652,0.041796,0.007563
1653,0.039020,0.008028
1654,0.036221,0.008338
1655,0.033343,0.008441
1656,0.030481,0.008521
1657,0.027687,0.008372
1658,0.024897,0.008046
1659,0.021969,0.007450
1660,0.019243,0.006753
1661,0.016551,0.005928
1662,0.013905,0.004959
1663,0.011284,0.003762
1664,0.002845,0.002165
1665,-0.005779,0.001197
1666,-0.013460,0.000421
1667,-0.019906,-0.000524
1668,-0.024732,-0.001838
1669,-0.027893,-0.003736
1670,-0.030144,-0.005751
1671,-0.032060,-0.007899
1672,-0.033770,-0.010234
1673,-0.035380,-0.012592
1674,-0.036912,-0.014999
1675,-0.038209,-0.017488
1676,-0.041105,-0.020014
1677,-0.044707,-0.022795
1678,-0.046608,-0.025535
1679,-0.047600,-0.028304
1680,-0.048214,-0.031088
1681,-0.048686,-0.033955
1682,-0.048882,-0.036833
1683,-0.048852,-0.039816
1684,-0.048706,-0.042628
1685,-0.048414,-0.045432
1686,-0.047966,-0.048218
1687,-0.047362,-0.050974
1688,-0.046602,-0.053693
1689,-0.045688,-0.056365
1690,-0.045657,-0.059084
1691,-0.048996,-0.062206
1692,-0.049821,-0.065123
1693,-0.048929,-0.067614
1694,-0.047763,-0.069868
1695,-0.046174,-0.072035
1696,-0.044337,-0.074119
1697,-0.042339,-0.076209
1698,-0.040265,-0.078087
1699,-0.038056,-0.079828
1700,-0.035544,-0.081458
1701,-0.033014,-0.082888
1702,-0.030490,-0.084252
1703,-0.027915,-0.085445
1704,-0.025283,-0.086485
1705,-0.022596,-0.087371
1706,-0.019864,-0.088103
1707,-0.017084,-0.088770
1708,-0.014303,-0.089192
1709,-0.011321,-0.089385
1710,-0.008462,-0.089419
1711,-0.005554,-0.089268
1712,-0.002714,-0.089030
1713,0.000093,-0.088629
1714,0.002870,-0.088068
1715,0.005707,-0.087399
1716,0.008394,-0.086563
1717,0.011023,-0.085542
1718,0.013595,-0.084362
1719,0.016237,-0.082874
1720,0.018695,-0.081266
1721,0.021040,-0.079642
1722,0.023278,-0.077895
1723,0.025412,-0.076026
1724,0.027435,-0.074040
1725,0.029438,-0.071970
1726,0.031218,-0.069787
1727,0.032869,-0.067487
1728,0.034386,-0.065091
1729,0.035726,-0.062352
1730,0.036947,-0.059765
1731,0.038027,-0.057133
1732,0.038957,-0.054451
1733,0.039733,-0.051721
1734,0.040449,-0.048938
1735,0.040916,-0.046155
1736,0.041213,-0.043337
1737,0.041347,-0.040501
1738,0.041319,-0.037661
1739,0.040949,-0.034533
1740,0.040575,-0.031707
1741,0.040051,-0.028913
1742,0.039371,-0.026155
1743,0.038612,-0.023372
1744,0.037637,-0.020722
1745,0.036496,-0.018125
1746,0.035205,-0.015594
1747,0.033770,-0.013138
1748,0.032198,-0.010768
1749,0.030217,-0.008333
1750,0.028323,-0.006136
1751,0.026351,-0.004078
1752,0.024304,-0.002029
1753,0.022134,-0.000210
1754,0.019848,0.001480
1755,0.017466,0.003039
1756,0.014996,0.004459
1757,0.012448,0.005738
1758,0.009687,0.006881
1759,0.006758,0.007897
1760,0.003965,0.008700
1761,0.001151,0.009458
1762,-0.001646,0.009953
1763,-0.004481,0.010279
1764,-0.007334,0.010442
1765,-0.010194,0.010442
1766,-0.013050,0.010278
1767,-0.015894,0.009952
1768,-0.018812,0.009403
1769,-0.023179,0.008746
1770,-0.026993,0.008013
1771,-0.029947,0.007053
1772,-0.032662,0.005918
1773,-0.035257,0.004629
1774,-0.041659,0.001124
1775,-0.051025,-0.004152
1776,-0.059917,-0.008970
1777,-0.068305,-0.013194
1778,-0.076360,-0.016569
1779,-0.083677,-0.019404
1780,-0.089664,-0.021880
1781,-0.093847,-0.024469
1782,-0.096336,-0.027037
1783,-0.098041,-0.029584
1784,-0.099430,-0.032191
1785,-0.100620,-0.034863
1786,-0.101643,-0.037598
1787,-0.102504,-0.040390
1788,-0.103204,-0.043232
1789,-0.103739,-0.046115
1790,-0.104238,-0.049178
1791,-0.104336,-0.052657
1792,-0.104400,-0.055873
1793,-0.104258,-0.059073
1794,-0.103921,-0.062325
1795,-0.103380,-0.065644
1796,-0.102622,-0.069039
1797,-0.101625,-0.072522
1798,-0.095839,-0.078198
1799,-0.088587,-0.084252
