0,-0.958672,-0.398577
1,-0.958672,-0.398577
2,-0.958672,-0.398577
3,-0.958672,-0.398577
4,-0.955193,-0.410323
5,-0.949077,-0.426178
6,-0.942016,-0.441639
7,-0.940019,-0.445949
8,-0.940019,-0.445949
9,-0.928524,-0.450185
10,-0.912159,-0.454764
11,-0.895544,-0.458351
12,-0.878752,-0.460987
13,-0.861838,-0.462664
14,-0.844855,-0.463376
15,-0.827860,-0.463120
16,-0.810906,-0.461898
17,-0.794050,-0.459713
18,-0.777345,-0.456572
19,-0.760846,-0.452486
20,-0.744606,-0.447468
21,-0.728677,-0.441535
22,-0.713113,-0.434704
23,-0.697962,-0.427000
24,-0.683274,-0.418445
25,-0.669096,-0.409069
26,-0.655475,-0.398901
27,-0.642455,-0.387975
28,-0.630077,-0.376326
29,-0.618382,-0.363991
30,-0.607408,-0.351011
31,-0.597190,-0.337428
32,-0.587761,-0.323285
33,-0.585149,-0.319318
34,-0.585149,-0.319318
35,-0.585149,-0.319318
36,-0.585149,-0.319318
37,-0.585149,-0.319318
38,-0.585149,-0.319318
39,-0.585149,-0.319318
40,-0.585149,-0.319318
41,-0.585149,-0.319318
42,-0.585149,-0.319318
43,-0.583977,-0.331512
44,-0.580999,-0.348243
45,-0.577021,-0.364768
46,-0.575883,-0.369380
47,-0.575883,-0.369380
48,-0.575883,-0.369380
49,-0.563801,-0.371400
50,-0.546869,-0.372849
51,-0.529877,-0.373279
52,-0.512888,-0.372740
53,-0.495957,-0.371236
54,-0.479139,-0.368772
55,-0.462489,-0.365354
56,-0.446060,-0.360994
57,-0.429905,-0.355707
58,-0.414078,-0.349509
59,-0.398629,-0.342421
60,-0.383608,-0.334466
61,-0.369064,-0.325668
62,-0.355045,-0.316058
63,-0.341595,-0.305665
64,-0.328757,-0.294524
65,-0.316575,-0.282670
66,-0.305087,-0.270143
67,-0.294330,-0.256982
68,-0.284339,-0.243231
69,-0.281569,-0.239372
70,-0.281569,-0.239372
71,-0.281569,-0.239372
72,-0.281569,-0.239372
73,-0.281569,-0.239372
74,-0.281569,-0.239372
75,-0.281569,-0.239372
76,-0.281569,-0.239372
77,-0.281569,-0.239372
78,-0.285469,-0.250985
79,-0.289569,-0.267477
80,-0.292672,-0.284189
81,-0.294819,-0.301050
82,-0.296003,-0.318006
83,-0.296220,-0.335002
84,-0.295470,-0.351983
85,-0.293755,-0.368894
86,-0.291081,-0.385680
87,-0.290307,-0.390367
88,-0.290307,-0.390367
89,-0.290307,-0.390367
90,-0.290307,-0.390367
91,-0.278169,-0.388711
92,-0.261569,-0.385071
93,-0.245215,-0.380439
94,-0.229151,-0.374884
95,-0.213429,-0.368424
96,-0.198100,-0.361080
97,-0.183213,-0.352876
98,-0.168818,-0.343838
99,-0.154960,-0.333995
100,-0.141684,-0.323381
101,-0.129034,-0.312028
102,-0.117051,-0.299973
103,-0.105772,-0.287257
104,-0.095235,-0.273919
105,-0.085475,-0.260003
106,-0.082769,-0.256099
107,-0.082769,-0.256099
108,-0.082769,-0.256099
109,-0.082769,-0.256099
110,-0.082769,-0.256099
111,-0.082769,-0.256099
112,-0.082769,-0.256099
113,-0.082769,-0.256099
114,-0.082769,-0.256099
115,-0.086475,-0.267775
116,-0.090301,-0.284333
117,-0.093126,-0.301094
118,-0.094992,-0.317989
119,-0.095894,-0.334962
120,-0.095828,-0.351960
121,-0.095783,-0.356709
122,-0.095783,-0.356709
123,-0.095783,-0.356709
124,-0.095783,-0.356709
125,-0.083535,-0.356937
126,-0.066574,-0.355889
127,-0.049702,-0.353823
128,-0.032976,-0.350800
129,-0.016448,-0.346831
130,-0.000173,-0.341928
131,0.015797,-0.336107
132,0.031409,-0.329386
133,0.046614,-0.321788
134,0.061362,-0.313338
135,0.075605,-0.304062
136,0.089298,-0.293990
137,0.102395,-0.283156
138,0.114855,-0.271595
139,0.126636,-0.259343
140,0.137702,-0.246440
141,0.148015,-0.232929
142,0.157543,-0.218853
143,0.166255,-0.204258
144,0.168666,-0.200166
145,0.168666,-0.200166
146,0.168666,-0.200166
147,0.168666,-0.200166
148,0.168666,-0.200166
149,0.168666,-0.200166
150,0.168666,-0.200166
151,0.168666,-0.200166
152,0.161616,-0.210183
153,0.152980,-0.224819
154,0.145238,-0.239952
155,0.138370,-0.255500
156,0.132398,-0.271413
157,0.127340,-0.287641
158,0.125953,-0.292184
159,0.125953,-0.292184
160,0.125953,-0.292184
161,0.125953,-0.292184
162,0.125953,-0.292184
163,0.125953,-0.292184
164,0.137064,-0.287027
165,0.151856,-0.278661
166,0.166121,-0.269418
167,0.179837,-0.259379
168,0.192960,-0.248576
169,0.205447,-0.237043
170,0.217257,-0.224819
171,0.228353,-0.211943
172,0.238698,-0.198456
173,0.248259,-0.184403
174,0.257005,-0.169828
175,0.264908,-0.154779
176,0.271942,-0.139305
177,0.278084,-0.123456
178,0.283314,-0.107283
179,0.287615,-0.090839
180,0.290974,-0.074177
181,0.293380,-0.057350
182,0.294824,-0.040414
183,0.295303,-0.023424
184,0.294814,-0.006433
185,0.293359,0.010502
186,0.290942,0.027327
187,0.290458,0.036975
188,0.294400,0.038521
189,0.299773,0.039668
190,0.305558,0.037168
191,0.302332,0.030074
192,0.298622,0.022439
193,0.299273,0.019541
194,0.299396,0.019349
195,0.299398,0.019347
196,0.299398,0.019347
197,0.299398,0.019347
198,0.294549,0.008098
199,0.289096,-0.007998
200,0.284619,-0.024395
201,0.283395,-0.028984
202,0.283395,-0.028984
203,0.280896,-0.035073
204,0.277690,-0.043761
205,0.274956,-0.052413
206,0.272677,-0.061007
207,0.270829,-0.069519
208,0.271740,-0.079000
209,0.274379,-0.088863
210,0.277619,-0.098655
211,0.281402,-0.108332
212,0.285719,-0.117862
213,0.290565,-0.127214
214,0.295934,-0.136360
215,0.301819,-0.145269
216,0.308209,-0.153912
217,0.315094,-0.162259
218,0.322461,-0.170283
219,0.330294,-0.177954
220,0.338578,-0.185245
221,0.347294,-0.192129
222,0.356423,-0.198580
223,0.365944,-0.204573
224,0.375834,-0.210084
225,0.386068,-0.215089
226,0.396621,-0.219567
227,0.407465,-0.223497
228,0.418573,-0.226861
229,0.429915,-0.229641
230,0.441459,-0.231820
231,0.452860,-0.233184
232,0.464697,-0.234147
233,0.476639,-0.234475
234,0.488651,-0.234156
235,0.500699,-0.233183
236,0.513778,-0.231137
237,0.531659,-0.227513
238,0.551212,-0.225650
239,0.570841,-0.223163
240,0.590132,-0.219554
241,0.609114,-0.214849
242,0.627730,-0.209073
243,0.645924,-0.202251
244,0.663641,-0.194412
245,0.680830,-0.185587
246,0.697439,-0.175810
247,0.713418,-0.165117
248,0.728720,-0.153549
249,0.743298,-0.141145
250,0.757111,-0.127949
251,0.770117,-0.114008
252,0.782278,-0.099369
253,0.793561,-0.084083
254,0.803931,-0.068199
255,0.813360,-0.051770
256,0.821821,-0.034851
257,0.829288,-0.017497
258,0.835742,0.000235
259,0.841164,0.018287
260,0.845540,0.036601
261,0.848856,0.055117
262,0.851107,0.073776
263,0.851780,0.091028
264,0.851563,0.108541
265,0.850356,0.126042
266,0.848159,0.143475
267,0.844975,0.160784
268,0.840812,0.177912
269,0.835680,0.194803
270,0.829592,0.211401
271,0.822565,0.227652
272,0.814619,0.243501
273,0.805778,0.258897
274,0.796066,0.273788
275,0.785514,0.288124
276,0.774153,0.301857
277,0.762018,0.314941
278,0.749147,0.327332
279,0.735120,0.339785
280,0.720312,0.351449
281,0.706072,0.362594
282,0.694694,0.373322
283,0.683636,0.383267
284,0.671820,0.393086
285,0.659468,0.402234
286,0.646614,0.410666
287,0.633300,0.418354
288,0.619568,0.425270
289,0.605463,0.431393
290,0.591031,0.436702
291,0.576318,0.441181
292,0.561373,0.444813
293,0.546243,0.447588
294,0.530979,0.449496
295,0.515629,0.450531
296,0.500244,0.450690
297,0.484874,0.449970
298,0.469568,0.448376
299,0.454377,0.445911
300,0.439349,0.442585
301,0.424534,0.438406
302,0.409981,0.433389
303,0.395735,0.427551
304,0.381904,0.420842
305,0.368331,0.413521
306,0.355275,0.405387
307,0.342715,0.396505
308,0.332893,0.388678
309,0.325346,0.380990
310,0.317322,0.371974
311,0.307948,0.360988
312,0.298467,0.348940
313,0.289596,0.336366
314,0.281441,0.323313
315,0.274712,0.312734
316,0.269008,0.301802
317,0.263807,0.290062
318,0.253197,0.280116
319,0.244453,0.269487
320,0.240302,0.256021
321,0.236771,0.242164
322,0.234437,0.227204
323,0.233130,0.211640
324,0.232923,0.195801
325,0.233789,0.179892
326,0.235603,0.164059
327,0.238326,0.148355
328,0.241898,0.132833
329,0.246337,0.117532
330,0.251664,0.102522
331,0.257844,0.087842
332,0.264853,0.073538
333,0.272667,0.059655
334,0.281260,0.046238
335,0.290604,0.033333
336,0.300670,0.020980
337,0.311425,0.009220
338,0.322920,-0.001552
339,0.332562,-0.009257
340,0.339914,-0.014536
341,0.347188,-0.018679
342,0.353896,-0.023879
343,0.360870,-0.029157
344,0.368152,-0.034151
345,0.375704,-0.038801
346,0.383516,-0.043016
347,0.391570,-0.046766
348,0.399823,-0.050057
349,0.408246,-0.052877
350,0.416802,-0.055199
351,0.425486,-0.057035
352,0.434233,-0.058367
353,0.443059,-0.059199
354,0.451457,-0.059686
355,0.459595,-0.059889
356,0.467826,-0.059515
357,0.475152,-0.058829
358,0.482892,-0.057620
359,0.490578,-0.055684
360,0.498222,-0.053004
361,0.505888,-0.049609
362,0.514737,-0.045355
363,0.524819,-0.040439
364,0.532170,-0.036043
365,0.535879,-0.033079
366,0.538518,-0.028695
367,0.545091,-0.033093
368,0.549789,-0.039663
369,0.553976,-0.046875
370,0.561070,-0.049175
371,0.568078,-0.047274
372,0.571952,-0.047270
373,0.572271,-0.047359
374,0.572271,-0.047359
375,0.572271,-0.047359
376,0.578953,-0.060872
377,0.588869,-0.071290
378,0.593861,-0.071501
379,0.597120,-0.071190
380,0.599868,-0.071244
381,0.605432,-0.070432
382,0.613311,-0.068893
383,0.621247,-0.066863
384,0.629490,-0.064820
385,0.637989,-0.062984
386,0.639763,-0.055241
387,0.632778,-0.040889
388,0.625677,-0.026802
389,0.625313,-0.023993
390,0.623670,-0.016119
391,0.619314,-0.005147
392,0.613332,0.005912
393,0.608047,0.012388
394,0.602451,0.018177
395,0.593837,0.023571
396,0.592085,0.024561
397,0.587583,0.028187
398,0.579273,0.032518
399,0.568196,0.033456
400,0.556770,0.032807
401,0.544407,0.030058
402,0.529880,0.024268
403,0.514667,0.016686
404,0.510427,0.014544
405,0.502549,0.005163
406,0.492698,-0.008684
407,0.484640,-0.019901
408,0.478096,-0.028803
409,0.476733,-0.030900
410,0.476733,-0.030900
411,0.476733,-0.030900
412,0.480725,-0.035098
413,0.486463,-0.040900
414,0.487407,-0.041826
415,0.487407,-0.041826
416,0.487407,-0.041826
417,0.487407,-0.041826
418,0.487407,-0.041826
419,0.492381,-0.039168
420,0.501575,-0.034803
421,0.511051,-0.029633
422,0.515956,-0.020978
423,0.520844,-0.012458
424,0.524475,-0.003683
425,0.523613,0.007125
426,0.520685,0.018176
427,0.516474,0.029028
428,0.511335,0.039497
429,0.505439,0.049490
430,0.498837,0.058986
431,0.491560,0.067970
432,0.483286,0.076546
433,0.477524,0.084004
434,0.476586,0.090189
435,0.478331,0.095781
436,0.475317,0.096444
437,0.467500,0.092973
438,0.459255,0.089384
439,0.450726,0.085801
440,0.441891,0.082180
441,0.432729,0.078472
442,0.423225,0.074626
443,0.413367,0.070588
444,0.403150,0.066303
445,0.392573,0.061714
446,0.381641,0.056761
447,0.370366,0.051388
448,0.358764,0.045534
449,0.346861,0.039142
450,0.334686,0.032154
451,0.322278,0.024516
452,0.309684,0.016175
453,0.296962,0.007082
454,0.284181,-0.002802
455,0.271434,-0.013510
456,0.258912,-0.023873
457,0.249569,-0.031779
458,0.242740,-0.033752
459,0.234843,-0.031977
460,0.223183,-0.030987
461,0.214288,-0.038533
462,0.206245,-0.050748
463,0.203603,-0.054788
464,0.201219,-0.063299
465,0.201149,-0.080128
466,0.200856,-0.092596
467,0.200490,-0.105399
468,0.200411,-0.108686
469,0.199110,-0.115810
470,0.195681,-0.124723
471,0.191023,-0.133339
472,0.183331,-0.141228
473,0.178239,-0.147515
474,0.176213,-0.152532
475,0.175350,-0.157039
476,0.175039,-0.161428
477,0.175067,-0.165777
478,0.175371,-0.170102
479,0.175928,-0.174399
480,0.176732,-0.178656
481,0.177777,-0.182861
482,0.179060,-0.187001
483,0.180552,-0.191132
484,0.182261,-0.195089
485,0.184223,-0.198945
486,0.186549,-0.202749
487,0.188984,-0.206314
488,0.191602,-0.209765
489,0.194407,-0.213071
490,0.197396,-0.216215
491,0.200558,-0.219186
492,0.203870,-0.222049
493,0.207335,-0.224644
494,0.210955,-0.227032
495,0.214862,-0.229178
496,0.218740,-0.231097
497,0.222799,-0.232776
498,0.225286,-0.236486
499,0.227297,-0.240829
500,0.229590,-0.244727
501,0.231970,-0.248111
502,0.234477,-0.251039
503,0.237227,-0.253426
504,0.239906,-0.255468
505,0.243210,-0.256375
506,0.247217,-0.256258
507,0.251352,-0.255723
508,0.255091,-0.255392
509,0.259000,-0.254521
510,0.263085,-0.253241
511,0.267136,-0.251506
512,0.271005,-0.249610
513,0.274794,-0.247421
514,0.278478,-0.245094
515,0.282013,-0.242569
516,0.285397,-0.239850
517,0.288041,-0.237445
518,0.288047,-0.237385
519,0.288024,-0.237286
520,0.287921,-0.236891
521,0.287795,-0.236375
522,0.287612,-0.235610
523,0.287365,-0.234582
524,0.287036,-0.233111
525,0.287426,-0.230637
526,0.288405,-0.226974
527,0.289449,-0.222923
528,0.290393,-0.218698
529,0.290975,-0.214293
530,0.291321,-0.209982
531,0.291452,-0.205652
532,0.291345,-0.201315
533,0.290994,-0.196989
534,0.290328,-0.192654
535,0.289492,-0.188378
536,0.288477,-0.184114
537,0.287175,-0.179983
538,0.285489,-0.175856
539,0.283677,-0.171931
540,0.281659,-0.168093
541,0.279430,-0.164369
542,0.276911,-0.160773
543,0.274267,-0.157230
544,0.271486,-0.153931
545,0.268489,-0.150805
546,0.265310,-0.147856
547,0.261804,-0.145110
548,0.258294,-0.142575
549,0.254647,-0.140225
550,0.250800,-0.138115
551,0.245371,-0.139803
552,0.238366,-0.143617
553,0.229996,-0.149085
554,0.220124,-0.156667
555,0.208859,-0.166584
556,0.197895,-0.177254
557,0.187738,-0.187787
558,0.178350,-0.197973
559,0.169760,-0.207500
560,0.161947,-0.215879
561,0.154994,-0.222530
562,0.149154,-0.226882
563,0.144855,-0.234097
564,0.140227,-0.244941
565,0.135853,-0.250399
566,0.132302,-0.256933
567,0.129078,-0.263910
568,0.126132,-0.271139
569,0.123470,-0.278505
570,0.121156,-0.286021
571,0.119070,-0.293665
572,0.117335,-0.301607
573,0.115379,-0.307864
574,0.112923,-0.312183
575,0.110387,-0.315932
576,0.107963,-0.319600
577,0.105717,-0.323332
578,0.103678,-0.327165
579,0.101923,-0.331250
580,0.100354,-0.335286
581,0.099004,-0.339406
582,0.097808,-0.343618
583,0.096920,-0.347850
584,0.096287,-0.352138
585,0.095901,-0.356459
586,0.096332,-0.363359
587,0.098552,-0.373971
588,0.101229,-0.385078
589,0.104564,-0.396169
590,0.108513,-0.407124
591,0.113097,-0.417798
592,0.118290,-0.428206
593,0.124071,-0.438305
594,0.130418,-0.448059
595,0.137312,-0.457437
596,0.144729,-0.466407
597,0.152645,-0.474940
598,0.161019,-0.483041
599,0.169851,-0.490612
600,0.179105,-0.497672
601,0.188749,-0.504193
602,0.198749,-0.510156
603,0.209074,-0.515539
604,0.219689,-0.520325
605,0.230637,-0.524520
606,0.241666,-0.527937
607,0.252936,-0.530828
608,0.264357,-0.533083
609,0.275890,-0.534685
610,0.287495,-0.535628
611,0.299137,-0.535909
612,0.310776,-0.535526
613,0.322338,-0.534379
614,0.333859,-0.532670
615,0.345262,-0.530313
616,0.356513,-0.527312
617,0.367575,-0.523674
618,0.378412,-0.519412
619,0.388807,-0.514168
620,0.399056,-0.508666
621,0.408995,-0.502616
622,0.418577,-0.496017
623,0.427769,-0.488884
624,0.436541,-0.481240
625,0.444864,-0.473108
626,0.452744,-0.464529
627,0.460082,-0.455509
628,0.466898,-0.446078
629,0.473165,-0.436273
630,0.478865,-0.426125
631,0.483977,-0.415668
632,0.488485,-0.404936
633,0.492410,-0.393961
634,0.495665,-0.382795
635,0.498250,-0.371438
636,0.500224,-0.359924
637,0.501542,-0.348347
638,0.502107,-0.336755
639,0.502086,-0.325104
640,0.501403,-0.313435
641,0.500071,-0.301905
642,0.498081,-0.290444
643,0.495440,-0.279108
644,0.492156,-0.267939
645,0.488165,-0.257046
646,0.483624,-0.246321
647,0.478489,-0.235872
648,0.472768,-0.225734
649,0.466479,-0.215937
650,0.459642,-0.206514
651,0.452239,-0.197581
652,0.444355,-0.189001
653,0.436011,-0.180880
654,0.427222,-0.173246
655,0.418014,-0.166124
656,0.408414,-0.159539
657,0.398454,-0.153510
658,0.387955,-0.148479
659,0.377343,-0.143645
660,0.366494,-0.139359
661,0.355460,-0.135736
662,0.344226,-0.132744
663,0.332836,-0.130395
664,0.321330,-0.128700
665,0.309745,-0.127662
666,0.298118,-0.127287
667,0.286489,-0.127574
668,0.274879,-0.128492
669,0.263366,-0.130101
670,0.251956,-0.132365
671,0.240692,-0.135276
672,0.229610,-0.138826
673,0.218749,-0.143000
674,0.208142,-0.147785
675,0.197788,-0.153199
676,0.187827,-0.159152
677,0.178200,-0.165678
678,0.168955,-0.172745
679,0.160221,-0.180378
680,0.151906,-0.188385
681,0.143933,-0.196968
682,0.136496,-0.205946
683,0.129590,-0.215321
684,0.123231,-0.225070
685,0.117437,-0.235166
686,0.112334,-0.245600
687,0.107729,-0.256293
688,0.103739,-0.267226
689,0.100376,-0.278368
690,0.097654,-0.289684
691,0.095580,-0.301137
692,0.094573,-0.312732
693,0.093861,-0.324337
694,0.093779,-0.335966
695,0.094319,-0.347605
696,0.095548,-0.359153
697,0.097436,-0.370625
698,0.099976,-0.381973
699,0.103158,-0.393160
700,0.106974,-0.404148
701,0.111365,-0.414823
702,0.116424,-0.425374
703,0.122023,-0.435605
704,0.128209,-0.445454
705,0.134947,-0.454936
706,0.142217,-0.464020
707,0.149992,-0.472676
708,0.158249,-0.480875
709,0.166960,-0.488591
710,0.176139,-0.495820
711,0.185666,-0.502378
712,0.195578,-0.508476
713,0.205813,-0.514014
714,0.216345,-0.518963
715,0.227142,-0.523304
716,0.238169,-0.527024
717,0.249390,-0.530110
718,0.260848,-0.532140
719,0.272342,-0.533889
720,0.283916,-0.535008
721,0.295534,-0.535474
722,0.307101,-0.535293
723,0.318744,-0.534447
724,0.330287,-0.532947
725,0.341718,-0.530793
726,0.353007,-0.527993
727,0.364117,-0.524554
728,0.375015,-0.520487
729,0.385663,-0.515806
730,0.396065,-0.510542
731,0.406096,-0.504690
732,0.415789,-0.498265
733,0.425103,-0.491295
734,0.434006,-0.483805
735,0.442467,-0.475819
736,0.450461,-0.467363
737,0.457657,-0.458214
738,0.464618,-0.448888
739,0.471031,-0.439203
740,0.476894,-0.429167
741,0.482179,-0.418812
742,0.486866,-0.408171
743,0.490941,-0.397319
744,0.494409,-0.386194
745,0.497273,-0.374896
746,0.499450,-0.363486
747,0.500973,-0.351960
748,0.501837,-0.340362
749,0.502038,-0.328734
750,0.501576,-0.317112
751,0.500452,-0.305534
752,0.498670,-0.294039
753,0.496221,-0.282636
754,0.493140,-0.271441
755,0.489422,-0.260423
756,0.485005,-0.249701
757,0.480043,-0.239172
758,0.474500,-0.228942
759,0.468386,-0.219045
760,0.461719,-0.209511
761,0.454519,-0.200372
762,0.446810,-0.191658
763,0.438636,-0.183546
764,0.429946,-0.175717
765,0.420866,-0.168418
766,0.411397,-0.161654
767,0.401560,-0.155441
768,0.391386,-0.149798
769,0.380738,-0.145099
770,0.369977,-0.140710
771,0.358995,-0.136900
772,0.347816,-0.133711
773,0.336463,-0.131126
774,0.325008,-0.129227
775,0.313453,-0.127985
776,0.301842,-0.127404
777,0.290216,-0.127485
778,0.278613,-0.128229
779,0.267070,-0.129632
780,0.255625,-0.131691
781,0.244288,-0.134415
782,0.233175,-0.137765
783,0.222254,-0.141749
784,0.211616,-0.146319
785,0.201172,-0.151526
786,0.191065,-0.157304
787,0.181309,-0.163644
788,0.172013,-0.170578
789,0.163047,-0.178000
790,0.154514,-0.185908
791,0.146444,-0.194285
792,0.138864,-0.203108
793,0.131799,-0.212348
794,0.125269,-0.221975
795,0.119668,-0.232168
796,0.114313,-0.242482
797,0.109531,-0.253076
798,0.105355,-0.263922
799,0.101802,-0.274989
800,0.098884,-0.286240
801,0.096576,-0.297655
802,0.094959,-0.309150
803,0.094001,-0.320731
804,0.093705,-0.332352
805,0.094057,-0.343938
806,0.095073,-0.355546
807,0.096743,-0.367059
808,0.099065,-0.378455
809,0.102000,-0.389719
810,0.105599,-0.400767
811,0.109827,-0.411598
812,0.114667,-0.422174
813,0.120102,-0.432456
814,0.126448,-0.442208
815,0.133058,-0.451763
816,0.140153,-0.460988
817,0.147761,-0.469756
818,0.155862,-0.478085
819,0.164426,-0.485939
820,0.173425,-0.493295
821,0.182829,-0.500125
822,0.192607,-0.506410
823,0.202740,-0.512171
824,0.213150,-0.517293
825,0.223765,-0.521792
826,0.234771,-0.525737
827,0.245938,-0.529037
828,0.257261,-0.531694
829,0.268715,-0.533701
830,0.280265,-0.535052
831,0.291933,-0.535739
832,0.303518,-0.535759
833,0.315077,-0.535025
834,0.326635,-0.533712
835,0.338098,-0.531752
836,0.349430,-0.529145
837,0.360596,-0.525898
838,0.371560,-0.522019
839,0.382285,-0.517522
840,0.392657,-0.512346
841,0.402801,-0.506655
842,0.412605,-0.500399
843,0.422037,-0.493598
844,0.431066,-0.486270
845,0.439665,-0.478439
846,0.447464,-0.469808
847,0.455095,-0.460998
848,0.462231,-0.451817
849,0.468837,-0.442258
850,0.474891,-0.432341
851,0.480370,-0.422097
852,0.485294,-0.411565
853,0.489569,-0.400770
854,0.493223,-0.389742
855,0.496243,-0.378522
856,0.498618,-0.367147
857,0.500342,-0.355655
858,0.501408,-0.344082
859,0.501814,-0.332467
860,0.501589,-0.320835
861,0.500670,-0.309256
862,0.499091,-0.297742
863,0.496857,-0.286334
864,0.493976,-0.275072
865,0.490458,-0.263991
866,0.486314,-0.253128
867,0.481461,-0.242548
868,0.476101,-0.232261
869,0.470201,-0.222313
870,0.463695,-0.212633
871,0.456668,-0.203360
872,0.449129,-0.194507
873,0.441099,-0.186098
874,0.432563,-0.178257
875,0.423621,-0.170820
876,0.414277,-0.163900
877,0.404556,-0.157523
878,0.394489,-0.151709
879,0.384105,-0.146479
880,0.373290,-0.142185
881,0.362364,-0.138248
882,0.351244,-0.134885
883,0.339955,-0.132146
884,0.328529,-0.130051
885,0.317001,-0.128609
886,0.305410,-0.127825
887,0.293761,-0.127670
888,0.282179,-0.128209
889,0.270628,-0.129410
890,0.259191,-0.131250
891,0.247817,-0.133752
892,0.236621,-0.136890
893,0.225626,-0.140660
894,0.214864,-0.145049
895,0.204310,-0.150082
896,0.194166,-0.155650
897,0.184323,-0.161808
898,0.174837,-0.168522
899,0.165828,-0.175812
900,0.157171,-0.183583
901,0.148966,-0.191819
902,0.141241,-0.200506
903,0.134023,-0.209617
904,0.127336,-0.219125
905,0.121200,-0.228999
906,0.115740,-0.239221
907,0.110773,-0.249736
908,0.106407,-0.260509
909,0.102661,-0.271513
910,0.099578,-0.282734
911,0.097096,-0.294131
912,0.095644,-0.305684
913,0.094540,-0.317244
914,0.094046,-0.328847
915,0.094201,-0.340460
916,0.094978,-0.352055
917,0.096449,-0.363567
918,0.098575,-0.374983
919,0.101348,-0.386261
920,0.104760,-0.397364
921,0.108800,-0.408255
922,0.113453,-0.418899
923,0.118706,-0.429260
924,0.124514,-0.439333
925,0.130908,-0.449024
926,0.137849,-0.458340
927,0.145311,-0.467246
928,0.153269,-0.475713
929,0.161697,-0.483713
930,0.170568,-0.491221
931,0.179934,-0.498149
932,0.189582,-0.504559
933,0.199532,-0.510407
934,0.209909,-0.515744
935,0.220540,-0.520469
936,0.231413,-0.524579
937,0.242501,-0.528063
938,0.253758,-0.530802
939,0.265173,-0.532998
940,0.276691,-0.534544
941,0.288278,-0.535434
942,0.299897,-0.535662
943,0.311510,-0.535227
944,0.323044,-0.533740
945,0.334511,-0.531931
946,0.345868,-0.529513
947,0.357072,-0.526462
948,0.368085,-0.522780
949,0.378870,-0.518478
950,0.389394,-0.513568
951,0.399621,-0.508067
952,0.409544,-0.502020
953,0.419073,-0.495393
954,0.428181,-0.488271
955,0.436938,-0.480582
956,0.445225,-0.472428
957,0.453030,-0.463821
958,0.460332,-0.454784
959,0.467106,-0.445346
960,0.473342,-0.435501
961,0.478979,-0.425371
962,0.484039,-0.414918
963,0.488401,-0.404186
964,0.492231,-0.393209
965,0.495439,-0.382041
966,0.498008,-0.370709
967,0.499928,-0.359250
968,0.501192,-0.347699
969,0.501796,-0.336095
970,0.501638,-0.324512
971,0.500913,-0.312912
972,0.499535,-0.301374
973,0.497503,-0.289934
974,0.494823,-0.278628
975,0.491450,-0.267455
976,0.487423,-0.256575
977,0.482857,-0.245882
978,0.477700,-0.235469
979,0.471962,-0.225368
980,0.465614,-0.215556
981,0.458787,-0.206219
982,0.451416,-0.197255
983,0.443489,-0.188814
984,0.435133,-0.180740
985,0.426335,-0.173153
986,0.417121,-0.166078
987,0.407518,-0.159539
988,0.397557,-0.153557
989,0.387259,-0.148253
990,0.376674,-0.143451
991,0.365840,-0.139253
992,0.354787,-0.135676
993,0.343548,-0.132734
994,0.332160,-0.130437
995,0.320659,-0.128792
996,0.309056,-0.128233
997,0.297451,-0.127932
998,0.285882,-0.128260
999,0.274290,-0.129247
1000,0.262792,-0.130886
1001,0.251390,-0.133143
1002,0.240167,-0.136074
1003,0.229122,-0.139644
1004,0.218296,-0.143839
1005,0.207726,-0.148644
1006,0.197447,-0.154045
1007,0.187491,-0.160022
1008,0.177830,-0.166606
1009,0.168670,-0.173649
1010,0.159892,-0.181232
1011,0.151552,-0.189311
1012,0.143683,-0.197854
1013,0.136313,-0.206832
1014,0.129467,-0.216217
1015,0.123262,-0.225999
1016,0.117536,-0.236113
1017,0.112387,-0.246527
1018,0.107860,-0.257141
1019,0.103893,-0.268120
1020,0.100568,-0.279266
1021,0.097884,-0.290573
1022,0.096272,-0.302078
1023,0.094922,-0.313605
1024,0.094210,-0.325190
1025,0.094154,-0.336796
1026,0.094758,-0.348387
1027,0.096021,-0.359925
1028,0.097940,-0.371373
1029,0.100474,-0.382713
1030,0.103679,-0.393861
1031,0.107520,-0.404814
1032,0.111979,-0.415533
1033,0.117043,-0.425981
1034,0.122694,-0.436124
1035,0.128914,-0.445930
1036,0.135677,-0.455409
1037,0.142958,-0.464426
1038,0.150756,-0.473025
1039,0.159076,-0.481161
1040,0.167825,-0.488844
1041,0.177007,-0.495916
1042,0.186557,-0.502537
1043,0.196459,-0.508608
1044,0.206751,-0.514134
1045,0.217233,-0.519013
1046,0.228011,-0.523302
1047,0.239025,-0.526973
1048,0.250226,-0.529905
1049,0.261592,-0.532297
1050,0.273074,-0.534042
1051,0.284635,-0.535132
1052,0.296240,-0.535561
1053,0.307852,-0.535328
1054,0.319391,-0.534344
1055,0.330904,-0.532780
1056,0.342307,-0.530574
1057,0.353564,-0.527724
1058,0.364642,-0.524238
1059,0.375503,-0.520127
1060,0.386113,-0.515403
1061,0.396232,-0.509705
1062,0.406191,-0.503821
1063,0.415859,-0.497359
1064,0.425133,-0.490374
1065,0.434022,-0.482895
1066,0.442432,-0.474911
1067,0.450377,-0.466456
1068,0.457828,-0.457560
1069,0.464761,-0.448252
1070,0.471153,-0.438565
1071,0.476983,-0.428528
1072,0.482273,-0.418168
1073,0.486916,-0.407547
1074,0.490950,-0.396667
1075,0.494357,-0.385570
1076,0.497127,-0.374295
1077,0.499251,-0.362880
1078,0.500720,-0.351363
1079,0.501531,-0.339779
1080,0.501575,-0.328157
1081,0.501040,-0.316584
1082,0.499875,-0.305127
1083,0.498044,-0.293595
1084,0.495573,-0.282233
1085,0.492462,-0.271042
1086,0.488720,-0.260047
1087,0.483972,-0.249447
1088,0.478975,-0.238978
1089,0.473412,-0.228796
1090,0.467285,-0.218944
1091,0.460608,-0.209456
1092,0.453401,-0.200363
1093,0.445688,-0.191696
1094,0.437493,-0.183481
1095,0.428843,-0.175746
1096,0.419765,-0.168516
1097,0.410291,-0.161815
1098,0.400449,-0.155664
1099,0.390272,-0.150083
1100,0.379778,-0.145049
1101,0.369054,-0.140670
1102,0.358079,-0.136906
1103,0.346875,-0.133806
1104,0.335499,-0.131304
1105,0.324029,-0.129453
1106,0.312503,-0.128356
1107,0.300902,-0.127827
1108,0.289260,-0.127917
1109,0.277703,-0.128701
1110,0.266193,-0.130143
1111,0.254778,-0.132241
1112,0.243499,-0.134987
1113,0.232508,-0.138800
1114,0.221632,-0.142832
1115,0.210997,-0.147461
1116,0.200641,-0.152684
1117,0.190571,-0.158461
1118,0.180882,-0.164823
1119,0.171567,-0.171732
1120,0.162659,-0.179163
1121,0.154189,-0.187089
1122,0.146183,-0.195487
1123,0.138668,-0.204327
1124,0.131627,-0.213579
1125,0.125176,-0.223203
1126,0.119299,-0.233229
1127,0.113961,-0.243570
1128,0.109224,-0.254173
1129,0.105101,-0.265022
1130,0.101601,-0.276088
1131,0.098834,-0.287327
1132,0.096625,-0.298779
1133,0.095076,-0.310242
1134,0.094176,-0.321801
1135,0.093936,-0.333401
1136,0.094357,-0.344998
1137,0.095438,-0.356552
1138,0.097270,-0.367978
1139,0.099663,-0.379336
1140,0.102693,-0.390539
1141,0.106355,-0.401550
1142,0.110638,-0.412335
1143,0.115529,-0.422860
1144,0.121082,-0.433015
1145,0.127150,-0.442914
1146,0.133761,-0.452451
1147,0.140903,-0.461598
1148,0.148553,-0.470324
1149,0.156736,-0.478599
1150,0.165344,-0.486418
1151,0.174658,-0.493391
1152,0.184094,-0.500193
1153,0.193856,-0.506399
1154,0.203971,-0.512050
1155,0.214397,-0.517119
1156,0.225096,-0.521586
1157,0.236033,-0.525437
1158,0.247172,-0.528659
1159,0.258477,-0.531240
1160,0.269912,-0.533174
1161,0.281445,-0.534488
1162,0.293018,-0.535107
1163,0.304615,-0.535064
1164,0.316192,-0.534360
1165,0.327712,-0.532997
1166,0.339136,-0.530980
1167,0.350427,-0.528315
1168,0.361622,-0.524983
1169,0.372421,-0.520985
1170,0.383077,-0.516421
1171,0.393467,-0.511265
1172,0.403531,-0.505555
1173,0.413299,-0.499254
1174,0.422679,-0.492418
1175,0.431652,-0.485061
1176,0.440096,-0.477153
1177,0.448171,-0.468820
1178,0.455761,-0.460045
1179,0.462839,-0.450854
1180,0.469382,-0.441274
1181,0.475371,-0.431339
1182,0.480429,-0.420885
1183,0.485196,-0.410320
1184,0.489388,-0.399512
1185,0.492966,-0.388486
1186,0.495912,-0.377275
1187,0.498216,-0.365913
1188,0.499869,-0.354439
1189,0.500900,-0.342877
1190,0.501236,-0.331298
1191,0.500909,-0.319710
1192,0.499939,-0.308232
1193,0.498302,-0.296694
1194,0.496020,-0.285310
1195,0.493098,-0.274083
1196,0.489563,-0.263004
1197,0.485393,-0.252206
1198,0.480604,-0.241650
1199,0.475219,-0.231378
1200,0.469255,-0.221430
1201,0.462400,-0.212060
1202,0.455310,-0.202893
1203,0.447735,-0.194120
1204,0.439680,-0.185787
1205,0.431183,-0.177890
1206,0.422240,-0.170531
1207,0.412885,-0.163690
1208,0.403154,-0.157392
1209,0.393079,-0.151658
1210,0.382693,-0.146507
1211,0.372030,-0.141957
1212,0.361124,-0.138021
1213,0.350064,-0.134684
1214,0.338751,-0.131994
1215,0.327328,-0.129956
1216,0.315813,-0.128571
1217,0.304238,-0.127846
1218,0.292641,-0.127781
1219,0.281058,-0.128377
1220,0.269572,-0.130040
1221,0.258137,-0.131953
1222,0.246845,-0.134521
1223,0.235709,-0.137723
1224,0.224772,-0.141553
1225,0.214071,-0.145999
1226,0.203639,-0.151049
1227,0.193511,-0.156684
1228,0.183721,-0.162888
1229,0.174263,-0.169623
1230,0.165252,-0.176893
1231,0.156662,-0.184671
1232,0.148528,-0.192930
1233,0.140877,-0.201641
1234,0.133736,-0.210846
1235,0.127110,-0.220380
1236,0.121043,-0.230264
1237,0.115509,-0.240468
1238,0.110610,-0.250966
1239,0.106703,-0.261888
1240,0.103069,-0.272886
1241,0.100041,-0.284069
1242,0.097647,-0.295404
1243,0.095902,-0.306857
1244,0.094812,-0.318391
1245,0.094343,-0.329976
1246,0.094573,-0.341552
1247,0.095464,-0.353103
1248,0.097012,-0.364586
1249,0.099212,-0.375964
1250,0.102057,-0.387199
1251,0.105538,-0.398253
1252,0.109644,-0.409093
1253,0.114336,-0.419713
1254,0.119643,-0.430004
1255,0.125535,-0.439983
1256,0.131988,-0.449612
1257,0.139029,-0.458867
1258,0.146604,-0.467633
1259,0.154605,-0.476033
1260,0.163061,-0.483965
1261,0.171989,-0.491420
1262,0.181270,-0.498314
1263,0.190948,-0.504682
1264,0.200995,-0.510403
1265,0.211357,-0.515617
1266,0.221986,-0.520244
1267,0.232858,-0.524261
1268,0.243942,-0.527654
1269,0.255200,-0.530410
1270,0.266599,-0.532520
1271,0.278079,-0.533876
1272,0.289646,-0.534672
1273,0.301237,-0.534812
1274,0.312816,-0.534293
1275,0.324347,-0.533115
1276,0.335793,-0.531282
1277,0.347044,-0.528422
1278,0.358176,-0.525240
1279,0.369129,-0.521471
1280,0.379830,-0.517123
1281,0.390357,-0.512171
1282,0.400510,-0.506632
1283,0.410341,-0.500515
1284,0.419811,-0.493846
1285,0.428886,-0.486647
1286,0.437536,-0.478943
1287,0.445734,-0.470757
1288,0.453453,-0.462117
1289,0.460716,-0.453043
1290,0.467388,-0.443604
1291,0.473519,-0.433781
1292,0.479083,-0.423618
1293,0.484059,-0.413153
1294,0.488431,-0.402420
1295,0.492184,-0.391455
1296,0.494906,-0.380177
1297,0.497347,-0.368858
1298,0.499205,-0.357411
1299,0.500377,-0.345904
1300,0.500897,-0.334416
1301,0.500765,-0.322779
1302,0.499976,-0.311211
1303,0.498531,-0.299716
1304,0.496434,-0.288325
1305,0.493692,-0.277072
1306,0.490339,-0.265962
1307,0.486338,-0.255108
1308,0.481718,-0.244488
1309,0.476500,-0.234146
1310,0.470699,-0.224118
1311,0.464337,-0.214435
1312,0.457432,-0.205130
1313,0.450008,-0.196233
1314,0.442042,-0.187735
1315,0.433633,-0.179866
1316,0.424799,-0.172378
1317,0.415553,-0.165398
1318,0.405924,-0.158954
1319,0.395942,-0.153067
1320,0.385641,-0.147759
1321,0.374997,-0.143163
1322,0.364125,-0.139058
1323,0.353067,-0.135572
1324,0.341837,-0.132718
1325,0.330464,-0.130507
1326,0.318983,-0.128948
1327,0.307431,-0.128046
1328,0.295839,-0.128228
1329,0.284272,-0.128674
1330,0.272746,-0.129758
1331,0.261300,-0.131491
1332,0.249971,-0.133872
1333,0.238796,-0.136895
1334,0.227765,-0.140529
1335,0.217031,-0.144794
1336,0.206539,-0.149674
1337,0.196337,-0.155147
1338,0.186462,-0.161194
1339,0.176947,-0.167795
1340,0.167822,-0.174927
1341,0.159119,-0.182568
1342,0.150864,-0.190693
1343,0.143057,-0.199320
1344,0.135833,-0.208261
1345,0.129059,-0.217693
1346,0.122842,-0.227477
1347,0.117293,-0.237617
1348,0.112238,-0.248044
1349,0.107779,-0.258736
1350,0.103935,-0.269663
1351,0.100720,-0.280792
1352,0.098144,-0.292086
1353,0.096303,-0.303497
1354,0.095048,-0.315021
1355,0.094436,-0.326589
1356,0.094479,-0.338173
1357,0.095183,-0.349736
1358,0.096544,-0.361241
1359,0.098558,-0.372649
1360,0.101621,-0.383831
1361,0.104952,-0.394916
1362,0.108884,-0.405802
1363,0.113423,-0.416450
1364,0.118528,-0.426846
1365,0.124214,-0.436877
1366,0.130500,-0.446625
1367,0.137319,-0.455986
1368,0.144658,-0.464941
1369,0.152494,-0.473463
1370,0.160803,-0.481525
1371,0.169559,-0.489101
1372,0.178731,-0.496208
1373,0.188276,-0.502729
1374,0.198193,-0.508701
1375,0.208438,-0.514099
1376,0.218976,-0.518905
1377,0.229771,-0.523102
1378,0.240789,-0.526678
1379,0.252105,-0.529218
1380,0.263484,-0.531519
1381,0.274913,-0.533150
1382,0.286436,-0.534135
1383,0.298002,-0.534464
1384,0.309570,-0.534133
1385,0.321036,-0.533158
1386,0.332545,-0.531522
1387,0.343905,-0.529241
1388,0.355109,-0.526320
1389,0.366154,-0.522794
1390,0.376938,-0.518623
1391,0.387477,-0.513837
1392,0.397728,-0.508455
1393,0.407657,-0.502495
1394,0.417230,-0.495980
1395,0.426417,-0.488929
1396,0.435188,-0.481366
1397,0.443545,-0.473272
1398,0.451278,-0.464738
1399,0.458617,-0.455789
1400,0.465443,-0.446438
1401,0.471727,-0.436712
1402,0.477448,-0.426644
1403,0.482586,-0.416266
1404,0.487034,-0.405597
1405,0.490943,-0.394687
1406,0.494208,-0.383534
1407,0.496877,-0.372245
1408,0.498901,-0.360840
1409,0.500273,-0.349342
1410,0.500987,-0.337786
1411,0.500941,-0.326234
1412,0.500329,-0.314668
1413,0.499064,-0.303156
1414,0.497146,-0.291736
1415,0.494580,-0.280444
1416,0.491374,-0.269316
1417,0.487178,-0.258468
1418,0.482700,-0.247833
1419,0.477643,-0.237437
1420,0.472007,-0.227336
1421,0.465806,-0.217571
1422,0.459059,-0.208174
1423,0.451787,-0.199176
1424,0.444014,-0.190607
1425,0.435765,-0.182494
1426,0.427079,-0.174825
1427,0.417969,-0.167710
1428,0.408459,-0.161122
1429,0.398622,-0.155091
1430,0.388403,-0.149601
1431,0.377903,-0.144709
1432,0.367144,-0.140426
1433,0.356160,-0.136763
1434,0.344933,-0.133727
1435,0.333644,-0.131352
1436,0.322218,-0.129720
1437,0.310691,-0.128650
1438,0.299124,-0.128230
1439,0.287552,-0.128468
1440,0.276012,-0.129364
1441,0.264541,-0.130916
1442,0.253177,-0.133119
1443,0.241994,-0.136066
1444,0.230954,-0.139555
1445,0.220128,-0.143666
1446,0.209555,-0.148386
1447,0.199267,-0.153702
1448,0.189299,-0.159596
1449,0.179964,-0.166356
1450,0.170717,-0.173382
1451,0.161893,-0.180878
1452,0.153513,-0.188851
1453,0.145600,-0.197286
1454,0.138181,-0.206157
1455,0.131243,-0.215421
1456,0.124886,-0.225073
1457,0.119087,-0.235078
1458,0.113867,-0.245400
1459,0.109244,-0.256003
1460,0.105231,-0.266853
1461,0.101843,-0.277915
1462,0.099091,-0.289153
1463,0.096944,-0.300551
1464,0.095496,-0.312021
1465,0.094707,-0.323568
1466,0.094578,-0.335145
1467,0.095111,-0.346713
1468,0.096709,-0.358194
1469,0.098589,-0.369602
1470,0.101065,-0.380850
1471,0.104187,-0.392017
1472,0.107894,-0.402986
1473,0.112248,-0.413690
1474,0.117207,-0.424133
1475,0.122755,-0.434279
1476,0.128872,-0.444093
1477,0.135539,-0.453542
1478,0.142734,-0.462597
1479,0.150433,-0.471228
1480,0.158607,-0.479453
1481,0.167222,-0.487138
1482,0.176277,-0.494329
1483,0.185730,-0.500994
1484,0.195560,-0.507111
1485,0.205727,-0.512655
1486,0.216194,-0.517609
1487,0.227083,-0.521571
1488,0.238034,-0.525271
1489,0.249176,-0.528401
1490,0.260361,-0.530841
1491,0.271848,-0.532682
1492,0.283367,-0.533858
1493,0.294921,-0.534376
1494,0.306482,-0.534235
1495,0.318017,-0.533436
1496,0.329487,-0.531981
1497,0.340879,-0.529908
1498,0.352098,-0.527160
1499,0.363152,-0.523772
1500,0.373997,-0.519758
1501,0.384597,-0.515132
1502,0.394917,-0.509910
1503,0.404926,-0.504104
1504,0.414588,-0.497733
1505,0.423914,-0.490779
1506,0.432663,-0.483318
1507,0.441082,-0.475398
1508,0.449044,-0.467010
1509,0.456518,-0.458182
1510,0.463477,-0.448943
1511,0.469869,-0.439382
1512,0.475676,-0.429346
1513,0.480975,-0.419046
1514,0.485682,-0.408477
1515,0.489780,-0.397660
1516,0.493256,-0.386628
1517,0.496095,-0.375405
1518,0.498289,-0.364042
1519,0.499395,-0.352491
1520,0.500258,-0.340966
1521,0.500481,-0.329410
1522,0.500050,-0.317861
1523,0.498962,-0.306354
1524,0.497221,-0.294928
1525,0.494832,-0.283619
1526,0.491837,-0.272445
1527,0.488179,-0.261489
1528,0.483898,-0.250753
1529,0.479010,-0.240276
1530,0.473533,-0.230093
1531,0.467485,-0.220239
1532,0.460914,-0.210772
1533,0.453776,-0.201638
1534,0.446163,-0.192901
1535,0.438063,-0.184665
1536,0.429486,-0.176894
1537,0.420426,-0.169720
1538,0.411011,-0.162986
1539,0.401230,-0.156798
1540,0.391109,-0.151175
1541,0.380690,-0.146139
1542,0.369948,-0.141667
1543,0.359053,-0.137954
1544,0.347933,-0.134784
1545,0.336641,-0.132244
1546,0.325223,-0.130354
1547,0.313715,-0.129115
1548,0.302157,-0.128536
1549,0.290583,-0.128618
1550,0.279070,-0.129777
1551,0.267583,-0.131159
1552,0.256303,-0.133180
1553,0.245011,-0.135864
1554,0.233930,-0.139174
1555,0.223064,-0.143105
1556,0.212441,-0.147648
1557,0.202095,-0.152789
1558,0.192058,-0.158511
1559,0.182313,-0.164785
1560,0.173014,-0.171595
1561,0.164102,-0.178941
1562,0.155620,-0.186786
1563,0.147597,-0.195104
1564,0.140061,-0.203866
1565,0.133036,-0.213045
1566,0.126545,-0.222608
1567,0.120609,-0.232541
1568,0.115229,-0.242837
1569,0.110587,-0.253351
1570,0.106444,-0.264133
1571,0.102914,-0.275138
1572,0.100015,-0.286327
1573,0.097752,-0.297617
1574,0.096125,-0.309095
1575,0.095249,-0.320610
1576,0.094948,-0.332170
1577,0.095295,-0.343724
1578,0.096297,-0.355239
1579,0.097953,-0.366677
1580,0.100266,-0.378013
1581,0.103231,-0.389205
1582,0.106919,-0.400165
1583,0.111148,-0.410943
1584,0.115970,-0.421451
1585,0.121385,-0.431672
1586,0.127386,-0.441574
1587,0.133927,-0.451105
1588,0.141067,-0.460225
1589,0.148667,-0.468932
1590,0.156723,-0.477199
1591,0.165253,-0.485003
1592,0.174229,-0.492310
1593,0.183638,-0.499057
1594,0.193441,-0.505219
1595,0.203519,-0.510897
1596,0.213889,-0.515995
1597,0.224547,-0.520543
1598,0.235399,-0.524421
1599,0.246476,-0.527679
1600,0.257729,-0.530209
1601,0.269138,-0.532160
1602,0.280634,-0.533468
1603,0.292172,-0.534125
1604,0.303742,-0.534117
1605,0.315280,-0.533455
1606,0.326822,-0.532128
1607,0.338116,-0.530068
1608,0.349356,-0.527449
1609,0.360437,-0.524197
1610,0.371317,-0.520319
1611,0.381959,-0.515828
1612,0.392329,-0.510737
1613,0.402329,-0.504991
1614,0.412050,-0.498744
1615,0.421401,-0.491962
1616,0.430351,-0.484660
1617,0.438854,-0.476892
1618,0.446948,-0.468600
1619,0.454483,-0.459821
1620,0.461548,-0.450655
1621,0.468086,-0.441126
1622,0.474075,-0.431240
1623,0.479490,-0.421027
1624,0.484312,-0.410517
1625,0.488154,-0.399606
1626,0.491710,-0.388630
1627,0.494706,-0.377472
1628,0.497027,-0.366179
1629,0.498702,-0.354765
1630,0.499724,-0.343271
1631,0.500090,-0.331736
1632,0.499798,-0.320199
1633,0.498849,-0.308696
1634,0.497246,-0.297266
1635,0.495027,-0.285916
1636,0.492138,-0.274758
1637,0.488642,-0.263830
1638,0.484490,-0.253005
1639,0.479744,-0.242467
1640,0.474410,-0.232225
1641,0.468502,-0.222304
1642,0.462026,-0.212728
1643,0.455018,-0.203544
1644,0.447168,-0.195004
1645,0.439164,-0.186711
1646,0.430705,-0.178869
1647,0.421813,-0.171518
1648,0.412517,-0.164684
1649,0.402847,-0.158391
1650,0.392832,-0.152658
1651,0.382507,-0.147505
1652,0.371890,-0.142903
1653,0.361068,-0.138966
1654,0.350019,-0.135649
1655,0.338795,-0.132966
1656,0.327434,-0.130927
1657,0.315975,-0.129539
1658,0.304499,-0.128797
1659,0.292923,-0.128706
1660,0.281384,-0.129272
1661,0.269866,-0.130465
1662,0.258504,-0.132451
1663,0.247229,-0.134997
1664,0.241113,-0.136572
1665,0.234456,-0.139424
1666,0.227045,-0.143275
1667,0.218930,-0.148073
1668,0.210262,-0.154093
1669,0.200818,-0.160562
1670,0.191504,-0.167387
1671,0.182571,-0.174577
1672,0.174006,-0.182284
1673,0.165879,-0.190473
1674,0.158229,-0.199113
1675,0.151082,-0.208176
1676,0.145730,-0.217763
1677,0.141293,-0.227805
1678,0.136398,-0.238024
1679,0.131599,-0.248547
1680,0.127306,-0.259275
1681,0.123605,-0.270214
1682,0.120528,-0.281349
1683,0.118094,-0.292649
1684,0.116310,-0.304069
1685,0.115181,-0.315577
1686,0.115111,-0.327142
1687,0.115332,-0.338675
1688,0.116179,-0.350181
1689,0.117671,-0.361620
1690,0.120035,-0.372897
1691,0.125391,-0.383798
1692,0.129996,-0.391697
1693,0.134506,-0.399310
1694,0.141334,-0.408610
1695,0.149032,-0.417770
1696,0.157320,-0.426525
1697,0.166114,-0.434838
1698,0.175366,-0.442587
1699,0.185063,-0.449806
1700,0.195162,-0.456461
1701,0.205625,-0.462531
1702,0.216419,-0.467996
1703,0.227518,-0.472839
1704,0.238920,-0.477053
1705,0.250469,-0.480511
1706,0.262216,-0.483387
1707,0.274114,-0.485590
1708,0.286119,-0.487111
1709,0.298193,-0.487946
1710,0.310295,-0.488093
1711,0.322382,-0.487481
1712,0.334427,-0.486251
1713,0.346379,-0.484337
1714,0.358201,-0.481746
1715,0.369856,-0.478486
1716,0.381308,-0.474568
1717,0.392492,-0.469941
1718,0.403438,-0.464737
1719,0.414059,-0.458920
1720,0.424341,-0.452498
1721,0.434228,-0.445510
1722,0.443710,-0.437929
1723,0.452714,-0.429803
1724,0.461311,-0.421260
1725,0.469363,-0.412243
1726,0.476891,-0.402774
1727,0.483870,-0.392889
1728,0.490274,-0.382622
1729,0.496049,-0.371963
1730,0.501243,-0.361011
1731,0.505839,-0.349815
1732,0.509752,-0.338359
1733,0.513003,-0.326692
1734,0.515231,-0.314690
1735,0.517106,-0.302733
1736,0.518314,-0.290693
1737,0.518879,-0.278605
1738,0.518720,-0.266520
1739,0.517872,-0.254455
1740,0.516336,-0.242456
1741,0.514118,-0.230561
1742,0.511226,-0.218812
1743,0.507670,-0.207246
1744,0.503495,-0.195890
1745,0.498685,-0.184832
1746,0.493220,-0.174018
1747,0.487152,-0.163545
1748,0.480499,-0.153437
1749,0.473281,-0.143725
1750,0.465537,-0.134400
1751,0.457279,-0.125586
1752,0.448519,-0.117245
1753,0.439286,-0.109412
1754,0.429559,-0.102166
1755,0.419490,-0.095438
1756,0.409040,-0.089290
1757,0.398266,-0.083716
1758,0.387225,-0.078809
1759,0.375897,-0.074534
1760,0.364125,-0.071227
1761,0.352374,-0.068316
1762,0.340483,-0.066051
1763,0.328486,-0.064458
1764,0.316485,-0.063496
1765,0.304358,-0.063250
1766,0.292262,-0.063701
1767,0.280217,-0.064841
1768,0.268257,-0.066665
1769,0.257418,-0.069105
1770,0.246229,-0.072117
1771,0.234895,-0.075862
1772,0.223689,-0.080305
1773,0.212730,-0.085405
1774,0.207520,-0.086663
1775,0.203087,-0.087692
1776,0.198687,-0.089725
1777,0.193994,-0.092845
1778,0.188868,-0.097307
1779,0.183179,-0.103217
1780,0.176976,-0.110587
1781,0.170347,-0.119738
1782,0.163359,-0.129412
1783,0.156795,-0.139485
1784,0.150721,-0.149947
1785,0.145254,-0.160729
1786,0.140412,-0.171801
1787,0.136209,-0.183131
1788,0.132660,-0.194683
1789,0.129776,-0.206420
1790,0.127567,-0.218304
1791,0.126040,-0.230295
1792,0.125201,-0.242356
1793,0.125053,-0.254447
1794,0.125596,-0.266527
1795,0.126829,-0.278559
1796,0.128748,-0.290501
1797,0.131360,-0.302408
1798,0.134831,-0.314230
1799,0.139296,-0.325641
