0,1.031430,0.515196
1,1.031430,0.515196
2,1.019187,0.515604
3,1.002212,0.514807
4,0.985311,0.512991
5,0.968542,0.510216
6,0.951958,0.506492
7,0.935612,0.501830
8,0.919558,0.496245
9,0.903848,0.489756
10,0.888532,0.482384
11,0.873661,0.474152
12,0.859282,0.465088
13,0.845442,0.455220
14,0.832186,0.444581
15,0.819557,0.433204
16,0.816046,0.430005
17,0.810965,0.418859
18,0.805179,0.402880
19,0.800363,0.386579
20,0.796483,0.370030
21,0.793550,0.353288
22,0.791575,0.336405
23,0.790563,0.319438
24,0.790518,0.302440
25,0.791441,0.285468
26,0.791725,0.280727
27,0.791725,0.280727
28,0.800877,0.272584
29,0.814438,0.262342
30,0.828593,0.252932
31,0.843260,0.244342
32,0.858393,0.236601
33,0.862634,0.234461
34,0.862634,0.234461
35,0.862634,0.234461
36,0.862634,0.234461
37,0.862634,0.234461
38,0.864049,0.246629
39,0.864652,0.263613
40,0.864233,0.280605
41,0.862847,0.297546
42,0.860501,0.314381
43,0.859818,0.319081
44,0.853432,0.329535
45,0.843439,0.343280
46,0.832635,0.356403
47,0.821102,0.368889
48,0.808878,0.380699
49,0.796001,0.391794
50,0.782514,0.402139
51,0.768460,0.411700
52,0.764518,0.414349
53,0.764518,0.414349
54,0.764518,0.414349
55,0.754214,0.407723
56,0.740704,0.397415
57,0.727835,0.386310
58,0.715619,0.374492
59,0.704095,0.361997
60,0.693300,0.348867
61,0.683270,0.335145
62,0.674037,0.320873
63,0.665631,0.306100
64,0.658079,0.290872
65,0.651406,0.275240
66,0.645633,0.259252
67,0.640779,0.242963
68,0.636859,0.226423
69,0.633887,0.209688
70,0.631872,0.192810
71,0.630820,0.175845
72,0.630736,0.158848
73,0.630739,0.154098
74,0.630739,0.154098
75,0.630739,0.154098
76,0.641989,0.149250
77,0.658084,0.143797
78,0.674482,0.139321
79,0.689304,0.135585
80,0.688339,0.130452
81,0.688212,0.125762
82,0.688833,0.121871
83,0.688916,0.121521
84,0.688916,0.121521
85,0.688916,0.121521
86,0.692264,0.132008
87,0.698257,0.147910
88,0.703284,0.164147
89,0.707380,0.180644
90,0.710530,0.197347
91,0.712725,0.214202
92,0.713958,0.231155
93,0.714224,0.248150
94,0.713522,0.265133
95,0.711856,0.282049
96,0.712121,0.283147
97,0.712285,0.284452
98,0.712323,0.285954
99,0.712213,0.287643
100,0.711933,0.289505
101,0.711465,0.291526
102,0.710789,0.293689
103,0.709889,0.295976
104,0.708749,0.298368
105,0.707354,0.300844
106,0.705692,0.303382
107,0.703752,0.305958
108,0.701525,0.308549
109,0.699004,0.311129
110,0.696183,0.313672
111,0.693060,0.316153
112,0.689633,0.318545
113,0.685822,0.324120
114,0.681473,0.329550
115,0.676631,0.333591
116,0.671527,0.337292
117,0.666184,0.340691
118,0.660621,0.343781
119,0.654854,0.346547
120,0.648903,0.348978
121,0.642789,0.351060
122,0.636531,0.352783
123,0.630151,0.354137
124,0.623670,0.355115
125,0.617111,0.355709
126,0.610497,0.355913
127,0.603851,0.355724
128,0.597197,0.355139
129,0.590558,0.354155
130,0.583958,0.352774
131,0.577422,0.350995
132,0.570972,0.348823
133,0.564634,0.346262
134,0.558430,0.343317
135,0.552384,0.339995
136,0.546518,0.336306
137,0.540856,0.332258
138,0.535418,0.327864
139,0.530226,0.323135
140,0.525351,0.321322
141,0.522149,0.323838
142,0.519383,0.326020
143,0.516571,0.327981
144,0.513656,0.329728
145,0.510646,0.331254
146,0.507554,0.332555
147,0.504396,0.333626
148,0.501188,0.334465
149,0.497947,0.335070
150,0.494688,0.335439
151,0.491427,0.335574
152,0.488181,0.335475
153,0.484966,0.335145
154,0.481798,0.334586
155,0.478691,0.333805
156,0.475661,0.332805
157,0.472722,0.331594
158,0.469501,0.327858
159,0.466449,0.322692
160,0.463766,0.317425
161,0.461341,0.311967
162,0.459196,0.306334
163,0.457369,0.300578
164,0.455874,0.294724
165,0.454717,0.288792
166,0.453901,0.282803
167,0.453455,0.276802
168,0.453335,0.270767
169,0.453556,0.264724
170,0.454120,0.258701
171,0.455028,0.252925
172,0.456264,0.247047
173,0.457833,0.241216
174,0.459734,0.235477
175,0.461961,0.229855
176,0.464506,0.224368
177,0.467337,0.219075
178,0.470490,0.213910
179,0.473934,0.208936
180,0.477658,0.204167
181,0.481632,0.199659
182,0.485703,0.196030
183,0.490305,0.196769
184,0.497517,0.200005
185,0.504568,0.201550
186,0.507934,0.200001
187,0.510923,0.200022
188,0.514930,0.203196
189,0.520910,0.205861
190,0.525564,0.204416
191,0.527677,0.201566
192,0.529297,0.198300
193,0.531041,0.194965
194,0.532974,0.191659
195,0.535099,0.188429
196,0.537404,0.185306
197,0.539883,0.182312
198,0.543940,0.179205
199,0.550500,0.175628
200,0.558868,0.171586
201,0.565095,0.167443
202,0.568835,0.163486
203,0.572446,0.159748
204,0.576357,0.164228
205,0.580848,0.170353
206,0.586053,0.177550
207,0.591515,0.185365
208,0.596341,0.193998
209,0.600971,0.201216
210,0.605910,0.204580
211,0.610218,0.205388
212,0.610879,0.209355
213,0.611959,0.213137
214,0.614451,0.216083
215,0.616962,0.219290
216,0.613227,0.224065
217,0.608925,0.229875
218,0.604039,0.225712
219,0.605745,0.216945
220,0.606898,0.206696
221,0.598197,0.198696
222,0.590306,0.193792
223,0.582941,0.189444
224,0.575570,0.183700
225,0.567277,0.177221
226,0.556749,0.171028
227,0.543779,0.165579
228,0.527424,0.162679
229,0.510748,0.159387
230,0.494287,0.155152
231,0.478093,0.149987
232,0.462219,0.143909
233,0.446717,0.136938
234,0.431636,0.129096
235,0.420466,0.120448
236,0.410571,0.111317
237,0.400427,0.101568
238,0.390079,0.091126
239,0.379583,0.079918
240,0.369005,0.067874
241,0.358387,0.055082
242,0.350808,0.044517
243,0.345909,0.034808
244,0.341979,0.024989
245,0.338716,0.014988
246,0.336053,0.004824
247,0.331519,-0.007635
248,0.326488,-0.023182
249,0.323260,-0.036883
250,0.320838,-0.049471
251,0.319133,-0.062080
252,0.318154,-0.074742
253,0.317899,-0.087434
254,0.318366,-0.100118
255,0.319553,-0.112755
256,0.321457,-0.125303
257,0.324072,-0.137723
258,0.327389,-0.149974
259,0.331398,-0.162017
260,0.336085,-0.173811
261,0.341434,-0.185320
262,0.347430,-0.196506
263,0.354052,-0.207333
264,0.361279,-0.217765
265,0.369088,-0.227770
266,0.377453,-0.237314
267,0.386631,-0.246645
268,0.396119,-0.255247
269,0.406010,-0.263254
270,0.416327,-0.270673
271,0.427046,-0.277489
272,0.438134,-0.283683
273,0.449556,-0.289236
274,0.461276,-0.294131
275,0.473254,-0.298351
276,0.485453,-0.301883
277,0.497833,-0.304715
278,0.510354,-0.306839
279,0.522976,-0.308247
280,0.535657,-0.308935
281,0.548356,-0.308901
282,0.561033,-0.308145
283,0.573646,-0.306669
284,0.586155,-0.304477
285,0.598519,-0.301578
286,0.610698,-0.297981
287,0.622653,-0.293697
288,0.634528,-0.288777
289,0.649071,-0.283105
290,0.663633,-0.276360
291,0.677743,-0.269287
292,0.691429,-0.261780
293,0.704569,-0.254135
294,0.716869,-0.246037
295,0.728275,-0.237409
296,0.738755,-0.228254
297,0.748273,-0.218585
298,0.756795,-0.208414
299,0.764291,-0.197756
300,0.770739,-0.186634
301,0.777631,-0.173554
302,0.784056,-0.158491
303,0.789819,-0.142940
304,0.794699,-0.127208
305,0.798598,-0.111172
306,0.801566,-0.094931
307,0.803605,-0.078546
308,0.804666,-0.062047
309,0.804825,-0.045529
310,0.807327,-0.029929
311,0.810819,-0.014772
312,0.813679,0.000483
313,0.815485,0.015809
314,0.820733,0.030691
315,0.826611,0.045362
316,0.832213,0.060110
317,0.836793,0.075026
318,0.838524,0.090235
319,0.837111,0.105499
320,0.833794,0.120560
321,0.831041,0.136006
322,0.828712,0.151981
323,0.825182,0.167746
324,0.824948,0.173566
325,0.821706,0.181724
326,0.816131,0.195332
327,0.809491,0.205363
328,0.797792,0.212619
329,0.783057,0.216823
330,0.778937,0.217603
331,0.767375,0.213555
332,0.751837,0.206672
333,0.737168,0.198711
334,0.733170,0.196503
335,0.725432,0.187007
336,0.715787,0.173015
337,0.713127,0.169080
338,0.713127,0.169080
339,0.713127,0.169080
340,0.713127,0.169080
341,0.713127,0.169080
342,0.713127,0.169080
343,0.713127,0.169080
344,0.713127,0.169080
345,0.713127,0.169080
346,0.713127,0.169080
347,0.712104,0.181287
348,0.709332,0.198054
349,0.706951,0.212128
350,0.705869,0.216753
351,0.705869,0.216753
352,0.705869,0.216753
353,0.693813,0.218921
354,0.680560,0.224159
355,0.678043,0.225924
356,0.672210,0.227862
357,0.662994,0.230569
358,0.653293,0.231834
359,0.643296,0.231628
360,0.633025,0.229787
361,0.622463,0.226058
362,0.612639,0.222373
363,0.601741,0.214888
364,0.592735,0.209103
365,0.586418,0.209395
366,0.580358,0.207748
367,0.578137,0.201484
368,0.574109,0.192636
369,0.568766,0.180799
370,0.564840,0.169148
371,0.565666,0.157721
372,0.569079,0.145377
373,0.570185,0.128474
374,0.572194,0.111595
375,0.575159,0.094859
376,0.578571,0.079710
377,0.581747,0.069129
378,0.581954,0.068599
379,0.581954,0.068599
380,0.582035,0.068231
381,0.582035,0.068231
382,0.582035,0.068231
383,0.582035,0.068231
384,0.584129,0.068337
385,0.587257,0.068234
386,0.589301,0.076086
387,0.589727,0.093071
388,0.589186,0.110056
389,0.587678,0.126987
390,0.585210,0.143804
391,0.584493,0.148500
392,0.584493,0.148500
393,0.582798,0.150772
394,0.569653,0.154995
395,0.552976,0.158232
396,0.536092,0.160195
397,0.519124,0.161195
398,0.502127,0.161227
399,0.485155,0.160293
400,0.468264,0.158394
401,0.451508,0.155537
402,0.446830,0.154712
403,0.436575,0.148012
404,0.433276,0.140114
405,0.432924,0.138845
406,0.427427,0.130848
407,0.423705,0.127613
408,0.425943,0.119587
409,0.427854,0.118083
410,0.427854,0.118083
411,0.432973,0.106954
412,0.437162,0.097561
413,0.439153,0.090475
414,0.439448,0.089417
415,0.439448,0.089417
416,0.439448,0.089417
417,0.439448,0.089417
418,0.439448,0.089417
419,0.438888,0.089936
420,0.438939,0.090155
421,0.438939,0.090155
422,0.440464,0.096717
423,0.438980,0.100931
424,0.438346,0.106514
425,0.435376,0.115645
426,0.430234,0.124861
427,0.423707,0.133710
428,0.416145,0.141986
429,0.407630,0.149490
430,0.398002,0.155943
431,0.387132,0.161062
432,0.374500,0.164530
433,0.364781,0.166881
434,0.360101,0.167748
435,0.358410,0.167941
436,0.351461,0.161669
437,0.340086,0.150996
438,0.328725,0.140073
439,0.317502,0.128989
440,0.306404,0.117723
441,0.295417,0.106254
442,0.284532,0.094554
443,0.273743,0.082595
444,0.263046,0.070347
445,0.252443,0.057780
446,0.241939,0.044859
447,0.231545,0.031553
448,0.221274,0.017829
449,0.211148,0.003654
450,0.201190,-0.011004
451,0.191433,-0.026176
452,0.181915,-0.041889
453,0.172682,-0.058167
454,0.163795,-0.075028
455,0.155334,-0.092481
456,0.148033,-0.110068
457,0.145748,-0.126424
458,0.151696,-0.140894
459,0.163186,-0.153212
460,0.175070,-0.164412
461,0.182937,-0.175333
462,0.191782,-0.190452
463,0.203485,-0.201199
464,0.218212,-0.209486
465,0.233503,-0.216902
466,0.248274,-0.224998
467,0.264069,-0.230970
468,0.280367,-0.236050
469,0.284939,-0.237339
470,0.284939,-0.237339
471,0.285144,-0.237563
472,0.285262,-0.237889
473,0.285935,-0.237752
474,0.289032,-0.236318
475,0.292771,-0.234283
476,0.296684,-0.231878
477,0.300545,-0.229202
478,0.304274,-0.226294
479,0.307841,-0.223174
480,0.311228,-0.219854
481,0.314421,-0.216346
482,0.317411,-0.212661
483,0.320191,-0.208660
484,0.322694,-0.204645
485,0.324994,-0.200496
486,0.327002,-0.196181
487,0.328857,-0.191761
488,0.330442,-0.187274
489,0.331766,-0.182712
490,0.332826,-0.178085
491,0.333622,-0.173404
492,0.334057,-0.168572
493,0.334289,-0.163837
494,0.334264,-0.159089
495,0.333902,-0.154318
496,0.333347,-0.149572
497,0.332600,-0.144848
498,0.329934,-0.142445
499,0.326439,-0.140970
500,0.322718,-0.139203
501,0.318957,-0.137442
502,0.315040,-0.135582
503,0.310887,-0.133638
504,0.306643,-0.131664
505,0.302791,-0.128947
506,0.299460,-0.125625
507,0.296086,-0.122309
508,0.292167,-0.119625
509,0.288297,-0.116843
510,0.284283,-0.114061
511,0.280251,-0.111505
512,0.276134,-0.109068
513,0.271913,-0.106791
514,0.267598,-0.104833
515,0.263168,-0.103132
516,0.258645,-0.101689
517,0.253477,-0.101004
518,0.245613,-0.103164
519,0.238014,-0.105676
520,0.230479,-0.108419
521,0.223125,-0.111360
522,0.215921,-0.114458
523,0.208775,-0.117760
524,0.201928,-0.121087
525,0.196066,-0.123620
526,0.191087,-0.125313
527,0.186488,-0.126948
528,0.181986,-0.128883
529,0.177707,-0.130993
530,0.173466,-0.133268
531,0.169403,-0.135756
532,0.165497,-0.138466
533,0.161754,-0.141392
534,0.158112,-0.144494
535,0.154728,-0.147811
536,0.151549,-0.151482
537,0.148589,-0.155191
538,0.145878,-0.159125
539,0.143317,-0.163169
540,0.141005,-0.167331
541,0.138938,-0.171612
542,0.137039,-0.176007
543,0.135503,-0.180633
544,0.134257,-0.185199
545,0.133240,-0.189837
546,0.132479,-0.194528
547,0.132044,-0.199307
548,0.131808,-0.204077
549,0.131845,-0.208835
550,0.132082,-0.213614
551,0.131122,-0.221947
552,0.128969,-0.232157
553,0.125796,-0.243721
554,0.121460,-0.257095
555,0.116446,-0.272320
556,0.111636,-0.288096
557,0.107931,-0.303388
558,0.105238,-0.317949
559,0.103583,-0.331461
560,0.102933,-0.343430
561,0.103324,-0.353255
562,0.105000,-0.360355
563,0.108360,-0.369889
564,0.111755,-0.382663
565,0.115259,-0.389540
566,0.119751,-0.397048
567,0.124518,-0.404535
568,0.129586,-0.411824
569,0.134925,-0.418788
570,0.140577,-0.425448
571,0.146397,-0.431784
572,0.152509,-0.437802
573,0.158255,-0.441856
574,0.163361,-0.443538
575,0.168227,-0.444226
576,0.173019,-0.444415
577,0.177781,-0.444263
578,0.182518,-0.443820
579,0.187262,-0.443030
580,0.191928,-0.442046
581,0.196520,-0.440800
582,0.201103,-0.439154
583,0.205501,-0.437369
584,0.209803,-0.435348
585,0.213987,-0.433088
586,0.218610,-0.433166
587,0.224159,-0.436792
588,0.230228,-0.440659
589,0.236537,-0.444329
590,0.243090,-0.447518
591,0.249776,-0.450476
592,0.256629,-0.453059
593,0.263622,-0.455250
594,0.270731,-0.457039
595,0.277930,-0.458419
596,0.285198,-0.459386
597,0.292510,-0.459936
598,0.299794,-0.459898
599,0.307107,-0.459606
600,0.314397,-0.458901
601,0.321637,-0.457781
602,0.328803,-0.456249
603,0.335869,-0.454310
604,0.342815,-0.451971
605,0.349240,-0.449116
606,0.355858,-0.445969
607,0.362298,-0.442482
608,0.368532,-0.438642
609,0.374538,-0.434454
610,0.380297,-0.429930
611,0.385788,-0.425084
612,0.390995,-0.419932
613,0.395928,-0.414428
614,0.400516,-0.408707
615,0.404768,-0.402738
616,0.408673,-0.396536
617,0.412216,-0.390120
618,0.415388,-0.383513
619,0.418203,-0.376788
620,0.420592,-0.369814
621,0.422597,-0.362741
622,0.424201,-0.355572
623,0.425393,-0.348324
624,0.426170,-0.341020
625,0.426529,-0.333682
626,0.426321,-0.326385
627,0.425837,-0.319070
628,0.424939,-0.311787
629,0.423627,-0.304565
630,0.421904,-0.297428
631,0.419777,-0.290400
632,0.417251,-0.283504
633,0.414213,-0.276864
634,0.410919,-0.270318
635,0.407254,-0.264087
636,0.403252,-0.257907
637,0.398906,-0.251996
638,0.394191,-0.246322
639,0.389182,-0.240945
640,0.383942,-0.236295
641,0.378392,-0.231560
642,0.372576,-0.227126
643,0.366515,-0.223024
644,0.360228,-0.219273
645,0.353686,-0.215868
646,0.346998,-0.212856
647,0.340157,-0.210231
648,0.333179,-0.208001
649,0.326085,-0.206173
650,0.318897,-0.204753
651,0.311596,-0.203751
652,0.304266,-0.203168
653,0.296933,-0.202998
654,0.289606,-0.203245
655,0.282305,-0.203911
656,0.275054,-0.204992
657,0.267875,-0.206485
658,0.260900,-0.208357
659,0.253881,-0.210666
660,0.247129,-0.213477
661,0.240487,-0.216538
662,0.234018,-0.219969
663,0.227752,-0.223765
664,0.221711,-0.227913
665,0.215917,-0.232400
666,0.210387,-0.237210
667,0.205141,-0.242329
668,0.200338,-0.247809
669,0.195723,-0.253485
670,0.191433,-0.259418
671,0.187486,-0.265588
672,0.183898,-0.271975
673,0.180679,-0.278557
674,0.177839,-0.285310
675,0.175758,-0.291994
676,0.173726,-0.298998
677,0.172076,-0.306122
678,0.170831,-0.313333
679,0.169998,-0.320660
680,0.169656,-0.327906
681,0.169595,-0.335277
682,0.169990,-0.342593
683,0.170811,-0.349863
684,0.172047,-0.357071
685,0.173694,-0.364196
686,0.175784,-0.371275
687,0.178240,-0.378173
688,0.181082,-0.384916
689,0.184303,-0.391486
690,0.187894,-0.397861
691,0.191844,-0.404022
692,0.196081,-0.409940
693,0.200752,-0.415628
694,0.205709,-0.421042
695,0.211036,-0.426024
696,0.216557,-0.430816
697,0.222346,-0.435297
698,0.228384,-0.439444
699,0.234650,-0.443240
700,0.241123,-0.446673
701,0.247740,-0.449652
702,0.254582,-0.452391
703,0.261543,-0.454536
704,0.268602,-0.456417
705,0.275760,-0.457895
706,0.282992,-0.458962
707,0.290274,-0.459615
708,0.297583,-0.459851
709,0.304894,-0.459669
710,0.311829,-0.458827
711,0.319077,-0.457792
712,0.326258,-0.456363
713,0.333337,-0.454540
714,0.340299,-0.452319
715,0.347123,-0.449705
716,0.353786,-0.446705
717,0.360269,-0.443328
718,0.366536,-0.439642
719,0.372612,-0.435513
720,0.378442,-0.431070
721,0.384009,-0.426308
722,0.389236,-0.421252
723,0.394270,-0.415899
724,0.398957,-0.410273
725,0.403308,-0.404392
726,0.407314,-0.398271
727,0.410964,-0.391931
728,0.414246,-0.385392
729,0.417149,-0.378675
730,0.419506,-0.371787
731,0.421607,-0.364803
732,0.423317,-0.357700
733,0.424621,-0.350507
734,0.425512,-0.343249
735,0.425988,-0.335951
736,0.426047,-0.328637
737,0.425747,-0.321384
738,0.424787,-0.314127
739,0.423590,-0.306905
740,0.421994,-0.299761
741,0.419996,-0.292718
742,0.417598,-0.285800
743,0.414812,-0.279067
744,0.411663,-0.272445
745,0.408023,-0.266147
746,0.404142,-0.259974
747,0.399914,-0.254022
748,0.395352,-0.248318
749,0.390470,-0.242883
750,0.385286,-0.237735
751,0.379814,-0.232891
752,0.374075,-0.228367
753,0.368190,-0.224610
754,0.361994,-0.220784
755,0.355584,-0.217303
756,0.348931,-0.214178
757,0.342146,-0.211444
758,0.335226,-0.209101
759,0.328187,-0.207157
760,0.321047,-0.205619
761,0.313831,-0.204490
762,0.306562,-0.203776
763,0.299268,-0.203529
764,0.291918,-0.203603
765,0.284628,-0.204118
766,0.277388,-0.205053
767,0.270217,-0.206402
768,0.263133,-0.208158
769,0.256198,-0.210246
770,0.249326,-0.212848
771,0.242624,-0.215798
772,0.236105,-0.219116
773,0.229901,-0.222911
774,0.223825,-0.226943
775,0.217977,-0.231316
776,0.212386,-0.236016
777,0.207070,-0.241029
778,0.202049,-0.246339
779,0.197339,-0.251927
780,0.192955,-0.257775
781,0.189341,-0.263752
782,0.185668,-0.270040
783,0.182343,-0.276533
784,0.179433,-0.283178
785,0.176824,-0.290017
786,0.174633,-0.296978
787,0.172848,-0.304049
788,0.171479,-0.311262
789,0.170518,-0.318509
790,0.169969,-0.325787
791,0.169836,-0.333081
792,0.170120,-0.340370
793,0.170819,-0.347632
794,0.171931,-0.354842
795,0.173407,-0.361952
796,0.175358,-0.369018
797,0.177688,-0.375954
798,0.180404,-0.382743
799,0.183503,-0.389366
800,0.186975,-0.395802
801,0.190920,-0.401910
802,0.195098,-0.407885
803,0.199612,-0.413624
804,0.204447,-0.419100
805,0.209574,-0.424257
806,0.214992,-0.429175
807,0.220677,-0.433757
808,0.226614,-0.438003
809,0.232823,-0.441747
810,0.239191,-0.445277
811,0.245757,-0.448442
812,0.252494,-0.451228
813,0.259381,-0.453626
814,0.266324,-0.455667
815,0.273495,-0.457244
816,0.280695,-0.458274
817,0.287944,-0.459050
818,0.295232,-0.459416
819,0.302531,-0.459368
820,0.309816,-0.458903
821,0.317064,-0.458023
822,0.324251,-0.456730
823,0.331283,-0.454885
824,0.338246,-0.452776
825,0.345008,-0.450250
826,0.351767,-0.447400
827,0.358304,-0.444157
828,0.364634,-0.440544
829,0.370745,-0.436574
830,0.376619,-0.432262
831,0.381822,-0.427618
832,0.387124,-0.422681
833,0.392195,-0.417400
834,0.396947,-0.411870
835,0.401374,-0.406087
836,0.405464,-0.400063
837,0.409203,-0.393815
838,0.412580,-0.387364
839,0.415583,-0.380729
840,0.418215,-0.373875
841,0.420443,-0.366930
842,0.422270,-0.359875
843,0.423692,-0.352728
844,0.424704,-0.345511
845,0.425301,-0.338247
846,0.425476,-0.331100
847,0.425246,-0.323743
848,0.424615,-0.316461
849,0.423575,-0.309240
850,0.422125,-0.302093
851,0.420269,-0.295041
852,0.417867,-0.288214
853,0.415221,-0.281435
854,0.412193,-0.274812
855,0.408791,-0.268370
856,0.405026,-0.262132
857,0.400911,-0.256119
858,0.396458,-0.250349
859,0.391682,-0.244842
860,0.386522,-0.239761
861,0.381157,-0.234847
862,0.375520,-0.230242
863,0.369625,-0.225964
864,0.363495,-0.222029
865,0.357150,-0.218450
866,0.350609,-0.215239
867,0.344041,-0.212787
868,0.337187,-0.210363
869,0.330245,-0.208348
870,0.323149,-0.206653
871,0.315986,-0.205385
872,0.308767,-0.204534
873,0.301512,-0.204097
874,0.294187,-0.204088
875,0.286917,-0.204487
876,0.279688,-0.205298
877,0.272520,-0.206519
878,0.265433,-0.208147
879,0.258449,-0.210178
880,0.251636,-0.212509
881,0.244889,-0.215397
882,0.238330,-0.218606
883,0.231970,-0.222170
884,0.225823,-0.226088
885,0.219911,-0.230350
886,0.214251,-0.234944
887,0.208995,-0.239945
888,0.203924,-0.245141
889,0.199140,-0.250625
890,0.194706,-0.256357
891,0.190545,-0.262346
892,0.186750,-0.268556
893,0.183321,-0.274971
894,0.180263,-0.281572
895,0.177946,-0.288145
896,0.175697,-0.295012
897,0.173810,-0.302018
898,0.172318,-0.309126
899,0.171241,-0.316356
900,0.170576,-0.323616
901,0.170319,-0.330885
902,0.170477,-0.338154
903,0.171049,-0.345401
904,0.172034,-0.352604
905,0.173429,-0.359740
906,0.175256,-0.366838
907,0.177463,-0.373780
908,0.180059,-0.380579
909,0.183037,-0.387217
910,0.186401,-0.393546
911,0.190098,-0.399841
912,0.194064,-0.405868
913,0.198518,-0.411681
914,0.203246,-0.417231
915,0.208271,-0.422501
916,0.213663,-0.427307
917,0.219243,-0.431956
918,0.225081,-0.436285
919,0.231158,-0.440275
920,0.237455,-0.443912
921,0.243949,-0.447184
922,0.250621,-0.450081
923,0.257448,-0.452592
924,0.264404,-0.454545
925,0.271459,-0.456255
926,0.278606,-0.457562
927,0.285819,-0.458460
928,0.293071,-0.458946
929,0.300341,-0.459016
930,0.307605,-0.458670
931,0.314541,-0.457653
932,0.321689,-0.456464
933,0.328711,-0.454866
934,0.335740,-0.452933
935,0.342613,-0.450590
936,0.349332,-0.447855
937,0.355882,-0.444740
938,0.362290,-0.441220
939,0.368449,-0.437370
940,0.374375,-0.433180
941,0.380051,-0.428659
942,0.385460,-0.423819
943,0.390584,-0.418680
944,0.395412,-0.413330
945,0.399922,-0.407578
946,0.404108,-0.401619
947,0.407949,-0.395440
948,0.411432,-0.389055
949,0.414546,-0.382481
950,0.417279,-0.375740
951,0.419623,-0.368852
952,0.421385,-0.361851
953,0.422921,-0.354755
954,0.424018,-0.347619
955,0.424778,-0.340372
956,0.425104,-0.333115
957,0.425011,-0.325856
958,0.424501,-0.318614
959,0.423580,-0.311413
960,0.422035,-0.304662
961,0.420303,-0.297642
962,0.418180,-0.290714
963,0.415632,-0.283871
964,0.412722,-0.277211
965,0.409446,-0.270735
966,0.405806,-0.264459
967,0.401815,-0.258401
968,0.397483,-0.252581
969,0.392826,-0.247016
970,0.387809,-0.241692
971,0.382537,-0.236689
972,0.376994,-0.231999
973,0.371193,-0.227633
974,0.365152,-0.223605
975,0.358943,-0.220018
976,0.352434,-0.216668
977,0.345793,-0.213715
978,0.339006,-0.211149
979,0.332086,-0.208976
980,0.325290,-0.207532
981,0.318211,-0.206191
982,0.311043,-0.205227
983,0.303765,-0.204671
984,0.296514,-0.204525
985,0.289272,-0.204790
986,0.282058,-0.205468
987,0.274893,-0.206558
988,0.267801,-0.208054
989,0.260759,-0.209984
990,0.253871,-0.212290
991,0.247134,-0.214978
992,0.240563,-0.218045
993,0.234177,-0.221483
994,0.227998,-0.225280
995,0.222044,-0.229425
996,0.216337,-0.233853
997,0.210878,-0.238674
998,0.205737,-0.243767
999,0.200834,-0.249146
1000,0.196265,-0.254790
1001,0.192189,-0.260735
1002,0.188312,-0.266849
1003,0.184784,-0.273179
1004,0.181622,-0.279703
1005,0.178836,-0.286397
1006,0.176437,-0.293240
1007,0.174433,-0.300210
1008,0.173146,-0.307044
1009,0.171984,-0.314150
1010,0.171196,-0.321339
1011,0.170811,-0.328570
1012,0.170838,-0.335814
1013,0.171279,-0.343047
1014,0.172132,-0.350243
1015,0.173422,-0.357428
1016,0.175102,-0.364496
1017,0.177174,-0.371448
1018,0.179662,-0.378192
1019,0.182479,-0.384910
1020,0.185684,-0.391413
1021,0.189259,-0.397713
1022,0.193136,-0.403788
1023,0.197432,-0.409656
1024,0.202037,-0.415267
1025,0.206949,-0.420607
1026,0.212158,-0.425657
1027,0.217646,-0.430402
1028,0.223398,-0.434826
1029,0.229439,-0.438755
1030,0.235646,-0.442482
1031,0.242061,-0.445855
1032,0.248660,-0.448859
1033,0.255420,-0.451481
1034,0.262321,-0.453713
1035,0.269338,-0.455547
1036,0.276445,-0.456814
1037,0.283601,-0.457819
1038,0.290818,-0.458423
1039,0.297965,-0.458559
1040,0.305226,-0.458372
1041,0.312495,-0.457739
1042,0.319676,-0.456706
1043,0.326775,-0.455269
1044,0.333411,-0.453255
1045,0.340243,-0.451015
1046,0.346973,-0.448403
1047,0.353552,-0.445415
1048,0.360001,-0.442018
1049,0.366207,-0.438292
1050,0.372186,-0.434221
1051,0.377923,-0.429816
1052,0.383400,-0.425091
1053,0.388598,-0.420060
1054,0.393524,-0.414686
1055,0.398120,-0.409078
1056,0.402385,-0.403227
1057,0.406309,-0.397144
1058,0.409879,-0.390847
1059,0.413084,-0.384357
1060,0.415914,-0.377693
1061,0.418384,-0.370920
1062,0.420415,-0.363976
1063,0.422105,-0.356908
1064,0.423378,-0.349773
1065,0.424073,-0.342613
1066,0.424515,-0.335400
1067,0.424548,-0.328167
1068,0.424168,-0.320943
1069,0.423376,-0.313750
1070,0.422175,-0.306613
1071,0.420567,-0.299556
1072,0.418415,-0.292687
1073,0.416010,-0.285884
1074,0.413224,-0.279215
1075,0.410062,-0.272713
1076,0.406533,-0.266399
1077,0.402649,-0.260297
1078,0.398421,-0.254425
1079,0.393865,-0.248804
1080,0.388961,-0.243855
1081,0.383794,-0.238812
1082,0.378374,-0.234141
1083,0.372680,-0.229627
1084,0.366752,-0.225492
1085,0.360601,-0.221714
1086,0.354243,-0.218296
1087,0.347757,-0.215226
1088,0.341011,-0.212557
1089,0.334146,-0.210264
1090,0.327167,-0.208364
1091,0.320092,-0.206864
1092,0.312943,-0.205771
1093,0.305742,-0.205088
1094,0.298513,-0.204817
1095,0.291280,-0.204959
1096,0.284065,-0.205514
1097,0.276893,-0.206481
1098,0.269788,-0.207855
1099,0.262771,-0.209634
1100,0.255952,-0.211953
1101,0.249216,-0.214523
1102,0.242618,-0.217470
1103,0.236324,-0.220803
1104,0.230060,-0.224465
1105,0.224045,-0.228477
1106,0.218242,-0.232873
1107,0.212726,-0.237556
1108,0.207628,-0.242628
1109,0.202723,-0.247892
1110,0.198104,-0.253427
1111,0.193803,-0.259220
1112,0.189839,-0.265249
1113,0.186217,-0.271472
1114,0.182958,-0.277945
1115,0.180067,-0.284577
1116,0.177558,-0.291361
1117,0.175610,-0.298271
1118,0.173898,-0.305281
1119,0.172585,-0.312382
1120,0.171678,-0.319550
1121,0.171183,-0.326759
1122,0.171100,-0.333985
1123,0.171430,-0.341206
1124,0.172328,-0.348335
1125,0.173485,-0.355446
1126,0.175082,-0.362377
1127,0.177011,-0.369355
1128,0.179340,-0.376187
1129,0.182057,-0.382869
1130,0.185151,-0.389383
1131,0.188658,-0.395749
1132,0.192551,-0.401459
1133,0.196705,-0.407313
1134,0.201180,-0.412949
1135,0.205970,-0.418327
1136,0.211060,-0.423425
1137,0.216434,-0.428224
1138,0.222128,-0.432737
1139,0.228024,-0.436896
1140,0.234142,-0.440710
1141,0.240468,-0.444169
1142,0.246981,-0.447261
1143,0.253660,-0.449976
1144,0.260547,-0.452304
1145,0.267509,-0.454237
1146,0.274560,-0.455772
1147,0.281685,-0.456902
1148,0.288864,-0.457623
1149,0.295984,-0.457880
1150,0.303210,-0.457805
1151,0.310384,-0.457333
1152,0.317502,-0.456262
1153,0.324570,-0.454939
1154,0.331567,-0.453228
1155,0.338459,-0.451122
1156,0.345222,-0.448626
1157,0.351832,-0.445747
1158,0.358267,-0.442496
1159,0.364508,-0.438882
1160,0.370533,-0.434917
1161,0.376181,-0.430511
1162,0.381700,-0.425891
1163,0.386952,-0.420961
1164,0.391917,-0.415738
1165,0.396576,-0.410239
1166,0.400914,-0.404482
1167,0.404917,-0.398486
1168,0.408196,-0.392399
1169,0.411445,-0.385960
1170,0.414362,-0.379372
1171,0.416908,-0.372635
1172,0.419049,-0.365794
1173,0.420841,-0.358814
1174,0.422218,-0.351753
1175,0.423187,-0.344627
1176,0.423738,-0.337396
1177,0.423884,-0.330198
1178,0.423621,-0.323007
1179,0.422948,-0.315845
1180,0.421867,-0.308732
1181,0.420385,-0.301692
1182,0.418558,-0.294779
1183,0.416239,-0.287919
1184,0.413566,-0.281213
1185,0.410523,-0.274674
1186,0.407114,-0.268320
1187,0.403348,-0.262170
1188,0.399235,-0.256245
1189,0.394691,-0.250704
1190,0.389937,-0.245303
1191,0.384879,-0.240174
1192,0.379549,-0.235417
1193,0.373944,-0.230836
1194,0.368097,-0.226623
1195,0.362021,-0.222762
1196,0.355689,-0.219418
1197,0.349234,-0.216304
1198,0.342600,-0.213547
1199,0.335817,-0.211170
1200,0.328907,-0.209182
1201,0.321953,-0.207556
1202,0.314812,-0.206388
1203,0.307641,-0.205604
1204,0.300443,-0.205226
1205,0.293299,-0.205440
1206,0.286124,-0.205886
1207,0.278980,-0.206739
1208,0.271894,-0.207998
1209,0.264890,-0.209659
1210,0.257991,-0.211719
1211,0.251220,-0.214169
1212,0.244600,-0.217002
1213,0.238328,-0.220345
1214,0.232053,-0.223890
1215,0.226014,-0.227789
1216,0.220213,-0.232027
1217,0.214665,-0.236590
1218,0.209386,-0.241463
1219,0.204394,-0.246631
1220,0.199699,-0.252009
1221,0.195501,-0.257820
1222,0.191463,-0.263768
1223,0.187763,-0.269933
1224,0.184419,-0.276298
1225,0.181444,-0.282845
1226,0.178846,-0.289551
1227,0.176636,-0.296395
1228,0.174820,-0.303356
1229,0.173576,-0.310394
1230,0.172577,-0.317498
1231,0.171975,-0.324655
1232,0.171784,-0.331839
1233,0.172003,-0.339024
1234,0.172677,-0.346087
1235,0.173690,-0.353208
1236,0.175112,-0.360248
1237,0.177082,-0.367097
1238,0.179299,-0.373907
1239,0.181843,-0.380564
1240,0.184852,-0.387113
1241,0.188205,-0.393476
1242,0.191909,-0.399634
1243,0.195957,-0.405571
1244,0.200338,-0.411268
1245,0.205136,-0.416539
1246,0.210130,-0.421684
1247,0.215412,-0.426543
1248,0.220964,-0.431094
1249,0.226768,-0.435321
1250,0.232805,-0.439211
1251,0.239055,-0.442750
1252,0.245498,-0.445926
1253,0.252132,-0.448557
1254,0.258880,-0.450964
1255,0.265761,-0.452989
1256,0.272749,-0.454621
1257,0.279739,-0.455787
1258,0.286940,-0.456627
1259,0.294110,-0.457057
1260,0.301282,-0.457077
1261,0.308095,-0.456424
1262,0.315186,-0.455625
1263,0.322239,-0.454434
1264,0.329259,-0.452812
1265,0.336158,-0.450805
1266,0.342917,-0.448425
1267,0.349526,-0.445665
1268,0.355967,-0.442534
1269,0.362219,-0.439039
1270,0.368262,-0.435193
1271,0.374114,-0.430960
1272,0.379685,-0.426441
1273,0.384985,-0.421617
1274,0.390001,-0.416498
1275,0.394717,-0.411100
1276,0.399117,-0.405441
1277,0.403202,-0.399626
1278,0.406925,-0.393437
1279,0.410307,-0.387086
1280,0.413303,-0.380589
1281,0.415800,-0.373893
1282,0.418048,-0.367108
1283,0.419914,-0.360197
1284,0.421385,-0.353187
1285,0.422454,-0.346104
1286,0.423116,-0.338970
1287,0.423370,-0.331809
1288,0.423215,-0.324645
1289,0.422490,-0.317550
1290,0.421500,-0.310485
1291,0.420124,-0.303467
1292,0.418350,-0.296532
1293,0.416183,-0.289708
1294,0.413630,-0.283017
1295,0.410698,-0.276483
1296,0.407447,-0.270141
1297,0.403755,-0.263959
1298,0.399632,-0.258138
1299,0.395299,-0.252442
1300,0.390653,-0.247071
1301,0.385712,-0.241834
1302,0.380484,-0.236931
1303,0.374987,-0.232344
1304,0.369236,-0.228081
1305,0.363251,-0.224153
1306,0.357009,-0.220744
1307,0.350630,-0.217543
1308,0.344072,-0.214701
1309,0.337359,-0.212236
1310,0.330515,-0.210156
1311,0.323562,-0.208471
1312,0.316523,-0.207185
1313,0.309422,-0.206303
1314,0.302576,-0.206121
1315,0.295402,-0.206094
1316,0.288262,-0.206434
1317,0.281153,-0.207173
1318,0.274097,-0.208316
1319,0.267117,-0.209859
1320,0.260235,-0.211799
1321,0.253545,-0.214198
1322,0.246892,-0.216899
1323,0.240434,-0.219970
1324,0.234171,-0.223402
1325,0.228115,-0.227186
1326,0.222285,-0.231311
1327,0.216700,-0.235762
1328,0.211377,-0.240474
1329,0.206320,-0.245562
1330,0.201559,-0.250911
1331,0.197111,-0.256518
1332,0.192990,-0.262370
1333,0.189210,-0.268447
1334,0.185947,-0.274775
1335,0.182915,-0.281226
1336,0.180237,-0.287848
1337,0.177935,-0.294617
1338,0.176023,-0.301507
1339,0.174508,-0.308497
1340,0.173393,-0.315563
1341,0.172684,-0.322682
1342,0.172382,-0.329831
1343,0.172762,-0.336662
1344,0.173312,-0.343712
1345,0.174191,-0.350814
1346,0.175483,-0.357836
1347,0.177216,-0.364821
1348,0.179311,-0.371653
1349,0.181788,-0.378348
1350,0.184643,-0.384890
1351,0.187866,-0.391258
1352,0.191449,-0.397432
1353,0.195426,-0.403419
1354,0.199715,-0.409155
1355,0.204306,-0.414631
1356,0.209200,-0.419834
1357,0.214381,-0.424748
1358,0.219835,-0.429358
1359,0.225544,-0.433650
1360,0.231426,-0.437624
1361,0.237628,-0.441244
1362,0.244003,-0.444513
1363,0.250548,-0.447416
1364,0.257253,-0.449742
1365,0.264040,-0.451848
1366,0.270974,-0.453617
1367,0.277986,-0.454975
1368,0.285062,-0.455927
1369,0.292181,-0.456473
1370,0.299320,-0.456611
1371,0.306456,-0.456341
1372,0.313501,-0.455498
1373,0.320533,-0.454411
1374,0.327505,-0.452927
1375,0.334386,-0.451048
1376,0.341150,-0.448779
1377,0.347775,-0.446127
1378,0.354238,-0.443101
1379,0.360503,-0.439760
1380,0.366482,-0.435861
1381,0.372316,-0.431769
1382,0.377928,-0.427359
1383,0.383286,-0.422637
1384,0.388366,-0.417617
1385,0.393085,-0.412327
1386,0.397613,-0.406767
1387,0.401779,-0.400966
1388,0.405599,-0.394939
1389,0.408893,-0.388666
1390,0.411982,-0.382258
1391,0.414707,-0.375677
1392,0.417055,-0.368950
1393,0.419015,-0.362099
1394,0.420580,-0.355146
1395,0.421747,-0.348114
1396,0.422510,-0.341026
1397,0.422572,-0.334209
1398,0.422486,-0.327056
1399,0.422033,-0.319947
1400,0.421182,-0.312875
1401,0.419931,-0.305863
1402,0.418281,-0.298933
1403,0.416238,-0.292108
1404,0.413759,-0.285367
1405,0.410934,-0.278810
1406,0.407745,-0.272539
1407,0.404224,-0.266331
1408,0.400356,-0.260353
1409,0.396153,-0.254609
1410,0.391630,-0.249116
1411,0.386738,-0.243858
1412,0.381608,-0.238916
1413,0.376209,-0.234277
1414,0.370555,-0.229954
1415,0.364663,-0.225960
1416,0.358551,-0.222310
1417,0.352267,-0.219158
1418,0.345748,-0.216260
1419,0.339095,-0.213702
1420,0.332310,-0.211520
1421,0.325413,-0.209727
1422,0.318424,-0.208331
1423,0.311366,-0.207334
1424,0.304262,-0.206743
1425,0.297135,-0.206559
1426,0.290068,-0.206951
1427,0.282986,-0.207585
1428,0.275941,-0.208619
1429,0.269000,-0.210063
1430,0.262101,-0.211870
1431,0.255337,-0.214075
1432,0.248714,-0.216664
1433,0.242251,-0.219628
1434,0.236378,-0.223054
1435,0.230330,-0.226727
1436,0.224438,-0.230790
1437,0.218805,-0.235137
1438,0.213431,-0.239790
1439,0.208331,-0.244742
1440,0.203523,-0.249976
1441,0.199021,-0.255477
1442,0.194840,-0.261226
1443,0.190989,-0.267289
1444,0.187493,-0.273487
1445,0.184360,-0.279868
1446,0.181596,-0.286418
1447,0.179211,-0.293114
1448,0.177212,-0.299937
1449,0.175627,-0.306772
1450,0.174376,-0.313841
1451,0.173540,-0.320923
1452,0.173111,-0.328030
1453,0.173090,-0.335146
1454,0.173475,-0.342253
1455,0.174447,-0.349240
1456,0.175642,-0.356239
1457,0.177232,-0.363165
1458,0.179216,-0.369991
1459,0.181586,-0.376695
1460,0.184336,-0.383253
1461,0.187456,-0.389643
1462,0.190936,-0.395847
1463,0.194887,-0.401706
1464,0.199048,-0.407438
1465,0.203531,-0.412938
1466,0.208323,-0.418178
1467,0.213406,-0.423136
1468,0.218704,-0.427802
1469,0.224367,-0.432166
1470,0.230219,-0.436166
1471,0.236301,-0.439904
1472,0.242607,-0.443066
1473,0.249045,-0.446046
1474,0.255646,-0.448659
1475,0.262387,-0.450891
1476,0.269246,-0.452735
1477,0.276200,-0.454185
1478,0.283226,-0.455235
1479,0.290302,-0.455882
1480,0.297363,-0.455950
1481,0.304438,-0.455773
1482,0.311507,-0.455202
1483,0.318538,-0.454229
1484,0.325497,-0.452856
1485,0.332365,-0.451084
1486,0.339122,-0.448921
1487,0.345727,-0.446426
1488,0.352229,-0.443484
1489,0.358416,-0.440072
1490,0.364415,-0.436422
1491,0.370378,-0.432480
1492,0.376051,-0.428196
1493,0.381457,-0.423594
1494,0.386588,-0.418691
1495,0.391431,-0.413502
1496,0.395970,-0.408044
1497,0.400018,-0.402278
1498,0.403888,-0.396350
1499,0.407423,-0.390206
1500,0.410603,-0.383868
1501,0.413418,-0.377357
1502,0.415856,-0.370696
1503,0.417909,-0.363907
1504,0.419569,-0.357011
1505,0.420501,-0.350290
1506,0.421326,-0.343221
1507,0.421789,-0.336150
1508,0.421856,-0.329063
1509,0.421519,-0.321984
1510,0.420780,-0.314934
1511,0.419609,-0.307999
1512,0.418064,-0.300988
1513,0.416144,-0.294154
1514,0.413838,-0.287456
1515,0.411155,-0.280904
1516,0.408101,-0.274516
1517,0.404687,-0.268317
1518,0.400923,-0.262324
1519,0.396846,-0.256558
1520,0.392400,-0.251008
1521,0.387661,-0.245721
1522,0.382632,-0.240714
1523,0.377326,-0.236001
1524,0.371759,-0.231599
1525,0.365949,-0.227522
1526,0.359875,-0.223964
1527,0.353650,-0.220587
1528,0.347238,-0.217566
1529,0.340661,-0.214914
1530,0.333943,-0.212641
1531,0.327104,-0.210756
1532,0.320199,-0.209291
1533,0.313182,-0.208166
1534,0.306167,-0.207639
1535,0.299110,-0.207347
1536,0.292043,-0.207458
1537,0.284938,-0.208011
1538,0.277918,-0.208935
1539,0.270973,-0.210258
1540,0.264115,-0.211971
1541,0.257362,-0.214073
1542,0.250866,-0.216712
1543,0.244387,-0.219631
1544,0.238090,-0.222865
1545,0.231993,-0.226443
1546,0.226117,-0.230363
1547,0.220468,-0.234610
1548,0.215073,-0.239174
1549,0.209946,-0.244039
1550,0.205094,-0.249137
1551,0.200701,-0.254658
1552,0.196547,-0.260307
1553,0.192577,-0.266206
1554,0.188989,-0.272309
1555,0.185764,-0.278604
1556,0.182906,-0.285071
1557,0.180423,-0.291692
1558,0.178322,-0.298445
1559,0.176791,-0.305307
1560,0.175494,-0.312227
1561,0.174581,-0.319226
1562,0.174066,-0.326271
1563,0.173954,-0.333336
1564,0.174245,-0.340397
1565,0.174939,-0.347431
1566,0.176034,-0.354415
1567,0.177529,-0.361320
1568,0.179601,-0.367761
1569,0.181922,-0.374460
1570,0.184566,-0.381007
1571,0.187572,-0.387395
1572,0.190938,-0.393603
1573,0.194649,-0.399563
1574,0.198681,-0.405379
1575,0.203106,-0.410957
1576,0.207788,-0.416248
1577,0.212755,-0.421258
1578,0.217998,-0.425976
1579,0.223502,-0.430387
1580,0.229247,-0.434471
1581,0.235214,-0.438215
1582,0.241482,-0.441600
1583,0.247844,-0.444633
1584,0.254371,-0.447301
1585,0.261038,-0.449594
1586,0.267821,-0.451500
1587,0.274709,-0.453018
1588,0.281727,-0.453945
1589,0.288706,-0.454626
1590,0.295744,-0.454945
1591,0.302792,-0.454865
1592,0.309817,-0.454379
1593,0.316668,-0.453426
1594,0.323705,-0.452136
1595,0.330572,-0.450479
1596,0.337318,-0.448435
1597,0.343830,-0.445859
1598,0.350259,-0.443059
1599,0.356538,-0.439900
1600,0.362665,-0.436322
1601,0.368546,-0.432449
1602,0.374191,-0.428256
1603,0.379589,-0.423749
1604,0.384717,-0.418942
1605,0.389566,-0.413848
1606,0.393720,-0.408535
1607,0.397935,-0.402870
1608,0.401849,-0.397032
1609,0.405433,-0.390983
1610,0.408667,-0.384739
1611,0.411540,-0.378321
1612,0.414042,-0.371747
1613,0.416151,-0.364970
1614,0.417883,-0.358141
1615,0.419225,-0.351232
1616,0.420171,-0.344259
1617,0.420698,-0.337274
1618,0.420866,-0.330235
1619,0.420573,-0.323168
1620,0.419899,-0.316166
1621,0.418841,-0.309223
1622,0.417393,-0.302354
1623,0.415555,-0.295579
1624,0.413332,-0.288923
1625,0.410791,-0.282418
1626,0.407792,-0.276014
1627,0.404334,-0.269937
1628,0.400668,-0.263944
1629,0.396666,-0.258161
1630,0.392340,-0.252614
1631,0.387704,-0.247322
1632,0.382773,-0.242303
1633,0.377562,-0.237572
1634,0.372089,-0.233146
1635,0.366311,-0.229221
1636,0.360383,-0.225470
1637,0.354272,-0.222115
1638,0.347942,-0.218997
1639,0.341460,-0.216279
1640,0.334838,-0.213943
1641,0.328093,-0.211991
1642,0.321253,-0.210431
1643,0.314333,-0.209268
1644,0.307415,-0.208662
1645,0.300393,-0.208301
1646,0.293364,-0.208325
1647,0.286349,-0.208746
1648,0.279369,-0.209566
1649,0.272446,-0.210784
1650,0.265604,-0.212395
1651,0.258863,-0.214395
1652,0.252354,-0.216930
1653,0.245918,-0.219687
1654,0.239631,-0.222804
1655,0.233527,-0.226276
1656,0.227629,-0.230091
1657,0.221958,-0.234237
1658,0.216579,-0.238696
1659,0.211384,-0.243448
1660,0.206493,-0.248486
1661,0.202082,-0.253870
1662,0.197833,-0.259509
1663,0.193905,-0.265299
1664,0.194254,-0.270522
1665,0.195289,-0.275844
1666,0.195699,-0.281725
1667,0.195508,-0.288105
1668,0.194705,-0.294733
1669,0.193549,-0.301484
1670,0.192740,-0.308060
1671,0.191810,-0.314974
1672,0.191220,-0.321951
1673,0.191016,-0.328956
1674,0.191209,-0.335964
1675,0.191801,-0.342951
1676,0.193932,-0.349918
1677,0.196946,-0.357024
1678,0.199324,-0.363889
1679,0.201595,-0.370647
1680,0.204148,-0.377214
1681,0.207046,-0.383609
1682,0.210299,-0.389821
1683,0.213901,-0.395828
1684,0.217841,-0.401620
1685,0.222105,-0.407176
1686,0.226618,-0.412482
1687,0.231532,-0.417546
1688,0.236698,-0.422324
1689,0.242120,-0.426800
1690,0.248011,-0.430901
1691,0.256538,-0.434290
1692,0.263840,-0.434607
1693,0.270611,-0.434487
1694,0.279242,-0.435991
1695,0.288297,-0.437264
1696,0.297491,-0.438065
1697,0.306740,-0.438212
1698,0.315980,-0.437954
1699,0.325208,-0.437178
1700,0.334384,-0.435878
1701,0.343473,-0.434056
1702,0.352446,-0.431718
1703,0.361267,-0.428869
1704,0.369540,-0.425341
1705,0.377980,-0.421493
1706,0.386183,-0.417200
1707,0.394134,-0.412445
1708,0.401802,-0.407244
1709,0.409162,-0.401612
1710,0.416190,-0.395570
1711,0.422889,-0.389100
1712,0.429189,-0.382293
1713,0.435087,-0.375139
1714,0.440566,-0.367659
1715,0.445610,-0.359879
1716,0.450202,-0.351823
1717,0.454338,-0.343473
1718,0.457985,-0.334944
1719,0.461130,-0.326223
1720,0.463765,-0.317340
1721,0.465892,-0.308317
1722,0.467392,-0.299290
1723,0.468514,-0.290023
1724,0.468966,-0.280775
1725,0.469012,-0.271526
1726,0.468534,-0.262282
1727,0.467529,-0.253078
1728,0.466001,-0.243944
1729,0.463918,-0.234878
1730,0.461350,-0.225994
1731,0.458162,-0.217336
1732,0.454602,-0.208814
1733,0.450559,-0.200501
1734,0.446161,-0.192483
1735,0.441183,-0.184635
1736,0.435781,-0.177088
1737,0.429871,-0.169967
1738,0.423661,-0.163106
1739,0.417066,-0.156601
1740,0.410109,-0.150480
1741,0.402812,-0.144764
1742,0.395201,-0.139474
1743,0.387299,-0.134626
1744,0.379083,-0.130384
1745,0.370726,-0.126501
1746,0.362129,-0.123053
1747,0.353352,-0.120115
1748,0.344422,-0.117684
1749,0.335369,-0.115766
1750,0.326209,-0.114507
1751,0.317022,-0.113649
1752,0.307787,-0.113307
1753,0.298544,-0.113493
1754,0.289291,-0.114232
1755,0.280126,-0.115472
1756,0.271055,-0.117239
1757,0.262161,-0.119655
1758,0.253364,-0.122441
1759,0.244729,-0.125722
1760,0.236382,-0.129380
1761,0.228127,-0.133653
1762,0.220134,-0.138363
1763,0.212428,-0.143513
1764,0.205195,-0.149177
1765,0.198106,-0.155139
1766,0.191394,-0.161503
1767,0.185061,-0.168240
1768,0.179123,-0.175327
1769,0.174612,-0.182688
1770,0.170162,-0.190347
1771,0.165665,-0.198248
1772,0.161524,-0.206451
1773,0.157834,-0.214904
1774,0.156520,-0.221988
1775,0.159365,-0.226161
1776,0.162909,-0.230478
1777,0.166319,-0.235377
1778,0.169790,-0.240881
1779,0.172350,-0.247602
1780,0.174387,-0.255376
1781,0.175798,-0.263800
1782,0.177124,-0.272695
1783,0.178785,-0.281548
1784,0.180771,-0.290529
1785,0.183270,-0.299363
1786,0.186268,-0.308035
1787,0.189756,-0.316521
1788,0.193723,-0.324794
1789,0.198155,-0.332828
1790,0.203039,-0.340598
1791,0.208358,-0.348076
1792,0.214096,-0.355240
1793,0.220234,-0.362065
1794,0.226751,-0.368530
1795,0.233628,-0.374613
1796,0.240840,-0.380294
1797,0.248319,-0.385188
1798,0.256055,-0.389696
1799,0.263890,-0.393933
