0,0.551532,0.887490
1,0.560509,0.879155
2,0.573486,0.868176
3,0.587061,0.857946
4,0.601195,0.848505
5,0.615843,0.839883
6,0.619951,0.837497
7,0.619951,0.837497
8,0.619951,0.837497
9,0.629799,0.844782
10,0.642607,0.855952
11,0.654722,0.867873
12,0.666140,0.880465
13,0.676823,0.893686
14,0.686736,0.907493
15,0.695848,0.921842
16,0.704129,0.936686
17,0.706419,0.940848
18,0.706419,0.940848
19,0.706419,0.940848
20,0.706419,0.940848
21,0.706419,0.940848
22,0.706419,0.940848
23,0.706419,0.940848
24,0.696359,0.933857
25,0.683226,0.923072
26,0.670763,0.911515
27,0.658977,0.899267
28,0.647907,0.886369
29,0.637589,0.872861
30,0.628056,0.858789
31,0.619339,0.844197
32,0.611466,0.829132
33,0.604463,0.813644
34,0.598353,0.797783
35,0.593155,0.781600
36,0.588887,0.765147
37,0.585561,0.748478
38,0.583189,0.731647
39,0.581779,0.714708
40,0.581334,0.697716
41,0.581857,0.680727
42,0.583346,0.663794
43,0.585796,0.646974
44,0.589199,0.630321
45,0.593544,0.613888
46,0.598816,0.597729
47,0.605000,0.581896
48,0.606753,0.577482
49,0.615387,0.568792
50,0.628294,0.557736
51,0.641844,0.547474
52,0.655956,0.538000
53,0.659914,0.535375
54,0.659914,0.535375
55,0.659914,0.535375
56,0.670177,0.542064
57,0.683624,0.552455
58,0.696425,0.563637
59,0.708568,0.575531
60,0.718497,0.585173
61,0.721939,0.583659
62,0.722258,0.583542
63,0.722258,0.583542
64,0.722258,0.583542
65,0.722258,0.583542
66,0.722258,0.583542
67,0.722258,0.583542
68,0.722258,0.583542
69,0.711145,0.578389
70,0.696350,0.570028
71,0.682082,0.560790
72,0.668362,0.550756
73,0.655236,0.539957
74,0.642745,0.528429
75,0.630930,0.516209
76,0.619830,0.503337
77,0.609480,0.489854
78,0.599914,0.475804
79,0.591163,0.461232
80,0.583255,0.446186
81,0.576216,0.430715
82,0.570068,0.414868
83,0.564833,0.398697
84,0.560525,0.382254
85,0.557160,0.365593
86,0.554749,0.348767
87,0.553299,0.331832
88,0.552814,0.314841
89,0.553297,0.297850
90,0.554747,0.280915
91,0.557157,0.264089
92,0.560520,0.247428
93,0.564827,0.230985
94,0.570061,0.214813
95,0.576208,0.198966
96,0.583246,0.183494
97,0.591152,0.168447
98,0.599903,0.153875
99,0.606870,0.143860
100,0.609663,0.141379
101,0.615637,0.135914
102,0.626394,0.125221
103,0.638511,0.114654
104,0.651545,0.104108
105,0.665222,0.094338
106,0.672506,0.093035
107,0.675280,0.095085
108,0.678196,0.096956
109,0.681328,0.098742
110,0.684699,0.100484
111,0.688320,0.102217
112,0.692204,0.103975
113,0.697125,0.106659
114,0.704999,0.113353
115,0.712682,0.121090
116,0.719913,0.129251
117,0.726666,0.137812
118,0.732920,0.146741
119,0.738653,0.156013
120,0.743848,0.165596
121,0.748488,0.175459
122,0.752558,0.185568
123,0.756046,0.195893
124,0.758938,0.206399
125,0.761227,0.217052
126,0.762905,0.227816
127,0.763966,0.238656
128,0.764408,0.249539
129,0.764229,0.260430
130,0.763430,0.271291
131,0.762013,0.282088
132,0.759983,0.292785
133,0.757345,0.303347
134,0.754236,0.313615
135,0.750418,0.323813
136,0.746027,0.333775
137,0.741074,0.343471
138,0.735721,0.352771
139,0.729699,0.361845
140,0.723172,0.370560
141,0.716160,0.378887
142,0.708838,0.386749
143,0.700969,0.394221
144,0.692646,0.401239
145,0.683937,0.407770
146,0.674870,0.413793
147,0.665701,0.419338
148,0.656007,0.424299
149,0.646045,0.428700
150,0.635850,0.432525
151,0.625454,0.435761
152,0.614891,0.438399
153,0.604195,0.440432
154,0.593610,0.441966
155,0.582749,0.442775
156,0.571859,0.442964
157,0.560978,0.442532
158,0.550895,0.442304
159,0.541211,0.441604
160,0.531692,0.440448
161,0.522169,0.438676
162,0.512725,0.436320
163,0.503424,0.433420
164,0.494303,0.429993
165,0.485392,0.426051
166,0.476721,0.421608
167,0.468248,0.416714
168,0.460144,0.411317
169,0.452357,0.405456
170,0.444917,0.399160
171,0.437858,0.392554
172,0.431174,0.385495
173,0.424901,0.378035
174,0.419063,0.370223
175,0.413682,0.362090
176,0.408775,0.353664
177,0.404369,0.344934
178,0.400453,0.336003
179,0.397051,0.326865
180,0.394177,0.317550
181,0.391850,0.308050
182,0.389833,0.299108
183,0.387450,0.292739
184,0.385718,0.285368
185,0.385284,0.276219
186,0.384487,0.267622
187,0.383818,0.260541
188,0.386212,0.260222
189,0.389620,0.256734
190,0.391732,0.247809
191,0.391895,0.246306
192,0.392170,0.242841
193,0.390649,0.243206
194,0.393354,0.241915
195,0.393886,0.241858
196,0.393886,0.241858
197,0.402198,0.239908
198,0.415478,0.235281
199,0.423344,0.234616
200,0.432374,0.231983
201,0.434280,0.231293
202,0.434280,0.231293
203,0.444574,0.237933
204,0.450585,0.237574
205,0.455508,0.236920
206,0.459057,0.238133
207,0.461832,0.239997
208,0.464280,0.242643
209,0.467483,0.245821
210,0.471800,0.248458
211,0.471321,0.246240
212,0.469940,0.242488
213,0.468784,0.238690
214,0.468306,0.236859
215,0.467826,0.234798
216,0.455729,0.236407
217,0.438891,0.238702
218,0.421941,0.239980
219,0.404947,0.240293
220,0.387962,0.239638
221,0.371042,0.238018
222,0.366316,0.237538
223,0.366316,0.237538
224,0.358557,0.228059
225,0.348882,0.214088
226,0.340062,0.199557
227,0.332083,0.184549
228,0.324972,0.169110
229,0.318750,0.153293
230,0.313438,0.137146
231,0.309053,0.120724
232,0.305610,0.104079
233,0.303120,0.087265
234,0.301590,0.070336
235,0.297586,0.053309
236,0.292511,0.035964
237,0.287825,0.018223
238,0.283580,0.000059
239,0.279837,-0.018550
240,0.276665,-0.037619
241,0.270139,-0.053878
242,0.268441,-0.068980
243,0.270121,-0.083210
244,0.273017,-0.097170
245,0.276806,-0.110917
246,0.281397,-0.124420
247,0.284293,-0.139799
248,0.286716,-0.157801
249,0.291211,-0.173569
250,0.296613,-0.187781
251,0.302813,-0.201567
252,0.309795,-0.214955
253,0.317530,-0.227918
254,0.325991,-0.240418
255,0.335151,-0.252417
256,0.344979,-0.263874
257,0.355445,-0.274754
258,0.366513,-0.285020
259,0.378149,-0.294639
260,0.390314,-0.303580
261,0.402969,-0.311815
262,0.416073,-0.319315
263,0.429583,-0.326057
264,0.443455,-0.332019
265,0.457645,-0.337181
266,0.472107,-0.341527
267,0.486717,-0.344942
268,0.501649,-0.347708
269,0.516648,-0.349577
270,0.531716,-0.350574
271,0.546813,-0.350708
272,0.561893,-0.349980
273,0.576907,-0.348395
274,0.591807,-0.345957
275,0.606544,-0.342674
276,0.621071,-0.338557
277,0.635341,-0.333620
278,0.649306,-0.327877
279,0.662922,-0.321348
280,0.676145,-0.314054
281,0.688931,-0.306019
282,0.701239,-0.297267
283,0.713029,-0.287829
284,0.724263,-0.277734
285,0.734903,-0.267016
286,0.744917,-0.255708
287,0.754270,-0.243848
288,0.763111,-0.231504
289,0.774214,-0.218606
290,0.784651,-0.205055
291,0.794528,-0.191200
292,0.803602,-0.177163
293,0.811755,-0.163256
294,0.818729,-0.149192
295,0.824496,-0.134918
296,0.829020,-0.120444
297,0.832281,-0.105798
298,0.834260,-0.091008
299,0.834961,-0.076112
300,0.834382,-0.061144
301,0.834046,-0.044628
302,0.834400,-0.027132
303,0.833460,-0.009185
304,0.830720,0.008820
305,0.826871,0.026698
306,0.821999,0.044340
307,0.816130,0.061679
308,0.809296,0.078580
309,0.801548,0.095161
310,0.796082,0.110372
311,0.791607,0.124684
312,0.786560,0.138643
313,0.780852,0.152247
314,0.778364,0.164979
315,0.776656,0.177045
316,0.774839,0.188757
317,0.772182,0.200221
318,0.766889,0.211572
319,0.758677,0.222582
320,0.748813,0.233010
321,0.746522,0.248574
322,0.746592,0.266314
323,0.746987,0.284809
324,0.748348,0.301112
325,0.748649,0.312389
326,0.749975,0.322438
327,0.752353,0.333936
328,0.752755,0.345992
329,0.753053,0.356112
330,0.753422,0.365569
331,0.754883,0.375720
332,0.757282,0.385256
333,0.758213,0.393427
334,0.757094,0.400084
335,0.755996,0.406843
336,0.755112,0.413360
337,0.753951,0.419752
338,0.752433,0.426032
339,0.750554,0.432180
340,0.748322,0.438178
341,0.745747,0.444005
342,0.742843,0.449642
343,0.739621,0.455070
344,0.736097,0.460271
345,0.732286,0.465230
346,0.728204,0.469930
347,0.723868,0.474357
348,0.719296,0.478497
349,0.710739,0.491658
350,0.700273,0.508106
351,0.688949,0.523848
352,0.678210,0.539333
353,0.667955,0.554578
354,0.657465,0.569356
355,0.654322,0.573640
356,0.654322,0.573640
357,0.654322,0.573640
358,0.654322,0.573640
359,0.654322,0.573640
360,0.654322,0.573640
361,0.654322,0.573640
362,0.654322,0.573640
363,0.654322,0.573640
364,0.654322,0.573640
365,0.654322,0.573640
366,0.646882,0.563908
367,0.637677,0.549623
368,0.629345,0.534808
369,0.621870,0.519542
370,0.615275,0.503876
371,0.609583,0.487860
372,0.604810,0.471546
373,0.600974,0.454987
374,0.598086,0.438237
375,0.596156,0.421349
376,0.595190,0.404379
377,0.595191,0.387382
378,0.596159,0.370412
379,0.598091,0.353524
380,0.596448,0.347410
381,0.595914,0.347445
382,0.595914,0.347445
383,0.595914,0.347445
384,0.595822,0.347650
385,0.595809,0.347678
386,0.592101,0.355547
387,0.583589,0.371794
388,0.574065,0.387271
389,0.563510,0.401783
390,0.552048,0.415134
391,0.539811,0.427188
392,0.536266,0.430364
393,0.535766,0.430747
394,0.534936,0.431339
395,0.526130,0.430064
396,0.512374,0.427450
397,0.498358,0.424518
398,0.484288,0.421325
399,0.470163,0.417861
400,0.455968,0.414104
401,0.441693,0.410033
402,0.427328,0.405623
403,0.412867,0.400847
404,0.398307,0.395675
405,0.383649,0.390078
406,0.368894,0.384022
407,0.354051,0.377475
408,0.339131,0.370403
409,0.324149,0.362770
410,0.309127,0.354542
411,0.294090,0.345685
412,0.279069,0.336164
413,0.264102,0.325946
414,0.249238,0.315003
415,0.234532,0.303305
416,0.228214,0.294845
417,0.225762,0.287553
418,0.224468,0.279899
419,0.223917,0.272045
420,0.220266,0.265166
421,0.215952,0.258318
422,0.209269,0.253134
423,0.203395,0.249055
424,0.197233,0.244246
425,0.187495,0.240433
426,0.176716,0.237020
427,0.165669,0.233728
428,0.154668,0.230502
429,0.143845,0.227423
430,0.133647,0.224640
431,0.123261,0.222523
432,0.113067,0.221423
433,0.107458,0.220983
434,0.107446,0.218843
435,0.110420,0.215125
436,0.113897,0.211137
437,0.119040,0.207062
438,0.125329,0.203025
439,0.132109,0.199308
440,0.139163,0.195977
441,0.146416,0.193053
442,0.153830,0.190548
443,0.161376,0.188468
444,0.169099,0.186877
445,0.176844,0.185662
446,0.184635,0.184892
447,0.192455,0.184566
448,0.200281,0.184686
449,0.208088,0.185251
450,0.215947,0.186382
451,0.223628,0.187863
452,0.231258,0.189844
453,0.238751,0.192168
454,0.246088,0.194908
455,0.253254,0.198060
456,0.260228,0.201614
457,0.266990,0.205559
458,0.273563,0.210039
459,0.279800,0.214756
460,0.285763,0.219896
461,0.291488,0.225303
462,0.296872,0.230999
463,0.301919,0.236986
464,0.306616,0.243250
465,0.310949,0.249770
466,0.314980,0.256511
467,0.318488,0.263621
468,0.321618,0.270790
469,0.324348,0.278129
470,0.326611,0.285686
471,0.328502,0.293298
472,0.329956,0.300996
473,0.330968,0.308761
474,0.331537,0.316571
475,0.331609,0.324562
476,0.331273,0.332354
477,0.330492,0.340140
478,0.329184,0.347923
479,0.327521,0.355598
480,0.325429,0.363150
481,0.322912,0.370567
482,0.319977,0.377828
483,0.316479,0.384964
484,0.312736,0.391909
485,0.308624,0.398537
486,0.304120,0.404937
487,0.299158,0.411078
488,0.293942,0.416940
489,0.288408,0.422488
490,0.282569,0.427710
491,0.276276,0.432586
492,0.269864,0.437071
493,0.263212,0.441208
494,0.256345,0.445042
495,0.249202,0.448357
496,0.241918,0.451329
497,0.234500,0.453870
498,0.226955,0.455981
499,0.219303,0.457660
500,0.211435,0.458801
501,0.203643,0.459567
502,0.195754,0.459959
503,0.187936,0.459874
504,0.180129,0.459327
505,0.172302,0.458251
506,0.164586,0.456814
507,0.156974,0.454942
508,0.149378,0.452498
509,0.142059,0.449730
510,0.134888,0.446572
511,0.127902,0.443017
512,0.121039,0.439095
513,0.114509,0.434699
514,0.112023,0.433834
515,0.111580,0.432484
516,0.110058,0.429177
517,0.108364,0.425038
518,0.106802,0.420557
519,0.105467,0.415911
520,0.104392,0.411170
521,0.103524,0.406344
522,0.103011,0.401479
523,0.102743,0.396609
524,0.102803,0.391614
525,0.103140,0.386754
526,0.103733,0.381914
527,0.104595,0.377112
528,0.105728,0.372366
529,0.107085,0.367652
530,0.108732,0.363072
531,0.110729,0.358483
532,0.113009,0.354092
533,0.115444,0.349852
534,0.118111,0.345760
535,0.121004,0.341828
536,0.124064,0.338020
537,0.127372,0.334447
538,0.130889,0.331066
539,0.134715,0.327854
540,0.138691,0.324900
541,0.142748,0.322162
542,0.146948,0.319596
543,0.151241,0.317342
544,0.155686,0.315341
545,0.160248,0.313597
546,0.165024,0.312133
547,0.169813,0.310988
548,0.174644,0.310026
549,0.179496,0.309355
550,0.184378,0.308896
551,0.189248,0.308778
552,0.194258,0.308982
553,0.199120,0.309476
554,0.203958,0.310222
555,0.208776,0.311296
556,0.213534,0.312564
557,0.218217,0.314043
558,0.222753,0.315833
559,0.227188,0.317892
560,0.231575,0.320305
561,0.235739,0.322881
562,0.239759,0.325683
563,0.243629,0.328775
564,0.247385,0.331970
565,0.250871,0.335387
566,0.254156,0.339014
567,0.257260,0.342974
568,0.260095,0.346974
569,0.262708,0.351125
570,0.265084,0.355417
571,0.267275,0.359901
572,0.269161,0.364407
573,0.270775,0.369030
574,0.272121,0.373745
575,0.273157,0.378677
576,0.273935,0.383524
577,0.274447,0.388408
578,0.274650,0.393376
579,0.274688,0.398299
580,0.274377,0.403185
581,0.273780,0.408054
582,0.272849,0.413009
583,0.271653,0.417768
584,0.270213,0.422467
585,0.268459,0.427121
586,0.266575,0.431674
587,0.264381,0.436059
588,0.261930,0.440314
589,0.259239,0.444425
590,0.256205,0.448448
591,0.253037,0.452206
592,0.249600,0.455806
593,0.246096,0.459272
594,0.242362,0.462457
595,0.238443,0.465423
596,0.234358,0.468161
597,0.229992,0.470711
598,0.225598,0.472919
599,0.221036,0.474863
600,0.216407,0.476636
601,0.211735,0.478197
602,0.206976,0.479405
603,0.202147,0.480337
604,0.197268,0.480990
605,0.192221,0.481343
606,0.187300,0.481390
607,0.182375,0.481185
608,0.177410,0.480665
609,0.172515,0.479992
610,0.167705,0.478975
611,0.162954,0.477677
612,0.158283,0.476109
613,0.153603,0.474187
614,0.149156,0.472063
615,0.144796,0.469639
616,0.140539,0.467110
617,0.136500,0.464296
618,0.132627,0.461247
619,0.128933,0.457979
620,0.125431,0.454505
621,0.122093,0.450711
622,0.119026,0.446845
623,0.116111,0.442823
624,0.113484,0.438653
625,0.111103,0.434330
626,0.109006,0.429812
627,0.107100,0.425222
628,0.105487,0.420414
629,0.104171,0.415655
630,0.103039,0.410840
631,0.102249,0.405981
632,0.101742,0.401071
633,0.101516,0.396134
634,0.101572,0.391191
635,0.101986,0.386048
636,0.102650,0.381140
637,0.103504,0.376238
638,0.104660,0.371466
639,0.106105,0.366748
640,0.107823,0.362112
641,0.109803,0.357579
642,0.112039,0.353164
643,0.114589,0.348857
644,0.117424,0.344636
645,0.120364,0.340607
646,0.123506,0.336831
647,0.126887,0.333232
648,0.130478,0.329828
649,0.134259,0.326631
650,0.138218,0.323655
651,0.142580,0.320885
652,0.146873,0.318376
653,0.151287,0.316119
654,0.155779,0.314044
655,0.160401,0.312306
656,0.165128,0.310835
657,0.169935,0.309636
658,0.174946,0.308733
659,0.179865,0.308123
660,0.184814,0.307773
661,0.189828,0.307753
662,0.194823,0.307867
663,0.199745,0.308339
664,0.204641,0.309105
665,0.209488,0.310151
666,0.214377,0.311562
667,0.219068,0.313182
668,0.223668,0.315053
669,0.228157,0.317179
670,0.232627,0.319528
671,0.236844,0.322128
672,0.240903,0.324981
673,0.244793,0.328066
674,0.248552,0.331496
675,0.252053,0.335023
676,0.255357,0.338737
677,0.258448,0.342631
678,0.261296,0.346768
679,0.263957,0.350997
680,0.266425,0.355361
681,0.268575,0.359951
682,0.270414,0.364554
683,0.272007,0.369263
684,0.273334,0.374058
685,0.274389,0.378921
686,0.275166,0.383837
687,0.275631,0.388862
688,0.275854,0.393843
689,0.275813,0.398965
690,0.275434,0.403907
691,0.274784,0.408838
692,0.273858,0.413730
693,0.272655,0.418564
694,0.271105,0.423339
695,0.269377,0.428052
696,0.267377,0.432622
697,0.265078,0.437206
698,0.262549,0.441474
699,0.259785,0.445615
700,0.256790,0.449599
701,0.253573,0.453408
702,0.250144,0.457030
703,0.246441,0.460445
704,0.242619,0.463686
705,0.238527,0.466811
706,0.234361,0.469521
707,0.230045,0.472015
708,0.225593,0.474268
709,0.221019,0.476266
710,0.216339,0.478002
711,0.211567,0.479469
712,0.206644,0.480640
713,0.201743,0.481644
714,0.196667,0.482242
715,0.191688,0.482568
716,0.186694,0.482622
717,0.181703,0.482395
718,0.176732,0.481885
719,0.171798,0.481094
720,0.166813,0.480034
721,0.162017,0.478717
722,0.157175,0.476980
723,0.152556,0.475069
724,0.148045,0.472908
725,0.143663,0.470496
726,0.139424,0.467840
727,0.135343,0.464947
728,0.131409,0.461751
729,0.127607,0.458471
730,0.124003,0.454808
731,0.120719,0.451042
732,0.117629,0.447104
733,0.114761,0.442999
734,0.112130,0.438739
735,0.109743,0.434336
736,0.107647,0.429737
737,0.105664,0.425102
738,0.104053,0.420371
739,0.102745,0.415400
740,0.101722,0.410498
741,0.100964,0.405544
742,0.100484,0.400555
743,0.100288,0.395546
744,0.100376,0.390534
745,0.100732,0.385470
746,0.101361,0.380480
747,0.102375,0.375421
748,0.103631,0.370567
749,0.105143,0.365784
750,0.106920,0.361092
751,0.108958,0.356507
752,0.111254,0.352045
753,0.113731,0.347681
754,0.116587,0.343497
755,0.119726,0.339362
756,0.123013,0.335562
757,0.126490,0.331936
758,0.130161,0.328508
759,0.134020,0.325292
760,0.138055,0.322300
761,0.142210,0.319474
762,0.146544,0.316964
763,0.151107,0.314730
764,0.155896,0.312672
765,0.160631,0.310968
766,0.165447,0.309517
767,0.170335,0.308338
768,0.175282,0.307436
769,0.180254,0.306730
770,0.185256,0.306396
771,0.190282,0.306352
772,0.195364,0.306656
773,0.200536,0.307245
774,0.205507,0.308076
775,0.210420,0.309181
776,0.215261,0.310560
777,0.220017,0.312212
778,0.224701,0.314055
779,0.229226,0.316226
780,0.233629,0.318663
781,0.238000,0.321562
782,0.242128,0.324513
783,0.246058,0.327679
784,0.249798,0.331059
785,0.253338,0.334646
786,0.256733,0.338378
787,0.259835,0.342327
788,0.262710,0.346462
789,0.265404,0.350911
790,0.267743,0.355389
791,0.269859,0.360068
792,0.271730,0.364765
793,0.273325,0.369554
794,0.274724,0.374418
795,0.275765,0.379326
796,0.276518,0.384307
797,0.276984,0.389331
798,0.277164,0.394376
799,0.276983,0.399564
800,0.276514,0.404673
801,0.275833,0.409696
802,0.274864,0.414658
803,0.273692,0.419572
804,0.272174,0.424371
805,0.270374,0.429086
806,0.268305,0.433695
807,0.265855,0.438296
808,0.263239,0.442624
809,0.260320,0.446850
810,0.257254,0.450891
811,0.254010,0.454809
812,0.250538,0.458440
813,0.246840,0.461876
814,0.242944,0.465099
815,0.238868,0.468097
816,0.234468,0.470887
817,0.230057,0.473374
818,0.225434,0.475624
819,0.220773,0.477631
820,0.216020,0.479447
821,0.211200,0.480900
822,0.206283,0.482072
823,0.201299,0.482962
824,0.196270,0.483566
825,0.191033,0.483810
826,0.185888,0.483756
827,0.180785,0.483513
828,0.175738,0.482963
829,0.170717,0.482204
830,0.165794,0.481089
831,0.160929,0.479684
832,0.156147,0.478001
833,0.151467,0.476047
834,0.146775,0.473707
835,0.142363,0.471196
836,0.138036,0.468378
837,0.133900,0.465408
838,0.129902,0.462285
839,0.126160,0.458880
840,0.122613,0.455254
841,0.119275,0.451428
842,0.116160,0.447417
843,0.113219,0.443064
844,0.110617,0.438697
845,0.108240,0.434113
846,0.106102,0.429487
847,0.104153,0.424764
848,0.102569,0.419966
849,0.101264,0.415062
850,0.100242,0.410083
851,0.099505,0.405052
852,0.099089,0.399808
853,0.098974,0.394719
854,0.099163,0.389551
855,0.099580,0.384465
856,0.100208,0.379380
857,0.101194,0.374418
858,0.102475,0.369502
859,0.104040,0.364659
860,0.105879,0.359911
861,0.108099,0.355110
862,0.110516,0.350621
863,0.113234,0.346207
864,0.116108,0.341981
865,0.119165,0.337859
866,0.122472,0.334023
867,0.126016,0.330371
868,0.129769,0.326923
869,0.133715,0.323692
870,0.137839,0.320691
871,0.142304,0.317898
872,0.146850,0.315397
873,0.151439,0.313133
874,0.156153,0.311037
875,0.160922,0.309327
876,0.165810,0.307893
877,0.170781,0.306740
878,0.175813,0.305871
879,0.181098,0.305300
880,0.186212,0.305060
881,0.191407,0.305124
882,0.196526,0.305414
883,0.201607,0.306001
884,0.206666,0.306782
885,0.211626,0.307941
886,0.216525,0.309390
887,0.221338,0.311118
888,0.226047,0.313118
889,0.230757,0.315520
890,0.235272,0.318157
891,0.239617,0.320936
892,0.243758,0.323956
893,0.247794,0.327177
894,0.251572,0.330617
895,0.255118,0.334288
896,0.258455,0.338169
897,0.261648,0.342398
898,0.264514,0.346709
899,0.267126,0.351128
900,0.269514,0.355795
901,0.271647,0.360484
902,0.273491,0.365275
903,0.275165,0.370203
904,0.276466,0.375149
905,0.277454,0.380171
906,0.278153,0.385253
907,0.278549,0.390584
908,0.278617,0.395758
909,0.278414,0.400900
910,0.277890,0.406122
911,0.277129,0.411221
912,0.276073,0.416258
913,0.274811,0.421340
914,0.273209,0.426208
915,0.271307,0.430977
916,0.269128,0.435640
917,0.266542,0.440381
918,0.263794,0.444764
919,0.260724,0.449087
920,0.257526,0.453190
921,0.254103,0.457062
922,0.250465,0.460728
923,0.246628,0.464342
924,0.244697,0.472343
925,0.244119,0.480728
926,0.242518,0.486736
927,0.240573,0.491861
928,0.238318,0.496652
929,0.235711,0.501219
930,0.232911,0.505647
931,0.229875,0.509892
932,0.226594,0.514027
933,0.223129,0.517902
934,0.219275,0.521529
935,0.215358,0.524928
936,0.211209,0.528059
937,0.206887,0.531038
938,0.202435,0.533760
939,0.197843,0.536223
940,0.193121,0.538419
941,0.188256,0.540425
942,0.183198,0.541987
943,0.178190,0.543297
944,0.173101,0.544344
945,0.167907,0.545030
946,0.162710,0.545506
947,0.157505,0.545687
948,0.152302,0.545572
949,0.147045,0.545196
950,0.141896,0.544515
951,0.136750,0.543372
952,0.131730,0.542064
953,0.126794,0.540399
954,0.121912,0.538521
955,0.117162,0.536383
956,0.112546,0.533982
957,0.108000,0.531309
958,0.103680,0.528438
959,0.099579,0.525120
960,0.095654,0.521730
961,0.091968,0.518062
962,0.088418,0.514218
963,0.085103,0.510203
964,0.082024,0.506013
965,0.079190,0.501656
966,0.076539,0.497110
967,0.074267,0.492338
968,0.072272,0.487571
969,0.070599,0.482678
970,0.069115,0.477653
971,0.067914,0.472587
972,0.067004,0.467471
973,0.066386,0.462313
974,0.066033,0.457059
975,0.065968,0.451878
976,0.066370,0.446618
977,0.066969,0.441485
978,0.067928,0.436372
979,0.069098,0.431289
980,0.070544,0.426297
981,0.072268,0.421400
982,0.074267,0.416610
983,0.076534,0.411861
984,0.079034,0.407328
985,0.081971,0.402966
986,0.085084,0.398817
987,0.088380,0.394776
988,0.091880,0.390939
989,0.095588,0.387309
990,0.099494,0.383897
991,0.103589,0.380713
992,0.107877,0.377687
993,0.112426,0.375068
994,0.117022,0.372727
995,0.121797,0.370552
996,0.126634,0.368654
997,0.131561,0.367036
998,0.136570,0.365701
999,0.141647,0.364653
1000,0.146825,0.363833
1001,0.152060,0.363493
1002,0.157224,0.363347
1003,0.162408,0.363569
1004,0.167601,0.364009
1005,0.172738,0.364734
1006,0.177820,0.365747
1007,0.182835,0.367048
1008,0.187847,0.368614
1009,0.192693,0.370612
1010,0.197388,0.372757
1011,0.201916,0.375230
1012,0.206393,0.377930
1013,0.210683,0.380851
1014,0.214793,0.384003
1015,0.218715,0.387383
1016,0.222438,0.390980
1017,0.225963,0.394848
1018,0.229220,0.398803
1019,0.232253,0.402971
1020,0.234974,0.407347
1021,0.237540,0.411908
1022,0.239832,0.416558
1023,0.241852,0.421320
1024,0.243598,0.426187
1025,0.245063,0.431145
1026,0.246243,0.436179
1027,0.247136,0.441273
1028,0.247736,0.446410
1029,0.247961,0.451586
1030,0.247965,0.456807
1031,0.247686,0.461984
1032,0.246959,0.467192
1033,0.246072,0.472271
1034,0.244909,0.477304
1035,0.243463,0.482266
1036,0.241738,0.487141
1037,0.239738,0.491910
1038,0.237394,0.496532
1039,0.234828,0.501163
1040,0.231908,0.505541
1041,0.228876,0.509695
1042,0.225612,0.513689
1043,0.222125,0.517498
1044,0.218426,0.521104
1045,0.214528,0.524495
1046,0.210442,0.527659
1047,0.206103,0.530538
1048,0.201616,0.533298
1049,0.196939,0.535657
1050,0.192259,0.537790
1051,0.187455,0.539662
1052,0.182549,0.541261
1053,0.177558,0.542579
1054,0.172499,0.543612
1055,0.167389,0.544354
1056,0.162208,0.544728
1057,0.156864,0.544780
1058,0.151744,0.544634
1059,0.146617,0.544195
1060,0.141514,0.543463
1061,0.136458,0.542442
1062,0.131467,0.541134
1063,0.126558,0.539545
1064,0.121746,0.537591
1065,0.116950,0.535458
1066,0.112346,0.532922
1067,0.107971,0.530235
1068,0.103732,0.527320
1069,0.099655,0.524170
1070,0.095760,0.520793
1071,0.092063,0.517199
1072,0.088614,0.513325
1073,0.085336,0.509323
1074,0.082217,0.505114
1075,0.079410,0.500807
1076,0.076962,0.496181
1077,0.074713,0.491562
1078,0.072718,0.486817
1079,0.070992,0.481964
1080,0.069614,0.476969
1081,0.068443,0.471932
1082,0.067560,0.466851
1083,0.066922,0.461656
1084,0.066736,0.456403
1085,0.066773,0.451283
1086,0.067085,0.446154
1087,0.067684,0.441044
1088,0.068658,0.435962
1089,0.069838,0.430925
1090,0.071292,0.425980
1091,0.073024,0.421131
1092,0.075033,0.416307
1093,0.077439,0.411638
1094,0.080018,0.407192
1095,0.082816,0.402889
1096,0.085853,0.398743
1097,0.089221,0.394791
1098,0.092717,0.390997
1099,0.096413,0.387416
1100,0.100304,0.384053
1101,0.104380,0.380918
1102,0.108655,0.377938
1103,0.113201,0.375365
1104,0.117746,0.373009
1105,0.122425,0.370898
1106,0.127276,0.369125
1107,0.132197,0.367546
1108,0.137177,0.366249
1109,0.142217,0.365239
1110,0.147305,0.364517
1111,0.152486,0.364026
1112,0.157715,0.364027
1113,0.162825,0.364219
1114,0.167932,0.364687
1115,0.173027,0.365533
1116,0.178084,0.366580
1117,0.183053,0.367903
1118,0.187933,0.369503
1119,0.192713,0.371378
1120,0.197466,0.373497
1121,0.202016,0.376079
1122,0.206365,0.378762
1123,0.210576,0.381682
1124,0.214589,0.384920
1125,0.218469,0.388315
1126,0.222140,0.391909
1127,0.225596,0.395702
1128,0.228902,0.399729
1129,0.231934,0.403878
1130,0.234632,0.408399
1131,0.237079,0.412880
1132,0.239297,0.417493
1133,0.241192,0.422297
1134,0.242890,0.427153
1135,0.244309,0.432082
1136,0.245444,0.437080
1137,0.246292,0.442134
1138,0.246893,0.447334
1139,0.247186,0.452435
1140,0.246994,0.457646
1141,0.246565,0.462721
1142,0.245916,0.467881
1143,0.245005,0.472933
1144,0.243812,0.477914
1145,0.242338,0.482816
1146,0.240587,0.487626
1147,0.238565,0.492329
1148,0.236121,0.497040
1149,0.233528,0.501448
1150,0.230719,0.505710
1151,0.227571,0.509791
1152,0.224261,0.513755
1153,0.220764,0.517502
1154,0.217067,0.521038
1155,0.213177,0.524356
1156,0.209104,0.527447
1157,0.204829,0.530390
1158,0.200245,0.532939
1159,0.195679,0.535230
1160,0.191011,0.537286
1161,0.186151,0.539017
1162,0.181260,0.540550
1163,0.176304,0.541801
1164,0.171287,0.542768
1165,0.166225,0.543448
1166,0.161032,0.543887
1167,0.155940,0.544006
1168,0.150692,0.543629
1169,0.145652,0.543007
1170,0.140513,0.542172
1171,0.135513,0.541093
1172,0.130592,0.539737
1173,0.125760,0.538104
1174,0.121028,0.536199
1175,0.116413,0.534028
1176,0.111828,0.531609
1177,0.107493,0.528938
1178,0.103321,0.525791
1179,0.099390,0.522512
1180,0.095535,0.519041
1181,0.091923,0.515428
1182,0.088527,0.511625
1183,0.085355,0.507637
1184,0.082416,0.503475
1185,0.079626,0.499106
1186,0.077175,0.494651
1187,0.075080,0.489815
1188,0.073224,0.485060
1189,0.071692,0.480131
1190,0.070341,0.475139
1191,0.069273,0.470148
1192,0.068491,0.465114
1193,0.067997,0.460047
1194,0.067768,0.454797
1195,0.067846,0.449696
1196,0.068230,0.444625
1197,0.069141,0.439399
1198,0.070168,0.434404
1199,0.071602,0.429377
1200,0.073182,0.424482
1201,0.075014,0.419718
1202,0.077111,0.415073
1203,0.079471,0.410555
1204,0.082171,0.406006
1205,0.085045,0.401775
1206,0.088159,0.397732
1207,0.091832,0.393852
1208,0.095537,0.390271
1209,0.099517,0.386741
1210,0.103572,0.383505
1211,0.107807,0.380512
1212,0.112235,0.377768
1213,0.116917,0.375201
1214,0.121814,0.372953
1215,0.126853,0.371039
1216,0.132353,0.369626
1217,0.137846,0.368431
1218,0.143585,0.367696
1219,0.149534,0.367247
1220,0.155668,0.367262
1221,0.158008,0.366326
1222,0.158881,0.369987
1223,0.161361,0.376410
1224,0.163986,0.381217
1225,0.166586,0.385861
1226,0.168957,0.390328
1227,0.171100,0.394865
1228,0.172990,0.399498
1229,0.174599,0.404299
1230,0.175968,0.409116
1231,0.177053,0.413994
1232,0.177935,0.418916
1233,0.178447,0.424016
1234,0.178623,0.429002
1235,0.178549,0.434000
1236,0.178201,0.438990
1237,0.177520,0.444005
1238,0.176623,0.448941
1239,0.175442,0.453803
1240,0.174057,0.458615
1241,0.172342,0.463289
1242,0.170245,0.467976
1243,0.167958,0.472423
1244,0.165436,0.476747
1245,0.162600,0.480939
1246,0.159610,0.484997
1247,0.156399,0.488845
1248,0.153029,0.492552
1249,0.149422,0.495992
1250,0.145473,0.499300
1251,0.141432,0.502277
1252,0.137252,0.505039
1253,0.132924,0.507569
1254,0.128386,0.509833
1255,0.123791,0.511886
1256,0.119118,0.513730
1257,0.114360,0.515224
1258,0.109507,0.516440
1259,0.104425,0.517365
1260,0.099450,0.517972
1261,0.094445,0.518324
1262,0.089427,0.518398
1263,0.084347,0.518144
1264,0.079307,0.517733
1265,0.074381,0.516979
1266,0.069488,0.515927
1267,0.064655,0.514592
1268,0.059793,0.512879
1269,0.055149,0.510972
1270,0.050611,0.508818
1271,0.046170,0.506337
1272,0.041871,0.503693
1273,0.037705,0.500871
1274,0.033779,0.497773
1275,0.030031,0.494441
1276,0.026416,0.490753
1277,0.023092,0.486985
1278,0.019971,0.483043
1279,0.017074,0.478933
1280,0.014419,0.474580
1281,0.011904,0.470179
1282,0.009743,0.465670
1283,0.007849,0.461023
1284,0.006202,0.456110
1285,0.004909,0.451247
1286,0.003857,0.446324
1287,0.003076,0.441351
1288,0.002576,0.436341
1289,0.002405,0.431245
1290,0.002378,0.426193
1291,0.002725,0.421188
1292,0.003366,0.416201
1293,0.004359,0.411105
1294,0.005621,0.406231
1295,0.007128,0.401422
1296,0.008897,0.396702
1297,0.010929,0.392090
1298,0.013220,0.387512
1299,0.015739,0.383164
1300,0.018519,0.378968
1301,0.021539,0.374937
1302,0.024921,0.370972
1303,0.028423,0.367347
1304,0.032107,0.363898
1305,0.035974,0.360657
1306,0.040094,0.357554
1307,0.044264,0.354751
1308,0.048611,0.352212
1309,0.053105,0.349928
1310,0.057725,0.347905
1311,0.062625,0.346120
1312,0.067466,0.344688
1313,0.072376,0.343499
1314,0.077345,0.342581
1315,0.082440,0.341983
1316,0.087494,0.341528
1317,0.092533,0.341456
1318,0.097575,0.341680
1319,0.102599,0.342194
1320,0.107587,0.342993
1321,0.112668,0.344194
1322,0.117534,0.345582
1323,0.122316,0.347233
1324,0.127085,0.349150
1325,0.131658,0.351302
1326,0.136091,0.353731
1327,0.140377,0.356414
1328,0.144502,0.359339
1329,0.148455,0.362494
1330,0.152298,0.366017
1331,0.155845,0.369629
1332,0.159198,0.373425
1333,0.162389,0.377436
1334,0.165329,0.381577
1335,0.167999,0.385882
1336,0.170413,0.390333
1337,0.172567,0.394914
1338,0.174458,0.399612
1339,0.176060,0.404607
1340,0.177380,0.409503
1341,0.178516,0.414463
1342,0.179290,0.419449
1343,0.179740,0.424576
1344,0.179950,0.429658
1345,0.179859,0.434730
1346,0.179478,0.439787
1347,0.178809,0.444813
1348,0.177775,0.449954
1349,0.176494,0.454864
1350,0.175037,0.459734
1351,0.173247,0.464465
1352,0.171106,0.469155
1353,0.168787,0.473694
1354,0.166207,0.478072
1355,0.163382,0.482291
1356,0.160320,0.486342
1357,0.156887,0.490319
1358,0.153370,0.494065
1359,0.149681,0.497503
1360,0.145777,0.500743
1361,0.141609,0.503726
1362,0.137325,0.506581
1363,0.132915,0.509128
1364,0.128370,0.511411
1365,0.123703,0.513429
1366,0.118929,0.515179
1367,0.113895,0.516632
1368,0.108968,0.517891
1369,0.103975,0.518789
1370,0.098924,0.519402
1371,0.093747,0.519687
1372,0.088628,0.519749
1373,0.083537,0.519500
1374,0.078473,0.518959
1375,0.073287,0.518045
1376,0.068325,0.516889
1377,0.063368,0.515547
1378,0.058588,0.513881
1379,0.053889,0.511927
1380,0.049302,0.509703
1381,0.044791,0.507145
1382,0.040465,0.504418
1383,0.036316,0.501448
1384,0.032225,0.498091
1385,0.028476,0.494631
1386,0.024825,0.491001
1387,0.021457,0.487192
1388,0.018330,0.483175
1389,0.015431,0.478974
1390,0.012763,0.474513
1391,0.010333,0.469999
1392,0.008183,0.465361
1393,0.006274,0.460439
1394,0.004704,0.455531
1395,0.003404,0.450585
1396,0.002268,0.445536
1397,0.001523,0.440512
1398,0.001072,0.435426
1399,0.000913,0.430313
1400,0.001075,0.425099
1401,0.001486,0.419990
1402,0.002195,0.414922
1403,0.003266,0.409698
1404,0.004602,0.404744
1405,0.006189,0.399874
1406,0.007953,0.395055
1407,0.010067,0.390407
1408,0.012453,0.385876
1409,0.015096,0.381484
1410,0.018068,0.377189
1411,0.021189,0.373105
1412,0.024539,0.369221
1413,0.028273,0.365460
1414,0.032066,0.362007
1415,0.036040,0.358762
1416,0.040146,0.355658
1417,0.044445,0.352889
1418,0.048911,0.350367
1419,0.053637,0.348086
1420,0.058390,0.346038
1421,0.063228,0.344304
1422,0.068349,0.342869
1423,0.073360,0.341730
1424,0.078427,0.340865
1425,0.083546,0.340186
1426,0.088661,0.339898
1427,0.093799,0.339907
1428,0.098935,0.340209
1429,0.104156,0.340856
1430,0.109277,0.341712
1431,0.114467,0.342990
1432,0.119400,0.344475
1433,0.124246,0.346227
1434,0.129051,0.348169
1435,0.133652,0.350447
1436,0.138128,0.352997
1437,0.142456,0.355802
1438,0.146620,0.358851
1439,0.150640,0.362233
1440,0.154683,0.365950
1441,0.158258,0.369697
1442,0.166311,0.371377
1443,0.174770,0.371476
1444,0.180779,0.372699
1445,0.186002,0.374426
1446,0.190880,0.376498
1447,0.195555,0.378860
1448,0.200064,0.381488
1449,0.204341,0.384574
1450,0.208520,0.387743
1451,0.212504,0.391113
1452,0.216288,0.394695
1453,0.219862,0.398484
1454,0.223214,0.402470
1455,0.226334,0.406642
1456,0.229167,0.411130
1457,0.231737,0.415632
1458,0.234023,0.420330
1459,0.236114,0.425115
1460,0.237932,0.429999
1461,0.239469,0.434976
1462,0.240721,0.440032
1463,0.241736,0.445205
1464,0.242428,0.450356
1465,0.242598,0.455643
1466,0.242644,0.460864
1467,0.242410,0.466067
1468,0.241886,0.471245
1469,0.241068,0.476385
1470,0.239960,0.481471
1471,0.238578,0.486561
1472,0.236929,0.491485
1473,0.234760,0.496280
1474,0.232487,0.500998
1475,0.229979,0.505565
1476,0.227222,0.509979
1477,0.224221,0.514227
1478,0.220983,0.518298
1479,0.217518,0.522178
1480,0.213840,0.525933
1481,0.209798,0.529330
1482,0.205656,0.532489
1483,0.201383,0.535479
1484,0.196961,0.538220
1485,0.192394,0.540704
1486,0.187694,0.542925
1487,0.182874,0.544874
1488,0.177922,0.546628
1489,0.172793,0.547922
1490,0.167676,0.548902
1491,0.162534,0.549693
1492,0.157363,0.550198
1493,0.152173,0.550409
1494,0.146979,0.550325
1495,0.141798,0.549945
1496,0.136647,0.549271
1497,0.131474,0.548359
1498,0.126435,0.546890
1499,0.121453,0.545312
1500,0.116586,0.543477
1501,0.111838,0.541375
1502,0.107218,0.539008
1503,0.102740,0.536381
1504,0.098419,0.533503
1505,0.094268,0.530384
1506,0.090289,0.526991
1507,0.086599,0.523379
1508,0.083044,0.519578
1509,0.079718,0.515595
1510,0.076625,0.511433
1511,0.073775,0.507102
1512,0.071176,0.502616
1513,0.068836,0.497988
1514,0.066763,0.493234
1515,0.065040,0.488356
1516,0.063514,0.483330
1517,0.062274,0.478279
1518,0.061324,0.473177
1519,0.060666,0.468031
1520,0.060440,0.462776
1521,0.060394,0.457602
1522,0.060632,0.452426
1523,0.061163,0.447268
1524,0.062065,0.442147
1525,0.063185,0.437055
1526,0.064582,0.432052
1527,0.066258,0.427142
1528,0.068348,0.422253
1529,0.070562,0.417590
1530,0.073052,0.413052
1531,0.075802,0.408661
1532,0.078863,0.404476
1533,0.082121,0.400398
1534,0.085583,0.396527
1535,0.089253,0.392864
1536,0.093311,0.389410
1537,0.097341,0.386195
1538,0.101571,0.383224
1539,0.105972,0.380500
1540,0.110525,0.378031
1541,0.115271,0.375886
1542,0.120093,0.373943
1543,0.125003,0.372279
1544,0.130108,0.371018
1545,0.135237,0.369904
1546,0.140331,0.369085
1547,0.145476,0.368579
1548,0.150646,0.368374
1549,0.155846,0.368546
1550,0.161025,0.368933
1551,0.166162,0.369609
1552,0.171295,0.370732
1553,0.176295,0.372009
1554,0.181307,0.373545
1555,0.186143,0.375338
1556,0.190869,0.377430
1557,0.195450,0.379876
1558,0.199927,0.382513
1559,0.204235,0.385388
1560,0.208361,0.388665
1561,0.212263,0.392022
1562,0.215995,0.395590
1563,0.219606,0.399375
1564,0.222929,0.403321
1565,0.225952,0.407523
1566,0.228806,0.411871
1567,0.231400,0.416351
1568,0.233733,0.420965
1569,0.235701,0.425849
1570,0.237453,0.430690
1571,0.238948,0.435630
1572,0.240238,0.440689
1573,0.241178,0.445762
1574,0.241741,0.450922
1575,0.242087,0.456094
1576,0.242141,0.461263
1577,0.241900,0.466424
1578,0.241208,0.471625
1579,0.240360,0.476705
1580,0.239268,0.481820
1581,0.237878,0.486781
1582,0.236109,0.491649
1583,0.234133,0.496443
1584,0.231899,0.501103
1585,0.229405,0.505623
1586,0.226485,0.509992
1587,0.223477,0.514163
1588,0.220243,0.518176
1589,0.216796,0.522090
1590,0.213078,0.525664
1591,0.209171,0.529102
1592,0.205106,0.532296
1593,0.200874,0.535249
1594,0.196483,0.537954
1595,0.191801,0.540309
1596,0.187133,0.542465
1597,0.182302,0.544441
1598,0.177429,0.546086
1599,0.172422,0.547357
1600,0.167328,0.548422
1601,0.162221,0.549199
1602,0.157088,0.549685
1603,0.151938,0.549878
1604,0.146711,0.549620
1605,0.141587,0.549203
1606,0.136418,0.548556
1607,0.131368,0.547582
1608,0.126396,0.546228
1609,0.121444,0.544654
1610,0.116619,0.542820
1611,0.111914,0.540718
1612,0.107314,0.538170
1613,0.102921,0.535524
1614,0.098572,0.532632
1615,0.094474,0.529545
1616,0.090565,0.526206
1617,0.086906,0.522574
1618,0.083373,0.518767
1619,0.080080,0.514797
1620,0.077024,0.510654
1621,0.074271,0.506164
1622,0.071760,0.501701
1623,0.069405,0.497035
1624,0.067359,0.492338
1625,0.065602,0.487512
1626,0.064129,0.482588
1627,0.063014,0.477515
1628,0.062104,0.472438
1629,0.061485,0.467330
1630,0.061295,0.462073
1631,0.061314,0.456955
1632,0.061595,0.451832
1633,0.062098,0.446656
1634,0.062940,0.441598
1635,0.064080,0.436593
1636,0.065596,0.431659
1637,0.067312,0.426786
1638,0.069290,0.422037
1639,0.071532,0.417414
1640,0.074216,0.412930
1641,0.076983,0.408620
1642,0.080018,0.404366
1643,0.083219,0.400371
1644,0.086667,0.396577
1645,0.090421,0.393026
1646,0.094307,0.389635
1647,0.098363,0.386480
1648,0.102587,0.383564
1649,0.107153,0.381006
1650,0.111682,0.378620
1651,0.116341,0.376481
1652,0.121165,0.374528
1653,0.126024,0.372917
1654,0.131032,0.371674
1655,0.136076,0.370637
1656,0.141154,0.369890
1657,0.146262,0.369433
1658,0.151527,0.369417
1659,0.156642,0.369605
1660,0.161741,0.370048
1661,0.166892,0.370727
1662,0.171908,0.371720
1663,0.176891,0.373114
1664,0.181781,0.374692
1665,0.186562,0.376540
1666,0.191226,0.378657
1667,0.195762,0.381036
1668,0.200162,0.383870
1669,0.204364,0.386769
1670,0.208510,0.389902
1671,0.212381,0.393234
1672,0.216004,0.396880
1673,0.219504,0.400708
1674,0.222754,0.404677
1675,0.225767,0.408816
1676,0.228538,0.413117
1677,0.230972,0.417759
1678,0.233191,0.422348
1679,0.235248,0.427125
1680,0.236972,0.431925
1681,0.238408,0.436827
1682,0.239478,0.441872
1683,0.240347,0.446937
1684,0.240928,0.452022
1685,0.241218,0.457127
1686,0.241076,0.462352
1687,0.240705,0.467468
1688,0.240108,0.472647
1689,0.239245,0.477683
1690,0.238079,0.482647
1691,0.236516,0.487563
1692,0.234772,0.492395
1693,0.232768,0.497099
1694,0.230504,0.501675
1695,0.227983,0.506114
1696,0.225031,0.510421
1697,0.221939,0.514517
1698,0.218614,0.518556
1699,0.215158,0.522308
1700,0.211400,0.525789
1701,0.207456,0.529148
1702,0.203391,0.532246
1703,0.199166,0.535102
1704,0.194787,0.537710
1705,0.190267,0.540065
1706,0.185454,0.542075
1707,0.180632,0.543833
1708,0.175654,0.545424
1709,0.170728,0.546689
1710,0.165626,0.547564
1711,0.160523,0.548241
1712,0.155435,0.548631
1713,0.150342,0.548731
1714,0.145253,0.548540
1715,0.140184,0.548060
1716,0.135151,0.547292
1717,0.130079,0.545996
1718,0.125066,0.544650
1719,0.120252,0.543031
1720,0.115501,0.541005
1721,0.110877,0.538823
1722,0.106399,0.536390
1723,0.102071,0.533708
1724,0.097903,0.530784
1725,0.093909,0.527626
1726,0.090101,0.524245
1727,0.086375,0.520305
1728,0.082987,0.516460
1729,0.079853,0.512271
1730,0.076917,0.508035
1731,0.074241,0.503678
1732,0.071823,0.499180
1733,0.069667,0.494550
1734,0.067781,0.489801
1735,0.066170,0.484949
1736,0.064842,0.480009
1737,0.063985,0.474706
1738,0.063383,0.469626
1739,0.062953,0.464084
1740,0.062874,0.458747
1741,0.063136,0.453428
1742,0.063747,0.448083
1743,0.064722,0.442717
1744,0.066079,0.437339
1745,0.067844,0.431962
1746,0.070348,0.426618
1747,0.073068,0.421298
1748,0.073602,0.417942
1749,0.077180,0.418784
1750,0.083957,0.419552
1751,0.089409,0.419435
1752,0.094561,0.419201
1753,0.099610,0.419130
1754,0.104619,0.419305
1755,0.109598,0.419753
1756,0.114540,0.420478
1757,0.119433,0.421483
1758,0.124387,0.422846
1759,0.129122,0.424439
1760,0.133771,0.426278
1761,0.138351,0.428437
1762,0.142783,0.430778
1763,0.147099,0.433300
1764,0.151209,0.436118
1765,0.155156,0.439176
1766,0.158925,0.442458
1767,0.162560,0.446116
1768,0.165918,0.449828
1769,0.169068,0.453794
1770,0.172095,0.457845
1771,0.174785,0.462024
1772,0.177229,0.466376
1773,0.179421,0.470870
1774,0.181353,0.475485
1775,0.183044,0.480357
1776,0.184384,0.485181
1777,0.185484,0.490070
1778,0.186292,0.495091
1779,0.186934,0.500073
1780,0.187211,0.505055
1781,0.187195,0.510056
1782,0.186891,0.515054
1783,0.186302,0.520028
1784,0.185353,0.525092
1785,0.184166,0.529962
1786,0.182724,0.534765
1787,0.181025,0.539566
1788,0.179075,0.544171
1789,0.176850,0.548659
1790,0.174368,0.553013
1791,0.171640,0.557220
1792,0.168555,0.561377
1793,0.165324,0.565217
1794,0.161901,0.568890
1795,0.158240,0.572455
1796,0.154459,0.575727
1797,0.150478,0.578772
1798,0.146323,0.581585
1799,0.142012,0.584156
