0,0.952629,1.196650
1,0.952629,1.196650
2,0.952629,1.196650
3,0.952629,1.196650
4,0.952629,1.196650
5,0.952629,1.196650
6,0.952629,1.196650
7,0.952629,1.196650
8,0.952629,1.196650
9,0.952629,1.196650
10,0.952629,1.196650
11,0.952629,1.196650
12,0.952629,1.196650
13,0.943462,1.188524
14,0.931691,1.176268
15,0.920675,1.163323
16,0.910413,1.149772
17,0.900939,1.135660
18,0.892283,1.121032
19,0.884473,1.105935
20,0.877535,1.090417
21,0.871491,1.074531
22,0.866361,1.058326
23,0.862161,1.041855
24,0.858905,1.025173
25,0.856604,1.008332
26,0.855264,0.991387
27,0.854891,0.974394
28,0.855485,0.957406
29,0.857044,0.940481
30,0.859564,0.923671
31,0.863037,0.907032
32,0.867450,0.890617
33,0.872790,0.874480
34,0.879040,0.858674
35,0.886179,0.843248
36,0.894184,0.828253
37,0.903029,0.813738
38,0.905524,0.809696
39,0.905524,0.809696
40,0.905524,0.809696
41,0.905524,0.809696
42,0.905524,0.809696
43,0.905524,0.809696
44,0.905524,0.809696
45,0.905524,0.809696
46,0.905524,0.809696
47,0.905524,0.809696
48,0.905524,0.809696
49,0.905524,0.809696
50,0.905524,0.809696
51,0.896979,0.800919
52,0.886140,0.787830
53,0.876105,0.774111
54,0.866866,0.759843
55,0.858455,0.745073
56,0.850897,0.729848
57,0.844218,0.714218
58,0.838440,0.698233
59,0.833579,0.681945
60,0.831173,0.668329
61,0.835276,0.665912
62,0.839157,0.660677
63,0.843630,0.653479
64,0.844476,0.652024
65,0.849399,0.642500
66,0.856552,0.627168
67,0.864522,0.612155
68,0.866773,0.607972
69,0.866773,0.607972
70,0.866773,0.607972
71,0.866773,0.607972
72,0.866773,0.607972
73,0.866773,0.607972
74,0.866773,0.607972
75,0.866773,0.607972
76,0.866773,0.607972
77,0.866773,0.607972
78,0.866773,0.607972
79,0.866773,0.607972
80,0.855308,0.603656
81,0.839936,0.596412
82,0.825023,0.588256
83,0.810598,0.579264
84,0.796709,0.569467
85,0.783399,0.558895
86,0.770712,0.547583
87,0.758690,0.535567
88,0.747370,0.522887
89,0.736791,0.509583
90,0.726985,0.495699
91,0.717985,0.481280
92,0.709821,0.466372
93,0.702517,0.451023
94,0.696099,0.435284
95,0.690587,0.419205
96,0.683079,0.418893
97,0.675561,0.418347
98,0.668033,0.417565
99,0.660498,0.416541
100,0.652959,0.415273
101,0.645420,0.413755
102,0.637885,0.411981
103,0.630360,0.409947
104,0.622851,0.407647
105,0.615363,0.405076
106,0.607904,0.402227
107,0.600482,0.399095
108,0.593105,0.395673
109,0.585784,0.391957
110,0.578529,0.387940
111,0.571351,0.383618
112,0.564263,0.378985
113,0.557239,0.377441
114,0.550021,0.375414
115,0.542761,0.371908
116,0.535672,0.367935
117,0.528783,0.363559
118,0.522119,0.358797
119,0.515699,0.353660
120,0.509547,0.348162
121,0.503682,0.342315
122,0.498125,0.336135
123,0.492893,0.329638
124,0.488007,0.322841
125,0.483482,0.315762
126,0.479336,0.308421
127,0.475584,0.300838
128,0.472240,0.293033
129,0.469317,0.285030
130,0.466828,0.276850
131,0.464783,0.268517
132,0.463191,0.260056
133,0.462061,0.251491
134,0.461399,0.242847
135,0.461211,0.234151
136,0.461502,0.225427
137,0.462272,0.216704
138,0.463525,0.208006
139,0.465258,0.199361
140,0.467521,0.194031
141,0.471646,0.193442
142,0.476374,0.192941
143,0.481197,0.192649
144,0.486035,0.192580
145,0.490869,0.192734
146,0.495688,0.193111
147,0.500483,0.193711
148,0.505242,0.194531
149,0.509957,0.195571
150,0.514619,0.196827
151,0.519217,0.198298
152,0.523742,0.199980
153,0.528185,0.201871
154,0.532538,0.203967
155,0.536789,0.206263
156,0.540932,0.208755
157,0.544957,0.211439
158,0.548471,0.211990
159,0.551897,0.211486
160,0.555417,0.211245
161,0.558901,0.211157
162,0.562349,0.211223
163,0.565785,0.211474
164,0.569202,0.211919
165,0.572591,0.212556
166,0.575941,0.213386
167,0.579268,0.214431
168,0.582512,0.215647
169,0.585680,0.217035
170,0.588766,0.218599
171,0.591759,0.220545
172,0.594638,0.222494
173,0.597403,0.224573
174,0.600047,0.226800
175,0.602563,0.229174
176,0.604941,0.231688
177,0.607151,0.234377
178,0.609229,0.237145
179,0.611149,0.240032
180,0.612903,0.243025
181,0.614470,0.246157
182,0.615892,0.249550
183,0.617306,0.257519
184,0.620262,0.267446
185,0.623290,0.275890
186,0.622255,0.280974
187,0.620476,0.287376
188,0.619353,0.296657
189,0.619849,0.305142
190,0.618698,0.309196
191,0.614715,0.311494
192,0.609953,0.313020
193,0.605051,0.314107
194,0.600097,0.314839
195,0.595114,0.315249
196,0.590116,0.315357
197,0.585118,0.315172
198,0.580855,0.314642
199,0.579657,0.312967
200,0.580166,0.310384
201,0.578464,0.307251
202,0.574230,0.303851
203,0.569845,0.300215
204,0.573280,0.304817
205,0.574332,0.310829
206,0.574197,0.317688
207,0.573169,0.324817
208,0.571629,0.332479
209,0.572053,0.338887
210,0.575926,0.342023
211,0.574269,0.341410
212,0.567490,0.343212
213,0.561016,0.344331
214,0.557728,0.344896
215,0.554219,0.345305
216,0.543407,0.346325
217,0.532712,0.347456
218,0.528113,0.344129
219,0.526877,0.333431
220,0.526456,0.322103
221,0.525142,0.318996
222,0.524656,0.318318
223,0.522084,0.316393
224,0.518308,0.312317
225,0.515110,0.307999
226,0.513126,0.304424
227,0.513455,0.302683
228,0.523326,0.304226
229,0.528206,0.301140
230,0.528839,0.296706
231,0.529307,0.293958
232,0.529372,0.293621
233,0.529425,0.293552
234,0.529425,0.293552
235,0.524391,0.288858
236,0.513904,0.283319
237,0.501419,0.278158
238,0.488314,0.272847
239,0.474665,0.267550
240,0.460601,0.262282
241,0.446109,0.257134
242,0.431120,0.252261
243,0.415560,0.247881
244,0.399372,0.244989
245,0.382590,0.242998
246,0.365847,0.240069
247,0.349297,0.236192
248,0.334766,0.232398
249,0.327926,0.228977
250,0.324604,0.224247
251,0.323651,0.219331
252,0.324499,0.214817
253,0.326676,0.210985
254,0.329356,0.207853
255,0.331437,0.205127
256,0.332035,0.202279
257,0.331996,0.201996
258,0.330596,0.195089
259,0.332184,0.188996
260,0.327530,0.183415
261,0.324620,0.175968
262,0.325091,0.168585
263,0.320397,0.159472
264,0.312735,0.149424
265,0.310296,0.147431
266,0.306218,0.144918
267,0.298665,0.140831
268,0.293343,0.138146
269,0.289683,0.136562
270,0.287527,0.138145
271,0.282879,0.141576
272,0.275563,0.144352
273,0.269438,0.151052
274,0.265457,0.163276
275,0.260780,0.172946
276,0.255872,0.181997
277,0.250640,0.190754
278,0.245092,0.199305
279,0.239269,0.207694
280,0.233217,0.215960
281,0.226987,0.224146
282,0.220633,0.232307
283,0.214217,0.240512
284,0.207815,0.248844
285,0.201519,0.257405
286,0.195445,0.266313
287,0.190709,0.272946
288,0.199495,0.278277
289,0.210720,0.285257
290,0.225166,0.293465
291,0.239506,0.302521
292,0.253195,0.312437
293,0.256673,0.315248
294,0.256673,0.315248
295,0.256673,0.315248
296,0.256673,0.315248
297,0.256673,0.315248
298,0.256673,0.315248
299,0.256673,0.315248
300,0.256673,0.315248
301,0.256673,0.315248
302,0.256673,0.315248
303,0.256673,0.315248
304,0.258023,0.303073
305,0.261246,0.286387
306,0.265716,0.273458
307,0.271076,0.268685
308,0.274079,0.261184
309,0.276685,0.249239
310,0.283169,0.235651
311,0.291791,0.221123
312,0.301283,0.207023
313,0.311560,0.193486
314,0.315744,0.186267
315,0.318508,0.179094
316,0.322459,0.171680
317,0.327670,0.164667
318,0.329566,0.161830
319,0.331613,0.159167
320,0.339692,0.156441
321,0.344214,0.151247
322,0.350179,0.147042
323,0.357065,0.144806
324,0.364103,0.144563
325,0.371088,0.140331
326,0.376233,0.138235
327,0.380572,0.141182
328,0.383588,0.145287
329,0.386299,0.149871
330,0.389804,0.154593
331,0.393417,0.159347
332,0.397550,0.164234
333,0.402262,0.169333
334,0.412659,0.173064
335,0.415590,0.173742
336,0.412260,0.175308
337,0.403233,0.174439
338,0.396808,0.172363
339,0.393139,0.168855
340,0.390270,0.166765
341,0.387157,0.165220
342,0.383344,0.162024
343,0.379697,0.158151
344,0.376291,0.153954
345,0.373129,0.149493
346,0.370230,0.144856
347,0.367602,0.140058
348,0.365253,0.135101
349,0.363189,0.130021
350,0.361425,0.124824
351,0.359952,0.119536
352,0.358788,0.114168
353,0.357935,0.108750
354,0.356888,0.103128
355,0.355952,0.097293
356,0.355398,0.091504
357,0.354857,0.085490
358,0.354554,0.079644
359,0.354649,0.074073
360,0.355146,0.068794
361,0.356087,0.063873
362,0.358833,0.059309
363,0.363187,0.055207
364,0.365128,0.049892
365,0.364300,0.043256
366,0.363055,0.037840
367,0.361590,0.031642
368,0.356913,0.026021
369,0.348480,0.022466
370,0.340406,0.020576
371,0.329813,0.021293
372,0.317715,0.021247
373,0.305290,0.020580
374,0.292571,0.019248
375,0.279600,0.017213
376,0.266418,0.014442
377,0.252763,0.010886
378,0.239602,0.006581
379,0.226376,0.001476
380,0.213140,-0.004451
381,0.199954,-0.011217
382,0.186879,-0.018833
383,0.173980,-0.027304
384,0.161325,-0.036630
385,0.148982,-0.046802
386,0.137024,-0.057805
387,0.125525,-0.069613
388,0.114559,-0.082193
389,0.104199,-0.095500
390,0.094537,-0.109461
391,0.085681,-0.123954
392,0.077664,-0.138928
393,0.070512,-0.154333
394,0.064248,-0.170121
395,0.058892,-0.186239
396,0.054462,-0.202636
397,0.050972,-0.219258
398,0.048434,-0.236052
399,0.046855,-0.252963
400,0.046241,-0.269937
401,0.046593,-0.286918
402,0.047911,-0.303851
403,0.050191,-0.320682
404,0.053424,-0.337356
405,0.057601,-0.353819
406,0.062439,-0.368402
407,0.068161,-0.382974
408,0.074779,-0.397467
409,0.082297,-0.411808
410,0.090711,-0.425921
411,0.100009,-0.439727
412,0.110167,-0.453141
413,0.121145,-0.466070
414,0.132856,-0.478372
415,0.145248,-0.489987
416,0.158280,-0.500879
417,0.171912,-0.511012
418,0.186097,-0.520352
419,0.200791,-0.528871
420,0.215946,-0.536539
421,0.230248,-0.542574
422,0.244975,-0.547825
423,0.260232,-0.552351
424,0.275967,-0.556100
425,0.292120,-0.559025
426,0.308622,-0.561084
427,0.325398,-0.562238
428,0.342351,-0.562456
429,0.359320,-0.561711
430,0.376218,-0.560002
431,0.392992,-0.557334
432,0.409587,-0.553715
433,0.425949,-0.549159
434,0.442025,-0.543679
435,0.457764,-0.537293
436,0.471710,-0.530477
437,0.485345,-0.522825
438,0.498782,-0.514297
439,0.511946,-0.504899
440,0.524765,-0.494645
441,0.537160,-0.483557
442,0.549052,-0.471669
443,0.560356,-0.459032
444,0.570944,-0.445751
445,0.580758,-0.431889
446,0.591345,-0.420303
447,0.602636,-0.414962
448,0.613809,-0.410392
449,0.629776,-0.406151
450,0.646814,-0.406656
451,0.663618,-0.409274
452,0.669536,-0.409427
453,0.669945,-0.408467
454,0.670524,-0.404893
455,0.670944,-0.400366
456,0.671065,-0.395464
457,0.670960,-0.390502
458,0.670566,-0.385538
459,0.669887,-0.380599
460,0.668928,-0.375704
461,0.667692,-0.370870
462,0.666183,-0.366114
463,0.664245,-0.361354
464,0.664687,-0.355736
465,0.669941,-0.345575
466,0.675817,-0.333215
467,0.681548,-0.319414
468,0.686709,-0.304649
469,0.691095,-0.289267
470,0.694595,-0.273597
471,0.697224,-0.257553
472,0.698935,-0.241346
473,0.699704,-0.225066
474,0.699562,-0.208738
475,0.698486,-0.192444
476,0.696504,-0.176330
477,0.693575,-0.160275
478,0.689749,-0.144388
479,0.685024,-0.128749
480,0.679458,-0.113501
481,0.672982,-0.098520
482,0.665672,-0.083902
483,0.657541,-0.069732
484,0.648617,-0.056049
485,0.638994,-0.042993
486,0.628573,-0.030401
487,0.617454,-0.018427
488,0.605673,-0.007107
489,0.593270,0.003505
490,0.580362,0.013361
491,0.566826,0.022518
492,0.552810,0.030932
493,0.538318,0.038490
494,0.523412,0.045223
495,0.508266,0.051093
496,0.492696,0.056108
497,0.476880,0.060195
498,0.462974,0.064960
499,0.450282,0.068940
500,0.437810,0.071875
501,0.425572,0.073986
502,0.413393,0.075359
503,0.401348,0.075967
504,0.389421,0.075860
505,0.380649,0.073362
506,0.371877,0.070711
507,0.361408,0.068058
508,0.351078,0.065733
509,0.341141,0.063095
510,0.332272,0.060426
511,0.326775,0.056908
512,0.324090,0.052992
513,0.323371,0.048553
514,0.323626,0.043789
515,0.324371,0.038953
516,0.325461,0.034133
517,0.326845,0.029372
518,0.328504,0.024694
519,0.330430,0.020115
520,0.332614,0.015652
521,0.334982,0.011280
522,0.337650,0.007102
523,0.340561,0.003078
524,0.343701,-0.000776
525,0.347056,-0.004446
526,0.350684,-0.007928
527,0.354437,-0.011204
528,0.358346,-0.014318
529,0.361843,-0.016173
530,0.362830,-0.015232
531,0.363125,-0.015007
532,0.361165,-0.013595
533,0.355723,-0.010349
534,0.347721,-0.006087
535,0.338744,-0.001844
536,0.329384,0.001840
537,0.319788,0.005069
538,0.310063,0.007683
539,0.300233,0.009881
540,0.290298,0.011326
541,0.280269,0.012227
542,0.270207,0.012556
543,0.260144,0.012315
544,0.250099,0.011541
545,0.240060,0.010193
546,0.230331,0.008327
547,0.220563,0.006012
548,0.214601,0.004292
549,0.214399,0.004801
550,0.215079,0.006292
551,0.212981,0.007092
552,0.211446,0.008196
553,0.210705,0.009971
554,0.211489,0.012625
555,0.213842,0.016258
556,0.216556,0.020125
557,0.219276,0.024209
558,0.221743,0.028482
559,0.223974,0.032910
560,0.225953,0.037465
561,0.227623,0.042176
562,0.229102,0.046958
563,0.230332,0.051923
564,0.231186,0.056719
565,0.231783,0.061624
566,0.232104,0.066577
567,0.232144,0.071547
568,0.231902,0.076515
569,0.231323,0.081503
570,0.230526,0.086431
571,0.229447,0.091290
572,0.228093,0.096076
573,0.226469,0.100776
574,0.224580,0.105377
575,0.222432,0.109863
576,0.219965,0.114223
577,0.217320,0.118470
578,0.214443,0.122535
579,0.211230,0.126474
580,0.207894,0.130157
581,0.204360,0.133658
582,0.200636,0.136957
583,0.196730,0.140040
584,0.192585,0.142885
585,0.188344,0.145524
586,0.183872,0.147969
587,0.179377,0.150069
588,0.174761,0.151920
589,0.170044,0.153509
590,0.165242,0.154828
591,0.160316,0.155831
592,0.155358,0.156677
593,0.150313,0.157131
594,0.145348,0.157311
595,0.140370,0.157216
596,0.135403,0.156841
597,0.130464,0.156184
598,0.125570,0.155247
599,0.120684,0.153977
600,0.115772,0.152440
601,0.111130,0.150670
602,0.106582,0.148640
603,0.102152,0.146354
604,0.097857,0.143821
605,0.093713,0.141046
606,0.089732,0.138041
607,0.085841,0.134761
608,0.082225,0.131358
609,0.078770,0.127608
610,0.075604,0.123765
611,0.072642,0.119752
612,0.069907,0.115578
613,0.067412,0.111256
614,0.065209,0.106744
615,0.063119,0.102159
616,0.061378,0.097354
617,0.059966,0.092578
618,0.058804,0.087725
619,0.057912,0.082812
620,0.057298,0.077856
621,0.056966,0.072872
622,0.056904,0.067819
623,0.057117,0.062821
624,0.057699,0.057740
625,0.058532,0.052820
626,0.059630,0.047947
627,0.060998,0.043140
628,0.062636,0.038418
629,0.064485,0.033752
630,0.066696,0.029233
631,0.069211,0.024757
632,0.071905,0.020551
633,0.074819,0.016489
634,0.077956,0.012593
635,0.081307,0.008881
636,0.084846,0.005297
637,0.088629,0.002009
638,0.092564,-0.001104
639,0.096795,-0.003982
640,0.101066,-0.006583
641,0.105475,-0.008948
642,0.110011,-0.011062
643,0.114661,-0.012915
644,0.119410,-0.014573
645,0.124275,-0.015857
646,0.129326,-0.016856
647,0.134281,-0.017591
648,0.139268,-0.018051
649,0.144274,-0.018230
650,0.149281,-0.018124
651,0.154276,-0.017734
652,0.159257,-0.017131
653,0.164214,-0.016129
654,0.169186,-0.014786
655,0.173958,-0.013255
656,0.178640,-0.011464
657,0.183213,-0.009412
658,0.187664,-0.007103
659,0.192019,-0.004605
660,0.196190,-0.001748
661,0.200197,0.001283
662,0.204063,0.004687
663,0.207670,0.008171
664,0.211082,0.011848
665,0.214282,0.015712
666,0.217322,0.019718
667,0.220031,0.023969
668,0.222559,0.028336
669,0.224811,0.032826
670,0.226781,0.037565
671,0.228480,0.042285
672,0.229920,0.047093
673,0.231159,0.051970
674,0.232051,0.056894
675,0.232593,0.061912
676,0.232936,0.066959
677,0.232911,0.072108
678,0.232633,0.077121
679,0.232083,0.082113
680,0.231314,0.087108
681,0.230227,0.091983
682,0.228845,0.096804
683,0.227185,0.101544
684,0.225090,0.106320
685,0.222869,0.110835
686,0.220411,0.115223
687,0.217713,0.119465
688,0.214820,0.123607
689,0.211686,0.127505
690,0.208313,0.131224
691,0.204653,0.134742
692,0.200730,0.138111
693,0.196748,0.141188
694,0.192605,0.144043
695,0.188309,0.146661
696,0.183895,0.149101
697,0.179348,0.151215
698,0.174673,0.153064
699,0.169749,0.154601
700,0.164865,0.155900
701,0.159931,0.156921
702,0.154951,0.157662
703,0.149909,0.158184
704,0.144790,0.158310
705,0.139770,0.158168
706,0.134753,0.157750
707,0.129723,0.156986
708,0.124755,0.156014
709,0.119871,0.154757
710,0.115072,0.153223
711,0.110219,0.151384
712,0.105742,0.149326
713,0.101312,0.146990
714,0.096999,0.144397
715,0.092836,0.141485
716,0.088799,0.138413
717,0.084970,0.135121
718,0.081342,0.131619
719,0.077920,0.127917
720,0.074715,0.124026
721,0.071736,0.119958
722,0.068992,0.115727
723,0.066493,0.111347
724,0.064268,0.106759
725,0.062266,0.102112
726,0.060558,0.097229
727,0.059140,0.092392
728,0.057983,0.087483
729,0.057102,0.082517
730,0.056503,0.077507
731,0.056189,0.072471
732,0.056210,0.067366
733,0.056461,0.062313
734,0.057014,0.057157
735,0.057854,0.052206
736,0.058977,0.047292
737,0.060378,0.042444
738,0.062053,0.037682
739,0.063996,0.033022
740,0.066271,0.028435
741,0.068839,0.023920
742,0.071519,0.019635
743,0.074463,0.015551
744,0.077642,0.011633
745,0.081042,0.007899
746,0.084650,0.004363
747,0.088454,0.001037
748,0.092511,-0.002041
749,0.096797,-0.005056
750,0.101043,-0.007608
751,0.105483,-0.009956
752,0.110068,-0.012060
753,0.114773,-0.013904
754,0.119577,-0.015479
755,0.124464,-0.016778
756,0.129418,-0.017798
757,0.134486,-0.018492
758,0.139539,-0.018956
759,0.144596,-0.019125
760,0.149651,-0.019003
761,0.154691,-0.018595
762,0.159699,-0.017900
763,0.164659,-0.016921
764,0.169672,-0.015568
765,0.174515,-0.013929
766,0.179257,-0.012111
767,0.183874,-0.010031
768,0.188360,-0.007694
769,0.192706,-0.005105
770,0.196898,-0.002273
771,0.200922,0.000792
772,0.204899,0.004169
773,0.208496,0.007758
774,0.211956,0.011482
775,0.215183,0.015388
776,0.218178,0.019469
777,0.220936,0.023714
778,0.223448,0.028109
779,0.225707,0.032640
780,0.227779,0.037278
781,0.229474,0.042183
782,0.230872,0.047107
783,0.232047,0.052050
784,0.232934,0.057042
785,0.233534,0.062073
786,0.233847,0.067129
787,0.233871,0.072196
788,0.233681,0.077279
789,0.233071,0.082431
790,0.232126,0.087458
791,0.230992,0.092419
792,0.229581,0.097294
793,0.227895,0.102077
794,0.225941,0.106755
795,0.223723,0.111315
796,0.221303,0.115799
797,0.218603,0.120063
798,0.215436,0.124217
799,0.212216,0.128200
800,0.208793,0.131957
801,0.205165,0.135507
802,0.201342,0.138844
803,0.197335,0.141958
804,0.193169,0.144917
805,0.188718,0.147585
806,0.184226,0.149920
807,0.179538,0.151988
808,0.174786,0.153870
809,0.169953,0.155459
810,0.165044,0.156766
811,0.160069,0.157791
812,0.155045,0.158530
813,0.149981,0.159061
814,0.144784,0.159165
815,0.139711,0.159004
816,0.134589,0.158507
817,0.129526,0.157804
818,0.124535,0.156809
819,0.119614,0.155530
820,0.114775,0.153973
821,0.109995,0.152213
822,0.105268,0.150016
823,0.100792,0.147617
824,0.096439,0.144984
825,0.092222,0.142038
826,0.088162,0.138935
827,0.084305,0.135610
828,0.080647,0.132072
829,0.077135,0.128380
830,0.073910,0.124467
831,0.070892,0.120208
832,0.068158,0.115916
833,0.065657,0.111479
834,0.063412,0.106822
835,0.061411,0.102128
836,0.059689,0.097334
837,0.058166,0.092466
838,0.057000,0.087528
839,0.056164,0.082365
840,0.055614,0.077304
841,0.055331,0.072215
842,0.055332,0.067117
843,0.055673,0.061969
844,0.056240,0.056888
845,0.057023,0.051835
846,0.058157,0.046887
847,0.059675,0.041870
848,0.061432,0.037087
849,0.063433,0.032395
850,0.065689,0.027818
851,0.068276,0.023355
852,0.071032,0.019033
853,0.073993,0.014824
854,0.077179,0.010891
855,0.080615,0.007138
856,0.084422,0.003520
857,0.088304,0.000212
858,0.092357,-0.002893
859,0.096577,-0.005769
860,0.101032,-0.008390
861,0.105559,-0.010792
862,0.110213,-0.013006
863,0.114931,-0.014860
864,0.119775,-0.016436
865,0.124865,-0.017695
866,0.129877,-0.018678
867,0.134938,-0.019390
868,0.140032,-0.019818
869,0.145214,-0.019913
870,0.150334,-0.019771
871,0.155472,-0.019403
872,0.160496,-0.018694
873,0.165639,-0.017606
874,0.170570,-0.016243
875,0.175426,-0.014635
876,0.180188,-0.012762
877,0.184875,-0.010550
878,0.189421,-0.008158
879,0.193804,-0.005512
880,0.198102,-0.002661
881,0.202131,0.000437
882,0.205986,0.003785
883,0.209696,0.007538
884,0.213131,0.011335
885,0.216357,0.015314
886,0.219351,0.019557
887,0.222136,0.023884
888,0.224650,0.028350
889,0.226978,0.032928
890,0.228961,0.037622
891,0.230670,0.042441
892,0.232076,0.047525
893,0.233188,0.052524
894,0.234035,0.057580
895,0.234549,0.062749
896,0.234843,0.067891
897,0.234833,0.073021
898,0.234609,0.078147
899,0.234019,0.083222
900,0.233131,0.088265
901,0.231843,0.093373
902,0.230356,0.098280
903,0.228605,0.103103
904,0.226504,0.107856
905,0.224230,0.112499
906,0.221749,0.117040
907,0.218986,0.121328
908,0.215961,0.125461
909,0.212545,0.129507
910,0.209027,0.133241
911,0.205317,0.136791
912,0.201414,0.140132
913,0.197329,0.143247
914,0.192991,0.146124
915,0.188593,0.148854
916,0.184070,0.151231
917,0.179397,0.153341
918,0.174423,0.155184
919,0.169517,0.156703
920,0.164534,0.157968
921,0.159488,0.158955
922,0.154393,0.159656
923,0.149185,0.160030
924,0.143998,0.160244
925,0.138887,0.160084
926,0.133776,0.159618
927,0.128535,0.158769
928,0.123512,0.157673
929,0.118547,0.156317
930,0.113664,0.154689
931,0.108880,0.152787
932,0.104143,0.150541
933,0.099522,0.148173
934,0.095150,0.145513
935,0.090928,0.142588
936,0.086774,0.139280
937,0.082925,0.135821
938,0.079273,0.132187
939,0.075824,0.128358
940,0.072595,0.124341
941,0.069607,0.120052
942,0.066701,0.115674
943,0.064201,0.111201
944,0.061967,0.106568
945,0.060001,0.101808
946,0.058302,0.096737
947,0.056938,0.091767
948,0.055831,0.086728
949,0.055005,0.081634
950,0.054467,0.076501
951,0.054267,0.071255
952,0.054197,0.066053
953,0.054531,0.060918
954,0.055168,0.055802
955,0.056180,0.050542
956,0.057458,0.045522
957,0.058987,0.040588
958,0.060784,0.035743
959,0.062852,0.031007
960,0.065184,0.026395
961,0.067855,0.021874
962,0.070621,0.017471
963,0.073689,0.013334
964,0.077001,0.009375
965,0.080714,0.005533
966,0.084485,0.001999
967,0.088443,-0.001332
968,0.092582,-0.004437
969,0.096889,-0.007303
970,0.101455,-0.009927
971,0.106068,-0.012308
972,0.110777,-0.014504
973,0.115601,-0.016318
974,0.120730,-0.017833
975,0.125759,-0.019050
976,0.130850,-0.019997
977,0.135988,-0.020659
978,0.141155,-0.021030
979,0.146372,-0.021027
980,0.151642,-0.020859
981,0.156805,-0.020355
982,0.161962,-0.019641
983,0.167183,-0.018441
984,0.172160,-0.017017
985,0.177062,-0.015328
986,0.181864,-0.013367
987,0.186548,-0.011138
988,0.191098,-0.008645
989,0.195500,-0.005898
990,0.199786,-0.002819
991,0.203953,0.000357
992,0.207959,0.003987
993,0.211604,0.007711
994,0.215036,0.011610
995,0.218250,0.015695
996,0.221228,0.019955
997,0.223961,0.024379
998,0.226438,0.028951
999,0.228676,0.033798
1000,0.230798,0.038707
1001,0.232463,0.043618
1002,0.233856,0.048906
1003,0.234898,0.054029
1004,0.235663,0.059192
1005,0.236139,0.064393
1006,0.236321,0.069613
1007,0.236205,0.074837
1008,0.235792,0.080047
1009,0.235103,0.085434
1010,0.234156,0.090643
1011,0.232859,0.095708
1012,0.231085,0.100931
1013,0.229163,0.105837
1014,0.226975,0.110636
1015,0.224517,0.115308
1016,0.221794,0.119836
1017,0.218812,0.124208
1018,0.215580,0.128408
1019,0.211954,0.132590
1020,0.208203,0.136507
1021,0.204210,0.140381
1022,0.201539,0.148833
1023,0.200277,0.157635
1024,0.198458,0.163825
1025,0.196238,0.169186
1026,0.193701,0.174171
1027,0.190880,0.178925
1028,0.187527,0.183405
1029,0.184146,0.187775
1030,0.180550,0.191940
1031,0.176718,0.195972
1032,0.172704,0.199708
1033,0.168468,0.203198
1034,0.164034,0.206438
1035,0.159421,0.209420
1036,0.154645,0.212134
1037,0.149543,0.214394
1038,0.144466,0.216528
1039,0.139294,0.218382
1040,0.133987,0.220014
1041,0.128653,0.221284
1042,0.123250,0.222235
1043,0.117800,0.222875
1044,0.112321,0.223201
1045,0.106735,0.223062
1046,0.101241,0.222629
1047,0.095780,0.222003
1048,0.090291,0.221099
1049,0.084954,0.219902
1050,0.079692,0.218375
1051,0.074525,0.216544
1052,0.069471,0.214420
1053,0.064545,0.212010
1054,0.059755,0.209142
1055,0.055199,0.206082
1056,0.050759,0.202851
1057,0.046421,0.199340
1058,0.042363,0.195674
1059,0.038537,0.191760
1060,0.034945,0.187626
1061,0.031594,0.183291
1062,0.028496,0.178772
1063,0.025811,0.173882
1064,0.023271,0.169023
1065,0.020997,0.164041
1066,0.019005,0.158940
1067,0.017232,0.153693
1068,0.015822,0.148410
1069,0.014726,0.143048
1070,0.013941,0.137630
1071,0.013672,0.132074
1072,0.013558,0.126582
1073,0.013722,0.121108
1074,0.014187,0.115656
1075,0.014952,0.110140
1076,0.015999,0.104781
1077,0.017377,0.099494
1078,0.019063,0.094292
1079,0.021045,0.089194
1080,0.023583,0.084240
1081,0.026171,0.079392
1082,0.029002,0.074707
1083,0.032088,0.070192
1084,0.035424,0.065862
1085,0.039008,0.061641
1086,0.042801,0.057715
1087,0.046823,0.054018
1088,0.051231,0.050619
1089,0.055688,0.047530
1090,0.060366,0.044567
1091,0.065136,0.041881
1092,0.070041,0.039472
1093,0.075138,0.037294
1094,0.080281,0.035430
1095,0.085511,0.033889
1096,0.090827,0.032656
1097,0.096347,0.031863
1098,0.101756,0.031304
1099,0.107223,0.031106
1100,0.112702,0.031125
1101,0.118154,0.031445
1102,0.123575,0.032074
1103,0.129045,0.032989
1104,0.134350,0.034207
1105,0.139578,0.035746
1106,0.144710,0.037587
1107,0.149744,0.039909
1108,0.154586,0.042429
1109,0.159337,0.045138
1110,0.163918,0.048098
1111,0.168322,0.051310
1112,0.172630,0.054818
1113,0.176655,0.058487
1114,0.180443,0.062394
1115,0.184000,0.066518
1116,0.187231,0.071011
1117,0.190210,0.075614
1118,0.193007,0.080300
1119,0.195534,0.085125
1120,0.197782,0.090083
1121,0.199744,0.095161
1122,0.201475,0.100428
1123,0.202866,0.105676
1124,0.203935,0.111008
1125,0.204533,0.116514
1126,0.204856,0.121958
1127,0.204975,0.127427
1128,0.204796,0.132870
1129,0.204310,0.138288
1130,0.203517,0.143668
1131,0.202419,0.148994
1132,0.201053,0.154337
1133,0.199367,0.159500
1134,0.197177,0.164581
1135,0.194811,0.169434
1136,0.192177,0.174294
1137,0.189339,0.178943
1138,0.186250,0.183415
1139,0.182914,0.187702
1140,0.179340,0.191792
1141,0.175527,0.195771
1142,0.171523,0.199426
1143,0.167095,0.202777
1144,0.162680,0.205900
1145,0.157989,0.208730
1146,0.153204,0.211376
1147,0.148311,0.213742
1148,0.143300,0.215824
1149,0.138180,0.217617
1150,0.132967,0.219116
1151,0.127610,0.220384
1152,0.122140,0.221160
1153,0.116724,0.221667
1154,0.111319,0.221913
1155,0.105841,0.221760
1156,0.100417,0.221407
1157,0.095035,0.220750
1158,0.089703,0.219789
1159,0.084435,0.218526
1160,0.079130,0.216965
1161,0.074046,0.215128
1162,0.069037,0.212805
1163,0.064210,0.210287
1164,0.059541,0.207567
1165,0.055023,0.204469
1166,0.050661,0.201236
1167,0.046499,0.197771
1168,0.042545,0.194078
1169,0.038731,0.190120
1170,0.035186,0.185984
1171,0.031923,0.181680
1172,0.028914,0.177188
1173,0.026299,0.172312
1174,0.023855,0.167501
1175,0.021743,0.162447
1176,0.019833,0.157369
1177,0.018218,0.152206
1178,0.016900,0.146963
1179,0.015884,0.141654
1180,0.015114,0.136202
1181,0.014700,0.130822
1182,0.014607,0.125420
1183,0.015043,0.119874
1184,0.015610,0.114511
1185,0.016584,0.109121
1186,0.017743,0.103821
1187,0.019193,0.098609
1188,0.020935,0.093493
1189,0.023017,0.088338
1190,0.025344,0.083426
1191,0.027938,0.078689
1192,0.031036,0.074082
1193,0.034270,0.069688
1194,0.037870,0.065467
1195,0.041549,0.061434
1196,0.045420,0.057632
1197,0.049498,0.054060
1198,0.053777,0.050728
1199,0.058360,0.047552
1200,0.063085,0.044708
1201,0.067911,0.042172
1202,0.073087,0.040036
1203,0.078524,0.038251
1204,0.084013,0.036658
1205,0.089563,0.035390
1206,0.095240,0.034475
1207,0.101050,0.033939
1208,0.107041,0.033743
1209,0.109495,0.032579
1210,0.109660,0.031694
1211,0.110834,0.031989
1212,0.112363,0.032717
1213,0.114038,0.033579
1214,0.115701,0.034574
1215,0.117320,0.035674
1216,0.118878,0.036869
1217,0.120367,0.038153
1218,0.121782,0.039520
1219,0.123118,0.040966
1220,0.124370,0.042487
1221,0.125489,0.044378
1222,0.126536,0.046054
1223,0.127598,0.047792
1224,0.128467,0.049543
1225,0.129226,0.051351
1226,0.129879,0.053203
1227,0.130425,0.055090
1228,0.130863,0.057007
1229,0.131192,0.058946
1230,0.131344,0.060964
1231,0.131373,0.063223
1232,0.127022,0.067316
1233,0.121444,0.072338
1234,0.117641,0.076572
1235,0.114248,0.080569
1236,0.110852,0.084360
1237,0.107316,0.087949
1238,0.103605,0.091331
1239,0.099641,0.094499
1240,0.095452,0.097542
1241,0.091255,0.100220
1242,0.086891,0.102665
1243,0.082387,0.104861
1244,0.077762,0.106798
1245,0.073034,0.108470
1246,0.068152,0.109839
1247,0.063111,0.110958
1248,0.058147,0.111832
1249,0.053191,0.112391
1250,0.048190,0.112660
1251,0.043175,0.112642
1252,0.038166,0.112338
1253,0.033181,0.111750
1254,0.028176,0.110824
1255,0.023167,0.109598
1256,0.018330,0.108200
1257,0.013628,0.106506
1258,0.009017,0.104537
1259,0.004521,0.102304
1260,0.000158,0.099818
1261,-0.004058,0.097087
1262,-0.008128,0.094050
1263,-0.012074,0.090732
1264,-0.015803,0.087358
1265,-0.019282,0.083751
1266,-0.022554,0.079942
1267,-0.025606,0.075950
1268,-0.028426,0.071790
1269,-0.030972,0.067412
1270,-0.033343,0.062801
1271,-0.035458,0.058229
1272,-0.037256,0.053549
1273,-0.038785,0.048763
1274,-0.040041,0.043895
1275,-0.041017,0.038962
1276,-0.041712,0.033980
1277,-0.042122,0.028966
1278,-0.042214,0.023722
1279,-0.042044,0.018710
1280,-0.041587,0.013705
1281,-0.040845,0.008730
1282,-0.039820,0.003803
1283,-0.038517,-0.001058
1284,-0.036940,-0.005838
1285,-0.035000,-0.010632
1286,-0.032795,-0.015122
1287,-0.030465,-0.019594
1288,-0.027864,-0.023896
1289,-0.025017,-0.028034
1290,-0.021938,-0.032002
1291,-0.018636,-0.035789
1292,-0.015124,-0.039382
1293,-0.011413,-0.042769
1294,-0.007381,-0.045959
1295,-0.003296,-0.048886
1296,0.000947,-0.051586
1297,0.005335,-0.054045
1298,0.009856,-0.056251
1299,0.014496,-0.058197
1300,0.019239,-0.059876
1301,0.024206,-0.061327
1302,0.029091,-0.062431
1303,0.034051,-0.063265
1304,0.039057,-0.063817
1305,0.044088,-0.064086
1306,0.049127,-0.064067
1307,0.054159,-0.063763
1308,0.059188,-0.063102
1309,0.064234,-0.062293
1310,0.069111,-0.061138
1311,0.073932,-0.059695
1312,0.078669,-0.057977
1313,0.083303,-0.055990
1314,0.087818,-0.053743
1315,0.092198,-0.051242
1316,0.096430,-0.048495
1317,0.100513,-0.045437
1318,0.104428,-0.042226
1319,0.108138,-0.038802
1320,0.111678,-0.035013
1321,0.114951,-0.031174
1322,0.118012,-0.027162
1323,0.120843,-0.022983
1324,0.123432,-0.018651
1325,0.125750,-0.014105
1326,0.127852,-0.009494
1327,0.129675,-0.004784
1328,0.131204,0.000161
1329,0.132441,0.005051
1330,0.133418,0.010003
1331,0.134193,0.015002
1332,0.134614,0.020019
1333,0.134688,0.025116
1334,0.134540,0.030186
1335,0.134097,0.035221
1336,0.133281,0.040337
1337,0.132234,0.045275
1338,0.130977,0.050207
1339,0.129423,0.054979
1340,0.127577,0.059672
1341,0.125384,0.064258
1342,0.123011,0.068771
1343,0.120387,0.073100
1344,0.117393,0.077329
1345,0.114273,0.081303
1346,0.110941,0.085105
1347,0.107449,0.088775
1348,0.103725,0.092173
1349,0.099799,0.095355
1350,0.095618,0.098295
1351,0.091340,0.101037
1352,0.086780,0.103510
1353,0.082223,0.105705
1354,0.077551,0.107648
1355,0.072803,0.109407
1356,0.067955,0.110810
1357,0.063024,0.111931
1358,0.058032,0.112770
1359,0.052764,0.113259
1360,0.047701,0.113482
1361,0.042636,0.113442
1362,0.037581,0.113122
1363,0.032512,0.112582
1364,0.027555,0.111713
1365,0.022636,0.110544
1366,0.017785,0.109091
1367,0.013016,0.107285
1368,0.008216,0.105181
1369,0.003682,0.102903
1370,-0.000716,0.100380
1371,-0.004964,0.097614
1372,-0.009100,0.094671
1373,-0.012999,0.091453
1374,-0.016712,0.088007
1375,-0.020290,0.084211
1376,-0.023540,0.080253
1377,-0.026623,0.076197
1378,-0.029462,0.071987
1379,-0.032132,0.067624
1380,-0.034471,0.063164
1381,-0.036547,0.058547
1382,-0.038356,0.053810
1383,-0.039893,0.048973
1384,-0.041057,0.043861
1385,-0.042043,0.038825
1386,-0.042729,0.033785
1387,-0.043128,0.028722
1388,-0.043315,0.023629
1389,-0.043145,0.018576
1390,-0.042677,0.013526
1391,-0.041919,0.008506
1392,-0.040791,0.003404
1393,-0.039347,-0.001517
1394,-0.037737,-0.006372
1395,-0.035856,-0.011102
1396,-0.033765,-0.015769
1397,-0.031386,-0.020226
1398,-0.028735,-0.024552
1399,-0.025835,-0.028723
1400,-0.022699,-0.032725
1401,-0.019198,-0.036590
1402,-0.015533,-0.040183
1403,-0.011745,-0.043621
1404,-0.007779,-0.046816
1405,-0.003680,-0.049844
1406,0.000605,-0.052557
1407,0.005049,-0.055022
1408,0.009788,-0.057256
1409,0.014511,-0.059143
1410,0.019328,-0.060794
1411,0.024303,-0.062138
1412,0.029296,-0.063270
1413,0.034310,-0.064186
1414,0.039357,-0.064726
1415,0.044438,-0.064972
1416,0.049528,-0.064926
1417,0.054759,-0.064538
1418,0.059823,-0.063858
1419,0.064833,-0.062921
1420,0.069830,-0.061648
1421,0.074727,-0.060170
1422,0.079554,-0.058486
1423,0.084217,-0.056472
1424,0.088765,-0.054183
1425,0.093177,-0.051636
1426,0.097538,-0.048713
1427,0.101600,-0.045636
1428,0.105506,-0.042353
1429,0.109253,-0.038777
1430,0.112852,-0.035125
1431,0.116149,-0.031262
1432,0.119220,-0.027199
1433,0.122055,-0.022961
1434,0.124645,-0.018567
1435,0.126996,-0.013867
1436,0.129030,-0.009189
1437,0.130819,-0.004407
1438,0.132390,0.000569
1439,0.133659,0.005489
1440,0.134624,0.010492
1441,0.135296,0.015549
1442,0.135678,0.020639
1443,0.135769,0.025745
1444,0.135487,0.030984
1445,0.134966,0.036065
1446,0.134095,0.041136
1447,0.133043,0.046203
1448,0.131769,0.051169
1449,0.130147,0.056000
1450,0.128242,0.060736
1451,0.126067,0.065359
1452,0.123632,0.069852
1453,0.120777,0.074284
1454,0.117821,0.078459
1455,0.114642,0.082469
1456,0.111207,0.086233
1457,0.107642,0.089907
1458,0.103858,0.093332
1459,0.099879,0.096524
1460,0.095723,0.099483
1461,0.091404,0.102200
1462,0.086772,0.104679
1463,0.082155,0.106852
1464,0.077426,0.108781
1465,0.072596,0.110445
1466,0.067679,0.111834
1467,0.062691,0.112941
1468,0.057648,0.113763
1469,0.052566,0.114297
1470,0.047421,0.114620
1471,0.042210,0.114504
1472,0.037120,0.114140
1473,0.032046,0.113495
1474,0.027014,0.112564
1475,0.022041,0.111349
1476,0.017144,0.109853
1477,0.012340,0.108081
1478,0.007644,0.106039
1479,0.002852,0.103581
1480,-0.001547,0.101013
1481,-0.005813,0.098193
1482,-0.009918,0.095132
1483,-0.013845,0.091841
1484,-0.017579,0.088332
1485,-0.021108,0.084616
1486,-0.024421,0.080704
1487,-0.027499,0.076520
1488,-0.030437,0.072074
1489,-0.033091,0.067670
1490,-0.035411,0.063117
1491,-0.037475,0.058427
1492,-0.039272,0.053624
1493,-0.040793,0.048725
1494,-0.042033,0.043746
1495,-0.042989,0.038704
1496,-0.043656,0.033616
1497,-0.043998,0.028406
1498,-0.044016,0.023118
1499,-0.043864,0.017955
1500,-0.043369,0.012879
1501,-0.042573,0.007818
1502,-0.041486,0.002803
1503,-0.040114,-0.002145
1504,-0.038463,-0.007008
1505,-0.036537,-0.011770
1506,-0.034120,-0.016593
1507,-0.031636,-0.021124
1508,-0.028952,-0.025589
1509,-0.026024,-0.029765
1510,-0.022836,-0.033780
1511,-0.019415,-0.037612
1512,-0.015779,-0.041244
1513,-0.011941,-0.044665
1514,-0.007914,-0.047862
1515,-0.003534,-0.050861
1516,0.000922,-0.053503
1517,0.005497,-0.056109
1518,0.010116,-0.058329
1519,0.014872,-0.060257
1520,0.019741,-0.061907
1521,0.024700,-0.063278
1522,0.029731,-0.064364
1523,0.034817,-0.065163
1524,0.040106,-0.065608
1525,0.045253,-0.065790
1526,0.050492,-0.065642
1527,0.055709,-0.065365
1528,0.060794,-0.064712
1529,0.065847,-0.063752
1530,0.070843,-0.062501
1531,0.075760,-0.060965
1532,0.080584,-0.059152
1533,0.085408,-0.056927
1534,0.089984,-0.054552
1535,0.094428,-0.051931
1536,0.098863,-0.049014
1537,0.102983,-0.045942
1538,0.106913,-0.042615
1539,0.110647,-0.039061
1540,0.114174,-0.035297
1541,0.117572,-0.031156
1542,0.120615,-0.026966
1543,0.123433,-0.022636
1544,0.126009,-0.018158
1545,0.128324,-0.013444
1546,0.130487,-0.008713
1547,0.132272,-0.003884
1548,0.133772,0.001053
1549,0.134986,0.006071
1550,0.135913,0.011152
1551,0.136497,0.016464
1552,0.136801,0.021623
1553,0.136833,0.026795
1554,0.136576,0.031961
1555,0.136103,0.037243
1556,0.135281,0.042330
1557,0.134152,0.047371
1558,0.132731,0.052342
1559,0.131028,0.057225
1560,0.128915,0.062187
1561,0.126620,0.066832
1562,0.124087,0.071350
1563,0.121309,0.075721
1564,0.118200,0.079980
1565,0.114947,0.084026
1566,0.111471,0.087868
1567,0.107797,0.091587
1568,0.103932,0.095027
1569,0.099864,0.098206
1570,0.095417,0.101184
1571,0.090979,0.103861
1572,0.086398,0.106294
1573,0.081552,0.108487
1574,0.076702,0.110424
1575,0.071773,0.112054
1576,0.066762,0.113396
1577,0.061684,0.114449
1578,0.056544,0.115314
1579,0.051174,0.115700
1580,0.045984,0.115837
1581,0.040789,0.115691
1582,0.035609,0.115253
1583,0.030331,0.114471
1584,0.025209,0.113460
1585,0.020174,0.112151
1586,0.015225,0.110556
1587,0.010376,0.108681
1588,0.005534,0.106597
1589,0.000806,0.104030
1590,-0.003636,0.101321
1591,-0.007932,0.098369
1592,-0.012058,0.095179
1593,-0.016077,0.091651
1594,-0.019834,0.088011
1595,-0.023364,0.084164
1596,-0.026666,0.080123
1597,-0.029878,0.075870
1598,-0.032835,0.071212
1599,-0.035370,0.066621
1600,-0.037651,0.061896
1601,-0.039667,0.057044
1602,-0.041426,0.051920
1603,-0.042940,0.046792
1604,-0.044111,0.041638
1605,-0.044981,0.036421
1606,-0.045550,0.031156
1607,-0.045883,0.025492
1608,-0.045824,0.019991
1609,-0.045458,0.014529
1610,-0.049410,0.006590
1611,-0.054488,-0.000715
1612,-0.057443,-0.006507
1613,-0.059537,-0.011929
1614,-0.061141,-0.017287
1615,-0.062379,-0.022671
1616,-0.063345,-0.028161
1617,-0.063959,-0.033613
1618,-0.064241,-0.039095
1619,-0.064050,-0.044677
1620,-0.063666,-0.050134
1621,-0.062902,-0.055590
1622,-0.061916,-0.061007
1623,-0.060633,-0.066349
1624,-0.059049,-0.071606
1625,-0.057194,-0.076841
1626,-0.055043,-0.081881
1627,-0.052591,-0.086788
1628,-0.049688,-0.091529
1629,-0.046594,-0.096067
1630,-0.043317,-0.100488
1631,-0.039808,-0.104710
1632,-0.036069,-0.108725
1633,-0.032108,-0.112519
1634,-0.027923,-0.116166
1635,-0.023566,-0.119489
1636,-0.018852,-0.122482
1637,-0.014112,-0.125150
1638,-0.009163,-0.127669
1639,-0.004145,-0.129905
1640,0.000980,-0.131853
1641,0.006206,-0.133505
1642,0.011567,-0.134922
1643,0.016933,-0.135986
1644,0.022358,-0.136725
1645,0.027948,-0.137008
1646,0.033403,-0.137066
1647,0.038899,-0.136752
1648,0.044364,-0.136229
1649,0.049780,-0.135403
1650,0.055138,-0.134270
1651,0.060499,-0.132868
1652,0.065689,-0.131148
1653,0.070771,-0.129122
1654,0.075730,-0.126805
1655,0.080535,-0.124031
1656,0.085143,-0.121072
1657,0.089644,-0.117922
1658,0.093950,-0.114538
1659,0.098143,-0.110871
1660,0.102047,-0.107055
1661,0.105710,-0.103002
1662,0.109132,-0.098738
1663,0.112229,-0.094114
1664,0.109215,-0.089825
1665,0.105674,-0.084604
1666,0.102713,-0.078911
1667,0.100612,-0.073127
1668,0.099742,-0.067475
1669,0.100224,-0.061998
1670,0.101102,-0.056638
1671,0.101890,-0.051243
1672,0.102285,-0.045693
1673,0.102495,-0.040258
1674,0.102336,-0.034777
1675,0.101961,-0.029313
1676,0.099524,-0.023846
1677,0.095935,-0.018433
1678,0.093581,-0.013176
1679,0.091681,-0.007985
1680,0.089708,-0.002874
1681,0.087420,0.002103
1682,0.084680,0.007013
1683,0.081926,0.011816
1684,0.078943,0.016371
1685,0.075692,0.020744
1686,0.072193,0.024924
1687,0.068460,0.028898
1688,0.064506,0.032654
1689,0.060344,0.036179
1690,0.054956,0.039357
1691,0.045866,0.041816
1692,0.038498,0.044275
1693,0.033027,0.046658
1694,0.027571,0.048901
1695,0.022292,0.050847
1696,0.017037,0.052480
1697,0.011696,0.053717
1698,0.006273,0.054733
1699,0.000857,0.055447
1700,-0.004664,0.055899
1701,-0.010236,0.055842
1702,-0.015652,0.055574
1703,-0.021055,0.055021
1704,-0.026426,0.054167
1705,-0.031742,0.053011
1706,-0.036984,0.051553
1707,-0.042135,0.049708
1708,-0.047197,0.047658
1709,-0.052207,0.045319
1710,-0.057011,0.042741
1711,-0.061616,0.039684
1712,-0.066032,0.036543
1713,-0.070278,0.033159
1714,-0.074329,0.029537
1715,-0.078114,0.025610
1716,-0.081764,0.021488
1717,-0.085152,0.017222
1718,-0.088287,0.012779
1719,-0.091238,0.008080
1720,-0.093754,0.003149
1721,-0.096049,-0.001748
1722,-0.098072,-0.006778
1723,-0.099809,-0.011918
1724,-0.101251,-0.017151
1725,-0.102308,-0.022515
1726,-0.103149,-0.027902
1727,-0.103686,-0.033309
1728,-0.103915,-0.038733
1729,-0.103707,-0.044318
1730,-0.103309,-0.049692
1731,-0.102599,-0.055056
1732,-0.101582,-0.060379
1733,-0.100263,-0.065638
1734,-0.098548,-0.070823
1735,-0.096633,-0.075918
1736,-0.094442,-0.080883
1737,-0.091973,-0.085712
1738,-0.089234,-0.090392
1739,-0.085973,-0.095004
1740,-0.082720,-0.099312
1741,-0.079218,-0.103435
1742,-0.075483,-0.107355
1743,-0.071432,-0.111018
1744,-0.067259,-0.114503
1745,-0.062910,-0.117738
1746,-0.058388,-0.120718
1747,-0.053704,-0.123436
1748,-0.048873,-0.125882
1749,-0.043639,-0.127981
1750,-0.038549,-0.129849
1751,-0.033381,-0.131417
1752,-0.028045,-0.132602
1753,-0.022706,-0.133573
1754,-0.017334,-0.134240
1755,-0.011937,-0.134600
1756,-0.006528,-0.134652
1757,-0.001126,-0.134396
1758,0.004405,-0.133608
1759,0.009853,-0.132682
1760,0.015152,-0.131491
1761,0.020377,-0.129882
1762,0.025493,-0.128088
1763,0.030487,-0.126012
1764,0.035350,-0.123657
1765,0.040071,-0.121028
1766,0.044635,-0.118135
1767,0.049026,-0.114985
1768,0.053201,-0.111356
1769,0.055783,-0.107615
1770,0.058710,-0.103508
1771,0.062012,-0.099399
1772,0.065243,-0.095124
1773,0.068278,-0.090669
1774,0.067157,-0.088133
1775,0.062713,-0.087084
1776,0.058375,-0.085308
1777,0.053995,-0.082321
1778,0.049697,-0.078632
1779,0.045762,-0.074128
1780,0.042701,-0.069157
1781,0.041099,-0.063860
1782,0.040712,-0.058448
1783,0.040610,-0.053066
1784,0.040365,-0.047665
1785,0.039856,-0.042272
1786,0.039050,-0.036909
1787,0.037939,-0.031597
1788,0.036523,-0.026354
1789,0.034804,-0.021198
1790,0.032604,-0.016070
1791,0.029768,-0.010805
1792,0.026927,-0.005914
1793,0.023801,-0.001187
1794,0.020337,0.003383
1795,0.016517,0.007775
1796,0.012323,0.011964
1797,0.007737,0.015922
1798,0.006520,0.018325
1799,0.006806,0.019208
