0,0.500027,0.116849
1,0.500027,0.116849
2,0.494639,0.105847
3,0.488413,0.090035
4,0.483148,0.073874
5,0.481702,0.069349
6,0.482863,0.057154
7,0.485825,0.040420
8,0.489788,0.023891
9,0.494685,0.007614
10,0.500501,-0.008357
11,0.507215,-0.023972
12,0.514808,-0.039180
13,0.523253,-0.053931
14,0.532523,-0.068178
15,0.542590,-0.081874
16,0.553419,-0.094975
17,0.564976,-0.107439
18,0.577223,-0.119226
19,0.575775,-0.124811
20,0.572946,-0.129928
21,0.570309,-0.135186
22,0.567873,-0.140564
23,0.565643,-0.146057
24,0.563627,-0.151658
25,0.561829,-0.157360
26,0.560254,-0.163156
27,0.558909,-0.169041
28,0.557799,-0.175005
29,0.556929,-0.181043
30,0.556304,-0.187145
31,0.555930,-0.193303
32,0.555811,-0.199508
33,0.555952,-0.205751
34,0.556357,-0.212022
35,0.557031,-0.218311
36,0.557977,-0.224608
37,0.559199,-0.230901
38,0.560701,-0.237180
39,0.562484,-0.243432
40,0.564550,-0.249646
41,0.566903,-0.255809
42,0.569543,-0.261908
43,0.572470,-0.267931
44,0.575686,-0.273863
45,0.579188,-0.279691
46,0.582977,-0.285401
47,0.587050,-0.290979
48,0.591405,-0.296410
49,0.596039,-0.301681
50,0.600946,-0.306776
51,0.606124,-0.311681
52,0.611565,-0.316381
53,0.617263,-0.320861
54,0.618272,-0.317972
55,0.620980,-0.310264
56,0.623395,-0.300308
57,0.624787,-0.284385
58,0.625806,-0.267418
59,0.625998,-0.250736
60,0.625348,-0.234295
61,0.623873,-0.218119
62,0.621595,-0.202237
63,0.618534,-0.186678
64,0.614715,-0.171473
65,0.610162,-0.156653
66,0.604903,-0.142247
67,0.598965,-0.128284
68,0.592378,-0.114791
69,0.585171,-0.101795
70,0.577379,-0.089321
71,0.569032,-0.077391
72,0.560165,-0.066028
73,0.550812,-0.055249
74,0.541009,-0.045074
75,0.534561,-0.038728
76,0.536709,-0.039026
77,0.541093,-0.041948
78,0.545876,-0.045652
79,0.550904,-0.049459
80,0.555786,-0.048302
81,0.561239,-0.044298
82,0.568699,-0.040360
83,0.575947,-0.034213
84,0.588608,-0.030148
85,0.602215,-0.025573
86,0.615640,-0.020318
87,0.628757,-0.014330
88,0.641515,-0.007608
89,0.645638,-0.007323
90,0.647333,-0.007720
91,0.646595,-0.009039
92,0.643271,-0.011452
93,0.635865,-0.012880
94,0.629927,-0.013517
95,0.631129,-0.013022
96,0.631118,-0.012806
97,0.628473,-0.009187
98,0.624906,-0.000630
99,0.623821,0.006742
100,0.626908,0.004296
101,0.629035,-0.001604
102,0.624496,-0.013120
103,0.623335,-0.023064
104,0.623546,-0.034982
105,0.622491,-0.039448
106,0.622621,-0.040440
107,0.622621,-0.040440
108,0.622621,-0.040440
109,0.622621,-0.040440
110,0.622621,-0.040440
111,0.634727,-0.038565
112,0.651258,-0.034626
113,0.667043,-0.030334
114,0.682752,-0.025156
115,0.698352,-0.018487
116,0.713546,-0.010941
117,0.728287,-0.002542
118,0.742526,0.006680
119,0.756218,0.016699
120,0.769317,0.027480
121,0.781782,0.038990
122,0.793571,0.051189
123,0.804648,0.064039
124,0.814975,0.077499
125,0.824520,0.091524
126,0.833251,0.106070
127,0.841141,0.121089
128,0.848163,0.136532
129,0.854296,0.152350
130,0.859518,0.168491
131,0.863814,0.184904
132,0.867168,0.201535
133,0.869571,0.218330
134,0.871054,0.235190
135,0.871534,0.252148
136,0.871047,0.269107
137,0.869597,0.286011
138,0.867232,0.302775
139,0.863868,0.319405
140,0.859566,0.335817
141,0.854337,0.351956
142,0.848239,0.367757
143,0.841253,0.383189
144,0.833357,0.398205
145,0.824620,0.412748
146,0.815070,0.426770
147,0.804774,0.440218
148,0.793692,0.453064
149,0.781898,0.465259
150,0.769428,0.476763
151,0.756324,0.487539
152,0.742628,0.497552
153,0.728384,0.506769
154,0.713708,0.515186
155,0.698510,0.522726
156,0.682907,0.529388
157,0.666950,0.535152
158,0.651441,0.540820
159,0.636004,0.545699
160,0.620244,0.549608
161,0.604380,0.552715
162,0.588327,0.554871
163,0.572171,0.556101
164,0.555969,0.556408
165,0.539775,0.555791
166,0.523643,0.554254
167,0.507629,0.551816
168,0.491781,0.548463
169,0.476144,0.544203
170,0.460774,0.539058
171,0.445709,0.532885
172,0.431028,0.526069
173,0.416757,0.518396
174,0.402946,0.509917
175,0.389639,0.500664
176,0.376881,0.490667
177,0.364725,0.479920
178,0.353185,0.468536
179,0.342311,0.456517
180,0.332138,0.443898
181,0.322712,0.430684
182,0.314087,0.416879
183,0.305116,0.406029
184,0.297058,0.393809
185,0.290583,0.379447
186,0.284062,0.365320
187,0.277943,0.352341
188,0.269409,0.337859
189,0.265687,0.322538
190,0.262093,0.310403
191,0.257472,0.303814
192,0.253060,0.296081
193,0.246551,0.291631
194,0.240580,0.289549
195,0.233635,0.287130
196,0.226263,0.284178
197,0.222268,0.281212
198,0.219774,0.275617
199,0.212852,0.270149
200,0.205124,0.264639
201,0.196748,0.262528
202,0.189456,0.264021
203,0.182535,0.265572
204,0.175619,0.266748
205,0.168699,0.267502
206,0.161795,0.267833
207,0.154935,0.267744
208,0.148142,0.267242
209,0.141441,0.266334
210,0.134856,0.265029
211,0.128410,0.263338
212,0.122126,0.261271
213,0.116025,0.258843
214,0.110127,0.256067
215,0.104452,0.252958
216,0.099019,0.249533
217,0.093845,0.245809
218,0.088945,0.241805
219,0.084335,0.237540
220,0.080028,0.233033
221,0.076037,0.228305
222,0.072372,0.223377
223,0.069042,0.218272
224,0.066057,0.213011
225,0.063423,0.207616
226,0.061144,0.202111
227,0.059225,0.196518
228,0.057668,0.190860
229,0.056474,0.185160
230,0.055643,0.179440
231,0.055172,0.173724
232,0.055059,0.168033
233,0.055299,0.162390
234,0.055886,0.156816
235,0.056812,0.151332
236,0.058070,0.145957
237,0.059650,0.140713
238,0.061540,0.135618
239,0.063730,0.130689
240,0.066205,0.125944
241,0.068953,0.121400
242,0.071958,0.117072
243,0.075205,0.112973
244,0.078677,0.109118
245,0.082357,0.105518
246,0.086228,0.102185
247,0.090271,0.099127
248,0.091632,0.093823
249,0.091538,0.078985
250,0.095920,0.062616
251,0.102926,0.046885
252,0.112446,0.031960
253,0.124316,0.018044
254,0.137811,0.005162
255,0.151993,-0.006815
256,0.166705,-0.017990
257,0.182086,-0.028207
258,0.196710,-0.038531
259,0.212040,-0.048134
260,0.225849,-0.058809
261,0.239796,-0.068677
262,0.255929,-0.075959
263,0.271232,-0.084399
264,0.285278,-0.094094
265,0.299505,-0.103323
266,0.303755,-0.105703
267,0.303755,-0.105703
268,0.303755,-0.105703
269,0.303755,-0.105703
270,0.304348,-0.106039
271,0.304372,-0.106053
272,0.311098,-0.116292
273,0.321537,-0.129701
274,0.332766,-0.142462
275,0.344703,-0.154563
276,0.357308,-0.165965
277,0.370542,-0.176632
278,0.384362,-0.186528
279,0.398722,-0.195622
280,0.413576,-0.203884
281,0.417741,-0.206169
282,0.429932,-0.207365
283,0.446923,-0.207662
284,0.463905,-0.206936
285,0.480819,-0.205246
286,0.497608,-0.202596
287,0.514220,-0.198996
288,0.530353,-0.194384
289,0.545050,-0.188547
290,0.559574,-0.181838
291,0.574072,-0.174341
292,0.588467,-0.166066
293,0.602849,-0.157089
294,0.616761,-0.147324
295,0.630096,-0.136784
296,0.642809,-0.125503
297,0.654861,-0.113516
298,0.666210,-0.100863
299,0.676822,-0.087584
300,0.686661,-0.073724
301,0.692463,-0.061450
302,0.695872,-0.048733
303,0.696237,-0.038028
304,0.695323,-0.027734
305,0.693737,-0.017464
306,0.691555,-0.007290
307,0.688795,0.002745
308,0.685420,0.012637
309,0.681558,0.022345
310,0.680393,0.030852
311,0.680612,0.038698
312,0.680619,0.046466
313,0.680271,0.054217
314,0.683568,0.061320
315,0.687905,0.068141
316,0.692413,0.074963
317,0.696350,0.081904
318,0.697894,0.089113
319,0.696751,0.096376
320,0.694158,0.103464
321,0.692488,0.111513
322,0.691596,0.120339
323,0.689896,0.128949
324,0.688806,0.137833
325,0.685773,0.145175
326,0.684085,0.147365
327,0.680589,0.149423
328,0.671392,0.151206
329,0.658031,0.152650
330,0.643903,0.155429
331,0.629773,0.158760
332,0.615028,0.161876
333,0.600251,0.164389
334,0.582844,0.166350
335,0.567157,0.167411
336,0.552569,0.168319
337,0.546011,0.174850
338,0.537558,0.182521
339,0.532114,0.187500
340,0.527982,0.193290
341,0.523142,0.199611
342,0.517175,0.204101
343,0.510937,0.207782
344,0.504516,0.210981
345,0.497921,0.213732
346,0.491187,0.216102
347,0.484325,0.218075
348,0.477366,0.219645
349,0.470330,0.220818
350,0.463242,0.221587
351,0.456117,0.221946
352,0.448993,0.221901
353,0.441875,0.221458
354,0.434295,0.220443
355,0.426574,0.218843
356,0.419006,0.216893
357,0.411245,0.214313
358,0.403532,0.211487
359,0.396056,0.208513
360,0.388859,0.205386
361,0.381972,0.202186
362,0.379502,0.198508
363,0.376600,0.195310
364,0.373459,0.190254
365,0.373126,0.189212
366,0.374191,0.184676
367,0.374119,0.178158
368,0.375021,0.172492
369,0.377121,0.168111
370,0.377678,0.167568
371,0.388259,0.168146
372,0.400915,0.171261
373,0.405641,0.171574
374,0.416567,0.177113
375,0.431060,0.185987
376,0.435088,0.188504
377,0.442088,0.198557
378,0.449116,0.212186
379,0.450904,0.215740
380,0.450904,0.215740
381,0.450904,0.215740
382,0.450904,0.215740
383,0.450904,0.215740
384,0.450904,0.215740
385,0.450904,0.215740
386,0.442414,0.219580
387,0.430238,0.221735
388,0.418010,0.221561
389,0.403884,0.221134
390,0.389290,0.218537
391,0.373984,0.215826
392,0.358795,0.212711
393,0.343932,0.209039
394,0.330084,0.203646
395,0.317710,0.196253
396,0.305559,0.189518
397,0.294591,0.182523
398,0.291937,0.180655
399,0.289540,0.175448
400,0.286439,0.169133
401,0.286200,0.161143
402,0.286399,0.159529
403,0.293650,0.149656
404,0.292883,0.134120
405,0.284552,0.133445
406,0.280883,0.135812
407,0.284019,0.137254
408,0.286935,0.136539
409,0.289086,0.136918
410,0.288563,0.137456
411,0.287532,0.138479
412,0.295149,0.148147
413,0.305102,0.161922
414,0.314211,0.176272
415,0.322489,0.191118
416,0.324759,0.192783
417,0.327974,0.191133
418,0.332017,0.189436
419,0.336463,0.187848
420,0.337449,0.187476
421,0.337385,0.187409
422,0.334557,0.189237
423,0.332143,0.192382
424,0.329013,0.194981
425,0.321886,0.198738
426,0.313284,0.203033
427,0.303971,0.207562
428,0.294258,0.212244
429,0.284270,0.217135
430,0.273994,0.222394
431,0.263531,0.228267
432,0.252806,0.235140
433,0.246208,0.242640
434,0.244761,0.248364
435,0.245855,0.252417
436,0.247013,0.256081
437,0.249403,0.259517
438,0.252518,0.262822
439,0.255709,0.266255
440,0.258773,0.269860
441,0.261648,0.273635
442,0.264308,0.277569
443,0.266742,0.281649
444,0.269006,0.285921
445,0.270969,0.290247
446,0.272671,0.294680
447,0.274116,0.299204
448,0.275299,0.303803
449,0.276219,0.308464
450,0.276787,0.313171
451,0.277164,0.317929
452,0.277305,0.322771
453,0.277167,0.327521
454,0.276746,0.332250
455,0.276052,0.336946
456,0.275090,0.341594
457,0.273864,0.346181
458,0.272303,0.350652
459,0.270540,0.355092
460,0.268498,0.359497
461,0.266298,0.363715
462,0.263843,0.367776
463,0.261154,0.371684
464,0.258246,0.375432
465,0.255128,0.379007
466,0.251649,0.382264
467,0.248086,0.385371
468,0.244390,0.388356
469,0.240543,0.391129
470,0.236495,0.393751
471,0.232369,0.396078
472,0.228114,0.398155
473,0.223746,0.399984
474,0.219281,0.401559
475,0.214625,0.402628
476,0.210017,0.403649
477,0.205356,0.404431
478,0.200566,0.404977
479,0.195844,0.405250
480,0.191119,0.405236
481,0.186402,0.404949
482,0.181710,0.404392
483,0.177076,0.403483
484,0.172459,0.402192
485,0.167967,0.400823
486,0.163537,0.399215
487,0.159107,0.397352
488,0.154876,0.395265
489,0.150779,0.392931
490,0.146823,0.390364
491,0.143081,0.387517
492,0.139428,0.384488
493,0.135958,0.381279
494,0.132803,0.377746
495,0.129687,0.374099
496,0.126803,0.370378
497,0.124160,0.366486
498,0.121748,0.362447
499,0.119571,0.358275
500,0.117718,0.353954
501,0.116029,0.349540
502,0.114738,0.344956
503,0.113623,0.340403
504,0.112723,0.335801
505,0.112039,0.331063
506,0.111648,0.326382
507,0.111536,0.321688
508,0.111783,0.317012
509,0.112228,0.312302
510,0.112920,0.307647
511,0.113872,0.303045
512,0.115287,0.298513
513,0.116809,0.293995
514,0.122641,0.293442
515,0.130462,0.293154
516,0.136842,0.291125
517,0.142965,0.288711
518,0.149109,0.286397
519,0.155347,0.284355
520,0.161685,0.282644
521,0.168224,0.281356
522,0.174736,0.280358
523,0.181255,0.279746
524,0.187830,0.279580
525,0.194418,0.279722
526,0.200969,0.280232
527,0.207475,0.281111
528,0.213920,0.282360
529,0.220352,0.284081
530,0.226590,0.286068
531,0.232700,0.288472
532,0.238785,0.291130
533,0.244620,0.294139
534,0.250269,0.297479
535,0.255717,0.301137
536,0.260939,0.305228
537,0.265913,0.309493
538,0.270648,0.314031
539,0.275090,0.318898
540,0.279371,0.323949
541,0.283277,0.329217
542,0.286850,0.334839
543,0.290072,0.340524
544,0.292995,0.346389
545,0.295590,0.352413
546,0.297786,0.358630
547,0.299735,0.364971
548,0.301304,0.371326
549,0.302483,0.377774
550,0.303191,0.384376
551,0.303592,0.390908
552,0.303565,0.397469
553,0.303231,0.404057
554,0.302535,0.410589
555,0.301498,0.417127
556,0.300098,0.423517
557,0.298187,0.429868
558,0.296016,0.436040
559,0.293503,0.442093
560,0.290576,0.447995
561,0.287387,0.453743
562,0.283885,0.459292
563,0.280087,0.464701
564,0.275864,0.469814
565,0.271465,0.474650
566,0.266796,0.479246
567,0.261790,0.483544
568,0.256619,0.487597
569,0.251236,0.491345
570,0.245650,0.494780
571,0.239735,0.497913
572,0.233807,0.500651
573,0.227720,0.503065
574,0.221502,0.505133
575,0.215113,0.506784
576,0.208686,0.508141
577,0.202202,0.509131
578,0.195638,0.509810
579,0.189014,0.509954
580,0.182475,0.509802
581,0.175944,0.509286
582,0.169455,0.508330
583,0.162986,0.507067
584,0.156623,0.505452
585,0.150312,0.503521
586,0.144158,0.501078
587,0.138193,0.498395
588,0.132379,0.495379
589,0.126743,0.492037
590,0.121328,0.488309
591,0.116088,0.484333
592,0.111023,0.480087
593,0.106313,0.475420
594,0.101864,0.470626
595,0.097685,0.465586
596,0.093796,0.460314
597,0.090274,0.454793
598,0.086990,0.449072
599,0.083986,0.443165
600,0.081361,0.437183
601,0.079202,0.430912
602,0.077328,0.424648
603,0.075803,0.418281
604,0.074639,0.411836
605,0.073915,0.405321
606,0.073492,0.398746
607,0.073436,0.392186
608,0.073696,0.385595
609,0.074499,0.379024
610,0.075577,0.372577
611,0.077015,0.366191
612,0.078814,0.359895
613,0.081042,0.353717
614,0.083556,0.347639
615,0.086375,0.341662
616,0.089662,0.335925
617,0.093162,0.330407
618,0.096971,0.325087
619,0.101077,0.319989
620,0.105468,0.315131
621,0.110201,0.310560
622,0.115126,0.306222
623,0.120412,0.302188
624,0.125782,0.298468
625,0.131359,0.295049
626,0.137160,0.291887
627,0.143066,0.289102
628,0.149192,0.286734
629,0.155420,0.284656
630,0.161851,0.283031
631,0.168248,0.281705
632,0.174716,0.280731
633,0.181232,0.280123
634,0.187773,0.279885
635,0.194357,0.280027
636,0.200922,0.280535
637,0.207504,0.281530
638,0.213898,0.282815
639,0.220228,0.284441
640,0.226463,0.286419
641,0.232577,0.288747
642,0.238550,0.291419
643,0.244430,0.294401
644,0.250053,0.297798
645,0.255527,0.301594
646,0.260696,0.305575
647,0.265655,0.309829
648,0.270375,0.314355
649,0.274833,0.319142
650,0.279014,0.324175
651,0.282965,0.329518
652,0.286562,0.334986
653,0.289828,0.340653
654,0.292671,0.346644
655,0.295239,0.352648
656,0.297473,0.358791
657,0.299359,0.365053
658,0.300818,0.371455
659,0.301984,0.377916
660,0.302783,0.384414
661,0.303259,0.390999
662,0.303219,0.397611
663,0.302877,0.404120
664,0.302172,0.410615
665,0.301100,0.417064
666,0.299585,0.423455
667,0.297785,0.429760
668,0.295636,0.435940
669,0.293141,0.441985
670,0.290134,0.447971
671,0.286958,0.453657
672,0.283459,0.459170
673,0.279651,0.464481
674,0.275468,0.469548
675,0.271073,0.474405
676,0.266418,0.478998
677,0.261511,0.483318
678,0.256347,0.487424
679,0.251011,0.491166
680,0.245300,0.494557
681,0.239480,0.497539
682,0.233532,0.500286
683,0.227455,0.502698
684,0.221254,0.504763
685,0.214947,0.506472
686,0.208553,0.507820
687,0.202055,0.508868
688,0.195557,0.509487
689,0.188908,0.509526
690,0.182364,0.509361
691,0.175849,0.508843
692,0.169376,0.507960
693,0.162964,0.506711
694,0.156558,0.505116
695,0.150340,0.503182
696,0.144238,0.500869
697,0.138263,0.497974
698,0.132461,0.494936
699,0.126844,0.491597
700,0.121426,0.487949
701,0.116225,0.484000
702,0.111255,0.479761
703,0.106460,0.475234
704,0.102001,0.470488
705,0.097924,0.465265
706,0.094051,0.459966
707,0.090483,0.454489
708,0.087232,0.448826
709,0.084307,0.442988
710,0.081720,0.436993
711,0.079477,0.430860
712,0.077515,0.424581
713,0.076084,0.418135
714,0.075014,0.411669
715,0.074230,0.405175
716,0.073811,0.398658
717,0.073762,0.392130
718,0.074085,0.385609
719,0.074778,0.379117
720,0.075924,0.372526
721,0.077378,0.366193
722,0.079274,0.359907
723,0.081431,0.353735
724,0.083929,0.347703
725,0.086764,0.341825
726,0.089930,0.336119
727,0.093416,0.330601
728,0.097198,0.325214
729,0.101427,0.320143
730,0.105879,0.315368
731,0.110556,0.310774
732,0.115463,0.306462
733,0.120602,0.302439
734,0.125960,0.298716
735,0.131521,0.295304
736,0.137309,0.292147
737,0.143326,0.289461
738,0.149378,0.287071
739,0.155620,0.285086
740,0.161936,0.283383
741,0.168324,0.282041
742,0.174774,0.281065
743,0.181268,0.280458
744,0.187787,0.280221
745,0.194478,0.280455
746,0.200949,0.280960
747,0.207413,0.281928
748,0.213836,0.283188
749,0.220160,0.284803
750,0.226377,0.286773
751,0.232470,0.289094
752,0.238422,0.291759
753,0.244226,0.294917
754,0.249901,0.298256
755,0.255257,0.301941
756,0.260476,0.305908
757,0.265440,0.310147
758,0.270148,0.314658
759,0.274591,0.319428
760,0.278755,0.324444
761,0.282569,0.329842
762,0.286109,0.335304
763,0.289420,0.341010
764,0.292287,0.346870
765,0.294877,0.352878
766,0.297112,0.359005
767,0.298993,0.365246
768,0.300514,0.371583
769,0.301529,0.378127
770,0.302291,0.384589
771,0.302697,0.391091
772,0.302776,0.397690
773,0.302390,0.404213
774,0.301694,0.410699
775,0.300627,0.417127
776,0.299195,0.423482
777,0.297402,0.429745
778,0.295095,0.435934
779,0.292582,0.441934
780,0.289739,0.447793
781,0.286474,0.453569
782,0.283010,0.459084
783,0.279223,0.464380
784,0.275135,0.469448
785,0.270764,0.474275
786,0.265959,0.478811
787,0.261056,0.483081
788,0.255920,0.487080
789,0.250522,0.490716
790,0.244914,0.494141
791,0.239155,0.497311
792,0.233261,0.500061
793,0.227214,0.502464
794,0.220895,0.504422
795,0.214617,0.506077
796,0.208246,0.507394
797,0.201808,0.508354
798,0.195324,0.508947
799,0.188775,0.509094
800,0.182183,0.509003
801,0.175703,0.508506
802,0.169258,0.507625
803,0.162810,0.506219
804,0.156523,0.504581
805,0.150328,0.502598
806,0.144251,0.500269
807,0.138319,0.497508
808,0.132519,0.494493
809,0.126838,0.491188
810,0.121443,0.487568
811,0.116255,0.483457
812,0.111354,0.479208
813,0.106677,0.474694
814,0.102256,0.469922
815,0.098111,0.464907
816,0.094306,0.459592
817,0.090741,0.454120
818,0.087420,0.448460
819,0.084506,0.442653
820,0.082018,0.436521
821,0.079837,0.430412
822,0.077984,0.424182
823,0.076481,0.417855
824,0.075339,0.411451
825,0.074640,0.404928
826,0.074181,0.398329
827,0.074114,0.391840
828,0.074440,0.385353
829,0.075296,0.378808
830,0.076396,0.372414
831,0.077845,0.366081
832,0.079649,0.359835
833,0.081804,0.353700
834,0.084400,0.347693
835,0.087249,0.341816
836,0.090397,0.336043
837,0.093861,0.330556
838,0.097854,0.325287
839,0.101955,0.320258
840,0.106331,0.315457
841,0.110972,0.310908
842,0.115865,0.306629
843,0.121075,0.302683
844,0.126450,0.298967
845,0.132017,0.295491
846,0.137732,0.292419
847,0.143792,0.289767
848,0.149832,0.287422
849,0.156001,0.285401
850,0.162277,0.283726
851,0.168640,0.282409
852,0.175114,0.281537
853,0.181619,0.280946
854,0.188177,0.280659
855,0.194661,0.280798
856,0.201247,0.281474
857,0.207657,0.282405
858,0.214020,0.283680
859,0.220305,0.285310
860,0.226490,0.287293
861,0.232563,0.289729
862,0.238521,0.292421
863,0.244372,0.295400
864,0.249946,0.298711
865,0.255345,0.302542
866,0.260463,0.306506
867,0.265372,0.310746
868,0.270038,0.315256
869,0.274444,0.320025
870,0.278572,0.325037
871,0.282372,0.330372
872,0.286001,0.335850
873,0.289223,0.341475
874,0.292044,0.347483
875,0.294541,0.353452
876,0.296723,0.359557
877,0.298563,0.365778
878,0.300050,0.372096
879,0.301091,0.378561
880,0.301851,0.385056
881,0.302310,0.391603
882,0.302347,0.398078
883,0.302001,0.404551
884,0.301082,0.411109
885,0.299967,0.417489
886,0.298503,0.423805
887,0.296686,0.430031
888,0.294518,0.436146
889,0.291902,0.442148
890,0.289029,0.448119
891,0.285873,0.453777
892,0.282387,0.459235
893,0.278411,0.464517
894,0.274238,0.469515
895,0.269847,0.474273
896,0.265197,0.478788
897,0.260246,0.482965
898,0.255022,0.486986
899,0.249665,0.490660
900,0.244049,0.494114
901,0.238344,0.497151
902,0.232459,0.499848
903,0.226218,0.502130
904,0.220015,0.504069
905,0.213748,0.505690
906,0.207397,0.506964
907,0.200927,0.507789
908,0.194383,0.508334
909,0.187895,0.508517
910,0.181333,0.508387
911,0.174891,0.507841
912,0.168485,0.506916
913,0.161981,0.505429
914,0.155724,0.503703
915,0.149580,0.501667
916,0.143554,0.499294
917,0.137620,0.496443
918,0.131854,0.493367
919,0.126161,0.489952
920,0.120820,0.486283
921,0.115710,0.482310
922,0.110835,0.478047
923,0.106183,0.473223
924,0.103940,0.472278
925,0.103600,0.472119
926,0.102884,0.470058
927,0.102093,0.467257
928,0.101440,0.464204
929,0.100879,0.461028
930,0.100563,0.457842
931,0.100441,0.454626
932,0.100590,0.451277
933,0.100880,0.448074
934,0.101398,0.444852
935,0.102016,0.441654
936,0.102773,0.438454
937,0.103712,0.435390
938,0.104853,0.432381
939,0.106172,0.429438
940,0.107660,0.426574
941,0.109476,0.423748
942,0.111370,0.421105
943,0.113345,0.418503
944,0.115451,0.416042
945,0.117643,0.413635
946,0.119996,0.411442
947,0.122483,0.409388
948,0.125086,0.407479
949,0.127950,0.405724
950,0.130766,0.404159
951,0.133736,0.402764
952,0.136722,0.401489
953,0.139786,0.400314
954,0.142856,0.399379
955,0.145993,0.398636
956,0.149173,0.398077
957,0.152527,0.397758
958,0.155748,0.397619
959,0.159040,0.397688
960,0.162280,0.397868
961,0.165551,0.398178
962,0.168716,0.398696
963,0.171857,0.399419
964,0.174956,0.400327
965,0.178001,0.401412
966,0.181061,0.402801
967,0.183921,0.404330
968,0.186780,0.405939
969,0.189585,0.407681
970,0.192195,0.409537
971,0.194691,0.411574
972,0.197068,0.413761
973,0.199317,0.416083
974,0.201466,0.418683
975,0.203389,0.421275
976,0.205158,0.424027
977,0.206841,0.426824
978,0.208428,0.429700
979,0.209773,0.432623
980,0.210937,0.435634
981,0.211925,0.438712
982,0.212736,0.441844
983,0.213310,0.445169
984,0.213714,0.448370
985,0.213909,0.451652
986,0.214056,0.454949
987,0.213970,0.458166
988,0.213680,0.461382
989,0.213201,0.464581
990,0.212539,0.467749
991,0.211698,0.470875
992,0.210548,0.474035
993,0.209261,0.477059
994,0.207912,0.480079
995,0.206421,0.482937
996,0.204740,0.485691
997,0.202893,0.488347
998,0.200895,0.490894
999,0.198754,0.493324
1000,0.196320,0.495646
1001,0.193825,0.497787
1002,0.191287,0.499821
1003,0.188649,0.501784
1004,0.185938,0.503516
1005,0.183111,0.505080
1006,0.180191,0.506480
1007,0.177194,0.507710
1008,0.173972,0.508727
1009,0.170780,0.509531
1010,0.167601,0.510227
1011,0.164350,0.510804
1012,0.161161,0.511167
1013,0.157936,0.511320
1014,0.154698,0.511280
1015,0.151465,0.511055
1016,0.148249,0.510645
1017,0.144930,0.509600
1018,0.141776,0.508777
1019,0.138679,0.507809
1020,0.135571,0.506708
1021,0.132611,0.505450
1022,0.129733,0.503992
1023,0.126939,0.502362
1024,0.124240,0.500572
1025,0.121646,0.498630
1026,0.119167,0.496542
1027,0.116809,0.494317
1028,0.114582,0.491961
1029,0.112402,0.489471
1030,0.110450,0.486914
1031,0.108658,0.484222
1032,0.107047,0.481347
1033,0.105559,0.478444
1034,0.104249,0.475472
1035,0.103113,0.472433
1036,0.102152,0.469335
1037,0.101369,0.466187
1038,0.100690,0.462969
1039,0.100312,0.459609
1040,0.100189,0.456335
1041,0.100149,0.453065
1042,0.100295,0.449817
1043,0.100625,0.446588
1044,0.101139,0.443383
1045,0.101834,0.440213
1046,0.102708,0.437088
1047,0.103680,0.433968
1048,0.105028,0.430859
1049,0.106544,0.427937
1050,0.108126,0.425083
1051,0.109859,0.422332
1052,0.111742,0.419687
1053,0.113773,0.417153
1054,0.115944,0.414738
1055,0.118250,0.412451
1056,0.120647,0.410220
1057,0.123385,0.408227
1058,0.126087,0.406375
1059,0.128865,0.404676
1060,0.131728,0.403138
1061,0.134671,0.401765
1062,0.137688,0.400561
1063,0.140768,0.399530
1064,0.143907,0.398590
1065,0.147232,0.397973
1066,0.150469,0.397601
1067,0.153758,0.397286
1068,0.157017,0.397170
1069,0.160269,0.397242
1070,0.163509,0.397500
1071,0.166728,0.397941
1072,0.169958,0.398489
1073,0.173097,0.399284
1074,0.176306,0.400402
1075,0.179320,0.401601
1076,0.182309,0.403030
1077,0.185207,0.404541
1078,0.188003,0.406211
1079,0.190695,0.408035
1080,0.193351,0.409962
1081,0.195813,0.412064
1082,0.198151,0.414318
1083,0.200397,0.416881
1084,0.202407,0.419505
1085,0.204346,0.422160
1086,0.206114,0.424901
1087,0.207719,0.427733
1088,0.209247,0.430652
1089,0.210524,0.433623
1090,0.211619,0.436680
1091,0.212537,0.439801
1092,0.213234,0.443136
1093,0.213661,0.446396
1094,0.214046,0.449707
1095,0.214230,0.452969
1096,0.214225,0.456227
1097,0.214127,0.459510
1098,0.213759,0.462729
1099,0.213196,0.465931
1100,0.212449,0.469099
1101,0.211522,0.472222
1102,0.210273,0.475387
1103,0.208888,0.478393
1104,0.207431,0.481331
1105,0.205815,0.484167
1106,0.204083,0.486984
1107,0.202185,0.489603
1108,0.200118,0.492111
1109,0.197904,0.494498
1110,0.195555,0.496757
1111,0.192904,0.498890
1112,0.190217,0.500822
1113,0.187496,0.502664
1114,0.184689,0.504334
1115,0.181785,0.505932
1116,0.178841,0.507272
1117,0.175803,0.508433
1118,0.172697,0.509416
1119,0.169537,0.510220
1120,0.166173,0.510764
1121,0.162875,0.511122
1122,0.159597,0.511380
1123,0.156330,0.511446
1124,0.153027,0.511403
1125,0.149800,0.511111
1126,0.146583,0.510618
1127,0.143394,0.509938
1128,0.140117,0.508959
1129,0.137017,0.507856
1130,0.133951,0.506526
1131,0.130957,0.505130
1132,0.128080,0.503570
1133,0.125226,0.501902
1134,0.122564,0.500043
1135,0.120010,0.498019
1136,0.117574,0.495847
1137,0.115265,0.493539
1138,0.113029,0.490902
1139,0.111037,0.488316
1140,0.109171,0.485541
1141,0.107356,0.482733
1142,0.105766,0.479892
1143,0.104375,0.476952
1144,0.103158,0.473924
1145,0.102117,0.470829
1146,0.101253,0.467677
1147,0.100569,0.464480
1148,0.100231,0.461048
1149,0.099902,0.457719
1150,0.099777,0.454441
1151,0.099766,0.451081
1152,0.099989,0.447846
1153,0.100425,0.444617
1154,0.101050,0.441412
1155,0.101860,0.438244
1156,0.102849,0.435127
1157,0.104173,0.431961
1158,0.105632,0.428964
1159,0.107154,0.425995
1160,0.108830,0.423173
1161,0.110611,0.420376
1162,0.112582,0.417783
1163,0.114712,0.415305
1164,0.116983,0.412952
1165,0.119387,0.410731
1166,0.122123,0.408607
1167,0.124786,0.406708
1168,0.127664,0.404940
1169,0.130563,0.403208
1170,0.133492,0.401713
1171,0.136494,0.400440
1172,0.139576,0.399345
1173,0.142720,0.398428
1174,0.145912,0.397692
1175,0.149142,0.397138
1176,0.152577,0.396863
1177,0.155850,0.396708
1178,0.159221,0.396780
1179,0.162615,0.396902
1180,0.165881,0.397250
1181,0.169098,0.397819
1182,0.172285,0.398580
1183,0.175425,0.399524
1184,0.178508,0.400647
1185,0.181640,0.402115
1186,0.184562,0.403608
1187,0.187465,0.405364
1188,0.190284,0.407176
1189,0.193081,0.409135
1190,0.195624,0.411214
1191,0.198015,0.413455
1192,0.200274,0.415839
1193,0.202395,0.418352
1194,0.204452,0.421241
1195,0.206252,0.424025
1196,0.207896,0.426882
1197,0.209410,0.429992
1198,0.210769,0.433053
1199,0.212065,0.436258
1200,0.213042,0.439411
1201,0.213815,0.442622
1202,0.214398,0.445880
1203,0.214793,0.449170
1204,0.214924,0.452774
1205,0.214905,0.456121
1206,0.214708,0.459448
1207,0.214267,0.462957
1208,0.213763,0.466397
1209,0.213028,0.469777
1210,0.212065,0.473034
1211,0.210897,0.476249
1212,0.209532,0.479421
1213,0.207784,0.482676
1214,0.205912,0.485836
1215,0.203888,0.488887
1216,0.201508,0.491964
1217,0.198997,0.494993
1218,0.196302,0.498030
1219,0.193240,0.500907
1220,0.189814,0.503714
1221,0.181056,0.505131
1222,0.170721,0.510239
1223,0.164629,0.517150
1224,0.159241,0.521938
1225,0.153738,0.525892
1226,0.148159,0.529423
1227,0.142418,0.532574
1228,0.136514,0.535374
1229,0.130442,0.537902
1230,0.124273,0.540011
1231,0.117985,0.541757
1232,0.111490,0.543031
1233,0.105042,0.543938
1234,0.098500,0.544572
1235,0.091966,0.544842
1236,0.085437,0.544743
1237,0.078872,0.544326
1238,0.072411,0.543502
1239,0.066001,0.542295
1240,0.059610,0.540574
1241,0.053398,0.538616
1242,0.047300,0.536237
1243,0.041308,0.533588
1244,0.035491,0.530616
1245,0.029771,0.527317
1246,0.024338,0.523739
1247,0.019120,0.519833
1248,0.014150,0.515472
1249,0.009442,0.510975
1250,0.005039,0.506169
1251,0.000813,0.501114
1252,-0.003097,0.495876
1253,-0.006698,0.490434
1254,-0.010056,0.484767
1255,-0.013023,0.478978
1256,-0.015562,0.472874
1257,-0.017799,0.466765
1258,-0.019702,0.460531
1259,-0.021179,0.454158
1260,-0.022375,0.447710
1261,-0.023204,0.441231
1262,-0.023663,0.434724
1263,-0.023809,0.428151
1264,-0.023412,0.421544
1265,-0.022714,0.415085
1266,-0.021668,0.408656
1267,-0.020264,0.402290
1268,-0.018417,0.396003
1269,-0.016296,0.389816
1270,-0.013835,0.383773
1271,-0.011043,0.377796
1272,-0.007944,0.372084
1273,-0.004337,0.366550
1274,-0.000558,0.361257
1275,0.003512,0.356170
1276,0.007943,0.351350
1277,0.012578,0.346734
1278,0.017453,0.342398
1279,0.022563,0.338350
1280,0.027925,0.334521
1281,0.033592,0.331126
1282,0.039313,0.328054
1283,0.045207,0.325290
1284,0.051277,0.322935
1285,0.057502,0.320834
1286,0.063795,0.319094
1287,0.070167,0.317717
1288,0.076605,0.316705
1289,0.083136,0.315999
1290,0.089730,0.315846
1291,0.096228,0.315972
1292,0.102720,0.316460
1293,0.109177,0.317396
1294,0.115619,0.318623
1295,0.121951,0.320201
1296,0.128174,0.322134
1297,0.134275,0.324417
1298,0.140339,0.327167
1299,0.146107,0.330141
1300,0.151714,0.333441
1301,0.157130,0.337055
1302,0.162300,0.341053
1303,0.167305,0.345289
1304,0.172041,0.349776
1305,0.176508,0.354518
1306,0.180770,0.359687
1307,0.184612,0.364905
1308,0.188177,0.370338
1309,0.191436,0.375970
1310,0.194373,0.381779
1311,0.196905,0.387796
1312,0.199178,0.393945
1313,0.201093,0.400179
1314,0.202649,0.406503
1315,0.203901,0.412971
1316,0.204613,0.419517
1317,0.205043,0.425995
1318,0.205111,0.432499
1319,0.204810,0.438999
1320,0.204140,0.445473
1321,0.203014,0.451936
1322,0.201616,0.458308
1323,0.199862,0.464579
1324,0.197611,0.470874
1325,0.195154,0.476861
1326,0.192350,0.482720
1327,0.189213,0.488417
1328,0.185756,0.493928
1329,0.181991,0.499234
1330,0.177843,0.504295
1331,0.173484,0.509158
1332,0.168871,0.513755
1333,0.163804,0.518116
1334,0.158733,0.522133
1335,0.153415,0.525857
1336,0.147884,0.529274
1337,0.142166,0.532371
1338,0.136278,0.535138
1339,0.130153,0.537508
1340,0.123977,0.539598
1341,0.117561,0.541222
1342,0.111211,0.542555
1343,0.104727,0.543608
1344,0.098273,0.544247
1345,0.091781,0.544505
1346,0.085281,0.544389
1347,0.078797,0.543903
1348,0.072327,0.542957
1349,0.065908,0.541731
1350,0.059531,0.539985
1351,0.053343,0.538027
1352,0.047167,0.535744
1353,0.041239,0.533133
1354,0.035463,0.530167
1355,0.029864,0.526870
1356,0.024461,0.523258
1357,0.019301,0.519256
1358,0.014290,0.514824
1359,0.009622,0.510318
1360,0.005193,0.505569
1361,0.000956,0.500546
1362,-0.002934,0.495348
1363,-0.006501,0.489929
1364,-0.009750,0.484307
1365,-0.012673,0.478506
1366,-0.015261,0.472546
1367,-0.017444,0.466374
1368,-0.019209,0.459982
1369,-0.020720,0.453670
1370,-0.021883,0.447282
1371,-0.022738,0.440735
1372,-0.023191,0.434278
1373,-0.023255,0.427791
1374,-0.022944,0.421306
1375,-0.022172,0.414816
1376,-0.021121,0.408378
1377,-0.019545,0.401935
1378,-0.017739,0.395716
1379,-0.015603,0.389591
1380,-0.013128,0.383591
1381,-0.010340,0.377652
1382,-0.007217,0.371976
1383,-0.003760,0.366486
1384,0.000114,0.361212
1385,0.004200,0.356124
1386,0.008725,0.351283
1387,0.013398,0.346758
1388,0.018274,0.342487
1389,0.023381,0.338488
1390,0.028750,0.334690
1391,0.034254,0.331289
1392,0.039962,0.328215
1393,0.045873,0.325554
1394,0.052000,0.323124
1395,0.058165,0.321062
1396,0.064620,0.319464
1397,0.070961,0.318174
1398,0.077370,0.317218
1399,0.083827,0.316619
1400,0.090370,0.316314
1401,0.096842,0.316445
1402,0.103304,0.316954
1403,0.109779,0.317938
1404,0.116197,0.319200
1405,0.122489,0.320804
1406,0.128746,0.322984
1407,0.134786,0.325316
1408,0.140694,0.327976
1409,0.146445,0.330966
1410,0.152117,0.334270
1411,0.157485,0.337877
1412,0.162640,0.341800
1413,0.167549,0.346120
1414,0.172239,0.350621
1415,0.176656,0.355368
1416,0.180745,0.360557
1417,0.184561,0.365782
1418,0.188088,0.371214
1419,0.191402,0.376934
1420,0.194303,0.382722
1421,0.196855,0.388670
1422,0.198999,0.394858
1423,0.200860,0.401081
1424,0.202363,0.407386
1425,0.203358,0.413922
1426,0.204100,0.420347
1427,0.204491,0.426810
1428,0.204518,0.433287
1429,0.204206,0.439891
1430,0.203506,0.446332
1431,0.202320,0.452774
1432,0.200872,0.459103
1433,0.199069,0.465329
1434,0.196708,0.471511
1435,0.194181,0.477463
1436,0.191331,0.483277
1437,0.188157,0.488924
1438,0.184668,0.494382
1439,0.180832,0.499751
1440,0.176564,0.504834
1441,0.172169,0.509627
1442,0.171319,0.511938
1443,0.170911,0.512106
1444,0.168924,0.512904
1445,0.166186,0.513752
1446,0.163165,0.514494
1447,0.160028,0.515077
1448,0.156837,0.515485
1449,0.153514,0.515713
1450,0.150302,0.515798
1451,0.147085,0.515667
1452,0.143876,0.515345
1453,0.140690,0.514838
1454,0.137536,0.514150
1455,0.134426,0.513283
1456,0.131379,0.512167
1457,0.128337,0.510952
1458,0.125349,0.509627
1459,0.122517,0.508098
1460,0.119779,0.506397
1461,0.117141,0.504539
1462,0.114613,0.502532
1463,0.112168,0.500237
1464,0.109917,0.497935
1465,0.107714,0.495454
1466,0.105691,0.492941
1467,0.103832,0.490304
1468,0.102130,0.487562
1469,0.100587,0.484726
1470,0.099209,0.481805
1471,0.098026,0.478657
1472,0.097032,0.475594
1473,0.096165,0.472372
1474,0.095456,0.469236
1475,0.094955,0.466051
1476,0.094644,0.462839
1477,0.094518,0.459612
1478,0.094577,0.456382
1479,0.094820,0.453159
1480,0.095358,0.449859
1481,0.096054,0.446640
1482,0.096784,0.443447
1483,0.097737,0.440371
1484,0.098878,0.437353
1485,0.100194,0.434403
1486,0.101677,0.431532
1487,0.103321,0.428749
1488,0.105295,0.426021
1489,0.107341,0.423470
1490,0.109404,0.420906
1491,0.111630,0.418568
1492,0.113995,0.416367
1493,0.116484,0.414305
1494,0.119087,0.412388
1495,0.121796,0.410623
1496,0.124602,0.409013
1497,0.127669,0.407612
1498,0.130751,0.406315
1499,0.133762,0.405187
1500,0.136852,0.404257
1501,0.139996,0.403511
1502,0.143180,0.402947
1503,0.146392,0.402565
1504,0.149622,0.402366
1505,0.152859,0.402352
1506,0.156302,0.402960
1507,0.159584,0.403292
1508,0.162756,0.403820
1509,0.165900,0.404541
1510,0.169001,0.405445
1511,0.172047,0.406525
1512,0.175028,0.407778
1513,0.177934,0.409198
1514,0.180754,0.410782
1515,0.183557,0.412510
1516,0.186187,0.414363
1517,0.188693,0.416394
1518,0.191080,0.418576
1519,0.193340,0.420894
1520,0.195459,0.423416
1521,0.197455,0.425984
1522,0.199294,0.428653
1523,0.200975,0.431420
1524,0.202575,0.434277
1525,0.203938,0.437192
1526,0.205121,0.440199
1527,0.206129,0.443274
1528,0.206862,0.446615
1529,0.207487,0.449799
1530,0.207945,0.453006
1531,0.208224,0.456233
1532,0.208386,0.459514
1533,0.208323,0.462726
1534,0.208054,0.465945
1535,0.207596,0.469150
1536,0.206788,0.472491
1537,0.205917,0.475619
1538,0.204900,0.478695
1539,0.203718,0.481712
1540,0.202369,0.484658
1541,0.200911,0.487586
1542,0.199251,0.490354
1543,0.197421,0.493025
1544,0.195359,0.495597
1545,0.193068,0.498123
1546,0.190777,0.500409
1547,0.188376,0.502583
1548,0.185858,0.504624
1549,0.183252,0.506601
1550,0.180536,0.508346
1551,0.177710,0.509929
1552,0.174725,0.511316
1553,0.171720,0.512583
1554,0.168497,0.513632
1555,0.165380,0.514492
1556,0.162217,0.515199
1557,0.158995,0.515813
1558,0.155790,0.516177
1559,0.152556,0.516345
1560,0.149282,0.516255
1561,0.146010,0.516065
1562,0.142781,0.515682
1563,0.139473,0.514995
1564,0.136333,0.514212
1565,0.133169,0.513323
1566,0.130138,0.512236
1567,0.127165,0.510955
1568,0.124266,0.509501
1569,0.121440,0.507801
1570,0.118695,0.506021
1571,0.116076,0.504093
1572,0.113552,0.501863
1573,0.111196,0.499638
1574,0.108883,0.497323
1575,0.106782,0.494866
1576,0.104827,0.492280
1577,0.103022,0.489582
1578,0.101392,0.486705
1579,0.099890,0.483808
1580,0.098598,0.480673
1581,0.097479,0.477631
1582,0.096435,0.474520
1583,0.095638,0.471391
1584,0.095030,0.468206
1585,0.094608,0.464986
1586,0.094430,0.461692
1587,0.094364,0.458419
1588,0.094490,0.455166
1589,0.094922,0.451818
1590,0.095391,0.448545
1591,0.096047,0.445396
1592,0.096910,0.442275
1593,0.097959,0.439202
1594,0.099183,0.436191
1595,0.100653,0.433231
1596,0.102211,0.430356
1597,0.104086,0.427527
1598,0.105979,0.424892
1599,0.108004,0.422258
1600,0.110132,0.419840
1601,0.112425,0.417550
1602,0.114856,0.415394
1603,0.117409,0.413379
1604,0.120154,0.411524
1605,0.122928,0.409798
1606,0.125953,0.408273
1607,0.128900,0.406908
1608,0.131954,0.405619
1609,0.134996,0.404567
1610,0.138122,0.403708
1611,0.141302,0.403032
1612,0.144581,0.402597
1613,0.147849,0.402270
1614,0.151267,0.402228
1615,0.154513,0.402329
1616,0.157755,0.402592
1617,0.161057,0.402979
1618,0.164224,0.403567
1619,0.167368,0.404366
1620,0.170468,0.405351
1621,0.173537,0.406597
1622,0.176546,0.407928
1623,0.179554,0.409581
1624,0.182324,0.411279
1625,0.185013,0.413113
1626,0.187598,0.415093
1627,0.190154,0.417162
1628,0.192493,0.419408
1629,0.194701,0.421798
1630,0.196740,0.424392
1631,0.198707,0.427045
1632,0.200490,0.429784
1633,0.202075,0.432820
1634,0.203500,0.435748
1635,0.204768,0.438750
1636,0.205955,0.441835
1637,0.206887,0.444934
1638,0.207629,0.448101
1639,0.208186,0.451312
1640,0.208509,0.454621
1641,0.208708,0.457892
1642,0.208632,0.461329
1643,0.208398,0.464581
1644,0.208009,0.467817
1645,0.207517,0.471091
1646,0.206791,0.474249
1647,0.205868,0.477372
1648,0.204763,0.480440
1649,0.203406,0.483491
1650,0.201963,0.486432
1651,0.200356,0.489274
1652,0.198418,0.492086
1653,0.196475,0.494700
1654,0.194435,0.497296
1655,0.192239,0.499684
1656,0.189891,0.501944
1657,0.187414,0.504068
1658,0.184727,0.506025
1659,0.181990,0.507909
1660,0.179182,0.509593
1661,0.176103,0.511080
1662,0.173118,0.512393
1663,0.170074,0.513650
1664,0.166978,0.514635
1665,0.163816,0.515437
1666,0.160610,0.516057
1667,0.157371,0.516494
1668,0.154038,0.516691
1669,0.150748,0.516772
1670,0.147320,0.516546
1671,0.144074,0.516212
1672,0.140752,0.515763
1673,0.137568,0.515115
1674,0.134427,0.514255
1675,0.131334,0.513207
1676,0.128302,0.511983
1677,0.125303,0.510500
1678,0.122398,0.508941
1679,0.119516,0.507041
1680,0.116862,0.505138
1681,0.114306,0.503099
1682,0.111768,0.500947
1683,0.109462,0.498659
1684,0.107291,0.496221
1685,0.105261,0.493657
1686,0.103436,0.490914
1687,0.101628,0.488075
1688,0.100030,0.484984
1689,0.098667,0.481984
1690,0.097462,0.478942
1691,0.096319,0.475795
1692,0.095449,0.472666
1693,0.094772,0.469471
1694,0.094280,0.466235
1695,0.093975,0.462974
1696,0.093938,0.459675
1697,0.093966,0.456297
1698,0.094315,0.452803
1699,0.094800,0.449545
1700,0.095393,0.446232
1701,0.096181,0.443059
1702,0.097178,0.439950
1703,0.098360,0.436895
1704,0.099717,0.433910
1705,0.101243,0.431006
1706,0.103016,0.428218
1707,0.104887,0.425390
1708,0.107098,0.422652
1709,0.109273,0.420187
1710,0.111590,0.417694
1711,0.113988,0.415473
1712,0.116531,0.413407
1713,0.119196,0.411489
1714,0.121970,0.409725
1715,0.124842,0.408121
1716,0.127801,0.406683
1717,0.130954,0.405417
1718,0.134288,0.404346
1719,0.137458,0.403458
1720,0.140717,0.402631
1721,0.143949,0.402090
1722,0.147221,0.401744
1723,0.150513,0.401588
1724,0.153811,0.401620
1725,0.157104,0.401841
1726,0.160379,0.402250
1727,0.163977,0.403077
1728,0.167270,0.403910
1729,0.170617,0.404847
1730,0.173733,0.405999
1731,0.176768,0.407348
1732,0.179726,0.408877
1733,0.182595,0.410577
1734,0.185366,0.412442
1735,0.188028,0.414465
1736,0.190573,0.416640
1737,0.193122,0.419135
1738,0.195542,0.421615
1739,0.197925,0.424565
1740,0.200013,0.427450
1741,0.201938,0.430461
1742,0.203719,0.433635
1743,0.205348,0.436980
1744,0.206815,0.440507
1745,0.208109,0.444231
1746,0.209139,0.448221
1747,0.210074,0.452423
1748,0.207296,0.461320
1749,0.206982,0.472822
1750,0.210245,0.481417
1751,0.211993,0.488397
1752,0.213041,0.495038
1753,0.213602,0.501598
1754,0.213753,0.508139
1755,0.213518,0.514667
1756,0.212908,0.521168
1757,0.211927,0.527623
1758,0.210499,0.534014
1759,0.208782,0.540345
1760,0.206719,0.546547
1761,0.204347,0.552684
1762,0.201612,0.558599
1763,0.198377,0.564359
1764,0.194954,0.569903
1765,0.191225,0.575256
1766,0.187197,0.580392
1767,0.182791,0.585275
1768,0.178200,0.589935
1769,0.173356,0.594396
1770,0.168142,0.598479
1771,0.162831,0.602228
1772,0.157314,0.605695
1773,0.151607,0.608853
1774,0.145728,0.611683
1775,0.139672,0.614102
1776,0.133461,0.616264
1777,0.127175,0.618063
1778,0.120783,0.619579
1779,0.114247,0.620541
1780,0.107775,0.621211
1781,0.101264,0.621523
1782,0.094743,0.621468
1783,0.088233,0.621044
1784,0.081744,0.620169
1785,0.075298,0.619004
1786,0.068948,0.617482
1787,0.062586,0.615501
1788,0.056487,0.613256
1789,0.050510,0.610667
1790,0.044683,0.607742
1791,0.039031,0.604489
1792,0.033603,0.600844
1793,0.028321,0.596939
1794,0.023292,0.592769
1795,0.018448,0.588175
1796,0.013976,0.583469
1797,0.009759,0.578509
1798,0.005824,0.573314
1799,0.002189,0.567903
