0,0.100913,0.452682
1,0.111539,0.458776
2,0.125879,0.467904
3,0.139681,0.477824
4,0.152897,0.488513
5,0.165483,0.499937
6,0.177399,0.512059
7,0.188605,0.524839
8,0.191717,0.528428
9,0.191717,0.528428
10,0.191717,0.528428
11,0.191717,0.528428
12,0.191717,0.528428
13,0.191717,0.528428
14,0.191717,0.528428
15,0.191717,0.528428
16,0.182971,0.519850
17,0.171832,0.507016
18,0.161482,0.493533
19,0.151917,0.479483
20,0.143166,0.464911
21,0.135258,0.449865
22,0.128219,0.434393
23,0.122072,0.418546
24,0.116836,0.402375
25,0.112529,0.385932
26,0.109165,0.369271
27,0.106754,0.352445
28,0.105304,0.335510
29,0.104926,0.330775
30,0.108831,0.319164
31,0.115523,0.303543
32,0.123143,0.288349
33,0.131615,0.273614
34,0.140912,0.259384
35,0.151004,0.245707
36,0.161857,0.232625
37,0.173437,0.220183
38,0.185706,0.208419
39,0.198625,0.197373
40,0.212151,0.187079
41,0.226241,0.177572
42,0.240849,0.168882
43,0.255928,0.161036
44,0.271429,0.154062
45,0.287301,0.147981
46,0.303494,0.142813
47,0.319955,0.138574
48,0.336630,0.135279
49,0.353465,0.132937
50,0.358173,0.132310
51,0.358173,0.132310
52,0.367917,0.139735
53,0.380563,0.151087
54,0.392507,0.163180
55,0.403744,0.175934
56,0.414237,0.189306
57,0.423952,0.203253
58,0.432858,0.217731
59,0.440926,0.232692
60,0.448129,0.248088
61,0.450117,0.252401
62,0.450117,0.252401
63,0.450117,0.252401
64,0.450117,0.252401
65,0.450117,0.252401
66,0.450117,0.252401
67,0.450117,0.252401
68,0.440580,0.244713
69,0.428248,0.233021
70,0.416638,0.220606
71,0.405754,0.207551
72,0.395630,0.193897
73,0.386299,0.179690
74,0.377791,0.164974
75,0.366956,0.154231
76,0.358363,0.144110
77,0.352480,0.130726
78,0.347492,0.115927
79,0.343382,0.100461
80,0.342301,0.096154
81,0.343474,0.085832
82,0.343617,0.083447
83,0.350058,0.073890
84,0.356896,0.064941
85,0.365430,0.056192
86,0.374547,0.047855
87,0.384136,0.040025
88,0.394158,0.032749
89,0.400408,0.024862
90,0.405430,0.017526
91,0.409774,0.011259
92,0.413719,0.006249
93,0.414222,0.005656
94,0.423505,0.006417
95,0.438640,0.008162
96,0.455351,0.010351
97,0.459424,0.011396
98,0.458009,0.012316
99,0.465204,0.022158
100,0.474460,0.036410
101,0.482845,0.051195
102,0.490375,0.066434
103,0.497026,0.082076
104,0.502776,0.098071
105,0.507607,0.114368
106,0.511503,0.130913
107,0.514451,0.147653
108,0.516442,0.164534
109,0.516971,0.169254
110,0.516971,0.169254
111,0.516971,0.169254
112,0.516971,0.169254
113,0.516971,0.169254
114,0.516971,0.169254
115,0.506995,0.162144
116,0.493992,0.151203
117,0.481667,0.139498
118,0.470028,0.127110
119,0.459113,0.114080
120,0.448957,0.100451
121,0.439593,0.086265
122,0.431051,0.071570
123,0.423359,0.056413
124,0.416541,0.040842
125,0.409719,0.028533
126,0.401937,0.021078
127,0.394227,0.013717
128,0.391638,0.005333
129,0.392704,0.001930
130,0.395089,-0.001731
131,0.397700,-0.005667
132,0.400848,-0.006618
133,0.405256,0.002529
134,0.409160,0.012432
135,0.412534,0.022025
136,0.415401,0.031314
137,0.417802,0.040291
138,0.419778,0.048944
139,0.421370,0.057262
140,0.423240,0.061866
141,0.426894,0.061373
142,0.430872,0.060779
143,0.435064,0.060053
144,0.439486,0.059211
145,0.444162,0.058279
146,0.449117,0.057285
147,0.454370,0.056260
148,0.459940,0.055236
149,0.465371,0.048570
150,0.472670,0.042895
151,0.481158,0.039010
152,0.490093,0.035553
153,0.499437,0.032521
154,0.509526,0.029841
155,0.519625,0.027773
156,0.530061,0.026231
157,0.540804,0.025248
158,0.552649,0.021996
159,0.564994,0.018245
160,0.576822,0.017068
161,0.588528,0.016850
162,0.600182,0.017249
163,0.611740,0.018278
164,0.623168,0.019929
165,0.634432,0.022190
166,0.645502,0.025048
167,0.656345,0.028489
168,0.666932,0.032498
169,0.677234,0.037055
170,0.687222,0.042142
171,0.696870,0.047740
172,0.706153,0.053825
173,0.715046,0.060374
174,0.723528,0.067365
175,0.731576,0.074771
176,0.739171,0.082566
177,0.746296,0.090723
178,0.752933,0.099214
179,0.759068,0.108011
180,0.764687,0.117084
181,0.769779,0.126404
182,0.774334,0.135940
183,0.778343,0.145663
184,0.781731,0.155906
185,0.784963,0.167298
186,0.788387,0.180471
187,0.789531,0.195521
188,0.788205,0.212267
189,0.786492,0.228245
190,0.786755,0.241096
191,0.786349,0.253036
192,0.784665,0.264414
193,0.782287,0.275521
194,0.779297,0.286407
195,0.775711,0.297068
196,0.771549,0.307479
197,0.766829,0.317609
198,0.762008,0.327529
199,0.759050,0.336648
200,0.757264,0.344626
201,0.755674,0.351333
202,0.753548,0.357423
203,0.751100,0.363307
204,0.747147,0.370212
205,0.740416,0.378404
206,0.731709,0.385814
207,0.721522,0.392281
208,0.710024,0.397774
209,0.707232,0.398985
210,0.707232,0.398985
211,0.701656,0.399300
212,0.695988,0.398646
213,0.691854,0.394029
214,0.691228,0.393253
215,0.688122,0.386859
216,0.681125,0.373111
217,0.673977,0.357689
218,0.668474,0.349222
219,0.667072,0.342034
220,0.666524,0.332607
221,0.665627,0.320645
222,0.665491,0.318060
223,0.665491,0.318060
224,0.665491,0.318060
225,0.665491,0.318060
226,0.665491,0.318060
227,0.665491,0.318060
228,0.665491,0.318060
229,0.666902,0.318935
230,0.666902,0.318935
231,0.666902,0.318935
232,0.666905,0.318937
233,0.666939,0.318962
234,0.666939,0.318962
235,0.660599,0.320606
236,0.648305,0.322077
237,0.634376,0.321642
238,0.620074,0.319848
239,0.605613,0.316776
240,0.591167,0.312513
241,0.576797,0.307045
242,0.562505,0.300313
243,0.548245,0.292234
244,0.534094,0.282892
245,0.530147,0.280250
246,0.523466,0.269981
247,0.515371,0.255040
248,0.508187,0.239635
249,0.501891,0.223846
250,0.496504,0.207725
251,0.492042,0.191324
252,0.488521,0.174695
253,0.485952,0.157892
254,0.484343,0.140971
255,0.483699,0.123986
256,0.484023,0.106992
257,0.485313,0.090043
258,0.487565,0.073195
259,0.490773,0.056503
260,0.494924,0.040020
261,0.500007,0.023801
262,0.506004,0.007896
263,0.507706,0.003461
264,0.507706,0.003461
265,0.507889,0.003526
266,0.520128,0.003020
267,0.537109,0.003682
268,0.554024,0.005364
269,0.570815,0.008005
270,0.587428,0.011597
271,0.603810,0.016129
272,0.619908,0.021586
273,0.635670,0.027949
274,0.651043,0.035199
275,0.665980,0.043312
276,0.680430,0.052262
277,0.694348,0.062019
278,0.707689,0.072553
279,0.710917,0.074655
280,0.716710,0.085449
281,0.722094,0.099559
282,0.725887,0.112009
283,0.729458,0.124670
284,0.732290,0.137473
285,0.734394,0.150434
286,0.735759,0.163497
287,0.736379,0.176616
288,0.736252,0.189750
289,0.735378,0.202856
290,0.733760,0.215891
291,0.731404,0.228813
292,0.728316,0.241579
293,0.724507,0.254150
294,0.719990,0.266483
295,0.714778,0.278540
296,0.708889,0.290281
297,0.702342,0.301667
298,0.695157,0.312663
299,0.687359,0.323233
300,0.678972,0.333341
301,0.670024,0.342957
302,0.660544,0.352048
303,0.650562,0.360585
304,0.639818,0.368817
305,0.628829,0.376244
306,0.617514,0.382986
307,0.605846,0.389059
308,0.595091,0.395217
309,0.586791,0.402446
310,0.577170,0.408294
311,0.565353,0.412054
312,0.552591,0.414578
313,0.539615,0.416369
314,0.526542,0.417425
315,0.514139,0.420053
316,0.501980,0.422574
317,0.489564,0.423923
318,0.475683,0.423144
319,0.461620,0.422171
320,0.448481,0.420768
321,0.435528,0.418366
322,0.422868,0.414471
323,0.410636,0.409349
324,0.398924,0.403319
325,0.387739,0.396554
326,0.377001,0.389165
327,0.366710,0.381179
328,0.356526,0.372273
329,0.347173,0.363146
330,0.338378,0.353515
331,0.330150,0.343403
332,0.322512,0.332840
333,0.315487,0.321860
334,0.309098,0.310498
335,0.303365,0.298791
336,0.298308,0.286777
337,0.293942,0.274494
338,0.289294,0.262590
339,0.280641,0.252831
340,0.273159,0.244216
341,0.265809,0.235894
342,0.258151,0.225692
343,0.251064,0.214602
344,0.244634,0.203003
345,0.238872,0.190979
346,0.233809,0.178643
347,0.229463,0.166044
348,0.225839,0.153218
349,0.222950,0.140204
350,0.220812,0.127036
351,0.219415,0.113773
352,0.218780,0.100441
353,0.218908,0.087094
354,0.219290,0.073608
355,0.220235,0.059987
356,0.221991,0.046555
357,0.224168,0.033094
358,0.227124,0.019995
359,0.230796,0.007259
360,0.235272,-0.004961
361,0.240585,-0.016599
362,0.248066,-0.027610
363,0.257579,-0.037739
364,0.264958,-0.048918
365,0.269900,-0.061112
366,0.274732,-0.071746
367,0.279628,-0.082814
368,0.281527,-0.093506
369,0.283109,-0.102075
370,0.287539,-0.109841
371,0.295211,-0.115197
372,0.300422,-0.123837
373,0.302219,-0.135093
374,0.305212,-0.144533
375,0.309547,-0.151873
376,0.315378,-0.156837
377,0.322073,-0.160065
378,0.328152,-0.163120
379,0.333130,-0.165645
380,0.337819,-0.166817
381,0.344200,-0.164660
382,0.352328,-0.159635
383,0.360750,-0.153600
384,0.369020,-0.146944
385,0.376967,-0.139778
386,0.384172,-0.135420
387,0.390818,-0.134777
388,0.396677,-0.135135
389,0.401733,-0.135546
390,0.406504,-0.137064
391,0.409346,-0.138272
392,0.411246,-0.138967
393,0.413672,-0.139317
394,0.416218,-0.140600
395,0.416405,-0.143487
396,0.418988,-0.144053
397,0.423217,-0.144394
398,0.423063,-0.142542
399,0.419277,-0.140029
400,0.415355,-0.139156
401,0.410178,-0.138183
402,0.402370,-0.135935
403,0.394070,-0.133516
404,0.388227,-0.128861
405,0.388456,-0.124335
406,0.390757,-0.120384
407,0.390322,-0.123783
408,0.379637,-0.128789
409,0.376585,-0.129639
410,0.374163,-0.129822
411,0.368637,-0.130127
412,0.359132,-0.128307
413,0.345862,-0.123898
414,0.330338,-0.118172
415,0.318834,-0.113992
416,0.311795,-0.113023
417,0.304829,-0.113482
418,0.298010,-0.114719
419,0.291271,-0.116523
420,0.284553,-0.118830
421,0.277743,-0.121518
422,0.270924,-0.124912
423,0.269959,-0.125456
424,0.269989,-0.125450
425,0.269989,-0.125450
426,0.269989,-0.125450
427,0.271298,-0.136894
428,0.273736,-0.153713
429,0.277181,-0.170357
430,0.281567,-0.186779
431,0.286881,-0.202925
432,0.293105,-0.218742
433,0.300218,-0.234179
434,0.308199,-0.249187
435,0.317020,-0.263716
436,0.326654,-0.277720
437,0.337068,-0.291153
438,0.348231,-0.303972
439,0.360104,-0.316135
440,0.372650,-0.327602
441,0.385829,-0.338338
442,0.399597,-0.348306
443,0.413909,-0.357474
444,0.428720,-0.365814
445,0.443982,-0.373297
446,0.457374,-0.377718
447,0.466418,-0.380138
448,0.475808,-0.383370
449,0.490444,-0.386971
450,0.507173,-0.389875
451,0.524047,-0.391821
452,0.529098,-0.400499
453,0.529200,-0.407831
454,0.529949,-0.412267
455,0.530993,-0.415728
456,0.532371,-0.418839
457,0.533798,-0.421735
458,0.535381,-0.424530
459,0.537119,-0.427227
460,0.539007,-0.429819
461,0.541039,-0.432299
462,0.543210,-0.434661
463,0.545647,-0.436940
464,0.550100,-0.437533
465,0.560243,-0.433676
466,0.571292,-0.427429
467,0.582536,-0.419436
468,0.593532,-0.410158
469,0.604056,-0.399921
470,0.613989,-0.388910
471,0.623295,-0.377281
472,0.631926,-0.365107
473,0.639832,-0.352457
474,0.647022,-0.339346
475,0.653454,-0.325850
476,0.659091,-0.311977
477,0.663934,-0.297853
478,0.667979,-0.283453
479,0.671198,-0.268852
480,0.673563,-0.254066
481,0.675092,-0.239217
482,0.675784,-0.224276
483,0.675626,-0.209325
484,0.674618,-0.194410
485,0.672732,-0.179578
486,0.670032,-0.164867
487,0.666504,-0.150339
488,0.662158,-0.136035
489,0.657007,-0.122026
490,0.651031,-0.108291
491,0.644315,-0.094935
492,0.636802,-0.081989
493,0.628611,-0.069491
494,0.619717,-0.057462
495,0.610083,-0.045978
496,0.599881,-0.035033
497,0.589094,-0.024721
498,0.579762,-0.013587
499,0.571369,-0.002848
500,0.562805,0.007081
501,0.554027,0.016400
502,0.544938,0.025166
503,0.535512,0.033322
504,0.525817,0.040911
505,0.518814,0.046264
506,0.511330,0.051519
507,0.501753,0.056857
508,0.491837,0.062408
509,0.481869,0.067772
510,0.472133,0.073362
511,0.465697,0.077798
512,0.461617,0.081753
513,0.459061,0.085099
514,0.457038,0.088003
515,0.455073,0.090693
516,0.453028,0.093236
517,0.450862,0.095648
518,0.448570,0.097930
519,0.446153,0.100076
520,0.443619,0.102082
521,0.440906,0.103901
522,0.438149,0.105615
523,0.435308,0.107166
524,0.432386,0.108552
525,0.429391,0.109769
526,0.426239,0.110726
527,0.423130,0.111576
528,0.419952,0.112193
529,0.416399,0.113557
530,0.409850,0.117440
531,0.402527,0.120147
532,0.392835,0.123547
533,0.379543,0.128396
534,0.363613,0.133811
535,0.346759,0.138698
536,0.329390,0.142634
537,0.311820,0.145607
538,0.294109,0.147563
539,0.276309,0.148495
540,0.258666,0.148412
541,0.240884,0.147318
542,0.223192,0.145211
543,0.205651,0.142102
544,0.188300,0.138039
545,0.171209,0.132963
546,0.154624,0.127019
547,0.138233,0.120028
548,0.125935,0.113481
549,0.119649,0.108785
550,0.114653,0.104837
551,0.107093,0.099777
552,0.100438,0.094721
553,0.094936,0.090052
554,0.091330,0.086000
555,0.089660,0.082335
556,0.088795,0.079040
557,0.088349,0.075765
558,0.088073,0.072512
559,0.087993,0.069270
560,0.088102,0.066034
561,0.088505,0.062733
562,0.089016,0.059564
563,0.089733,0.056536
564,0.090529,0.053324
565,0.091525,0.050230
566,0.092699,0.047219
567,0.094044,0.044285
568,0.095554,0.041433
569,0.097358,0.038669
570,0.099193,0.036037
571,0.101174,0.033496
572,0.103295,0.031067
573,0.105553,0.028761
574,0.107938,0.026586
575,0.110444,0.024549
576,0.113196,0.022696
577,0.115915,0.021001
578,0.118733,0.019438
579,0.121665,0.017964
580,0.124634,0.016709
581,0.127678,0.015637
582,0.130781,0.014745
583,0.133931,0.014031
584,0.137209,0.013597
585,0.140406,0.013273
586,0.143707,0.013128
587,0.146943,0.013139
588,0.150166,0.013345
589,0.153370,0.013736
590,0.156547,0.014310
591,0.159737,0.015192
592,0.162785,0.016210
593,0.165903,0.017311
594,0.168872,0.018582
595,0.171754,0.020028
596,0.174548,0.021638
597,0.177245,0.023406
598,0.179838,0.025325
599,0.182282,0.027542
600,0.184707,0.029824
601,0.186942,0.032155
602,0.189027,0.034612
603,0.190966,0.037184
604,0.192754,0.039864
605,0.194387,0.042641
606,0.195859,0.045507
607,0.197004,0.048602
608,0.198129,0.051652
609,0.199143,0.054780
610,0.199946,0.057893
611,0.200551,0.061051
612,0.200970,0.064242
613,0.201205,0.067452
614,0.201152,0.070765
615,0.200911,0.073970
616,0.200603,0.077247
617,0.200133,0.080422
618,0.199458,0.083563
619,0.198597,0.086660
620,0.197559,0.089704
621,0.196349,0.092684
622,0.194763,0.095607
623,0.193193,0.098414
624,0.191493,0.101211
625,0.189658,0.103841
626,0.187660,0.106355
627,0.185518,0.108749
628,0.183242,0.111017
629,0.180781,0.113110
630,0.178109,0.115072
631,0.175446,0.116964
632,0.172738,0.118669
633,0.169922,0.120201
634,0.167018,0.121566
635,0.164039,0.122762
636,0.160977,0.123721
637,0.157728,0.124491
638,0.154593,0.125131
639,0.151377,0.125673
640,0.148190,0.125988
641,0.144987,0.126112
642,0.141780,0.126050
643,0.138581,0.125804
644,0.135401,0.125306
645,0.132166,0.124559
646,0.129002,0.123806
647,0.125953,0.122847
648,0.122961,0.121708
649,0.120037,0.120398
650,0.117192,0.118923
651,0.114434,0.117287
652,0.111789,0.115426
653,0.109244,0.113341
654,0.106735,0.111272
655,0.104425,0.109066
656,0.102248,0.106722
657,0.100207,0.104255
658,0.098311,0.101674
659,0.096605,0.098930
660,0.095077,0.096015
661,0.093669,0.093150
662,0.092328,0.090185
663,0.091233,0.087186
664,0.090318,0.084122
665,0.089581,0.081009
666,0.089087,0.077819
667,0.088810,0.074519
668,0.088651,0.071341
669,0.088652,0.068148
670,0.088772,0.064900
671,0.089117,0.061726
672,0.089653,0.058576
673,0.090443,0.055455
674,0.091342,0.052367
675,0.092547,0.049291
676,0.093812,0.046381
677,0.095200,0.043449
678,0.096754,0.040667
679,0.098476,0.037981
680,0.100415,0.035433
681,0.102459,0.032934
682,0.104623,0.030571
683,0.106913,0.028339
684,0.109476,0.026220
685,0.111981,0.024273
686,0.114610,0.022477
687,0.117344,0.020834
688,0.120211,0.019408
689,0.123144,0.018074
690,0.126127,0.016914
691,0.129285,0.016017
692,0.132400,0.015172
693,0.135514,0.014541
694,0.138667,0.014096
695,0.141844,0.013834
696,0.145056,0.013823
697,0.148264,0.013924
698,0.151446,0.014204
699,0.154710,0.014780
700,0.157805,0.015427
701,0.160874,0.016252
702,0.163897,0.017251
703,0.166833,0.018487
704,0.169837,0.019814
705,0.172661,0.021299
706,0.175384,0.022952
707,0.178008,0.024913
708,0.180485,0.026881
709,0.182868,0.028984
710,0.185134,0.031218
711,0.187121,0.033544
712,0.189241,0.036035
713,0.191136,0.038617
714,0.192859,0.041293
715,0.194363,0.044205
716,0.195714,0.047051
717,0.196928,0.049977
718,0.197982,0.052970
719,0.198865,0.056020
720,0.199575,0.059115
721,0.200107,0.062248
722,0.200461,0.065406
723,0.200634,0.068580
724,0.200497,0.071840
725,0.200283,0.074996
726,0.199948,0.078213
727,0.199409,0.081336
728,0.198677,0.084425
729,0.197765,0.087469
730,0.196679,0.090457
731,0.195424,0.093378
732,0.193853,0.096238
733,0.192260,0.098975
734,0.190466,0.101688
735,0.188578,0.104265
736,0.186548,0.106714
737,0.184382,0.109039
738,0.182086,0.111236
739,0.179669,0.113299
740,0.176976,0.115147
741,0.174306,0.116969
742,0.171537,0.118551
743,0.168706,0.120015
744,0.165803,0.121307
745,0.162834,0.122430
746,0.159805,0.123381
747,0.156727,0.124158
748,0.153488,0.124659
749,0.150469,0.124932
750,0.147230,0.125249
751,0.144043,0.125335
752,0.140873,0.125228
753,0.137721,0.124937
754,0.134591,0.124466
755,0.131492,0.123817
756,0.128436,0.122992
757,0.125392,0.121843
758,0.122472,0.120657
759,0.119610,0.119313
760,0.116823,0.117811
761,0.114125,0.116152
762,0.111525,0.114342
763,0.109031,0.112386
764,0.106571,0.110290
765,0.104334,0.107931
766,0.102245,0.105577
767,0.100277,0.103103
768,0.098447,0.100519
769,0.096766,0.097833
770,0.095240,0.095056
771,0.093874,0.092195
772,0.092667,0.089166
773,0.091689,0.086037
774,0.090865,0.083000
775,0.090199,0.079911
776,0.089706,0.076786
777,0.089389,0.073637
778,0.089252,0.070473
779,0.089296,0.067306
780,0.089593,0.064129
781,0.089929,0.060902
782,0.090644,0.057735
783,0.091418,0.054682
784,0.092360,0.051668
785,0.093471,0.048708
786,0.094749,0.045814
787,0.096189,0.042996
788,0.097865,0.040281
789,0.099628,0.037545
790,0.101655,0.035007
791,0.103696,0.032620
792,0.105873,0.030338
793,0.108177,0.028180
794,0.110602,0.026153
795,0.113140,0.024268
796,0.115840,0.022579
797,0.118598,0.020978
798,0.121592,0.019520
799,0.124489,0.018298
800,0.127447,0.017223
801,0.130467,0.016312
802,0.133535,0.015572
803,0.136642,0.015007
804,0.139797,0.014693
805,0.143052,0.014438
806,0.146203,0.014368
807,0.149456,0.014640
808,0.152563,0.015011
809,0.155665,0.015538
810,0.158738,0.016236
811,0.161770,0.017107
812,0.164748,0.018148
813,0.167665,0.019439
814,0.170602,0.020791
815,0.173365,0.022301
816,0.176057,0.024155
817,0.178578,0.026008
818,0.181015,0.027996
819,0.183342,0.030119
820,0.185546,0.032371
821,0.187587,0.034818
822,0.189612,0.037344
823,0.191425,0.039909
824,0.193069,0.042590
825,0.194475,0.045513
826,0.195759,0.048369
827,0.196898,0.051299
828,0.197874,0.054291
829,0.198618,0.057383
830,0.199256,0.060486
831,0.199786,0.063654
832,0.200083,0.066780
833,0.200185,0.069922
834,0.199934,0.073159
835,0.199649,0.076283
836,0.199196,0.079393
837,0.198490,0.082493
838,0.197688,0.085554
839,0.196751,0.088628
840,0.195639,0.091558
841,0.194341,0.094417
842,0.192876,0.097197
843,0.191087,0.099891
844,0.189298,0.102460
845,0.187293,0.104917
846,0.185216,0.107304
847,0.182999,0.109638
848,0.180719,0.111779
849,0.178295,0.113766
850,0.175753,0.115607
851,0.172947,0.117240
852,0.170207,0.118737
853,0.167348,0.120030
854,0.164411,0.121258
855,0.161439,0.122308
856,0.158365,0.123252
857,0.155326,0.123977
858,0.152238,0.124505
859,0.149122,0.124851
860,0.145887,0.124879
861,0.142765,0.124835
862,0.139623,0.124547
863,0.136471,0.124165
864,0.133373,0.123612
865,0.130248,0.122933
866,0.127249,0.122052
867,0.124305,0.120985
868,0.121427,0.119747
869,0.118610,0.118175
870,0.115911,0.116602
871,0.113326,0.114810
872,0.110774,0.112925
873,0.108276,0.110894
874,0.105961,0.108796
875,0.103795,0.106545
876,0.101766,0.104165
877,0.099926,0.101495
878,0.098220,0.098890
879,0.096644,0.096190
880,0.095277,0.093337
881,0.093994,0.090444
882,0.092885,0.087507
883,0.091855,0.084492
884,0.091084,0.081471
885,0.090496,0.078403
886,0.090213,0.075163
887,0.090022,0.072060
888,0.089988,0.068939
889,0.090202,0.065794
890,0.090514,0.062657
891,0.091000,0.059562
892,0.091616,0.056423
893,0.092428,0.053416
894,0.093429,0.050461
895,0.094779,0.047512
896,0.096144,0.044722
897,0.097654,0.041994
898,0.099396,0.039356
899,0.101210,0.036793
900,0.103158,0.034346
901,0.105226,0.031929
902,0.107420,0.029721
903,0.109750,0.027649
904,0.112392,0.025737
905,0.114966,0.023995
906,0.117703,0.022423
907,0.120476,0.020929
908,0.123308,0.019602
909,0.126260,0.018364
910,0.129192,0.017349
911,0.132193,0.016526
912,0.135241,0.015881
913,0.138322,0.015412
914,0.141535,0.015261
915,0.144673,0.015251
916,0.147817,0.015323
917,0.150931,0.015568
918,0.154109,0.015951
919,0.157156,0.016517
920,0.160168,0.017283
921,0.163134,0.018226
922,0.166042,0.019340
923,0.168913,0.020802
924,0.171656,0.022350
925,0.174352,0.023964
926,0.176935,0.025715
927,0.179505,0.027614
928,0.181870,0.029609
929,0.184108,0.031761
930,0.186217,0.034045
931,0.188192,0.036448
932,0.189954,0.039168
933,0.191570,0.041865
934,0.193113,0.044599
935,0.194490,0.047395
936,0.195766,0.050316
937,0.196853,0.053234
938,0.197735,0.056203
939,0.198437,0.059226
940,0.198963,0.062287
941,0.199188,0.065540
942,0.199224,0.068693
943,0.199204,0.071829
944,0.199013,0.074936
945,0.198648,0.078020
946,0.198137,0.081188
947,0.197454,0.084198
948,0.196573,0.087166
949,0.195517,0.090080
950,0.194293,0.092931
951,0.192703,0.095772
952,0.191025,0.098454
953,0.189316,0.101057
954,0.187472,0.103553
955,0.185453,0.106042
956,0.183366,0.108333
957,0.181137,0.110472
958,0.178780,0.112476
959,0.176309,0.114342
960,0.173734,0.116065
961,0.170882,0.117559
962,0.168020,0.118910
963,0.165174,0.120167
964,0.162273,0.121258
965,0.159261,0.122268
966,0.156275,0.123033
967,0.153241,0.123611
968,0.150175,0.124011
969,0.147090,0.124235
970,0.143854,0.124123
971,0.140777,0.123959
972,0.137635,0.123549
973,0.134564,0.123062
974,0.131444,0.122448
975,0.128475,0.121636
976,0.125556,0.120637
977,0.122699,0.119469
978,0.119911,0.118138
979,0.117155,0.116471
980,0.114541,0.114748
981,0.112041,0.112943
982,0.109634,0.110898
983,0.107213,0.108795
984,0.105035,0.106620
985,0.102997,0.104308
986,0.101098,0.101878
987,0.099340,0.099343
988,0.097730,0.096710
989,0.096271,0.093989
990,0.095068,0.091005
991,0.094009,0.088036
992,0.092958,0.084964
993,0.092131,0.081974
994,0.091508,0.078960
995,0.091066,0.075911
996,0.090800,0.072839
997,0.090711,0.069757
998,0.090798,0.066673
999,0.091250,0.063406
1000,0.091853,0.060235
1001,0.092492,0.057176
1002,0.093297,0.054009
1003,0.094254,0.051064
1004,0.095395,0.048199
1005,0.096705,0.045404
1006,0.098176,0.042689
1007,0.099801,0.040061
1008,0.101575,0.037530
1009,0.103835,0.035120
1010,0.106046,0.032699
1011,0.108263,0.030500
1012,0.110638,0.028295
1013,0.113079,0.026373
1014,0.115643,0.024602
1015,0.118312,0.022983
1016,0.121076,0.021521
1017,0.123927,0.020221
1018,0.126856,0.019087
1019,0.130197,0.018229
1020,0.133367,0.017473
1021,0.136785,0.016966
1022,0.142727,0.021053
1023,0.149581,0.026393
1024,0.155304,0.029889
1025,0.160769,0.032990
1026,0.166034,0.036155
1027,0.171107,0.039536
1028,0.176112,0.043260
1029,0.180722,0.047185
1030,0.185131,0.051361
1031,0.189292,0.055858
1032,0.193233,0.060514
1033,0.196887,0.065375
1034,0.200255,0.070433
1035,0.203329,0.075674
1036,0.206099,0.081082
1037,0.208612,0.086786
1038,0.210711,0.092467
1039,0.212502,0.098272
1040,0.213924,0.104245
1041,0.215061,0.110232
1042,0.215852,0.116263
1043,0.216297,0.122326
1044,0.216395,0.128404
1045,0.216218,0.134527
1046,0.215514,0.140691
1047,0.214549,0.146687
1048,0.213176,0.152657
1049,0.211554,0.158552
1050,0.209599,0.164320
1051,0.207319,0.169960
1052,0.204721,0.175459
1053,0.201815,0.180802
1054,0.198647,0.186047
1055,0.195028,0.191056
1056,0.191239,0.195803
1057,0.187097,0.200338
1058,0.182776,0.204683
1059,0.178233,0.208745
1060,0.173471,0.212536
1061,0.168501,0.216048
1062,0.163339,0.219271
1063,0.157855,0.222251
1064,0.152371,0.224836
1065,0.146732,0.227118
1066,0.140967,0.229080
1067,0.135025,0.230672
1068,0.129062,0.231980
1069,0.123046,0.232940
1070,0.116988,0.233555
1071,0.110714,0.233813
1072,0.104666,0.233700
1073,0.098601,0.233255
1074,0.092561,0.232469
1075,0.086531,0.231262
1076,0.080572,0.229805
1077,0.074741,0.228010
1078,0.069030,0.225885
1079,0.063451,0.223439
1080,0.057854,0.220599
1081,0.052632,0.217502
1082,0.047566,0.214121
1083,0.042691,0.210460
1084,0.038030,0.206528
1085,0.033587,0.202246
1086,0.029387,0.197806
1087,0.025457,0.193142
1088,0.021715,0.188271
1089,0.018318,0.183061
1090,0.015292,0.177758
1091,0.012549,0.172313
1092,0.010108,0.166722
1093,0.008052,0.160948
1094,0.006208,0.155052
1095,0.004739,0.149121
1096,0.003615,0.143124
1097,0.002759,0.137017
1098,0.002311,0.130970
1099,0.002316,0.124736
1100,0.002620,0.118648
1101,0.003253,0.112578
1102,0.004224,0.106549
1103,0.005613,0.100524
1104,0.007255,0.094620
1105,0.009230,0.088839
1106,0.011531,0.083185
1107,0.014092,0.077610
1108,0.017157,0.072195
1109,0.020414,0.067040
1110,0.023952,0.062063
1111,0.027765,0.057290
1112,0.031938,0.052741
1113,0.036288,0.048380
1114,0.040856,0.044314
1115,0.045645,0.040521
1116,0.050618,0.036930
1117,0.055994,0.033726
1118,0.061371,0.030835
1119,0.066905,0.028242
1120,0.072577,0.025963
1121,0.078370,0.024010
1122,0.084356,0.022430
1123,0.090356,0.021128
1124,0.096400,0.020180
1125,0.102510,0.019498
1126,0.108770,0.019318
1127,0.114870,0.019469
1128,0.120965,0.019942
1129,0.127028,0.020755
1130,0.133036,0.021908
1131,0.138969,0.023401
1132,0.144868,0.025306
1133,0.150607,0.027460
1134,0.156268,0.029876
1135,0.161807,0.032784
1136,0.167072,0.035951
1137,0.172143,0.039373
1138,0.177021,0.043070
1139,0.181684,0.047037
1140,0.186116,0.051262
1141,0.190326,0.055834
1142,0.194263,0.060535
1143,0.198020,0.065451
1144,0.201374,0.070534
1145,0.204468,0.076041
1146,0.207174,0.081528
1147,0.209592,0.087155
1148,0.211695,0.092909
1149,0.213469,0.098773
1150,0.214909,0.104729
1151,0.215965,0.110846
1152,0.216800,0.116989
1153,0.217237,0.123098
1154,0.217295,0.129208
1155,0.216866,0.135504
1156,0.216188,0.141594
1157,0.215179,0.147642
1158,0.213832,0.153624
1159,0.212148,0.159520
1160,0.210045,0.165388
1161,0.207705,0.171076
1162,0.205079,0.176685
1163,0.202132,0.182066
1164,0.198867,0.187237
1165,0.195088,0.192305
1166,0.191214,0.197062
1167,0.187085,0.201604
1168,0.182707,0.205906
1169,0.178015,0.209909
1170,0.173120,0.213782
1171,0.168072,0.217290
1172,0.162838,0.220497
1173,0.157442,0.223496
1174,0.151893,0.226077
1175,0.145957,0.228295
1176,0.140115,0.230196
1177,0.134176,0.231778
1178,0.128157,0.233023
1179,0.122076,0.233926
1180,0.115849,0.234435
1181,0.109691,0.234651
1182,0.103543,0.234510
1183,0.097318,0.234102
1184,0.091249,0.233264
1185,0.085050,0.231932
1186,0.079102,0.230358
1187,0.073242,0.228462
1188,0.067497,0.226239
1189,0.061800,0.223586
1190,0.056265,0.220709
1191,0.050971,0.217537
1192,0.045752,0.214081
1193,0.040828,0.210330
1194,0.036021,0.206052
1195,0.031607,0.201703
1196,0.027435,0.197121
1197,0.023522,0.192308
1198,0.019888,0.187276
1199,0.016537,0.181908
1200,0.013404,0.176387
1201,0.010664,0.170769
1202,0.008152,0.164956
1203,0.006011,0.158663
1204,0.004276,0.152443
1205,0.002885,0.146108
1206,0.001848,0.139629
1207,0.001185,0.133006
1208,0.001054,0.126275
1209,-0.003244,0.116822
1210,-0.008433,0.108307
1211,-0.011612,0.101485
1212,-0.013743,0.094921
1213,-0.015424,0.088517
1214,-0.016698,0.082065
1215,-0.017589,0.075561
1216,-0.018104,0.069022
1217,-0.018244,0.062463
1218,-0.018010,0.055908
1219,-0.017403,0.049375
1220,-0.016425,0.042887
1221,-0.014891,0.036304
1222,-0.013180,0.030004
1223,-0.010995,0.023783
1224,-0.008558,0.017683
1225,-0.005786,0.011740
1226,-0.002682,0.005967
1227,0.000745,0.000380
1228,0.004485,-0.005003
1229,0.008526,-0.010165
1230,0.013052,-0.015041
1231,0.017813,-0.019727
1232,0.018953,-0.022717
1233,0.018946,-0.024027
1234,0.020775,-0.025485
1235,0.023332,-0.026851
1236,0.026180,-0.028077
1237,0.029166,-0.029142
1238,0.032232,-0.030037
1239,0.035443,-0.030650
1240,0.038652,-0.031161
1241,0.041865,-0.031527
1242,0.045070,-0.031700
1243,0.048273,-0.031688
1244,0.051468,-0.031493
1245,0.054648,-0.031115
1246,0.057855,-0.030424
1247,0.061021,-0.029691
1248,0.064063,-0.028731
1249,0.067097,-0.027631
1250,0.070044,-0.026367
1251,0.072908,-0.024938
1252,0.075684,-0.023349
1253,0.078366,-0.021605
1254,0.080920,-0.019543
1255,0.083441,-0.017491
1256,0.085749,-0.015274
1257,0.087976,-0.012951
1258,0.090054,-0.010516
1259,0.091987,-0.007969
1260,0.093771,-0.005317
1261,0.095401,-0.002568
1262,0.096795,0.000392
1263,0.098148,0.003333
1264,0.099232,0.006358
1265,0.100194,0.009415
1266,0.100978,0.012513
1267,0.101583,0.015649
1268,0.102009,0.018815
1269,0.102145,0.022102
1270,0.102214,0.025330
1271,0.102034,0.028527
1272,0.101726,0.031714
1273,0.101236,0.034869
1274,0.100567,0.037989
1275,0.099722,0.041065
1276,0.098703,0.044089
1277,0.097512,0.047050
1278,0.095938,0.050010
1279,0.094411,0.052822
1280,0.092728,0.055532
1281,0.090894,0.058139
1282,0.088915,0.060637
1283,0.086796,0.063018
1284,0.084545,0.065275
1285,0.082143,0.067471
1286,0.079376,0.069147
1287,0.076748,0.070936
1288,0.074041,0.072603
1289,0.071248,0.074122
1290,0.068374,0.075483
1291,0.065428,0.076679
1292,0.062417,0.077706
1293,0.059353,0.078560
1294,0.056206,0.079308
1295,0.053070,0.079818
1296,0.049907,0.080137
1297,0.046728,0.080272
1298,0.043546,0.080226
1299,0.040370,0.079998
1300,0.037212,0.079589
1301,0.034014,0.078975
1302,0.030902,0.078224
1303,0.027855,0.077288
1304,0.024872,0.076178
1305,0.021957,0.074898
1306,0.019120,0.073454
1307,0.016369,0.071851
1308,0.013692,0.069942
1309,0.011229,0.067966
1310,0.008770,0.065916
1311,0.006450,0.063739
1312,0.004261,0.061438
1313,0.002209,0.059016
1314,0.000297,0.056481
1315,-0.001467,0.053841
1316,-0.003078,0.051104
1317,-0.004458,0.048144
1318,-0.005715,0.045246
1319,-0.006822,0.042274
1320,-0.007849,0.039212
1321,-0.008624,0.036141
1322,-0.009214,0.033024
1323,-0.009623,0.029875
1324,-0.009851,0.026706
1325,-0.009771,0.023440
1326,-0.009609,0.020284
1327,-0.009280,0.017129
1328,-0.008817,0.013926
1329,-0.008160,0.010827
1330,-0.007306,0.007771
1331,-0.006199,0.004764
1332,-0.004991,0.001806
1333,-0.003469,-0.001095
1334,-0.001923,-0.003848
1335,-0.000231,-0.006529
1336,0.001598,-0.009195
1337,0.003562,-0.011678
1338,0.005733,-0.013989
1339,0.008020,-0.016253
1340,0.010404,-0.018364
1341,0.013052,-0.020305
1342,0.015665,-0.022074
1343,0.018367,-0.023721
1344,0.021181,-0.025299
1345,0.024041,-0.026650
1346,0.026984,-0.027825
1347,0.030041,-0.028769
1348,0.033119,-0.029604
1349,0.036226,-0.030262
1350,0.039473,-0.030629
1351,0.042613,-0.030894
1352,0.045828,-0.031063
1353,0.048988,-0.031002
1354,0.052144,-0.030750
1355,0.055315,-0.030235
1356,0.058439,-0.029623
1357,0.061512,-0.028839
1358,0.064533,-0.027881
1359,0.067604,-0.026577
1360,0.070477,-0.025305
1361,0.073276,-0.023847
1362,0.075989,-0.022223
1363,0.078572,-0.020379
1364,0.081114,-0.018433
1365,0.083523,-0.016365
1366,0.085805,-0.014168
1367,0.087943,-0.011689
1368,0.089992,-0.009224
1369,0.091849,-0.006683
1370,0.093558,-0.004029
1371,0.095115,-0.001278
1372,0.096463,0.001621
1373,0.097705,0.004547
1374,0.098776,0.007526
1375,0.099730,0.010614
1376,0.100378,0.013784
1377,0.100897,0.016877
1378,0.101247,0.020009
1379,0.101347,0.023167
1380,0.101344,0.026371
1381,0.101163,0.029537
1382,0.100804,0.032678
1383,0.100267,0.035791
1384,0.099457,0.039016
1385,0.098541,0.042021
1386,0.097468,0.044977
1387,0.096228,0.047875
1388,0.094747,0.050691
1389,0.093176,0.053456
1390,0.091460,0.056112
1391,0.089600,0.058662
1392,0.087589,0.061182
1393,0.085313,0.063511
1394,0.083040,0.065655
1395,0.080646,0.067693
1396,0.078076,0.069550
1397,0.075437,0.071333
1398,0.072722,0.072953
1399,0.069926,0.074412
1400,0.067053,0.075710
1401,0.064082,0.076921
1402,0.060953,0.077798
1403,0.057915,0.078541
1404,0.054828,0.079132
1405,0.051662,0.079484
1406,0.048506,0.079731
1407,0.045353,0.079799
1408,0.042131,0.079717
1409,0.039009,0.079472
1410,0.035902,0.079013
1411,0.032740,0.078214
1412,0.029734,0.077357
1413,0.026745,0.076261
1414,0.023811,0.075086
1415,0.020958,0.073751
1416,0.018189,0.072259
1417,0.015431,0.070599
1418,0.012825,0.068833
1419,0.010353,0.066902
1420,0.008022,0.064658
1421,0.005822,0.062434
1422,0.003766,0.060014
1423,0.001796,0.057542
1424,-0.000024,0.054974
1425,-0.001694,0.052311
1426,-0.003277,0.049514
1427,-0.004658,0.046712
1428,-0.005852,0.043813
1429,-0.006743,0.040695
1430,-0.007499,0.037629
1431,-0.008166,0.034538
1432,-0.008658,0.031431
1433,-0.008973,0.028306
1434,-0.009110,0.025170
1435,-0.009117,0.021959
1436,-0.008924,0.018839
1437,-0.008528,0.015731
1438,-0.007714,0.012607
1439,-0.006924,0.009524
1440,-0.005984,0.006521
1441,-0.004881,0.003583
1442,-0.003614,0.000714
1443,-0.002186,-0.002078
1444,-0.000628,-0.004866
1445,0.001090,-0.007478
1446,0.003137,-0.010001
1447,0.005206,-0.012357
1448,0.007457,-0.014586
1449,0.009759,-0.016733
1450,0.012168,-0.018742
1451,0.014685,-0.020608
1452,0.017304,-0.022328
1453,0.020021,-0.023991
1454,0.022804,-0.025406
1455,0.025675,-0.026652
1456,0.028833,-0.027333
1457,0.031851,-0.028180
1458,0.034896,-0.028896
1459,0.037973,-0.029450
1460,0.041076,-0.029830
1461,0.044195,-0.030034
1462,0.047388,-0.030118
1463,0.050498,-0.029989
1464,0.053602,-0.029662
1465,0.056685,-0.029152
1466,0.059736,-0.028466
1467,0.062743,-0.027606
1468,0.065697,-0.026576
1469,0.068589,-0.025379
1470,0.071391,-0.023936
1471,0.074246,-0.022438
1472,0.076902,-0.020779
1473,0.079448,-0.018963
1474,0.081884,-0.017004
1475,0.084204,-0.014908
1476,0.086401,-0.012682
1477,0.088468,-0.010334
1478,0.090399,-0.007872
1479,0.092140,-0.005062
1480,0.093794,-0.002390
1481,0.095273,0.000365
1482,0.096587,0.003199
1483,0.097736,0.006103
1484,0.098718,0.009068
1485,0.099530,0.012085
1486,0.100168,0.015144
1487,0.100512,0.018383
1488,0.100798,0.021566
1489,0.100837,0.024736
1490,0.100765,0.027866
1491,0.100508,0.030977
1492,0.100072,0.034066
1493,0.099461,0.037124
1494,0.098676,0.040143
1495,0.097720,0.043114
1496,0.096597,0.046025
1497,0.095100,0.048901
1498,0.093666,0.051734
1499,0.091985,0.054378
1500,0.090210,0.056979
1501,0.088301,0.059455
1502,0.086259,0.061812
1503,0.084087,0.064047
1504,0.081790,0.066155
1505,0.079377,0.068130
1506,0.076600,0.070020
1507,0.073992,0.071665
1508,0.071200,0.073118
1509,0.068365,0.074498
1510,0.065483,0.075702
1511,0.062545,0.076736
1512,0.059555,0.077601
1513,0.056520,0.078294
1514,0.053451,0.078813
1515,0.050287,0.079225
1516,0.047064,0.079287
1517,0.043956,0.079130
1518,0.040782,0.078911
1519,0.037683,0.078529
1520,0.034622,0.077974
1521,0.031599,0.077246
1522,0.028624,0.076347
1523,0.025704,0.075281
1524,0.022759,0.074082
1525,0.019982,0.072709
1526,0.017232,0.070955
1527,0.014679,0.069125
1528,0.012171,0.067248
1529,0.009787,0.065249
1530,0.007523,0.063122
1531,0.005385,0.060871
1532,0.003378,0.058502
1533,0.001413,0.056010
1534,-0.000315,0.053441
1535,-0.001885,0.050767
1536,-0.003154,0.047745
1537,-0.004400,0.044860
1538,-0.005481,0.041944
1539,-0.006395,0.038979
1540,-0.007138,0.035969
1541,-0.007764,0.032822
1542,-0.008195,0.029751
1543,-0.008417,0.026668
1544,-0.008454,0.023571
1545,-0.008148,0.020344
1546,-0.007712,0.017242
1547,-0.007203,0.014170
1548,-0.006527,0.011144
1549,-0.005682,0.008164
1550,-0.004670,0.005237
1551,-0.003517,0.002273
1552,-0.002201,-0.000514
1553,-0.000707,-0.003221
1554,0.000945,-0.005837
1555,0.003093,-0.008364
1556,0.005060,-0.010779
1557,0.007143,-0.013071
1558,0.009347,-0.015239
1559,0.011669,-0.017278
1560,0.014177,-0.019295
1561,0.016695,-0.021072
1562,0.019324,-0.022682
1563,0.022049,-0.024134
1564,0.025041,-0.025332
1565,0.027916,-0.026433
1566,0.030853,-0.027383
1567,0.033855,-0.028083
1568,0.036995,-0.028724
1569,0.040068,-0.029175
1570,0.043221,-0.029522
1571,0.046298,-0.029625
1572,0.049380,-0.029540
1573,0.052636,-0.029090
1574,0.055686,-0.028602
1575,0.058702,-0.027966
1576,0.061681,-0.027164
1577,0.064611,-0.026195
1578,0.067530,-0.024954
1579,0.070461,-0.023695
1580,0.073181,-0.022256
1581,0.075810,-0.020652
1582,0.078343,-0.018896
1583,0.080814,-0.016742
1584,0.083103,-0.014681
1585,0.085284,-0.012504
1586,0.087343,-0.010207
1587,0.089268,-0.007796
1588,0.091040,-0.005145
1589,0.092810,-0.002459
1590,0.094307,0.000236
1591,0.095634,0.003020
1592,0.096795,0.005877
1593,0.097679,0.009024
1594,0.098473,0.012001
1595,0.099110,0.015022
1596,0.099576,0.018075
1597,0.099777,0.021251
1598,0.099950,0.024637
1599,0.099899,0.027764
1600,0.099647,0.030857
1601,0.099209,0.033930
1602,0.098369,0.037170
1603,0.097501,0.040223
1604,0.096499,0.043187
1605,0.095328,0.046096
1606,0.093987,0.048939
1607,0.092306,0.051922
1608,0.090519,0.054810
1609,0.088565,0.057507
1610,0.081411,0.058594
1611,0.072567,0.059471
1612,0.065995,0.060833
1613,0.059889,0.062337
1614,0.053886,0.063666
1615,0.047873,0.064710
1616,0.041768,0.065372
1617,0.035678,0.065766
1618,0.029595,0.065808
1619,0.023483,0.065573
1620,0.017465,0.064936
1621,0.011369,0.063831
1622,0.005451,0.062466
1623,-0.000390,0.060777
1624,-0.006128,0.058763
1625,-0.011768,0.056349
1626,-0.017263,0.053699
1627,-0.022581,0.050745
1628,-0.027773,0.047549
1629,-0.032758,0.043875
1630,-0.037464,0.040037
1631,-0.041961,0.035943
1632,-0.046222,0.031601
1633,-0.050231,0.027024
1634,-0.053971,0.022137
1635,-0.057446,0.017129
1636,-0.060708,0.011933
1637,-0.063596,0.006448
1638,-0.066109,0.000902
1639,-0.068324,-0.004762
1640,-0.070226,-0.010544
1641,-0.071800,-0.016425
1642,-0.072988,-0.022452
1643,-0.073899,-0.028491
1644,-0.074458,-0.034556
1645,-0.074739,-0.040705
1646,-0.074620,-0.046754
1647,-0.074009,-0.052949
1648,-0.073148,-0.058973
1649,-0.071957,-0.064946
1650,-0.070431,-0.070844
1651,-0.068498,-0.076692
1652,-0.066317,-0.082394
1653,-0.063817,-0.087950
1654,-0.061004,-0.093352
1655,-0.057947,-0.098640
1656,-0.054400,-0.103738
1657,-0.050682,-0.108554
1658,-0.046704,-0.113169
1659,-0.042383,-0.117547
1660,-0.037892,-0.121729
1661,-0.033190,-0.125617
1662,-0.028278,-0.129225
1663,-0.023176,-0.132629
1664,-0.023559,-0.136040
1665,-0.024278,-0.138311
1666,-0.023992,-0.139936
1667,-0.022435,-0.141275
1668,-0.019247,-0.142528
1669,-0.014315,-0.143721
1670,-0.008620,-0.144760
1671,-0.002657,-0.145480
1672,0.003443,-0.145935
1673,0.009501,-0.145978
1674,0.015705,-0.145553
1675,0.021760,-0.144857
1676,0.025994,-0.143797
1677,0.029353,-0.142398
1678,0.034151,-0.140749
1679,0.039597,-0.138754
1680,0.045141,-0.136416
1681,0.050731,-0.133616
1682,0.056085,-0.130665
1683,0.061231,-0.127291
1684,0.066194,-0.123711
1685,0.070933,-0.119859
1686,0.075442,-0.115745
1687,0.079709,-0.111380
1688,0.083721,-0.106780
1689,0.087465,-0.101958
1690,0.089897,-0.097036
1691,0.088560,-0.092214
1692,0.089093,-0.087003
1693,0.091029,-0.081546
1694,0.092784,-0.075815
1695,0.094507,-0.069976
1696,0.096022,-0.064058
1697,0.097205,-0.057878
1698,0.098027,-0.051816
1699,0.098541,-0.045726
1700,0.098659,-0.039543
1701,0.098581,-0.033323
1702,0.098088,-0.027260
1703,0.097232,-0.021220
1704,0.096027,-0.015232
1705,0.094482,-0.009319
1706,0.092602,-0.003503
1707,0.090249,0.002293
1708,0.087692,0.007845
1709,0.084750,0.013239
1710,0.081584,0.018560
1711,0.078189,0.023698
1712,0.074478,0.028536
1713,0.070483,0.033159
1714,0.066227,0.037547
1715,0.061541,0.041763
1716,0.056763,0.045601
1717,0.051800,0.049181
1718,0.046647,0.052485
1719,0.041220,0.055467
1720,0.035689,0.058305
1721,0.030066,0.060693
1722,0.024306,0.062748
1723,0.018434,0.064471
1724,0.012473,0.065855
1725,0.006268,0.066830
1726,0.000184,0.067491
1727,-0.005932,0.067825
1728,-0.012058,0.067816
1729,-0.018251,0.067463
1730,-0.024338,0.066789
1731,-0.030371,0.065749
1732,-0.036334,0.064360
1733,-0.042208,0.062632
1734,-0.048084,0.060423
1735,-0.053712,0.058008
1736,-0.059204,0.055290
1737,-0.064535,0.052267
1738,-0.069688,0.048948
1739,-0.074774,0.045279
1740,-0.079520,0.041404
1741,-0.084030,0.037258
1742,-0.088294,0.032859
1743,-0.092328,0.028033
1744,-0.096038,0.023157
1745,-0.099481,0.018083
1746,-0.102634,0.012824
1747,-0.105485,0.007394
1748,-0.108023,0.001810
1749,-0.110291,-0.004010
1750,-0.112225,-0.009892
1751,-0.113777,-0.015828
1752,-0.114912,-0.022029
1753,-0.115740,-0.028107
1754,-0.116236,-0.034224
1755,-0.116388,-0.040360
1756,-0.116192,-0.046496
1757,-0.115648,-0.052611
1758,-0.114829,-0.058811
1759,-0.113513,-0.064869
1760,-0.111935,-0.070884
1761,-0.109853,-0.076865
1762,-0.107568,-0.082571
1763,-0.104974,-0.088146
1764,-0.102070,-0.093567
1765,-0.098863,-0.098815
1766,-0.095363,-0.103872
1767,-0.091580,-0.108723
1768,-0.087554,-0.113452
1769,-0.084647,-0.117729
1770,-0.080669,-0.121989
1771,-0.076104,-0.125829
1772,-0.071159,-0.129406
1773,-0.065964,-0.132696
1774,-0.064496,-0.137761
1775,-0.065918,-0.144136
1776,-0.066820,-0.149597
1777,-0.067170,-0.153968
1778,-0.067213,-0.157071
1779,-0.066221,-0.159075
1780,-0.064283,-0.160354
1781,-0.060515,-0.161039
1782,-0.055041,-0.161439
1783,-0.049078,-0.161411
1784,-0.042959,-0.161006
1785,-0.036823,-0.160237
1786,-0.030723,-0.159112
1787,-0.024690,-0.157637
1788,-0.018745,-0.155817
1789,-0.012909,-0.153656
1790,-0.006969,-0.150969
1791,-0.001050,-0.147999
1792,0.004526,-0.144757
1793,0.009907,-0.141164
1794,0.015126,-0.137212
1795,0.020172,-0.132898
1796,0.025030,-0.128211
1797,0.029689,-0.123136
1798,0.039026,-0.118550
1799,0.048519,-0.115181
