0,0.666409,-0.325511
1,0.666409,-0.325511
2,0.666409,-0.325511
3,0.678589,-0.324202
4,0.695285,-0.321036
5,0.711765,-0.316872
6,0.716363,-0.315682
7,0.716363,-0.315682
8,0.716363,-0.315682
9,0.718248,-0.303578
10,0.719506,-0.286631
11,0.719744,-0.269635
12,0.719015,-0.252653
13,0.717320,-0.235740
14,0.714666,-0.218951
15,0.711061,-0.202340
16,0.710027,-0.197704
17,0.710027,-0.197704
18,0.699699,-0.191117
19,0.699022,-0.188399
20,0.699631,-0.186411
21,0.700023,-0.184377
22,0.700197,-0.182302
23,0.700150,-0.180204
24,0.699880,-0.178101
25,0.699388,-0.176011
26,0.698674,-0.173953
27,0.697742,-0.171945
28,0.696595,-0.170006
29,0.695238,-0.168152
30,0.693678,-0.166403
31,0.691923,-0.164774
32,0.689982,-0.163282
33,0.687866,-0.161943
34,0.685586,-0.160772
35,0.683155,-0.159782
36,0.680587,-0.158987
37,0.677897,-0.158399
38,0.675099,-0.158029
39,0.672211,-0.157887
40,0.669250,-0.157982
41,0.666234,-0.158321
42,0.663182,-0.158910
43,0.660112,-0.159754
44,0.657044,-0.160856
45,0.653997,-0.162220
46,0.650992,-0.163844
47,0.648049,-0.165729
48,0.645188,-0.167872
49,0.642429,-0.170270
50,0.639791,-0.172917
51,0.637295,-0.175806
52,0.634959,-0.178930
53,0.632802,-0.182279
54,0.626749,-0.178762
55,0.621524,-0.170774
56,0.616286,-0.160977
57,0.609761,-0.145661
58,0.602909,-0.129751
59,0.595301,-0.114573
60,0.586947,-0.100077
61,0.577891,-0.086281
62,0.568178,-0.073208
63,0.557853,-0.060877
64,0.546964,-0.049308
65,0.535558,-0.038521
66,0.523686,-0.028533
67,0.511395,-0.019357
68,0.498737,-0.011006
69,0.485762,-0.003490
70,0.472520,0.003184
71,0.459062,0.009012
72,0.445439,0.013992
73,0.431700,0.018126
74,0.417896,0.021416
75,0.407841,0.020657
76,0.406794,0.013059
77,0.408403,0.002668
78,0.410841,-0.008652
79,0.413960,-0.020198
80,0.417376,-0.026875
81,0.421808,-0.030817
82,0.428704,-0.034832
83,0.435842,-0.036660
84,0.448846,-0.040565
85,0.463250,-0.043928
86,0.477922,-0.046553
87,0.492732,-0.048363
88,0.507625,-0.049332
89,0.514317,-0.056605
90,0.519008,-0.064403
91,0.521683,-0.072941
92,0.522177,-0.082369
93,0.518980,-0.090585
94,0.517667,-0.097804
95,0.523829,-0.103575
96,0.529124,-0.109329
97,0.530465,-0.109778
98,0.532738,-0.106626
99,0.533877,-0.101177
100,0.528719,-0.096241
101,0.519797,-0.090163
102,0.504826,-0.087193
103,0.493191,-0.076542
104,0.485431,-0.060982
105,0.481897,-0.045001
106,0.480563,-0.028056
107,0.480164,-0.023323
108,0.480164,-0.023323
109,0.480164,-0.023323
110,0.480164,-0.023323
111,0.479527,-0.022555
112,0.466728,-0.024411
113,0.448557,-0.027919
114,0.430762,-0.032278
115,0.413506,-0.037521
116,0.408477,-0.039081
117,0.401870,-0.048876
118,0.391824,-0.059479
119,0.382493,-0.069925
120,0.380215,-0.072325
121,0.380489,-0.084572
122,0.382229,-0.101476
123,0.382758,-0.106197
124,0.382758,-0.106197
125,0.383660,-0.109820
126,0.386120,-0.118182
127,0.389200,-0.126390
128,0.395018,-0.134849
129,0.404058,-0.137854
130,0.414380,-0.140666
131,0.424869,-0.143302
132,0.435809,-0.142506
133,0.447896,-0.131174
134,0.459354,-0.118621
135,0.470112,-0.105982
136,0.480179,-0.093229
137,0.489573,-0.080385
138,0.498311,-0.067472
139,0.506413,-0.054516
140,0.514649,-0.044800
141,0.524239,-0.039936
142,0.533840,-0.034843
143,0.543323,-0.029571
144,0.552687,-0.024122
145,0.561940,-0.018490
146,0.571091,-0.012670
147,0.580148,-0.006653
148,0.589115,-0.000428
149,0.598208,0.002215
150,0.608059,0.004533
151,0.618532,0.008409
152,0.629008,0.012813
153,0.639443,0.017719
154,0.649457,0.023244
155,0.659727,0.029148
156,0.669881,0.035576
157,0.679889,0.042536
158,0.690076,0.049717
159,0.699695,0.057284
160,0.708970,0.064102
161,0.717808,0.071335
162,0.726173,0.079011
163,0.734033,0.087119
164,0.741365,0.095628
165,0.748149,0.104505
166,0.754369,0.113714
167,0.760008,0.123221
168,0.765053,0.132990
169,0.769493,0.142984
170,0.773319,0.153167
171,0.776524,0.163502
172,0.779103,0.173951
173,0.781055,0.184476
174,0.782378,0.195042
175,0.783075,0.205610
176,0.783150,0.216145
177,0.782610,0.226610
178,0.781461,0.236970
179,0.779716,0.247189
180,0.777385,0.257234
181,0.774483,0.267072
182,0.771027,0.276671
183,0.767033,0.286000
184,0.762587,0.294663
185,0.759998,0.305138
186,0.757328,0.317085
187,0.753375,0.330885
188,0.749829,0.347020
189,0.747310,0.362763
190,0.742642,0.374089
191,0.734787,0.383346
192,0.725763,0.391600
193,0.716234,0.399170
194,0.706304,0.406117
195,0.696012,0.412450
196,0.685400,0.418156
197,0.674508,0.423223
198,0.663828,0.427752
199,0.655308,0.431135
200,0.648297,0.433073
201,0.641833,0.433450
202,0.635200,0.432943
203,0.628628,0.431982
204,0.623063,0.435950
205,0.616579,0.444604
206,0.608770,0.453672
207,0.599953,0.462570
208,0.590536,0.471555
209,0.585804,0.478578
210,0.584412,0.482142
211,0.584318,0.482369
212,0.583557,0.482878
213,0.583251,0.483164
214,0.583251,0.483164
215,0.583251,0.483164
216,0.583251,0.483164
217,0.583251,0.483164
218,0.583251,0.483164
219,0.572026,0.478259
220,0.557050,0.470228
221,0.542580,0.461309
222,0.525916,0.458400
223,0.512761,0.456215
224,0.501042,0.451404
225,0.489955,0.445901
226,0.479898,0.440631
227,0.470833,0.436286
228,0.461760,0.430400
229,0.450672,0.418334
230,0.439332,0.405134
231,0.427892,0.391475
232,0.416094,0.377261
233,0.406478,0.361782
234,0.398637,0.345500
235,0.390264,0.331576
236,0.377542,0.318344
237,0.363840,0.305053
238,0.349406,0.291875
239,0.334877,0.278645
240,0.320385,0.265407
241,0.305919,0.252275
242,0.291412,0.239431
243,0.276785,0.227121
244,0.262122,0.215733
245,0.247625,0.204434
246,0.233822,0.192304
247,0.220957,0.179175
248,0.210553,0.166805
249,0.207627,0.156411
250,0.208701,0.144807
251,0.213248,0.132358
252,0.220993,0.119681
253,0.231428,0.107515
254,0.243742,0.096211
255,0.256927,0.085710
256,0.270599,0.075916
257,0.285144,0.067155
258,0.298857,0.058102
259,0.313116,0.049620
260,0.323138,0.042731
261,0.333898,0.036103
262,0.348191,0.030258
263,0.359939,0.024815
264,0.367505,0.020108
265,0.368290,0.019503
266,0.368786,0.019149
267,0.368848,0.019117
268,0.370434,0.020658
269,0.373348,0.023631
270,0.375252,0.028318
271,0.375775,0.036064
272,0.374261,0.044216
273,0.370876,0.053682
274,0.366772,0.065768
275,0.366718,0.080455
276,0.366225,0.094794
277,0.365026,0.108886
278,0.363120,0.122753
279,0.360539,0.136363
280,0.357327,0.149668
281,0.353536,0.162614
282,0.349223,0.175144
283,0.344457,0.187197
284,0.339317,0.198711
285,0.333891,0.209611
286,0.328279,0.219817
287,0.327148,0.222738
288,0.328514,0.222816
289,0.334074,0.217994
290,0.336987,0.208125
291,0.341629,0.205667
292,0.343857,0.204912
293,0.343924,0.204883
294,0.348420,0.193488
295,0.355904,0.178231
296,0.364294,0.163449
297,0.373512,0.149167
298,0.383527,0.135434
299,0.394307,0.122292
300,0.405817,0.109785
301,0.418021,0.097953
302,0.430877,0.086835
303,0.444346,0.076466
304,0.458383,0.066880
305,0.472942,0.058108
306,0.487977,0.050179
307,0.503438,0.043119
308,0.519277,0.036949
309,0.535440,0.031690
310,0.540344,0.030384
311,0.540793,0.030261
312,0.541484,0.030085
313,0.542271,0.029939
314,0.547163,0.029221
315,0.553526,0.028325
316,0.560493,0.027560
317,0.567316,0.027065
318,0.572165,0.027015
319,0.574738,0.027215
320,0.576258,0.027461
321,0.579089,0.028909
322,0.583063,0.031401
323,0.586582,0.033965
324,0.591048,0.037110
325,0.593889,0.039036
326,0.599474,0.035302
327,0.602890,0.032431
328,0.600463,0.029963
329,0.594178,0.027510
330,0.587782,0.026607
331,0.582292,0.026476
332,0.577400,0.026420
333,0.573206,0.026387
334,0.572896,0.025968
335,0.569572,0.026640
336,0.564194,0.028659
337,0.566401,0.036170
338,0.565980,0.045237
339,0.568094,0.051978
340,0.571553,0.059992
341,0.574032,0.068913
342,0.575428,0.076488
343,0.576366,0.083669
344,0.576912,0.090772
345,0.577052,0.097818
346,0.576798,0.104859
347,0.576137,0.111861
348,0.575088,0.118808
349,0.573646,0.125686
350,0.571822,0.132474
351,0.569607,0.139135
352,0.567033,0.145670
353,0.564080,0.152052
354,0.558585,0.154827
355,0.553922,0.159333
356,0.548206,0.161488
357,0.541081,0.160413
358,0.533549,0.158024
359,0.525771,0.154324
360,0.517723,0.149195
361,0.509270,0.142521
362,0.503934,0.133042
363,0.496380,0.121623
364,0.490565,0.112332
365,0.488319,0.108483
366,0.487787,0.101710
367,0.486998,0.094224
368,0.484482,0.084127
369,0.479723,0.071809
370,0.474673,0.061085
371,0.470421,0.054138
372,0.467893,0.047584
373,0.461485,0.039023
374,0.456228,0.031873
375,0.452385,0.025970
376,0.449762,0.022918
377,0.447229,0.023483
378,0.442878,0.026761
379,0.436885,0.030488
380,0.430256,0.034934
381,0.425020,0.042057
382,0.421267,0.051379
383,0.417581,0.061030
384,0.413556,0.070607
385,0.409058,0.079990
386,0.405441,0.083944
387,0.401037,0.084193
388,0.396251,0.082625
389,0.389861,0.081184
390,0.382502,0.078031
391,0.373140,0.075144
392,0.362949,0.072079
393,0.353471,0.068658
394,0.344269,0.063649
395,0.332937,0.056367
396,0.326066,0.050295
397,0.320413,0.044174
398,0.309675,0.039901
399,0.295678,0.035688
400,0.281938,0.029270
401,0.267372,0.022405
402,0.250571,0.016292
403,0.233823,0.009847
404,0.220056,0.005175
405,0.214138,0.001053
406,0.211229,-0.004190
407,0.207434,-0.014894
408,0.205390,-0.026502
409,0.203713,-0.036240
410,0.203277,-0.044160
411,0.204110,-0.050957
412,0.202637,-0.055240
413,0.198378,-0.056780
414,0.195315,-0.056620
415,0.190593,-0.056786
416,0.181335,-0.061048
417,0.172087,-0.067598
418,0.163253,-0.075091
419,0.154825,-0.083107
420,0.146752,-0.091462
421,0.138884,-0.100075
422,0.131325,-0.108891
423,0.128384,-0.117622
424,0.129232,-0.125013
425,0.129409,-0.133001
426,0.130072,-0.140966
427,0.131170,-0.150487
428,0.133270,-0.163338
429,0.136672,-0.178331
430,0.141052,-0.194883
431,0.146443,-0.212568
432,0.152800,-0.230476
433,0.160117,-0.248061
434,0.168179,-0.263530
435,0.177110,-0.279393
436,0.183385,-0.283728
437,0.190215,-0.282832
438,0.197181,-0.281487
439,0.203856,-0.279983
440,0.210089,-0.278452
441,0.215734,-0.276964
442,0.220610,-0.275586
443,0.224477,-0.274375
444,0.225115,-0.274540
445,0.225127,-0.274559
446,0.225127,-0.274559
447,0.225127,-0.274559
448,0.225255,-0.275058
449,0.225265,-0.275105
450,0.225265,-0.275105
451,0.225265,-0.275105
452,0.225265,-0.275105
453,0.225265,-0.275105
454,0.236244,-0.280540
455,0.252029,-0.286833
456,0.268168,-0.292168
457,0.284584,-0.296575
458,0.301224,-0.300042
459,0.318035,-0.302556
460,0.334961,-0.304110
461,0.351949,-0.304698
462,0.368942,-0.304318
463,0.385886,-0.302973
464,0.396707,-0.303790
465,0.399401,-0.308510
466,0.403562,-0.311598
467,0.408461,-0.313316
468,0.413673,-0.314099
469,0.418997,-0.314235
470,0.424406,-0.313835
471,0.429718,-0.313102
472,0.434979,-0.312034
473,0.440244,-0.310605
474,0.445347,-0.308909
475,0.450340,-0.306933
476,0.455199,-0.304638
477,0.459993,-0.302048
478,0.464574,-0.299245
479,0.468989,-0.296194
480,0.473202,-0.292869
481,0.477284,-0.289276
482,0.481114,-0.285514
483,0.484724,-0.281552
484,0.488105,-0.277394
485,0.491241,-0.272939
486,0.494116,-0.268419
487,0.496738,-0.263749
488,0.499092,-0.258941
489,0.501179,-0.253921
490,0.502930,-0.248860
491,0.504429,-0.243727
492,0.505656,-0.238475
493,0.506545,-0.233098
494,0.507139,-0.227777
495,0.507419,-0.222398
496,0.507393,-0.217027
497,0.507063,-0.211618
498,0.506820,-0.205467
499,0.507699,-0.199410
500,0.508618,-0.193746
501,0.509244,-0.188301
502,0.509655,-0.183167
503,0.509771,-0.178320
504,0.509566,-0.173781
505,0.509597,-0.173288
506,0.507376,-0.173837
507,0.501661,-0.175001
508,0.493851,-0.176768
509,0.484089,-0.178945
510,0.472586,-0.181564
511,0.469829,-0.182136
512,0.458667,-0.186412
513,0.443191,-0.193432
514,0.428162,-0.201372
515,0.423975,-0.203615
516,0.423975,-0.203615
517,0.424362,-0.203288
518,0.424392,-0.203263
519,0.424392,-0.203263
520,0.424392,-0.203263
521,0.424392,-0.203263
522,0.424392,-0.203263
523,0.424392,-0.203263
524,0.424392,-0.203263
525,0.429172,-0.191985
526,0.434529,-0.175857
527,0.438907,-0.159433
528,0.442343,-0.142786
529,0.445883,-0.127970
530,0.447409,-0.126641
531,0.447409,-0.126641
532,0.448751,-0.122667
533,0.448623,-0.114955
534,0.445456,-0.106213
535,0.440923,-0.097451
536,0.435807,-0.089037
537,0.430143,-0.081013
538,0.424125,-0.073447
539,0.417640,-0.066339
540,0.410903,-0.059745
541,0.403794,-0.053665
542,0.396387,-0.048124
543,0.388718,-0.043144
544,0.380794,-0.038748
545,0.372627,-0.034959
546,0.364526,-0.031758
547,0.356121,-0.029221
548,0.354602,-0.028806
549,0.354602,-0.028806
550,0.348570,-0.036556
551,0.344622,-0.041184
552,0.340117,-0.047572
553,0.334494,-0.056028
554,0.327309,-0.066711
555,0.319265,-0.080547
556,0.311713,-0.095753
557,0.305032,-0.111382
558,0.299252,-0.127364
559,0.294389,-0.143651
560,0.290461,-0.160188
561,0.287480,-0.176922
562,0.285455,-0.193799
563,0.282871,-0.201237
564,0.282453,-0.201829
565,0.282453,-0.201829
566,0.282408,-0.201600
567,0.282408,-0.201600
568,0.282408,-0.201600
569,0.282408,-0.201600
570,0.282408,-0.201600
571,0.282408,-0.201600
572,0.282408,-0.201600
573,0.279474,-0.189707
574,0.274093,-0.173587
575,0.267752,-0.157817
576,0.265955,-0.153420
577,0.257234,-0.144817
578,0.244219,-0.133891
579,0.230567,-0.123764
580,0.226736,-0.120956
581,0.226736,-0.120956
582,0.226736,-0.120956
583,0.226736,-0.120956
584,0.219219,-0.130629
585,0.209901,-0.144841
586,0.200264,-0.153874
587,0.189943,-0.158951
588,0.180252,-0.165170
589,0.170959,-0.172086
590,0.162061,-0.179591
591,0.153620,-0.187550
592,0.145652,-0.195988
593,0.138179,-0.204868
594,0.131223,-0.214160
595,0.124806,-0.223832
596,0.118949,-0.233855
597,0.113670,-0.244194
598,0.108968,-0.254849
599,0.104891,-0.265715
600,0.101443,-0.276799
601,0.098632,-0.288062
602,0.096466,-0.299466
603,0.094951,-0.310976
604,0.094092,-0.322554
605,0.093968,-0.334185
606,0.094385,-0.345806
607,0.095506,-0.357343
608,0.097285,-0.368808
609,0.099713,-0.380157
610,0.102783,-0.391350
611,0.106484,-0.402352
612,0.110804,-0.413126
613,0.115755,-0.423673
614,0.121278,-0.433881
615,0.127370,-0.443764
616,0.134013,-0.453287
617,0.141186,-0.462419
618,0.148867,-0.471128
619,0.157057,-0.479448
620,0.165668,-0.487184
621,0.174724,-0.494445
622,0.184183,-0.501188
623,0.194012,-0.507386
624,0.204177,-0.513015
625,0.214646,-0.518059
626,0.225417,-0.522512
627,0.236387,-0.526342
628,0.247559,-0.529537
629,0.258895,-0.532090
630,0.270359,-0.533995
631,0.281913,-0.535245
632,0.293520,-0.535837
633,0.305180,-0.535765
634,0.316777,-0.535046
635,0.328367,-0.533267
636,0.339797,-0.531184
637,0.351094,-0.528486
638,0.362275,-0.525145
639,0.373177,-0.521178
640,0.383838,-0.516558
641,0.394236,-0.511421
642,0.404322,-0.505676
643,0.414064,-0.499362
644,0.423432,-0.492503
645,0.432422,-0.485086
646,0.440938,-0.477200
647,0.449002,-0.468845
648,0.456581,-0.460044
649,0.463649,-0.450827
650,0.470182,-0.441223
651,0.476192,-0.431219
652,0.481571,-0.420936
653,0.486370,-0.410360
654,0.490566,-0.399525
655,0.494141,-0.388469
656,0.497082,-0.377228
657,0.499380,-0.365836
658,0.500656,-0.354121
659,0.501581,-0.342575
660,0.501871,-0.330929
661,0.501541,-0.319323
662,0.500540,-0.307751
663,0.498880,-0.296253
664,0.496569,-0.284868
665,0.493615,-0.273631
666,0.490026,-0.262580
667,0.485816,-0.251751
668,0.480980,-0.241144
669,0.475577,-0.230860
670,0.469591,-0.220902
671,0.463048,-0.211301
672,0.455968,-0.202087
673,0.448376,-0.193290
674,0.440296,-0.184940
675,0.431718,-0.177090
676,0.422776,-0.169698
677,0.413406,-0.162839
678,0.403656,-0.156528
679,0.393519,-0.150773
680,0.382865,-0.145896
681,0.372139,-0.141403
682,0.361207,-0.137477
683,0.350077,-0.134165
684,0.338779,-0.131488
685,0.327346,-0.129455
686,0.315772,-0.128078
687,0.304183,-0.127364
688,0.292570,-0.127306
689,0.280970,-0.127908
690,0.269422,-0.129167
691,0.257964,-0.131080
692,0.246569,-0.133632
693,0.235445,-0.136850
694,0.224489,-0.140696
695,0.213729,-0.145186
696,0.203265,-0.150234
697,0.193108,-0.155881
698,0.183289,-0.162098
699,0.173839,-0.168865
700,0.164789,-0.176158
701,0.156342,-0.184296
702,0.148215,-0.192623
703,0.140527,-0.201384
704,0.133355,-0.210521
705,0.126718,-0.220053
706,0.120634,-0.229948
707,0.115122,-0.240173
708,0.110199,-0.250695
709,0.105882,-0.261481
710,0.102228,-0.272514
711,0.099118,-0.283746
712,0.096713,-0.295090
713,0.094950,-0.306564
714,0.093840,-0.318124
715,0.093387,-0.329729
716,0.093594,-0.341342
717,0.094460,-0.352925
718,0.095971,-0.364492
719,0.098166,-0.375868
720,0.101002,-0.387128
721,0.104473,-0.398217
722,0.108977,-0.409048
723,0.113724,-0.419660
724,0.119035,-0.429993
725,0.124916,-0.440010
726,0.131354,-0.449679
727,0.138332,-0.458966
728,0.145826,-0.467843
729,0.153813,-0.476280
730,0.162305,-0.484267
731,0.171182,-0.491754
732,0.180480,-0.498716
733,0.190163,-0.505135
734,0.200195,-0.510995
735,0.210545,-0.516273
736,0.221178,-0.520956
737,0.232121,-0.525081
738,0.243215,-0.528488
739,0.254480,-0.531285
740,0.265898,-0.533436
741,0.277423,-0.534935
742,0.289016,-0.535776
743,0.300747,-0.535536
744,0.312357,-0.535031
745,0.323956,-0.533876
746,0.335432,-0.532096
747,0.346788,-0.529657
748,0.357987,-0.526575
749,0.368994,-0.522860
750,0.379772,-0.518526
751,0.390287,-0.513587
752,0.400505,-0.508057
753,0.410377,-0.501927
754,0.419900,-0.495297
755,0.429026,-0.488121
756,0.437763,-0.480398
757,0.445997,-0.472221
758,0.453764,-0.463589
759,0.461032,-0.454529
760,0.467775,-0.445071
761,0.473970,-0.435244
762,0.479598,-0.425081
763,0.484345,-0.414313
764,0.488721,-0.403547
765,0.492520,-0.392573
766,0.495701,-0.381404
767,0.498246,-0.370073
768,0.500144,-0.358615
769,0.501425,-0.346996
770,0.501977,-0.335446
771,0.501882,-0.323841
772,0.501133,-0.312249
773,0.499713,-0.300676
774,0.497668,-0.289242
775,0.494966,-0.277942
776,0.491624,-0.266813
777,0.487653,-0.255893
778,0.483069,-0.245214
779,0.477885,-0.234814
780,0.472118,-0.224724
781,0.465760,-0.214994
782,0.458909,-0.205624
783,0.451520,-0.196664
784,0.443261,-0.188339
785,0.434871,-0.180304
786,0.426061,-0.172742
787,0.416840,-0.165687
788,0.407191,-0.159130
789,0.397232,-0.153189
790,0.386946,-0.147807
791,0.376369,-0.143014
792,0.365536,-0.138829
793,0.354483,-0.135265
794,0.343245,-0.132335
795,0.331818,-0.130026
796,0.320341,-0.128417
797,0.308769,-0.127454
798,0.297155,-0.127146
799,0.285539,-0.127499
800,0.273962,-0.128510
801,0.262422,-0.130195
802,0.251035,-0.132496
803,0.239797,-0.135454
804,0.228746,-0.139049
805,0.217975,-0.143698
806,0.207417,-0.148547
807,0.197145,-0.153969
808,0.187195,-0.159962
809,0.177573,-0.166533
810,0.168365,-0.173606
811,0.159575,-0.181198
812,0.151232,-0.189277
813,0.143361,-0.197819
814,0.135921,-0.206833
815,0.129124,-0.216192
816,0.122824,-0.225984
817,0.117086,-0.236082
818,0.111935,-0.246496
819,0.107386,-0.257188
820,0.103451,-0.268122
821,0.100144,-0.279262
822,0.097476,-0.290573
823,0.095465,-0.302062
824,0.094076,-0.313595
825,0.093724,-0.325314
826,0.093739,-0.336946
827,0.094367,-0.348547
828,0.095642,-0.360092
829,0.097567,-0.371546
830,0.100139,-0.382872
831,0.103411,-0.394030
832,0.107207,-0.404984
833,0.111674,-0.415749
834,0.116741,-0.426183
835,0.122391,-0.436324
836,0.128608,-0.446130
837,0.135372,-0.455569
838,0.142662,-0.464608
839,0.150454,-0.473220
840,0.158762,-0.481394
841,0.167485,-0.489056
842,0.176631,-0.496216
843,0.186169,-0.502848
844,0.196068,-0.508927
845,0.206298,-0.514435
846,0.217140,-0.519086
847,0.227910,-0.523310
848,0.238923,-0.526965
849,0.250131,-0.530003
850,0.261496,-0.532404
851,0.272980,-0.534156
852,0.284582,-0.535256
853,0.296188,-0.535702
854,0.307801,-0.535481
855,0.319384,-0.534599
856,0.330898,-0.533060
857,0.342307,-0.530869
858,0.353574,-0.528034
859,0.364662,-0.524562
860,0.375570,-0.520454
861,0.386193,-0.515754
862,0.396529,-0.510453
863,0.406549,-0.504572
864,0.416218,-0.498129
865,0.425506,-0.491148
866,0.434382,-0.483650
867,0.442838,-0.475587
868,0.450792,-0.467159
869,0.458011,-0.457929
870,0.464930,-0.448599
871,0.471327,-0.438912
872,0.477170,-0.428881
873,0.482435,-0.418535
874,0.487116,-0.407861
875,0.491160,-0.396985
876,0.494588,-0.385892
877,0.497383,-0.374622
878,0.499533,-0.363210
879,0.501031,-0.351694
880,0.501916,-0.340017
881,0.502064,-0.328469
882,0.501565,-0.316879
883,0.500412,-0.305321
884,0.498606,-0.293843
885,0.496151,-0.282485
886,0.493054,-0.271283
887,0.489295,-0.260242
888,0.484969,-0.249462
889,0.480022,-0.238949
890,0.474061,-0.228846
891,0.467928,-0.218980
892,0.461261,-0.209469
893,0.454068,-0.200349
894,0.446370,-0.191653
895,0.438131,-0.183442
896,0.429544,-0.175657
897,0.420496,-0.168393
898,0.411041,-0.161659
899,0.401174,-0.155437
900,0.391014,-0.149844
901,0.380548,-0.144823
902,0.369811,-0.140400
903,0.358840,-0.136593
904,0.347670,-0.133415
905,0.336337,-0.130877
906,0.324831,-0.128986
907,0.313286,-0.127764
908,0.301685,-0.127192
909,0.290068,-0.127279
910,0.278400,-0.128414
911,0.266877,-0.129860
912,0.255355,-0.131908
913,0.244130,-0.134633
914,0.233027,-0.137991
915,0.222119,-0.141973
916,0.211416,-0.146584
917,0.201025,-0.151770
918,0.190947,-0.157544
919,0.181213,-0.163883
920,0.171855,-0.170765
921,0.162903,-0.178168
922,0.154385,-0.186069
923,0.146330,-0.194441
924,0.138741,-0.203286
925,0.131683,-0.212512
926,0.125165,-0.222127
927,0.119205,-0.232100
928,0.113822,-0.242394
929,0.109031,-0.252979
930,0.104850,-0.263820
931,0.101317,-0.274964
932,0.098384,-0.286170
933,0.096470,-0.297729
934,0.094896,-0.309239
935,0.093944,-0.320810
936,0.093641,-0.332414
937,0.093995,-0.344017
938,0.095024,-0.355623
939,0.096702,-0.367106
940,0.099026,-0.378480
941,0.101991,-0.389707
942,0.105588,-0.400749
943,0.109808,-0.411568
944,0.114640,-0.422213
945,0.120065,-0.432425
946,0.126072,-0.442354
947,0.132637,-0.451937
948,0.139737,-0.461134
949,0.147347,-0.469916
950,0.155445,-0.478251
951,0.164004,-0.486113
952,0.173025,-0.493499
953,0.182414,-0.500343
954,0.192488,-0.506353
955,0.202617,-0.512049
956,0.213036,-0.517183
957,0.223726,-0.521722
958,0.234656,-0.525651
959,0.245791,-0.528950
960,0.257107,-0.531576
961,0.268527,-0.533610
962,0.280053,-0.534975
963,0.291692,-0.535684
964,0.303292,-0.535709
965,0.314883,-0.535083
966,0.326423,-0.533803
967,0.337874,-0.531869
968,0.349196,-0.529288
969,0.360355,-0.526068
970,0.371349,-0.522193
971,0.382062,-0.517718
972,0.392511,-0.512645
973,0.402657,-0.506987
974,0.412466,-0.500761
975,0.421762,-0.493587
976,0.430819,-0.486243
977,0.439403,-0.478436
978,0.447545,-0.470158
979,0.455205,-0.461431
980,0.462316,-0.452227
981,0.468961,-0.442733
982,0.475032,-0.432846
983,0.480533,-0.422579
984,0.485424,-0.412056
985,0.489716,-0.401270
986,0.493389,-0.390256
987,0.496431,-0.379050
988,0.498831,-0.367690
989,0.500589,-0.356160
990,0.501669,-0.344607
991,0.502099,-0.333004
992,0.501871,-0.321391
993,0.500986,-0.309809
994,0.499443,-0.298296
995,0.497249,-0.286888
996,0.494408,-0.275593
997,0.490919,-0.264530
998,0.486374,-0.253721
999,0.481629,-0.243116
1000,0.476307,-0.232792
1001,0.470392,-0.222753
1002,0.463948,-0.213092
1003,0.456960,-0.203816
1004,0.449454,-0.194953
1005,0.441456,-0.186531
1006,0.432991,-0.178577
1007,0.424088,-0.171115
1008,0.414715,-0.164224
1009,0.405074,-0.157792
1010,0.395049,-0.151946
1011,0.384699,-0.146687
1012,0.374066,-0.142026
1013,0.363183,-0.137976
1014,0.352088,-0.134552
1015,0.340764,-0.131747
1016,0.329358,-0.129623
1017,0.317841,-0.128139
1018,0.306127,-0.127682
1019,0.294505,-0.127568
1020,0.282904,-0.128072
1021,0.271351,-0.129223
1022,0.259847,-0.131022
1023,0.248525,-0.133491
1024,0.237341,-0.136598
1025,0.226345,-0.140335
1026,0.215577,-0.144690
1027,0.205074,-0.149650
1028,0.194868,-0.155199
1029,0.184964,-0.161341
1030,0.175451,-0.168004
1031,0.166335,-0.175202
1032,0.157643,-0.182909
1033,0.149404,-0.191098
1034,0.141643,-0.199742
1035,0.134385,-0.208814
1036,0.127644,-0.218331
1037,0.121447,-0.228150
1038,0.115829,-0.238317
1039,0.111122,-0.249049
1040,0.106734,-0.259799
1041,0.102921,-0.270820
1042,0.099772,-0.281984
1043,0.097249,-0.293316
1044,0.095434,-0.304801
1045,0.094166,-0.316319
1046,0.093590,-0.327907
1047,0.093683,-0.339511
1048,0.094453,-0.351134
1049,0.095874,-0.362651
1050,0.097944,-0.374073
1051,0.100658,-0.385360
1052,0.104009,-0.396477
1053,0.107986,-0.407385
1054,0.112597,-0.418098
1055,0.117797,-0.428471
1056,0.123574,-0.438544
1057,0.129914,-0.448274
1058,0.136796,-0.457631
1059,0.144200,-0.466581
1060,0.152100,-0.475097
1061,0.160488,-0.483176
1062,0.169659,-0.490457
1063,0.178912,-0.497474
1064,0.188537,-0.503972
1065,0.198546,-0.509936
1066,0.208838,-0.515312
1067,0.219423,-0.520090
1068,0.230263,-0.524257
1069,0.241322,-0.527801
1070,0.252566,-0.530712
1071,0.263958,-0.532979
1072,0.275502,-0.534590
1073,0.287071,-0.535568
1074,0.298681,-0.535872
1075,0.310290,-0.535513
1076,0.321860,-0.534494
1077,0.333354,-0.532819
1078,0.344735,-0.530493
1079,0.355966,-0.527524
1080,0.367061,-0.523858
1081,0.377857,-0.519653
1082,0.388345,-0.514445
1083,0.398589,-0.508955
1084,0.408517,-0.502938
1085,0.418092,-0.496379
1086,0.427282,-0.489290
1087,0.436101,-0.481671
1088,0.444387,-0.473587
1089,0.452224,-0.465032
1090,0.459570,-0.456041
1091,0.466395,-0.446647
1092,0.472676,-0.436879
1093,0.478393,-0.426769
1094,0.483527,-0.416351
1095,0.488060,-0.405658
1096,0.491979,-0.394723
1097,0.495270,-0.383583
1098,0.497923,-0.372274
1099,0.499930,-0.360831
1100,0.501268,-0.349247
1101,0.501985,-0.337659
1102,0.502026,-0.326044
1103,0.501016,-0.314368
1104,0.499691,-0.302833
1105,0.497741,-0.291389
1106,0.495139,-0.280025
1107,0.491903,-0.268883
1108,0.488003,-0.257907
1109,0.483559,-0.247182
1110,0.478490,-0.236739
1111,0.472831,-0.226601
1112,0.466604,-0.216801
1113,0.459820,-0.207339
1114,0.452513,-0.198336
1115,0.444700,-0.189747
1116,0.436409,-0.181611
1117,0.427640,-0.173935
1118,0.418486,-0.166785
1119,0.408936,-0.160172
1120,0.399025,-0.154112
1121,0.388784,-0.148626
1122,0.378248,-0.143730
1123,0.367450,-0.139441
1124,0.356383,-0.135772
1125,0.345177,-0.132720
1126,0.333636,-0.130685
1127,0.322150,-0.128979
1128,0.310590,-0.127902
1129,0.298987,-0.127477
1130,0.287379,-0.127711
1131,0.275748,-0.128601
1132,0.264251,-0.130217
1133,0.252865,-0.132387
1134,0.241616,-0.135228
1135,0.230544,-0.138710
1136,0.219687,-0.142817
1137,0.209081,-0.147535
1138,0.198728,-0.152879
1139,0.188733,-0.158777
1140,0.179083,-0.165232
1141,0.169814,-0.172226
1142,0.160956,-0.179734
1143,0.152538,-0.187734
1144,0.144554,-0.196237
1145,0.137112,-0.205145
1146,0.130180,-0.214463
1147,0.123785,-0.224159
1148,0.117950,-0.234205
1149,0.113019,-0.244833
1150,0.108387,-0.255480
1151,0.104332,-0.266390
1152,0.100959,-0.277524
1153,0.098168,-0.288788
1154,0.096040,-0.300201
1155,0.094568,-0.311720
1156,0.093754,-0.323305
1157,0.093600,-0.334919
1158,0.094106,-0.346522
1159,0.095271,-0.358079
1160,0.097090,-0.369552
1161,0.099569,-0.380941
1162,0.102669,-0.392133
1163,0.106408,-0.403130
1164,0.110767,-0.413896
1165,0.115731,-0.424398
1166,0.121284,-0.434601
1167,0.127409,-0.444473
1168,0.134159,-0.453952
1169,0.141335,-0.463124
1170,0.149036,-0.471793
1171,0.157227,-0.480018
1172,0.166254,-0.487541
1173,0.175343,-0.494768
1174,0.184814,-0.501478
1175,0.194649,-0.507643
1176,0.204861,-0.513250
1177,0.215333,-0.518249
1178,0.226075,-0.522652
1179,0.237050,-0.526439
1180,0.248223,-0.529597
1181,0.259557,-0.532113
1182,0.271078,-0.534021
1183,0.282588,-0.535204
1184,0.294180,-0.535743
1185,0.305795,-0.535626
1186,0.317386,-0.534850
1187,0.328917,-0.533417
1188,0.340348,-0.531332
1189,0.351680,-0.528592
1190,0.362801,-0.525233
1191,0.373712,-0.521240
1192,0.384319,-0.516242
1193,0.394687,-0.510979
1194,0.404750,-0.505178
1195,0.414471,-0.498825
1196,0.423840,-0.491888
1197,0.432790,-0.484499
1198,0.441295,-0.476596
1199,0.449336,-0.468219
1200,0.456887,-0.459397
1201,0.463985,-0.450124
1202,0.470439,-0.440520
1203,0.476364,-0.430541
1204,0.481719,-0.420233
1205,0.486500,-0.409603
1206,0.490661,-0.398759
1207,0.494193,-0.387692
1208,0.497090,-0.376441
1209,0.499343,-0.365043
1210,0.500944,-0.353535
1211,0.501888,-0.341954
1212,0.502174,-0.330337
1213,0.501396,-0.318593
1214,0.500330,-0.307023
1215,0.498631,-0.295536
1216,0.496287,-0.284163
1217,0.493303,-0.272941
1218,0.489686,-0.261907
1219,0.485449,-0.251095
1220,0.480599,-0.240483
1221,0.475135,-0.230232
1222,0.469119,-0.220309
1223,0.462541,-0.210738
1224,0.455429,-0.201554
1225,0.447805,-0.192789
1226,0.439695,-0.184470
1227,0.431125,-0.176625
1228,0.422123,-0.169279
1229,0.412683,-0.162437
1230,0.402915,-0.156151
1231,0.392800,-0.150440
1232,0.382374,-0.145313
1233,0.371673,-0.140787
1234,0.360485,-0.137223
1235,0.349339,-0.133962
1236,0.338031,-0.131327
1237,0.326553,-0.129333
1238,0.315022,-0.127984
1239,0.303387,-0.127281
1240,0.291806,-0.127284
1241,0.280218,-0.127940
1242,0.268678,-0.129250
1243,0.257229,-0.131213
1244,0.245909,-0.133823
1245,0.234719,-0.137082
1246,0.223768,-0.140951
1247,0.213056,-0.145443
1248,0.202617,-0.150538
1249,0.192483,-0.156218
1250,0.182688,-0.162466
1251,0.173264,-0.169260
1252,0.164240,-0.176579
1253,0.155621,-0.184429
1254,0.147477,-0.192712
1255,0.139826,-0.201453
1256,0.132685,-0.210618
1257,0.126363,-0.220482
1258,0.120313,-0.230449
1259,0.114856,-0.240691
1260,0.109976,-0.251227
1261,0.105736,-0.262042
1262,0.102062,-0.273041
1263,0.099036,-0.284244
1264,0.096633,-0.295659
1265,0.094921,-0.307130
1266,0.093857,-0.318686
1267,0.093447,-0.330288
1268,0.093696,-0.341896
1269,0.094604,-0.353471
1270,0.096168,-0.364977
1271,0.098401,-0.376416
1272,0.101271,-0.387665
1273,0.104771,-0.398738
1274,0.108893,-0.409597
1275,0.113626,-0.420205
1276,0.118955,-0.430528
1277,0.124876,-0.440628
1278,0.131336,-0.450206
1279,0.138350,-0.459454
1280,0.146289,-0.468126
1281,0.154369,-0.476537
1282,0.162839,-0.484478
1283,0.171756,-0.491917
1284,0.181084,-0.498837
1285,0.190790,-0.505215
1286,0.200844,-0.511031
1287,0.211213,-0.516267
1288,0.221863,-0.520905
1289,0.232809,-0.524920
1290,0.243903,-0.528346
1291,0.255182,-0.531116
1292,0.266603,-0.533235
1293,0.278126,-0.534700
1294,0.289714,-0.535508
1295,0.301330,-0.535656
1296,0.312989,-0.535162
1297,0.324514,-0.533968
1298,0.336017,-0.532111
1299,0.347367,-0.529635
1300,0.358553,-0.526115
1301,0.369538,-0.522298
1302,0.380292,-0.517906
1303,0.390783,-0.512920
1304,0.400975,-0.507349
1305,0.410834,-0.501208
1306,0.420357,-0.494486
1307,0.429464,-0.487281
1308,0.438139,-0.479560
1309,0.446360,-0.471356
1310,0.454101,-0.462696
1311,0.461338,-0.453610
1312,0.468048,-0.444128
1313,0.474208,-0.434278
1314,0.479752,-0.424056
1315,0.484800,-0.413563
1316,0.489189,-0.402824
1317,0.492962,-0.391844
1318,0.496105,-0.380665
1319,0.498607,-0.369324
1320,0.500463,-0.357858
1321,0.501297,-0.346110
1322,0.501784,-0.334529
1323,0.501648,-0.322925
1324,0.500862,-0.311343
1325,0.499421,-0.299824
1326,0.497331,-0.288403
1327,0.494594,-0.277120
1328,0.491218,-0.265974
1329,0.487204,-0.255101
1330,0.482577,-0.244453
1331,0.477352,-0.234080
1332,0.471545,-0.224018
1333,0.465176,-0.214301
1334,0.458216,-0.204946
1335,0.450811,-0.195998
1336,0.442892,-0.187501
1337,0.434498,-0.179470
1338,0.425660,-0.171930
1339,0.416407,-0.164904
1340,0.406769,-0.158414
1341,0.396777,-0.152483
1342,0.386464,-0.147129
1343,0.375834,-0.142413
1344,0.364771,-0.138581
1345,0.353698,-0.135088
1346,0.342454,-0.132210
1347,0.331016,-0.129962
1348,0.319523,-0.128384
1349,0.307954,-0.127456
1350,0.296348,-0.127184
1351,0.284745,-0.127571
1352,0.273182,-0.128618
1353,0.261635,-0.130315
1354,0.250279,-0.132681
1355,0.239064,-0.135682
1356,0.228033,-0.139313
1357,0.217225,-0.143565
1358,0.206675,-0.148423
1359,0.196418,-0.153874
1360,0.186442,-0.159910
1361,0.176908,-0.166495
1362,0.167738,-0.173619
1363,0.158980,-0.181256
1364,0.150642,-0.189406
1365,0.143046,-0.198340
1366,0.135731,-0.207363
1367,0.128928,-0.216776
1368,0.122668,-0.226557
1369,0.116971,-0.236677
1370,0.111859,-0.247106
1371,0.107347,-0.257808
1372,0.103448,-0.268794
1373,0.100166,-0.279928
1374,0.097531,-0.291238
1375,0.095547,-0.302680
1376,0.094216,-0.314218
1377,0.093544,-0.325813
1378,0.093532,-0.337428
1379,0.094162,-0.349078
1380,0.095525,-0.360624
1381,0.097472,-0.372068
1382,0.100088,-0.383385
1383,0.103348,-0.394537
1384,0.107238,-0.405486
1385,0.112143,-0.416139
1386,0.117298,-0.426559
1387,0.123000,-0.436680
1388,0.129258,-0.446464
1389,0.136089,-0.455906
1390,0.143402,-0.464924
1391,0.151223,-0.473508
1392,0.159521,-0.481631
1393,0.168268,-0.489270
1394,0.177436,-0.496399
1395,0.186995,-0.502996
1396,0.196913,-0.509040
1397,0.207191,-0.514469
1398,0.217746,-0.519390
1399,0.228535,-0.523650
1400,0.239558,-0.527291
1401,0.250772,-0.530302
1402,0.262140,-0.532670
1403,0.273625,-0.534389
1404,0.285252,-0.535473
1405,0.296843,-0.535863
1406,0.308532,-0.535190
1407,0.320101,-0.534245
1408,0.331600,-0.532662
1409,0.342993,-0.530434
1410,0.354242,-0.527563
1411,0.365352,-0.524038
1412,0.376196,-0.519904
1413,0.386794,-0.515164
1414,0.397107,-0.509829
1415,0.407102,-0.503916
1416,0.416745,-0.497445
1417,0.426086,-0.490369
1418,0.434895,-0.482875
1419,0.443282,-0.474856
1420,0.451206,-0.466364
1421,0.458637,-0.457434
1422,0.465549,-0.448096
1423,0.471919,-0.438379
1424,0.477728,-0.428315
1425,0.482956,-0.417937
1426,0.487596,-0.407241
1427,0.491622,-0.396344
1428,0.495014,-0.385232
1429,0.497379,-0.373745
1430,0.499463,-0.362317
1431,0.500913,-0.350796
1432,0.501712,-0.339213
1433,0.501853,-0.327602
1434,0.501281,-0.315995
1435,0.500135,-0.304459
1436,0.498300,-0.292947
1437,0.495805,-0.281620
1438,0.492672,-0.270444
1439,0.488910,-0.259461
1440,0.484530,-0.248708
1441,0.479547,-0.238221
1442,0.473975,-0.228034
1443,0.467809,-0.218136
1444,0.461113,-0.208652
1445,0.453891,-0.199558
1446,0.446165,-0.190887
1447,0.437958,-0.182669
1448,0.429297,-0.174930
1449,0.419858,-0.167890
1450,0.410348,-0.161264
1451,0.400486,-0.155142
1452,0.390293,-0.149577
1453,0.379801,-0.144595
1454,0.369042,-0.140217
1455,0.358015,-0.136444
1456,0.346834,-0.133308
1457,0.335490,-0.130818
1458,0.324022,-0.128978
1459,0.312467,-0.127793
1460,0.300863,-0.127266
1461,0.289247,-0.127400
1462,0.277657,-0.128193
1463,0.266090,-0.129661
1464,0.254666,-0.131738
1465,0.243381,-0.134475
1466,0.232269,-0.137853
1467,0.221367,-0.141858
1468,0.210650,-0.146480
1469,0.200318,-0.151712
1470,0.190387,-0.157940
1471,0.180696,-0.164350
1472,0.171341,-0.171300
1473,0.162419,-0.178732
1474,0.153936,-0.186663
1475,0.145917,-0.195064
1476,0.138389,-0.203909
1477,0.131376,-0.213167
1478,0.124899,-0.222809
1479,0.118980,-0.232804
1480,0.113636,-0.243166
1481,0.108871,-0.253754
1482,0.104731,-0.264605
1483,0.101217,-0.275676
1484,0.098335,-0.286926
1485,0.096093,-0.298322
1486,0.094502,-0.309826
1487,0.093552,-0.321442
1488,0.093310,-0.333031
1489,0.093725,-0.344677
1490,0.095146,-0.356311
1491,0.096944,-0.367804
1492,0.099336,-0.379173
1493,0.102356,-0.390388
1494,0.106005,-0.401415
1495,0.110274,-0.412217
1496,0.115149,-0.422759
1497,0.120639,-0.433040
1498,0.126667,-0.442965
1499,0.133259,-0.452527
1500,0.140385,-0.461699
1501,0.148021,-0.470450
1502,0.156144,-0.478754
1503,0.164723,-0.486584
1504,0.173733,-0.493916
1505,0.183185,-0.500686
1506,0.192974,-0.506990
1507,0.203089,-0.512674
1508,0.213519,-0.517775
1509,0.224224,-0.522274
1510,0.235169,-0.526159
1511,0.246524,-0.529069
1512,0.257907,-0.531654
1513,0.269345,-0.533597
1514,0.280878,-0.534903
1515,0.292469,-0.535556
1516,0.304079,-0.535550
1517,0.315671,-0.534890
1518,0.327206,-0.533574
1519,0.338680,-0.531610
1520,0.349970,-0.528969
1521,0.361110,-0.525691
1522,0.372050,-0.521786
1523,0.382753,-0.517266
1524,0.393182,-0.512145
1525,0.403305,-0.506439
1526,0.413118,-0.500145
1527,0.422530,-0.493337
1528,0.431538,-0.485998
1529,0.440113,-0.478158
1530,0.448228,-0.469843
1531,0.455859,-0.461079
1532,0.462712,-0.451558
1533,0.469273,-0.441971
1534,0.475308,-0.432002
1535,0.480772,-0.421759
1536,0.485643,-0.411219
1537,0.489931,-0.400376
1538,0.493559,-0.389354
1539,0.496566,-0.378143
1540,0.498931,-0.366776
1541,0.500646,-0.355290
1542,0.501709,-0.343684
1543,0.502145,-0.332025
1544,0.501867,-0.320430
1545,0.500937,-0.308856
1546,0.499358,-0.297352
1547,0.497124,-0.285953
1548,0.494246,-0.274699
1549,0.490734,-0.263627
1550,0.486588,-0.252741
1551,0.481795,-0.242135
1552,0.476058,-0.231915
1553,0.470065,-0.221951
1554,0.463554,-0.212328
1555,0.456516,-0.203087
1556,0.448967,-0.194259
1557,0.440928,-0.185873
1558,0.432426,-0.177956
1559,0.423438,-0.170525
1560,0.414113,-0.163609
1561,0.404396,-0.157247
1562,0.394329,-0.151451
1563,0.383948,-0.146237
1564,0.373287,-0.141622
1565,0.362380,-0.137619
1566,0.351263,-0.134243
1567,0.339972,-0.131497
1568,0.328523,-0.129458
1569,0.316971,-0.127976
1570,0.305393,-0.127197
1571,0.293781,-0.127081
1572,0.282179,-0.127625
1573,0.270568,-0.129249
1574,0.259108,-0.131139
1575,0.247715,-0.133656
1576,0.236553,-0.136812
1577,0.225578,-0.140593
1578,0.214832,-0.144991
1579,0.204352,-0.149991
1580,0.194169,-0.155574
1581,0.184318,-0.161721
1582,0.174784,-0.168436
1583,0.165700,-0.175663
1584,0.157040,-0.183397
1585,0.148831,-0.191613
1586,0.141098,-0.200280
1587,0.133875,-0.209374
1588,0.127156,-0.218962
1589,0.120984,-0.228784
1590,0.115416,-0.238977
1591,0.110435,-0.249474
1592,0.106053,-0.260233
1593,0.102611,-0.271436
1594,0.099528,-0.282688
1595,0.097080,-0.294035
1596,0.095265,-0.305506
1597,0.094121,-0.317109
1598,0.093588,-0.328706
1599,0.093735,-0.340318
1600,0.094535,-0.351971
1601,0.096007,-0.363475
1602,0.098124,-0.374891
1603,0.100888,-0.386171
1604,0.104284,-0.397279
1605,0.108309,-0.408174
1606,0.113022,-0.418811
1607,0.118240,-0.429223
1608,0.124061,-0.439262
1609,0.130452,-0.448958
1610,0.137387,-0.458276
1611,0.144840,-0.467187
1612,0.152787,-0.475660
1613,0.161239,-0.483710
1614,0.170100,-0.491213
1615,0.179375,-0.498210
1616,0.189034,-0.504670
1617,0.199347,-0.510260
1618,0.209682,-0.515566
1619,0.220332,-0.520341
1620,0.231181,-0.524455
1621,0.242251,-0.527948
1622,0.253506,-0.530809
1623,0.264907,-0.533027
1624,0.276415,-0.534597
1625,0.288050,-0.535524
1626,0.299632,-0.535736
1627,0.311276,-0.535290
1628,0.322844,-0.534205
1629,0.334334,-0.532457
1630,0.345706,-0.530057
1631,0.356925,-0.527013
1632,0.367953,-0.523338
1633,0.378755,-0.519041
1634,0.389296,-0.514137
1635,0.399572,-0.508612
1636,0.409494,-0.502561
1637,0.418910,-0.495566
1638,0.428046,-0.488371
1639,0.436776,-0.480702
1640,0.445060,-0.472557
1641,0.452870,-0.463956
1642,0.460184,-0.454930
1643,0.466974,-0.445505
1644,0.473253,-0.435648
1645,0.478904,-0.425520
1646,0.483975,-0.415069
1647,0.488446,-0.404343
1648,0.492301,-0.393378
1649,0.495528,-0.382211
1650,0.498114,-0.370879
1651,0.500053,-0.359417
1652,0.501324,-0.347817
1653,0.501973,-0.336217
1654,0.501943,-0.324595
1655,0.501248,-0.312992
1656,0.499895,-0.301447
1657,0.497886,-0.289997
1658,0.494805,-0.278673
1659,0.491479,-0.267535
1660,0.487550,-0.256601
1661,0.482993,-0.245869
1662,0.477869,-0.235390
1663,0.472161,-0.225281
1664,0.469839,-0.214790
1665,0.467302,-0.204511
1666,0.463256,-0.195017
1667,0.457741,-0.186298
1668,0.450765,-0.178162
1669,0.442603,-0.170513
1670,0.433590,-0.163412
1671,0.424078,-0.156833
1672,0.414151,-0.150824
1673,0.403884,-0.145393
1674,0.393322,-0.140556
1675,0.382500,-0.136327
1676,0.372715,-0.132836
1677,0.363120,-0.130088
1678,0.352131,-0.128246
1679,0.340771,-0.126654
1680,0.329238,-0.125657
1681,0.317640,-0.125301
1682,0.306031,-0.125596
1683,0.294459,-0.126541
1684,0.282958,-0.128141
1685,0.271565,-0.130390
1686,0.260262,-0.133286
1687,0.249241,-0.136842
1688,0.238408,-0.141022
1689,0.227821,-0.145811
1690,0.219413,-0.150956
1691,0.213397,-0.156323
1692,0.212237,-0.157335
1693,0.207477,-0.161096
1694,0.200775,-0.166560
1695,0.194613,-0.172691
1696,0.188889,-0.179209
1697,0.183566,-0.186087
1698,0.178639,-0.193205
1699,0.174140,-0.200601
1700,0.170075,-0.208242
1701,0.166451,-0.216101
1702,0.163280,-0.224154
1703,0.160565,-0.232373
1704,0.158380,-0.240747
1705,0.156601,-0.249225
1706,0.155325,-0.257780
1707,0.154541,-0.266394
1708,0.154247,-0.275039
1709,0.154446,-0.283687
1710,0.155135,-0.292310
1711,0.156325,-0.300910
1712,0.157996,-0.309401
1713,0.160141,-0.317784
1714,0.162758,-0.326033
1715,0.165838,-0.334121
1716,0.169372,-0.342022
1717,0.173369,-0.349735
1718,0.177782,-0.357185
1719,0.182601,-0.364376
1720,0.187814,-0.371287
1721,0.193412,-0.377890
1722,0.199700,-0.383935
1723,0.206060,-0.389838
1724,0.212744,-0.395375
1725,0.219686,-0.400539
1726,0.226912,-0.405295
1727,0.234398,-0.409631
1728,0.242119,-0.413535
1729,0.250071,-0.417017
1730,0.258176,-0.420033
1731,0.266473,-0.422582
1732,0.274872,-0.424668
1733,0.283374,-0.426269
1734,0.291953,-0.427351
1735,0.300564,-0.427935
1736,0.309212,-0.428034
1737,0.317886,-0.427635
1738,0.326501,-0.426770
1739,0.335051,-0.425410
1740,0.343509,-0.423564
1741,0.351849,-0.421240
1742,0.360044,-0.418446
1743,0.368067,-0.415191
1744,0.375928,-0.411476
1745,0.383407,-0.406918
1746,0.390747,-0.402340
1747,0.397821,-0.397366
1748,0.404603,-0.392000
1749,0.411071,-0.386259
1750,0.417214,-0.380123
1751,0.423008,-0.373700
1752,0.428416,-0.366948
1753,0.433431,-0.359899
1754,0.438059,-0.352558
1755,0.442238,-0.344986
1756,0.445991,-0.337193
1757,0.449304,-0.329173
1758,0.452156,-0.321005
1759,0.454531,-0.312684
1760,0.456436,-0.304221
1761,0.457808,-0.295719
1762,0.458702,-0.287123
1763,0.459112,-0.278481
1764,0.458613,-0.269739
1765,0.458015,-0.261105
1766,0.456953,-0.252525
1767,0.455412,-0.244018
1768,0.453392,-0.235612
1769,0.451908,-0.227277
1770,0.449434,-0.219003
1771,0.446161,-0.210971
1772,0.442335,-0.203196
1773,0.438049,-0.195676
1774,0.435252,-0.187097
1775,0.435738,-0.175754
1776,0.436011,-0.164419
1777,0.435267,-0.153879
1778,0.433324,-0.144443
1779,0.430013,-0.136309
1780,0.425338,-0.129580
1781,0.419322,-0.124087
1782,0.412343,-0.119329
1783,0.404628,-0.115466
1784,0.396831,-0.111833
1785,0.388846,-0.108633
1786,0.380692,-0.105886
1787,0.372394,-0.103603
1788,0.363979,-0.101795
1789,0.355473,-0.100466
1790,0.346906,-0.099622
1791,0.338303,-0.099266
1792,0.329694,-0.099398
1793,0.321105,-0.100019
1794,0.312565,-0.101126
1795,0.304100,-0.102715
1796,0.295738,-0.104782
1797,0.287526,-0.107427
1798,0.279402,-0.110109
1799,0.271542,-0.113436
