0,-1.038190,-0.845307
1,-1.038190,-0.845307
2,-1.038190,-0.845307
3,-1.038190,-0.845307
4,-1.038190,-0.845307
5,-1.038190,-0.845307
6,-1.038190,-0.845307
7,-1.038190,-0.845307
8,-1.038190,-0.845307
9,-1.038190,-0.845307
10,-1.028770,-0.837476
11,-1.016615,-0.825600
12,-1.005193,-0.813012
13,-0.994506,-0.799794
14,-0.984588,-0.785990
15,-0.975472,-0.771644
16,-0.967187,-0.756802
17,-0.959760,-0.741513
18,-0.953214,-0.725827
19,-0.947572,-0.709793
20,-0.942851,-0.693464
21,-0.939067,-0.676893
22,-0.936231,-0.660134
23,-0.934354,-0.643240
24,-0.933441,-0.626267
25,-0.933495,-0.609270
26,-0.934516,-0.592303
27,-0.936501,-0.575422
28,-0.939443,-0.558681
29,-0.943333,-0.542135
30,-0.948158,-0.525836
31,-0.953902,-0.509839
32,-0.960547,-0.494194
33,-0.968072,-0.478953
34,-0.976451,-0.464164
35,-0.985659,-0.449877
36,-0.995664,-0.436136
37,-0.998482,-0.432312
38,-0.998482,-0.432312
39,-0.998482,-0.432312
40,-0.998482,-0.432312
41,-0.998482,-0.432312
42,-0.998482,-0.432312
43,-0.998482,-0.432312
44,-0.998482,-0.432312
45,-0.998482,-0.432312
46,-0.998482,-0.432312
47,-0.998482,-0.432312
48,-0.998482,-0.432312
49,-0.987740,-0.426424
50,-0.973541,-0.417086
51,-0.959926,-0.406911
52,-0.946912,-0.395977
53,-0.934541,-0.384320
54,-0.923371,-0.376544
55,-0.913404,-0.379210
56,-0.903316,-0.381653
57,-0.893094,-0.383867
58,-0.882732,-0.385841
59,-0.872224,-0.387565
60,-0.865921,-0.392083
61,-0.861384,-0.397736
62,-0.854446,-0.402013
63,-0.846087,-0.405136
64,-0.837481,-0.407763
65,-0.828701,-0.409921
66,-0.819777,-0.411606
67,-0.810736,-0.412808
68,-0.801603,-0.413519
69,-0.792406,-0.413733
70,-0.783172,-0.413445
71,-0.773928,-0.412651
72,-0.764702,-0.411349
73,-0.755522,-0.409538
74,-0.746417,-0.407219
75,-0.737415,-0.404395
76,-0.728544,-0.401070
77,-0.719832,-0.397249
78,-0.711308,-0.392940
79,-0.702998,-0.388152
80,-0.694930,-0.382896
81,-0.687130,-0.377182
82,-0.679625,-0.371026
83,-0.672440,-0.364441
84,-0.665600,-0.357445
85,-0.659128,-0.350056
86,-0.653048,-0.342292
87,-0.647380,-0.334174
88,-0.642147,-0.325725
89,-0.637367,-0.316968
90,-0.633059,-0.307927
91,-0.629240,-0.298627
92,-0.625926,-0.289095
93,-0.623130,-0.279359
94,-0.620866,-0.269446
95,-0.619144,-0.259386
96,-0.617975,-0.249209
97,-0.617366,-0.238946
98,-0.617323,-0.228626
99,-0.617851,-0.218282
100,-0.618952,-0.207946
101,-0.620628,-0.197648
102,-0.622878,-0.187423
103,-0.625698,-0.177301
104,-0.629086,-0.167314
105,-0.633033,-0.157495
106,-0.637533,-0.147876
107,-0.642575,-0.138487
108,-0.648148,-0.129359
109,-0.654238,-0.120524
110,-0.660831,-0.112009
111,-0.667908,-0.103844
112,-0.675452,-0.096057
113,-0.683443,-0.088674
114,-0.691859,-0.081722
115,-0.700676,-0.075225
116,-0.709870,-0.069207
117,-0.719415,-0.063689
118,-0.729285,-0.058692
119,-0.739449,-0.054236
120,-0.749879,-0.050338
121,-0.760543,-0.047013
122,-0.771411,-0.044277
123,-0.782449,-0.042142
124,-0.793624,-0.040617
125,-0.804902,-0.039713
126,-0.816249,-0.039436
127,-0.827630,-0.039791
128,-0.839008,-0.040781
129,-0.850349,-0.042407
130,-0.861617,-0.044669
131,-0.872776,-0.047562
132,-0.883791,-0.051082
133,-0.894625,-0.055222
134,-0.905244,-0.059974
135,-0.915613,-0.065325
136,-0.925698,-0.071262
137,-0.935102,-0.077691
138,-0.944528,-0.084727
139,-0.953574,-0.092298
140,-0.962210,-0.100384
141,-0.970405,-0.108963
142,-0.978132,-0.118013
143,-0.985362,-0.127507
144,-0.992071,-0.137417
145,-0.998235,-0.147716
146,-1.003830,-0.158372
147,-1.008836,-0.169355
148,-1.013233,-0.180632
149,-1.017004,-0.192169
150,-1.020134,-0.203931
151,-1.022609,-0.215882
152,-1.024417,-0.227986
153,-1.025550,-0.240206
154,-1.025999,-0.252503
155,-1.025759,-0.264839
156,-1.024828,-0.277175
157,-1.023204,-0.289472
158,-1.020889,-0.301692
159,-1.017887,-0.313795
160,-1.014202,-0.325743
161,-1.009843,-0.337496
162,-1.004821,-0.349017
163,-0.999147,-0.360267
164,-0.992837,-0.371211
165,-0.985905,-0.381810
166,-0.978373,-0.392031
167,-0.970259,-0.401839
168,-0.961733,-0.410858
169,-0.952556,-0.419755
170,-0.942873,-0.428146
171,-0.932709,-0.436000
172,-0.922095,-0.443289
173,-0.911063,-0.449989
174,-0.899645,-0.456075
175,-0.887875,-0.461523
176,-0.875789,-0.466315
177,-0.863424,-0.470431
178,-0.850818,-0.473855
179,-0.838009,-0.476573
180,-0.825038,-0.478573
181,-0.811945,-0.479845
182,-0.798771,-0.480381
183,-0.785557,-0.480177
184,-0.772345,-0.479228
185,-0.759178,-0.477536
186,-0.746096,-0.475102
187,-0.733143,-0.471929
188,-0.720360,-0.468026
189,-0.707789,-0.463400
190,-0.695470,-0.458064
191,-0.683445,-0.452031
192,-0.671752,-0.445317
193,-0.660430,-0.437941
194,-0.649517,-0.429922
195,-0.639050,-0.421285
196,-0.629063,-0.412053
197,-0.619592,-0.402253
198,-0.610989,-0.392104
199,-0.602626,-0.381283
200,-0.594867,-0.369988
201,-0.587740,-0.358251
202,-0.581272,-0.346106
203,-0.575486,-0.333591
204,-0.570402,-0.320744
205,-0.566041,-0.307606
206,-0.562419,-0.294215
207,-0.559551,-0.280615
208,-0.557449,-0.266848
209,-0.556122,-0.252957
210,-0.555579,-0.238987
211,-0.555824,-0.224980
212,-0.556859,-0.210983
213,-0.558685,-0.197040
214,-0.561297,-0.183195
215,-0.564693,-0.169494
216,-0.568862,-0.155980
217,-0.573796,-0.142698
218,-0.579480,-0.129690
219,-0.585901,-0.117001
220,-0.593039,-0.104671
221,-0.600876,-0.092741
222,-0.609388,-0.081251
223,-0.618550,-0.070240
224,-0.628337,-0.059744
225,-0.638718,-0.049799
226,-0.649662,-0.040439
227,-0.661137,-0.031695
228,-0.673108,-0.023599
229,-0.685285,-0.016452
230,-0.698112,-0.009709
231,-0.711320,-0.003689
232,-0.724870,0.001586
233,-0.738719,0.006095
234,-0.752824,0.009822
235,-0.767141,0.012751
236,-0.781624,0.014871
237,-0.796228,0.016173
238,-0.810905,0.016648
239,-0.825610,0.016294
240,-0.840295,0.015108
241,-0.854912,0.013092
242,-0.869416,0.010249
243,-0.883758,0.006585
244,-0.897892,0.002111
245,-0.911773,-0.003163
246,-0.925354,-0.009222
247,-0.938592,-0.016049
248,-0.951442,-0.023624
249,-0.963862,-0.031926
250,-0.975812,-0.040930
251,-0.987250,-0.050609
252,-0.998139,-0.060934
253,-1.008442,-0.071874
254,-1.018125,-0.083395
255,-1.027153,-0.095463
256,-1.035497,-0.108040
257,-1.043128,-0.121087
258,-1.050018,-0.134563
259,-1.055900,-0.148145
260,-1.061265,-0.162333
261,-1.065829,-0.176820
262,-1.069571,-0.191562
263,-1.072478,-0.206513
264,-1.074537,-0.221624
265,-1.075740,-0.236848
266,-1.076080,-0.252135
267,-1.075554,-0.267438
268,-1.074161,-0.282706
269,-1.071904,-0.297891
270,-1.068787,-0.312943
271,-1.064818,-0.327814
272,-1.060008,-0.342454
273,-1.054370,-0.356817
274,-1.047920,-0.370855
275,-1.040677,-0.384523
276,-1.032662,-0.397775
277,-1.023899,-0.410568
278,-1.014415,-0.422859
279,-1.004237,-0.434607
280,-0.993398,-0.445773
281,-0.981931,-0.456320
282,-0.969871,-0.466213
283,-0.957255,-0.475417
284,-0.944123,-0.483902
285,-0.930516,-0.491638
286,-0.916477,-0.498600
287,-0.902050,-0.504761
288,-0.887281,-0.510102
289,-0.872216,-0.514602
290,-0.857231,-0.518068
291,-0.841736,-0.520872
292,-0.826090,-0.522798
293,-0.810344,-0.523836
294,-0.794548,-0.523980
295,-0.778752,-0.523228
296,-0.763007,-0.521580
297,-0.747366,-0.519040
298,-0.731877,-0.515614
299,-0.716593,-0.511311
300,-0.701561,-0.506144
301,-0.686832,-0.500127
302,-0.672454,-0.493278
303,-0.658473,-0.485618
304,-0.644936,-0.477169
305,-0.631887,-0.467957
306,-0.619369,-0.458011
307,-0.607425,-0.447361
308,-0.596092,-0.436040
309,-0.585410,-0.424084
310,-0.575415,-0.411530
311,-0.566138,-0.398417
312,-0.557613,-0.384787
313,-0.549867,-0.370682
314,-0.542928,-0.356149
315,-0.536819,-0.341232
316,-0.531561,-0.325979
317,-0.527173,-0.310439
318,-0.523671,-0.294662
319,-0.521068,-0.278698
320,-0.519372,-0.262599
321,-0.518703,-0.246770
322,-0.518806,-0.230565
323,-0.519830,-0.214378
324,-0.521772,-0.198262
325,-0.524627,-0.182270
326,-0.528389,-0.166453
327,-0.533045,-0.150862
328,-0.538583,-0.135549
329,-0.544985,-0.120564
330,-0.552234,-0.105955
331,-0.560306,-0.091770
332,-0.569176,-0.078056
333,-0.578818,-0.064857
334,-0.589201,-0.052218
335,-0.600292,-0.040179
336,-0.612058,-0.028781
337,-0.624461,-0.018062
338,-0.637461,-0.008057
339,-0.651018,0.001201
340,-0.665088,0.009680
341,-0.679627,0.017353
342,-0.694589,0.024192
343,-0.709925,0.030175
344,-0.725587,0.035281
345,-0.741524,0.039492
346,-0.757685,0.042794
347,-0.774019,0.045175
348,-0.790472,0.046625
349,-0.806991,0.047140
350,-0.823524,0.046715
351,-0.839650,0.045284
352,-0.856045,0.043019
353,-0.872295,0.039828
354,-0.888347,0.035717
355,-0.904150,0.030698
356,-0.919652,0.024786
357,-0.934802,0.018000
358,-0.949552,0.010359
359,-0.963852,0.001887
360,-0.977657,-0.007388
361,-0.990920,-0.017439
362,-1.003598,-0.028232
363,-1.015650,-0.039735
364,-1.027036,-0.051912
365,-1.037718,-0.064722
366,-1.047660,-0.078126
367,-1.056831,-0.092081
368,-1.065199,-0.106543
369,-1.072735,-0.121464
370,-1.079416,-0.136799
371,-1.085218,-0.152496
372,-1.090122,-0.168506
373,-1.094110,-0.184778
374,-1.097169,-0.201259
375,-1.099288,-0.217896
376,-1.100459,-0.234635
377,-1.100677,-0.251422
378,-1.099941,-0.268203
379,-1.098252,-0.284924
380,-1.095614,-0.301530
381,-1.092035,-0.317967
382,-1.087542,-0.333784
383,-1.082157,-0.349674
384,-1.075875,-0.365242
385,-1.068715,-0.380435
386,-1.060700,-0.395205
387,-1.051854,-0.409503
388,-1.042205,-0.423282
389,-1.031783,-0.436497
390,-1.020622,-0.449106
391,-1.008757,-0.461065
392,-0.996225,-0.472337
393,-0.983067,-0.482884
394,-0.969324,-0.492672
395,-0.955041,-0.501667
396,-0.940262,-0.509840
397,-0.925036,-0.517163
398,-0.909411,-0.523613
399,-0.893438,-0.529168
400,-0.877167,-0.533808
401,-0.860650,-0.537519
402,-0.843942,-0.540286
403,-0.827096,-0.542100
404,-0.810166,-0.542955
405,-0.793208,-0.542847
406,-0.776275,-0.541775
407,-0.759422,-0.539742
408,-0.742705,-0.536753
409,-0.726177,-0.532818
410,-0.709892,-0.527948
411,-0.693903,-0.522158
412,-0.678698,-0.515538
413,-0.674199,-0.510064
414,-0.673373,-0.504273
415,-0.673816,-0.498901
416,-0.675229,-0.494629
417,-0.675395,-0.494233
418,-0.675395,-0.494233
419,-0.675395,-0.494233
420,-0.675395,-0.494233
421,-0.675395,-0.494233
422,-0.675395,-0.494233
423,-0.675395,-0.494233
424,-0.675395,-0.494233
425,-0.675395,-0.494233
426,-0.675395,-0.494233
427,-0.666496,-0.485815
428,-0.655127,-0.473184
429,-0.644536,-0.459889
430,-0.634719,-0.446014
431,-0.625706,-0.431602
432,-0.617528,-0.416701
433,-0.610212,-0.401359
434,-0.608191,-0.397060
435,-0.607761,-0.384818
436,-0.608528,-0.367841
437,-0.610314,-0.350938
438,-0.613059,-0.334163
439,-0.616754,-0.317572
440,-0.621387,-0.301218
441,-0.626943,-0.285154
442,-0.627152,-0.271006
443,-0.631050,-0.255123
444,-0.630252,-0.244919
445,-0.625709,-0.238515
446,-0.621650,-0.232148
447,-0.618187,-0.225753
448,-0.615965,-0.218746
449,-0.614994,-0.210818
450,-0.614504,-0.202765
451,-0.614451,-0.194656
452,-0.614836,-0.186520
453,-0.615660,-0.178379
454,-0.616925,-0.170259
455,-0.618632,-0.162182
456,-0.620779,-0.154173
457,-0.623366,-0.146257
458,-0.626387,-0.138457
459,-0.629840,-0.130799
460,-0.633716,-0.123304
461,-0.638010,-0.115999
462,-0.642711,-0.108905
463,-0.647810,-0.102046
464,-0.653296,-0.095445
465,-0.659154,-0.089122
466,-0.665373,-0.083101
467,-0.671935,-0.077401
468,-0.678825,-0.072043
469,-0.686025,-0.067045
470,-0.693516,-0.062425
471,-0.701279,-0.058202
472,-0.709291,-0.054390
473,-0.717533,-0.051005
474,-0.725980,-0.048061
475,-0.734609,-0.045571
476,-0.743396,-0.043545
477,-0.752316,-0.041994
478,-0.761343,-0.040927
479,-0.770450,-0.040351
480,-0.779611,-0.040272
481,-0.788799,-0.040694
482,-0.797985,-0.041620
483,-0.807142,-0.043051
484,-0.816243,-0.044988
485,-0.825258,-0.047428
486,-0.834161,-0.050369
487,-0.842922,-0.053804
488,-0.851515,-0.057729
489,-0.859912,-0.062134
490,-0.868085,-0.067011
491,-0.876008,-0.072347
492,-0.883654,-0.078131
493,-0.890999,-0.084348
494,-0.898018,-0.090983
495,-0.904686,-0.098018
496,-0.910981,-0.105435
497,-0.916880,-0.113215
498,-0.922362,-0.121336
499,-0.927408,-0.129775
500,-0.931998,-0.138510
501,-0.936116,-0.147516
502,-0.939745,-0.156766
503,-0.942869,-0.166235
504,-0.945477,-0.175895
505,-0.947556,-0.185718
506,-0.949096,-0.195674
507,-0.950088,-0.205734
508,-0.950526,-0.215868
509,-0.950403,-0.226044
510,-0.949718,-0.236232
511,-0.948467,-0.246400
512,-0.946650,-0.256517
513,-0.944270,-0.266552
514,-0.941330,-0.276471
515,-0.937834,-0.286245
516,-0.933791,-0.295841
517,-0.929216,-0.304857
518,-0.924135,-0.314008
519,-0.918541,-0.322893
520,-0.912444,-0.331481
521,-0.905860,-0.339744
522,-0.898807,-0.347655
523,-0.891303,-0.355187
524,-0.883369,-0.362313
525,-0.875027,-0.369009
526,-0.866299,-0.375251
527,-0.857212,-0.381017
528,-0.847790,-0.386286
529,-0.838061,-0.391038
530,-0.828054,-0.395256
531,-0.817798,-0.398923
532,-0.807323,-0.402023
533,-0.796661,-0.404544
534,-0.785844,-0.406475
535,-0.774905,-0.407805
536,-0.763877,-0.408528
537,-0.752794,-0.408636
538,-0.741691,-0.408127
539,-0.730603,-0.406998
540,-0.719563,-0.405248
541,-0.708607,-0.402881
542,-0.697770,-0.399899
543,-0.687087,-0.396308
544,-0.676591,-0.392116
545,-0.666317,-0.387334
546,-0.656299,-0.381972
547,-0.646569,-0.376044
548,-0.637159,-0.369565
549,-0.628463,-0.362642
550,-0.619779,-0.355146
551,-0.611503,-0.347159
552,-0.603666,-0.338701
553,-0.596293,-0.329796
554,-0.589411,-0.320469
555,-0.583044,-0.310748
556,-0.577216,-0.300661
557,-0.571946,-0.290237
558,-0.567255,-0.279509
559,-0.563160,-0.268508
560,-0.559678,-0.257268
561,-0.556822,-0.245822
562,-0.554606,-0.234206
563,-0.553038,-0.222456
564,-0.552128,-0.210608
565,-0.551881,-0.198699
566,-0.552302,-0.186767
567,-0.553392,-0.174849
568,-0.555151,-0.162982
569,-0.557578,-0.151205
570,-0.560667,-0.139556
571,-0.564413,-0.128071
572,-0.568805,-0.116788
573,-0.573834,-0.105744
574,-0.579487,-0.094975
575,-0.585748,-0.084515
576,-0.592601,-0.074401
577,-0.600026,-0.064665
578,-0.608002,-0.055340
579,-0.616508,-0.046458
580,-0.625517,-0.038048
581,-0.635005,-0.030140
582,-0.644742,-0.023075
583,-0.655072,-0.016231
584,-0.665791,-0.009964
585,-0.676868,-0.004296
586,-0.688269,0.000752
587,-0.699960,0.005160
588,-0.711904,0.008914
589,-0.724065,0.011997
590,-0.736405,0.014396
591,-0.748885,0.016103
592,-0.761466,0.017108
593,-0.774109,0.017404
594,-0.786774,0.016990
595,-0.799419,0.015861
596,-0.812006,0.014021
597,-0.824493,0.011471
598,-0.836840,0.008216
599,-0.849008,0.004265
600,-0.860956,-0.000373
601,-0.872647,-0.005685
602,-0.884041,-0.011657
603,-0.895102,-0.018273
604,-0.905792,-0.025515
605,-0.916076,-0.033360
606,-0.925920,-0.041787
607,-0.935291,-0.050771
608,-0.944157,-0.060284
609,-0.952487,-0.070299
610,-0.960254,-0.080786
611,-0.967430,-0.091712
612,-0.973991,-0.103044
613,-0.979913,-0.114747
614,-0.985175,-0.126786
615,-0.989521,-0.138831
616,-0.993433,-0.151403
617,-0.996637,-0.164195
618,-0.999118,-0.177169
619,-1.000867,-0.190283
620,-1.001876,-0.203496
621,-1.002138,-0.216766
622,-1.001652,-0.230051
623,-1.000414,-0.243307
624,-0.998428,-0.256494
625,-0.995697,-0.269567
626,-0.992228,-0.282485
627,-0.988029,-0.295206
628,-0.983112,-0.307688
629,-0.977490,-0.319892
630,-0.971179,-0.331775
631,-0.964197,-0.343301
632,-0.956564,-0.354430
633,-0.948304,-0.365126
634,-0.939440,-0.375353
635,-0.930000,-0.385076
636,-0.920012,-0.394264
637,-0.909507,-0.402885
638,-0.898516,-0.410910
639,-0.887074,-0.418311
640,-0.875216,-0.425064
641,-0.862980,-0.431143
642,-0.850403,-0.436529
643,-0.837525,-0.441201
644,-0.824386,-0.445143
645,-0.811029,-0.448341
646,-0.797495,-0.450781
647,-0.784164,-0.452293
648,-0.770421,-0.453225
649,-0.756630,-0.453380
650,-0.742837,-0.452754
651,-0.729084,-0.451347
652,-0.715416,-0.449163
653,-0.701878,-0.446205
654,-0.688513,-0.442482
655,-0.675364,-0.438004
656,-0.662476,-0.432783
657,-0.649889,-0.426834
658,-0.637644,-0.420175
659,-0.625783,-0.412826
660,-0.614344,-0.404808
661,-0.603366,-0.396147
662,-0.592883,-0.386868
663,-0.582932,-0.377000
664,-0.573546,-0.366573
665,-0.564756,-0.355620
666,-0.556591,-0.344175
667,-0.549080,-0.332274
668,-0.542248,-0.319954
669,-0.536118,-0.307254
670,-0.530712,-0.294215
671,-0.526048,-0.280877
672,-0.522144,-0.267283
673,-0.519013,-0.253476
674,-0.516667,-0.239501
675,-0.515115,-0.225402
676,-0.514363,-0.211225
677,-0.514416,-0.197014
678,-0.515275,-0.182817
679,-0.516939,-0.168678
680,-0.519449,-0.155021
681,-0.522673,-0.141151
682,-0.526680,-0.127474
683,-0.531460,-0.114035
684,-0.537000,-0.100876
685,-0.543281,-0.088042
686,-0.550286,-0.075574
687,-0.557993,-0.063513
688,-0.566379,-0.051899
689,-0.575417,-0.040769
690,-0.585079,-0.030162
691,-0.595335,-0.020111
692,-0.606154,-0.010651
693,-0.617500,-0.001813
694,-0.629339,0.006374
695,-0.641632,0.013882
696,-0.654341,0.020686
697,-0.667425,0.026762
698,-0.680843,0.032090
699,-0.694552,0.036652
700,-0.708507,0.040431
701,-0.722664,0.043414
702,-0.736978,0.045591
703,-0.751403,0.046953
704,-0.765891,0.047495
705,-0.780397,0.047213
706,-0.794873,0.046108
707,-0.809272,0.044182
708,-0.823548,0.041440
709,-0.837655,0.037889
710,-0.851546,0.033541
711,-0.865177,0.028407
712,-0.878071,0.022558
713,-0.890954,0.015955
714,-0.903449,0.008628
715,-0.915517,0.000598
716,-0.927117,-0.008110
717,-0.938212,-0.017469
718,-0.948765,-0.027448
719,-0.958741,-0.038018
720,-0.968107,-0.049144
721,-0.976832,-0.060791
722,-0.984887,-0.072922
723,-0.992244,-0.085499
724,-0.998880,-0.098481
725,-1.004771,-0.111828
726,-1.009898,-0.125495
727,-1.014243,-0.139439
728,-1.017792,-0.153617
729,-1.020531,-0.167981
730,-1.022452,-0.182485
731,-1.023546,-0.197084
732,-1.023809,-0.211729
733,-1.023240,-0.226374
734,-1.021839,-0.240970
735,-1.019610,-0.255471
736,-1.016559,-0.269830
737,-1.012696,-0.284000
738,-1.008031,-0.297934
739,-1.002580,-0.311588
740,-0.996358,-0.324917
741,-0.989386,-0.337877
742,-0.981685,-0.350426
743,-0.973279,-0.362523
744,-0.964404,-0.373559
745,-0.954804,-0.384412
746,-0.944597,-0.394709
747,-0.933815,-0.404417
748,-0.922491,-0.413504
749,-0.910662,-0.421938
750,-0.898366,-0.429693
751,-0.885641,-0.436742
752,-0.872528,-0.443060
753,-0.859069,-0.448628
754,-0.845307,-0.453426
755,-0.831286,-0.457437
756,-0.817052,-0.460647
757,-0.802649,-0.463046
758,-0.788126,-0.464624
759,-0.773527,-0.465374
760,-0.758901,-0.465295
761,-0.744295,-0.464384
762,-0.729756,-0.462645
763,-0.715331,-0.460081
764,-0.701067,-0.456700
765,-0.687011,-0.452512
766,-0.673208,-0.447530
767,-0.659703,-0.441769
768,-0.646541,-0.435246
769,-0.633764,-0.427983
770,-0.621414,-0.420001
771,-0.609531,-0.411326
772,-0.598155,-0.401986
773,-0.587322,-0.392009
774,-0.577482,-0.381654
775,-0.567991,-0.370632
776,-0.559134,-0.359083
777,-0.550943,-0.347041
778,-0.543443,-0.334547
779,-0.536661,-0.321639
780,-0.530619,-0.308358
781,-0.525338,-0.294748
782,-0.520836,-0.280851
783,-0.517127,-0.266713
784,-0.514226,-0.252379
785,-0.512142,-0.237896
786,-0.510884,-0.223309
787,-0.510456,-0.208666
788,-0.510860,-0.194014
789,-0.512097,-0.179401
790,-0.514163,-0.164874
791,-0.517052,-0.150480
792,-0.520756,-0.136266
793,-0.525265,-0.122279
794,-0.530563,-0.108563
795,-0.536634,-0.095164
796,-0.543461,-0.082125
797,-0.551021,-0.069488
798,-0.559291,-0.057296
799,-0.568245,-0.045588
800,-0.577854,-0.034402
801,-0.588088,-0.023775
802,-0.598914,-0.013743
803,-0.610298,-0.004338
804,-0.622204,0.004409
805,-0.634272,0.012090
806,-0.646942,0.019308
807,-0.660009,0.025799
808,-0.673431,0.031542
809,-0.687166,0.036516
810,-0.701169,0.040705
811,-0.715396,0.044094
812,-0.729800,0.046670
813,-0.744336,0.048426
814,-0.758956,0.049353
815,-0.773613,0.049449
816,-0.788260,0.048712
817,-0.802849,0.047143
818,-0.817333,0.044747
819,-0.831665,0.041530
820,-0.845799,0.037502
821,-0.859688,0.032675
822,-0.873287,0.027064
823,-0.886552,0.020686
824,-0.899439,0.013561
825,-0.911907,0.005712
826,-0.923914,-0.002837
827,-0.935422,-0.012059
828,-0.946392,-0.021925
829,-0.956788,-0.032402
830,-0.966577,-0.043459
831,-0.975726,-0.055060
832,-0.984204,-0.067166
833,-0.991983,-0.079741
834,-0.999039,-0.092743
835,-1.005347,-0.106131
836,-1.010480,-0.119374
837,-1.015086,-0.133151
838,-1.018906,-0.147177
839,-1.021925,-0.161406
840,-1.024133,-0.175793
841,-1.025522,-0.190291
842,-1.026086,-0.204853
843,-1.025822,-0.219433
844,-1.024729,-0.233984
845,-1.022812,-0.248457
846,-1.020074,-0.262807
847,-1.016523,-0.276987
848,-1.012171,-0.290950
849,-1.007029,-0.304652
850,-1.001115,-0.318047
851,-0.994445,-0.331091
852,-0.987041,-0.343743
853,-0.978926,-0.355961
854,-0.970126,-0.367704
855,-0.960668,-0.378934
856,-0.950581,-0.389615
857,-0.939899,-0.399710
858,-0.928655,-0.409187
859,-0.916884,-0.418014
860,-0.904625,-0.426163
861,-0.891917,-0.433605
862,-0.878799,-0.440317
863,-0.865316,-0.446275
864,-0.851508,-0.451460
865,-0.837422,-0.455854
866,-0.823535,-0.459191
867,-0.809184,-0.461915
868,-0.794694,-0.463821
869,-0.780110,-0.464902
870,-0.765480,-0.465153
871,-0.750851,-0.464573
872,-0.736270,-0.463161
873,-0.721785,-0.460923
874,-0.707442,-0.457864
875,-0.693289,-0.453994
876,-0.679371,-0.449323
877,-0.665734,-0.443866
878,-0.652422,-0.437640
879,-0.639478,-0.430664
880,-0.626945,-0.422960
881,-0.614864,-0.414552
882,-0.603275,-0.405467
883,-0.592215,-0.395734
884,-0.581721,-0.385383
885,-0.571827,-0.374447
886,-0.562567,-0.362961
887,-0.553970,-0.350962
888,-0.546065,-0.338488
889,-0.538879,-0.325579
890,-0.532435,-0.312276
891,-0.526755,-0.298623
892,-0.521858,-0.284663
893,-0.517761,-0.270441
894,-0.514477,-0.256003
895,-0.512019,-0.241396
896,-0.510553,-0.227004
897,-0.509841,-0.212479
898,-0.509952,-0.197929
899,-0.510890,-0.183400
900,-0.512652,-0.168938
901,-0.515233,-0.154590
902,-0.518628,-0.140403
903,-0.522824,-0.126424
904,-0.527811,-0.112697
905,-0.533572,-0.099267
906,-0.540091,-0.086178
907,-0.547347,-0.073473
908,-0.555317,-0.061194
909,-0.563976,-0.049380
910,-0.573298,-0.038071
911,-0.583252,-0.027304
912,-0.593808,-0.017114
913,-0.604931,-0.007535
914,-0.616587,0.001402
915,-0.628738,0.009666
916,-0.641345,0.017231
917,-0.654369,0.024071
918,-0.667767,0.030163
919,-0.681496,0.035487
920,-0.695512,0.040024
921,-0.709771,0.043759
922,-0.724225,0.046680
923,-0.738829,0.048775
924,-0.753536,0.050038
925,-0.768297,0.050463
926,-0.783065,0.050048
927,-0.797298,0.048696
928,-0.811769,0.046613
929,-0.826107,0.043710
930,-0.840265,0.039996
931,-0.854197,0.035481
932,-0.867858,0.030179
933,-0.881203,0.024107
934,-0.894189,0.017282
935,-0.906773,0.009727
936,-0.918914,0.001465
937,-0.930572,-0.007479
938,-0.941709,-0.017075
939,-0.952289,-0.027293
940,-0.962276,-0.038102
941,-0.971637,-0.049466
942,-0.980342,-0.061350
943,-0.988362,-0.073715
944,-0.995670,-0.086522
945,-1.002241,-0.099730
946,-1.008054,-0.113296
947,-1.013089,-0.127178
948,-1.017329,-0.141329
949,-1.020759,-0.155705
950,-1.023368,-0.170259
951,-1.025146,-0.184945
952,-1.026088,-0.199714
953,-1.026188,-0.214519
954,-1.025446,-0.229313
955,-1.023864,-0.244046
956,-1.021446,-0.258672
957,-1.018158,-0.272744
958,-1.014114,-0.286733
959,-1.009282,-0.300479
960,-1.003674,-0.313936
961,-0.997307,-0.327062
962,-0.990201,-0.339814
963,-0.982378,-0.352148
964,-0.973861,-0.364026
965,-0.964679,-0.375408
966,-0.954859,-0.386256
967,-0.944433,-0.396535
968,-0.933434,-0.406211
969,-0.921897,-0.415251
970,-0.909858,-0.423627
971,-0.897355,-0.431309
972,-0.884430,-0.438273
973,-0.871123,-0.444494
974,-0.857477,-0.449953
975,-0.843535,-0.454630
976,-0.829343,-0.458509
977,-0.814946,-0.461577
978,-0.800391,-0.463824
979,-0.785724,-0.465241
980,-0.770993,-0.465822
981,-0.756246,-0.465566
982,-0.741530,-0.464471
983,-0.726893,-0.462541
984,-0.712383,-0.459781
985,-0.698047,-0.456199
986,-0.683931,-0.451806
987,-0.670081,-0.446616
988,-0.657161,-0.440709
989,-0.644244,-0.434052
990,-0.631717,-0.426668
991,-0.619622,-0.418579
992,-0.607997,-0.409811
993,-0.596882,-0.400391
994,-0.586313,-0.390349
995,-0.576325,-0.379717
996,-0.566951,-0.368528
997,-0.558222,-0.356817
998,-0.550167,-0.344622
999,-0.542813,-0.331982
1000,-0.536185,-0.318938
1001,-0.530305,-0.305530
1002,-0.525193,-0.291802
1003,-0.520866,-0.277798
1004,-0.517340,-0.263562
1005,-0.514626,-0.249142
1006,-0.512735,-0.234582
1007,-0.511673,-0.219931
1008,-0.511445,-0.205236
1009,-0.512052,-0.190543
1010,-0.513494,-0.175901
1011,-0.515767,-0.161357
1012,-0.518864,-0.146959
1013,-0.522775,-0.132752
1014,-0.527490,-0.118784
1015,-0.532994,-0.105100
1016,-0.539269,-0.091744
1017,-0.546297,-0.078760
1018,-0.553929,-0.066661
1019,-0.562304,-0.054715
1020,-0.571349,-0.043258
1021,-0.581036,-0.032325
1022,-0.591334,-0.021954
1023,-0.602211,-0.012179
1024,-0.613632,-0.003032
1025,-0.625561,0.005457
1026,-0.637960,0.013260
1027,-0.650789,0.020349
1028,-0.664008,0.026702
1029,-0.677574,0.032298
1030,-0.691443,0.037116
1031,-0.705571,0.041141
1032,-0.719912,0.044358
1033,-0.734421,0.046757
1034,-0.749050,0.048329
1035,-0.763753,0.049067
1036,-0.778481,0.048969
1037,-0.793187,0.048033
1038,-0.807823,0.046263
1039,-0.822342,0.043663
1040,-0.836697,0.040241
1041,-0.850841,0.036006
1042,-0.864728,0.030972
1043,-0.878312,0.025154
1044,-0.891550,0.018571
1045,-0.904399,0.011242
1046,-0.916815,0.003192
1047,-0.928759,-0.005555
1048,-0.940192,-0.014970
1049,-0.950617,-0.024794
1050,-0.960777,-0.035342
1051,-0.970328,-0.046455
1052,-0.979237,-0.058100
1053,-0.987475,-0.070239
1054,-0.995014,-0.082833
1055,-1.001830,-0.095841
1056,-1.007899,-0.109224
1057,-1.013200,-0.122936
1058,-1.017717,-0.136935
1059,-1.021433,-0.151175
1060,-1.024336,-0.165611
1061,-1.026414,-0.180196
1062,-1.027662,-0.194883
1063,-1.028073,-0.209624
1064,-1.027645,-0.224372
1065,-1.026380,-0.239078
1066,-1.024280,-0.253696
1067,-1.021352,-0.268178
1068,-1.017603,-0.282477
1069,-1.013046,-0.296546
1070,-1.007694,-0.310339
1071,-1.001565,-0.323812
1072,-0.994676,-0.336920
1073,-0.987050,-0.349621
1074,-0.978711,-0.361874
1075,-0.969686,-0.373638
1076,-0.960002,-0.384874
1077,-0.949691,-0.395546
1078,-0.938785,-0.405618
1079,-0.927549,-0.414697
1080,-0.915747,-0.423274
1081,-0.903470,-0.431173
1082,-0.890756,-0.438366
1083,-0.877647,-0.444830
1084,-0.864184,-0.450543
1085,-0.850410,-0.455484
1086,-0.836370,-0.459639
1087,-0.822108,-0.462991
1088,-0.807670,-0.465529
1089,-0.793103,-0.467244
1090,-0.778454,-0.468129
1091,-0.763771,-0.468182
1092,-0.749100,-0.467399
1093,-0.734489,-0.465784
1094,-0.719986,-0.463340
1095,-0.705638,-0.460074
1096,-0.691491,-0.455997
1097,-0.677592,-0.451119
1098,-0.663985,-0.445458
1099,-0.650715,-0.439029
1100,-0.637826,-0.431853
1101,-0.625359,-0.423952
1102,-0.613355,-0.415351
1103,-0.601854,-0.406079
1104,-0.590894,-0.396162
1105,-0.580510,-0.385635
1106,-0.570736,-0.374528
1107,-0.561606,-0.362880
1108,-0.553148,-0.350726
1109,-0.545392,-0.338105
1110,-0.538814,-0.325492
1111,-0.532700,-0.312288
1112,-0.527341,-0.298750
1113,-0.522757,-0.284921
1114,-0.518963,-0.270845
1115,-0.515972,-0.256566
1116,-0.513795,-0.242132
1117,-0.512441,-0.227589
1118,-0.511914,-0.212983
1119,-0.512217,-0.198362
1120,-0.513350,-0.183773
1121,-0.515312,-0.169264
1122,-0.518095,-0.154881
1123,-0.521693,-0.140671
1124,-0.526095,-0.126680
1125,-0.531287,-0.112954
1126,-0.537254,-0.099538
1127,-0.543977,-0.086475
1128,-0.551435,-0.073808
1129,-0.559604,-0.061579
1130,-0.568460,-0.049827
1131,-0.577974,-0.038592
1132,-0.588117,-0.027910
1133,-0.598855,-0.017816
1134,-0.610155,-0.008343
1135,-0.621981,0.000476
1136,-0.634295,0.008613
1137,-0.647057,0.016041
1138,-0.660227,0.022735
1139,-0.673763,0.028672
1140,-0.687224,0.033537
1141,-0.701196,0.037833
1142,-0.715398,0.041331
1143,-0.729785,0.044019
1144,-0.744309,0.045886
1145,-0.758925,0.046927
1146,-0.773584,0.047136
1147,-0.788240,0.046511
1148,-0.802846,0.045055
1149,-0.817352,0.042770
1150,-0.831714,0.039663
1151,-0.845883,0.035743
1152,-0.859815,0.031022
1153,-0.873463,0.025515
1154,-0.886783,0.019238
1155,-0.899731,0.012210
1156,-0.912266,0.004455
1157,-0.924345,-0.004005
1158,-0.935931,-0.013141
1159,-0.946984,-0.022926
1160,-0.957468,-0.033328
1161,-0.967349,-0.044315
1162,-0.976593,-0.055850
1163,-0.985172,-0.067898
1164,-0.993055,-0.080419
1165,-1.000217,-0.093374
1166,-1.006635,-0.106721
1167,-1.012286,-0.120418
1168,-1.017151,-0.134419
1169,-1.021214,-0.148680
1170,-1.024462,-0.163156
1171,-1.026661,-0.177331
1172,-1.028204,-0.191915
1173,-1.028918,-0.206571
1174,-1.028798,-0.221252
1175,-1.027844,-0.235911
1176,-1.026057,-0.250500
1177,-1.023444,-0.264971
1178,-1.020011,-0.279279
1179,-1.015769,-0.293376
1180,-1.010730,-0.307216
1181,-1.004910,-0.320754
1182,-0.998327,-0.333947
1183,-0.991001,-0.346751
1184,-0.982956,-0.359124
1185,-0.974216,-0.371025
1186,-0.964810,-0.382416
1187,-0.954766,-0.393260
1188,-0.944118,-0.403520
1189,-0.932899,-0.413163
1190,-0.921145,-0.422157
1191,-0.908893,-0.430472
1192,-0.896182,-0.438080
1193,-0.883054,-0.444957
1194,-0.869551,-0.451080
1195,-0.855715,-0.456427
1196,-0.841592,-0.460981
1197,-0.827226,-0.464726
1198,-0.812666,-0.467650
1199,-0.797956,-0.469743
1200,-0.783145,-0.470996
1201,-0.768708,-0.471256
1202,-0.754098,-0.470779
1203,-0.739531,-0.469474
1204,-0.725053,-0.467342
1205,-0.710710,-0.464391
1206,-0.696550,-0.460627
1207,-0.682618,-0.456062
1208,-0.668960,-0.450711
1209,-0.655621,-0.444589
1210,-0.642643,-0.437716
1211,-0.630070,-0.430112
1212,-0.617942,-0.421802
1213,-0.606300,-0.412812
1214,-0.595181,-0.403170
1215,-0.584622,-0.392906
1216,-0.574658,-0.382053
1217,-0.565322,-0.370647
1218,-0.556645,-0.358722
1219,-0.548655,-0.346317
1220,-0.541380,-0.333471
1221,-0.534843,-0.320227
1222,-0.529066,-0.306626
1223,-0.524069,-0.292712
1224,-0.519868,-0.278530
1225,-0.516479,-0.264126
1226,-0.513913,-0.249546
1227,-0.512179,-0.234836
1228,-0.511283,-0.220046
1229,-0.511229,-0.205221
1230,-0.512018,-0.190412
1231,-0.513648,-0.175664
1232,-0.516205,-0.161650
1233,-0.519492,-0.147456
1234,-0.523583,-0.133462
1235,-0.528464,-0.119714
1236,-0.534121,-0.106257
1237,-0.540537,-0.093134
1238,-0.547693,-0.080389
1239,-0.555565,-0.068063
1240,-0.564130,-0.056196
1241,-0.573360,-0.044828
1242,-0.583227,-0.033997
1243,-0.593699,-0.023736
1244,-0.604743,-0.014082
1245,-0.616324,-0.005065
1246,-0.628405,0.003284
1247,-0.640948,0.010938
1248,-0.653913,0.017871
1249,-0.667258,0.024059
1250,-0.680940,0.029483
1251,-0.694915,0.034123
1252,-0.709139,0.037964
1253,-0.723566,0.040992
1254,-0.738149,0.043196
1255,-0.752841,0.044570
1256,-0.767594,0.045106
1257,-0.782362,0.044804
1258,-0.797095,0.043662
1259,-0.811747,0.041684
1260,-0.826270,0.038875
1261,-0.840616,0.035244
1262,-0.854243,0.030811
1263,-0.867925,0.025614
1264,-0.881297,0.019645
1265,-0.894316,0.012923
1266,-0.906941,0.005469
1267,-0.919128,-0.002696
1268,-0.930839,-0.011544
1269,-0.942035,-0.021049
1270,-0.952679,-0.031180
1271,-0.962735,-0.041905
1272,-0.972172,-0.053190
1273,-0.980957,-0.064999
1274,-0.989061,-0.077295
1275,-0.996458,-0.090037
1276,-1.003122,-0.103187
1277,-1.009032,-0.116700
1278,-1.014166,-0.130535
1279,-1.018509,-0.144645
1280,-1.022044,-0.158987
1281,-1.024761,-0.173514
1282,-1.026648,-0.188178
1283,-1.027700,-0.202933
1284,-1.027911,-0.217731
1285,-1.027281,-0.232524
1286,-1.025811,-0.247263
1287,-1.023504,-0.261902
1288,-1.020368,-0.276393
1289,-1.016411,-0.290688
1290,-1.011646,-0.304741
1291,-1.006088,-0.318506
1292,-0.999753,-0.331939
1293,-0.992781,-0.344374
1294,-0.985058,-0.356742
1295,-0.976641,-0.368658
1296,-0.967555,-0.380085
1297,-0.957828,-0.390985
1298,-0.947492,-0.401322
1299,-0.936579,-0.411061
1300,-0.925124,-0.420170
1301,-0.913162,-0.428619
1302,-0.900733,-0.436380
1303,-0.887876,-0.443427
1304,-0.874631,-0.449736
1305,-0.861042,-0.455286
1306,-0.847151,-0.460058
1307,-0.833004,-0.464036
1308,-0.818646,-0.467205
1309,-0.804123,-0.469556
1310,-0.789483,-0.471078
1311,-0.774771,-0.471766
1312,-0.760037,-0.471618
1313,-0.745327,-0.470632
1314,-0.730689,-0.468811
1315,-0.716171,-0.466161
1316,-0.701820,-0.462688
1317,-0.687682,-0.458403
1318,-0.673804,-0.453319
1319,-0.660231,-0.447452
1320,-0.647007,-0.440820
1321,-0.634174,-0.433444
1322,-0.621776,-0.425347
1323,-0.610320,-0.416725
1324,-0.599061,-0.407362
1325,-0.588345,-0.397370
1326,-0.578208,-0.386779
1327,-0.568683,-0.375624
1328,-0.559802,-0.363938
1329,-0.551594,-0.351760
1330,-0.544087,-0.339129
1331,-0.537305,-0.326084
1332,-0.531272,-0.312668
1333,-0.526008,-0.298923
1334,-0.521531,-0.284894
1335,-0.517856,-0.270625
1336,-0.514996,-0.256164
1337,-0.512961,-0.241556
1338,-0.511759,-0.226848
1339,-0.511394,-0.212088
1340,-0.511869,-0.197324
1341,-0.513182,-0.182604
1342,-0.515330,-0.167975
1343,-0.518308,-0.153485
1344,-0.522106,-0.139180
1345,-0.526713,-0.125108
1346,-0.532115,-0.111315
1347,-0.538295,-0.097844
1348,-0.545233,-0.084741
1349,-0.552909,-0.072047
1350,-0.561297,-0.059805
1351,-0.570371,-0.048055
1352,-0.580102,-0.036834
1353,-0.590460,-0.026180
1354,-0.601098,-0.016678
1355,-0.612423,-0.007484
1356,-0.624259,0.001058
1357,-0.636570,0.008920
1358,-0.649315,0.016074
1359,-0.662453,0.022497
1360,-0.675944,0.028168
1361,-0.689743,0.033067
1362,-0.703806,0.037176
1363,-0.718089,0.040483
1364,-0.732545,0.042974
1365,-0.747127,0.044642
1366,-0.761789,0.045479
1367,-0.776484,0.045482
1368,-0.791163,0.044651
1369,-0.805779,0.042985
1370,-0.820285,0.040491
1371,-0.834633,0.037176
1372,-0.848778,0.033048
1373,-0.862672,0.028121
1374,-0.876271,0.022410
1375,-0.889531,0.015932
1376,-0.902408,0.008707
1377,-0.914859,0.000759
1378,-0.926845,-0.007888
1379,-0.938326,-0.017207
1380,-0.949264,-0.027168
1381,-0.959623,-0.037740
1382,-0.969369,-0.048888
1383,-0.978471,-0.060577
1384,-0.986511,-0.072455
1385,-0.994137,-0.084984
1386,-1.001044,-0.097933
1387,-1.007209,-0.111260
1388,-1.012609,-0.124925
1389,-1.017228,-0.138881
1390,-1.021048,-0.153086
1391,-1.024057,-0.167492
1392,-1.026244,-0.182054
1393,-1.027601,-0.196725
1394,-1.028123,-0.211456
1395,-1.027807,-0.226202
1396,-1.026653,-0.240913
1397,-1.024664,-0.255542
1398,-1.021846,-0.270042
1399,-1.018207,-0.284365
1400,-1.013758,-0.298466
1401,-1.008512,-0.312297
1402,-1.002486,-0.325815
1403,-0.995698,-0.338974
1404,-0.988170,-0.351732
1405,-0.979925,-0.364048
1406,-0.970990,-0.375880
1407,-0.961392,-0.387191
1408,-0.951162,-0.397943
1409,-0.940333,-0.408100
1410,-0.928940,-0.417629
1411,-0.917018,-0.426499
1412,-0.904606,-0.434681
1413,-0.891744,-0.442147
1414,-0.878754,-0.448587
1415,-0.865344,-0.454392
1416,-0.851618,-0.459431
1417,-0.837620,-0.463685
1418,-0.823394,-0.467140
1419,-0.808986,-0.469783
1420,-0.794442,-0.471605
1421,-0.779809,-0.472599
1422,-0.765135,-0.472761
1423,-0.750468,-0.472088
1424,-0.735853,-0.470583
1425,-0.721339,-0.468249
1426,-0.706974,-0.465092
1427,-0.692803,-0.461123
1428,-0.678872,-0.456352
1429,-0.665228,-0.450795
1430,-0.651915,-0.444468
1431,-0.638975,-0.437392
1432,-0.626452,-0.429588
1433,-0.614386,-0.421081
1434,-0.602817,-0.411897
1435,-0.591783,-0.402066
1436,-0.581321,-0.391619
1437,-0.571464,-0.380589
1438,-0.562245,-0.369011
1439,-0.553695,-0.356922
1440,-0.545842,-0.344361
1441,-0.538712,-0.331367
1442,-0.532330,-0.317984
1443,-0.526715,-0.304253
1444,-0.521888,-0.290220
1445,-0.518131,-0.276358
1446,-0.514978,-0.262015
1447,-0.512644,-0.247509
1448,-0.511136,-0.232885
1449,-0.510460,-0.218191
1450,-0.510621,-0.203473
1451,-0.511618,-0.188781
1452,-0.513448,-0.174161
1453,-0.516108,-0.159661
1454,-0.519588,-0.145328
1455,-0.523880,-0.131209
1456,-0.528969,-0.117349
1457,-0.534841,-0.103793
1458,-0.541476,-0.090587
1459,-0.548855,-0.077772
1460,-0.556954,-0.065392
1461,-0.565748,-0.053485
1462,-0.575208,-0.042093
1463,-0.585305,-0.031251
1464,-0.596007,-0.020996
1465,-0.607280,-0.011361
1466,-0.619087,-0.002378
1467,-0.631392,0.005923
1468,-0.644154,0.013514
1469,-0.657332,0.020371
1470,-0.670885,0.026470
1471,-0.684768,0.031792
1472,-0.698937,0.036317
1473,-0.713347,0.040031
1474,-0.727950,0.042922
1475,-0.742317,0.044791
1476,-0.756907,0.045934
1477,-0.771547,0.046249
1478,-0.786190,0.045732
1479,-0.800789,0.044384
1480,-0.815297,0.042207
1481,-0.829666,0.039209
1482,-0.843850,0.035397
1483,-0.857803,0.030783
1484,-0.871479,0.025381
1485,-0.884834,0.019208
1486,-0.897824,0.012282
1487,-0.910406,0.004625
1488,-0.922540,-0.003738
1489,-0.934185,-0.012782
1490,-0.945304,-0.022478
1491,-0.955859,-0.032796
1492,-0.965817,-0.043702
1493,-0.975143,-0.055162
1494,-0.983808,-0.067139
1495,-0.991782,-0.079595
1496,-0.999039,-0.092491
1497,-1.005554,-0.105785
1498,-1.011307,-0.119434
1499,-1.016277,-0.133394
1500,-1.020447,-0.147621
1501,-1.023804,-0.162068
1502,-1.026336,-0.176690
1503,-1.028033,-0.191438
1504,-1.028890,-0.206266
1505,-1.028902,-0.221124
1506,-1.027957,-0.235470
1507,-1.026282,-0.250072
1508,-1.023780,-0.264565
1509,-1.020458,-0.278900
1510,-1.016323,-0.293030
1511,-1.011391,-0.306911
1512,-1.005674,-0.320497
1513,-0.999192,-0.333743
1514,-0.991964,-0.346607
1515,-0.984013,-0.359045
1516,-0.975363,-0.371018
1517,-0.966043,-0.382486
1518,-0.956081,-0.393411
1519,-0.945509,-0.403758
1520,-0.934361,-0.413493
1521,-0.922672,-0.422582
1522,-0.910480,-0.430997
1523,-0.897823,-0.438709
1524,-0.884742,-0.445692
1525,-0.871280,-0.451924
1526,-0.857478,-0.457383
1527,-0.843383,-0.462051
1528,-0.829039,-0.465912
1529,-0.814492,-0.468952
1530,-0.799789,-0.471162
1531,-0.784978,-0.472534
1532,-0.770107,-0.473061
1533,-0.755224,-0.472742
1534,-0.740377,-0.471577
1535,-0.725615,-0.469569
1536,-0.711408,-0.466672
1537,-0.697226,-0.463015
1538,-0.683266,-0.458557
1539,-0.669574,-0.453311
1540,-0.656193,-0.447292
1541,-0.643168,-0.440519
1542,-0.630541,-0.433013
1543,-0.618354,-0.424798
1544,-0.606646,-0.415898
1545,-0.595456,-0.406342
1546,-0.584821,-0.396161
1547,-0.574776,-0.385386
1548,-0.565354,-0.374051
1549,-0.556586,-0.362194
1550,-0.548501,-0.349850
1551,-0.541127,-0.337061
1552,-0.534488,-0.323867
1553,-0.528606,-0.310310
1554,-0.523501,-0.296433
1555,-0.519191,-0.282282
1556,-0.515690,-0.267902
1557,-0.513011,-0.253339
1558,-0.511162,-0.238640
1559,-0.510151,-0.223852
1560,-0.509982,-0.209025
1561,-0.510656,-0.194204
1562,-0.512172,-0.179440
1563,-0.514526,-0.164778
1564,-0.517710,-0.150268
1565,-0.521716,-0.135955
1566,-0.526531,-0.121888
1567,-0.532092,-0.108733
1568,-0.538407,-0.095562
1569,-0.545465,-0.082761
1570,-0.553242,-0.070375
1571,-0.561716,-0.058442
1572,-0.570859,-0.047002
1573,-0.580643,-0.036092
1574,-0.591038,-0.025750
1575,-0.602009,-0.016009
1576,-0.613522,-0.006900
1577,-0.625542,0.001545
1578,-0.638028,0.009298
1579,-0.650943,0.016333
1580,-0.664243,0.022628
1581,-0.677888,0.028160
1582,-0.691832,0.032911
1583,-0.706031,0.036864
1584,-0.720440,0.040006
1585,-0.735012,0.042326
1586,-0.749700,0.043815
1587,-0.764457,0.044468
1588,-0.779234,0.044281
1589,-0.793985,0.043255
1590,-0.808661,0.041391
1591,-0.823214,0.038695
1592,-0.837598,0.035175
1593,-0.851765,0.030841
1594,-0.865670,0.025707
1595,-0.879267,0.019787
1596,-0.892512,0.013102
1597,-0.904882,0.005789
1598,-0.917137,-0.002284
1599,-0.928922,-0.011044
1600,-0.940197,-0.020465
1601,-0.950925,-0.030517
1602,-0.961071,-0.041168
1603,-0.970600,-0.052385
1604,-0.979483,-0.064131
1605,-0.987688,-0.076370
1606,-0.995190,-0.089061
1607,-1.001962,-0.102166
1608,-1.007981,-0.115641
1609,-1.013229,-0.129444
1610,-1.017686,-0.143530
1611,-1.021338,-0.157853
1612,-1.024171,-0.172369
1613,-1.026176,-0.187029
1614,-1.027346,-0.201787
1615,-1.027675,-0.216594
1616,-1.027162,-0.231404
1617,-1.025808,-0.246168
1618,-1.023616,-0.260837
1619,-1.020592,-0.275365
1620,-1.016746,-0.289705
1621,-1.012089,-0.303809
1622,-1.006636,-0.317632
1623,-1.000403,-0.331128
1624,-0.993410,-0.344254
1625,-0.985679,-0.356967
1626,-0.977235,-0.369225
1627,-0.968103,-0.380988
1628,-0.958564,-0.391639
1629,-0.948306,-0.402058
1630,-0.937465,-0.411885
1631,-0.926077,-0.421087
1632,-0.914178,-0.429632
1633,-0.901805,-0.437494
1634,-0.888997,-0.444644
1635,-0.875796,-0.451059
1636,-0.862244,-0.456719
1637,-0.848385,-0.461602
1638,-0.834262,-0.465693
1639,-0.819921,-0.468977
1640,-0.805409,-0.471443
1641,-0.790772,-0.473081
1642,-0.776057,-0.473886
1643,-0.761312,-0.473854
1644,-0.746585,-0.472984
1645,-0.731923,-0.471278
1646,-0.717374,-0.468740
1647,-0.702985,-0.465379
1648,-0.688803,-0.461203
1649,-0.674874,-0.456226
1650,-0.661243,-0.450462
1651,-0.647956,-0.443930
1652,-0.635054,-0.436650
1653,-0.622581,-0.428645
1654,-0.610577,-0.419940
1655,-0.599082,-0.410562
1656,-0.588133,-0.400542
1657,-0.577767,-0.389911
1658,-0.568434,-0.378971
1659,-0.559457,-0.367349
1660,-0.551149,-0.355229
1661,-0.543538,-0.342650
1662,-0.536650,-0.329651
1663,-0.530508,-0.316274
1664,-0.525132,-0.302563
1665,-0.520541,-0.288560
1666,-0.516751,-0.274311
1667,-0.513774,-0.259862
1668,-0.511622,-0.245260
1669,-0.510302,-0.230551
1670,-0.509819,-0.215783
1671,-0.510177,-0.201004
1672,-0.511374,-0.186261
1673,-0.513408,-0.171603
1674,-0.516273,-0.157077
1675,-0.519960,-0.142730
1676,-0.524459,-0.128609
1677,-0.529755,-0.114760
1678,-0.535833,-0.101227
1679,-0.542673,-0.088056
1680,-0.550254,-0.075288
1681,-0.558552,-0.062967
1682,-0.567541,-0.051132
1683,-0.577192,-0.039821
1684,-0.587475,-0.029073
1685,-0.598357,-0.018922
1686,-0.609803,-0.009403
1687,-0.621777,-0.000545
1688,-0.634241,0.007621
1689,-0.646728,0.014602
1690,-0.659820,0.021130
1691,-0.673271,0.026908
1692,-0.687037,0.031916
1693,-0.701074,0.036138
1694,-0.715337,0.039558
1695,-0.729780,0.042164
1696,-0.744357,0.043947
1697,-0.759020,0.044900
1698,-0.773722,0.045019
1699,-0.788415,0.044302
1700,-0.803053,0.042751
1701,-0.817588,0.040371
1702,-0.831971,0.037166
1703,-0.846158,0.033148
1704,-0.860101,0.028328
1705,-0.873755,0.022720
1706,-0.887076,0.016343
1707,-0.900019,0.009215
1708,-0.912544,0.001360
1709,-0.924608,-0.007199
1710,-0.936172,-0.016434
1711,-0.947199,-0.026316
1712,-0.957651,-0.036814
1713,-0.967495,-0.047894
1714,-0.976698,-0.059521
1715,-0.985229,-0.071658
1716,-0.993061,-0.084266
1717,-1.000167,-0.097305
1718,-1.006523,-0.110733
1719,-1.011802,-0.124115
1720,-1.016532,-0.138044
1721,-1.020467,-0.152227
1722,-1.023592,-0.166619
1723,-1.025896,-0.181173
1724,-1.027370,-0.195843
1725,-1.028009,-0.210581
1726,-1.027810,-0.225339
1727,-1.026772,-0.240070
1728,-1.024898,-0.254727
1729,-1.022194,-0.269260
1730,-1.018666,-0.283625
1731,-1.014325,-0.297772
1732,-1.009185,-0.311658
1733,-1.003262,-0.325235
1734,-0.996573,-0.338461
1735,-0.989140,-0.351291
1736,-0.980986,-0.363685
1737,-0.972137,-0.375600
1738,-0.962621,-0.386999
1739,-0.952467,-0.397844
1740,-0.941709,-0.408098
1741,-0.930380,-0.417729
1742,-0.918517,-0.426705
1743,-0.906158,-0.434996
1744,-0.893342,-0.442573
1745,-0.880110,-0.449413
1746,-0.866505,-0.455493
1747,-0.852570,-0.460791
1748,-0.838351,-0.465291
1749,-0.824230,-0.468760
1750,-0.809836,-0.471515
1751,-0.795300,-0.473452
1752,-0.780669,-0.474562
1753,-0.765989,-0.474838
1754,-0.751308,-0.474281
1755,-0.736674,-0.472890
1756,-0.722133,-0.470669
1757,-0.707734,-0.467624
1758,-0.693523,-0.463765
1759,-0.679546,-0.459101
1760,-0.665849,-0.453649
1761,-0.652476,-0.447423
1762,-0.639471,-0.440445
1763,-0.626876,-0.432734
1764,-0.614734,-0.424317
1765,-0.603083,-0.415218
1766,-0.591962,-0.405467
1767,-0.581407,-0.395094
1768,-0.571454,-0.384134
1769,-0.562134,-0.372619
1770,-0.553480,-0.360588
1771,-0.545520,-0.348078
1772,-0.538279,-0.335130
1773,-0.531783,-0.321785
1774,-0.526053,-0.308086
1775,-0.521108,-0.294077
1776,-0.516966,-0.279803
1777,-0.513640,-0.265310
1778,-0.511142,-0.250645
1779,-0.509481,-0.235856
1780,-0.508827,-0.221466
1781,-0.508872,-0.206738
1782,-0.509753,-0.192028
1783,-0.511469,-0.177383
1784,-0.514015,-0.162852
1785,-0.517384,-0.148480
1786,-0.521567,-0.134316
1787,-0.526550,-0.120404
1788,-0.532318,-0.106791
1789,-0.538853,-0.093521
1790,-0.546136,-0.080636
1791,-0.554143,-0.068180
1792,-0.562850,-0.056193
1793,-0.572227,-0.044714
1794,-0.582247,-0.033781
1795,-0.592877,-0.023430
1796,-0.604084,-0.013695
1797,-0.615831,-0.004609
1798,-0.628081,0.003799
1799,-0.640795,0.011501
