0,-0.869687,1.668080
1,-0.869687,1.668080
2,-0.869687,1.668080
3,-0.869687,1.668080
4,-0.869687,1.668080
5,-0.869687,1.668080
6,-0.869687,1.668080
7,-0.881179,1.672323
8,-0.897542,1.676911
9,-0.914154,1.680508
10,-0.930945,1.683154
11,-0.947858,1.684841
12,-0.964840,1.685562
13,-0.969587,1.685737
14,-0.981020,1.681337
15,-0.996339,1.673981
16,-1.011191,1.665715
17,-1.025550,1.656618
18,-1.039367,1.646719
19,-1.052599,1.636049
20,-1.065202,1.624644
21,-1.077136,1.612541
22,-1.088362,1.599778
23,-1.098844,1.586397
24,-1.108547,1.572441
25,-1.117441,1.557956
26,-1.119903,1.553894
27,-1.121622,1.541765
28,-1.122649,1.524803
29,-1.122655,1.507805
30,-1.121694,1.490835
31,-1.119769,1.473947
32,-1.116887,1.457195
33,-1.113055,1.440635
34,-1.108288,1.424320
35,-1.102601,1.408302
36,-1.096011,1.392634
37,-1.094144,1.388266
38,-1.085289,1.379802
39,-1.072102,1.369083
40,-1.058292,1.359174
41,-1.043940,1.350066
42,-1.029093,1.341790
43,-1.013800,1.334372
44,-0.998109,1.327837
45,-0.982072,1.322204
46,-0.965740,1.317493
47,-0.949167,1.313719
48,-0.932406,1.310894
49,-0.915511,1.309027
50,-0.898538,1.308125
51,-0.881540,1.308189
52,-0.864574,1.309221
53,-0.847694,1.311216
54,-0.830955,1.314168
55,-0.826282,1.315020
56,-0.826282,1.315020
57,-0.826282,1.315020
58,-0.826282,1.315020
59,-0.826282,1.315020
60,-0.826282,1.315020
61,-0.826282,1.315020
62,-0.838055,1.318407
63,-0.854710,1.321780
64,-0.871542,1.324147
65,-0.888481,1.325552
66,-0.905473,1.325991
67,-0.922463,1.325463
68,-0.939394,1.323969
69,-0.956214,1.321514
70,-0.972866,1.318106
71,-0.977514,1.317127
72,-0.987543,1.310092
73,-1.000627,1.299248
74,-1.013039,1.287635
75,-1.016489,1.284371
76,-1.016489,1.284371
77,-1.016848,1.272126
78,-1.015982,1.255154
79,-1.014096,1.238261
80,-1.011253,1.221503
81,-1.007461,1.204934
82,-1.002732,1.188608
83,-0.997082,1.172577
84,-0.990529,1.156893
85,-0.983094,1.141608
86,-0.980992,1.137348
87,-0.971688,1.129380
88,-0.957936,1.119396
89,-0.943606,1.110255
90,-0.928779,1.101944
91,-0.913503,1.094490
92,-0.897828,1.087917
93,-0.881804,1.082247
94,-0.865483,1.077498
95,-0.848919,1.073685
96,-0.832165,1.070820
97,-0.815274,1.068914
98,-0.798303,1.067971
99,-0.781305,1.067996
100,-0.764337,1.068988
101,-0.747452,1.070943
102,-0.730706,1.073856
103,-0.726031,1.074697
104,-0.726031,1.074697
105,-0.726031,1.074697
106,-0.726031,1.074697
107,-0.726031,1.074697
108,-0.726031,1.074697
109,-0.735694,1.082227
110,-0.749893,1.091564
111,-0.764630,1.100032
112,-0.779826,1.107649
113,-0.795430,1.114388
114,-0.811393,1.120229
115,-0.827662,1.125152
116,-0.844185,1.129141
117,-0.860908,1.132184
118,-0.877777,1.134271
119,-0.894737,1.135394
120,-0.899478,1.135681
121,-0.899478,1.135681
122,-0.899478,1.135681
123,-0.899478,1.135681
124,-0.900562,1.123479
125,-0.900702,1.106486
126,-0.899821,1.089511
127,-0.897975,1.072614
128,-0.895171,1.055849
129,-0.891418,1.039271
130,-0.886728,1.022934
131,-0.881115,1.006890
132,-0.879522,1.002415
133,-0.871204,0.993421
134,-0.858702,0.981911
135,-0.845529,0.971170
136,-0.831765,0.961196
137,-0.817456,0.952021
138,-0.802649,0.943675
139,-0.787390,0.936186
140,-0.771730,0.929576
141,-0.767344,0.927754
142,-0.755094,0.927882
143,-0.738171,0.929423
144,-0.721366,0.931978
145,-0.716674,0.932719
146,-0.716674,0.932719
147,-0.716674,0.932719
148,-0.716674,0.932719
149,-0.718244,0.944868
150,-0.721766,0.961492
151,-0.726282,0.977879
152,-0.731723,0.993982
153,-0.738071,1.009750
154,-0.745306,1.025131
155,-0.753405,1.040075
156,-0.755692,1.044238
157,-0.755692,1.044238
158,-0.755692,1.044238
159,-0.755692,1.044238
160,-0.755692,1.044238
161,-0.755692,1.044238
162,-0.759749,1.032680
163,-0.764073,1.016245
164,-0.767403,0.999577
165,-0.769779,0.982746
166,-0.771193,0.965808
167,-0.771642,0.948816
168,-0.774393,0.934173
169,-0.772943,0.917287
170,-0.772502,0.912558
171,-0.772502,0.912558
172,-0.763085,0.904723
173,-0.749797,0.895007
174,-0.738385,0.887231
175,-0.725230,0.880250
176,-0.711633,0.873978
177,-0.697695,0.868483
178,-0.683466,0.863789
179,-0.668993,0.859913
180,-0.654323,0.856866
181,-0.639503,0.854659
182,-0.624581,0.853298
183,-0.609607,0.852788
184,-0.594628,0.853131
185,-0.579694,0.854325
186,-0.564851,0.856367
187,-0.550149,0.859250
188,-0.535642,0.862934
189,-0.521395,0.867462
190,-0.507397,0.872804
191,-0.493724,0.878933
192,-0.480420,0.885831
193,-0.467531,0.893474
194,-0.455097,0.901837
195,-0.443160,0.910895
196,-0.431757,0.920617
197,-0.420926,0.930971
198,-0.410701,0.941925
199,-0.401116,0.953443
200,-0.392202,0.965487
201,-0.383988,0.978019
202,-0.376500,0.990997
203,-0.369762,1.004381
204,-0.363797,1.018126
205,-0.358623,1.032187
206,-0.354258,1.046521
207,-0.350680,1.061217
208,-0.347974,1.075954
209,-0.346108,1.090829
210,-0.345090,1.105786
211,-0.344896,1.120756
212,-0.345589,1.135713
213,-0.347129,1.150627
214,-0.349516,1.165430
215,-0.352740,1.180073
216,-0.356792,1.194510
217,-0.361659,1.208693
218,-0.367325,1.222575
219,-0.373772,1.236113
220,-0.381079,1.249362
221,-0.389021,1.262067
222,-0.397677,1.274315
223,-0.407016,1.286052
224,-0.417008,1.297239
225,-0.427621,1.307839
226,-0.438819,1.317819
227,-0.450566,1.327145
228,-0.462824,1.335788
229,-0.475555,1.343719
230,-0.488716,1.350913
231,-0.502265,1.357347
232,-0.516157,1.363000
233,-0.530408,1.367863
234,-0.544899,1.371925
235,-0.559537,1.375120
236,-0.574356,1.377489
237,-0.589289,1.379013
238,-0.604284,1.379685
239,-0.619293,1.379503
240,-0.634268,1.378468
241,-0.649159,1.376582
242,-0.660384,1.376790
243,-0.672042,1.375837
244,-0.685712,1.371706
245,-0.694036,1.369535
246,-0.704000,1.365573
247,-0.714116,1.359637
248,-0.724338,1.352263
249,-0.735625,1.343882
250,-0.746858,1.334779
251,-0.758417,1.325071
252,-0.769541,1.314709
253,-0.780055,1.303696
254,-0.789142,1.292779
255,-0.796044,1.282925
256,-0.802661,1.272099
257,-0.808188,1.260885
258,-0.812933,1.249114
259,-0.817894,1.236111
260,-0.822479,1.222455
261,-0.826500,1.208321
262,-0.830016,1.193529
263,-0.832861,1.178197
264,-0.834968,1.162404
265,-0.836139,1.146623
266,-0.836483,1.130457
267,-0.830323,1.127919
268,-0.823573,1.124661
269,-0.816124,1.120564
270,-0.807890,1.115377
271,-0.800420,1.105451
272,-0.793101,1.092646
273,-0.786487,1.077425
274,-0.779453,1.061951
275,-0.771550,1.046903
276,-0.763733,1.034278
277,-0.755701,1.022843
278,-0.747006,1.011770
279,-0.737692,1.001196
280,-0.727792,0.991167
281,-0.717337,0.981718
282,-0.706362,0.972879
283,-0.694903,0.964678
284,-0.682995,0.957143
285,-0.670678,0.950297
286,-0.657992,0.944163
287,-0.644978,0.938761
288,-0.631679,0.934108
289,-0.618136,0.930219
290,-0.604393,0.927107
291,-0.590497,0.924781
292,-0.576491,0.923250
293,-0.562421,0.922518
294,-0.548332,0.922587
295,-0.534270,0.923458
296,-0.520281,0.925127
297,-0.506410,0.927589
298,-0.492701,0.930837
299,-0.478896,0.934965
300,-0.465632,0.939754
301,-0.452666,0.945287
302,-0.440037,0.951549
303,-0.427786,0.958520
304,-0.415950,0.966175
305,-0.404570,0.974491
306,-0.393681,0.983441
307,-0.383310,0.992997
308,-0.373532,1.003072
309,-0.364329,1.013741
310,-0.355743,1.024918
311,-0.347807,1.036566
312,-0.340546,1.048646
313,-0.333985,1.061120
314,-0.328143,1.073946
315,-0.323041,1.087083
316,-0.318694,1.100490
317,-0.315026,1.114426
318,-0.312227,1.128266
319,-0.310220,1.142227
320,-0.309012,1.156279
321,-0.308604,1.170376
322,-0.308999,1.184473
323,-0.310196,1.198525
324,-0.312190,1.212486
325,-0.314974,1.226310
326,-0.318540,1.239953
327,-0.322877,1.253371
328,-0.327969,1.266520
329,-0.333799,1.279367
330,-0.340309,1.291813
331,-0.347563,1.303899
332,-0.355493,1.315558
333,-0.364074,1.326747
334,-0.373277,1.337430
335,-0.383278,1.347806
336,-0.393661,1.357394
337,-0.404555,1.366365
338,-0.415941,1.374701
339,-0.427783,1.382375
340,-0.440041,1.389363
341,-0.452676,1.395642
342,-0.465648,1.401192
343,-0.479023,1.406362
344,-0.493509,1.411676
345,-0.508441,1.416028
346,-0.523657,1.419402
347,-0.539186,1.421781
348,-0.543300,1.422365
349,-0.555074,1.418983
350,-0.569673,1.412983
351,-0.585184,1.406049
352,-0.589510,1.404087
353,-0.589510,1.404087
354,-0.593840,1.392628
355,-0.598552,1.376300
356,-0.602276,1.359716
357,-0.605049,1.342946
358,-0.606864,1.326046
359,-0.607715,1.309070
360,-0.607598,1.292072
361,-0.606515,1.275109
362,-0.606185,1.270371
363,-0.606185,1.270371
364,-0.606185,1.270371
365,-0.594628,1.266307
366,-0.578196,1.261974
367,-0.561530,1.258635
368,-0.544700,1.256250
369,-0.527763,1.254827
370,-0.510771,1.254369
371,-0.493781,1.254879
372,-0.489034,1.255048
373,-0.489034,1.255048
374,-0.489034,1.255048
375,-0.489034,1.255048
376,-0.489034,1.255048
377,-0.489034,1.255048
378,-0.489034,1.255048
379,-0.500196,1.260096
380,-0.516192,1.265834
381,-0.532508,1.270601
382,-0.537074,1.271907
383,-0.549228,1.270372
384,-0.565863,1.266899
385,-0.582263,1.262430
386,-0.598381,1.257036
387,-0.614167,1.250733
388,-0.629569,1.243543
389,-0.644537,1.235487
390,-0.659022,1.226594
391,-0.672977,1.216890
392,-0.686358,1.206409
393,-0.699121,1.195182
394,-0.711225,1.183248
395,-0.722629,1.170645
396,-0.733299,1.157413
397,-0.743198,1.143596
398,-0.751739,1.130834
399,-0.752100,1.130962
400,-0.751509,1.128232
401,-0.750262,1.120870
402,-0.746929,1.115227
403,-0.742096,1.109866
404,-0.737963,1.099128
405,-0.735281,1.082413
406,-0.731348,1.066321
407,-0.729641,1.063887
408,-0.729641,1.063887
409,-0.729641,1.063887
410,-0.717608,1.061590
411,-0.700714,1.059751
412,-0.683736,1.058931
413,-0.666739,1.059079
414,-0.649778,1.060193
415,-0.632908,1.062271
416,-0.628197,1.062878
417,-0.628197,1.062878
418,-0.628197,1.062878
419,-0.628197,1.062878
420,-0.629422,1.075066
421,-0.632471,1.091785
422,-0.636520,1.108293
423,-0.641502,1.124544
424,-0.647400,1.140485
425,-0.654196,1.156065
426,-0.661867,1.171233
427,-0.668261,1.182955
428,-0.669739,1.185618
429,-0.669943,1.189448
430,-0.670085,1.191711
431,-0.676896,1.194640
432,-0.685572,1.200925
433,-0.690719,1.206355
434,-0.695937,1.211443
435,-0.703782,1.214126
436,-0.713261,1.214142
437,-0.723132,1.212619
438,-0.732965,1.209940
439,-0.742617,1.206173
440,-0.751999,1.201338
441,-0.761069,1.197200
442,-0.762639,1.196536
443,-0.762639,1.196536
444,-0.759206,1.192295
445,-0.754017,1.190659
446,-0.744969,1.185604
447,-0.738290,1.185418
448,-0.734387,1.187578
449,-0.733151,1.188118
450,-0.721535,1.184220
451,-0.705043,1.180122
452,-0.688330,1.177022
453,-0.671469,1.174877
454,-0.654512,1.173695
455,-0.637516,1.173480
456,-0.632766,1.173447
457,-0.632766,1.173447
458,-0.632766,1.173447
459,-0.632766,1.173447
460,-0.632766,1.173447
461,-0.632766,1.173447
462,-0.640880,1.182625
463,-0.653121,1.194413
464,-0.666050,1.205446
465,-0.679587,1.215726
466,-0.693686,1.225219
467,-0.708303,1.233895
468,-0.723390,1.241725
469,-0.738898,1.248684
470,-0.754776,1.254749
471,-0.770974,1.259901
472,-0.787439,1.264123
473,-0.804117,1.267401
474,-0.820955,1.269726
475,-0.837898,1.271088
476,-0.854891,1.271484
477,-0.871879,1.270913
478,-0.888807,1.269376
479,-0.905620,1.266879
480,-0.922264,1.263429
481,-0.938684,1.259038
482,-0.954828,1.253719
483,-0.959331,1.252207
484,-0.959331,1.252207
485,-0.959331,1.252207
486,-0.960355,1.240000
487,-0.960413,1.223006
488,-0.959449,1.206036
489,-0.957521,1.189148
490,-0.954635,1.172398
491,-0.950801,1.155838
492,-0.946031,1.139524
493,-0.940341,1.123507
494,-0.933749,1.107840
495,-0.931881,1.103472
496,-0.931881,1.103472
497,-0.931881,1.103472
498,-0.919631,1.103428
499,-0.902687,1.104729
500,-0.885849,1.107047
501,-0.869169,1.110320
502,-0.864513,1.111261
503,-0.864513,1.111261
504,-0.864513,1.111261
505,-0.864513,1.111261
506,-0.864513,1.111261
507,-0.870925,1.121699
508,-0.880952,1.135419
509,-0.891787,1.148515
510,-0.903351,1.160973
511,-0.915604,1.172753
512,-0.928508,1.183817
513,-0.942020,1.194129
514,-0.956098,1.203655
515,-0.970694,1.212365
516,-0.985762,1.220230
517,-1.001253,1.227226
518,-1.009322,1.230530
519,-1.014277,1.229774
520,-1.019738,1.227859
521,-1.025030,1.225757
522,-1.029759,1.225635
523,-1.034663,1.224342
524,-1.039602,1.222504
525,-1.044447,1.220264
526,-1.049178,1.217527
527,-1.054402,1.220068
528,-1.055651,1.223104
529,-1.055845,1.221856
530,-1.055643,1.219527
531,-1.055820,1.217562
532,-1.056016,1.215629
533,-1.055838,1.213464
534,-1.055291,1.211154
535,-1.054786,1.208525
536,-1.054329,1.205553
537,-1.056819,1.200395
538,-1.060281,1.195983
539,-1.065866,1.195267
540,-1.073469,1.194191
541,-1.080702,1.193463
542,-1.087465,1.192268
543,-1.094716,1.190356
544,-1.101322,1.188653
545,-1.107536,1.186586
546,-1.113309,1.183949
547,-1.118479,1.180633
548,-1.122800,1.176556
549,-1.126702,1.171796
550,-1.129879,1.165963
551,-1.132667,1.160180
552,-1.138843,1.155747
553,-1.145955,1.151673
554,-1.152660,1.146891
555,-1.156864,1.140562
556,-1.159642,1.133635
557,-1.161959,1.127730
558,-1.175074,1.122403
559,-1.178603,1.121092
560,-1.180290,1.118371
561,-1.183977,1.117095
562,-1.189484,1.112689
563,-1.193816,1.108155
564,-1.199765,1.101471
565,-1.205569,1.094194
566,-1.210730,1.087696
567,-1.215119,1.082383
568,-1.218318,1.078538
569,-1.221113,1.073815
570,-1.228248,1.063819
571,-1.234012,1.054828
572,-1.235224,1.052723
573,-1.235031,1.052516
574,-1.234773,1.053011
575,-1.234959,1.052804
576,-1.234959,1.052804
577,-1.234959,1.052804
578,-1.234959,1.052804
579,-1.234959,1.052804
580,-1.234959,1.052804
581,-1.234959,1.052804
582,-1.234959,1.052804
583,-1.234959,1.052804
584,-1.234959,1.052804
585,-1.234959,1.052804
586,-1.229500,1.041837
587,-1.220731,1.027281
588,-1.211101,1.013274
589,-1.200689,0.999839
590,-1.189530,0.987017
591,-1.177660,0.974851
592,-1.165116,0.963380
593,-1.161593,0.960195
594,-1.150008,0.956215
595,-1.133545,0.952000
596,-1.116855,0.948782
597,-1.100008,0.946518
598,-1.083061,0.945217
599,-1.066067,0.944882
600,-1.049081,0.945515
601,-1.032158,0.947113
602,-1.015355,0.949671
603,-0.998723,0.953181
604,-0.982659,0.949745
605,-0.970475,0.947521
606,-0.959319,0.946006
607,-0.948215,0.944768
608,-0.937215,0.943823
609,-0.926317,0.943157
610,-0.915519,0.942758
611,-0.905916,0.943463
612,-0.896807,0.944073
613,-0.887117,0.944007
614,-0.877146,0.943776
615,-0.866998,0.943671
616,-0.856730,0.943787
617,-0.846399,0.944129
618,-0.836050,0.944698
619,-0.825681,0.945495
620,-0.815288,0.946527
621,-0.804864,0.947802
622,-0.794403,0.949327
623,-0.783901,0.951114
624,-0.773353,0.953173
625,-0.762758,0.955518
626,-0.752115,0.958162
627,-0.741425,0.961121
628,-0.731134,0.964504
629,-0.726896,0.971571
630,-0.725098,0.981928
631,-0.725301,0.992866
632,-0.726275,1.005126
633,-0.727119,1.018040
634,-0.728339,1.030737
635,-0.726288,1.040765
636,-0.722766,1.050117
637,-0.719104,1.059711
638,-0.715616,1.069458
639,-0.712332,1.079304
640,-0.709255,1.089253
641,-0.706389,1.099313
642,-0.703736,1.109492
643,-0.701305,1.119798
644,-0.699103,1.130239
645,-0.697138,1.140824
646,-0.695424,1.151559
647,-0.693971,1.162449
648,-0.692795,1.173499
649,-0.691911,1.184714
650,-0.691337,1.196095
651,-0.691089,1.207642
652,-0.691188,1.219356
653,-0.691653,1.231232
654,-0.692506,1.243267
655,-0.693768,1.255455
656,-0.695737,1.267533
657,-0.697865,1.279977
658,-0.700466,1.292539
659,-0.703565,1.305206
660,-0.707183,1.317960
661,-0.711344,1.330781
662,-0.716069,1.343648
663,-0.721377,1.356534
664,-0.727289,1.369412
665,-0.733823,1.382252
666,-0.740994,1.395023
667,-0.748819,1.407688
668,-0.757309,1.420212
669,-0.766475,1.432555
670,-0.776325,1.444675
671,-0.786864,1.456529
672,-0.798093,1.468071
673,-0.810010,1.479253
674,-0.822611,1.490025
675,-0.835884,1.500337
676,-0.849814,1.510134
677,-0.864383,1.519364
678,-0.879562,1.527969
679,-0.895319,1.535892
680,-0.911615,1.543078
681,-0.928400,1.549468
682,-0.945619,1.555008
683,-0.963194,1.559631
684,-0.981008,1.563246
685,-0.998999,1.565842
686,-1.017109,1.567408
687,-1.035280,1.567940
688,-1.052227,1.566650
689,-1.068954,1.564407
690,-1.085772,1.561328
691,-1.102626,1.557390
692,-1.119457,1.552572
693,-1.136199,1.546859
694,-1.152783,1.540240
695,-1.169132,1.532711
696,-1.185166,1.524273
697,-1.200754,1.514936
698,-1.215786,1.504725
699,-1.230212,1.493675
700,-1.243986,1.481820
701,-1.257062,1.469200
702,-1.269398,1.455854
703,-1.280954,1.441828
704,-1.289959,1.427837
705,-1.298581,1.413186
706,-1.306588,1.397946
707,-1.313926,1.382147
708,-1.320542,1.365827
709,-1.326382,1.349030
710,-1.331393,1.331808
711,-1.335526,1.314221
712,-1.338720,1.296346
713,-1.340898,1.278311
714,-1.341714,1.260460
715,-1.340880,1.242791
716,-1.339620,1.225486
717,-1.337526,1.208356
718,-1.334457,1.191423
719,-1.330421,1.176133
720,-1.325492,1.160990
721,-1.319708,1.146146
722,-1.313086,1.131651
723,-1.305649,1.117550
724,-1.297419,1.103891
725,-1.288422,1.090719
726,-1.278688,1.078075
727,-1.268248,1.066001
728,-1.257134,1.054538
729,-1.245383,1.043722
730,-1.233032,1.033590
731,-1.220121,1.024174
732,-1.206691,1.015505
733,-1.192787,1.007612
734,-1.178452,1.000521
735,-1.163733,0.994256
736,-1.148678,0.988837
737,-1.133335,0.984282
738,-1.117754,0.980607
739,-1.102717,0.978195
740,-1.087492,0.976586
741,-1.072184,0.975840
742,-1.056840,0.975962
743,-1.041511,0.976953
744,-1.026247,0.978813
745,-1.011095,0.981536
746,-0.996107,0.985118
747,-0.981330,0.989546
748,-0.966813,0.994810
749,-0.952603,1.000895
750,-0.938747,1.007781
751,-0.925291,1.015448
752,-0.912278,1.023874
753,-0.899752,1.033032
754,-0.887755,1.042894
755,-0.876326,1.053429
756,-0.865503,1.064606
757,-0.855322,1.076388
758,-0.845817,1.088740
759,-0.837021,1.101620
760,-0.828964,1.114990
761,-0.821671,1.128806
762,-0.815169,1.143025
763,-0.809480,1.157601
764,-0.804623,1.172487
765,-0.800970,1.187078
766,-0.798080,1.201931
767,-0.796030,1.216943
768,-0.794830,1.232067
769,-0.794487,1.247254
770,-0.795004,1.262456
771,-0.796382,1.277624
772,-0.798618,1.292708
773,-0.801708,1.307660
774,-0.805643,1.322430
775,-0.810413,1.336972
776,-0.816005,1.351236
777,-0.822403,1.365178
778,-0.829587,1.378750
779,-0.837537,1.391908
780,-0.846229,1.404609
781,-0.855636,1.416810
782,-0.865730,1.428471
783,-0.876478,1.439553
784,-0.887849,1.450018
785,-0.899806,1.459833
786,-0.912312,1.468963
787,-0.925328,1.477378
788,-0.938813,1.485050
789,-0.952723,1.491951
790,-0.967015,1.498057
791,-0.981643,1.503349
792,-0.996259,1.507588
793,-1.010915,1.510921
794,-1.025757,1.513428
795,-1.040737,1.515095
796,-1.055809,1.515913
797,-1.070925,1.515879
798,-1.086035,1.514989
799,-1.101090,1.513245
800,-1.116043,1.510648
801,-1.130844,1.507206
802,-1.145445,1.502927
803,-1.159800,1.497823
804,-1.173860,1.491907
805,-1.187579,1.485198
806,-1.200913,1.477714
807,-1.213818,1.469478
808,-1.226250,1.460515
809,-1.238168,1.450851
810,-1.249533,1.440516
811,-1.260307,1.429543
812,-1.270453,1.417965
813,-1.279937,1.405818
814,-1.288727,1.393140
815,-1.296793,1.379971
816,-1.304108,1.366352
817,-1.310646,1.352328
818,-1.316385,1.337941
819,-1.321303,1.323238
820,-1.325069,1.308747
821,-1.328074,1.294003
822,-1.330246,1.279091
823,-1.331573,1.264059
824,-1.332050,1.248955
825,-1.331672,1.233827
826,-1.330438,1.218725
827,-1.328349,1.203697
828,-1.325411,1.188791
829,-1.321629,1.174056
830,-1.317014,1.159541
831,-1.311579,1.145292
832,-1.305339,1.131356
833,-1.298312,1.117779
834,-1.290519,1.104606
835,-1.281982,1.091880
836,-1.272729,1.079644
837,-1.262787,1.067937
838,-1.252187,1.056801
839,-1.240960,1.046270
840,-1.229143,1.036382
841,-1.216772,1.027169
842,-1.203886,1.018663
843,-1.190524,1.010893
844,-1.176731,1.003884
845,-1.162549,0.997663
846,-1.148023,0.992250
847,-1.133200,0.987664
848,-1.118531,0.984181
849,-1.103733,0.981525
850,-1.088788,0.979705
851,-1.073743,0.978731
852,-1.058645,0.978608
853,-1.043544,0.979340
854,-1.028487,0.980926
855,-1.013525,0.983363
856,-0.998704,0.986647
857,-0.984073,0.990769
858,-0.969681,0.995718
859,-0.955574,1.001481
860,-0.941798,1.008040
861,-0.928399,1.015377
862,-0.915421,1.023469
863,-0.902907,1.032294
864,-0.890898,1.041824
865,-0.879435,1.052029
866,-0.868556,1.062880
867,-0.858298,1.074341
868,-0.848694,1.086378
869,-0.839778,1.098953
870,-0.831579,1.112026
871,-0.824127,1.125556
872,-0.817446,1.139501
873,-0.811561,1.153816
874,-0.806490,1.168456
875,-0.802254,1.183374
876,-0.801106,1.194224
877,-0.803714,1.199573
878,-0.808217,1.201968
879,-0.813453,1.203168
880,-0.818779,1.204162
881,-0.824138,1.204929
882,-0.829514,1.205468
883,-0.834897,1.205777
884,-0.840279,1.205858
885,-0.845652,1.205711
886,-0.851006,1.205337
887,-0.856334,1.204738
888,-0.861627,1.203914
889,-0.866877,1.202868
890,-0.872075,1.201601
891,-0.877214,1.200115
892,-0.882284,1.198412
893,-0.887279,1.196496
894,-0.892190,1.194368
895,-0.897009,1.192033
896,-0.900820,1.187416
897,-0.899240,1.173976
898,-0.893132,1.158114
899,-0.886132,1.142625
900,-0.878261,1.127559
901,-0.869546,1.112966
902,-0.860015,1.098892
903,-0.857329,1.094974
904,-0.846988,1.088409
905,-0.832345,1.081114
906,-0.822573,1.077010
907,-0.820728,1.077013
908,-0.821485,1.074627
909,-0.810810,1.070477
910,-0.797022,1.064204
911,-0.783719,1.056568
912,-0.769561,1.050725
913,-0.754816,1.046700
914,-0.739819,1.043744
915,-0.726713,1.037622
916,-0.713994,1.026263
917,-0.700915,1.013549
918,-0.686796,1.004906
919,-0.673506,1.000242
920,-0.660542,0.999078
921,-0.650877,1.000944
922,-0.641302,1.001307
923,-0.628512,1.003435
924,-0.613035,1.002132
925,-0.596194,0.999011
926,-0.580140,0.997243
927,-0.571679,0.996184
928,-0.564109,0.998001
929,-0.554788,1.001777
930,-0.549953,1.007590
931,-0.550078,1.020355
932,-0.551828,1.036037
933,-0.554969,1.052738
934,-0.557366,1.067167
935,-0.556113,1.075665
936,-0.553721,1.082135
937,-0.552890,1.090159
938,-0.552500,1.098313
939,-0.552385,1.106455
940,-0.551834,1.113792
941,-0.550660,1.120255
942,-0.549475,1.126506
943,-0.548519,1.132735
944,-0.547877,1.138986
945,-0.547579,1.145259
946,-0.547633,1.151537
947,-0.548043,1.157802
948,-0.548908,1.164109
949,-0.550051,1.170272
950,-0.551533,1.176372
951,-0.553356,1.182382
952,-0.555518,1.188280
953,-0.558011,1.194046
954,-0.560828,1.199662
955,-0.564081,1.205133
956,-0.567533,1.210374
957,-0.571273,1.215422
958,-0.575294,1.220253
959,-0.579583,1.224849
960,-0.584127,1.229195
961,-0.589040,1.233276
962,-0.594109,1.236993
963,-0.599623,1.241388
964,-0.606937,1.251811
965,-0.614233,1.261523
966,-0.620617,1.266786
967,-0.627152,1.271857
968,-0.634929,1.279995
969,-0.641236,1.284461
970,-0.646907,1.286223
971,-0.652875,1.286944
972,-0.659066,1.287387
973,-0.665329,1.287500
974,-0.671607,1.287263
975,-0.677912,1.286722
976,-0.684133,1.285724
977,-0.690308,1.284425
978,-0.696452,1.282671
979,-0.702393,1.280655
980,-0.708226,1.278317
981,-0.713922,1.275654
982,-0.719523,1.272696
983,-0.724848,1.269367
984,-0.730043,1.265756
985,-0.735028,1.261745
986,-0.739712,1.257573
987,-0.744173,1.253147
988,-0.748382,1.248476
989,-0.752386,1.243556
990,-0.756050,1.238474
991,-0.759368,1.233105
992,-0.762414,1.227454
993,-0.765095,1.221783
994,-0.767476,1.215968
995,-0.769533,1.210027
996,-0.771251,1.203977
997,-0.773733,1.198392
998,-0.780701,1.195335
999,-0.787998,1.192286
1000,-0.794813,1.188930
1001,-0.801777,1.185527
1002,-0.808522,1.181973
1003,-0.815014,1.178319
1004,-0.821248,1.174637
1005,-0.827272,1.170995
1006,-0.833038,1.167551
1007,-0.838593,1.164395
1008,-0.844001,1.161664
1009,-0.849339,1.159515
1010,-0.851347,1.157006
1011,-0.849562,1.152923
1012,-0.846337,1.148234
1013,-0.842401,1.143514
1014,-0.838152,1.138930
1015,-0.833625,1.134581
1016,-0.828850,1.130493
1017,-0.823865,1.126608
1018,-0.818664,1.123088
1019,-0.813262,1.119872
1020,-0.807470,1.117023
1021,-0.801721,1.114490
1022,-0.795844,1.112260
1023,-0.789851,1.110359
1024,-0.783714,1.108746
1025,-0.777573,1.107510
1026,-0.771350,1.106647
1027,-0.765063,1.106213
1028,-0.758635,1.106158
1029,-0.752357,1.106408
1030,-0.746098,1.106995
1031,-0.739880,1.107932
1032,-0.733663,1.109187
1033,-0.727605,1.110793
1034,-0.721639,1.112765
1035,-0.715711,1.115269
1036,-0.710028,1.117959
1037,-0.704493,1.120943
1038,-0.699132,1.124230
1039,-0.693964,1.127814
1040,-0.688940,1.131668
1041,-0.684212,1.135795
1042,-0.679755,1.140271
1043,-0.675516,1.145082
1044,-0.671596,1.149988
1045,-0.667943,1.155104
1046,-0.664580,1.160418
1047,-0.661523,1.165915
1048,-0.658706,1.171573
1049,-0.656291,1.177370
1050,-0.654262,1.183378
1051,-0.656119,1.187795
1052,-0.660790,1.190699
1053,-0.666022,1.193127
1054,-0.671485,1.195191
1055,-0.677080,1.196923
1056,-0.682771,1.198328
1057,-0.688533,1.199406
1058,-0.694401,1.200127
1059,-0.700226,1.200542
1060,-0.706077,1.200619
1061,-0.711926,1.200362
1062,-0.717750,1.199771
1063,-0.723531,1.198851
1064,-0.729293,1.197602
1065,-0.734923,1.196016
1066,-0.740460,1.194121
1067,-0.745882,1.191917
1068,-0.751170,1.189409
1069,-0.756306,1.186605
1070,-0.761274,1.183514
1071,-0.766122,1.180146
1072,-0.770685,1.176497
1073,-0.775048,1.172594
1074,-0.779185,1.168451
1075,-0.783081,1.164079
1076,-0.786721,1.159494
1077,-0.790095,1.154709
1078,-0.793213,1.149711
1079,-0.796028,1.144587
1080,-0.798539,1.139305
1081,-0.800744,1.133887
1082,-0.802636,1.128353
1083,-0.804211,1.122720
1084,-0.805512,1.117044
1085,-0.806425,1.111194
1086,-0.807032,1.105366
1087,-0.807306,1.099514
1088,-0.807246,1.093656
1089,-0.806853,1.087813
1090,-0.806128,1.082002
1091,-0.805102,1.076184
1092,-0.803696,1.070470
1093,-0.801991,1.064871
1094,-0.799964,1.059376
1095,-0.797626,1.054005
1096,-0.794987,1.048775
1097,-0.792055,1.043705
1098,-0.788839,1.038810
1099,-0.785335,1.034076
1100,-0.781597,1.029577
1101,-0.777601,1.025303
1102,-0.773367,1.021264
1103,-0.768911,1.017473
1104,-0.764383,1.013876
1105,-0.759458,1.010632
1106,-0.754374,1.007623
1107,-0.749173,1.004918
1108,-0.743826,1.002516
1109,-0.738351,1.000423
1110,-0.732706,0.998559
1111,-0.727043,0.997143
1112,-0.721290,0.996029
1113,-0.715447,0.995221
1114,-0.709605,0.994755
1115,-0.703744,0.994626
1116,-0.697885,0.994831
1117,-0.692048,0.995370
1118,-0.686251,0.996240
1119,-0.680514,0.997438
1120,-0.674819,0.998967
1121,-0.669260,1.000795
1122,-0.663815,1.002947
1123,-0.658501,1.005407
1124,-0.653336,1.008165
1125,-0.648337,1.011214
1126,-0.643519,1.014541
1127,-0.638846,1.018065
1128,-0.634427,1.021937
1129,-0.630232,1.026040
1130,-0.626159,1.030389
1131,-0.621465,1.031985
1132,-0.617745,1.034191
1133,-0.615593,1.038221
1134,-0.614029,1.042584
1135,-0.612987,1.047171
1136,-0.612199,1.051803
1137,-0.611603,1.056517
1138,-0.611160,1.061344
1139,-0.610838,1.066313
1140,-0.610570,1.071517
1141,-0.610391,1.076905
1142,-0.610266,1.082582
1143,-0.610164,1.088625
1144,-0.610058,1.095134
1145,-0.609924,1.102233
1146,-0.609742,1.110147
1147,-0.609459,1.118934
1148,-0.606952,1.126492
1149,-0.602584,1.131643
1150,-0.597835,1.136137
1151,-0.593116,1.140408
1152,-0.588621,1.144791
1153,-0.584355,1.149408
1154,-0.580348,1.154256
1155,-0.576621,1.159323
1156,-0.573186,1.164594
1157,-0.570094,1.170120
1158,-0.567315,1.175892
1159,-0.564790,1.181692
1160,-0.562636,1.187579
1161,-0.560827,1.193597
1162,-0.559365,1.199713
1163,-0.558254,1.205905
1164,-0.557562,1.212190
1165,-0.557158,1.218492
1166,-0.557217,1.224879
1167,-0.557496,1.231199
1168,-0.558161,1.237435
1169,-0.559192,1.243635
1170,-0.560578,1.249770
1171,-0.562313,1.255817
1172,-0.564468,1.261777
1173,-0.567015,1.267652
1174,-0.569774,1.273296
1175,-0.572807,1.278852
1176,-0.576158,1.284159
1177,-0.579820,1.289268
1178,-0.583772,1.294162
1179,-0.588073,1.298802
1180,-0.592570,1.303232
1181,-0.597465,1.307362
1182,-0.604214,1.313102
1183,-0.611453,1.319765
1184,-0.617274,1.324082
1185,-0.622937,1.327388
1186,-0.628675,1.330143
1187,-0.634601,1.332448
1188,-0.640586,1.334446
1189,-0.646784,1.336014
1190,-0.652938,1.337278
1191,-0.659109,1.338096
1192,-0.664502,1.336596
1193,-0.670303,1.335348
1194,-0.676449,1.334476
1195,-0.682688,1.333761
1196,-0.689007,1.332727
1197,-0.695151,1.331457
1198,-0.701235,1.329875
1199,-0.707281,1.328010
1200,-0.713150,1.325772
1201,-0.718885,1.323193
1202,-0.724468,1.320209
1203,-0.729891,1.316984
1204,-0.735157,1.313322
1205,-0.740122,1.309485
1206,-0.744887,1.305385
1207,-0.749494,1.301055
1208,-0.753771,1.296456
1209,-0.757778,1.291610
1210,-0.761475,1.286463
1211,-0.764915,1.281179
1212,-0.768030,1.275568
1213,-0.770785,1.269929
1214,-0.773247,1.264145
1215,-0.775456,1.258202
1216,-0.777272,1.252199
1217,-0.778667,1.246035
1218,-0.779780,1.239819
1219,-0.787378,1.234197
1220,-0.795611,1.227620
1221,-0.803361,1.220272
1222,-0.811181,1.212427
1223,-0.818628,1.204112
1224,-0.825607,1.195351
1225,-0.832060,1.186201
1226,-0.837978,1.176698
1227,-0.843345,1.166872
1228,-0.848144,1.156755
1229,-0.852410,1.146379
1230,-0.856041,1.135769
1231,-0.859053,1.124976
1232,-0.861444,1.114030
1233,-0.863206,1.102965
1234,-0.864335,1.091818
1235,-0.864886,1.080736
1236,-0.864743,1.069497
1237,-0.863969,1.058296
1238,-0.862561,1.047162
1239,-0.860522,1.036127
1240,-0.857770,1.025261
1241,-0.854491,1.014541
1242,-0.850605,1.004022
1243,-0.846124,0.993738
1244,-0.841064,0.983726
1245,-0.835441,0.974017
1246,-0.829204,0.964706
1247,-0.822518,0.955708
1248,-0.815325,0.947103
1249,-0.807653,0.938921
1250,-0.799526,0.931188
1251,-0.790971,0.923929
1252,-0.782042,0.917590
1253,-0.772736,0.911385
1254,-0.763088,0.905691
1255,-0.753126,0.900551
1256,-0.742886,0.895984
1257,-0.732399,0.891957
1258,-0.721690,0.888570
1259,-0.710814,0.885808
1260,-0.699799,0.883672
1261,-0.688680,0.882167
1262,-0.677494,0.881299
1263,-0.666254,0.881016
1264,-0.655025,0.881418
1265,-0.643843,0.882466
1266,-0.632743,0.884148
1267,-0.621756,0.886461
1268,-0.611004,0.889427
1269,-0.600423,0.892856
1270,-0.589960,0.896997
1271,-0.579812,0.901793
1272,-0.569913,0.907077
1273,-0.560330,0.912916
1274,-0.551093,0.919294
1275,-0.542234,0.926188
1276,-0.533782,0.933576
1277,-0.525839,0.941488
1278,-0.518289,0.949784
1279,-0.511221,0.958500
1280,-0.504661,0.967607
1281,-0.498629,0.977073
1282,-0.493147,0.986870
1283,-0.488320,0.996986
1284,-0.483991,1.007334
1285,-0.480258,1.017918
1286,-0.477135,1.028697
1287,-0.474630,1.039639
1288,-0.472862,1.050625
1289,-0.471662,1.061788
1290,-0.471040,1.072984
1291,-0.470998,1.084075
1292,-0.471663,1.095304
1293,-0.472953,1.106463
1294,-0.474874,1.117524
1295,-0.477502,1.128417
1296,-0.480665,1.139178
1297,-0.484436,1.149743
1298,-0.488805,1.160077
1299,-0.493756,1.170147
1300,-0.499274,1.179919
1301,-0.505401,1.189296
1302,-0.511991,1.198371
1303,-0.519089,1.207058
1304,-0.526672,1.215327
1305,-0.534716,1.223151
1306,-0.543194,1.230505
1307,-0.552049,1.236929
1308,-0.561288,1.243252
1309,-0.570877,1.249055
1310,-0.580751,1.254283
1311,-0.590932,1.258985
1312,-0.601362,1.263084
1313,-0.612012,1.266631
1314,-0.622853,1.269527
1315,-0.633834,1.271793
1316,-0.644924,1.273427
1317,-0.656089,1.274426
1318,-0.667293,1.274788
1319,-0.678521,1.274559
1320,-0.689712,1.273652
1321,-0.700824,1.272102
1322,-0.711828,1.269920
1323,-0.722687,1.267115
1324,-0.733371,1.263696
1325,-0.743758,1.259775
1326,-0.753964,1.255080
1327,-0.763929,1.249897
1328,-0.773581,1.244158
1329,-0.782830,1.237882
1330,-0.791803,1.231108
1331,-0.800343,1.223825
1332,-0.808368,1.216005
1333,-0.816007,1.207803
1334,-0.823168,1.199178
1335,-0.829827,1.190157
1336,-0.835961,1.180770
1337,-0.841466,1.171005
1338,-0.846483,1.160991
1339,-0.850925,1.150701
1340,-0.854775,1.140173
1341,-0.858019,1.129441
1342,-0.860647,1.118540
1343,-0.862307,1.107705
1344,-0.863638,1.096617
1345,-0.864373,1.085447
1346,-0.864478,1.074245
1347,-0.863993,1.063030
1348,-0.862781,1.051940
1349,-0.861037,1.040834
1350,-0.858627,1.029886
1351,-0.855590,1.019104
1352,-0.851942,1.008515
1353,-0.847734,0.998113
1354,-0.842907,0.987988
1355,-0.837507,0.978165
1356,-0.831558,0.968669
1357,-0.825077,0.959528
1358,-0.818085,0.950770
1359,-0.810735,0.942471
1360,-0.802765,0.934536
1361,-0.794374,0.927070
1362,-0.785523,0.920174
1363,-0.776356,0.913725
1364,-0.766833,0.907803
1365,-0.756985,0.902432
1366,-0.746846,0.897631
1367,-0.736448,0.893415
1368,-0.725839,0.889914
1369,-0.715042,0.886885
1370,-0.704094,0.884492
1371,-0.693029,0.882731
1372,-0.681882,0.881603
1373,-0.670687,0.881113
1374,-0.659742,0.881561
1375,-0.648613,0.882380
1376,-0.637516,0.883799
1377,-0.626510,0.885841
1378,-0.615635,0.888508
1379,-0.604927,0.891790
1380,-0.594423,0.895678
1381,-0.584122,0.900124
1382,-0.574107,0.905180
1383,-0.564408,0.910801
1384,-0.555048,0.916965
1385,-0.546055,0.923653
1386,-0.537457,0.930843
1387,-0.529254,0.938449
1388,-0.521454,0.946565
1389,-0.514182,0.955108
1390,-0.507421,0.964046
1391,-0.501184,0.973354
1392,-0.495487,0.983001
1393,-0.490350,0.992958
1394,-0.486221,1.003080
1395,-0.482262,1.013536
1396,-0.478851,1.024210
1397,-0.476069,1.035074
1398,-0.473924,1.046071
1399,-0.472412,1.057170
1400,-0.471536,1.068337
1401,-0.471297,1.079536
1402,-0.471657,1.090750
1403,-0.472683,1.101925
1404,-0.474353,1.113012
1405,-0.476653,1.123981
1406,-0.479627,1.134698
1407,-0.483130,1.145358
1408,-0.487217,1.155809
1409,-0.491920,1.165992
1410,-0.497199,1.175875
1411,-0.503032,1.185439
1412,-0.509400,1.194653
1413,-0.516365,1.203070
1414,-0.523706,1.211508
1415,-0.531538,1.219521
1416,-0.539812,1.227065
1417,-0.548503,1.234124
1418,-0.557583,1.240676
1419,-0.567022,1.246701
1420,-0.576783,1.252222
1421,-0.586858,1.257154
1422,-0.597192,1.261491
1423,-0.607755,1.265229
1424,-0.618513,1.268359
1425,-0.629429,1.270872
1426,-0.640344,1.272804
1427,-0.651472,1.274025
1428,-0.662696,1.274697
1429,-0.673914,1.274705
1430,-0.685107,1.274070
1431,-0.696243,1.272797
1432,-0.707256,1.270806
1433,-0.718165,1.268276
1434,-0.728915,1.265128
1435,-0.739471,1.261371
1436,-0.749797,1.257017
1437,-0.759858,1.252082
1438,-0.769563,1.246510
1439,-0.778990,1.240466
1440,-0.788060,1.233893
1441,-0.796743,1.226812
1442,-0.805008,1.219246
1443,-0.812829,1.211221
1444,-0.819753,1.202761
1445,-0.826582,1.193916
1446,-0.832845,1.184714
1447,-0.838711,1.175151
1448,-0.844015,1.165277
1449,-0.848729,1.155106
1450,-0.852836,1.144689
1451,-0.856339,1.134059
1452,-0.859230,1.123246
1453,-0.861500,1.112286
1454,-0.863181,1.101205
1455,-0.864206,1.090038
1456,-0.864581,1.078842
1457,-0.864316,1.067645
1458,-0.863414,1.056484
1459,-0.861877,1.045391
1460,-0.859802,1.034518
1461,-0.856997,1.023628
1462,-0.853596,1.012929
1463,-0.849519,1.002495
1464,-0.844935,0.992270
1465,-0.839774,0.982319
1466,-0.834065,0.972715
1467,-0.827824,0.963402
1468,-0.821058,0.954474
1469,-0.813735,0.946021
1470,-0.806003,0.937933
1471,-0.797819,0.930296
1472,-0.789212,0.923136
1473,-0.780209,0.916478
1474,-0.770840,0.910344
1475,-0.761107,0.904840
1476,-0.751108,0.899817
1477,-0.740836,0.895370
1478,-0.730326,0.891515
1479,-0.719611,0.888265
1480,-0.708728,0.885630
1481,-0.697929,0.883988
1482,-0.686836,0.882580
1483,-0.675661,0.881815
1484,-0.664467,0.881695
1485,-0.653334,0.882239
1486,-0.642184,0.883360
1487,-0.631138,0.885134
1488,-0.620190,0.887500
1489,-0.609402,0.890515
1490,-0.598816,0.894146
1491,-0.588458,0.898374
1492,-0.578359,0.903185
1493,-0.568549,0.908565
1494,-0.559136,0.914367
1495,-0.549967,0.920858
1496,-0.541188,0.927838
1497,-0.532825,0.935299
1498,-0.524900,0.943222
1499,-0.517441,0.951584
1500,-0.510551,0.960399
1501,-0.504097,0.969546
1502,-0.498173,0.979051
1503,-0.492799,0.988879
1504,-0.488055,0.998969
1505,-0.483784,1.009346
1506,-0.480239,1.019949
1507,-0.477222,1.030719
1508,-0.474826,1.041645
1509,-0.473057,1.052693
1510,-0.471921,1.063824
1511,-0.471420,1.075002
1512,-0.471876,1.085907
1513,-0.472660,1.097038
1514,-0.474061,1.108125
1515,-0.476089,1.119120
1516,-0.478711,1.130005
1517,-0.481964,1.140726
1518,-0.485833,1.151230
1519,-0.490296,1.161491
1520,-0.495336,1.171481
1521,-0.500937,1.181168
1522,-0.507061,1.190550
1523,-0.513732,1.199488
1524,-0.520876,1.208142
1525,-0.528510,1.216327
1526,-0.536597,1.224053
1527,-0.545113,1.231303
1528,-0.553875,1.238030
1529,-0.563205,1.244285
1530,-0.572849,1.250002
1531,-0.582816,1.255072
1532,-0.593026,1.259652
1533,-0.603483,1.263642
1534,-0.614152,1.267030
1535,-0.624997,1.269805
1536,-0.635984,1.271958
1537,-0.647065,1.273392
1538,-0.658217,1.274281
1539,-0.669406,1.274531
1540,-0.680592,1.274143
1541,-0.691739,1.273118
1542,-0.702811,1.271458
1543,-0.713387,1.268921
1544,-0.724174,1.266037
1545,-0.734786,1.262543
1546,-0.745183,1.258450
1547,-0.755332,1.253771
1548,-0.765198,1.248520
1549,-0.774749,1.242715
1550,-0.783989,1.236397
1551,-0.792844,1.229542
1552,-0.801279,1.222193
1553,-0.809277,1.214375
1554,-0.816816,1.206114
1555,-0.823872,1.197436
1556,-0.830452,1.188378
1557,-0.836506,1.178946
1558,-0.841991,1.169186
1559,-0.846907,1.159134
1560,-0.851242,1.148817
1561,-0.854981,1.138268
1562,-0.857664,1.127731
1563,-0.860261,1.116826
1564,-0.862175,1.105811
1565,-0.863453,1.094709
1566,-0.864094,1.083555
1567,-0.864099,1.072382
1568,-0.863495,1.061214
1569,-0.862247,1.050087
1570,-0.860352,1.039065
1571,-0.857831,1.028173
1572,-0.854692,1.017444
1573,-0.850947,1.006910
1574,-0.846607,0.996606
1575,-0.841717,0.986517
1576,-0.836233,0.976762
1577,-0.830201,0.967341
1578,-0.823642,0.958280
1579,-0.816576,0.949608
1580,-0.809027,0.941351
1581,-0.801106,0.933663
1582,-0.792672,0.926268
1583,-0.783838,0.919391
1584,-0.774587,0.913118
1585,-0.765044,0.907306
1586,-0.755182,0.902045
1587,-0.745033,0.897354
1588,-0.734631,0.893249
1589,-0.724012,0.889742
1590,-0.713199,0.886940
1591,-0.702261,0.884668
1592,-0.691207,0.883021
1593,-0.680072,0.882008
1594,-0.668897,0.881631
1595,-0.657718,0.881892
1596,-0.646864,0.883083
1597,-0.635827,0.884630
1598,-0.624871,0.886782
1599,-0.614100,0.889567
1600,-0.603427,0.892918
1601,-0.592985,0.896887
1602,-0.582764,0.901416
1603,-0.572824,0.906543
1604,-0.563209,0.912234
1605,-0.553937,0.918464
1606,-0.545036,0.925212
1607,-0.536534,0.932457
1608,-0.528430,0.940162
1609,-0.520777,0.948330
1610,-0.513621,0.956922
1611,-0.506972,0.965906
1612,-0.500845,0.975255
1613,-0.495262,0.984937
1614,-0.490239,0.994923
1615,-0.485871,1.005092
1616,-0.482005,1.015598
1617,-0.478738,1.026301
1618,-0.476128,1.037128
1619,-0.474055,1.048138
1620,-0.472643,1.059232
1621,-0.471963,1.070373
1622,-0.471828,1.081536
1623,-0.472331,1.092694
1624,-0.473470,1.103808
1625,-0.475241,1.114839
1626,-0.477639,1.125754
1627,-0.480888,1.136162
1628,-0.484515,1.146694
1629,-0.488723,1.157029
1630,-0.493512,1.167114
1631,-0.498868,1.176912
1632,-0.504775,1.186391
1633,-0.511213,1.195518
1634,-0.518162,1.204264
1635,-0.525598,1.212600
1636,-0.533485,1.220528
1637,-0.541807,1.227938
1638,-0.550545,1.234940
1639,-0.559665,1.241394
1640,-0.569137,1.247309
1641,-0.578929,1.252674
1642,-0.589011,1.257471
1643,-0.599222,1.261706
1644,-0.609811,1.265343
1645,-0.620579,1.268373
1646,-0.631497,1.270694
1647,-0.642523,1.272480
1648,-0.653637,1.273634
1649,-0.664800,1.274153
1650,-0.675977,1.274035
1651,-0.687129,1.273279
1652,-0.698188,1.271804
1653,-0.709173,1.269787
1654,-0.720029,1.267145
1655,-0.730718,1.263887
1656,-0.741141,1.260008
1657,-0.751429,1.255591
1658,-0.760810,1.249903
1659,-0.770039,1.243649
1660,-0.779311,1.237363
1661,-0.788283,1.230676
1662,-0.796870,1.223521
1663,-0.805036,1.215897
1664,-0.812317,1.207805
1665,-0.819579,1.199340
1666,-0.826350,1.190455
1667,-0.832592,1.181199
1668,-0.838294,1.171602
1669,-0.843439,1.161696
1670,-0.848012,1.151513
1671,-0.851996,1.141084
1672,-0.855436,1.130431
1673,-0.858217,1.119609
1674,-0.860372,1.108648
1675,-0.861861,1.097631
1676,-0.862797,1.086485
1677,-0.863069,1.075323
1678,-0.862772,1.064285
1679,-0.861771,1.053140
1680,-0.860144,1.042080
1681,-0.857893,1.031134
1682,-0.855022,1.020336
1683,-0.851468,1.009771
1684,-0.847392,0.999379
1685,-0.842728,0.989233
1686,-0.837492,0.979367
1687,-0.831701,0.969815
1688,-0.825374,0.960608
1689,-0.818466,0.951849
1690,-0.811138,0.943429
1691,-0.803339,0.935437
1692,-0.795095,0.927902
1693,-0.786434,0.920849
1694,-0.777365,0.914490
1695,-0.767979,0.908436
1696,-0.758264,0.902954
1697,-0.748251,0.898039
1698,-0.737973,0.893703
1699,-0.727464,0.889960
1700,-0.716925,0.887157
1701,-0.706079,0.884647
1702,-0.695099,0.882741
1703,-0.684025,0.881460
1704,-0.672895,0.880811
1705,-0.661744,0.880799
1706,-0.650610,0.881421
1707,-0.639493,0.882632
1708,-0.628491,0.884514
1709,-0.617619,0.887022
1710,-0.606908,0.890146
1711,-0.596393,0.893876
1712,-0.586105,0.898201
1713,-0.576158,0.902991
1714,-0.566398,0.908467
1715,-0.557012,0.914468
1716,-0.547923,0.920983
1717,-0.539243,0.928008
1718,-0.530982,0.935516
1719,-0.523238,0.943539
1720,-0.515897,0.951927
1721,-0.509042,0.960725
1722,-0.502698,0.969903
1723,-0.496886,0.979428
1724,-0.491626,0.989271
1725,-0.487026,0.999422
1726,-0.482925,1.009787
1727,-0.479420,1.020376
1728,-0.476524,1.031150
1729,-0.474246,1.042071
1730,-0.472595,1.053108
1731,-0.471917,1.063975
1732,-0.471548,1.075094
1733,-0.471793,1.086234
1734,-0.472678,1.097307
1735,-0.474127,1.108379
1736,-0.476231,1.119342
1737,-0.478971,1.130149
1738,-0.482325,1.140777
1739,-0.486279,1.151197
1740,-0.490821,1.161374
1741,-0.495936,1.171276
1742,-0.501564,1.180918
1743,-0.507771,1.190191
1744,-0.514499,1.199086
1745,-0.521722,1.207582
1746,-0.529420,1.215652
1747,-0.537564,1.223270
1748,-0.546131,1.230413
1749,-0.554950,1.237041
1750,-0.564330,1.243102
1751,-0.573985,1.248699
1752,-0.583945,1.253738
1753,-0.594139,1.258178
1754,-0.604603,1.262078
1755,-0.615266,1.265358
1756,-0.626094,1.267931
1757,-0.637046,1.269971
1758,-0.648100,1.271383
1759,-0.659220,1.272163
1760,-0.669942,1.271960
1761,-0.680293,1.271029
1762,-0.691084,1.269765
1763,-0.701988,1.268019
1764,-0.712839,1.265651
1765,-0.723561,1.262660
1766,-0.734103,1.259060
1767,-0.744427,1.254862
1768,-0.754103,1.249912
1769,-0.763850,1.244570
1770,-0.773301,1.238689
1771,-0.782380,1.232193
1772,-0.791163,1.225324
1773,-0.799488,1.217940
1774,-0.807368,1.210087
1775,-0.814786,1.201796
1776,-0.821719,1.193094
1777,-0.828145,1.184011
1778,-0.834043,1.174576
1779,-0.839395,1.164822
1780,-0.844182,1.154775
1781,-0.848390,1.144472
1782,-0.852003,1.133945
1783,-0.855043,1.123387
1784,-0.857441,1.112470
1785,-0.859225,1.101457
1786,-0.860383,1.090369
1787,-0.860819,1.079257
1788,-0.860710,1.068127
1789,-0.859967,1.057016
1790,-0.858569,1.046016
1791,-0.856600,1.035044
1792,-0.853990,1.024223
1793,-0.850689,1.013623
1794,-0.846869,1.003189
1795,-0.842458,0.992985
1796,-0.837471,0.983049
1797,-0.831925,0.973411
1798,-0.825839,0.964106
1799,-0.819137,0.955581
