0,-1.991180,1.994740
1,-1.991180,1.994740
2,-1.991180,1.994740
3,-1.991180,1.994740
4,-1.991180,1.994740
5,-1.991180,1.994740
6,-1.991180,1.994740
7,-1.991180,1.994740
8,-1.991180,1.994740
9,-1.991180,1.994740
10,-1.991180,1.994740
11,-1.991180,1.994740
12,-1.988795,1.982725
13,-1.984159,1.966375
14,-1.978548,1.950330
15,-1.972034,1.934631
16,-1.964637,1.919327
17,-1.956380,1.904469
18,-1.947293,1.890105
19,-1.937402,1.876282
20,-1.926741,1.863043
21,-1.915344,1.850433
22,-1.903248,1.838491
23,-1.890493,1.827257
24,-1.877118,1.816767
25,-1.863169,1.807054
26,-1.848689,1.798151
27,-1.833727,1.790087
28,-1.818330,1.782886
29,-1.802548,1.776574
30,-1.786433,1.771169
31,-1.770036,1.766690
32,-1.753411,1.763152
33,-1.748759,1.762189
34,-1.748759,1.762189
35,-1.748759,1.762189
36,-1.748759,1.762189
37,-1.748759,1.762189
38,-1.748759,1.762189
39,-1.748759,1.762189
40,-1.748759,1.762189
41,-1.748759,1.762189
42,-1.748759,1.762189
43,-1.748759,1.762189
44,-1.748759,1.762189
45,-1.748759,1.762189
46,-1.748247,1.749950
47,-1.746177,1.733083
48,-1.743096,1.716367
49,-1.739069,1.699853
50,-1.734110,1.683595
51,-1.728233,1.667646
52,-1.721458,1.652057
53,-1.713807,1.636878
54,-1.705306,1.622160
55,-1.695980,1.607949
56,-1.685861,1.594292
57,-1.674982,1.581232
58,-1.663377,1.568813
59,-1.651084,1.557074
60,-1.638143,1.546053
61,-1.624596,1.535787
62,-1.610487,1.526308
63,-1.595862,1.517647
64,-1.580767,1.509832
65,-1.565253,1.502889
66,-1.549368,1.496839
67,-1.533165,1.491703
68,-1.516696,1.487498
69,-1.500014,1.484236
70,-1.483174,1.481928
71,-1.466230,1.480583
72,-1.449237,1.480204
73,-1.432249,1.480792
74,-1.415323,1.482345
75,-1.410596,1.482806
76,-1.410596,1.482806
77,-1.410596,1.482806
78,-1.410596,1.482806
79,-1.410596,1.482806
80,-1.410596,1.482806
81,-1.410596,1.482806
82,-1.410596,1.482806
83,-1.410596,1.482806
84,-1.410596,1.482806
85,-1.410596,1.482806
86,-1.410596,1.482806
87,-1.410596,1.482806
88,-1.406475,1.471270
89,-1.399493,1.455777
90,-1.391591,1.440728
91,-1.382846,1.426152
92,-1.373285,1.412099
93,-1.365830,1.403149
94,-1.356606,1.393300
95,-1.346619,1.383986
96,-1.335958,1.375292
97,-1.324477,1.366989
98,-1.311987,1.358807
99,-1.298294,1.350441
100,-1.283556,1.342073
101,-1.268341,1.334524
102,-1.252713,1.327840
103,-1.241518,1.324095
104,-1.231284,1.323179
105,-1.219918,1.323092
106,-1.217660,1.323246
107,-1.217660,1.323246
108,-1.217660,1.323246
109,-1.217660,1.323246
110,-1.217660,1.323246
111,-1.217660,1.323246
112,-1.217660,1.323246
113,-1.217660,1.323246
114,-1.217660,1.323246
115,-1.217660,1.323246
116,-1.217660,1.323246
117,-1.217660,1.323246
118,-1.217660,1.323246
119,-1.217660,1.323246
120,-1.216823,1.318240
121,-1.216460,1.315883
122,-1.211233,1.308298
123,-1.203455,1.298393
124,-1.194454,1.288101
125,-1.184590,1.278342
126,-1.174048,1.269153
127,-1.162938,1.260611
128,-1.151245,1.252783
129,-1.139205,1.245571
130,-1.126777,1.239061
131,-1.113998,1.233269
132,-1.100958,1.228226
133,-1.087626,1.223883
134,-1.074062,1.220332
135,-1.060267,1.217643
136,-1.046370,1.215654
137,-1.032396,1.214467
138,-1.018378,1.214078
139,-1.004411,1.214460
140,-0.990449,1.215631
141,-0.976590,1.217701
142,-0.962806,1.220452
143,-0.949245,1.223998
144,-0.935909,1.228314
145,-0.922841,1.233383
146,-0.910122,1.239154
147,-0.897730,1.245716
148,-0.885683,1.252903
149,-0.874094,1.260772
150,-0.862974,1.269292
151,-0.852357,1.278432
152,-0.842277,1.288163
153,-0.832837,1.298497
154,-0.823838,1.309246
155,-0.815538,1.320504
156,-0.807904,1.332230
157,-0.800953,1.344377
158,-0.794705,1.356902
159,-0.789181,1.369763
160,-0.784440,1.382964
161,-0.780423,1.396369
162,-0.777169,1.409985
163,-0.774695,1.423765
164,-0.773008,1.437663
165,-0.772114,1.451635
166,-0.772016,1.465636
167,-0.772761,1.479658
168,-0.774272,1.493560
169,-0.776649,1.507384
170,-0.779705,1.521066
171,-0.783538,1.534531
172,-0.788132,1.547754
173,-0.793471,1.560695
174,-0.799594,1.573330
175,-0.806406,1.585487
176,-0.813829,1.597375
177,-0.821930,1.608780
178,-0.830673,1.619702
179,-0.840026,1.630107
180,-0.849958,1.639964
181,-0.860807,1.649143
182,-0.871843,1.657743
183,-0.883299,1.665792
184,-0.895188,1.673156
185,-0.907477,1.679830
186,-0.920128,1.685793
187,-0.933097,1.691027
188,-0.946344,1.695514
189,-0.959771,1.699241
190,-0.973421,1.702235
191,-0.987225,1.704422
192,-1.001136,1.705813
193,-1.015105,1.706407
194,-1.029087,1.706203
195,-1.043035,1.705205
196,-1.056852,1.703419
197,-1.070623,1.700839
198,-1.084179,1.697496
199,-1.097538,1.693381
200,-1.110643,1.688510
201,-1.123450,1.682899
202,-1.135917,1.676569
203,-1.147959,1.669563
204,-1.159622,1.661818
205,-1.170843,1.653422
206,-1.181559,1.644455
207,-1.191748,1.634889
208,-1.201376,1.624758
209,-1.210412,1.614094
210,-1.218806,1.602984
211,-1.226565,1.591271
212,-1.233649,1.579259
213,-1.240049,1.566845
214,-1.245732,1.554083
215,-1.250679,1.541018
216,-1.254790,1.527655
217,-1.258240,1.514140
218,-1.260955,1.500445
219,-1.262790,1.486586
220,-1.263878,1.472671
221,-1.264170,1.458710
222,-1.263668,1.444754
223,-1.262310,1.430815
224,-1.260243,1.417058
225,-1.257438,1.403389
226,-1.253774,1.389884
227,-1.249378,1.376660
228,-1.244150,1.363719
229,-1.238296,1.351006
230,-1.231724,1.338692
231,-1.224480,1.326826
232,-1.216604,1.315312
233,-1.208059,1.304294
234,-1.198750,1.293862
235,-1.191036,1.284725
236,-1.185901,1.276863
237,-1.181867,1.270011
238,-1.174684,1.265997
239,-1.159044,1.260452
240,-1.142724,1.255813
241,-1.126142,1.252115
242,-1.115884,1.249381
243,-1.117267,1.249226
244,-1.121935,1.251907
245,-1.125945,1.257433
246,-1.122106,1.264305
247,-1.115209,1.272574
248,-1.106563,1.281957
249,-1.104279,1.284219
250,-1.104279,1.284219
251,-1.104279,1.284219
252,-1.104279,1.284219
253,-1.104279,1.284219
254,-1.104279,1.284219
255,-1.104279,1.284219
256,-1.104279,1.284219
257,-1.104279,1.284219
258,-1.104279,1.284219
259,-1.108405,1.280347
260,-1.115636,1.267310
261,-1.122611,1.250756
262,-1.129091,1.233615
263,-1.134994,1.215895
264,-1.140213,1.197572
265,-1.144624,1.178635
266,-1.146829,1.159589
267,-1.148892,1.141253
268,-1.150879,1.123679
269,-1.151452,1.105722
270,-1.150013,1.087592
271,-1.137827,1.078930
272,-1.122853,1.072909
273,-1.108468,1.066110
274,-1.093849,1.059670
275,-1.078914,1.053690
276,-1.069127,1.048622
277,-1.062597,1.042772
278,-1.055026,1.036484
279,-1.046963,1.030361
280,-1.038532,1.024610
281,-1.029799,1.019292
282,-1.020757,1.014430
283,-1.011467,1.010116
284,-1.001949,1.006348
285,-0.992232,1.003131
286,-0.982348,1.000473
287,-0.972328,0.998383
288,-0.962205,0.996866
289,-0.952011,0.995928
290,-0.941779,0.995573
291,-0.931543,0.995800
292,-0.921336,0.996610
293,-0.911191,0.998000
294,-0.901140,0.999966
295,-0.891217,1.002501
296,-0.881454,1.005597
297,-0.871882,1.009244
298,-0.862533,1.013431
299,-0.853437,1.018144
300,-0.844623,1.023367
301,-0.836120,1.029084
302,-0.827955,1.035277
303,-0.820157,1.041924
304,-0.812742,1.048982
305,-0.805659,1.056457
306,-0.799067,1.064315
307,-0.792951,1.072534
308,-0.787319,1.081088
309,-0.782186,1.089949
310,-0.777566,1.099088
311,-0.773474,1.108477
312,-0.769923,1.118083
313,-0.766924,1.127877
314,-0.764488,1.137827
315,-0.762622,1.147900
316,-0.761333,1.158064
317,-0.760625,1.168285
318,-0.760499,1.178531
319,-0.760958,1.188768
320,-0.761998,1.198963
321,-0.763618,1.209084
322,-0.765811,1.219096
323,-0.768571,1.228968
324,-0.771889,1.238667
325,-0.775754,1.248163
326,-0.780154,1.257424
327,-0.785077,1.266337
328,-0.790441,1.275202
329,-0.796322,1.283623
330,-0.802676,1.291669
331,-0.809480,1.299331
332,-0.816710,1.306590
333,-0.824343,1.313425
334,-0.832352,1.319815
335,-0.840714,1.325739
336,-0.849399,1.331177
337,-0.858381,1.336112
338,-0.867630,1.340528
339,-0.877116,1.344411
340,-0.886809,1.347747
341,-0.896677,1.350527
342,-0.906687,1.352740
343,-0.916228,1.353772
344,-0.924231,1.349834
345,-0.934345,1.342199
346,-0.944855,1.332698
347,-0.954876,1.322646
348,-0.964343,1.314051
349,-0.973602,1.308381
350,-0.983028,1.303687
351,-0.992289,1.298516
352,-1.001784,1.294318
353,-1.011073,1.290084
354,-1.020188,1.285456
355,-1.029058,1.280348
356,-1.037638,1.274750
357,-1.045889,1.268675
358,-1.053784,1.262139
359,-1.061296,1.255164
360,-1.068398,1.247772
361,-1.075069,1.239988
362,-1.081286,1.231835
363,-1.087029,1.223341
364,-1.092280,1.214533
365,-1.097021,1.205440
366,-1.101237,1.196091
367,-1.104914,1.186517
368,-1.108040,1.176747
369,-1.110606,1.166815
370,-1.112601,1.156753
371,-1.114021,1.146592
372,-1.114859,1.136366
373,-1.115114,1.126108
374,-1.114812,1.115859
375,-1.113974,1.105583
376,-1.112521,1.095415
377,-1.110479,1.085363
378,-1.107865,1.075447
379,-1.104688,1.065698
380,-1.100960,1.056145
381,-1.096695,1.046820
382,-1.091905,1.037752
383,-1.086605,1.028971
384,-1.080814,1.020506
385,-1.074551,1.012383
386,-1.067834,1.004629
387,-1.060686,0.997270
388,-1.053130,0.990330
389,-1.045190,0.983830
390,-1.036893,0.977793
391,-1.028265,0.972237
392,-1.019334,0.967181
393,-1.010081,0.962642
394,-1.000681,0.958653
395,-0.991031,0.955208
396,-0.981192,0.952315
397,-0.971260,0.950041
398,-0.961488,0.947329
399,-0.954520,0.938930
400,-0.947969,0.929709
401,-0.942851,0.918485
402,-0.932241,0.907359
403,-0.918030,0.897870
404,-0.907618,0.885900
405,-0.904606,0.872096
406,-0.901898,0.863579
407,-0.894577,0.859410
408,-0.886230,0.855841
409,-0.877851,0.852947
410,-0.870240,0.854113
411,-0.861365,0.860652
412,-0.849184,0.867608
413,-0.837024,0.875193
414,-0.825306,0.883436
415,-0.814072,0.892324
416,-0.803360,0.901830
417,-0.793204,0.911923
418,-0.783635,0.922571
419,-0.774685,0.933738
420,-0.766382,0.945387
421,-0.758751,0.957481
422,-0.751815,0.969978
423,-0.745761,0.982761
424,-0.740331,0.995825
425,-0.735561,1.009250
426,-0.731555,1.022895
427,-0.728318,1.036705
428,-0.725851,1.050632
429,-0.724221,1.059613
430,-0.722111,1.060956
431,-0.721419,1.061118
432,-0.721496,1.061173
433,-0.721496,1.061173
434,-0.725505,1.062616
435,-0.731749,1.062284
436,-0.737461,1.061807
437,-0.742531,1.061818
438,-0.747865,1.061491
439,-0.753445,1.060741
440,-0.759227,1.059517
441,-0.764880,1.056487
442,-0.769019,1.053341
443,-0.770173,1.051841
444,-0.770197,1.051806
445,-0.770016,1.051342
446,-0.770605,1.039106
447,-0.770060,1.022121
448,-0.768494,1.005196
449,-0.765968,0.988387
450,-0.762490,0.971749
451,-0.758070,0.955336
452,-0.752724,0.939201
453,-0.746469,0.923397
454,-0.744695,0.918990
455,-0.744695,0.918990
456,-0.744695,0.918990
457,-0.732449,0.918683
458,-0.715481,0.919622
459,-0.698597,0.921578
460,-0.681851,0.924493
461,-0.665298,0.928355
462,-0.648992,0.933153
463,-0.644443,0.934520
464,-0.644443,0.934520
465,-0.644443,0.934520
466,-0.641587,0.950388
467,-0.638475,0.968920
468,-0.636025,0.987922
469,-0.634296,1.007340
470,-0.631861,1.026115
471,-0.631640,1.046016
472,-0.632772,1.066049
473,-0.635043,1.085986
474,-0.638447,1.105763
475,-0.642971,1.125314
476,-0.648602,1.144576
477,-0.655321,1.163487
478,-0.663106,1.181985
479,-0.671932,1.200011
480,-0.681771,1.217505
481,-0.690589,1.234414
482,-0.702020,1.250796
483,-0.714701,1.266496
484,-0.728257,1.281448
485,-0.742789,1.294702
486,-0.758040,1.306748
487,-0.773936,1.318534
488,-0.790498,1.329952
489,-0.807692,1.340495
490,-0.825458,1.350042
491,-0.843741,1.358562
492,-0.862479,1.366027
493,-0.881613,1.372413
494,-0.901081,1.377699
495,-0.920818,1.381869
496,-0.940762,1.384908
497,-0.960847,1.386806
498,-0.981008,1.387557
499,-1.001181,1.387159
500,-1.020830,1.385046
501,-1.039911,1.381446
502,-1.059219,1.377191
503,-1.078693,1.372199
504,-1.097931,1.366162
505,-1.116794,1.359040
506,-1.135222,1.350855
507,-1.153154,1.341633
508,-1.170533,1.331405
509,-1.187302,1.320203
510,-1.203407,1.308064
511,-1.218794,1.295028
512,-1.233415,1.281135
513,-1.247221,1.266432
514,-1.260790,1.253018
515,-1.274158,1.240423
516,-1.273804,1.227335
517,-1.266459,1.214243
518,-1.264399,1.200929
519,-1.267298,1.185701
520,-1.269883,1.169454
521,-1.271538,1.152824
522,-1.271887,1.136860
523,-1.271387,1.121730
524,-1.270134,1.106409
525,-1.268033,1.091187
526,-1.265094,1.075917
527,-1.254440,1.064133
528,-1.243888,1.055021
529,-1.234244,1.043307
530,-1.223621,1.031087
531,-1.212787,1.019743
532,-1.201500,1.009167
533,-1.189363,0.999026
534,-1.176422,0.989431
535,-1.162653,0.980477
536,-1.151763,0.971435
537,-1.147106,0.960561
538,-1.138001,0.951231
539,-1.131534,0.944909
540,-1.127987,0.939869
541,-1.121004,0.936337
542,-1.115943,0.932424
543,-1.109047,0.929053
544,-1.100766,0.926916
545,-1.092089,0.925264
546,-1.083016,0.923886
547,-1.073434,0.922674
548,-1.063498,0.921832
549,-1.052989,0.920820
550,-1.041995,0.919545
551,-1.031394,0.919287
552,-1.026487,0.920807
553,-1.023875,0.923118
554,-1.023364,0.924900
555,-1.021815,0.925316
556,-1.020267,0.925269
557,-1.022901,0.926118
558,-1.026032,0.928818
559,-1.027594,0.931647
560,-1.023619,0.931687
561,-1.021813,0.932247
562,-1.024008,0.932139
563,-1.025609,0.931585
564,-1.028520,0.926774
565,-1.032252,0.919603
566,-1.030237,0.914249
567,-1.026246,0.910426
568,-1.021675,0.906641
569,-1.016684,0.903058
570,-1.015115,0.902085
571,-1.011323,0.890329
572,-1.004895,0.874598
573,-0.997531,0.859278
574,-0.989307,0.844402
575,-0.980251,0.830019
576,-0.970390,0.816174
577,-0.967613,0.812320
578,-0.967613,0.812320
579,-0.955524,0.810337
580,-0.938588,0.808941
581,-0.921595,0.808564
582,-0.904607,0.809155
583,-0.887681,0.810712
584,-0.870871,0.813229
585,-0.854231,0.816698
586,-0.837816,0.821109
587,-0.821678,0.826446
588,-0.805870,0.832693
589,-0.790443,0.839829
590,-0.786144,0.841847
591,-0.777996,0.850995
592,-0.773043,0.861024
593,-0.771569,0.869063
594,-0.769948,0.877524
595,-0.767930,0.886746
596,-0.766055,0.896245
597,-0.764113,0.906372
598,-0.762151,0.917216
599,-0.757317,0.930213
600,-0.753824,0.946404
601,-0.751564,0.963220
602,-0.749766,0.979311
603,-0.748374,0.994761
604,-0.748498,1.010029
605,-0.749483,1.025227
606,-0.751302,1.040289
607,-0.753948,1.055170
608,-0.757407,1.069826
609,-0.761664,1.084213
610,-0.766699,1.098290
611,-0.769434,1.109669
612,-0.770014,1.117817
613,-0.770394,1.124713
614,-0.770891,1.130856
615,-0.771576,1.136543
616,-0.772529,1.141994
617,-0.773802,1.147333
618,-0.775388,1.152589
619,-0.777278,1.157749
620,-0.779467,1.162798
621,-0.782299,1.167838
622,-0.785070,1.172594
623,-0.788114,1.177190
624,-0.791423,1.181607
625,-0.794986,1.185830
626,-0.798793,1.189845
627,-0.802830,1.193638
628,-0.807085,1.197195
629,-0.811545,1.200504
630,-0.816193,1.203553
631,-0.821017,1.206331
632,-0.825998,1.208829
633,-0.831123,1.211037
634,-0.836372,1.212948
635,-0.843804,1.215273
636,-0.850852,1.216596
637,-0.857586,1.217025
638,-0.864251,1.216954
639,-0.870895,1.216489
640,-0.877505,1.215643
641,-0.884060,1.214418
642,-0.890538,1.212819
643,-0.896918,1.210850
644,-0.903180,1.208517
645,-0.909301,1.205828
646,-0.915263,1.202791
647,-0.921045,1.199415
648,-0.926627,1.195711
649,-0.931992,1.191690
650,-0.937121,1.187366
651,-0.941998,1.182753
652,-0.946605,1.177865
653,-0.950928,1.172717
654,-0.954960,1.166955
655,-0.958654,1.161339
656,-0.962025,1.155517
657,-0.965060,1.149507
658,-0.967747,1.143330
659,-0.970078,1.137005
660,-0.972044,1.130553
661,-0.973639,1.123994
662,-0.974857,1.117351
663,-0.975692,1.110644
664,-0.976143,1.103897
665,-0.976207,1.097130
666,-0.975883,1.090367
667,-0.975172,1.083629
668,-0.974076,1.076938
669,-0.972598,1.070317
670,-0.970743,1.063787
671,-0.968515,1.057370
672,-0.965922,1.051087
673,-0.962972,1.044959
674,-0.959674,1.039007
675,-0.956039,1.033249
676,-0.952077,1.027705
677,-0.947803,1.022394
678,-0.943228,1.017333
679,-0.938369,1.012538
680,-0.933240,1.008028
681,-0.927858,1.003815
682,-0.922240,0.999915
683,-0.916405,0.996340
684,-0.910371,0.993104
685,-0.904159,0.990216
686,-0.897787,0.987686
687,-0.890922,0.985637
688,-0.884300,0.983865
689,-0.877583,0.982472
690,-0.870794,0.981465
691,-0.863953,0.980847
692,-0.857085,0.980622
693,-0.850210,0.980790
694,-0.843353,0.981351
695,-0.836535,0.982304
696,-0.829778,0.983647
697,-0.825261,0.985262
698,-0.828704,0.984565
699,-0.834422,0.980830
700,-0.840158,0.975575
701,-0.844868,0.969883
702,-0.846408,0.963394
703,-0.845753,0.956245
704,-0.844497,0.949116
705,-0.842808,0.942095
706,-0.840713,0.935211
707,-0.838223,0.928489
708,-0.835350,0.921950
709,-0.832107,0.915615
710,-0.828507,0.909507
711,-0.824567,0.903644
712,-0.820301,0.898046
713,-0.819175,0.891032
714,-0.815730,0.884211
715,-0.810869,0.877926
716,-0.805237,0.872136
717,-0.799147,0.866789
718,-0.792733,0.861852
719,-0.786058,0.857322
720,-0.779366,0.853514
721,-0.772280,0.849811
722,-0.765016,0.846542
723,-0.757600,0.843718
724,-0.750058,0.841343
725,-0.742417,0.839425
726,-0.734706,0.837965
727,-0.726950,0.836966
728,-0.719178,0.836429
729,-0.711416,0.836350
730,-0.703692,0.836728
731,-0.696032,0.837558
732,-0.688462,0.838834
733,-0.681008,0.840548
734,-0.673695,0.842691
735,-0.666548,0.845252
736,-0.659590,0.848220
737,-0.652845,0.851581
738,-0.646333,0.855321
739,-0.640078,0.859423
740,-0.634097,0.863872
741,-0.628411,0.868649
742,-0.623037,0.873735
743,-0.617991,0.879109
744,-0.613289,0.884752
745,-0.608946,0.890641
746,-0.604972,0.896755
747,-0.601381,0.903069
748,-0.598181,0.909561
749,-0.595382,0.916207
750,-0.592989,0.922981
751,-0.591009,0.929860
752,-0.589446,0.936819
753,-0.588524,0.943534
754,-0.587777,0.950562
755,-0.587448,0.957595
756,-0.587536,0.964609
757,-0.588038,0.971580
758,-0.588948,0.978483
759,-0.590262,0.985296
760,-0.591971,0.991993
761,-0.594066,0.998554
762,-0.596538,1.004955
763,-0.599375,1.011176
764,-0.602565,1.017195
765,-0.606093,1.022992
766,-0.609945,1.028550
767,-0.614105,1.033850
768,-0.618557,1.038875
769,-0.623281,1.043609
770,-0.628261,1.048038
771,-0.633476,1.052148
772,-0.638906,1.055926
773,-0.645200,1.058649
774,-0.651243,1.060831
775,-0.656924,1.062941
776,-0.662637,1.064750
777,-0.668420,1.066215
778,-0.674259,1.067328
779,-0.680133,1.068087
780,-0.686021,1.068491
781,-0.691902,1.068541
782,-0.697755,1.068241
783,-0.703558,1.067592
784,-0.709292,1.066600
785,-0.714596,1.065118
786,-0.720122,1.063482
787,-0.725519,1.061525
788,-0.730772,1.059257
789,-0.735860,1.056687
790,-0.740768,1.053826
791,-0.745478,1.050686
792,-0.749976,1.047282
793,-0.754246,1.043626
794,-0.758275,1.039733
795,-0.762049,1.035620
796,-0.765557,1.031303
797,-0.768788,1.026798
798,-0.771731,1.022123
799,-0.774379,1.017297
800,-0.776724,1.012336
801,-0.778758,1.007262
802,-0.780478,1.002091
803,-0.781878,0.996845
804,-0.782956,0.991542
805,-0.783710,0.986202
806,-0.784139,0.980845
807,-0.784244,0.975489
808,-0.784027,0.970156
809,-0.783490,0.964863
810,-0.782637,0.959630
811,-0.781475,0.954475
812,-0.780008,0.949417
813,-0.778244,0.944473
814,-0.776192,0.939661
815,-0.773861,0.934997
816,-0.771260,0.930498
817,-0.768402,0.926178
818,-0.765260,0.922424
819,-0.761948,0.918508
820,-0.758418,0.914813
821,-0.754683,0.911349
822,-0.750758,0.908128
823,-0.746660,0.905161
824,-0.742403,0.902456
825,-0.738004,0.900022
826,-0.733480,0.897866
827,-0.728850,0.895994
828,-0.724129,0.894412
829,-0.719337,0.893123
830,-0.714491,0.892130
831,-0.709609,0.891435
832,-0.704710,0.891039
833,-0.699811,0.890942
834,-0.694931,0.891141
835,-0.690087,0.891635
836,-0.685298,0.892420
837,-0.680579,0.893491
838,-0.675949,0.894843
839,-0.671424,0.896468
840,-0.667019,0.898360
841,-0.662751,0.900510
842,-0.658635,0.902908
843,-0.654684,0.905545
844,-0.650854,0.907806
845,-0.646696,0.907282
846,-0.642072,0.908644
847,-0.637415,0.911205
848,-0.632926,0.914463
849,-0.628680,0.918165
850,-0.624707,0.922180
851,-0.619628,0.925572
852,-0.610198,0.929843
853,-0.599469,0.935794
854,-0.588103,0.943214
855,-0.576538,0.951821
856,-0.565103,0.961401
857,-0.554033,0.971796
858,-0.543467,0.982906
859,-0.533491,0.994662
860,-0.524166,1.007007
861,-0.515535,1.019892
862,-0.507638,1.033268
863,-0.500506,1.047087
864,-0.494165,1.061301
865,-0.488638,1.075865
866,-0.483946,1.090729
867,-0.480164,1.105783
868,-0.477221,1.120987
869,-0.475139,1.136378
870,-0.473939,1.151878
871,-0.473622,1.167433
872,-0.474191,1.182989
873,-0.475644,1.198496
874,-0.477978,1.213904
875,-0.481186,1.229163
876,-0.485262,1.244200
877,-0.490201,1.258903
878,-0.495952,1.273209
879,-0.502488,1.287075
880,-0.509778,1.300461
881,-0.517789,1.313329
882,-0.526348,1.325295
883,-0.535353,1.336385
884,-0.544939,1.346885
885,-0.555070,1.356764
886,-0.565709,1.365994
887,-0.576813,1.374551
888,-0.583487,1.383607
889,-0.584175,1.390445
890,-0.584850,1.394117
891,-0.585022,1.394984
892,-0.584748,1.393635
893,-0.584180,1.390587
894,-0.583525,1.386491
895,-0.582775,1.382043
896,-0.581788,1.377580
897,-0.580540,1.373168
898,-0.579034,1.368829
899,-0.577273,1.364579
900,-0.575262,1.360434
901,-0.573007,1.356408
902,-0.570517,1.352515
903,-0.567798,1.348769
904,-0.564859,1.345184
905,-0.561710,1.341772
906,-0.558362,1.338546
907,-0.554824,1.335518
908,-0.551110,1.332698
909,-0.547231,1.330096
910,-0.542861,1.327881
911,-0.538699,1.325762
912,-0.534414,1.323886
913,-0.530019,1.322263
914,-0.525529,1.320898
915,-0.520961,1.319796
916,-0.516329,1.318963
917,-0.511649,1.318402
918,-0.506937,1.318115
919,-0.502209,1.318105
920,-0.497482,1.318372
921,-0.492771,1.318915
922,-0.488094,1.319735
923,-0.483465,1.320829
924,-0.478902,1.322194
925,-0.474420,1.323826
926,-0.470035,1.325720
927,-0.465761,1.327871
928,-0.461615,1.330271
929,-0.457610,1.332913
930,-0.453761,1.335790
931,-0.450081,1.338890
932,-0.446584,1.342206
933,-0.443281,1.345725
934,-0.440185,1.349437
935,-0.437308,1.353329
936,-0.434659,1.357388
937,-0.432247,1.361601
938,-0.430083,1.365953
939,-0.428174,1.370432
940,-0.426528,1.375020
941,-0.425150,1.379704
942,-0.424273,1.384762
943,-0.423463,1.389576
944,-0.422933,1.394438
945,-0.422687,1.399329
946,-0.422727,1.404233
947,-0.423053,1.409134
948,-0.423666,1.414014
949,-0.424563,1.418857
950,-0.425743,1.423646
951,-0.427202,1.428365
952,-0.428936,1.432998
953,-0.430940,1.437527
954,-0.433208,1.441939
955,-0.435732,1.446217
956,-0.438506,1.450346
957,-0.441519,1.454312
958,-0.444763,1.458101
959,-0.448226,1.461699
960,-0.451899,1.465095
961,-0.455768,1.468275
962,-0.459821,1.471228
963,-0.464046,1.473945
964,-0.468427,1.476414
965,-0.472951,1.478627
966,-0.477602,1.480576
967,-0.482365,1.482252
968,-0.487224,1.483651
969,-0.491887,1.488264
970,-0.494678,1.495414
971,-0.495536,1.500475
972,-0.496218,1.505008
973,-0.497104,1.509420
974,-0.498245,1.513751
975,-0.499643,1.517992
976,-0.501477,1.521805
977,-0.503351,1.525811
978,-0.505459,1.529685
979,-0.507793,1.533413
980,-0.510345,1.536981
981,-0.513102,1.540378
982,-0.516054,1.543592
983,-0.519189,1.546611
984,-0.522494,1.549426
985,-0.525956,1.552027
986,-0.529562,1.554405
987,-0.533297,1.556552
988,-0.537146,1.558462
989,-0.541096,1.560128
990,-0.545130,1.561546
991,-0.549233,1.562712
992,-0.553390,1.563621
993,-0.557585,1.564273
994,-0.561801,1.564665
995,-0.566023,1.564798
996,-0.570236,1.564672
997,-0.574423,1.564290
998,-0.578570,1.563652
999,-0.582659,1.562763
1000,-0.586678,1.561628
1001,-0.590610,1.560252
1002,-0.594442,1.558640
1003,-0.598159,1.556800
1004,-0.601749,1.554741
1005,-0.605197,1.552469
1006,-0.608493,1.549996
1007,-0.611623,1.547330
1008,-0.614220,1.544379
1009,-0.616983,1.541384
1010,-0.619551,1.538232
1011,-0.621915,1.534935
1012,-0.624068,1.531506
1013,-0.626002,1.527959
1014,-0.627710,1.524306
1015,-0.629188,1.520563
1016,-0.630430,1.516744
1017,-0.631433,1.512863
1018,-0.632194,1.508935
1019,-0.632710,1.504975
1020,-0.632981,1.500999
1021,-0.633007,1.497021
1022,-0.632789,1.493056
1023,-0.632327,1.489119
1024,-0.631625,1.485226
1025,-0.630686,1.481389
1026,-0.629515,1.477625
1027,-0.628117,1.473946
1028,-0.626497,1.470366
1029,-0.624663,1.466899
1030,-0.622622,1.463557
1031,-0.620383,1.460352
1032,-0.617954,1.457296
1033,-0.615346,1.454400
1034,-0.612569,1.451675
1035,-0.609633,1.449131
1036,-0.606551,1.446775
1037,-0.603334,1.444617
1038,-0.599995,1.442665
1039,-0.596548,1.440925
1040,-0.593004,1.439403
1041,-0.589379,1.438477
1042,-0.585707,1.437405
1043,-0.581982,1.436562
1044,-0.578216,1.435952
1045,-0.574425,1.435576
1046,-0.570623,1.435435
1047,-0.566824,1.435529
1048,-0.563043,1.435856
1049,-0.559294,1.436416
1050,-0.555591,1.437205
1051,-0.551949,1.438219
1052,-0.548379,1.439456
1053,-0.544897,1.440908
1054,-0.541515,1.442571
1055,-0.538245,1.444438
1056,-0.535100,1.446500
1057,-0.532091,1.448751
1058,-0.529230,1.451180
1059,-0.526527,1.453779
1060,-0.523991,1.456537
1061,-0.521633,1.459444
1062,-0.519461,1.462488
1063,-0.517483,1.465657
1064,-0.515705,1.468940
1065,-0.514135,1.472323
1066,-0.512777,1.475794
1067,-0.511637,1.479340
1068,-0.510719,1.482946
1069,-0.510025,1.486599
1070,-0.509559,1.490286
1071,-0.509321,1.493992
1072,-0.509312,1.497703
1073,-0.509890,1.501303
1074,-0.510331,1.504962
1075,-0.510997,1.508585
1076,-0.511884,1.512157
1077,-0.512990,1.515667
1078,-0.514309,1.519099
1079,-0.515836,1.522443
1080,-0.517567,1.525684
1081,-0.519493,1.528811
1082,-0.521607,1.531811
1083,-0.523901,1.534675
1084,-0.526366,1.537391
1085,-0.528994,1.539948
1086,-0.531773,1.542339
1087,-0.534693,1.544552
1088,-0.537743,1.546581
1089,-0.540912,1.548418
1090,-0.544187,1.550056
1091,-0.547556,1.551488
1092,-0.551006,1.552710
1093,-0.554524,1.553717
1094,-0.558097,1.554505
1095,-0.561712,1.555072
1096,-0.565354,1.555416
1097,-0.569010,1.555534
1098,-0.572666,1.555427
1099,-0.576309,1.555096
1100,-0.579924,1.554541
1101,-0.583498,1.553764
1102,-0.587018,1.552770
1103,-0.590471,1.551560
1104,-0.593842,1.550141
1105,-0.596938,1.548192
1106,-0.600092,1.546380
1107,-0.603130,1.544377
1108,-0.606040,1.542191
1109,-0.608810,1.539829
1110,-0.611431,1.537302
1111,-0.613891,1.534617
1112,-0.616183,1.531786
1113,-0.618298,1.528819
1114,-0.620226,1.525726
1115,-0.621962,1.522521
1116,-0.623498,1.519213
1117,-0.624829,1.515816
1118,-0.625949,1.512343
1119,-0.626855,1.508807
1120,-0.627542,1.505220
1121,-0.628008,1.501596
1122,-0.628252,1.497949
1123,-0.628271,1.494292
1124,-0.628066,1.490639
1125,-0.627638,1.487003
1126,-0.626988,1.483399
1127,-0.626117,1.479840
1128,-0.625030,1.476338
1129,-0.623730,1.472908
1130,-0.622222,1.469562
1131,-0.620510,1.466312
1132,-0.618603,1.463172
1133,-0.616505,1.460152
1134,-0.614225,1.457263
1135,-0.611771,1.454518
1136,-0.609153,1.451926
1137,-0.606379,1.449498
1138,-0.603213,1.447521
1139,-0.600175,1.445459
1140,-0.597014,1.443584
1141,-0.593742,1.441905
1142,-0.590371,1.440427
1143,-0.586914,1.439157
1144,-0.583382,1.438099
1145,-0.579790,1.437257
1146,-0.576150,1.436636
1147,-0.572475,1.436238
1148,-0.568781,1.436064
1149,-0.565079,1.436115
1150,-0.561383,1.436392
1151,-0.557709,1.436894
1152,-0.554068,1.437619
1153,-0.550475,1.438566
1154,-0.546942,1.439730
1155,-0.543484,1.441108
1156,-0.540113,1.442696
1157,-0.536841,1.444488
1158,-0.533681,1.446477
1159,-0.530645,1.448656
1160,-0.527744,1.451018
1161,-0.524988,1.453555
1162,-0.522389,1.456257
1163,-0.519957,1.459115
1164,-0.517700,1.462119
1165,-0.515627,1.465257
1166,-0.513746,1.468519
1167,-0.512064,1.471892
1168,-0.510589,1.475365
1169,-0.509325,1.478925
1170,-0.508608,1.482733
1171,-0.507791,1.486410
1172,-0.507197,1.490135
1173,-0.506830,1.493893
1174,-0.506690,1.497671
1175,-0.506780,1.501455
1176,-0.507099,1.505231
1177,-0.507646,1.508986
1178,-0.508420,1.512705
1179,-0.509419,1.516375
1180,-0.510640,1.519982
1181,-0.512077,1.523513
1182,-0.513728,1.526956
1183,-0.515586,1.530296
1184,-0.517644,1.533522
1185,-0.519897,1.536623
1186,-0.522335,1.539585
1187,-0.524952,1.542399
1188,-0.527736,1.545053
1189,-0.530680,1.547537
1190,-0.533772,1.549843
1191,-0.537030,1.552082
1192,-0.540630,1.556870
1193,-0.542942,1.561366
1194,-0.544653,1.565379
1195,-0.546375,1.569110
1196,-0.548286,1.572700
1197,-0.550405,1.576156
1198,-0.552728,1.579468
1199,-0.555244,1.582624
1200,-0.557944,1.585614
1201,-0.560818,1.588427
1202,-0.563853,1.591052
1203,-0.567096,1.593113
1204,-0.570396,1.595335
1205,-0.573820,1.597345
1206,-0.577354,1.599138
1207,-0.580986,1.600707
1208,-0.584700,1.602047
1209,-0.588484,1.603153
1210,-0.592321,1.604023
1211,-0.596198,1.604654
1212,-0.600100,1.605044
1213,-0.604012,1.605193
1214,-0.607919,1.605101
1215,-0.611806,1.604768
1216,-0.615659,1.604198
1217,-0.619464,1.603392
1218,-0.623206,1.602355
1219,-0.626872,1.601092
1220,-0.630446,1.599607
1221,-0.633918,1.597907
1222,-0.637273,1.595999
1223,-0.640499,1.593891
1224,-0.643585,1.591592
1225,-0.646519,1.589110
1226,-0.649290,1.586455
1227,-0.651889,1.583639
1228,-0.654306,1.580671
1229,-0.656533,1.577564
1230,-0.658561,1.574330
1231,-0.660384,1.570982
1232,-0.661994,1.567531
1233,-0.663387,1.563992
1234,-0.664557,1.560378
1235,-0.665130,1.556736
1236,-0.665848,1.553035
1237,-0.666335,1.549302
1238,-0.666590,1.545551
1239,-0.666614,1.541794
1240,-0.666406,1.538047
1241,-0.665967,1.534324
1242,-0.665300,1.530639
1243,-0.664408,1.527006
1244,-0.663295,1.523438
1245,-0.661965,1.519949
1246,-0.660423,1.516552
1247,-0.658676,1.513259
1248,-0.656731,1.510083
1249,-0.654596,1.507036
1250,-0.652278,1.504128
1251,-0.649788,1.501371
1252,-0.647134,1.498776
1253,-0.644327,1.496350
1254,-0.641378,1.494104
1255,-0.638298,1.492046
1256,-0.635100,1.490183
1257,-0.631794,1.488521
1258,-0.628395,1.487068
1259,-0.624914,1.485827
1260,-0.621366,1.484805
1261,-0.617763,1.484003
1262,-0.614119,1.483426
1263,-0.610449,1.483074
1264,-0.606766,1.482949
1265,-0.603084,1.483052
1266,-0.599417,1.483381
1267,-0.595898,1.484288
1268,-0.592321,1.485058
1269,-0.588801,1.486047
1270,-0.585349,1.487250
1271,-0.581979,1.488663
1272,-0.578703,1.490281
1273,-0.575534,1.492097
1274,-0.572484,1.494104
1275,-0.569563,1.496295
1276,-0.566784,1.498661
1277,-0.564156,1.501193
1278,-0.561690,1.503882
1279,-0.559394,1.506717
1280,-0.557277,1.509688
1281,-0.555348,1.512783
1282,-0.553612,1.515991
1283,-0.552077,1.519300
1284,-0.550749,1.522696
1285,-0.549632,1.526168
1286,-0.548731,1.529702
1287,-0.548049,1.533285
1288,-0.547588,1.536903
1289,-0.547351,1.540543
1290,-0.547337,1.544191
1291,-0.547548,1.547833
1292,-0.547983,1.551456
1293,-0.548639,1.555046
1294,-0.549514,1.558590
1295,-0.550606,1.562074
1296,-0.551910,1.565485
1297,-0.553421,1.568811
1298,-0.555134,1.572038
1299,-0.557358,1.574957
1300,-0.559443,1.577934
1301,-0.561707,1.580780
1302,-0.564143,1.583482
1303,-0.566741,1.586030
1304,-0.569491,1.588415
1305,-0.572384,1.590628
1306,-0.575408,1.592661
1307,-0.578552,1.594505
1308,-0.581805,1.596153
1309,-0.585154,1.597600
1310,-0.588588,1.598840
1311,-0.592092,1.599868
1312,-0.595655,1.600680
1313,-0.599263,1.601272
1314,-0.602902,1.601643
1315,-0.606560,1.601791
1316,-0.610221,1.601715
1317,-0.613874,1.601414
1318,-0.617503,1.600891
1319,-0.621096,1.600147
1320,-0.624639,1.599183
1321,-0.628120,1.598004
1322,-0.631524,1.596614
1323,-0.634839,1.595018
1324,-0.638052,1.593221
1325,-0.641153,1.591229
1326,-0.644128,1.589051
1327,-0.646967,1.586693
1328,-0.649660,1.584165
1329,-0.652195,1.581475
1330,-0.654563,1.578633
1331,-0.656756,1.575650
1332,-0.658471,1.572305
1333,-0.660275,1.569088
1334,-0.661882,1.565763
1335,-0.663285,1.562344
1336,-0.664478,1.558843
1337,-0.665456,1.555273
1338,-0.666216,1.551646
1339,-0.666755,1.547976
1340,-0.667070,1.544276
1341,-0.667159,1.540561
1342,-0.667022,1.536844
1343,-0.666659,1.533137
1344,-0.666071,1.529457
1345,-0.665260,1.525815
1346,-0.664228,1.522225
1347,-0.662979,1.518701
1348,-0.661517,1.515255
1349,-0.659847,1.511901
1350,-0.657974,1.508651
1351,-0.655905,1.505518
1352,-0.653648,1.502512
1353,-0.651210,1.499645
1354,-0.648600,1.496928
1355,-0.645827,1.494372
1356,-0.642901,1.491985
1357,-0.639832,1.489777
1358,-0.636632,1.487757
1359,-0.633311,1.485932
1360,-0.629882,1.484309
1361,-0.626357,1.482895
1362,-0.622749,1.481696
1363,-0.619071,1.480715
1364,-0.615180,1.480297
1365,-0.611419,1.479774
1366,-0.607628,1.479478
1367,-0.603822,1.479412
1368,-0.600013,1.479576
1369,-0.596217,1.479970
1370,-0.592447,1.480593
1371,-0.588716,1.481444
1372,-0.585038,1.482519
1373,-0.581428,1.483816
1374,-0.577898,1.485330
1375,-0.574460,1.487057
1376,-0.571129,1.488990
1377,-0.567916,1.491123
1378,-0.564833,1.493448
1379,-0.561892,1.495959
1380,-0.559104,1.498645
1381,-0.556478,1.501498
1382,-0.554026,1.504508
1383,-0.551756,1.507664
1384,-0.549677,1.510956
1385,-0.547797,1.514371
1386,-0.546124,1.517898
1387,-0.544663,1.521524
1388,-0.543421,1.525236
1389,-0.542403,1.529021
1390,-0.541612,1.532866
1391,-0.541054,1.536757
1392,-0.540729,1.540680
1393,-0.540639,1.544621
1394,-0.540787,1.548566
1395,-0.541171,1.552501
1396,-0.542157,1.556482
1397,-0.543015,1.560334
1398,-0.544104,1.564134
1399,-0.545421,1.567867
1400,-0.546961,1.571520
1401,-0.548719,1.575080
1402,-0.550690,1.578533
1403,-0.552868,1.581867
1404,-0.555244,1.585069
1405,-0.557811,1.588127
1406,-0.560561,1.591032
1407,-0.563484,1.593770
1408,-0.566570,1.596333
1409,-0.569808,1.598710
1410,-0.573187,1.600893
1411,-0.576696,1.602873
1412,-0.580323,1.604643
1413,-0.584054,1.606195
1414,-0.587877,1.607524
1415,-0.591778,1.608624
1416,-0.595743,1.609491
1417,-0.599760,1.610121
1418,-0.603813,1.610511
1419,-0.607888,1.610659
1420,-0.611970,1.610563
1421,-0.616046,1.610224
1422,-0.620101,1.609642
1423,-0.624120,1.608818
1424,-0.628088,1.607755
1425,-0.631993,1.606455
1426,-0.635818,1.604923
1427,-0.639552,1.603164
1428,-0.643180,1.601182
1429,-0.646632,1.598617
1430,-0.649991,1.596215
1431,-0.653206,1.593613
1432,-0.656266,1.590820
1433,-0.659159,1.587846
1434,-0.661874,1.584701
1435,-0.664402,1.581394
1436,-0.666732,1.577939
1437,-0.668856,1.574345
1438,-0.670767,1.570626
1439,-0.672455,1.566794
1440,-0.673916,1.562863
1441,-0.675143,1.558846
1442,-0.676131,1.554757
1443,-0.676876,1.550610
1444,-0.677374,1.546420
1445,-0.677624,1.542201
1446,-0.677623,1.537968
1447,-0.677372,1.533736
1448,-0.676869,1.529520
1449,-0.676116,1.525335
1450,-0.675115,1.521195
1451,-0.673869,1.517116
1452,-0.672382,1.513111
1453,-0.670658,1.509195
1454,-0.668702,1.505382
1455,-0.666520,1.501686
1456,-0.664120,1.498120
1457,-0.661510,1.494697
1458,-0.658697,1.491429
1459,-0.655692,1.488328
1460,-0.652504,1.485406
1461,-0.648799,1.482817
1462,-0.645285,1.480300
1463,-0.641623,1.477991
1464,-0.637825,1.475899
1465,-0.633904,1.474032
1466,-0.629873,1.472398
1467,-0.625746,1.471001
1468,-0.621538,1.469849
1469,-0.617263,1.468946
1470,-0.612935,1.468295
1471,-0.608570,1.467900
1472,-0.604182,1.467763
1473,-0.599787,1.467885
1474,-0.595400,1.468266
1475,-0.591037,1.468906
1476,-0.586712,1.469804
1477,-0.582442,1.470956
1478,-0.578240,1.472360
1479,-0.574122,1.474011
1480,-0.570102,1.475905
1481,-0.566194,1.478036
1482,-0.562413,1.480396
1483,-0.558772,1.482978
1484,-0.555284,1.485775
1485,-0.551961,1.488776
1486,-0.548816,1.491972
1487,-0.545860,1.495353
1488,-0.543103,1.498907
1489,-0.540557,1.502622
1490,-0.538229,1.506487
1491,-0.536130,1.510487
1492,-0.534266,1.514611
1493,-0.532867,1.519143
1494,-0.531510,1.523457
1495,-0.530407,1.527852
1496,-0.529562,1.532310
1497,-0.528979,1.536817
1498,-0.528662,1.541358
1499,-0.528611,1.545915
1500,-0.528828,1.550475
1501,-0.529313,1.555021
1502,-0.530065,1.559537
1503,-0.531082,1.564008
1504,-0.532362,1.568419
1505,-0.533900,1.572753
1506,-0.535692,1.576995
1507,-0.537732,1.581132
1508,-0.540015,1.585148
1509,-0.542533,1.589028
1510,-0.545278,1.592760
1511,-0.548241,1.596330
1512,-0.551413,1.599725
1513,-0.554783,1.602934
1514,-0.558340,1.605944
1515,-0.562073,1.608745
1516,-0.565969,1.611326
1517,-0.570015,1.613678
1518,-0.574198,1.615792
1519,-0.578503,1.617661
1520,-0.582917,1.619277
1521,-0.587424,1.620634
1522,-0.592010,1.621726
1523,-0.596658,1.622550
1524,-0.601353,1.623102
1525,-0.606318,1.623092
1526,-0.611045,1.623080
1527,-0.615771,1.622793
1528,-0.620478,1.622229
1529,-0.625152,1.621389
1530,-0.629774,1.620277
1531,-0.634331,1.618894
1532,-0.638805,1.617245
1533,-0.643181,1.615336
1534,-0.647445,1.613171
1535,-0.651581,1.610757
1536,-0.655574,1.608102
1537,-0.659411,1.605215
1538,-0.663078,1.602104
1539,-0.666562,1.598780
1540,-0.669851,1.595254
1541,-0.672932,1.591537
1542,-0.675796,1.587640
1543,-0.678431,1.583578
1544,-0.680829,1.579363
1545,-0.682979,1.575010
1546,-0.684874,1.570533
1547,-0.686508,1.565946
1548,-0.687873,1.561266
1549,-0.688965,1.556507
1550,-0.689778,1.551687
1551,-0.690310,1.546820
1552,-0.690558,1.541925
1553,-0.690521,1.537016
1554,-0.690197,1.532112
1555,-0.689587,1.527228
1556,-0.688693,1.522381
1557,-0.687183,1.517421
1558,-0.685719,1.512716
1559,-0.683982,1.508095
1560,-0.681977,1.503577
1561,-0.679709,1.499178
1562,-0.677186,1.494912
1563,-0.674414,1.490795
1564,-0.671405,1.486841
1565,-0.668165,1.483064
1566,-0.664708,1.479476
1567,-0.661042,1.476092
1568,-0.657181,1.472922
1569,-0.653137,1.469978
1570,-0.648923,1.467271
1571,-0.644553,1.464810
1572,-0.640041,1.462604
1573,-0.635403,1.460662
1574,-0.630654,1.458990
1575,-0.625809,1.457596
1576,-0.620885,1.456484
1577,-0.615899,1.455658
1578,-0.610866,1.455123
1579,-0.605805,1.454881
1580,-0.600731,1.454934
1581,-0.595663,1.455281
1582,-0.590617,1.455923
1583,-0.585610,1.456858
1584,-0.580660,1.458084
1585,-0.575783,1.459597
1586,-0.570996,1.461393
1587,-0.566316,1.463466
1588,-0.561758,1.465810
1589,-0.557338,1.468418
1590,-0.553028,1.471651
1591,-0.548948,1.474763
1592,-0.545048,1.478111
1593,-0.541345,1.481683
1594,-0.537851,1.485469
1595,-0.534578,1.489456
1596,-0.531538,1.493632
1597,-0.528742,1.497982
1598,-0.526200,1.502492
1599,-0.523921,1.507148
1600,-0.521913,1.511934
1601,-0.520183,1.516834
1602,-0.518739,1.521832
1603,-0.517586,1.526912
1604,-0.516728,1.532056
1605,-0.516168,1.537248
1606,-0.515910,1.542469
1607,-0.515955,1.547703
1608,-0.516304,1.552932
1609,-0.516955,1.558138
1610,-0.517909,1.563304
1611,-0.519161,1.568412
1612,-0.520709,1.573445
1613,-0.522548,1.578385
1614,-0.524672,1.583217
1615,-0.527075,1.587923
1616,-0.529750,1.592487
1617,-0.532688,1.596894
1618,-0.535879,1.601128
1619,-0.539315,1.605175
1620,-0.542983,1.609022
1621,-0.546872,1.612653
1622,-0.551340,1.616013
1623,-0.555630,1.619161
1624,-0.560100,1.622061
1625,-0.564737,1.624700
1626,-0.569523,1.627069
1627,-0.574445,1.629160
1628,-0.579484,1.630965
1629,-0.584626,1.632477
1630,-0.589852,1.633690
1631,-0.595145,1.634601
1632,-0.600489,1.635204
1633,-0.605864,1.635498
1634,-0.611254,1.635480
1635,-0.616639,1.635151
1636,-0.622003,1.634511
1637,-0.627326,1.633560
1638,-0.632591,1.632302
1639,-0.637781,1.630740
1640,-0.642877,1.628878
1641,-0.647863,1.626723
1642,-0.652721,1.624281
1643,-0.657436,1.621560
1644,-0.661990,1.618567
1645,-0.666368,1.615312
1646,-0.670556,1.611807
1647,-0.674538,1.608061
1648,-0.678302,1.604087
1649,-0.681833,1.599898
1650,-0.685121,1.595508
1651,-0.688153,1.590930
1652,-0.690918,1.586179
1653,-0.693407,1.581272
1654,-0.695483,1.575873
1655,-0.697376,1.570707
1656,-0.698973,1.565434
1657,-0.700264,1.560071
1658,-0.702728,1.556747
1659,-0.707210,1.556701
1660,-0.711597,1.556444
1661,-0.715938,1.555929
1662,-0.720228,1.555154
1663,-0.724451,1.554121
1664,-0.728593,1.552835
1665,-0.732638,1.551303
1666,-0.736571,1.549530
1667,-0.740379,1.547525
1668,-0.744048,1.545297
1669,-0.747565,1.542854
1670,-0.750918,1.540208
1671,-0.754095,1.537368
1672,-0.757084,1.534346
1673,-0.759876,1.531155
1674,-0.762462,1.527806
1675,-0.764831,1.524314
1676,-0.766978,1.520692
1677,-0.768893,1.516954
1678,-0.770573,1.513115
1679,-0.772010,1.509189
1680,-0.773201,1.505191
1681,-0.774143,1.501137
1682,-0.774833,1.497043
1683,-0.775269,1.492922
1684,-0.775451,1.488792
1685,-0.775380,1.484668
1686,-0.775057,1.480564
1687,-0.774186,1.476722
1688,-0.773380,1.472724
1689,-0.772332,1.468792
1690,-0.771047,1.464939
1691,-0.769531,1.461181
1692,-0.767791,1.457530
1693,-0.765834,1.454001
1694,-0.763667,1.450605
1695,-0.761301,1.447356
1696,-0.758745,1.444264
1697,-0.756009,1.441341
1698,-0.753103,1.438597
1699,-0.750041,1.436041
1700,-0.746833,1.433684
1701,-0.743492,1.431532
1702,-0.740032,1.429594
1703,-0.736466,1.427875
1704,-0.732807,1.426382
1705,-0.729070,1.425119
1706,-0.725268,1.424090
1707,-0.721418,1.423299
1708,-0.717533,1.422747
1709,-0.713627,1.422436
1710,-0.709717,1.422366
1711,-0.705816,1.422537
1712,-0.701939,1.422947
1713,-0.698101,1.423594
1714,-0.694316,1.424475
1715,-0.690598,1.425586
1716,-0.686962,1.426921
1717,-0.683420,1.428476
1718,-0.679985,1.430243
1719,-0.676970,1.432439
1720,-0.673801,1.434592
1721,-0.670775,1.436932
1722,-0.667903,1.439451
1723,-0.665196,1.442138
1724,-0.662663,1.444983
1725,-0.660313,1.447975
1726,-0.658155,1.451102
1727,-0.656197,1.454352
1728,-0.654445,1.457713
1729,-0.652905,1.461171
1730,-0.651584,1.464713
1731,-0.650484,1.468325
1732,-0.649611,1.471994
1733,-0.648966,1.475706
1734,-0.648552,1.479446
1735,-0.648369,1.483201
1736,-0.648419,1.486956
1737,-0.648700,1.490696
1738,-0.649210,1.494409
1739,-0.649947,1.498079
1740,-0.650909,1.501693
1741,-0.652091,1.505238
1742,-0.653487,1.508700
1743,-0.655093,1.512066
1744,-0.656903,1.515324
1745,-0.658907,1.518461
1746,-0.661100,1.521467
1747,-0.663472,1.524329
1748,-0.666014,1.527037
1749,-0.668716,1.529582
1750,-0.671568,1.531953
1751,-0.674704,1.533799
1752,-0.677802,1.535791
1753,-0.681014,1.537587
1754,-0.684330,1.539180
1755,-0.687735,1.540565
1756,-0.691216,1.541736
1757,-0.694762,1.542690
1758,-0.698357,1.543423
1759,-0.701989,1.543933
1760,-0.706300,1.545198
1761,-0.711108,1.548865
1762,-0.715507,1.552363
1763,-0.720015,1.555602
1764,-0.724685,1.558558
1765,-0.729506,1.561220
1766,-0.734461,1.563581
1767,-0.739532,1.565632
1768,-0.744699,1.567370
1769,-0.749944,1.568789
1770,-0.755247,1.569887
1771,-0.760589,1.570662
1772,-0.765950,1.571113
1773,-0.771311,1.571240
1774,-0.776651,1.571045
1775,-0.781953,1.570531
1776,-0.787197,1.569702
1777,-0.792365,1.568563
1778,-0.797437,1.567119
1779,-0.802398,1.565378
1780,-0.807229,1.563348
1781,-0.811913,1.561038
1782,-0.816436,1.558459
1783,-0.820413,1.555559
1784,-0.824562,1.552497
1785,-0.828506,1.549203
1786,-0.832232,1.545689
1787,-0.835728,1.541968
1788,-0.838982,1.538056
1789,-0.841985,1.533967
1790,-0.844727,1.529719
1791,-0.847199,1.525326
1792,-0.849394,1.520807
1793,-0.851307,1.516178
1794,-0.852930,1.511457
1795,-0.854262,1.506661
1796,-0.855298,1.501809
1797,-0.856036,1.496919
1798,-0.856475,1.492008
1799,-0.856616,1.487095
