0,-1.886360,1.444400
1,-1.875965,1.437919
2,-1.861141,1.429601
3,-1.845873,1.422132
4,-1.830204,1.415543
5,-1.814186,1.409856
6,-1.797870,1.405090
7,-1.781310,1.401260
8,-1.764559,1.398378
9,-1.747670,1.396454
10,-1.730700,1.395494
11,-1.713702,1.395502
12,-1.696733,1.396476
13,-1.679846,1.398414
14,-1.663097,1.401310
15,-1.646540,1.405154
16,-1.630228,1.409933
17,-1.614215,1.415633
18,-1.598552,1.422235
19,-1.583290,1.429718
20,-1.568478,1.438056
21,-1.554165,1.447224
22,-1.550180,1.449809
23,-1.550180,1.449809
24,-1.550180,1.449809
25,-1.550180,1.449809
26,-1.556554,1.460270
27,-1.566532,1.474026
28,-1.577322,1.487160
29,-1.588841,1.499659
30,-1.601052,1.511483
31,-1.613917,1.522592
32,-1.617529,1.525676
33,-1.617529,1.525676
34,-1.617529,1.525676
35,-1.617529,1.525676
36,-1.617529,1.525676
37,-1.617529,1.525676
38,-1.617232,1.513430
39,-1.615458,1.496529
40,-1.612672,1.479761
41,-1.608936,1.463180
42,-1.604262,1.446837
43,-1.598666,1.430787
44,-1.592166,1.415082
45,-1.584783,1.399771
46,-1.576541,1.384906
47,-1.567467,1.370533
48,-1.557589,1.356700
49,-1.554807,1.352850
50,-1.544305,1.346543
51,-1.529082,1.338990
52,-1.513429,1.332365
53,-1.497425,1.326640
54,-1.481120,1.321836
55,-1.464569,1.317967
56,-1.447824,1.315046
57,-1.430941,1.313082
58,-1.413972,1.312082
59,-1.396975,1.312050
60,-1.380003,1.312984
61,-1.363112,1.314882
62,-1.346356,1.317739
63,-1.329790,1.321544
64,-1.325167,1.322633
65,-1.325167,1.322633
66,-1.325167,1.322633
67,-1.325167,1.322633
68,-1.325167,1.322633
69,-1.325167,1.322633
70,-1.335218,1.329635
71,-1.339116,1.332350
72,-1.339116,1.332350
73,-1.339116,1.332350
74,-1.339116,1.332350
75,-1.339116,1.332350
76,-1.339116,1.332350
77,-1.339116,1.332350
78,-1.332878,1.321807
79,-1.332364,1.315915
80,-1.335587,1.313377
81,-1.338667,1.310664
82,-1.341594,1.307783
83,-1.344359,1.304744
84,-1.346953,1.301554
85,-1.349369,1.298225
86,-1.351598,1.294765
87,-1.353634,1.291186
88,-1.355470,1.287497
89,-1.357101,1.283711
90,-1.358521,1.279838
91,-1.359726,1.275891
92,-1.360711,1.271881
93,-1.355749,1.262727
94,-1.346029,1.252915
95,-1.334361,1.243737
96,-1.322148,1.235186
97,-1.309973,1.226952
98,-1.298183,1.218700
99,-1.287096,1.210099
100,-1.277342,1.201412
101,-1.269766,1.193787
102,-1.264527,1.187546
103,-1.257342,1.184228
104,-1.244641,1.183053
105,-1.231374,1.182796
106,-1.220855,1.182493
107,-1.213540,1.182515
108,-1.207420,1.182822
109,-1.199893,1.183588
110,-1.191976,1.184840
111,-1.184148,1.186500
112,-1.176446,1.188639
113,-1.168847,1.191181
114,-1.161446,1.194180
115,-1.154214,1.197552
116,-1.147224,1.201357
117,-1.140417,1.205526
118,-1.133894,1.210101
119,-1.127612,1.215005
120,-1.120777,1.215302
121,-1.114076,1.211833
122,-1.108703,1.211536
123,-1.096737,1.207826
124,-1.082738,1.203738
125,-1.068238,1.200458
126,-1.053433,1.198003
127,-1.038451,1.196429
128,-1.023366,1.195598
129,-1.008259,1.195745
130,-0.993186,1.196759
131,-0.978194,1.198630
132,-0.963381,1.201362
133,-0.948722,1.204885
134,-0.934280,1.209266
135,-0.920063,1.214381
136,-0.906185,1.220371
137,-0.892683,1.227153
138,-0.879591,1.234695
139,-0.866999,1.242943
140,-0.854857,1.251891
141,-0.843214,1.261484
142,-0.832115,1.271758
143,-0.821663,1.282666
144,-0.811853,1.294156
145,-0.802712,1.306188
146,-0.794309,1.318689
147,-0.786512,1.331596
148,-0.779513,1.344986
149,-0.773319,1.358762
150,-0.767922,1.372874
151,-0.763337,1.387272
152,-0.759581,1.401909
153,-0.756732,1.416783
154,-0.754573,1.431690
155,-0.753341,1.446710
156,-0.752979,1.461790
157,-0.753480,1.476874
158,-0.754842,1.491907
159,-0.757058,1.506840
160,-0.760099,1.521487
161,-0.764000,1.536074
162,-0.768720,1.550422
163,-0.774248,1.564478
164,-0.780569,1.578196
165,-0.787661,1.591533
166,-0.795502,1.604445
167,-0.803986,1.616793
168,-0.813253,1.628718
169,-0.823108,1.640182
170,-0.833653,1.651026
171,-0.844803,1.661232
172,-0.856517,1.670784
173,-0.868757,1.679654
174,-0.881373,1.687754
175,-0.894450,1.695193
176,-0.907986,1.701914
177,-0.921897,1.707809
178,-0.936130,1.712898
179,-0.950633,1.717167
180,-0.965357,1.720603
181,-0.980115,1.723236
182,-0.995193,1.724940
183,-1.010293,1.725872
184,-1.025416,1.725922
185,-1.040518,1.725108
186,-1.055551,1.723435
187,-1.070465,1.720908
188,-1.085211,1.717535
189,-1.099689,1.713330
190,-1.113937,1.708342
191,-1.127884,1.702524
192,-1.141482,1.695914
193,-1.154683,1.688536
194,-1.167444,1.680416
195,-1.179723,1.671582
196,-1.191430,1.662069
197,-1.202529,1.652044
198,-1.213118,1.641268
199,-1.223090,1.629899
200,-1.232400,1.617976
201,-1.241016,1.605540
202,-1.248910,1.592632
203,-1.256013,1.579319
204,-1.262501,1.565687
205,-1.268060,1.551761
206,-1.272850,1.537409
207,-1.276814,1.522805
208,-1.279940,1.507997
209,-1.282218,1.493033
210,-1.283621,1.478013
211,-1.284335,1.463046
212,-1.284040,1.447935
213,-1.282895,1.432845
214,-1.280891,1.417841
215,-1.278035,1.402975
216,-1.274411,1.388281
217,-1.269903,1.373851
218,-1.264620,1.359697
219,-1.258553,1.346011
220,-1.251650,1.332541
221,-1.243988,1.319480
222,-1.235592,1.306876
223,-1.226584,1.294692
224,-1.216824,1.283164
225,-1.206467,1.272161
226,-1.195564,1.261860
227,-1.183969,1.252135
228,-1.171886,1.243018
229,-1.159273,1.234589
230,-1.146193,1.226941
231,-1.132714,1.220105
232,-1.118901,1.213965
233,-1.104732,1.208653
234,-1.090442,1.204147
235,-1.077780,1.201305
236,-1.068062,1.200011
237,-1.059823,1.199984
238,-1.049315,1.201919
239,-1.033011,1.197687
240,-1.016312,1.193814
241,-0.999616,1.190895
242,-0.992277,1.182402
243,-0.995176,1.179473
244,-0.999367,1.182996
245,-1.004102,1.187246
246,-1.004257,1.187404
247,-1.003303,1.187192
248,-1.002924,1.187100
249,-1.002770,1.187055
250,-1.002770,1.187055
251,-1.001863,1.174839
252,-0.999249,1.158047
253,-0.995630,1.141439
254,-0.992488,1.123640
255,-0.990205,1.104242
256,-0.991328,1.094311
257,-0.993140,1.092412
258,-0.990923,1.082741
259,-0.985895,1.068185
260,-0.979934,1.054630
261,-0.973255,1.042564
262,-0.965838,1.032193
263,-0.964199,1.030068
264,-0.952811,1.032385
265,-0.950665,1.032611
266,-0.940895,1.040001
267,-0.933906,1.036512
268,-0.927626,1.033790
269,-0.922088,1.031924
270,-0.917445,1.031196
271,-0.916987,1.031184
272,-0.916987,1.031184
273,-0.916987,1.031184
274,-0.916987,1.031184
275,-0.926424,1.038995
276,-0.930996,1.045589
277,-0.924495,1.047604
278,-0.917400,1.049167
279,-0.910259,1.050857
280,-0.903194,1.052856
281,-0.896316,1.055388
282,-0.889523,1.058069
283,-0.882907,1.061160
284,-0.876481,1.064632
285,-0.870264,1.068470
286,-0.864276,1.072657
287,-0.858535,1.077180
288,-0.853062,1.082023
289,-0.847873,1.087172
290,-0.842985,1.092609
291,-0.838415,1.098317
292,-0.834177,1.104276
293,-0.830285,1.110469
294,-0.826753,1.116874
295,-0.823591,1.123472
296,-0.820809,1.130239
297,-0.818418,1.137156
298,-0.816426,1.144198
299,-0.814838,1.151344
300,-0.813659,1.158569
301,-0.812895,1.165851
302,-0.812547,1.173166
303,-0.812617,1.180489
304,-0.813385,1.187775
305,-0.814198,1.195010
306,-0.815477,1.202181
307,-0.817183,1.209265
308,-0.819296,1.216241
309,-0.821807,1.223085
310,-0.824705,1.229775
311,-0.827980,1.236291
312,-0.831623,1.242610
313,-0.835620,1.248711
314,-0.839960,1.254576
315,-0.844627,1.260184
316,-0.849607,1.265518
317,-0.854885,1.270559
318,-0.860441,1.275292
319,-0.866260,1.279701
320,-0.872321,1.283772
321,-0.878606,1.287491
322,-0.885093,1.290846
323,-0.891762,1.293826
324,-0.898591,1.296421
325,-0.905558,1.298622
326,-0.912640,1.300424
327,-0.919862,1.301569
328,-0.927064,1.302565
329,-0.934302,1.303172
330,-0.941568,1.303338
331,-0.948834,1.303079
332,-0.956074,1.302404
333,-0.963265,1.301315
334,-0.970383,1.299818
335,-0.977405,1.297916
336,-0.984308,1.295617
337,-0.991070,1.292927
338,-0.997668,1.289856
339,-1.004081,1.286413
340,-1.010288,1.282609
341,-1.016269,1.278457
342,-1.022004,1.273970
343,-1.026896,1.268556
344,-1.029888,1.258445
345,-1.034647,1.244928
346,-1.039475,1.229861
347,-1.043507,1.214574
348,-1.046693,1.201088
349,-1.049403,1.190896
350,-1.052034,1.182066
351,-1.054273,1.173141
352,-1.056282,1.165486
353,-1.058161,1.158339
354,-1.059710,1.151224
355,-1.060885,1.144062
356,-1.061663,1.136852
357,-1.062033,1.129611
358,-1.061991,1.122359
359,-1.061536,1.115122
360,-1.060670,1.107920
361,-1.059394,1.100780
362,-1.057712,1.093722
363,-1.055631,1.086771
364,-1.053156,1.079949
365,-1.050296,1.073279
366,-1.047060,1.066781
367,-1.043458,1.060478
368,-1.039502,1.054390
369,-1.035205,1.048536
370,-1.030580,1.042936
371,-1.025642,1.037609
372,-1.020409,1.032571
373,-1.014895,1.027839
374,-1.008946,1.023663
375,-1.003016,1.019545
376,-0.996829,1.015817
377,-0.990427,1.012463
378,-0.983839,1.009485
379,-0.977090,1.006890
380,-0.970202,1.004684
381,-0.963199,1.002874
382,-0.956103,1.001467
383,-0.948937,1.000466
384,-0.941725,0.999876
385,-0.934490,0.999698
386,-0.927255,0.999933
387,-0.920045,1.000580
388,-0.912883,1.001637
389,-0.905791,1.003102
390,-0.898794,1.004969
391,-0.891913,1.007231
392,-0.885172,1.009883
393,-0.879066,1.012911
394,-0.872719,1.016304
395,-0.866535,1.020056
396,-0.860568,1.024153
397,-0.854998,1.028786
398,-0.849967,1.032703
399,-0.848021,1.030520
400,-0.846837,1.027225
401,-0.847415,1.021614
402,-0.847897,1.019838
403,-0.847897,1.019838
404,-0.846848,1.012841
405,-0.851227,1.002343
406,-0.851947,0.994642
407,-0.850465,0.992566
408,-0.849708,0.991299
409,-0.849090,0.990286
410,-0.845887,0.992310
411,-0.839526,0.999277
412,-0.834632,1.007205
413,-0.830346,1.015409
414,-0.826517,1.023829
415,-0.823162,1.032450
416,-0.820294,1.041247
417,-0.817922,1.050195
418,-0.816054,1.059265
419,-0.814695,1.068429
420,-0.813847,1.077659
421,-0.813513,1.086925
422,-0.813692,1.096201
423,-0.814310,1.105511
424,-0.815305,1.114784
425,-0.816919,1.123963
426,-0.819028,1.133041
427,-0.821600,1.142004
428,-0.824613,1.150838
429,-0.825280,1.157448
430,-0.821501,1.160489
431,-0.818351,1.163053
432,-0.819633,1.164361
433,-0.822504,1.162216
434,-0.825524,1.161173
435,-0.832047,1.160558
436,-0.840212,1.157521
437,-0.848930,1.153475
438,-0.857832,1.148852
439,-0.866792,1.143688
440,-0.875734,1.137984
441,-0.883658,1.131652
442,-0.885928,1.131395
443,-0.885992,1.131501
444,-0.886078,1.134356
445,-0.885166,1.143055
446,-0.881741,1.157300
447,-0.877570,1.173649
448,-0.874213,1.190306
449,-0.871801,1.207131
450,-0.870351,1.224067
451,-0.869867,1.241057
452,-0.870350,1.258048
453,-0.871799,1.274984
454,-0.874209,1.291809
455,-0.877572,1.308471
456,-0.881879,1.324914
457,-0.882490,1.328742
458,-0.887838,1.335076
459,-0.894268,1.344054
460,-0.902039,1.353880
461,-0.910759,1.363509
462,-0.920176,1.372691
463,-0.930165,1.381341
464,-0.940654,1.389414
465,-0.951596,1.396879
466,-0.962948,1.403710
467,-0.974672,1.409884
468,-0.986729,1.415382
469,-0.999080,1.420184
470,-1.011684,1.424277
471,-1.024501,1.427646
472,-1.037489,1.430280
473,-1.050606,1.432172
474,-1.063810,1.433314
475,-1.077057,1.433704
476,-1.090305,1.433339
477,-1.103511,1.432221
478,-1.116633,1.430354
479,-1.129627,1.427743
480,-1.142452,1.424397
481,-1.155066,1.420328
482,-1.167403,1.415425
483,-1.179503,1.410072
484,-1.191217,1.403967
485,-1.202568,1.397182
486,-1.213519,1.389755
487,-1.224031,1.381714
488,-1.234069,1.373086
489,-1.243600,1.363901
490,-1.252594,1.354189
491,-1.261021,1.343980
492,-1.268911,1.332942
493,-1.276142,1.321679
494,-1.282712,1.310140
495,-1.288614,1.298273
496,-1.293833,1.286101
497,-1.298352,1.273655
498,-1.302155,1.260973
499,-1.305231,1.248097
500,-1.307570,1.235066
501,-1.309164,1.221923
502,-1.310007,1.208710
503,-1.310024,1.195440
504,-1.309441,1.182249
505,-1.308048,1.169117
506,-1.305902,1.156077
507,-1.303015,1.143177
508,-1.299397,1.130461
509,-1.295061,1.117970
510,-1.290021,1.105746
511,-1.284294,1.093828
512,-1.277898,1.082255
513,-1.270854,1.071064
514,-1.263185,1.060292
515,-1.254464,1.049806
516,-1.245561,1.039956
517,-1.236150,1.030639
518,-1.226238,1.021876
519,-1.215849,1.013691
520,-1.205013,1.006112
521,-1.193791,0.999125
522,-1.182577,0.992288
523,-1.171016,0.986148
524,-1.159084,0.980796
525,-1.146832,0.976236
526,-1.134246,0.972522
527,-1.121523,0.969621
528,-1.108879,0.967441
529,-1.096325,0.965949
530,-1.083836,0.965144
531,-1.070629,0.965454
532,-1.056825,0.966999
533,-1.043116,0.969454
534,-1.029640,0.972767
535,-1.016495,0.976899
536,-1.011180,0.979063
537,-1.008341,0.980741
538,-1.002241,0.988031
539,-0.996449,0.993091
540,-0.993073,0.997689
541,-0.990151,1.002681
542,-0.987585,1.008202
543,-0.985863,1.014249
544,-0.984643,1.020613
545,-0.984144,1.027509
546,-0.984547,1.035066
547,-0.986033,1.043381
548,-0.988741,1.052488
549,-0.989342,1.054257
550,-0.989342,1.054257
551,-0.994353,1.056518
552,-0.997337,1.060032
553,-1.002763,1.063981
554,-1.010330,1.066824
555,-1.016875,1.067774
556,-1.023536,1.067954
557,-1.035094,1.069361
558,-1.045419,1.070466
559,-1.047490,1.070799
560,-1.048423,1.070079
561,-1.051814,1.069617
562,-1.055991,1.069064
563,-1.059192,1.068129
564,-1.064792,1.062631
565,-1.070742,1.054851
566,-1.076260,1.047147
567,-1.081244,1.039904
568,-1.085837,1.031872
569,-1.090094,1.023148
570,-1.095589,1.017592
571,-1.100134,1.012242
572,-1.102457,1.006766
573,-1.103724,1.002522
574,-1.105090,0.998924
575,-1.106721,0.995362
576,-1.107772,0.985915
577,-1.108767,0.972431
578,-1.108665,0.957040
579,-1.107707,0.941647
580,-1.105911,0.926411
581,-1.103289,0.911377
582,-1.099857,0.896588
583,-1.095635,0.882086
584,-1.090643,0.867912
585,-1.084902,0.854104
586,-1.078438,0.840702
587,-1.071278,0.827741
588,-1.063448,0.815257
589,-1.054794,0.803135
590,-1.046270,0.792081
591,-1.037187,0.781560
592,-1.027575,0.771602
593,-1.017468,0.762231
594,-1.006901,0.753473
595,-0.995909,0.745349
596,-0.984531,0.737878
597,-0.972803,0.731078
598,-0.960765,0.724964
599,-0.948457,0.719551
600,-0.935917,0.714848
601,-0.923186,0.710865
602,-0.910305,0.707607
603,-0.897315,0.705080
604,-0.884255,0.703286
605,-0.871167,0.702224
606,-0.858091,0.701892
607,-0.845067,0.702285
608,-0.832134,0.703398
609,-0.819332,0.705220
610,-0.806699,0.707740
611,-0.794272,0.710947
612,-0.782089,0.714825
613,-0.770184,0.719357
614,-0.758593,0.724525
615,-0.747082,0.730570
616,-0.736219,0.736950
617,-0.725765,0.743899
618,-0.715751,0.751390
619,-0.706203,0.759397
620,-0.697148,0.767892
621,-0.688610,0.776844
622,-0.680611,0.786223
623,-0.673173,0.795998
624,-0.666314,0.806134
625,-0.660052,0.816599
626,-0.654401,0.827358
627,-0.649375,0.838375
628,-0.644970,0.849748
629,-0.639754,0.861551
630,-0.636172,0.873342
631,-0.635493,0.876222
632,-0.635493,0.876222
633,-0.641999,0.881628
634,-0.652820,0.888409
635,-0.655506,0.890113
636,-0.655506,0.890113
637,-0.655506,0.890113
638,-0.655506,0.890113
639,-0.655506,0.890113
640,-0.661248,0.879293
641,-0.667985,0.863691
642,-0.673773,0.847709
643,-0.678642,0.831424
644,-0.682577,0.814889
645,-0.685565,0.798156
646,-0.687596,0.781280
647,-0.688663,0.764316
648,-0.688764,0.747319
649,-0.687897,0.730343
650,-0.686066,0.713445
651,-0.683277,0.696678
652,-0.682470,0.691997
653,-0.682470,0.691997
654,-0.682470,0.691997
655,-0.670563,0.689120
656,-0.653778,0.686466
657,-0.636859,0.684826
658,-0.619875,0.684151
659,-0.602880,0.684444
660,-0.585929,0.685703
661,-0.569078,0.687925
662,-0.552380,0.691101
663,-0.535889,0.695223
664,-0.531288,0.696401
665,-0.531288,0.696401
666,-0.531288,0.696401
667,-0.531288,0.696401
668,-0.533991,0.708349
669,-0.539058,0.724569
670,-0.545092,0.740460
671,-0.546804,0.744891
672,-0.555158,0.752861
673,-0.567700,0.763042
674,-0.581153,0.773431
675,-0.595175,0.783038
676,-0.609721,0.791831
677,-0.624744,0.799783
678,-0.628955,0.801981
679,-0.628955,0.801981
680,-0.628955,0.801981
681,-0.628955,0.801981
682,-0.628955,0.801981
683,-0.630539,0.789834
684,-0.631379,0.772861
685,-0.631197,0.755864
686,-0.630048,0.738905
687,-0.627937,0.722040
688,-0.624869,0.705321
689,-0.620855,0.688804
690,-0.615907,0.672543
691,-0.614499,0.668006
692,-0.614499,0.668006
693,-0.614499,0.668006
694,-0.614499,0.668006
695,-0.602702,0.671308
696,-0.586757,0.677187
697,-0.571191,0.684014
698,-0.556039,0.691716
699,-0.541349,0.700268
700,-0.527170,0.709642
701,-0.513547,0.719807
702,-0.509756,0.722669
703,-0.509756,0.722669
704,-0.509756,0.722669
705,-0.509756,0.722669
706,-0.516861,0.732649
707,-0.527794,0.745658
708,-0.539493,0.757990
709,-0.551874,0.769636
710,-0.564897,0.780558
711,-0.577075,0.789791
712,-0.576334,0.790748
713,-0.571134,0.791747
714,-0.562833,0.791073
715,-0.553623,0.789563
716,-0.544110,0.788150
717,-0.534590,0.787187
718,-0.525182,0.786768
719,-0.515927,0.786901
720,-0.506856,0.787571
721,-0.498001,0.788758
722,-0.489389,0.790439
723,-0.481048,0.792591
724,-0.473000,0.795188
725,-0.465271,0.798204
726,-0.457879,0.801612
727,-0.450845,0.805384
728,-0.444184,0.809490
729,-0.437910,0.813900
730,-0.432037,0.818585
731,-0.426575,0.823512
732,-0.421530,0.828653
733,-0.416910,0.833975
734,-0.412718,0.839447
735,-0.408954,0.845039
736,-0.405620,0.850720
737,-0.402712,0.856460
738,-0.400225,0.862230
739,-0.398154,0.868001
740,-0.396489,0.873746
741,-0.395222,0.879438
742,-0.394339,0.885050
743,-0.393828,0.890558
744,-0.393674,0.895940
745,-0.393860,0.901172
746,-0.394370,0.906235
747,-0.395183,0.911110
748,-0.396281,0.915779
749,-0.397643,0.920226
750,-0.399246,0.924438
751,-0.401070,0.928401
752,-0.403090,0.932107
753,-0.405283,0.935545
754,-0.407627,0.938709
755,-0.410097,0.941593
756,-0.412669,0.944195
757,-0.415319,0.946512
758,-0.418024,0.948546
759,-0.420760,0.950297
760,-0.423505,0.951770
761,-0.426236,0.952970
762,-0.428932,0.953903
763,-0.431571,0.954579
764,-0.434134,0.955007
765,-0.436602,0.955199
766,-0.438956,0.955167
767,-0.441180,0.954925
768,-0.443259,0.954488
769,-0.445177,0.953873
770,-0.446923,0.953097
771,-0.448484,0.952177
772,-0.449485,0.951064
773,-0.449199,0.950509
774,-0.447173,0.949406
775,-0.444889,0.947948
776,-0.442388,0.946544
777,-0.439674,0.945276
778,-0.436757,0.944175
779,-0.433647,0.943261
780,-0.430358,0.942551
781,-0.426903,0.942063
782,-0.423297,0.941814
783,-0.419558,0.941819
784,-0.415702,0.942091
785,-0.411750,0.942645
786,-0.407721,0.943491
787,-0.403637,0.944640
788,-0.399520,0.946100
789,-0.395391,0.947879
790,-0.391276,0.949982
791,-0.387197,0.952412
792,-0.383180,0.955172
793,-0.379249,0.958263
794,-0.375429,0.961682
795,-0.371745,0.965427
796,-0.368223,0.969492
797,-0.364888,0.973870
798,-0.361763,0.978554
799,-0.358873,0.983531
800,-0.356242,0.988791
801,-0.353892,0.994319
802,-0.351847,1.000099
803,-0.350121,1.006486
804,-0.348762,1.012717
805,-0.347764,1.019143
806,-0.347147,1.025741
807,-0.346929,1.032488
808,-0.347124,1.039360
809,-0.347745,1.046330
810,-0.348804,1.053373
811,-0.350311,1.060458
812,-0.352275,1.067558
813,-0.354700,1.074644
814,-0.357593,1.081684
815,-0.360954,1.088648
816,-0.364785,1.095504
817,-0.369083,1.102222
818,-0.373845,1.108769
819,-0.379065,1.115114
820,-0.384734,1.121226
821,-0.390842,1.127074
822,-0.397378,1.132626
823,-0.404326,1.137852
824,-0.411669,1.142724
825,-0.419390,1.147213
826,-0.427468,1.151291
827,-0.435880,1.154932
828,-0.444602,1.158111
829,-0.453608,1.160805
830,-0.462870,1.162990
831,-0.472358,1.164647
832,-0.482042,1.165756
833,-0.491888,1.166302
834,-0.501865,1.166268
835,-0.512293,1.165537
836,-0.522419,1.164299
837,-0.532568,1.162452
838,-0.542700,1.159987
839,-0.552778,1.156902
840,-0.562763,1.153195
841,-0.572617,1.148865
842,-0.582299,1.143918
843,-0.591770,1.138359
844,-0.600653,1.132800
845,-0.606074,1.132292
846,-0.608861,1.133412
847,-0.610267,1.134850
848,-0.611127,1.136410
849,-0.611829,1.137984
850,-0.612541,1.139515
851,-0.613813,1.141708
852,-0.616248,1.145646
853,-0.617792,1.150938
854,-0.618643,1.157002
855,-0.619199,1.163560
856,-0.619748,1.170407
857,-0.620473,1.177413
858,-0.621491,1.184486
859,-0.622860,1.191566
860,-0.624606,1.198605
861,-0.626738,1.205565
862,-0.629258,1.212414
863,-0.632163,1.219123
864,-0.635446,1.225670
865,-0.639098,1.232026
866,-0.643108,1.238172
867,-0.647184,1.243703
868,-0.651785,1.249264
869,-0.656752,1.254594
870,-0.661999,1.259653
871,-0.667533,1.264416
872,-0.673335,1.268868
873,-0.679388,1.272988
874,-0.685671,1.276762
875,-0.692163,1.280175
876,-0.696177,1.287779
877,-0.701722,1.296332
878,-0.709969,1.302540
879,-0.718675,1.308122
880,-0.726780,1.314162
881,-0.734423,1.320527
882,-0.741647,1.327189
883,-0.748367,1.334308
884,-0.754430,1.342106
885,-0.751025,1.348447
886,-0.743618,1.355249
887,-0.731983,1.361902
888,-0.722187,1.366544
889,-0.721951,1.366725
890,-0.721951,1.366725
891,-0.721951,1.366725
892,-0.721951,1.366725
893,-0.721951,1.366725
894,-0.721951,1.366725
895,-0.721951,1.366725
896,-0.721951,1.366725
897,-0.721951,1.366725
898,-0.731798,1.359439
899,-0.744604,1.348267
900,-0.756718,1.336343
901,-0.768134,1.323750
902,-0.778814,1.310527
903,-0.788726,1.296718
904,-0.797835,1.282368
905,-0.806113,1.267522
906,-0.808403,1.263361
907,-0.809611,1.251171
908,-0.809926,1.234179
909,-0.809219,1.217197
910,-0.806187,1.204054
911,-0.800859,1.195689
912,-0.794639,1.188660
913,-0.787752,1.182996
914,-0.780508,1.177953
915,-0.774999,1.169313
916,-0.769069,1.155282
917,-0.760964,1.140342
918,-0.753597,1.128299
919,-0.747230,1.119654
920,-0.740958,1.114118
921,-0.739190,1.110084
922,-0.735764,1.105202
923,-0.728749,1.101803
924,-0.718696,1.094683
925,-0.706877,1.085529
926,-0.695585,1.077337
927,-0.691603,1.069820
928,-0.688756,1.063399
929,-0.683299,1.059272
930,-0.683347,1.059947
931,-0.686342,1.065143
932,-0.690443,1.073005
933,-0.695490,1.081785
934,-0.696309,1.085678
935,-0.695907,1.086242
936,-0.693912,1.084742
937,-0.693019,1.084783
938,-0.692119,1.084971
939,-0.691041,1.085188
940,-0.689078,1.084665
941,-0.686046,1.083361
942,-0.682564,1.081961
943,-0.678879,1.080682
944,-0.675086,1.079592
945,-0.671222,1.078712
946,-0.667309,1.078051
947,-0.663363,1.077613
948,-0.659386,1.077332
949,-0.655431,1.077335
950,-0.651470,1.077573
951,-0.647526,1.078040
952,-0.643612,1.078732
953,-0.639744,1.079645
954,-0.635932,1.080777
955,-0.632158,1.082062
956,-0.628507,1.083609
957,-0.624946,1.085372
958,-0.621488,1.087338
959,-0.618146,1.089499
960,-0.614932,1.091848
961,-0.611797,1.094345
962,-0.608811,1.097126
963,-0.606344,1.100888
964,-0.605653,1.111134
965,-0.604945,1.121124
966,-0.603353,1.127120
967,-0.601963,1.133377
968,-0.601836,1.143164
969,-0.600404,1.149723
970,-0.598238,1.154237
971,-0.596765,1.157921
972,-0.595696,1.161745
973,-0.594903,1.165647
974,-0.594349,1.169596
975,-0.594069,1.173624
976,-0.594006,1.177754
977,-0.594168,1.181741
978,-0.594478,1.185743
979,-0.595052,1.189671
980,-0.595865,1.193573
981,-0.596902,1.197428
982,-0.598221,1.201247
983,-0.599765,1.205094
984,-0.601485,1.208699
985,-0.603341,1.212268
986,-0.605402,1.215661
987,-0.607674,1.218939
988,-0.610136,1.222086
989,-0.612840,1.225070
990,-0.615655,1.227958
991,-0.618741,1.230694
992,-0.621861,1.233249
993,-0.625077,1.235570
994,-0.628447,1.237703
995,-0.631943,1.239641
996,-0.635547,1.241378
997,-0.640202,1.243407
998,-0.649925,1.247883
999,-0.660403,1.252199
1000,-0.671262,1.256178
1001,-0.682233,1.259708
1002,-0.693374,1.262848
1003,-0.704636,1.265629
1004,-0.715998,1.268100
1005,-0.727397,1.270212
1006,-0.738955,1.272306
1007,-0.750609,1.274351
1008,-0.762402,1.276466
1009,-0.774391,1.278793
1010,-0.783438,1.280292
1011,-0.788768,1.279893
1012,-0.792857,1.278479
1013,-0.796545,1.276497
1014,-0.799930,1.274328
1015,-0.803163,1.271958
1016,-0.806251,1.269403
1017,-0.809209,1.266599
1018,-0.811996,1.263708
1019,-0.814605,1.260667
1020,-0.817123,1.257338
1021,-0.819351,1.254050
1022,-0.821390,1.250614
1023,-0.823232,1.247057
1024,-0.824825,1.243345
1025,-0.826286,1.239573
1026,-0.827508,1.235745
1027,-0.828498,1.231724
1028,-0.829298,1.227777
1029,-0.829837,1.223828
1030,-0.830146,1.219835
1031,-0.830227,1.215825
1032,-0.830019,1.211781
1033,-0.829660,1.207752
1034,-0.829063,1.203776
1035,-0.828207,1.199694
1036,-0.827165,1.195859
1037,-0.825893,1.192064
1038,-0.824401,1.188339
1039,-0.822698,1.184701
1040,-0.820724,1.181145
1041,-0.818620,1.177700
1042,-0.816211,1.174327
1043,-0.813749,1.171129
1044,-0.811110,1.168131
1045,-0.808285,1.165282
1046,-0.805297,1.162595
1047,-0.802159,1.160081
1048,-0.798805,1.157744
1049,-0.795398,1.155590
1050,-0.791724,1.153644
1051,-0.791643,1.150113
1052,-0.793971,1.145361
1053,-0.796429,1.140276
1054,-0.798695,1.134997
1055,-0.800680,1.129578
1056,-0.802358,1.124049
1057,-0.803720,1.118431
1058,-0.804461,1.113025
1059,-0.805169,1.107305
1060,-0.805561,1.101546
1061,-0.805627,1.095772
1062,-0.805364,1.090003
1063,-0.804771,1.084257
1064,-0.803831,1.078512
1065,-0.802575,1.072859
1066,-0.801006,1.067294
1067,-0.799123,1.061829
1068,-0.796930,1.056481
1069,-0.794435,1.051267
1070,-0.791647,1.046204
1071,-0.788638,1.041308
1072,-0.785268,1.036579
1073,-0.781648,1.032051
1074,-0.777778,1.027737
1075,-0.773669,1.023651
1076,-0.769332,1.019806
1077,-0.764783,1.016214
1078,-0.760008,1.013034
1079,-0.755093,1.009999
1080,-0.750006,1.007242
1081,-0.744767,1.004778
1082,-0.739395,1.002617
1083,-0.733907,1.000767
1084,-0.728369,0.999270
1085,-0.722713,0.998162
1086,-0.717011,0.997262
1087,-0.711264,0.996690
1088,-0.705493,0.996448
1089,-0.699717,0.996536
1090,-0.693955,0.996954
1091,-0.688253,0.997642
1092,-0.682640,0.998848
1093,-0.677036,1.000243
1094,-0.671513,1.001952
1095,-0.666096,1.003973
1096,-0.660801,1.006301
1097,-0.655648,1.008929
1098,-0.650652,1.011847
1099,-0.645957,1.015124
1100,-0.641344,1.018584
1101,-0.636927,1.022306
1102,-0.632728,1.026276
1103,-0.628762,1.030482
1104,-0.625179,1.034841
1105,-0.621649,1.039486
1106,-0.618582,1.044317
1107,-0.615666,1.049286
1108,-0.613038,1.054417
1109,-0.610707,1.059690
1110,-0.608621,1.065003
1111,-0.606920,1.070550
1112,-0.605519,1.076165
1113,-0.604598,1.081798
1114,-0.603843,1.087513
1115,-0.603415,1.093267
1116,-0.603315,1.099038
1117,-0.603545,1.104806
1118,-0.604105,1.110553
1119,-0.604992,1.116258
1120,-0.606326,1.121817
1121,-0.607857,1.127363
1122,-0.609703,1.132824
1123,-0.611858,1.138174
1124,-0.614316,1.143393
1125,-0.617067,1.148464
1126,-0.620104,1.153370
1127,-0.623466,1.157880
1128,-0.627026,1.162423
1129,-0.630835,1.166742
1130,-0.634771,1.170852
1131,-0.638056,1.171757
1132,-0.642265,1.172815
1133,-0.647965,1.175248
1134,-0.654187,1.177414
1135,-0.660759,1.179519
1136,-0.667432,1.181240
1137,-0.674121,1.182623
1138,-0.680763,1.183708
1139,-0.687302,1.184538
1140,-0.693631,1.185044
1141,-0.699791,1.185540
1142,-0.705718,1.185971
1143,-0.711360,1.186432
1144,-0.716672,1.187040
1145,-0.721612,1.187938
1146,-0.726023,1.189123
1147,-0.730066,1.191177
1148,-0.731495,1.191766
1149,-0.730659,1.189734
1150,-0.729110,1.186657
1151,-0.727075,1.183378
1152,-0.724830,1.180075
1153,-0.722373,1.176890
1154,-0.719729,1.173844
1155,-0.716913,1.170951
1156,-0.713935,1.168222
1157,-0.710674,1.165640
1158,-0.707419,1.163218
1159,-0.703968,1.161064
1160,-0.700437,1.159062
1161,-0.696804,1.157279
1162,-0.693077,1.155711
1163,-0.689267,1.154358
1164,-0.685248,1.153242
1165,-0.681302,1.152364
1166,-0.677319,1.151616
1167,-0.673254,1.151207
1168,-0.669198,1.150973
1169,-0.665147,1.150981
1170,-0.661107,1.151221
1171,-0.657087,1.151691
1172,-0.652995,1.152474
1173,-0.649028,1.153350
1174,-0.645163,1.154494
1175,-0.641320,1.155932
1176,-0.637576,1.157519
1177,-0.633943,1.159319
1178,-0.630421,1.161322
1179,-0.626946,1.163642
1180,-0.623695,1.166057
1181,-0.620516,1.168578
1182,-0.619335,1.173209
1183,-0.618586,1.179215
1184,-0.616399,1.183331
1185,-0.614053,1.186892
1186,-0.611810,1.190357
1187,-0.609732,1.194010
1188,-0.607876,1.197624
1189,-0.606140,1.201311
1190,-0.604688,1.205084
1191,-0.603403,1.208841
1192,-0.601522,1.210701
1193,-0.600250,1.213220
1194,-0.599555,1.216725
1195,-0.599206,1.220558
1196,-0.599037,1.224577
1197,-0.599158,1.228585
1198,-0.599528,1.232615
1199,-0.600185,1.236684
1200,-0.601013,1.240674
1201,-0.602070,1.244600
1202,-0.603450,1.248558
1203,-0.604972,1.252325
1204,-0.606650,1.256068
1205,-0.608543,1.259630
1206,-0.610662,1.263090
1207,-0.613057,1.266464
1208,-0.615565,1.269679
1209,-0.618250,1.272737
1210,-0.621239,1.275675
1211,-0.624269,1.278387
1212,-0.627437,1.281007
1213,-0.630708,1.283371
1214,-0.634139,1.285539
1215,-0.637770,1.287488
1216,-0.641453,1.289277
1217,-0.645368,1.290834
1218,-0.649225,1.292138
1219,-0.659716,1.293826
1220,-0.671529,1.294426
1221,-0.683729,1.294092
1222,-0.695924,1.292947
1223,-0.708051,1.290985
1224,-0.720134,1.288388
1225,-0.732035,1.285104
1226,-0.743727,1.281149
1227,-0.755175,1.276533
1228,-0.766342,1.271274
1229,-0.777133,1.265316
1230,-0.787642,1.258815
1231,-0.797754,1.251734
1232,-0.807447,1.244091
1233,-0.816688,1.235909
1234,-0.825450,1.227215
1235,-0.833496,1.217691
1236,-0.841192,1.208039
1237,-0.848336,1.197976
1238,-0.854899,1.187528
1239,-0.860858,1.176725
1240,-0.866207,1.165629
1241,-0.870903,1.154225
1242,-0.874941,1.142567
1243,-0.878308,1.130697
1244,-0.880995,1.118653
1245,-0.882991,1.106475
1246,-0.884313,1.094228
1247,-0.884916,1.081906
1248,-0.884815,1.069563
1249,-0.884010,1.057248
1250,-0.882505,1.044998
1251,-0.880305,1.032852
1252,-0.877405,1.020803
1253,-0.873834,1.009021
1254,-0.869593,0.997433
1255,-0.864697,0.986098
1256,-0.859162,0.975058
1257,-0.852936,0.964411
1258,-0.846175,0.954060
1259,-0.838843,0.944119
1260,-0.830960,0.934612
1261,-0.822548,0.925570
1262,-0.813636,0.917020
1263,-0.804204,0.909071
1264,-0.794370,0.901583
1265,-0.784132,0.894670
1266,-0.773522,0.888351
1267,-0.762569,0.882647
1268,-0.751314,0.877572
1269,-0.739524,0.873453
1270,-0.727754,0.869706
1271,-0.715829,0.866606
1272,-0.703729,0.864201
1273,-0.691511,0.862489
1274,-0.679213,0.861476
1275,-0.666878,0.861163
1276,-0.654544,0.861554
1277,-0.642273,0.862620
1278,-0.630066,0.864406
1279,-0.617977,0.866886
1280,-0.606048,0.870051
1281,-0.594318,0.873891
1282,-0.582824,0.878393
1283,-0.571619,0.883509
1284,-0.560712,0.889283
1285,-0.550149,0.895672
1286,-0.539968,0.902654
1287,-0.530199,0.910204
1288,-0.520903,0.918287
1289,-0.512013,0.926882
1290,-0.503656,0.935979
1291,-0.496051,0.945863
1292,-0.488815,0.955868
1293,-0.482146,0.966254
1294,-0.476075,0.976996
1295,-0.470613,0.988030
1296,-0.465797,0.999387
1297,-0.461636,1.011002
1298,-0.458143,1.022836
1299,-0.455329,1.034851
1300,-0.453204,1.047007
1301,-0.451752,1.059232
1302,-0.451019,1.071550
1303,-0.450990,1.083891
1304,-0.451663,1.096215
1305,-0.453038,1.108481
1306,-0.455109,1.120650
1307,-0.457882,1.132711
1308,-0.461328,1.144543
1309,-0.465446,1.156179
1310,-0.470190,1.167541
1311,-0.475596,1.178660
1312,-0.481623,1.189439
1313,-0.488320,1.199792
1314,-0.495538,1.209823
1315,-0.503307,1.219420
1316,-0.511607,1.228557
1317,-0.520413,1.237208
1318,-0.529697,1.245344
1319,-0.539471,1.252856
1320,-0.549630,1.259893
1321,-0.560162,1.266335
1322,-0.571044,1.272167
1323,-0.582237,1.277370
1324,-0.593709,1.281927
1325,-0.605654,1.285502
1326,-0.617546,1.288716
1327,-0.629624,1.291246
1328,-0.641824,1.293089
1329,-0.654043,1.294236
1330,-0.666411,1.294708
1331,-0.678753,1.294468
1332,-0.691034,1.293555
1333,-0.703257,1.291917
1334,-0.715369,1.289585
1335,-0.727329,1.286566
1336,-0.739099,1.282871
1337,-0.750637,1.278538
1338,-0.761905,1.273537
1339,-0.772877,1.267896
1340,-0.783509,1.261639
1341,-0.793769,1.254784
1342,-0.803623,1.247357
1343,-0.813098,1.239339
1344,-0.821991,1.230860
1345,-0.830425,1.221864
1346,-0.838341,1.212395
1347,-0.845625,1.202448
1348,-0.852367,1.192201
1349,-0.858621,1.181482
1350,-0.864217,1.170467
1351,-0.869172,1.159161
1352,-0.873474,1.147595
1353,-0.877019,1.135792
1354,-0.879983,1.123801
1355,-0.882260,1.111669
1356,-0.883842,1.099432
1357,-0.884725,1.087125
1358,-0.884906,1.074787
1359,-0.884006,1.062356
1360,-0.882751,1.050077
1361,-0.880818,1.037892
1362,-0.878228,1.025844
1363,-0.874939,1.013966
1364,-0.870976,1.002288
1365,-0.866353,0.990854
1366,-0.861086,0.979700
1367,-0.855191,0.968864
1368,-0.848755,0.958417
1369,-0.841676,0.948293
1370,-0.834038,0.938605
1371,-0.825862,0.929371
1372,-0.817175,0.920617
1373,-0.808003,0.912372
1374,-0.798323,0.904609
1375,-0.788303,0.897509
1376,-0.777864,0.890957
1377,-0.767061,0.885003
1378,-0.755933,0.879673
1379,-0.744518,0.874985
1380,-0.732854,0.870954
1381,-0.720973,0.867684
1382,-0.708912,0.865000
1383,-0.696730,0.863009
1384,-0.684458,0.861713
1385,-0.672132,0.861118
1386,-0.659792,0.861224
1387,-0.647586,0.862179
1388,-0.635273,0.863673
1389,-0.623118,0.865860
1390,-0.611120,0.868730
1391,-0.599308,0.872276
1392,-0.587717,0.876487
1393,-0.576384,0.881352
1394,-0.565325,0.886873
1395,-0.554639,0.892997
1396,-0.544370,0.899785
1397,-0.534416,0.907104
1398,-0.524905,0.914967
1399,-0.515858,0.923356
1400,-0.507304,0.932246
1401,-0.499269,0.941608
1402,-0.491864,0.951450
1403,-0.484934,0.961678
1404,-0.478604,0.972273
1405,-0.472890,0.983206
1406,-0.467816,0.994435
1407,-0.463355,1.005972
1408,-0.459661,1.017728
1409,-0.456548,1.029681
1410,-0.454122,1.041776
1411,-0.452387,1.053986
1412,-0.451349,1.066274
1413,-0.451014,1.078641
1414,-0.451479,1.090916
1415,-0.452553,1.103214
1416,-0.454325,1.115422
1417,-0.456788,1.127509
1418,-0.459934,1.139435
1419,-0.463755,1.151164
1420,-0.468311,1.162604
1421,-0.473445,1.173839
1422,-0.479203,1.184750
1423,-0.485571,1.195315
1424,-0.492528,1.205499
1425,-0.500053,1.215271
1426,-0.508484,1.224444
1427,-0.517053,1.233235
1428,-0.526152,1.241616
1429,-0.535687,1.249442
1430,-0.545643,1.256709
1431,-0.555995,1.263397
1432,-0.566676,1.269497
1433,-0.577716,1.274969
1434,-0.589052,1.279803
1435,-0.600646,1.283983
1436,-0.612461,1.287496
1437,-0.624457,1.290331
1438,-0.636568,1.292500
1439,-0.648805,1.293958
1440,-0.661109,1.294714
1441,-0.673437,1.294767
1442,-0.685750,1.294119
1443,-0.698005,1.292771
1444,-0.710208,1.290717
1445,-0.722201,1.287977
1446,-0.733967,1.284575
1447,-0.745660,1.280494
1448,-0.757001,1.275686
1449,-0.768123,1.270304
1450,-0.778903,1.264306
1451,-0.789320,1.257709
1452,-0.799345,1.250529
1453,-0.808945,1.242791
1454,-0.818012,1.234470
1455,-0.826686,1.225679
1456,-0.834835,1.216420
1457,-0.842441,1.206716
1458,-0.849483,1.196597
1459,-0.855939,1.186092
1460,-0.861522,1.174959
1461,-0.866706,1.163767
1462,-0.871264,1.152311
1463,-0.875188,1.140652
1464,-0.878428,1.128764
1465,-0.880985,1.116709
1466,-0.882869,1.104566
1467,-0.884059,1.092283
1468,-0.884544,1.079968
1469,-0.884355,1.067671
1470,-0.883442,1.055387
1471,-0.881829,1.043172
1472,-0.879522,1.031068
1473,-0.876529,1.019114
1474,-0.872860,1.007349
1475,-0.868561,0.995825
1476,-0.863584,0.984553
1477,-0.857970,0.973582
1478,-0.851739,0.962947
1479,-0.844911,0.952684
1480,-0.837511,0.942826
1481,-0.829532,0.933374
1482,-0.821019,0.924526
1483,-0.812035,0.916065
1484,-0.802591,0.908135
1485,-0.792761,0.900782
1486,-0.782464,0.893942
1487,-0.771814,0.887718
1488,-0.760813,0.882203
1489,-0.749519,0.877224
1490,-0.737973,0.872901
1491,-0.726203,0.869242
1492,-0.714245,0.866259
1493,-0.702136,0.863961
1494,-0.689752,0.862701
1495,-0.677452,0.861835
1496,-0.665129,0.861646
1497,-0.652818,0.862151
1498,-0.640556,0.863353
1499,-0.628383,0.865250
1500,-0.616356,0.867804
1501,-0.604479,0.871066
1502,-0.592805,0.875003
1503,-0.581373,0.879599
1504,-0.570283,0.884808
1505,-0.559396,0.890673
1506,-0.548904,0.897099
1507,-0.538797,0.904140
1508,-0.529108,0.911747
1509,-0.519867,0.919896
1510,-0.511106,0.928556
1511,-0.502851,0.937703
1512,-0.495106,0.947338
1513,-0.487971,0.957349
1514,-0.481401,0.967768
1515,-0.475431,0.978550
1516,-0.470174,0.989671
1517,-0.465458,1.001082
1518,-0.461406,1.012728
1519,-0.458023,1.024581
1520,-0.455320,1.036607
1521,-0.453305,1.048767
1522,-0.452076,1.061006
1523,-0.451457,1.073257
1524,-0.451509,1.085639
1525,-0.452274,1.097950
1526,-0.453737,1.110185
1527,-0.455894,1.122316
1528,-0.459112,1.134337
1529,-0.462680,1.146135
1530,-0.466885,1.157716
1531,-0.471696,1.169026
1532,-0.477171,1.180053
1533,-0.483268,1.190753
1534,-0.489964,1.201088
1535,-0.497239,1.211025
1536,-0.505067,1.220533
1537,-0.513383,1.229581
1538,-0.522237,1.238140
1539,-0.531567,1.246180
1540,-0.541341,1.253677
1541,-0.551527,1.260605
1542,-0.562091,1.266943
1543,-0.572991,1.272681
1544,-0.584198,1.277780
1545,-0.595682,1.282234
1546,-0.607402,1.286028
1547,-0.619321,1.289148
1548,-0.631398,1.291585
1549,-0.643595,1.293330
1550,-0.655855,1.294289
1551,-0.668191,1.294640
1552,-0.680511,1.294288
1553,-0.692788,1.293237
1554,-0.704984,1.291489
1555,-0.717061,1.289050
1556,-0.728929,1.285851
1557,-0.740675,1.282053
1558,-0.752168,1.277596
1559,-0.763383,1.272495
1560,-0.774290,1.266765
1561,-0.784853,1.260424
1562,-0.795013,1.253507
1563,-0.804753,1.245938
1564,-0.814095,1.237893
1565,-0.822958,1.229335
1566,-0.831319,1.220288
1567,-0.839152,1.210781
1568,-0.846344,1.200816
1569,-0.853063,1.190462
1570,-0.859170,1.179758
1571,-0.864656,1.168728
1572,-0.869506,1.157405
1573,-0.873703,1.145824
1574,-0.877235,1.134023
1575,-0.880008,1.122021
1576,-0.882178,1.109890
1577,-0.883655,1.097660
1578,-0.884433,1.085367
1579,-0.884510,1.073050
1580,-0.883886,1.060748
1581,-0.882205,1.048457
1582,-0.880184,1.036280
1583,-0.877483,1.024262
1584,-0.874136,1.012435
1585,-0.870100,1.000814
1586,-0.865405,0.989439
1587,-0.860069,0.978348
1588,-0.854108,0.967578
1589,-0.847544,0.957165
1590,-0.840432,0.947142
1591,-0.832735,0.937542
1592,-0.824497,0.928395
1593,-0.815751,0.919732
1594,-0.806524,0.911579
1595,-0.796848,0.903965
1596,-0.786707,0.896881
1597,-0.776252,0.890451
1598,-0.765422,0.884604
1599,-0.754322,0.879395
1600,-0.742866,0.874782
1601,-0.731190,0.870842
1602,-0.719315,0.867667
1603,-0.707255,0.865074
1604,-0.695084,0.863176
1605,-0.682829,0.861973
1606,-0.670525,0.861469
1607,-0.658213,0.861666
1608,-0.645968,0.862648
1609,-0.633731,0.864242
1610,-0.621626,0.866528
1611,-0.609675,0.869499
1612,-0.597914,0.873143
1613,-0.586378,0.877452
1614,-0.575107,0.882410
1615,-0.564189,0.888383
1616,-0.553567,0.894602
1617,-0.543311,0.901409
1618,-0.533507,0.908743
1619,-0.524046,0.916675
1620,-0.515079,0.925116
1621,-0.506607,0.934012
1622,-0.498663,0.943403
1623,-0.491267,0.953236
1624,-0.484443,0.963475
1625,-0.478212,0.974087
1626,-0.472594,0.985038
1627,-0.467591,0.996336
1628,-0.463281,1.007828
1629,-0.459619,1.019573
1630,-0.456629,1.031515
1631,-0.454324,1.043610
1632,-0.452710,1.055817
1633,-0.451795,1.068097
1634,-0.451580,1.080410
1635,-0.452066,1.092715
1636,-0.453335,1.104935
1637,-0.455202,1.117070
1638,-0.457757,1.129161
1639,-0.460993,1.141049
1640,-0.464898,1.152726
1641,-0.469461,1.164159
1642,-0.474666,1.175315
1643,-0.480895,1.186071
1644,-0.487353,1.196551
1645,-0.494385,1.206650
1646,-0.501936,1.216334
1647,-0.510057,1.225571
1648,-0.518695,1.234331
1649,-0.527819,1.242586
1650,-0.537399,1.250308
1651,-0.547403,1.257473
1652,-0.557760,1.264070
1653,-0.568509,1.270055
1654,-0.579585,1.275417
1655,-0.590950,1.280138
1656,-0.602496,1.284182
1657,-0.614362,1.287619
1658,-0.625750,1.289635
1659,-0.637438,1.291010
1660,-0.649597,1.292201
1661,-0.661879,1.292815
1662,-0.674186,1.292761
1663,-0.686471,1.292017
1664,-0.698726,1.290570
1665,-0.710784,1.288350
1666,-0.722779,1.285525
1667,-0.734582,1.282024
1668,-0.746164,1.277858
1669,-0.757490,1.273040
1670,-0.768523,1.267585
1671,-0.779229,1.261510
1672,-0.789526,1.254767
1673,-0.799477,1.247514
1674,-0.808996,1.239709
1675,-0.818010,1.231427
1676,-0.826624,1.222581
1677,-0.834692,1.213279
1678,-0.841977,1.203213
1679,-0.848911,1.193049
1680,-0.855264,1.182517
1681,-0.861011,1.171644
1682,-0.866131,1.160464
1683,-0.870630,1.149050
1684,-0.874451,1.137364
1685,-0.877599,1.125477
1686,-0.880065,1.113429
1687,-0.881840,1.101259
1688,-0.882920,1.089007
1689,-0.883332,1.076737
1690,-0.883016,1.064443
1691,-0.881998,1.052186
1692,-0.880283,1.040004
1693,-0.877877,1.027939
1694,-0.874821,1.016062
1695,-0.871073,1.004314
1696,-0.866662,0.992824
1697,-0.861604,0.981610
1698,-0.855917,0.970703
1699,-0.849618,0.960137
1700,-0.842640,0.949960
1701,-0.835184,0.940206
1702,-0.827178,0.930873
1703,-0.818651,0.922006
1704,-0.809631,0.913638
1705,-0.800149,0.905797
1706,-0.790236,0.898507
1707,-0.779879,0.891864
1708,-0.769198,0.885744
1709,-0.758191,0.880244
1710,-0.746889,0.875379
1711,-0.735329,0.871165
1712,-0.723546,0.867616
1713,-0.711381,0.865092
1714,-0.699268,0.862929
1715,-0.687104,0.861438
1716,-0.674808,0.860628
1717,-0.662508,0.860521
1718,-0.650227,0.861113
1719,-0.638015,0.862372
1720,-0.625888,0.864347
1721,-0.613889,0.867014
1722,-0.602059,0.870362
1723,-0.590438,0.874379
1724,-0.579065,0.879051
1725,-0.567980,0.884327
1726,-0.557212,0.890253
1727,-0.546797,0.896788
1728,-0.536770,0.903908
1729,-0.527164,0.911589
1730,-0.518011,0.919804
1731,-0.509306,0.928562
1732,-0.501179,0.937750
1733,-0.493565,0.947405
1734,-0.486519,0.957442
1735,-0.480112,0.967937
1736,-0.474217,0.978764
1737,-0.468961,0.989890
1738,-0.464348,1.001293
1739,-0.460391,1.012938
1740,-0.457104,1.024790
1741,-0.454496,1.036811
1742,-0.452669,1.048957
1743,-0.451439,1.061204
1744,-0.450909,1.073493
1745,-0.451079,1.085790
1746,-0.451948,1.098059
1747,-0.453515,1.110257
1748,-0.455772,1.122347
1749,-0.459116,1.134306
1750,-0.462718,1.146043
1751,-0.466999,1.157564
1752,-0.471928,1.168824
1753,-0.477456,1.179757
1754,-0.483628,1.190410
1755,-0.490389,1.200679
1756,-0.497677,1.210543
1757,-0.505550,1.219975
1758,-0.513951,1.228942
1759,-0.522852,1.237417
1760,-0.531796,1.245022
1761,-0.540815,1.251991
1762,-0.550716,1.258797
1763,-0.561201,1.265057
1764,-0.572089,1.270704
1765,-0.583303,1.275716
1766,-0.594793,1.280077
1767,-0.606516,1.283776
1768,-0.618474,1.286809
1769,-0.630518,1.289132
1770,-0.642699,1.290772
1771,-0.654931,1.291628
1772,-0.667283,1.291925
1773,-0.679578,1.291493
1774,-0.691818,1.290356
1775,-0.703972,1.288523
1776,-0.716002,1.286001
1777,-0.727869,1.282799
1778,-0.739535,1.278926
1779,-0.750962,1.274395
1780,-0.762113,1.269222
1781,-0.772952,1.263422
1782,-0.783444,1.257015
1783,-0.793447,1.249660
1784,-0.803120,1.242064
1785,-0.812358,1.233953
1786,-0.821123,1.225339
1787,-0.829397,1.216288
1788,-0.837132,1.206746
1789,-0.844311,1.196775
1790,-0.850891,1.186466
1791,-0.856926,1.175725
1792,-0.862321,1.164680
1793,-0.867103,1.153391
1794,-0.871212,1.141819
1795,-0.874654,1.130029
1796,-0.877419,1.118060
1797,-0.879498,1.105952
1798,-0.880885,1.093746
1799,-0.881571,1.081441
