0,1.904170,1.037790
1,1.904170,1.037790
2,1.904170,1.037790
3,1.904170,1.037790
4,1.904170,1.037790
5,1.894467,1.045268
6,1.880219,1.054529
7,1.865436,1.062919
8,1.850200,1.070454
9,1.834560,1.077110
10,1.818566,1.082865
11,1.802271,1.087701
12,1.785727,1.091602
13,1.768988,1.094556
14,1.752108,1.096552
15,1.735142,1.097585
16,1.718145,1.097650
17,1.701171,1.096749
18,1.684276,1.094883
19,1.667515,1.092059
20,1.650942,1.088287
21,1.634610,1.083577
22,1.618572,1.077945
23,1.602881,1.071411
24,1.587587,1.063994
25,1.572740,1.055719
26,1.558387,1.046612
27,1.544576,1.036704
28,1.531351,1.026026
29,1.518756,1.014613
30,1.506829,1.002502
31,1.503516,0.999099
32,1.503516,0.999099
33,1.503516,0.999099
34,1.503516,0.999099
35,1.503516,0.999099
36,1.503516,0.999099
37,1.503516,0.999099
38,1.503516,0.999099
39,1.503516,0.999099
40,1.503516,0.999099
41,1.503516,0.999099
42,1.503516,0.999099
43,1.495955,1.008737
44,1.484429,1.021224
45,1.472170,1.032999
46,1.459261,1.044057
47,1.445744,1.054362
48,1.431662,1.063881
49,1.417062,1.072584
50,1.401990,1.080443
51,1.386495,1.087430
52,1.370628,1.093526
53,1.354439,1.098708
54,1.337983,1.102961
55,1.321311,1.106271
56,1.304477,1.108627
57,1.287537,1.110021
58,1.270545,1.110449
59,1.265796,1.110542
60,1.271352,1.110323
61,1.278594,1.109108
62,1.285668,1.107096
63,1.292577,1.104400
64,1.299313,1.100836
65,1.299208,1.094030
66,1.296914,1.085008
67,1.293293,1.074160
68,1.287865,1.061692
69,1.286272,1.058507
70,1.286272,1.058507
71,1.286272,1.058507
72,1.286272,1.058507
73,1.286272,1.058507
74,1.286272,1.058507
75,1.286272,1.058507
76,1.286272,1.058507
77,1.286272,1.058507
78,1.286272,1.058507
79,1.286272,1.058507
80,1.286272,1.058507
81,1.286272,1.058507
82,1.286272,1.058507
83,1.274055,1.059402
84,1.257061,1.059280
85,1.240102,1.058136
86,1.223236,1.056030
87,1.206517,1.052967
88,1.189999,1.048958
89,1.173735,1.044015
90,1.157780,1.038155
91,1.142184,1.031397
92,1.126997,1.023763
93,1.112270,1.015277
94,1.098049,1.005967
95,1.084380,0.995862
96,1.071309,0.984997
97,1.058878,0.973405
98,1.055318,0.963743
99,1.052955,0.953274
100,1.052321,0.950933
101,1.052321,0.950933
102,1.052321,0.950933
103,1.052321,0.950933
104,1.052321,0.950933
105,1.052321,0.950933
106,1.052321,0.950933
107,1.052321,0.950933
108,1.052321,0.950933
109,1.052321,0.950933
110,1.052321,0.950933
111,1.052321,0.950933
112,1.052321,0.950933
113,1.052321,0.950933
114,1.040106,0.951856
115,1.023112,0.951774
116,1.006151,0.950670
117,0.989279,0.948603
118,0.984568,0.947999
119,0.974010,0.941787
120,0.960101,0.932023
121,0.946801,0.921439
122,0.934125,0.910115
123,0.922113,0.898088
124,0.918776,0.894708
125,0.918776,0.894708
126,0.918776,0.894708
127,0.918776,0.894708
128,0.918776,0.894708
129,0.918776,0.894708
130,0.918776,0.894708
131,0.918776,0.894708
132,0.918776,0.894708
133,0.918776,0.894708
134,0.918776,0.894708
135,0.918776,0.894708
136,0.918776,0.894708
137,0.918776,0.894708
138,0.906670,0.896584
139,0.889722,0.897830
140,0.872726,0.898056
141,0.855745,0.897314
142,0.838833,0.895607
143,0.822046,0.892941
144,0.805438,0.889324
145,0.789062,0.884768
146,0.772972,0.879288
147,0.757221,0.872901
148,0.741857,0.865628
149,0.726933,0.857493
150,0.712496,0.848522
151,0.698592,0.838744
152,0.685268,0.828191
153,0.672565,0.816897
154,0.660525,0.804898
155,0.657180,0.801526
156,0.657180,0.801526
157,0.657180,0.801526
158,0.657180,0.801526
159,0.657180,0.801526
160,0.657180,0.801526
161,0.657180,0.801526
162,0.657180,0.801526
163,0.657180,0.801526
164,0.657180,0.801526
165,0.657180,0.801526
166,0.657180,0.801526
167,0.657180,0.801526
168,0.646645,0.807778
169,0.631382,0.815250
170,0.615694,0.821793
171,0.599660,0.827432
172,0.583330,0.832151
173,0.566759,0.835932
174,0.555853,0.840843
175,0.553555,0.848740
176,0.551029,0.856591
177,0.548272,0.864395
178,0.545279,0.872153
179,0.542045,0.879862
180,0.538565,0.887520
181,0.534834,0.895121
182,0.530845,0.902663
183,0.530501,0.909432
184,0.531292,0.915983
185,0.531178,0.922348
186,0.529970,0.928769
187,0.528352,0.935047
188,0.526365,0.941155
189,0.524027,0.947070
190,0.521352,0.952773
191,0.518358,0.958246
192,0.515062,0.963470
193,0.511484,0.968430
194,0.507641,0.973110
195,0.503554,0.977498
196,0.499245,0.981580
197,0.494734,0.985347
198,0.490043,0.988788
199,0.485194,0.991896
200,0.480211,0.994664
201,0.475115,0.997087
202,0.469930,0.999162
203,0.464679,1.000888
204,0.459383,1.002262
205,0.454067,1.003286
206,0.448752,1.003963
207,0.443460,1.004295
208,0.438213,1.004289
209,0.433033,1.003951
210,0.427939,1.003287
211,0.422951,1.002308
212,0.418089,1.001023
213,0.413371,0.999443
214,0.408814,0.997581
215,0.404435,0.995450
216,0.400249,0.993065
217,0.396271,0.990440
218,0.392514,0.987591
219,0.388990,0.984535
220,0.385710,0.981290
221,0.382685,0.977872
222,0.379922,0.974301
223,0.377429,0.970595
224,0.375212,0.966774
225,0.373616,0.963009
226,0.371955,0.959035
227,0.370578,0.955003
228,0.369487,0.950933
229,0.368682,0.946844
230,0.368161,0.942754
231,0.367922,0.938683
232,0.367960,0.934649
233,0.368271,0.930670
234,0.368847,0.926765
235,0.369681,0.922949
236,0.370766,0.919239
237,0.372090,0.915652
238,0.373644,0.912202
239,0.375416,0.908904
240,0.377394,0.905770
241,0.379565,0.902813
242,0.381915,0.900045
243,0.384429,0.897476
244,0.387092,0.895116
245,0.389889,0.892972
246,0.392803,0.891053
247,0.395819,0.889364
248,0.398919,0.887909
249,0.402087,0.886694
250,0.405305,0.885720
251,0.408556,0.884990
252,0.411824,0.884503
253,0.415091,0.884258
254,0.418339,0.884254
255,0.421554,0.884487
256,0.424717,0.884954
257,0.427814,0.885649
258,0.430583,0.886845
259,0.433484,0.887961
260,0.436275,0.889281
261,0.438941,0.890798
262,0.441470,0.892501
263,0.443849,0.894378
264,0.446067,0.896419
265,0.448113,0.898610
266,0.449978,0.900939
267,0.451653,0.903393
268,0.453130,0.905956
269,0.454402,0.908614
270,0.455463,0.911353
271,0.456310,0.914156
272,0.456938,0.917009
273,0.457344,0.919894
274,0.457528,0.922797
275,0.457488,0.925701
276,0.457226,0.928591
277,0.456744,0.931450
278,0.456044,0.934263
279,0.455131,0.937014
280,0.454009,0.939689
281,0.452684,0.942272
282,0.451164,0.944750
283,0.449457,0.947108
284,0.447571,0.949334
285,0.445517,0.951415
286,0.443304,0.953339
287,0.440944,0.955095
288,0.438450,0.956674
289,0.435835,0.958064
290,0.432915,0.958942
291,0.430114,0.959922
292,0.427233,0.960694
293,0.424289,0.961251
294,0.421295,0.961589
295,0.418267,0.961704
296,0.415221,0.961593
297,0.412174,0.961256
298,0.409140,0.960692
299,0.406137,0.959902
300,0.403180,0.958888
301,0.400284,0.957652
302,0.397466,0.956199
303,0.394741,0.954534
304,0.392123,0.952663
305,0.389627,0.950592
306,0.387268,0.948332
307,0.385059,0.945889
308,0.383013,0.943275
309,0.381141,0.940500
310,0.379457,0.937577
311,0.377969,0.934516
312,0.376689,0.931333
313,0.375626,0.928040
314,0.374787,0.924652
315,0.374179,0.921184
316,0.373809,0.917652
317,0.373682,0.914072
318,0.373802,0.910461
319,0.374173,0.906834
320,0.374794,0.903209
321,0.375669,0.899602
322,0.377151,0.895922
323,0.378534,0.892422
324,0.380163,0.888992
325,0.382035,0.885649
326,0.384146,0.882410
327,0.386489,0.879291
328,0.389057,0.876308
329,0.391842,0.873476
330,0.394835,0.870812
331,0.398026,0.868328
332,0.401403,0.866039
333,0.404954,0.863958
334,0.408666,0.862097
335,0.412526,0.860468
336,0.416519,0.859082
337,0.420629,0.857948
338,0.424841,0.857075
339,0.429137,0.856471
340,0.433502,0.856142
341,0.437916,0.856094
342,0.442362,0.856331
343,0.446822,0.856858
344,0.451277,0.857675
345,0.455708,0.858784
346,0.460096,0.860184
347,0.464422,0.861874
348,0.468668,0.863852
349,0.472814,0.866113
350,0.476842,0.868652
351,0.480734,0.871463
352,0.484471,0.874538
353,0.488037,0.877868
354,0.491427,0.881817
355,0.494581,0.885629
356,0.497516,0.889662
357,0.500214,0.893903
358,0.502662,0.898340
359,0.504847,0.902956
360,0.506755,0.907735
361,0.508376,0.912662
362,0.509699,0.917718
363,0.510714,0.922885
364,0.511413,0.928145
365,0.511789,0.933478
366,0.511837,0.938863
367,0.511551,0.944282
368,0.510928,0.949712
369,0.509966,0.955133
370,0.508665,0.960524
371,0.507024,0.965863
372,0.505045,0.971130
373,0.502733,0.976302
374,0.500090,0.981359
375,0.497124,0.986280
376,0.493841,0.991044
377,0.490249,0.995631
378,0.486359,1.000021
379,0.482182,1.004195
380,0.477729,1.008135
381,0.473014,1.011823
382,0.468052,1.015241
383,0.462859,1.018373
384,0.457450,1.021204
385,0.451473,1.023682
386,0.445690,1.025851
387,0.439748,1.027684
388,0.433668,1.029165
389,0.427470,1.030285
390,0.421177,1.031035
391,0.414811,1.031408
392,0.408394,1.031399
393,0.401949,1.031002
394,0.395501,1.030216
395,0.389073,1.029037
396,0.382688,1.027467
397,0.376371,1.025506
398,0.370146,1.023157
399,0.364036,1.020425
400,0.358066,1.017315
401,0.352257,1.013834
402,0.346635,1.009992
403,0.341220,1.005797
404,0.336035,1.001262
405,0.331101,0.996399
406,0.326440,0.991223
407,0.322069,0.985748
408,0.318009,0.979992
409,0.314278,0.973973
410,0.310892,0.967708
411,0.307867,0.961219
412,0.305217,0.954526
413,0.302957,0.947652
414,0.301097,0.940619
415,0.299650,0.933451
416,0.298623,0.926171
417,0.298026,0.918806
418,0.298037,0.911050
419,0.298327,0.903596
420,0.299059,0.896134
421,0.300236,0.888691
422,0.301857,0.881293
423,0.303923,0.873967
424,0.306428,0.866740
425,0.309369,0.859638
426,0.312739,0.852688
427,0.316531,0.845916
428,0.320735,0.839347
429,0.325339,0.833006
430,0.330332,0.826918
431,0.335699,0.821107
432,0.341424,0.815596
433,0.347491,0.810406
434,0.353882,0.805559
435,0.360577,0.801074
436,0.367554,0.796972
437,0.374793,0.793269
438,0.382269,0.789981
439,0.389960,0.787125
440,0.397839,0.784714
441,0.405881,0.782759
442,0.414059,0.781272
443,0.422346,0.780262
444,0.430713,0.779736
445,0.439133,0.779700
446,0.447576,0.780158
447,0.456014,0.781113
448,0.464416,0.782565
449,0.473060,0.784726
450,0.481295,0.787181
451,0.489408,0.790122
452,0.497369,0.793544
453,0.505148,0.797441
454,0.512717,0.801802
455,0.520048,0.806616
456,0.527114,0.811870
457,0.533888,0.817549
458,0.540345,0.823637
459,0.546460,0.830116
460,0.552210,0.836966
461,0.557571,0.844167
462,0.562523,0.851696
463,0.567045,0.859530
464,0.571120,0.867645
465,0.574729,0.876013
466,0.577856,0.884610
467,0.580488,0.893405
468,0.582612,0.902372
469,0.584218,0.911479
470,0.585295,0.920698
471,0.585837,0.929997
472,0.585838,0.939345
473,0.585294,0.948710
474,0.584204,0.958060
475,0.582567,0.967364
476,0.580385,0.976589
477,0.577663,0.985703
478,0.574405,0.994674
479,0.570620,1.003470
480,0.566316,1.012062
481,0.561506,1.020417
482,0.555911,1.028741
483,0.550121,1.036528
484,0.543869,1.043991
485,0.537174,1.051102
486,0.530055,1.057835
487,0.522534,1.064166
488,0.514634,1.070068
489,0.506379,1.075521
490,0.497796,1.080503
491,0.488911,1.084993
492,0.479753,1.088974
493,0.470350,1.092430
494,0.460735,1.095344
495,0.450937,1.097705
496,0.440989,1.099500
497,0.430924,1.100721
498,0.420775,1.101361
499,0.410576,1.101412
500,0.400361,1.100872
501,0.390164,1.099740
502,0.380021,1.098016
503,0.369965,1.095702
504,0.360032,1.092802
505,0.350255,1.089324
506,0.340668,1.085276
507,0.331305,1.080668
508,0.322198,1.075513
509,0.313379,1.069826
510,0.304880,1.063622
511,0.296731,1.056919
512,0.288962,1.049739
513,0.281600,1.042102
514,0.274555,1.033677
515,0.268097,1.025196
516,0.262121,1.016333
517,0.256652,1.007117
518,0.251711,0.997576
519,0.247317,0.987741
520,0.243487,0.977643
521,0.240237,0.967315
522,0.237581,0.956790
523,0.235530,0.946103
524,0.234095,0.935290
525,0.233284,0.924384
526,0.233101,0.913423
527,0.233551,0.902443
528,0.234636,0.891481
529,0.236353,0.880573
530,0.238702,0.869757
531,0.241676,0.859069
532,0.245269,0.848545
533,0.249471,0.838221
534,0.254271,0.828133
535,0.259657,0.818315
536,0.265611,0.808802
537,0.272118,0.799627
538,0.279158,0.790821
539,0.286709,0.782416
540,0.294749,0.774442
541,0.303253,0.766927
542,0.312194,0.759898
543,0.321545,0.753381
544,0.331275,0.747399
545,0.341720,0.741900
546,0.352120,0.737065
547,0.362802,0.732823
548,0.373733,0.729194
549,0.384878,0.726192
550,0.396200,0.723832
551,0.407662,0.722122
552,0.419226,0.721071
553,0.430855,0.720686
554,0.442510,0.720969
555,0.454153,0.721924
556,0.465744,0.723548
557,0.477244,0.725840
558,0.488617,0.728794
559,0.499822,0.732403
560,0.510822,0.736657
561,0.521580,0.741545
562,0.532059,0.747052
563,0.542224,0.753164
564,0.552039,0.759860
565,0.561471,0.767122
566,0.570487,0.774927
567,0.579055,0.783251
568,0.587146,0.792069
569,0.594732,0.801353
570,0.601785,0.811073
571,0.608279,0.821200
572,0.614193,0.831700
573,0.619503,0.842540
574,0.624192,0.853686
575,0.628240,0.865102
576,0.631632,0.876750
577,0.634341,0.888965
578,0.636374,0.900964
579,0.637722,0.913081
580,0.638375,0.925275
581,0.638328,0.937505
582,0.637579,0.949732
583,0.636129,0.961915
584,0.633979,0.974014
585,0.631135,0.985987
586,0.627605,0.997797
587,0.623397,1.009402
588,0.618525,1.020764
589,0.613002,1.031844
590,0.606844,1.042606
591,0.600069,1.053013
592,0.592700,1.063029
593,0.584758,1.072620
594,0.576267,1.081754
595,0.567255,1.090398
596,0.557750,1.098524
597,0.547781,1.106103
598,0.537380,1.113108
599,0.526581,1.119515
600,0.515418,1.125301
601,0.503927,1.130446
602,0.492145,1.134930
603,0.480110,1.138738
604,0.467861,1.141855
605,0.455438,1.144269
606,0.442881,1.145971
607,0.430232,1.146952
608,0.417531,1.147208
609,0.404821,1.146737
610,0.391787,1.145423
611,0.379183,1.143493
612,0.366695,1.140841
613,0.354365,1.137476
614,0.342233,1.133407
615,0.330340,1.128645
616,0.318725,1.123204
617,0.307428,1.117101
618,0.296486,1.110355
619,0.285936,1.102986
620,0.275813,1.095017
621,0.266151,1.086473
622,0.256984,1.077381
623,0.248343,1.067770
624,0.240256,1.057670
625,0.232752,1.047113
626,0.225856,1.036133
627,0.219593,1.024765
628,0.213984,1.013046
629,0.209049,1.001013
630,0.204805,0.988706
631,0.201268,0.976165
632,0.198451,0.963429
633,0.196363,0.950541
634,0.195015,0.937542
635,0.194410,0.924475
636,0.194553,0.911382
637,0.195444,0.898307
638,0.197083,0.885293
639,0.199464,0.872381
640,0.202581,0.859616
641,0.206426,0.847038
642,0.211233,0.834414
643,0.216497,0.822343
644,0.222446,0.810583
645,0.229063,0.799171
646,0.236326,0.788147
647,0.244214,0.777546
648,0.252701,0.767405
649,0.261760,0.757757
650,0.271363,0.748634
651,0.281480,0.740068
652,0.292077,0.732087
653,0.303121,0.724719
654,0.314577,0.717987
655,0.326407,0.711916
656,0.338573,0.706526
657,0.351036,0.701835
658,0.363756,0.697861
659,0.376692,0.694617
660,0.389801,0.692114
661,0.403041,0.690362
662,0.416369,0.689368
663,0.429740,0.689136
664,0.443113,0.689667
665,0.456442,0.690962
666,0.469685,0.693016
667,0.482798,0.695824
668,0.495737,0.699378
669,0.508461,0.703668
670,0.520927,0.708679
671,0.533095,0.714397
672,0.544924,0.720804
673,0.556610,0.728137
674,0.567616,0.735833
675,0.578173,0.744148
676,0.588245,0.753058
677,0.597798,0.762534
678,0.606800,0.772545
679,0.615222,0.783060
680,0.623035,0.794045
681,0.630213,0.805464
682,0.636732,0.817280
683,0.642570,0.829457
684,0.647707,0.841953
685,0.652125,0.854729
686,0.655810,0.867744
687,0.658748,0.880954
688,0.660929,0.894318
689,0.662345,0.907792
690,0.662991,0.921332
691,0.662864,0.934893
692,0.661964,0.948433
693,0.660292,0.961905
694,0.657854,0.975268
695,0.654656,0.988476
696,0.650709,1.001486
697,0.646024,1.014257
698,0.640616,1.026745
699,0.634502,1.038911
700,0.627702,1.050714
701,0.620236,1.062115
702,0.612129,1.073077
703,0.603406,1.083565
704,0.594096,1.093542
705,0.584092,1.103073
706,0.573861,1.111848
707,0.563140,1.120030
708,0.551963,1.127592
709,0.540366,1.134508
710,0.528387,1.140755
711,0.516065,1.146311
712,0.503438,1.151159
713,0.490549,1.155281
714,0.477438,1.158663
715,0.464149,1.161294
716,0.450725,1.163163
717,0.437208,1.164265
718,0.423644,1.164594
719,0.410077,1.164150
720,0.396550,1.162931
721,0.383107,1.160943
722,0.369794,1.158190
723,0.356652,1.154682
724,0.343726,1.150427
725,0.331058,1.145441
726,0.318689,1.139737
727,0.306659,1.133335
728,0.295008,1.126255
729,0.283775,1.118518
730,0.272997,1.110151
731,0.262708,1.101178
732,0.252944,1.091630
733,0.243735,1.081536
734,0.235113,1.070930
735,0.227020,1.059583
736,0.219703,1.048183
737,0.213044,1.036378
738,0.207065,1.024207
739,0.201788,1.011708
740,0.197229,0.998922
741,0.193405,0.985890
742,0.190328,0.972655
743,0.188010,0.959260
744,0.186458,0.945748
745,0.185679,0.932163
746,0.185675,0.918549
747,0.186448,0.904950
748,0.187996,0.891412
749,0.190313,0.877978
750,0.193394,0.864692
751,0.197229,0.851597
752,0.201806,0.838737
753,0.207110,0.826153
754,0.213126,0.813886
755,0.219834,0.801978
756,0.227213,0.790466
757,0.235239,0.779389
758,0.243887,0.768783
759,0.253128,0.758683
760,0.262934,0.749122
761,0.273273,0.740133
762,0.284112,0.731743
763,0.295415,0.723982
764,0.307146,0.716875
765,0.319268,0.710446
766,0.331859,0.704676
767,0.344424,0.699696
768,0.357258,0.695439
769,0.370322,0.691918
770,0.383573,0.689147
771,0.396967,0.687134
772,0.410462,0.685888
773,0.424012,0.685413
774,0.437575,0.685712
775,0.451105,0.686784
776,0.464559,0.688626
777,0.477892,0.691234
778,0.491062,0.694599
779,0.504025,0.698712
780,0.516738,0.703559
781,0.529160,0.709125
782,0.541250,0.715394
783,0.552968,0.722344
784,0.564277,0.729955
785,0.575138,0.738201
786,0.585516,0.747057
787,0.595377,0.756495
788,0.604687,0.766483
789,0.613418,0.776990
790,0.621538,0.787982
791,0.629022,0.799424
792,0.635845,0.811278
793,0.641983,0.823507
794,0.647417,0.836071
795,0.652127,0.848929
796,0.656040,0.862304
797,0.659256,0.875516
798,0.661715,0.888896
799,0.663408,0.902401
800,0.664330,0.915987
801,0.664475,0.929609
802,0.663843,0.943224
803,0.662436,0.956787
804,0.660257,0.970254
805,0.657313,0.983580
806,0.653613,0.996722
807,0.649167,1.009638
808,0.643991,1.022284
809,0.638100,1.034621
810,0.631513,1.046606
811,0.624250,1.058201
812,0.616336,1.069368
813,0.607794,1.080069
814,0.598654,1.090271
815,0.588943,1.099939
816,0.578693,1.109041
817,0.567937,1.117548
818,0.556710,1.125431
819,0.545047,1.132664
820,0.532988,1.139223
821,0.520569,1.145086
822,0.507833,1.150234
823,0.494819,1.154650
824,0.481571,1.158319
825,0.467804,1.161221
826,0.454445,1.163373
827,0.440977,1.164763
828,0.427445,1.165384
829,0.413892,1.165232
830,0.400363,1.164307
831,0.386901,1.162612
832,0.373552,1.160150
833,0.360358,1.156930
834,0.347362,1.152961
835,0.334608,1.148256
836,0.322137,1.142828
837,0.309990,1.136695
838,0.298206,1.129877
839,0.286826,1.122395
840,0.275885,1.114272
841,0.265420,1.105535
842,0.255466,1.096212
843,0.246055,1.086332
844,0.237219,1.075928
845,0.228987,1.065032
846,0.221386,1.053680
847,0.214441,1.041909
848,0.208176,1.029755
849,0.202611,1.017260
850,0.197766,1.004462
851,0.193656,0.991404
852,0.190295,0.978128
853,0.187696,0.964677
854,0.185866,0.951094
855,0.184813,0.937425
856,0.184553,0.923581
857,0.185006,0.910079
858,0.186229,0.896617
859,0.188219,0.883240
860,0.190970,0.869990
861,0.194473,0.856912
862,0.198719,0.844048
863,0.203695,0.831441
864,0.209383,0.819131
865,0.215768,0.807160
866,0.222828,0.795567
867,0.230542,0.784389
868,0.238884,0.773664
869,0.247828,0.763427
870,0.257346,0.753711
871,0.267408,0.744550
872,0.277979,0.735973
873,0.289028,0.728010
874,0.300518,0.720685
875,0.312412,0.714024
876,0.324672,0.708050
877,0.337257,0.702782
878,0.350128,0.698237
879,0.363243,0.694432
880,0.376559,0.691379
881,0.390033,0.689089
882,0.403621,0.687570
883,0.417279,0.686828
884,0.430962,0.686865
885,0.444627,0.687682
886,0.458448,0.689437
887,0.471842,0.691767
888,0.485089,0.694857
889,0.498143,0.698698
890,0.510964,0.703280
891,0.523508,0.708588
892,0.535734,0.714604
893,0.547603,0.721311
894,0.559076,0.728687
895,0.570114,0.736708
896,0.580682,0.745348
897,0.590745,0.754581
898,0.600269,0.764377
899,0.609223,0.774703
900,0.617577,0.785528
901,0.625304,0.796815
902,0.632378,0.808529
903,0.638776,0.820632
904,0.644475,0.833084
905,0.649458,0.845846
906,0.653707,0.858876
907,0.657208,0.872132
908,0.659949,0.885571
909,0.661921,0.899149
910,0.663116,0.912822
911,0.663531,0.926545
912,0.663163,0.940275
913,0.662012,0.953967
914,0.660083,0.967575
915,0.657381,0.981055
916,0.653878,0.994468
917,0.649778,1.007360
918,0.644947,1.020005
919,0.639400,1.032359
920,0.633155,1.044384
921,0.626230,1.056039
922,0.618649,1.067286
923,0.610434,1.078088
924,0.601613,1.088409
925,0.592212,1.098216
926,0.582264,1.107475
927,0.571798,1.116156
928,0.560850,1.124230
929,0.549454,1.131670
930,0.537647,1.138452
931,0.525467,1.144552
932,0.512953,1.149951
933,0.500146,1.154630
934,0.487088,1.158573
935,0.473821,1.161767
936,0.460387,1.164200
937,0.446831,1.165865
938,0.433196,1.166754
939,0.419528,1.166866
940,0.405869,1.166198
941,0.392266,1.164752
942,0.378761,1.162532
943,0.365400,1.159546
944,0.352226,1.155801
945,0.339002,1.151132
946,0.326499,1.146024
947,0.314298,1.140211
948,0.302442,1.133708
949,0.290970,1.126536
950,0.279920,1.118717
951,0.269328,1.110276
952,0.259229,1.101240
953,0.249657,1.091639
954,0.240643,1.081502
955,0.232217,1.070862
956,0.224408,1.059754
957,0.217242,1.048213
958,0.210742,1.036276
959,0.204930,1.023983
960,0.199826,1.011372
961,0.195447,0.998485
962,0.191808,0.985363
963,0.188921,0.972049
964,0.186798,0.958586
965,0.185444,0.945018
966,0.184866,0.931389
967,0.185065,0.917743
968,0.186042,0.904125
969,0.187795,0.890580
970,0.190318,0.877150
971,0.193603,0.863881
972,0.197640,0.850815
973,0.202418,0.837996
974,0.207920,0.825464
975,0.214130,0.813262
976,0.221262,0.801292
977,0.228750,0.789943
978,0.236875,0.779034
979,0.245614,0.768601
980,0.254937,0.758678
981,0.264815,0.749299
982,0.275216,0.740494
983,0.286106,0.732292
984,0.297452,0.724721
985,0.309216,0.717807
986,0.321359,0.711571
987,0.333844,0.706035
988,0.346629,0.701217
989,0.359674,0.697135
990,0.372935,0.693801
991,0.386369,0.691227
992,0.399934,0.689422
993,0.413585,0.688392
994,0.427278,0.688142
995,0.440968,0.688673
996,0.454611,0.689983
997,0.468161,0.692070
998,0.481576,0.694926
999,0.494811,0.698543
1000,0.507823,0.702910
1001,0.520569,0.708013
1002,0.533009,0.713836
1003,0.545100,0.720360
1004,0.556804,0.727564
1005,0.568300,0.735670
1006,0.578969,0.743989
1007,0.589155,0.752906
1008,0.598822,0.762395
1009,0.607936,0.772424
1010,0.616468,0.782962
1011,0.624389,0.793974
1012,0.631673,0.805426
1013,0.638296,0.817281
1014,0.644235,0.829500
1015,0.649470,0.842043
1016,0.653984,0.854871
1017,0.657761,0.867941
1018,0.660789,0.881211
1019,0.663056,0.894639
1020,0.664555,0.908179
1021,0.665280,0.921790
1022,0.665227,0.935425
1023,0.664398,0.949042
1024,0.662793,0.962594
1025,0.660417,0.976039
1026,0.657278,0.989332
1027,0.653385,1.002430
1028,0.648750,1.015290
1029,0.643387,1.027871
1030,0.637313,1.040129
1031,0.630549,1.052027
1032,0.623114,1.063524
1033,0.615034,1.074583
1034,0.606333,1.085168
1035,0.596766,1.095428
1036,0.587086,1.104851
1037,0.576880,1.113714
1038,0.566179,1.121985
1039,0.555018,1.129637
1040,0.543433,1.136644
1041,0.531462,1.142983
1042,0.519142,1.148631
1043,0.506513,1.153570
1044,0.493617,1.157784
1045,0.480495,1.161256
1046,0.467190,1.163977
1047,0.453745,1.165936
1048,0.440204,1.167125
1049,0.426611,1.167542
1050,0.413009,1.167182
1051,0.399444,1.166047
1052,0.385960,1.164140
1053,0.372600,1.161466
1054,0.359409,1.158033
1055,0.346429,1.153853
1056,0.333703,1.148937
1057,0.321272,1.143302
1058,0.309178,1.136965
1059,0.297459,1.129946
1060,0.286156,1.122267
1061,0.275303,1.113953
1062,0.264938,1.105031
1063,0.255094,1.095529
1064,0.245805,1.085478
1065,0.237099,1.074909
1066,0.228975,1.063589
1067,0.221563,1.052191
1068,0.214809,1.040383
1069,0.208735,1.028204
1070,0.203364,1.015693
1071,0.198712,1.002891
1072,0.194795,0.989838
1073,0.191628,0.976578
1074,0.189220,0.963153
1075,0.187581,0.949606
1076,0.186716,0.935983
1077,0.186629,0.922326
1078,0.187321,0.908681
1079,0.188789,0.895093
1080,0.191031,0.881604
1081,0.194038,0.868260
1082,0.197803,0.855104
1083,0.202313,0.842179
1084,0.207554,0.829527
1085,0.213509,0.817190
1086,0.220161,0.805208
1087,0.227487,0.793620
1088,0.235464,0.782464
1089,0.244067,0.771776
1090,0.253268,0.761593
1091,0.263037,0.751948
1092,0.273344,0.742871
1093,0.284155,0.734393
1094,0.295434,0.726543
1095,0.307439,0.719251
1096,0.319337,0.712791
1097,0.331591,0.707013
1098,0.344160,0.701942
1099,0.357005,0.697593
1100,0.370083,0.693981
1101,0.383352,0.691120
1102,0.396769,0.689018
1103,0.410291,0.687684
1104,0.423874,0.687123
1105,0.437472,0.687338
1106,0.451043,0.688327
1107,0.464541,0.690089
1108,0.477923,0.692619
1109,0.491145,0.695909
1110,0.504164,0.699949
1111,0.516936,0.704726
1112,0.529421,0.710226
1113,0.541578,0.716431
1114,0.553366,0.723322
1115,0.564746,0.730876
1116,0.575683,0.739070
1117,0.586138,0.747878
1118,0.596079,0.757271
1119,0.605472,0.767218
1120,0.614287,0.777689
1121,0.622493,0.788649
1122,0.630065,0.800064
1123,0.636976,0.811895
1124,0.643204,0.824106
1125,0.648783,0.836963
1126,0.653556,0.849615
1127,0.657605,0.862525
1128,0.660912,0.875652
1129,0.663467,0.888953
1130,0.665261,0.902385
1131,0.666286,0.915904
1132,0.666539,0.929466
1133,0.666018,0.943027
1134,0.664725,0.956544
1135,0.662662,0.969971
1136,0.659835,0.983265
1137,0.656254,0.996382
1138,0.651929,1.009280
1139,0.646873,1.021916
1140,0.641102,1.034249
1141,0.634636,1.046239
1142,0.627493,1.057845
1143,0.619697,1.069031
1144,0.611272,1.079758
1145,0.602246,1.089993
1146,0.592647,1.099700
1147,0.582507,1.108848
1148,0.571857,1.117407
1149,0.560733,1.125349
1150,0.549169,1.132646
1151,0.537204,1.139276
1152,0.524875,1.145215
1153,0.512224,1.150444
1154,0.499290,1.154945
1155,0.486115,1.158703
1156,0.472607,1.161720
1157,0.459291,1.163969
1158,0.445862,1.165457
1159,0.432362,1.166176
1160,0.418836,1.166125
1161,0.405328,1.165302
1162,0.391881,1.163710
1163,0.378541,1.161352
1164,0.365349,1.158236
1165,0.352351,1.154370
1166,0.339587,1.149768
1167,0.327101,1.144443
1168,0.314932,1.138412
1169,0.303121,1.131694
1170,0.291707,1.124310
1171,0.280728,1.116284
1172,0.270219,1.107641
1173,0.260215,1.098409
1174,0.250749,1.088617
1175,0.241853,1.078297
1176,0.233556,1.067482
1177,0.225886,1.056207
1178,0.218867,1.044508
1179,0.212524,1.032423
1180,0.206878,1.019991
1181,0.201948,1.007252
1182,0.197749,0.994248
1183,0.194297,0.981020
1184,0.191604,0.967612
1185,0.189678,0.954067
1186,0.188641,0.940177
1187,0.188250,0.926592
1188,0.188635,0.913000
1189,0.189794,0.899446
1190,0.191725,0.885974
1191,0.194421,0.872628
1192,0.197876,0.859451
1193,0.202077,0.846487
1194,0.207013,0.833778
1195,0.212668,0.821365
1196,0.219023,0.809290
1197,0.226060,0.797592
1198,0.233754,0.786309
1199,0.242083,0.775479
1200,0.251019,0.765137
1201,0.260533,0.755317
1202,0.270595,0.746051
1203,0.281173,0.737371
1204,0.292233,0.729304
1205,0.303739,0.721878
1206,0.315653,0.715116
1207,0.327938,0.709043
1208,0.340553,0.703677
1209,0.353459,0.699037
1210,0.366612,0.695139
1211,0.379971,0.691995
1212,0.393491,0.689617
1213,0.407130,0.688012
1214,0.420843,0.687186
1215,0.434903,0.687217
1216,0.448412,0.687899
1217,0.461869,0.689347
1218,0.475228,0.691561
1219,0.488446,0.694534
1220,0.501479,0.698259
1221,0.514286,0.702722
1222,0.526823,0.707911
1223,0.539050,0.713809
1224,0.550926,0.720398
1225,0.562414,0.727656
1226,0.573474,0.735561
1227,0.584070,0.744088
1228,0.594168,0.753208
1229,0.603733,0.762894
1230,0.612735,0.773114
1231,0.621144,0.783836
1232,0.628931,0.795024
1233,0.636072,0.806642
1234,0.642541,0.818654
1235,0.648317,0.831020
1236,0.653381,0.843700
1237,0.657717,0.856653
1238,0.661308,0.869838
1239,0.664144,0.883212
1240,0.666214,0.896730
1241,0.667510,0.910350
1242,0.668029,0.924027
1243,0.667767,0.937716
1244,0.666725,0.951373
1245,0.664792,0.965246
1246,0.662277,0.978526
1247,0.659010,0.991650
1248,0.654997,1.004573
1249,0.650252,1.017253
1250,0.644788,1.029648
1251,0.638624,1.041718
1252,0.631778,1.053422
1253,0.624273,1.064723
1254,0.616131,1.075583
1255,0.607379,1.085966
1256,0.598045,1.095837
1257,0.588159,1.105166
1258,0.577753,1.113919
1259,0.566859,1.122069
1260,0.555514,1.129588
1261,0.543753,1.136451
1262,0.531614,1.142636
1263,0.519138,1.148121
1264,0.506364,1.152888
1265,0.493333,1.156921
1266,0.480088,1.160206
1267,0.466672,1.162732
1268,0.453128,1.164491
1269,0.439500,1.165475
1270,0.425833,1.165680
1271,0.412171,1.165107
1272,0.398559,1.163755
1273,0.385041,1.161629
1274,0.371661,1.158736
1275,0.358462,1.155083
1276,0.345362,1.150622
1277,0.332827,1.145606
1278,0.320591,1.139881
1279,0.308695,1.133464
1280,0.297178,1.126376
1281,0.286079,1.118638
1282,0.275433,1.110276
1283,0.265276,1.101315
1284,0.255641,1.091786
1285,0.246561,1.081717
1286,0.238065,1.071142
1287,0.230182,1.060095
1288,0.222939,1.048610
1289,0.216358,1.036726
1290,0.210463,1.024480
1291,0.205273,1.011912
1292,0.200806,0.999063
1293,0.197077,0.985974
1294,0.194099,0.972688
1295,0.191882,0.959248
1296,0.190433,0.945697
1297,0.189759,0.932080
1298,0.189863,0.918441
1299,0.190744,0.904824
1300,0.192400,0.891274
1301,0.194826,0.877835
1302,0.198016,0.864551
1303,0.201959,0.851465
1304,0.206643,0.838620
1305,0.212054,0.826057
1306,0.218403,0.813663
1307,0.225146,0.801865
1308,0.232554,0.790465
1309,0.240603,0.779501
1310,0.249268,0.769008
1311,0.258521,0.759022
1312,0.268333,0.749576
1313,0.278671,0.740700
1314,0.289503,0.732425
1315,0.300795,0.724776
1316,0.312508,0.717781
1317,0.324606,0.711462
1318,0.337050,0.705841
1319,0.349799,0.700936
1320,0.362811,0.696763
1321,0.376046,0.693338
1322,0.389460,0.690671
1323,0.403009,0.688772
1324,0.416649,0.687648
1325,0.430336,0.687303
1326,0.444026,0.687738
1327,0.457673,0.688953
1328,0.471234,0.690944
1329,0.484665,0.693706
1330,0.497921,0.697230
1331,0.510959,0.701504
1332,0.523736,0.706517
1333,0.536212,0.712250
1334,0.548345,0.718688
1335,0.560313,0.726025
1336,0.571495,0.733651
1337,0.582232,0.741904
1338,0.592487,0.750761
1339,0.602224,0.760192
1340,0.611413,0.770169
1341,0.620022,0.780657
1342,0.628023,0.791625
1343,0.635389,0.803037
1344,0.642096,0.814856
1345,0.648122,0.827043
1346,0.653445,0.839560
1347,0.658048,0.852365
1348,0.661916,0.865418
1349,0.665034,0.878676
1350,0.667393,0.892096
1351,0.668985,0.905634
1352,0.669802,0.919247
1353,0.669842,0.932890
1354,0.669104,0.946519
1355,0.667590,0.960089
1356,0.665305,0.973556
1357,0.662254,0.986877
1358,0.658448,1.000007
1359,0.653898,1.012904
1360,0.648619,1.025525
1361,0.642627,1.037830
1362,0.635941,1.049778
1363,0.628582,1.061329
1364,0.620574,1.072447
1365,0.611694,1.083284
1366,0.602627,1.093311
1367,0.592998,1.102812
1368,0.582839,1.111753
1369,0.572181,1.120104
1370,0.561058,1.127839
1371,0.549507,1.134930
1372,0.537564,1.141354
1373,0.525269,1.147090
1374,0.512660,1.152118
1375,0.499779,1.156421
1376,0.486668,1.159985
1377,0.473369,1.162797
1378,0.459924,1.164847
1379,0.446379,1.166128
1380,0.432777,1.166635
1381,0.419162,1.166366
1382,0.405578,1.165321
1383,0.392070,1.163502
1384,0.378682,1.160916
1385,0.365458,1.157570
1386,0.352440,1.153473
1387,0.339672,1.148640
1388,0.327195,1.143084
1389,0.315050,1.136824
1390,0.303277,1.129879
1391,0.291915,1.122272
1392,0.281000,1.114027
1393,0.270569,1.105169
1394,0.260655,1.095729
1395,0.251127,1.085447
1396,0.242441,1.075109
1397,0.234350,1.064289
1398,0.226886,1.053019
1399,0.220072,1.041335
1400,0.213933,1.029276
1401,0.208488,1.016880
1402,0.203757,1.004187
1403,0.199755,0.991238
1404,0.196496,0.978076
1405,0.193991,0.964743
1406,0.192250,0.951283
1407,0.191278,0.937738
1408,0.191080,0.924154
1409,0.191657,0.910574
1410,0.193008,0.897043
1411,0.195128,0.883605
1412,0.198013,0.870304
1413,0.201652,0.857183
1414,0.206035,0.844285
1415,0.211149,0.831652
1416,0.216976,0.819326
1417,0.223499,0.807347
1418,0.230698,0.795755
1419,0.238548,0.784587
1420,0.247026,0.773880
1421,0.256103,0.763670
1422,0.265752,0.753990
1423,0.275940,0.744872
1424,0.286635,0.736345
1425,0.297803,0.728440
1426,0.309540,0.721119
1427,0.321349,0.714586
1428,0.333518,0.708733
1429,0.346008,0.703582
1430,0.358777,0.699148
1431,0.371786,0.695448
1432,0.384991,0.692494
1433,0.398350,0.690297
1434,0.411820,0.688864
1435,0.425356,0.688201
1436,0.438914,0.688310
1437,0.452451,0.689193
1438,0.465922,0.690847
1439,0.479283,0.693268
1440,0.492491,0.696447
1441,0.505502,0.700376
1442,0.518274,0.705043
1443,0.530764,0.710432
1444,0.542933,0.716527
1445,0.554740,0.723309
1446,0.566146,0.730756
1447,0.577113,0.738844
1448,0.587607,0.747548
1449,0.597591,0.756840
1450,0.607034,0.766690
1451,0.615903,0.777066
1452,0.624170,0.787935
1453,0.631808,0.799262
1454,0.638790,0.811011
1455,0.645094,0.823143
1456,0.650675,0.835898
1457,0.655545,0.848581
1458,0.659687,0.861526
1459,0.663085,0.874693
1460,0.665729,0.888038
1461,0.667608,0.901518
1462,0.668717,0.915089
1463,0.669050,0.928708
1464,0.668607,0.942329
1465,0.667388,0.955908
1466,0.665395,0.969401
1467,0.662636,0.982765
1468,0.659119,0.995954
1469,0.654854,1.008928
1470,0.649855,1.021642
1471,0.644137,1.034055
1472,0.637718,1.046127
1473,0.630619,1.057818
1474,0.622863,1.069090
1475,0.614474,1.079906
1476,0.605479,1.090230
1477,0.595907,1.100028
1478,0.585789,1.109268
1479,0.575157,1.117920
1480,0.564046,1.125955
1481,0.552491,1.133346
1482,0.540529,1.140069
1483,0.528200,1.146102
1484,0.515543,1.151424
1485,0.502292,1.156050
1486,0.489314,1.159886
1487,0.476132,1.162979
1488,0.462788,1.165317
1489,0.449326,1.166891
1490,0.435789,1.167696
1491,0.422222,1.167727
1492,0.408669,1.166985
1493,0.395174,1.165471
1494,0.381780,1.163189
1495,0.368533,1.160146
1496,0.355474,1.156351
1497,0.342647,1.151815
1498,0.330094,1.146554
1499,0.317856,1.140583
1500,0.305973,1.133922
1501,0.294484,1.126591
1502,0.283427,1.118613
1503,0.272838,1.110016
1504,0.262752,1.100824
1505,0.253202,1.091069
1506,0.244221,1.080782
1507,0.235836,1.069995
1508,0.228077,1.058744
1509,0.220969,1.047064
1510,0.214536,1.034993
1511,0.208798,1.022571
1512,0.203776,1.009838
1513,0.199486,0.996834
1514,0.195943,0.983603
1515,0.193171,0.969888
1516,0.191143,0.956514
1517,0.189878,0.943039
1518,0.189383,0.929506
1519,0.189660,0.915961
1520,0.190710,0.902446
1521,0.192530,0.889007
1522,0.195113,0.875687
1523,0.198454,0.862530
1524,0.202541,0.849579
1525,0.207362,0.836875
1526,0.212902,0.824462
1527,0.219143,0.812378
1528,0.226065,0.800665
1529,0.233648,0.789361
1530,0.241865,0.778502
1531,0.250693,0.768125
1532,0.260101,0.758264
1533,0.270060,0.748951
1534,0.280538,0.740217
1535,0.291501,0.732091
1536,0.302915,0.724600
1537,0.314741,0.717769
1538,0.326942,0.711620
1539,0.339478,0.706174
1540,0.352309,0.701450
1541,0.365394,0.697463
1542,0.378689,0.694227
1543,0.392152,0.691753
1544,0.405739,0.690049
1545,0.419715,0.689176
1546,0.433229,0.688991
1547,0.446739,0.689574
1548,0.460200,0.690928
1549,0.473569,0.693048
1550,0.486803,0.695928
1551,0.499857,0.699560
1552,0.512689,0.703933
1553,0.525257,0.709032
1554,0.537520,0.714842
1555,0.549437,0.721344
1556,0.560970,0.728519
1557,0.572080,0.736344
1558,0.582731,0.744792
1559,0.592888,0.753838
1560,0.602517,0.763453
1561,0.611586,0.773605
1562,0.620066,0.784262
1563,0.627928,0.795390
1564,0.635146,0.806952
1565,0.641696,0.818913
1566,0.647556,0.831232
1567,0.652707,0.843870
1568,0.657130,0.856786
1569,0.660812,0.869939
1570,0.663740,0.883285
1571,0.665904,0.896782
1572,0.667295,0.910385
1573,0.667909,0.924051
1574,0.667744,0.937734
1575,0.666700,0.951708
1576,0.665042,0.965106
1577,0.662625,0.978396
1578,0.659452,0.991533
1579,0.655534,1.004475
1580,0.650881,1.017179
1581,0.645509,1.029604
1582,0.639435,1.041708
1583,0.632677,1.053452
1584,0.625256,1.064797
1585,0.617197,1.075706
1586,0.608526,1.086143
1587,0.599269,1.096073
1588,0.589456,1.105464
1589,0.579119,1.114285
1590,0.568292,1.122505
1591,0.557008,1.130098
1592,0.545305,1.137040
1593,0.533220,1.143305
1594,0.520792,1.148874
1595,0.508061,1.153728
1596,0.495069,1.157850
1597,0.481858,1.161226
1598,0.468470,1.163845
1599,0.454949,1.165698
1600,0.441339,1.166777
1601,0.427685,1.167080
1602,0.414030,1.166603
1603,0.400419,1.165349
1604,0.386896,1.163321
1605,0.373507,1.160524
1606,0.360155,1.156911
1607,0.347333,1.152709
1608,0.334764,1.147781
1609,0.322490,1.142141
1610,0.310552,1.135807
1611,0.298987,1.128799
1612,0.287836,1.121139
1613,0.277134,1.112851
1614,0.266916,1.103963
1615,0.257217,1.094501
1616,0.248069,1.084497
1617,0.239502,1.073983
1618,0.231544,1.062993
1619,0.224222,1.051561
1620,0.217561,1.039725
1621,0.211583,1.027522
1622,0.206307,1.014994
1623,0.201752,1.002179
1624,0.197933,0.989119
1625,0.194863,0.975857
1626,0.192553,0.962436
1627,0.191011,0.948900
1628,0.190243,0.935292
1629,0.190251,0.921656
1630,0.191037,0.908038
1631,0.192598,0.894481
1632,0.194930,0.881029
1633,0.198026,0.867727
1634,0.201877,0.854618
1635,0.206470,0.841745
1636,0.212013,0.828975
1637,0.217986,0.816776
1638,0.224648,0.804932
1639,0.231977,0.793481
1640,0.239951,0.782461
1641,0.248544,0.771909
1642,0.257728,0.761860
1643,0.267473,0.752346
1644,0.277750,0.743400
1645,0.288525,0.735050
1646,0.299762,0.727325
1647,0.311426,0.720249
1648,0.323479,0.713848
1649,0.335882,0.708141
1650,0.348596,0.703148
1651,0.361578,0.698886
1652,0.374787,0.695370
1653,0.388180,0.692611
1654,0.401713,0.690618
1655,0.415343,0.689400
1656,0.429025,0.688960
1657,0.442715,0.689300
1658,0.456368,0.690420
1659,0.469940,0.692317
1660,0.483386,0.694985
1661,0.496664,0.698416
1662,0.509728,0.702599
1663,0.522537,0.707521
1664,0.535049,0.713166
1665,0.547441,0.719712
1666,0.559092,0.726613
1667,0.570337,0.734169
1668,0.581138,0.742358
1669,0.591460,0.751154
1670,0.601269,0.760528
1671,0.610532,0.770451
1672,0.619218,0.780891
1673,0.627298,0.791813
1674,0.634746,0.803184
1675,0.641537,0.814966
1676,0.647648,0.827121
1677,0.653059,0.839611
1678,0.657751,0.852394
1679,0.661709,0.865429
1680,0.664919,0.878674
1681,0.667370,0.892085
1682,0.669053,0.905621
1683,0.669963,0.919236
1684,0.670095,0.932886
1685,0.669449,0.946526
1686,0.668026,0.960113
1687,0.665830,0.973602
1688,0.662869,0.986949
1689,0.659150,1.000110
1690,0.654686,1.013043
1691,0.649490,1.025706
1692,0.643579,1.038056
1693,0.636972,1.050053
1694,0.629689,1.061659
1695,0.621536,1.073016
1696,0.613111,1.083614
1697,0.604091,1.093720
1698,0.594506,1.103301
1699,0.584385,1.112324
1700,0.573761,1.120760
1701,0.562668,1.128579
1702,0.551142,1.135758
1703,0.539220,1.142270
1704,0.526940,1.148095
1705,0.514343,1.153213
1706,0.501470,1.157607
1707,0.488360,1.161261
1708,0.475059,1.164164
1709,0.461607,1.166304
1710,0.448050,1.167675
1711,0.434431,1.168272
1712,0.420795,1.168091
1713,0.407185,1.167133
1714,0.393647,1.165401
1715,0.380224,1.162899
1716,0.366961,1.159635
1717,0.353900,1.155619
1718,0.341084,1.150863
1719,0.328555,1.145383
1720,0.316355,1.139195
1721,0.304522,1.132320
1722,0.293097,1.124780
1723,0.282115,1.116597
1724,0.271614,1.107799
1725,0.261468,1.098164
1726,0.252126,1.088380
1727,0.243351,1.078075
1728,0.235173,1.067281
1729,0.227621,1.056033
1730,0.220719,1.044367
1731,0.214490,1.032321
1732,0.208955,1.019933
1733,0.204133,1.007244
1734,0.200040,0.994295
1735,0.196691,0.981128
1736,0.194096,0.967785
1737,0.192265,0.954310
1738,0.191205,0.940746
1739,0.190919,0.927138
1740,0.191409,0.913531
1741,0.192675,0.899967
1742,0.194713,0.886492
1743,0.197516,0.873150
1744,0.201076,0.859983
1745,0.205383,0.847036
1746,0.210423,0.834350
1747,0.216179,0.821967
1748,0.222634,0.809928
1749,0.229768,0.798272
1750,0.237557,0.787036
1751,0.245976,0.776259
1752,0.255000,0.765975
1753,0.264598,0.756219
1754,0.274740,0.747022
1755,0.285665,0.738289
1756,0.296629,0.730372
1757,0.308032,0.723088
1758,0.319837,0.716463
1759,0.332007,0.710518
1760,0.344503,0.705275
1761,0.357283,0.700750
1762,0.370306,0.696958
1763,0.383531,0.693915
1764,0.396913,0.691628
1765,0.410411,0.690108
1766,0.423979,0.689359
1767,0.437575,0.689385
1768,0.451152,0.690186
1769,0.464668,0.691760
1770,0.478078,0.694103
1771,0.491338,0.697207
1772,0.504405,0.701064
1773,0.517237,0.705661
1774,0.529790,0.710984
1775,0.542025,0.717017
1776,0.553901,0.723739
1777,0.565380,0.731130
1778,0.576422,0.739166
1779,0.586993,0.747822
1780,0.597058,0.757070
1781,0.606582,0.766879
1782,0.615536,0.777220
1783,0.623889,0.788057
1784,0.631613,0.799357
1785,0.638778,0.811383
1786,0.645120,0.823314
1787,0.650776,0.835593
1788,0.655725,0.848181
1789,0.659951,0.861037
1790,0.663439,0.874119
1791,0.666177,0.887386
1792,0.668155,0.900794
1793,0.669366,0.914299
1794,0.669805,0.927858
1795,0.669471,0.941426
1796,0.668363,0.954959
1797,0.666485,0.968413
1798,0.663842,0.981745
1799,0.660442,0.994910
