0,-0.829777,-0.305783
1,-0.836489,-0.316031
2,-0.845137,-0.330664
3,-0.852947,-0.345761
4,-0.859885,-0.361278
5,-0.865929,-0.377165
6,-0.871060,-0.393370
7,-0.875260,-0.409840
8,-0.878516,-0.426523
9,-0.880818,-0.443364
10,-0.881435,-0.448073
11,-0.881435,-0.448073
12,-0.881435,-0.448073
13,-0.881435,-0.448073
14,-0.881435,-0.448073
15,-0.881435,-0.448073
16,-0.871330,-0.441149
17,-0.858127,-0.430450
18,-0.845588,-0.418974
19,-0.833723,-0.406803
20,-0.822569,-0.393977
21,-0.812163,-0.380537
22,-0.802539,-0.366526
23,-0.793727,-0.351991
24,-0.791288,-0.347915
25,-0.789638,-0.335777
26,-0.788706,-0.318809
27,-0.788796,-0.301811
28,-0.789853,-0.284847
29,-0.791873,-0.267970
30,-0.794851,-0.251235
31,-0.798775,-0.234697
32,-0.803635,-0.218409
33,-0.809413,-0.202423
34,-0.816091,-0.186793
35,-0.823648,-0.171567
36,-0.832059,-0.156797
37,-0.841296,-0.142528
38,-0.851331,-0.128809
39,-0.862129,-0.115682
40,-0.873657,-0.103191
41,-0.876899,-0.099719
42,-0.876899,-0.099719
43,-0.876899,-0.099719
44,-0.876899,-0.099719
45,-0.876899,-0.099719
46,-0.882429,-0.110650
47,-0.888859,-0.126380
48,-0.894334,-0.142472
49,-0.898885,-0.158849
50,-0.902496,-0.175458
51,-0.905157,-0.192246
52,-0.906858,-0.209159
53,-0.907594,-0.226140
54,-0.906845,-0.238571
55,-0.904754,-0.240498
56,-0.902571,-0.242651
57,-0.900260,-0.245025
58,-0.897788,-0.247609
59,-0.895125,-0.250391
60,-0.894340,-0.255934
61,-0.894669,-0.262685
62,-0.894673,-0.268844
63,-0.893833,-0.274451
64,-0.892594,-0.279985
65,-0.891005,-0.285466
66,-0.889072,-0.290877
67,-0.886800,-0.296199
68,-0.884191,-0.301408
69,-0.881253,-0.306486
70,-0.877992,-0.311410
71,-0.874416,-0.316160
72,-0.870534,-0.320717
73,-0.866358,-0.325060
74,-0.861898,-0.329171
75,-0.857169,-0.333032
76,-0.852184,-0.336626
77,-0.846959,-0.339934
78,-0.841511,-0.342943
79,-0.835856,-0.345637
80,-0.830014,-0.348003
81,-0.824003,-0.350027
82,-0.817843,-0.351699
83,-0.811557,-0.353007
84,-0.805164,-0.353944
85,-0.798688,-0.354501
86,-0.792151,-0.354673
87,-0.785577,-0.354453
88,-0.778988,-0.353838
89,-0.772409,-0.352826
90,-0.765863,-0.351417
91,-0.759376,-0.349611
92,-0.752971,-0.347410
93,-0.746671,-0.344818
94,-0.740502,-0.341840
95,-0.734487,-0.338482
96,-0.728648,-0.334754
97,-0.723010,-0.330663
98,-0.717594,-0.326221
99,-0.712422,-0.321441
100,-0.707515,-0.316335
101,-0.702895,-0.310920
102,-0.698579,-0.305210
103,-0.694586,-0.299224
104,-0.690935,-0.292979
105,-0.687642,-0.286497
106,-0.684722,-0.279797
107,-0.682188,-0.272901
108,-0.680055,-0.265831
109,-0.678332,-0.258612
110,-0.677032,-0.251267
111,-0.676161,-0.243821
112,-0.675728,-0.236299
113,-0.675738,-0.228728
114,-0.676195,-0.221133
115,-0.677103,-0.213542
116,-0.678461,-0.205980
117,-0.680269,-0.198476
118,-0.682525,-0.191055
119,-0.685225,-0.183745
120,-0.688365,-0.176572
121,-0.691936,-0.169564
122,-0.695930,-0.162745
123,-0.700337,-0.156141
124,-0.705145,-0.149778
125,-0.710340,-0.143680
126,-0.715909,-0.137871
127,-0.721834,-0.132372
128,-0.728099,-0.127207
129,-0.734684,-0.122396
130,-0.741569,-0.117959
131,-0.748732,-0.113914
132,-0.756152,-0.110279
133,-0.763803,-0.107070
134,-0.771663,-0.104302
135,-0.779704,-0.101987
136,-0.787902,-0.100137
137,-0.796591,-0.098848
138,-0.805014,-0.097972
139,-0.813510,-0.097584
140,-0.822049,-0.097692
141,-0.830602,-0.098300
142,-0.839139,-0.099410
143,-0.847631,-0.101021
144,-0.856048,-0.103133
145,-0.864361,-0.105741
146,-0.872540,-0.108841
147,-0.880555,-0.112425
148,-0.888379,-0.116486
149,-0.895983,-0.121012
150,-0.903338,-0.125991
151,-0.910418,-0.131410
152,-0.917197,-0.137253
153,-0.923649,-0.143503
154,-0.929749,-0.150142
155,-0.935475,-0.157151
156,-0.940803,-0.164506
157,-0.945713,-0.172187
158,-0.950185,-0.180168
159,-0.954201,-0.188425
160,-0.957743,-0.196932
161,-0.960796,-0.205660
162,-0.963348,-0.214582
163,-0.965384,-0.223668
164,-0.966896,-0.232890
165,-0.967873,-0.242215
166,-0.968310,-0.251613
167,-0.968202,-0.261053
168,-0.967409,-0.270851
169,-0.966191,-0.280276
170,-0.964425,-0.289645
171,-0.962111,-0.298928
172,-0.959254,-0.308090
173,-0.955861,-0.317102
174,-0.951939,-0.325930
175,-0.947498,-0.334544
176,-0.942551,-0.342914
177,-0.937111,-0.351009
178,-0.931193,-0.358800
179,-0.924815,-0.366260
180,-0.917994,-0.373360
181,-0.910752,-0.380075
182,-0.903111,-0.386379
183,-0.895094,-0.392249
184,-0.886726,-0.397662
185,-0.878033,-0.402597
186,-0.869043,-0.407035
187,-0.859784,-0.410958
188,-0.850286,-0.414350
189,-0.840580,-0.417196
190,-0.830697,-0.419483
191,-0.820669,-0.421201
192,-0.810530,-0.422341
193,-0.800313,-0.422895
194,-0.790053,-0.422858
195,-0.779783,-0.422228
196,-0.769538,-0.421003
197,-0.759352,-0.419184
198,-0.748941,-0.416583
199,-0.738984,-0.413576
200,-0.729188,-0.409993
201,-0.719589,-0.405841
202,-0.710221,-0.401129
203,-0.701115,-0.395872
204,-0.692305,-0.390083
205,-0.683820,-0.383780
206,-0.675692,-0.376980
207,-0.667949,-0.369705
208,-0.660619,-0.361977
209,-0.653729,-0.353818
210,-0.647304,-0.345254
211,-0.641368,-0.336313
212,-0.635943,-0.327021
213,-0.631051,-0.317408
214,-0.626709,-0.307506
215,-0.622935,-0.297346
216,-0.619744,-0.286959
217,-0.617150,-0.276382
218,-0.615165,-0.265647
219,-0.613797,-0.254790
220,-0.613054,-0.243846
221,-0.612942,-0.232852
222,-0.613463,-0.221845
223,-0.614619,-0.210860
224,-0.616410,-0.199936
225,-0.618831,-0.189108
226,-0.621877,-0.178413
227,-0.625541,-0.167887
228,-0.629814,-0.157566
229,-0.634941,-0.147216
230,-0.640400,-0.137418
231,-0.646426,-0.127928
232,-0.653001,-0.118779
233,-0.660105,-0.110005
234,-0.667719,-0.101636
235,-0.675817,-0.093701
236,-0.684376,-0.086229
237,-0.693368,-0.079246
238,-0.702766,-0.072778
239,-0.712540,-0.066849
240,-0.722658,-0.061479
241,-0.733089,-0.056690
242,-0.743799,-0.052499
243,-0.754754,-0.048923
244,-0.765918,-0.045976
245,-0.777255,-0.043670
246,-0.788727,-0.042015
247,-0.800298,-0.041020
248,-0.811929,-0.040689
249,-0.823582,-0.041027
250,-0.835217,-0.042035
251,-0.846798,-0.043712
252,-0.858284,-0.046055
253,-0.869638,-0.049058
254,-0.880821,-0.052715
255,-0.891796,-0.057014
256,-0.902525,-0.061944
257,-0.912972,-0.067492
258,-0.923102,-0.073640
259,-0.933122,-0.080654
260,-0.942506,-0.087955
261,-0.951476,-0.095792
262,-0.959996,-0.104145
263,-0.968037,-0.112988
264,-0.975570,-0.122292
265,-0.982570,-0.132029
266,-0.989010,-0.142168
267,-0.994868,-0.152676
268,-1.000124,-0.163521
269,-1.004756,-0.174666
270,-1.008749,-0.186077
271,-1.012087,-0.197716
272,-1.014757,-0.209546
273,-1.016748,-0.221528
274,-1.018052,-0.233622
275,-1.018661,-0.245790
276,-1.018573,-0.257992
277,-1.017784,-0.270187
278,-1.016297,-0.282334
279,-1.014113,-0.294394
280,-1.011238,-0.306327
281,-1.007680,-0.318093
282,-1.003448,-0.329652
283,-0.998554,-0.340966
284,-0.993012,-0.351997
285,-0.986840,-0.362708
286,-0.980056,-0.373062
287,-0.972679,-0.383025
288,-0.964734,-0.392562
289,-0.956245,-0.401641
290,-0.946910,-0.410406
291,-0.937410,-0.418471
292,-0.927452,-0.425990
293,-0.917066,-0.432937
294,-0.906287,-0.439286
295,-0.895147,-0.445016
296,-0.883684,-0.450106
297,-0.871933,-0.454537
298,-0.859934,-0.458293
299,-0.847724,-0.461361
300,-0.835344,-0.463728
301,-0.822833,-0.465386
302,-0.810233,-0.466327
303,-0.797585,-0.466546
304,-0.784931,-0.466040
305,-0.772311,-0.464811
306,-0.759768,-0.462860
307,-0.747342,-0.460192
308,-0.735076,-0.456815
309,-0.723009,-0.452737
310,-0.711182,-0.447971
311,-0.699634,-0.442530
312,-0.688404,-0.436432
313,-0.677529,-0.429695
314,-0.667046,-0.422340
315,-0.656989,-0.414389
316,-0.647393,-0.405868
317,-0.638291,-0.396803
318,-0.629712,-0.387223
319,-0.621687,-0.377158
320,-0.614242,-0.366641
321,-0.607272,-0.355353
322,-0.601068,-0.344029
323,-0.595515,-0.332358
324,-0.590633,-0.320377
325,-0.586440,-0.308125
326,-0.582949,-0.295642
327,-0.580175,-0.282967
328,-0.578128,-0.270144
329,-0.576814,-0.257212
330,-0.576241,-0.244215
331,-0.576412,-0.231194
332,-0.577326,-0.218193
333,-0.578983,-0.205254
334,-0.581378,-0.192419
335,-0.584504,-0.179731
336,-0.588353,-0.167232
337,-0.592914,-0.154962
338,-0.598172,-0.142962
339,-0.604111,-0.131273
340,-0.610713,-0.119932
341,-0.617958,-0.108978
342,-0.625823,-0.098446
343,-0.634283,-0.088373
344,-0.643311,-0.078791
345,-0.652879,-0.069733
346,-0.662957,-0.061230
347,-0.673511,-0.053309
348,-0.684509,-0.045998
349,-0.695914,-0.039321
350,-0.707691,-0.033302
351,-0.720168,-0.027894
352,-0.732574,-0.023256
353,-0.745235,-0.019328
354,-0.758108,-0.016127
355,-0.771152,-0.013663
356,-0.784324,-0.011947
357,-0.797583,-0.010984
358,-0.810884,-0.010779
359,-0.824184,-0.011334
360,-0.837440,-0.012647
361,-0.850608,-0.014716
362,-0.863646,-0.017535
363,-0.876510,-0.021095
364,-0.889158,-0.025387
365,-0.901549,-0.030395
366,-0.913642,-0.036107
367,-0.925397,-0.042502
368,-0.936775,-0.049562
369,-0.947739,-0.057265
370,-0.958252,-0.065585
371,-0.968279,-0.074497
372,-0.977788,-0.083972
373,-0.986746,-0.093980
374,-0.995124,-0.104489
375,-1.002893,-0.115465
376,-1.010028,-0.126872
377,-1.016505,-0.138675
378,-1.022301,-0.150835
379,-1.027398,-0.163312
380,-1.031777,-0.176067
381,-1.035423,-0.189058
382,-1.038300,-0.202578
383,-1.040445,-0.215860
384,-1.041831,-0.229251
385,-1.042452,-0.242707
386,-1.042303,-0.256184
387,-1.041387,-0.269639
388,-1.039703,-0.283026
389,-1.037258,-0.296304
390,-1.034057,-0.309427
391,-1.030112,-0.322354
392,-1.025433,-0.335041
393,-1.020036,-0.347448
394,-1.013937,-0.359533
395,-1.007155,-0.371257
396,-0.999711,-0.382581
397,-0.991630,-0.393468
398,-0.982937,-0.403882
399,-0.973660,-0.413789
400,-0.963828,-0.423155
401,-0.953473,-0.431950
402,-0.942627,-0.440144
403,-0.931327,-0.447711
404,-0.919608,-0.454624
405,-0.907508,-0.460861
406,-0.895066,-0.466401
407,-0.882323,-0.471225
408,-0.869318,-0.475317
409,-0.856096,-0.478662
410,-0.842698,-0.481250
411,-0.829168,-0.483070
412,-0.815293,-0.484004
413,-0.812158,-0.484220
414,-0.812312,-0.484265
415,-0.812955,-0.480316
416,-0.813844,-0.472435
417,-0.812040,-0.461899
418,-0.808530,-0.449407
419,-0.803041,-0.435382
420,-0.795393,-0.420465
421,-0.788144,-0.405091
422,-0.786143,-0.400783
423,-0.785768,-0.388538
424,-0.786610,-0.371565
425,-0.788472,-0.354670
426,-0.791292,-0.337908
427,-0.795061,-0.321334
428,-0.799767,-0.305001
429,-0.801108,-0.300444
430,-0.801108,-0.300444
431,-0.801108,-0.300444
432,-0.801108,-0.300444
433,-0.801108,-0.300444
434,-0.801108,-0.300444
435,-0.801108,-0.300444
436,-0.801108,-0.300444
437,-0.801108,-0.300444
438,-0.801108,-0.300444
439,-0.801108,-0.300444
440,-0.789172,-0.303200
441,-0.772360,-0.305684
442,-0.761679,-0.305578
443,-0.760695,-0.305442
444,-0.754921,-0.306675
445,-0.745766,-0.308884
446,-0.736460,-0.310849
447,-0.727035,-0.312572
448,-0.719550,-0.311817
449,-0.713132,-0.309647
450,-0.706875,-0.307035
451,-0.700755,-0.304030
452,-0.694790,-0.300645
453,-0.689003,-0.296888
454,-0.683417,-0.292768
455,-0.678056,-0.288297
456,-0.672941,-0.283486
457,-0.668093,-0.278349
458,-0.663533,-0.272902
459,-0.659280,-0.267161
460,-0.655355,-0.261143
461,-0.651773,-0.254868
462,-0.648552,-0.248355
463,-0.645707,-0.241625
464,-0.643253,-0.234700
465,-0.641203,-0.227604
466,-0.639567,-0.220359
467,-0.638357,-0.212990
468,-0.637580,-0.205524
469,-0.637244,-0.197984
470,-0.637356,-0.190398
471,-0.637918,-0.182792
472,-0.638934,-0.175193
473,-0.640403,-0.167628
474,-0.642327,-0.160125
475,-0.644701,-0.152711
476,-0.647523,-0.145413
477,-0.650786,-0.138258
478,-0.654483,-0.131274
479,-0.658605,-0.124485
480,-0.663141,-0.117919
481,-0.668080,-0.111600
482,-0.673408,-0.105553
483,-0.679109,-0.099802
484,-0.685166,-0.094371
485,-0.691563,-0.089280
486,-0.698279,-0.084552
487,-0.705293,-0.080206
488,-0.712584,-0.076260
489,-0.720129,-0.072733
490,-0.727903,-0.069640
491,-0.735880,-0.066996
492,-0.744036,-0.064814
493,-0.752343,-0.063105
494,-0.760772,-0.061881
495,-0.769297,-0.061149
496,-0.777887,-0.060915
497,-0.786513,-0.061186
498,-0.795146,-0.061964
499,-0.803756,-0.063251
500,-0.812312,-0.065047
501,-0.820784,-0.067349
502,-0.829143,-0.070154
503,-0.837357,-0.073456
504,-0.845398,-0.077247
505,-0.853237,-0.081519
506,-0.860843,-0.086260
507,-0.868190,-0.091457
508,-0.875250,-0.097097
509,-0.881996,-0.103163
510,-0.888402,-0.109638
511,-0.894444,-0.116501
512,-0.900099,-0.123734
513,-0.905342,-0.131313
514,-0.910154,-0.139214
515,-0.914515,-0.147414
516,-0.918406,-0.155886
517,-0.921785,-0.164975
518,-0.924675,-0.173907
519,-0.927052,-0.183026
520,-0.928901,-0.192303
521,-0.930213,-0.201705
522,-0.930980,-0.211203
523,-0.931194,-0.220765
524,-0.930850,-0.230357
525,-0.929948,-0.239947
526,-0.928484,-0.249502
527,-0.926462,-0.258990
528,-0.923883,-0.268378
529,-0.920753,-0.277632
530,-0.917078,-0.286720
531,-0.912868,-0.295611
532,-0.908134,-0.304272
533,-0.902887,-0.312672
534,-0.897143,-0.320782
535,-0.890918,-0.328570
536,-0.884229,-0.336010
537,-0.877098,-0.343073
538,-0.869544,-0.349732
539,-0.861592,-0.355963
540,-0.853266,-0.361742
541,-0.844591,-0.367046
542,-0.835594,-0.371854
543,-0.826306,-0.376147
544,-0.816754,-0.379907
545,-0.806971,-0.383118
546,-0.796987,-0.385766
547,-0.786836,-0.387838
548,-0.776551,-0.389324
549,-0.765804,-0.390125
550,-0.755355,-0.390404
551,-0.744876,-0.390081
552,-0.734401,-0.389150
553,-0.723967,-0.387610
554,-0.713609,-0.385464
555,-0.703363,-0.382715
556,-0.693264,-0.379370
557,-0.683346,-0.375435
558,-0.673644,-0.370922
559,-0.664193,-0.365842
560,-0.655025,-0.360208
561,-0.646173,-0.354038
562,-0.637668,-0.347349
563,-0.629541,-0.340161
564,-0.621821,-0.332494
565,-0.614537,-0.324374
566,-0.607715,-0.315823
567,-0.601380,-0.306870
568,-0.595558,-0.297542
569,-0.590268,-0.287868
570,-0.585533,-0.277879
571,-0.581371,-0.267608
572,-0.577799,-0.257087
573,-0.574832,-0.246350
574,-0.572482,-0.235432
575,-0.570761,-0.224369
576,-0.569677,-0.213198
577,-0.569237,-0.201955
578,-0.569447,-0.190678
579,-0.570307,-0.179405
580,-0.571819,-0.168172
581,-0.573980,-0.157018
582,-0.576993,-0.145672
583,-0.580446,-0.134794
584,-0.584527,-0.124108
585,-0.589227,-0.113649
586,-0.594534,-0.103455
587,-0.600432,-0.093560
588,-0.606903,-0.084000
589,-0.613930,-0.074806
590,-0.621491,-0.066013
591,-0.629563,-0.057650
592,-0.638122,-0.049748
593,-0.647140,-0.042335
594,-0.656590,-0.035438
595,-0.666442,-0.029081
596,-0.676665,-0.023290
597,-0.687226,-0.018084
598,-0.698092,-0.013485
599,-0.709227,-0.009509
600,-0.720596,-0.006172
601,-0.732161,-0.003489
602,-0.743885,-0.001471
603,-0.755730,-0.000126
604,-0.767656,0.000537
605,-0.779624,0.000514
606,-0.791594,-0.000198
607,-0.803527,-0.001598
608,-0.815383,-0.003686
609,-0.827122,-0.006456
610,-0.838705,-0.009902
611,-0.850092,-0.014014
612,-0.861245,-0.018783
613,-0.872126,-0.024193
614,-0.882698,-0.030231
615,-0.893125,-0.037186
616,-0.902961,-0.044421
617,-0.912385,-0.052221
618,-0.921361,-0.060564
619,-0.929859,-0.069423
620,-0.937848,-0.078772
621,-0.945301,-0.088580
622,-0.952191,-0.098818
623,-0.958494,-0.109451
624,-0.964186,-0.120447
625,-0.969246,-0.131770
626,-0.973657,-0.143384
627,-0.977400,-0.155251
628,-0.980463,-0.167333
629,-0.982831,-0.179590
630,-0.984496,-0.191982
631,-0.985449,-0.204469
632,-0.985686,-0.217010
633,-0.985203,-0.229563
634,-0.983999,-0.242087
635,-0.982077,-0.254541
636,-0.979441,-0.266883
637,-0.976097,-0.279071
638,-0.972055,-0.291066
639,-0.967326,-0.302826
640,-0.961922,-0.314313
641,-0.955862,-0.325488
642,-0.949161,-0.336313
643,-0.941842,-0.346751
644,-0.933926,-0.356767
645,-0.925438,-0.366327
646,-0.916404,-0.375397
647,-0.906515,-0.384104
648,-0.896474,-0.392098
649,-0.885978,-0.399514
650,-0.875061,-0.406327
651,-0.863757,-0.412513
652,-0.852103,-0.418048
653,-0.840136,-0.422914
654,-0.827895,-0.427092
655,-0.815419,-0.430567
656,-0.802749,-0.433327
657,-0.789926,-0.435359
658,-0.776993,-0.436657
659,-0.763991,-0.437213
660,-0.750963,-0.437024
661,-0.737951,-0.436090
662,-0.725000,-0.434411
663,-0.712151,-0.431991
664,-0.699447,-0.428837
665,-0.686930,-0.424958
666,-0.674642,-0.420364
667,-0.662623,-0.415069
668,-0.650914,-0.409090
669,-0.639554,-0.402444
670,-0.628580,-0.395151
671,-0.618030,-0.387235
672,-0.607940,-0.378720
673,-0.598343,-0.369633
674,-0.589271,-0.360003
675,-0.580756,-0.349860
676,-0.572827,-0.339236
677,-0.565510,-0.328166
678,-0.558832,-0.316684
679,-0.552815,-0.304829
680,-0.547493,-0.292274
681,-0.542865,-0.279800
682,-0.538953,-0.267070
683,-0.535772,-0.254125
684,-0.533334,-0.241008
685,-0.531646,-0.227761
686,-0.530718,-0.214427
687,-0.530552,-0.201050
688,-0.531151,-0.187674
689,-0.532515,-0.174342
690,-0.534639,-0.161098
691,-0.537518,-0.147987
692,-0.541144,-0.135050
693,-0.545507,-0.122331
694,-0.550592,-0.109872
695,-0.556386,-0.097714
696,-0.562869,-0.085896
697,-0.570022,-0.074460
698,-0.577821,-0.063441
699,-0.586244,-0.052878
700,-0.595263,-0.042805
701,-0.604849,-0.033256
702,-0.614972,-0.024264
703,-0.625599,-0.015857
704,-0.636697,-0.008065
705,-0.648229,-0.000914
706,-0.660159,0.005571
707,-0.672448,0.011370
708,-0.685057,0.016461
709,-0.697944,0.020828
710,-0.711068,0.024454
711,-0.724386,0.027328
712,-0.738141,0.029383
713,-0.751616,0.030733
714,-0.765155,0.031313
715,-0.778716,0.031119
716,-0.792252,0.030151
717,-0.805721,0.028411
718,-0.819078,0.025904
719,-0.832279,0.022636
720,-0.845281,0.018618
721,-0.858041,0.013861
722,-0.870516,0.008381
723,-0.882667,0.002193
724,-0.894452,-0.004681
725,-0.905833,-0.012222
726,-0.916773,-0.020405
727,-0.927234,-0.029203
728,-0.937182,-0.038590
729,-0.946584,-0.048535
730,-0.955409,-0.059006
731,-0.963627,-0.069969
732,-0.971211,-0.081391
733,-0.978135,-0.093232
734,-0.984377,-0.105456
735,-0.989913,-0.118023
736,-0.994727,-0.130892
737,-0.998802,-0.144022
738,-1.002123,-0.157370
739,-1.004678,-0.170893
740,-1.006460,-0.184546
741,-1.007460,-0.198286
742,-1.007676,-0.212067
743,-1.007106,-0.225845
744,-1.005737,-0.239661
745,-1.003696,-0.253061
746,-1.000892,-0.266332
747,-0.997333,-0.279430
748,-0.993029,-0.292313
749,-0.987993,-0.304939
750,-0.982242,-0.317264
751,-0.975792,-0.329250
752,-0.968664,-0.340855
753,-0.960881,-0.352042
754,-0.952467,-0.362774
755,-0.943448,-0.373015
756,-0.933854,-0.382731
757,-0.923715,-0.391890
758,-0.913064,-0.400460
759,-0.901934,-0.408414
760,-0.890362,-0.415724
761,-0.878385,-0.422367
762,-0.866042,-0.428319
763,-0.853371,-0.433560
764,-0.840416,-0.438073
765,-0.827216,-0.441841
766,-0.813816,-0.444853
767,-0.800259,-0.447097
768,-0.786588,-0.448564
769,-0.772849,-0.449251
770,-0.759086,-0.449152
771,-0.745343,-0.448269
772,-0.731667,-0.446603
773,-0.718101,-0.444159
774,-0.704489,-0.440820
775,-0.691446,-0.436939
776,-0.678637,-0.432317
777,-0.666104,-0.426969
778,-0.653888,-0.420911
779,-0.642031,-0.414162
780,-0.630570,-0.406742
781,-0.619545,-0.398676
782,-0.608991,-0.389989
783,-0.598944,-0.380708
784,-0.589437,-0.370864
785,-0.580501,-0.360487
786,-0.572167,-0.349611
787,-0.564463,-0.338271
788,-0.557414,-0.326503
789,-0.551043,-0.314346
790,-0.545374,-0.301839
791,-0.540424,-0.289021
792,-0.536210,-0.275936
793,-0.532748,-0.262624
794,-0.530049,-0.249129
795,-0.528123,-0.235496
796,-0.526977,-0.221768
797,-0.526615,-0.207990
798,-0.527039,-0.194207
799,-0.528249,-0.180464
800,-0.530242,-0.166805
801,-0.533011,-0.153276
802,-0.536548,-0.139921
803,-0.540843,-0.126783
804,-0.545883,-0.113905
805,-0.551800,-0.101186
806,-0.558145,-0.089110
807,-0.565171,-0.077407
808,-0.572859,-0.066117
809,-0.581183,-0.055278
810,-0.590118,-0.044925
811,-0.599634,-0.035092
812,-0.609701,-0.025813
813,-0.620287,-0.017117
814,-0.631358,-0.009035
815,-0.642879,-0.001594
816,-0.654812,0.005183
817,-0.667119,0.011271
818,-0.679760,0.016650
819,-0.692694,0.021303
820,-0.705879,0.025212
821,-0.719272,0.028365
822,-0.732831,0.030750
823,-0.746510,0.032359
824,-0.760266,0.033187
825,-0.774054,0.033228
826,-0.787828,0.032483
827,-0.801544,0.030954
828,-0.815156,0.028644
829,-0.828622,0.025560
830,-0.841895,0.021712
831,-0.854934,0.017111
832,-0.867695,0.011773
833,-0.880137,0.005713
834,-0.892218,-0.001050
835,-0.903899,-0.008493
836,-0.915188,-0.016621
837,-0.925781,-0.025126
838,-0.935878,-0.034227
839,-0.945445,-0.043896
840,-0.954452,-0.054102
841,-0.962867,-0.064813
842,-0.970662,-0.075993
843,-0.977811,-0.087607
844,-0.984290,-0.099618
845,-0.990078,-0.111986
846,-0.995153,-0.124672
847,-0.999499,-0.137635
848,-1.003101,-0.150833
849,-1.005946,-0.164223
850,-1.008024,-0.177761
851,-1.009327,-0.191403
852,-1.009850,-0.205105
853,-1.009591,-0.218823
854,-1.008549,-0.232511
855,-1.006728,-0.246125
856,-1.004132,-0.259620
857,-1.000769,-0.272952
858,-0.996649,-0.286078
859,-0.991784,-0.298954
860,-0.986191,-0.311538
861,-0.979886,-0.323789
862,-0.972890,-0.335666
863,-0.965223,-0.347131
864,-0.956912,-0.358146
865,-0.947982,-0.368673
866,-0.938251,-0.378730
867,-0.928312,-0.388099
868,-0.917848,-0.396892
869,-0.906893,-0.405078
870,-0.895482,-0.412631
871,-0.883652,-0.419525
872,-0.871441,-0.425736
873,-0.858889,-0.431244
874,-0.846035,-0.436030
875,-0.832922,-0.440078
876,-0.819593,-0.443372
877,-0.806090,-0.445903
878,-0.792457,-0.447661
879,-0.778739,-0.448639
880,-0.764980,-0.448833
881,-0.751226,-0.448243
882,-0.737520,-0.446868
883,-0.723909,-0.444713
884,-0.710436,-0.441784
885,-0.697145,-0.438091
886,-0.684080,-0.433643
887,-0.671284,-0.428455
888,-0.658799,-0.422544
889,-0.646665,-0.415927
890,-0.634923,-0.408626
891,-0.623611,-0.400665
892,-0.612766,-0.392067
893,-0.602425,-0.382862
894,-0.592620,-0.373078
895,-0.583386,-0.362746
896,-0.574618,-0.351616
897,-0.566722,-0.340556
898,-0.559463,-0.329056
899,-0.552866,-0.317152
900,-0.546956,-0.304884
901,-0.541752,-0.292290
902,-0.537272,-0.279412
903,-0.533531,-0.266290
904,-0.530543,-0.252968
905,-0.528319,-0.239490
906,-0.526866,-0.225898
907,-0.526191,-0.212236
908,-0.526295,-0.198551
909,-0.527181,-0.184886
910,-0.528845,-0.171285
911,-0.531284,-0.157794
912,-0.534490,-0.144457
913,-0.538454,-0.131317
914,-0.543163,-0.118417
915,-0.548603,-0.105799
916,-0.554757,-0.093506
917,-0.561605,-0.081578
918,-0.569126,-0.070053
919,-0.577297,-0.058971
920,-0.586090,-0.048366
921,-0.595478,-0.038276
922,-0.605431,-0.028732
923,-0.615918,-0.019767
924,-0.626903,-0.011410
925,-0.638352,-0.003689
926,-0.650229,0.003369
927,-0.662705,0.009720
928,-0.675154,0.015352
929,-0.687912,0.020269
930,-0.700937,0.024453
931,-0.714188,0.027889
932,-0.727621,0.030565
933,-0.741193,0.032472
934,-0.754859,0.033602
935,-0.768574,0.033951
936,-0.782295,0.033518
937,-0.795977,0.032302
938,-0.809574,0.030307
939,-0.823042,0.027538
940,-0.836338,0.024004
941,-0.849417,0.019715
942,-0.862237,0.014685
943,-0.874755,0.008930
944,-0.886932,0.002467
945,-0.898725,-0.004683
946,-0.910098,-0.012498
947,-0.921011,-0.020952
948,-0.931430,-0.030019
949,-0.941319,-0.039669
950,-0.950647,-0.049872
951,-0.959382,-0.060595
952,-0.967495,-0.071803
953,-0.974959,-0.083461
954,-0.981750,-0.095530
955,-0.987844,-0.107972
956,-0.993222,-0.120747
957,-0.997893,-0.134099
958,-1.001769,-0.147137
959,-1.004898,-0.160384
960,-1.007269,-0.173797
961,-1.008871,-0.187331
962,-1.009699,-0.200944
963,-1.009749,-0.214591
964,-1.009020,-0.228226
965,-1.007514,-0.241807
966,-1.005234,-0.255287
967,-1.002187,-0.268624
968,-0.998382,-0.281772
969,-0.993831,-0.294690
970,-0.988548,-0.307335
971,-0.982548,-0.319665
972,-0.975852,-0.331639
973,-0.968479,-0.343218
974,-0.960454,-0.354364
975,-0.951801,-0.365040
976,-0.942549,-0.375211
977,-0.932727,-0.384842
978,-0.922367,-0.393903
979,-0.911501,-0.402363
980,-0.900165,-0.410193
981,-0.888395,-0.417368
982,-0.876229,-0.423863
983,-0.863707,-0.429657
984,-0.850868,-0.434730
985,-0.837755,-0.439065
986,-0.824411,-0.442647
987,-0.810877,-0.445464
988,-0.797130,-0.447517
989,-0.783622,-0.448814
990,-0.770052,-0.449339
991,-0.756465,-0.449089
992,-0.742905,-0.448064
993,-0.729416,-0.446265
994,-0.716044,-0.443698
995,-0.702831,-0.440370
996,-0.689821,-0.436291
997,-0.677057,-0.431473
998,-0.664580,-0.425932
999,-0.652433,-0.419684
1000,-0.640654,-0.412749
1001,-0.629284,-0.405149
1002,-0.618359,-0.396908
1003,-0.607915,-0.388052
1004,-0.597988,-0.378609
1005,-0.588610,-0.368610
1006,-0.579813,-0.358086
1007,-0.571626,-0.347072
1008,-0.564075,-0.335603
1009,-0.557188,-0.323715
1010,-0.550986,-0.311447
1011,-0.545491,-0.298839
1012,-0.540721,-0.285932
1013,-0.536693,-0.272766
1014,-0.533420,-0.259386
1015,-0.530915,-0.245834
1016,-0.529185,-0.232155
1017,-0.528237,-0.218393
1018,-0.528153,-0.204384
1019,-0.528729,-0.190771
1020,-0.530081,-0.177205
1021,-0.532206,-0.163729
1022,-0.535098,-0.150387
1023,-0.538748,-0.137225
1024,-0.543146,-0.124284
1025,-0.548278,-0.111607
1026,-0.554129,-0.099236
1027,-0.560679,-0.087213
1028,-0.567908,-0.075575
1029,-0.575794,-0.064362
1030,-0.584311,-0.053612
1031,-0.593433,-0.043358
1032,-0.603130,-0.033637
1033,-0.613370,-0.024479
1034,-0.624122,-0.015915
1035,-0.635351,-0.007974
1036,-0.647021,-0.000683
1037,-0.659093,0.005935
1038,-0.671529,0.011857
1039,-0.684289,0.017062
1040,-0.697331,0.021534
1041,-0.710614,0.025257
1042,-0.724094,0.028218
1043,-0.737727,0.030407
1044,-0.751469,0.031816
1045,-0.765275,0.032439
1046,-0.779100,0.032274
1047,-0.792900,0.031322
1048,-0.806629,0.029583
1049,-0.820385,0.026922
1050,-0.833678,0.023709
1051,-0.846774,0.019742
1052,-0.859630,0.015031
1053,-0.872204,0.009592
1054,-0.884454,0.003441
1055,-0.896340,-0.003402
1056,-0.907823,-0.010916
1057,-0.918865,-0.019078
1058,-0.929429,-0.027860
1059,-0.939481,-0.037236
1060,-0.948986,-0.047174
1061,-0.957914,-0.057644
1062,-0.966235,-0.068611
1063,-0.973921,-0.080041
1064,-0.980946,-0.091897
1065,-0.987287,-0.104139
1066,-0.992923,-0.116729
1067,-0.997834,-0.129626
1068,-1.002004,-0.142789
1069,-1.005418,-0.156174
1070,-1.008065,-0.169738
1071,-1.009936,-0.183436
1072,-1.011023,-0.197226
1073,-1.011322,-0.211061
1074,-1.010833,-0.224897
1075,-1.009555,-0.238688
1076,-1.007492,-0.252389
1077,-1.004650,-0.265957
1078,-1.001039,-0.279346
1079,-0.996526,-0.292734
1080,-0.991563,-0.305413
1081,-0.985882,-0.317798
1082,-0.979500,-0.329846
1083,-0.972437,-0.341518
1084,-0.964714,-0.352775
1085,-0.956357,-0.363580
1086,-0.947392,-0.373897
1087,-0.937847,-0.383692
1088,-0.927752,-0.392931
1089,-0.917142,-0.401585
1090,-0.906048,-0.409625
1091,-0.894508,-0.417023
1092,-0.882557,-0.423754
1093,-0.870236,-0.429797
1094,-0.857582,-0.435130
1095,-0.844639,-0.439735
1096,-0.831447,-0.443597
1097,-0.818049,-0.446701
1098,-0.804489,-0.449039
1099,-0.790810,-0.450600
1100,-0.777058,-0.451378
1101,-0.763277,-0.451372
1102,-0.749512,-0.450580
1103,-0.735808,-0.449003
1104,-0.722210,-0.446647
1105,-0.708762,-0.443518
1106,-0.695508,-0.439626
1107,-0.682491,-0.434982
1108,-0.669754,-0.429601
1109,-0.657340,-0.423501
1110,-0.645231,-0.416669
1111,-0.633773,-0.409389
1112,-0.622742,-0.401460
1113,-0.612175,-0.392910
1114,-0.602105,-0.383764
1115,-0.592567,-0.374052
1116,-0.583594,-0.363806
1117,-0.575213,-0.353057
1118,-0.567455,-0.341840
1119,-0.560345,-0.330192
1120,-0.553907,-0.318149
1121,-0.548163,-0.305752
1122,-0.543132,-0.293039
1123,-0.538832,-0.280052
1124,-0.535277,-0.266833
1125,-0.532481,-0.253426
1126,-0.530453,-0.239872
1127,-0.529200,-0.226218
1128,-0.528727,-0.212506
1129,-0.529038,-0.198783
1130,-0.530131,-0.185092
1131,-0.532004,-0.171478
1132,-0.534651,-0.157986
1133,-0.538066,-0.144660
1134,-0.542237,-0.131544
1135,-0.547151,-0.118680
1136,-0.552793,-0.106111
1137,-0.559146,-0.093879
1138,-0.566190,-0.082022
1139,-0.573902,-0.070581
1140,-0.582450,-0.059495
1141,-0.591281,-0.049101
1142,-0.600697,-0.039221
1143,-0.610667,-0.029889
1144,-0.621159,-0.021136
1145,-0.632141,-0.012990
1146,-0.643576,-0.005479
1147,-0.655427,0.001371
1148,-0.667657,0.007538
1149,-0.680226,0.013000
1150,-0.693094,0.017740
1151,-0.706218,0.021740
1152,-0.719556,0.024987
1153,-0.733065,0.027469
1154,-0.746701,0.029178
1155,-0.760419,0.030108
1156,-0.774175,0.030253
1157,-0.787924,0.029614
1158,-0.801622,0.028191
1159,-0.815222,0.025989
1160,-0.828682,0.023013
1161,-0.841957,0.019273
1162,-0.855003,0.014780
1163,-0.867777,0.009548
1164,-0.880239,0.003594
1165,-0.892346,-0.003064
1166,-0.904060,-0.010404
1167,-0.915341,-0.018404
1168,-0.926153,-0.027038
1169,-0.936459,-0.036278
1170,-0.946226,-0.046094
1171,-0.955445,-0.056651
1172,-0.963959,-0.067358
1173,-0.971854,-0.078540
1174,-0.979103,-0.090161
1175,-0.985681,-0.102183
1176,-0.991566,-0.114568
1177,-0.996738,-0.127275
1178,-1.001179,-0.140263
1179,-1.004875,-0.153491
1180,-1.007812,-0.166915
1181,-1.009979,-0.180492
1182,-1.011370,-0.194178
1183,-1.011979,-0.207928
1184,-1.011802,-0.221697
1185,-1.010841,-0.235440
1186,-1.009096,-0.249113
1187,-1.006574,-0.262671
1188,-1.003281,-0.276070
1189,-0.999228,-0.289265
1190,-0.994427,-0.302214
1191,-0.988894,-0.314874
1192,-0.982645,-0.327203
1193,-0.975700,-0.339162
1194,-0.968081,-0.350710
1195,-0.959813,-0.361810
1196,-0.950922,-0.372426
1197,-0.941437,-0.382522
1198,-0.931387,-0.392064
1199,-0.920805,-0.401023
1200,-0.909726,-0.409367
1201,-0.897956,-0.417146
1202,-0.886237,-0.424102
1203,-0.874134,-0.430384
1204,-0.861683,-0.435969
1205,-0.848927,-0.440838
1206,-0.835905,-0.444973
1207,-0.822661,-0.448362
1208,-0.809237,-0.450990
1209,-0.795677,-0.452850
1210,-0.782025,-0.453935
1211,-0.768326,-0.454239
1212,-0.754624,-0.453761
1213,-0.740964,-0.452502
1214,-0.727390,-0.450464
1215,-0.713947,-0.447655
1216,-0.700679,-0.444081
1217,-0.687630,-0.439755
1218,-0.674842,-0.434689
1219,-0.662357,-0.428899
1220,-0.650217,-0.422404
1221,-0.638460,-0.415223
1222,-0.627127,-0.407380
1223,-0.616253,-0.398899
1224,-0.605876,-0.389808
1225,-0.596030,-0.380135
1226,-0.586746,-0.369912
1227,-0.578056,-0.359172
1228,-0.569989,-0.347949
1229,-0.562572,-0.336279
1230,-0.555828,-0.324199
1231,-0.549782,-0.311750
1232,-0.544427,-0.298916
1233,-0.539862,-0.286128
1234,-0.536031,-0.273091
1235,-0.532949,-0.259847
1236,-0.530626,-0.246441
1237,-0.529070,-0.232915
1238,-0.528289,-0.219313
1239,-0.528284,-0.205680
1240,-0.529057,-0.192061
1241,-0.530608,-0.178499
1242,-0.532930,-0.165040
1243,-0.536019,-0.151727
1244,-0.539864,-0.138604
1245,-0.544454,-0.125713
1246,-0.549775,-0.113099
1247,-0.555810,-0.100801
1248,-0.562540,-0.088860
1249,-0.569945,-0.077316
1250,-0.578000,-0.066208
1251,-0.586681,-0.055570
1252,-0.595959,-0.045440
1253,-0.605804,-0.035850
1254,-0.616186,-0.026832
1255,-0.627071,-0.018417
1256,-0.638424,-0.010632
1257,-0.650208,-0.003503
1258,-0.662385,0.002946
1259,-0.674917,0.008692
1260,-0.687762,0.013718
1261,-0.700878,0.018005
1262,-0.714436,0.021498
1263,-0.727791,0.024270
1264,-0.741291,0.026278
1265,-0.754892,0.027513
1266,-0.768550,0.027970
1267,-0.782219,0.027648
1268,-0.795856,0.026546
1269,-0.809416,0.024666
1270,-0.822855,0.022015
1271,-0.836128,0.018600
1272,-0.849192,0.014431
1273,-0.862004,0.009522
1274,-0.874523,0.003886
1275,-0.886706,-0.002457
1276,-0.898513,-0.009489
1277,-0.909907,-0.017186
1278,-0.920849,-0.025525
1279,-0.931303,-0.034479
1280,-0.941235,-0.044019
1281,-0.950611,-0.054115
1282,-0.959401,-0.064734
1283,-0.967574,-0.075843
1284,-0.975106,-0.087404
1285,-0.981968,-0.099382
1286,-0.988140,-0.111738
1287,-0.993600,-0.124430
1288,-0.998330,-0.137420
1289,-1.002314,-0.150664
1290,-1.005537,-0.164119
1291,-1.007990,-0.177742
1292,-1.009663,-0.191488
1293,-1.010557,-0.205369
1294,-1.010719,-0.218951
1295,-1.010104,-0.232528
1296,-1.008716,-0.246058
1297,-1.006556,-0.259495
1298,-1.003631,-0.272796
1299,-0.999949,-0.285917
1300,-0.995523,-0.298815
1301,-0.990364,-0.311447
1302,-0.984490,-0.323772
1303,-0.977918,-0.335749
1304,-0.970670,-0.347339
1305,-0.962767,-0.358503
1306,-0.954236,-0.369205
1307,-0.945102,-0.379409
1308,-0.935396,-0.389080
1309,-0.925149,-0.398188
1310,-0.914393,-0.406701
1311,-0.903163,-0.414591
1312,-0.891494,-0.421832
1313,-0.879426,-0.428399
1314,-0.866996,-0.434271
1315,-0.854244,-0.439426
1316,-0.841213,-0.443849
1317,-0.827944,-0.447524
1318,-0.814481,-0.450437
1319,-0.800866,-0.452580
1320,-0.787145,-0.453943
1321,-0.773362,-0.454522
1322,-0.759562,-0.454314
1323,-0.745604,-0.453213
1324,-0.732072,-0.451495
1325,-0.718650,-0.449007
1326,-0.705385,-0.445756
1327,-0.692319,-0.441751
1328,-0.679494,-0.437005
1329,-0.666954,-0.431531
1330,-0.654739,-0.425347
1331,-0.642891,-0.418473
1332,-0.631446,-0.410931
1333,-0.620445,-0.402743
1334,-0.609922,-0.393936
1335,-0.599913,-0.384539
1336,-0.590452,-0.374580
1337,-0.581569,-0.364093
1338,-0.573294,-0.353111
1339,-0.565654,-0.341668
1340,-0.558676,-0.329803
1341,-0.552382,-0.317553
1342,-0.546795,-0.304958
1343,-0.541932,-0.292059
1344,-0.537810,-0.278897
1345,-0.534444,-0.265515
1346,-0.531845,-0.251956
1347,-0.530022,-0.238265
1348,-0.528982,-0.224486
1349,-0.528729,-0.210664
1350,-0.529265,-0.196844
1351,-0.530587,-0.183071
1352,-0.532694,-0.169390
1353,-0.535578,-0.155845
1354,-0.539242,-0.142426
1355,-0.543502,-0.129529
1356,-0.548494,-0.116887
1357,-0.554204,-0.104542
1358,-0.560612,-0.092536
1359,-0.567700,-0.080906
1360,-0.575445,-0.069693
1361,-0.583821,-0.058933
1362,-0.592804,-0.048662
1363,-0.602364,-0.038914
1364,-0.612471,-0.029722
1365,-0.623092,-0.021116
1366,-0.634193,-0.013124
1367,-0.645738,-0.005775
1368,-0.657691,0.000908
1369,-0.670013,0.006901
1370,-0.682663,0.012185
1371,-0.695602,0.016742
1372,-0.708786,0.020556
1373,-0.722174,0.023613
1374,-0.735722,0.025903
1375,-0.749385,0.027418
1376,-0.763120,0.028151
1377,-0.776881,0.028100
1378,-0.790624,0.027265
1379,-0.804303,0.025646
1380,-0.817875,0.023249
1381,-0.831295,0.020080
1382,-0.844518,0.016150
1383,-0.857502,0.011470
1384,-0.870327,0.005874
1385,-0.882580,-0.000158
1386,-0.894477,-0.006883
1387,-0.905977,-0.014279
1388,-0.917044,-0.022324
1389,-0.927640,-0.030993
1390,-0.937730,-0.040257
1391,-0.947281,-0.050086
1392,-0.956261,-0.060451
1393,-0.964640,-0.071316
1394,-0.972389,-0.082648
1395,-0.979484,-0.094410
1396,-0.985900,-0.106563
1397,-0.991616,-0.119069
1398,-0.996612,-0.131887
1399,-1.000871,-0.144976
1400,-1.004378,-0.158294
1401,-1.007123,-0.171796
1402,-1.009093,-0.185439
1403,-1.010284,-0.199179
1404,-1.010689,-0.212971
1405,-1.010308,-0.226771
1406,-1.009140,-0.240532
1407,-1.007188,-0.254211
1408,-1.004459,-0.267762
1409,-1.000960,-0.281142
1410,-0.996702,-0.294306
1411,-0.991699,-0.307212
1412,-0.985966,-0.319817
1413,-0.979521,-0.332080
1414,-0.972181,-0.344166
1415,-0.964577,-0.355439
1416,-0.956337,-0.366269
1417,-0.947487,-0.376619
1418,-0.938055,-0.386452
1419,-0.928072,-0.395738
1420,-0.917568,-0.404444
1421,-0.906577,-0.412542
1422,-0.895136,-0.420005
1423,-0.883281,-0.426807
1424,-0.871049,-0.432925
1425,-0.858481,-0.438339
1426,-0.845618,-0.443030
1427,-0.832500,-0.446982
1428,-0.819171,-0.450181
1429,-0.805673,-0.452616
1430,-0.792051,-0.454279
1431,-0.778349,-0.455163
1432,-0.764611,-0.455263
1433,-0.750883,-0.454580
1434,-0.737209,-0.453115
1435,-0.723634,-0.450871
1436,-0.710202,-0.447856
1437,-0.696957,-0.444077
1438,-0.683942,-0.439548
1439,-0.671201,-0.434281
1440,-0.658775,-0.428293
1441,-0.646704,-0.421604
1442,-0.635030,-0.414234
1443,-0.623788,-0.406207
1444,-0.613018,-0.397549
1445,-0.602703,-0.388082
1446,-0.593070,-0.378389
1447,-0.583999,-0.368156
1448,-0.575522,-0.357417
1449,-0.567666,-0.346205
1450,-0.560459,-0.334556
1451,-0.553924,-0.322509
1452,-0.548083,-0.310101
1453,-0.542957,-0.297374
1454,-0.538562,-0.284368
1455,-0.534914,-0.271125
1456,-0.532025,-0.257689
1457,-0.529907,-0.244103
1458,-0.528565,-0.230411
1459,-0.528006,-0.216658
1460,-0.528233,-0.202889
1461,-0.529244,-0.189148
1462,-0.531038,-0.175480
1463,-0.533610,-0.161930
1464,-0.536951,-0.148543
1465,-0.541052,-0.135362
1466,-0.545900,-0.122430
1467,-0.551479,-0.109789
1468,-0.557773,-0.097482
1469,-0.564761,-0.085548
1470,-0.572422,-0.074026
1471,-0.580730,-0.062956
1472,-0.589660,-0.052372
1473,-0.599182,-0.042310
1474,-0.609266,-0.032803
1475,-0.620119,-0.023768
1476,-0.630986,-0.015571
1477,-0.642310,-0.008001
1478,-0.654054,-0.001085
1479,-0.666182,0.005154
1480,-0.678654,0.010694
1481,-0.691429,0.015517
1482,-0.704467,0.019606
1483,-0.717724,0.022946
1484,-0.731158,0.025527
1485,-0.744726,0.027338
1486,-0.758383,0.028373
1487,-0.772084,0.028627
1488,-0.785785,0.028100
1489,-0.799442,0.026791
1490,-0.813008,0.024705
1491,-0.826442,0.021847
1492,-0.839697,0.018225
1493,-0.852731,0.013852
1494,-0.865501,0.008739
1495,-0.877966,0.002904
1496,-0.890083,-0.003635
1497,-0.901814,-0.010858
1498,-0.913119,-0.018742
1499,-0.923962,-0.027262
1500,-0.934306,-0.036391
1501,-0.944118,-0.046099
1502,-0.953365,-0.056355
1503,-0.962016,-0.067126
1504,-0.970043,-0.078379
1505,-0.977418,-0.090075
1506,-0.984100,-0.102384
1507,-0.990062,-0.114685
1508,-0.995317,-0.127314
1509,-0.999845,-0.140229
1510,-1.003632,-0.153389
1511,-1.006664,-0.166752
1512,-1.008930,-0.180273
1513,-1.010422,-0.193909
1514,-1.011135,-0.207615
1515,-1.011065,-0.221347
1516,-1.010212,-0.235060
1517,-1.008577,-0.248709
1518,-1.006165,-0.262250
1519,-1.002984,-0.275638
1520,-0.999042,-0.288830
1521,-0.994353,-0.301781
1522,-0.988930,-0.314451
1523,-0.982791,-0.326797
1524,-0.975954,-0.338779
1525,-0.968442,-0.350356
1526,-0.960279,-0.361492
1527,-0.951490,-0.372150
1528,-0.942104,-0.382293
1529,-0.932150,-0.391890
1530,-0.921661,-0.400907
1531,-0.910671,-0.409316
1532,-0.899214,-0.417088
1533,-0.887327,-0.424197
1534,-0.875050,-0.430620
1535,-0.862422,-0.436336
1536,-0.849220,-0.441355
1537,-0.836278,-0.445576
1538,-0.823108,-0.449057
1539,-0.809752,-0.451782
1540,-0.796254,-0.453742
1541,-0.782658,-0.454930
1542,-0.769008,-0.455340
1543,-0.755348,-0.454971
1544,-0.741724,-0.453823
1545,-0.728179,-0.451898
1546,-0.714758,-0.449203
1547,-0.701505,-0.445744
1548,-0.688463,-0.441533
1549,-0.675676,-0.436583
1550,-0.663185,-0.430908
1551,-0.651031,-0.424526
1552,-0.639255,-0.417458
1553,-0.627894,-0.409726
1554,-0.616988,-0.401354
1555,-0.606571,-0.392370
1556,-0.596678,-0.382801
1557,-0.587342,-0.372679
1558,-0.578594,-0.362036
1559,-0.570463,-0.350906
1560,-0.562977,-0.339325
1561,-0.556159,-0.327330
1562,-0.550033,-0.314961
1563,-0.544620,-0.302256
1564,-0.539938,-0.289258
1565,-0.536002,-0.276008
1566,-0.532827,-0.262549
1567,-0.530410,-0.248859
1568,-0.528754,-0.235388
1569,-0.527869,-0.221835
1570,-0.527759,-0.208244
1571,-0.528424,-0.194660
1572,-0.529865,-0.181127
1573,-0.532077,-0.167689
1574,-0.535053,-0.154391
1575,-0.538786,-0.141277
1576,-0.543263,-0.128388
1577,-0.548472,-0.115768
1578,-0.554396,-0.103458
1579,-0.561016,-0.091499
1580,-0.568311,-0.079931
1581,-0.576260,-0.068790
1582,-0.584835,-0.058115
1583,-0.594011,-0.047940
1584,-0.603758,-0.038300
1585,-0.614044,-0.029227
1586,-0.624837,-0.020750
1587,-0.636101,-0.012898
1588,-0.647802,-0.005697
1589,-0.659900,0.000829
1590,-0.672357,0.006656
1591,-0.685132,0.011767
1592,-0.698185,0.016144
1593,-0.711473,0.019770
1594,-0.724952,0.022635
1595,-0.738580,0.024728
1596,-0.752311,0.026041
1597,-0.766301,0.026483
1598,-0.779936,0.026265
1599,-0.793545,0.025270
1600,-0.807084,0.023500
1601,-0.820508,0.020958
1602,-0.833773,0.017653
1603,-0.846835,0.013595
1604,-0.859653,0.008795
1605,-0.872183,0.003269
1606,-0.884384,-0.002966
1607,-0.896217,-0.009891
1608,-0.907641,-0.017484
1609,-0.918621,-0.025720
1610,-0.929118,-0.034573
1611,-0.939099,-0.044016
1612,-0.948530,-0.054018
1613,-0.957380,-0.064546
1614,-0.965619,-0.075568
1615,-0.973221,-0.087047
1616,-0.980159,-0.098947
1617,-0.986410,-0.111229
1618,-0.991954,-0.123854
1619,-0.996772,-0.136780
1620,-1.000846,-0.149966
1621,-1.004164,-0.163369
1622,-1.006714,-0.176945
1623,-1.008487,-0.190651
1624,-1.009476,-0.204442
1625,-1.009677,-0.218273
1626,-1.009089,-0.232099
1627,-1.007714,-0.245875
1628,-1.005550,-0.259614
1629,-1.002735,-0.272899
1630,-0.999165,-0.286012
1631,-0.994850,-0.298908
1632,-0.989803,-0.311545
1633,-0.984039,-0.323881
1634,-0.977576,-0.335877
1635,-0.970436,-0.347491
1636,-0.962639,-0.358687
1637,-0.954211,-0.369426
1638,-0.945179,-0.379673
1639,-0.935572,-0.389394
1640,-0.925420,-0.398557
1641,-0.914755,-0.407131
1642,-0.903612,-0.415087
1643,-0.892027,-0.422399
1644,-0.880037,-0.429042
1645,-0.867681,-0.434994
1646,-0.854999,-0.440234
1647,-0.842031,-0.444745
1648,-0.828821,-0.448512
1649,-0.815410,-0.451521
1650,-0.801842,-0.453761
1651,-0.788162,-0.455225
1652,-0.774413,-0.455906
1653,-0.760641,-0.455803
1654,-0.746890,-0.454915
1655,-0.733206,-0.453243
1656,-0.719633,-0.450792
1657,-0.706216,-0.447571
1658,-0.692839,-0.443441
1659,-0.680012,-0.438805
1660,-0.667462,-0.433441
1661,-0.655231,-0.427366
1662,-0.643359,-0.420599
1663,-0.631886,-0.413162
1664,-0.620849,-0.405078
1665,-0.610285,-0.396373
1666,-0.600229,-0.387074
1667,-0.590714,-0.377211
1668,-0.581773,-0.366815
1669,-0.573433,-0.355921
1670,-0.565725,-0.344563
1671,-0.558673,-0.332777
1672,-0.552301,-0.320602
1673,-0.546631,-0.308077
1674,-0.541681,-0.295242
1675,-0.537469,-0.282139
1676,-0.534010,-0.268811
1677,-0.531314,-0.255301
1678,-0.529392,-0.241652
1679,-0.528251,-0.227910
1680,-0.527895,-0.214118
1681,-0.528325,-0.200322
1682,-0.529543,-0.186566
1683,-0.531543,-0.172896
1684,-0.534320,-0.159357
1685,-0.537866,-0.145991
1686,-0.542170,-0.132844
1687,-0.547218,-0.119958
1688,-0.552995,-0.107375
1689,-0.559506,-0.095084
1690,-0.566485,-0.083433
1691,-0.574122,-0.072191
1692,-0.582393,-0.061397
1693,-0.591273,-0.051084
1694,-0.600733,-0.041289
1695,-0.610742,-0.032044
1696,-0.621270,-0.023379
1697,-0.632281,-0.015324
1698,-0.643741,-0.007905
1699,-0.655613,-0.001148
1700,-0.667858,0.004924
1701,-0.680437,0.010292
1702,-0.693309,0.014935
1703,-0.706432,0.018840
1704,-0.719765,0.021991
1705,-0.733263,0.024379
1706,-0.746883,0.025993
1707,-0.760580,0.026829
1708,-0.774310,0.026883
1709,-0.788028,0.026153
1710,-0.801690,0.024641
1711,-0.815250,0.022351
1712,-0.828664,0.019291
1713,-0.841888,0.015469
1714,-0.854880,0.010897
1715,-0.867596,0.005589
1716,-0.879995,-0.000438
1717,-0.892035,-0.007166
1718,-0.903678,-0.014572
1719,-0.914966,-0.022838
1720,-0.925601,-0.031405
1721,-0.935737,-0.040569
1722,-0.945339,-0.050302
1723,-0.954375,-0.060573
1724,-0.962817,-0.071349
1725,-0.970634,-0.082595
1726,-0.977801,-0.094275
1727,-0.984294,-0.106352
1728,-0.990091,-0.118786
1729,-0.995173,-0.131537
1730,-0.999521,-0.144564
1731,-1.003121,-0.157826
1732,-1.005961,-0.171277
1733,-1.008031,-0.184876
1734,-1.009322,-0.198578
1735,-1.009830,-0.212338
1736,-1.009553,-0.226111
1737,-1.008491,-0.239853
1738,-1.006646,-0.253518
1739,-1.004024,-0.267062
1740,-1.000632,-0.280441
1741,-0.996482,-0.293612
1742,-0.991585,-0.306530
1743,-0.985958,-0.319153
1744,-0.979617,-0.331441
1745,-0.972583,-0.343352
1746,-0.964878,-0.354848
1747,-0.956527,-0.365891
1748,-0.947557,-0.376445
1749,-0.937752,-0.386630
1750,-0.927865,-0.395965
1751,-0.917456,-0.404728
1752,-0.906557,-0.412889
1753,-0.895203,-0.420419
1754,-0.883431,-0.427294
1755,-0.871278,-0.433490
1756,-0.858783,-0.438986
1757,-0.845988,-0.443763
1758,-0.832933,-0.447805
1759,-0.819661,-0.451098
1760,-0.806215,-0.453630
1761,-0.792638,-0.455392
1762,-0.778975,-0.456377
1763,-0.765271,-0.456582
1764,-0.751570,-0.456004
1765,-0.737916,-0.454646
1766,-0.724355,-0.452510
1767,-0.710930,-0.449602
1768,-0.697686,-0.445932
1769,-0.684666,-0.441511
1770,-0.671913,-0.436352
1771,-0.659469,-0.430471
1772,-0.647374,-0.423887
1773,-0.635668,-0.416620
1774,-0.624390,-0.408694
1775,-0.613577,-0.400134
1776,-0.603265,-0.390968
1777,-0.593487,-0.381223
1778,-0.584277,-0.370933
1779,-0.575664,-0.360130
1780,-0.567671,-0.348636
1781,-0.560394,-0.337071
1782,-0.553783,-0.325103
1783,-0.547862,-0.312769
1784,-0.542652,-0.300112
1785,-0.538169,-0.287170
1786,-0.534429,-0.273986
1787,-0.531445,-0.260602
1788,-0.529229,-0.247063
1789,-0.527787,-0.233413
1790,-0.527126,-0.219695
1791,-0.527247,-0.205954
1792,-0.528153,-0.192235
1793,-0.529840,-0.178584
1794,-0.532304,-0.165044
1795,-0.535538,-0.151660
1796,-0.539531,-0.138475
1797,-0.544272,-0.125533
1798,-0.549745,-0.112877
1799,-0.555934,-0.100547
