0,-0.115869,1.161890
1,-0.115869,1.161890
2,-0.123992,1.171059
3,-0.136246,1.182834
4,-0.149187,1.193854
5,-0.162734,1.204120
6,-0.176844,1.213598
7,-0.191470,1.222258
8,-0.206565,1.230072
9,-0.222080,1.237014
10,-0.237965,1.243062
11,-0.254168,1.248197
12,-0.270638,1.252402
13,-0.287320,1.255663
14,-0.304160,1.257969
15,-0.321104,1.259314
16,-0.338097,1.259692
17,-0.355085,1.259103
18,-0.372011,1.257548
19,-0.388821,1.255033
20,-0.405461,1.251565
21,-0.421877,1.247156
22,-0.438016,1.241821
23,-0.453824,1.235576
24,-0.469252,1.228441
25,-0.473552,1.226423
26,-0.473552,1.226423
27,-0.477733,1.214909
28,-0.482233,1.198521
29,-0.485740,1.181890
30,-0.488296,1.165085
31,-0.489891,1.148163
32,-0.490522,1.131177
33,-0.490184,1.114183
34,-0.490063,1.109434
35,-0.484959,1.098298
36,-0.476663,1.083467
37,-0.467489,1.069158
38,-0.457516,1.055394
39,-0.454707,1.051563
40,-0.454707,1.051563
41,-0.442602,1.049680
42,-0.425655,1.048422
43,-0.408659,1.048185
44,-0.391677,1.048915
45,-0.374764,1.050611
46,-0.357976,1.053266
47,-0.341365,1.056871
48,-0.324986,1.061416
49,-0.308893,1.066886
50,-0.304404,1.068440
51,-0.304404,1.068440
52,-0.304404,1.068440
53,-0.304404,1.068440
54,-0.304404,1.068440
55,-0.304404,1.068440
56,-0.315116,1.074383
57,-0.330589,1.081411
58,-0.346459,1.087496
59,-0.362651,1.092669
60,-0.379110,1.096913
61,-0.395784,1.100213
62,-0.412619,1.102559
63,-0.429560,1.103943
64,-0.446552,1.104361
65,-0.463541,1.103812
66,-0.480471,1.102297
67,-0.497287,1.099821
68,-0.513935,1.096393
69,-0.518582,1.095408
70,-0.518582,1.095408
71,-0.518582,1.095408
72,-0.521002,1.083400
73,-0.523012,1.066525
74,-0.524004,1.049556
75,-0.524029,1.032559
76,-0.523087,1.015587
77,-0.522796,1.010846
78,-0.517300,0.999899
79,-0.508481,0.985372
80,-0.498803,0.971399
81,-0.488346,0.957998
82,-0.485403,0.954270
83,-0.485403,0.954270
84,-0.473239,0.952819
85,-0.456258,0.952165
86,-0.439264,0.952533
87,-0.422319,0.953867
88,-0.405477,0.956164
89,-0.388794,0.959414
90,-0.372322,0.963609
91,-0.367726,0.964808
92,-0.367726,0.964808
93,-0.367726,0.964808
94,-0.367726,0.964808
95,-0.367726,0.964808
96,-0.367726,0.964808
97,-0.367726,0.964808
98,-0.379718,0.967305
99,-0.396579,0.969425
100,-0.413541,0.970527
101,-0.418283,0.970809
102,-0.418283,0.970809
103,-0.418283,0.970809
104,-0.418283,0.970809
105,-0.419351,0.958605
106,-0.419471,0.941612
107,-0.418569,0.924638
108,-0.418290,0.919896
109,-0.412819,0.908936
110,-0.404034,0.894388
111,-0.394389,0.880392
112,-0.391672,0.876496
113,-0.391672,0.876496
114,-0.379616,0.874327
115,-0.362703,0.872668
116,-0.345717,0.872029
117,-0.328723,0.872357
118,-0.311775,0.873651
119,-0.294928,0.875908
120,-0.278236,0.879120
121,-0.261755,0.883276
122,-0.245536,0.888363
123,-0.241012,0.889810
124,-0.241012,0.889810
125,-0.241012,0.889810
126,-0.241012,0.889810
127,-0.241012,0.889810
128,-0.241012,0.889810
129,-0.251580,0.896005
130,-0.266882,0.903397
131,-0.282604,0.909857
132,-0.298669,0.915411
133,-0.315023,0.920043
134,-0.331614,0.923737
135,-0.348389,0.926481
136,-0.365292,0.928266
137,-0.382270,0.929086
138,-0.399267,0.928939
139,-0.416228,0.927826
140,-0.433098,0.925749
141,-0.449823,0.922715
142,-0.466348,0.918735
143,-0.470959,0.917597
144,-0.470959,0.917597
145,-0.477311,0.907122
146,-0.485354,0.894835
147,-0.494970,0.893954
148,-0.504592,0.892841
149,-0.514228,0.891490
150,-0.523880,0.889894
151,-0.533552,0.888045
152,-0.543245,0.885935
153,-0.551329,0.887318
154,-0.558787,0.889949
155,-0.566579,0.891316
156,-0.574910,0.891409
157,-0.583269,0.890991
158,-0.591607,0.890098
159,-0.599894,0.888737
160,-0.608104,0.886911
161,-0.616211,0.884623
162,-0.624190,0.881881
163,-0.632014,0.878690
164,-0.639658,0.875061
165,-0.647098,0.871002
166,-0.654310,0.866525
167,-0.661269,0.861643
168,-0.659168,0.853481
169,-0.652317,0.844831
170,-0.645253,0.840146
171,-0.638490,0.837233
172,-0.631672,0.834836
173,-0.624318,0.832828
174,-0.609548,0.832290
175,-0.593454,0.832720
176,-0.577345,0.834014
177,-0.561328,0.836219
178,-0.545462,0.839331
179,-0.529798,0.843343
180,-0.514388,0.848240
181,-0.499281,0.854007
182,-0.484527,0.860627
183,-0.470174,0.868076
184,-0.456268,0.876330
185,-0.442854,0.885363
186,-0.429976,0.895145
187,-0.417677,0.905646
188,-0.406050,0.916916
189,-0.395062,0.928739
190,-0.384736,0.941180
191,-0.375132,0.954190
192,-0.366283,0.967725
193,-0.358220,0.981743
194,-0.350968,0.996198
195,-0.344551,1.011043
196,-0.338990,1.026230
197,-0.334304,1.041710
198,-0.330506,1.057431
199,-0.327610,1.073344
200,-0.325625,1.089396
201,-0.324557,1.105535
202,-0.324411,1.121710
203,-0.325187,1.137867
204,-0.326882,1.153954
205,-0.329490,1.169918
206,-0.333004,1.185709
207,-0.337513,1.201116
208,-0.342787,1.216399
209,-0.348919,1.231365
210,-0.355892,1.245958
211,-0.363774,1.260094
212,-0.372367,1.273775
213,-0.381724,1.286964
214,-0.391817,1.299601
215,-0.402614,1.311643
216,-0.414080,1.323050
217,-0.426177,1.333786
218,-0.438867,1.343815
219,-0.452108,1.353106
220,-0.465793,1.361441
221,-0.479989,1.369163
222,-0.494606,1.376079
223,-0.509595,1.382152
224,-0.524906,1.387362
225,-0.540489,1.391692
226,-0.556294,1.395128
227,-0.572269,1.397658
228,-0.588362,1.399273
229,-0.604522,1.399969
230,-0.620696,1.399743
231,-0.636831,1.398597
232,-0.652875,1.396532
233,-0.668864,1.393415
234,-0.684281,1.389457
235,-0.699714,1.384695
236,-0.714874,1.379076
237,-0.729692,1.372602
238,-0.744118,1.365294
239,-0.758105,1.357177
240,-0.771607,1.348276
241,-0.784581,1.338620
242,-0.793447,1.331190
243,-0.802315,1.322731
244,-0.812774,1.311261
245,-0.817473,1.301947
246,-0.823411,1.291058
247,-0.829111,1.278435
248,-0.834228,1.264233
249,-0.838331,1.248074
250,-0.843398,1.232723
251,-0.849011,1.217671
252,-0.853800,1.202240
253,-0.857792,1.186596
254,-0.860104,1.171428
255,-0.859998,1.157712
256,-0.859399,1.143430
257,-0.857499,1.129168
258,-0.854029,1.114579
259,-0.848726,1.098818
260,-0.842302,1.083102
261,-0.834985,1.067774
262,-0.826819,1.052939
263,-0.819587,1.038162
264,-0.813167,1.023413
265,-0.804189,1.009570
266,-0.796334,0.995550
267,-0.787542,0.984620
268,-0.778026,0.974769
269,-0.768036,0.965508
270,-0.757609,0.956855
271,-0.746779,0.948829
272,-0.735585,0.941448
273,-0.724062,0.934727
274,-0.712249,0.928679
275,-0.699812,0.923320
276,-0.686503,0.917161
277,-0.671919,0.910290
278,-0.656942,0.904149
279,-0.641636,0.898856
280,-0.626053,0.894442
281,-0.610243,0.890922
282,-0.594257,0.888309
283,-0.578149,0.886610
284,-0.561969,0.885831
285,-0.545771,0.885976
286,-0.529607,0.887043
287,-0.513530,0.889029
288,-0.497592,0.891927
289,-0.481844,0.895730
290,-0.466338,0.900423
291,-0.451124,0.905992
292,-0.436252,0.912418
293,-0.421770,0.919681
294,-0.407724,0.927757
295,-0.394161,0.936621
296,-0.381125,0.946244
297,-0.368658,0.956593
298,-0.356801,0.967636
299,-0.345695,0.979339
300,-0.335150,0.991642
301,-0.325328,1.004525
302,-0.316255,1.017946
303,-0.307961,1.031863
304,-0.300473,1.046229
305,-0.293816,1.061000
306,-0.288010,1.076126
307,-0.283124,1.091618
308,-0.279105,1.107251
309,-0.275967,1.123141
310,-0.273736,1.139187
311,-0.272421,1.155334
312,-0.272028,1.171531
313,-0.272558,1.187724
314,-0.274010,1.203861
315,-0.276378,1.219889
316,-0.279656,1.235757
317,-0.283897,1.251326
318,-0.288933,1.266737
319,-0.294839,1.281823
320,-0.301596,1.296546
321,-0.309180,1.310861
322,-0.317568,1.324721
323,-0.326732,1.338080
324,-0.336643,1.350897
325,-0.347267,1.363128
326,-0.358571,1.374735
327,-0.370518,1.385679
328,-0.383069,1.395925
329,-0.396256,1.405413
330,-0.409848,1.414121
331,-0.423960,1.422072
332,-0.438503,1.429212
333,-0.453430,1.435512
334,-0.468692,1.440952
335,-0.484194,1.445410
336,-0.499984,1.449115
337,-0.515942,1.451903
338,-0.532033,1.453776
339,-0.548204,1.454729
340,-0.564404,1.454760
341,-0.580579,1.453867
342,-0.596678,1.452055
343,-0.612259,1.451179
344,-0.626858,1.456160
345,-0.641283,1.462004
346,-0.655857,1.467199
347,-0.670625,1.471638
348,-0.680590,1.474711
349,-0.685715,1.477404
350,-0.692419,1.480901
351,-0.701682,1.484300
352,-0.708273,1.486083
353,-0.713075,1.486939
354,-0.717649,1.487485
355,-0.722204,1.487795
356,-0.726759,1.487877
357,-0.731307,1.487732
358,-0.735838,1.487360
359,-0.740340,1.486764
360,-0.744803,1.485944
361,-0.749216,1.484904
362,-0.753568,1.483646
363,-0.757848,1.482173
364,-0.762047,1.480490
365,-0.766154,1.478601
366,-0.770159,1.476510
367,-0.774053,1.474224
368,-0.777826,1.471747
369,-0.781469,1.469086
370,-0.784974,1.466247
371,-0.788331,1.463238
372,-0.791533,1.460066
373,-0.794571,1.456739
374,-0.797439,1.453264
375,-0.800129,1.449652
376,-0.802635,1.445909
377,-0.804951,1.442046
378,-0.807071,1.438072
379,-0.808989,1.433997
380,-0.810701,1.429830
381,-0.812202,1.425582
382,-0.813489,1.421264
383,-0.814558,1.416885
384,-0.815407,1.412457
385,-0.816033,1.407991
386,-0.816061,1.403488
387,-0.816236,1.398998
388,-0.816186,1.394504
389,-0.815910,1.390015
390,-0.815408,1.385543
391,-0.814682,1.381099
392,-0.813734,1.376695
393,-0.812564,1.372340
394,-0.811175,1.368047
395,-0.809571,1.363827
396,-0.807756,1.359688
397,-0.805732,1.355644
398,-0.803505,1.351702
399,-0.801079,1.347875
400,-0.798462,1.344171
401,-0.795657,1.340600
402,-0.792673,1.337172
403,-0.789516,1.333896
404,-0.786194,1.330780
405,-0.782714,1.327832
406,-0.779085,1.325061
407,-0.775316,1.322474
408,-0.771415,1.320079
409,-0.767393,1.317881
410,-0.763259,1.315888
411,-0.759024,1.314105
412,-0.754697,1.312537
413,-0.750289,1.311188
414,-0.745813,1.310065
415,-0.741278,1.309168
416,-0.736696,1.308504
417,-0.732079,1.308072
418,-0.727531,1.308238
419,-0.722900,1.308273
420,-0.718269,1.308545
421,-0.713650,1.309054
422,-0.709056,1.309799
423,-0.704497,1.310780
424,-0.699987,1.311995
425,-0.695537,1.313442
426,-0.691159,1.315117
427,-0.689754,1.320616
428,-0.694543,1.332022
429,-0.700018,1.342975
430,-0.706058,1.353557
431,-0.712636,1.363742
432,-0.719728,1.373504
433,-0.727308,1.382817
434,-0.735348,1.391658
435,-0.743819,1.400005
436,-0.752691,1.407837
437,-0.761935,1.415137
438,-0.771519,1.421887
439,-0.781410,1.428072
440,-0.791576,1.433680
441,-0.801984,1.438699
442,-0.812600,1.443120
443,-0.823391,1.446934
444,-0.834322,1.450138
445,-0.845359,1.452726
446,-0.856469,1.454697
447,-0.867616,1.456051
448,-0.878768,1.456791
449,-0.889891,1.456919
450,-0.900951,1.456441
451,-0.912212,1.455137
452,-0.923044,1.453465
453,-0.933719,1.451214
454,-0.944205,1.448398
455,-0.954473,1.445029
456,-0.964494,1.441122
457,-0.975031,1.436929
458,-0.985865,1.435066
459,-0.997842,1.438321
460,-1.010826,1.442116
461,-1.024408,1.445427
462,-1.038321,1.448022
463,-1.052424,1.449840
464,-1.066633,1.450856
465,-1.080887,1.451063
466,-1.095134,1.450458
467,-1.109326,1.449043
468,-1.123415,1.446821
469,-1.137355,1.443800
470,-1.151102,1.439990
471,-1.164610,1.435403
472,-1.177835,1.430054
473,-1.190734,1.423959
474,-1.203267,1.417140
475,-1.215390,1.409618
476,-1.227066,1.401417
477,-1.238257,1.392563
478,-1.248926,1.383086
479,-1.259037,1.373017
480,-1.268560,1.362387
481,-1.277461,1.351232
482,-1.285688,1.339465
483,-1.293367,1.327594
484,-1.300222,1.315130
485,-1.306359,1.302272
486,-1.311758,1.289077
487,-1.316398,1.275593
488,-1.320263,1.261864
489,-1.323340,1.247937
490,-1.325619,1.233856
491,-1.327092,1.219667
492,-1.327727,1.205575
493,-1.327626,1.191152
494,-1.326693,1.176874
495,-1.324949,1.162699
496,-1.322400,1.148656
497,-1.319056,1.134785
498,-1.314927,1.121127
499,-1.310027,1.107728
500,-1.304372,1.094628
501,-1.297979,1.081872
502,-1.290870,1.069500
503,-1.283104,1.057501
504,-1.274711,1.046043
505,-1.265619,1.035085
506,-1.255907,1.024655
507,-1.245615,1.014791
508,-1.234775,1.005528
509,-1.223424,0.996896
510,-1.211600,0.988925
511,-1.199339,0.981639
512,-1.186683,0.975063
513,-1.173673,0.969219
514,-1.160350,0.964125
515,-1.146809,0.959805
516,-1.132942,0.956213
517,-1.118929,0.953425
518,-1.104794,0.951445
519,-1.090575,0.950274
520,-1.076313,0.949915
521,-1.062137,0.950182
522,-1.049107,0.948504
523,-1.036158,0.946818
524,-1.022874,0.946403
525,-1.009576,0.946258
526,-0.996089,0.946972
527,-0.982487,0.949324
528,-0.969036,0.953605
529,-0.955945,0.959179
530,-0.943275,0.965708
531,-0.930194,0.971733
532,-0.916621,0.977276
533,-0.903211,0.983266
534,-0.890072,0.989671
535,-0.877261,0.996370
536,-0.868125,1.000152
537,-0.861980,1.001082
538,-0.858504,1.004175
539,-0.857408,1.013902
540,-0.855213,1.025344
541,-0.853776,1.036977
542,-0.852849,1.048504
543,-0.852993,1.060372
544,-0.853720,1.072035
545,-0.855133,1.083576
546,-0.857286,1.095014
547,-0.860241,1.106363
548,-0.864054,1.117634
549,-0.866616,1.125703
550,-0.866985,1.131410
551,-0.869960,1.136625
552,-0.877007,1.141430
553,-0.887963,1.145250
554,-0.890018,1.146595
555,-0.890018,1.146595
556,-0.899502,1.139851
557,-0.908634,1.131144
558,-0.909545,1.129935
559,-0.915392,1.119170
560,-0.914240,1.112373
561,-0.914818,1.101826
562,-0.915720,1.098358
563,-0.915075,1.086125
564,-0.912821,1.069281
565,-0.909558,1.052599
566,-0.905352,1.036131
567,-0.900215,1.019928
568,-0.894165,1.004044
569,-0.887221,0.988529
570,-0.879405,0.973435
571,-0.870743,0.958810
572,-0.868300,0.954737
573,-0.868300,0.954737
574,-0.856420,0.951745
575,-0.839661,0.948930
576,-0.822760,0.947126
577,-0.805783,0.946287
578,-0.788786,0.946416
579,-0.771824,0.947511
580,-0.754951,0.949570
581,-0.738223,0.952585
582,-0.721694,0.956547
583,-0.705417,0.961443
584,-0.689445,0.967257
585,-0.684991,0.968907
586,-0.684991,0.968907
587,-0.684991,0.968907
588,-0.684991,0.968907
589,-0.684991,0.968907
590,-0.684991,0.968907
591,-0.695827,0.974619
592,-0.706151,0.984838
593,-0.713340,0.997216
594,-0.720983,1.009533
595,-0.729450,1.021519
596,-0.738276,1.033667
597,-0.747820,1.045673
598,-0.758191,1.057465
599,-0.761692,1.070482
600,-0.759784,1.086616
601,-0.759741,1.103321
602,-0.764750,1.118867
603,-0.773202,1.132941
604,-0.781417,1.146533
605,-0.790121,1.159659
606,-0.799530,1.172213
607,-0.809613,1.184158
608,-0.820331,1.195458
609,-0.831644,1.206081
610,-0.843513,1.215998
611,-0.852895,1.222790
612,-0.859789,1.226023
613,-0.866196,1.227653
614,-0.872410,1.228195
615,-0.878487,1.227963
616,-0.884486,1.227197
617,-0.890444,1.226041
618,-0.896338,1.224544
619,-0.902147,1.222717
620,-0.907850,1.220566
621,-0.913079,1.217973
622,-0.918511,1.215214
623,-0.923786,1.212154
624,-0.928886,1.208800
625,-0.933797,1.205162
626,-0.938501,1.201250
627,-0.942984,1.197076
628,-0.947230,1.192653
629,-0.951227,1.187993
630,-0.954960,1.183112
631,-0.958418,1.178024
632,-0.961588,1.172745
633,-0.964461,1.167290
634,-0.967027,1.161676
635,-0.971624,1.157246
636,-0.975182,1.151380
637,-0.978024,1.144829
638,-0.980405,1.138010
639,-0.982388,1.131051
640,-0.983973,1.123984
641,-0.985157,1.116835
642,-0.985935,1.109625
643,-0.986304,1.102378
644,-0.986263,1.095117
645,-0.985810,1.087866
646,-0.984948,1.080647
647,-0.983677,1.073483
648,-0.982003,1.066399
649,-0.979929,1.059416
650,-0.977461,1.052557
651,-0.974608,1.045845
652,-0.971377,1.039300
653,-0.967779,1.032945
654,-0.963815,1.027173
655,-0.959542,1.021257
656,-0.954940,1.015589
657,-0.950023,1.010187
658,-0.944804,1.005068
659,-0.939301,1.000250
660,-0.933530,0.995748
661,-0.927510,0.991578
662,-0.921260,0.987753
663,-0.914799,0.984285
664,-0.908149,0.981187
665,-0.901329,0.978468
666,-0.894362,0.976139
667,-0.887270,0.974206
668,-0.880076,0.972677
669,-0.872802,0.971557
670,-0.865472,0.970850
671,-0.858109,0.970558
672,-0.850737,0.970685
673,-0.843380,0.971228
674,-0.836061,0.972188
675,-0.828804,0.973562
676,-0.821631,0.975345
677,-0.814567,0.977533
678,-0.807634,0.980119
679,-0.800855,0.983095
680,-0.794251,0.986452
681,-0.787844,0.990180
682,-0.781655,0.994267
683,-0.775703,0.998701
684,-0.770009,1.003467
685,-0.764591,1.008551
686,-0.759466,1.013937
687,-0.755008,1.019498
688,-0.750511,1.025410
689,-0.746354,1.031570
690,-0.742549,1.037959
691,-0.739110,1.044557
692,-0.736049,1.051342
693,-0.733375,1.058295
694,-0.731099,1.065391
695,-0.729226,1.072610
696,-0.727765,1.079927
697,-0.728953,1.087282
698,-0.738342,1.091915
699,-0.750301,1.093166
700,-0.762552,1.092534
701,-0.774030,1.091087
702,-0.782570,1.088453
703,-0.789124,1.084753
704,-0.795262,1.080659
705,-0.801131,1.076248
706,-0.806731,1.071541
707,-0.812048,1.066553
708,-0.817070,1.061302
709,-0.821783,1.055805
710,-0.826175,1.050080
711,-0.830237,1.044145
712,-0.833959,1.038019
713,-0.839311,1.030236
714,-0.843760,1.022066
715,-0.846704,1.013984
716,-0.848762,1.005957
717,-0.850223,0.997938
718,-0.851197,0.989904
719,-0.851724,0.981860
720,-0.851595,0.973524
721,-0.851232,0.965536
722,-0.850438,0.957605
723,-0.849218,0.949758
724,-0.847576,0.942016
725,-0.845522,0.934401
726,-0.843065,0.926936
727,-0.840214,0.919642
728,-0.836981,0.912538
729,-0.833379,0.905645
730,-0.829420,0.898982
731,-0.825119,0.892567
732,-0.820491,0.886417
733,-0.815552,0.880549
734,-0.810319,0.874977
735,-0.804810,0.869717
736,-0.799043,0.864781
737,-0.793036,0.860183
738,-0.786810,0.855933
739,-0.780384,0.852041
740,-0.773779,0.848516
741,-0.767015,0.845367
742,-0.760114,0.842600
743,-0.753097,0.840220
744,-0.745986,0.838231
745,-0.738801,0.836637
746,-0.731566,0.835440
747,-0.724301,0.834640
748,-0.717028,0.834237
749,-0.709769,0.834230
750,-0.702545,0.834615
751,-0.695377,0.835389
752,-0.688285,0.836547
753,-0.681073,0.838385
754,-0.674208,0.840299
755,-0.667479,0.842575
756,-0.660905,0.845202
757,-0.654505,0.848173
758,-0.648296,0.851474
759,-0.642296,0.855094
760,-0.636520,0.859021
761,-0.630984,0.863241
762,-0.625702,0.867738
763,-0.620688,0.872499
764,-0.615955,0.877508
765,-0.611515,0.882747
766,-0.607379,0.888201
767,-0.603557,0.893851
768,-0.600057,0.899680
769,-0.596888,0.905670
770,-0.594057,0.911802
771,-0.591569,0.918057
772,-0.589430,0.924416
773,-0.588414,0.930102
774,-0.587224,0.935703
775,-0.585879,0.941638
776,-0.584793,0.947667
777,-0.584027,0.953732
778,-0.583588,0.959811
779,-0.583476,0.965886
780,-0.583690,0.971940
781,-0.584226,0.977954
782,-0.585080,0.983912
783,-0.586249,0.989798
784,-0.587728,0.995595
785,-0.589849,1.001439
786,-0.591933,1.006994
787,-0.594303,1.012415
788,-0.596952,1.017685
789,-0.599870,1.022790
790,-0.603047,1.027717
791,-0.606473,1.032452
792,-0.610136,1.036984
793,-0.614024,1.041300
794,-0.618124,1.045391
795,-0.622425,1.049245
796,-0.626912,1.052852
797,-0.631571,1.056206
798,-0.636388,1.059296
799,-0.641348,1.062117
800,-0.646437,1.064661
801,-0.651639,1.066924
802,-0.656939,1.068900
803,-0.662321,1.070586
804,-0.667769,1.071979
805,-0.673268,1.073076
806,-0.678802,1.073877
807,-0.684354,1.074380
808,-0.689910,1.074586
809,-0.695453,1.074497
810,-0.700967,1.074113
811,-0.706438,1.073439
812,-0.711850,1.072477
813,-0.717189,1.071232
814,-0.722438,1.069710
815,-0.727586,1.067915
816,-0.732617,1.065855
817,-0.737517,1.063537
818,-0.742313,1.060598
819,-0.746896,1.057787
820,-0.751314,1.054745
821,-0.755552,1.051482
822,-0.759600,1.048007
823,-0.763448,1.044333
824,-0.767086,1.040470
825,-0.770505,1.036430
826,-0.773696,1.032226
827,-0.776652,1.027869
828,-0.779366,1.023375
829,-0.781832,1.018754
830,-0.784044,1.014022
831,-0.785996,1.009192
832,-0.787687,1.004277
833,-0.789111,0.999293
834,-0.790266,0.994253
835,-0.791151,0.989172
836,-0.791764,0.984063
837,-0.792105,0.978942
838,-0.792175,0.973823
839,-0.791974,0.968720
840,-0.791505,0.963647
841,-0.790771,0.958618
842,-0.789774,0.953647
843,-0.788519,0.948747
844,-0.787079,0.942857
845,-0.784716,0.934532
846,-0.781442,0.928000
847,-0.777683,0.922603
848,-0.773637,0.917863
849,-0.769380,0.913553
850,-0.764939,0.909568
851,-0.758251,0.905297
852,-0.747465,0.901709
853,-0.734934,0.899889
854,-0.721326,0.899652
855,-0.707088,0.900741
856,-0.692555,0.902965
857,-0.677974,0.906193
858,-0.663495,0.910346
859,-0.649216,0.915378
860,-0.635210,0.921254
861,-0.621539,0.927944
862,-0.608256,0.935422
863,-0.595409,0.943658
864,-0.583044,0.952622
865,-0.571204,0.962287
866,-0.559928,0.972617
867,-0.549314,0.983521
868,-0.539312,0.994968
869,-0.529968,1.007009
870,-0.521325,1.019577
871,-0.513408,1.032628
872,-0.506247,1.046117
873,-0.499863,1.059999
874,-0.494280,1.074231
875,-0.489516,1.088765
876,-0.485593,1.103533
877,-0.482526,1.118423
878,-0.480295,1.133370
879,-0.478897,1.148331
880,-0.478326,1.163262
881,-0.478576,1.178119
882,-0.479721,1.193070
883,-0.481270,1.207006
884,-0.483573,1.220772
885,-0.486618,1.234326
886,-0.490389,1.247630
887,-0.494868,1.260646
888,-0.497732,1.272525
889,-0.495017,1.282065
890,-0.490296,1.290386
891,-0.484702,1.296787
892,-0.478984,1.301292
893,-0.473313,1.304400
894,-0.467914,1.306739
895,-0.462795,1.308986
896,-0.457825,1.311457
897,-0.452996,1.314195
898,-0.448320,1.317200
899,-0.443811,1.320463
900,-0.439484,1.323977
901,-0.435353,1.327730
902,-0.431431,1.331712
903,-0.427731,1.335911
904,-0.424265,1.340315
905,-0.421045,1.344911
906,-0.418080,1.349685
907,-0.415381,1.354622
908,-0.412957,1.359710
909,-0.410816,1.364930
910,-0.409304,1.370113
911,-0.407740,1.375533
912,-0.406478,1.381037
913,-0.405521,1.386610
914,-0.404875,1.392235
915,-0.404542,1.397896
916,-0.404524,1.403573
917,-0.404821,1.409251
918,-0.405435,1.414910
919,-0.406363,1.420535
920,-0.407604,1.426106
921,-0.409155,1.431608
922,-0.411012,1.437021
923,-0.413170,1.442330
924,-0.415624,1.447518
925,-0.418365,1.452568
926,-0.421387,1.457464
927,-0.424681,1.462191
928,-0.428238,1.466733
929,-0.432047,1.471076
930,-0.436097,1.475205
931,-0.440377,1.479108
932,-0.444872,1.482771
933,-0.449571,1.486183
934,-0.454459,1.489332
935,-0.459521,1.492207
936,-0.464742,1.494800
937,-0.470106,1.497101
938,-0.475597,1.499102
939,-0.481198,1.500796
940,-0.486893,1.502177
941,-0.492662,1.503240
942,-0.498263,1.503685
943,-0.504112,1.504116
944,-0.509982,1.504221
945,-0.515857,1.503999
946,-0.521717,1.503449
947,-0.527545,1.502572
948,-0.533322,1.501370
949,-0.539030,1.499846
950,-0.544651,1.498003
951,-0.550168,1.495848
952,-0.555563,1.493384
953,-0.560819,1.490620
954,-0.565918,1.487564
955,-0.570845,1.484223
956,-0.575584,1.480609
957,-0.580120,1.476730
958,-0.584437,1.472600
959,-0.588522,1.468229
960,-0.592362,1.463632
961,-0.595943,1.458821
962,-0.599254,1.453812
963,-0.602284,1.448619
964,-0.605023,1.443259
965,-0.607460,1.437748
966,-0.609589,1.432102
967,-0.611402,1.426339
968,-0.612891,1.420477
969,-0.615947,1.421973
970,-0.614959,1.422452
971,-0.611491,1.420776
972,-0.607469,1.418827
973,-0.603289,1.417034
974,-0.599018,1.415458
975,-0.594675,1.414107
976,-0.590090,1.413312
977,-0.585661,1.412434
978,-0.581197,1.411789
979,-0.576713,1.411379
980,-0.572219,1.411204
981,-0.567729,1.411263
982,-0.563254,1.411556
983,-0.558807,1.412083
984,-0.554399,1.412839
985,-0.550043,1.413823
986,-0.545749,1.415032
987,-0.541529,1.416461
988,-0.537395,1.418107
989,-0.533358,1.419964
990,-0.529427,1.422027
991,-0.525614,1.424289
992,-0.521929,1.426744
993,-0.518380,1.429386
994,-0.514978,1.432206
995,-0.511732,1.435196
996,-0.508649,1.438349
997,-0.505737,1.441655
998,-0.503005,1.445104
999,-0.500459,1.448689
1000,-0.498107,1.452397
1001,-0.495952,1.456220
1002,-0.494002,1.460146
1003,-0.492261,1.464166
1004,-0.490734,1.468267
1005,-0.489424,1.472439
1006,-0.488334,1.476670
1007,-0.487467,1.480949
1008,-0.487184,1.485369
1009,-0.486774,1.489689
1010,-0.486590,1.494022
1011,-0.486632,1.498355
1012,-0.486901,1.502678
1013,-0.487394,1.506977
1014,-0.488111,1.511243
1015,-0.489049,1.515463
1016,-0.490205,1.519625
1017,-0.491576,1.523719
1018,-0.493158,1.527734
1019,-0.494947,1.531659
1020,-0.496938,1.535483
1021,-0.499124,1.539196
1022,-0.501501,1.542788
1023,-0.504060,1.546250
1024,-0.506797,1.549571
1025,-0.509701,1.552745
1026,-0.512767,1.555760
1027,-0.515985,1.558611
1028,-0.519347,1.561288
1029,-0.522843,1.563786
1030,-0.526463,1.566096
1031,-0.530199,1.568214
1032,-0.534040,1.570133
1033,-0.537975,1.571847
1034,-0.541993,1.573354
1035,-0.546085,1.574648
1036,-0.550237,1.575725
1037,-0.554441,1.576584
1038,-0.558683,1.577222
1039,-0.562952,1.577636
1040,-0.567237,1.577826
1041,-0.571526,1.577419
1042,-0.575786,1.577160
1043,-0.580028,1.576679
1044,-0.584238,1.575976
1045,-0.588406,1.575053
1046,-0.592521,1.573913
1047,-0.596570,1.572559
1048,-0.600543,1.570994
1049,-0.604429,1.569222
1050,-0.608218,1.567249
1051,-0.611898,1.565080
1052,-0.615460,1.562720
1053,-0.618894,1.560175
1054,-0.622191,1.557454
1055,-0.625340,1.554562
1056,-0.628335,1.551508
1057,-0.631166,1.548300
1058,-0.633825,1.544946
1059,-0.636305,1.541457
1060,-0.638598,1.537840
1061,-0.640700,1.534107
1062,-0.642603,1.530267
1063,-0.644301,1.526330
1064,-0.645791,1.522308
1065,-0.647068,1.518211
1066,-0.648128,1.514050
1067,-0.648968,1.509838
1068,-0.649585,1.505585
1069,-0.649977,1.501304
1070,-0.650143,1.497005
1071,-0.650082,1.492702
1072,-0.649795,1.488405
1073,-0.648922,1.484229
1074,-0.648189,1.480002
1075,-0.647233,1.475816
1076,-0.646058,1.471685
1077,-0.644664,1.467618
1078,-0.643057,1.463628
1079,-0.641241,1.459726
1080,-0.639219,1.455922
1081,-0.636998,1.452228
1082,-0.634583,1.448654
1083,-0.631981,1.445210
1084,-0.629198,1.441906
1085,-0.626242,1.438752
1086,-0.623120,1.435756
1087,-0.619843,1.432927
1088,-0.616417,1.430273
1089,-0.612852,1.427803
1090,-0.609159,1.425523
1091,-0.605347,1.423439
1092,-0.601426,1.421560
1093,-0.597408,1.419889
1094,-0.593303,1.418432
1095,-0.589123,1.417194
1096,-0.584880,1.416178
1097,-0.580584,1.415389
1098,-0.576249,1.414828
1099,-0.571886,1.414497
1100,-0.567507,1.414399
1101,-0.563125,1.414533
1102,-0.558751,1.414901
1103,-0.554400,1.415501
1104,-0.550082,1.416333
1105,-0.545993,1.417719
1106,-0.541797,1.418996
1107,-0.537672,1.420496
1108,-0.533627,1.422215
1109,-0.529676,1.424149
1110,-0.525829,1.426293
1111,-0.522098,1.428642
1112,-0.518493,1.431188
1113,-0.515026,1.433927
1114,-0.511705,1.436849
1115,-0.508542,1.439948
1116,-0.505545,1.443215
1117,-0.502723,1.446641
1118,-0.500085,1.450217
1119,-0.497639,1.453933
1120,-0.495392,1.457779
1121,-0.493351,1.461744
1122,-0.491523,1.465818
1123,-0.489914,1.469988
1124,-0.488528,1.474244
1125,-0.487370,1.478572
1126,-0.486444,1.482962
1127,-0.485754,1.487401
1128,-0.485302,1.491876
1129,-0.485090,1.496374
1130,-0.485119,1.500883
1131,-0.485390,1.505389
1132,-0.485902,1.509880
1133,-0.486656,1.514343
1134,-0.487649,1.518765
1135,-0.488880,1.523133
1136,-0.490345,1.527434
1137,-0.492041,1.531656
1138,-0.494210,1.535506
1139,-0.496337,1.539518
1140,-0.498680,1.543415
1141,-0.501232,1.547186
1142,-0.503987,1.550819
1143,-0.506937,1.554303
1144,-0.510075,1.557628
1145,-0.513391,1.560784
1146,-0.516877,1.563761
1147,-0.520523,1.566550
1148,-0.524319,1.569142
1149,-0.528254,1.571530
1150,-0.532318,1.573705
1151,-0.536500,1.575660
1152,-0.540786,1.577390
1153,-0.545166,1.578889
1154,-0.549626,1.580151
1155,-0.554154,1.581172
1156,-0.558738,1.581948
1157,-0.563363,1.582477
1158,-0.568016,1.582755
1159,-0.572685,1.582782
1160,-0.577354,1.582557
1161,-0.582012,1.582079
1162,-0.586643,1.581349
1163,-0.591235,1.580368
1164,-0.595774,1.579139
1165,-0.600246,1.577663
1166,-0.604638,1.575946
1167,-0.608937,1.573991
1168,-0.613130,1.571802
1169,-0.617204,1.569387
1170,-0.620818,1.566575
1171,-0.624609,1.563745
1172,-0.628246,1.560709
1173,-0.631718,1.557476
1174,-0.635014,1.554055
1175,-0.638125,1.550455
1176,-0.641041,1.546685
1177,-0.643752,1.542758
1178,-0.646249,1.538682
1179,-0.648526,1.534472
1180,-0.650573,1.530137
1181,-0.652384,1.525690
1182,-0.653954,1.521146
1183,-0.655277,1.516515
1184,-0.656348,1.511813
1185,-0.657163,1.507052
1186,-0.657718,1.502246
1187,-0.658013,1.497411
1188,-0.658043,1.492559
1189,-0.657810,1.487705
1190,-0.657311,1.482863
1191,-0.656736,1.478428
1192,-0.656107,1.476711
1193,-0.653689,1.474752
1194,-0.650309,1.472589
1195,-0.646597,1.470444
1196,-0.642748,1.468474
1197,-0.638799,1.466707
1198,-0.634764,1.465148
1199,-0.630656,1.463803
1200,-0.626485,1.462675
1201,-0.622263,1.461767
1202,-0.618001,1.461081
1203,-0.613655,1.460987
1204,-0.609369,1.460752
1205,-0.605077,1.460741
1206,-0.600793,1.460954
1207,-0.596527,1.461391
1208,-0.592292,1.462049
1209,-0.588097,1.462928
1210,-0.583956,1.464024
1211,-0.579879,1.465335
1212,-0.575877,1.466857
1213,-0.571960,1.468586
1214,-0.568141,1.470516
1215,-0.564428,1.472643
1216,-0.560832,1.474962
1217,-0.557362,1.477465
1218,-0.554029,1.480145
1219,-0.550841,1.482996
1220,-0.547807,1.486010
1221,-0.544935,1.489178
1222,-0.542232,1.492492
1223,-0.539707,1.495943
1224,-0.537367,1.499522
1225,-0.535216,1.503219
1226,-0.533262,1.507023
1227,-0.531511,1.510925
1228,-0.529966,1.514913
1229,-0.528632,1.518978
1230,-0.527512,1.523107
1231,-0.526611,1.527290
1232,-0.525930,1.531516
1233,-0.525472,1.535772
1234,-0.525238,1.540047
1235,-0.525600,1.544297
1236,-0.525813,1.548555
1237,-0.526249,1.552797
1238,-0.526908,1.557011
1239,-0.527787,1.561186
1240,-0.528885,1.565311
1241,-0.530198,1.569374
1242,-0.531724,1.573364
1243,-0.533458,1.577269
1244,-0.535395,1.581079
1245,-0.537532,1.584784
1246,-0.539861,1.588373
1247,-0.542377,1.591836
1248,-0.545073,1.595163
1249,-0.547941,1.598346
1250,-0.550975,1.601374
1251,-0.554166,1.604240
1252,-0.557505,1.606936
1253,-0.560984,1.609453
1254,-0.564592,1.611784
1255,-0.568321,1.613924
1256,-0.572160,1.615865
1257,-0.576098,1.617602
1258,-0.580125,1.619129
1259,-0.584229,1.620443
1260,-0.588400,1.621539
1261,-0.592626,1.622414
1262,-0.596895,1.623065
1263,-0.601196,1.623490
1264,-0.605517,1.623687
1265,-0.609845,1.623656
1266,-0.614169,1.623395
1267,-0.618356,1.622553
1268,-0.622615,1.621843
1269,-0.626834,1.620908
1270,-0.631001,1.619751
1271,-0.635104,1.618373
1272,-0.639131,1.616778
1273,-0.643073,1.614971
1274,-0.646916,1.612956
1275,-0.650650,1.610738
1276,-0.654265,1.608323
1277,-0.657750,1.605718
1278,-0.661095,1.602929
1279,-0.664290,1.599963
1280,-0.667327,1.596829
1281,-0.670195,1.593535
1282,-0.672887,1.590090
1283,-0.675395,1.586503
1284,-0.677711,1.582784
1285,-0.679828,1.578944
1286,-0.681740,1.574992
1287,-0.683441,1.570940
1288,-0.684926,1.566799
1289,-0.686189,1.562580
1290,-0.687228,1.558296
1291,-0.688037,1.553957
1292,-0.688615,1.549577
1293,-0.688959,1.545167
1294,-0.689068,1.540741
1295,-0.688941,1.536310
1296,-0.688577,1.531886
1297,-0.687977,1.527484
1298,-0.687142,1.523115
1299,-0.685758,1.518990
1300,-0.684471,1.514743
1301,-0.682958,1.510565
1302,-0.681221,1.506470
1303,-0.679266,1.502469
1304,-0.677098,1.498573
1305,-0.674721,1.494793
1306,-0.672142,1.491142
1307,-0.669369,1.487630
1308,-0.666408,1.484266
1309,-0.663267,1.481062
1310,-0.659955,1.478027
1311,-0.656481,1.475170
1312,-0.652854,1.472500
1313,-0.649084,1.470025
1314,-0.645182,1.467752
1315,-0.641159,1.465689
1316,-0.637026,1.463842
1317,-0.632793,1.462218
1318,-0.628475,1.460821
1319,-0.624081,1.459656
1320,-0.619626,1.458728
1321,-0.615121,1.458039
1322,-0.610579,1.457593
1323,-0.606014,1.457391
1324,-0.601438,1.457434
1325,-0.596865,1.457725
1326,-0.592308,1.458261
1327,-0.587780,1.459043
1328,-0.583295,1.460068
1329,-0.578865,1.461336
1330,-0.574504,1.462842
1331,-0.570224,1.464583
1332,-0.566331,1.466786
1333,-0.562265,1.468966
1334,-0.558318,1.471365
1335,-0.554500,1.473977
1336,-0.550823,1.476795
1337,-0.547298,1.479811
1338,-0.543936,1.483018
1339,-0.540748,1.486406
1340,-0.537743,1.489967
1341,-0.534931,1.493690
1342,-0.532319,1.497565
1343,-0.529918,1.501581
1344,-0.527734,1.505728
1345,-0.525774,1.509992
1346,-0.524045,1.514363
1347,-0.522553,1.518827
1348,-0.521303,1.523372
1349,-0.520298,1.527985
1350,-0.519544,1.532652
1351,-0.519043,1.537361
1352,-0.518798,1.542096
1353,-0.518809,1.546845
1354,-0.519078,1.551594
1355,-0.519604,1.556328
1356,-0.520388,1.561033
1357,-0.521427,1.565697
1358,-0.522719,1.570303
1359,-0.524262,1.574840
1360,-0.526051,1.579293
1361,-0.528082,1.583649
1362,-0.530351,1.587895
1363,-0.532850,1.592017
1364,-0.535729,1.595665
1365,-0.538649,1.599494
1366,-0.541777,1.603165
1367,-0.545104,1.606666
1368,-0.548623,1.609986
1369,-0.552322,1.613114
1370,-0.556192,1.616041
1371,-0.560222,1.618757
1372,-0.564399,1.621254
1373,-0.568713,1.623523
1374,-0.573151,1.625557
1375,-0.577701,1.627349
1376,-0.582348,1.628893
1377,-0.587079,1.630183
1378,-0.591882,1.631216
1379,-0.596740,1.631986
1380,-0.601642,1.632491
1381,-0.606571,1.632728
1382,-0.611513,1.632697
1383,-0.616453,1.632395
1384,-0.621378,1.631823
1385,-0.626271,1.630982
1386,-0.631119,1.629873
1387,-0.635906,1.628499
1388,-0.640618,1.626863
1389,-0.645241,1.624970
1390,-0.649761,1.622823
1391,-0.654163,1.620429
1392,-0.658435,1.617793
1393,-0.662562,1.614924
1394,-0.666532,1.611829
1395,-0.670333,1.608515
1396,-0.673587,1.604921
1397,-0.677009,1.601224
1398,-0.680230,1.597339
1399,-0.683237,1.593278
1400,-0.686022,1.589052
1401,-0.688575,1.584673
1402,-0.690888,1.580153
1403,-0.692954,1.575507
1404,-0.694764,1.570747
1405,-0.696313,1.565887
1406,-0.697595,1.560943
1407,-0.698606,1.555927
1408,-0.699341,1.550856
1409,-0.699798,1.545745
1410,-0.699974,1.540608
1411,-0.699868,1.535461
1412,-0.699479,1.530320
1413,-0.698807,1.525201
1414,-0.697853,1.520118
1415,-0.696620,1.515087
1416,-0.695111,1.510125
1417,-0.693328,1.505245
1418,-0.691276,1.500463
1419,-0.688962,1.495794
1420,-0.686390,1.491253
1421,-0.683568,1.486853
1422,-0.680504,1.482608
1423,-0.677206,1.478533
1424,-0.673684,1.474639
1425,-0.669947,1.470939
1426,-0.666006,1.467445
1427,-0.661872,1.464168
1428,-0.657558,1.461119
1429,-0.653129,1.458677
1430,-0.648515,1.456109
1431,-0.643760,1.453796
1432,-0.638877,1.451744
1433,-0.633881,1.449963
1434,-0.628787,1.448457
1435,-0.623610,1.447232
1436,-0.618366,1.446293
1437,-0.613070,1.445643
1438,-0.607737,1.445286
1439,-0.602386,1.445224
1440,-0.597031,1.445457
1441,-0.591689,1.445986
1442,-0.586377,1.446810
1443,-0.581110,1.447928
1444,-0.575905,1.449337
1445,-0.570778,1.451034
1446,-0.565746,1.453014
1447,-0.560823,1.455272
1448,-0.556025,1.457803
1449,-0.551368,1.460598
1450,-0.546865,1.463652
1451,-0.542532,1.466954
1452,-0.538381,1.470496
1453,-0.534427,1.474268
1454,-0.530683,1.478258
1455,-0.527159,1.482455
1456,-0.523868,1.486847
1457,-0.520820,1.491421
1458,-0.518027,1.496164
1459,-0.515496,1.501061
1460,-0.513236,1.506098
1461,-0.511601,1.511118
1462,-0.509898,1.516367
1463,-0.508485,1.521710
1464,-0.507369,1.527130
1465,-0.506553,1.532612
1466,-0.506042,1.538138
1467,-0.505836,1.543693
1468,-0.505940,1.549258
1469,-0.506351,1.554817
1470,-0.507072,1.560352
1471,-0.508099,1.565847
1472,-0.509431,1.571284
1473,-0.511065,1.576647
1474,-0.512997,1.581918
1475,-0.515221,1.587082
1476,-0.517732,1.592121
1477,-0.520522,1.597020
1478,-0.523584,1.601764
1479,-0.526909,1.606337
1480,-0.530487,1.610724
1481,-0.534309,1.614912
1482,-0.538364,1.618887
1483,-0.542638,1.622636
1484,-0.547121,1.626147
1485,-0.551798,1.629408
1486,-0.556655,1.632409
1487,-0.561679,1.635139
1488,-0.566854,1.637589
1489,-0.572164,1.639750
1490,-0.577594,1.641616
1491,-0.583126,1.643180
1492,-0.588745,1.644435
1493,-0.594213,1.645077
1494,-0.599933,1.645717
1495,-0.605686,1.646040
1496,-0.611457,1.646042
1497,-0.617227,1.645723
1498,-0.622978,1.645083
1499,-0.628692,1.644123
1500,-0.634352,1.642844
1501,-0.639939,1.641251
1502,-0.645437,1.639346
1503,-0.650827,1.637136
1504,-0.656093,1.634626
1505,-0.661218,1.631822
1506,-0.666186,1.628734
1507,-0.670980,1.625369
1508,-0.675586,1.621738
1509,-0.679988,1.617851
1510,-0.684173,1.613719
1511,-0.688126,1.609355
1512,-0.691835,1.604772
1513,-0.695287,1.599982
1514,-0.698472,1.595001
1515,-0.701378,1.589844
1516,-0.703995,1.584525
1517,-0.706315,1.579062
1518,-0.708329,1.573471
1519,-0.710031,1.567769
1520,-0.711414,1.561973
1521,-0.712473,1.556102
1522,-0.713204,1.550173
1523,-0.713604,1.544205
1524,-0.713670,1.538216
1525,-0.713162,1.532509
1526,-0.712578,1.526550
1527,-0.711663,1.520625
1528,-0.710417,1.514753
1529,-0.708843,1.508953
1530,-0.706946,1.503242
1531,-0.704730,1.497639
1532,-0.702202,1.492161
1533,-0.699368,1.486826
1534,-0.696237,1.481651
1535,-0.692818,1.476653
1536,-0.689120,1.471847
1537,-0.685154,1.467249
1538,-0.680933,1.462875
1539,-0.676468,1.458738
1540,-0.671774,1.454852
1541,-0.666864,1.451230
1542,-0.661752,1.447884
1543,-0.656455,1.444824
1544,-0.650989,1.442063
1545,-0.645370,1.439608
1546,-0.639615,1.437468
1547,-0.633743,1.435650
1548,-0.627770,1.434163
1549,-0.621717,1.433010
1550,-0.615601,1.432196
1551,-0.609442,1.431724
1552,-0.603259,1.431598
1553,-0.597070,1.431818
1554,-0.590896,1.432385
1555,-0.584757,1.433297
1556,-0.578670,1.434552
1557,-0.572989,1.436316
1558,-0.567077,1.438227
1559,-0.561274,1.440466
1560,-0.555599,1.443029
1561,-0.550070,1.445910
1562,-0.544705,1.449098
1563,-0.539520,1.452587
1564,-0.534532,1.456364
1565,-0.529758,1.460420
1566,-0.525214,1.464741
1567,-0.520913,1.469316
1568,-0.516871,1.474130
1569,-0.513100,1.479169
1570,-0.509613,1.484416
1571,-0.506422,1.489858
1572,-0.503537,1.495476
1573,-0.500968,1.501253
1574,-0.498725,1.507172
1575,-0.496814,1.513215
1576,-0.495243,1.519362
1577,-0.494018,1.525594
1578,-0.493143,1.531893
1579,-0.492621,1.538238
1580,-0.492456,1.544609
1581,-0.492648,1.550987
1582,-0.493199,1.557351
1583,-0.494106,1.563682
1584,-0.495368,1.569959
1585,-0.496981,1.576162
1586,-0.498942,1.582272
1587,-0.501246,1.588269
1588,-0.503884,1.594134
1589,-0.506851,1.599848
1590,-0.510185,1.605023
1591,-0.513756,1.610378
1592,-0.517625,1.615530
1593,-0.521781,1.620463
1594,-0.526213,1.625160
1595,-0.530906,1.629606
1596,-0.535846,1.633786
1597,-0.541019,1.637686
1598,-0.546409,1.641294
1599,-0.551998,1.644598
1600,-0.557771,1.647585
1601,-0.563708,1.650247
1602,-0.569793,1.652574
1603,-0.576004,1.654558
1604,-0.582325,1.656192
1605,-0.588733,1.657470
1606,-0.595211,1.658387
1607,-0.601736,1.658940
1608,-0.608290,1.659125
1609,-0.614850,1.658942
1610,-0.621396,1.658390
1611,-0.627909,1.657471
1612,-0.634366,1.656185
1613,-0.640747,1.654538
1614,-0.647032,1.652532
1615,-0.653201,1.650174
1616,-0.659235,1.647471
1617,-0.665112,1.644429
1618,-0.670816,1.641059
1619,-0.676327,1.637370
1620,-0.681627,1.633372
1621,-0.686700,1.629079
1622,-0.691158,1.624545
1623,-0.695730,1.619725
1624,-0.700028,1.614651
1625,-0.704039,1.609339
1626,-0.707748,1.603803
1627,-0.711144,1.598063
1628,-0.714215,1.592134
1629,-0.716950,1.586036
1630,-0.719341,1.579787
1631,-0.721378,1.573408
1632,-0.723056,1.566918
1633,-0.724367,1.560336
1634,-0.725306,1.553686
1635,-0.725871,1.546986
1636,-0.726058,1.540258
1637,-0.725867,1.533523
1638,-0.725296,1.526804
1639,-0.724347,1.520120
1640,-0.723022,1.513494
1641,-0.721326,1.506947
1642,-0.719261,1.500499
1643,-0.716834,1.494172
1644,-0.714053,1.487985
1645,-0.710925,1.481958
1646,-0.707459,1.476111
1647,-0.703666,1.470463
1648,-0.699558,1.465033
1649,-0.695146,1.459837
1650,-0.690444,1.454893
1651,-0.685466,1.450217
1652,-0.680228,1.445825
1653,-0.674746,1.441730
1654,-0.669164,1.438298
1655,-0.663268,1.434829
1656,-0.657182,1.431695
1657,-0.650924,1.428905
1658,-0.645995,1.428579
1659,-0.643267,1.431948
1660,-0.640648,1.435511
1661,-0.638211,1.439210
1662,-0.635973,1.443028
1663,-0.633938,1.446953
1664,-0.632114,1.450974
1665,-0.630503,1.455080
1666,-0.629110,1.459260
1667,-0.627938,1.463501
1668,-0.626989,1.467794
1669,-0.626267,1.472125
1670,-0.625772,1.476484
1671,-0.625505,1.480858
1672,-0.625466,1.485236
1673,-0.625656,1.489606
1674,-0.626073,1.493956
1675,-0.626715,1.498275
1676,-0.627581,1.502550
1677,-0.628667,1.506771
1678,-0.629972,1.510925
1679,-0.631489,1.515003
1680,-0.633216,1.518993
1681,-0.635148,1.522885
1682,-0.637278,1.526668
1683,-0.639600,1.530332
1684,-0.642109,1.533867
1685,-0.644797,1.537265
1686,-0.647657,1.540515
1687,-0.650979,1.543386
1688,-0.654146,1.546302
1689,-0.657459,1.549047
1690,-0.660908,1.551615
1691,-0.664485,1.553997
1692,-0.668180,1.556189
1693,-0.671982,1.558184
1694,-0.675881,1.559977
1695,-0.679866,1.561563
1696,-0.683927,1.562938
1697,-0.688053,1.564100
1698,-0.692232,1.565044
1699,-0.696454,1.565768
1700,-0.700706,1.566271
1701,-0.704977,1.566550
1702,-0.709256,1.566607
1703,-0.713531,1.566440
1704,-0.717791,1.566049
1705,-0.722023,1.565437
1706,-0.726217,1.564605
1707,-0.730361,1.563555
1708,-0.734443,1.562290
1709,-0.738454,1.560813
1710,-0.742381,1.559128
1711,-0.746215,1.557241
1712,-0.749944,1.555156
1713,-0.753560,1.552879
1714,-0.757051,1.550415
1715,-0.760408,1.547772
1716,-0.763623,1.544957
1717,-0.766685,1.541978
1718,-0.769588,1.538842
1719,-0.772024,1.535334
1720,-0.774572,1.531928
1721,-0.776938,1.528392
1722,-0.779115,1.524736
1723,-0.781099,1.520970
1724,-0.782883,1.517105
1725,-0.784462,1.513151
1726,-0.785832,1.509119
1727,-0.786989,1.505019
1728,-0.787929,1.500863
1729,-0.788651,1.496662
1730,-0.789151,1.492428
1731,-0.789428,1.488172
1732,-0.789481,1.483906
1733,-0.789310,1.479641
1734,-0.788915,1.475390
1735,-0.788297,1.471163
1736,-0.787458,1.466973
1737,-0.786399,1.462831
1738,-0.785122,1.458748
1739,-0.783633,1.454737
1740,-0.781933,1.450807
1741,-0.780028,1.446970
1742,-0.777923,1.443237
1743,-0.775622,1.439618
1744,-0.773133,1.436123
1745,-0.770461,1.432762
1746,-0.767615,1.429544
1747,-0.764601,1.426479
1748,-0.761427,1.423575
1749,-0.758103,1.420841
1750,-0.754637,1.418285
1751,-0.750892,1.416256
1752,-0.747190,1.414084
1753,-0.743376,1.412109
1754,-0.739460,1.410336
1755,-0.735453,1.408772
1756,-0.731366,1.407420
1757,-0.727210,1.406285
1758,-0.722996,1.405371
1759,-0.718736,1.404680
1760,-0.715217,1.405201
1761,-0.712045,1.408565
1762,-0.708459,1.412214
1763,-0.705003,1.416058
1764,-0.701754,1.420072
1765,-0.698728,1.424241
1766,-0.695933,1.428553
1767,-0.693377,1.432994
1768,-0.691064,1.437551
1769,-0.689000,1.442212
1770,-0.687190,1.446962
1771,-0.685636,1.451789
1772,-0.684341,1.456678
1773,-0.683309,1.461616
1774,-0.682540,1.466589
1775,-0.682035,1.471582
1776,-0.681794,1.476583
1777,-0.681817,1.481577
1778,-0.682101,1.486551
1779,-0.682645,1.491490
1780,-0.683446,1.496383
1781,-0.684501,1.501214
1782,-0.685804,1.505972
1783,-0.687720,1.510706
1784,-0.689510,1.515260
1785,-0.691532,1.519705
1786,-0.693779,1.524028
1787,-0.696245,1.528218
1788,-0.698920,1.532263
1789,-0.701798,1.536153
1790,-0.704868,1.539878
1791,-0.708122,1.543429
1792,-0.711551,1.546797
1793,-0.715143,1.549974
1794,-0.718888,1.552952
1795,-0.722776,1.555724
1796,-0.726796,1.558282
1797,-0.730935,1.560621
1798,-0.735181,1.562736
1799,-0.739524,1.564622
