0,-0.064224,0.118046
1,-0.064224,0.118046
2,-0.053520,0.124004
3,-0.039382,0.133433
4,-0.025834,0.143697
5,-0.012891,0.154716
6,-0.000597,0.166453
7,0.011010,0.178870
8,0.021892,0.191928
9,0.032013,0.205583
10,0.034820,0.209415
11,0.034820,0.209415
12,0.032971,0.221525
13,0.029066,0.238064
14,0.024174,0.254343
15,0.018363,0.270316
16,0.011653,0.285933
17,0.004066,0.301143
18,-0.004375,0.315897
19,-0.013642,0.330146
20,-0.023704,0.343845
21,-0.034529,0.356950
22,-0.046083,0.369417
23,-0.058327,0.381207
24,-0.071222,0.392281
25,-0.084726,0.402603
26,-0.098796,0.412141
27,-0.113385,0.420862
28,-0.128447,0.428739
29,-0.143933,0.435747
30,-0.159792,0.441862
31,-0.175974,0.447065
32,-0.192425,0.451339
33,-0.197030,0.452507
34,-0.197030,0.452507
35,-0.197030,0.452507
36,-0.204502,0.442800
37,-0.213756,0.428547
38,-0.222137,0.413759
39,-0.224456,0.409614
40,-0.224456,0.409614
41,-0.224456,0.409614
42,-0.224456,0.409614
43,-0.224456,0.409614
44,-0.224456,0.409614
45,-0.212504,0.412298
46,-0.196275,0.417340
47,-0.180375,0.423349
48,-0.164843,0.430254
49,-0.149729,0.438030
50,-0.135082,0.446654
51,-0.120949,0.456098
52,-0.107376,0.466330
53,-0.094408,0.477318
54,-0.082086,0.489026
55,-0.078661,0.492318
56,-0.078661,0.492318
57,-0.078661,0.492318
58,-0.082952,0.503791
59,-0.090163,0.519180
60,-0.098287,0.534110
61,-0.107248,0.548554
62,-0.117016,0.562464
63,-0.127559,0.575796
64,-0.138844,0.588507
65,-0.150834,0.600556
66,-0.163490,0.611902
67,-0.176771,0.622510
68,-0.190634,0.632345
69,-0.205034,0.641376
70,-0.219925,0.649573
71,-0.235258,0.656909
72,-0.250983,0.663361
73,-0.267050,0.668908
74,-0.283407,0.673531
75,-0.287985,0.674797
76,-0.287985,0.674797
77,-0.287985,0.674797
78,-0.295663,0.665252
79,-0.305218,0.651199
80,-0.313913,0.636594
81,-0.321763,0.621518
82,-0.328743,0.606019
83,-0.334829,0.590149
84,-0.340003,0.573958
85,-0.344247,0.557499
86,-0.347548,0.540825
87,-0.349895,0.523990
88,-0.351280,0.507049
89,-0.351640,0.502313
90,-0.351640,0.502313
91,-0.351640,0.502313
92,-0.351640,0.502313
93,-0.351640,0.502313
94,-0.339852,0.505645
95,-0.323922,0.511565
96,-0.308374,0.518432
97,-0.293242,0.526174
98,-0.278574,0.534763
99,-0.264419,0.544173
100,-0.260479,0.546826
101,-0.260479,0.546826
102,-0.260479,0.546826
103,-0.262729,0.558867
104,-0.267181,0.575267
105,-0.272612,0.591374
106,-0.278951,0.607146
107,-0.286176,0.622531
108,-0.294265,0.637480
109,-0.303192,0.651945
110,-0.312927,0.665878
111,-0.323439,0.679236
112,-0.334694,0.691973
113,-0.346656,0.704049
114,-0.359285,0.715425
115,-0.372541,0.726065
116,-0.386381,0.735933
117,-0.400760,0.744997
118,-0.415631,0.753229
119,-0.430947,0.760601
120,-0.446657,0.767090
121,-0.451057,0.768878
122,-0.451057,0.768878
123,-0.451057,0.768878
124,-0.451057,0.768878
125,-0.455986,0.757663
126,-0.461555,0.741608
127,-0.466149,0.725243
128,-0.469804,0.708643
129,-0.472510,0.691862
130,-0.474256,0.674955
131,-0.474717,0.670227
132,-0.474717,0.670227
133,-0.474717,0.670227
134,-0.474717,0.670227
135,-0.474717,0.670227
136,-0.462860,0.673307
137,-0.446808,0.678886
138,-0.431117,0.685420
139,-0.426742,0.687271
140,-0.426742,0.687271
141,-0.426742,0.687271
142,-0.426653,0.699521
143,-0.427892,0.716470
144,-0.430148,0.733317
145,-0.433358,0.750009
146,-0.437087,0.763586
147,-0.439305,0.765643
148,-0.441707,0.767885
149,-0.444324,0.770294
150,-0.447181,0.772853
151,-0.450305,0.775539
152,-0.453718,0.778330
153,-0.455426,0.785319
154,-0.456161,0.794670
155,-0.458558,0.802161
156,-0.461974,0.808531
157,-0.465782,0.814660
158,-0.469947,0.820564
159,-0.474454,0.826228
160,-0.479291,0.831630
161,-0.484440,0.836754
162,-0.489887,0.841579
163,-0.495614,0.846090
164,-0.501602,0.850269
165,-0.507832,0.854102
166,-0.514285,0.857575
167,-0.520939,0.860674
168,-0.518986,0.860507
169,-0.512739,0.859818
170,-0.506731,0.863054
171,-0.501474,0.867990
172,-0.496605,0.873344
173,-0.491639,0.878964
174,-0.479688,0.885914
175,-0.466836,0.893655
176,-0.454378,0.902065
177,-0.442413,0.911167
178,-0.430984,0.920936
179,-0.420130,0.931343
180,-0.409887,0.942351
181,-0.400288,0.953927
182,-0.391364,0.966032
183,-0.383145,0.978627
184,-0.375656,0.991672
185,-0.368923,1.005124
186,-0.362968,1.018939
187,-0.357809,1.033073
188,-0.353649,1.047060
189,-0.350143,1.061675
190,-0.347446,1.076477
191,-0.345594,1.091410
192,-0.344597,1.106426
193,-0.344457,1.121476
194,-0.345176,1.136510
195,-0.346751,1.151480
196,-0.349178,1.166336
197,-0.352448,1.181031
198,-0.356551,1.195517
199,-0.361474,1.209746
200,-0.367201,1.223673
201,-0.373714,1.237252
202,-0.380991,1.250437
203,-0.389008,1.263187
204,-0.397740,1.275460
205,-0.407159,1.287216
206,-0.417234,1.298416
207,-0.428034,1.308864
208,-0.439306,1.318840
209,-0.451127,1.328165
210,-0.463461,1.336802
211,-0.475901,1.344426
212,-0.489129,1.351605
213,-0.502745,1.358037
214,-0.516706,1.363684
215,-0.530968,1.368526
216,-0.545484,1.372548
217,-0.560206,1.375734
218,-0.575086,1.378076
219,-0.590077,1.379566
220,-0.605068,1.380011
221,-0.620117,1.379781
222,-0.635134,1.378708
223,-0.650067,1.376782
224,-0.664867,1.374007
225,-0.679486,1.370393
226,-0.693876,1.365951
227,-0.707991,1.360694
228,-0.721784,1.354641
229,-0.735210,1.347810
230,-0.748225,1.340225
231,-0.760788,1.331908
232,-0.772857,1.322888
233,-0.784088,1.313403
234,-0.794783,1.303001
235,-0.805136,1.292078
236,-0.814873,1.280594
237,-0.823942,1.268574
238,-0.832311,1.256057
239,-0.839954,1.243080
240,-0.846844,1.229688
241,-0.852960,1.215924
242,-0.854743,1.204785
243,-0.856325,1.193022
244,-0.859329,1.178667
245,-0.857974,1.167245
246,-0.856187,1.154248
247,-0.854055,1.139960
248,-0.851255,1.124539
249,-0.847383,1.107615
250,-0.844444,1.091954
251,-0.842046,1.077047
252,-0.838983,1.062731
253,-0.835059,1.048133
254,-0.829647,1.034435
255,-0.821790,1.022653
256,-0.813561,1.010741
257,-0.804179,0.999280
258,-0.793395,0.987914
259,-0.780972,0.975789
260,-0.767642,0.964110
261,-0.753658,0.953209
262,-0.739089,0.943170
263,-0.725739,0.933545
264,-0.713578,0.924215
265,-0.699099,0.916183
266,-0.686084,0.908280
267,-0.672486,0.903750
268,-0.658537,0.900564
269,-0.644499,0.898210
270,-0.630422,0.896685
271,-0.616354,0.895985
272,-0.602343,0.896102
273,-0.588434,0.897029
274,-0.574673,0.898754
275,-0.561479,0.901269
276,-0.547116,0.903017
277,-0.531931,0.904098
278,-0.516806,0.905931
279,-0.501805,0.908609
280,-0.486980,0.912137
281,-0.472380,0.916505
282,-0.458051,0.921699
283,-0.444040,0.927702
284,-0.430394,0.934494
285,-0.417157,0.942055
286,-0.404372,0.950358
287,-0.392080,0.959378
288,-0.380321,0.969085
289,-0.369135,0.979447
290,-0.358557,0.990431
291,-0.348623,1.002001
292,-0.339363,1.014120
293,-0.330808,1.026748
294,-0.322988,1.039845
295,-0.315926,1.053367
296,-0.309647,1.067270
297,-0.304170,1.081510
298,-0.299515,1.096040
299,-0.295799,1.110817
300,-0.292809,1.125767
301,-0.290680,1.140863
302,-0.289415,1.156057
303,-0.289019,1.171299
304,-0.289493,1.186541
305,-0.290836,1.201731
306,-0.293043,1.216822
307,-0.296061,1.231329
308,-0.299974,1.246022
309,-0.304701,1.260522
310,-0.310244,1.274732
311,-0.316589,1.288604
312,-0.323714,1.302093
313,-0.331598,1.315155
314,-0.340215,1.327747
315,-0.349536,1.339827
316,-0.359532,1.351357
317,-0.370234,1.362211
318,-0.381453,1.372548
319,-0.393245,1.382215
320,-0.405570,1.391192
321,-0.418389,1.399453
322,-0.431658,1.406969
323,-0.445336,1.413717
324,-0.459377,1.419675
325,-0.473736,1.424822
326,-0.488367,1.429143
327,-0.503221,1.432622
328,-0.518251,1.435249
329,-0.532980,1.436922
330,-0.548166,1.437804
331,-0.563424,1.437850
332,-0.578661,1.437031
333,-0.593828,1.435345
334,-0.608875,1.432796
335,-0.623707,1.429292
336,-0.638376,1.425082
337,-0.652765,1.420030
338,-0.666842,1.414165
339,-0.680562,1.407505
340,-0.693882,1.400073
341,-0.706757,1.391893
342,-0.719145,1.382992
343,-0.730829,1.375582
344,-0.740953,1.373927
345,-0.750532,1.373397
346,-0.759904,1.372505
347,-0.769132,1.371161
348,-0.773234,1.368774
349,-0.772196,1.366349
350,-0.772456,1.365088
351,-0.774562,1.364733
352,-0.774242,1.362543
353,-0.771917,1.359825
354,-0.769173,1.357208
355,-0.766240,1.354777
356,-0.763161,1.352546
357,-0.759955,1.350527
358,-0.756637,1.348725
359,-0.753220,1.347147
360,-0.749719,1.345798
361,-0.746150,1.344683
362,-0.742527,1.343804
363,-0.738866,1.343163
364,-0.735183,1.342763
365,-0.731492,1.342603
366,-0.727809,1.342683
367,-0.724149,1.343002
368,-0.720528,1.343556
369,-0.716960,1.344342
370,-0.713460,1.345356
371,-0.710042,1.346593
372,-0.706721,1.348046
373,-0.703508,1.349708
374,-0.700419,1.351572
375,-0.697464,1.353628
376,-0.694655,1.355867
377,-0.692005,1.358280
378,-0.689522,1.360855
379,-0.687218,1.363582
380,-0.685100,1.366447
381,-0.683178,1.369439
382,-0.681458,1.372544
383,-0.679948,1.375749
384,-0.678652,1.379041
385,-0.677576,1.382405
386,-0.677095,1.385835
387,-0.676468,1.389279
388,-0.676069,1.392752
389,-0.675897,1.396238
390,-0.675954,1.399725
391,-0.676239,1.403196
392,-0.676749,1.406637
393,-0.677483,1.410034
394,-0.678436,1.413373
395,-0.679605,1.416639
396,-0.680984,1.419819
397,-0.682567,1.422901
398,-0.684346,1.425870
399,-0.686315,1.428715
400,-0.688465,1.431424
401,-0.690786,1.433985
402,-0.693269,1.436388
403,-0.695903,1.438624
404,-0.698676,1.440682
405,-0.701578,1.442554
406,-0.704595,1.444233
407,-0.707716,1.445711
408,-0.710927,1.446983
409,-0.714214,1.448042
410,-0.717564,1.448885
411,-0.720963,1.449508
412,-0.724397,1.449908
413,-0.727850,1.450084
414,-0.731310,1.450034
415,-0.734761,1.449760
416,-0.738189,1.449261
417,-0.741579,1.448539
418,-0.744826,1.447237
419,-0.748079,1.446085
420,-0.751253,1.444724
421,-0.754336,1.443157
422,-0.757313,1.441392
423,-0.760172,1.439435
424,-0.762902,1.437294
425,-0.765490,1.434978
426,-0.767926,1.432496
427,-0.773088,1.433455
428,-0.784177,1.439954
429,-0.795663,1.445650
430,-0.807405,1.450639
431,-0.819361,1.454915
432,-0.831485,1.458471
433,-0.843737,1.461301
434,-0.856073,1.463402
435,-0.868451,1.464775
436,-0.880827,1.465421
437,-0.893161,1.465346
438,-0.905410,1.464555
439,-0.917534,1.463060
440,-0.929492,1.460870
441,-0.941247,1.458002
442,-0.952758,1.454469
443,-0.963990,1.450292
444,-0.974907,1.445490
445,-0.985475,1.440085
446,-0.995661,1.434102
447,-1.005434,1.427565
448,-1.014764,1.420504
449,-1.023623,1.412946
450,-1.031987,1.404922
451,-1.039520,1.396671
452,-1.046839,1.387840
453,-1.053599,1.378641
454,-1.059781,1.369108
455,-1.065368,1.359278
456,-1.070349,1.349186
457,-1.075499,1.339104
458,-1.079816,1.330924
459,-1.085729,1.328985
460,-1.092363,1.327938
461,-1.099329,1.326776
462,-1.106381,1.325282
463,-1.113400,1.323405
464,-1.120326,1.321136
465,-1.127120,1.318477
466,-1.133756,1.315435
467,-1.140208,1.312018
468,-1.146455,1.308239
469,-1.152477,1.304109
470,-1.158252,1.299643
471,-1.163764,1.294854
472,-1.168992,1.289758
473,-1.173922,1.284371
474,-1.178535,1.278712
475,-1.182818,1.272799
476,-1.186756,1.266650
477,-1.190337,1.260287
478,-1.193549,1.253730
479,-1.196381,1.247000
480,-1.198824,1.240119
481,-1.200870,1.233110
482,-1.202628,1.226350
483,-1.203990,1.219371
484,-1.204817,1.212151
485,-1.205234,1.204872
486,-1.205238,1.197574
487,-1.204826,1.190284
488,-1.204000,1.183028
489,-1.202761,1.175832
490,-1.201112,1.168717
491,-1.199061,1.161708
492,-1.196585,1.154986
493,-1.193753,1.148231
494,-1.190573,1.141632
495,-1.187022,1.135254
496,-1.183113,1.129100
497,-1.178859,1.123183
498,-1.174274,1.117520
499,-1.169373,1.112129
500,-1.164173,1.107027
501,-1.158690,1.102230
502,-1.152943,1.097754
503,-1.147489,1.093595
504,-1.141348,1.089801
505,-1.134940,1.086368
506,-1.128338,1.083299
507,-1.121568,1.080609
508,-1.114654,1.078308
509,-1.107620,1.076406
510,-1.100487,1.074908
511,-1.093282,1.073819
512,-1.086026,1.073144
513,-1.078743,1.072885
514,-1.071458,1.073041
515,-1.064323,1.073678
516,-1.057055,1.074613
517,-1.049890,1.075972
518,-1.042829,1.077741
519,-1.035886,1.079912
520,-1.029081,1.082476
521,-1.022517,1.085237
522,-1.017230,1.085617
523,-1.012130,1.085545
524,-1.007056,1.085594
525,-1.001701,1.086146
526,-0.996186,1.087104
527,-0.990557,1.089246
528,-0.985057,1.092865
529,-0.979867,1.097324
530,-0.975023,1.102290
531,-0.969668,1.106309
532,-0.963696,1.109409
533,-0.957736,1.112528
534,-0.951874,1.115641
535,-0.946141,1.118640
536,-0.943863,1.118324
537,-0.944332,1.114773
538,-0.944222,1.115371
539,-0.945326,1.123377
540,-0.948442,1.130357
541,-0.951986,1.137368
542,-0.955415,1.144460
543,-0.959642,1.151788
544,-0.963961,1.159105
545,-0.968419,1.166661
546,-0.973040,1.174636
547,-0.977873,1.183192
548,-0.982999,1.192422
549,-0.988119,1.196276
550,-0.992211,1.195192
551,-0.996741,1.197270
552,-1.004470,1.200632
553,-1.015547,1.204191
554,-1.019874,1.207129
555,-1.020573,1.208367
556,-1.021532,1.208600
557,-1.024673,1.209667
558,-1.024760,1.209693
559,-1.024765,1.209713
560,-1.024765,1.209713
561,-1.024765,1.209713
562,-1.024765,1.209713
563,-1.034924,1.205878
564,-1.048397,1.201560
565,-1.062274,1.194511
566,-1.075753,1.187085
567,-1.088701,1.179667
568,-1.101235,1.171007
569,-1.112362,1.162019
570,-1.122524,1.155642
571,-1.130835,1.149510
572,-1.132210,1.148263
573,-1.132210,1.148263
574,-1.128162,1.144542
575,-1.121095,1.135219
576,-1.115116,1.126335
577,-1.107836,1.113065
578,-1.100600,1.097751
579,-1.098571,1.093456
580,-1.098571,1.093456
581,-1.087046,1.089304
582,-1.070648,1.084845
583,-1.054007,1.081378
584,-1.037197,1.078864
585,-1.020270,1.077310
586,-1.003283,1.076722
587,-0.986290,1.077102
588,-0.969346,1.078447
589,-0.952506,1.080755
590,-0.935824,1.084017
591,-0.919355,1.088223
592,-0.903152,1.093358
593,-0.898632,1.094819
594,-0.898632,1.094819
595,-0.898632,1.094819
596,-0.898632,1.094819
597,-0.898632,1.094819
598,-0.898632,1.094819
599,-0.900004,1.094498
600,-0.900038,1.094487
601,-0.900038,1.094487
602,-0.910070,1.087456
603,-0.923160,1.076619
604,-0.926817,1.077686
605,-0.923928,1.079171
606,-0.920331,1.080113
607,-0.916916,1.080898
608,-0.913707,1.081535
609,-0.910680,1.082006
610,-0.907805,1.082295
611,-0.907677,1.083234
612,-0.906547,1.083538
613,-0.904779,1.082714
614,-0.902674,1.081276
615,-0.900313,1.079517
616,-0.897727,1.077539
617,-0.894948,1.075354
618,-0.891995,1.072968
619,-0.888844,1.070395
620,-0.885466,1.067651
621,-0.881832,1.064756
622,-0.877914,1.061731
623,-0.873686,1.058601
624,-0.869124,1.055395
625,-0.864206,1.052141
626,-0.858913,1.048872
627,-0.853229,1.045621
628,-0.847583,1.042520
629,-0.847614,1.042847
630,-0.849696,1.046230
631,-0.853377,1.049982
632,-0.857415,1.054868
633,-0.860898,1.060247
634,-0.864325,1.065270
635,-0.864041,1.067511
636,-0.861840,1.068986
637,-0.859049,1.070639
638,-0.855979,1.072406
639,-0.852658,1.074261
640,-0.849090,1.076232
641,-0.845278,1.078354
642,-0.841231,1.080660
643,-0.836959,1.083184
644,-0.832475,1.085960
645,-0.827797,1.089020
646,-0.822944,1.092395
647,-0.817939,1.096115
648,-0.812807,1.100208
649,-0.807578,1.104700
650,-0.802281,1.109616
651,-0.796951,1.114976
652,-0.791622,1.120801
653,-0.786333,1.127106
654,-0.781123,1.133905
655,-0.776033,1.141209
656,-0.770832,1.149278
657,-0.766122,1.157622
658,-0.761661,1.166478
659,-0.757497,1.175846
660,-0.753676,1.185720
661,-0.750244,1.196089
662,-0.747248,1.206938
663,-0.744731,1.218249
664,-0.742741,1.230000
665,-0.741319,1.242165
666,-0.740508,1.254713
667,-0.740349,1.267611
668,-0.740881,1.280821
669,-0.742139,1.294302
670,-0.744157,1.308008
671,-0.746966,1.321892
672,-0.750592,1.335900
673,-0.755058,1.349978
674,-0.760382,1.364066
675,-0.766578,1.378102
676,-0.773655,1.392021
677,-0.781613,1.405756
678,-0.790448,1.419237
679,-0.800148,1.432390
680,-0.810693,1.445141
681,-0.822052,1.457417
682,-0.834187,1.469142
683,-0.847039,1.480230
684,-0.860503,1.490571
685,-0.874533,1.500129
686,-0.889085,1.508873
687,-0.904111,1.516775
688,-0.918659,1.523219
689,-0.933109,1.528640
690,-0.948090,1.533343
691,-0.963552,1.537280
692,-0.979441,1.540406
693,-0.995696,1.542678
694,-1.012246,1.544060
695,-1.029017,1.544522
696,-1.045926,1.544040
697,-1.062842,1.542597
698,-1.079648,1.540194
699,-1.096290,1.536839
700,-1.112714,1.532542
701,-1.128867,1.527318
702,-1.144697,1.521183
703,-1.160151,1.514158
704,-1.173800,1.506817
705,-1.187085,1.498660
706,-1.200118,1.489640
707,-1.212829,1.479766
708,-1.225147,1.469057
709,-1.237000,1.457538
710,-1.248316,1.445244
711,-1.259024,1.432219
712,-1.269044,1.418527
713,-1.278275,1.404279
714,-1.286709,1.389963
715,-1.294362,1.375610
716,-1.300884,1.360804
717,-1.306546,1.345681
718,-1.311336,1.330311
719,-1.315169,1.315662
720,-1.318202,1.301183
721,-1.320405,1.286550
722,-1.321773,1.271810
723,-1.322298,1.257011
724,-1.321980,1.242201
725,-1.320818,1.227429
726,-1.318816,1.212743
727,-1.315979,1.198190
728,-1.312318,1.183818
729,-1.307843,1.169673
730,-1.302568,1.155803
731,-1.296510,1.142252
732,-1.289688,1.129064
733,-1.282124,1.116283
734,-1.273843,1.103950
735,-1.264871,1.092106
736,-1.255236,1.080789
737,-1.244970,1.070037
738,-1.234106,1.059884
739,-1.222869,1.050486
740,-1.211583,1.041934
741,-1.199813,1.034032
742,-1.187594,1.026806
743,-1.174968,1.020283
744,-1.161974,1.014485
745,-1.148655,1.009434
746,-1.135053,1.005146
747,-1.121213,1.001639
748,-1.107181,0.998926
749,-1.093000,0.997017
750,-1.078719,0.995919
751,-1.064384,0.995639
752,-1.050041,0.996179
753,-1.035739,0.997538
754,-1.021523,0.999714
755,-1.007442,1.002701
756,-0.993541,1.006490
757,-0.979867,1.011071
758,-0.966464,1.016431
759,-0.953377,1.022552
760,-0.940651,1.029416
761,-0.928326,1.037001
762,-0.916445,1.045285
763,-0.905046,1.054240
764,-0.894168,1.063839
765,-0.883876,1.074032
766,-0.874432,1.084332
767,-0.865579,1.095170
768,-0.857349,1.106514
769,-0.849770,1.118327
770,-0.842870,1.130571
771,-0.836673,1.143208
772,-0.831202,1.156195
773,-0.826476,1.169491
774,-0.822513,1.183054
775,-0.819328,1.196839
776,-0.816932,1.210801
777,-0.815338,1.224894
778,-0.814550,1.239073
779,-0.814574,1.253290
780,-0.815411,1.267500
781,-0.817061,1.281654
782,-0.819520,1.295707
783,-0.822782,1.309612
784,-0.826837,1.323323
785,-0.831673,1.336794
786,-0.837277,1.349981
787,-0.843632,1.362839
788,-0.850718,1.375326
789,-0.858513,1.387400
790,-0.866993,1.399020
791,-0.876132,1.410147
792,-0.886108,1.420895
793,-0.895992,1.430623
794,-0.906431,1.439786
795,-0.917395,1.448350
796,-0.928849,1.456285
797,-0.940757,1.463562
798,-0.953079,1.470155
799,-0.965777,1.476042
800,-0.978810,1.481199
801,-0.992136,1.485609
802,-1.005710,1.489255
803,-1.019490,1.492122
804,-1.033431,1.494199
805,-1.047485,1.495477
806,-1.061608,1.495950
807,-1.075754,1.495614
808,-1.089874,1.494469
809,-1.103923,1.492516
810,-1.117855,1.489759
811,-1.131623,1.486207
812,-1.145181,1.481869
813,-1.158484,1.476757
814,-1.171488,1.470887
815,-1.184149,1.464276
816,-1.196425,1.456944
817,-1.208275,1.448915
818,-1.219659,1.440213
819,-1.230538,1.430865
820,-1.240908,1.420839
821,-1.250414,1.410720
822,-1.259341,1.400058
823,-1.267655,1.388884
824,-1.275328,1.377235
825,-1.282332,1.365148
826,-1.288643,1.352662
827,-1.294236,1.339817
828,-1.299093,1.326654
829,-1.303195,1.313216
830,-1.306525,1.299546
831,-1.309072,1.285690
832,-1.310825,1.271692
833,-1.311775,1.257598
834,-1.311919,1.243455
835,-1.311252,1.229309
836,-1.309777,1.215207
837,-1.307495,1.201195
838,-1.304412,1.187320
839,-1.300536,1.173627
840,-1.295879,1.160164
841,-1.290454,1.146973
842,-1.284278,1.134099
843,-1.277368,1.121586
844,-1.269747,1.109474
845,-1.261438,1.097806
846,-1.252466,1.086620
847,-1.242861,1.075954
848,-1.232517,1.065760
849,-1.222195,1.056499
850,-1.211344,1.047828
851,-1.199996,1.039781
852,-1.188188,1.032385
853,-1.175958,1.025666
854,-1.163345,1.019650
855,-1.150389,1.014357
856,-1.137132,1.009808
857,-1.123618,1.006019
858,-1.109890,1.003006
859,-1.095993,1.000779
860,-1.081972,0.999349
861,-1.067875,0.998722
862,-1.053746,0.998902
863,-1.039632,0.999892
864,-1.025580,1.001689
865,-1.011637,1.004289
866,-0.997849,1.007686
867,-0.984261,1.011871
868,-0.970919,1.016831
869,-0.957867,1.022552
870,-0.945149,1.029017
871,-0.932807,1.036206
872,-0.920884,1.044097
873,-0.909418,1.052665
874,-0.898450,1.061884
875,-0.888015,1.071724
876,-0.880014,1.078501
877,-0.875922,1.079528
878,-0.873489,1.077990
879,-0.871575,1.075656
880,-0.869560,1.073529
881,-0.867412,1.071597
882,-0.865137,1.069867
883,-0.862752,1.068347
884,-0.860274,1.067043
885,-0.857718,1.065961
886,-0.855102,1.065104
887,-0.852445,1.064476
888,-0.849762,1.064078
889,-0.847072,1.063911
890,-0.844392,1.063973
891,-0.841739,1.064263
892,-0.839131,1.064778
893,-0.836585,1.065512
894,-0.834116,1.066460
895,-0.831741,1.067615
896,-0.831149,1.065318
897,-0.830962,1.051091
898,-0.829671,1.032662
899,-0.827820,1.014685
900,-0.825458,0.997236
901,-0.822632,0.980393
902,-0.819389,0.964243
903,-0.819826,0.953007
904,-0.822380,0.946330
905,-0.823261,0.940811
906,-0.821641,0.936390
907,-0.821641,0.936390
908,-0.819316,0.924363
909,-0.814763,0.907990
910,-0.809234,0.891917
911,-0.802799,0.876185
912,-0.795479,0.860844
913,-0.793409,0.856569
914,-0.793409,0.856569
915,-0.793409,0.856569
916,-0.781171,0.857099
917,-0.764306,0.859193
918,-0.747595,0.862298
919,-0.731087,0.866349
920,-0.714748,0.869540
921,-0.698272,0.868739
922,-0.682244,0.866943
923,-0.665946,0.868047
924,-0.661586,0.868636
925,-0.661586,0.868636
926,-0.657813,0.880291
927,-0.657033,0.881884
928,-0.658581,0.893874
929,-0.662017,0.910516
930,-0.662887,0.921535
931,-0.660881,0.927553
932,-0.661433,0.936114
933,-0.663591,0.945535
934,-0.664008,0.947232
935,-0.664008,0.947232
936,-0.664008,0.947232
937,-0.663899,0.947094
938,-0.663899,0.947094
939,-0.663899,0.947094
940,-0.668665,0.935809
941,-0.674001,0.919675
942,-0.678358,0.903245
943,-0.681774,0.886595
944,-0.684236,0.869776
945,-0.685738,0.852845
946,-0.686274,0.835856
947,-0.686397,0.831108
948,-0.686397,0.831108
949,-0.686397,0.831108
950,-0.686397,0.831108
951,-0.686397,0.831108
952,-0.674790,0.835026
953,-0.659177,0.841735
954,-0.643991,0.849372
955,-0.639760,0.851530
956,-0.639760,0.851530
957,-0.635960,0.863176
958,-0.632000,0.879702
959,-0.629040,0.896439
960,-0.627037,0.913319
961,-0.625998,0.930284
962,-0.625926,0.947282
963,-0.626193,0.962310
964,-0.625704,0.972584
965,-0.625832,0.975398
966,-0.631913,0.986032
967,-0.641161,0.998383
968,-0.651538,1.011617
969,-0.662653,1.023501
970,-0.665777,1.027003
971,-0.665777,1.027003
972,-0.665777,1.027003
973,-0.665777,1.027003
974,-0.665777,1.027003
975,-0.665777,1.027003
976,-0.667212,1.014837
977,-0.667842,0.997855
978,-0.667451,0.980862
979,-0.666093,0.963919
980,-0.663773,0.947080
981,-0.663098,0.942378
982,-0.663098,0.942378
983,-0.663098,0.942378
984,-0.651276,0.939170
985,-0.634571,0.936048
986,-0.617706,0.933935
987,-0.600747,0.932786
988,-0.583750,0.932603
989,-0.579001,0.932579
990,-0.579001,0.932579
991,-0.579001,0.932579
992,-0.579001,0.932579
993,-0.578594,0.944822
994,-0.579395,0.961797
995,-0.581214,0.978697
996,-0.581749,0.983417
997,-0.585116,0.992556
998,-0.581189,1.000091
999,-0.578484,1.007945
1000,-0.576574,1.015942
1001,-0.575207,1.023914
1002,-0.574492,1.031825
1003,-0.574432,1.039590
1004,-0.575054,1.047128
1005,-0.576498,1.054358
1006,-0.578698,1.061146
1007,-0.581800,1.067391
1008,-0.585969,1.072971
1009,-0.591435,1.077761
1010,-0.592371,1.078447
1011,-0.592371,1.078447
1012,-0.592371,1.078447
1013,-0.592371,1.078447
1014,-0.592371,1.078447
1015,-0.592211,1.066198
1016,-0.590626,1.049278
1017,-0.588027,1.032481
1018,-0.584477,1.015858
1019,-0.579986,0.999465
1020,-0.578705,0.994891
1021,-0.578705,0.994891
1022,-0.578705,0.994891
1023,-0.566566,0.993247
1024,-0.549597,0.992325
1025,-0.532600,0.992425
1026,-0.515635,0.993492
1027,-0.498760,0.995522
1028,-0.482027,0.998509
1029,-0.465491,1.002443
1030,-0.449205,1.007312
1031,-0.433223,1.013099
1032,-0.417597,1.019786
1033,-0.413240,1.021680
1034,-0.413240,1.021680
1035,-0.413240,1.021680
1036,-0.413270,1.033930
1037,-0.414674,1.050865
1038,-0.417094,1.067690
1039,-0.420467,1.084349
1040,-0.424783,1.100790
1041,-0.430027,1.116958
1042,-0.436182,1.132802
1043,-0.443229,1.148270
1044,-0.451144,1.163312
1045,-0.459903,1.177879
1046,-0.469476,1.191925
1047,-0.472174,1.195834
1048,-0.482535,1.202369
1049,-0.497590,1.210253
1050,-0.513094,1.217218
1051,-0.521649,1.226980
1052,-0.528745,1.237479
1053,-0.536832,1.247352
1054,-0.545568,1.256688
1055,-0.554847,1.265495
1056,-0.564618,1.273756
1057,-0.574844,1.281447
1058,-0.585546,1.288516
1059,-0.596559,1.294997
1060,-0.607936,1.300835
1061,-0.619630,1.306015
1062,-0.631601,1.310523
1063,-0.643809,1.314343
1064,-0.656262,1.317463
1065,-0.668818,1.319859
1066,-0.681498,1.321544
1067,-0.694257,1.322509
1068,-0.707052,1.322750
1069,-0.719839,1.322262
1070,-0.732579,1.321048
1071,-0.745239,1.319103
1072,-0.757739,1.316439
1073,-0.770083,1.313069
1074,-0.782221,1.309003
1075,-0.794110,1.304254
1076,-0.805710,1.298837
1077,-0.816985,1.292769
1078,-0.827918,1.286038
1079,-0.838439,1.278741
1080,-0.848522,1.270849
1081,-0.858139,1.262395
1082,-0.867260,1.253408
1083,-0.875856,1.243916
1084,-0.883598,1.233667
1085,-0.891033,1.223202
1086,-0.897891,1.212397
1087,-0.904122,1.201219
1088,-0.909708,1.189704
1089,-0.914630,1.177890
1090,-0.918874,1.165815
1091,-0.922421,1.153508
1092,-0.925241,1.141005
1093,-0.927372,1.128388
1094,-0.928776,1.115666
1095,-0.929454,1.102883
1096,-0.929404,1.090081
1097,-0.928626,1.077302
1098,-0.927123,1.064587
1099,-0.924885,1.051945
1100,-0.921960,1.039480
1101,-0.918323,1.027204
1102,-0.913992,1.015155
1103,-0.908984,1.003370
1104,-0.902968,0.992019
1105,-0.896598,0.980924
1106,-0.889623,0.970156
1107,-0.882092,0.959810
1108,-0.873985,0.949909
1109,-0.865326,0.940487
1110,-0.856120,0.931548
1111,-0.846464,0.923207
1112,-0.836330,0.915406
1113,-0.825731,0.908172
1114,-0.814775,0.901557
1115,-0.803457,0.895580
1116,-0.791817,0.890256
1117,-0.779892,0.885602
1118,-0.767722,0.881634
1119,-0.755345,0.878363
1120,-0.742763,0.875806
1121,-0.730097,0.873949
1122,-0.717345,0.872823
1123,-0.704549,0.872427
1124,-0.691750,0.872760
1125,-0.678994,0.873820
1126,-0.666313,0.875603
1127,-0.653782,0.878539
1128,-0.641403,0.881764
1129,-0.629221,0.885675
1130,-0.617221,0.890283
1131,-0.614615,0.891384
1132,-0.609225,0.893675
1133,-0.600638,0.898229
1134,-0.592601,0.903853
1135,-0.584802,0.909637
1136,-0.577429,0.915767
1137,-0.570522,0.922237
1138,-0.564123,0.929017
1139,-0.558282,0.936066
1140,-0.553082,0.943360
1141,-0.548533,0.950790
1142,-0.544740,0.958326
1143,-0.541802,0.965903
1144,-0.539848,0.973458
1145,-0.539057,0.980937
1146,-0.539736,0.988353
1147,-0.542107,0.995649
1148,-0.542631,0.996836
1149,-0.542631,0.996836
1150,-0.542631,0.996836
1151,-0.542631,0.996836
1152,-0.542631,0.996836
1153,-0.548546,0.986109
1154,-0.555533,0.970618
1155,-0.561576,0.954731
1156,-0.566707,0.938526
1157,-0.570906,0.922056
1158,-0.574162,0.905373
1159,-0.576464,0.888532
1160,-0.577803,0.871587
1161,-0.578151,0.866850
1162,-0.578151,0.866850
1163,-0.578151,0.866850
1164,-0.578151,0.866850
1165,-0.578151,0.866850
1166,-0.566372,0.870214
1167,-0.550458,0.876176
1168,-0.534928,0.883086
1169,-0.519817,0.890868
1170,-0.515606,0.893067
1171,-0.515606,0.893067
1172,-0.515606,0.893067
1173,-0.516507,0.905284
1174,-0.519113,0.922077
1175,-0.522723,0.938686
1176,-0.527273,0.955063
1177,-0.532747,0.971155
1178,-0.539128,0.986910
1179,-0.546395,1.002275
1180,-0.554525,1.017203
1181,-0.563490,1.031644
1182,-0.569132,1.041723
1183,-0.569483,1.042747
1184,-0.569483,1.042747
1185,-0.569483,1.042747
1186,-0.569483,1.042747
1187,-0.569483,1.042747
1188,-0.569483,1.042747
1189,-0.572176,1.030797
1190,-0.574570,1.013973
1191,-0.575950,0.997031
1192,-0.576363,0.980039
1193,-0.575809,0.963050
1194,-0.575627,0.958304
1195,-0.575627,0.958304
1196,-0.575627,0.958304
1197,-0.564203,0.953882
1198,-0.547914,0.949038
1199,-0.531359,0.945182
1200,-0.514613,0.942273
1201,-0.497727,0.940322
1202,-0.480759,0.939335
1203,-0.463761,0.939315
1204,-0.459011,0.939336
1205,-0.459011,0.939336
1206,-0.459011,0.939336
1207,-0.459011,0.939336
1208,-0.459011,0.939336
1209,-0.463280,0.950819
1210,-0.470459,0.966222
1211,-0.478554,0.981168
1212,-0.487485,0.995630
1213,-0.497225,1.009560
1214,-0.507742,1.022913
1215,-0.519001,1.035647
1216,-0.530967,1.047719
1217,-0.543600,1.059091
1218,-0.556860,1.069726
1219,-0.555147,1.076967
1220,-0.554773,1.083833
1221,-0.555166,1.090447
1222,-0.555961,1.096915
1223,-0.557199,1.103310
1224,-0.558823,1.109569
1225,-0.560784,1.115725
1226,-0.563088,1.121761
1227,-0.565730,1.127657
1228,-0.568701,1.133394
1229,-0.572045,1.138952
1230,-0.575662,1.144305
1231,-0.579568,1.149451
1232,-0.583759,1.154373
1233,-0.588222,1.159050
1234,-0.592943,1.163468
1235,-0.597918,1.167582
1236,-0.603106,1.171407
1237,-0.608513,1.174946
1238,-0.614115,1.178177
1239,-0.619893,1.181089
1240,-0.625866,1.183649
1241,-0.631937,1.185894
1242,-0.638126,1.187788
1243,-0.644412,1.189327
1244,-0.650775,1.190508
1245,-0.657196,1.191325
1246,-0.663682,1.191745
1247,-0.670156,1.191834
1248,-0.676624,1.191557
1249,-0.683064,1.190911
1250,-0.689457,1.189900
1251,-0.695784,1.188527
1252,-0.702009,1.186748
1253,-0.708136,1.184704
1254,-0.714133,1.182288
1255,-0.719982,1.179530
1256,-0.725665,1.176442
1257,-0.731160,1.172986
1258,-0.736445,1.169261
1259,-0.741518,1.165250
1260,-0.746359,1.160959
1261,-0.750951,1.156401
1262,-0.755278,1.151589
1263,-0.759299,1.146491
1264,-0.763039,1.141211
1265,-0.766487,1.135732
1266,-0.769619,1.130067
1267,-0.772426,1.124232
1268,-0.774537,1.118025
1269,-0.776601,1.111917
1270,-0.778346,1.105713
1271,-0.779722,1.099374
1272,-0.780774,1.092995
1273,-0.781462,1.086565
1274,-0.781784,1.080106
1275,-0.781740,1.073639
1276,-0.781328,1.067184
1277,-0.780514,1.060740
1278,-0.779378,1.054371
1279,-0.777880,1.048078
1280,-0.776029,1.041880
1281,-0.773828,1.035797
1282,-0.771286,1.029849
1283,-0.768365,1.024046
1284,-0.765168,1.018421
1285,-0.761657,1.012987
1286,-0.757843,1.007762
1287,-0.753738,1.002761
1288,-0.749032,0.998208
1289,-0.744310,0.993747
1290,-0.739419,0.989529
1291,-0.734290,0.985609
1292,-0.728968,0.982000
1293,-0.723436,0.978683
1294,-0.717721,0.975677
1295,-0.711803,0.973023
1296,-0.705782,0.970678
1297,-0.699637,0.968679
1298,-0.693390,0.967032
1299,-0.687058,0.965742
1300,-0.680663,0.964813
1301,-0.674197,0.964286
1302,-0.667737,0.964084
1303,-0.661277,0.964250
1304,-0.654836,0.964782
1305,-0.648436,0.965679
1306,-0.642095,0.966936
1307,-0.635852,0.968587
1308,-0.629700,0.970533
1309,-0.623670,0.972841
1310,-0.617870,0.975927
1311,-0.612158,0.978923
1312,-0.606620,0.982222
1313,-0.601284,0.985878
1314,-0.596165,0.989795
1315,-0.591268,0.993986
1316,-0.586613,0.998448
1317,-0.582216,1.003166
1318,-0.578093,1.008126
1319,-0.574283,1.013358
1320,-0.570763,1.018763
1321,-0.567544,1.024354
1322,-0.564642,1.030119
1323,-0.562071,1.036038
1324,-0.559840,1.042095
1325,-0.557986,1.048269
1326,-0.556515,1.054556
1327,-0.555358,1.060901
1328,-0.554560,1.067306
1329,-0.554535,1.073849
1330,-0.554508,1.080304
1331,-0.554813,1.086743
1332,-0.555499,1.093184
1333,-0.556518,1.099550
1334,-0.557898,1.105848
1335,-0.559633,1.112058
1336,-0.561717,1.118159
1337,-0.564185,1.124144
1338,-0.566940,1.129979
1339,-0.570024,1.135643
1340,-0.573426,1.141121
1341,-0.577135,1.146397
1342,-0.581137,1.151454
1343,-0.585483,1.156231
1344,-0.589979,1.160824
1345,-0.594766,1.165132
1346,-0.599798,1.169155
1347,-0.605096,1.172857
1348,-0.610820,1.175978
1349,-0.616503,1.179031
1350,-0.622313,1.181797
1351,-0.628265,1.184240
1352,-0.634345,1.186345
1353,-0.640568,1.188061
1354,-0.646851,1.189448
1355,-0.653202,1.190490
1356,-0.659603,1.191172
1357,-0.666034,1.191491
1358,-0.672473,1.191444
1359,-0.678893,1.191006
1360,-0.685257,1.190211
1361,-0.691586,1.189059
1362,-0.697864,1.187513
1363,-0.704038,1.185662
1364,-0.710094,1.183459
1365,-0.716015,1.180915
1366,-0.721782,1.178039
1367,-0.727376,1.174840
1368,-0.732605,1.170881
1369,-0.737786,1.167057
1370,-0.742747,1.162961
1371,-0.747471,1.158595
1372,-0.751938,1.153968
1373,-0.756139,1.149094
1374,-0.760003,1.143937
1375,-0.763657,1.138668
1376,-0.766977,1.133167
1377,-0.769971,1.127479
1378,-0.772636,1.121630
1379,-0.774965,1.115639
1380,-0.776950,1.109524
1381,-0.778550,1.103275
1382,-0.779811,1.096971
1383,-0.780726,1.090607
1384,-0.781281,1.084200
1385,-0.781474,1.077771
1386,-0.781303,1.071340
1387,-0.780259,1.064850
1388,-0.779285,1.058501
1389,-0.778007,1.052209
1390,-0.776387,1.045994
1391,-0.774420,1.039877
1392,-0.772111,1.033880
1393,-0.769465,1.028023
1394,-0.766470,1.022344
1395,-0.763199,1.016825
1396,-0.759566,1.011504
1397,-0.755651,1.006415
1398,-0.751468,1.001545
1399,-0.747018,0.996916
1400,-0.742312,0.992545
1401,-0.737366,0.988447
1402,-0.732154,0.984652
1403,-0.726764,0.981158
1404,-0.721190,0.977961
1405,-0.715446,0.975082
1406,-0.709332,0.972866
1407,-0.703291,0.970692
1408,-0.697116,0.968867
1409,-0.690876,0.967379
1410,-0.684563,0.966231
1411,-0.678194,0.965438
1412,-0.671789,0.965006
1413,-0.665372,0.964986
1414,-0.658950,0.965293
1415,-0.652574,0.965968
1416,-0.646245,0.966995
1417,-0.639982,0.968377
1418,-0.633806,0.970111
1419,-0.627738,0.972193
1420,-0.621792,0.974660
1421,-0.616008,0.977435
1422,-0.610383,0.980522
1423,-0.604938,0.983919
1424,-0.599693,0.987620
1425,-0.594669,0.991612
1426,-0.589897,0.995900
1427,-0.585629,1.000774
1428,-0.581400,1.005592
1429,-0.577424,1.010618
1430,-0.573730,1.015858
1431,-0.570336,1.021300
1432,-0.567275,1.026964
1433,-0.564513,1.032755
1434,-0.562086,1.038693
1435,-0.560000,1.044759
1436,-0.558262,1.050934
1437,-0.556876,1.057198
1438,-0.555880,1.063561
1439,-0.555208,1.069943
1440,-0.554901,1.076352
1441,-0.554959,1.082767
1442,-0.555380,1.089169
1443,-0.556164,1.095538
1444,-0.557352,1.101841
1445,-0.558821,1.108074
1446,-0.561060,1.114162
1447,-0.563308,1.120167
1448,-0.565883,1.126053
1449,-0.568771,1.131761
1450,-0.571958,1.137309
1451,-0.575450,1.142672
1452,-0.579241,1.147830
1453,-0.583318,1.152766
1454,-0.587708,1.157457
1455,-0.592336,1.161883
1456,-0.597196,1.166052
1457,-0.602283,1.169943
1458,-0.607582,1.173540
1459,-0.613078,1.176833
1460,-0.618768,1.179795
1461,-0.624580,1.182409
1462,-0.630553,1.184703
1463,-0.636686,1.186633
1464,-0.642890,1.188250
1465,-0.649176,1.189510
1466,-0.655676,1.189994
1467,-0.662059,1.190516
1468,-0.668457,1.190689
1469,-0.674877,1.190464
1470,-0.681257,1.189920
1471,-0.687593,1.189014
1472,-0.693868,1.187749
1473,-0.700061,1.186131
1474,-0.706153,1.184163
1475,-0.712132,1.181810
1476,-0.717968,1.179171
1477,-0.723641,1.176203
1478,-0.729135,1.172916
1479,-0.734434,1.169324
1480,-0.739522,1.165436
1481,-0.744349,1.161233
1482,-0.748959,1.156780
1483,-0.753296,1.152081
1484,-0.757367,1.147149
1485,-0.760855,1.141694
1486,-0.764313,1.136318
1487,-0.767481,1.130774
1488,-0.770309,1.125026
1489,-0.772817,1.119153
1490,-0.775002,1.113151
1491,-0.776849,1.107035
1492,-0.778347,1.100825
1493,-0.779491,1.094537
1494,-0.780257,1.088187
1495,-0.780656,1.081842
1496,-0.780701,1.075460
1497,-0.780388,1.069077
1498,-0.779715,1.062719
1499,-0.778684,1.056406
1500,-0.777254,1.050149
1501,-0.775518,1.043989
1502,-0.773434,1.037941
1503,-0.771010,1.032021
1504,-0.767863,1.026363
1505,-0.764743,1.020779
1506,-0.761303,1.015372
1507,-0.757616,1.010155
1508,-0.753641,1.005156
1509,-0.749390,1.000390
1510,-0.744874,0.995873
1511,-0.740109,0.991619
1512,-0.735084,0.987680
1513,-0.729895,0.983977
1514,-0.724487,0.980591
1515,-0.718893,0.977522
1516,-0.713100,0.974792
1517,-0.707183,0.972407
1518,-0.701146,0.970340
1519,-0.695001,0.968614
1520,-0.688768,0.967237
1521,-0.682466,0.966215
1522,-0.676090,0.965577
1523,-0.669630,0.965697
1524,-0.663243,0.965822
1525,-0.656882,0.966259
1526,-0.650556,0.967046
1527,-0.644281,0.968186
1528,-0.638072,0.969700
1529,-0.632009,0.971554
1530,-0.626034,0.973754
1531,-0.620180,0.976333
1532,-0.614474,0.979193
1533,-0.608941,0.982372
1534,-0.603597,0.985860
1535,-0.598459,0.989645
1536,-0.593543,0.993717
1537,-0.588881,0.998105
1538,-0.584454,1.002705
1539,-0.580296,1.007549
1540,-0.576421,1.012620
1541,-0.572839,1.017904
1542,-0.569562,1.023382
1543,-0.566993,1.029333
1544,-0.564361,1.035128
1545,-0.562066,1.041064
1546,-0.560113,1.047122
1547,-0.558506,1.053281
1548,-0.557251,1.059522
1549,-0.556351,1.065825
1550,-0.555844,1.072193
1551,-0.555689,1.078559
1552,-0.555878,1.084924
1553,-0.556424,1.091269
1554,-0.557326,1.097575
1555,-0.558585,1.103821
1556,-0.560222,1.110002
1557,-0.562212,1.116056
1558,-0.564519,1.121996
1559,-0.567154,1.127798
1560,-0.570113,1.133445
1561,-0.573388,1.138916
1562,-0.577372,1.143982
1563,-0.581303,1.149011
1564,-0.585455,1.153822
1565,-0.589868,1.158397
1566,-0.594532,1.162717
1567,-0.599434,1.166767
1568,-0.604590,1.170529
1569,-0.609937,1.173972
1570,-0.615460,1.177126
1571,-0.621152,1.179968
1572,-0.626996,1.182484
1573,-0.632974,1.184666
1574,-0.639067,1.186506
1575,-0.645288,1.187955
1576,-0.651553,1.189083
1577,-0.657871,1.189861
1578,-0.664225,1.190282
1579,-0.670593,1.190342
1580,-0.676955,1.190041
1581,-0.683287,1.188926
1582,-0.689550,1.187863
1583,-0.695751,1.186472
1584,-0.701879,1.184698
1585,-0.707897,1.182628
1586,-0.713784,1.180217
1587,-0.719524,1.177476
1588,-0.725099,1.174413
1589,-0.730492,1.171040
1590,-0.735682,1.167323
1591,-0.740665,1.163363
1592,-0.745411,1.159126
1593,-0.749909,1.154625
1594,-0.754144,1.149877
1595,-0.758104,1.144897
1596,-0.761728,1.139665
1597,-0.765124,1.134302
1598,-0.768186,1.128733
1599,-0.770566,1.122762
1600,-0.772934,1.116870
1601,-0.774989,1.110867
1602,-0.776673,1.104733
1603,-0.778019,1.098530
1604,-0.779029,1.092265
1605,-0.779687,1.085952
1606,-0.779987,1.079610
1607,-0.779928,1.073261
1608,-0.779484,1.066905
1609,-0.778676,1.060605
1610,-0.777533,1.054357
1611,-0.776042,1.048182
1612,-0.774205,1.042100
1613,-0.772027,1.036131
1614,-0.769514,1.030294
1615,-0.766608,1.024641
1616,-0.763444,1.019143
1617,-0.759969,1.013826
1618,-0.755828,1.008912
1619,-0.751742,1.004048
1620,-0.747416,0.999405
1621,-0.742798,0.995024
1622,-0.737981,0.990886
1623,-0.732938,0.987031
1624,-0.727684,0.983470
1625,-0.722237,0.980212
1626,-0.716613,0.977265
1627,-0.710812,0.974691
1628,-0.704916,0.972376
1629,-0.698884,0.970423
1630,-0.692749,0.968822
1631,-0.686532,0.967573
1632,-0.680253,0.966678
1633,-0.673934,0.966140
1634,-0.667593,0.965962
1635,-0.661252,0.966143
1636,-0.654913,0.966709
1637,-0.648639,0.968057
1638,-0.642433,0.969358
1639,-0.636307,0.970971
1640,-0.630279,0.972919
1641,-0.624369,0.975204
1642,-0.618597,0.977821
1643,-0.613030,0.980791
1644,-0.607614,0.984051
1645,-0.602379,0.987617
1646,-0.597360,0.991518
1647,-0.592549,0.995653
1648,-0.587984,1.000054
1649,-0.583676,1.004708
1650,-0.579639,1.009598
1651,-0.575885,1.014710
1652,-0.572453,1.020064
1653,-0.569296,1.025568
1654,-0.566459,1.031242
1655,-0.563949,1.037066
1656,-0.562140,1.043216
1657,-0.560353,1.049301
1658,-0.558464,1.054772
1659,-0.556882,1.060318
1660,-0.556033,1.066429
1661,-0.555604,1.072696
1662,-0.555541,1.079010
1663,-0.555836,1.085330
1664,-0.556523,1.091616
1665,-0.557550,1.097868
1666,-0.558929,1.104041
1667,-0.560644,1.110128
1668,-0.562698,1.116109
1669,-0.565088,1.121966
1670,-0.567805,1.127679
1671,-0.570843,1.133230
1672,-0.574246,1.138591
1673,-0.577901,1.143757
1674,-0.581839,1.148712
1675,-0.586399,1.153197
1676,-0.590899,1.157646
1677,-0.595616,1.161852
1678,-0.600569,1.165732
1679,-0.605723,1.169359
1680,-0.611083,1.172699
1681,-0.616627,1.175736
1682,-0.622336,1.178455
1683,-0.628222,1.180811
1684,-0.634204,1.182873
1685,-0.640292,1.184590
1686,-0.646467,1.185959
1687,-0.652710,1.186975
1688,-0.659001,1.187636
1689,-0.665347,1.187914
1690,-0.671675,1.187862
1691,-0.677988,1.187450
1692,-0.684267,1.186680
1693,-0.690494,1.185557
1694,-0.696604,1.183637
1695,-0.702652,1.181787
1696,-0.708584,1.179623
1697,-0.714387,1.177131
1698,-0.720039,1.174316
1699,-0.725524,1.171184
1700,-0.730782,1.167653
1701,-0.735877,1.163946
1702,-0.740746,1.159937
1703,-0.745378,1.155655
1704,-0.749761,1.151116
1705,-0.753879,1.146335
1706,-0.757720,1.141328
1707,-0.761239,1.136062
1708,-0.764481,1.130647
1709,-0.767416,1.125058
1710,-0.770031,1.119312
1711,-0.772318,1.113426
1712,-0.774270,1.107418
1713,-0.775821,1.101324
1714,-0.777056,1.095150
1715,-0.777519,1.088790
1716,-0.778028,1.082504
1717,-0.778203,1.076200
1718,-0.778026,1.069895
1719,-0.777454,1.063595
1720,-0.776573,1.057342
1721,-0.775336,1.051153
1722,-0.773749,1.045046
1723,-0.771818,1.039039
1724,-0.769549,1.033150
1725,-0.766908,1.027400
1726,-0.763991,1.021799
1727,-0.760760,1.016376
1728,-0.757226,1.011147
1729,-0.753401,1.006128
1730,-0.749297,1.001332
1731,-0.744891,0.996815
1732,-0.740304,0.992499
1733,-0.735457,0.988467
1734,-0.730087,0.985051
1735,-0.724775,0.981647
1736,-0.719304,0.978537
1737,-0.713678,0.975719
1738,-0.707902,0.973217
1739,-0.701993,0.971045
1740,-0.695969,0.969210
1741,-0.689851,0.967719
1742,-0.683638,0.966647
1743,-0.677388,0.965872
1744,-0.671104,0.965443
1745,-0.664805,0.965369
1746,-0.658509,0.965648
1747,-0.652239,0.966286
1748,-0.646015,0.967278
1749,-0.639899,0.968668
1750,-0.633847,0.970415
1751,-0.627884,0.972454
1752,-0.622046,0.974829
1753,-0.616505,0.977951
1754,-0.610992,0.980987
1755,-0.605650,0.984313
1756,-0.600517,0.987978
1757,-0.595576,0.991882
1758,-0.590868,0.996059
1759,-0.586405,1.000497
1760,-0.581807,1.004825
1761,-0.577147,1.009276
1762,-0.573275,1.014377
1763,-0.569823,1.019704
1764,-0.566740,1.025216
1765,-0.563996,1.030888
1766,-0.561584,1.036704
1767,-0.559508,1.042647
1768,-0.557819,1.048704
1769,-0.556404,1.054824
1770,-0.555361,1.061023
1771,-0.555055,1.067358
1772,-0.554790,1.073665
1773,-0.554832,1.079948
1774,-0.555219,1.086214
1775,-0.555958,1.092447
1776,-0.557048,1.098629
1777,-0.558486,1.104739
1778,-0.560268,1.110759
1779,-0.562389,1.116667
1780,-0.564841,1.122447
1781,-0.567617,1.128080
1782,-0.570707,1.133548
1783,-0.574128,1.138819
1784,-0.577813,1.143857
1785,-0.581790,1.148701
1786,-0.586038,1.153322
1787,-0.590582,1.157674
1788,-0.595327,1.161795
1789,-0.600296,1.165639
1790,-0.605750,1.168867
1791,-0.611133,1.172088
1792,-0.616672,1.175021
1793,-0.622394,1.177606
1794,-0.628227,1.179908
1795,-0.634178,1.181874
1796,-0.640230,1.183500
1797,-0.646364,1.184781
1798,-0.652560,1.185712
1799,-0.658800,1.186255
