0,-1.849980,1.043240
1,-1.844455,1.032307
2,-1.836098,1.017505
3,-1.826921,1.003198
4,-1.816945,0.989436
5,-1.806201,0.976264
6,-1.794726,0.963725
7,-1.782556,0.951859
8,-1.779136,0.948562
9,-1.767684,0.944213
10,-1.751364,0.939474
11,-1.734786,0.935724
12,-1.718021,0.932923
13,-1.713331,0.932167
14,-1.701445,0.935130
15,-1.685338,0.940550
16,-1.669584,0.946930
17,-1.654217,0.954195
18,-1.649935,0.956250
19,-1.641864,0.965466
20,-1.631729,0.979107
21,-1.622430,0.993335
22,-1.613956,1.008070
23,-1.611612,1.012201
24,-1.610242,1.024374
25,-1.609702,1.041359
26,-1.610184,1.058350
27,-1.611632,1.075286
28,-1.614041,1.092112
29,-1.617404,1.108773
30,-1.621709,1.125216
31,-1.626943,1.141388
32,-1.633088,1.157236
33,-1.640125,1.172708
34,-1.642116,1.177021
35,-1.642116,1.177021
36,-1.642116,1.177021
37,-1.642116,1.177021
38,-1.642116,1.177021
39,-1.642116,1.177021
40,-1.642116,1.177021
41,-1.642116,1.177021
42,-1.637897,1.165520
43,-1.630782,1.150087
44,-1.622752,1.135107
45,-1.613882,1.120607
46,-1.604201,1.106636
47,-1.593741,1.093238
48,-1.582536,1.080456
49,-1.579384,1.076903
50,-1.568307,1.071672
51,-1.552408,1.065672
52,-1.536173,1.060637
53,-1.519678,1.056534
54,-1.502976,1.053376
55,-1.486122,1.051174
56,-1.469170,1.049934
57,-1.452175,1.049660
58,-1.435191,1.050354
59,-1.418275,1.052013
60,-1.401480,1.054632
61,-1.384862,1.058202
62,-1.368474,1.062712
63,-1.352368,1.068147
64,-1.336599,1.074490
65,-1.321215,1.081719
66,-1.306268,1.089812
67,-1.291805,1.098742
68,-1.277874,1.108481
69,-1.264520,1.118996
70,-1.251785,1.130255
71,-1.239712,1.142219
72,-1.228339,1.154851
73,-1.225181,1.158399
74,-1.225181,1.158399
75,-1.225181,1.158399
76,-1.230353,1.169504
77,-1.238740,1.184284
78,-1.248003,1.198536
79,-1.248777,1.204245
80,-1.245768,1.206627
81,-1.242904,1.209180
82,-1.240196,1.211896
83,-1.237652,1.214767
84,-1.235282,1.217780
85,-1.233093,1.220928
86,-1.231094,1.224197
87,-1.229290,1.227578
88,-1.227688,1.231058
89,-1.226293,1.234625
90,-1.225111,1.238268
91,-1.224144,1.241972
92,-1.223397,1.245727
93,-1.217147,1.244426
94,-1.206588,1.242528
95,-1.194533,1.241299
96,-1.182384,1.240709
97,-1.170727,1.240420
98,-1.159907,1.240071
99,-1.150237,1.239308
100,-1.142344,1.238364
101,-1.137068,1.238366
102,-1.134559,1.239612
103,-1.128631,1.240252
104,-1.116936,1.241337
105,-1.104469,1.242808
106,-1.096471,1.247596
107,-1.093042,1.254601
108,-1.091199,1.261659
109,-1.088048,1.268554
110,-1.085118,1.276031
111,-1.082627,1.283633
112,-1.080570,1.291382
113,-1.078957,1.299229
114,-1.077795,1.307159
115,-1.077109,1.315125
116,-1.076877,1.323125
117,-1.077098,1.331120
118,-1.077772,1.339097
119,-1.078899,1.347006
120,-1.079621,1.349875
121,-1.079502,1.348263
122,-1.076339,1.348512
123,-1.071135,1.346246
124,-1.065050,1.343414
125,-1.058437,1.340765
126,-1.051630,1.338663
127,-1.044655,1.336987
128,-1.037555,1.335599
129,-1.030394,1.334734
130,-1.023197,1.334286
131,-1.015988,1.334249
132,-1.008700,1.334516
133,-1.001549,1.335267
134,-0.994449,1.336452
135,-0.987382,1.337957
136,-0.980437,1.339937
137,-0.973631,1.342320
138,-0.966973,1.345089
139,-0.960354,1.348144
140,-0.954062,1.351627
141,-0.947950,1.355428
142,-0.942044,1.359607
143,-0.936431,1.364132
144,-0.931089,1.368973
145,-0.926031,1.374110
146,-0.921130,1.379508
147,-0.916607,1.385115
148,-0.912462,1.391026
149,-0.908694,1.397170
150,-0.905285,1.403522
151,-0.902244,1.410059
152,-0.899581,1.416759
153,-0.896889,1.423485
154,-0.894908,1.430408
155,-0.893398,1.437446
156,-0.892305,1.444571
157,-0.891623,1.451751
158,-0.891353,1.458961
159,-0.891496,1.466174
160,-0.892091,1.473412
161,-0.893064,1.480559
162,-0.894437,1.487643
163,-0.896210,1.494636
164,-0.898379,1.501517
165,-0.900936,1.508262
166,-0.903873,1.514849
167,-0.907226,1.521297
168,-0.910910,1.527488
169,-0.914864,1.533542
170,-0.919207,1.539321
171,-0.923876,1.544821
172,-0.928851,1.550044
173,-0.934115,1.554974
174,-0.939707,1.559614
175,-0.945442,1.564116
176,-0.951448,1.568129
177,-0.957683,1.571745
178,-0.964121,1.574996
179,-0.970736,1.577873
180,-0.977505,1.580368
181,-0.984266,1.582514
182,-0.991423,1.584340
183,-0.998528,1.585691
184,-1.005691,1.586615
185,-1.012895,1.587127
186,-1.020117,1.587227
187,-1.027332,1.586914
188,-1.034517,1.586192
189,-1.041751,1.585172
190,-1.048791,1.583668
191,-1.055738,1.581739
192,-1.062568,1.579410
193,-1.069255,1.576692
194,-1.075777,1.573597
195,-1.082111,1.570135
196,-1.088365,1.566364
197,-1.094295,1.562191
198,-1.099930,1.557705
199,-1.105312,1.552898
200,-1.110412,1.547789
201,-1.115212,1.542397
202,-1.119696,1.536740
203,-1.123986,1.530831
204,-1.127910,1.524773
205,-1.131381,1.518381
206,-1.134471,1.511855
207,-1.137183,1.505162
208,-1.139508,1.498325
209,-1.141441,1.491367
210,-1.143115,1.484257
211,-1.144370,1.477086
212,-1.145077,1.469916
213,-1.145385,1.462702
214,-1.145280,1.455478
215,-1.144763,1.448272
216,-1.143909,1.441094
217,-1.142702,1.433861
218,-1.141018,1.426856
219,-1.138842,1.419927
220,-1.136319,1.413161
221,-1.133413,1.406545
222,-1.130132,1.400105
223,-1.126580,1.393784
224,-1.122644,1.387622
225,-1.118365,1.381824
226,-1.113676,1.376265
227,-1.108709,1.371032
228,-1.103501,1.366024
229,-1.097982,1.361303
230,-1.092202,1.356958
231,-1.086167,1.352826
232,-1.079970,1.349139
233,-1.073549,1.345846
234,-1.066902,1.342878
235,-1.063555,1.344294
236,-1.062855,1.345193
237,-1.062855,1.345193
238,-1.052197,1.342245
239,-1.036276,1.338005
240,-1.019724,1.334138
241,-1.002979,1.331219
242,-0.986095,1.329257
243,-0.969127,1.328259
244,-0.952130,1.328228
245,-0.956508,1.321388
246,-0.960632,1.320916
247,-0.962790,1.321687
248,-0.961834,1.323278
249,-0.954514,1.327614
250,-0.951150,1.328851
251,-0.951150,1.328851
252,-0.951150,1.328851
253,-0.951150,1.328851
254,-0.951150,1.328851
255,-0.951150,1.328851
256,-0.951150,1.328851
257,-0.951150,1.328851
258,-0.963137,1.326325
259,-0.975305,1.325372
260,-0.985812,1.321138
261,-0.997255,1.314389
262,-1.009149,1.307031
263,-1.021466,1.298966
264,-1.034167,1.290082
265,-1.047195,1.280258
266,-1.059592,1.269758
267,-1.071852,1.258847
268,-1.083616,1.247179
269,-1.094625,1.234412
270,-1.104957,1.220919
271,-1.107823,1.217131
272,-1.106530,1.212491
273,-1.103174,1.206587
274,-1.099767,1.200168
275,-1.096574,1.193249
276,-1.096242,1.186691
277,-1.097529,1.179097
278,-1.097664,1.170622
279,-1.097171,1.161878
280,-1.096151,1.153079
281,-1.094396,1.143823
282,-1.092346,1.135104
283,-1.089818,1.126541
284,-1.086810,1.118144
285,-1.083332,1.109935
286,-1.079392,1.101938
287,-1.075005,1.094177
288,-1.070183,1.086679
289,-1.064942,1.079466
290,-1.059299,1.072562
291,-1.053273,1.065991
292,-1.046882,1.059772
293,-1.040148,1.053926
294,-1.033092,1.048472
295,-1.025736,1.043428
296,-1.018106,1.038810
297,-1.010225,1.034633
298,-1.002118,1.030911
299,-0.993813,1.027655
300,-0.985336,1.024877
301,-0.976713,1.022585
302,-0.967975,1.020787
303,-0.959147,1.019488
304,-0.949730,1.018765
305,-0.940728,1.018488
306,-0.931778,1.018716
307,-0.922875,1.019450
308,-0.914033,1.020689
309,-0.905278,1.022427
310,-0.896637,1.024661
311,-0.888136,1.027382
312,-0.879803,1.030582
313,-0.871666,1.034252
314,-0.863749,1.038378
315,-0.856080,1.042948
316,-0.848682,1.047946
317,-0.841581,1.053358
318,-0.834798,1.059165
319,-0.828355,1.065348
320,-0.822275,1.071888
321,-0.816576,1.078763
322,-0.811276,1.085952
323,-0.806394,1.093431
324,-0.801945,1.101176
325,-0.797942,1.109162
326,-0.794400,1.117362
327,-0.791275,1.126197
328,-0.788655,1.134914
329,-0.786555,1.143640
330,-0.784959,1.152446
331,-0.783866,1.161319
332,-0.783281,1.170237
333,-0.783203,1.179173
334,-0.783633,1.188100
335,-0.784571,1.196988
336,-0.786012,1.205808
337,-0.787952,1.214533
338,-0.790386,1.223134
339,-0.793305,1.231583
340,-0.796699,1.239853
341,-0.800559,1.247917
342,-0.804871,1.255749
343,-0.810783,1.259849
344,-0.818786,1.256753
345,-0.824817,1.253935
346,-0.830463,1.250796
347,-0.835991,1.247373
348,-0.841344,1.245659
349,-0.846890,1.247089
350,-0.853016,1.249686
351,-0.859862,1.252215
352,-0.866915,1.255620
353,-0.874200,1.259117
354,-0.881751,1.262323
355,-0.889508,1.265125
356,-0.897424,1.267491
357,-0.905467,1.269404
358,-0.913608,1.270858
359,-0.921820,1.271847
360,-0.930075,1.272367
361,-0.938347,1.272417
362,-0.946609,1.271997
363,-0.954834,1.271108
364,-0.962995,1.269753
365,-0.971067,1.267936
366,-0.979023,1.265663
367,-0.986837,1.262941
368,-0.994484,1.259779
369,-1.001940,1.256188
370,-1.009179,1.252178
371,-1.016179,1.247764
372,-1.022917,1.242957
373,-1.029372,1.237776
374,-1.035826,1.231789
375,-1.041700,1.225839
376,-1.047195,1.219609
377,-1.052315,1.213092
378,-1.057053,1.206300
379,-1.061397,1.199252
380,-1.065332,1.191968
381,-1.068847,1.184472
382,-1.071930,1.176788
383,-1.074571,1.168941
384,-1.076762,1.160956
385,-1.078496,1.152859
386,-1.079767,1.144676
387,-1.080571,1.136434
388,-1.080905,1.128159
389,-1.080768,1.119878
390,-1.080160,1.111618
391,-1.079084,1.103405
392,-1.077543,1.095267
393,-1.075497,1.087227
394,-1.073092,1.079334
395,-1.070203,1.071593
396,-1.066871,1.064025
397,-1.062814,1.056320
398,-1.058353,1.048818
399,-1.053231,1.038629
400,-1.047473,1.028618
401,-1.040580,1.019151
402,-1.028880,1.009074
403,-1.014985,0.999285
404,-1.001135,0.990508
405,-0.997099,0.988026
406,-0.991000,0.983084
407,-0.988672,0.973228
408,-0.986614,0.964126
409,-0.984250,0.955362
410,-0.978863,0.949746
411,-0.970207,0.949969
412,-0.962451,0.950842
413,-0.954812,0.951935
414,-0.947239,0.953451
415,-0.939763,0.955395
416,-0.932409,0.957764
417,-0.925203,0.960551
418,-0.918169,0.963746
419,-0.911330,0.967339
420,-0.904709,0.971321
421,-0.898329,0.975677
422,-0.892210,0.980395
423,-0.886299,0.985514
424,-0.880837,0.991119
425,-0.875622,0.996891
426,-0.870759,1.002953
427,-0.866269,1.009304
428,-0.862170,1.015932
429,-0.859689,1.021696
430,-0.858203,1.025336
431,-0.858346,1.028833
432,-0.858654,1.029855
433,-0.857901,1.026706
434,-0.861286,1.025757
435,-0.867426,1.025041
436,-0.872159,1.021149
437,-0.875558,1.015954
438,-0.878973,1.010371
439,-0.882438,1.004468
440,-0.885935,0.998248
441,-0.889819,0.991674
442,-0.893095,0.986888
443,-0.894217,0.985327
444,-0.895705,0.972985
445,-0.896303,0.956001
446,-0.895880,0.939009
447,-0.894490,0.922068
448,-0.892138,0.905234
449,-0.888833,0.888561
450,-0.884585,0.872103
451,-0.879407,0.855914
452,-0.873316,0.840045
453,-0.866332,0.824548
454,-0.858478,0.809474
455,-0.856259,0.805274
456,-0.856259,0.805274
457,-0.856259,0.805274
458,-0.844047,0.806234
459,-0.827266,0.808919
460,-0.810674,0.812609
461,-0.794319,0.817237
462,-0.778253,0.822789
463,-0.773773,0.824365
464,-0.764748,0.832649
465,-0.753189,0.845106
466,-0.744848,0.855260
467,-0.736171,0.868054
468,-0.727840,0.881643
469,-0.719930,0.895992
470,-0.712443,0.911040
471,-0.705774,0.926660
472,-0.700005,0.942649
473,-0.695155,0.958939
474,-0.691240,0.975480
475,-0.688272,0.992216
476,-0.686262,1.009095
477,-0.685215,1.026060
478,-0.685135,1.043057
479,-0.686022,1.060032
480,-0.687873,1.076928
481,-0.690683,1.093692
482,-0.694433,1.110258
483,-0.699129,1.126594
484,-0.704747,1.142636
485,-0.711360,1.157797
486,-0.718867,1.171831
487,-0.727143,1.186042
488,-0.736234,1.200316
489,-0.746131,1.214135
490,-0.756797,1.227369
491,-0.768200,1.239975
492,-0.780301,1.251911
493,-0.793062,1.263139
494,-0.806441,1.273624
495,-0.820394,1.283330
496,-0.834878,1.292227
497,-0.849844,1.300285
498,-0.865244,1.307478
499,-0.881029,1.313784
500,-0.896916,1.318899
501,-0.912414,1.322446
502,-0.928551,1.325532
503,-0.945275,1.328050
504,-0.962195,1.329669
505,-0.979180,1.330324
506,-0.996175,1.330011
507,-1.013124,1.328731
508,-1.029973,1.326489
509,-1.046667,1.323293
510,-1.063152,1.319151
511,-1.079375,1.314079
512,-1.095283,1.308091
513,-1.110825,1.301208
514,-1.125950,1.293453
515,-1.140582,1.284877
516,-1.144386,1.282747
517,-1.141746,1.278035
518,-1.143543,1.271804
519,-1.150651,1.263349
520,-1.157824,1.253626
521,-1.164432,1.243250
522,-1.170083,1.233249
523,-1.175216,1.223771
524,-1.179908,1.213773
525,-1.184048,1.203529
526,-1.187623,1.192873
527,-1.191730,1.189748
528,-1.191096,1.185167
529,-1.188934,1.176268
530,-1.185944,1.166432
531,-1.182864,1.157033
532,-1.179432,1.147960
533,-1.175224,1.138871
534,-1.170260,1.129877
535,-1.164493,1.121069
536,-1.158807,1.111878
537,-1.155814,1.100912
538,-1.153473,1.091014
539,-1.151635,1.084108
540,-1.152789,1.078315
541,-1.153317,1.073247
542,-1.153136,1.068099
543,-1.153230,1.062633
544,-1.152484,1.057787
545,-1.151178,1.053000
546,-1.149287,1.048075
547,-1.146675,1.042911
548,-1.143003,1.037412
549,-1.138955,1.031706
550,-1.134145,1.025378
551,-1.129674,1.019542
552,-1.130329,1.015323
553,-1.132944,1.011587
554,-1.137308,1.007034
555,-1.140266,1.000846
556,-1.142844,0.993947
557,-1.149267,0.987601
558,-1.155713,0.983019
559,-1.158937,0.981749
560,-1.155731,0.979740
561,-1.155651,0.975295
562,-1.158456,0.973250
563,-1.160531,0.971120
564,-1.164199,0.963640
565,-1.168518,0.954246
566,-1.170464,0.943177
567,-1.169615,0.930906
568,-1.167898,0.918020
569,-1.165630,0.904840
570,-1.164282,0.895158
571,-1.161858,0.886126
572,-1.157663,0.877643
573,-1.152413,0.870785
574,-1.146774,0.864785
575,-1.140871,0.859088
576,-1.134247,0.847921
577,-1.127350,0.833131
578,-1.119323,0.816890
579,-1.110417,0.801095
580,-1.100658,0.785909
581,-1.090085,0.771376
582,-1.078740,0.757537
583,-1.066667,0.744433
584,-1.053913,0.732100
585,-1.040524,0.720572
586,-1.026550,0.709881
587,-1.012042,0.700053
588,-0.997052,0.691116
589,-0.981926,0.683323
590,-0.966696,0.676586
591,-0.951162,0.670758
592,-0.935374,0.665853
593,-0.919387,0.661880
594,-0.903255,0.658846
595,-0.887032,0.656755
596,-0.870773,0.655606
597,-0.854531,0.655397
598,-0.838360,0.656123
599,-0.822313,0.657774
600,-0.806442,0.660338
601,-0.790799,0.663801
602,-0.775433,0.668146
603,-0.760394,0.673351
604,-0.745728,0.679395
605,-0.731482,0.686250
606,-0.717701,0.693890
607,-0.704426,0.702284
608,-0.691698,0.711399
609,-0.679556,0.721200
610,-0.668037,0.731652
611,-0.657173,0.742714
612,-0.646997,0.754347
613,-0.637538,0.766509
614,-0.628823,0.779155
615,-0.621127,0.791967
616,-0.613941,0.805425
617,-0.607562,0.819232
618,-0.602007,0.833340
619,-0.597288,0.847700
620,-0.593416,0.862263
621,-0.590400,0.876981
622,-0.588242,0.891803
623,-0.586947,0.906679
624,-0.586512,0.921561
625,-0.586934,0.936399
626,-0.588207,0.951144
627,-0.590321,0.965747
628,-0.592399,0.979952
629,-0.588734,0.992373
630,-0.587292,1.004980
631,-0.586480,1.008991
632,-0.586480,1.008991
633,-0.586602,1.010566
634,-0.586638,1.012215
635,-0.574560,1.010660
636,-0.557612,1.009408
637,-0.540617,1.009178
638,-0.523635,1.009915
639,-0.518891,1.010147
640,-0.518891,1.010147
641,-0.518891,1.010147
642,-0.518891,1.010147
643,-0.518891,1.010147
644,-0.518891,1.010147
645,-0.527506,1.018856
646,-0.540387,1.029941
647,-0.553914,1.040233
648,-0.568005,1.049739
649,-0.582614,1.058428
650,-0.586710,1.060833
651,-0.598862,1.062381
652,-0.615837,1.063170
653,-0.620584,1.063348
654,-0.620584,1.063348
655,-0.620584,1.063348
656,-0.620584,1.063348
657,-0.621387,1.051124
658,-0.621138,1.034132
659,-0.619868,1.017182
660,-0.617635,1.000332
661,-0.614448,0.983636
662,-0.610315,0.967148
663,-0.605251,0.950923
664,-0.599273,0.935011
665,-0.592398,0.919466
666,-0.584651,0.904337
667,-0.582462,0.900121
668,-0.582462,0.900121
669,-0.570789,0.896406
670,-0.554234,0.892567
671,-0.537475,0.889730
672,-0.520780,0.888651
673,-0.504004,0.888670
674,-0.487006,0.888722
675,-0.470039,0.889741
676,-0.453158,0.891724
677,-0.436417,0.894663
678,-0.431743,0.895512
679,-0.431743,0.895512
680,-0.431743,0.895512
681,-0.431743,0.895512
682,-0.431743,0.895512
683,-0.437946,0.906075
684,-0.447698,0.919993
685,-0.458271,0.933301
686,-0.469584,0.945987
687,-0.481601,0.958008
688,-0.494282,0.969327
689,-0.507586,0.979905
690,-0.521471,0.989709
691,-0.535892,0.998708
692,-0.539936,1.001199
693,-0.552052,1.003006
694,-0.569007,1.004157
695,-0.586004,1.004286
696,-0.602981,1.003448
697,-0.617964,1.001308
698,-0.633614,0.998360
699,-0.650201,0.994649
700,-0.666551,0.990000
701,-0.682609,0.984429
702,-0.687088,0.982846
703,-0.687088,0.982846
704,-0.687088,0.982846
705,-0.687920,0.970625
706,-0.687711,0.953632
707,-0.686480,0.936679
708,-0.684287,0.919824
709,-0.681139,0.903120
710,-0.680233,0.898458
711,-0.674801,0.889252
712,-0.679577,0.884503
713,-0.679136,0.880009
714,-0.675700,0.873060
715,-0.670990,0.865008
716,-0.665600,0.856806
717,-0.659810,0.848830
718,-0.653726,0.841196
719,-0.647381,0.833935
720,-0.640795,0.827056
721,-0.633992,0.820564
722,-0.626992,0.814460
723,-0.619816,0.808746
724,-0.612486,0.803424
725,-0.605021,0.798491
726,-0.597443,0.793946
727,-0.589768,0.789787
728,-0.582017,0.786010
729,-0.574207,0.782612
730,-0.566355,0.779586
731,-0.558477,0.776928
732,-0.550590,0.774630
733,-0.542707,0.772687
734,-0.534844,0.771090
735,-0.527013,0.769832
736,-0.519226,0.768905
737,-0.511497,0.768300
738,-0.503835,0.768008
739,-0.496251,0.768021
740,-0.488754,0.768330
741,-0.481354,0.768924
742,-0.474057,0.769797
743,-0.466871,0.770937
744,-0.459804,0.772336
745,-0.452860,0.773986
746,-0.446046,0.775877
747,-0.439367,0.778001
748,-0.432826,0.780350
749,-0.426428,0.782915
750,-0.420176,0.785689
751,-0.414073,0.788664
752,-0.408123,0.791833
753,-0.402327,0.795189
754,-0.396688,0.798726
755,-0.391208,0.802437
756,-0.385889,0.806317
757,-0.380733,0.810359
758,-0.375740,0.814559
759,-0.370914,0.818912
760,-0.366255,0.823412
761,-0.361766,0.828057
762,-0.357448,0.832841
763,-0.353302,0.837761
764,-0.349332,0.842813
765,-0.345539,0.847994
766,-0.341926,0.853300
767,-0.338495,0.858728
768,-0.335249,0.864275
769,-0.332192,0.869938
770,-0.329326,0.875714
771,-0.326655,0.881598
772,-0.324550,0.887658
773,-0.320891,0.894185
774,-0.315847,0.900466
775,-0.310970,0.906552
776,-0.306308,0.912828
777,-0.301874,0.919354
778,-0.297683,0.926132
779,-0.293749,0.933157
780,-0.290089,0.940423
781,-0.286717,0.947920
782,-0.283649,0.955639
783,-0.280900,0.963570
784,-0.278485,0.971702
785,-0.276418,0.980020
786,-0.274713,0.988513
787,-0.273385,0.997165
788,-0.272446,1.005960
789,-0.271909,1.014883
790,-0.271786,1.023914
791,-0.272089,1.033036
792,-0.272827,1.042229
793,-0.274011,1.051472
794,-0.275648,1.060744
795,-0.277747,1.070022
796,-0.280314,1.079283
797,-0.283354,1.088504
798,-0.286871,1.097660
799,-0.290868,1.106726
800,-0.295347,1.115676
801,-0.300306,1.124483
802,-0.305746,1.133123
803,-0.311668,1.141194
804,-0.318031,1.149417
805,-0.324856,1.157392
806,-0.332140,1.165092
807,-0.339873,1.172490
808,-0.348045,1.179559
809,-0.356642,1.186273
810,-0.365652,1.192605
811,-0.375057,1.198528
812,-0.384841,1.204019
813,-0.394984,1.209052
814,-0.405466,1.213604
815,-0.416265,1.217651
816,-0.427356,1.221173
817,-0.438714,1.224146
818,-0.450312,1.226554
819,-0.462123,1.228376
820,-0.474116,1.229596
821,-0.486261,1.230200
822,-0.498525,1.230172
823,-0.510876,1.229500
824,-0.523280,1.228176
825,-0.535700,1.226189
826,-0.548103,1.223533
827,-0.560450,1.220205
828,-0.572704,1.216200
829,-0.584829,1.211519
830,-0.596785,1.206164
831,-0.608535,1.200137
832,-0.620039,1.193446
833,-0.631261,1.186098
834,-0.642160,1.178105
835,-0.652340,1.169574
836,-0.662492,1.160361
837,-0.672212,1.150549
838,-0.681463,1.140156
839,-0.690211,1.129203
840,-0.698419,1.117716
841,-0.706056,1.105719
842,-0.713088,1.093241
843,-0.719486,1.080314
844,-0.725275,1.068339
845,-0.727669,1.062258
846,-0.726294,1.056560
847,-0.723156,1.051427
848,-0.719103,1.046685
849,-0.714543,1.042245
850,-0.709657,1.038071
851,-0.706152,1.035877
852,-0.702873,1.035064
853,-0.697997,1.035587
854,-0.692167,1.037255
855,-0.685802,1.039804
856,-0.679211,1.043041
857,-0.672603,1.046849
858,-0.666115,1.051147
859,-0.659832,1.055882
860,-0.653803,1.061015
861,-0.648065,1.066514
862,-0.642643,1.072352
863,-0.637559,1.078504
864,-0.632833,1.084948
865,-0.628481,1.091658
866,-0.624520,1.098612
867,-0.621010,1.106055
868,-0.617815,1.113306
869,-0.615095,1.120767
870,-0.612787,1.128392
871,-0.610923,1.136148
872,-0.609508,1.144007
873,-0.608549,1.151942
874,-0.608047,1.159923
875,-0.608003,1.167924
876,-0.609739,1.177260
877,-0.613010,1.187627
878,-0.616852,1.197566
879,-0.621227,1.207139
880,-0.626175,1.216314
881,-0.631635,1.224969
882,-0.637596,1.233007
883,-0.644117,1.240345
884,-0.651313,1.246899
885,-0.652697,1.248065
886,-0.652697,1.248065
887,-0.656987,1.242855
888,-0.669811,1.235554
889,-0.685433,1.228854
890,-0.689788,1.226957
891,-0.698189,1.218042
892,-0.708815,1.204781
893,-0.718627,1.190901
894,-0.727634,1.176486
895,-0.730128,1.172443
896,-0.730945,1.163185
897,-0.731178,1.149387
898,-0.731316,1.132390
899,-0.730488,1.115413
900,-0.728694,1.098510
901,-0.725942,1.081737
902,-0.722240,1.065147
903,-0.717600,1.048795
904,-0.712038,1.032734
905,-0.705570,1.017015
906,-0.698915,1.011231
907,-0.697129,1.011123
908,-0.696646,1.011111
909,-0.683984,1.010963
910,-0.666925,1.012119
911,-0.650068,1.014303
912,-0.633363,1.017442
913,-0.616864,1.021527
914,-0.600624,1.026544
915,-0.586554,1.031401
916,-0.574009,1.037063
917,-0.563582,1.043366
918,-0.555691,1.056000
919,-0.553124,1.072876
920,-0.553051,1.090002
921,-0.552030,1.100923
922,-0.549832,1.108124
923,-0.547398,1.118390
924,-0.546265,1.126087
925,-0.549615,1.131658
926,-0.560249,1.136346
927,-0.568933,1.136894
928,-0.570758,1.138622
929,-0.570130,1.141624
930,-0.573230,1.146360
931,-0.581217,1.157598
932,-0.590733,1.171308
933,-0.601506,1.185611
934,-0.611177,1.196947
935,-0.617231,1.202193
936,-0.621949,1.205001
937,-0.628008,1.208967
938,-0.634270,1.212673
939,-0.640543,1.215995
940,-0.646097,1.218155
941,-0.650724,1.219103
942,-0.655018,1.219515
943,-0.659201,1.219603
944,-0.663341,1.219429
945,-0.667451,1.219014
946,-0.671528,1.218364
947,-0.675560,1.217481
948,-0.679526,1.216302
949,-0.683450,1.214956
950,-0.687280,1.213400
951,-0.691012,1.211631
952,-0.694637,1.209653
953,-0.698144,1.207472
954,-0.701521,1.205095
955,-0.704726,1.202466
956,-0.707821,1.199707
957,-0.710750,1.196788
958,-0.713507,1.193709
959,-0.716084,1.190479
960,-0.718473,1.187107
961,-0.720609,1.183573
962,-0.722658,1.179876
963,-0.724734,1.177039
964,-0.728203,1.180436
965,-0.731117,1.183133
966,-0.732870,1.181859
967,-0.734406,1.180663
968,-0.736778,1.182845
969,-0.737411,1.181654
970,-0.736890,1.178154
971,-0.736576,1.173913
972,-0.736213,1.169758
973,-0.735671,1.165652
974,-0.734912,1.161591
975,-0.733796,1.157552
976,-0.732584,1.153561
977,-0.731168,1.149698
978,-0.729454,1.145951
979,-0.727567,1.142257
980,-0.725488,1.138687
981,-0.723214,1.135246
982,-0.720612,1.131961
983,-0.717928,1.128775
984,-0.715131,1.125764
985,-0.712102,1.122986
986,-0.708923,1.120320
987,-0.705619,1.117847
988,-0.702185,1.115567
989,-0.698504,1.113547
990,-0.694845,1.111721
991,-0.691038,1.110020
992,-0.687187,1.108638
993,-0.683213,1.107422
994,-0.679206,1.106434
995,-0.675158,1.105675
996,-0.671076,1.105148
997,-0.667957,1.105545
998,-0.669795,1.108643
999,-0.672321,1.112031
1000,-0.675187,1.115537
1001,-0.678149,1.119048
1002,-0.681291,1.122626
1003,-0.684592,1.126298
1004,-0.688055,1.130113
1005,-0.691696,1.134274
1006,-0.695570,1.138599
1007,-0.699678,1.143307
1008,-0.704088,1.148512
1009,-0.708882,1.154343
1010,-0.710800,1.159836
1011,-0.709381,1.163746
1012,-0.706977,1.167018
1013,-0.704312,1.170201
1014,-0.701784,1.173436
1015,-0.699419,1.176797
1016,-0.697242,1.180284
1017,-0.695369,1.184013
1018,-0.693622,1.187721
1019,-0.692080,1.191527
1020,-0.690747,1.195459
1021,-0.689637,1.199456
1022,-0.688759,1.203480
1023,-0.688112,1.207539
1024,-0.687806,1.211717
1025,-0.687666,1.215792
1026,-0.687737,1.219888
1027,-0.688016,1.224048
1028,-0.688583,1.228110
1029,-0.689346,1.232167
1030,-0.690335,1.236157
1031,-0.691548,1.240079
1032,-0.693121,1.243952
1033,-0.694793,1.247671
1034,-0.696664,1.251311
1035,-0.698780,1.254872
1036,-0.701067,1.258321
1037,-0.703533,1.261610
1038,-0.706177,1.264746
1039,-0.708995,1.267725
1040,-0.712110,1.270489
1041,-0.715248,1.273094
1042,-0.718560,1.275604
1043,-0.722003,1.277815
1044,-0.725568,1.279883
1045,-0.729228,1.281738
1046,-0.732982,1.283381
1047,-0.736822,1.284806
1048,-0.740838,1.285880
1049,-0.744807,1.286837
1050,-0.748880,1.287647
1051,-0.756446,1.286381
1052,-0.766580,1.283434
1053,-0.776935,1.279706
1054,-0.787162,1.275333
1055,-0.797149,1.270366
1056,-0.806844,1.264832
1057,-0.816210,1.258753
1058,-0.825127,1.252086
1059,-0.833718,1.244987
1060,-0.841903,1.237403
1061,-0.849647,1.229363
1062,-0.856921,1.220894
1063,-0.863701,1.212023
1064,-0.869861,1.202783
1065,-0.875580,1.193191
1066,-0.880752,1.183297
1067,-0.885353,1.173125
1068,-0.889369,1.162707
1069,-0.892784,1.152078
1070,-0.895588,1.141271
1071,-0.897342,1.130299
1072,-0.898878,1.119256
1073,-0.899796,1.108142
1074,-0.900084,1.096994
1075,-0.899738,1.085847
1076,-0.898757,1.074737
1077,-0.897144,1.063702
1078,-0.894931,1.052748
1079,-0.892079,1.041977
1080,-0.888612,1.031379
1081,-0.884545,1.020993
1082,-0.879891,1.010855
1083,-0.874667,1.000998
1084,-0.868940,0.991491
1085,-0.862616,0.982213
1086,-0.855802,0.973376
1087,-0.848494,0.964942
1088,-0.840717,0.956937
1089,-0.832495,0.949389
1090,-0.823856,0.942320
1091,-0.814628,0.936136
1092,-0.805245,0.930084
1093,-0.795549,0.924602
1094,-0.785550,0.919678
1095,-0.775284,0.915330
1096,-0.764786,0.911574
1097,-0.754091,0.908423
1098,-0.743233,0.905885
1099,-0.732231,0.903938
1100,-0.721165,0.902651
1101,-0.710035,0.902000
1102,-0.698884,0.901985
1103,-0.687747,0.902608
1104,-0.676689,0.903886
1105,-0.665633,0.905791
1106,-0.654723,0.908268
1107,-0.644014,0.911379
1108,-0.633496,0.915097
1109,-0.623208,0.919410
1110,-0.613414,0.924621
1111,-0.603718,0.930101
1112,-0.594329,0.936102
1113,-0.585262,0.942602
1114,-0.576616,0.949620
1115,-0.568380,0.957124
1116,-0.560584,0.965087
1117,-0.553255,0.973482
1118,-0.546415,0.982281
1119,-0.540087,0.991457
1120,-0.534257,1.000984
1121,-0.529018,1.010808
1122,-0.524346,1.020925
1123,-0.520259,1.031295
1124,-0.516769,1.041882
1125,-0.513886,1.052651
1126,-0.511622,1.063568
1127,-0.509978,1.074636
1128,-0.508967,1.085758
1129,-0.508586,1.096908
1130,-0.509214,1.107989
1131,-0.509105,1.116129
1132,-0.510336,1.124606
1133,-0.513485,1.134616
1134,-0.517551,1.144645
1135,-0.522457,1.154573
1136,-0.527913,1.164200
1137,-0.533836,1.173546
1138,-0.540165,1.182628
1139,-0.546848,1.191460
1140,-0.553794,1.200122
1141,-0.561016,1.208554
1142,-0.568454,1.216848
1143,-0.576054,1.225075
1144,-0.583762,1.233326
1145,-0.591529,1.241720
1146,-0.599309,1.250477
1147,-0.607028,1.259653
1148,-0.612642,1.267141
1149,-0.616269,1.271763
1150,-0.619556,1.275078
1151,-0.622922,1.277866
1152,-0.626206,1.280353
1153,-0.629599,1.282633
1154,-0.633107,1.284712
1155,-0.636726,1.286587
1156,-0.640446,1.288252
1157,-0.644294,1.289770
1158,-0.648198,1.290945
1159,-0.652268,1.291844
1160,-0.656255,1.292593
1161,-0.660285,1.293130
1162,-0.664342,1.293442
1163,-0.668411,1.293523
1164,-0.672545,1.293411
1165,-0.676595,1.293052
1166,-0.680626,1.292366
1167,-0.684657,1.291375
1168,-0.688560,1.290288
1169,-0.692408,1.288991
1170,-0.696182,1.287479
1171,-0.699865,1.285755
1172,-0.703522,1.283838
1173,-0.706958,1.281647
1174,-0.710309,1.279307
1175,-0.713478,1.276646
1176,-0.716498,1.273951
1177,-0.719374,1.271089
1178,-0.722089,1.268068
1179,-0.724703,1.264876
1180,-0.727070,1.261580
1181,-0.729178,1.258073
1182,-0.732932,1.256393
1183,-0.736656,1.255613
1184,-0.738644,1.252899
1185,-0.740080,1.249401
1186,-0.741209,1.245604
1187,-0.742156,1.241626
1188,-0.742816,1.237636
1189,-0.743160,1.233580
1190,-0.743344,1.229509
1191,-0.743081,1.225209
1192,-0.741927,1.219095
1193,-0.740928,1.213612
1194,-0.740041,1.208897
1195,-0.739042,1.204747
1196,-0.737770,1.200830
1197,-0.736337,1.196978
1198,-0.734709,1.193248
1199,-0.732725,1.189638
1200,-0.730683,1.186154
1201,-0.728448,1.182781
1202,-0.726026,1.179457
1203,-0.723438,1.176349
1204,-0.720618,1.173459
1205,-0.717639,1.170654
1206,-0.714537,1.168036
1207,-0.711144,1.165695
1208,-0.707774,1.163475
1209,-0.704281,1.161440
1210,-0.700646,1.159528
1211,-0.696951,1.157892
1212,-0.693157,1.156551
1213,-0.689238,1.155353
1214,-0.685300,1.154377
1215,-0.681222,1.153749
1216,-0.677230,1.153260
1217,-0.673141,1.152935
1218,-0.669110,1.152860
1219,-0.671931,1.153645
1220,-0.675749,1.153754
1221,-0.679944,1.153385
1222,-0.684138,1.152660
1223,-0.688357,1.151692
1224,-0.692542,1.150419
1225,-0.696633,1.148906
1226,-0.700627,1.147164
1227,-0.704513,1.145196
1228,-0.708281,1.143011
1229,-0.711968,1.140638
1230,-0.715477,1.138027
1231,-0.718822,1.135228
1232,-0.722001,1.132246
1233,-0.725003,1.129090
1234,-0.727819,1.125768
1235,-0.730500,1.122404
1236,-0.732924,1.118751
1237,-0.735146,1.114979
1238,-0.737151,1.111092
1239,-0.738932,1.107101
1240,-0.740521,1.102995
1241,-0.741836,1.098835
1242,-0.742911,1.094602
1243,-0.743742,1.090315
1244,-0.744326,1.085987
1245,-0.744663,1.081634
1246,-0.744780,1.077237
1247,-0.744620,1.072879
1248,-0.744210,1.068535
1249,-0.743551,1.064223
1250,-0.742648,1.059955
1251,-0.741502,1.055745
1252,-0.740107,1.051558
1253,-0.738486,1.047544
1254,-0.736634,1.043601
1255,-0.734559,1.039765
1256,-0.732268,1.036052
1257,-0.729790,1.032425
1258,-0.727079,1.028982
1259,-0.724184,1.025708
1260,-0.721110,1.022607
1261,-0.717866,1.019687
1262,-0.714462,1.016958
1263,-0.710910,1.014368
1264,-0.707203,1.012034
1265,-0.703380,1.009922
1266,-0.699445,1.008031
1267,-0.695410,1.006367
1268,-0.691369,1.004971
1269,-0.687243,1.003661
1270,-0.682958,1.002700
1271,-0.678611,1.001939
1272,-0.674267,1.001455
1273,-0.669901,1.001220
1274,-0.665529,1.001233
1275,-0.661166,1.001496
1276,-0.656826,1.002007
1277,-0.652484,1.002742
1278,-0.648235,1.003742
1279,-0.644048,1.004986
1280,-0.639939,1.006466
1281,-0.635922,1.008179
1282,-0.632009,1.010117
1283,-0.628169,1.012268
1284,-0.624506,1.014637
1285,-0.620984,1.017213
1286,-0.617615,1.019987
1287,-0.614410,1.022947
1288,-0.611489,1.026007
1289,-0.608550,1.029333
1290,-0.605882,1.032788
1291,-0.603357,1.036267
1292,-0.601108,1.040034
1293,-0.599065,1.043908
1294,-0.597242,1.047884
1295,-0.595607,1.051977
1296,-0.594248,1.056128
1297,-0.593128,1.060352
1298,-0.592252,1.064632
1299,-0.591622,1.068954
1300,-0.591238,1.073305
1301,-0.591072,1.077705
1302,-0.591187,1.082068
1303,-0.591552,1.086418
1304,-0.592165,1.090739
1305,-0.593023,1.095019
1306,-0.594124,1.099240
1307,-0.595477,1.103428
1308,-0.597056,1.107474
1309,-0.598867,1.111440
1310,-0.600872,1.115277
1311,-0.603114,1.119036
1312,-0.605563,1.122646
1313,-0.608189,1.126159
1314,-0.611042,1.129478
1315,-0.614071,1.132620
1316,-0.617271,1.135581
1317,-0.620633,1.138355
1318,-0.624146,1.140932
1319,-0.627796,1.143362
1320,-0.631596,1.145532
1321,-0.635502,1.147477
1322,-0.639508,1.149194
1323,-0.643603,1.150679
1324,-0.647777,1.151930
1325,-0.651931,1.153042
1326,-0.656281,1.153833
1327,-0.660627,1.154356
1328,-0.664994,1.154635
1329,-0.669310,1.154665
1330,-0.673713,1.154472
1331,-0.678065,1.154020
1332,-0.682400,1.153349
1333,-0.686657,1.152407
1334,-0.690855,1.151222
1335,-0.694978,1.149800
1336,-0.699013,1.148145
1337,-0.702987,1.146274
1338,-0.706798,1.144177
1339,-0.710487,1.141862
1340,-0.714039,1.139338
1341,-0.717441,1.136615
1342,-0.720682,1.133703
1343,-0.723815,1.130567
1344,-0.726648,1.127326
1345,-0.729330,1.123906
1346,-0.731820,1.120332
1347,-0.734160,1.116624
1348,-0.736183,1.112840
1349,-0.738091,1.108850
1350,-0.739730,1.104799
1351,-0.741129,1.100673
1352,-0.742289,1.096478
1353,-0.743265,1.092208
1354,-0.743944,1.087891
1355,-0.744374,1.083555
1356,-0.744557,1.079205
1357,-0.744493,1.074853
1358,-0.744180,1.070512
1359,-0.743750,1.066242
1360,-0.742920,1.061938
1361,-0.741866,1.057692
1362,-0.740596,1.053476
1363,-0.739080,1.049389
1364,-0.737331,1.045391
1365,-0.735355,1.041499
1366,-0.733161,1.037725
1367,-0.730755,1.034084
1368,-0.728177,1.030566
1369,-0.725380,1.027199
1370,-0.722401,1.024014
1371,-0.719248,1.021007
1372,-0.715930,1.018186
1373,-0.712458,1.015559
1374,-0.708787,1.013082
1375,-0.705070,1.010919
1376,-0.701206,1.008937
1377,-0.697228,1.007174
1378,-0.693153,1.005639
1379,-0.688998,1.004339
1380,-0.684776,1.003279
1381,-0.680487,1.002407
1382,-0.676152,1.001830
1383,-0.671804,1.001503
1384,-0.667448,1.001424
1385,-0.663097,1.001593
1386,-0.658764,1.002009
1387,-0.654431,1.002614
1388,-0.650099,1.003515
1389,-0.645880,1.004654
1390,-0.641747,1.006026
1391,-0.637702,1.007629
1392,-0.633757,1.009459
1393,-0.629924,1.011509
1394,-0.626192,1.013795
1395,-0.622640,1.016270
1396,-0.619178,1.018919
1397,-0.615891,1.021807
1398,-0.612787,1.024868
1399,-0.609866,1.028096
1400,-0.607135,1.031483
1401,-0.604602,1.035020
1402,-0.602222,1.038684
1403,-0.600095,1.042505
1404,-0.598198,1.046427
1405,-0.596529,1.050447
1406,-0.595146,1.054451
1407,-0.593914,1.058655
1408,-0.592884,1.062902
1409,-0.592146,1.067208
1410,-0.591658,1.071533
1411,-0.591416,1.075873
1412,-0.591421,1.080218
1413,-0.591675,1.084601
1414,-0.592139,1.088911
1415,-0.592894,1.093208
1416,-0.593892,1.097446
1417,-0.595128,1.101617
1418,-0.596600,1.105709
1419,-0.598302,1.109710
1420,-0.600191,1.113646
1421,-0.602346,1.117448
1422,-0.604708,1.121108
1423,-0.607272,1.124623
1424,-0.610030,1.127985
1425,-0.612974,1.131185
1426,-0.615966,1.134256
1427,-0.619246,1.137065
1428,-0.622724,1.139770
1429,-0.626323,1.142250
1430,-0.630048,1.144516
1431,-0.633892,1.146565
1432,-0.637863,1.148433
1433,-0.641909,1.150030
1434,-0.646043,1.151393
1435,-0.650247,1.152518
1436,-0.654509,1.153400
1437,-0.658813,1.154038
1438,-0.663176,1.154463
1439,-0.667520,1.154607
1440,-0.671867,1.154502
1441,-0.676201,1.154148
1442,-0.680507,1.153547
1443,-0.684772,1.152702
1444,-0.689024,1.151605
1445,-0.693133,1.150273
1446,-0.697108,1.148726
1447,-0.701124,1.146940
1448,-0.705018,1.144972
1449,-0.708779,1.142738
1450,-0.712386,1.140303
1451,-0.715844,1.137671
1452,-0.719146,1.134848
1453,-0.722280,1.131842
1454,-0.725283,1.128689
1455,-0.728073,1.125328
1456,-0.730655,1.121827
1457,-0.733032,1.118188
1458,-0.735196,1.114422
1459,-0.737142,1.110540
1460,-0.738956,1.106668
1461,-0.740433,1.102549
1462,-0.741692,1.098368
1463,-0.742755,1.094104
1464,-0.743539,1.089820
1465,-0.744077,1.085497
1466,-0.744382,1.081188
1467,-0.744444,1.076820
1468,-0.744253,1.072471
1469,-0.743842,1.068110
1470,-0.743159,1.063820
1471,-0.742230,1.059575
1472,-0.741059,1.055390
1473,-0.739652,1.051279
1474,-0.738013,1.047256
1475,-0.736163,1.043290
1476,-0.734080,1.039486
1477,-0.731780,1.035804
1478,-0.729274,1.032259
1479,-0.726570,1.028864
1480,-0.723676,1.025629
1481,-0.720573,1.022531
1482,-0.717363,1.019625
1483,-0.713941,1.016924
1484,-0.710379,1.014428
1485,-0.706729,1.012167
1486,-0.702895,1.010061
1487,-0.698969,1.008196
1488,-0.694954,1.006504
1489,-0.690828,1.005091
1490,-0.686643,1.003922
1491,-0.682404,1.002993
1492,-0.678119,1.002307
1493,-0.673805,1.001866
1494,-0.669546,1.001544
1495,-0.665177,1.001625
1496,-0.660826,1.001932
1497,-0.656503,1.002477
1498,-0.652222,1.003265
1499,-0.647993,1.004294
1500,-0.643791,1.005540
1501,-0.639712,1.007041
1502,-0.635723,1.008774
1503,-0.631841,1.010733
1504,-0.628137,1.012879
1505,-0.624453,1.015265
1506,-0.620904,1.017838
1507,-0.617562,1.020606
1508,-0.614386,1.023562
1509,-0.611384,1.026694
1510,-0.608567,1.029991
1511,-0.605942,1.033444
1512,-0.603492,1.037078
1513,-0.601305,1.040790
1514,-0.599318,1.044639
1515,-0.597551,1.048599
1516,-0.595961,1.052642
1517,-0.594643,1.056806
1518,-0.593573,1.061020
1519,-0.592745,1.065283
1520,-0.592161,1.069584
1521,-0.591824,1.073910
1522,-0.591681,1.078252
1523,-0.591841,1.082540
1524,-0.592216,1.086921
1525,-0.592849,1.091223
1526,-0.593725,1.095470
1527,-0.594841,1.099657
1528,-0.596041,1.103747
1529,-0.597668,1.107798
1530,-0.599495,1.111753
1531,-0.601520,1.115639
1532,-0.603769,1.119358
1533,-0.606227,1.122941
1534,-0.608885,1.126379
1535,-0.611735,1.129659
1536,-0.614767,1.132770
1537,-0.617971,1.135751
1538,-0.621333,1.138495
1539,-0.624849,1.141042
1540,-0.628504,1.143384
1541,-0.632287,1.145513
1542,-0.636184,1.147423
1543,-0.640188,1.149124
1544,-0.644266,1.150579
1545,-0.648425,1.151801
1546,-0.652646,1.152783
1547,-0.656917,1.153523
1548,-0.661222,1.154019
1549,-0.665548,1.154267
1550,-0.669891,1.154324
1551,-0.674243,1.154081
1552,-0.678557,1.153590
1553,-0.682830,1.152855
1554,-0.687053,1.151878
1555,-0.691212,1.150663
1556,-0.695312,1.149262
1557,-0.699337,1.147575
1558,-0.703238,1.145667
1559,-0.707018,1.143542
1560,-0.710669,1.141207
1561,-0.714180,1.138669
1562,-0.717524,1.135947
1563,-0.720797,1.133046
1564,-0.723837,1.129943
1565,-0.726690,1.126678
1566,-0.729350,1.123259
1567,-0.731810,1.119695
1568,-0.734107,1.116025
1569,-0.736166,1.112180
1570,-0.737989,1.108242
1571,-0.739582,1.104212
1572,-0.740942,1.100100
1573,-0.742066,1.095918
1574,-0.742950,1.091680
1575,-0.743652,1.087381
1576,-0.744050,1.083059
1577,-0.744200,1.078728
1578,-0.744104,1.074398
1579,-0.743762,1.070082
1580,-0.743175,1.065793
1581,-0.742496,1.061617
1582,-0.741428,1.057370
1583,-0.740129,1.053218
1584,-0.738617,1.049115
1585,-0.736866,1.045152
1586,-0.734888,1.041293
1587,-0.732692,1.037554
1588,-0.730286,1.033946
1589,-0.727679,1.030482
1590,-0.724884,1.027129
1591,-0.721906,1.023988
1592,-0.718749,1.021021
1593,-0.715427,1.018239
1594,-0.711952,1.015652
1595,-0.708336,1.013268
1596,-0.704544,1.011060
1597,-0.700705,1.009139
1598,-0.696738,1.007418
1599,-0.692725,1.005938
1600,-0.688559,1.004646
1601,-0.684351,1.003608
1602,-0.680098,1.002756
1603,-0.675782,1.002197
1604,-0.671459,1.001890
1605,-0.667131,1.001829
1606,-0.662809,1.002015
1607,-0.658505,1.002446
1608,-0.654227,1.003069
1609,-0.649970,1.003988
1610,-0.645793,1.005147
1611,-0.641695,1.006540
1612,-0.637684,1.008163
1613,-0.633774,1.010011
1614,-0.629976,1.012079
1615,-0.626250,1.014236
1616,-0.622699,1.016740
1617,-0.619292,1.019436
1618,-0.616087,1.022281
1619,-0.612966,1.025348
1620,-0.610054,1.028571
1621,-0.607292,1.031950
1622,-0.604774,1.035469
1623,-0.602462,1.039129
1624,-0.600363,1.042916
1625,-0.598484,1.046817
1626,-0.596831,1.050817
1627,-0.595389,1.054950
1628,-0.594228,1.059085
1629,-0.593291,1.063304
1630,-0.592595,1.067576
1631,-0.592143,1.071882
1632,-0.591938,1.076205
1633,-0.591979,1.080533
1634,-0.592267,1.084851
1635,-0.592801,1.089145
1636,-0.593524,1.093409
1637,-0.594531,1.097588
1638,-0.595775,1.101780
1639,-0.597252,1.105854
1640,-0.598956,1.109828
1641,-0.600882,1.113696
1642,-0.603024,1.117447
1643,-0.605247,1.121089
1644,-0.607826,1.124588
1645,-0.610587,1.127937
1646,-0.613524,1.131168
1647,-0.616636,1.134179
1648,-0.619918,1.137008
1649,-0.623356,1.139645
1650,-0.626939,1.142081
1651,-0.630655,1.144308
1652,-0.634500,1.146365
1653,-0.638439,1.148155
1654,-0.642477,1.149715
1655,-0.646597,1.151041
1656,-0.650725,1.152110
1657,-0.655005,1.152996
1658,-0.658873,1.152943
1659,-0.662733,1.152632
1660,-0.666982,1.152585
1661,-0.671293,1.152413
1662,-0.675598,1.152028
1663,-0.679872,1.151410
1664,-0.684137,1.150543
1665,-0.688312,1.149494
1666,-0.692439,1.148150
1667,-0.696469,1.146576
1668,-0.700399,1.144776
1669,-0.704219,1.142756
1670,-0.707916,1.140522
1671,-0.711480,1.138081
1672,-0.714955,1.135475
1673,-0.718228,1.132639
1674,-0.721328,1.129625
1675,-0.724212,1.126483
1676,-0.726991,1.123128
1677,-0.729546,1.119641
1678,-0.731965,1.116133
1679,-0.734105,1.112356
1680,-0.736034,1.108474
1681,-0.737742,1.104494
1682,-0.739220,1.100426
1683,-0.740511,1.096265
1684,-0.741518,1.092060
1685,-0.742282,1.087803
1686,-0.742801,1.083510
1687,-0.743074,1.079194
1688,-0.743101,1.074870
1689,-0.742915,1.070532
1690,-0.742450,1.066238
1691,-0.741739,1.061976
1692,-0.740786,1.057761
1693,-0.739594,1.053609
1694,-0.738210,1.049603
1695,-0.736570,1.045580
1696,-0.734702,1.041685
1697,-0.732618,1.037908
1698,-0.730322,1.034258
1699,-0.727822,1.030746
1700,-0.725137,1.027287
1701,-0.722253,1.024106
1702,-0.719185,1.021076
1703,-0.715947,1.018223
1704,-0.712552,1.015559
1705,-0.709012,1.013093
1706,-0.705336,1.010833
1707,-0.701548,1.008720
1708,-0.697630,1.006887
1709,-0.693620,1.005283
1710,-0.689528,1.003910
1711,-0.685365,1.002773
1712,-0.681147,1.001875
1713,-0.676958,1.001107
1714,-0.672635,1.000704
1715,-0.668344,1.000527
1716,-0.663991,1.000582
1717,-0.659670,1.000887
1718,-0.655381,1.001436
1719,-0.651098,1.002200
1720,-0.646909,1.003227
1721,-0.642781,1.004496
1722,-0.638733,1.005999
1723,-0.634777,1.007732
1724,-0.630926,1.009687
1725,-0.627153,1.011842
1726,-0.623555,1.014215
1727,-0.620097,1.016794
1728,-0.616792,1.019569
1729,-0.613651,1.022527
1730,-0.610684,1.025659
1731,-0.607865,1.028992
1732,-0.605308,1.032426
1733,-0.602930,1.036018
1734,-0.600768,1.039704
1735,-0.598731,1.043530
1736,-0.596964,1.047498
1737,-0.595440,1.051540
1738,-0.594151,1.055656
1739,-0.593098,1.059836
1740,-0.592286,1.064068
1741,-0.591716,1.068339
1742,-0.591319,1.072657
1743,-0.591235,1.076980
1744,-0.591399,1.081291
1745,-0.591808,1.085583
1746,-0.592460,1.089842
1747,-0.593354,1.094057
1748,-0.594486,1.098213
1749,-0.595716,1.102284
1750,-0.597311,1.106345
1751,-0.599137,1.110265
1752,-0.601182,1.114074
1753,-0.603411,1.117735
1754,-0.605870,1.121312
1755,-0.608521,1.124725
1756,-0.611346,1.128023
1757,-0.614358,1.131107
1758,-0.617544,1.134012
1759,-0.620891,1.136731
1760,-0.623969,1.138907
1761,-0.626816,1.140786
1762,-0.630306,1.142891
1763,-0.634078,1.144789
1764,-0.638016,1.146464
1765,-0.642065,1.147906
1766,-0.646196,1.149110
1767,-0.650391,1.150075
1768,-0.654679,1.150807
1769,-0.658931,1.151268
1770,-0.663226,1.151493
1771,-0.667324,1.151641
1772,-0.671690,1.151438
1773,-0.675985,1.150959
1774,-0.680233,1.150232
1775,-0.684430,1.149263
1776,-0.688564,1.148056
1777,-0.692622,1.146616
1778,-0.696590,1.144947
1779,-0.700456,1.143056
1780,-0.704207,1.140948
1781,-0.707832,1.138630
1782,-0.711318,1.136110
1783,-0.714686,1.133554
1784,-0.717867,1.130609
1785,-0.720887,1.127511
1786,-0.723728,1.124257
1787,-0.726428,1.120857
1788,-0.728883,1.117314
1789,-0.731131,1.113634
1790,-0.733144,1.109881
1791,-0.734992,1.105953
1792,-0.736596,1.101948
1793,-0.738012,1.097856
1794,-0.739150,1.093711
1795,-0.740047,1.089505
1796,-0.740702,1.085255
1797,-0.741113,1.080976
1798,-0.741281,1.076681
1799,-0.741199,1.072343
