0,-0.334730,-0.826332
1,-0.334730,-0.826332
2,-0.333429,-0.838513
3,-0.330276,-0.855211
4,-0.326123,-0.871694
5,-0.321040,-0.887914
6,-0.319593,-0.892438
7,-0.311575,-0.901699
8,-0.299457,-0.913614
9,-0.286643,-0.924780
10,-0.273213,-0.935200
11,-0.259213,-0.944839
12,-0.244687,-0.953665
13,-0.229682,-0.961651
14,-0.214247,-0.968770
15,-0.198432,-0.975000
16,-0.182289,-0.980319
17,-0.165869,-0.984712
18,-0.149225,-0.988163
19,-0.132412,-0.990661
20,-0.115484,-0.992199
21,-0.098497,-0.992772
22,-0.081504,-0.992376
23,-0.064561,-0.991015
24,-0.047723,-0.988692
25,-0.031044,-0.985415
26,-0.014579,-0.981194
27,0.001619,-0.976043
28,0.017498,-0.969979
29,0.033007,-0.963021
30,0.048094,-0.955192
31,0.052297,-0.952980
32,0.052297,-0.952980
33,0.055950,-0.941288
34,0.059700,-0.924713
35,0.062447,-0.907939
36,0.064236,-0.891035
37,0.065060,-0.874058
38,0.064917,-0.857061
39,0.063807,-0.840100
40,0.061733,-0.823229
41,0.058704,-0.806504
42,0.054727,-0.789978
43,0.049817,-0.773705
44,0.048419,-0.769166
45,0.048419,-0.769166
46,0.048419,-0.769166
47,0.048419,-0.769166
48,0.048419,-0.769166
49,0.048419,-0.769166
50,0.048419,-0.769166
51,0.046447,-0.781256
52,0.045066,-0.798194
53,0.044706,-0.815187
54,0.045313,-0.832174
55,0.046885,-0.849099
56,0.047352,-0.853826
57,0.047352,-0.853826
58,0.056809,-0.861612
59,0.070752,-0.871326
60,0.085258,-0.880187
61,0.100244,-0.888208
62,0.115662,-0.895363
63,0.131462,-0.901630
64,0.147593,-0.906987
65,0.164003,-0.911418
66,0.180638,-0.914909
67,0.197445,-0.917447
68,0.214369,-0.919024
69,0.231356,-0.919637
70,0.248350,-0.919281
71,0.265296,-0.917960
72,0.282139,-0.915676
73,0.298825,-0.912438
74,0.315300,-0.908256
75,0.331511,-0.903143
76,0.347404,-0.897117
77,0.362928,-0.890195
78,0.378034,-0.882402
79,0.392672,-0.873762
80,0.406794,-0.864303
81,0.410726,-0.861637
82,0.410726,-0.861637
83,0.413054,-0.849610
84,0.414937,-0.832721
85,0.415801,-0.815746
86,0.415697,-0.798748
87,0.414627,-0.781785
88,0.412593,-0.764909
89,0.409603,-0.748177
90,0.405665,-0.731642
91,0.400793,-0.715357
92,0.395003,-0.699377
93,0.388312,-0.683751
94,0.380744,-0.668532
95,0.378604,-0.664291
96,0.378604,-0.664291
97,0.378604,-0.664291
98,0.378604,-0.664291
99,0.378604,-0.664291
100,0.370234,-0.673235
101,0.359656,-0.686535
102,0.349893,-0.700450
103,0.340939,-0.714897
104,0.332820,-0.729830
105,0.325565,-0.745202
106,0.319195,-0.760961
107,0.316136,-0.772893
108,0.314472,-0.784254
109,0.312965,-0.796227
110,0.311681,-0.808926
111,0.311312,-0.812095
112,0.314384,-0.823953
113,0.319951,-0.840010
114,0.326475,-0.855705
115,0.333881,-0.871005
116,0.341667,-0.884791
117,0.350060,-0.896411
118,0.359055,-0.907182
119,0.368668,-0.917613
120,0.378657,-0.928001
121,0.389609,-0.938246
122,0.399242,-0.948012
123,0.405659,-0.958939
124,0.416599,-0.969210
125,0.427895,-0.978423
126,0.440770,-0.987239
127,0.454522,-0.995259
128,0.458824,-1.002338
129,0.462686,-1.015457
130,0.470170,-1.029598
131,0.479569,-1.043250
132,0.492010,-1.058198
133,0.506102,-1.073649
134,0.514693,-1.088635
135,0.524852,-1.103861
136,0.539002,-1.118331
137,0.554645,-1.131931
138,0.571095,-1.144703
139,0.588047,-1.156721
140,0.600867,-1.169975
141,0.610558,-1.184906
142,0.619974,-1.199939
143,0.627743,-1.215184
144,0.635850,-1.229259
145,0.644098,-1.241678
146,0.652959,-1.253467
147,0.662389,-1.264601
148,0.672347,-1.275054
149,0.682786,-1.284806
150,0.693661,-1.293838
151,0.704927,-1.302132
152,0.716535,-1.309676
153,0.728440,-1.316458
154,0.740593,-1.322471
155,0.752948,-1.327709
156,0.765458,-1.332169
157,0.778075,-1.335851
158,0.790754,-1.338758
159,0.803448,-1.340896
160,0.816113,-1.342272
161,0.828704,-1.342897
162,0.840808,-1.342740
163,0.853121,-1.341938
164,0.865237,-1.340433
165,0.877117,-1.338242
166,0.888723,-1.335388
167,0.900020,-1.331894
168,0.910974,-1.327785
169,0.921551,-1.323090
170,0.931723,-1.317837
171,0.941461,-1.312057
172,0.950738,-1.305782
173,0.959531,-1.299045
174,0.967818,-1.291879
175,0.975580,-1.284322
176,0.982799,-1.276407
177,0.989461,-1.268173
178,0.995553,-1.259655
179,1.001066,-1.250892
180,1.005991,-1.241921
181,1.010324,-1.232780
182,1.014061,-1.223507
183,1.017202,-1.214138
184,1.019749,-1.204712
185,1.021705,-1.195264
186,1.023076,-1.185830
187,1.023871,-1.176446
188,1.024099,-1.167147
189,1.023774,-1.157964
190,1.022909,-1.148930
191,1.021520,-1.140077
192,1.019625,-1.131434
193,1.017243,-1.123029
194,1.014434,-1.115259
195,1.011170,-1.107404
196,1.007489,-1.099859
197,1.003412,-1.092648
198,0.998966,-1.085790
199,0.994176,-1.079304
200,0.989070,-1.073204
201,0.983677,-1.067507
202,0.978024,-1.062223
203,0.972143,-1.057365
204,0.966061,-1.052939
205,0.959810,-1.048953
206,0.953418,-1.045411
207,0.946916,-1.042316
208,0.940332,-1.039668
209,0.933698,-1.037466
210,0.927040,-1.035708
211,0.920389,-1.034388
212,0.913771,-1.033499
213,0.907213,-1.033034
214,0.900742,-1.032983
215,0.894383,-1.033333
216,0.888160,-1.034071
217,0.882096,-1.035185
218,0.876213,-1.036656
219,0.870531,-1.038470
220,0.865070,-1.040606
221,0.859847,-1.043047
222,0.854878,-1.045772
223,0.850180,-1.048759
224,0.845764,-1.051988
225,0.841642,-1.055437
226,0.837825,-1.059081
227,0.834659,-1.062742
228,0.831463,-1.066686
229,0.828590,-1.070755
230,0.826044,-1.074926
231,0.823827,-1.079177
232,0.821939,-1.083482
233,0.820379,-1.087820
234,0.819144,-1.092167
235,0.818229,-1.096501
236,0.817630,-1.100799
237,0.817337,-1.105040
238,0.817343,-1.109204
239,0.817638,-1.113271
240,0.818211,-1.117223
241,0.819048,-1.121040
242,0.820136,-1.124707
243,0.821462,-1.128208
244,0.823008,-1.131528
245,0.824759,-1.134653
246,0.826698,-1.137573
247,0.828807,-1.140276
248,0.831068,-1.142752
249,0.833460,-1.144995
250,0.835966,-1.146997
251,0.838566,-1.148754
252,0.841240,-1.150261
253,0.843968,-1.151516
254,0.846731,-1.152520
255,0.849508,-1.153272
256,0.852280,-1.153774
257,0.855029,-1.154030
258,0.857735,-1.154045
259,0.860153,-1.153529
260,0.862703,-1.153095
261,0.865157,-1.152443
262,0.867500,-1.151583
263,0.869717,-1.150525
264,0.871794,-1.149281
265,0.873716,-1.147865
266,0.875471,-1.146289
267,0.878293,-1.144907
268,0.886136,-1.145559
269,0.893767,-1.146097
270,0.901300,-1.146200
271,0.908717,-1.145847
272,0.915992,-1.145051
273,0.923099,-1.143825
274,0.930015,-1.142187
275,0.936715,-1.140154
276,0.943177,-1.137745
277,0.949381,-1.134982
278,0.955309,-1.131884
279,0.960943,-1.128476
280,0.966267,-1.124779
281,0.971268,-1.120818
282,0.975933,-1.116617
283,0.980252,-1.112202
284,0.984216,-1.107599
285,0.987818,-1.102832
286,0.991053,-1.097928
287,0.993917,-1.092912
288,0.996408,-1.087811
289,0.998528,-1.082651
290,1.000277,-1.077457
291,1.001658,-1.072253
292,1.002471,-1.067375
293,1.003156,-1.062239
294,1.003495,-1.057165
295,1.003497,-1.052174
296,1.003171,-1.047288
297,1.002531,-1.042527
298,1.001590,-1.037910
299,1.000362,-1.033457
300,0.998862,-1.029184
301,0.997108,-1.025107
302,0.995117,-1.021240
303,0.992907,-1.017597
304,0.990497,-1.014190
305,0.987906,-1.011029
306,0.985156,-1.008122
307,0.982266,-1.005478
308,0.979257,-1.003102
309,0.976150,-1.000999
310,0.972966,-0.999171
311,0.969727,-0.997620
312,0.966453,-0.996347
313,0.963165,-0.995348
314,0.959883,-0.994622
315,0.956628,-0.994164
316,0.953418,-0.993969
317,0.950274,-0.994028
318,0.947212,-0.994334
319,0.944251,-0.994877
320,0.941408,-0.995647
321,0.938697,-0.996631
322,0.936134,-0.997817
323,0.933732,-0.999190
324,0.931504,-1.000736
325,0.929817,-1.002551
326,0.927976,-1.004375
327,0.926338,-1.006321
328,0.924911,-1.008375
329,0.923701,-1.010518
330,0.922714,-1.012732
331,0.921952,-1.014998
332,0.921418,-1.017299
333,0.921112,-1.019614
334,0.921036,-1.021927
335,0.921186,-1.024219
336,0.921559,-1.026471
337,0.922151,-1.028666
338,0.922956,-1.030785
339,0.923967,-1.032813
340,0.925176,-1.034733
341,0.926573,-1.036529
342,0.928148,-1.038187
343,0.929889,-1.039691
344,0.931783,-1.041030
345,0.933816,-1.042191
346,0.935975,-1.043162
347,0.938243,-1.043934
348,0.940606,-1.044497
349,0.943045,-1.044844
350,0.945545,-1.044969
351,0.948087,-1.044865
352,0.950653,-1.044530
353,0.953225,-1.043960
354,0.955785,-1.043155
355,0.958313,-1.042113
356,0.960791,-1.040838
357,0.963216,-1.038958
358,0.965519,-1.037223
359,0.967718,-1.035267
360,0.969795,-1.033098
361,0.971733,-1.030722
362,0.973514,-1.028150
363,0.975124,-1.025392
364,0.976545,-1.022459
365,0.977765,-1.019365
366,0.978769,-1.016124
367,0.979545,-1.012750
368,0.980082,-1.009260
369,0.980368,-1.005670
370,0.980394,-1.001998
371,0.980153,-0.998261
372,0.982089,-0.994257
373,0.989415,-0.990409
374,0.998445,-0.989546
375,1.007123,-0.991439
376,1.015355,-0.993859
377,1.023550,-0.995877
378,1.031737,-0.997386
379,1.039893,-0.998384
380,1.047984,-0.998878
381,1.055981,-0.998880
382,1.063856,-0.998401
383,1.071579,-0.997456
384,1.079124,-0.996060
385,1.086466,-0.994231
386,1.093580,-0.991987
387,1.102414,-0.988970
388,1.111216,-0.985657
389,1.119705,-0.981890
390,1.127853,-0.977675
391,1.135286,-0.973165
392,1.142695,-0.968159
393,1.149701,-0.962786
394,1.156286,-0.957074
395,1.162436,-0.951054
396,1.168137,-0.944755
397,1.173377,-0.938210
398,1.178148,-0.931450
399,1.182443,-0.924506
400,1.186256,-0.917410
401,1.189585,-0.910195
402,1.192429,-0.902891
403,1.194789,-0.895529
404,1.196667,-0.888141
405,1.198070,-0.880758
406,1.199003,-0.873408
407,1.199476,-0.866120
408,1.199498,-0.858923
409,1.199081,-0.851843
410,1.198240,-0.844907
411,1.196989,-0.838139
412,1.195345,-0.831563
413,1.193325,-0.825201
414,1.190948,-0.819074
415,1.188235,-0.813201
416,1.185207,-0.807600
417,1.181885,-0.802287
418,1.178293,-0.797277
419,1.174454,-0.792582
420,1.170393,-0.788215
421,1.166132,-0.784185
422,1.161699,-0.780500
423,1.157326,-0.777473
424,1.152642,-0.774479
425,1.147860,-0.771840
426,1.143004,-0.769559
427,1.138099,-0.767636
428,1.133170,-0.766068
429,1.128241,-0.764851
430,1.123334,-0.763981
431,1.118474,-0.763449
432,1.113682,-0.763248
433,1.108979,-0.763368
434,1.104387,-0.763798
435,1.099924,-0.764526
436,1.095610,-0.765538
437,1.091460,-0.766819
438,1.087493,-0.768353
439,1.083721,-0.770125
440,1.080160,-0.772117
441,1.076821,-0.774310
442,1.073715,-0.776686
443,1.070851,-0.779225
444,1.068238,-0.781908
445,1.065881,-0.784714
446,1.063787,-0.787623
447,1.061958,-0.790615
448,1.060397,-0.793668
449,1.059104,-0.796763
450,1.058079,-0.799878
451,1.057318,-0.802995
452,1.056819,-0.806092
453,1.056576,-0.809151
454,1.056584,-0.812153
455,1.057083,-0.814802
456,1.057548,-0.817622
457,1.058236,-0.820332
458,1.059135,-0.822918
459,1.060234,-0.825365
460,1.061518,-0.827660
461,1.062974,-0.829789
462,1.064587,-0.831740
463,1.066342,-0.833504
464,1.068222,-0.835071
465,1.070210,-0.836433
466,1.072289,-0.837583
467,1.074441,-0.838517
468,1.076648,-0.839229
469,1.078892,-0.839717
470,1.081155,-0.839979
471,1.083418,-0.840017
472,1.085663,-0.839830
473,1.087872,-0.839423
474,1.090027,-0.838797
475,1.092110,-0.837960
476,1.094106,-0.836918
477,1.095997,-0.835678
478,1.097767,-0.834249
479,1.099402,-0.832641
480,1.100888,-0.830867
481,1.102210,-0.828937
482,1.103356,-0.826866
483,1.104315,-0.824666
484,1.105076,-0.822354
485,1.105630,-0.819945
486,1.105969,-0.817456
487,1.105758,-0.814724
488,1.105637,-0.812143
489,1.105285,-0.809532
490,1.104699,-0.806912
491,1.103877,-0.804301
492,1.102818,-0.801717
493,1.101523,-0.799179
494,1.099994,-0.796705
495,1.097063,-0.794048
496,1.091364,-0.789503
497,1.085692,-0.785551
498,1.079730,-0.782741
499,1.078849,-0.782407
500,1.076292,-0.785207
501,1.065819,-0.792160
502,1.062003,-0.788687
503,1.060522,-0.786778
504,1.059092,-0.785935
505,1.057636,-0.786098
506,1.056033,-0.786914
507,1.052794,-0.787440
508,1.052286,-0.787508
509,1.049853,-0.796607
510,1.044679,-0.805246
511,1.035107,-0.796835
512,1.025898,-0.788578
513,1.016427,-0.783526
514,1.007699,-0.779140
515,0.997842,-0.774194
516,0.987125,-0.769672
517,0.975932,-0.765767
518,0.964439,-0.762542
519,0.952771,-0.759945
520,0.940902,-0.758057
521,0.928919,-0.756842
522,0.916906,-0.756305
523,0.904857,-0.756437
524,0.892816,-0.757244
525,0.880863,-0.758772
526,0.869012,-0.760929
527,0.857259,-0.763798
528,0.845805,-0.767286
529,0.834459,-0.771437
530,0.825339,-0.774095
531,0.819812,-0.775447
532,0.814310,-0.779258
533,0.809195,-0.783948
534,0.804365,-0.789168
535,0.799842,-0.794708
536,0.795645,-0.800528
537,0.791785,-0.806591
538,0.788279,-0.812869
539,0.785130,-0.819325
540,0.782337,-0.825945
541,0.779920,-0.832713
542,0.777909,-0.839611
543,0.776291,-0.846616
544,0.775069,-0.853710
545,0.774277,-0.860854
546,0.773854,-0.868050
547,0.773841,-0.875218
548,0.774268,-0.882367
549,0.775064,-0.889471
550,0.776288,-0.896563
551,0.777923,-0.903596
552,0.779947,-0.910508
553,0.782352,-0.917303
554,0.785147,-0.923918
555,0.788283,-0.930373
556,0.791804,-0.936659
557,0.795687,-0.942702
558,0.799897,-0.948574
559,0.804435,-0.954177
560,0.809311,-0.959509
561,0.814410,-0.964534
562,0.819812,-0.969244
563,0.825498,-0.973669
564,0.831432,-0.977770
565,0.837593,-0.981528
566,0.843961,-0.984926
567,0.850497,-0.987962
568,0.857210,-0.990618
569,0.864070,-0.992872
570,0.871025,-0.994762
571,0.878085,-0.996248
572,0.885247,-0.997336
573,0.892438,-0.998005
574,0.899658,-0.998268
575,0.906895,-0.998120
576,0.914071,-0.997560
577,0.921197,-0.996591
578,0.928259,-0.995231
579,0.935298,-0.993455
580,0.942227,-0.991259
581,0.948962,-0.988712
582,0.955577,-0.985801
583,0.961993,-0.982490
584,0.968185,-0.978804
585,0.974196,-0.974784
586,0.980013,-0.970433
587,0.985536,-0.965758
588,0.990760,-0.960807
589,0.995688,-0.955561
590,1.000347,-0.950016
591,1.004690,-0.944219
592,1.008688,-0.938189
593,1.012361,-0.931927
594,1.015666,-0.925461
595,1.018577,-0.918812
596,1.021117,-0.911993
597,1.023268,-0.905094
598,1.025026,-0.898055
599,1.026362,-0.890943
600,1.027317,-0.883723
601,1.027846,-0.876483
602,1.027967,-0.869279
603,1.027668,-0.862043
604,1.026957,-0.854810
605,1.025835,-0.847629
606,1.024313,-0.840527
607,1.022412,-0.833470
608,1.020126,-0.826595
609,1.017436,-0.819847
610,1.014363,-0.813282
611,1.010925,-0.806821
612,1.007106,-0.800623
613,1.002914,-0.794680
614,0.998437,-0.788967
615,0.993645,-0.783482
616,0.988563,-0.778340
617,0.983180,-0.773472
618,0.977508,-0.768903
619,0.971599,-0.764668
620,0.965399,-0.761133
621,0.958991,-0.757573
622,0.952414,-0.754371
623,0.945687,-0.751571
624,0.938829,-0.749156
625,0.931813,-0.747098
626,0.924716,-0.745461
627,0.917543,-0.744234
628,0.910309,-0.743415
629,0.903077,-0.743011
630,0.895793,-0.742927
631,0.888512,-0.743347
632,0.881277,-0.744176
633,0.874085,-0.745406
634,0.867010,-0.747043
635,0.860027,-0.749080
636,0.853180,-0.751512
637,0.846443,-0.754342
638,0.839883,-0.757552
639,0.833531,-0.761132
640,0.827380,-0.765067
641,0.821859,-0.769463
642,0.816074,-0.774132
643,0.810663,-0.779061
644,0.805537,-0.784218
645,0.800646,-0.789699
646,0.796124,-0.795479
647,0.792049,-0.801503
648,0.788227,-0.807720
649,0.784791,-0.814116
650,0.781709,-0.820700
651,0.778984,-0.827468
652,0.776672,-0.834365
653,0.774705,-0.841416
654,0.773156,-0.848584
655,0.772044,-0.855790
656,0.771346,-0.863063
657,0.771046,-0.870368
658,0.771159,-0.877705
659,0.771677,-0.884997
660,0.772613,-0.892227
661,0.773978,-0.899408
662,0.775745,-0.906521
663,0.777870,-0.913496
664,0.780632,-0.920025
665,0.783625,-0.926886
666,0.787037,-0.933369
667,0.790729,-0.939700
668,0.794743,-0.945825
669,0.799065,-0.951680
670,0.803756,-0.957276
671,0.808754,-0.962625
672,0.814057,-0.967693
673,0.819642,-0.972447
674,0.825476,-0.976861
675,0.831525,-0.980910
676,0.837790,-0.984617
677,0.844285,-0.987936
678,0.850967,-0.990919
679,0.857813,-0.993528
680,0.864816,-0.995750
681,0.871895,-0.997610
682,0.879086,-0.999011
683,0.886358,-1.000011
684,0.893745,-1.000674
685,0.901072,-1.000851
686,0.908207,-1.000272
687,0.915581,-0.999573
688,0.922856,-0.998480
689,0.930035,-0.996989
690,0.937074,-0.995103
691,0.944027,-0.992821
692,0.950861,-0.990153
693,0.957575,-0.987111
694,0.964067,-0.983676
695,0.970367,-0.979885
696,0.976400,-0.975747
697,0.982232,-0.971249
698,0.987791,-0.966448
699,0.993060,-0.961347
700,0.998064,-0.955935
701,1.002727,-0.950250
702,1.007082,-0.944279
703,1.011076,-0.938130
704,1.014680,-0.931764
705,1.017952,-0.925174
706,1.020861,-0.918321
707,1.022988,-0.911411
708,1.025082,-0.904330
709,1.026775,-0.897162
710,1.028037,-0.889928
711,1.028917,-0.882625
712,1.029348,-0.875319
713,1.029406,-0.867964
714,1.029045,-0.860607
715,1.028261,-0.853295
716,1.027058,-0.846026
717,1.025466,-0.838862
718,1.023451,-0.831818
719,1.021033,-0.824845
720,1.018222,-0.818031
721,1.015031,-0.811395
722,1.011482,-0.804888
723,1.007598,-0.798649
724,1.003329,-0.792655
725,0.998714,-0.786899
726,0.993778,-0.781398
727,0.988572,-0.776215
728,0.982998,-0.771694
729,0.977127,-0.767088
730,0.971044,-0.762827
731,0.964802,-0.758943
732,0.958354,-0.755420
733,0.951717,-0.752251
734,0.944894,-0.749483
735,0.937878,-0.747071
736,0.930767,-0.745167
737,0.923555,-0.743574
738,0.916259,-0.742381
739,0.908912,-0.741595
740,0.901548,-0.741243
741,0.894135,-0.741302
742,0.886774,-0.741798
743,0.879484,-0.742707
744,0.872254,-0.744014
745,0.865094,-0.745744
746,0.858054,-0.747882
747,0.851066,-0.750415
748,0.844267,-0.753337
749,0.837674,-0.756662
750,0.831533,-0.760535
751,0.825289,-0.764623
752,0.819348,-0.769008
753,0.813634,-0.773703
754,0.808211,-0.778715
755,0.803122,-0.784022
756,0.798293,-0.789625
757,0.793763,-0.795501
758,0.789631,-0.801557
759,0.785828,-0.807895
760,0.782382,-0.814440
761,0.779308,-0.821216
762,0.776618,-0.828089
763,0.774333,-0.835123
764,0.772453,-0.842290
765,0.770978,-0.849547
766,0.769921,-0.856875
767,0.769284,-0.864256
768,0.769060,-0.871686
769,0.769264,-0.879101
770,0.769889,-0.886484
771,0.770931,-0.893842
772,0.772717,-0.900855
773,0.774599,-0.908064
774,0.776878,-0.915128
775,0.779546,-0.922033
776,0.782608,-0.928774
777,0.786020,-0.935375
778,0.789788,-0.941738
779,0.793923,-0.947884
780,0.798397,-0.953742
781,0.803210,-0.959403
782,0.808366,-0.964743
783,0.813752,-0.969793
784,0.819443,-0.974531
785,0.825358,-0.978929
786,0.831520,-0.982956
787,0.837940,-0.986690
788,0.844594,-0.990067
789,0.851398,-0.993025
790,0.858366,-0.995586
791,0.865480,-0.997783
792,0.872722,-0.999571
793,0.879807,-1.000677
794,0.887324,-1.001617
795,0.894759,-1.002119
796,0.902210,-1.002231
797,0.909634,-1.001820
798,0.917028,-1.001096
799,0.924359,-0.999959
800,0.931593,-0.998417
801,0.938834,-0.996485
802,0.945918,-0.994109
803,0.952806,-0.991328
804,0.959568,-0.988249
805,0.966128,-0.984714
806,0.972473,-0.980810
807,0.978585,-0.976553
808,0.984447,-0.971956
809,0.990026,-0.967041
810,0.995337,-0.961834
811,1.000344,-0.956313
812,1.005120,-0.950499
813,1.009485,-0.944443
814,1.013459,-0.938193
815,1.016728,-0.931688
816,1.019975,-0.924944
817,1.022845,-0.918050
818,1.025302,-0.910981
819,1.027385,-0.903840
820,1.029044,-0.896591
821,1.030255,-0.889207
822,1.031135,-0.881770
823,1.031558,-0.874321
824,1.031551,-0.866865
825,1.031119,-0.859423
826,1.030276,-0.852009
827,1.028995,-0.844648
828,1.027332,-0.837414
829,1.025281,-0.830227
830,1.022773,-0.823183
831,1.019879,-0.816306
832,1.016585,-0.809591
833,1.012937,-0.803001
834,1.008913,-0.796670
835,1.004487,-0.790988
836,0.999681,-0.785147
837,0.994628,-0.779605
838,0.989280,-0.774356
839,0.983660,-0.769449
840,0.977781,-0.764846
841,0.971643,-0.760581
842,0.965316,-0.756689
843,0.958777,-0.753128
844,0.952004,-0.749970
845,0.945042,-0.747170
846,0.937952,-0.744766
847,0.930735,-0.742803
848,0.923405,-0.741257
849,0.915961,-0.740087
850,0.908489,-0.739360
851,0.900994,-0.739059
852,0.893520,-0.739187
853,0.886035,-0.739743
854,0.878594,-0.740710
855,0.871277,-0.742067
856,0.864368,-0.744110
857,0.857073,-0.746392
858,0.849989,-0.749038
859,0.843098,-0.752047
860,0.836386,-0.755438
861,0.829952,-0.759222
862,0.823642,-0.763341
863,0.817607,-0.767809
864,0.811804,-0.772634
865,0.806286,-0.777760
866,0.801095,-0.783184
867,0.796252,-0.788904
868,0.791693,-0.794913
869,0.787485,-0.801131
870,0.783676,-0.807548
871,0.780192,-0.814229
872,0.777106,-0.821096
873,0.774412,-0.828123
874,0.772110,-0.835315
875,0.770227,-0.842582
876,0.768757,-0.850002
877,0.767706,-0.857479
878,0.767387,-0.864885
879,0.767212,-0.872488
880,0.767431,-0.880029
881,0.768082,-0.887558
882,0.769151,-0.895018
883,0.770613,-0.902468
884,0.772544,-0.909753
885,0.774844,-0.916864
886,0.777573,-0.923896
887,0.780697,-0.930767
888,0.784189,-0.937530
889,0.788073,-0.943968
890,0.792316,-0.950226
891,0.796899,-0.956212
892,0.801817,-0.961936
893,0.807071,-0.967368
894,0.812627,-0.972511
895,0.818430,-0.977312
896,0.824526,-0.981802
897,0.830861,-0.985582
898,0.837478,-0.989358
899,0.844168,-0.992714
900,0.851150,-0.995727
901,0.858256,-0.998331
902,0.865503,-1.000531
903,0.872856,-1.002315
904,0.880377,-1.003751
905,0.887897,-1.004709
906,0.895474,-1.005235
907,0.902991,-1.005241
908,0.910544,-1.004928
909,0.918075,-1.004157
910,0.925572,-1.002961
911,0.932984,-1.001359
912,0.940287,-0.999330
913,0.947465,-0.996903
914,0.954475,-0.994104
915,0.961322,-0.990869
916,0.968016,-0.987241
917,0.974452,-0.983233
918,0.980688,-0.978877
919,0.986651,-0.974198
920,0.992338,-0.969154
921,0.997755,-0.963811
922,1.002492,-0.958081
923,1.007283,-0.952069
924,1.011660,-0.945919
925,1.015715,-0.939527
926,1.019434,-0.932932
927,1.022740,-0.926079
928,1.025663,-0.919047
929,1.028187,-0.911850
930,1.030331,-0.904546
931,1.032017,-0.897128
932,1.033267,-0.889625
933,1.034109,-0.882024
934,1.034536,-0.874430
935,1.034524,-0.866780
936,1.034029,-0.859244
937,1.033154,-0.851653
938,1.031852,-0.844100
939,1.030141,-0.836717
940,1.027992,-0.829415
941,1.025431,-0.822207
942,1.022256,-0.815497
943,1.018836,-0.808433
944,1.015141,-0.801730
945,1.011011,-0.795294
946,1.006548,-0.789093
947,1.001732,-0.783143
948,0.996594,-0.777489
949,0.991136,-0.772101
950,0.985401,-0.767073
951,0.979377,-0.762362
952,0.973103,-0.758003
953,0.966590,-0.753937
954,0.959922,-0.750308
955,0.953001,-0.747090
956,0.945901,-0.744260
957,0.938640,-0.741801
958,0.931242,-0.739774
959,0.923679,-0.738108
960,0.916069,-0.736932
961,0.908430,-0.736192
962,0.900762,-0.735857
963,0.893366,-0.736295
964,0.885643,-0.736904
965,0.877959,-0.737883
966,0.870406,-0.739288
967,0.862947,-0.741105
968,0.855607,-0.743345
969,0.848457,-0.746004
970,0.841414,-0.749070
971,0.834553,-0.752539
972,0.827881,-0.756403
973,0.821452,-0.760638
974,0.815274,-0.765229
975,0.809355,-0.770168
976,0.803726,-0.775425
977,0.798410,-0.780991
978,0.793396,-0.786860
979,0.788731,-0.793002
980,0.784437,-0.799379
981,0.780488,-0.805995
982,0.776978,-0.812826
983,0.773834,-0.819862
984,0.771367,-0.826979
985,0.769017,-0.834400
986,0.767073,-0.841869
987,0.765555,-0.849427
988,0.764481,-0.857042
989,0.763842,-0.864730
990,0.763626,-0.872439
991,0.763848,-0.880108
992,0.764516,-0.887788
993,0.765597,-0.895436
994,0.767153,-0.902981
995,0.769146,-0.910387
996,0.771536,-0.917746
997,0.774327,-0.924972
998,0.777503,-0.931998
999,0.781097,-0.938891
1000,0.785046,-0.945517
1001,0.789374,-0.951910
1002,0.794073,-0.958037
1003,0.799118,-0.963941
1004,0.804436,-0.969490
1005,0.810068,-0.974737
1006,0.816006,-0.979280
1007,0.822313,-0.983908
1008,0.828833,-0.988167
1009,0.835437,-0.992029
1010,0.842366,-0.995547
1011,0.849429,-0.998648
1012,0.856731,-1.001350
1013,0.864152,-1.003637
1014,0.871672,-1.005515
1015,0.879292,-1.006945
1016,0.887014,-1.007939
1017,0.894742,-1.008494
1018,0.902541,-1.008631
1019,0.910259,-1.008359
1020,0.917980,-1.007610
1021,0.925677,-1.006413
1022,0.933294,-1.004815
1023,0.940811,-1.002763
1024,0.948193,-1.000306
1025,0.955410,-0.997402
1026,0.962500,-0.994106
1027,0.969077,-0.990251
1028,0.975727,-0.986163
1029,0.982154,-0.981707
1030,0.988307,-0.976982
1031,0.994162,-0.971854
1032,0.999738,-0.966410
1033,1.005035,-0.960641
1034,1.009975,-0.954562
1035,1.014549,-0.948265
1036,1.018785,-0.941741
1037,1.022627,-0.934897
1038,1.026077,-0.927863
1039,1.029142,-0.920657
1040,1.031795,-0.913356
1041,1.034035,-0.905855
1042,1.035855,-0.898247
1043,1.037229,-0.890531
1044,1.038166,-0.882761
1045,1.038682,-0.874979
1046,1.038744,-0.867222
1047,1.038134,-0.859625
1048,1.037337,-0.851837
1049,1.036145,-0.844197
1050,1.034673,-0.836644
1051,1.032771,-0.829248
1052,1.030553,-0.822024
1053,1.028056,-0.815020
1054,1.025385,-0.808205
1055,1.022568,-0.801687
1056,1.019606,-0.795437
1057,1.016581,-0.789402
1058,1.013679,-0.783882
1059,1.013587,-0.780902
1060,1.014076,-0.779037
1061,1.014682,-0.776961
1062,1.015589,-0.774077
1063,1.016534,-0.771203
1064,1.017253,-0.769126
1065,1.017384,-0.768771
1066,1.017384,-0.768771
1067,1.017384,-0.768771
1068,1.017384,-0.768771
1069,1.017384,-0.768771
1070,1.017384,-0.768771
1071,1.007337,-0.761763
1072,1.007339,-0.754184
1073,1.009149,-0.747320
1074,1.008566,-0.740716
1075,1.002954,-0.734522
1076,0.993685,-0.729112
1077,0.981403,-0.724712
1078,0.966584,-0.721423
1079,0.962230,-0.720595
1080,0.961852,-0.722041
1081,0.961034,-0.725428
1082,0.960141,-0.730112
1083,0.957486,-0.736089
1084,0.955201,-0.740505
1085,0.955167,-0.740572
1086,0.953860,-0.743062
1087,0.951045,-0.748057
1088,0.950552,-0.748892
1089,0.950552,-0.748892
1090,0.950552,-0.748892
1091,0.950552,-0.748892
1092,0.950552,-0.748892
1093,0.950552,-0.748892
1094,0.950552,-0.748892
1095,0.950552,-0.748892
1096,0.950552,-0.748892
1097,0.950552,-0.748892
1098,0.950552,-0.748892
1099,0.945048,-0.737948
1100,0.936220,-0.723427
1101,0.926533,-0.709460
1102,0.916066,-0.696067
1103,0.913120,-0.692341
1104,0.913120,-0.692341
1105,0.913120,-0.692341
1106,0.901286,-0.695507
1107,0.885275,-0.701201
1108,0.875675,-0.701608
1109,0.866949,-0.701819
1110,0.858422,-0.702434
1111,0.850950,-0.704201
1112,0.844306,-0.707189
1113,0.837833,-0.710646
1114,0.831519,-0.714529
1115,0.825388,-0.718828
1116,0.819467,-0.723533
1117,0.813783,-0.728635
1118,0.808361,-0.734121
1119,0.803228,-0.739978
1120,0.798409,-0.746190
1121,0.793926,-0.752739
1122,0.789804,-0.759608
1123,0.786064,-0.766775
1124,0.782727,-0.774220
1125,0.779812,-0.781919
1126,0.776708,-0.787577
1127,0.773864,-0.789125
1128,0.771608,-0.790415
1129,0.769537,-0.791744
1130,0.771892,-0.793418
1131,0.779935,-0.795412
1132,0.787428,-0.796630
1133,0.786163,-0.797353
1134,0.785800,-0.797255
1135,0.785589,-0.796923
1136,0.785288,-0.796488
1137,0.784911,-0.795986
1138,0.784476,-0.795451
1139,0.783988,-0.794900
1140,0.783463,-0.794354
1141,0.782936,-0.793850
1142,0.780603,-0.781563
1143,0.776246,-0.765137
1144,0.770909,-0.748999
1145,0.764661,-0.733191
1146,0.757525,-0.717764
1147,0.749523,-0.702769
1148,0.740680,-0.688252
1149,0.738186,-0.684210
1150,0.738186,-0.684210
1151,0.738186,-0.684210
1152,0.738186,-0.684210
1153,0.738186,-0.684210
1154,0.738186,-0.684210
1155,0.734717,-0.695959
1156,0.731228,-0.712590
1157,0.728744,-0.729406
1158,0.728077,-0.734108
1159,0.731264,-0.745937
1160,0.736988,-0.761938
1161,0.738627,-0.766396
1162,0.747036,-0.775304
1163,0.757971,-0.786215
1164,0.754585,-0.792638
1165,0.753719,-0.799150
1166,0.755004,-0.805460
1167,0.757485,-0.811211
1168,0.761059,-0.816283
1169,0.765604,-0.820558
1170,0.766310,-0.821122
1171,0.766310,-0.821122
1172,0.766310,-0.821122
1173,0.766310,-0.821122
1174,0.766310,-0.821122
1175,0.766310,-0.821122
1176,0.762139,-0.809604
1177,0.755090,-0.794140
1178,0.747123,-0.779126
1179,0.738314,-0.764589
1180,0.728693,-0.750577
1181,0.718290,-0.737135
1182,0.707139,-0.724306
1183,0.704002,-0.720739
1184,0.704002,-0.720739
1185,0.704002,-0.720739
1186,0.704002,-0.720739
1187,0.704002,-0.720739
1188,0.704002,-0.720739
1189,0.702552,-0.732903
1190,0.701900,-0.749884
1191,0.702271,-0.766878
1192,0.703607,-0.783823
1193,0.705906,-0.800664
1194,0.709159,-0.817347
1195,0.713355,-0.833819
1196,0.718483,-0.850024
1197,0.724523,-0.865912
1198,0.731458,-0.881431
1199,0.739265,-0.896529
1200,0.747918,-0.911159
1201,0.757390,-0.925273
1202,0.767649,-0.938826
1203,0.778663,-0.951772
1204,0.790395,-0.964071
1205,0.802808,-0.975683
1206,0.815862,-0.986570
1207,0.829514,-0.996696
1208,0.843720,-1.006029
1209,0.852059,-1.012894
1210,0.859635,-1.018319
1211,0.866055,-1.023060
1212,0.872724,-1.027598
1213,0.879636,-1.031762
1214,0.886770,-1.035491
1215,0.894088,-1.038778
1216,0.901582,-1.041702
1217,0.909228,-1.044162
1218,0.917003,-1.046216
1219,0.924873,-1.047772
1220,0.932834,-1.048938
1221,0.940849,-1.049610
1222,0.948848,-1.049824
1223,0.956844,-1.049588
1224,0.964842,-1.048918
1225,0.972861,-1.047777
1226,0.980707,-1.046171
1227,0.988492,-1.044163
1228,0.996109,-1.041673
1229,1.003592,-1.038817
1230,1.010886,-1.035463
1231,1.017991,-1.031802
1232,1.024861,-1.027691
1233,1.031387,-1.023100
1234,1.037789,-1.018239
1235,1.043904,-1.013038
1236,1.049726,-1.007460
1237,1.055158,-1.001606
1238,1.060253,-0.995409
1239,1.065030,-0.989010
1240,1.069439,-0.982335
1241,1.073421,-0.975390
1242,1.077049,-0.968233
1243,1.080235,-0.960875
1244,1.083048,-0.953347
1245,1.085332,-0.945690
1246,1.087155,-0.937791
1247,1.088619,-0.929886
1248,1.089602,-0.921919
1249,1.090163,-0.913904
1250,1.090232,-0.905878
1251,1.089848,-0.897878
1252,1.088994,-0.889902
1253,1.087722,-0.881971
1254,1.085947,-0.874130
1255,1.083703,-0.866416
1256,1.081064,-0.858815
1257,1.077993,-0.851365
1258,1.074454,-0.844135
1259,1.070511,-0.837006
1260,1.066062,-0.830269
1261,1.061325,-0.823723
1262,1.056207,-0.817465
1263,1.050685,-0.811553
1264,1.044848,-0.805936
1265,1.038668,-0.800729
1266,1.032111,-0.795924
1267,1.025314,-0.791401
1268,1.018205,-0.787327
1269,1.010748,-0.783856
1270,1.003124,-0.780727
1271,0.995264,-0.778094
1272,0.987951,-0.776114
1273,0.985260,-0.775536
1274,0.985261,-0.775539
1275,0.985261,-0.775539
1276,0.979223,-0.776339
1277,0.971233,-0.780042
1278,0.962702,-0.783969
1279,0.953660,-0.787389
1280,0.944669,-0.791008
1281,0.935816,-0.795094
1282,0.927249,-0.799596
1283,0.918941,-0.804574
1284,0.910903,-0.810020
1285,0.903225,-0.815962
1286,0.895889,-0.822290
1287,0.888951,-0.829049
1288,0.882347,-0.836224
1289,0.876178,-0.843717
1290,0.870453,-0.851533
1291,0.865219,-0.859681
1292,0.860398,-0.868116
1293,0.856078,-0.876796
1294,0.852261,-0.885707
1295,0.849265,-0.895098
1296,0.846508,-0.904385
1297,0.844273,-0.913808
1298,0.842620,-0.923426
1299,0.841467,-0.933037
1300,0.840895,-0.942694
1301,0.840831,-0.952413
1302,0.841317,-0.962085
1303,0.842370,-0.971726
1304,0.843960,-0.981281
1305,0.846091,-0.990760
1306,0.848796,-1.000044
1307,0.852059,-1.009241
1308,0.855773,-1.018189
1309,0.860027,-1.026884
1310,0.864737,-1.035384
1311,0.869921,-1.043580
1312,0.875564,-1.051466
1313,0.881996,-1.058901
1314,0.888536,-1.066066
1315,0.895445,-1.072860
1316,0.902811,-1.079259
1317,0.910437,-1.085226
1318,0.918391,-1.090753
1319,0.927568,-1.095854
1320,0.937949,-1.100413
1321,0.949077,-1.104207
1322,0.960264,-1.107262
1323,0.971502,-1.109750
1324,0.982751,-1.111653
1325,0.994033,-1.113034
1326,1.005149,-1.113941
1327,1.016146,-1.114346
1328,1.026994,-1.114240
1329,1.037616,-1.113708
1330,1.047999,-1.112713
1331,1.058120,-1.111252
1332,1.067982,-1.109314
1333,1.077559,-1.106895
1334,1.087051,-1.103538
1335,1.096236,-1.100005
1336,1.105995,-1.094310
1337,1.116106,-1.086407
1338,1.125736,-1.077526
1339,1.134829,-1.068051
1340,1.143315,-1.058036
1341,1.151217,-1.047530
1342,1.158507,-1.036582
1343,1.165155,-1.025240
1344,1.171132,-1.013475
1345,1.176443,-1.001454
1346,1.181063,-0.989142
1347,1.184977,-0.976585
1348,1.188166,-0.963827
1349,1.190627,-0.950904
1350,1.192350,-0.937859
1351,1.193328,-0.924736
1352,1.193566,-0.911575
1353,1.193050,-0.898425
1354,1.191785,-0.885322
1355,1.189303,-0.872184
1356,1.186519,-0.859304
1357,1.183042,-0.846637
1358,1.178844,-0.834177
1359,1.173998,-0.822010
1360,1.168431,-0.810106
1361,1.162181,-0.798534
1362,1.155276,-0.787334
1363,1.147768,-0.776554
1364,1.139628,-0.766188
1365,1.130917,-0.756316
1366,1.121659,-0.746949
1367,1.111903,-0.738137
1368,1.101619,-0.729925
1369,1.090896,-0.722233
1370,1.079781,-0.715198
1371,1.068336,-0.708798
1372,1.056477,-0.703077
1373,1.044321,-0.698036
1374,1.031875,-0.693672
1375,1.019023,-0.690387
1376,1.006177,-0.687529
1377,0.993185,-0.685410
1378,0.980120,-0.684004
1379,0.966999,-0.683339
1380,0.953884,-0.683409
1381,0.940757,-0.684230
1382,0.927691,-0.685805
1383,0.914735,-0.688140
1384,0.901941,-0.691214
1385,0.889313,-0.694970
1386,0.876938,-0.699455
1387,0.864837,-0.704642
1388,0.853063,-0.710505
1389,0.841622,-0.717033
1390,0.830576,-0.724123
1391,0.819956,-0.731920
1392,0.809747,-0.740352
1393,0.800277,-0.749624
1394,0.791158,-0.759120
1395,0.782597,-0.769129
1396,0.774583,-0.779607
1397,0.767192,-0.790509
1398,0.760430,-0.801811
1399,0.754323,-0.813481
1400,0.748914,-0.825436
1401,0.744139,-0.837737
1402,0.740096,-0.850272
1403,0.736776,-0.863019
1404,0.734190,-0.875941
1405,0.732330,-0.889000
1406,0.731223,-0.902131
1407,0.730874,-0.915317
1408,0.731264,-0.928480
1409,0.732722,-0.941713
1410,0.734637,-0.954735
1411,0.737421,-0.967666
1412,0.740808,-0.980391
1413,0.744915,-0.992914
1414,0.749755,-1.005188
1415,0.755242,-1.017228
1416,0.761375,-1.028873
1417,0.768177,-1.040169
1418,0.775557,-1.051026
1419,0.783592,-1.061472
1420,0.792221,-1.071442
1421,0.801399,-1.080912
1422,0.811109,-1.089836
1423,0.821331,-1.098179
1424,0.831986,-1.105935
1425,0.843074,-1.113070
1426,0.854840,-1.119312
1427,0.866640,-1.125121
1428,0.878827,-1.130261
1429,0.891217,-1.134725
1430,0.903851,-1.138469
1431,0.916674,-1.141485
1432,0.929650,-1.143766
1433,0.942743,-1.145304
1434,0.955898,-1.146096
1435,0.969098,-1.146145
1436,0.982252,-1.145426
1437,0.995377,-1.143944
1438,1.008367,-1.141761
1439,1.021226,-1.138829
1440,1.033921,-1.135126
1441,1.046359,-1.130746
1442,1.058525,-1.125664
1443,1.070397,-1.119900
1444,1.081837,-1.113103
1445,1.092950,-1.106005
1446,1.103656,-1.098300
1447,1.113895,-1.090022
1448,1.123672,-1.081117
1449,1.132867,-1.071781
1450,1.141560,-1.061885
1451,1.149674,-1.051495
1452,1.157182,-1.040654
1453,1.164055,-1.029379
1454,1.170253,-1.017751
1455,1.175874,-1.005798
1456,1.180718,-0.993515
1457,1.184880,-0.981031
1458,1.188331,-0.968293
1459,1.191045,-0.955372
1460,1.193017,-0.942315
1461,1.194244,-0.929165
1462,1.194375,-0.915835
1463,1.194057,-0.902551
1464,1.193033,-0.889405
1465,1.191264,-0.876345
1466,1.188747,-0.863393
1467,1.185500,-0.850607
1468,1.181530,-0.838024
1469,1.176850,-0.825683
1470,1.171485,-0.813619
1471,1.165444,-0.801884
1472,1.158700,-0.790524
1473,1.151398,-0.779540
1474,1.143406,-0.769021
1475,1.134873,-0.759003
1476,1.125776,-0.749425
1477,1.116134,-0.740392
1478,1.105669,-0.732146
1479,1.095037,-0.724288
1480,1.084001,-0.717038
1481,1.072569,-0.710428
1482,1.060778,-0.704479
1483,1.048671,-0.699211
1484,1.036300,-0.694637
1485,1.023664,-0.690771
1486,1.010878,-0.687624
1487,0.997890,-0.685201
1488,0.984734,-0.683569
1489,0.971565,-0.682644
1490,0.958337,-0.682472
1491,0.945149,-0.683023
1492,0.931997,-0.684398
1493,0.918941,-0.686531
1494,0.906061,-0.689325
1495,0.893310,-0.693235
1496,0.880807,-0.697563
1497,0.868566,-0.702549
1498,0.856633,-0.708224
1499,0.845041,-0.714569
1500,0.833828,-0.721566
1501,0.823030,-0.729189
1502,0.812690,-0.737405
1503,0.802819,-0.746234
1504,0.793507,-0.755525
1505,0.784698,-0.765366
1506,0.776474,-0.775760
1507,0.768824,-0.786569
1508,0.761803,-0.797796
1509,0.755444,-0.809374
1510,0.749768,-0.821326
1511,0.744794,-0.833590
1512,0.740512,-0.846117
1513,0.737270,-0.859056
1514,0.734453,-0.871976
1515,0.732344,-0.884982
1516,0.730992,-0.898136
1517,0.730415,-0.911390
1518,0.730587,-0.924625
1519,0.731512,-0.937807
1520,0.733158,-0.950924
1521,0.735561,-0.963930
1522,0.738691,-0.976764
1523,0.742554,-0.989415
1524,0.747137,-1.001829
1525,0.752372,-1.013931
1526,0.758323,-1.025767
1527,0.764905,-1.037250
1528,0.772194,-1.048302
1529,0.780100,-1.058936
1530,0.788593,-1.069106
1531,0.798000,-1.078606
1532,0.807600,-1.087727
1533,0.817713,-1.096281
1534,0.828266,-1.104255
1535,0.839256,-1.111621
1536,0.850636,-1.118350
1537,0.862424,-1.124401
1538,0.874503,-1.129816
1539,0.886822,-1.134535
1540,0.899443,-1.138533
1541,0.912291,-1.141759
1542,0.925302,-1.144312
1543,0.938429,-1.146100
1544,0.951646,-1.147142
1545,0.964884,-1.147475
1546,0.978131,-1.146969
1547,0.991291,-1.145759
1548,1.004444,-1.143401
1549,1.017444,-1.140632
1550,1.030202,-1.137172
1551,1.042768,-1.132987
1552,1.055086,-1.128047
1553,1.067108,-1.122464
1554,1.078790,-1.116223
1555,1.090089,-1.109329
1556,1.100984,-1.101788
1557,1.111411,-1.093697
1558,1.121385,-1.084974
1559,1.130846,-1.075691
1560,1.139762,-1.065879
1561,1.148107,-1.055575
1562,1.155886,-1.044824
1563,1.163001,-1.033610
1564,1.169463,-1.021994
1565,1.175255,-1.010086
1566,1.180083,-0.997611
1567,1.184473,-0.985155
1568,1.188162,-0.972427
1569,1.191095,-0.959499
1570,1.193324,-0.946436
1571,1.194795,-0.933263
1572,1.195510,-0.920024
1573,1.195469,-0.906763
1574,1.194675,-0.893527
1575,1.193154,-0.880404
1576,1.190884,-0.867338
1577,1.187860,-0.854424
1578,1.184100,-0.841701
1579,1.179644,-0.829165
1580,1.174448,-0.816989
1581,1.168555,-0.805093
1582,1.161984,-0.793537
1583,1.154839,-0.782395
1584,1.146665,-0.771782
1585,1.138243,-0.761530
1586,1.129256,-0.751769
1587,1.119729,-0.742532
1588,1.109664,-0.733852
1589,1.099147,-0.725725
1590,1.088193,-0.718231
1591,1.076841,-0.711364
1592,1.065102,-0.705164
1593,1.053089,-0.699634
1594,1.040709,-0.694793
1595,1.028101,-0.690623
1596,1.015250,-0.687263
1597,1.002221,-0.684613
1598,0.989070,-0.682731
1599,0.975834,-0.681583
1600,0.962548,-0.681192
1601,0.949157,-0.681903
1602,0.935926,-0.683049
1603,0.922775,-0.684936
1604,0.909708,-0.687588
1605,0.896889,-0.690888
1606,0.884256,-0.694966
1607,0.871867,-0.699733
1608,0.859770,-0.705213
1609,0.848004,-0.711380
1610,0.836607,-0.718209
1611,0.825615,-0.725677
1612,0.815069,-0.733782
1613,0.804946,-0.742332
1614,0.795405,-0.751570
1615,0.786360,-0.761360
1616,0.777930,-0.771605
1617,0.770092,-0.782394
1618,0.762847,-0.793547
1619,0.756532,-0.805378
1620,0.750630,-0.817298
1621,0.745400,-0.829468
1622,0.740871,-0.841967
1623,0.737059,-0.854711
1624,0.733983,-0.867648
1625,0.731650,-0.880748
1626,0.730057,-0.893958
1627,0.729229,-0.907237
1628,0.729160,-0.920531
1629,0.729841,-0.933812
1630,0.731277,-0.947040
1631,0.733463,-0.960160
1632,0.736424,-0.973144
1633,0.740065,-0.985931
1634,0.744438,-0.998507
1635,0.749531,-1.010789
1636,0.755322,-1.022775
1637,0.762154,-1.034333
1638,0.769305,-1.045568
1639,0.777046,-1.056382
1640,0.785395,-1.066743
1641,0.794315,-1.076613
1642,0.803781,-1.085966
1643,0.813790,-1.094754
1644,0.824257,-1.102962
1645,0.835222,-1.110576
1646,0.846532,-1.117554
1647,0.858249,-1.123877
1648,0.870244,-1.129529
1649,0.882599,-1.134481
1650,0.895219,-1.138720
1651,0.908067,-1.142231
1652,0.921104,-1.145019
1653,0.934262,-1.147032
1654,0.947524,-1.148316
1655,0.960958,-1.148463
1656,0.974262,-1.148202
1657,0.987561,-1.147270
1658,1.000763,-1.145517
1659,1.013819,-1.143030
1660,1.026730,-1.139794
1661,1.039452,-1.135830
1662,1.051929,-1.131126
1663,1.064108,-1.125677
1664,1.075963,-1.119604
1665,1.087454,-1.112854
1666,1.098550,-1.105458
1667,1.109204,-1.097463
1668,1.119358,-1.088823
1669,1.129076,-1.079670
1670,1.138239,-1.069945
1671,1.146799,-1.059754
1672,1.154550,-1.048837
1673,1.161870,-1.037683
1674,1.168640,-1.026254
1675,1.174651,-1.014360
1676,1.179988,-1.002138
1677,1.184626,-0.989630
1678,1.188546,-0.976878
1679,1.191736,-0.963922
1680,1.194191,-0.950822
1681,1.195896,-0.937584
1682,1.196811,-0.924334
1683,1.197067,-0.910956
1684,1.196518,-0.897626
1685,1.195198,-0.884347
1686,1.193118,-0.871161
1687,1.190209,-0.858051
1688,1.186647,-0.845208
1689,1.182356,-0.832559
1690,1.177443,-0.820178
1691,1.171347,-0.808187
1692,1.164930,-0.796476
1693,1.157865,-0.785133
1694,1.150186,-0.774217
1695,1.141891,-0.763745
1696,1.133070,-0.753789
1697,1.123650,-0.744323
1698,1.113701,-0.735401
1699,1.103258,-0.727071
1700,1.092335,-0.719374
1701,1.080997,-0.712224
1702,1.069285,-0.705776
1703,1.057231,-0.700013
1704,1.044923,-0.694935
1705,1.032301,-0.690509
1706,1.019462,-0.686807
1707,1.006419,-0.683976
1708,0.993220,-0.681849
1709,0.979910,-0.680480
1710,0.966418,-0.680242
1711,0.953046,-0.680412
1712,0.939731,-0.681319
1713,0.926464,-0.682976
1714,0.913311,-0.685392
1715,0.900314,-0.688558
1716,0.887562,-0.692412
1717,0.875005,-0.697023
1718,0.862720,-0.702348
1719,0.850763,-0.708361
1720,0.839171,-0.715047
1721,0.827935,-0.722352
1722,0.817177,-0.730200
1723,0.806901,-0.738774
1724,0.797128,-0.747901
1725,0.787892,-0.757570
1726,0.779208,-0.767774
1727,0.771120,-0.778462
1728,0.763896,-0.789884
1729,0.757099,-0.801430
1730,0.750919,-0.813298
1731,0.745442,-0.825521
1732,0.740682,-0.837976
1733,0.736620,-0.850753
1734,0.733309,-0.863743
1735,0.730744,-0.876896
1736,0.728974,-0.890201
1737,0.727929,-0.903562
1738,0.727644,-0.916971
1739,0.728122,-0.930369
1740,0.729342,-0.943709
1741,0.731349,-0.956984
1742,0.734107,-0.970107
1743,0.737592,-0.983065
1744,0.741820,-0.995797
1745,0.746772,-1.008278
1746,0.752454,-1.020412
1747,0.759123,-1.032198
1748,0.766116,-1.043618
1749,0.773751,-1.054635
1750,0.782003,-1.065208
1751,0.790818,-1.075290
1752,0.800234,-1.084867
1753,0.810132,-1.093876
1754,0.820488,-1.102292
1755,0.831356,-1.110143
1756,0.842681,-1.117335
1757,0.854394,-1.123882
1758,0.866461,-1.129751
1759,0.878840,-1.134932
1760,0.891495,-1.139407
1761,0.905472,-1.142511
1762,0.919673,-1.144957
1763,0.933729,-1.146805
1764,0.947875,-1.147886
1765,0.962036,-1.148160
1766,0.976316,-1.147231
1767,0.990376,-1.145907
1768,1.004384,-1.143788
1769,1.018250,-1.140862
1770,1.031943,-1.137159
1771,1.045411,-1.132651
1772,1.058586,-1.127427
1773,1.071447,-1.121454
1774,1.083938,-1.114753
1775,1.096019,-1.107354
1776,1.107671,-1.099276
1777,1.118850,-1.090554
1778,1.129511,-1.081211
1779,1.139614,-1.071337
1780,1.149151,-1.060848
1781,1.158060,-1.049796
1782,1.166330,-1.038252
1783,1.173666,-1.026031
1784,1.180569,-1.013652
1785,1.186752,-1.000900
1786,1.192197,-0.987828
1787,1.196894,-0.974454
1788,1.200822,-0.960839
1789,1.203954,-0.946998
1790,1.206313,-0.933022
1791,1.207875,-0.918932
1792,1.208633,-0.904772
1793,1.208580,-0.890604
1794,1.207734,-0.876456
1795,1.206063,-0.862373
1796,1.203607,-0.848386
1797,1.200364,-0.834585
1798,1.196268,-0.820945
1799,1.191491,-0.807610
