0,-0.203864,0.202304
1,-0.204396,0.214542
2,-0.205916,0.231472
3,-0.208387,0.248289
4,-0.211811,0.264938
5,-0.216176,0.281366
6,-0.221469,0.297518
7,-0.222974,0.302023
8,-0.222974,0.302023
9,-0.222974,0.302023
10,-0.222974,0.302023
11,-0.222974,0.302023
12,-0.222974,0.302023
13,-0.222974,0.302023
14,-0.224659,0.289890
15,-0.225640,0.272924
16,-0.225599,0.255927
17,-0.224591,0.238959
18,-0.222620,0.222076
19,-0.219691,0.205333
20,-0.215814,0.188784
21,-0.211002,0.172482
22,-0.205270,0.156480
23,-0.198637,0.140830
24,-0.191124,0.125583
25,-0.182756,0.110788
26,-0.173560,0.096493
27,-0.163566,0.082744
28,-0.152805,0.069586
29,-0.141313,0.057062
30,-0.129127,0.045212
31,-0.116287,0.034075
32,-0.102834,0.023686
33,-0.088812,0.014079
34,-0.074265,0.005286
35,-0.059242,-0.002666
36,-0.043791,-0.009749
37,-0.027962,-0.015943
38,-0.011807,-0.021225
39,0.004624,-0.025580
40,0.009222,-0.026771
41,0.009222,-0.026771
42,0.009222,-0.026771
43,0.016742,-0.017101
44,0.026066,-0.002893
45,0.034521,0.011852
46,0.042122,0.027055
47,0.048847,0.042666
48,0.054672,0.058634
49,0.056275,0.063106
50,0.055540,0.075334
51,0.053163,0.092160
52,0.049778,0.108818
53,0.045451,0.125255
54,0.040196,0.141420
55,0.038702,0.145929
56,0.038702,0.145929
57,0.038702,0.145929
58,0.038702,0.145929
59,0.038702,0.145929
60,0.038702,0.145929
61,0.038702,0.145929
62,0.036988,0.133799
63,0.035968,0.116836
64,0.035968,0.099838
65,0.036936,0.082869
66,0.038868,0.065981
67,0.041758,0.049231
68,0.045596,0.032672
69,0.050370,0.016359
70,0.056064,0.000344
71,0.062660,-0.015322
72,0.070137,-0.030586
73,0.078470,-0.045401
74,0.087632,-0.059718
75,0.097595,-0.073490
76,0.108324,-0.086673
77,0.119787,-0.099224
78,0.131945,-0.111102
79,0.144759,-0.122270
80,0.158187,-0.132691
81,0.172187,-0.142330
82,0.186713,-0.151158
83,0.201717,-0.159144
84,0.217151,-0.166264
85,0.221476,-0.168230
86,0.221476,-0.168230
87,0.221476,-0.168230
88,0.221476,-0.168230
89,0.226855,-0.157224
90,0.233069,-0.141407
91,0.238323,-0.125242
92,0.242648,-0.108804
93,0.246031,-0.092146
94,0.248461,-0.075323
95,0.249929,-0.058389
96,0.250432,-0.041399
97,0.249968,-0.024408
98,0.248537,-0.007471
99,0.246145,0.009358
100,0.242800,0.026023
101,0.241838,0.030674
102,0.241838,0.030674
103,0.241838,0.030674
104,0.241838,0.030674
105,0.241838,0.030674
106,0.241838,0.030674
107,0.241838,0.030674
108,0.241838,0.030674
109,0.243340,0.018517
110,0.246770,0.001872
111,0.251195,-0.014539
112,0.256546,-0.030672
113,0.262807,-0.046475
114,0.269956,-0.061895
115,0.277972,-0.076884
116,0.286827,-0.091393
117,0.296493,-0.105374
118,0.306939,-0.118783
119,0.318132,-0.131576
120,0.330033,-0.143711
121,0.342606,-0.155149
122,0.355810,-0.165854
123,0.359516,-0.168824
124,0.359516,-0.168824
125,0.359516,-0.168824
126,0.359516,-0.168824
127,0.359516,-0.168824
128,0.363418,-0.157212
129,0.367522,-0.140721
130,0.370627,-0.124010
131,0.372777,-0.107149
132,0.373964,-0.090193
133,0.374184,-0.073197
134,0.373437,-0.056216
135,0.371725,-0.039304
136,0.369054,-0.022518
137,0.365432,-0.005911
138,0.360871,0.010463
139,0.359570,0.015032
140,0.359570,0.015032
141,0.359570,0.015032
142,0.359570,0.015032
143,0.359570,0.015032
144,0.359570,0.015032
145,0.359570,0.015032
146,0.359570,0.015032
147,0.361962,0.003017
148,0.366605,-0.013330
149,0.372224,-0.029372
150,0.378746,-0.045068
151,0.386151,-0.060368
152,0.394415,-0.075222
153,0.403510,-0.089581
154,0.413407,-0.103400
155,0.416195,-0.107246
156,0.416195,-0.107246
157,0.416195,-0.107246
158,0.416195,-0.107246
159,0.416195,-0.107246
160,0.416195,-0.107246
161,0.416195,-0.107246
162,0.414161,-0.095166
163,0.410004,-0.078688
164,0.404863,-0.062487
165,0.398808,-0.046604
166,0.391860,-0.031092
167,0.384040,-0.016000
168,0.375375,-0.001377
169,0.365891,0.012729
170,0.355620,0.026273
171,0.352729,0.030041
172,0.352729,0.030041
173,0.352729,0.030041
174,0.352729,0.030041
175,0.352729,0.030041
176,0.352729,0.030041
177,0.352729,0.030041
178,0.355092,0.018021
179,0.359697,0.001663
180,0.365278,-0.014392
181,0.371764,-0.030104
182,0.379133,-0.045421
183,0.387361,-0.060294
184,0.396422,-0.074675
185,0.406287,-0.088517
186,0.416924,-0.101775
187,0.428297,-0.114406
188,0.431496,-0.117918
189,0.431496,-0.117918
190,0.431496,-0.117918
191,0.431496,-0.117918
192,0.431496,-0.117918
193,0.431496,-0.117918
194,0.431496,-0.117918
195,0.428130,-0.106140
196,0.422165,-0.090227
197,0.415253,-0.074698
198,0.407469,-0.059588
199,0.398838,-0.044945
200,0.396403,-0.040867
201,0.396403,-0.040867
202,0.396403,-0.040867
203,0.396403,-0.040867
204,0.396403,-0.040867
205,0.396403,-0.040867
206,0.396403,-0.040867
207,0.397356,-0.053079
208,0.400034,-0.069861
209,0.403716,-0.086455
210,0.408336,-0.102813
211,0.413880,-0.118881
212,0.420328,-0.134608
213,0.427661,-0.149942
214,0.435855,-0.164834
215,0.444882,-0.179236
216,0.454714,-0.193101
217,0.465320,-0.206385
218,0.468304,-0.210080
219,0.468304,-0.210080
220,0.468304,-0.210080
221,0.468304,-0.210080
222,0.468304,-0.210080
223,0.474602,-0.199572
224,0.482141,-0.184342
225,0.488753,-0.168684
226,0.494463,-0.152674
227,0.499253,-0.136365
228,0.503107,-0.119810
229,0.506013,-0.103063
230,0.507962,-0.086178
231,0.508946,-0.069209
232,0.508964,-0.052211
233,0.508942,-0.047461
234,0.508942,-0.047461
235,0.508942,-0.047461
236,0.508942,-0.047461
237,0.508942,-0.047461
238,0.508942,-0.047461
239,0.508942,-0.047461
240,0.508942,-0.047461
241,0.508009,-0.059676
242,0.508078,-0.076669
243,0.509169,-0.093632
244,0.511222,-0.110505
245,0.514233,-0.127234
246,0.518190,-0.143764
247,0.523082,-0.160043
248,0.528892,-0.176016
249,0.535601,-0.191634
250,0.543187,-0.206844
251,0.551627,-0.221598
252,0.560893,-0.235848
253,0.563505,-0.239816
254,0.563505,-0.239816
255,0.563505,-0.239816
256,0.563505,-0.239816
257,0.563505,-0.239816
258,0.563505,-0.239816
259,0.563505,-0.239816
260,0.562016,-0.227656
261,0.558605,-0.211008
262,0.554198,-0.194592
263,0.548864,-0.178453
264,0.542621,-0.162644
265,0.535488,-0.147215
266,0.527489,-0.132218
267,0.518649,-0.117699
268,0.516156,-0.113656
269,0.516156,-0.113656
270,0.516156,-0.113656
271,0.516156,-0.113656
272,0.516156,-0.113656
273,0.516156,-0.113656
274,0.516156,-0.113656
275,0.517284,-0.125854
276,0.520201,-0.142596
277,0.524119,-0.159136
278,0.528972,-0.175426
279,0.534745,-0.191413
280,0.541417,-0.207046
281,0.548968,-0.222274
282,0.557373,-0.237048
283,0.566606,-0.251320
284,0.576635,-0.265043
285,0.579459,-0.268862
286,0.579459,-0.268862
287,0.579459,-0.268862
288,0.579459,-0.268862
289,0.579459,-0.268862
290,0.579459,-0.268862
291,0.579459,-0.268862
292,0.579459,-0.268862
293,0.572995,-0.258457
294,0.562898,-0.244788
295,0.551995,-0.231747
296,0.540368,-0.219349
297,0.528055,-0.207631
298,0.515095,-0.196634
299,0.511456,-0.193581
300,0.511456,-0.193581
301,0.511456,-0.193581
302,0.511456,-0.193581
303,0.511456,-0.193581
304,0.511456,-0.193581
305,0.511859,-0.205824
306,0.513779,-0.222709
307,0.516710,-0.239452
308,0.520590,-0.256001
309,0.525405,-0.272302
310,0.531140,-0.288303
311,0.537775,-0.303952
312,0.545291,-0.319198
313,0.553661,-0.333991
314,0.562860,-0.348285
315,0.572857,-0.362032
316,0.575672,-0.365857
317,0.575672,-0.365857
318,0.575672,-0.365857
319,0.575672,-0.365857
320,0.575672,-0.365857
321,0.575672,-0.365857
322,0.575672,-0.365857
323,0.573550,-0.353792
324,0.569275,-0.337345
325,0.564017,-0.321181
326,0.557848,-0.305343
327,0.550788,-0.289881
328,0.548790,-0.285571
329,0.548790,-0.285571
330,0.548790,-0.285571
331,0.548790,-0.285571
332,0.548790,-0.285571
333,0.548790,-0.285571
334,0.548790,-0.285571
335,0.548467,-0.297817
336,0.549383,-0.314786
337,0.551318,-0.331673
338,0.554211,-0.348423
339,0.558051,-0.364981
340,0.562828,-0.381294
341,0.568525,-0.397308
342,0.575124,-0.412972
343,0.582603,-0.428236
344,0.590939,-0.443049
345,0.600104,-0.457364
346,0.610068,-0.471134
347,0.620800,-0.484315
348,0.632265,-0.496864
349,0.644425,-0.508741
350,0.657241,-0.519907
351,0.670671,-0.530325
352,0.684673,-0.539962
353,0.688601,-0.542633
354,0.688601,-0.542633
355,0.688601,-0.542633
356,0.688601,-0.542633
357,0.688601,-0.542633
358,0.688601,-0.542633
359,0.686967,-0.530492
360,0.683357,-0.513886
361,0.678755,-0.497523
362,0.673229,-0.481449
363,0.666797,-0.465715
364,0.664975,-0.461329
365,0.664975,-0.461329
366,0.664975,-0.461329
367,0.664975,-0.461329
368,0.664975,-0.461329
369,0.664975,-0.461329
370,0.659689,-0.472380
371,0.653609,-0.488249
372,0.648493,-0.504458
373,0.644308,-0.520932
374,0.641066,-0.537618
375,0.638779,-0.554461
376,0.637454,-0.571407
377,0.637096,-0.588400
378,0.637022,-0.593150
379,0.641666,-0.604486
380,0.642046,-0.612841
381,0.638138,-0.616763
382,0.635468,-0.621127
383,0.633950,-0.625594
384,0.633831,-0.626140
385,0.633831,-0.626140
386,0.633831,-0.626140
387,0.633831,-0.626140
388,0.633831,-0.626140
389,0.633831,-0.626140
390,0.633831,-0.626140
391,0.631537,-0.614107
392,0.627027,-0.597722
393,0.621539,-0.581635
394,0.615144,-0.565886
395,0.607864,-0.550527
396,0.599722,-0.535606
397,0.590744,-0.521173
398,0.580959,-0.507275
399,0.570400,-0.493955
400,0.559100,-0.481258
401,0.555922,-0.477727
402,0.555922,-0.477727
403,0.555922,-0.477727
404,0.555922,-0.477727
405,0.555922,-0.477727
406,0.555922,-0.477727
407,0.555922,-0.477727
408,0.559219,-0.489525
409,0.565092,-0.505472
410,0.571914,-0.521041
411,0.579610,-0.536196
412,0.588156,-0.550889
413,0.597525,-0.565071
414,0.605012,-0.576535
415,0.604628,-0.576810
416,0.608237,-0.576993
417,0.618156,-0.578725
418,0.632854,-0.583592
419,0.637275,-0.585328
420,0.637275,-0.585328
421,0.629586,-0.583248
422,0.622067,-0.581181
423,0.615078,-0.579208
424,0.608788,-0.577342
425,0.602814,-0.564785
426,0.595621,-0.549389
427,0.587514,-0.534449
428,0.578570,-0.519995
429,0.576048,-0.515970
430,0.576048,-0.515970
431,0.576048,-0.515970
432,0.576048,-0.515970
433,0.576048,-0.515970
434,0.576048,-0.515970
435,0.572661,-0.527743
436,0.571348,-0.532308
437,0.573256,-0.544408
438,0.573996,-0.549100
439,0.580839,-0.559260
440,0.591433,-0.572548
441,0.587038,-0.576097
442,0.584154,-0.579160
443,0.583983,-0.579454
444,0.590813,-0.580427
445,0.605123,-0.583454
446,0.621671,-0.587335
447,0.638414,-0.590268
448,0.655296,-0.592245
449,0.672263,-0.593257
450,0.677006,-0.593513
451,0.677006,-0.593513
452,0.677006,-0.593513
453,0.677006,-0.593513
454,0.678010,-0.581304
455,0.678039,-0.564310
456,0.677047,-0.547342
457,0.675091,-0.530457
458,0.672178,-0.513711
459,0.668316,-0.497158
460,0.667211,-0.492539
461,0.667211,-0.492539
462,0.667211,-0.492539
463,0.667211,-0.492539
464,0.667211,-0.492539
465,0.667211,-0.492539
466,0.667211,-0.492539
467,0.664472,-0.504478
468,0.662012,-0.521293
469,0.660568,-0.538230
470,0.660089,-0.555220
471,0.660578,-0.572211
472,0.662033,-0.589146
473,0.664449,-0.605971
474,0.667819,-0.622631
475,0.672130,-0.639073
476,0.677371,-0.655242
477,0.683522,-0.671087
478,0.690566,-0.686557
479,0.698478,-0.701601
480,0.707233,-0.716170
481,0.716803,-0.730218
482,0.727156,-0.743698
483,0.736841,-0.755590
484,0.731824,-0.757649
485,0.726131,-0.759710
486,0.720443,-0.762053
487,0.714947,-0.764745
488,0.709853,-0.767896
489,0.704702,-0.771240
490,0.699743,-0.774846
491,0.695003,-0.778712
492,0.690480,-0.782844
493,0.686202,-0.787207
494,0.682180,-0.791816
495,0.678871,-0.796730
496,0.676774,-0.802609
497,0.675384,-0.808429
498,0.674580,-0.813712
499,0.674704,-0.818133
500,0.674793,-0.818558
501,0.674793,-0.818558
502,0.674449,-0.818642
503,0.674449,-0.818642
504,0.674449,-0.818642
505,0.669577,-0.807402
506,0.661590,-0.792402
507,0.652714,-0.777906
508,0.643028,-0.763939
509,0.632563,-0.750545
510,0.629617,-0.746819
511,0.629617,-0.746819
512,0.629617,-0.746819
513,0.629617,-0.746819
514,0.629617,-0.746819
515,0.629617,-0.746819
516,0.629617,-0.746819
517,0.629617,-0.746819
518,0.636413,-0.757011
519,0.646944,-0.770348
520,0.654208,-0.783746
521,0.655781,-0.798193
522,0.657933,-0.812806
523,0.657105,-0.826293
524,0.654961,-0.839875
525,0.653623,-0.854324
526,0.652913,-0.869112
527,0.652933,-0.884245
528,0.653782,-0.899703
529,0.655572,-0.915451
530,0.667535,-0.921755
531,0.673260,-0.929820
532,0.676747,-0.941738
533,0.681081,-0.954042
534,0.686117,-0.966299
535,0.691845,-0.978317
536,0.698254,-0.990023
537,0.705321,-1.001352
538,0.713020,-1.012267
539,0.721335,-1.022725
540,0.730219,-1.032697
541,0.739678,-1.042162
542,0.749660,-1.051069
543,0.760137,-1.059396
544,0.771065,-1.067106
545,0.782404,-1.074174
546,0.794140,-1.080565
547,0.806127,-1.086202
548,0.818508,-1.091213
549,0.831179,-1.095551
550,0.844058,-1.099155
551,0.857105,-1.102017
552,0.870304,-1.104130
553,0.883598,-1.105498
554,0.896959,-1.106075
555,0.910366,-1.105935
556,0.923700,-1.105007
557,0.936968,-1.103314
558,0.950111,-1.100915
559,0.963099,-1.097748
560,0.975914,-1.093850
561,0.988337,-1.089218
562,1.000583,-1.083848
563,1.012527,-1.077820
564,1.024116,-1.071127
565,1.035307,-1.063784
566,1.046062,-1.055820
567,1.056352,-1.047243
568,1.066135,-1.038106
569,1.075390,-1.028404
570,1.084059,-1.018220
571,1.092143,-1.007549
572,1.099626,-0.996439
573,1.106453,-0.984914
574,1.112611,-0.973014
575,1.118094,-0.960789
576,1.122707,-0.948380
577,1.126776,-0.935594
578,1.130071,-0.922630
579,1.132677,-0.909471
580,1.134538,-0.896147
581,1.135554,-0.882739
582,1.135848,-0.869325
583,1.135319,-0.855907
584,1.134092,-0.842544
585,1.132105,-0.829278
586,1.129366,-0.816124
587,1.125884,-0.803156
588,1.121585,-0.790533
589,1.116629,-0.778056
590,1.110998,-0.765868
591,1.104691,-0.754007
592,1.097697,-0.742528
593,1.090022,-0.731493
594,1.081782,-0.720911
595,1.072962,-0.710812
596,1.063588,-0.701202
597,1.053683,-0.692194
598,1.043277,-0.683739
599,1.032345,-0.675940
600,1.021029,-0.668723
601,1.009333,-0.662155
602,0.997361,-0.656360
603,0.984987,-0.651186
604,0.972304,-0.646741
605,0.959421,-0.642973
606,0.946346,-0.639948
607,0.933094,-0.637692
608,0.919795,-0.636179
609,0.906390,-0.635418
610,0.892955,-0.635524
611,0.879550,-0.636325
612,0.866221,-0.637849
613,0.852946,-0.640106
614,0.839886,-0.643156
615,0.827002,-0.646959
616,0.814693,-0.651695
617,0.802356,-0.656905
618,0.790323,-0.662784
619,0.778623,-0.669357
620,0.767172,-0.676475
621,0.756228,-0.684316
622,0.745769,-0.692776
623,0.735823,-0.701842
624,0.726453,-0.711458
625,0.717591,-0.721527
626,0.709350,-0.732117
627,0.701733,-0.743164
628,0.694813,-0.754675
629,0.688510,-0.766494
630,0.682841,-0.778804
631,0.677915,-0.791287
632,0.673712,-0.804028
633,0.670299,-0.817019
634,0.667578,-0.830139
635,0.665703,-0.843294
636,0.664500,-0.856640
637,0.664026,-0.870046
638,0.664319,-0.883466
639,0.665477,-0.896856
640,0.667286,-0.910158
641,0.669787,-0.923340
642,0.673032,-0.936462
643,0.677054,-0.949291
644,0.681843,-0.961900
645,0.687451,-0.974162
646,0.693584,-0.986119
647,0.700356,-0.997651
648,0.707829,-1.008797
649,0.715907,-1.019326
650,0.724603,-1.029531
651,0.733865,-1.039235
652,0.743722,-1.048367
653,0.753984,-1.056975
654,0.764756,-1.064975
655,0.776039,-1.072332
656,0.787658,-1.079055
657,0.799644,-1.085093
658,0.811952,-1.090447
659,0.824566,-1.095122
660,0.837465,-1.098998
661,0.850502,-1.102187
662,0.863689,-1.104623
663,0.876900,-1.106210
664,0.890267,-1.107193
665,0.903849,-1.107313
666,0.917255,-1.106758
667,0.930623,-1.105426
668,0.943871,-1.103294
669,0.957049,-1.100465
670,0.969981,-1.096854
671,0.982686,-1.092498
672,0.995115,-1.087445
673,1.007250,-1.081679
674,1.019025,-1.075258
675,1.030302,-1.068193
676,1.041319,-1.060434
677,1.051809,-1.051979
678,1.061832,-1.043071
679,1.071342,-1.033608
680,1.080305,-1.023597
681,1.088702,-1.013068
682,1.096463,-1.002113
683,1.103608,-0.990727
684,1.109990,-0.978862
685,1.115822,-0.966712
686,1.121052,-0.954310
687,1.125503,-0.941567
688,1.129171,-0.928614
689,1.132032,-0.915458
690,1.134085,-0.902298
691,1.135486,-0.888944
692,1.136109,-0.875487
693,1.135923,-0.862042
694,1.135040,-0.848669
695,1.133383,-0.835319
696,1.130985,-0.822121
697,1.127846,-0.809058
698,1.123868,-0.796203
699,1.119273,-0.783542
700,1.113940,-0.771209
701,1.107925,-0.759198
702,1.101240,-0.747552
703,1.093839,-0.736432
704,1.085844,-0.725654
705,1.077262,-0.715329
706,1.068088,-0.705453
707,1.058476,-0.695981
708,1.048207,-0.687219
709,1.037511,-0.679052
710,1.026381,-0.671510
711,1.014833,-0.664621
712,1.002864,-0.658462
713,0.990611,-0.652933
714,0.978071,-0.648098
715,0.965270,-0.643995
716,0.952217,-0.640662
717,0.939121,-0.638104
718,0.925809,-0.636266
719,0.912406,-0.635143
720,0.898958,-0.634786
721,0.885495,-0.635257
722,0.872083,-0.636482
723,0.858705,-0.638407
724,0.845536,-0.641111
725,0.832531,-0.644604
726,0.819741,-0.648794
727,0.807246,-0.653705
728,0.794960,-0.659197
729,0.782923,-0.665433
730,0.771392,-0.672445
731,0.760464,-0.680031
732,0.749804,-0.688246
733,0.739666,-0.697119
734,0.729998,-0.706487
735,0.720859,-0.716388
736,0.712355,-0.726730
737,0.704407,-0.737592
738,0.697112,-0.748907
739,0.690473,-0.760611
740,0.684509,-0.772661
741,0.679242,-0.785040
742,0.674735,-0.797737
743,0.670882,-0.810662
744,0.667852,-0.823678
745,0.665538,-0.836931
746,0.664016,-0.850371
747,0.663192,-0.863806
748,0.663140,-0.877261
749,0.663849,-0.890698
750,0.665201,-0.904114
751,0.667441,-0.917501
752,0.670423,-0.930633
753,0.674148,-0.943576
754,0.678576,-0.956360
755,0.683808,-0.968779
756,0.689694,-0.980905
757,0.696234,-0.992665
758,0.703417,-1.003919
759,0.711261,-1.014868
760,0.719821,-1.025296
761,0.728832,-1.035329
762,0.738415,-1.044774
763,0.748518,-1.053668
764,0.759123,-1.061983
765,0.770167,-1.069679
766,0.781638,-1.076733
767,0.793535,-1.083090
768,0.805751,-1.088786
769,0.818255,-1.093795
770,0.831025,-1.098078
771,0.844021,-1.101649
772,0.857115,-1.104497
773,0.870468,-1.106569
774,0.883901,-1.107893
775,0.897399,-1.108382
776,0.910882,-1.108170
777,0.924329,-1.107177
778,0.937744,-1.105440
779,0.951037,-1.102936
780,0.964103,-1.099626
781,0.976980,-1.095602
782,0.989598,-1.090908
783,1.001907,-1.085378
784,1.013907,-1.079258
785,1.025504,-1.072475
786,1.036731,-1.064999
787,1.047519,-1.056897
788,1.057849,-1.048230
789,1.067665,-1.038917
790,1.076919,-1.029114
791,1.085603,-1.018793
792,1.093689,-1.008022
793,1.101236,-0.996761
794,1.108197,-0.985078
795,1.114397,-0.973066
796,1.119875,-0.960721
797,1.124641,-0.948178
798,1.128641,-0.935272
799,1.131811,-0.922306
800,1.134322,-0.909065
801,1.135991,-0.895615
802,1.137028,-0.882162
803,1.137280,-0.868672
804,1.136788,-0.855145
805,1.135515,-0.841712
806,1.133475,-0.828378
807,1.130679,-0.815183
808,1.127136,-0.802167
809,1.122854,-0.789388
810,1.117873,-0.776869
811,1.112096,-0.764655
812,1.105631,-0.752789
813,1.098621,-0.741299
814,1.090955,-0.730351
815,1.082529,-0.719693
816,1.073626,-0.709511
817,1.064160,-0.699877
818,1.054161,-0.690755
819,1.043675,-0.682274
820,1.032717,-0.674392
821,1.021275,-0.667242
822,1.009524,-0.660622
823,0.997393,-0.654724
824,0.984940,-0.649532
825,0.972209,-0.645058
826,0.959198,-0.641342
827,0.946034,-0.638335
828,0.932839,-0.636192
829,0.919384,-0.634724
830,0.905907,-0.633990
831,0.892387,-0.634088
832,0.878911,-0.634894
833,0.865488,-0.636509
834,0.852192,-0.638856
835,0.838991,-0.641859
836,0.825939,-0.645645
837,0.813200,-0.650205
838,0.800755,-0.655469
839,0.788644,-0.661437
840,0.776937,-0.668138
841,0.765522,-0.675458
842,0.754716,-0.683372
843,0.744279,-0.691917
844,0.734350,-0.701071
845,0.724939,-0.710768
846,0.716016,-0.720986
847,0.707774,-0.731721
848,0.700137,-0.742871
849,0.693133,-0.754444
850,0.686801,-0.766376
851,0.681209,-0.778691
852,0.676315,-0.791301
853,0.672075,-0.804148
854,0.668612,-0.817200
855,0.666023,-0.830337
856,0.663981,-0.843723
857,0.662637,-0.857264
858,0.662146,-0.870817
859,0.662521,-0.884359
860,0.663619,-0.897837
861,0.665402,-0.911271
862,0.668083,-0.924544
863,0.671445,-0.937632
864,0.675549,-0.950515
865,0.680454,-0.963138
866,0.685992,-0.975455
867,0.692226,-0.987442
868,0.699167,-0.999076
869,0.706703,-1.010165
870,0.714920,-1.020912
871,0.723699,-1.031208
872,0.733061,-1.041003
873,0.742952,-1.050223
874,0.753354,-1.058907
875,0.764243,-1.066959
876,0.775556,-1.074420
877,0.787291,-1.081194
878,0.799369,-1.087416
879,0.811808,-1.092887
880,0.824560,-1.097526
881,0.837513,-1.101468
882,0.850653,-1.104668
883,0.863990,-1.107090
884,0.877292,-1.108738
885,0.890812,-1.109571
886,0.904338,-1.109722
887,0.917851,-1.109109
888,0.931363,-1.107716
889,0.944737,-1.105494
890,0.957943,-1.102601
891,0.970959,-1.098960
892,0.983751,-1.094523
893,0.996263,-1.089451
894,1.008490,-1.083649
895,1.020388,-1.077146
896,1.031863,-1.069950
897,1.042962,-1.062171
898,1.053645,-1.053791
899,1.063674,-1.044752
900,1.073283,-1.035186
901,1.082312,-1.025097
902,1.090760,-1.014512
903,1.098581,-1.003465
904,1.105762,-0.991832
905,1.112291,-0.979948
906,1.118116,-0.967716
907,1.123209,-0.955227
908,1.127657,-0.942394
909,1.131326,-0.929367
910,1.134266,-0.916149
911,1.136417,-0.902785
912,1.137815,-0.889325
913,1.138299,-0.875881
914,1.138159,-0.862280
915,1.137248,-0.848744
916,1.135540,-0.835293
917,1.133093,-0.821955
918,1.129893,-0.808784
919,1.125962,-0.795755
920,1.121308,-0.783020
921,1.115869,-0.770606
922,1.109933,-0.758390
923,1.103201,-0.746544
924,1.095754,-0.735300
925,1.087663,-0.724348
926,1.078965,-0.713880
927,1.069745,-0.703945
928,1.059922,-0.694578
929,1.049624,-0.685759
930,1.038841,-0.677567
931,1.027586,-0.669925
932,1.015914,-0.663007
933,1.003886,-0.656724
934,0.991524,-0.651178
935,0.978871,-0.646290
936,0.965880,-0.642182
937,0.952749,-0.638783
938,0.939447,-0.636123
939,0.926124,-0.634351
940,0.912577,-0.633222
941,0.899014,-0.632868
942,0.885449,-0.633160
943,0.871785,-0.634417
944,0.858246,-0.636342
945,0.844935,-0.639041
946,0.831815,-0.642506
947,0.818911,-0.646713
948,0.806273,-0.651637
949,0.793927,-0.657308
950,0.781941,-0.663634
951,0.770332,-0.670638
952,0.759131,-0.678289
953,0.748449,-0.686609
954,0.738288,-0.695430
955,0.728572,-0.704914
956,0.719385,-0.714900
957,0.710697,-0.725414
958,0.702681,-0.736392
959,0.695390,-0.747933
960,0.688666,-0.759735
961,0.682606,-0.771940
962,0.677307,-0.784432
963,0.672618,-0.797189
964,0.668649,-0.810223
965,0.665490,-0.823469
966,0.663069,-0.836895
967,0.661467,-0.850403
968,0.660972,-0.863776
969,0.660943,-0.877324
970,0.661645,-0.890870
971,0.663115,-0.904361
972,0.665330,-0.917760
973,0.668317,-0.931010
974,0.672058,-0.944066
975,0.676520,-0.956895
976,0.681722,-0.969466
977,0.687632,-0.981710
978,0.694213,-0.993615
979,0.701476,-1.005124
980,0.709381,-1.016181
981,0.717912,-1.026754
982,0.727082,-1.036896
983,0.736751,-1.046452
984,0.746911,-1.055489
985,0.757591,-1.063984
986,0.768791,-1.071835
987,0.780375,-1.078952
988,0.792327,-1.085402
989,0.804681,-1.091153
990,0.817187,-1.096036
991,0.830094,-1.100374
992,0.843200,-1.103972
993,0.856517,-1.106850
994,0.869978,-1.108915
995,0.883562,-1.110270
996,0.897153,-1.110867
997,0.910765,-1.110663
998,0.924318,-1.109631
999,0.937814,-1.107871
1000,0.951211,-1.105350
1001,0.964398,-1.102031
1002,0.977387,-1.098015
1003,0.990140,-1.093260
1004,1.002640,-1.087758
1005,1.014650,-1.081593
1006,1.026449,-1.074814
1007,1.037920,-1.067319
1008,1.048871,-1.059177
1009,1.059310,-1.050460
1010,1.069265,-1.041125
1011,1.078636,-1.031204
1012,1.087471,-1.020819
1013,1.095735,-1.009922
1014,1.103300,-0.998578
1015,1.110216,-0.986812
1016,1.116460,-0.974690
1017,1.122007,-0.962214
1018,1.126859,-0.949451
1019,1.130859,-0.936435
1020,1.134183,-0.923203
1021,1.136773,-0.909808
1022,1.138637,-0.896283
1023,1.139684,-0.882657
1024,1.139929,-0.869019
1025,1.139411,-0.855399
1026,1.138163,-0.841832
1027,1.136280,-0.828286
1028,1.133474,-0.814891
1029,1.129928,-0.801705
1030,1.125652,-0.788777
1031,1.120599,-0.776097
1032,1.114822,-0.763714
1033,1.108387,-0.751684
1034,1.101270,-0.740008
1035,1.093478,-0.728804
1036,1.085093,-0.717918
1037,1.076116,-0.707615
1038,1.066569,-0.697852
1039,1.056496,-0.688644
1040,1.045857,-0.680047
1041,1.034756,-0.671975
1042,1.023238,-0.664579
1043,1.011327,-0.657875
1044,0.999032,-0.651872
1045,0.986505,-0.646600
1046,0.973614,-0.642006
1047,0.960422,-0.637862
1048,0.947008,-0.634602
1049,0.933483,-0.632253
1050,0.919755,-0.630481
1051,0.905946,-0.629410
1052,0.891981,-0.629037
1053,0.877917,-0.629309
1054,0.863734,-0.630275
1055,0.849356,-0.631911
1056,0.834757,-0.633733
1057,0.819755,-0.635937
1058,0.804455,-0.638670
1059,0.788843,-0.641802
1060,0.772668,-0.645647
1061,0.760561,-0.648948
1062,0.753746,-0.651412
1063,0.749113,-0.653833
1064,0.748625,-0.654111
1065,0.748625,-0.654111
1066,0.749292,-0.656364
1067,0.751673,-0.656345
1068,0.751483,-0.656616
1069,0.751483,-0.656616
1070,0.751483,-0.656616
1071,0.751483,-0.656616
1072,0.748147,-0.657459
1073,0.746965,-0.657796
1074,0.739969,-0.647604
1075,0.729484,-0.634230
1076,0.718211,-0.621508
1077,0.706233,-0.609449
1078,0.702867,-0.606098
1079,0.702867,-0.606098
1080,0.702867,-0.606098
1081,0.702867,-0.606098
1082,0.702867,-0.606098
1083,0.697741,-0.617224
1084,0.691891,-0.633179
1085,0.687009,-0.649460
1086,0.683062,-0.665993
1087,0.681664,-0.669596
1088,0.681211,-0.677561
1089,0.679696,-0.685048
1090,0.679322,-0.693659
1091,0.676870,-0.703019
1092,0.677470,-0.711203
1093,0.677774,-0.712264
1094,0.680654,-0.717644
1095,0.676511,-0.720908
1096,0.669999,-0.723067
1097,0.663886,-0.721991
1098,0.654678,-0.724379
1099,0.645233,-0.726870
1100,0.640171,-0.726136
1101,0.629946,-0.730525
1102,0.621251,-0.733388
1103,0.614659,-0.734304
1104,0.610891,-0.734625
1105,0.610374,-0.734648
1106,0.610374,-0.734648
1107,0.609750,-0.722413
1108,0.607526,-0.705566
1109,0.604292,-0.688879
1110,0.600114,-0.672403
1111,0.598920,-0.667805
1112,0.598920,-0.667805
1113,0.598920,-0.667805
1114,0.598920,-0.667805
1115,0.598920,-0.667805
1116,0.598920,-0.667805
1117,0.598920,-0.667805
1118,0.596411,-0.679795
1119,0.594274,-0.696654
1120,0.593154,-0.713615
1121,0.593001,-0.730612
1122,0.593815,-0.747590
1123,0.595594,-0.764494
1124,0.598331,-0.781269
1125,0.602019,-0.797862
1126,0.603076,-0.802493
1127,0.610279,-0.812402
1128,0.621341,-0.825302
1129,0.633161,-0.837517
1130,0.643524,-0.848866
1131,0.655701,-0.859664
1132,0.665802,-0.869017
1133,0.667867,-0.876606
1134,0.669888,-0.883346
1135,0.672230,-0.889828
1136,0.674940,-0.896140
1137,0.678027,-0.902287
1138,0.681574,-0.908256
1139,0.685520,-0.914044
1140,0.689971,-0.919610
1141,0.695000,-0.924923
1142,0.697064,-0.926183
1143,0.693877,-0.922941
1144,0.692472,-0.924524
1145,0.694009,-0.932594
1146,0.696326,-0.941637
1147,0.695577,-0.948618
1148,0.693250,-0.954647
1149,0.690828,-0.960966
1150,0.688579,-0.967537
1151,0.686572,-0.974333
1152,0.684793,-0.981375
1153,0.683428,-0.988512
1154,0.682476,-0.995714
1155,0.681697,-1.003193
1156,0.681235,-1.010902
1157,0.681231,-1.018630
1158,0.681599,-1.026429
1159,0.682256,-1.034477
1160,0.683345,-1.042583
1161,0.684824,-1.050798
1162,0.686704,-1.059121
1163,0.689020,-1.067510
1164,0.691835,-1.075807
1165,0.695127,-1.083923
1166,0.698878,-1.091831
1167,0.703073,-1.099504
1168,0.707698,-1.106919
1169,0.712738,-1.114051
1170,0.718175,-1.120876
1171,0.723990,-1.127373
1172,0.730163,-1.133522
1173,0.736675,-1.139301
1174,0.743503,-1.144693
1175,0.750623,-1.149681
1176,0.758013,-1.154248
1177,0.765647,-1.158381
1178,0.773500,-1.162066
1179,0.781546,-1.165291
1180,0.789757,-1.168048
1181,0.798107,-1.170327
1182,0.806568,-1.172122
1183,0.815112,-1.173427
1184,0.823711,-1.174239
1185,0.832335,-1.174556
1186,0.840958,-1.174378
1187,0.849550,-1.173705
1188,0.858083,-1.172542
1189,0.866529,-1.170891
1190,0.874861,-1.168761
1191,0.883050,-1.166157
1192,0.891072,-1.163090
1193,0.898898,-1.159570
1194,0.906504,-1.155609
1195,0.913865,-1.151222
1196,0.920958,-1.146423
1197,0.927392,-1.141298
1198,0.933885,-1.135752
1199,0.940045,-1.129848
1200,0.945852,-1.123606
1201,0.951288,-1.117045
1202,0.956335,-1.110188
1203,0.960976,-1.103057
1204,0.965162,-1.095919
1205,0.967633,-1.090283
1206,0.969068,-1.084248
1207,0.969996,-1.078043
1208,0.970546,-1.071776
1209,0.978796,-1.069912
1210,0.989300,-1.068453
1211,0.998381,-1.065751
1212,1.007285,-1.062700
1213,1.015999,-1.059157
1214,1.024486,-1.055120
1215,1.032712,-1.050599
1216,1.040677,-1.045619
1217,1.048341,-1.040179
1218,1.055687,-1.034326
1219,1.062681,-1.028047
1220,1.069320,-1.021404
1221,1.075594,-1.014448
1222,1.081406,-1.007091
1223,1.086790,-0.999410
1224,1.091749,-0.991434
1225,1.096317,-0.983173
1226,1.100328,-0.974676
1227,1.103871,-0.965968
1228,1.106907,-0.957087
1229,1.109439,-0.948076
1230,1.111733,-0.939166
1231,1.113224,-0.929918
1232,1.114181,-0.920559
1233,1.114585,-0.911122
1234,1.114513,-0.901704
1235,1.113894,-0.892313
1236,1.112808,-0.882963
1237,1.111110,-0.873724
1238,1.109345,-0.864719
1239,1.106669,-0.855734
1240,1.103459,-0.846890
1241,1.099758,-0.838223
1242,1.095576,-0.829772
1243,1.090914,-0.821567
1244,1.085814,-0.813637
1245,1.080281,-0.806021
1246,1.074717,-0.798570
1247,1.068434,-0.791553
1248,1.061701,-0.784911
1249,1.054614,-0.778655
1250,1.047170,-0.772808
1251,1.039401,-0.767406
1252,1.031339,-0.762428
1253,1.023030,-0.757895
1254,1.014774,-0.753634
1255,1.006189,-0.749873
1256,0.997322,-0.746638
1257,0.988290,-0.743869
1258,0.979120,-0.741572
1259,0.969808,-0.739681
1260,0.960432,-0.738282
1261,0.951056,-0.737322
1262,0.941668,-0.736777
1263,0.932267,-0.736643
1264,0.922900,-0.736888
1265,0.913749,-0.737178
1266,0.904451,-0.738042
1267,0.895212,-0.739198
1268,0.886027,-0.740587
1269,0.876870,-0.742195
1270,0.867816,-0.743942
1271,0.858822,-0.745739
1272,0.851994,-0.741760
1273,0.849460,-0.740556
1274,0.849375,-0.740748
1275,0.845291,-0.734307
1276,0.839276,-0.718849
1277,0.832432,-0.703290
1278,0.824714,-0.688146
1279,0.816146,-0.673466
1280,0.806758,-0.659297
1281,0.796578,-0.645684
1282,0.785640,-0.632674
1283,0.773980,-0.620306
1284,0.761635,-0.608622
1285,0.758167,-0.605376
1286,0.758167,-0.605376
1287,0.758167,-0.605376
1288,0.758167,-0.605376
1289,0.758167,-0.605376
1290,0.758167,-0.605376
1291,0.758167,-0.605376
1292,0.762462,-0.616849
1293,0.764530,-0.631020
1294,0.761698,-0.644240
1295,0.759058,-0.657648
1296,0.756625,-0.671167
1297,0.754406,-0.684811
1298,0.752412,-0.698600
1299,0.750654,-0.712551
1300,0.749148,-0.726685
1301,0.747912,-0.741017
1302,0.746968,-0.755562
1303,0.746341,-0.770334
1304,0.746057,-0.785343
1305,0.746146,-0.800598
1306,0.746640,-0.816103
1307,0.747572,-0.831862
1308,0.748980,-0.847872
1309,0.750900,-0.864128
1310,0.753373,-0.880618
1311,0.756439,-0.897326
1312,0.760141,-0.914231
1313,0.764521,-0.931302
1314,0.769624,-0.948498
1315,0.775494,-0.965765
1316,0.782650,-0.982054
1317,0.790754,-0.997693
1318,0.799590,-1.013292
1319,0.804612,-1.027621
1320,0.811605,-1.038622
1321,0.820267,-1.047710
1322,0.829446,-1.055559
1323,0.839099,-1.062233
1324,0.849104,-1.067735
1325,0.859455,-1.072051
1326,0.869936,-1.075098
1327,0.880563,-1.076810
1328,0.891285,-1.077163
1329,0.902030,-1.076183
1330,0.912761,-1.073948
1331,0.923434,-1.070606
1332,0.933814,-1.066044
1333,0.944418,-1.061158
1334,0.954592,-1.055620
1335,0.964767,-1.049600
1336,0.972856,-1.048354
1337,0.980549,-1.048095
1338,0.988176,-1.046962
1339,0.995729,-1.045357
1340,1.003130,-1.043289
1341,1.010392,-1.040777
1342,1.017502,-1.037855
1343,1.024428,-1.034533
1344,1.031137,-1.030765
1345,1.037636,-1.026683
1346,1.043895,-1.022233
1347,1.049888,-1.017431
1348,1.055599,-1.012299
1349,1.061009,-1.006850
1350,1.066104,-1.001100
1351,1.070863,-0.995068
1352,1.075283,-0.988772
1353,1.079331,-0.982240
1354,1.082999,-0.975488
1355,1.086225,-0.968482
1356,1.089022,-0.961346
1357,1.091491,-0.954080
1358,1.093538,-0.946674
1359,1.095092,-0.939065
1360,1.096302,-0.931477
1361,1.097063,-0.923833
1362,1.097376,-0.916158
1363,1.097041,-0.908676
1364,1.096492,-0.901005
1365,1.095515,-0.893390
1366,1.094110,-0.885836
1367,1.092259,-0.878372
1368,1.089971,-0.871076
1369,1.087236,-0.863857
1370,1.084179,-0.856825
1371,1.080604,-0.849937
1372,1.076766,-0.843304
1373,1.072559,-0.836903
1374,1.067973,-0.830741
1375,1.063078,-0.824856
1376,1.057817,-0.819305
1377,1.052244,-0.814059
1378,1.046409,-0.809113
1379,1.040268,-0.804515
1380,1.033769,-0.800302
1381,1.027175,-0.796409
1382,1.020366,-0.792903
1383,1.013373,-0.789827
1384,1.006211,-0.787141
1385,0.998907,-0.784851
1386,0.991484,-0.782971
1387,0.983968,-0.781519
1388,0.976358,-0.780526
1389,0.968724,-0.779942
1390,0.961242,-0.780230
1391,0.953625,-0.780509
1392,0.946004,-0.781276
1393,0.938539,-0.782408
1394,0.931084,-0.783989
1395,0.923732,-0.786002
1396,0.916482,-0.788429
1397,0.909385,-0.791244
1398,0.902456,-0.794504
1399,0.895729,-0.798106
1400,0.889220,-0.802229
1401,0.882952,-0.806586
1402,0.876937,-0.811268
1403,0.871204,-0.816290
1404,0.865764,-0.821632
1405,0.860625,-0.827280
1406,0.855822,-0.833203
1407,0.851371,-0.839403
1408,0.847289,-0.845862
1409,0.843993,-0.852472
1410,0.840712,-0.859345
1411,0.837943,-0.866563
1412,0.835432,-0.873717
1413,0.833338,-0.881017
1414,0.831688,-0.888429
1415,0.830424,-0.895964
1416,0.829590,-0.903542
1417,0.829173,-0.911139
1418,0.829275,-0.918821
1419,0.829709,-0.926402
1420,0.830587,-0.933945
1421,0.831886,-0.941428
1422,0.833616,-0.948822
1423,0.835791,-0.956083
1424,0.838342,-0.963222
1425,0.841310,-0.970200
1426,0.844721,-0.977007
1427,0.848578,-0.983308
1428,0.852719,-0.989641
1429,0.857186,-0.995796
1430,0.861965,-1.001679
1431,0.867109,-1.007269
1432,0.872561,-1.012556
1433,0.878271,-1.017534
1434,0.884286,-1.022169
1435,0.890573,-1.026452
1436,0.897029,-1.030374
1437,0.903749,-1.033842
1438,0.910648,-1.037003
1439,0.917693,-1.039776
1440,0.924941,-1.042069
1441,0.932240,-1.044027
1442,0.939666,-1.045529
1443,0.947152,-1.046645
1444,0.954705,-1.047339
1445,0.962285,-1.047532
1446,0.969857,-1.047346
1447,0.977411,-1.046695
1448,0.984916,-1.045613
1449,0.992362,-1.044033
1450,0.999683,-1.042172
1451,1.006881,-1.039882
1452,1.013937,-1.037183
1453,1.020784,-1.034044
1454,1.027461,-1.030555
1455,1.033566,-1.026525
1456,1.039798,-1.022310
1457,1.045802,-1.017624
1458,1.051537,-1.012746
1459,1.056981,-1.007545
1460,1.062118,-1.002040
1461,1.066933,-0.996251
1462,1.071406,-0.990213
1463,1.075498,-0.983816
1464,1.079271,-0.977298
1465,1.082635,-0.970542
1466,1.085634,-0.963633
1467,1.088214,-0.956538
1468,1.090378,-0.949303
1469,1.092145,-0.941975
1470,1.093507,-0.934564
1471,1.094369,-0.927028
1472,1.094841,-0.919533
1473,1.094563,-0.912281
1474,1.094196,-0.904802
1475,1.093287,-0.897287
1476,1.092122,-0.889877
1477,1.090522,-0.882553
1478,1.088511,-0.875330
1479,1.086027,-0.868286
1480,1.083197,-0.861340
1481,1.079976,-0.854565
1482,1.076377,-0.847985
1483,1.072378,-0.841614
1484,1.068008,-0.835491
1485,1.063340,-0.829619
1486,1.058215,-0.824028
1487,1.052920,-0.818713
1488,1.047276,-0.813790
1489,1.041426,-0.809115
1490,1.035291,-0.804792
1491,1.028984,-0.801288
1492,1.022440,-0.797728
1493,1.015699,-0.794580
1494,1.008669,-0.791802
1495,1.001619,-0.789315
1496,0.994446,-0.787370
1497,0.987149,-0.785758
1498,0.979777,-0.784566
1499,0.972348,-0.783794
1500,0.964888,-0.783446
1501,0.957419,-0.783523
1502,0.949942,-0.784065
1503,0.942523,-0.785033
1504,0.935131,-0.786488
1505,0.927877,-0.788229
1506,0.920763,-0.790459
1507,0.913740,-0.793036
1508,0.906886,-0.796013
1509,0.900530,-0.799501
1510,0.894207,-0.803270
1511,0.887996,-0.807346
1512,0.882019,-0.811769
1513,0.876292,-0.816558
1514,0.870863,-0.821636
1515,0.865731,-0.827136
1516,0.860894,-0.832785
1517,0.856459,-0.838739
1518,0.852320,-0.844911
1519,0.848573,-0.851281
1520,0.845126,-0.857863
1521,0.842070,-0.864635
1522,0.839444,-0.871606
1523,0.837187,-0.878686
1524,0.835333,-0.885879
1525,0.833969,-0.893267
1526,0.832947,-0.900630
1527,0.832854,-0.907720
1528,0.832679,-0.915096
1529,0.832918,-0.922483
1530,0.833570,-0.929846
1531,0.834627,-0.937171
1532,0.836139,-0.944417
1533,0.838124,-0.951559
1534,0.840427,-0.958569
1535,0.843130,-0.965451
1536,0.846266,-0.972173
1537,0.849788,-0.978613
1538,0.853589,-0.984962
1539,0.857881,-0.991083
1540,0.862383,-0.996936
1541,0.867233,-1.002476
1542,0.872382,-1.007772
1543,0.877816,-1.012770
1544,0.883536,-1.017441
1545,0.889507,-1.021295
1546,0.895695,-1.025254
1547,0.902221,-1.028833
1548,0.908805,-1.032105
1549,0.915605,-1.034939
1550,0.922499,-1.037426
1551,0.929547,-1.039506
1552,0.936708,-1.041119
1553,0.943940,-1.042367
1554,0.951246,-1.043252
1555,0.958603,-1.043673
1556,0.965958,-1.043705
1557,0.973380,-1.043216
1558,0.980685,-1.042421
1559,0.987930,-1.041204
1560,0.995094,-1.039575
1561,1.002153,-1.037541
1562,1.008814,-1.034902
1563,1.015460,-1.031975
1564,1.022042,-1.028757
1565,1.028439,-1.025177
1566,1.034621,-1.021272
1567,1.040573,-1.016871
1568,1.046273,-1.012283
1569,1.051652,-1.007363
1570,1.056806,-1.002166
1571,1.061648,-0.996678
1572,1.066166,-0.990922
1573,1.070349,-0.984917
1574,1.074182,-0.978681
1575,1.077603,-0.972115
1576,1.080718,-0.965496
1577,1.083440,-0.958706
1578,1.085766,-0.951772
1579,1.087304,-0.944815
1580,1.088757,-0.937750
1581,1.089861,-0.930556
1582,1.090522,-0.923304
1583,1.090720,-0.915927
1584,1.090614,-0.908638
1585,1.090059,-0.901376
1586,1.089087,-0.894160
1587,1.087723,-0.887001
1588,1.085900,-0.879953
1589,1.083727,-0.872975
1590,1.081175,-0.866145
1591,1.078189,-0.859472
1592,1.074869,-0.852982
1593,1.071062,-0.846664
1594,1.067031,-0.840589
1595,1.062523,-0.835159
1596,1.057818,-0.829722
1597,1.052827,-0.824461
1598,1.047544,-0.819555
1599,1.042007,-0.814880
1600,1.036206,-0.810538
1601,1.030121,-0.806528
1602,1.023854,-0.802916
1603,1.017393,-0.799631
1604,1.010724,-0.796795
1605,1.003820,-0.794292
1606,0.996921,-0.792169
1607,0.989898,-0.790383
1608,0.982786,-0.789016
1609,0.975609,-0.788062
1610,0.968389,-0.787519
1611,0.961148,-0.787387
1612,0.953918,-0.787695
1613,0.947141,-0.788941
1614,0.940050,-0.790034
1615,0.932992,-0.791544
1616,0.926048,-0.793480
1617,0.919283,-0.795852
1618,0.912569,-0.798556
1619,0.906051,-0.801596
1620,0.899716,-0.805023
1621,0.893564,-0.808922
1622,0.887649,-0.813018
1623,0.881980,-0.817456
1624,0.876574,-0.822202
1625,0.871452,-0.827256
1626,0.866613,-0.832588
1627,0.862095,-0.838189
1628,0.858250,-0.844036
1629,0.854425,-0.850142
1630,0.850918,-0.856403
1631,0.847805,-0.862888
1632,0.845111,-0.869504
1633,0.842730,-0.876298
1634,0.840738,-0.883184
1635,0.839168,-0.890190
1636,0.837968,-0.897252
1637,0.837182,-0.904400
1638,0.836861,-0.911539
1639,0.836922,-0.918731
1640,0.837351,-0.925886
1641,0.838235,-0.933023
1642,0.839482,-0.940083
1643,0.841209,-0.947053
1644,0.843248,-0.953906
1645,0.845759,-0.960588
1646,0.848591,-0.967184
1647,0.851755,-0.973596
1648,0.855402,-0.979854
1649,0.859265,-0.985870
1650,0.863463,-0.991655
1651,0.867990,-0.997185
1652,0.872838,-1.002442
1653,0.877955,-1.007408
1654,0.883355,-1.012095
1655,0.889010,-1.016460
1656,0.894966,-1.020456
1657,0.901099,-1.023383
1658,0.907377,-1.026732
1659,0.913958,-1.029639
1660,0.920563,-1.032247
1661,0.927320,-1.034481
1662,0.934190,-1.036311
1663,0.941129,-1.037656
1664,0.948153,-1.038698
1665,0.955226,-1.039339
1666,0.962328,-1.039569
1667,0.969460,-1.039350
1668,0.976510,-1.038730
1669,0.983560,-1.037653
1670,0.990501,-1.036219
1671,0.997355,-1.034483
1672,1.004168,-1.032234
1673,1.010755,-1.029660
1674,1.016592,-1.026394
1675,1.022832,-1.023151
1676,1.028890,-1.019554
1677,1.034739,-1.015619
1678,1.040357,-1.011357
1679,1.045724,-1.006783
1680,1.050801,-1.001863
1681,1.055606,-0.996708
1682,1.060033,-0.991154
1683,1.064192,-0.985459
1684,1.068076,-0.979581
1685,1.071606,-0.973490
1686,1.074779,-0.967208
1687,1.077478,-0.960708
1688,1.079919,-0.954131
1689,1.081951,-0.947404
1690,1.082972,-0.940823
1691,1.084197,-0.933925
1692,1.085060,-0.926989
1693,1.085536,-0.920003
1694,1.085581,-0.912973
1695,1.085280,-0.905975
1696,1.084464,-0.898933
1697,1.083374,-0.892021
1698,1.081886,-0.885178
1699,1.080011,-0.878440
1700,1.077679,-0.871904
1701,1.075000,-0.865428
1702,1.072019,-0.859097
1703,1.068683,-0.852955
1704,1.064862,-0.846990
1705,1.060671,-0.841711
1706,1.056257,-0.836554
1707,1.051679,-0.831413
1708,1.046798,-0.826514
1709,1.041640,-0.821888
1710,1.036224,-0.817577
1711,1.030563,-0.813575
1712,1.024622,-0.810019
1713,1.018551,-0.806662
1714,1.012300,-0.803662
1715,1.005889,-0.801024
1716,0.999219,-0.798824
1717,0.992553,-0.796928
1718,0.985821,-0.795528
1719,0.978986,-0.794402
1720,0.972101,-0.793665
1721,0.965411,-0.793782
1722,0.958802,-0.794160
1723,0.951960,-0.794586
1724,0.945022,-0.795570
1725,0.938287,-0.796760
1726,0.931616,-0.798351
1727,0.925044,-0.800322
1728,0.918600,-0.802656
1729,0.912305,-0.805381
1730,0.906441,-0.808611
1731,0.900483,-0.811998
1732,0.894716,-0.815858
1733,0.889172,-0.819893
1734,0.883882,-0.824247
1735,0.878850,-0.828891
1736,0.874123,-0.833837
1737,0.869659,-0.839022
1738,0.865507,-0.844462
1739,0.861658,-0.850122
1740,0.858504,-0.856035
1741,0.855330,-0.862084
1742,0.852488,-0.868341
1743,0.850008,-0.874711
1744,0.847887,-0.881247
1745,0.846123,-0.887875
1746,0.844759,-0.894623
1747,0.843717,-0.901411
1748,0.843145,-0.908259
1749,0.842935,-0.915115
1750,0.843111,-0.921997
1751,0.843699,-0.928860
1752,0.844694,-0.935657
1753,0.846038,-0.942354
1754,0.847873,-0.949067
1755,0.849983,-0.955577
1756,0.852447,-0.961988
1757,0.855298,-0.968214
1758,0.858492,-0.974283
1759,0.862022,-0.980164
1760,0.865886,-0.985844
1761,0.870870,-0.991770
1762,0.876451,-0.996750
1763,0.882138,-1.001274
1764,0.888083,-1.005484
1765,0.894285,-1.009345
1766,0.900685,-1.012853
1767,0.907372,-1.015972
1768,0.914102,-1.018764
1769,0.920987,-1.021158
1770,0.928008,-1.023146
1771,0.935148,-1.024713
1772,0.942340,-1.025920
1773,0.949595,-1.026714
1774,0.956872,-1.027084
1775,0.964203,-1.027046
1776,0.971532,-1.026589
1777,0.978776,-1.025721
1778,0.985949,-1.024430
1779,0.993122,-1.022657
1780,1.000103,-1.020574
1781,1.006945,-1.018059
1782,1.013632,-1.015153
1783,1.020132,-1.011970
1784,1.026457,-1.008344
1785,1.032564,-1.004369
1786,1.038435,-1.000007
1787,1.044048,-0.995365
1788,1.049384,-0.990366
1789,1.054411,-0.985096
1790,1.059160,-0.979567
1791,1.063588,-0.973774
1792,1.067677,-0.967745
1793,1.071446,-0.961454
1794,1.074802,-0.954955
1795,1.077840,-0.948281
1796,1.080501,-0.941467
1797,1.082765,-0.934476
1798,1.084492,-0.927378
1799,1.085921,-0.920256
