0,0.317147,-1.653250
1,0.317147,-1.653250
2,0.305072,-1.651189
3,0.288145,-1.649683
4,0.271154,-1.649196
5,0.266405,-1.649087
6,0.266405,-1.649087
7,0.266405,-1.649087
8,0.266405,-1.649087
9,0.266405,-1.649087
10,0.266405,-1.649087
11,0.266405,-1.649087
12,0.266405,-1.649087
13,0.278589,-1.650357
14,0.295579,-1.650756
15,0.312565,-1.650134
16,0.329488,-1.648546
17,0.346293,-1.645998
18,0.362927,-1.642498
19,0.379334,-1.638058
20,0.395462,-1.632691
21,0.411258,-1.626415
22,0.426672,-1.619250
23,0.441653,-1.611220
24,0.456153,-1.602351
25,0.470125,-1.592671
26,0.483524,-1.582212
27,0.496306,-1.571007
28,0.508429,-1.559094
29,0.519855,-1.546510
30,0.530547,-1.533296
31,0.540470,-1.519495
32,0.549591,-1.505153
33,0.557882,-1.490314
34,0.565314,-1.475028
35,0.571865,-1.459343
36,0.577514,-1.443312
37,0.579066,-1.438823
38,0.578196,-1.426604
39,0.575632,-1.409804
40,0.572063,-1.393186
41,0.567554,-1.376797
42,0.562120,-1.360692
43,0.555779,-1.344921
44,0.548550,-1.329537
45,0.540458,-1.314590
46,0.531529,-1.300127
47,0.521791,-1.286195
48,0.511276,-1.272840
49,0.500019,-1.260105
50,0.488055,-1.248031
51,0.475423,-1.236657
52,0.462165,-1.226020
53,0.448324,-1.216155
54,0.433943,-1.207094
55,0.429910,-1.204584
56,0.417802,-1.202724
57,0.400852,-1.201499
58,0.383856,-1.201296
59,0.366876,-1.202059
60,0.349966,-1.203788
61,0.333182,-1.206475
62,0.328497,-1.207253
63,0.328497,-1.207253
64,0.328497,-1.207253
65,0.328497,-1.207253
66,0.328497,-1.207253
67,0.328497,-1.207253
68,0.328497,-1.207253
69,0.328497,-1.207253
70,0.340704,-1.206230
71,0.357470,-1.203457
72,0.374043,-1.199681
73,0.390374,-1.194968
74,0.406410,-1.189334
75,0.422100,-1.182796
76,0.437393,-1.175377
77,0.441655,-1.173279
78,0.438650,-1.173681
79,0.432979,-1.174560
80,0.427090,-1.174678
81,0.421028,-1.174130
82,0.414724,-1.172761
83,0.408098,-1.170318
84,0.407083,-1.169868
85,0.404724,-1.160760
86,0.402094,-1.144731
87,0.399516,-1.127930
88,0.395985,-1.111303
89,0.391515,-1.094904
90,0.386119,-1.078786
91,0.379814,-1.063001
92,0.372622,-1.047600
93,0.364565,-1.032633
94,0.355670,-1.018149
95,0.345965,-1.004195
96,0.343230,-1.000311
97,0.343230,-1.000311
98,0.343230,-1.000311
99,0.343230,-1.000311
100,0.343230,-1.000311
101,0.343230,-1.000311
102,0.343230,-1.000311
103,0.346088,-1.002769
104,0.353278,-1.008612
105,0.360586,-1.013990
106,0.367990,-1.018907
107,0.382858,-1.024869
108,0.401434,-1.031795
109,0.420480,-1.037484
110,0.439856,-1.041947
111,0.459483,-1.045148
112,0.479278,-1.047057
113,0.499156,-1.047645
114,0.518370,-1.048111
115,0.537746,-1.047095
116,0.556419,-1.045436
117,0.574858,-1.042985
118,0.593342,-1.039313
119,0.611579,-1.034614
120,0.628946,-1.028502
121,0.645608,-1.021359
122,0.661185,-1.012758
123,0.674245,-1.002046
124,0.685849,-0.989984
125,0.698484,-0.977393
126,0.711158,-0.963995
127,0.723339,-0.949649
128,0.734481,-0.934309
129,0.744203,-0.918000
130,0.752306,-0.900799
131,0.757358,-0.883107
132,0.760835,-0.864685
133,0.762542,-0.845743
134,0.753713,-0.831749
135,0.742393,-0.819090
136,0.737273,-0.803581
137,0.731972,-0.787190
138,0.724380,-0.770178
139,0.715198,-0.753519
140,0.708344,-0.742434
141,0.707098,-0.741014
142,0.697297,-0.738785
143,0.684694,-0.737891
144,0.673136,-0.740426
145,0.661180,-0.741335
146,0.650261,-0.741595
147,0.640521,-0.743752
148,0.631049,-0.747329
149,0.622254,-0.750486
150,0.613820,-0.752452
151,0.603575,-0.754294
152,0.591838,-0.757396
153,0.582022,-0.761660
154,0.574028,-0.768315
155,0.567195,-0.778337
156,0.562244,-0.788318
157,0.556697,-0.791668
158,0.553221,-0.797962
159,0.552163,-0.805637
160,0.552144,-0.807139
161,0.549455,-0.810438
162,0.547398,-0.809636
163,0.548640,-0.810979
164,0.551421,-0.813948
165,0.554023,-0.818262
166,0.556482,-0.822746
167,0.559708,-0.831006
168,0.565395,-0.840348
169,0.569379,-0.847374
170,0.569874,-0.846895
171,0.571523,-0.842973
172,0.574548,-0.841157
173,0.576761,-0.839830
174,0.578826,-0.838227
175,0.580908,-0.836527
176,0.582754,-0.834767
177,0.584463,-0.832931
178,0.585966,-0.830988
179,0.590727,-0.831415
180,0.592467,-0.832479
181,0.594018,-0.831360
182,0.596139,-0.829364
183,0.599309,-0.824807
184,0.602709,-0.820034
185,0.605966,-0.815874
186,0.609120,-0.811677
187,0.612014,-0.807378
188,0.614705,-0.802889
189,0.617132,-0.798232
190,0.619219,-0.793541
191,0.621101,-0.788659
192,0.622735,-0.783722
193,0.624049,-0.778656
194,0.625132,-0.773503
195,0.625898,-0.768360
196,0.626287,-0.763219
197,0.626428,-0.757970
198,0.626330,-0.752716
199,0.625854,-0.747552
200,0.625148,-0.742383
201,0.624104,-0.737222
202,0.622800,-0.732167
203,0.621238,-0.727185
204,0.619402,-0.722448
205,0.617178,-0.717723
206,0.614776,-0.713098
207,0.612080,-0.708724
208,0.609144,-0.704295
209,0.605917,-0.700091
210,0.602590,-0.696221
211,0.600652,-0.693613
212,0.598555,-0.693064
213,0.594827,-0.692989
214,0.590660,-0.693409
215,0.586492,-0.694213
216,0.582378,-0.695315
217,0.578300,-0.696721
218,0.574339,-0.698270
219,0.570443,-0.700122
220,0.566695,-0.702234
221,0.563066,-0.704521
222,0.559604,-0.707072
223,0.556311,-0.709869
224,0.553214,-0.712873
225,0.550235,-0.716009
226,0.547558,-0.719418
227,0.545129,-0.723017
228,0.542936,-0.726695
229,0.541006,-0.730643
230,0.539353,-0.734663
231,0.537798,-0.738841
232,0.536057,-0.742884
233,0.534387,-0.746926
234,0.532902,-0.750996
235,0.531772,-0.755068
236,0.530798,-0.759298
237,0.530094,-0.763537
238,0.529643,-0.767794
239,0.529352,-0.772125
240,0.529379,-0.776443
241,0.529654,-0.780726
242,0.530120,-0.785041
243,0.530872,-0.789280
244,0.531777,-0.793421
245,0.533027,-0.797559
246,0.534487,-0.801662
247,0.536162,-0.805693
248,0.537957,-0.809515
249,0.540107,-0.813276
250,0.542415,-0.816979
251,0.544985,-0.820409
252,0.547678,-0.823840
253,0.550523,-0.827001
254,0.553654,-0.830099
255,0.556934,-0.832923
256,0.560320,-0.835606
257,0.563820,-0.838073
258,0.567553,-0.840373
259,0.571388,-0.842406
260,0.575375,-0.844305
261,0.579295,-0.845918
262,0.583432,-0.847242
263,0.587678,-0.848482
264,0.592006,-0.849416
265,0.596287,-0.850055
266,0.600607,-0.850518
267,0.604640,-0.850761
268,0.608065,-0.850630
269,0.612361,-0.850400
270,0.616769,-0.849900
271,0.621124,-0.849171
272,0.625450,-0.848143
273,0.629722,-0.846878
274,0.633883,-0.845436
275,0.637961,-0.843616
276,0.641968,-0.841618
277,0.645850,-0.839395
278,0.649589,-0.836964
279,0.653200,-0.834334
280,0.656661,-0.831511
281,0.659909,-0.828470
282,0.663008,-0.825335
283,0.665959,-0.821956
284,0.668605,-0.818446
285,0.671098,-0.814748
286,0.673409,-0.810915
287,0.675461,-0.807070
288,0.677278,-0.802997
289,0.678947,-0.798852
290,0.680348,-0.794678
291,0.681433,-0.790419
292,0.682355,-0.786058
293,0.682942,-0.781635
294,0.683301,-0.777235
295,0.683462,-0.772897
296,0.683315,-0.768384
297,0.685787,-0.766641
298,0.688396,-0.765658
299,0.688650,-0.763254
300,0.688052,-0.760739
301,0.687156,-0.758281
302,0.686025,-0.755838
303,0.684757,-0.753457
304,0.683336,-0.751170
305,0.681793,-0.748993
306,0.680127,-0.746864
307,0.678352,-0.744824
308,0.676514,-0.742928
309,0.674602,-0.741124
310,0.672479,-0.739459
311,0.670352,-0.737932
312,0.668091,-0.736441
313,0.665771,-0.735174
314,0.663325,-0.734032
315,0.660903,-0.732869
316,0.658358,-0.732045
317,0.655793,-0.731304
318,0.653160,-0.730612
319,0.650520,-0.730140
320,0.647881,-0.729872
321,0.645186,-0.729684
322,0.642499,-0.729625
323,0.639829,-0.729836
324,0.637069,-0.730113
325,0.634440,-0.730485
326,0.631749,-0.731105
327,0.629130,-0.731833
328,0.626534,-0.732735
329,0.624014,-0.733648
330,0.621630,-0.734799
331,0.619220,-0.736164
332,0.616770,-0.737639
333,0.614567,-0.739078
334,0.612469,-0.740722
335,0.610408,-0.742595
336,0.608357,-0.744552
337,0.606515,-0.746481
338,0.604759,-0.748596
339,0.603177,-0.750840
340,0.601636,-0.753156
341,0.600252,-0.755574
342,0.599019,-0.758093
343,0.597893,-0.760679
344,0.596939,-0.763219
345,0.596205,-0.765804
346,0.595547,-0.768406
347,0.595047,-0.771160
348,0.594740,-0.773813
349,0.594607,-0.776508
350,0.594488,-0.779169
351,0.594679,-0.781844
352,0.594973,-0.784507
353,0.595385,-0.787213
354,0.595978,-0.789651
355,0.596602,-0.792090
356,0.597442,-0.794533
357,0.598460,-0.796881
358,0.599529,-0.799116
359,0.597206,-0.803213
360,0.592659,-0.807479
361,0.590921,-0.810235
362,0.590793,-0.810542
363,0.591383,-0.812285
364,0.592633,-0.814895
365,0.595996,-0.819306
366,0.599575,-0.824191
367,0.602511,-0.828609
368,0.605546,-0.832877
369,0.608796,-0.837037
370,0.612219,-0.840946
371,0.615841,-0.844617
372,0.618045,-0.849113
373,0.619043,-0.854648
374,0.621023,-0.859666
375,0.624319,-0.863468
376,0.628594,-0.866277
377,0.633205,-0.868666
378,0.637987,-0.870634
379,0.642879,-0.872380
380,0.649167,-0.875638
381,0.656352,-0.880497
382,0.663778,-0.885758
383,0.671554,-0.891053
384,0.678258,-0.894649
385,0.684162,-0.896105
386,0.690143,-0.896882
387,0.695757,-0.897498
388,0.701525,-0.897539
389,0.707130,-0.897109
390,0.712609,-0.896207
391,0.717672,-0.894700
392,0.722561,-0.892713
393,0.727323,-0.890440
394,0.731809,-0.887850
395,0.736247,-0.884999
396,0.740520,-0.881931
397,0.744561,-0.878617
398,0.748481,-0.875066
399,0.752156,-0.871285
400,0.755568,-0.867316
401,0.758792,-0.863304
402,0.761735,-0.859014
403,0.763781,-0.856456
404,0.763736,-0.854301
405,0.762871,-0.850682
406,0.761398,-0.846779
407,0.759572,-0.842932
408,0.757574,-0.839187
409,0.755160,-0.835650
410,0.752590,-0.832203
411,0.749820,-0.828908
412,0.746844,-0.825779
413,0.743702,-0.822779
414,0.740979,-0.820609
415,0.739871,-0.819394
416,0.738553,-0.818487
417,0.737213,-0.818706
418,0.735105,-0.819916
419,0.731488,-0.819105
420,0.727519,-0.817527
421,0.726231,-0.816323
422,0.726203,-0.815098
423,0.726350,-0.813945
424,0.726315,-0.813037
425,0.724347,-0.812097
426,0.720539,-0.811428
427,0.716358,-0.811203
428,0.712061,-0.811289
429,0.707822,-0.811657
430,0.703598,-0.812227
431,0.699415,-0.813085
432,0.695271,-0.814222
433,0.691203,-0.815573
434,0.687198,-0.817098
435,0.683333,-0.818927
436,0.679575,-0.820952
437,0.675915,-0.823179
438,0.672378,-0.825551
439,0.668953,-0.828150
440,0.665732,-0.831005
441,0.665357,-0.835950
442,0.665189,-0.841494
443,0.664367,-0.846731
444,0.663135,-0.851967
445,0.662727,-0.858143
446,0.661450,-0.863297
447,0.659734,-0.867595
448,0.658098,-0.871671
449,0.656618,-0.875744
450,0.655390,-0.879907
451,0.654369,-0.884137
452,0.653596,-0.888425
453,0.653062,-0.892589
454,0.652700,-0.896966
455,0.652654,-0.901319
456,0.652850,-0.905631
457,0.653228,-0.909994
458,0.653929,-0.914243
459,0.654823,-0.918508
460,0.655990,-0.922709
461,0.657418,-0.926784
462,0.659029,-0.930851
463,0.660897,-0.934742
464,0.663047,-0.938591
465,0.665379,-0.942266
466,0.667852,-0.945829
467,0.670604,-0.949255
468,0.673539,-0.952492
469,0.676547,-0.955539
470,0.679811,-0.958505
471,0.683252,-0.961192
472,0.686814,-0.963721
473,0.690431,-0.966015
474,0.694297,-0.968123
475,0.698271,-0.969986
476,0.702339,-0.971713
477,0.706441,-0.973212
478,0.710628,-0.974262
479,0.714925,-0.975261
480,0.719244,-0.975978
481,0.723667,-0.976444
482,0.728126,-0.976703
483,0.732503,-0.976823
484,0.739524,-0.978398
485,0.746420,-0.979677
486,0.753338,-0.980602
487,0.760228,-0.981104
488,0.767160,-0.981214
489,0.774076,-0.980980
490,0.780957,-0.980329
491,0.787789,-0.979277
492,0.794566,-0.977874
493,0.801232,-0.976030
494,0.807788,-0.973818
495,0.814465,-0.971951
496,0.821435,-0.973192
497,0.828744,-0.974832
498,0.836349,-0.976353
499,0.844585,-0.977607
500,0.852093,-0.979000
501,0.858979,-0.980198
502,0.865334,-0.982872
503,0.870883,-0.986108
504,0.876149,-0.989325
505,0.881225,-0.992426
506,0.885852,-0.995199
507,0.888665,-0.996609
508,0.890012,-0.994747
509,0.890331,-0.991715
510,0.889499,-0.990833
511,0.891001,-0.991124
512,0.893060,-0.990785
513,0.897600,-0.992685
514,0.901355,-0.994744
515,0.903935,-0.995565
516,0.905983,-0.996105
517,0.907806,-0.996501
518,0.909539,-0.996816
519,0.911323,-0.997042
520,0.913046,-0.997201
521,0.914762,-0.997207
522,0.916445,-0.997129
523,0.918147,-0.996964
524,0.919846,-0.996671
525,0.921492,-0.996316
526,0.923102,-0.995821
527,0.924733,-0.995252
528,0.926346,-0.994560
529,0.927878,-0.993815
530,0.929780,-0.992909
531,0.935253,-0.990061
532,0.941786,-0.987016
533,0.948295,-0.984167
534,0.954565,-0.981062
535,0.960732,-0.977782
536,0.966712,-0.974185
537,0.972483,-0.970262
538,0.978024,-0.966023
539,0.983303,-0.961350
540,0.988299,-0.956494
541,0.993007,-0.951354
542,0.997422,-0.945966
543,1.001527,-0.940333
544,1.005309,-0.934475
545,1.008739,-0.928439
546,1.011819,-0.922209
547,1.014550,-0.915749
548,1.016925,-0.909154
549,1.018886,-0.902474
550,1.020484,-0.895684
551,1.021694,-0.888813
552,1.022497,-0.881929
553,1.022925,-0.874960
554,1.022678,-0.868079
555,1.022298,-0.861101
556,1.021542,-0.854161
557,1.020397,-0.847261
558,1.018849,-0.840486
559,1.016917,-0.833787
560,1.014632,-0.827207
561,1.011907,-0.820743
562,1.008840,-0.814424
563,1.005441,-0.808319
564,1.001705,-0.802421
565,0.997640,-0.796746
566,0.993254,-0.791315
567,0.988554,-0.786169
568,0.983569,-0.781288
569,0.978242,-0.776837
570,0.972740,-0.772546
571,0.967007,-0.768568
572,0.961083,-0.764928
573,0.954943,-0.761621
574,0.948619,-0.758670
575,0.942153,-0.756086
576,0.935514,-0.753879
577,0.928786,-0.752044
578,0.922014,-0.750644
579,0.915133,-0.749579
580,0.908222,-0.748888
581,0.901113,-0.748869
582,0.894166,-0.749032
583,0.887245,-0.749563
584,0.880368,-0.750486
585,0.873516,-0.751797
586,0.866783,-0.753501
587,0.860131,-0.755585
588,0.853619,-0.758062
589,0.847229,-0.760908
590,0.841029,-0.764093
591,0.835042,-0.767619
592,0.829237,-0.771494
593,0.823715,-0.775667
594,0.818410,-0.780155
595,0.813597,-0.785079
596,0.808827,-0.790118
597,0.804353,-0.795477
598,0.800189,-0.801059
599,0.796367,-0.806842
600,0.792857,-0.812854
601,0.789695,-0.819059
602,0.786898,-0.825478
603,0.784456,-0.832027
604,0.782411,-0.838640
605,0.780725,-0.845399
606,0.779436,-0.852246
607,0.778560,-0.859120
608,0.778153,-0.866114
609,0.778061,-0.873077
610,0.778361,-0.879985
611,0.779067,-0.886872
612,0.780141,-0.893746
613,0.781575,-0.900530
614,0.783448,-0.907255
615,0.785707,-0.913839
616,0.788328,-0.920297
617,0.791315,-0.926617
618,0.794655,-0.932705
619,0.798321,-0.938619
620,0.802206,-0.944180
621,0.806436,-0.949648
622,0.811017,-0.954843
623,0.815975,-0.959682
624,0.821163,-0.964357
625,0.826553,-0.968671
626,0.832217,-0.972701
627,0.838108,-0.976406
628,0.844155,-0.979744
629,0.850411,-0.982736
630,0.856841,-0.985302
631,0.863412,-0.987580
632,0.870106,-0.989479
633,0.876858,-0.990979
634,0.883696,-0.992097
635,0.890631,-0.992831
636,0.897604,-0.993165
637,0.904556,-0.993115
638,0.911504,-0.992664
639,0.918301,-0.991814
640,0.925167,-0.990574
641,0.931860,-0.988971
642,0.938412,-0.987058
643,0.944912,-0.984743
644,0.951254,-0.981981
645,0.957374,-0.978925
646,0.963384,-0.975512
647,0.969166,-0.971700
648,0.974769,-0.967593
649,0.980143,-0.963150
650,0.985257,-0.958401
651,0.990060,-0.953400
652,0.994574,-0.948128
653,0.998765,-0.942614
654,1.002656,-0.936872
655,1.006224,-0.930912
656,1.009460,-0.924749
657,1.012319,-0.918426
658,1.014820,-0.911947
659,1.016911,-0.905337
660,1.018649,-0.898599
661,1.020019,-0.891770
662,1.020988,-0.884885
663,1.021524,-0.877940
664,1.021697,-0.871023
665,1.021546,-0.864260
666,1.020947,-0.857418
667,1.019976,-0.850550
668,1.018589,-0.843781
669,1.016798,-0.837023
670,1.014650,-0.830395
671,1.012124,-0.823937
672,1.009231,-0.817613
673,1.006005,-0.811511
674,1.002409,-0.805555
675,0.998461,-0.799809
676,0.994178,-0.794276
677,0.989684,-0.789119
678,0.984873,-0.784145
679,0.979774,-0.779432
680,0.974295,-0.775047
681,0.968688,-0.770998
682,0.962866,-0.767252
683,0.956832,-0.763825
684,0.950692,-0.760830
685,0.944295,-0.758107
686,0.937898,-0.755777
687,0.931317,-0.753744
688,0.924582,-0.752115
689,0.917781,-0.750897
690,0.910849,-0.750073
691,0.903913,-0.749648
692,0.896969,-0.749616
693,0.890103,-0.749985
694,0.883220,-0.750757
695,0.876416,-0.751900
696,0.869657,-0.753436
697,0.862995,-0.755338
698,0.856490,-0.757638
699,0.850058,-0.760310
700,0.843851,-0.763315
701,0.837779,-0.766685
702,0.831924,-0.770388
703,0.826314,-0.774449
704,0.820876,-0.778832
705,0.815735,-0.783487
706,0.810971,-0.788441
707,0.806467,-0.793491
708,0.802184,-0.798883
709,0.798201,-0.804552
710,0.794561,-0.810425
711,0.791256,-0.816525
712,0.788581,-0.822821
713,0.785996,-0.829246
714,0.783787,-0.835796
715,0.781948,-0.842475
716,0.780502,-0.849209
717,0.779444,-0.856091
718,0.778768,-0.863021
719,0.778481,-0.869931
720,0.778589,-0.876857
721,0.779098,-0.883746
722,0.780009,-0.890571
723,0.781323,-0.897398
724,0.782995,-0.904120
725,0.785045,-0.910683
726,0.787462,-0.917157
727,0.790254,-0.923436
728,0.793342,-0.929502
729,0.796722,-0.935446
730,0.800513,-0.941165
731,0.804669,-0.946726
732,0.809119,-0.952006
733,0.813883,-0.957029
734,0.818885,-0.961757
735,0.824143,-0.966209
736,0.829651,-0.970266
737,0.835396,-0.974100
738,0.841356,-0.977592
739,0.847478,-0.980714
740,0.853810,-0.983510
741,0.860277,-0.985945
742,0.866861,-0.988000
743,0.873555,-0.989647
744,0.880382,-0.990941
745,0.887232,-0.991844
746,0.894123,-0.992363
747,0.901035,-0.992507
748,0.907898,-0.992231
749,0.914779,-0.991577
750,0.921484,-0.990580
751,0.928178,-0.989221
752,0.934805,-0.987413
753,0.941326,-0.985232
754,0.947765,-0.982679
755,0.953972,-0.979766
756,0.960009,-0.976517
757,0.965901,-0.972908
758,0.971596,-0.968946
759,0.977067,-0.964689
760,0.982197,-0.960171
761,0.987122,-0.955384
762,0.991757,-0.950237
763,0.996084,-0.944838
764,0.999950,-0.939167
765,1.003655,-0.933339
766,1.007027,-0.927305
767,1.010037,-0.921114
768,1.012703,-0.914742
769,1.015002,-0.908231
770,1.016927,-0.901589
771,1.018463,-0.894874
772,1.019451,-0.888186
773,1.020259,-0.881349
774,1.020659,-0.874480
775,1.020652,-0.867618
776,1.020258,-0.860756
777,1.019458,-0.853968
778,1.018257,-0.847153
779,1.016699,-0.840444
780,1.014765,-0.833878
781,1.012450,-0.827429
782,1.009787,-0.821107
783,1.006774,-0.814998
784,1.003399,-0.809002
785,0.999643,-0.803180
786,0.995600,-0.797609
787,0.991257,-0.792299
788,0.986620,-0.787227
789,0.981693,-0.782419
790,0.976519,-0.777917
791,0.971088,-0.773717
792,0.965416,-0.769821
793,0.959522,-0.766348
794,0.953630,-0.763122
795,0.947458,-0.760219
796,0.941071,-0.757684
797,0.934587,-0.755569
798,0.927967,-0.753791
799,0.921208,-0.752388
800,0.914359,-0.751387
801,0.907572,-0.750796
802,0.900744,-0.750559
803,0.893851,-0.750704
804,0.886987,-0.751311
805,0.880169,-0.752248
806,0.873412,-0.753575
807,0.866739,-0.755285
808,0.860173,-0.757375
809,0.853786,-0.759854
810,0.847522,-0.762666
811,0.841458,-0.765816
812,0.835621,-0.769325
813,0.829950,-0.773161
814,0.824446,-0.777367
815,0.819359,-0.781755
816,0.814372,-0.786456
817,0.809662,-0.791461
818,0.805245,-0.796691
819,0.801154,-0.802218
820,0.797392,-0.807956
821,0.794019,-0.813950
822,0.790959,-0.820062
823,0.788220,-0.826369
824,0.785839,-0.832830
825,0.783828,-0.839418
826,0.782215,-0.846063
827,0.780957,-0.852826
828,0.780114,-0.859707
829,0.779689,-0.866564
830,0.779607,-0.873441
831,0.779926,-0.880296
832,0.780623,-0.887142
833,0.781734,-0.893899
834,0.783213,-0.900570
835,0.785077,-0.907151
836,0.787184,-0.913529
837,0.789722,-0.919830
838,0.792652,-0.926037
839,0.795938,-0.932060
840,0.799559,-0.937833
841,0.803523,-0.943450
842,0.807820,-0.948849
843,0.812460,-0.953939
844,0.817266,-0.958738
845,0.822367,-0.963292
846,0.827758,-0.967577
847,0.833337,-0.971524
848,0.839129,-0.975153
849,0.845093,-0.978424
850,0.851283,-0.981384
851,0.857635,-0.983981
852,0.864040,-0.986129
853,0.870639,-0.987996
854,0.877349,-0.989482
855,0.884149,-0.990548
856,0.890943,-0.991250
857,0.897669,-0.991658
858,0.904479,-0.991641
859,0.911259,-0.991209
860,0.918050,-0.990381
861,0.924787,-0.989091
862,0.931377,-0.987492
863,0.937936,-0.985510
864,0.944358,-0.983169
865,0.950607,-0.980456
866,0.956736,-0.977380
867,0.962648,-0.973979
868,0.968356,-0.970258
869,0.973879,-0.966163
870,0.979162,-0.961749
871,0.984169,-0.957080
872,0.988898,-0.952145
873,0.993347,-0.946939
874,0.997483,-0.941506
875,1.001294,-0.935844
876,1.004788,-0.929992
877,1.007943,-0.923924
878,1.010680,-0.917817
879,1.013165,-0.911515
880,1.015237,-0.905039
881,1.016950,-0.898437
882,1.018276,-0.891723
883,1.019201,-0.884984
884,1.019755,-0.878207
885,1.019918,-0.871344
886,1.019699,-0.864498
887,1.019091,-0.857680
888,1.018075,-0.850955
889,1.016687,-0.844430
890,1.014932,-0.837824
891,1.012810,-0.831331
892,1.010313,-0.824987
893,1.007475,-0.818803
894,1.004286,-0.812758
895,1.000744,-0.806881
896,0.996908,-0.801266
897,0.992842,-0.796045
898,0.988465,-0.790900
899,0.983678,-0.785993
900,0.978678,-0.781357
901,0.973410,-0.777021
902,0.967899,-0.772993
903,0.962157,-0.769290
904,0.956295,-0.765978
905,0.950185,-0.762968
906,0.943948,-0.760321
907,0.937519,-0.758075
908,0.930956,-0.756159
909,0.924314,-0.754589
910,0.917612,-0.753400
911,0.910874,-0.752613
912,0.904061,-0.752199
913,0.897245,-0.752184
914,0.890399,-0.752581
915,0.883622,-0.753335
916,0.876932,-0.754462
917,0.870321,-0.755966
918,0.863793,-0.757858
919,0.857326,-0.760146
920,0.851050,-0.762761
921,0.844967,-0.765713
922,0.839169,-0.768911
923,0.833438,-0.772465
924,0.827958,-0.776404
925,0.822623,-0.780712
926,0.817621,-0.785256
927,0.812847,-0.790079
928,0.808359,-0.795175
929,0.804151,-0.800520
930,0.800323,-0.806039
931,0.796746,-0.811837
932,0.793549,-0.817775
933,0.790652,-0.823917
934,0.788145,-0.830179
935,0.785972,-0.836601
936,0.784331,-0.843091
937,0.782894,-0.849723
938,0.781836,-0.856415
939,0.781173,-0.863205
940,0.780891,-0.870025
941,0.780987,-0.876811
942,0.781486,-0.883465
943,0.782285,-0.889999
944,0.783558,-0.896651
945,0.785164,-0.903217
946,0.787147,-0.909690
947,0.789503,-0.916046
948,0.792225,-0.922251
949,0.795287,-0.928255
950,0.798680,-0.934096
951,0.802418,-0.939749
952,0.806459,-0.945185
953,0.810893,-0.950325
954,0.815573,-0.955256
955,0.820459,-0.959898
956,0.825599,-0.964256
957,0.831018,-0.968318
958,0.836641,-0.972094
959,0.842350,-0.975459
960,0.848357,-0.978567
961,0.854569,-0.981331
962,0.860854,-0.983707
963,0.867225,-0.985695
964,0.873695,-0.987401
965,0.880320,-0.988719
966,0.886996,-0.989647
967,0.893756,-0.990157
968,0.900531,-0.990283
969,0.907250,-0.989830
970,0.913993,-0.989198
971,0.920689,-0.988187
972,0.927297,-0.986807
973,0.933830,-0.985055
974,0.940258,-0.982924
975,0.946541,-0.980437
976,0.952675,-0.977588
977,0.958641,-0.974393
978,0.964387,-0.970864
979,0.969943,-0.967013
980,0.975264,-0.962842
981,0.980305,-0.958412
982,0.985036,-0.953645
983,0.989600,-0.948660
984,0.993794,-0.943512
985,0.997746,-0.938127
986,1.001380,-0.932425
987,1.004659,-0.926580
988,1.007607,-0.920515
989,1.010206,-0.914348
990,1.012437,-0.907980
991,1.014326,-0.901442
992,1.015847,-0.894849
993,1.016962,-0.888206
994,1.017725,-0.881545
995,1.018034,-0.874841
996,1.018069,-0.868147
997,1.017700,-0.861483
998,1.016945,-0.854806
999,1.015797,-0.848153
1000,1.014280,-0.841617
1001,1.012394,-0.835163
1002,1.010132,-0.828814
1003,1.007541,-0.822648
1004,1.004593,-0.816602
1005,1.001262,-0.810693
1006,0.997680,-0.805134
1007,0.993914,-0.799737
1008,0.989732,-0.794516
1009,0.985166,-0.789588
1010,0.980367,-0.784882
1011,0.975391,-0.780503
1012,0.970117,-0.776356
1013,0.964631,-0.772514
1014,0.958868,-0.769023
1015,0.952991,-0.765855
1016,0.946895,-0.763004
1017,0.940660,-0.760550
1018,0.934297,-0.758430
1019,0.927786,-0.756696
1020,0.921190,-0.755317
1021,0.914548,-0.754308
1022,0.907902,-0.753686
1023,0.901181,-0.753435
1024,0.894512,-0.753556
1025,0.887892,-0.754252
1026,0.881257,-0.755141
1027,0.874810,-0.756341
1028,0.868371,-0.757883
1029,0.861979,-0.759849
1030,0.855711,-0.762201
1031,0.849543,-0.764917
1032,0.843587,-0.767956
1033,0.837840,-0.771312
1034,0.832383,-0.775108
1035,0.827068,-0.779101
1036,0.821955,-0.783401
1037,0.817084,-0.787944
1038,0.812483,-0.792777
1039,0.808180,-0.797862
1040,0.804175,-0.803118
1041,0.800461,-0.808629
1042,0.797181,-0.814393
1043,0.794124,-0.820325
1044,0.791425,-0.826386
1045,0.789080,-0.832618
1046,0.787059,-0.838969
1047,0.785450,-0.845162
1048,0.784091,-0.851558
1049,0.783207,-0.858075
1050,0.782630,-0.864517
1051,0.782336,-0.870910
1052,0.782333,-0.877209
1053,0.782576,-0.883351
1054,0.783012,-0.889210
1055,0.783536,-0.894797
1056,0.783992,-0.899983
1057,0.784312,-0.904717
1058,0.784361,-0.909075
1059,0.784154,-0.912956
1060,0.783560,-0.916626
1061,0.783876,-0.919957
1062,0.785840,-0.923291
1063,0.788460,-0.926631
1064,0.789982,-0.929217
1065,0.788366,-0.932798
1066,0.784687,-0.934856
1067,0.784074,-0.935251
1068,0.785557,-0.936626
1069,0.786582,-0.937324
1070,0.787105,-0.938032
1071,0.787032,-0.938937
1072,0.785977,-0.939367
1073,0.784498,-0.939654
1074,0.782696,-0.940167
1075,0.780701,-0.940592
1076,0.778521,-0.940890
1077,0.776310,-0.941104
1078,0.774104,-0.941350
1079,0.771915,-0.941181
1080,0.769578,-0.941079
1081,0.767140,-0.940570
1082,0.764704,-0.939745
1083,0.762334,-0.938768
1084,0.759620,-0.938716
1085,0.756920,-0.939093
1086,0.753769,-0.940322
1087,0.750472,-0.943637
1088,0.748170,-0.946547
1089,0.747591,-0.950634
1090,0.747130,-0.954619
1091,0.746473,-0.957535
1092,0.745102,-0.958092
1093,0.744895,-0.957936
1094,0.742682,-0.958102
1095,0.741677,-0.960017
1096,0.740661,-0.962447
1097,0.740099,-0.964868
1098,0.739433,-0.967543
1099,0.738220,-0.970233
1100,0.737091,-0.973119
1101,0.735790,-0.976193
1102,0.733848,-0.979135
1103,0.731436,-0.982255
1104,0.729092,-0.985809
1105,0.727095,-0.990368
1106,0.725801,-0.994773
1107,0.724904,-0.998907
1108,0.722539,-1.002438
1109,0.719098,-1.005988
1110,0.716524,-1.007928
1111,0.716046,-1.009982
1112,0.715963,-1.013815
1113,0.716380,-1.017964
1114,0.717113,-1.022138
1115,0.718129,-1.026325
1116,0.719349,-1.030353
1117,0.720957,-1.034340
1118,0.722776,-1.038249
1119,0.724801,-1.042052
1120,0.727082,-1.045688
1121,0.729511,-1.049215
1122,0.732277,-1.052522
1123,0.735215,-1.055697
1124,0.738350,-1.058712
1125,0.741666,-1.061408
1126,0.745465,-1.064540
1127,0.749347,-1.067517
1128,0.753078,-1.069871
1129,0.757092,-1.071673
1130,0.761280,-1.073286
1131,0.765535,-1.074782
1132,0.771021,-1.076475
1133,0.779016,-1.077899
1134,0.787344,-1.078902
1135,0.795701,-1.079455
1136,0.804011,-1.079572
1137,0.812249,-1.079257
1138,0.820335,-1.078418
1139,0.828303,-1.077217
1140,0.836077,-1.075542
1141,0.843645,-1.073470
1142,0.850982,-1.071225
1143,0.857991,-1.071561
1144,0.864099,-1.073559
1145,0.870728,-1.072725
1146,0.877426,-1.070619
1147,0.883276,-1.068554
1148,0.887569,-1.067580
1149,0.891499,-1.067023
1150,0.895326,-1.066540
1151,0.899342,-1.066267
1152,0.903110,-1.065490
1153,0.906820,-1.064640
1154,0.910463,-1.063568
1155,0.914091,-1.062197
1156,0.917601,-1.060674
1157,0.921001,-1.058979
1158,0.924319,-1.057082
1159,0.927530,-1.054959
1160,0.930611,-1.052693
1161,0.933579,-1.050200
1162,0.936380,-1.047608
1163,0.939153,-1.044831
1164,0.946600,-1.043769
1165,0.956219,-1.043454
1166,0.967125,-1.042851
1167,0.978435,-1.041967
1168,0.989924,-1.040627
1169,1.001376,-1.038815
1170,1.010174,-1.036280
1171,1.014955,-1.033208
1172,1.017613,-1.029861
1173,1.021365,-1.024241
1174,1.026685,-1.017183
1175,1.032234,-1.011259
1176,1.037810,-1.006188
1177,1.042942,-1.000807
1178,1.047755,-0.995128
1179,1.052640,-0.989595
1180,1.057576,-0.984636
1181,1.062017,-0.979607
1182,1.066090,-0.974391
1183,1.069825,-0.968971
1184,1.073256,-0.963299
1185,1.076303,-0.957514
1186,1.079026,-0.951561
1187,1.081409,-0.945460
1188,1.083444,-0.939232
1189,1.085089,-0.932892
1190,1.086421,-0.926379
1191,1.087392,-0.919906
1192,1.087971,-0.913377
1193,1.088175,-0.906824
1194,1.088005,-0.900270
1195,1.087462,-0.893736
1196,1.086520,-0.887239
1197,1.085241,-0.880801
1198,1.083595,-0.874447
1199,1.081594,-0.868201
1200,1.079240,-0.862080
1201,1.076382,-0.856101
1202,1.073377,-0.850236
1203,1.070046,-0.844578
1204,1.066387,-0.839055
1205,1.062418,-0.833041
1206,1.058125,-0.827593
1207,1.053551,-0.822668
1208,1.048728,-0.818123
1209,1.044081,-0.813370
1210,1.039859,-0.808403
1211,1.034521,-0.803427
1212,1.028558,-0.798748
1213,1.022248,-0.794387
1214,1.015559,-0.790431
1215,1.008788,-0.786810
1216,1.001804,-0.783580
1217,0.994650,-0.780762
1218,0.987340,-0.778342
1219,0.979915,-0.776337
1220,0.972383,-0.774760
1221,0.964807,-0.773624
1222,0.957063,-0.773001
1223,0.949393,-0.772736
1224,0.941699,-0.772877
1225,0.934046,-0.773465
1226,0.926447,-0.774489
1227,0.918886,-0.775949
1228,0.911414,-0.777832
1229,0.904058,-0.780152
1230,0.896862,-0.782853
1231,0.889844,-0.785994
1232,0.883008,-0.789549
1233,0.876415,-0.793532
1234,0.870002,-0.797797
1235,0.863842,-0.802437
1236,0.857961,-0.807383
1237,0.852390,-0.812675
1238,0.847057,-0.818246
1239,0.842130,-0.824160
1240,0.837512,-0.830351
1241,0.833265,-0.836784
1242,0.829368,-0.843457
1243,0.825865,-0.850347
1244,0.822770,-0.857425
1245,0.820143,-0.864779
1246,0.817739,-0.872180
1247,0.815852,-0.879659
1248,0.814423,-0.887245
1249,0.813409,-0.894914
1250,0.812883,-0.902552
1251,0.812705,-0.910313
1252,0.813108,-0.918121
1253,0.813838,-0.925831
1254,0.814956,-0.933510
1255,0.816527,-0.941058
1256,0.818509,-0.948530
1257,0.820923,-0.955884
1258,0.823752,-0.963070
1259,0.826970,-0.970099
1260,0.830668,-0.976977
1261,0.834624,-0.983614
1262,0.838937,-0.990023
1263,0.843594,-0.996162
1264,0.848564,-1.002060
1265,0.853821,-1.007730
1266,0.859393,-1.013138
1267,0.865219,-1.018137
1268,0.871324,-1.022885
1269,0.877649,-1.027237
1270,0.884073,-1.031333
1271,0.890684,-1.035046
1272,0.897703,-1.038567
1273,0.905437,-1.042138
1274,0.913567,-1.045479
1275,0.921860,-1.048378
1276,0.930155,-1.052286
1277,0.938053,-1.057966
1278,0.945401,-1.063376
1279,0.952282,-1.067373
1280,0.959224,-1.070663
1281,0.966340,-1.073428
1282,0.973563,-1.075787
1283,0.980903,-1.077727
1284,0.988318,-1.079250
1285,0.995862,-1.080306
1286,1.003432,-1.080977
1287,1.011074,-1.081234
1288,1.018654,-1.080858
1289,1.026210,-1.080235
1290,1.033724,-1.079169
1291,1.041198,-1.077700
1292,1.048531,-1.075799
1293,1.055754,-1.073471
1294,1.062837,-1.070733
1295,1.069737,-1.067585
1296,1.076473,-1.064075
1297,1.082989,-1.060180
1298,1.089206,-1.055790
1299,1.095226,-1.051178
1300,1.101001,-1.046232
1301,1.106462,-1.040980
1302,1.111600,-1.035410
1303,1.116431,-1.029556
1304,1.120912,-1.023431
1305,1.125038,-1.017088
1306,1.128835,-1.010453
1307,1.132082,-1.003580
1308,1.135066,-0.996603
1309,1.137690,-0.989456
1310,1.139869,-0.982202
1311,1.141627,-0.974820
1312,1.142959,-0.967344
1313,1.143803,-0.959821
1314,1.144322,-0.952231
1315,1.144381,-0.944637
1316,1.143856,-0.937045
1317,1.143039,-0.929505
1318,1.141793,-0.922025
1319,1.141016,-0.914635
1320,1.140738,-0.907310
1321,1.140567,-0.899837
1322,1.139850,-0.892297
1323,1.138596,-0.884880
1324,1.136794,-0.877595
1325,1.134303,-0.870684
1326,1.131427,-0.863963
1327,1.128017,-0.857548
1328,1.124097,-0.851453
1329,1.119628,-0.845779
1330,1.114639,-0.840508
1331,1.109176,-0.835652
1332,1.103285,-0.831211
1333,1.096991,-0.827189
1334,1.090465,-0.823586
1335,1.083598,-0.820470
1336,1.077486,-0.815900
1337,1.071799,-0.810024
1338,1.065773,-0.804066
1339,1.059397,-0.798402
1340,1.052651,-0.793071
1341,1.045549,-0.788130
1342,1.038228,-0.783577
1343,1.030656,-0.779447
1344,1.022871,-0.775979
1345,1.014881,-0.772749
1346,1.006724,-0.769964
1347,0.998411,-0.767652
1348,0.989983,-0.765813
1349,0.981462,-0.764458
1350,0.972881,-0.763588
1351,0.964254,-0.763217
1352,0.955595,-0.763378
1353,0.946994,-0.763986
1354,0.938437,-0.765080
1355,0.930230,-0.766845
1356,0.921831,-0.768883
1357,0.913592,-0.771414
1358,0.905506,-0.774397
1359,0.897654,-0.777891
1360,0.889978,-0.781780
1361,0.882523,-0.786094
1362,0.875316,-0.790832
1363,0.868411,-0.796042
1364,0.861790,-0.801544
1365,0.855497,-0.807428
1366,0.849561,-0.813734
1367,0.844009,-0.820307
1368,0.838789,-0.827211
1369,0.833988,-0.834319
1370,0.829623,-0.841736
1371,0.825768,-0.849447
1372,0.822325,-0.857284
1373,0.819285,-0.865341
1374,0.816734,-0.873602
1375,0.814661,-0.881927
1376,0.813031,-0.890381
1377,0.812216,-0.898845
1378,0.811562,-0.907425
1379,0.811387,-0.916021
1380,0.811742,-0.924610
1381,0.812545,-0.933167
1382,0.813831,-0.941674
1383,0.815600,-0.950116
1384,0.817829,-0.958440
1385,0.820543,-0.966596
1386,0.823722,-0.974599
1387,0.827355,-0.982414
1388,0.831430,-0.990001
1389,0.835932,-0.997353
1390,0.840842,-1.004360
1391,0.846155,-1.011163
1392,0.851966,-1.017350
1393,0.858004,-1.023447
1394,0.864382,-1.029259
1395,0.871068,-1.034713
1396,0.878039,-1.039769
1397,0.885301,-1.044405
1398,0.892827,-1.048619
1399,0.900577,-1.052391
1400,0.908518,-1.055692
1401,0.916614,-1.058572
1402,0.924885,-1.060972
1403,0.933286,-1.062903
1404,0.941786,-1.064353
1405,0.950404,-1.065260
1406,0.959006,-1.065729
1407,0.967600,-1.065681
1408,0.976235,-1.065115
1409,0.984725,-1.064136
1410,0.993223,-1.062648
1411,1.001611,-1.060549
1412,1.009898,-1.058108
1413,1.018004,-1.055219
1414,1.025994,-1.051814
1415,1.033728,-1.048061
1416,1.041218,-1.043821
1417,1.048461,-1.039085
1418,1.055372,-1.033998
1419,1.062030,-1.028546
1420,1.068380,-1.022722
1421,1.074373,-1.016487
1422,1.080017,-1.009980
1423,1.084947,-1.003059
1424,1.089806,-0.995953
1425,1.094262,-0.988592
1426,1.098257,-0.981003
1427,1.101833,-0.973176
1428,1.105032,-0.965164
1429,1.107703,-0.957001
1430,1.109909,-0.948686
1431,1.111634,-0.940253
1432,1.112877,-0.931735
1433,1.113638,-0.923156
1434,1.113905,-0.914548
1435,1.113703,-0.905947
1436,1.112975,-0.897350
1437,1.111761,-0.888848
1438,1.110082,-0.880423
1439,1.107916,-0.872088
1440,1.105204,-0.864002
1441,1.102106,-0.855961
1442,1.098564,-0.848114
1443,1.094515,-0.840463
1444,1.090114,-0.833114
1445,1.085286,-0.825954
1446,1.079997,-0.819092
1447,1.074405,-0.812555
1448,1.068317,-0.806645
1449,1.061996,-0.800857
1450,1.055379,-0.795388
1451,1.048455,-0.790289
1452,1.041249,-0.785588
1453,1.033776,-0.781283
1454,1.026067,-0.777420
1455,1.018216,-0.774027
1456,1.010101,-0.771054
1457,1.001850,-0.768607
1458,0.993479,-0.766593
1459,0.985001,-0.765054
1460,0.976445,-0.763998
1461,0.967840,-0.763431
1462,0.959213,-0.763397
1463,0.950688,-0.763867
1464,0.942127,-0.764771
1465,0.933633,-0.766159
1466,0.925221,-0.768026
1467,0.916929,-0.770373
1468,0.908786,-0.773187
1469,0.900814,-0.776458
1470,0.893035,-0.780243
1471,0.885501,-0.784394
1472,0.878497,-0.789196
1473,0.871524,-0.794160
1474,0.864776,-0.799549
1475,0.858379,-0.805325
1476,0.852323,-0.811418
1477,0.846608,-0.817854
1478,0.841283,-0.824588
1479,0.836295,-0.831622
1480,0.831742,-0.838939
1481,0.827614,-0.846505
1482,0.823923,-0.854295
1483,0.820688,-0.862285
1484,0.817922,-0.870441
1485,0.815612,-0.878748
1486,0.813822,-0.887162
1487,0.812476,-0.895662
1488,0.811915,-0.904139
1489,0.811548,-0.912729
1490,0.811643,-0.921325
1491,0.812256,-0.929874
1492,0.813344,-0.938453
1493,0.814921,-0.946960
1494,0.817021,-0.955293
1495,0.819553,-0.963467
1496,0.822520,-0.971588
1497,0.825957,-0.979492
1498,0.829843,-0.987188
1499,0.834164,-0.994653
1500,0.838903,-1.001860
1501,0.844046,-1.008786
1502,0.849578,-1.015402
1503,0.855612,-1.021371
1504,0.861869,-1.027256
1505,0.868419,-1.032814
1506,0.875268,-1.038060
1507,0.882400,-1.042863
1508,0.889798,-1.047253
1509,0.897447,-1.051184
1510,0.905323,-1.054703
1511,0.913400,-1.057781
1512,0.921635,-1.060383
1513,0.930036,-1.062412
1514,0.938508,-1.064075
1515,0.947030,-1.065197
1516,0.955620,-1.065872
1517,0.964251,-1.066111
1518,0.972712,-1.065487
1519,0.981300,-1.064689
1520,0.989802,-1.063408
1521,0.998231,-1.061647
1522,1.006543,-1.059403
1523,1.014721,-1.056690
1524,1.022734,-1.053518
1525,1.030510,-1.049861
1526,1.038101,-1.045820
1527,1.045414,-1.041370
1528,1.052528,-1.036461
1529,1.059351,-1.031163
1530,1.065857,-1.025483
1531,1.072004,-1.019462
1532,1.077840,-1.013075
1533,1.082941,-1.006283
1534,1.087987,-0.999303
1535,1.092624,-0.992041
1536,1.096837,-0.984533
1537,1.100654,-0.976794
1538,1.103979,-0.968865
1539,1.106803,-0.960758
1540,1.109216,-0.952491
1541,1.111191,-0.944074
1542,1.112656,-0.935591
1543,1.113632,-0.927022
1544,1.114128,-0.918413
1545,1.114118,-0.909834
1546,1.113632,-0.901181
1547,1.112613,-0.892622
1548,1.111143,-0.884150
1549,1.108955,-0.875921
1550,1.106519,-0.867641
1551,1.103648,-0.859511
1552,1.100353,-0.851527
1553,1.096571,-0.843772
1554,1.092353,-0.836262
1555,1.087705,-0.828999
1556,1.082650,-0.822003
1557,1.077189,-0.815362
1558,1.071376,-0.808992
1559,1.065206,-0.802956
1560,1.058700,-0.797278
1561,1.051879,-0.791977
1562,1.044806,-0.787085
1563,1.037434,-0.782551
1564,1.029785,-0.778837
1565,1.021950,-0.775226
1566,1.013966,-0.772073
1567,1.005766,-0.769394
1568,0.997434,-0.767153
1569,0.988966,-0.765375
1570,0.980443,-0.764097
1571,0.971849,-0.763302
1572,0.963218,-0.762996
1573,0.954581,-0.763182
1574,0.945967,-0.763860
1575,0.937434,-0.765069
1576,0.928972,-0.766728
1577,0.920606,-0.768864
1578,0.912368,-0.771472
1579,0.904586,-0.774762
1580,0.896695,-0.778315
1581,0.889006,-0.782281
1582,0.881545,-0.786651
1583,0.874420,-0.791484
1584,0.867565,-0.796673
1585,0.860964,-0.802266
1586,0.854702,-0.808213
1587,0.848788,-0.814518
1588,0.843227,-0.821190
1589,0.838072,-0.828104
1590,0.833324,-0.835317
1591,0.829033,-0.842856
1592,0.825137,-0.850565
1593,0.821750,-0.858476
1594,0.818827,-0.866610
1595,0.816316,-0.874813
1596,0.814631,-0.883154
1597,0.813037,-0.891631
1598,0.811922,-0.900202
1599,0.811318,-0.908815
1600,0.811197,-0.917452
1601,0.811608,-0.926030
1602,0.812467,-0.934645
1603,0.813811,-0.943187
1604,0.815601,-0.951659
1605,0.817962,-0.959929
1606,0.820748,-0.968106
1607,0.823993,-0.976089
1608,0.827690,-0.983891
1609,0.831827,-0.991478
1610,0.836391,-0.998819
1611,0.841366,-1.005891
1612,0.846912,-1.012352
1613,0.852590,-1.018678
1614,0.858705,-1.024801
1615,0.865124,-1.030583
1616,0.871893,-1.035959
1617,0.878924,-1.041022
1618,0.886223,-1.045621
1619,0.893764,-1.049766
1620,0.901567,-1.053518
1621,0.909554,-1.056759
1622,0.917722,-1.059585
1623,0.926079,-1.061912
1624,0.934517,-1.063792
1625,0.943051,-1.065198
1626,0.951690,-1.066062
1627,0.960323,-1.066483
1628,0.968809,-1.066063
1629,0.977417,-1.065505
1630,0.985987,-1.064452
1631,0.994479,-1.062911
1632,1.002894,-1.060909
1633,1.011141,-1.058410
1634,1.019242,-1.055458
1635,1.027175,-1.052022
1636,1.034909,-1.048151
1637,1.042365,-1.043853
1638,1.049647,-1.039139
1639,1.056615,-1.034013
1640,1.063283,-1.028499
1641,1.069623,-1.022616
1642,1.075618,-1.016380
1643,1.080899,-1.009719
1644,1.086138,-1.002864
1645,1.091029,-0.995740
1646,1.095442,-0.988339
1647,1.099437,-0.980678
1648,1.102933,-0.972812
1649,1.106033,-0.964759
1650,1.108670,-0.956531
1651,1.110842,-0.948164
1652,1.112539,-0.939697
1653,1.113736,-0.931120
1654,1.114383,-0.922448
1655,1.114598,-0.913835
1656,1.114324,-0.905178
1657,1.113547,-0.896613
1658,1.112295,-0.888055
1659,1.110496,-0.879663
1660,1.108282,-0.871308
1661,1.105523,-0.863067
1662,1.102369,-0.855022
1663,1.098808,-0.847315
1664,1.094702,-0.839663
1665,1.090237,-0.832255
1666,1.085349,-0.825121
1667,1.079997,-0.818286
1668,1.074337,-0.811712
1669,1.068346,-0.805526
1670,1.061988,-0.799657
1671,1.055280,-0.794199
1672,1.048306,-0.789215
1673,1.040964,-0.784860
1674,1.033529,-0.780677
1675,1.025762,-0.776829
1676,1.017801,-0.773424
1677,1.009661,-0.770478
1678,1.001367,-0.768000
1679,0.992944,-0.765999
1680,0.984429,-0.764495
1681,0.975837,-0.763474
1682,0.967176,-0.762979
1683,0.958583,-0.762910
1684,0.949957,-0.763366
1685,0.941357,-0.764311
1686,0.932815,-0.765751
1687,0.924624,-0.767833
1688,0.916312,-0.770240
1689,0.908147,-0.773097
1690,0.900254,-0.776407
1691,0.892486,-0.780179
1692,0.884882,-0.784378
1693,0.877538,-0.789018
1694,0.870492,-0.794122
1695,0.863743,-0.799554
1696,0.857363,-0.805366
1697,0.851281,-0.811513
1698,0.845570,-0.818069
1699,0.840221,-0.824876
1700,0.835240,-0.831985
1701,0.830699,-0.839336
1702,0.826602,-0.846975
1703,0.822937,-0.854818
1704,0.819814,-0.862904
1705,0.817126,-0.871014
1706,0.814869,-0.879291
1707,0.813446,-0.887731
1708,0.812119,-0.896285
1709,0.811272,-0.904904
1710,0.810922,-0.913524
1711,0.811049,-0.922200
1712,0.811681,-0.930834
1713,0.812802,-0.939415
1714,0.814406,-0.947925
1715,0.816491,-0.956337
1716,0.819091,-0.964568
1717,0.822120,-0.972679
1718,0.825595,-0.980611
1719,0.829522,-0.988329
1720,0.833891,-0.995814
1721,0.838805,-1.002685
1722,0.843988,-1.009498
1723,0.849566,-1.016140
1724,0.855470,-1.022446
1725,0.861770,-1.028397
1726,0.868390,-1.034005
1727,0.875320,-1.039230
1728,0.882505,-1.044016
1729,0.889995,-1.048442
1730,0.897677,-1.052387
1731,0.905595,-1.055905
1732,0.913704,-1.058924
1733,0.921970,-1.061523
1734,0.930381,-1.063658
1735,0.938904,-1.065307
1736,0.947421,-1.066137
1737,0.956067,-1.066813
1738,0.964741,-1.067002
1739,0.973410,-1.066692
1740,0.982026,-1.065889
1741,0.990617,-1.064601
1742,0.999121,-1.062817
1743,1.007494,-1.060559
1744,1.015742,-1.057815
1745,1.023816,-1.054618
1746,1.031719,-1.050993
1747,1.039312,-1.046891
1748,1.046734,-1.042351
1749,1.053885,-1.037383
1750,1.060712,-1.032035
1751,1.067234,-1.026307
1752,1.073092,-1.020087
1753,1.078908,-1.013665
1754,1.084309,-1.006922
1755,1.089366,-0.999896
1756,1.094038,-0.992575
1757,1.098283,-0.985001
1758,1.102093,-0.977203
1759,1.105444,-0.969195
1760,1.108331,-0.961002
1761,1.111738,-0.951865
1762,1.114723,-0.942770
1763,1.116990,-0.933815
1764,1.118746,-0.924774
1765,1.119967,-0.915652
1766,1.120271,-0.906601
1767,1.120415,-0.897427
1768,1.120089,-0.888269
1769,1.119247,-0.879132
1770,1.117823,-0.870035
1771,1.115971,-0.861033
1772,1.113587,-0.852189
1773,1.110627,-0.843473
1774,1.107242,-0.834948
1775,1.103368,-0.826630
1776,1.098961,-0.818542
1777,1.094178,-0.810726
1778,1.088951,-0.803197
1779,1.083219,-0.796050
1780,1.077174,-0.789171
1781,1.070656,-0.782968
1782,1.063875,-0.776781
1783,1.056721,-0.771084
1784,1.049287,-0.765728
1785,1.041556,-0.760808
1786,1.033556,-0.756341
1787,1.025311,-0.752331
1788,1.016851,-0.748803
1789,1.008193,-0.745738
1790,0.999392,-0.743187
1791,0.990451,-0.741149
1792,0.981409,-0.739621
1793,0.972290,-0.738620
1794,0.963141,-0.738136
1795,0.953948,-0.738196
1796,0.944827,-0.738769
1797,0.935733,-0.739879
1798,0.926784,-0.741566
1799,0.917881,-0.743699
