0,0.645825,1.422040
1,0.648085,1.410000
2,0.651988,1.393456
3,0.656816,1.377159
4,0.662564,1.361163
5,0.669212,1.345519
6,0.676740,1.330280
7,0.685122,1.315493
8,0.694333,1.301207
9,0.704341,1.287468
10,0.715115,1.274321
11,0.726619,1.261809
12,0.729854,1.258330
13,0.729854,1.258330
14,0.729854,1.258330
15,0.729854,1.258330
16,0.729854,1.258330
17,0.729854,1.258330
18,0.729854,1.258330
19,0.729854,1.258330
20,0.729854,1.258330
21,0.729854,1.258330
22,0.717730,1.260083
23,0.700770,1.261157
24,0.683772,1.261210
25,0.666799,1.260296
26,0.662058,1.260013
27,0.662058,1.260013
28,0.653910,1.250865
29,0.643662,1.237309
30,0.634245,1.223159
31,0.625648,1.208496
32,0.617899,1.193367
33,0.611024,1.177822
34,0.605045,1.161911
35,0.599980,1.145686
36,0.595846,1.129198
37,0.592658,1.112503
38,0.590424,1.095652
39,0.589153,1.078703
40,0.588848,1.061708
41,0.589511,1.044723
42,0.591139,1.027804
43,0.593727,1.011004
44,0.597266,0.994380
45,0.601746,0.977983
46,0.607151,0.961868
47,0.613464,0.946086
48,0.620665,0.930689
49,0.628731,0.915727
50,0.637634,0.901248
51,0.647347,0.887299
52,0.657838,0.873926
53,0.660791,0.870205
54,0.660791,0.870205
55,0.660791,0.870205
56,0.660791,0.870205
57,0.660791,0.870205
58,0.660791,0.870205
59,0.660791,0.870205
60,0.660791,0.870205
61,0.660791,0.870205
62,0.650690,0.877135
63,0.635951,0.885594
64,0.620727,0.893153
65,0.605097,0.899834
66,0.589113,0.905615
67,0.572825,0.910477
68,0.568266,0.911810
69,0.568266,0.911810
70,0.568266,0.911810
71,0.560450,0.902378
72,0.550690,0.888466
73,0.541783,0.873989
74,0.533713,0.859029
75,0.526508,0.843634
76,0.520191,0.827854
77,0.514781,0.811741
78,0.510297,0.795345
79,0.506753,0.778721
80,0.504161,0.761923
81,0.502528,0.745004
82,0.501861,0.728019
83,0.502161,0.711024
84,0.503428,0.694074
85,0.505657,0.677223
86,0.508841,0.660527
87,0.512970,0.644038
88,0.518031,0.627811
89,0.524006,0.611899
90,0.530877,0.596352
91,0.538622,0.581221
92,0.547214,0.566556
93,0.549639,0.562471
94,0.549639,0.562471
95,0.549639,0.562471
96,0.549639,0.562471
97,0.549639,0.562471
98,0.549639,0.562471
99,0.549639,0.562471
100,0.549639,0.562471
101,0.544258,0.573476
102,0.535592,0.588094
103,0.526061,0.602169
104,0.515746,0.615678
105,0.504678,0.628578
106,0.492894,0.640828
107,0.480432,0.652387
108,0.467333,0.663219
109,0.453639,0.673288
110,0.449796,0.676080
111,0.449796,0.676080
112,0.449796,0.676080
113,0.449796,0.676080
114,0.449796,0.676080
115,0.446447,0.664296
116,0.443127,0.647630
117,0.440814,0.630791
118,0.439463,0.613847
119,0.439078,0.596854
120,0.439661,0.579866
121,0.441209,0.562939
122,0.443718,0.546128
123,0.447180,0.529487
124,0.451582,0.513069
125,0.456912,0.496929
126,0.463151,0.481118
127,0.470279,0.465687
128,0.472296,0.461387
129,0.472296,0.461387
130,0.472296,0.461387
131,0.472296,0.461387
132,0.472296,0.461387
133,0.472296,0.461387
134,0.472296,0.461387
135,0.472296,0.461387
136,0.468008,0.472862
137,0.460803,0.488252
138,0.452683,0.503185
139,0.443727,0.517632
140,0.433964,0.531546
141,0.428890,0.537265
142,0.427236,0.537962
143,0.425370,0.538776
144,0.423273,0.539680
145,0.420928,0.540649
146,0.418322,0.541658
147,0.415446,0.542679
148,0.412289,0.543683
149,0.408845,0.544640
150,0.404728,0.549128
151,0.400058,0.553657
152,0.394823,0.556547
153,0.389309,0.559055
154,0.383546,0.561244
155,0.377552,0.563103
156,0.371348,0.564615
157,0.364953,0.565762
158,0.358390,0.566526
159,0.351682,0.566892
160,0.344855,0.566846
161,0.337933,0.566377
162,0.330944,0.565473
163,0.323916,0.564125
164,0.316876,0.562327
165,0.309854,0.560073
166,0.302880,0.557359
167,0.295983,0.554184
168,0.289195,0.550549
169,0.282546,0.546455
170,0.276066,0.541907
171,0.269786,0.536913
172,0.263737,0.531480
173,0.257948,0.525618
174,0.252449,0.519342
175,0.247269,0.512664
176,0.242436,0.505603
177,0.237977,0.498175
178,0.233918,0.490402
179,0.230285,0.482306
180,0.227061,0.473540
181,0.224362,0.464870
182,0.222153,0.455954
183,0.220456,0.446820
184,0.219289,0.437500
185,0.218667,0.428024
186,0.218604,0.418425
187,0.219113,0.408736
188,0.220202,0.398993
189,0.221880,0.389230
190,0.224152,0.379485
191,0.227022,0.369792
192,0.230490,0.360191
193,0.234555,0.350717
194,0.239213,0.341410
195,0.244458,0.332305
196,0.250282,0.323440
197,0.256673,0.314853
198,0.263619,0.306579
199,0.271104,0.298655
200,0.279110,0.291115
201,0.287617,0.283994
202,0.296602,0.277325
203,0.306041,0.271139
204,0.315906,0.265467
205,0.326171,0.260338
206,0.336803,0.255779
207,0.347770,0.251815
208,0.359039,0.248471
209,0.370573,0.245767
210,0.382335,0.243722
211,0.394286,0.242356
212,0.406757,0.241722
213,0.418966,0.241762
214,0.431242,0.242513
215,0.443541,0.243986
216,0.455821,0.246186
217,0.468036,0.249115
218,0.480144,0.252772
219,0.492100,0.257155
220,0.503860,0.262257
221,0.515379,0.268069
222,0.526614,0.274581
223,0.537522,0.281778
224,0.548060,0.289643
225,0.558188,0.298156
226,0.567864,0.307296
227,0.577049,0.317037
228,0.585706,0.327353
229,0.593798,0.338214
230,0.601292,0.349588
231,0.608153,0.361440
232,0.614352,0.373735
233,0.619860,0.386434
234,0.624651,0.399498
235,0.628701,0.412884
236,0.631988,0.426549
237,0.634495,0.440449
238,0.636204,0.454537
239,0.637103,0.468766
240,0.637181,0.483089
241,0.636431,0.497456
242,0.634848,0.511818
243,0.632431,0.526127
244,0.629181,0.540331
245,0.625126,0.554301
246,0.620527,0.567582
247,0.615144,0.580640
248,0.608989,0.593427
249,0.602074,0.605896
250,0.594418,0.618002
251,0.586041,0.629698
252,0.576964,0.640942
253,0.567214,0.651690
254,0.556820,0.661902
255,0.545810,0.671537
256,0.534220,0.680560
257,0.522083,0.688933
258,0.509439,0.696623
259,0.496326,0.703600
260,0.482787,0.709833
261,0.468865,0.715298
262,0.454605,0.719970
263,0.440054,0.723829
264,0.425260,0.726855
265,0.410272,0.729035
266,0.395140,0.730356
267,0.379914,0.730808
268,0.364646,0.730386
269,0.349389,0.729087
270,0.334192,0.726910
271,0.319109,0.723860
272,0.304785,0.720147
273,0.290951,0.715802
274,0.277333,0.710646
275,0.263981,0.704692
276,0.250942,0.697953
277,0.238263,0.690448
278,0.225990,0.682195
279,0.214169,0.673218
280,0.202843,0.663543
281,0.192054,0.653198
282,0.181843,0.642215
283,0.172249,0.630626
284,0.163307,0.618468
285,0.155052,0.605780
286,0.147517,0.592600
287,0.140730,0.578972
288,0.134719,0.564939
289,0.129508,0.550548
290,0.125119,0.535844
291,0.121571,0.520877
292,0.118879,0.505697
293,0.117057,0.490352
294,0.116110,0.474970
295,0.115899,0.460529
296,0.116521,0.446039
297,0.117981,0.431548
298,0.120282,0.417107
299,0.123422,0.402766
300,0.127396,0.388574
301,0.132197,0.374583
302,0.137814,0.360840
303,0.144234,0.347395
304,0.151440,0.334297
305,0.159412,0.321591
306,0.168128,0.309325
307,0.177562,0.297542
308,0.187688,0.286286
309,0.198473,0.275598
310,0.209885,0.265517
311,0.221889,0.256082
312,0.234446,0.247326
313,0.247517,0.239285
314,0.261060,0.231987
315,0.275030,0.225461
316,0.289384,0.219733
317,0.303795,0.214885
318,0.317712,0.210945
319,0.331892,0.207798
320,0.346290,0.205463
321,0.360856,0.203953
322,0.375542,0.203280
323,0.390299,0.203454
324,0.405075,0.204479
325,0.419821,0.206357
326,0.434486,0.209089
327,0.449019,0.212671
328,0.463370,0.217095
329,0.477488,0.222352
330,0.491323,0.228428
331,0.504827,0.235309
332,0.517953,0.242974
333,0.530652,0.251403
334,0.542880,0.260569
335,0.554593,0.270447
336,0.565749,0.281005
337,0.576307,0.292211
338,0.586230,0.304031
339,0.595479,0.316426
340,0.603798,0.328923
341,0.611213,0.341374
342,0.617928,0.354286
343,0.623913,0.367616
344,0.629143,0.381323
345,0.633593,0.395361
346,0.637243,0.409686
347,0.640074,0.424250
348,0.642071,0.439005
349,0.643222,0.453901
350,0.643516,0.468888
351,0.642949,0.483917
352,0.641515,0.498934
353,0.639215,0.513890
354,0.636053,0.528733
355,0.632033,0.543412
356,0.627166,0.557875
357,0.621463,0.572073
358,0.614940,0.585957
359,0.607614,0.599476
360,0.599508,0.612585
361,0.590644,0.625237
362,0.581051,0.637387
363,0.571191,0.648592
364,0.561062,0.658987
365,0.550308,0.668824
366,0.538960,0.678063
367,0.527052,0.686668
368,0.514623,0.694604
369,0.501710,0.701840
370,0.488355,0.708346
371,0.474600,0.714094
372,0.460490,0.719060
373,0.446071,0.723221
374,0.431390,0.726559
375,0.416495,0.729057
376,0.401437,0.730702
377,0.386266,0.731482
378,0.371032,0.731392
379,0.355788,0.730426
380,0.340585,0.728584
381,0.325474,0.725867
382,0.310508,0.722281
383,0.295738,0.717833
384,0.281214,0.712536
385,0.266862,0.706331
386,0.253894,0.700016
387,0.241255,0.692937
388,0.228994,0.685109
389,0.217154,0.676555
390,0.205782,0.667297
391,0.194918,0.657362
392,0.184604,0.646780
393,0.174880,0.635581
394,0.165783,0.623801
395,0.157348,0.611476
396,0.149609,0.598644
397,0.142596,0.585345
398,0.136339,0.571624
399,0.130862,0.557523
400,0.126188,0.543089
401,0.122339,0.528370
402,0.119332,0.513413
403,0.117181,0.498268
404,0.115898,0.482987
405,0.115491,0.467619
406,0.115965,0.452217
407,0.117324,0.436833
408,0.119469,0.421889
409,0.122230,0.407685
410,0.125820,0.393603
411,0.130231,0.379695
412,0.135456,0.366008
413,0.141482,0.352592
414,0.148295,0.339496
415,0.155877,0.326766
416,0.164208,0.314448
417,0.173264,0.302588
418,0.183018,0.291229
419,0.193443,0.280413
420,0.204505,0.270181
421,0.216172,0.260571
422,0.228407,0.251619
423,0.241172,0.243360
424,0.254425,0.235825
425,0.268125,0.229044
426,0.282227,0.223044
427,0.296685,0.217848
428,0.311452,0.213478
429,0.326479,0.209953
430,0.341716,0.207287
431,0.356623,0.205499
432,0.371082,0.204496
433,0.385636,0.204326
434,0.400234,0.204996
435,0.414827,0.206511
436,0.429365,0.208871
437,0.443797,0.212074
438,0.458074,0.216116
439,0.472144,0.220988
440,0.485959,0.226680
441,0.499469,0.233177
442,0.512626,0.240462
443,0.525384,0.248515
444,0.537696,0.257312
445,0.549518,0.266830
446,0.560806,0.277038
447,0.571520,0.287905
448,0.581621,0.299399
449,0.591070,0.311483
450,0.599833,0.324119
451,0.607877,0.337266
452,0.615172,0.350883
453,0.621690,0.364926
454,0.627243,0.378779
455,0.631954,0.392508
456,0.635883,0.406543
457,0.639011,0.420838
458,0.641321,0.435346
459,0.642799,0.450019
460,0.643433,0.464807
461,0.643217,0.479661
462,0.642144,0.494529
463,0.640212,0.509362
464,0.637423,0.524109
465,0.633781,0.538717
466,0.629293,0.553137
467,0.623970,0.567318
468,0.617825,0.581211
469,0.610874,0.594766
470,0.603137,0.607936
471,0.594636,0.620674
472,0.585397,0.632935
473,0.575447,0.644675
474,0.564817,0.655852
475,0.553539,0.666426
476,0.541621,0.676375
477,0.530128,0.685107
478,0.518100,0.693199
479,0.505574,0.700617
480,0.492590,0.707328
481,0.479189,0.713306
482,0.465414,0.718524
483,0.451309,0.722957
484,0.436920,0.726587
485,0.422294,0.729394
486,0.407481,0.731363
487,0.392530,0.732482
488,0.377491,0.732743
489,0.362415,0.732138
490,0.347352,0.730665
491,0.332356,0.728325
492,0.317476,0.725119
493,0.302764,0.721055
494,0.288272,0.716142
495,0.274049,0.710392
496,0.260145,0.703822
497,0.246608,0.696449
498,0.233486,0.688295
499,0.221113,0.679638
500,0.209679,0.670765
501,0.198729,0.661209
502,0.188303,0.650998
503,0.178443,0.640160
504,0.169186,0.628729
505,0.160569,0.616740
506,0.152625,0.604230
507,0.145388,0.591237
508,0.138886,0.577804
509,0.133147,0.563974
510,0.128195,0.549790
511,0.124051,0.535300
512,0.120736,0.520552
513,0.118264,0.505593
514,0.116649,0.490474
515,0.115902,0.475246
516,0.116029,0.459959
517,0.117033,0.444665
518,0.118917,0.429417
519,0.121677,0.414266
520,0.125307,0.399263
521,0.129801,0.384460
522,0.134928,0.370349
523,0.140554,0.356991
524,0.146966,0.343925
525,0.154148,0.331198
526,0.162081,0.318856
527,0.170744,0.306945
528,0.180112,0.295508
529,0.190159,0.284589
530,0.200853,0.274228
531,0.212163,0.264465
532,0.224055,0.255337
533,0.236491,0.246879
534,0.249432,0.239125
535,0.262837,0.232104
536,0.276663,0.225845
537,0.290865,0.220373
538,0.305396,0.215712
539,0.320210,0.211881
540,0.335256,0.208897
541,0.350486,0.206774
542,0.365848,0.205524
543,0.381291,0.205155
544,0.396764,0.205671
545,0.411633,0.206962
546,0.426010,0.208949
547,0.440308,0.211772
548,0.454477,0.215427
549,0.468468,0.219909
550,0.482230,0.225207
551,0.495715,0.231310
552,0.508874,0.238202
553,0.521660,0.245865
554,0.534028,0.254278
555,0.545931,0.263418
556,0.557327,0.273256
557,0.568172,0.283765
558,0.578428,0.294911
559,0.588056,0.306661
560,0.597020,0.318978
561,0.605285,0.331823
562,0.612820,0.345154
563,0.619596,0.358930
564,0.625587,0.373105
565,0.630768,0.387633
566,0.635119,0.402466
567,0.638624,0.417590
568,0.641234,0.431786
569,0.643032,0.446170
570,0.644003,0.460694
571,0.644138,0.475309
572,0.643429,0.489966
573,0.641873,0.504613
574,0.639469,0.519202
575,0.636219,0.533681
576,0.632129,0.547999
577,0.627206,0.562108
578,0.621462,0.575957
579,0.614912,0.589497
580,0.607574,0.602680
581,0.599466,0.615458
582,0.590614,0.627787
583,0.581043,0.639622
584,0.570781,0.650919
585,0.559860,0.661637
586,0.548315,0.671738
587,0.536180,0.681185
588,0.523495,0.689941
589,0.510300,0.697975
590,0.496994,0.705114
591,0.483919,0.711317
592,0.470451,0.716781
593,0.456636,0.721480
594,0.442516,0.725393
595,0.428140,0.728500
596,0.413553,0.730784
597,0.398805,0.732231
598,0.383946,0.732831
599,0.369025,0.732576
600,0.354093,0.731461
601,0.339201,0.729485
602,0.324400,0.726648
603,0.309742,0.722956
604,0.295277,0.718416
605,0.281055,0.713039
606,0.267127,0.706838
607,0.253541,0.699831
608,0.240344,0.692037
609,0.227585,0.683480
610,0.215307,0.674184
611,0.203554,0.664177
612,0.192370,0.653492
613,0.182087,0.642552
614,0.172703,0.631506
615,0.163933,0.619891
616,0.155813,0.607741
617,0.148376,0.595095
618,0.141652,0.581991
619,0.135669,0.568473
620,0.130455,0.554582
621,0.126031,0.540365
622,0.122418,0.525868
623,0.119634,0.511138
624,0.117694,0.496224
625,0.116609,0.481177
626,0.116389,0.466047
627,0.117038,0.450885
628,0.118559,0.435743
629,0.120952,0.420672
630,0.124213,0.405723
631,0.128336,0.390948
632,0.133310,0.376399
633,0.139122,0.362124
634,0.145757,0.348175
635,0.153194,0.334599
636,0.161052,0.321910
637,0.169310,0.309975
638,0.178278,0.298487
639,0.187930,0.287489
640,0.198239,0.277024
641,0.209174,0.267131
642,0.220702,0.257848
643,0.232788,0.249212
644,0.245394,0.241256
645,0.258480,0.234012
646,0.272005,0.227510
647,0.285925,0.221777
648,0.300195,0.216836
649,0.314768,0.212709
650,0.329597,0.209415
651,0.344632,0.206970
652,0.359823,0.205386
653,0.375119,0.204673
654,0.390470,0.204838
655,0.405822,0.205884
656,0.421125,0.207812
657,0.436326,0.210618
658,0.451404,0.214310
659,0.465252,0.218383
660,0.478900,0.223266
661,0.492301,0.228949
662,0.505405,0.235420
663,0.518167,0.242662
664,0.530538,0.250656
665,0.542474,0.259381
666,0.553931,0.268811
667,0.564865,0.278920
668,0.575237,0.289676
669,0.585007,0.301047
670,0.594137,0.312999
671,0.602593,0.325494
672,0.610342,0.338493
673,0.617353,0.351953
674,0.623599,0.365833
675,0.629054,0.380086
676,0.633695,0.394666
677,0.637503,0.409526
678,0.640462,0.424616
679,0.642556,0.439886
680,0.643776,0.455285
681,0.644147,0.470380
682,0.643786,0.484848
683,0.642589,0.499332
684,0.640553,0.513782
685,0.637677,0.528148
686,0.633966,0.542380
687,0.629426,0.556428
688,0.624067,0.570243
689,0.617901,0.583776
690,0.610945,0.596978
691,0.603216,0.609802
692,0.594736,0.622201
693,0.585529,0.634131
694,0.575623,0.645549
695,0.565048,0.656411
696,0.553835,0.666679
697,0.542020,0.676314
698,0.529640,0.685279
699,0.516733,0.693542
700,0.503341,0.701071
701,0.489507,0.707836
702,0.475277,0.713812
703,0.460696,0.718976
704,0.446295,0.723219
705,0.432204,0.726613
706,0.417883,0.729202
707,0.403377,0.730970
708,0.388736,0.731904
709,0.374009,0.731996
710,0.359246,0.731238
711,0.344497,0.729628
712,0.329813,0.727165
713,0.315245,0.723851
714,0.300843,0.719693
715,0.286658,0.714699
716,0.272740,0.708881
717,0.259137,0.702255
718,0.245897,0.694838
719,0.233069,0.686651
720,0.220697,0.677719
721,0.208826,0.668067
722,0.197499,0.657724
723,0.186757,0.646724
724,0.176639,0.635099
725,0.167181,0.622887
726,0.158419,0.610127
727,0.150683,0.597459
728,0.143745,0.584677
729,0.137527,0.571463
730,0.132058,0.557860
731,0.127362,0.543911
732,0.123461,0.529662
733,0.120373,0.515160
734,0.118116,0.500452
735,0.116701,0.485587
736,0.116141,0.470616
737,0.116442,0.455588
738,0.117608,0.440556
739,0.119640,0.425569
740,0.122537,0.410681
741,0.126293,0.395941
742,0.130900,0.381401
743,0.136348,0.367111
744,0.142620,0.353121
745,0.149701,0.339480
746,0.157570,0.326235
747,0.166203,0.313434
748,0.175575,0.301121
749,0.185232,0.289747
750,0.195173,0.279176
751,0.205749,0.269153
752,0.216928,0.259717
753,0.228678,0.250905
754,0.240962,0.242752
755,0.253741,0.235290
756,0.266975,0.228551
757,0.280622,0.222561
758,0.294638,0.217348
759,0.308978,0.212933
760,0.323594,0.209336
761,0.338437,0.206575
762,0.353460,0.204665
763,0.368611,0.203616
764,0.383840,0.203436
765,0.399095,0.204132
766,0.414324,0.205704
767,0.429477,0.208152
768,0.444500,0.211471
769,0.459343,0.215655
770,0.473954,0.220692
771,0.488410,0.226640
772,0.501486,0.232724
773,0.514246,0.239578
774,0.526642,0.247186
775,0.538629,0.255528
776,0.550162,0.264582
777,0.561198,0.274321
778,0.571696,0.284717
779,0.581615,0.295740
780,0.590917,0.307355
781,0.599567,0.319527
782,0.607531,0.332218
783,0.614776,0.345387
784,0.621275,0.358993
785,0.626999,0.372991
786,0.631927,0.387337
787,0.636035,0.401983
788,0.639306,0.416882
789,0.641724,0.431983
790,0.643278,0.447236
791,0.643957,0.462590
792,0.643755,0.477995
793,0.642670,0.493397
794,0.640790,0.508375
795,0.638280,0.522624
796,0.634941,0.536765
797,0.630777,0.550748
798,0.625796,0.564522
799,0.620009,0.578040
800,0.613430,0.591253
801,0.606075,0.604114
802,0.597965,0.616575
803,0.589122,0.628592
804,0.579572,0.640119
805,0.569343,0.651116
806,0.558465,0.661541
807,0.546972,0.671354
808,0.534900,0.680519
809,0.522286,0.689001
810,0.509170,0.696768
811,0.495595,0.703789
812,0.481605,0.710037
813,0.467244,0.715487
814,0.452560,0.720117
815,0.437601,0.723908
816,0.422416,0.726842
817,0.407545,0.728894
818,0.393108,0.730152
819,0.378561,0.730579
820,0.363956,0.730167
821,0.349340,0.728912
822,0.334765,0.726810
823,0.320280,0.723863
824,0.305937,0.720075
825,0.291785,0.715453
826,0.277874,0.710008
827,0.264253,0.703752
828,0.250971,0.696702
829,0.238075,0.688878
830,0.225612,0.680301
831,0.213625,0.670996
832,0.202160,0.660992
833,0.191257,0.650317
834,0.180957,0.639007
835,0.171297,0.627094
836,0.162313,0.614618
837,0.154039,0.601618
838,0.146505,0.588135
839,0.139741,0.574213
840,0.133979,0.560535
841,0.129021,0.546863
842,0.124841,0.532872
843,0.121458,0.518607
844,0.118892,0.504115
845,0.117156,0.489445
846,0.116262,0.474645
847,0.116220,0.459766
848,0.117035,0.444857
849,0.118710,0.429970
850,0.121244,0.415156
851,0.124635,0.400466
852,0.128876,0.385950
853,0.133957,0.371660
854,0.139866,0.357645
855,0.146586,0.343953
856,0.154100,0.330635
857,0.162385,0.317736
858,0.171418,0.305302
859,0.181170,0.293378
860,0.191612,0.282005
861,0.202712,0.271226
862,0.213955,0.261417
863,0.225359,0.252445
864,0.237308,0.244109
865,0.249768,0.236443
866,0.262698,0.229479
867,0.276058,0.223246
868,0.289805,0.217771
869,0.303895,0.213077
870,0.318281,0.209187
871,0.332916,0.206119
872,0.347752,0.203888
873,0.362740,0.202508
874,0.377828,0.201988
875,0.392967,0.202336
876,0.408104,0.203554
877,0.423189,0.205644
878,0.438169,0.208603
879,0.452994,0.212425
880,0.467612,0.217101
881,0.481972,0.222620
882,0.496026,0.228967
883,0.509724,0.236123
884,0.523132,0.244157
885,0.535156,0.252120
886,0.546752,0.260797
887,0.557877,0.270166
888,0.568488,0.280200
889,0.578543,0.290869
890,0.588006,0.302143
891,0.596838,0.313985
892,0.605004,0.326361
893,0.612473,0.339231
894,0.619214,0.352555
895,0.625199,0.366289
896,0.630402,0.380390
897,0.634802,0.394811
898,0.638379,0.409505
899,0.641114,0.424423
900,0.642996,0.439517
901,0.644012,0.454735
902,0.644155,0.470027
903,0.643420,0.485341
904,0.641806,0.500624
905,0.639313,0.515826
906,0.635947,0.530894
907,0.631858,0.545424
908,0.627254,0.559140
909,0.621847,0.572626
910,0.615647,0.585832
911,0.608671,0.598710
912,0.600936,0.611215
913,0.592463,0.623301
914,0.583276,0.634922
915,0.573401,0.646036
916,0.562868,0.656602
917,0.551709,0.666578
918,0.539957,0.675929
919,0.527649,0.684617
920,0.514823,0.692609
921,0.501522,0.699874
922,0.487786,0.706383
923,0.473662,0.712110
924,0.459193,0.717031
925,0.444429,0.721126
926,0.429418,0.724377
927,0.414209,0.726769
928,0.398853,0.728289
929,0.383402,0.728930
930,0.368392,0.728745
931,0.353929,0.727839
932,0.339482,0.726095
933,0.325101,0.723514
934,0.310836,0.720096
935,0.296737,0.715847
936,0.282853,0.710776
937,0.269235,0.704895
938,0.255929,0.698218
939,0.242985,0.690762
940,0.230448,0.682549
941,0.218365,0.673601
942,0.206778,0.663944
943,0.195731,0.653607
944,0.185265,0.642622
945,0.175417,0.631023
946,0.166226,0.618845
947,0.157725,0.606127
948,0.149947,0.592910
949,0.142922,0.579236
950,0.136676,0.565150
951,0.131234,0.550696
952,0.126619,0.535923
953,0.122957,0.521541
954,0.120091,0.507284
955,0.118041,0.492827
956,0.116820,0.478218
957,0.116440,0.463506
958,0.116908,0.448742
959,0.118228,0.433974
960,0.120401,0.419255
961,0.123427,0.404635
962,0.127300,0.390165
963,0.132012,0.375894
964,0.137552,0.361873
965,0.143907,0.348152
966,0.151058,0.334778
967,0.158988,0.321799
968,0.167671,0.309262
969,0.177084,0.297212
970,0.187196,0.285691
971,0.197979,0.274741
972,0.209397,0.264402
973,0.221415,0.254712
974,0.233996,0.245706
975,0.246574,0.237681
976,0.259185,0.230507
977,0.272243,0.224044
978,0.285704,0.218319
979,0.299527,0.213359
980,0.313665,0.209185
981,0.328073,0.205818
982,0.342704,0.203274
983,0.357508,0.201570
984,0.372436,0.200715
985,0.387438,0.200718
986,0.402463,0.201585
987,0.417460,0.203318
988,0.432377,0.205916
989,0.447163,0.209374
990,0.461768,0.213687
991,0.476140,0.218843
992,0.490229,0.224829
993,0.503987,0.231630
994,0.517365,0.239225
995,0.530316,0.247593
996,0.542795,0.256708
997,0.554779,0.266569
998,0.565490,0.276241
999,0.575671,0.286556
1000,0.585282,0.297485
1001,0.594284,0.308995
1002,0.602643,0.321051
1003,0.610325,0.333616
1004,0.617297,0.346650
1005,0.623532,0.360112
1006,0.629003,0.373958
1007,0.633686,0.388145
1008,0.637560,0.402624
1009,0.640606,0.417350
1010,0.642810,0.432272
1011,0.644157,0.447342
1012,0.644641,0.462508
1013,0.644252,0.477719
1014,0.642990,0.492925
1015,0.640853,0.508073
1016,0.637844,0.523112
1017,0.633969,0.537989
1018,0.629238,0.552655
1019,0.623663,0.567058
1020,0.617455,0.580819
1021,0.610859,0.593699
1022,0.603502,0.606230
1023,0.595404,0.618367
1024,0.586586,0.630065
1025,0.577074,0.641280
1026,0.566895,0.651969
1027,0.556078,0.662094
1028,0.544657,0.671615
1029,0.532667,0.680494
1030,0.520145,0.688699
1031,0.507131,0.696195
1032,0.493665,0.702954
1033,0.479792,0.708947
1034,0.465556,0.714151
1035,0.451003,0.718542
1036,0.436182,0.722102
1037,0.421142,0.724814
1038,0.405932,0.726665
1039,0.390603,0.727644
1040,0.375207,0.727744
1041,0.359796,0.726961
1042,0.344421,0.725294
1043,0.329698,0.722897
1044,0.315518,0.719842
1045,0.301478,0.715961
1046,0.287629,0.711260
1047,0.274020,0.705748
1048,0.260700,0.699440
1049,0.247716,0.692351
1050,0.235115,0.684499
1051,0.222943,0.675906
1052,0.211245,0.666597
1053,0.200064,0.656599
1054,0.189441,0.645942
1055,0.179416,0.634659
1056,0.170026,0.622783
1057,0.161307,0.610353
1058,0.153293,0.597408
1059,0.146015,0.583988
1060,0.139500,0.570138
1061,0.133775,0.555901
1062,0.128862,0.541326
1063,0.124783,0.526458
1064,0.121554,0.511348
1065,0.119185,0.495900
1066,0.117644,0.481563
1067,0.116926,0.467099
1068,0.117042,0.452557
1069,0.117998,0.437987
1070,0.119797,0.423438
1071,0.122440,0.408961
1072,0.125923,0.394606
1073,0.130241,0.380423
1074,0.135385,0.366462
1075,0.141342,0.352772
1076,0.148098,0.339402
1077,0.155634,0.326400
1078,0.163930,0.313813
1079,0.172961,0.301685
1080,0.182702,0.290061
1081,0.193122,0.278983
1082,0.204190,0.268492
1083,0.215871,0.258626
1084,0.228130,0.249422
1085,0.240927,0.240915
1086,0.254221,0.233135
1087,0.267969,0.226114
1088,0.281672,0.220023
1089,0.295181,0.214814
1090,0.309025,0.210372
1091,0.323159,0.206719
1092,0.337537,0.203873
1093,0.352110,0.201851
1094,0.366831,0.200665
1095,0.381650,0.200325
1096,0.396517,0.200839
1097,0.411381,0.202210
1098,0.426191,0.204440
1099,0.440896,0.207526
1100,0.455445,0.211463
1101,0.469788,0.216242
1102,0.483875,0.221853
1103,0.497657,0.228280
1104,0.511083,0.235505
1105,0.524109,0.243510
1106,0.536686,0.252269
1107,0.548771,0.261758
1108,0.560319,0.271947
1109,0.571291,0.282804
1110,0.581645,0.294297
1111,0.591026,0.305897
1112,0.599564,0.317627
1113,0.607446,0.329878
1114,0.614639,0.342614
1115,0.621113,0.355794
1116,0.626841,0.369376
1117,0.631798,0.383316
1118,0.635960,0.397569
1119,0.639309,0.412088
1120,0.641828,0.426826
1121,0.643501,0.441732
1122,0.644320,0.456759
1123,0.644275,0.471854
1124,0.643361,0.486966
1125,0.641578,0.502045
1126,0.638926,0.517039
1127,0.635410,0.531896
1128,0.631037,0.546565
1129,0.625818,0.560995
1130,0.619766,0.575137
1131,0.612900,0.588941
1132,0.605237,0.602359
1133,0.596779,0.615371
1134,0.588366,0.627095
1135,0.579254,0.638365
1136,0.569469,0.649136
1137,0.559038,0.659369
1138,0.547993,0.669022
1139,0.536366,0.678060
1140,0.524194,0.686446
1141,0.511515,0.694146
1142,0.498368,0.701130
1143,0.484795,0.707370
1144,0.470840,0.712838
1145,0.456549,0.717511
1146,0.441967,0.721368
1147,0.427144,0.724393
1148,0.412128,0.726568
1149,0.396970,0.727883
1150,0.381719,0.728329
1151,0.366429,0.727899
1152,0.351149,0.726590
1153,0.335933,0.724403
1154,0.320831,0.721342
1155,0.305897,0.717413
1156,0.291528,0.712782
1157,0.277992,0.707668
1158,0.264718,0.701759
1159,0.251752,0.695069
1160,0.239143,0.687614
1161,0.226935,0.679416
1162,0.215175,0.670496
1163,0.203905,0.660880
1164,0.193168,0.650596
1165,0.183004,0.639674
1166,0.173452,0.628149
1167,0.164548,0.616055
1168,0.156327,0.603430
1169,0.148820,0.590315
1170,0.142058,0.576751
1171,0.136067,0.562782
1172,0.130873,0.548453
1173,0.126497,0.533811
1174,0.122957,0.518904
1175,0.120270,0.503782
1176,0.118450,0.488495
1177,0.117505,0.473094
1178,0.117442,0.457630
1179,0.118178,0.442733
1180,0.119629,0.428300
1181,0.121916,0.413915
1182,0.125039,0.399628
1183,0.128994,0.385489
1184,0.133773,0.371548
1185,0.139366,0.357853
1186,0.145760,0.344454
1187,0.152937,0.331399
1188,0.160879,0.318734
1189,0.169564,0.306506
1190,0.178966,0.294759
1191,0.189057,0.283536
1192,0.199807,0.272878
1193,0.211184,0.262825
1194,0.223151,0.253414
1195,0.235672,0.244682
1196,0.248706,0.236660
1197,0.262212,0.229379
1198,0.276147,0.222868
1199,0.290464,0.217152
1200,0.305117,0.212254
1201,0.320202,0.208173
1202,0.334276,0.205040
1203,0.348569,0.202709
1204,0.363032,0.201199
1205,0.377617,0.200520
1206,0.392275,0.200681
1207,0.406956,0.201689
1208,0.421610,0.203545
1209,0.436186,0.206250
1210,0.450634,0.209801
1211,0.464903,0.214190
1212,0.478943,0.219408
1213,0.492705,0.225443
1214,0.506140,0.232279
1215,0.519201,0.239897
1216,0.531840,0.248276
1217,0.544013,0.257391
1218,0.555675,0.267216
1219,0.566784,0.277721
1220,0.577300,0.288873
1221,0.587185,0.300637
1222,0.596401,0.312977
1223,0.604915,0.325854
1224,0.612499,0.338789
1225,0.619185,0.351630
1226,0.625147,0.364890
1227,0.630357,0.378526
1228,0.634792,0.392495
1229,0.638431,0.406750
1230,0.641255,0.421246
1231,0.643250,0.435933
1232,0.644401,0.450763
1233,0.644700,0.465686
1234,0.644140,0.480651
1235,0.642718,0.495608
1236,0.640432,0.510506
1237,0.637287,0.525292
1238,0.633287,0.539917
1239,0.628442,0.554330
1240,0.622763,0.568479
1241,0.616265,0.582317
1242,0.608968,0.595794
1243,0.600890,0.608862
1244,0.592057,0.621477
1245,0.582495,0.633593
1246,0.572233,0.645166
1247,0.561755,0.655784
1248,0.551054,0.665580
1249,0.539761,0.674782
1250,0.527910,0.683353
1251,0.515537,0.691260
1252,0.502681,0.698470
1253,0.489384,0.704954
1254,0.475686,0.710684
1255,0.461633,0.715635
1256,0.447271,0.719785
1257,0.432645,0.723114
1258,0.417806,0.725607
1259,0.402801,0.727250
1260,0.387682,0.728032
1261,0.372500,0.727946
1262,0.357305,0.726987
1263,0.342149,0.725154
1264,0.327084,0.722449
1265,0.312162,0.718876
1266,0.297433,0.714445
1267,0.282949,0.709165
1268,0.268759,0.703051
1269,0.254884,0.696101
1270,0.242293,0.689052
1271,0.230076,0.681258
1272,0.218279,0.672738
1273,0.206945,0.663517
1274,0.196117,0.653621
1275,0.185837,0.643079
1276,0.176144,0.631921
1277,0.167075,0.620183
1278,0.158665,0.607899
1279,0.150948,0.595110
1280,0.143954,0.581855
1281,0.137713,0.568177
1282,0.132249,0.554119
1283,0.127587,0.539728
1284,0.123746,0.525050
1285,0.120745,0.510135
1286,0.118597,0.495031
1287,0.117315,0.479789
1288,0.116907,0.464460
1289,0.117379,0.449096
1290,0.118732,0.433748
1291,0.120967,0.418469
1292,0.123933,0.403767
1293,0.127507,0.389735
1294,0.131900,0.375873
1295,0.137103,0.362232
1296,0.143107,0.348860
1297,0.149895,0.335804
1298,0.157450,0.323113
1299,0.165753,0.310832
1300,0.174778,0.299007
1301,0.184502,0.287680
1302,0.194894,0.276894
1303,0.205923,0.266689
1304,0.217556,0.257104
1305,0.229757,0.248174
1306,0.242487,0.239935
1307,0.255705,0.232418
1308,0.269370,0.225652
1309,0.283437,0.219665
1310,0.297860,0.214480
1311,0.312593,0.210118
1312,0.327586,0.206600
1313,0.342791,0.203938
1314,0.358156,0.202148
1315,0.373045,0.201214
1316,0.387551,0.201042
1317,0.402104,0.201707
1318,0.416652,0.203214
1319,0.431147,0.205564
1320,0.445537,0.208756
1321,0.459772,0.212784
1322,0.473803,0.217640
1323,0.487580,0.223314
1324,0.501055,0.229791
1325,0.514178,0.237055
1326,0.526904,0.245085
1327,0.539186,0.253859
1328,0.550979,0.263352
1329,0.562242,0.273534
1330,0.572932,0.284375
1331,0.583010,0.295842
1332,0.592439,0.307898
1333,0.601185,0.320506
1334,0.609213,0.333625
1335,0.616494,0.347214
1336,0.622999,0.361228
1337,0.628684,0.375552
1338,0.633376,0.389208
1339,0.637292,0.403172
1340,0.640411,0.417396
1341,0.642717,0.431833
1342,0.644194,0.446437
1343,0.644832,0.461157
1344,0.644622,0.475945
1345,0.643560,0.490750
1346,0.641642,0.505520
1347,0.638870,0.520206
1348,0.635248,0.534757
1349,0.630782,0.549122
1350,0.625484,0.563251
1351,0.619366,0.577094
1352,0.612444,0.590602
1353,0.604738,0.603728
1354,0.596269,0.616426
1355,0.587063,0.628648
1356,0.577148,0.640353
1357,0.566553,0.651498
1358,0.555311,0.662042
1359,0.543458,0.671948
1360,0.531362,0.680985
1361,0.519355,0.689062
1362,0.506850,0.696466
1363,0.493888,0.703166
1364,0.480509,0.709133
1365,0.466756,0.714342
1366,0.452674,0.718768
1367,0.438308,0.722391
1368,0.423705,0.725193
1369,0.408915,0.727158
1370,0.393987,0.728275
1371,0.378970,0.728535
1372,0.363916,0.727930
1373,0.348876,0.726459
1374,0.333901,0.724121
1375,0.319042,0.720919
1376,0.304351,0.716860
1377,0.289878,0.711952
1378,0.275674,0.706210
1379,0.261788,0.699647
1380,0.248269,0.692282
1381,0.235164,0.684137
1382,0.222518,0.675237
1383,0.210797,0.666013
1384,0.199868,0.656476
1385,0.189463,0.646284
1386,0.179621,0.635467
1387,0.170382,0.624058
1388,0.161781,0.612091
1389,0.153852,0.599603
1390,0.146628,0.586634
1391,0.140138,0.573225
1392,0.134409,0.559419
1393,0.129465,0.545259
1394,0.125329,0.530794
1395,0.122019,0.516069
1396,0.119552,0.501135
1397,0.117940,0.486040
1398,0.117194,0.470835
1399,0.117321,0.455571
1400,0.118325,0.440301
1401,0.120206,0.425074
1402,0.122962,0.409944
1403,0.126589,0.394963
1404,0.131077,0.380180
1405,0.136383,0.365714
1406,0.141985,0.352405
1407,0.148370,0.339386
1408,0.155523,0.326702
1409,0.163425,0.314402
1410,0.172055,0.302530
1411,0.181388,0.291130
1412,0.191398,0.280245
1413,0.202056,0.269916
1414,0.213328,0.260182
1415,0.225181,0.251080
1416,0.237578,0.242645
1417,0.250479,0.234911
1418,0.263844,0.227908
1419,0.277630,0.221665
1420,0.291792,0.216206
1421,0.306284,0.211555
1422,0.321059,0.207732
1423,0.336067,0.204753
1424,0.351259,0.202634
1425,0.366585,0.201385
1426,0.381992,0.201015
1427,0.397430,0.201528
1428,0.412471,0.202851
1429,0.426805,0.204831
1430,0.441062,0.207643
1431,0.455191,0.211286
1432,0.469142,0.215752
1433,0.482866,0.221034
1434,0.496315,0.227118
1435,0.509440,0.233990
1436,0.522194,0.241632
1437,0.534531,0.250023
1438,0.546405,0.259138
1439,0.557774,0.268951
1440,0.568595,0.279433
1441,0.578828,0.290553
1442,0.588435,0.302275
1443,0.597379,0.314564
1444,0.605627,0.327380
1445,0.613147,0.340683
1446,0.619910,0.354430
1447,0.625890,0.368576
1448,0.631062,0.383076
1449,0.635405,0.397881
1450,0.638902,0.412944
1451,0.641494,0.427632
1452,0.643287,0.442025
1453,0.644253,0.456558
1454,0.644382,0.471181
1455,0.643668,0.485844
1456,0.642106,0.500498
1457,0.639695,0.515091
1458,0.636439,0.529575
1459,0.632342,0.543897
1460,0.627413,0.558009
1461,0.621664,0.571860
1462,0.615108,0.585401
1463,0.607763,0.598584
1464,0.599651,0.611363
1465,0.590793,0.623691
1466,0.581217,0.635525
1467,0.570952,0.646820
1468,0.560027,0.657537
1469,0.548478,0.667635
1470,0.536341,0.677078
1471,0.523653,0.685832
1472,0.510457,0.693862
1473,0.496860,0.701112
1474,0.483815,0.707301
1475,0.470378,0.712753
1476,0.456593,0.717443
1477,0.442505,0.721348
1478,0.428160,0.724448
1479,0.413604,0.726728
1480,0.398887,0.728173
1481,0.384058,0.728772
1482,0.369167,0.728518
1483,0.354264,0.727405
1484,0.339401,0.725433
1485,0.324629,0.722602
1486,0.309998,0.718917
1487,0.295559,0.714385
1488,0.281362,0.709017
1489,0.267458,0.702828
1490,0.253895,0.695833
1491,0.240721,0.688052
1492,0.227982,0.679508
1493,0.215724,0.670227
1494,0.203990,0.660235
1495,0.192822,0.649565
1496,0.182550,0.638634
1497,0.173176,0.627596
1498,0.164415,0.615988
1499,0.156304,0.603847
1500,0.148875,0.591210
1501,0.142159,0.578116
1502,0.136183,0.564608
1503,0.130975,0.550728
1504,0.126557,0.536522
1505,0.122950,0.522036
1506,0.120171,0.507317
1507,0.118234,0.492416
1508,0.117152,0.477381
1509,0.116934,0.462263
1510,0.117585,0.447113
1511,0.119107,0.431983
1512,0.121501,0.416924
1513,0.124761,0.401988
1514,0.128883,0.387225
1515,0.133855,0.372687
1516,0.139664,0.358425
1517,0.146296,0.344487
1518,0.153730,0.330922
1519,0.161547,0.318312
1520,0.169826,0.306361
1521,0.178814,0.294860
1522,0.188487,0.283851
1523,0.198816,0.273375
1524,0.209771,0.263474
1525,0.221319,0.254184
1526,0.233425,0.245543
1527,0.246049,0.237583
1528,0.259154,0.230337
1529,0.272696,0.223834
1530,0.286633,0.218101
1531,0.300919,0.213161
1532,0.315508,0.209037
1533,0.330350,0.205746
1534,0.345398,0.203305
1535,0.360602,0.201725
1536,0.375909,0.201018
1537,0.391270,0.201188
1538,0.406631,0.202240
1539,0.421942,0.204174
1540,0.437150,0.206986
1541,0.451572,0.210463
1542,0.465512,0.214583
1543,0.479248,0.219518
1544,0.492731,0.225257
1545,0.505912,0.231787
1546,0.518745,0.239091
1547,0.531181,0.247149
1548,0.543177,0.255940
1549,0.554689,0.265437
1550,0.565672,0.275614
1551,0.576087,0.286438
1552,0.585895,0.297879
1553,0.595058,0.309899
1554,0.603542,0.322462
1555,0.611313,0.335527
1556,0.618343,0.349054
1557,0.624602,0.362997
1558,0.630066,0.377312
1559,0.634713,0.391953
1560,0.638523,0.406871
1561,0.641480,0.422016
1562,0.643570,0.437339
1563,0.644783,0.452124
1564,0.645234,0.466653
1565,0.644848,0.481243
1566,0.643618,0.495844
1567,0.641543,0.510406
1568,0.638624,0.524880
1569,0.634864,0.539214
1570,0.630272,0.553358
1571,0.624856,0.567264
1572,0.618630,0.580880
1573,0.611610,0.594160
1574,0.603815,0.607056
1575,0.595268,0.619522
1576,0.585993,0.631512
1577,0.576018,0.642982
1578,0.565373,0.653893
1579,0.554091,0.664202
1580,0.542206,0.673873
1581,0.529757,0.682870
1582,0.516782,0.691158
1583,0.503324,0.698708
1584,0.489426,0.705489
1585,0.475765,0.711271
1586,0.462108,0.716248
1587,0.448130,0.720448
1588,0.433878,0.723851
1589,0.419399,0.726439
1590,0.404739,0.728198
1591,0.389949,0.729115
1592,0.375078,0.729181
1593,0.360177,0.728391
1594,0.345295,0.726741
1595,0.330486,0.724232
1596,0.315798,0.720866
1597,0.301284,0.716652
1598,0.286994,0.711597
1599,0.272977,0.705714
1600,0.259283,0.699020
1601,0.245959,0.691533
1602,0.233054,0.683273
1603,0.220613,0.674267
1604,0.208679,0.664539
1605,0.197296,0.654122
1606,0.186505,0.643046
1607,0.176737,0.631881
1608,0.167735,0.620469
1609,0.159370,0.608509
1610,0.151676,0.596040
1611,0.144685,0.583098
1612,0.138426,0.569727
1613,0.132925,0.555967
1614,0.128206,0.541865
1615,0.124292,0.527465
1616,0.121200,0.512816
1617,0.118947,0.497965
1618,0.117545,0.482963
1619,0.117004,0.467859
1620,0.117330,0.452705
1621,0.118529,0.437551
1622,0.120599,0.422450
1623,0.123539,0.407453
1624,0.127343,0.392611
1625,0.132002,0.377976
1626,0.137504,0.363597
1627,0.143834,0.349525
1628,0.150975,0.335809
1629,0.158354,0.323145
1630,0.166324,0.311077
1631,0.175012,0.299440
1632,0.184392,0.288276
1633,0.194440,0.277627
1634,0.205124,0.267535
1635,0.216412,0.258037
1636,0.228271,0.249172
1637,0.240664,0.240972
1638,0.253552,0.233472
1639,0.266894,0.226702
1640,0.280647,0.220688
1641,0.294767,0.215458
1642,0.309208,0.211032
1643,0.323922,0.207430
1644,0.338861,0.204671
1645,0.353975,0.202767
1646,0.369214,0.201729
1647,0.384526,0.201565
1648,0.399861,0.202280
1649,0.415165,0.203876
1650,0.430388,0.206350
1651,0.445217,0.209611
1652,0.459160,0.213398
1653,0.472921,0.218000
1654,0.486449,0.223407
1655,0.499698,0.229609
1656,0.512617,0.236589
1657,0.525163,0.244329
1658,0.537287,0.252808
1659,0.548946,0.262003
1660,0.560096,0.271886
1661,0.570697,0.282429
1662,0.580708,0.293599
1663,0.590091,0.305363
1664,0.598811,0.317683
1665,0.606834,0.330521
1666,0.614128,0.343837
1667,0.620666,0.357586
1668,0.626420,0.371725
1669,0.631368,0.386208
1670,0.635488,0.400988
1671,0.638764,0.416015
1672,0.641179,0.431239
1673,0.642723,0.446611
1674,0.643416,0.461597
1675,0.643357,0.476080
1676,0.642462,0.490596
1677,0.640727,0.505095
1678,0.638150,0.519527
1679,0.634736,0.533842
1680,0.630488,0.547990
1681,0.625417,0.561921
1682,0.619533,0.575586
1683,0.612852,0.588937
1684,0.605390,0.601925
1685,0.597169,0.614503
1686,0.588213,0.626628
1687,0.578546,0.638253
1688,0.568199,0.649338
1689,0.557202,0.659841
1690,0.545590,0.669723
1691,0.533400,0.678948
1692,0.520668,0.687481
1693,0.507437,0.695290
1694,0.493748,0.702346
1695,0.479647,0.708620
1696,0.465178,0.714089
1697,0.451235,0.718614
1698,0.437249,0.722300
1699,0.423014,0.725187
1700,0.408578,0.727260
1701,0.393989,0.728503
1702,0.379296,0.728908
1703,0.364549,0.728466
1704,0.349797,0.727173
1705,0.335091,0.725027
1706,0.320483,0.722029
1707,0.306022,0.718186
1708,0.291759,0.713503
1709,0.277745,0.707993
1710,0.264028,0.701669
1711,0.250656,0.694548
1712,0.237678,0.686649
1713,0.225139,0.677996
1714,0.213085,0.668614
1715,0.201559,0.658531
1716,0.190601,0.647778
1717,0.180254,0.636388
1718,0.170552,0.624398
1719,0.161719,0.612171
1720,0.153842,0.600046
1721,0.146645,0.587434
1722,0.140159,0.574377
1723,0.134411,0.560914
1724,0.129428,0.547090
1725,0.125231,0.532949
1726,0.121841,0.518538
1727,0.119276,0.503903
1728,0.117549,0.489094
1729,0.116672,0.474161
1730,0.116653,0.459152
1731,0.117498,0.444120
1732,0.119209,0.429116
1733,0.121786,0.414190
1734,0.125223,0.399394
1735,0.129515,0.384779
1736,0.134650,0.370396
1737,0.140616,0.356295
1738,0.147397,0.342525
1739,0.154973,0.329133
1740,0.163322,0.316168
1741,0.172419,0.303674
1742,0.181891,0.292037
1743,0.191589,0.281276
1744,0.201932,0.271048
1745,0.212890,0.261393
1746,0.224431,0.252348
1747,0.236518,0.243950
1748,0.249115,0.236231
1749,0.262182,0.229223
1750,0.275678,0.222955
1751,0.289558,0.217453
1752,0.303778,0.212742
1753,0.318292,0.208842
1754,0.333052,0.205771
1755,0.348008,0.203545
1756,0.363111,0.202176
1757,0.378311,0.201673
1758,0.393556,0.202044
1759,0.408794,0.203290
1760,0.423974,0.205413
1761,0.439044,0.208408
1762,0.453953,0.212270
1763,0.468649,0.216990
1764,0.483082,0.222555
1765,0.496494,0.228473
1766,0.509379,0.235046
1767,0.521916,0.242380
1768,0.534060,0.250455
1769,0.545767,0.259250
1770,0.556992,0.268741
1771,0.567693,0.278898
1772,0.577830,0.289694
1773,0.587364,0.301094
1774,0.596259,0.313064
1775,0.604479,0.325566
1776,0.611993,0.338562
1777,0.618770,0.352010
1778,0.624782,0.365867
1779,0.630006,0.380087
1780,0.634419,0.394625
1781,0.638001,0.409433
1782,0.640736,0.424461
1783,0.642611,0.439660
1784,0.643614,0.454979
1785,0.643740,0.470367
1786,0.642982,0.485771
1787,0.641420,0.500774
1788,0.639213,0.515064
1789,0.636174,0.529263
1790,0.632309,0.543321
1791,0.627622,0.557188
1792,0.622126,0.570816
1793,0.615831,0.584156
1794,0.608754,0.597159
1795,0.600915,0.609780
1796,0.592334,0.621972
1797,0.583036,0.633691
1798,0.573048,0.644893
1799,0.562401,0.655537
