0,1.935600,-0.810417
1,1.935600,-0.810417
2,1.935600,-0.810417
3,1.931599,-0.798839
4,1.924778,-0.783274
5,1.917032,-0.768144
6,1.908439,-0.753479
7,1.899024,-0.739327
8,1.888820,-0.725733
9,1.877859,-0.712742
10,1.866176,-0.700395
11,1.862892,-0.696964
12,1.851624,-0.692158
13,1.835508,-0.686766
14,1.819094,-0.682351
15,1.802455,-0.678878
16,1.785646,-0.676356
17,1.768720,-0.674796
18,1.751733,-0.674200
19,1.734739,-0.674573
20,1.717795,-0.675911
21,1.700953,-0.678211
22,1.684271,-0.681466
23,1.667800,-0.685665
24,1.651594,-0.690794
25,1.635707,-0.696836
26,1.620190,-0.703773
27,1.605092,-0.711582
28,1.590463,-0.720237
29,1.576350,-0.729710
30,1.562799,-0.739970
31,1.549853,-0.750985
32,1.537556,-0.762719
33,1.525945,-0.775134
34,1.515060,-0.788189
35,1.504936,-0.801842
36,1.495604,-0.816049
37,1.487096,-0.830764
38,1.484742,-0.834889
39,1.484742,-0.834889
40,1.484742,-0.834889
41,1.484742,-0.834889
42,1.484742,-0.834889
43,1.484742,-0.834889
44,1.484742,-0.834889
45,1.484742,-0.834889
46,1.484742,-0.834889
47,1.484742,-0.834889
48,1.484742,-0.834889
49,1.478453,-0.824377
50,1.468588,-0.810540
51,1.457906,-0.797318
52,1.446489,-0.784725
53,1.434375,-0.772802
54,1.421601,-0.761588
55,1.408211,-0.751119
56,1.394246,-0.741428
57,1.379753,-0.732548
58,1.364778,-0.724507
59,1.349369,-0.717331
60,1.333577,-0.711043
61,1.317454,-0.705664
62,1.301050,-0.701210
63,1.284419,-0.697698
64,1.267616,-0.695137
65,1.250694,-0.693536
66,1.233708,-0.692901
67,1.216714,-0.693233
68,1.199766,-0.694532
69,1.182919,-0.696793
70,1.166229,-0.700008
71,1.149748,-0.704168
72,1.133531,-0.709259
73,1.117630,-0.715265
74,1.102096,-0.722165
75,1.086980,-0.729938
76,1.072330,-0.738558
77,1.058195,-0.747998
78,1.044620,-0.758227
79,1.031649,-0.769212
80,1.018435,-0.778819
81,1.001607,-0.780316
82,0.984578,-0.782171
83,0.973804,-0.778878
84,0.967769,-0.772602
85,0.958528,-0.768050
86,0.946391,-0.765012
87,0.934676,-0.762047
88,0.935157,-0.757809
89,0.943021,-0.751838
90,0.944538,-0.750455
91,0.944538,-0.750455
92,0.944651,-0.750368
93,0.944681,-0.750345
94,0.944681,-0.750345
95,0.944681,-0.750345
96,0.944681,-0.750345
97,0.942078,-0.738375
98,0.937146,-0.722113
99,0.931244,-0.706172
100,0.924445,-0.690594
101,0.916770,-0.675428
102,0.908246,-0.660722
103,0.898898,-0.646526
104,0.889223,-0.632681
105,0.879534,-0.619103
106,0.869123,-0.606167
107,0.857955,-0.593948
108,0.846066,-0.582484
109,0.833492,-0.571815
110,0.820272,-0.561975
111,0.807585,-0.552485
112,0.804594,-0.549982
113,0.803782,-0.544721
114,0.791412,-0.541890
115,0.774563,-0.542226
116,0.757613,-0.543484
117,0.740761,-0.545705
118,0.724308,-0.548906
119,0.707829,-0.553029
120,0.691600,-0.558082
121,0.675685,-0.564050
122,0.660450,-0.570877
123,0.645545,-0.578570
124,0.630880,-0.587155
125,0.616723,-0.596562
126,0.603274,-0.606253
127,0.591365,-0.616852
128,0.578226,-0.625655
129,0.563549,-0.631468
130,0.549445,-0.639053
131,0.536571,-0.648490
132,0.526769,-0.660870
133,0.518199,-0.674920
134,0.510400,-0.689616
135,0.503248,-0.704187
136,0.497104,-0.719230
137,0.491842,-0.734641
138,0.487486,-0.750329
139,0.484028,-0.766176
140,0.481369,-0.781959
141,0.479089,-0.796990
142,0.477093,-0.811835
143,0.472093,-0.826839
144,0.466114,-0.841444
145,0.458439,-0.853096
146,0.453969,-0.864634
147,0.451769,-0.877531
148,0.450833,-0.891848
149,0.452960,-0.907682
150,0.456322,-0.924817
151,0.460610,-0.939997
152,0.465258,-0.951425
153,0.474572,-0.961964
154,0.486142,-0.972700
155,0.499896,-0.974982
156,0.515552,-0.976051
157,0.528408,-0.981378
158,0.537894,-0.987239
159,0.551274,-0.991622
160,0.566725,-0.994876
161,0.578545,-0.991704
162,0.589602,-0.984885
163,0.602386,-0.980786
164,0.615511,-0.978157
165,0.628360,-0.974567
166,0.640382,-0.968563
167,0.652122,-0.964553
168,0.663936,-0.958021
169,0.671485,-0.947975
170,0.677000,-0.938204
171,0.683882,-0.927799
172,0.691754,-0.918794
173,0.698707,-0.909845
174,0.705076,-0.900213
175,0.710940,-0.890208
176,0.716108,-0.879660
177,0.720598,-0.868637
178,0.724286,-0.857160
179,0.730378,-0.848297
180,0.733695,-0.837727
181,0.734379,-0.825537
182,0.735808,-0.813975
183,0.737782,-0.800791
184,0.739529,-0.787768
185,0.740744,-0.775849
186,0.741423,-0.764038
187,0.741379,-0.752185
188,0.740738,-0.740411
189,0.739425,-0.728669
190,0.737279,-0.716992
191,0.734630,-0.705499
192,0.731283,-0.694109
193,0.727335,-0.682993
194,0.722629,-0.672056
195,0.717356,-0.661401
196,0.711442,-0.651146
197,0.705073,-0.641210
198,0.697950,-0.631623
199,0.690392,-0.622510
200,0.682317,-0.613780
201,0.673857,-0.605548
202,0.664785,-0.597788
203,0.655158,-0.590650
204,0.645072,-0.584093
205,0.634771,-0.578091
206,0.624183,-0.572648
207,0.613250,-0.567936
208,0.601935,-0.563763
209,0.590592,-0.560182
210,0.578875,-0.557455
211,0.568960,-0.556428
212,0.559048,-0.557977
213,0.547601,-0.560378
214,0.535889,-0.563706
215,0.524414,-0.567889
216,0.513086,-0.572771
217,0.502134,-0.578300
218,0.491436,-0.584537
219,0.481188,-0.591272
220,0.471338,-0.598657
221,0.461936,-0.606658
222,0.452968,-0.615201
223,0.444583,-0.624229
224,0.436735,-0.633775
225,0.429436,-0.643806
226,0.422827,-0.654194
227,0.416841,-0.665043
228,0.411507,-0.676182
229,0.406858,-0.687875
230,0.403057,-0.699720
231,0.399695,-0.711784
232,0.396605,-0.723766
233,0.394048,-0.735793
234,0.392238,-0.748015
235,0.391142,-0.760248
236,0.390666,-0.772498
237,0.390931,-0.784778
238,0.391916,-0.797045
239,0.393592,-0.809201
240,0.395955,-0.821283
241,0.399005,-0.833196
242,0.402729,-0.844890
243,0.407131,-0.856408
244,0.412250,-0.867698
245,0.417954,-0.878609
246,0.424211,-0.889163
247,0.431026,-0.899341
248,0.438602,-0.909232
249,0.446609,-0.918543
250,0.455129,-0.927390
251,0.464290,-0.935748
252,0.473758,-0.943655
253,0.483773,-0.950917
254,0.494068,-0.957636
255,0.504792,-0.963711
256,0.515886,-0.969160
257,0.527312,-0.974043
258,0.538943,-0.978173
259,0.550805,-0.981667
260,0.562783,-0.984537
261,0.575129,-0.986610
262,0.587364,-0.987979
263,0.599685,-0.988678
264,0.611982,-0.988723
265,0.624425,-0.987984
266,0.636586,-0.986637
267,0.648496,-0.984478
268,0.659822,-0.981512
269,0.671492,-0.978145
270,0.683126,-0.974074
271,0.694487,-0.969276
272,0.705541,-0.963898
273,0.716283,-0.957907
274,0.726660,-0.950895
275,0.736625,-0.943622
276,0.746179,-0.935864
277,0.755301,-0.927542
278,0.763901,-0.918747
279,0.772000,-0.909493
280,0.779588,-0.899756
281,0.786545,-0.889610
282,0.792996,-0.879057
283,0.798823,-0.868175
284,0.803957,-0.856886
285,0.808441,-0.845424
286,0.812298,-0.833728
287,0.815477,-0.821665
288,0.817922,-0.809592
289,0.819672,-0.797340
290,0.820780,-0.784965
291,0.821091,-0.772582
292,0.820669,-0.760073
293,0.819570,-0.747795
294,0.817755,-0.735473
295,0.814835,-0.723140
296,0.811625,-0.711134
297,0.810646,-0.702161
298,0.809205,-0.693828
299,0.805113,-0.684524
300,0.799861,-0.675492
301,0.793826,-0.666641
302,0.787325,-0.658262
303,0.780288,-0.650197
304,0.772786,-0.642568
305,0.764873,-0.635410
306,0.756623,-0.628719
307,0.747958,-0.622466
308,0.738897,-0.616704
309,0.729481,-0.611521
310,0.719838,-0.606896
311,0.709864,-0.602792
312,0.699772,-0.599312
313,0.689393,-0.596398
314,0.678987,-0.594105
315,0.668312,-0.592323
316,0.657664,-0.591275
317,0.646962,-0.590794
318,0.636150,-0.590920
319,0.625360,-0.591645
320,0.614703,-0.593049
321,0.604126,-0.595084
322,0.593677,-0.597613
323,0.583410,-0.600853
324,0.573354,-0.604554
325,0.563458,-0.608976
326,0.553907,-0.613842
327,0.544623,-0.619246
328,0.535684,-0.625168
329,0.526999,-0.631738
330,0.518729,-0.638799
331,0.510978,-0.646192
332,0.503561,-0.653966
333,0.496520,-0.662334
334,0.490210,-0.671186
335,0.484349,-0.680160
336,0.478904,-0.689436
337,0.473956,-0.699223
338,0.469655,-0.709104
339,0.465972,-0.719293
340,0.462900,-0.729713
341,0.460362,-0.740291
342,0.458458,-0.750886
343,0.457127,-0.761564
344,0.456447,-0.772465
345,0.456629,-0.783542
346,0.457277,-0.794572
347,0.458546,-0.805478
348,0.460545,-0.816351
349,0.463208,-0.827098
350,0.466645,-0.837797
351,0.470702,-0.848316
352,0.475331,-0.858549
353,0.480580,-0.868601
354,0.486707,-0.878380
355,0.493448,-0.887909
356,0.500969,-0.896831
357,0.509079,-0.905473
358,0.517835,-0.913645
359,0.523162,-0.922865
360,0.526295,-0.931587
361,0.532079,-0.938110
362,0.542145,-0.943861
363,0.554009,-0.947738
364,0.564610,-0.952621
365,0.576572,-0.958531
366,0.588156,-0.964333
367,0.599093,-0.969197
368,0.610164,-0.973451
369,0.621411,-0.977143
370,0.632851,-0.980123
371,0.644468,-0.982402
372,0.654474,-0.985072
373,0.663240,-0.988310
374,0.672797,-0.990537
375,0.683592,-0.991152
376,0.695110,-0.990372
377,0.706952,-0.988520
378,0.718480,-0.986096
379,0.729951,-0.983002
380,0.742345,-0.980786
381,0.755375,-0.980189
382,0.768343,-0.979657
383,0.781329,-0.978842
384,0.792924,-0.975988
385,0.803287,-0.970800
386,0.813345,-0.964681
387,0.822664,-0.958143
388,0.831703,-0.950869
389,0.840178,-0.942889
390,0.848078,-0.934331
391,0.855131,-0.924990
392,0.861547,-0.915123
393,0.867315,-0.904569
394,0.872406,-0.893913
395,0.876983,-0.883027
396,0.880932,-0.871854
397,0.884184,-0.860470
398,0.886722,-0.848817
399,0.888693,-0.837170
400,0.889929,-0.825339
401,0.890362,-0.813163
402,0.889981,-0.801223
403,0.888503,-0.791379
404,0.884563,-0.782207
405,0.879372,-0.771744
406,0.873209,-0.761283
407,0.866319,-0.751148
408,0.858489,-0.741511
409,0.850330,-0.732331
410,0.841686,-0.723572
411,0.832599,-0.715360
412,0.823041,-0.707685
413,0.813039,-0.700504
414,0.803267,-0.694501
415,0.794852,-0.689908
416,0.786086,-0.686062
417,0.777122,-0.683762
418,0.767273,-0.682899
419,0.755647,-0.680420
420,0.743751,-0.677671
421,0.734478,-0.675764
422,0.726428,-0.674295
423,0.718499,-0.673367
424,0.710417,-0.673439
425,0.700416,-0.673621
426,0.688760,-0.674515
427,0.676834,-0.676298
428,0.664913,-0.678832
429,0.653114,-0.682112
430,0.641490,-0.686035
431,0.630130,-0.690655
432,0.619118,-0.695914
433,0.608343,-0.701834
434,0.597852,-0.708349
435,0.587894,-0.715451
436,0.578322,-0.723113
437,0.569198,-0.731378
438,0.560473,-0.740109
439,0.552322,-0.749347
440,0.544770,-0.758980
441,0.540469,-0.771045
442,0.536712,-0.783961
443,0.532778,-0.796649
444,0.528907,-0.809574
445,0.526255,-0.823547
446,0.523267,-0.836625
447,0.520234,-0.848824
448,0.517723,-0.860949
449,0.515920,-0.873211
450,0.514752,-0.885496
451,0.514254,-0.897754
452,0.514460,-0.909995
453,0.515457,-0.922391
454,0.517086,-0.934594
455,0.519383,-0.946634
456,0.522379,-0.958561
457,0.526046,-0.970314
458,0.530432,-0.981849
459,0.535452,-0.993070
460,0.541093,-1.004037
461,0.547378,-1.014611
462,0.554273,-1.024806
463,0.561770,-1.034654
464,0.569761,-1.044008
465,0.578300,-1.052898
466,0.587398,-1.061294
467,0.596860,-1.069143
468,0.606822,-1.076455
469,0.617224,-1.083226
470,0.627946,-1.089349
471,0.639006,-1.094838
472,0.650425,-1.099651
473,0.662130,-1.103891
474,0.673936,-1.107414
475,0.685955,-1.110241
476,0.698112,-1.112389
477,0.710488,-1.113923
478,0.722944,-1.114520
479,0.735293,-1.114505
480,0.747640,-1.113835
481,0.759869,-1.112484
482,0.772039,-1.110478
483,0.784463,-1.107630
484,0.798852,-1.106056
485,0.812887,-1.103794
486,0.826641,-1.100679
487,0.840258,-1.096835
488,0.853673,-1.092216
489,0.866788,-1.086890
490,0.879563,-1.080803
491,0.891969,-1.073995
492,0.903760,-1.066135
493,0.915290,-1.057949
494,0.926341,-1.049127
495,0.936936,-1.040814
496,0.947647,-1.034983
497,0.958283,-1.029356
498,0.968802,-1.023427
499,0.979523,-1.017076
500,0.989080,-1.010717
501,0.997572,-1.004072
502,1.005095,-0.998833
503,1.011352,-0.994089
504,1.016867,-0.989302
505,1.021718,-0.984030
506,1.025663,-0.978819
507,1.027333,-0.972220
508,1.026923,-0.962254
509,1.025024,-0.950794
510,1.021430,-0.941649
511,1.019613,-0.934365
512,1.018252,-0.926789
513,1.019137,-0.921951
514,1.018687,-0.917186
515,1.016663,-0.911416
516,1.013724,-0.905624
517,1.010232,-0.900010
518,1.006327,-0.894638
519,1.002112,-0.889469
520,0.997538,-0.884584
521,0.992644,-0.879978
522,0.987544,-0.875637
523,0.982182,-0.871578
524,0.976530,-0.867855
525,0.970753,-0.864458
526,0.964784,-0.861350
527,0.958582,-0.858650
528,0.952374,-0.856233
529,0.945937,-0.854194
530,0.939902,-0.852530
531,0.937408,-0.849311
532,0.935926,-0.846341
533,0.934430,-0.844050
534,0.932836,-0.842057
535,0.931139,-0.840212
536,0.929340,-0.838498
537,0.927444,-0.836899
538,0.925463,-0.835417
539,0.923374,-0.834180
540,0.921226,-0.832915
541,0.919001,-0.831771
542,0.916734,-0.830758
543,0.914410,-0.829876
544,0.912034,-0.829136
545,0.909644,-0.828523
546,0.907186,-0.828069
547,0.904708,-0.827704
548,0.902241,-0.827478
549,0.899773,-0.827453
550,0.897282,-0.827538
551,0.894839,-0.827832
552,0.892383,-0.828209
553,0.889941,-0.828726
554,0.887583,-0.829398
555,0.885197,-0.830156
556,0.882877,-0.831078
557,0.880621,-0.832096
558,0.878413,-0.833297
559,0.876278,-0.834600
560,0.874243,-0.836017
561,0.872223,-0.837529
562,0.870315,-0.839134
563,0.868524,-0.840876
564,0.866840,-0.842721
565,0.865264,-0.844662
566,0.863805,-0.846683
567,0.862466,-0.848794
568,0.861243,-0.850972
569,0.860153,-0.853200
570,0.859167,-0.855517
571,0.858321,-0.857880
572,0.857636,-0.860294
573,0.857071,-0.862735
574,0.856646,-0.865208
575,0.856376,-0.867701
576,0.856211,-0.870210
577,0.856216,-0.872697
578,0.856402,-0.875173
579,0.856712,-0.877662
580,0.857168,-0.880108
581,0.857800,-0.882491
582,0.858499,-0.884919
583,0.859329,-0.887278
584,0.860251,-0.889577
585,0.861344,-0.891829
586,0.862601,-0.894023
587,0.863949,-0.896140
588,0.865395,-0.898203
589,0.866944,-0.900181
590,0.868640,-0.902043
591,0.870446,-0.903806
592,0.872341,-0.905473
593,0.874363,-0.907007
594,0.876455,-0.908424
595,0.878604,-0.909669
596,0.880828,-0.910824
597,0.883117,-0.911910
598,0.885468,-0.912836
599,0.887853,-0.913624
600,0.890303,-0.914262
601,0.892769,-0.914774
602,0.895265,-0.915195
603,0.897774,-0.915443
604,0.900288,-0.915518
605,0.902805,-0.915457
606,0.905323,-0.915256
607,0.907852,-0.914867
608,0.910240,-0.914234
609,0.912696,-0.913609
610,0.915098,-0.912849
611,0.917477,-0.911895
612,0.919773,-0.910863
613,0.921978,-0.909726
614,0.924169,-0.908450
615,0.926289,-0.907017
616,0.928324,-0.905519
617,0.930267,-0.903893
618,0.932038,-0.902130
619,0.933775,-0.900289
620,0.935220,-0.898195
621,0.936629,-0.896145
622,0.937974,-0.894006
623,0.939210,-0.891821
624,0.940349,-0.889569
625,0.941317,-0.887221
626,0.942179,-0.884839
627,0.942911,-0.882415
628,0.943478,-0.879948
629,0.943880,-0.877494
630,0.944187,-0.874893
631,0.944344,-0.872369
632,0.944345,-0.869845
633,0.944177,-0.867323
634,0.943868,-0.864848
635,0.943472,-0.862340
636,0.942908,-0.859892
637,0.942208,-0.857458
638,0.941351,-0.855094
639,0.940383,-0.852768
640,0.939253,-0.850536
641,0.937926,-0.848333
642,0.936460,-0.846280
643,0.934958,-0.844298
644,0.933337,-0.842328
645,0.931539,-0.840525
646,0.929711,-0.838798
647,0.927844,-0.837368
648,0.925865,-0.835807
649,0.923821,-0.834334
650,0.921688,-0.832978
651,0.919454,-0.831772
652,0.917170,-0.830681
653,0.914791,-0.829741
654,0.912372,-0.828949
655,0.909942,-0.828272
656,0.907477,-0.827738
657,0.904968,-0.827356
658,0.902435,-0.827130
659,0.899916,-0.827115
660,0.897371,-0.827142
661,0.894851,-0.827318
662,0.892395,-0.827733
663,0.889864,-0.828188
664,0.887369,-0.828928
665,0.885022,-0.829856
666,0.882948,-0.830894
667,0.880668,-0.831918
668,0.878423,-0.833085
669,0.876214,-0.834336
670,0.874118,-0.835714
671,0.872099,-0.837237
672,0.870168,-0.838881
673,0.868350,-0.840638
674,0.866612,-0.842472
675,0.864954,-0.844376
676,0.863402,-0.846380
677,0.862003,-0.848454
678,0.860783,-0.850636
679,0.859676,-0.852892
680,0.858829,-0.855207
681,0.857949,-0.857610
682,0.857192,-0.860008
683,0.856587,-0.862458
684,0.856194,-0.865012
685,0.855861,-0.867516
686,0.855829,-0.870068
687,0.855870,-0.872539
688,0.856004,-0.875030
689,0.856262,-0.877517
690,0.856608,-0.880005
691,0.857204,-0.882411
692,0.857883,-0.884844
693,0.858751,-0.887235
694,0.859728,-0.889543
695,0.860831,-0.891818
696,0.862046,-0.893992
697,0.863392,-0.896123
698,0.864861,-0.898179
699,0.866464,-0.900090
700,0.868171,-0.901962
701,0.869953,-0.903746
702,0.871868,-0.905340
703,0.873843,-0.906933
704,0.875873,-0.908419
705,0.878020,-0.909758
706,0.880257,-0.910870
707,0.882648,-0.911783
708,0.884967,-0.912679
709,0.887339,-0.913472
710,0.889731,-0.914145
711,0.892191,-0.914678
712,0.894629,-0.915024
713,0.897140,-0.915277
714,0.899664,-0.915377
715,0.902185,-0.915347
716,0.904697,-0.915149
717,0.907218,-0.914857
718,0.909699,-0.914431
719,0.912148,-0.913812
720,0.914559,-0.913064
721,0.916921,-0.912184
722,0.919253,-0.911112
723,0.921549,-0.909968
724,0.923715,-0.908691
725,0.925776,-0.907271
726,0.927794,-0.905742
727,0.929670,-0.904091
728,0.931453,-0.902227
729,0.933082,-0.900363
730,0.934588,-0.898393
731,0.936114,-0.896385
732,0.937531,-0.894300
733,0.938824,-0.892113
734,0.939919,-0.889878
735,0.940904,-0.887545
736,0.941533,-0.885272
737,0.942277,-0.882861
738,0.942883,-0.880399
739,0.943342,-0.877899
740,0.943684,-0.875389
741,0.943844,-0.872851
742,0.943886,-0.870327
743,0.943834,-0.867801
744,0.943621,-0.865267
745,0.943242,-0.862759
746,0.942741,-0.860284
747,0.942017,-0.857841
748,0.941179,-0.855434
749,0.940204,-0.853149
750,0.938919,-0.850898
751,0.937653,-0.848754
752,0.936289,-0.846689
753,0.934817,-0.844630
754,0.933256,-0.842638
755,0.931586,-0.840817
756,0.929785,-0.839039
757,0.927877,-0.837356
758,0.925911,-0.835785
759,0.923851,-0.834332
760,0.921696,-0.833076
761,0.919477,-0.831923
762,0.917189,-0.830804
763,0.914854,-0.829841
764,0.912472,-0.829039
765,0.910038,-0.828348
766,0.907572,-0.827794
767,0.905080,-0.827393
768,0.902557,-0.827142
769,0.900033,-0.827026
770,0.897504,-0.827045
771,0.894978,-0.827228
772,0.892482,-0.827730
773,0.890025,-0.828229
774,0.887594,-0.828841
775,0.885196,-0.829577
776,0.882844,-0.830439
777,0.880524,-0.831489
778,0.878245,-0.832623
779,0.876065,-0.833909
780,0.874005,-0.835315
781,0.871976,-0.836858
782,0.870062,-0.838464
783,0.868304,-0.840244
784,0.866564,-0.842073
785,0.864886,-0.843980
786,0.863378,-0.845969
787,0.862028,-0.848103
788,0.860757,-0.850308
789,0.859663,-0.852554
790,0.858629,-0.854849
791,0.857743,-0.857241
792,0.857080,-0.859664
793,0.856520,-0.862294
794,0.856197,-0.864759
795,0.855968,-0.867209
796,0.855802,-0.869723
797,0.855995,-0.872046
798,0.856105,-0.874563
799,0.856329,-0.877075
800,0.856670,-0.879584
801,0.857259,-0.882088
802,0.857965,-0.884519
803,0.858746,-0.886902
804,0.859698,-0.889324
805,0.860775,-0.891615
806,0.861976,-0.893842
807,0.863301,-0.896000
808,0.864746,-0.898080
809,0.866328,-0.900021
810,0.868026,-0.901908
811,0.869831,-0.903689
812,0.871802,-0.905382
813,0.873803,-0.906924
814,0.875843,-0.908439
815,0.878111,-0.909638
816,0.880304,-0.910816
817,0.882573,-0.911889
818,0.884885,-0.912806
819,0.887277,-0.913587
820,0.889691,-0.914266
821,0.892070,-0.914553
822,0.894594,-0.914939
823,0.897103,-0.915211
824,0.899619,-0.915347
825,0.902138,-0.915340
826,0.904661,-0.915171
827,0.907157,-0.914865
828,0.909664,-0.914467
829,0.912167,-0.913867
830,0.914584,-0.913137
831,0.916962,-0.912267
832,0.919279,-0.911269
833,0.921562,-0.910079
834,0.923758,-0.908781
835,0.925849,-0.907222
836,0.927754,-0.905677
837,0.929603,-0.904018
838,0.931429,-0.902288
839,0.933130,-0.900469
840,0.934703,-0.898526
841,0.936239,-0.896516
842,0.937675,-0.894433
843,0.938774,-0.892210
844,0.939920,-0.889978
845,0.940935,-0.887659
846,0.941840,-0.885296
847,0.942600,-0.882906
848,0.943220,-0.880480
849,0.943661,-0.877981
850,0.943992,-0.875477
851,0.944186,-0.872957
852,0.944217,-0.870461
853,0.944123,-0.867938
854,0.943888,-0.865415
855,0.943418,-0.862961
856,0.942832,-0.860464
857,0.942040,-0.858110
858,0.941186,-0.855762
859,0.940198,-0.853447
860,0.939107,-0.851173
861,0.937801,-0.849173
862,0.936434,-0.847036
863,0.934993,-0.844971
864,0.933416,-0.843002
865,0.931721,-0.841112
866,0.929948,-0.839315
867,0.928111,-0.837622
868,0.926131,-0.836061
869,0.924073,-0.834564
870,0.921967,-0.833164
871,0.919739,-0.831937
872,0.917458,-0.830839
873,0.915113,-0.829901
874,0.912703,-0.829090
875,0.910274,-0.828492
876,0.907794,-0.827972
877,0.905286,-0.827571
878,0.902783,-0.827804
879,0.900305,-0.827773
880,0.897791,-0.827818
881,0.895282,-0.828008
882,0.892779,-0.828320
883,0.890270,-0.828832
884,0.887839,-0.829418
885,0.885417,-0.830122
886,0.883049,-0.830989
887,0.880733,-0.831994
888,0.878453,-0.833199
889,0.876269,-0.834437
890,0.874152,-0.835836
891,0.872160,-0.837361
892,0.870217,-0.838983
893,0.868435,-0.840731
894,0.866696,-0.842567
895,0.865115,-0.844511
896,0.863619,-0.846550
897,0.862341,-0.848894
898,0.861238,-0.851097
899,0.860051,-0.853313
900,0.859071,-0.855627
901,0.858258,-0.857985
902,0.857521,-0.860389
903,0.856963,-0.862826
904,0.856580,-0.865368
905,0.856330,-0.867868
906,0.856172,-0.870388
907,0.856327,-0.872738
908,0.856411,-0.875271
909,0.856652,-0.877767
910,0.857056,-0.880246
911,0.857611,-0.882715
912,0.858279,-0.885143
913,0.859093,-0.887540
914,0.860007,-0.889924
915,0.861076,-0.892210
916,0.862316,-0.894415
917,0.863635,-0.896545
918,0.865106,-0.898613
919,0.866657,-0.900630
920,0.868392,-0.902414
921,0.870212,-0.904179
922,0.872252,-0.905740
923,0.874257,-0.907211
924,0.876302,-0.908616
925,0.878427,-0.909978
926,0.880695,-0.911060
927,0.882958,-0.912127
928,0.885301,-0.913057
929,0.887688,-0.913851
930,0.890141,-0.914431
931,0.892595,-0.914966
932,0.895050,-0.915300
933,0.897554,-0.915522
934,0.900058,-0.915562
935,0.902579,-0.915492
936,0.905025,-0.915341
937,0.907524,-0.914998
938,0.910003,-0.914490
939,0.912456,-0.913912
940,0.914868,-0.913189
941,0.917227,-0.912281
942,0.919460,-0.911055
943,0.921628,-0.909699
944,0.923838,-0.908380
945,0.925906,-0.906981
946,0.927847,-0.905410
947,0.929754,-0.903762
948,0.931491,-0.901979
949,0.933201,-0.900108
950,0.934800,-0.898178
951,0.936263,-0.896143
952,0.937623,-0.894031
953,0.938663,-0.891735
954,0.939829,-0.889482
955,0.940814,-0.887192
956,0.941675,-0.884854
957,0.942406,-0.882426
958,0.942974,-0.879983
959,0.943303,-0.877449
960,0.943585,-0.874956
961,0.943759,-0.872448
962,0.943737,-0.869922
963,0.943537,-0.867370
964,0.943059,-0.864986
965,0.942574,-0.862514
966,0.941979,-0.860083
967,0.941288,-0.857652
968,0.940462,-0.855267
969,0.939504,-0.852978
970,0.938411,-0.850711
971,0.937192,-0.848513
972,0.935831,-0.846397
973,0.934361,-0.844364
974,0.932783,-0.842408
975,0.931083,-0.840550
976,0.929278,-0.838784
977,0.927380,-0.837122
978,0.925354,-0.835626
979,0.923270,-0.834192
980,0.921108,-0.832917
981,0.918860,-0.831753
982,0.916599,-0.830736
983,0.914273,-0.829823
984,0.911705,-0.829209
985,0.909276,-0.828661
986,0.906801,-0.828159
987,0.904297,-0.827837
988,0.901813,-0.827655
989,0.899313,-0.827610
990,0.896812,-0.827725
991,0.894299,-0.827886
992,0.891811,-0.828231
993,0.889355,-0.828798
994,0.886948,-0.829431
995,0.884750,-0.830379
996,0.882457,-0.831335
997,0.880201,-0.832412
998,0.877994,-0.833591
999,0.875836,-0.834905
1000,0.873773,-0.836338
1001,0.871793,-0.837870
1002,0.869884,-0.839473
1003,0.868104,-0.841255
1004,0.866402,-0.843088
1005,0.864775,-0.845004
1006,0.863334,-0.847145
1007,0.862152,-0.849301
1008,0.860979,-0.851499
1009,0.860146,-0.853794
1010,0.859181,-0.856109
1011,0.858390,-0.858465
1012,0.857722,-0.860862
1013,0.857210,-0.863295
1014,0.856759,-0.865773
1015,0.856515,-0.868248
1016,0.856387,-0.870738
1017,0.856355,-0.873235
1018,0.856526,-0.875749
1019,0.856801,-0.878268
1020,0.857242,-0.880729
1021,0.857813,-0.883169
1022,0.858651,-0.885535
1023,0.859505,-0.887896
1024,0.860528,-0.890186
1025,0.861663,-0.892383
1026,0.862926,-0.894562
1027,0.864497,-0.896608
1028,0.866034,-0.898528
1029,0.867649,-0.900421
1030,0.869386,-0.902246
1031,0.871168,-0.903980
1032,0.873089,-0.905586
1033,0.875130,-0.907064
1034,0.877228,-0.908407
1035,0.879399,-0.909651
1036,0.881658,-0.910776
1037,0.883947,-0.911738
1038,0.886286,-0.912590
1039,0.888689,-0.913303
1040,0.891123,-0.913822
1041,0.893589,-0.914222
1042,0.896080,-0.914500
1043,0.898574,-0.914661
1044,0.901079,-0.914656
1045,0.903578,-0.914546
1046,0.906006,-0.914180
1047,0.908496,-0.913525
1048,0.910849,-0.912814
1049,0.913058,-0.911808
1050,0.915352,-0.910774
1051,0.917495,-0.909551
1052,0.919495,-0.908101
1053,0.921295,-0.906397
1054,0.922840,-0.904320
1055,0.924021,-0.901925
1056,0.924677,-0.899112
1057,0.924742,-0.895836
1058,0.924084,-0.892215
1059,0.922710,-0.888165
1060,0.920508,-0.883965
1061,0.918373,-0.879385
1062,0.917830,-0.875120
1063,0.917514,-0.871012
1064,0.915673,-0.866335
1065,0.908246,-0.859317
1066,0.897426,-0.850727
1067,0.891970,-0.844966
1068,0.887829,-0.839967
1069,0.883204,-0.834983
1070,0.877762,-0.830341
1071,0.871343,-0.826178
1072,0.862596,-0.821694
1073,0.854209,-0.817738
1074,0.845141,-0.814342
1075,0.835741,-0.811323
1076,0.826046,-0.808651
1077,0.816102,-0.806317
1078,0.805753,-0.804394
1079,0.795023,-0.802506
1080,0.784007,-0.801207
1081,0.772869,-0.800046
1082,0.761581,-0.799111
1083,0.750122,-0.798603
1084,0.738802,-0.799537
1085,0.727108,-0.801528
1086,0.715819,-0.804752
1087,0.704838,-0.810438
1088,0.694266,-0.816581
1089,0.684963,-0.824602
1090,0.675736,-0.833297
1091,0.666150,-0.842309
1092,0.656180,-0.849313
1093,0.646290,-0.856636
1094,0.637485,-0.864571
1095,0.630241,-0.873959
1096,0.624461,-0.883203
1097,0.619558,-0.892356
1098,0.614942,-0.901997
1099,0.610180,-0.911867
1100,0.605864,-0.922261
1101,0.601861,-0.932876
1102,0.597645,-0.943514
1103,0.593516,-0.954521
1104,0.589793,-0.965972
1105,0.586863,-0.978514
1106,0.585094,-0.990996
1107,0.584187,-1.003188
1108,0.582550,-1.015719
1109,0.580124,-1.027629
1110,0.579025,-1.037606
1111,0.580481,-1.047610
1112,0.582737,-1.059106
1113,0.585925,-1.070772
1114,0.589881,-1.082351
1115,0.594512,-1.093699
1116,0.599918,-1.104803
1117,0.605982,-1.115545
1118,0.612592,-1.125881
1119,0.619846,-1.135853
1120,0.627654,-1.145360
1121,0.636099,-1.154477
1122,0.644991,-1.162947
1123,0.654401,-1.170974
1124,0.664330,-1.178395
1125,0.674711,-1.185209
1126,0.685682,-1.191976
1127,0.696908,-1.198172
1128,0.708573,-1.203034
1129,0.720229,-1.207174
1130,0.732187,-1.210690
1131,0.744357,-1.213659
1132,0.757785,-1.216357
1133,0.773761,-1.218332
1134,0.790095,-1.219434
1135,0.806448,-1.219627
1136,0.822720,-1.218928
1137,0.838861,-1.217345
1138,0.854776,-1.214795
1139,0.870456,-1.211434
1140,0.885813,-1.207168
1141,0.900799,-1.202074
1142,0.915374,-1.196388
1143,0.929350,-1.193148
1144,0.942250,-1.190638
1145,0.955404,-1.185204
1146,0.968250,-1.178063
1147,0.980073,-1.170685
1148,0.990041,-1.164055
1149,0.999311,-1.157525
1150,1.008133,-1.150774
1151,1.016500,-1.143597
1152,1.024508,-1.136037
1153,1.032056,-1.128173
1154,1.039131,-1.119882
1155,1.045777,-1.111115
1156,1.051879,-1.102028
1157,1.057436,-1.092633
1158,1.062470,-1.082923
1159,1.066951,-1.072874
1160,1.070848,-1.062649
1161,1.074178,-1.052239
1162,1.076886,-1.041557
1163,1.079484,-1.031063
1164,1.086509,-1.022463
1165,1.094700,-1.014228
1166,1.103264,-1.005888
1167,1.112225,-0.997362
1168,1.120973,-0.988484
1169,1.129248,-0.979319
1170,1.134464,-0.969604
1171,1.135126,-0.959560
1172,1.133417,-0.949483
1173,1.132344,-0.937489
1174,1.132434,-0.924267
1175,1.132552,-0.912472
1176,1.132357,-0.901841
1177,1.131531,-0.891521
1178,1.129996,-0.880961
1179,1.128243,-0.870911
1180,1.126287,-0.861801
1181,1.123638,-0.853042
1182,1.120419,-0.844504
1183,1.116680,-0.836185
1184,1.112097,-0.828292
1185,1.107405,-0.820494
1186,1.102286,-0.812970
1187,1.096749,-0.805748
1188,1.090811,-0.798850
1189,1.084456,-0.792296
1190,1.077786,-0.786025
1191,1.070772,-0.780242
1192,1.063428,-0.774863
1193,1.055785,-0.769908
1194,1.047871,-0.765396
1195,1.039712,-0.761342
1196,1.031301,-0.757758
1197,1.022734,-0.754651
1198,1.014007,-0.752047
1199,1.005143,-0.749941
1200,0.996172,-0.748344
1201,0.987279,-0.747401
1202,0.978218,-0.746765
1203,0.969066,-0.746744
1204,0.959987,-0.747110
1205,0.950941,-0.747284
1206,0.941862,-0.748404
1207,0.932951,-0.750209
1208,0.924181,-0.752633
1209,0.915983,-0.755073
1210,0.908631,-0.757474
1211,0.900551,-0.760148
1212,0.892330,-0.763159
1213,0.884197,-0.766604
1214,0.876322,-0.770478
1215,0.868609,-0.774926
1216,0.861153,-0.779690
1217,0.853983,-0.784880
1218,0.847113,-0.790458
1219,0.840599,-0.796537
1220,0.834419,-0.802863
1221,0.828650,-0.809532
1222,0.823286,-0.816456
1223,0.818283,-0.823739
1224,0.813731,-0.831378
1225,0.809593,-0.839162
1226,0.805914,-0.847171
1227,0.802664,-0.855383
1228,0.799876,-0.863760
1229,0.798013,-0.872303
1230,0.796208,-0.880896
1231,0.794918,-0.889623
1232,0.794116,-0.898429
1233,0.793847,-0.907311
1234,0.794029,-0.916109
1235,0.794711,-0.924900
1236,0.795897,-0.933598
1237,0.797598,-0.942236
1238,0.799717,-0.950737
1239,0.802399,-0.959151
1240,0.805520,-0.967407
1241,0.809116,-0.975460
1242,0.813145,-0.983305
1243,0.817626,-0.990901
1244,0.822537,-0.998244
1245,0.827819,-1.005224
1246,0.833452,-1.011980
1247,0.839626,-1.018339
1248,0.846055,-1.024370
1249,0.852799,-1.030039
1250,0.859904,-1.035241
1251,0.867322,-1.040084
1252,0.874860,-1.044474
1253,0.882689,-1.048486
1254,0.890687,-1.052063
1255,0.898893,-1.055131
1256,0.907340,-1.057673
1257,0.915835,-1.059812
1258,0.924438,-1.061445
1259,0.933107,-1.062602
1260,0.941802,-1.063166
1261,0.950501,-1.063351
1262,0.959183,-1.063049
1263,0.967820,-1.062240
1264,0.976368,-1.060973
1265,0.984840,-1.059162
1266,0.993176,-1.056953
1267,1.001302,-1.054266
1268,1.009194,-1.051155
1269,1.016931,-1.047609
1270,1.024322,-1.043613
1271,1.031426,-1.039329
1272,1.038480,-1.034835
1273,1.045798,-1.030402
1274,1.053055,-1.025771
1275,1.059655,-1.020549
1276,1.066167,-1.016659
1277,1.071848,-1.014668
1278,1.076537,-1.012525
1279,1.080333,-1.009134
1280,1.083774,-1.005222
1281,1.086975,-1.000985
1282,1.089901,-0.996587
1283,1.092565,-0.992023
1284,1.094939,-0.987317
1285,1.097108,-0.982449
1286,1.098962,-0.977502
1287,1.100563,-0.972475
1288,1.101808,-0.967408
1289,1.102787,-0.962219
1290,1.103474,-0.956967
1291,1.103685,-0.951605
1292,1.103749,-0.946331
1293,1.103525,-0.941051
1294,1.103004,-0.935788
1295,1.102162,-0.930547
1296,1.101053,-0.925392
1297,1.099642,-0.920301
1298,1.097983,-0.915363
1299,1.096000,-0.910457
1300,1.093534,-0.905684
1301,1.090994,-0.901065
1302,1.088194,-0.896579
1303,1.085156,-0.892260
1304,1.081870,-0.888116
1305,1.078352,-0.884191
1306,1.074658,-0.880418
1307,1.070783,-0.876933
1308,1.066650,-0.873630
1309,1.062176,-0.870680
1310,1.057701,-0.867899
1311,1.053075,-0.865359
1312,1.048310,-0.863084
1313,1.043361,-0.861103
1314,1.038409,-0.859374
1315,1.033339,-0.857941
1316,1.028260,-0.856798
1317,1.023046,-0.855952
1318,1.017790,-0.855406
1319,1.013286,-0.855390
1320,1.009832,-0.855424
1321,1.006901,-0.855484
1322,1.003856,-0.855612
1323,1.000713,-0.855987
1324,0.997481,-0.856598
1325,0.994214,-0.857512
1326,0.990792,-0.858781
1327,0.987293,-0.860376
1328,0.983759,-0.862558
1329,0.980126,-0.864853
1330,0.976429,-0.867492
1331,0.972703,-0.870460
1332,0.968989,-0.873733
1333,0.965309,-0.877289
1334,0.961826,-0.881107
1335,0.958528,-0.885033
1336,0.956253,-0.887528
1337,0.954819,-0.888445
1338,0.953777,-0.889265
1339,0.952399,-0.889884
1340,0.951015,-0.890508
1341,0.949671,-0.891196
1342,0.948355,-0.891950
1343,0.947081,-0.892775
1344,0.945838,-0.893656
1345,0.944663,-0.894642
1346,0.943545,-0.895674
1347,0.942489,-0.896780
1348,0.941492,-0.897935
1349,0.940564,-0.899150
1350,0.939707,-0.900410
1351,0.938927,-0.901729
1352,0.938225,-0.903080
1353,0.937598,-0.904472
1354,0.937049,-0.905896
1355,0.936550,-0.907358
1356,0.936491,-0.908802
1357,0.936199,-0.910294
1358,0.935983,-0.911788
1359,0.935920,-0.913343
1360,0.935901,-0.914855
1361,0.935952,-0.916362
1362,0.936091,-0.917869
1363,0.936334,-0.919374
1364,0.936630,-0.920829
1365,0.937014,-0.922282
1366,0.937486,-0.923707
1367,0.938043,-0.925111
1368,0.938877,-0.926189
1369,0.939558,-0.927462
1370,0.940340,-0.928735
1371,0.941247,-0.929955
1372,0.942182,-0.931136
1373,0.943170,-0.932266
1374,0.944200,-0.933322
1375,0.945334,-0.934322
1376,0.946479,-0.935298
1377,0.947666,-0.936213
1378,0.948939,-0.937032
1379,0.950247,-0.937773
1380,0.951635,-0.938428
1381,0.953020,-0.939003
1382,0.954433,-0.939508
1383,0.955874,-0.939953
1384,0.957297,-0.940123
1385,0.958764,-0.940373
1386,0.960250,-0.940550
1387,0.961746,-0.940646
1388,0.963251,-0.940649
1389,0.964754,-0.940564
1390,0.966242,-0.940330
1391,0.967728,-0.940091
1392,0.969145,-0.939793
1393,0.970580,-0.939311
1394,0.972006,-0.938841
1395,0.973312,-0.938217
1396,0.974643,-0.937597
1397,0.975950,-0.936886
1398,0.977209,-0.936085
1399,0.978427,-0.935216
1400,0.979420,-0.934163
1401,0.980505,-0.933190
1402,0.981548,-0.932137
1403,0.982538,-0.931033
1404,0.983465,-0.929873
1405,0.984313,-0.928664
1406,0.985097,-0.927403
1407,0.985805,-0.926080
1408,0.986437,-0.924745
1409,0.986832,-0.923387
1410,0.987340,-0.921982
1411,0.987714,-0.920487
1412,0.988053,-0.919041
1413,0.988264,-0.917601
1414,0.988123,-0.916237
1415,0.988198,-0.914836
1416,0.988176,-0.913389
1417,0.988068,-0.911941
1418,0.987836,-0.910474
1419,0.987563,-0.909045
1420,0.987223,-0.907631
1421,0.986795,-0.906240
1422,0.986298,-0.904873
1423,0.985738,-0.903527
1424,0.985080,-0.902211
1425,0.984363,-0.900935
1426,0.983533,-0.899720
1427,0.982654,-0.898534
1428,0.981679,-0.897604
1429,0.980686,-0.896557
1430,0.979638,-0.895557
1431,0.978530,-0.894615
1432,0.977370,-0.893737
1433,0.976167,-0.892925
1434,0.974914,-0.892183
1435,0.973641,-0.891524
1436,0.972299,-0.890916
1437,0.971083,-0.890776
1438,0.969719,-0.890340
1439,0.968321,-0.889980
1440,0.966818,-0.889751
1441,0.965387,-0.889547
1442,0.963953,-0.889420
1443,0.962520,-0.889382
1444,0.961090,-0.889462
1445,0.959655,-0.889558
1446,0.958239,-0.889755
1447,0.956838,-0.890040
1448,0.955458,-0.890384
1449,0.954056,-0.890884
1450,0.952719,-0.891426
1451,0.951409,-0.892028
1452,0.950133,-0.892700
1453,0.948888,-0.893424
1454,0.947852,-0.894334
1455,0.946767,-0.895222
1456,0.945654,-0.896138
1457,0.944615,-0.897178
1458,0.943644,-0.898233
1459,0.942729,-0.899337
1460,0.941875,-0.900491
1461,0.941087,-0.901693
1462,0.940738,-0.902876
1463,0.940123,-0.904195
1464,0.939562,-0.905496
1465,0.939071,-0.906823
1466,0.938654,-0.908176
1467,0.938318,-0.909554
1468,0.938059,-0.910947
1469,0.937886,-0.912355
1470,0.937793,-0.913758
1471,0.937799,-0.915175
1472,0.937838,-0.916601
1473,0.938034,-0.918000
1474,0.938237,-0.919423
1475,0.938548,-0.920847
1476,0.938949,-0.922209
1477,0.939412,-0.923554
1478,0.939966,-0.924854
1479,0.940687,-0.925959
1480,0.941349,-0.927199
1481,0.942083,-0.928399
1482,0.942885,-0.929556
1483,0.943764,-0.930667
1484,0.944706,-0.931720
1485,0.945695,-0.932720
1486,0.946787,-0.933657
1487,0.947897,-0.934521
1488,0.949023,-0.935166
1489,0.950223,-0.935907
1490,0.951436,-0.936579
1491,0.952711,-0.937153
1492,0.954008,-0.937729
1493,0.955340,-0.938233
1494,0.956738,-0.938584
1495,0.958115,-0.938829
1496,0.959421,-0.938869
1497,0.960797,-0.939030
1498,0.962184,-0.939113
1499,0.963576,-0.939117
1500,0.964966,-0.939041
1501,0.966351,-0.938886
1502,0.967722,-0.938652
1503,0.969080,-0.938352
1504,0.970451,-0.937906
1505,0.971759,-0.937416
1506,0.972845,-0.936740
1507,0.974069,-0.936139
1508,0.975262,-0.935468
1509,0.976425,-0.934700
1510,0.977558,-0.933895
1511,0.978656,-0.933038
1512,0.979692,-0.932105
1513,0.980605,-0.931092
1514,0.981534,-0.930064
1515,0.982372,-0.928933
1516,0.983156,-0.927796
1517,0.983644,-0.926635
1518,0.984307,-0.925442
1519,0.984911,-0.924189
1520,0.985414,-0.922907
1521,0.985854,-0.921601
1522,0.986218,-0.920266
1523,0.986508,-0.918915
1524,0.986723,-0.917550
1525,0.986813,-0.916141
1526,0.986858,-0.914780
1527,0.986562,-0.913540
1528,0.986494,-0.912162
1529,0.986343,-0.910802
1530,0.986106,-0.909452
1531,0.985766,-0.908138
1532,0.985393,-0.906823
1533,0.984914,-0.905527
1534,0.984376,-0.904265
1535,0.983754,-0.903039
1536,0.983067,-0.901850
1537,0.982308,-0.900769
1538,0.981477,-0.899687
1539,0.980543,-0.898653
1540,0.979606,-0.897661
1541,0.978559,-0.896949
1542,0.977534,-0.896085
1543,0.976460,-0.895263
1544,0.975349,-0.894507
1545,0.974183,-0.893860
1546,0.972985,-0.893196
1547,0.971715,-0.892649
1548,0.970454,-0.892192
1549,0.969207,-0.891728
1550,0.967874,-0.891376
1551,0.966553,-0.891091
1552,0.965321,-0.891096
1553,0.963987,-0.890967
1554,0.962648,-0.890932
1555,0.961299,-0.890972
1556,0.959957,-0.891081
1557,0.958602,-0.891321
1558,0.957285,-0.891589
1559,0.955980,-0.891924
1560,0.954696,-0.892331
1561,0.953435,-0.892810
1562,0.952242,-0.893371
1563,0.951457,-0.894141
1564,0.950300,-0.894827
1565,0.949179,-0.895567
1566,0.948143,-0.896380
1567,0.947112,-0.897267
1568,0.946145,-0.898178
1569,0.945207,-0.899127
1570,0.944358,-0.900144
1571,0.943559,-0.901204
1572,0.942816,-0.902307
1573,0.942136,-0.903450
1574,0.941523,-0.904633
1575,0.941004,-0.905891
1576,0.940551,-0.907142
1577,0.940157,-0.908413
1578,0.939831,-0.909706
1579,0.939600,-0.910964
1580,0.939408,-0.912327
1581,0.939283,-0.913667
1582,0.939358,-0.914926
1583,0.939449,-0.916281
1584,0.939607,-0.917585
1585,0.939782,-0.918902
1586,0.940032,-0.920201
1587,0.940368,-0.921486
1588,0.940910,-0.922565
1589,0.941379,-0.923772
1590,0.941924,-0.924967
1591,0.942542,-0.926121
1592,0.943218,-0.927250
1593,0.944024,-0.928330
1594,0.944854,-0.929363
1595,0.945727,-0.930306
1596,0.946630,-0.931281
1597,0.947581,-0.932181
1598,0.948607,-0.932904
1599,0.949664,-0.933693
1600,0.950757,-0.934424
1601,0.951931,-0.935024
1602,0.953095,-0.935649
1603,0.954290,-0.936192
1604,0.955445,-0.936344
1605,0.956729,-0.936672
1606,0.957989,-0.936987
1607,0.959263,-0.937206
1608,0.960551,-0.937368
1609,0.961847,-0.937462
1610,0.963148,-0.937484
1611,0.964448,-0.937433
1612,0.965747,-0.937331
1613,0.966984,-0.937005
1614,0.968284,-0.936737
1615,0.969533,-0.936400
1616,0.970788,-0.935973
1617,0.971727,-0.935324
1618,0.972884,-0.934769
1619,0.973990,-0.934147
1620,0.975095,-0.933500
1621,0.976147,-0.932731
1622,0.977157,-0.931947
1623,0.978122,-0.931119
1624,0.979042,-0.930230
1625,0.979915,-0.929295
1626,0.980721,-0.928305
1627,0.981481,-0.927276
1628,0.982181,-0.926195
1629,0.982818,-0.925080
1630,0.983388,-0.923925
1631,0.983892,-0.922737
1632,0.984192,-0.921561
1633,0.984537,-0.920328
1634,0.984823,-0.919089
1635,0.985049,-0.917811
1636,0.985207,-0.916533
1637,0.985247,-0.915255
1638,0.985147,-0.914054
1639,0.985093,-0.912780
1640,0.984967,-0.911513
1641,0.984767,-0.910255
1642,0.984493,-0.909014
1643,0.984124,-0.907765
1644,0.983711,-0.906556
1645,0.983072,-0.905637
1646,0.982514,-0.904508
1647,0.981896,-0.903403
1648,0.981164,-0.902338
1649,0.980433,-0.901312
1650,0.979642,-0.900325
1651,0.978804,-0.899379
1652,0.977916,-0.898494
1653,0.976966,-0.897635
1654,0.975973,-0.896853
1655,0.974935,-0.896150
1656,0.973858,-0.895467
1657,0.972809,-0.895215
1658,0.971680,-0.894674
1659,0.970470,-0.894233
1660,0.969290,-0.893823
1661,0.968099,-0.893486
1662,0.966875,-0.893211
1663,0.965621,-0.892969
1664,0.964380,-0.892834
1665,0.963130,-0.892764
1666,0.961873,-0.892779
1667,0.960626,-0.892869
1668,0.959580,-0.893259
1669,0.958398,-0.893485
1670,0.957205,-0.893776
1671,0.956005,-0.894143
1672,0.954862,-0.894659
1673,0.953704,-0.895100
1674,0.952668,-0.895721
1675,0.951565,-0.896306
1676,0.950510,-0.896949
1677,0.949497,-0.897652
1678,0.948527,-0.898412
1679,0.947602,-0.899228
1680,0.946732,-0.900108
1681,0.945916,-0.901039
1682,0.945538,-0.902009
1683,0.944892,-0.902970
1684,0.944256,-0.904001
1685,0.943666,-0.905066
1686,0.943135,-0.906167
1687,0.942630,-0.907307
1688,0.942241,-0.908491
1689,0.941918,-0.909670
1690,0.941753,-0.910865
1691,0.941583,-0.912083
1692,0.941414,-0.913295
1693,0.941348,-0.914519
1694,0.941346,-0.915723
1695,0.941428,-0.916941
1696,0.941615,-0.918164
1697,0.941829,-0.919353
1698,0.942105,-0.920524
1699,0.942445,-0.921688
1700,0.943006,-0.922473
1701,0.943503,-0.923536
1702,0.944049,-0.924607
1703,0.944630,-0.925653
1704,0.945323,-0.926651
1705,0.946070,-0.927550
1706,0.946842,-0.928409
1707,0.947651,-0.929355
1708,0.948495,-0.930223
1709,0.949381,-0.931032
1710,0.950317,-0.931758
1711,0.951279,-0.932475
1712,0.952296,-0.933113
1713,0.953342,-0.933688
1714,0.954415,-0.934210
1715,0.955516,-0.934674
1716,0.956681,-0.935028
1717,0.957829,-0.935354
1718,0.958887,-0.935333
1719,0.960045,-0.935535
1720,0.961219,-0.935671
1721,0.962345,-0.935705
1722,0.963535,-0.935584
1723,0.964734,-0.935530
1724,0.965885,-0.935402
1725,0.967071,-0.935198
1726,0.968234,-0.934949
1727,0.969383,-0.934637
1728,0.970479,-0.934224
1729,0.971593,-0.933804
1730,0.972297,-0.933061
1731,0.973314,-0.932505
1732,0.974305,-0.931852
1733,0.975248,-0.931187
1734,0.976165,-0.930480
1735,0.977044,-0.929718
1736,0.977910,-0.928934
1737,0.978707,-0.928075
1738,0.979453,-0.927179
1739,0.980145,-0.926235
1740,0.980770,-0.925255
1741,0.981358,-0.924243
1742,0.981889,-0.923191
1743,0.982342,-0.922118
1744,0.982739,-0.921007
1745,0.983046,-0.919893
1746,0.983306,-0.918799
1747,0.983437,-0.917652
1748,0.983588,-0.916479
1749,0.983638,-0.915425
1750,0.983630,-0.914250
1751,0.983567,-0.913080
1752,0.983457,-0.911920
1753,0.983248,-0.910756
1754,0.982914,-0.909624
1755,0.982582,-0.908511
1756,0.982175,-0.907443
1757,0.981735,-0.906365
1758,0.981227,-0.905332
1759,0.980653,-0.904328
1760,0.980009,-0.903379
1761,0.979611,-0.902183
1762,0.979690,-0.900846
1763,0.979770,-0.899635
1764,0.979787,-0.898456
1765,0.979725,-0.897275
1766,0.979617,-0.896124
1767,0.979377,-0.894975
1768,0.979117,-0.893846
1769,0.978799,-0.892723
1770,0.978429,-0.891622
1771,0.978276,-0.890838
1772,0.977788,-0.889786
1773,0.977241,-0.888761
1774,0.976628,-0.887760
1775,0.975952,-0.886797
1776,0.975231,-0.885872
1777,0.974460,-0.884999
1778,0.973635,-0.884170
1779,0.972762,-0.883445
1780,0.971851,-0.882723
1781,0.970893,-0.882016
1782,0.969892,-0.881360
1783,0.968827,-0.880862
1784,0.967768,-0.880348
1785,0.966677,-0.879899
1786,0.965562,-0.879517
1787,0.964426,-0.879196
1788,0.963273,-0.878949
1789,0.962246,-0.878793
1790,0.961080,-0.878663
1791,0.959909,-0.878600
1792,0.958734,-0.878608
1793,0.957560,-0.878689
1794,0.956400,-0.878837
1795,0.955335,-0.878911
1796,0.954216,-0.879201
1797,0.953107,-0.879575
1798,0.952049,-0.880079
1799,0.950988,-0.880550
