0,1.426440,-1.433920
1,1.426440,-1.433920
2,1.426440,-1.433920
3,1.426440,-1.433920
4,1.426440,-1.433920
5,1.434020,-1.424296
6,1.443430,-1.410146
7,1.451975,-1.395452
8,1.459670,-1.380296
9,1.466490,-1.364727
10,1.472413,-1.348795
11,1.477421,-1.332552
12,1.478794,-1.328005
13,1.477439,-1.315830
14,1.474211,-1.299145
15,1.469985,-1.282682
16,1.464829,-1.266485
17,1.458760,-1.250608
18,1.451797,-1.235102
19,1.443964,-1.220017
20,1.435285,-1.205402
21,1.425788,-1.191305
22,1.415505,-1.177771
23,1.404469,-1.164844
24,1.392715,-1.152566
25,1.380281,-1.140976
26,1.367208,-1.130113
27,1.353538,-1.120011
28,1.339316,-1.110703
29,1.324587,-1.102219
30,1.309399,-1.094587
31,1.305142,-1.092479
32,1.292911,-1.091796
33,1.275923,-1.092212
34,1.258986,-1.093649
35,1.242158,-1.096047
36,1.225495,-1.099399
37,1.209049,-1.103693
38,1.192873,-1.108916
39,1.177022,-1.115051
40,1.161545,-1.122078
41,1.146492,-1.129974
42,1.131914,-1.138714
43,1.117856,-1.148269
44,1.104365,-1.158609
45,1.091484,-1.169699
46,1.079255,-1.181504
47,1.067717,-1.193986
48,1.056908,-1.207104
49,1.046863,-1.220815
50,1.037614,-1.235076
51,1.035052,-1.239076
52,1.035052,-1.239076
53,1.035052,-1.239076
54,1.035052,-1.239076
55,1.035052,-1.239076
56,1.035052,-1.239076
57,1.035052,-1.239076
58,1.035052,-1.239076
59,1.042471,-1.229328
60,1.051645,-1.215023
61,1.059944,-1.200190
62,1.067386,-1.184908
63,1.073946,-1.169227
64,1.079604,-1.153199
65,1.084341,-1.136875
66,1.088141,-1.120307
67,1.090992,-1.103551
68,1.092885,-1.086659
69,1.093815,-1.069687
70,1.093777,-1.052689
71,1.092772,-1.035722
72,1.090803,-1.018839
73,1.087877,-1.002095
74,1.084003,-0.985545
75,1.079194,-0.969242
76,1.073465,-0.953239
77,1.066834,-0.937588
78,1.064957,-0.933225
79,1.056079,-0.924783
80,1.043753,-0.916196
81,1.034706,-0.916052
82,1.025352,-0.915825
83,1.014507,-0.912561
84,1.001981,-0.908108
85,0.988760,-0.904507
86,0.975097,-0.901798
87,0.960577,-0.899395
88,0.945218,-0.897330
89,0.928493,-0.894620
90,0.912307,-0.893021
91,0.900293,-0.893664
92,0.884643,-0.894293
93,0.867841,-0.895476
94,0.851455,-0.897922
95,0.834889,-0.901057
96,0.818355,-0.904999
97,0.802072,-0.909877
98,0.786093,-0.915672
99,0.770470,-0.922367
100,0.766115,-0.924263
101,0.759247,-0.929896
102,0.755124,-0.926501
103,0.750917,-0.923777
104,0.746961,-0.921818
105,0.746541,-0.921482
106,0.746541,-0.921482
107,0.746541,-0.921482
108,0.746541,-0.921482
109,0.746541,-0.921482
110,0.746541,-0.921482
111,0.746541,-0.921482
112,0.746541,-0.921482
113,0.746541,-0.921482
114,0.749624,-0.909626
115,0.752568,-0.892889
116,0.754501,-0.876002
117,0.755470,-0.859032
118,0.755472,-0.842035
119,0.754507,-0.825065
120,0.752578,-0.808177
121,0.749691,-0.791426
122,0.745856,-0.774867
123,0.741085,-0.758553
124,0.735394,-0.742536
125,0.728800,-0.726870
126,0.721326,-0.711604
127,0.712995,-0.696788
128,0.705402,-0.684620
129,0.697534,-0.673093
130,0.688168,-0.661003
131,0.677203,-0.648740
132,0.673981,-0.645250
133,0.673981,-0.645250
134,0.661741,-0.644742
135,0.644760,-0.645401
136,0.640016,-0.645627
137,0.628995,-0.650976
138,0.614351,-0.659598
139,0.600249,-0.669087
140,0.584743,-0.676096
141,0.571654,-0.686902
142,0.560142,-0.698258
143,0.547639,-0.708104
144,0.534585,-0.718469
145,0.521584,-0.727290
146,0.510069,-0.735512
147,0.500188,-0.745803
148,0.491042,-0.757357
149,0.483298,-0.770590
150,0.477407,-0.785967
151,0.470645,-0.799870
152,0.461876,-0.810919
153,0.455362,-0.822642
154,0.451024,-0.836417
155,0.443884,-0.845894
156,0.440023,-0.857841
157,0.440950,-0.871600
158,0.442258,-0.884451
159,0.446284,-0.898314
160,0.453766,-0.911296
161,0.455856,-0.914752
162,0.463748,-0.922171
163,0.471871,-0.928346
164,0.481440,-0.935509
165,0.491061,-0.943628
166,0.500831,-0.951549
167,0.511467,-0.962788
168,0.524119,-0.974494
169,0.530029,-0.982103
170,0.540764,-0.984282
171,0.554356,-0.982412
172,0.565819,-0.981404
173,0.576999,-0.980377
174,0.588164,-0.978493
175,0.599327,-0.975922
176,0.610441,-0.972653
177,0.621494,-0.968640
178,0.632526,-0.963768
179,0.645309,-0.961132
180,0.658756,-0.956667
181,0.669170,-0.950130
182,0.679239,-0.942756
183,0.689288,-0.932855
184,0.699020,-0.922511
185,0.707982,-0.912706
186,0.716500,-0.902561
187,0.724474,-0.891935
188,0.731815,-0.880919
189,0.738556,-0.869410
190,0.744594,-0.857558
191,0.749937,-0.845443
192,0.754605,-0.832892
193,0.758526,-0.820246
194,0.761809,-0.807263
195,0.764227,-0.794174
196,0.765909,-0.780905
197,0.766853,-0.767676
198,0.767112,-0.754231
199,0.766501,-0.740963
200,0.765079,-0.727608
201,0.762988,-0.714491
202,0.760143,-0.701351
203,0.756558,-0.688332
204,0.752068,-0.675528
205,0.746920,-0.663167
206,0.741126,-0.651047
207,0.734537,-0.639252
208,0.727244,-0.627839
209,0.719419,-0.616905
210,0.710900,-0.606337
211,0.708807,-0.603517
212,0.702514,-0.598130
213,0.692784,-0.592382
214,0.682706,-0.587334
215,0.672196,-0.582917
216,0.661441,-0.579179
217,0.650437,-0.576133
218,0.639300,-0.573643
219,0.627983,-0.571874
220,0.616535,-0.570775
221,0.604964,-0.570293
222,0.593364,-0.570542
223,0.581733,-0.571514
224,0.570110,-0.573194
225,0.558554,-0.575535
226,0.547051,-0.578670
227,0.535655,-0.582560
228,0.524295,-0.587534
229,0.513213,-0.592986
230,0.502394,-0.599146
231,0.492366,-0.605892
232,0.483078,-0.612729
233,0.474053,-0.619983
234,0.465375,-0.627701
235,0.457148,-0.635906
236,0.449475,-0.644571
237,0.442236,-0.653704
238,0.435551,-0.663214
239,0.429460,-0.673049
240,0.423885,-0.683318
241,0.418924,-0.693849
242,0.414595,-0.704603
243,0.410841,-0.715692
244,0.407728,-0.727006
245,0.405313,-0.738440
246,0.403587,-0.749926
247,0.402508,-0.761481
248,0.402001,-0.773273
249,0.402257,-0.784936
250,0.403157,-0.796534
251,0.404739,-0.808207
252,0.407036,-0.819694
253,0.409866,-0.831141
254,0.413436,-0.842252
255,0.417631,-0.853171
256,0.422395,-0.863899
257,0.427905,-0.874435
258,0.433919,-0.884460
259,0.440520,-0.894195
260,0.447658,-0.903502
261,0.455389,-0.912573
262,0.463572,-0.920949
263,0.472230,-0.928964
264,0.481311,-0.936359
265,0.490893,-0.943390
266,0.501126,-0.949628
267,0.511024,-0.955469
268,0.520759,-0.960696
269,0.531447,-0.965275
270,0.542556,-0.969242
271,0.553847,-0.972593
272,0.565296,-0.975215
273,0.576887,-0.977188
274,0.588677,-0.978604
275,0.600427,-0.979170
276,0.612202,-0.979111
277,0.624056,-0.978399
278,0.635745,-0.977006
279,0.647346,-0.974960
280,0.658902,-0.972266
281,0.670211,-0.968888
282,0.681386,-0.964832
283,0.692279,-0.960198
284,0.702929,-0.954950
285,0.713188,-0.949084
286,0.723086,-0.942659
287,0.732788,-0.935614
288,0.741897,-0.928062
289,0.750607,-0.920035
290,0.758916,-0.911389
291,0.766633,-0.902418
292,0.773985,-0.892889
293,0.780584,-0.883032
294,0.786705,-0.872797
295,0.792273,-0.862060
296,0.797097,-0.851146
297,0.804122,-0.842797
298,0.811094,-0.834615
299,0.815181,-0.824944
300,0.817953,-0.815033
301,0.819934,-0.804936
302,0.821264,-0.794870
303,0.822041,-0.784645
304,0.822159,-0.774306
305,0.821731,-0.764116
306,0.820722,-0.754002
307,0.819147,-0.743877
308,0.816969,-0.733835
309,0.814314,-0.723882
310,0.810982,-0.714114
311,0.807062,-0.704603
312,0.802697,-0.695371
313,0.797743,-0.686216
314,0.792305,-0.677596
315,0.786356,-0.669110
316,0.779878,-0.661037
317,0.773023,-0.653370
318,0.765693,-0.645995
319,0.757895,-0.639153
320,0.749726,-0.632700
321,0.741271,-0.626788
322,0.732439,-0.621423
323,0.723258,-0.616505
324,0.713887,-0.612176
325,0.704219,-0.608224
326,0.694412,-0.605020
327,0.684310,-0.602346
328,0.674190,-0.600270
329,0.663815,-0.598591
330,0.653287,-0.597665
331,0.642984,-0.597420
332,0.632596,-0.597745
333,0.622033,-0.598553
334,0.611555,-0.599977
335,0.601439,-0.602110
336,0.591346,-0.604788
337,0.581310,-0.608176
338,0.571549,-0.611956
339,0.561889,-0.616392
340,0.552599,-0.621313
341,0.543570,-0.626803
342,0.535009,-0.632776
343,0.526773,-0.639229
344,0.518714,-0.646189
345,0.510935,-0.653770
346,0.503763,-0.661755
347,0.497088,-0.670117
348,0.490815,-0.678879
349,0.485107,-0.688021
350,0.479758,-0.697759
351,0.475089,-0.707706
352,0.470993,-0.717911
353,0.467463,-0.728481
354,0.464465,-0.739387
355,0.462216,-0.750624
356,0.460561,-0.762107
357,0.459673,-0.773748
358,0.459443,-0.785612
359,0.456534,-0.798248
360,0.451913,-0.810787
361,0.451095,-0.823164
362,0.452551,-0.835436
363,0.455342,-0.847419
364,0.459284,-0.859267
365,0.465632,-0.871877
366,0.472420,-0.884182
367,0.479007,-0.895845
368,0.486060,-0.907070
369,0.493709,-0.917923
370,0.501944,-0.928317
371,0.510836,-0.938292
372,0.518528,-0.948631
373,0.525388,-0.959735
374,0.533511,-0.969953
375,0.543411,-0.978596
376,0.554423,-0.985888
377,0.566221,-0.992469
378,0.578192,-0.998101
379,0.590642,-1.003070
380,0.604455,-1.009110
381,0.619299,-1.016319
382,0.634610,-1.023046
383,0.650241,-1.029800
384,0.664883,-1.034410
385,0.678756,-1.036420
386,0.692730,-1.037294
387,0.706411,-1.037558
388,0.720175,-1.036786
389,0.733790,-1.035070
390,0.747108,-1.032447
391,0.760025,-1.028733
392,0.772492,-1.024135
393,0.784908,-1.018727
394,0.796761,-1.012597
395,0.808224,-1.005855
396,0.819352,-0.998460
397,0.830062,-0.990375
398,0.840329,-0.981712
399,0.849967,-0.972523
400,0.859179,-0.962653
401,0.867947,-0.952117
402,0.875927,-0.941293
403,0.878109,-0.938577
404,0.881695,-0.931146
405,0.884800,-0.920303
406,0.887134,-0.909317
407,0.888722,-0.898143
408,0.889718,-0.886860
409,0.889910,-0.875452
410,0.889451,-0.864114
411,0.888341,-0.852741
412,0.886546,-0.841467
413,0.884107,-0.830295
414,0.881603,-0.819551
415,0.880199,-0.809727
416,0.878004,-0.799854
417,0.874975,-0.789961
418,0.870042,-0.779789
419,0.863601,-0.770642
420,0.856681,-0.761617
421,0.852032,-0.753161
422,0.848227,-0.744869
423,0.844155,-0.736881
424,0.839561,-0.729378
425,0.832553,-0.722172
426,0.823467,-0.715475
427,0.813639,-0.709496
428,0.803410,-0.704193
429,0.792836,-0.699440
430,0.781977,-0.695382
431,0.770925,-0.691878
432,0.759716,-0.689088
433,0.748321,-0.686900
434,0.736737,-0.685382
435,0.725255,-0.684573
436,0.713619,-0.684364
437,0.702067,-0.684833
438,0.690455,-0.686008
439,0.678940,-0.687771
440,0.667650,-0.690257
441,0.661023,-0.695237
442,0.652709,-0.701522
443,0.641821,-0.707986
444,0.632662,-0.714715
445,0.624394,-0.722850
446,0.615417,-0.730399
447,0.606205,-0.737510
448,0.597172,-0.744850
449,0.588475,-0.752630
450,0.580250,-0.760895
451,0.572518,-0.769598
452,0.565347,-0.778711
453,0.558649,-0.788645
454,0.552507,-0.798555
455,0.546992,-0.808771
456,0.542018,-0.819294
457,0.537625,-0.830114
458,0.533876,-0.841164
459,0.530763,-0.852398
460,0.528319,-0.863820
461,0.526537,-0.875372
462,0.525394,-0.887005
463,0.524897,-0.898806
464,0.525194,-0.910460
465,0.526104,-0.922157
466,0.527615,-0.933837
467,0.529884,-0.945363
468,0.532803,-0.956694
469,0.536396,-0.967981
470,0.540571,-0.978959
471,0.545407,-0.989703
472,0.550833,-1.000205
473,0.556906,-1.010404
474,0.563516,-1.020090
475,0.570689,-1.029422
476,0.578344,-1.038359
477,0.586641,-1.046948
478,0.595384,-1.054981
479,0.604479,-1.062465
480,0.614025,-1.069453
481,0.623952,-1.075803
482,0.634229,-1.081609
483,0.645157,-1.087118
484,0.658585,-1.093506
485,0.672148,-1.099223
486,0.685976,-1.104201
487,0.699999,-1.108356
488,0.714247,-1.111495
489,0.728664,-1.114089
490,0.743189,-1.115828
491,0.757785,-1.116728
492,0.772427,-1.116832
493,0.787034,-1.116045
494,0.801579,-1.114437
495,0.816195,-1.112720
496,0.831048,-1.113464
497,0.846314,-1.114350
498,0.861833,-1.114669
499,0.877901,-1.114271
500,0.893145,-1.113564
501,0.907631,-1.112228
502,0.921403,-1.111956
503,0.934220,-1.111812
504,0.946546,-1.111241
505,0.958398,-1.109773
506,0.969592,-1.107983
507,0.978813,-1.104371
508,0.986330,-1.097073
509,0.992852,-1.087868
510,0.998406,-1.080453
511,1.004543,-1.074287
512,1.011170,-1.067363
513,1.019734,-1.062712
514,1.027287,-1.057705
515,1.033262,-1.051184
516,1.038252,-1.044243
517,1.042621,-1.037032
518,1.046479,-1.029559
519,1.049890,-1.021909
520,1.052789,-1.014048
521,1.055260,-1.006073
522,1.057243,-0.997907
523,1.058738,-0.989707
524,1.059769,-0.981394
525,1.060328,-0.973017
526,1.060408,-0.964651
527,1.060008,-0.956296
528,1.059181,-0.947897
529,1.057808,-0.939640
530,1.056472,-0.931494
531,1.058174,-0.921549
532,1.060626,-0.911602
533,1.062671,-0.902103
534,1.064197,-0.892723
535,1.065161,-0.883361
536,1.065594,-0.873971
537,1.065497,-0.864580
538,1.064853,-0.855201
539,1.063659,-0.845992
540,1.061947,-0.836716
541,1.059732,-0.827559
542,1.056987,-0.818546
543,1.053727,-0.809697
544,1.049999,-0.801059
545,1.045749,-0.792672
546,1.041049,-0.784536
547,1.035897,-0.776613
548,1.030295,-0.769004
549,1.024313,-0.761784
550,1.017910,-0.754919
551,1.011098,-0.748437
552,1.003912,-0.742359
553,0.996450,-0.736689
554,0.988719,-0.731454
555,0.980579,-0.726620
556,0.972239,-0.722275
557,0.963620,-0.718796
558,0.954844,-0.715439
559,0.945890,-0.712565
560,0.936809,-0.710200
561,0.927539,-0.708336
562,0.918198,-0.706982
563,0.908818,-0.706192
564,0.899411,-0.705941
565,0.890005,-0.706227
566,0.880633,-0.707043
567,0.871322,-0.708398
568,0.862098,-0.710276
569,0.853001,-0.712660
570,0.844029,-0.715588
571,0.835243,-0.719016
572,0.826691,-0.722947
573,0.818388,-0.727366
574,0.810333,-0.732257
575,0.802571,-0.737612
576,0.795129,-0.743345
577,0.788010,-0.749535
578,0.781334,-0.756068
579,0.774976,-0.763031
580,0.769061,-0.770316
581,0.763575,-0.777872
582,0.758492,-0.785841
583,0.753838,-0.794026
584,0.749687,-0.802483
585,0.745984,-0.811154
586,0.742816,-0.820032
587,0.740141,-0.829090
588,0.737980,-0.838308
589,0.736342,-0.847640
590,0.735240,-0.857008
591,0.734713,-0.866398
592,0.735071,-0.875709
593,0.735609,-0.885090
594,0.736660,-0.894431
595,0.738212,-0.903661
596,0.740299,-0.912814
597,0.742906,-0.921893
598,0.746028,-0.930788
599,0.749653,-0.939464
600,0.753775,-0.947936
601,0.758357,-0.956168
602,0.763404,-0.964172
603,0.768893,-0.971853
604,0.774807,-0.979163
605,0.781129,-0.986150
606,0.787847,-0.992769
607,0.794961,-0.998960
608,0.802298,-1.004627
609,0.810078,-1.010006
610,0.818126,-1.014901
611,0.826458,-1.019322
612,0.835031,-1.023294
613,0.843832,-1.026726
614,0.852796,-1.029724
615,0.861924,-1.032176
616,0.871164,-1.034136
617,0.880478,-1.035564
618,0.889829,-1.036451
619,0.899240,-1.036775
620,0.908601,-1.036404
621,0.917872,-1.035660
622,0.927186,-1.034381
623,0.936416,-1.032575
624,0.945362,-1.029928
625,0.954302,-1.027086
626,0.963104,-1.023761
627,0.971710,-1.019944
628,0.980041,-1.015643
629,0.988120,-1.010918
630,0.995954,-1.005606
631,1.003477,-0.999944
632,1.010670,-0.993860
633,1.017469,-0.987387
634,1.023893,-0.980567
635,1.029971,-0.973344
636,1.035634,-0.965780
637,1.040826,-0.957914
638,1.045572,-0.949760
639,1.049736,-0.941370
640,1.053511,-0.932750
641,1.056684,-0.923856
642,1.059330,-0.914957
643,1.061557,-0.905881
644,1.063222,-0.896619
645,1.064318,-0.887370
646,1.064940,-0.878011
647,1.065023,-0.868590
648,1.064615,-0.859203
649,1.063698,-0.849843
650,1.062242,-0.840531
651,1.060237,-0.831333
652,1.057374,-0.822495
653,1.054326,-0.813595
654,1.050785,-0.804879
655,1.046777,-0.796376
656,1.042298,-0.788102
657,1.037340,-0.780110
658,1.031924,-0.772411
659,1.026070,-0.765028
660,1.019808,-0.757973
661,1.013174,-0.751283
662,1.006160,-0.744996
663,0.998769,-0.739101
664,0.991066,-0.733684
665,0.983124,-0.728870
666,0.974869,-0.724411
667,0.966396,-0.720359
668,0.957723,-0.716851
669,0.948784,-0.713753
670,0.939745,-0.711191
671,0.930564,-0.709175
672,0.921284,-0.707688
673,0.911910,-0.706771
674,0.902527,-0.706332
675,0.893113,-0.706455
676,0.883669,-0.707057
677,0.874383,-0.708304
678,0.865187,-0.709982
679,0.856088,-0.712193
680,0.847237,-0.714920
681,0.838394,-0.718188
682,0.829747,-0.721955
683,0.821330,-0.726169
684,0.813241,-0.730932
685,0.805336,-0.736115
686,0.797883,-0.741787
687,0.790711,-0.747742
688,0.783839,-0.754154
689,0.777345,-0.760924
690,0.771245,-0.768076
691,0.765533,-0.775560
692,0.760661,-0.783480
693,0.755915,-0.791539
694,0.751590,-0.799839
695,0.747759,-0.808392
696,0.744386,-0.817122
697,0.741530,-0.826061
698,0.739194,-0.835143
699,0.737351,-0.844379
700,0.736090,-0.853671
701,0.735317,-0.863041
702,0.735095,-0.872434
703,0.735404,-0.881848
704,0.736209,-0.891246
705,0.737587,-0.900555
706,0.739504,-0.909730
707,0.742076,-0.918703
708,0.744986,-0.927519
709,0.748403,-0.936234
710,0.752354,-0.944750
711,0.756743,-0.953013
712,0.761549,-0.960999
713,0.767119,-0.968424
714,0.772856,-0.975845
715,0.779003,-0.982942
716,0.785546,-0.989636
717,0.792483,-0.996022
718,0.799750,-1.002006
719,0.807343,-1.007519
720,0.815239,-1.012601
721,0.823410,-1.017210
722,0.831850,-1.021309
723,0.840542,-1.024987
724,0.849371,-1.028154
725,0.858360,-1.030793
726,0.867504,-1.032919
727,0.876699,-1.034512
728,0.886036,-1.035436
729,0.895307,-1.035959
730,0.904628,-1.035937
731,0.913971,-1.035427
732,0.923325,-1.034339
733,0.932550,-1.032755
734,0.941662,-1.030642
735,0.950657,-1.028002
736,0.959449,-1.024794
737,0.968077,-1.021165
738,0.976497,-1.017038
739,0.984660,-1.012428
740,0.992561,-1.007385
741,1.000142,-1.001882
742,1.007426,-0.995971
743,1.014333,-0.989618
744,1.020949,-0.982899
745,1.027102,-0.975852
746,1.032865,-0.968401
747,1.038135,-0.960698
748,1.042991,-0.952681
749,1.047414,-0.944377
750,1.051131,-0.935836
751,1.054519,-0.927191
752,1.057455,-0.918365
753,1.059876,-0.909311
754,1.061791,-0.900084
755,1.063162,-0.890917
756,1.063979,-0.881571
757,1.064288,-0.872220
758,1.064098,-0.862797
759,1.063344,-0.853425
760,1.061666,-0.844380
761,1.059887,-0.835244
762,1.057580,-0.826131
763,1.054775,-0.817179
764,1.051471,-0.808430
765,1.047661,-0.799860
766,1.043374,-0.791517
767,1.038615,-0.783453
768,1.033397,-0.775656
769,1.027752,-0.768171
770,1.021689,-0.761008
771,1.015222,-0.754227
772,1.008436,-0.747924
773,1.001268,-0.741928
774,0.993743,-0.736347
775,0.985910,-0.731207
776,0.977773,-0.726531
777,0.969435,-0.722372
778,0.960836,-0.718614
779,0.952013,-0.715384
780,0.943159,-0.712692
781,0.934057,-0.710489
782,0.924885,-0.708813
783,0.915671,-0.707657
784,0.906342,-0.707025
785,0.896918,-0.706890
786,0.887591,-0.707308
787,0.878298,-0.708268
788,0.869075,-0.709753
789,0.859909,-0.711770
790,0.850914,-0.714324
791,0.842078,-0.717356
792,0.833414,-0.720883
793,0.824928,-0.725012
794,0.816908,-0.729576
795,0.809036,-0.734486
796,0.801421,-0.739852
797,0.794149,-0.745697
798,0.787186,-0.751890
799,0.780558,-0.758484
800,0.774280,-0.765464
801,0.768528,-0.772799
802,0.763155,-0.780432
803,0.758567,-0.788460
804,0.754058,-0.796723
805,0.750020,-0.805159
806,0.746463,-0.813814
807,0.743402,-0.822661
808,0.740850,-0.831670
809,0.738832,-0.840752
810,0.737342,-0.849979
811,0.736394,-0.859266
812,0.736029,-0.868618
813,0.736130,-0.877947
814,0.736723,-0.887337
815,0.737927,-0.896501
816,0.739604,-0.905677
817,0.741805,-0.914772
818,0.744512,-0.923693
819,0.747757,-0.932498
820,0.751475,-0.941044
821,0.755988,-0.949110
822,0.760678,-0.957188
823,0.765785,-0.965018
824,0.771326,-0.972553
825,0.777288,-0.979764
826,0.783664,-0.986582
827,0.790400,-0.993057
828,0.797528,-0.999196
829,0.805017,-1.004859
830,0.812768,-1.010093
831,0.820806,-1.014862
832,0.829101,-1.019186
833,0.837662,-1.022975
834,0.846396,-1.026275
835,0.855326,-1.029071
836,0.864269,-1.031286
837,0.873356,-1.033051
838,0.882606,-1.034334
839,0.891918,-1.035077
840,0.901182,-1.035258
841,0.910557,-1.034932
842,0.919888,-1.034073
843,0.928955,-1.032654
844,0.938076,-1.030709
845,0.947095,-1.028283
846,0.956004,-1.025365
847,0.964688,-1.021944
848,0.973165,-1.017993
849,0.981369,-1.013579
850,0.989361,-1.008733
851,0.997067,-1.003436
852,1.004347,-0.997600
853,1.011396,-0.991470
854,1.018059,-0.984959
855,1.024388,-0.978060
856,1.030216,-0.970731
857,1.035570,-0.963237
858,1.040535,-0.955441
859,1.045031,-0.947376
860,1.049132,-0.938999
861,1.052716,-0.930336
862,1.055783,-0.921561
863,1.058388,-0.912632
864,1.060471,-0.903559
865,1.062026,-0.894375
866,1.063082,-0.885120
867,1.063565,-0.875823
868,1.063550,-0.866550
869,1.063027,-0.857188
870,1.061957,-0.847886
871,1.060358,-0.838705
872,1.058220,-0.829597
873,1.055601,-0.820669
874,1.052441,-0.811895
875,1.048790,-0.803295
876,1.044646,-0.794968
877,1.040070,-0.786861
878,1.034780,-0.779101
879,1.029352,-0.771666
880,1.023484,-0.764503
881,1.017193,-0.757639
882,1.010527,-0.751147
883,1.003421,-0.745070
884,0.996016,-0.739424
885,0.988350,-0.734138
886,0.980393,-0.729311
887,0.972172,-0.724944
888,0.963636,-0.721106
889,0.954964,-0.717889
890,0.946129,-0.714999
891,0.937142,-0.712591
892,0.928052,-0.710716
893,0.918903,-0.709362
894,0.909648,-0.708529
895,0.900334,-0.708211
896,0.891047,-0.708449
897,0.881975,-0.709621
898,0.872845,-0.710906
899,0.863685,-0.712668
900,0.854688,-0.714981
901,0.845824,-0.717797
902,0.837129,-0.721114
903,0.828628,-0.724922
904,0.820424,-0.729310
905,0.812425,-0.734086
906,0.804733,-0.739342
907,0.797339,-0.745046
908,0.790296,-0.751095
909,0.783571,-0.757534
910,0.777242,-0.764348
911,0.771359,-0.771507
912,0.765847,-0.778986
913,0.760776,-0.786774
914,0.756131,-0.794896
915,0.751966,-0.803255
916,0.748333,-0.811765
917,0.745199,-0.820494
918,0.742524,-0.829398
919,0.740369,-0.838467
920,0.738718,-0.847622
921,0.737621,-0.856829
922,0.737219,-0.865998
923,0.737166,-0.875193
924,0.737656,-0.884416
925,0.738608,-0.893677
926,0.740145,-0.902823
927,0.742197,-0.911856
928,0.744732,-0.920754
929,0.747763,-0.929535
930,0.751348,-0.938013
931,0.755382,-0.946415
932,0.759832,-0.954453
933,0.764761,-0.962312
934,0.770165,-0.969800
935,0.775961,-0.977040
936,0.782171,-0.983868
937,0.788731,-0.990387
938,0.795660,-0.996510
939,0.802935,-1.002304
940,0.810514,-1.007658
941,0.818397,-1.012548
942,0.826606,-1.016822
943,0.834904,-1.020578
944,0.843539,-1.024036
945,0.852290,-1.026988
946,0.861216,-1.029427
947,0.870267,-1.031352
948,0.879429,-1.032799
949,0.888641,-1.033659
950,0.897866,-1.034000
951,0.907125,-1.033876
952,0.916349,-1.033186
953,0.925330,-1.031880
954,0.934486,-1.030178
955,0.943471,-1.027953
956,0.952316,-1.025189
957,0.961016,-1.021948
958,0.969498,-1.018244
959,0.977649,-1.013956
960,0.985649,-1.009309
961,0.993416,-1.004178
962,1.000805,-0.998629
963,1.007826,-0.992538
964,1.014483,-0.986242
965,1.020768,-0.979545
966,1.026718,-0.972494
967,1.032299,-0.965078
968,1.037045,-0.957248
969,1.041752,-0.949315
970,1.045993,-0.941089
971,1.049760,-0.932637
972,1.053019,-0.923994
973,1.055794,-0.915179
974,1.058068,-0.906210
975,1.059814,-0.897131
976,1.061041,-0.887956
977,1.061749,-0.878725
978,1.061907,-0.869474
979,1.061549,-0.860220
980,1.060673,-0.851010
981,1.059243,-0.841886
982,1.057349,-0.832869
983,1.054945,-0.823951
984,1.051643,-0.815509
985,1.048229,-0.807019
986,1.044319,-0.798637
987,1.039932,-0.790543
988,1.035133,-0.782687
989,1.029871,-0.775141
990,1.024180,-0.767862
991,1.018076,-0.760861
992,1.011593,-0.754260
993,1.004715,-0.748066
994,0.997515,-0.742284
995,0.989903,-0.736933
996,0.982139,-0.732048
997,0.974089,-0.727613
998,0.965826,-0.723635
999,0.957275,-0.720104
1000,0.948596,-0.717100
1001,0.939744,-0.714558
1002,0.930757,-0.712545
1003,0.921680,-0.711059
1004,0.912525,-0.710095
1005,0.903279,-0.709581
1006,0.894091,-0.709803
1007,0.885083,-0.710433
1008,0.875988,-0.711529
1009,0.867166,-0.713168
1010,0.858173,-0.715321
1011,0.849402,-0.718015
1012,0.840757,-0.721129
1013,0.832317,-0.724732
1014,0.824021,-0.728859
1015,0.816058,-0.733412
1016,0.808316,-0.738401
1017,0.800880,-0.743878
1018,0.793772,-0.749738
1019,0.787004,-0.755993
1020,0.780596,-0.762632
1021,0.774584,-0.769640
1022,0.769040,-0.776938
1023,0.764246,-0.784670
1024,0.759542,-0.792530
1025,0.755258,-0.800621
1026,0.751457,-0.808997
1027,0.748259,-0.817502
1028,0.745482,-0.826148
1029,0.743153,-0.835007
1030,0.741349,-0.844020
1031,0.740004,-0.853125
1032,0.739218,-0.862261
1033,0.738990,-0.871421
1034,0.739254,-0.880590
1035,0.740046,-0.889703
1036,0.741367,-0.898798
1037,0.743209,-0.907776
1038,0.745555,-0.916650
1039,0.748418,-0.925331
1040,0.751774,-0.933779
1041,0.755580,-0.942083
1042,0.759874,-0.950152
1043,0.764610,-0.957977
1044,0.769782,-0.965500
1045,0.775393,-0.972733
1046,0.781351,-0.979636
1047,0.787803,-0.985923
1048,0.794442,-0.991959
1049,0.801321,-0.997457
1050,0.808694,-1.002655
1051,0.816220,-1.007365
1052,0.823975,-1.011523
1053,0.831850,-1.015081
1054,0.839714,-1.017939
1055,0.847485,-1.020109
1056,0.855039,-1.021440
1057,0.862170,-1.021951
1058,0.868870,-1.021641
1059,0.874943,-1.020544
1060,0.880359,-1.018872
1061,0.886317,-1.016475
1062,0.893655,-1.013795
1063,0.901271,-1.010861
1064,0.907465,-1.006827
1065,0.912085,-0.999959
1066,0.913784,-0.990526
1067,0.916675,-0.983558
1068,0.920434,-0.976826
1069,0.923550,-0.969784
1070,0.925722,-0.962650
1071,0.926765,-0.955565
1072,0.926510,-0.947132
1073,0.925267,-0.939122
1074,0.923217,-0.931368
1075,0.920441,-0.923685
1076,0.917082,-0.915977
1077,0.913193,-0.908231
1078,0.908794,-0.900326
1079,0.903656,-0.891717
1080,0.898003,-0.883491
1081,0.891771,-0.875117
1082,0.884994,-0.866567
1083,0.877574,-0.858146
1084,0.869718,-0.851156
1085,0.861125,-0.844553
1086,0.852184,-0.839734
1087,0.842911,-0.837493
1088,0.833809,-0.834812
1089,0.825450,-0.833389
1090,0.816528,-0.832135
1091,0.806112,-0.830095
1092,0.794838,-0.826427
1093,0.782611,-0.822279
1094,0.775209,-0.821257
1095,0.772860,-0.822858
1096,0.767113,-0.824288
1097,0.758669,-0.825407
1098,0.750093,-0.827232
1099,0.740876,-0.829521
1100,0.731739,-0.832462
1101,0.722442,-0.836045
1102,0.712172,-0.840270
1103,0.700856,-0.845051
1104,0.689557,-0.850878
1105,0.677122,-0.858865
1106,0.664225,-0.868219
1107,0.651840,-0.878548
1108,0.641201,-0.887722
1109,0.630859,-0.896446
1110,0.628068,-0.898534
1111,0.622647,-0.904749
1112,0.616642,-0.914119
1113,0.611474,-0.924129
1114,0.606955,-0.934491
1115,0.603078,-0.945165
1116,0.599981,-0.956425
1117,0.597405,-0.967593
1118,0.595466,-0.978924
1119,0.594184,-0.990342
1120,0.593586,-1.001868
1121,0.593602,-1.013465
1122,0.594412,-1.025130
1123,0.595908,-1.036768
1124,0.598115,-1.048373
1125,0.601030,-1.059894
1126,0.604972,-1.071653
1127,0.609505,-1.083006
1128,0.614448,-1.094077
1129,0.620311,-1.104896
1130,0.626947,-1.115435
1131,0.634611,-1.125523
1132,0.643179,-1.134604
1133,0.654669,-1.143221
1134,0.666919,-1.151250
1135,0.679614,-1.158618
1136,0.692598,-1.165225
1137,0.705873,-1.171126
1138,0.719388,-1.176259
1139,0.733072,-1.180661
1140,0.746933,-1.184307
1141,0.760820,-1.187149
1142,0.774752,-1.189452
1143,0.788582,-1.193948
1144,0.801741,-1.199710
1145,0.815645,-1.202243
1146,0.829797,-1.203084
1147,0.843249,-1.203536
1148,0.855263,-1.204557
1149,0.867036,-1.205638
1150,0.878788,-1.206345
1151,0.890502,-1.206447
1152,0.902322,-1.205970
1153,0.914032,-1.204960
1154,0.925649,-1.203272
1155,0.937209,-1.200832
1156,0.948572,-1.197792
1157,0.959729,-1.194135
1158,0.970682,-1.189837
1159,0.981381,-1.184882
1160,0.991776,-1.179363
1161,1.001862,-1.173205
1162,1.011563,-1.166548
1163,1.020992,-1.159327
1164,1.034841,-1.153437
1165,1.050571,-1.147941
1166,1.066752,-1.141910
1167,1.083556,-1.135212
1168,1.100198,-1.127754
1169,1.116446,-1.119541
1170,1.129671,-1.110337
1171,1.138494,-1.100355
1172,1.144792,-1.089880
1173,1.151780,-1.076937
1174,1.159910,-1.062381
1175,1.167836,-1.048812
1176,1.175352,-1.035967
1177,1.181973,-1.022738
1178,1.187831,-1.009116
1179,1.193308,-0.995577
1180,1.198155,-0.982699
1181,1.202281,-0.969673
1182,1.205584,-0.956490
1183,1.208098,-0.943158
1184,1.209854,-0.929654
1185,1.210787,-0.916145
1186,1.210960,-0.902600
1187,1.210366,-0.889064
1188,1.209003,-0.875580
1189,1.206842,-0.862186
1190,1.203575,-0.849054
1191,1.199971,-0.836016
1192,1.195612,-0.823204
1193,1.190528,-0.810658
1194,1.184737,-0.798419
1195,1.178257,-0.786529
1196,1.171080,-0.775020
1197,1.163292,-0.763935
1198,1.154880,-0.753308
1199,1.145880,-0.743182
1200,1.136318,-0.733584
1201,1.126062,-0.724545
1202,1.115498,-0.716044
1203,1.104472,-0.708184
1204,1.093002,-0.700903
1205,1.081132,-0.693573
1206,1.068876,-0.687264
1207,1.056301,-0.681932
1208,1.043467,-0.677436
1209,1.030782,-0.673624
1210,1.018633,-0.669617
1211,1.005430,-0.666051
1212,0.991687,-0.663229
1213,0.977719,-0.661165
1214,0.963505,-0.659936
1215,0.949385,-0.659461
1216,0.935241,-0.659797
1217,0.921141,-0.660949
1218,0.907121,-0.662886
1219,0.893245,-0.665613
1220,0.879539,-0.669130
1221,0.866085,-0.673432
1222,0.852779,-0.678575
1223,0.839888,-0.684381
1224,0.827329,-0.690880
1225,0.815177,-0.698094
1226,0.803464,-0.705991
1227,0.792185,-0.714549
1228,0.781784,-0.723924
1229,0.771548,-0.733702
1230,0.761901,-0.744011
1231,0.752871,-0.754888
1232,0.744464,-0.766282
1233,0.736749,-0.778175
1234,0.729664,-0.790409
1235,0.723288,-0.803045
1236,0.717646,-0.815983
1237,0.712770,-0.829245
1238,0.708583,-0.842737
1239,0.705249,-0.856494
1240,0.702670,-0.870427
1241,0.700899,-0.884472
1242,0.699909,-0.898607
1243,0.699734,-0.912789
1244,0.700379,-0.926950
1245,0.701888,-0.941176
1246,0.704408,-0.954962
1247,0.707393,-0.968769
1248,0.711192,-0.982397
1249,0.715741,-0.995801
1250,0.721099,-1.008850
1251,0.727102,-1.021679
1252,0.733978,-1.034202
1253,0.741428,-1.046245
1254,0.749505,-1.057867
1255,0.758246,-1.068957
1256,0.767587,-1.079558
1257,0.777531,-1.089618
1258,0.788031,-1.099077
1259,0.799041,-1.107941
1260,0.810622,-1.116210
1261,0.822528,-1.123785
1262,0.834837,-1.130677
1263,0.847505,-1.136843
1264,0.860475,-1.142313
1265,0.873695,-1.147102
1266,0.887130,-1.150708
1267,0.900747,-1.153927
1268,0.914530,-1.156456
1269,0.928396,-1.158156
1270,0.942193,-1.159176
1271,0.956003,-1.159392
1272,0.969999,-1.159015
1273,0.984481,-1.158296
1274,0.999106,-1.156969
1275,1.013620,-1.154836
1276,1.027840,-1.153368
1277,1.041343,-1.153340
1278,1.053971,-1.152732
1279,1.065778,-1.150420
1280,1.077280,-1.147130
1281,1.088584,-1.143049
1282,1.099589,-1.138350
1283,1.110305,-1.133027
1284,1.120678,-1.127104
1285,1.130752,-1.120547
1286,1.140416,-1.113485
1287,1.149313,-1.105697
1288,1.158080,-1.097416
1289,1.166382,-1.088718
1290,1.174175,-1.079664
1291,1.181470,-1.070204
1292,1.188172,-1.060332
1293,1.194312,-1.050082
1294,1.199862,-1.039493
1295,1.204784,-1.028591
1296,1.209104,-1.017453
1297,1.212774,-1.006079
1298,1.215686,-0.994306
1299,1.218022,-0.982588
1300,1.219715,-0.970756
1301,1.220711,-0.958856
1302,1.221009,-0.946906
1303,1.220642,-0.934951
1304,1.219588,-0.923035
1305,1.217856,-0.911222
1306,1.215133,-0.899711
1307,1.211892,-0.888044
1308,1.208186,-0.876695
1309,1.203883,-0.865563
1310,1.198915,-0.854723
1311,1.193333,-0.844167
1312,1.187153,-0.833938
1313,1.180340,-0.824095
1314,1.173082,-0.814623
1315,1.165269,-0.805593
1316,1.156730,-0.797006
1317,1.147926,-0.788937
1318,1.138675,-0.781384
1319,1.129847,-0.774380
1320,1.121557,-0.767904
1321,1.113415,-0.761737
1322,1.104845,-0.755952
1323,1.095885,-0.750726
1324,1.086489,-0.746508
1325,1.076354,-0.742763
1326,1.066284,-0.739526
1327,1.055889,-0.736999
1328,1.045212,-0.735185
1329,1.034242,-0.734168
1330,1.023025,-0.733921
1331,1.011631,-0.734433
1332,1.000122,-0.735690
1333,0.988547,-0.737678
1334,0.977085,-0.740377
1335,0.965595,-0.743922
1336,0.954948,-0.746780
1337,0.945507,-0.747977
1338,0.935978,-0.749660
1339,0.926682,-0.751495
1340,0.917461,-0.753785
1341,0.908403,-0.756581
1342,0.899477,-0.759933
1343,0.890763,-0.763731
1344,0.882284,-0.768285
1345,0.874103,-0.773049
1346,0.866169,-0.778274
1347,0.858568,-0.783937
1348,0.851295,-0.790014
1349,0.844378,-0.796498
1350,0.837820,-0.803381
1351,0.831685,-0.810618
1352,0.825965,-0.818189
1353,0.820672,-0.826093
1354,0.815833,-0.834285
1355,0.811771,-0.842955
1356,0.807948,-0.851654
1357,0.804601,-0.860518
1358,0.801745,-0.869572
1359,0.799485,-0.878803
1360,0.797705,-0.888102
1361,0.796435,-0.897511
1362,0.795740,-0.906975
1363,0.795568,-0.916462
1364,0.795921,-0.925940
1365,0.796837,-0.935407
1366,0.798285,-0.944789
1367,0.800262,-0.954086
1368,0.802783,-0.963301
1369,0.806117,-0.972329
1370,0.809674,-0.981095
1371,0.813747,-0.989665
1372,0.818295,-0.997989
1373,0.823267,-1.006069
1374,0.828687,-1.013827
1375,0.834596,-1.021266
1376,0.840878,-1.028381
1377,0.847454,-1.035104
1378,0.854532,-1.041470
1379,0.861922,-1.047427
1380,0.869693,-1.052914
1381,0.877719,-1.057951
1382,0.886011,-1.062568
1383,0.894536,-1.066309
1384,0.903305,-1.069935
1385,0.912244,-1.073068
1386,0.921348,-1.075699
1387,0.930591,-1.077811
1388,0.939942,-1.079387
1389,0.949376,-1.080428
1390,0.958841,-1.080868
1391,0.968335,-1.080846
1392,0.977770,-1.080307
1393,0.987220,-1.079107
1394,0.996589,-1.077454
1395,1.005841,-1.075272
1396,1.014957,-1.072459
1397,1.023880,-1.069256
1398,1.032606,-1.065502
1399,1.041079,-1.061303
1400,1.049299,-1.056515
1401,1.057208,-1.051233
1402,1.064837,-1.045658
1403,1.072136,-1.039637
1404,1.079085,-1.033209
1405,1.085661,-1.026388
1406,1.091840,-1.019187
1407,1.097604,-1.011658
1408,1.102916,-1.003826
1409,1.107667,-0.995599
1410,1.112094,-0.987226
1411,1.115973,-0.978510
1412,1.119426,-0.969687
1413,1.122311,-0.960664
1414,1.124680,-0.951479
1415,1.126292,-0.942019
1416,1.127612,-0.932664
1417,1.128394,-0.923258
1418,1.128563,-0.913771
1419,1.128272,-0.904328
1420,1.127427,-0.894901
1421,1.126072,-0.885573
1422,1.124152,-0.876302
1423,1.121724,-0.867153
1424,1.118808,-0.858181
1425,1.115355,-0.849390
1426,1.111405,-0.840819
1427,1.106964,-0.832474
1428,1.101869,-0.824730
1429,1.096554,-0.816951
1430,1.090807,-0.809475
1431,1.084639,-0.802332
1432,1.078074,-0.795551
1433,1.071136,-0.789151
1434,1.063840,-0.783157
1435,1.056234,-0.777596
1436,1.048289,-0.772454
1437,1.039852,-0.767921
1438,1.031373,-0.763779
1439,1.022680,-0.760096
1440,1.013723,-0.757016
1441,1.004670,-0.754337
1442,0.995483,-0.752220
1443,0.986207,-0.750589
1444,0.976834,-0.749557
1445,0.967398,-0.748992
1446,0.957981,-0.748953
1447,0.948550,-0.749509
1448,0.939188,-0.750537
1449,0.929858,-0.752257
1450,0.920693,-0.754372
1451,0.911658,-0.756989
1452,0.902781,-0.760110
1453,0.894429,-0.763950
1454,0.885933,-0.768093
1455,0.877755,-0.772692
1456,0.869769,-0.777714
1457,0.862102,-0.783245
1458,0.854769,-0.789162
1459,0.847776,-0.795482
1460,0.841152,-0.802191
1461,0.834917,-0.809267
1462,0.829097,-0.816747
1463,0.823931,-0.824825
1464,0.819023,-0.832853
1465,0.814581,-0.841145
1466,0.810609,-0.849678
1467,0.807131,-0.858427
1468,0.804174,-0.867377
1469,0.801740,-0.876492
1470,0.799850,-0.885712
1471,0.798463,-0.895019
1472,0.797611,-0.904428
1473,0.797318,-0.913793
1474,0.797487,-0.923231
1475,0.798574,-0.932431
1476,0.799839,-0.941742
1477,0.801615,-0.950974
1478,0.803930,-0.960075
1479,0.806769,-0.969061
1480,0.810079,-0.977858
1481,0.813887,-0.986454
1482,0.818179,-0.994821
1483,0.822954,-1.002932
1484,0.828186,-1.010754
1485,0.833870,-1.018271
1486,0.840019,-1.025438
1487,0.846536,-1.032239
1488,0.853607,-1.038610
1489,0.860815,-1.044615
1490,0.868325,-1.050202
1491,0.876166,-1.055327
1492,0.884302,-1.060052
1493,0.892679,-1.063927
1494,0.901324,-1.067661
1495,0.910127,-1.070871
1496,0.919121,-1.073641
1497,0.928224,-1.075899
1498,0.937447,-1.077635
1499,0.946757,-1.078845
1500,0.956124,-1.079522
1501,0.965514,-1.079666
1502,0.974918,-1.079236
1503,0.984260,-1.078315
1504,0.993584,-1.076760
1505,1.002759,-1.074751
1506,1.011869,-1.072038
1507,1.020760,-1.068891
1508,1.029375,-1.065396
1509,1.037852,-1.061359
1510,1.046102,-1.056875
1511,1.054071,-1.051923
1512,1.061738,-1.046502
1513,1.069034,-1.040653
1514,1.076057,-1.034399
1515,1.082680,-1.027701
1516,1.088939,-1.020713
1517,1.094704,-1.013175
1518,1.100104,-1.005531
1519,1.104676,-0.997560
1520,1.109179,-0.989356
1521,1.113219,-0.980911
1522,1.116768,-0.972240
1523,1.119824,-0.963379
1524,1.122374,-0.954362
1525,1.124361,-0.945180
1526,1.125857,-0.935950
1527,1.126749,-0.926631
1528,1.127192,-0.917246
1529,1.127091,-0.907855
1530,1.126481,-0.898501
1531,1.125271,-0.889197
1532,1.123577,-0.879955
1533,1.121370,-0.870850
1534,1.118625,-0.861886
1535,1.115401,-0.853103
1536,1.111656,-0.844527
1537,1.107166,-0.836486
1538,1.102494,-0.828392
1539,1.097324,-0.820574
1540,1.091774,-0.813052
1541,1.085777,-0.805836
1542,1.079408,-0.799004
1543,1.072662,-0.792527
1544,1.065564,-0.786446
1545,1.058113,-0.780820
1546,1.050326,-0.775561
1547,1.042211,-0.770810
1548,1.033914,-0.766520
1549,1.025398,-0.762662
1550,1.016640,-0.759301
1551,1.007707,-0.756468
1552,0.998537,-0.754271
1553,0.989502,-0.752850
1554,0.980267,-0.751564
1555,0.970962,-0.750807
1556,0.961628,-0.750571
1557,0.952277,-0.750920
1558,0.942980,-0.751753
1559,0.933739,-0.753105
1560,0.924588,-0.754981
1561,0.915556,-0.757373
1562,0.906712,-0.760287
1563,0.897972,-0.763959
1564,0.889488,-0.767876
1565,0.881233,-0.772261
1566,0.873290,-0.777190
1567,0.865586,-0.782509
1568,0.858226,-0.788212
1569,0.851553,-0.794465
1570,0.844886,-0.800963
1571,0.838587,-0.807827
1572,0.832684,-0.815040
1573,0.827199,-0.822577
1574,0.822151,-0.830419
1575,0.817584,-0.838576
1576,0.813481,-0.846948
1577,0.809847,-0.855538
1578,0.806702,-0.864323
1579,0.804087,-0.873212
1580,0.801944,-0.882341
1581,0.800313,-0.891546
1582,0.799294,-0.900876
1583,0.798790,-0.910222
1584,0.798855,-0.919557
1585,0.799346,-0.928862
1586,0.800410,-0.938121
1587,0.801964,-0.947299
1588,0.804180,-0.956419
1589,0.806893,-0.965386
1590,0.810003,-0.974174
1591,0.813655,-0.982762
1592,0.817792,-0.991145
1593,0.822418,-0.999270
1594,0.827455,-1.007096
1595,0.832979,-1.014596
1596,0.838835,-1.021857
1597,0.845098,-1.028732
1598,0.851903,-1.035197
1599,0.858908,-1.041328
1600,0.866276,-1.047033
1601,0.873961,-1.052262
1602,0.881924,-1.057118
1603,0.890156,-1.061489
1604,0.898826,-1.065229
1605,0.907502,-1.068579
1606,0.916260,-1.071092
1607,0.925226,-1.073490
1608,0.934318,-1.075390
1609,0.943506,-1.076776
1610,0.952761,-1.077638
1611,0.962052,-1.077973
1612,0.971347,-1.077802
1613,0.980569,-1.076951
1614,0.989814,-1.075708
1615,0.998942,-1.073940
1616,1.007983,-1.071638
1617,1.016908,-1.068633
1618,1.025582,-1.065315
1619,1.034040,-1.061501
1620,1.042308,-1.057204
1621,1.050280,-1.052392
1622,1.057974,-1.047226
1623,1.065355,-1.041591
1624,1.072434,-1.035577
1625,1.079149,-1.029129
1626,1.085483,-1.022357
1627,1.091419,-1.015188
1628,1.096958,-1.007727
1629,1.102024,-0.999951
1630,1.106670,-0.991922
1631,1.110826,-0.983624
1632,1.114107,-0.975106
1633,1.117308,-0.966404
1634,1.120020,-0.957546
1635,1.122235,-0.948519
1636,1.123941,-0.939389
1637,1.125078,-0.930184
1638,1.125732,-0.920898
1639,1.125862,-0.911615
1640,1.125465,-0.902340
1641,1.124504,-0.893089
1642,1.123005,-0.883902
1643,1.120998,-0.874823
1644,1.118457,-0.865870
1645,1.115190,-0.857052
1646,1.111671,-0.848477
1647,1.107641,-0.840137
1648,1.103127,-0.832014
1649,1.098184,-0.824183
1650,1.092844,-0.816625
1651,1.087046,-0.809392
1652,1.080905,-0.802506
1653,1.074308,-0.795953
1654,1.067388,-0.789780
1655,1.060086,-0.784052
1656,1.052507,-0.778688
1657,1.044340,-0.774067
1658,1.036205,-0.769630
1659,1.027790,-0.765717
1660,1.019235,-0.762241
1661,1.010484,-0.759254
1662,1.001561,-0.756766
1663,0.992540,-0.754957
1664,0.983413,-0.753493
1665,0.974206,-0.752543
1666,0.964950,-0.752133
1667,0.955700,-0.752254
1668,0.946431,-0.752911
1669,0.937201,-0.754292
1670,0.928391,-0.756312
1671,0.919411,-0.758519
1672,0.910605,-0.761316
1673,0.901931,-0.764467
1674,0.893538,-0.768225
1675,0.885267,-0.772361
1676,0.877256,-0.776957
1677,0.869522,-0.782003
1678,0.862088,-0.787482
1679,0.854977,-0.793378
1680,0.848221,-0.799687
1681,0.841832,-0.806370
1682,0.835822,-0.813473
1683,0.830432,-0.821118
1684,0.825305,-0.828782
1685,0.820609,-0.836725
1686,0.816378,-0.844912
1687,0.812902,-0.853507
1688,0.809644,-0.862139
1689,0.806878,-0.870923
1690,0.804708,-0.879827
1691,0.802973,-0.888857
1692,0.801688,-0.897972
1693,0.800955,-0.907145
1694,0.800732,-0.916339
1695,0.801048,-0.925565
1696,0.801930,-0.934760
1697,0.803291,-0.943872
1698,0.805164,-0.952889
1699,0.807546,-0.961799
1700,0.810543,-0.970593
1701,0.814247,-0.979155
1702,0.818138,-0.987484
1703,0.822481,-0.995603
1704,0.827328,-1.003446
1705,0.832670,-1.010922
1706,0.838351,-1.018111
1707,0.844376,-1.025050
1708,0.850858,-1.031633
1709,0.857655,-1.037847
1710,0.864823,-1.043602
1711,0.872252,-1.049007
1712,0.880057,-1.053555
1713,0.888064,-1.058065
1714,0.896310,-1.062120
1715,0.904774,-1.065704
1716,0.913467,-1.068754
1717,0.922287,-1.071343
1718,0.931269,-1.073382
1719,0.940354,-1.074909
1720,0.949487,-1.075961
1721,0.958638,-1.076400
1722,0.967842,-1.076284
1723,0.977041,-1.075779
1724,0.986218,-1.074586
1725,0.995294,-1.073022
1726,1.004252,-1.070967
1727,1.013062,-1.068416
1728,1.021679,-1.065335
1729,1.030160,-1.061818
1730,1.038065,-1.057555
1731,1.046067,-1.053027
1732,1.053806,-1.048060
1733,1.061245,-1.042652
1734,1.068371,-1.036835
1735,1.075167,-1.030672
1736,1.081616,-1.024114
1737,1.087676,-1.017216
1738,1.093315,-1.009944
1739,1.098550,-1.002401
1740,1.103305,-0.994533
1741,1.107656,-0.986446
1742,1.111512,-0.978075
1743,1.114900,-0.969545
1744,1.117767,-0.960799
1745,1.120148,-0.951937
1746,1.121631,-0.943089
1747,1.122942,-0.934018
1748,1.123821,-0.924884
1749,1.124150,-0.915688
1750,1.123953,-0.906518
1751,1.123242,-0.897375
1752,1.122036,-0.888292
1753,1.120282,-0.879278
1754,1.117942,-0.870360
1755,1.115179,-0.861620
1756,1.111897,-0.853037
1757,1.108163,-0.844648
1758,1.103954,-0.836499
1759,1.099274,-0.828591
1760,1.094113,-0.820957
1761,1.088414,-0.813027
1762,1.083238,-0.805604
1763,1.077749,-0.798639
1764,1.071876,-0.792029
1765,1.065628,-0.785762
1766,1.059049,-0.779888
1767,1.052013,-0.774419
1768,1.044787,-0.769333
1769,1.037287,-0.764654
1770,1.029488,-0.760459
1771,1.021277,-0.756872
1772,1.013104,-0.753568
1773,1.004752,-0.750732
1774,0.996245,-0.748366
1775,0.987607,-0.746490
1776,0.978845,-0.745172
1777,0.970062,-0.744299
1778,0.961236,-0.743928
1779,0.952382,-0.744180
1780,0.943576,-0.744821
1781,0.934823,-0.745923
1782,0.926419,-0.747824
1783,0.917819,-0.749990
1784,0.909387,-0.752569
1785,0.901110,-0.755629
1786,0.893021,-0.759159
1787,0.885142,-0.763142
1788,0.877501,-0.767574
1789,0.870130,-0.772483
1790,0.863051,-0.777747
1791,0.856272,-0.783421
1792,0.849831,-0.789466
1793,0.843739,-0.795881
1794,0.838033,-0.802627
1795,0.832738,-0.809798
1796,0.827863,-0.817168
1797,0.823407,-0.824825
1798,0.819856,-0.832750
1799,0.816282,-0.840813
