0,1.104390,-0.331395
1,1.093795,-0.337543
2,1.079501,-0.346743
3,1.065749,-0.356733
4,1.052588,-0.367489
5,1.040060,-0.378977
6,1.028206,-0.391158
7,1.017064,-0.403995
8,1.006671,-0.417444
9,0.997059,-0.431464
10,0.988261,-0.446007
11,0.980304,-0.461027
12,0.973215,-0.476476
13,0.967017,-0.492303
14,0.961729,-0.508457
15,0.957368,-0.524885
16,0.953949,-0.541536
17,0.951484,-0.558353
18,0.949979,-0.575284
19,0.949439,-0.592273
20,0.949868,-0.609265
21,0.950014,-0.614013
22,0.955177,-0.625122
23,0.963552,-0.639909
24,0.972803,-0.654168
25,0.982850,-0.667879
26,0.993661,-0.680995
27,1.005200,-0.693475
28,1.017431,-0.705279
29,1.030314,-0.716367
30,1.033932,-0.719445
31,1.033932,-0.719445
32,1.046144,-0.718482
33,1.062923,-0.715792
34,1.067607,-0.714999
35,1.067607,-0.714999
36,1.067607,-0.714999
37,1.067607,-0.714999
38,1.065900,-0.702868
39,1.062191,-0.686284
40,1.057490,-0.669949
41,1.051868,-0.653909
42,1.045342,-0.638214
43,1.037934,-0.622915
44,1.029668,-0.608064
45,1.020570,-0.593706
46,1.010669,-0.579889
47,0.999999,-0.566658
48,0.988593,-0.554056
49,0.976489,-0.542123
50,0.963725,-0.530897
51,0.950344,-0.520417
52,0.936387,-0.510714
53,0.921902,-0.501822
54,0.906933,-0.493767
55,0.891531,-0.486578
56,0.887216,-0.484593
57,0.887216,-0.484593
58,0.875719,-0.488824
59,0.860293,-0.495954
60,0.845321,-0.503999
61,0.830830,-0.512884
62,0.816868,-0.522578
63,0.803480,-0.533051
64,0.790710,-0.544269
65,0.778599,-0.556195
66,0.767186,-0.568791
67,0.756508,-0.582016
68,0.746600,-0.595827
69,0.737493,-0.610179
70,0.729218,-0.625027
71,0.721801,-0.640321
72,0.715267,-0.656012
73,0.709635,-0.672049
74,0.704926,-0.688381
75,0.701153,-0.704955
76,0.698329,-0.721716
77,0.696463,-0.738611
78,0.695562,-0.755585
79,0.695337,-0.760329
80,0.695337,-0.760329
81,0.695337,-0.760329
82,0.706341,-0.765712
83,0.722155,-0.771932
84,0.738319,-0.777191
85,0.754755,-0.781522
86,0.771412,-0.784910
87,0.788234,-0.787346
88,0.798251,-0.790024
89,0.809067,-0.794851
90,0.810749,-0.795923
91,0.806434,-0.789043
92,0.806782,-0.777098
93,0.801855,-0.771128
94,0.797826,-0.768041
95,0.795696,-0.766029
96,0.794590,-0.753101
97,0.792188,-0.736277
98,0.788779,-0.719625
99,0.784428,-0.703194
100,0.779149,-0.687037
101,0.772960,-0.671207
102,0.765880,-0.655754
103,0.757932,-0.640729
104,0.748676,-0.626384
105,0.739006,-0.612388
106,0.728621,-0.598933
107,0.717486,-0.586090
108,0.705639,-0.573901
109,0.693117,-0.562407
110,0.679962,-0.551643
111,0.666885,-0.550132
112,0.663867,-0.551138
113,0.663199,-0.551486
114,0.651543,-0.557408
115,0.635833,-0.565995
116,0.620520,-0.575481
117,0.605798,-0.585833
118,0.592096,-0.597082
119,0.578722,-0.609056
120,0.566070,-0.621778
121,0.554196,-0.635203
122,0.543604,-0.649234
123,0.533650,-0.663890
124,0.524352,-0.679129
125,0.515971,-0.694867
126,0.509288,-0.711087
127,0.506145,-0.728612
128,0.504699,-0.745521
129,0.497949,-0.755884
130,0.492745,-0.767807
131,0.487648,-0.780420
132,0.485118,-0.795292
133,0.484259,-0.811518
134,0.484278,-0.827946
135,0.484434,-0.843719
136,0.486317,-0.859370
137,0.489046,-0.875191
138,0.492693,-0.890833
139,0.497224,-0.906179
140,0.502510,-0.921007
141,0.508111,-0.934632
142,0.513960,-0.947615
143,0.520529,-0.958986
144,0.528773,-0.966945
145,0.534340,-0.971157
146,0.545730,-0.971027
147,0.561412,-0.965753
148,0.575721,-0.956683
149,0.586618,-0.951917
150,0.594520,-0.951451
151,0.601216,-0.948909
152,0.606890,-0.944406
153,0.613227,-0.939013
154,0.620763,-0.931921
155,0.629344,-0.919729
156,0.637979,-0.905792
157,0.643922,-0.900974
158,0.648596,-0.900291
159,0.656866,-0.898499
160,0.663257,-0.892531
161,0.668917,-0.883846
162,0.673210,-0.871670
163,0.679066,-0.862738
164,0.685360,-0.855916
165,0.691084,-0.848755
166,0.695973,-0.839417
167,0.700270,-0.832427
168,0.705074,-0.823526
169,0.705328,-0.811442
170,0.702433,-0.799809
171,0.701088,-0.788119
172,0.700469,-0.778308
173,0.698440,-0.769059
174,0.695788,-0.759856
175,0.692318,-0.750751
176,0.688215,-0.741727
177,0.683357,-0.732894
178,0.677698,-0.724299
179,0.675299,-0.718928
180,0.667729,-0.713503
181,0.659054,-0.706703
182,0.652532,-0.700530
183,0.647471,-0.692646
184,0.643072,-0.685260
185,0.638581,-0.678994
186,0.633894,-0.673140
187,0.628852,-0.667631
188,0.623562,-0.662386
189,0.617917,-0.657531
190,0.611947,-0.653003
191,0.605837,-0.648740
192,0.599390,-0.644903
193,0.592832,-0.641370
194,0.585953,-0.638347
195,0.578929,-0.635685
196,0.571795,-0.633424
197,0.564620,-0.631470
198,0.557235,-0.630118
199,0.549799,-0.629118
200,0.542327,-0.628556
201,0.534915,-0.628284
202,0.527485,-0.628629
203,0.519861,-0.629529
204,0.512397,-0.630938
205,0.505073,-0.632713
206,0.497846,-0.634791
207,0.490784,-0.637311
208,0.483755,-0.640269
209,0.477100,-0.643518
210,0.470615,-0.647376
211,0.466053,-0.652466
212,0.461777,-0.659754
213,0.456348,-0.667532
214,0.450977,-0.675982
215,0.446016,-0.684835
216,0.441630,-0.694060
217,0.437685,-0.703478
218,0.434325,-0.713203
219,0.431584,-0.723041
220,0.429342,-0.733024
221,0.427702,-0.743229
222,0.426745,-0.753508
223,0.426297,-0.763824
224,0.426461,-0.774149
225,0.427317,-0.784563
226,0.428720,-0.794865
227,0.430758,-0.805118
228,0.433532,-0.815233
229,0.436850,-0.825335
230,0.440852,-0.835267
231,0.445291,-0.844935
232,0.449742,-0.854109
233,0.454615,-0.862880
234,0.459955,-0.871388
235,0.465907,-0.879515
236,0.472204,-0.887267
237,0.478871,-0.894656
238,0.486060,-0.901679
239,0.493606,-0.908284
240,0.501446,-0.914442
241,0.509748,-0.920075
242,0.518273,-0.925331
243,0.527087,-0.929970
244,0.536329,-0.934117
245,0.545665,-0.937791
246,0.555137,-0.940883
247,0.564704,-0.943536
248,0.574613,-0.945449
249,0.584507,-0.946829
250,0.594445,-0.947778
251,0.604475,-0.948014
252,0.614442,-0.947739
253,0.624484,-0.946791
254,0.634333,-0.945397
255,0.644084,-0.943451
256,0.653795,-0.940885
257,0.663244,-0.937675
258,0.672601,-0.934060
259,0.681702,-0.929877
260,0.690484,-0.925262
261,0.699038,-0.919912
262,0.707258,-0.914252
263,0.715151,-0.908151
264,0.722691,-0.901734
265,0.729770,-0.894624
266,0.736442,-0.887394
267,0.742226,-0.879336
268,0.747103,-0.871191
269,0.752367,-0.863017
270,0.757274,-0.854487
271,0.761683,-0.845614
272,0.765602,-0.836592
273,0.769012,-0.827369
274,0.771849,-0.817973
275,0.774157,-0.808315
276,0.775957,-0.798618
277,0.777185,-0.788803
278,0.777850,-0.778965
279,0.777974,-0.769121
280,0.777420,-0.759246
281,0.776375,-0.749430
282,0.774722,-0.739664
283,0.772516,-0.730049
284,0.769684,-0.720499
285,0.766450,-0.711187
286,0.762727,-0.702078
287,0.758089,-0.693208
288,0.753298,-0.684593
289,0.747992,-0.676221
290,0.742142,-0.668208
291,0.735817,-0.660559
292,0.728962,-0.653294
293,0.721904,-0.646406
294,0.714338,-0.639940
295,0.706373,-0.633985
296,0.698130,-0.628439
297,0.691926,-0.626018
298,0.686396,-0.624894
299,0.678543,-0.622904
300,0.669967,-0.621170
301,0.661006,-0.619976
302,0.652043,-0.619222
303,0.642996,-0.619081
304,0.633910,-0.619395
305,0.624918,-0.620225
306,0.616007,-0.621520
307,0.607172,-0.623418
308,0.598427,-0.625814
309,0.589757,-0.628778
310,0.581360,-0.632259
311,0.573132,-0.636196
312,0.565145,-0.640467
313,0.557421,-0.645291
314,0.550012,-0.650469
315,0.542867,-0.656234
316,0.536113,-0.662267
317,0.529692,-0.668707
318,0.523684,-0.675601
319,0.518060,-0.682731
320,0.512871,-0.690210
321,0.508062,-0.697987
322,0.503735,-0.705943
323,0.499916,-0.714131
324,0.496548,-0.722494
325,0.493688,-0.731222
326,0.491260,-0.739905
327,0.489374,-0.748749
328,0.487948,-0.757594
329,0.487224,-0.766785
330,0.487009,-0.775909
331,0.487149,-0.784915
332,0.487791,-0.793859
333,0.489120,-0.802862
334,0.491050,-0.811931
335,0.493245,-0.820649
336,0.495960,-0.829194
337,0.499216,-0.837536
338,0.502942,-0.845785
339,0.507179,-0.853804
340,0.511864,-0.861626
341,0.517125,-0.869074
342,0.522550,-0.876208
343,0.528329,-0.883016
344,0.534728,-0.889482
345,0.541721,-0.895616
346,0.549036,-0.901303
347,0.556625,-0.906471
348,0.564503,-0.911213
349,0.572734,-0.915511
350,0.581434,-0.919305
351,0.590226,-0.922542
352,0.599250,-0.925237
353,0.608541,-0.927230
354,0.618118,-0.928561
355,0.627935,-0.929251
356,0.637896,-0.929319
357,0.647916,-0.928665
358,0.657975,-0.927204
359,0.663683,-0.927303
360,0.666845,-0.927150
361,0.672196,-0.924822
362,0.680672,-0.918680
363,0.689963,-0.912619
364,0.697873,-0.908270
365,0.706940,-0.905871
366,0.715361,-0.904203
367,0.722687,-0.901907
368,0.729728,-0.899193
369,0.736507,-0.896091
370,0.743127,-0.892592
371,0.749512,-0.888699
372,0.754033,-0.885521
373,0.756906,-0.883263
374,0.760247,-0.880233
375,0.764522,-0.875945
376,0.769305,-0.870749
377,0.773831,-0.864721
378,0.778167,-0.858661
379,0.782158,-0.852296
380,0.787270,-0.847381
381,0.792641,-0.844421
382,0.797819,-0.841977
383,0.802903,-0.839711
384,0.806148,-0.835862
385,0.808522,-0.830127
386,0.810526,-0.823919
387,0.811806,-0.817781
388,0.812826,-0.811338
389,0.813360,-0.804694
390,0.813333,-0.797887
391,0.812641,-0.790779
392,0.811468,-0.783530
393,0.809535,-0.776243
394,0.807335,-0.769101
395,0.804882,-0.762112
396,0.802047,-0.755311
397,0.798706,-0.748646
398,0.794819,-0.742178
399,0.790827,-0.735944
400,0.786411,-0.729960
401,0.781151,-0.724427
402,0.775741,-0.719021
403,0.769709,-0.715866
404,0.761636,-0.713578
405,0.752748,-0.710293
406,0.743258,-0.707174
407,0.733464,-0.704574
408,0.723596,-0.702607
409,0.713413,-0.701214
410,0.703188,-0.700361
411,0.692974,-0.700139
412,0.682754,-0.700432
413,0.672547,-0.701369
414,0.663026,-0.703422
415,0.655318,-0.706835
416,0.647718,-0.710904
417,0.640425,-0.716658
418,0.632643,-0.723527
419,0.623576,-0.728817
420,0.614627,-0.733512
421,0.608673,-0.738888
422,0.604399,-0.744485
423,0.600700,-0.750498
424,0.597238,-0.756834
425,0.592227,-0.763438
426,0.585892,-0.770414
427,0.579573,-0.777911
428,0.573580,-0.785839
429,0.568142,-0.794260
430,0.563119,-0.802932
431,0.558690,-0.811923
432,0.554685,-0.821070
433,0.551216,-0.830511
434,0.548425,-0.840134
435,0.546081,-0.849865
436,0.544300,-0.859726
437,0.543067,-0.869677
438,0.542443,-0.879732
439,0.542433,-0.889735
440,0.542910,-0.899713
441,0.546709,-0.911690
442,0.551041,-0.923900
443,0.555184,-0.935546
444,0.559262,-0.946978
445,0.564475,-0.958997
446,0.569270,-0.969654
447,0.573740,-0.979042
448,0.578635,-0.987892
449,0.584064,-0.996364
450,0.589882,-1.004533
451,0.596154,-1.012257
452,0.602757,-1.019671
453,0.609932,-1.026594
454,0.617430,-1.033195
455,0.625211,-1.039360
456,0.633375,-1.045055
457,0.641883,-1.050261
458,0.650726,-1.054952
459,0.659746,-1.059201
460,0.668971,-1.062837
461,0.678443,-1.065969
462,0.688077,-1.068615
463,0.697893,-1.070513
464,0.707729,-1.072049
465,0.717597,-1.072981
466,0.727641,-1.073288
467,0.737588,-1.073016
468,0.747479,-1.072257
469,0.757418,-1.070765
470,0.767207,-1.068791
471,0.776872,-1.066284
472,0.786375,-1.063237
473,0.795715,-1.059487
474,0.804750,-1.055344
475,0.813535,-1.050777
476,0.822102,-1.045719
477,0.830296,-1.039963
478,0.838145,-1.033751
479,0.845708,-1.027269
480,0.852838,-1.020346
481,0.859591,-1.013145
482,0.865885,-1.005541
483,0.872127,-0.997608
484,0.880693,-0.991611
485,0.888096,-0.984859
486,0.895000,-0.977654
487,0.901518,-0.970099
488,0.907349,-0.962063
489,0.912960,-0.953883
490,0.918083,-0.945379
491,0.922710,-0.936591
492,0.926826,-0.927565
493,0.930438,-0.918269
494,0.933518,-0.908789
495,0.936110,-0.900273
496,0.938818,-0.894694
497,0.941494,-0.889774
498,0.944094,-0.885003
499,0.946976,-0.880260
500,0.948699,-0.875968
501,0.949581,-0.871817
502,0.949104,-0.869721
503,0.948037,-0.868378
504,0.946492,-0.867376
505,0.944432,-0.866700
506,0.941809,-0.866060
507,0.937123,-0.864453
508,0.930547,-0.859921
509,0.922162,-0.854936
510,0.911376,-0.852078
511,0.904268,-0.851263
512,0.898120,-0.850364
513,0.893438,-0.852193
514,0.888916,-0.854698
515,0.883531,-0.856436
516,0.877692,-0.858341
517,0.871711,-0.860548
518,0.865760,-0.863116
519,0.859731,-0.866136
520,0.854076,-0.869422
521,0.848590,-0.872979
522,0.843292,-0.876853
523,0.838252,-0.881029
524,0.833475,-0.885523
525,0.828919,-0.890247
526,0.824635,-0.895260
527,0.820682,-0.900450
528,0.816806,-0.906112
529,0.813485,-0.911821
530,0.810823,-0.917619
531,0.812645,-0.920851
532,0.815425,-0.924911
533,0.818600,-0.929358
534,0.822030,-0.933824
535,0.825709,-0.938156
536,0.829636,-0.942302
537,0.833795,-0.946224
538,0.838170,-0.949911
539,0.842733,-0.953273
540,0.847487,-0.956440
541,0.852436,-0.959340
542,0.857536,-0.961951
543,0.862783,-0.964268
544,0.868146,-0.966273
545,0.873612,-0.967968
546,0.879168,-0.969317
547,0.884779,-0.970332
548,0.890451,-0.971039
549,0.896164,-0.971458
550,0.901887,-0.971549
551,0.907594,-0.971309
552,0.913279,-0.970741
553,0.918922,-0.969858
554,0.924508,-0.968622
555,0.930034,-0.967117
556,0.935446,-0.965270
557,0.940748,-0.963111
558,0.945908,-0.960701
559,0.950923,-0.957977
560,0.955803,-0.954975
561,0.960432,-0.951673
562,0.964892,-0.948092
563,0.969163,-0.944293
564,0.973217,-0.940262
565,0.977036,-0.936006
566,0.980605,-0.931545
567,0.983922,-0.926876
568,0.986960,-0.922038
569,0.989724,-0.917012
570,0.992181,-0.911864
571,0.994347,-0.906576
572,0.996231,-0.901178
573,0.997789,-0.895674
574,0.999024,-0.890086
575,0.999956,-0.884443
576,1.000439,-0.878808
577,1.000734,-0.873077
578,1.000665,-0.867382
579,1.000313,-0.861669
580,0.999652,-0.855944
581,0.998499,-0.850549
582,0.997175,-0.844987
583,0.995568,-0.839511
584,0.993623,-0.834120
585,0.991362,-0.828859
586,0.988804,-0.823714
587,0.985959,-0.818734
588,0.982854,-0.813944
589,0.979431,-0.809326
590,0.975780,-0.804901
591,0.971895,-0.800682
592,0.967752,-0.796696
593,0.963459,-0.792927
594,0.958901,-0.789460
595,0.954168,-0.786245
596,0.949260,-0.783285
597,0.944192,-0.780663
598,0.938983,-0.778307
599,0.933662,-0.776226
600,0.928198,-0.774478
601,0.922655,-0.773038
602,0.917045,-0.771961
603,0.911366,-0.771185
604,0.905676,-0.770664
605,0.899942,-0.770508
606,0.894208,-0.770681
607,0.888476,-0.771182
608,0.882883,-0.772025
609,0.877269,-0.773166
610,0.871732,-0.774609
611,0.866264,-0.776405
612,0.860926,-0.778478
613,0.855677,-0.780830
614,0.850617,-0.783521
615,0.845696,-0.786510
616,0.840983,-0.789736
617,0.836463,-0.793250
618,0.832137,-0.796990
619,0.828014,-0.800988
620,0.823987,-0.805102
621,0.820275,-0.809530
622,0.816844,-0.814170
623,0.813704,-0.819015
624,0.810889,-0.824029
625,0.808309,-0.829128
626,0.806059,-0.834400
627,0.804120,-0.839795
628,0.802470,-0.845268
629,0.801159,-0.850829
630,0.800095,-0.856646
631,0.799428,-0.862341
632,0.799089,-0.868064
633,0.799048,-0.873773
634,0.799361,-0.879476
635,0.800075,-0.885116
636,0.801055,-0.890756
637,0.802322,-0.896345
638,0.803911,-0.901854
639,0.805788,-0.907247
640,0.807989,-0.912553
641,0.810416,-0.917730
642,0.813136,-0.922861
643,0.816173,-0.927751
644,0.819555,-0.932623
645,0.823065,-0.937111
646,0.826891,-0.941405
647,0.830922,-0.945415
648,0.835232,-0.949208
649,0.839770,-0.952639
650,0.844490,-0.955893
651,0.849398,-0.958880
652,0.854516,-0.961557
653,0.859676,-0.963989
654,0.864996,-0.966122
655,0.870428,-0.967995
656,0.875969,-0.969496
657,0.881589,-0.970664
658,0.887261,-0.971535
659,0.893010,-0.972094
660,0.898746,-0.972331
661,0.904486,-0.972218
662,0.910201,-0.971782
663,0.915871,-0.970940
664,0.921487,-0.969900
665,0.927119,-0.968693
666,0.932602,-0.967022
667,0.937996,-0.965021
668,0.943236,-0.962670
669,0.948422,-0.960081
670,0.953377,-0.957166
671,0.958155,-0.953958
672,0.962740,-0.950514
673,0.967128,-0.946788
674,0.971286,-0.942847
675,0.975190,-0.938662
676,0.978906,-0.934237
677,0.982363,-0.929669
678,0.985538,-0.924897
679,0.988439,-0.919942
680,0.991001,-0.914859
681,0.993284,-0.909620
682,0.995301,-0.904244
683,0.997023,-0.898757
684,0.998395,-0.893152
685,0.999508,-0.887493
686,1.000397,-0.881827
687,1.000899,-0.876055
688,1.001022,-0.870288
689,1.000851,-0.864535
690,1.000229,-0.858846
691,0.999349,-0.853171
692,0.998135,-0.847511
693,0.996658,-0.841981
694,0.994841,-0.836559
695,0.992698,-0.831211
696,0.990276,-0.826027
697,0.987565,-0.820963
698,0.984576,-0.816053
699,0.981311,-0.811256
700,0.977741,-0.806735
701,0.973945,-0.802423
702,0.969917,-0.798333
703,0.965660,-0.794492
704,0.961158,-0.790923
705,0.956472,-0.787599
706,0.951595,-0.784485
707,0.946655,-0.781531
708,0.941492,-0.778955
709,0.936172,-0.776726
710,0.930741,-0.774800
711,0.925209,-0.773203
712,0.919609,-0.771905
713,0.913935,-0.770947
714,0.908221,-0.770302
715,0.902475,-0.769996
716,0.896726,-0.769963
717,0.890984,-0.770341
718,0.885266,-0.771049
719,0.879591,-0.772034
720,0.873980,-0.773348
721,0.868463,-0.774963
722,0.863028,-0.776946
723,0.857679,-0.779173
724,0.852517,-0.781725
725,0.847506,-0.784514
726,0.842656,-0.787647
727,0.838016,-0.791048
728,0.833498,-0.794591
729,0.829108,-0.798438
730,0.825064,-0.802550
731,0.821387,-0.806927
732,0.817855,-0.811490
733,0.814361,-0.816229
734,0.811355,-0.821167
735,0.808620,-0.826267
736,0.806241,-0.831460
737,0.804119,-0.836827
738,0.802325,-0.842324
739,0.800857,-0.847916
740,0.799700,-0.853558
741,0.798869,-0.859271
742,0.798342,-0.865002
743,0.798132,-0.870799
744,0.798309,-0.876560
745,0.798822,-0.882320
746,0.799582,-0.888053
747,0.800701,-0.893724
748,0.802164,-0.899321
749,0.803911,-0.904811
750,0.805853,-0.910240
751,0.808163,-0.915591
752,0.810820,-0.920709
753,0.813784,-0.925683
754,0.816993,-0.930566
755,0.820437,-0.935162
756,0.824210,-0.939559
757,0.828203,-0.943730
758,0.832444,-0.947637
759,0.836903,-0.951329
760,0.841524,-0.954796
761,0.846348,-0.958015
762,0.851360,-0.960885
763,0.856522,-0.963472
764,0.861833,-0.965772
765,0.867253,-0.967764
766,0.872783,-0.969441
767,0.878379,-0.970846
768,0.884079,-0.971884
769,0.889817,-0.972608
770,0.895587,-0.972995
771,0.901379,-0.973077
772,0.907143,-0.972934
773,0.912938,-0.972365
774,0.918672,-0.971469
775,0.924327,-0.970276
776,0.929914,-0.968741
777,0.935406,-0.966854
778,0.940819,-0.964695
779,0.946079,-0.962223
780,0.951153,-0.959487
781,0.956067,-0.956401
782,0.960810,-0.953100
783,0.965343,-0.949516
784,0.969677,-0.945678
785,0.973806,-0.941583
786,0.977673,-0.937252
787,0.981276,-0.932695
788,0.984639,-0.927982
789,0.987770,-0.923091
790,0.990559,-0.918008
791,0.993038,-0.912763
792,0.995240,-0.907413
793,0.997290,-0.901814
794,0.999053,-0.896238
795,1.000372,-0.890563
796,1.001320,-0.884826
797,1.001934,-0.879137
798,1.002249,-0.873359
799,1.002111,-0.867607
800,1.001698,-0.861825
801,1.001060,-0.856081
802,1.000041,-0.850364
803,0.998688,-0.844714
804,0.997054,-0.838944
805,0.995063,-0.833489
806,0.992760,-0.828159
807,0.990157,-0.822971
808,0.987263,-0.817939
809,0.984085,-0.813115
810,0.980659,-0.808444
811,0.976969,-0.803982
812,0.972940,-0.799746
813,0.968796,-0.795727
814,0.964374,-0.791994
815,0.959915,-0.788398
816,0.955102,-0.785091
817,0.950109,-0.782091
818,0.944954,-0.779342
819,0.939663,-0.776939
820,0.934241,-0.774836
821,0.928691,-0.773173
822,0.923109,-0.771673
823,0.917423,-0.770531
824,0.911676,-0.769721
825,0.905891,-0.769240
826,0.900090,-0.769031
827,0.894277,-0.769200
828,0.888496,-0.769769
829,0.882711,-0.770624
830,0.877020,-0.771779
831,0.871398,-0.773220
832,0.865870,-0.775017
833,0.860435,-0.777155
834,0.855153,-0.779590
835,0.849954,-0.782221
836,0.844854,-0.785087
837,0.840017,-0.788369
838,0.835394,-0.791905
839,0.830992,-0.795698
840,0.826833,-0.799716
841,0.822841,-0.804000
842,0.819170,-0.808506
843,0.815806,-0.813177
844,0.812626,-0.818033
845,0.809763,-0.823107
846,0.807103,-0.828333
847,0.804784,-0.833659
848,0.802800,-0.839137
849,0.801130,-0.844729
850,0.799777,-0.850384
851,0.798742,-0.856101
852,0.798081,-0.861891
853,0.797683,-0.867706
854,0.797654,-0.873520
855,0.797956,-0.879302
856,0.798512,-0.885102
857,0.799329,-0.890927
858,0.800554,-0.896652
859,0.802128,-0.902264
860,0.804039,-0.907772
861,0.806174,-0.913220
862,0.808696,-0.918475
863,0.811508,-0.923572
864,0.814602,-0.928511
865,0.817987,-0.933256
866,0.821624,-0.937793
867,0.825520,-0.942127
868,0.829555,-0.946590
869,0.833953,-0.950430
870,0.838583,-0.954024
871,0.843381,-0.957383
872,0.848358,-0.960471
873,0.853499,-0.963253
874,0.858790,-0.965770
875,0.864222,-0.967962
876,0.869756,-0.969874
877,0.875403,-0.971439
878,0.881092,-0.972805
879,0.886894,-0.973795
880,0.892728,-0.974432
881,0.898574,-0.974674
882,0.904410,-0.974585
883,0.910270,-0.974151
884,0.915993,-0.973372
885,0.921735,-0.972275
886,0.927403,-0.970867
887,0.932983,-0.969144
888,0.938511,-0.967105
889,0.943860,-0.964751
890,0.949059,-0.962114
891,0.954102,-0.959188
892,0.958973,-0.955997
893,0.963654,-0.952540
894,0.968138,-0.948793
895,0.972423,-0.944783
896,0.976468,-0.940574
897,0.980288,-0.936135
898,0.983896,-0.931500
899,0.987186,-0.926644
900,0.990186,-0.921602
901,0.992877,-0.916406
902,0.995270,-0.911068
903,0.997344,-0.905606
904,0.999231,-0.900071
905,1.000691,-0.894385
906,1.001802,-0.888619
907,1.002571,-0.882873
908,1.003075,-0.877022
909,1.003206,-0.871177
910,1.003022,-0.865331
911,1.002464,-0.859498
912,1.001594,-0.853723
913,1.000320,-0.848105
914,0.998804,-0.842427
915,0.996968,-0.836848
916,0.994868,-0.831381
917,0.992430,-0.826059
918,0.989663,-0.820896
919,0.986639,-0.815825
920,0.983331,-0.810990
921,0.979739,-0.806364
922,0.976047,-0.801841
923,0.971976,-0.797546
924,0.967678,-0.793642
925,0.963116,-0.789904
926,0.958346,-0.786454
927,0.953435,-0.783269
928,0.948353,-0.780363
929,0.943099,-0.777767
930,0.937704,-0.775493
931,0.932175,-0.773470
932,0.926591,-0.771754
933,0.920881,-0.770393
934,0.915111,-0.769397
935,0.909294,-0.768684
936,0.903418,-0.768222
937,0.897552,-0.768194
938,0.891693,-0.768486
939,0.885911,-0.769216
940,0.880098,-0.770181
941,0.874371,-0.771470
942,0.868737,-0.772965
943,0.863127,-0.774707
944,0.857429,-0.776912
945,0.852114,-0.779449
946,0.846971,-0.782299
947,0.841998,-0.785439
948,0.837216,-0.788849
949,0.832640,-0.792563
950,0.828282,-0.796490
951,0.824162,-0.800662
952,0.820270,-0.805064
953,0.816732,-0.809701
954,0.813399,-0.814505
955,0.810305,-0.819472
956,0.807513,-0.824645
957,0.804948,-0.829978
958,0.802739,-0.835438
959,0.800787,-0.840977
960,0.799204,-0.846648
961,0.797933,-0.852428
962,0.797050,-0.858255
963,0.796382,-0.864074
964,0.796038,-0.869986
965,0.796095,-0.875894
966,0.796473,-0.881805
967,0.797233,-0.887655
968,0.798316,-0.893443
969,0.799759,-0.899128
970,0.801497,-0.904744
971,0.803553,-0.910257
972,0.805897,-0.915656
973,0.808559,-0.920913
974,0.811520,-0.926004
975,0.814751,-0.930925
976,0.818271,-0.935665
977,0.822058,-0.940189
978,0.826080,-0.944504
979,0.830355,-0.948579
980,0.834854,-0.952386
981,0.839575,-0.955915
982,0.844373,-0.959257
983,0.849460,-0.962261
984,0.854666,-0.965007
985,0.860044,-0.967504
986,0.865594,-0.969658
987,0.871234,-0.971413
988,0.876930,-0.972860
989,0.882695,-0.974056
990,0.888517,-0.974731
991,0.894412,-0.975186
992,0.900302,-0.975307
993,0.906209,-0.975123
994,0.912082,-0.974638
995,0.917924,-0.973798
996,0.923723,-0.972641
997,0.929442,-0.971114
998,0.935041,-0.969298
999,0.940534,-0.967133
1000,0.945934,-0.964653
1001,0.951141,-0.961908
1002,0.956179,-0.958850
1003,0.961045,-0.955501
1004,0.965766,-0.951922
1005,0.970195,-0.948025
1006,0.974459,-0.943968
1007,0.978618,-0.939692
1008,0.982392,-0.935109
1009,0.985840,-0.930379
1010,0.989069,-0.925401
1011,0.992036,-0.920287
1012,0.994689,-0.914990
1013,0.997062,-0.909529
1014,0.999059,-0.903945
1015,1.000810,-0.898301
1016,1.002178,-0.892534
1017,1.003220,-0.886674
1018,1.003947,-0.880785
1019,1.004292,-0.874897
1020,1.004308,-0.868962
1021,1.004005,-0.863038
1022,1.003407,-0.857132
1023,1.002428,-0.851267
1024,1.001175,-0.845487
1025,0.999539,-0.839804
1026,0.997607,-0.834217
1027,0.995493,-0.828681
1028,0.992983,-0.823286
1029,0.990121,-0.818081
1030,0.986977,-0.813037
1031,0.983509,-0.808210
1032,0.979822,-0.803562
1033,0.975859,-0.799153
1034,0.971640,-0.794948
1035,0.967257,-0.791005
1036,0.962610,-0.787222
1037,0.957754,-0.783787
1038,0.952714,-0.780647
1039,0.947519,-0.777795
1040,0.942173,-0.775192
1041,0.936647,-0.772884
1042,0.931015,-0.770926
1043,0.925290,-0.769311
1044,0.919503,-0.767966
1045,0.913634,-0.766994
1046,0.907687,-0.766364
1047,0.901686,-0.765789
1048,0.895639,-0.765685
1049,0.889675,-0.765948
1050,0.883646,-0.766468
1051,0.877626,-0.767254
1052,0.871551,-0.768292
1053,0.865441,-0.769525
1054,0.859257,-0.770990
1055,0.852941,-0.772411
1056,0.846331,-0.773825
1057,0.839302,-0.775163
1058,0.831898,-0.776580
1059,0.824086,-0.777951
1060,0.815612,-0.779586
1061,0.808168,-0.781309
1062,0.802206,-0.783464
1063,0.796871,-0.786138
1064,0.790365,-0.788449
1065,0.780461,-0.792231
1066,0.768230,-0.795359
1067,0.758687,-0.796851
1068,0.751749,-0.800012
1069,0.745043,-0.802834
1070,0.737973,-0.806102
1071,0.730454,-0.810076
1072,0.722066,-0.813951
1073,0.713391,-0.818144
1074,0.704689,-0.823027
1075,0.696005,-0.828163
1076,0.687487,-0.833499
1077,0.679205,-0.839218
1078,0.671125,-0.845367
1079,0.663196,-0.851968
1080,0.655603,-0.858628
1081,0.648249,-0.865331
1082,0.641291,-0.872120
1083,0.634776,-0.879253
1084,0.628620,-0.887149
1085,0.623003,-0.896189
1086,0.617515,-0.905460
1087,0.612415,-0.916612
1088,0.608643,-0.928353
1089,0.607108,-0.941633
1090,0.606429,-0.955627
1091,0.606238,-0.969549
1092,0.604369,-0.980092
1093,0.605088,-0.991182
1094,0.609306,-1.002504
1095,0.611606,-1.013417
1096,0.613989,-1.023531
1097,0.617091,-1.033074
1098,0.620488,-1.042651
1099,0.623722,-1.052001
1100,0.627413,-1.061286
1101,0.631289,-1.070473
1102,0.634872,-1.079229
1103,0.638401,-1.087928
1104,0.642295,-1.096590
1105,0.646752,-1.105945
1106,0.652174,-1.114769
1107,0.658315,-1.122897
1108,0.664041,-1.130475
1109,0.668358,-1.137311
1110,0.673538,-1.141962
1111,0.680778,-1.146275
1112,0.688558,-1.151855
1113,0.696871,-1.157363
1114,0.705626,-1.162451
1115,0.714697,-1.167014
1116,0.724090,-1.171034
1117,0.733769,-1.174551
1118,0.743578,-1.177458
1119,0.753595,-1.179849
1120,0.763678,-1.181647
1121,0.773956,-1.182772
1122,0.784257,-1.183355
1123,0.794639,-1.183261
1124,0.805073,-1.182653
1125,0.815396,-1.181339
1126,0.825941,-1.180046
1127,0.836282,-1.178273
1128,0.846296,-1.175347
1129,0.856176,-1.171690
1130,0.865891,-1.167440
1131,0.875374,-1.162826
1132,0.885714,-1.158134
1133,0.898174,-1.152882
1134,0.910577,-1.146959
1135,0.922606,-1.140365
1136,0.934197,-1.133168
1137,0.945275,-1.125344
1138,0.955761,-1.116833
1139,0.965718,-1.107869
1140,0.975015,-1.098309
1141,0.983649,-1.088277
1142,0.991616,-1.078035
1143,0.998751,-1.070935
1144,1.004602,-1.064657
1145,1.010496,-1.055857
1146,1.016027,-1.045817
1147,1.020226,-1.035906
1148,1.022452,-1.027189
1149,1.023852,-1.019007
1150,1.024733,-1.011060
1151,1.025109,-1.003140
1152,1.025093,-0.995290
1153,1.024627,-0.987597
1154,1.023715,-0.979934
1155,1.022397,-0.972338
1156,1.020635,-0.964783
1157,1.018429,-0.957366
1158,1.015824,-0.950073
1159,1.012805,-0.942971
1160,1.009389,-0.936018
1161,1.005568,-0.929308
1162,1.001395,-0.922803
1163,0.997429,-0.916718
1164,0.998239,-0.912818
1165,1.000332,-0.909756
1166,1.003536,-0.907067
1167,1.007065,-0.904310
1168,1.010680,-0.901541
1169,1.014188,-0.898751
1170,1.014992,-0.895692
1171,1.011622,-0.892555
1172,1.006281,-0.889603
1173,1.002022,-0.884835
1174,0.999303,-0.879109
1175,0.997048,-0.874948
1176,0.994915,-0.872082
1177,0.992596,-0.869625
1178,0.990018,-0.867002
1179,0.987656,-0.864959
1180,0.985580,-0.863894
1181,0.983256,-0.863138
1182,0.980816,-0.862574
1183,0.978310,-0.862174
1184,0.975787,-0.861876
1185,0.973205,-0.861785
1186,0.970631,-0.861838
1187,0.968067,-0.862036
1188,0.965520,-0.862379
1189,0.962963,-0.862862
1190,0.960644,-0.863645
1191,0.958226,-0.864426
1192,0.955836,-0.865327
1193,0.953498,-0.866363
1194,0.951222,-0.867531
1195,0.949016,-0.868828
1196,0.946855,-0.870250
1197,0.944812,-0.871784
1198,0.942861,-0.873442
1199,0.941008,-0.875207
1200,0.939258,-0.877077
1201,0.937776,-0.879186
1202,0.936286,-0.881175
1203,0.934915,-0.883274
1204,0.933655,-0.885383
1205,0.932516,-0.886855
1206,0.931475,-0.888722
1207,0.930564,-0.890914
1208,0.929804,-0.893268
1209,0.929617,-0.895183
1210,0.930214,-0.896605
1211,0.930055,-0.897740
1212,0.929616,-0.898872
1213,0.929149,-0.899998
1214,0.928808,-0.901117
1215,0.928464,-0.902278
1216,0.928167,-0.903450
1217,0.927939,-0.904645
1218,0.927776,-0.905840
1219,0.927690,-0.907038
1220,0.927673,-0.908245
1221,0.927763,-0.909455
1222,0.927945,-0.910591
1223,0.928145,-0.911782
1224,0.928393,-0.912931
1225,0.928727,-0.914074
1226,0.929136,-0.915197
1227,0.929577,-0.916299
1228,0.930067,-0.917371
1229,0.930629,-0.918419
1230,0.931259,-0.919382
1231,0.931965,-0.920351
1232,0.932719,-0.921276
1233,0.933583,-0.921926
1234,0.934393,-0.922750
1235,0.935248,-0.923545
1236,0.936152,-0.924253
1237,0.937116,-0.924926
1238,0.938047,-0.925512
1239,0.939096,-0.926091
1240,0.940136,-0.926617
1241,0.941215,-0.927072
1242,0.942298,-0.927472
1243,0.943414,-0.927804
1244,0.944549,-0.928086
1245,0.945662,-0.928218
1246,0.946712,-0.928333
1247,0.947842,-0.928384
1248,0.948994,-0.928387
1249,0.950125,-0.928339
1250,0.951301,-0.928151
1251,0.952380,-0.927995
1252,0.953416,-0.927710
1253,0.954487,-0.927423
1254,0.955491,-0.927090
1255,0.956491,-0.926654
1256,0.957452,-0.926181
1257,0.958392,-0.925661
1258,0.959301,-0.925071
1259,0.960159,-0.924443
1260,0.960854,-0.923771
1261,0.961589,-0.923072
1262,0.962270,-0.922345
1263,0.962895,-0.921564
1264,0.963446,-0.920782
1265,0.963906,-0.920031
1266,0.964267,-0.919235
1267,0.964592,-0.918395
1268,0.964777,-0.917582
1269,0.964659,-0.916877
1270,0.964675,-0.916178
1271,0.964608,-0.915469
1272,0.964718,-0.914959
1273,0.965322,-0.914898
1274,0.966121,-0.915015
1275,0.966913,-0.915117
1276,0.967559,-0.916655
1277,0.967694,-0.920408
1278,0.967164,-0.924331
1279,0.966103,-0.927293
1280,0.965054,-0.930000
1281,0.964091,-0.932721
1282,0.963312,-0.935414
1283,0.962680,-0.938142
1284,0.962178,-0.940905
1285,0.961876,-0.943738
1286,0.961725,-0.946543
1287,0.961762,-0.949373
1288,0.961894,-0.952233
1289,0.962213,-0.955029
1290,0.962696,-0.957788
1291,0.963371,-0.960535
1292,0.964148,-0.963235
1293,0.965090,-0.965873
1294,0.966182,-0.968451
1295,0.967401,-0.970953
1296,0.968787,-0.973407
1297,0.970301,-0.975772
1298,0.971992,-0.978122
1299,0.973763,-0.980293
1300,0.975684,-0.982359
1301,0.977684,-0.984341
1302,0.979787,-0.986181
1303,0.982008,-0.987903
1304,0.984314,-0.989488
1305,0.986708,-0.990968
1306,0.989220,-0.992252
1307,0.991834,-0.993468
1308,0.994447,-0.994486
1309,0.997153,-0.995334
1310,0.999870,-0.996073
1311,1.002620,-0.996637
1312,1.005399,-0.997041
1313,1.008134,-0.997307
1314,1.010985,-0.997383
1315,1.013808,-0.997310
1316,1.016701,-0.997078
1317,1.019485,-0.996685
1318,1.022242,-0.996136
1319,1.025859,-0.995445
1320,1.030354,-0.994563
1321,1.035308,-0.993250
1322,1.040059,-0.991562
1323,1.044599,-0.989678
1324,1.048908,-0.987597
1325,1.053024,-0.985392
1326,1.056794,-0.983129
1327,1.060273,-0.980787
1328,1.063462,-0.978366
1329,1.066302,-0.975957
1330,1.068802,-0.973530
1331,1.070974,-0.971088
1332,1.072844,-0.968623
1333,1.074409,-0.966133
1334,1.075823,-0.963612
1335,1.077061,-0.960926
1336,1.078958,-0.956523
1337,1.081270,-0.950359
1338,1.083212,-0.943661
1339,1.084752,-0.936802
1340,1.085845,-0.929827
1341,1.086541,-0.922783
1342,1.086824,-0.915699
1343,1.086699,-0.908611
1344,1.086153,-0.901491
1345,1.085220,-0.894472
1346,1.083887,-0.887507
1347,1.082159,-0.880627
1348,1.080039,-0.873857
1349,1.077537,-0.867218
1350,1.074663,-0.860731
1351,1.071424,-0.854416
1352,1.067838,-0.848295
1353,1.063905,-0.842391
1354,1.059639,-0.836718
1355,1.055007,-0.831268
1356,1.050103,-0.826092
1357,1.044935,-0.821235
1358,1.039492,-0.816671
1359,1.033855,-0.812464
1360,1.027948,-0.808547
1361,1.021815,-0.804970
1362,1.015480,-0.801746
1363,1.008995,-0.798900
1364,1.002332,-0.796397
1365,0.995540,-0.794293
1366,0.988640,-0.792574
1367,0.981671,-0.791261
1368,0.974599,-0.790377
1369,0.967506,-0.789819
1370,0.960415,-0.789701
1371,0.953380,-0.789981
1372,0.946315,-0.790675
1373,0.939304,-0.791774
1374,0.932346,-0.793252
1375,0.925521,-0.795131
1376,0.918773,-0.797433
1377,0.912158,-0.800125
1378,0.905738,-0.803163
1379,0.899498,-0.806557
1380,0.893492,-0.810290
1381,0.887673,-0.814359
1382,0.882089,-0.818764
1383,0.876765,-0.823501
1384,0.871720,-0.828536
1385,0.866962,-0.833818
1386,0.862518,-0.839374
1387,0.858399,-0.845178
1388,0.854621,-0.851203
1389,0.851186,-0.857437
1390,0.848112,-0.863782
1391,0.845414,-0.870378
1392,0.843049,-0.877154
1393,0.841156,-0.883971
1394,0.839622,-0.890946
1395,0.838486,-0.898007
1396,0.837725,-0.905117
1397,0.837383,-0.912243
1398,0.837448,-0.919374
1399,0.837918,-0.926490
1400,0.838806,-0.933528
1401,0.840061,-0.940554
1402,0.841728,-0.947481
1403,0.843794,-0.954307
1404,0.846246,-0.961006
1405,0.849066,-0.967563
1406,0.852259,-0.973939
1407,0.855818,-0.980130
1408,0.859711,-0.986104
1409,0.863893,-0.991860
1410,0.868476,-0.997357
1411,0.873460,-1.002722
1412,0.878644,-1.007656
1413,0.884094,-1.012302
1414,0.889828,-1.016635
1415,0.895761,-1.020682
1416,0.901892,-1.024336
1417,0.908231,-1.027643
1418,0.914698,-1.030549
1419,0.921364,-1.033107
1420,0.928180,-1.035279
1421,0.935102,-1.037062
1422,0.942123,-1.038446
1423,0.949232,-1.039414
1424,0.956358,-1.039977
1425,0.963513,-1.040136
1426,0.970631,-1.039904
1427,0.977743,-1.039249
1428,0.984875,-1.038187
1429,0.991874,-1.036753
1430,0.998787,-1.034912
1431,1.005580,-1.032677
1432,1.012236,-1.030059
1433,1.018738,-1.027063
1434,1.025056,-1.023704
1435,1.031192,-1.019999
1436,1.037076,-1.015930
1437,1.042755,-1.011517
1438,1.048150,-1.006833
1439,1.053269,-1.001838
1440,1.058128,-0.996510
1441,1.062640,-0.990954
1442,1.066831,-0.985149
1443,1.070695,-0.979117
1444,1.074212,-0.972914
1445,1.077360,-0.966454
1446,1.080149,-0.959839
1447,1.082554,-0.953093
1448,1.084585,-0.946177
1449,1.086167,-0.939259
1450,1.087389,-0.932213
1451,1.088204,-0.925093
1452,1.088609,-0.917934
1453,1.088599,-0.910741
1454,1.088167,-0.903574
1455,1.087406,-0.896463
1456,1.086157,-0.889374
1457,1.084529,-0.882426
1458,1.082515,-0.875541
1459,1.080106,-0.868777
1460,1.077313,-0.862159
1461,1.074147,-0.855709
1462,1.070618,-0.849474
1463,1.066703,-0.843326
1464,1.062494,-0.837513
1465,1.057961,-0.831951
1466,1.053112,-0.826647
1467,1.047970,-0.821632
1468,1.042551,-0.816915
1469,1.036872,-0.812510
1470,1.030956,-0.808428
1471,1.024822,-0.804689
1472,1.018443,-0.801323
1473,1.011955,-0.798299
1474,1.005230,-0.795686
1475,0.998409,-0.793481
1476,0.991475,-0.791622
1477,0.984430,-0.790169
1478,0.977330,-0.789102
1479,0.970126,-0.788464
1480,0.962922,-0.788229
1481,0.955717,-0.788405
1482,0.948534,-0.788990
1483,0.941402,-0.789984
1484,0.934339,-0.791377
1485,0.927357,-0.793171
1486,0.920537,-0.795354
1487,0.913813,-0.797915
1488,0.907190,-0.800906
1489,0.900809,-0.804223
1490,0.894602,-0.807898
1491,0.888642,-0.811893
1492,0.882905,-0.816297
1493,0.877423,-0.821030
1494,0.872259,-0.825990
1495,0.867351,-0.831207
1496,0.862741,-0.836809
1497,0.858449,-0.842620
1498,0.854500,-0.848667
1499,0.850903,-0.854930
1500,0.847667,-0.861389
1501,0.844804,-0.868021
1502,0.842323,-0.874802
1503,0.840223,-0.881747
1504,0.838563,-0.888714
1505,0.837265,-0.895799
1506,0.836385,-0.903011
1507,0.835889,-0.910225
1508,0.835808,-0.917455
1509,0.836150,-0.924647
1510,0.836915,-0.931838
1511,0.838101,-0.938985
1512,0.839681,-0.946055
1513,0.841593,-0.952988
1514,0.843969,-0.959838
1515,0.846699,-0.966487
1516,0.849818,-0.973016
1517,0.853330,-0.979398
1518,0.857190,-0.985544
1519,0.861399,-0.991435
1520,0.865908,-0.997083
1521,0.870743,-1.002469
1522,0.875876,-1.007568
1523,0.881295,-1.012371
1524,0.886982,-1.016857
1525,0.892868,-1.020978
1526,0.899016,-1.024810
1527,0.905339,-1.028286
1528,0.911917,-1.031362
1529,0.918656,-1.034071
1530,0.925532,-1.036393
1531,0.932504,-1.038341
1532,0.939621,-1.039869
1533,0.946823,-1.040988
1534,0.954044,-1.041695
1535,0.961297,-1.041996
1536,0.968549,-1.041884
1537,0.975819,-1.041331
1538,0.983004,-1.040414
1539,0.990076,-1.039087
1540,0.997116,-1.037349
1541,1.004071,-1.035171
1542,1.010878,-1.032654
1543,1.017526,-1.029735
1544,1.024007,-1.026446
1545,1.030276,-1.022839
1546,1.036338,-1.018793
1547,1.042121,-1.014458
1548,1.047687,-1.009820
1549,1.053020,-1.004789
1550,1.057998,-0.999503
1551,1.062694,-0.993937
1552,1.067084,-0.988074
1553,1.071121,-0.982012
1554,1.074806,-0.975748
1555,1.078122,-0.969281
1556,1.081067,-0.962626
1557,1.083608,-0.955869
1558,1.085781,-0.948929
1559,1.087552,-0.941870
1560,1.088917,-0.934717
1561,1.089873,-0.927497
1562,1.090454,-0.920246
1563,1.090579,-0.912928
1564,1.090287,-0.905613
1565,1.089575,-0.898377
1566,1.088495,-0.891201
1567,1.086965,-0.884110
1568,1.085045,-0.877079
1569,1.082704,-0.870156
1570,1.080007,-0.863392
1571,1.076918,-0.856786
1572,1.073454,-0.850366
1573,1.069627,-0.844152
1574,1.065454,-0.838166
1575,1.060972,-0.832471
1576,1.056166,-0.827001
1577,1.051043,-0.821811
1578,1.045627,-0.816920
1579,1.039964,-0.812294
1580,1.034011,-0.808090
1581,1.027817,-0.804199
1582,1.021394,-0.800654
1583,1.014861,-0.797506
1584,1.008147,-0.794691
1585,1.001229,-0.792287
1586,0.994190,-0.790275
1587,0.987052,-0.788668
1588,0.979801,-0.787467
1589,0.972526,-0.786657
1590,0.965224,-0.786279
1591,0.957919,-0.786308
1592,0.950616,-0.786764
1593,0.943416,-0.787628
1594,0.936212,-0.788902
1595,0.929109,-0.790540
1596,0.922086,-0.792667
1597,0.915188,-0.795164
1598,0.908450,-0.798078
1599,0.901895,-0.801348
1600,0.895530,-0.804989
1601,0.889408,-0.808929
1602,0.883487,-0.813296
1603,0.877820,-0.817978
1604,0.872396,-0.822999
1605,0.867342,-0.828226
1606,0.862563,-0.833785
1607,0.858104,-0.839584
1608,0.853984,-0.845644
1609,0.850217,-0.851935
1610,0.846814,-0.858434
1611,0.843786,-0.865117
1612,0.841146,-0.871985
1613,0.838843,-0.878852
1614,0.837021,-0.885965
1615,0.835564,-0.893192
1616,0.834554,-0.900462
1617,0.833955,-0.907845
1618,0.833748,-0.915190
1619,0.833943,-0.922511
1620,0.834590,-0.929852
1621,0.835640,-0.937082
1622,0.837104,-0.944288
1623,0.838972,-0.951407
1624,0.841250,-0.958406
1625,0.843926,-0.965271
1626,0.846978,-0.971967
1627,0.850416,-0.978482
1628,0.854224,-0.984779
1629,0.858378,-0.990856
1630,0.862873,-0.996686
1631,0.867691,-1.002247
1632,0.872847,-1.007537
1633,0.878246,-1.012513
1634,0.883931,-1.017188
1635,0.889884,-1.021507
1636,0.896082,-1.025492
1637,0.902450,-1.029126
1638,0.909101,-1.032384
1639,0.915889,-1.035264
1640,0.922834,-1.037757
1641,0.929905,-1.039848
1642,0.937088,-1.041541
1643,0.944375,-1.042811
1644,0.951699,-1.043665
1645,0.959107,-1.044111
1646,0.966463,-1.044142
1647,0.973827,-1.043749
1648,0.981095,-1.042940
1649,0.988362,-1.041714
1650,0.995550,-1.040071
1651,1.002639,-1.038016
1652,1.009608,-1.035574
1653,1.016408,-1.032714
1654,1.023045,-1.029491
1655,1.029484,-1.025917
1656,1.035720,-1.021937
1657,1.041756,-1.017694
1658,1.047503,-1.013047
1659,1.052943,-1.008102
1660,1.058121,-1.002834
1661,1.063004,-0.997284
1662,1.067559,-0.991445
1663,1.071766,-0.985310
1664,1.075624,-0.979003
1665,1.079115,-0.972479
1666,1.082234,-0.965761
1667,1.084967,-0.958890
1668,1.087277,-0.951826
1669,1.089246,-0.944690
1670,1.090787,-0.937427
1671,1.091876,-0.930129
1672,1.092583,-0.922865
1673,1.092825,-0.915423
1674,1.092741,-0.908100
1675,1.092139,-0.900697
1676,1.091129,-0.893335
1677,1.089706,-0.886042
1678,1.087870,-0.878841
1679,1.085629,-0.871756
1680,1.082994,-0.864822
1681,1.079969,-0.858045
1682,1.076533,-0.851496
1683,1.072818,-0.845072
1684,1.068701,-0.838909
1685,1.064226,-0.832987
1686,1.059416,-0.827330
1687,1.054208,-0.821904
1688,1.048786,-0.816851
1689,1.043082,-0.812091
1690,1.037211,-0.807667
1691,1.031026,-0.803600
1692,1.024552,-0.799881
1693,1.017887,-0.796522
1694,1.011063,-0.793547
1695,1.004072,-0.790966
1696,0.997000,-0.788809
1697,0.989773,-0.787034
1698,0.982449,-0.785668
1699,0.975057,-0.784733
1700,0.967596,-0.784240
1701,0.960132,-0.784099
1702,0.952689,-0.784424
1703,0.945280,-0.785180
1704,0.937977,-0.786345
1705,0.930721,-0.787870
1706,0.923570,-0.789806
1707,0.916526,-0.792282
1708,0.909620,-0.795113
1709,0.902875,-0.798333
1710,0.896329,-0.801897
1711,0.889981,-0.805876
1712,0.883887,-0.810186
1713,0.878036,-0.814834
1714,0.872456,-0.819814
1715,0.867167,-0.825109
1716,0.862229,-0.830648
1717,0.857575,-0.836500
1718,0.853254,-0.842614
1719,0.849290,-0.848961
1720,0.845699,-0.855525
1721,0.842438,-0.862252
1722,0.839621,-0.869067
1723,0.837214,-0.876162
1724,0.835173,-0.883376
1725,0.833590,-0.890685
1726,0.832413,-0.898096
1727,0.831663,-0.905566
1728,0.831306,-0.913030
1729,0.831417,-0.920559
1730,0.831907,-0.928024
1731,0.832842,-0.935468
1732,0.834204,-0.942798
1733,0.835976,-0.950093
1734,0.838172,-0.957285
1735,0.840777,-0.964336
1736,0.843818,-0.971253
1737,0.847218,-0.977962
1738,0.850994,-0.984473
1739,0.855133,-0.990755
1740,0.859605,-0.996789
1741,0.864442,-1.002570
1742,0.869600,-1.008056
1743,0.875047,-1.013249
1744,0.880790,-1.018116
1745,0.886801,-1.022658
1746,0.893094,-1.026825
1747,0.899512,-1.030662
1748,0.906214,-1.034099
1749,0.913100,-1.037160
1750,0.920151,-1.039831
1751,0.927323,-1.042089
1752,0.934649,-1.043947
1753,0.942024,-1.045367
1754,0.949430,-1.046361
1755,0.956926,-1.046953
1756,0.964467,-1.047099
1757,0.972003,-1.046823
1758,0.979511,-1.046118
1759,0.986961,-1.044988
1760,0.994338,-1.043438
1761,1.002751,-1.040857
1762,1.011042,-1.037923
1763,1.018876,-1.034728
1764,1.026520,-1.031127
1765,1.033928,-1.027097
1766,1.041130,-1.022672
1767,1.048006,-1.017840
1768,1.054638,-1.012627
1769,1.060968,-1.007033
1770,1.066982,-1.001091
1771,1.072662,-0.994786
1772,1.077952,-0.988212
1773,1.082862,-0.981343
1774,1.087363,-0.974196
1775,1.091443,-0.966807
1776,1.095107,-0.959193
1777,1.098334,-0.951391
1778,1.101107,-0.943416
1779,1.103417,-0.935357
1780,1.105270,-0.927125
1781,1.106642,-0.918763
1782,1.107535,-0.910330
1783,1.107917,-0.901956
1784,1.107855,-0.893497
1785,1.107309,-0.885058
1786,1.106281,-0.876670
1787,1.104778,-0.868347
1788,1.102803,-0.860128
1789,1.100352,-0.852009
1790,1.097460,-0.844063
1791,1.094120,-0.836294
1792,1.090342,-0.828727
1793,1.086137,-0.821397
1794,1.081530,-0.814315
1795,1.076507,-0.807509
1796,1.071128,-0.800988
1797,1.065375,-0.794790
1798,1.059208,-0.788884
1799,1.052804,-0.783396
