0,-0.271025,-1.550400
1,-0.271781,-1.538173
2,-0.273611,-1.521274
3,-0.276390,-1.504505
4,-0.280119,-1.487922
5,-0.284785,-1.471577
6,-0.286115,-1.467017
7,-0.286115,-1.467017
8,-0.286115,-1.467017
9,-0.286115,-1.467017
10,-0.286115,-1.467017
11,-0.286115,-1.467017
12,-0.286115,-1.467017
13,-0.286115,-1.467017
14,-0.286115,-1.467017
15,-0.286115,-1.467017
16,-0.286115,-1.467017
17,-0.274186,-1.469802
18,-0.257381,-1.472327
19,-0.240450,-1.473837
20,-0.223461,-1.474381
21,-0.206469,-1.473958
22,-0.189529,-1.472569
23,-0.172694,-1.470218
24,-0.156021,-1.466913
25,-0.139563,-1.462664
26,-0.123373,-1.457487
27,-0.107504,-1.451396
28,-0.092008,-1.444413
29,-0.076933,-1.436559
30,-0.062330,-1.427861
31,-0.048246,-1.418345
32,-0.034726,-1.408044
33,-0.021814,-1.396990
34,-0.009551,-1.385219
35,-0.006143,-1.381910
36,-0.001418,-1.370608
37,0.003859,-1.354454
38,0.008156,-1.338009
39,0.011510,-1.321346
40,0.013911,-1.304518
41,0.015350,-1.287582
42,0.015824,-1.270591
43,0.015330,-1.253601
44,0.013870,-1.236666
45,0.011449,-1.219842
46,0.008075,-1.203183
47,0.007106,-1.198533
48,0.007106,-1.198533
49,0.007106,-1.198533
50,0.007106,-1.198533
51,0.007106,-1.198533
52,0.007106,-1.198533
53,0.007106,-1.198533
54,0.007106,-1.198533
55,0.007106,-1.198533
56,0.007106,-1.198533
57,0.007106,-1.198533
58,0.007106,-1.198533
59,0.019324,-1.197653
60,0.036122,-1.195077
61,0.052738,-1.191495
62,0.069123,-1.186974
63,0.085224,-1.181528
64,0.100990,-1.175175
65,0.116368,-1.167935
66,0.131310,-1.159831
67,0.145766,-1.150891
68,0.159691,-1.141143
69,0.173038,-1.130618
70,0.185764,-1.119351
71,0.197829,-1.107378
72,0.209194,-1.094738
73,0.219821,-1.081472
74,0.229675,-1.067623
75,0.238726,-1.053235
76,0.246944,-1.038356
77,0.254301,-1.023034
78,0.260776,-1.007318
79,0.266345,-0.991258
80,0.270992,-0.974908
81,0.274700,-0.958320
82,0.277460,-0.941548
83,0.279260,-0.924646
84,0.280096,-0.907669
85,0.279964,-0.890672
86,0.278866,-0.873710
87,0.276804,-0.856838
88,0.273786,-0.840111
89,0.269821,-0.823582
90,0.264922,-0.807306
91,0.263528,-0.802766
92,0.263528,-0.802766
93,0.263528,-0.802766
94,0.263528,-0.802766
95,0.263528,-0.802766
96,0.263528,-0.802766
97,0.263528,-0.802766
98,0.263528,-0.802766
99,0.266167,-0.814728
100,0.271148,-0.830975
101,0.277097,-0.846898
102,0.283943,-0.862456
103,0.288806,-0.875141
104,0.289788,-0.883937
105,0.291169,-0.892497
106,0.292934,-0.900795
107,0.299524,-0.912399
108,0.311170,-0.924770
109,0.323511,-0.936455
110,0.336502,-0.947416
111,0.350095,-0.957620
112,0.364247,-0.967035
113,0.378912,-0.975629
114,0.394026,-0.983376
115,0.409573,-0.990249
116,0.424188,-0.998678
117,0.439916,-1.004647
118,0.456398,-1.008787
119,0.473086,-1.011988
120,0.489221,-1.015147
121,0.505244,-1.018235
122,0.520961,-1.020575
123,0.534924,-1.020040
124,0.548243,-1.018446
125,0.563358,-1.016094
126,0.579221,-1.012577
127,0.595424,-1.008102
128,0.611538,-1.002694
129,0.627318,-0.996378
130,0.642714,-0.989174
131,0.656863,-0.981338
132,0.670778,-0.972661
133,0.684723,-0.962947
134,0.688605,-0.960210
135,0.694594,-0.950759
136,0.702055,-0.939222
137,0.708079,-0.925325
138,0.713597,-0.910012
139,0.718576,-0.893799
140,0.721067,-0.882211
141,0.721287,-0.880839
142,0.718505,-0.877739
143,0.713777,-0.875436
144,0.710000,-0.876114
145,0.705708,-0.874729
146,0.702316,-0.872262
147,0.699934,-0.871266
148,0.697628,-0.871279
149,0.698329,-0.868900
150,0.701307,-0.862154
151,0.702765,-0.853664
152,0.702869,-0.843518
153,0.703326,-0.832812
154,0.704688,-0.820749
155,0.706795,-0.803925
156,0.708926,-0.785870
157,0.703961,-0.774970
158,0.692624,-0.767727
159,0.687919,-0.762241
160,0.684608,-0.754384
161,0.679467,-0.744415
162,0.674966,-0.731823
163,0.667651,-0.723284
164,0.657736,-0.718652
165,0.649535,-0.714966
166,0.641250,-0.710377
167,0.631466,-0.710212
168,0.624282,-0.708796
169,0.614797,-0.704158
170,0.603394,-0.700260
171,0.591968,-0.699610
172,0.583271,-0.700681
173,0.576502,-0.699055
174,0.569534,-0.697905
175,0.562286,-0.697105
176,0.554863,-0.696868
177,0.547226,-0.697223
178,0.539384,-0.698161
179,0.535545,-0.701891
180,0.527594,-0.708159
181,0.518903,-0.712892
182,0.513097,-0.716271
183,0.509278,-0.717158
184,0.506528,-0.717801
185,0.504093,-0.719277
186,0.501897,-0.721021
187,0.499781,-0.722966
188,0.497829,-0.724990
189,0.495932,-0.727200
190,0.494133,-0.729560
191,0.492554,-0.731893
192,0.491097,-0.734495
193,0.489799,-0.736999
194,0.488638,-0.739817
195,0.487657,-0.742654
196,0.486774,-0.745458
197,0.486106,-0.748184
198,0.485644,-0.751226
199,0.485292,-0.754173
200,0.485186,-0.757179
201,0.485191,-0.759976
202,0.485418,-0.762988
203,0.486062,-0.766136
204,0.486747,-0.769342
205,0.487511,-0.772401
206,0.488450,-0.775178
207,0.489542,-0.778034
208,0.491205,-0.780835
209,0.492662,-0.783447
210,0.494368,-0.786058
211,0.497776,-0.789569
212,0.501379,-0.794822
213,0.503601,-0.800144
214,0.505731,-0.805657
215,0.508145,-0.811169
216,0.510872,-0.816606
217,0.513928,-0.821823
218,0.517291,-0.826897
219,0.520901,-0.831848
220,0.524722,-0.836587
221,0.528910,-0.841089
222,0.533358,-0.845402
223,0.538088,-0.849365
224,0.542956,-0.853203
225,0.548163,-0.856724
226,0.553496,-0.860045
227,0.559061,-0.863101
228,0.564932,-0.865765
229,0.570947,-0.868119
230,0.577233,-0.870190
231,0.583414,-0.871988
232,0.589189,-0.873239
233,0.594947,-0.874027
234,0.600724,-0.874244
235,0.606556,-0.874249
236,0.612345,-0.873985
237,0.618050,-0.873415
238,0.623738,-0.872502
239,0.629399,-0.871194
240,0.634879,-0.869517
241,0.640351,-0.867595
242,0.645655,-0.865405
243,0.650865,-0.862864
244,0.655916,-0.859825
245,0.660674,-0.856667
246,0.665357,-0.853319
247,0.669781,-0.849827
248,0.673957,-0.845745
249,0.677995,-0.841586
250,0.681729,-0.837296
251,0.685107,-0.832643
252,0.688294,-0.827887
253,0.691136,-0.822825
254,0.693812,-0.817807
255,0.696198,-0.812657
256,0.698197,-0.807317
257,0.699827,-0.801744
258,0.701243,-0.796202
259,0.702182,-0.790619
260,0.702982,-0.785044
261,0.703228,-0.779259
262,0.703348,-0.773555
263,0.703094,-0.767890
264,0.702661,-0.762365
265,0.701581,-0.756738
266,0.700415,-0.751322
267,0.698508,-0.745891
268,0.695722,-0.740487
269,0.693621,-0.735428
270,0.691164,-0.730527
271,0.688491,-0.725675
272,0.685692,-0.720993
273,0.682640,-0.716486
274,0.679248,-0.712203
275,0.675651,-0.707988
276,0.671885,-0.704043
277,0.667746,-0.700449
278,0.663538,-0.696974
279,0.659163,-0.693754
280,0.654469,-0.690798
281,0.649704,-0.688087
282,0.644682,-0.685756
283,0.639588,-0.683646
284,0.634288,-0.682055
285,0.629063,-0.680510
286,0.623793,-0.679267
287,0.618138,-0.678562
288,0.612716,-0.677945
289,0.607228,-0.677741
290,0.601680,-0.677931
291,0.596205,-0.678344
292,0.590640,-0.679425
293,0.585276,-0.680392
294,0.579958,-0.681759
295,0.574668,-0.683657
296,0.569483,-0.685624
297,0.567212,-0.690765
298,0.565613,-0.696756
299,0.562140,-0.701703
300,0.558221,-0.706483
301,0.554377,-0.711637
302,0.550785,-0.716818
303,0.547465,-0.722319
304,0.544629,-0.728117
305,0.541971,-0.733885
306,0.539649,-0.739734
307,0.537673,-0.745820
308,0.536118,-0.752060
309,0.534948,-0.758374
310,0.534039,-0.764797
311,0.533597,-0.771287
312,0.533472,-0.777645
313,0.533843,-0.784015
314,0.534380,-0.790335
315,0.535542,-0.796810
316,0.536844,-0.803058
317,0.538513,-0.809157
318,0.540700,-0.815319
319,0.543353,-0.821223
320,0.546065,-0.826934
321,0.549210,-0.832557
322,0.552644,-0.837917
323,0.556306,-0.843112
324,0.560231,-0.848057
325,0.564617,-0.852745
326,0.569173,-0.857101
327,0.573963,-0.861260
328,0.578827,-0.865118
329,0.584265,-0.868662
330,0.589885,-0.871932
331,0.595368,-0.874911
332,0.601085,-0.877416
333,0.607055,-0.879559
334,0.613393,-0.881424
335,0.619385,-0.883038
336,0.625491,-0.884257
337,0.631768,-0.884967
338,0.637902,-0.885433
339,0.644282,-0.885368
340,0.650614,-0.885047
341,0.657038,-0.884325
342,0.663132,-0.883382
343,0.669115,-0.882096
344,0.675120,-0.880305
345,0.681311,-0.877803
346,0.687323,-0.875042
347,0.693136,-0.872057
348,0.698599,-0.868801
349,0.704043,-0.865055
350,0.709317,-0.860633
351,0.714203,-0.855948
352,0.718884,-0.851072
353,0.723330,-0.845721
354,0.727363,-0.840039
355,0.731076,-0.833640
356,0.734426,-0.826995
357,0.737200,-0.819917
358,0.739561,-0.812527
359,0.737840,-0.807651
360,0.733319,-0.803031
361,0.731096,-0.797395
362,0.729582,-0.787055
363,0.727534,-0.777256
364,0.726098,-0.770620
365,0.726426,-0.766684
366,0.726765,-0.764106
367,0.726092,-0.761365
368,0.725093,-0.758659
369,0.723878,-0.756027
370,0.722497,-0.753467
371,0.720959,-0.750965
372,0.717542,-0.749649
373,0.712734,-0.749667
374,0.708438,-0.749373
375,0.705219,-0.748280
376,0.702814,-0.746650
377,0.699987,-0.744918
378,0.697592,-0.743248
379,0.695008,-0.741734
380,0.694211,-0.742360
381,0.693741,-0.744849
382,0.693396,-0.748178
383,0.693296,-0.751990
384,0.691704,-0.754512
385,0.689622,-0.755410
386,0.687447,-0.756265
387,0.685048,-0.757235
388,0.682804,-0.758094
389,0.680497,-0.758930
390,0.678054,-0.759767
391,0.675387,-0.760430
392,0.672685,-0.761049
393,0.669623,-0.762170
394,0.666822,-0.763087
395,0.664233,-0.764129
396,0.661719,-0.765345
397,0.659162,-0.766742
398,0.656551,-0.768469
399,0.654266,-0.770104
400,0.652074,-0.772095
401,0.649673,-0.774542
402,0.647478,-0.776927
403,0.644968,-0.781066
404,0.640797,-0.785798
405,0.636203,-0.789296
406,0.631419,-0.792695
407,0.626810,-0.796450
408,0.622332,-0.800425
409,0.617908,-0.804648
410,0.613772,-0.809061
411,0.609878,-0.813770
412,0.606244,-0.818626
413,0.603003,-0.823778
414,0.600519,-0.829212
415,0.600109,-0.836010
416,0.599941,-0.843032
417,0.600249,-0.851316
418,0.600268,-0.860287
419,0.599211,-0.867261
420,0.598175,-0.873141
421,0.600348,-0.879264
422,0.604097,-0.885130
423,0.608487,-0.890949
424,0.613091,-0.896627
425,0.616140,-0.902112
426,0.617663,-0.907525
427,0.619101,-0.913015
428,0.620889,-0.918445
429,0.622955,-0.923911
430,0.625355,-0.929222
431,0.628037,-0.934418
432,0.630903,-0.939440
433,0.634198,-0.944196
434,0.637832,-0.948868
435,0.641569,-0.953324
436,0.645530,-0.957539
437,0.649776,-0.961518
438,0.654371,-0.965053
439,0.659104,-0.968486
440,0.663898,-0.971701
441,0.671615,-0.976549
442,0.679470,-0.981528
443,0.686725,-0.985728
444,0.693550,-0.989302
445,0.700918,-0.993545
446,0.707505,-0.996260
447,0.713287,-0.997743
448,0.718994,-0.998580
449,0.724829,-0.998899
450,0.730512,-0.998799
451,0.736251,-0.998506
452,0.741867,-0.997968
453,0.747509,-0.996883
454,0.753087,-0.995590
455,0.758525,-0.994067
456,0.763855,-0.992213
457,0.769116,-0.989959
458,0.774137,-0.987296
459,0.779065,-0.984505
460,0.783854,-0.981444
461,0.788449,-0.978149
462,0.792834,-0.974559
463,0.797042,-0.970650
464,0.800889,-0.966540
465,0.804613,-0.962317
466,0.808039,-0.957772
467,0.811266,-0.953075
468,0.814217,-0.948295
469,0.816775,-0.943130
470,0.819099,-0.937910
471,0.820970,-0.932608
472,0.822673,-0.927210
473,0.823949,-0.921648
474,0.825042,-0.916088
475,0.825852,-0.910564
476,0.826290,-0.904994
477,0.826265,-0.899292
478,0.825792,-0.893532
479,0.825235,-0.887974
480,0.824414,-0.882518
481,0.823364,-0.877135
482,0.821951,-0.871794
483,0.820328,-0.866798
484,0.821522,-0.863941
485,0.821746,-0.860743
486,0.821670,-0.857494
487,0.821458,-0.854287
488,0.821079,-0.851544
489,0.820531,-0.848431
490,0.819797,-0.845331
491,0.818892,-0.842264
492,0.817791,-0.839284
493,0.816538,-0.836321
494,0.815121,-0.833442
495,0.813815,-0.831360
496,0.812779,-0.832843
497,0.812120,-0.835180
498,0.811803,-0.837851
499,0.812194,-0.840703
500,0.811858,-0.844169
501,0.811126,-0.847855
502,0.809473,-0.853673
503,0.807693,-0.860305
504,0.805894,-0.867413
505,0.804041,-0.874750
506,0.802082,-0.882091
507,0.798518,-0.888483
508,0.793587,-0.892154
509,0.787483,-0.895754
510,0.779690,-0.901793
511,0.776249,-0.909877
512,0.773844,-0.916192
513,0.773122,-0.925042
514,0.773785,-0.935560
515,0.773174,-0.943749
516,0.772464,-0.951805
517,0.771958,-0.959870
518,0.771805,-0.967970
519,0.772134,-0.976108
520,0.772867,-0.984221
521,0.774048,-0.992237
522,0.775744,-1.000236
523,0.777829,-1.008079
524,0.780377,-1.015831
525,0.783321,-1.023392
526,0.786776,-1.030834
527,0.790603,-1.037984
528,0.794882,-1.044973
529,0.799613,-1.051741
530,0.805020,-1.058120
531,0.814008,-1.061643
532,0.824947,-1.065013
533,0.836079,-1.068715
534,0.847415,-1.071981
535,0.858913,-1.074667
536,0.870556,-1.076725
537,0.882304,-1.078124
538,0.894113,-1.078859
539,0.905930,-1.078845
540,0.917738,-1.078231
541,0.929521,-1.076954
542,0.941205,-1.075009
543,0.952763,-1.072399
544,0.964153,-1.069125
545,0.975325,-1.065214
546,0.986269,-1.060631
547,0.996917,-1.055419
548,1.007265,-1.049623
549,1.017180,-1.043227
550,1.026812,-1.036328
551,1.036022,-1.028884
552,1.044797,-1.020926
553,1.053104,-1.012484
554,1.060888,-1.003557
555,1.068100,-0.994228
556,1.074852,-0.984484
557,1.081046,-0.974329
558,1.086640,-0.963919
559,1.091633,-0.953183
560,1.095638,-0.942059
561,1.099333,-0.930820
562,1.102404,-0.919365
563,1.104840,-0.907784
564,1.106619,-0.896085
565,1.107731,-0.884303
566,1.108166,-0.872481
567,1.107938,-0.860642
568,1.107027,-0.848839
569,1.105450,-0.837087
570,1.103190,-0.825471
571,1.100279,-0.813992
572,1.096731,-0.802694
573,1.092543,-0.791618
574,1.087716,-0.780789
575,1.082290,-0.770255
576,1.076165,-0.760107
577,1.069577,-0.750334
578,1.062434,-0.740901
579,1.054792,-0.731856
580,1.046383,-0.723513
581,1.037627,-0.715653
582,1.028581,-0.708064
583,1.019136,-0.701000
584,1.009293,-0.694471
585,0.999063,-0.688523
586,0.988525,-0.683143
587,0.977681,-0.678384
588,0.966596,-0.674269
589,0.955251,-0.670780
590,0.943747,-0.667930
591,0.932118,-0.665731
592,0.920347,-0.664205
593,0.908582,-0.663324
594,0.896727,-0.663170
595,0.884897,-0.663678
596,0.873186,-0.665250
597,0.861512,-0.667129
598,0.849961,-0.669644
599,0.838589,-0.672786
600,0.827388,-0.676590
601,0.816423,-0.681029
602,0.805736,-0.686134
603,0.795339,-0.691812
604,0.785301,-0.698007
605,0.775609,-0.704806
606,0.766317,-0.712150
607,0.757445,-0.720003
608,0.749129,-0.728377
609,0.741224,-0.737194
610,0.733839,-0.746430
611,0.726971,-0.756087
612,0.720679,-0.766116
613,0.715318,-0.776665
614,0.710223,-0.787352
615,0.705722,-0.798315
616,0.701883,-0.809492
617,0.698690,-0.820893
618,0.696133,-0.832422
619,0.694222,-0.844106
620,0.692845,-0.855773
621,0.692206,-0.867591
622,0.692263,-0.879440
623,0.693022,-0.891282
624,0.694495,-0.903057
625,0.696582,-0.914667
626,0.699362,-0.926171
627,0.702801,-0.937504
628,0.706867,-0.948606
629,0.711564,-0.959445
630,0.716872,-0.969950
631,0.722775,-0.980215
632,0.729252,-0.990128
633,0.736288,-0.999644
634,0.743841,-1.008729
635,0.751994,-1.017340
636,0.760567,-1.025523
637,0.769561,-1.033219
638,0.778989,-1.040392
639,0.788798,-1.047003
640,0.798960,-1.052988
641,0.809426,-1.058474
642,0.820145,-1.063458
643,0.831172,-1.067743
644,0.842404,-1.071302
645,0.853835,-1.074274
646,0.865419,-1.076615
647,0.877102,-1.078237
648,0.888902,-1.079208
649,0.900752,-1.079400
650,0.912597,-1.078999
651,0.924413,-1.077930
652,0.936197,-1.076165
653,0.947759,-1.073782
654,0.959196,-1.070749
655,0.970359,-1.067058
656,0.981395,-1.062726
657,0.992168,-1.057757
658,1.002633,-1.052217
659,1.012691,-1.046008
660,1.022454,-1.039309
661,1.031825,-1.032058
662,1.040757,-1.024293
663,1.049229,-1.015941
664,1.057206,-1.007250
665,1.064766,-0.998263
666,1.071655,-0.988740
667,1.078082,-0.978795
668,1.083901,-0.968448
669,1.089048,-0.957827
670,1.093670,-0.946912
671,1.097659,-0.935733
672,1.101004,-0.924378
673,1.103704,-0.912824
674,1.105730,-0.901160
675,1.107068,-0.889393
676,1.107695,-0.877581
677,1.107734,-0.865763
678,1.107097,-0.853958
679,1.105790,-0.842192
680,1.103753,-0.830538
681,1.100986,-0.819047
682,1.097704,-0.807688
683,1.093781,-0.796512
684,1.089190,-0.785547
685,1.083992,-0.774973
686,1.078351,-0.764661
687,1.072072,-0.754623
688,1.065181,-0.744984
689,1.057778,-0.735772
690,1.049727,-0.727133
691,1.041283,-0.718836
692,1.032367,-0.710985
693,1.023049,-0.703701
694,1.013341,-0.696981
695,1.003230,-0.690874
696,0.992818,-0.685296
697,0.982099,-0.680290
698,0.971104,-0.675902
699,0.959910,-0.672246
700,0.948444,-0.669148
701,0.936861,-0.666704
702,0.925173,-0.664918
703,0.913386,-0.663822
704,0.901525,-0.663417
705,0.889668,-0.663673
706,0.877910,-0.664941
707,0.866274,-0.666357
708,0.854673,-0.668525
709,0.843195,-0.671397
710,0.831915,-0.674906
711,0.820842,-0.679079
712,0.810044,-0.683850
713,0.799517,-0.689257
714,0.789322,-0.695241
715,0.779478,-0.701810
716,0.770033,-0.708880
717,0.760996,-0.716563
718,0.752408,-0.724747
719,0.744292,-0.733360
720,0.736675,-0.742434
721,0.729603,-0.751906
722,0.723053,-0.761842
723,0.717176,-0.772068
724,0.711819,-0.782630
725,0.707064,-0.793440
726,0.702927,-0.804555
727,0.699456,-0.815877
728,0.696550,-0.827271
729,0.694310,-0.838819
730,0.692761,-0.850546
731,0.692006,-0.862380
732,0.691814,-0.874213
733,0.692332,-0.886007
734,0.693466,-0.897774
735,0.695267,-0.909480
736,0.697793,-0.921004
737,0.700927,-0.932415
738,0.704717,-0.943639
739,0.709167,-0.954651
740,0.714217,-0.965354
741,0.719860,-0.975763
742,0.726084,-0.985821
743,0.732883,-0.995509
744,0.740260,-1.004797
745,0.748155,-1.013674
746,0.756472,-1.021988
747,0.765280,-1.029915
748,0.774543,-1.037330
749,0.784178,-1.044189
750,0.794103,-1.050547
751,0.804382,-1.056290
752,0.815031,-1.061418
753,0.826006,-1.065949
754,0.837150,-1.069774
755,0.848487,-1.073010
756,0.860075,-1.075609
757,0.871755,-1.077545
758,0.883537,-1.078779
759,0.895387,-1.079373
760,0.907189,-1.079330
761,0.918945,-1.078220
762,0.930692,-1.076784
763,0.942339,-1.074688
764,0.953844,-1.071945
765,0.965172,-1.068547
766,0.976294,-1.064506
767,0.987150,-1.059872
768,0.997747,-1.054603
769,1.008025,-1.048740
770,1.017955,-1.042290
771,1.027511,-1.035312
772,1.036616,-1.027902
773,1.045353,-1.019887
774,1.053600,-1.011384
775,1.061336,-1.002434
776,1.068556,-0.993046
777,1.075232,-0.983218
778,1.081245,-0.973066
779,1.086768,-0.962578
780,1.091653,-0.951837
781,1.095927,-0.940766
782,1.099578,-0.929538
783,1.102571,-0.918096
784,1.104918,-0.906499
785,1.106523,-0.894807
786,1.107538,-0.883005
787,1.107863,-0.871137
788,1.107542,-0.859313
789,1.106514,-0.847584
790,1.104837,-0.835859
791,1.102472,-0.824227
792,1.099483,-0.812784
793,1.095820,-0.801570
794,1.091729,-0.790535
795,1.086896,-0.779741
796,1.081408,-0.769239
797,1.075330,-0.759162
798,1.068707,-0.749380
799,1.061414,-0.740026
800,1.053655,-0.731055
801,1.045501,-0.722545
802,1.036817,-0.714491
803,1.027681,-0.706948
804,1.018109,-0.700033
805,1.008182,-0.693582
806,0.997899,-0.687711
807,0.987297,-0.682434
808,0.976410,-0.677770
809,0.965229,-0.673781
810,0.953905,-0.670385
811,0.942374,-0.667656
812,0.930641,-0.665586
813,0.918929,-0.664167
814,0.907096,-0.663465
815,0.895411,-0.663315
816,0.883574,-0.663860
817,0.871787,-0.665107
818,0.860178,-0.667396
819,0.848636,-0.669980
820,0.837268,-0.673208
821,0.826145,-0.677126
822,0.815248,-0.681607
823,0.804595,-0.686733
824,0.794244,-0.692465
825,0.784234,-0.698779
826,0.774595,-0.705608
827,0.765357,-0.713009
828,0.756573,-0.720987
829,0.748202,-0.729410
830,0.740362,-0.738278
831,0.733031,-0.747559
832,0.726244,-0.757266
833,0.720003,-0.767365
834,0.714367,-0.777812
835,0.709411,-0.788446
836,0.704875,-0.799301
837,0.701051,-0.810526
838,0.697891,-0.821938
839,0.695395,-0.833502
840,0.693584,-0.845184
841,0.692459,-0.856930
842,0.692001,-0.868784
843,0.692257,-0.880616
844,0.693094,-0.892398
845,0.694640,-0.904169
846,0.696883,-0.915736
847,0.699698,-0.927209
848,0.703190,-0.938531
849,0.707326,-0.949649
850,0.712080,-0.960490
851,0.717443,-0.971039
852,0.723451,-0.981289
853,0.729979,-0.991105
854,0.737070,-1.000592
855,0.744702,-1.009632
856,0.752770,-1.018170
857,0.761226,-1.026404
858,0.770217,-1.034098
859,0.779656,-1.041237
860,0.789507,-1.047821
861,0.799696,-1.053721
862,0.810226,-1.059135
863,0.821038,-1.063942
864,0.832096,-1.068137
865,0.843400,-1.071683
866,0.854877,-1.074574
867,0.866481,-1.076824
868,0.878237,-1.078047
869,0.890036,-1.078927
870,0.901896,-1.079145
871,0.913727,-1.078718
872,0.925507,-1.077630
873,0.937204,-1.075853
874,0.948784,-1.073442
875,0.960205,-1.070361
876,0.971429,-1.066661
877,0.982436,-1.062298
878,0.993147,-1.057443
879,1.003602,-1.051934
880,1.013714,-1.045814
881,1.023446,-1.039064
882,1.032765,-1.031776
883,1.041689,-1.023966
884,1.050060,-1.015621
885,1.058012,-1.006831
886,1.065448,-0.997618
887,1.072349,-0.988003
888,1.078749,-0.978010
889,1.084516,-0.967655
890,1.089674,-0.957009
891,1.094222,-0.946094
892,1.098143,-0.934945
893,1.101423,-0.923607
894,1.104059,-0.912064
895,1.105966,-0.900426
896,1.107293,-0.888681
897,1.107972,-0.876879
898,1.108025,-0.865068
899,1.107267,-0.853314
900,1.105917,-0.841541
901,1.103885,-0.829879
902,1.101192,-0.818350
903,1.097835,-0.806997
904,1.093852,-0.795933
905,1.089248,-0.785012
906,1.083997,-0.774358
907,1.078164,-0.764110
908,1.071734,-0.754247
909,1.064774,-0.744671
910,1.057303,-0.735507
911,1.049278,-0.726775
912,1.040789,-0.718529
913,1.031768,-0.710881
914,1.022386,-0.703701
915,1.012620,-0.696978
916,1.002531,-0.690824
917,0.992087,-0.685268
918,0.981292,-0.680347
919,0.970293,-0.676134
920,0.959056,-0.672434
921,0.947599,-0.669391
922,0.936166,-0.666890
923,0.924470,-0.665059
924,0.912724,-0.664033
925,0.900913,-0.663713
926,0.889041,-0.663995
927,0.877265,-0.664930
928,0.865568,-0.666536
929,0.853957,-0.668817
930,0.842489,-0.671776
931,0.831277,-0.675381
932,0.820274,-0.679544
933,0.809472,-0.684369
934,0.798970,-0.689840
935,0.788796,-0.695850
936,0.779035,-0.702390
937,0.769600,-0.709543
938,0.760590,-0.717206
939,0.752081,-0.725470
940,0.744075,-0.734123
941,0.736495,-0.743203
942,0.729447,-0.752633
943,0.722876,-0.762407
944,0.716989,-0.772608
945,0.711635,-0.783141
946,0.706908,-0.793986
947,0.702802,-0.805078
948,0.699342,-0.816376
949,0.696536,-0.827900
950,0.694379,-0.839510
951,0.692905,-0.851238
952,0.692077,-0.863029
953,0.692017,-0.874878
954,0.692583,-0.886686
955,0.693787,-0.898443
956,0.695653,-0.910127
957,0.698184,-0.921642
958,0.701350,-0.933047
959,0.705097,-0.944218
960,0.709527,-0.955182
961,0.714622,-0.965818
962,0.720320,-0.976231
963,0.726470,-0.986238
964,0.733176,-0.995947
965,0.740492,-1.005248
966,0.748612,-1.013831
967,0.756956,-1.022212
968,0.765759,-1.030097
969,0.775011,-1.037433
970,0.784654,-1.044257
971,0.794673,-1.050525
972,0.805011,-1.056225
973,0.815672,-1.061329
974,0.826613,-1.065810
975,0.837777,-1.069668
976,0.849162,-1.072896
977,0.860712,-1.075462
978,0.872379,-1.077382
979,0.884154,-1.078630
980,0.895971,-1.079190
981,0.907818,-1.079056
982,0.919499,-1.078239
983,0.931241,-1.076797
984,0.942846,-1.074726
985,0.954339,-1.072047
986,0.965622,-1.068610
987,0.976755,-1.064525
988,0.987586,-1.059841
989,0.998137,-1.054620
990,1.008371,-1.048613
991,1.018191,-1.042106
992,1.027709,-1.035088
993,1.036837,-1.027561
994,1.045504,-1.019568
995,1.053602,-1.011066
996,1.061322,-1.002147
997,1.068524,-0.992738
998,1.075149,-0.982982
999,1.081217,-0.972824
1000,1.086630,-0.962344
1001,1.091501,-0.951601
1002,1.095748,-0.940585
1003,1.099372,-0.929319
1004,1.102307,-0.917943
1005,1.104601,-0.906330
1006,1.106293,-0.894681
1007,1.107453,-0.882984
1008,1.107812,-0.871153
1009,1.107366,-0.859441
1010,1.106381,-0.847649
1011,1.104762,-0.835985
1012,1.102454,-0.824397
1013,1.099112,-0.813073
1014,1.095471,-0.801822
1015,1.091272,-0.790839
1016,1.086396,-0.780083
1017,1.080935,-0.769610
1018,1.074886,-0.759466
1019,1.068229,-0.749725
1020,1.061029,-0.740332
1021,1.053326,-0.731368
1022,1.045165,-0.722847
1023,1.036479,-0.714793
1024,1.027413,-0.707276
1025,1.017889,-0.700301
1026,1.007992,-0.693872
1027,0.997875,-0.687950
1028,0.987353,-0.682621
1029,0.976497,-0.677941
1030,0.965405,-0.674017
1031,0.954058,-0.670621
1032,0.942588,-0.667849
1033,0.930950,-0.665752
1034,0.919210,-0.664294
1035,0.907468,-0.663528
1036,0.895704,-0.663450
1037,0.883904,-0.664002
1038,0.872154,-0.665240
1039,0.860501,-0.667147
1040,0.848992,-0.669650
1041,0.837741,-0.673195
1042,0.826583,-0.677008
1043,0.815666,-0.681470
1044,0.805041,-0.686501
1045,0.794704,-0.692162
1046,0.784674,-0.698401
1047,0.774966,-0.704943
1048,0.765640,-0.712138
1049,0.756813,-0.719864
1050,0.748341,-0.728025
1051,0.740332,-0.736567
1052,0.732710,-0.745463
1053,0.725499,-0.754634
1054,0.718669,-0.764089
1055,0.712168,-0.773521
1056,0.705826,-0.782945
1057,0.699619,-0.792282
1058,0.693393,-0.801624
1059,0.687212,-0.810854
1060,0.680910,-0.820254
1061,0.675977,-0.829597
1062,0.672955,-0.839202
1063,0.670952,-0.849093
1064,0.668257,-0.858550
1065,0.662769,-0.869158
1066,0.655490,-0.879419
1067,0.651167,-0.887532
1068,0.650368,-0.897557
1069,0.649367,-0.906013
1070,0.648308,-0.914575
1071,0.647093,-0.923495
1072,0.645454,-0.932063
1073,0.643758,-0.940367
1074,0.642214,-0.949085
1075,0.640950,-0.957660
1076,0.640092,-0.966018
1077,0.639570,-0.974286
1078,0.639539,-0.982566
1079,0.640151,-0.990713
1080,0.641040,-0.998541
1081,0.642591,-1.005914
1082,0.644488,-1.012809
1083,0.647074,-1.019469
1084,0.649524,-1.026374
1085,0.652633,-1.033640
1086,0.655284,-1.040928
1087,0.658045,-1.049668
1088,0.662671,-1.058266
1089,0.669575,-1.067738
1090,0.677669,-1.077033
1091,0.686376,-1.084851
1092,0.693289,-1.088825
1093,0.702798,-1.092155
1094,0.714293,-1.095950
1095,0.722744,-1.099512
1096,0.730091,-1.102849
1097,0.737590,-1.105587
1098,0.744940,-1.108199
1099,0.751723,-1.110371
1100,0.758590,-1.112180
1101,0.765171,-1.113828
1102,0.771030,-1.114895
1103,0.776413,-1.115661
1104,0.781710,-1.116266
1105,0.787063,-1.117635
1106,0.792925,-1.118441
1107,0.799045,-1.118530
1108,0.804081,-1.117201
1109,0.807350,-1.115457
1110,0.811047,-1.112063
1111,0.816378,-1.108565
1112,0.821815,-1.106482
1113,0.827351,-1.104473
1114,0.832851,-1.102202
1115,0.838304,-1.099610
1116,0.843582,-1.096586
1117,0.848686,-1.093261
1118,0.853700,-1.089743
1119,0.858480,-1.085966
1120,0.863067,-1.081931
1121,0.867400,-1.077477
1122,0.871573,-1.072897
1123,0.875476,-1.068022
1124,0.878937,-1.062807
1125,0.882281,-1.057496
1126,0.885653,-1.052574
1127,0.888650,-1.047590
1128,0.891028,-1.041968
1129,0.893253,-1.035961
1130,0.895184,-1.029795
1131,0.896598,-1.023681
1132,0.901756,-1.018280
1133,0.911629,-1.012752
1134,0.920409,-1.006521
1135,0.928804,-0.999714
1136,0.936875,-0.992401
1137,0.944640,-0.984549
1138,0.952099,-0.976340
1139,0.959283,-0.967472
1140,0.966222,-0.958035
1141,0.972935,-0.948136
1142,0.975239,-0.938430
1143,0.970311,-0.933224
1144,0.968234,-0.928791
1145,0.969497,-0.921308
1146,0.970443,-0.912741
1147,0.967578,-0.905439
1148,0.962446,-0.899910
1149,0.956687,-0.895330
1150,0.950627,-0.891386
1151,0.944303,-0.887857
1152,0.937981,-0.885218
1153,0.931378,-0.882643
1154,0.924630,-0.880438
1155,0.917791,-0.878629
1156,0.910850,-0.877164
1157,0.903818,-0.876122
1158,0.896758,-0.875468
1159,0.889665,-0.875254
1160,0.882575,-0.875407
1161,0.875490,-0.876000
1162,0.868468,-0.876988
1163,0.862091,-0.878521
1164,0.860921,-0.882385
1165,0.861483,-0.887181
1166,0.863607,-0.892444
1167,0.866507,-0.897670
1168,0.869949,-0.902909
1169,0.873739,-0.908125
1170,0.875280,-0.913045
1171,0.873644,-0.917933
1172,0.869948,-0.922796
1173,0.870495,-0.934012
1174,0.877415,-0.949213
1175,0.884106,-0.958874
1176,0.889969,-0.965899
1177,0.897066,-0.972547
1178,0.905123,-0.978946
1179,0.912069,-0.983444
1180,0.916859,-0.986521
1181,0.921613,-0.989497
1182,0.926454,-0.992256
1183,0.931410,-0.994762
1184,0.936656,-0.996986
1185,0.941819,-0.998925
1186,0.947095,-1.000564
1187,0.952459,-1.001898
1188,0.957893,-1.002926
1189,0.963515,-1.003640
1190,0.969054,-1.003943
1191,0.974612,-1.004041
1192,0.980142,-1.003807
1193,0.985649,-1.003257
1194,0.991115,-1.002396
1195,0.996525,-1.001227
1196,1.001973,-0.999693
1197,1.007216,-0.997902
1198,1.012357,-0.995823
1199,1.017367,-0.993455
1200,1.022237,-0.990807
1201,1.027018,-0.987509
1202,1.031563,-0.984262
1203,1.035919,-0.980788
1204,1.040060,-0.977008
1205,1.043981,-0.972291
1206,1.047639,-0.967690
1207,1.051051,-0.963157
1208,1.054227,-0.958550
1209,1.057600,-0.953258
1210,1.061306,-0.947330
1211,1.063843,-0.940931
1212,1.065668,-0.934384
1213,1.067024,-0.927715
1214,1.068064,-0.920930
1215,1.068646,-0.914127
1216,1.068819,-0.907305
1217,1.068608,-0.900494
1218,1.068004,-0.893690
1219,1.067024,-0.886927
1220,1.065658,-0.880233
1221,1.063588,-0.873391
1222,1.061521,-0.866842
1223,1.059037,-0.860497
1224,1.056176,-0.854273
1225,1.052987,-0.848231
1226,1.049469,-0.842381
1227,1.045591,-0.836742
1228,1.041393,-0.831334
1229,1.036896,-0.826172
1230,1.032125,-0.821228
1231,1.027099,-0.816600
1232,1.021810,-0.812264
1233,1.016309,-0.808313
1234,1.010533,-0.804595
1235,1.004554,-0.801230
1236,0.998399,-0.798171
1237,0.992099,-0.795486
1238,0.985584,-0.793133
1239,0.978891,-0.791158
1240,0.972195,-0.789616
1241,0.965436,-0.788447
1242,0.958596,-0.787671
1243,0.951729,-0.787279
1244,0.944716,-0.787289
1245,0.937793,-0.787619
1246,0.930819,-0.788437
1247,0.924000,-0.789599
1248,0.917288,-0.791162
1249,0.910656,-0.793118
1250,0.903965,-0.795783
1251,0.897578,-0.798515
1252,0.891322,-0.801535
1253,0.885303,-0.804965
1254,0.879439,-0.808750
1255,0.873818,-0.812812
1256,0.868420,-0.817212
1257,0.863289,-0.821916
1258,0.858433,-0.826887
1259,0.853851,-0.832142
1260,0.849447,-0.837667
1261,0.845447,-0.843438
1262,0.841768,-0.849436
1263,0.838421,-0.855618
1264,0.835402,-0.862015
1265,0.832709,-0.868639
1266,0.830396,-0.875450
1267,0.828428,-0.882302
1268,0.826838,-0.889347
1269,0.825622,-0.896425
1270,0.824675,-0.903676
1271,0.824101,-0.911053
1272,0.824161,-0.918543
1273,0.825174,-0.926472
1274,0.826852,-0.934668
1275,0.828964,-0.942670
1276,0.831381,-0.952017
1277,0.833719,-0.963446
1278,0.835839,-0.974937
1279,0.837859,-0.985324
1280,0.840317,-0.995279
1281,0.843285,-1.004994
1282,0.846810,-1.014478
1283,0.850878,-1.023718
1284,0.855830,-1.032615
1285,0.860890,-1.041355
1286,0.866441,-1.049764
1287,0.872494,-1.057870
1288,0.878924,-1.065649
1289,0.885818,-1.073002
1290,0.893126,-1.079935
1291,0.900845,-1.086460
1292,0.908880,-1.092533
1293,0.917260,-1.098128
1294,0.925948,-1.103235
1295,0.934898,-1.107830
1296,0.944119,-1.111934
1297,0.953552,-1.115501
1298,0.963206,-1.118601
1299,0.972994,-1.121066
1300,0.982960,-1.122970
1301,0.992948,-1.124283
1302,1.003028,-1.125045
1303,1.013107,-1.125195
1304,1.023199,-1.124806
1305,1.033292,-1.123446
1306,1.043275,-1.121886
1307,1.053171,-1.119846
1308,1.062885,-1.117189
1309,1.072460,-1.113969
1310,1.081824,-1.110245
1311,1.090952,-1.105979
1312,1.099824,-1.101196
1313,1.108350,-1.095935
1314,1.116668,-1.090165
1315,1.124616,-1.083943
1316,1.132274,-1.077294
1317,1.139453,-1.070208
1318,1.146218,-1.062726
1319,1.153451,-1.054879
1320,1.161151,-1.046637
1321,1.168556,-1.037536
1322,1.175633,-1.028201
1323,1.182061,-1.018550
1324,1.187813,-1.008604
1325,1.192918,-0.998503
1326,1.197228,-0.988261
1327,1.200795,-0.977921
1328,1.203613,-0.967514
1329,1.205631,-0.957146
1330,1.206856,-0.946819
1331,1.207308,-0.936561
1332,1.207014,-0.926389
1333,1.205976,-0.916311
1334,1.204358,-0.906363
1335,1.202141,-0.896416
1336,1.200181,-0.884993
1337,1.198246,-0.872035
1338,1.195564,-0.858796
1339,1.191745,-0.845865
1340,1.187508,-0.832934
1341,1.182542,-0.820243
1342,1.176848,-0.807845
1343,1.170455,-0.795792
1344,1.163412,-0.784087
1345,1.155684,-0.772844
1346,1.147327,-0.762047
1347,1.138368,-0.751739
1348,1.128833,-0.741960
1349,1.118756,-0.732737
1350,1.108170,-0.724100
1351,1.097108,-0.716078
1352,1.085612,-0.708697
1353,1.073709,-0.701986
1354,1.061440,-0.695961
1355,1.048777,-0.690612
1356,1.035849,-0.686404
1357,1.022754,-0.682563
1358,1.009454,-0.679465
1359,0.996056,-0.677168
1360,0.982507,-0.675599
1361,0.968875,-0.674802
1362,0.955206,-0.674784
1363,0.941584,-0.675551
1364,0.927995,-0.677066
1365,0.914522,-0.679366
1366,0.901199,-0.682427
1367,0.888090,-0.686252
1368,0.875180,-0.690847
1369,0.862579,-0.696085
1370,0.850304,-0.702075
1371,0.838447,-0.708747
1372,0.826914,-0.716108
1373,0.815835,-0.724111
1374,0.805537,-0.732959
1375,0.795462,-0.742143
1376,0.785886,-0.751927
1377,0.776876,-0.762251
1378,0.768501,-0.773038
1379,0.760759,-0.784277
1380,0.753689,-0.795933
1381,0.747256,-0.807967
1382,0.741514,-0.820371
1383,0.736486,-0.833106
1384,0.732194,-0.846117
1385,0.728636,-0.859304
1386,0.725845,-0.872695
1387,0.723820,-0.886226
1388,0.722578,-0.899839
1389,0.722103,-0.913516
1390,0.722408,-0.927121
1391,0.723497,-0.940777
1392,0.725700,-0.954235
1393,0.728362,-0.967615
1394,0.731753,-0.980886
1395,0.735897,-0.993957
1396,0.740746,-1.006764
1397,0.746329,-1.019260
1398,0.752617,-1.031418
1399,0.759590,-1.043200
1400,0.767224,-1.054519
1401,0.775463,-1.065438
1402,0.784330,-1.075858
1403,0.793778,-1.085762
1404,0.803783,-1.095116
1405,0.814301,-1.103899
1406,0.825305,-1.112055
1407,0.836774,-1.119573
1408,0.848626,-1.126426
1409,0.860807,-1.132607
1410,0.873402,-1.138073
1411,0.886352,-1.142405
1412,0.899464,-1.146401
1413,0.912793,-1.149659
1414,0.926315,-1.152155
1415,0.939909,-1.153926
1416,0.953553,-1.154871
1417,0.967242,-1.155050
1418,0.980873,-1.154412
1419,0.994491,-1.153024
1420,1.008022,-1.150860
1421,1.021406,-1.147932
1422,1.034613,-1.144238
1423,1.047619,-1.139777
1424,1.060308,-1.134598
1425,1.072689,-1.128711
1426,1.084691,-1.122139
1427,1.096319,-1.114872
1428,1.107578,-1.106948
1429,1.118309,-1.098436
1430,1.128547,-1.089310
1431,1.138246,-1.079613
1432,1.147379,-1.069378
1433,1.155922,-1.058635
1434,1.163836,-1.047423
1435,1.170724,-1.035667
1436,1.177296,-1.023634
1437,1.183219,-1.011212
1438,1.188390,-0.998536
1439,1.192831,-0.985577
1440,1.196555,-0.972332
1441,1.199489,-0.958933
1442,1.201655,-0.945387
1443,1.203062,-0.931741
1444,1.203685,-0.918071
1445,1.203524,-0.904325
1446,1.202594,-0.890621
1447,1.200881,-0.877011
1448,1.198408,-0.863460
1449,1.195126,-0.850195
1450,1.191120,-0.837080
1451,1.186370,-0.824197
1452,1.180890,-0.811599
1453,1.174390,-0.799586
1454,1.167515,-0.787704
1455,1.160044,-0.776247
1456,1.151848,-0.765199
1457,1.143058,-0.754693
1458,1.133691,-0.744664
1459,1.123760,-0.735179
1460,1.113302,-0.726271
1461,1.102352,-0.717972
1462,1.090947,-0.710332
1463,1.079071,-0.703228
1464,1.066873,-0.696916
1465,1.054339,-0.691311
1466,1.041493,-0.686419
1467,1.028389,-0.682267
1468,1.015068,-0.678869
1469,1.001577,-0.676231
1470,0.987965,-0.674356
1471,0.974354,-0.673670
1472,0.960598,-0.673370
1473,0.946921,-0.673825
1474,0.933211,-0.675095
1475,0.919645,-0.677157
1476,0.906205,-0.679950
1477,0.892931,-0.683511
1478,0.879898,-0.687807
1479,0.867072,-0.692861
1480,0.854579,-0.698629
1481,0.842434,-0.705100
1482,0.830676,-0.712253
1483,0.819355,-0.720061
1484,0.808498,-0.728496
1485,0.798126,-0.737542
1486,0.788330,-0.747157
1487,0.779054,-0.757312
1488,0.770316,-0.768026
1489,0.762265,-0.779182
1490,0.755228,-0.790903
1491,0.748506,-0.802852
1492,0.742459,-0.815247
1493,0.737123,-0.827970
1494,0.732558,-0.840904
1495,0.728703,-0.854050
1496,0.725588,-0.867509
1497,0.723244,-0.881080
1498,0.721680,-0.894766
1499,0.720898,-0.908519
1500,0.720902,-0.922296
1501,0.721691,-0.936052
1502,0.723262,-0.949735
1503,0.725603,-0.963351
1504,0.728759,-0.976723
1505,0.732627,-0.989924
1506,0.737255,-1.002951
1507,0.742591,-1.015660
1508,0.748957,-1.027776
1509,0.755702,-1.039749
1510,0.763134,-1.051349
1511,0.771224,-1.062520
1512,0.779933,-1.073216
1513,0.789169,-1.083364
1514,0.799036,-1.093008
1515,0.809405,-1.102015
1516,0.820290,-1.110467
1517,0.831654,-1.118329
1518,0.843463,-1.125508
1519,0.855656,-1.131977
1520,0.868170,-1.137747
1521,0.881007,-1.142798
1522,0.894103,-1.147112
1523,0.907434,-1.150671
1524,0.920951,-1.153467
1525,0.934560,-1.155456
1526,0.948229,-1.156314
1527,0.961961,-1.156797
1528,0.975774,-1.156461
1529,0.989538,-1.155353
1530,1.003213,-1.153465
1531,1.016734,-1.150824
1532,1.030127,-1.147395
1533,1.043314,-1.143205
1534,1.056213,-1.138269
1535,1.068812,-1.132617
1536,1.081060,-1.126256
1537,1.092962,-1.119189
1538,1.104407,-1.111492
1539,1.115349,-1.103154
1540,1.125852,-1.094195
1541,1.135853,-1.084618
1542,1.145283,-1.074527
1543,1.154117,-1.063900
1544,1.161960,-1.052643
1545,1.169518,-1.041150
1546,1.176422,-1.029155
1547,1.182589,-1.016836
1548,1.188085,-1.004202
1549,1.192893,-0.991183
1550,1.196892,-0.977957
1551,1.200157,-0.964519
1552,1.202667,-0.950877
1553,1.204390,-0.937152
1554,1.205328,-0.923370
1555,1.205476,-0.909558
1556,1.204839,-0.895741
1557,1.203394,-0.882041
1558,1.201191,-0.868394
1559,1.198211,-0.854885
1560,1.194465,-0.841563
1561,1.189966,-0.828473
1562,1.184440,-0.815924
1563,1.178492,-0.803399
1564,1.171835,-0.791239
1565,1.164498,-0.779535
1566,1.156549,-0.768269
1567,1.147925,-0.757481
1568,1.138713,-0.747167
1569,1.128902,-0.737379
1570,1.118583,-0.728181
1571,1.107743,-0.719577
1572,1.096426,-0.711604
1573,1.084671,-0.704284
1574,1.072518,-0.697646
1575,1.060034,-0.691756
1576,1.047219,-0.686544
1577,1.034116,-0.682068
1578,1.020775,-0.678345
1579,1.007277,-0.675752
1580,0.993601,-0.673606
1581,0.979814,-0.672211
1582,0.965943,-0.671592
1583,0.952149,-0.671787
1584,0.938371,-0.672725
1585,0.924614,-0.674469
1586,0.910983,-0.676991
1587,0.897520,-0.680285
1588,0.884230,-0.684340
1589,0.871226,-0.689116
1590,0.858523,-0.694645
1591,0.846166,-0.700872
1592,0.834165,-0.707810
1593,0.822641,-0.715415
1594,0.811499,-0.723669
1595,0.800864,-0.732500
1596,0.790726,-0.742008
1597,0.781499,-0.752246
1598,0.772516,-0.762807
1599,0.764152,-0.773862
1600,0.756424,-0.785376
1601,0.749388,-0.797258
1602,0.743004,-0.809612
1603,0.737332,-0.822299
1604,0.732361,-0.835315
1605,0.728213,-0.848495
1606,0.724792,-0.861938
1607,0.722136,-0.875535
1608,0.720259,-0.889280
1609,0.719170,-0.903116
1610,0.718871,-0.916997
1611,0.719362,-0.930874
1612,0.720648,-0.944727
1613,0.722662,-0.958340
1614,0.725530,-0.971943
1615,0.729482,-0.985174
1616,0.733858,-0.998341
1617,0.738979,-1.011307
1618,0.744795,-1.023894
1619,0.751303,-1.036116
1620,0.758532,-1.047998
1621,0.766415,-1.059382
1622,0.774939,-1.070349
1623,0.784061,-1.080819
1624,0.793783,-1.090753
1625,0.804059,-1.100127
1626,0.814844,-1.108895
1627,0.826122,-1.117038
1628,0.837851,-1.124514
1629,0.849980,-1.131315
1630,0.862480,-1.137420
1631,0.875307,-1.142797
1632,0.888454,-1.147444
1633,0.901791,-1.151329
1634,0.915319,-1.154051
1635,0.929012,-1.156383
1636,0.942828,-1.157946
1637,0.956663,-1.158725
1638,0.970611,-1.158707
1639,0.984496,-1.157904
1640,0.998318,-1.156313
1641,1.012021,-1.153939
1642,1.025575,-1.150794
1643,1.038952,-1.146867
1644,1.052060,-1.142186
1645,1.064918,-1.136782
1646,1.077391,-1.130663
1647,1.089516,-1.123831
1648,1.101170,-1.116325
1649,1.112438,-1.108159
1650,1.123225,-1.099359
1651,1.133502,-1.089954
1652,1.142872,-1.079797
1653,1.151991,-1.069297
1654,1.160513,-1.058306
1655,1.168390,-1.046867
1656,1.175615,-1.034955
1657,1.182184,-1.022737
1658,1.188012,-1.010093
1659,1.193081,-0.997145
1660,1.197431,-0.983921
1661,1.201034,-0.970472
1662,1.203862,-0.956813
1663,1.205899,-0.942970
1664,1.207152,-0.929095
1665,1.207611,-0.915160
1666,1.207283,-0.901212
1667,1.206163,-0.887327
1668,1.204232,-0.873477
1669,1.201577,-0.859815
1670,1.197763,-0.846498
1671,1.193522,-0.833247
1672,1.188566,-0.820346
1673,1.182834,-0.807588
1674,1.176480,-0.795302
1675,1.169338,-0.783299
1676,1.161535,-0.771715
1677,1.153089,-0.760593
1678,1.144023,-0.749969
1679,1.134367,-0.739877
1680,1.124164,-0.730360
1681,1.113428,-0.721433
1682,1.102174,-0.713183
1683,1.090550,-0.705502
1684,1.078466,-0.698533
1685,1.065988,-0.692260
1686,1.053167,-0.686708
1687,1.039968,-0.681848
1688,1.026596,-0.677809
1689,1.013017,-0.674928
1690,0.999391,-0.672417
1691,0.985572,-0.670695
1692,0.971601,-0.669756
1693,0.957607,-0.669599
1694,0.943654,-0.670236
1695,0.929743,-0.671669
1696,0.915992,-0.673915
1697,0.902344,-0.676917
1698,0.888882,-0.680687
1699,0.875653,-0.685229
1700,0.862678,-0.690538
1701,0.850032,-0.696505
1702,0.837764,-0.703223
1703,0.825901,-0.710637
1704,0.814535,-0.718702
1705,0.803607,-0.727357
1706,0.793542,-0.736843
1707,0.783674,-0.746794
1708,0.774373,-0.757255
1709,0.765671,-0.768224
1710,0.757613,-0.779636
1711,0.750200,-0.791540
1712,0.743500,-0.803817
1713,0.737488,-0.816463
1714,0.732207,-0.829437
1715,0.727669,-0.842699
1716,0.723938,-0.856147
1717,0.720936,-0.869831
1718,0.718711,-0.883673
1719,0.717281,-0.897619
1720,0.716652,-0.911623
1721,0.716783,-0.925627
1722,0.717751,-0.939503
1723,0.719528,-0.953431
1724,0.722474,-0.966988
1725,0.725814,-0.980586
1726,0.729910,-0.993998
1727,0.734766,-1.007161
1728,0.740332,-1.019989
1729,0.746663,-1.032539
1730,0.753653,-1.044666
1731,0.761336,-1.056390
1732,0.769678,-1.067611
1733,0.778649,-1.078396
1734,0.788230,-1.088663
1735,0.798384,-1.098364
1736,0.809128,-1.107501
1737,0.820331,-1.115983
1738,0.831996,-1.123823
1739,0.844092,-1.130982
1740,0.856555,-1.137437
1741,0.869401,-1.143187
1742,0.882552,-1.148183
1743,0.895953,-1.152435
1744,0.909589,-1.155911
1745,0.923416,-1.158612
1746,0.937344,-1.160080
1747,0.951281,-1.161210
1748,0.965333,-1.161510
1749,0.979393,-1.161026
1750,0.993415,-1.159744
1751,1.007300,-1.157659
1752,1.021093,-1.154796
1753,1.034649,-1.151137
1754,1.047952,-1.146689
1755,1.061010,-1.141535
1756,1.073790,-1.135608
1757,1.086205,-1.128976
1758,1.098227,-1.121648
1759,1.109804,-1.113649
1760,1.120908,-1.105014
1761,1.132631,-1.095124
1762,1.143812,-1.084728
1763,1.154115,-1.073910
1764,1.163408,-1.062409
1765,1.172390,-1.050550
1766,1.180725,-1.038212
1767,1.188284,-1.025414
1768,1.195142,-1.012206
1769,1.201243,-0.998618
1770,1.206574,-0.984707
1771,1.211116,-0.970483
1772,1.214821,-0.956068
1773,1.217701,-0.941458
1774,1.219736,-0.926699
1775,1.220922,-0.911845
1776,1.221266,-0.896939
1777,1.220765,-0.882050
1778,1.219415,-0.867214
1779,1.217217,-0.852542
1780,1.214191,-0.837956
1781,1.210325,-0.823524
1782,1.205322,-0.809587
1783,1.199826,-0.795793
1784,1.193590,-0.782259
1785,1.186589,-0.769103
1786,1.178849,-0.756373
1787,1.170396,-0.744096
1788,1.161256,-0.732325
1789,1.151459,-0.721073
1790,1.141039,-0.710413
1791,1.130032,-0.700360
1792,1.118467,-0.690949
1793,1.106378,-0.682221
1794,1.093824,-0.674191
1795,1.080801,-0.666897
1796,1.067397,-0.660336
1797,1.053649,-0.654561
1798,1.039512,-0.649532
1799,1.025210,-0.645368
