0,-1.614720,-1.015100
1,-1.614720,-1.015100
2,-1.614720,-1.015100
3,-1.614720,-1.015100
4,-1.614720,-1.015100
5,-1.614720,-1.015100
6,-1.614720,-1.015100
7,-1.614720,-1.015100
8,-1.602520,-1.013996
9,-1.585772,-1.011113
10,-1.569225,-1.007227
11,-1.552925,-1.002406
12,-1.536927,-0.996666
13,-1.521280,-0.990024
14,-1.506037,-0.982503
15,-1.501789,-0.980377
16,-1.493874,-0.971028
17,-1.483968,-0.957220
18,-1.474908,-0.942838
19,-1.466681,-0.927965
20,-1.459313,-0.912647
21,-1.452829,-0.896935
22,-1.447250,-0.880879
23,-1.442593,-0.864532
24,-1.438873,-0.847946
25,-1.436104,-0.831176
26,-1.434293,-0.814275
27,-1.433813,-0.809549
28,-1.437470,-0.797858
29,-1.443827,-0.782098
30,-1.451121,-0.766745
31,-1.459277,-0.751832
32,-1.461580,-0.747677
33,-1.461580,-0.747677
34,-1.461580,-0.747677
35,-1.461580,-0.747677
36,-1.461580,-0.747677
37,-1.461580,-0.747677
38,-1.461580,-0.747677
39,-1.461580,-0.747677
40,-1.461580,-0.747677
41,-1.461580,-0.747677
42,-1.461580,-0.747677
43,-1.449330,-0.747763
44,-1.432382,-0.746519
45,-1.415535,-0.744258
46,-1.398845,-0.741042
47,-1.382364,-0.736881
48,-1.366147,-0.731790
49,-1.350246,-0.725785
50,-1.334712,-0.718884
51,-1.319596,-0.711111
52,-1.315384,-0.708914
53,-1.307625,-0.699435
54,-1.297950,-0.685464
55,-1.289130,-0.670934
56,-1.281152,-0.655925
57,-1.274040,-0.640487
58,-1.267818,-0.624669
59,-1.262506,-0.608523
60,-1.258122,-0.592101
61,-1.254679,-0.575456
62,-1.252188,-0.558642
63,-1.250658,-0.541713
64,-1.250094,-0.524725
65,-1.250497,-0.507732
66,-1.251867,-0.490790
67,-1.254198,-0.473953
68,-1.257483,-0.457276
69,-1.261712,-0.440813
70,-1.266870,-0.424617
71,-1.272942,-0.408741
72,-1.279907,-0.393236
73,-1.287743,-0.378153
74,-1.289957,-0.373950
75,-1.289957,-0.373950
76,-1.289957,-0.373950
77,-1.289957,-0.373950
78,-1.289957,-0.373950
79,-1.289957,-0.373950
80,-1.289957,-0.373950
81,-1.289957,-0.373950
82,-1.289957,-0.373950
83,-1.289957,-0.373950
84,-1.278712,-0.378809
85,-1.262621,-0.384276
86,-1.246228,-0.388767
87,-1.229605,-0.392319
88,-1.212808,-0.394919
89,-1.195890,-0.396559
90,-1.178906,-0.397233
91,-1.161911,-0.396941
92,-1.144960,-0.395682
93,-1.128108,-0.393460
94,-1.111410,-0.390284
95,-1.094920,-0.386162
96,-1.078691,-0.381109
97,-1.062775,-0.375141
98,-1.047226,-0.368277
99,-1.042891,-0.366334
100,-1.034584,-0.357331
101,-1.024098,-0.343957
102,-1.014433,-0.329975
103,-1.005579,-0.315466
104,-0.997566,-0.300476
105,-0.990418,-0.285054
106,-0.984159,-0.269251
107,-0.982435,-0.264825
108,-0.982435,-0.264825
109,-0.982435,-0.264825
110,-0.982435,-0.264825
111,-0.993720,-0.260060
112,-1.009855,-0.254727
113,-1.026285,-0.250372
114,-1.027374,-0.250173
115,-1.028818,-0.252233
116,-1.034476,-0.253386
117,-1.043413,-0.254625
118,-1.054984,-0.256979
119,-1.067328,-0.258215
120,-1.076341,-0.257299
121,-1.084610,-0.258132
122,-1.090544,-0.257718
123,-1.095872,-0.257003
124,-1.101068,-0.256395
125,-1.106244,-0.256019
126,-1.111421,-0.255917
127,-1.116592,-0.256105
128,-1.121743,-0.256584
129,-1.126859,-0.257355
130,-1.131924,-0.258416
131,-1.137110,-0.259831
132,-1.141998,-0.261498
133,-1.146790,-0.263427
134,-1.151476,-0.265624
135,-1.156033,-0.268083
136,-1.160444,-0.270797
137,-1.164694,-0.273758
138,-1.168770,-0.276957
139,-1.172658,-0.280383
140,-1.176427,-0.284013
141,-1.179901,-0.287999
142,-1.183117,-0.292046
143,-1.186113,-0.296274
144,-1.188869,-0.300666
145,-1.191373,-0.305208
146,-1.193615,-0.309886
147,-1.195587,-0.314685
148,-1.197284,-0.319589
149,-1.198738,-0.324780
150,-1.199816,-0.329833
151,-1.200626,-0.334950
152,-1.201151,-0.340113
153,-1.201384,-0.345301
154,-1.201322,-0.350495
155,-1.200965,-0.355678
156,-1.200313,-0.360833
157,-1.199369,-0.365943
158,-1.198184,-0.371068
159,-1.196549,-0.376120
160,-1.194721,-0.380968
161,-1.192627,-0.385723
162,-1.190267,-0.390357
163,-1.187648,-0.394851
164,-1.184777,-0.399190
165,-1.181664,-0.403360
166,-1.178319,-0.407346
167,-1.174751,-0.411136
168,-1.170757,-0.414815
169,-1.166774,-0.418133
170,-1.162601,-0.421240
171,-1.158256,-0.424110
172,-1.153753,-0.426730
173,-1.149108,-0.429091
174,-1.144335,-0.431184
175,-1.139450,-0.433002
176,-1.134416,-0.434620
177,-1.129392,-0.435887
178,-1.124279,-0.436848
179,-1.119109,-0.437510
180,-1.113770,-0.437771
181,-1.108558,-0.437812
182,-1.103346,-0.437570
183,-1.098155,-0.437035
184,-1.092957,-0.436128
185,-1.087832,-0.435014
186,-1.082727,-0.433669
187,-1.077806,-0.431999
188,-1.072885,-0.429880
189,-1.068201,-0.427603
190,-1.063637,-0.425077
191,-1.059218,-0.422299
192,-1.054961,-0.419276
193,-1.050886,-0.415925
194,-1.046969,-0.412428
195,-1.043181,-0.408731
196,-1.039721,-0.404856
197,-1.036471,-0.400572
198,-1.033518,-0.396280
199,-1.030791,-0.391831
200,-1.028314,-0.387235
201,-1.026100,-0.382505
202,-1.024158,-0.377657
203,-1.022528,-0.372602
204,-1.021051,-0.367496
205,-1.019945,-0.362424
206,-1.019209,-0.357082
207,-1.018770,-0.351873
208,-1.018597,-0.346657
209,-1.018712,-0.341436
210,-1.019120,-0.336228
211,-1.019822,-0.331050
212,-1.020904,-0.325921
213,-1.022188,-0.320767
214,-1.023692,-0.315707
215,-1.025529,-0.310833
216,-1.027820,-0.305974
217,-1.030251,-0.301360
218,-1.032927,-0.296875
219,-1.035850,-0.292545
220,-1.039014,-0.288386
221,-1.042409,-0.284412
222,-1.046136,-0.280627
223,-1.049952,-0.276946
224,-1.053957,-0.273605
225,-1.058363,-0.270491
226,-1.062756,-0.267678
227,-1.067298,-0.265097
228,-1.071978,-0.262770
229,-1.076783,-0.260712
230,-1.081698,-0.258929
231,-1.086707,-0.257428
232,-1.091948,-0.256128
233,-1.097080,-0.255188
234,-1.102464,-0.254634
235,-1.107703,-0.254371
236,-1.112929,-0.254376
237,-1.118150,-0.254668
238,-1.123347,-0.255253
239,-1.128503,-0.256132
240,-1.133602,-0.257303
241,-1.138680,-0.258848
242,-1.143633,-0.260587
243,-1.148463,-0.262603
244,-1.153313,-0.265074
245,-1.157962,-0.267631
246,-1.162347,-0.270450
247,-1.166576,-0.273522
248,-1.170627,-0.276834
249,-1.174484,-0.280371
250,-1.178167,-0.284258
251,-1.181637,-0.288239
252,-1.184843,-0.292385
253,-1.187802,-0.296702
254,-1.190529,-0.301429
255,-1.193061,-0.306147
256,-1.195219,-0.310899
257,-1.197102,-0.315782
258,-1.198704,-0.320771
259,-1.200020,-0.325845
260,-1.201007,-0.331135
261,-1.201750,-0.336357
262,-1.202185,-0.341587
263,-1.202320,-0.346830
264,-1.201997,-0.352270
265,-1.201585,-0.357564
266,-1.200808,-0.362741
267,-1.199729,-0.367879
268,-1.198357,-0.372951
269,-1.196697,-0.377939
270,-1.194645,-0.382923
271,-1.192425,-0.387710
272,-1.189937,-0.392350
273,-1.187188,-0.396838
274,-1.183937,-0.401320
275,-1.180594,-0.405632
276,-1.177069,-0.409611
277,-1.173327,-0.413355
278,-1.169364,-0.416886
279,-1.165100,-0.420154
280,-1.160599,-0.423354
281,-1.156003,-0.426205
282,-1.151231,-0.428786
283,-1.146086,-0.431064
284,-1.140810,-0.433074
285,-1.135381,-0.434943
286,-1.129805,-0.436389
287,-1.124022,-0.437500
288,-1.118024,-0.438260
289,-1.111774,-0.438536
290,-1.105281,-0.438521
291,-1.098544,-0.438022
292,-1.088042,-0.440800
293,-1.080921,-0.445450
294,-1.079556,-0.447745
295,-1.077442,-0.448886
296,-1.074854,-0.449400
297,-1.071958,-0.444792
298,-1.068079,-0.438577
299,-1.064239,-0.434390
300,-1.060445,-0.430613
301,-1.056735,-0.426893
302,-1.053237,-0.423061
303,-1.049958,-0.419063
304,-1.046910,-0.414894
305,-1.044133,-0.410418
306,-1.041599,-0.405926
307,-1.039314,-0.401296
308,-1.037329,-0.396484
309,-1.035571,-0.391612
310,-1.034035,-0.386636
311,-1.032831,-0.381635
312,-1.031988,-0.376446
313,-1.031412,-0.371327
314,-1.031114,-0.366174
315,-1.031164,-0.360955
316,-1.031442,-0.355786
317,-1.032013,-0.350651
318,-1.032806,-0.345523
319,-1.034048,-0.340417
320,-1.035511,-0.335478
321,-1.037244,-0.330616
322,-1.039316,-0.325857
323,-1.041594,-0.321188
324,-1.044124,-0.316676
325,-1.046877,-0.312259
326,-1.049998,-0.308042
327,-1.053265,-0.304060
328,-1.056755,-0.300256
329,-1.060456,-0.296651
330,-1.064435,-0.293271
331,-1.068527,-0.290097
332,-1.072803,-0.287102
333,-1.077305,-0.284435
334,-1.081862,-0.282036
335,-1.086557,-0.279891
336,-1.091371,-0.278012
337,-1.096323,-0.276466
338,-1.101351,-0.275129
339,-1.106422,-0.274088
340,-1.111666,-0.273347
341,-1.116792,-0.272901
342,-1.121951,-0.272750
343,-1.127116,-0.272895
344,-1.132266,-0.273333
345,-1.137416,-0.274127
346,-1.142604,-0.275233
347,-1.147635,-0.276539
348,-1.152530,-0.278119
349,-1.157341,-0.279989
350,-1.162042,-0.282135
351,-1.166615,-0.284546
352,-1.171050,-0.287286
353,-1.175335,-0.290207
354,-1.179469,-0.293487
355,-1.183418,-0.296853
356,-1.187118,-0.300445
357,-1.190612,-0.304252
358,-1.193884,-0.308255
359,-1.196900,-0.312507
360,-1.199710,-0.316869
361,-1.202249,-0.321507
362,-1.204565,-0.326144
363,-1.206570,-0.330898
364,-1.208303,-0.335767
365,-1.209756,-0.340731
366,-1.210877,-0.345823
367,-1.211765,-0.350936
368,-1.212410,-0.356125
369,-1.212651,-0.361358
370,-1.212638,-0.366515
371,-1.212334,-0.371674
372,-1.211737,-0.376813
373,-1.210782,-0.381939
374,-1.209607,-0.386998
375,-1.208149,-0.391966
376,-1.206332,-0.396958
377,-1.204331,-0.401698
378,-1.202046,-0.406330
379,-1.199496,-0.410830
380,-1.196620,-0.415169
381,-1.193561,-0.419379
382,-1.190280,-0.423391
383,-1.186622,-0.427212
384,-1.182918,-0.430866
385,-1.179018,-0.434245
386,-1.174919,-0.437396
387,-1.170641,-0.440308
388,-1.166135,-0.442944
389,-1.161540,-0.445363
390,-1.156686,-0.447501
391,-1.151829,-0.449389
392,-1.146935,-0.450978
393,-1.141935,-0.452280
394,-1.136860,-0.453294
395,-1.131689,-0.453960
396,-1.126508,-0.454398
397,-1.121327,-0.454538
398,-1.116031,-0.454305
399,-1.110845,-0.453862
400,-1.105747,-0.453123
401,-1.100683,-0.452082
402,-1.095680,-0.450750
403,-1.090723,-0.449058
404,-1.085889,-0.447167
405,-1.081181,-0.445005
406,-1.076538,-0.442454
407,-1.072081,-0.439781
408,-1.067829,-0.436857
409,-1.063744,-0.433682
410,-1.059842,-0.430277
411,-1.056147,-0.426579
412,-1.052646,-0.422745
413,-1.049375,-0.418724
414,-1.046277,-0.414372
415,-1.043511,-0.410039
416,-1.040989,-0.405528
417,-1.038725,-0.400872
418,-1.036767,-0.396026
419,-1.035036,-0.391127
420,-1.033591,-0.386148
421,-1.032433,-0.381098
422,-1.031640,-0.375879
423,-1.031005,-0.370719
424,-1.030729,-0.365557
425,-1.030818,-0.360343
426,-1.031132,-0.355145
427,-1.031741,-0.349993
428,-1.032643,-0.344889
429,-1.033948,-0.339768
430,-1.035446,-0.334814
431,-1.037159,-0.329893
432,-1.039186,-0.325136
433,-1.041568,-0.320488
434,-1.044142,-0.315967
435,-1.046964,-0.311614
436,-1.050164,-0.307397
437,-1.053478,-0.303423
438,-1.056995,-0.299555
439,-1.060699,-0.295964
440,-1.064627,-0.292591
441,-1.068822,-0.289465
442,-1.073125,-0.286551
443,-1.077725,-0.283887
444,-1.082334,-0.281541
445,-1.087065,-0.279430
446,-1.091943,-0.277516
447,-1.096850,-0.275923
448,-1.101916,-0.274683
449,-1.107024,-0.273671
450,-1.112165,-0.272959
451,-1.117334,-0.272542
452,-1.122623,-0.272515
453,-1.127799,-0.272712
454,-1.132962,-0.273193
455,-1.138127,-0.273897
456,-1.143224,-0.275018
457,-1.148251,-0.276364
458,-1.153179,-0.277995
459,-1.158071,-0.280030
460,-1.162756,-0.282234
461,-1.167323,-0.284692
462,-1.171815,-0.287372
463,-1.176071,-0.290302
464,-1.180155,-0.293569
465,-1.184069,-0.296998
466,-1.187770,-0.300639
467,-1.191253,-0.304625
468,-1.194491,-0.308671
469,-1.197506,-0.312893
470,-1.200356,-0.317276
471,-1.202823,-0.321837
472,-1.205114,-0.326545
473,-1.207109,-0.331345
474,-1.208773,-0.336386
475,-1.210166,-0.341375
476,-1.211292,-0.346438
477,-1.212135,-0.351559
478,-1.212756,-0.356752
479,-1.213029,-0.361917
480,-1.212927,-0.367147
481,-1.212596,-0.372346
482,-1.211863,-0.377610
483,-1.210909,-0.382702
484,-1.209682,-0.387744
485,-1.208176,-0.392712
486,-1.206436,-0.397650
487,-1.204402,-0.402404
488,-1.202003,-0.407053
489,-1.199410,-0.411569
490,-1.196427,-0.415961
491,-1.193322,-0.420113
492,-1.189994,-0.424096
493,-1.186448,-0.427889
494,-1.182685,-0.431551
495,-1.178776,-0.434920
496,-1.174571,-0.438035
497,-1.170253,-0.440941
498,-1.165636,-0.443558
499,-1.161017,-0.445917
500,-1.156271,-0.448024
501,-1.151413,-0.449861
502,-1.146458,-0.451420
503,-1.141366,-0.452700
504,-1.136235,-0.453723
505,-1.131084,-0.454425
506,-1.125771,-0.454712
507,-1.120581,-0.454789
508,-1.115392,-0.454582
509,-1.110221,-0.454084
510,-1.105085,-0.453292
511,-1.099945,-0.452262
512,-1.094930,-0.450838
513,-1.089976,-0.449188
514,-1.085044,-0.447130
515,-1.080371,-0.444886
516,-1.075812,-0.442400
517,-1.071394,-0.439664
518,-1.067137,-0.436684
519,-1.062978,-0.433470
520,-1.059085,-0.430064
521,-1.055406,-0.426333
522,-1.051922,-0.422463
523,-1.048680,-0.418252
524,-1.045697,-0.414005
525,-1.042945,-0.409597
526,-1.040442,-0.405041
527,-1.038202,-0.400350
528,-1.036157,-0.395513
529,-1.034493,-0.390557
530,-1.033073,-0.385550
531,-1.032021,-0.380336
532,-1.031225,-0.375208
533,-1.030704,-0.370037
534,-1.030473,-0.364843
535,-1.030536,-0.359642
536,-1.030894,-0.354454
537,-1.031512,-0.349174
538,-1.032437,-0.344061
539,-1.033793,-0.338916
540,-1.035348,-0.333966
541,-1.037169,-0.329098
542,-1.039259,-0.324336
543,-1.041615,-0.319700
544,-1.044232,-0.315204
545,-1.047100,-0.310863
546,-1.050298,-0.306678
547,-1.053790,-0.302620
548,-1.057393,-0.298776
549,-1.061144,-0.295218
550,-1.065113,-0.291872
551,-1.069274,-0.288755
552,-1.073609,-0.285879
553,-1.078101,-0.283253
554,-1.082736,-0.280887
555,-1.087573,-0.278826
556,-1.092619,-0.277013
557,-1.097622,-0.275442
558,-1.102652,-0.274198
559,-1.107760,-0.273242
560,-1.112920,-0.272578
561,-1.118111,-0.272209
562,-1.123315,-0.272135
563,-1.128554,-0.272428
564,-1.133759,-0.272939
565,-1.139144,-0.273836
566,-1.144201,-0.274988
567,-1.149193,-0.276404
568,-1.154111,-0.278098
569,-1.158929,-0.280067
570,-1.163629,-0.282307
571,-1.168195,-0.284811
572,-1.172628,-0.287656
573,-1.176894,-0.290665
574,-1.181049,-0.293888
575,-1.184925,-0.297319
576,-1.188600,-0.300994
577,-1.192060,-0.304880
578,-1.195297,-0.309126
579,-1.198256,-0.313400
580,-1.200963,-0.317911
581,-1.203461,-0.322499
582,-1.205688,-0.327210
583,-1.207724,-0.332064
584,-1.209407,-0.336965
585,-1.210797,-0.341975
586,-1.211896,-0.347064
587,-1.212594,-0.352368
588,-1.213005,-0.357590
589,-1.213223,-0.362836
590,-1.213139,-0.368054
591,-1.212757,-0.373250
592,-1.212141,-0.378477
593,-1.211189,-0.383575
594,-1.209930,-0.388622
595,-1.208380,-0.393593
596,-1.206400,-0.398547
597,-1.204268,-0.403296
598,-1.201798,-0.407946
599,-1.199151,-0.412454
600,-1.196259,-0.416792
601,-1.193167,-0.421024
602,-1.189821,-0.424996
603,-1.186238,-0.428771
604,-1.182269,-0.432357
605,-1.178253,-0.435665
606,-1.173976,-0.438736
607,-1.169600,-0.441621
608,-1.165084,-0.444238
609,-1.160401,-0.446665
610,-1.155648,-0.448770
611,-1.150772,-0.450574
612,-1.145790,-0.452093
613,-1.140582,-0.453244
614,-1.135454,-0.454156
615,-1.130220,-0.454723
616,-1.124983,-0.455081
617,-1.119762,-0.455134
618,-1.114553,-0.454890
619,-1.109327,-0.454419
620,-1.104197,-0.453596
621,-1.098982,-0.452337
622,-1.093989,-0.450874
623,-1.089069,-0.449150
624,-1.084266,-0.447072
625,-1.079490,-0.444794
626,-1.074914,-0.442268
627,-1.070500,-0.439489
628,-1.066174,-0.436513
629,-1.062116,-0.433263
630,-1.058212,-0.429598
631,-1.054582,-0.425866
632,-1.051149,-0.421940
633,-1.047937,-0.417828
634,-1.044985,-0.413451
635,-1.042236,-0.408986
636,-1.039760,-0.404387
637,-1.037463,-0.399630
638,-1.035525,-0.394817
639,-1.033936,-0.389710
640,-1.032607,-0.384674
641,-1.031550,-0.379566
642,-1.030780,-0.374404
643,-1.030370,-0.369139
644,-1.030176,-0.363894
645,-1.030286,-0.358669
646,-1.030695,-0.353466
647,-1.031319,-0.348251
648,-1.032452,-0.343030
649,-1.033770,-0.337990
650,-1.035365,-0.333022
651,-1.037239,-0.328149
652,-1.039468,-0.323409
653,-1.041900,-0.318697
654,-1.044572,-0.314199
655,-1.047493,-0.309871
656,-1.050813,-0.305571
657,-1.054198,-0.301662
658,-1.057818,-0.297922
659,-1.061651,-0.294383
660,-1.065682,-0.291065
661,-1.069896,-0.287980
662,-1.074377,-0.285161
663,-1.078935,-0.282549
664,-1.083615,-0.280217
665,-1.088415,-0.278159
666,-1.093581,-0.276332
667,-1.098566,-0.274861
668,-1.103638,-0.273676
669,-1.108780,-0.272779
670,-1.113969,-0.272175
671,-1.119185,-0.271866
672,-1.124503,-0.271918
673,-1.129733,-0.272195
674,-1.134927,-0.272773
675,-1.140246,-0.273775
676,-1.145435,-0.274946
677,-1.150422,-0.276403
678,-1.155334,-0.278156
679,-1.160146,-0.280191
680,-1.164835,-0.282497
681,-1.169360,-0.285150
682,-1.173854,-0.288006
683,-1.178097,-0.291077
684,-1.182149,-0.294381
685,-1.186038,-0.298101
686,-1.189745,-0.301840
687,-1.193153,-0.305781
688,-1.196337,-0.309922
689,-1.199280,-0.314242
690,-1.201975,-0.318723
691,-1.204368,-0.323444
692,-1.206583,-0.328260
693,-1.208485,-0.333140
694,-1.210041,-0.338310
695,-1.211416,-0.343392
696,-1.212438,-0.348500
697,-1.213164,-0.353674
698,-1.213595,-0.358884
699,-1.213728,-0.364113
700,-1.213563,-0.369342
701,-1.213016,-0.374607
702,-1.212267,-0.379860
703,-1.211088,-0.385165
704,-1.209733,-0.390349
705,-1.208092,-0.395293
706,-1.206165,-0.400151
707,-1.203961,-0.404896
708,-1.201490,-0.409510
709,-1.198760,-0.413977
710,-1.195779,-0.418282
711,-1.192436,-0.422446
712,-1.188954,-0.426444
713,-1.185047,-0.430366
714,-1.181136,-0.433895
715,-1.177057,-0.437159
716,-1.172788,-0.440193
717,-1.168349,-0.442981
718,-1.163756,-0.445513
719,-1.159025,-0.447780
720,-1.154172,-0.449774
721,-1.149083,-0.451454
722,-1.143962,-0.452921
723,-1.138578,-0.453995
724,-1.133383,-0.454799
725,-1.128007,-0.455416
726,-1.122738,-0.455658
727,-1.117478,-0.455579
728,-1.112222,-0.455194
729,-1.106992,-0.454508
730,-1.101807,-0.453522
731,-1.096554,-0.452134
732,-1.091222,-0.450372
733,-1.086167,-0.448406
734,-1.081292,-0.446201
735,-1.076318,-0.443711
736,-1.071618,-0.440905
737,-1.067069,-0.437794
738,-1.062663,-0.434374
739,-1.058411,-0.430643
740,-1.054413,-0.426516
741,-1.050400,-0.421838
742,-1.046703,-0.416995
743,-1.043118,-0.411840
744,-1.039836,-0.406311
745,-1.036829,-0.400236
746,-1.032200,-0.396578
747,-1.026034,-0.393319
748,-1.022775,-0.391381
749,-1.020333,-0.389413
750,-1.018226,-0.387372
751,-1.016300,-0.385238
752,-1.014452,-0.382952
753,-1.012881,-0.380513
754,-1.011400,-0.378114
755,-1.010047,-0.375622
756,-1.008836,-0.373053
757,-1.007843,-0.370378
758,-1.006929,-0.367670
759,-1.006168,-0.364926
760,-1.005563,-0.362146
761,-1.005070,-0.359264
762,-1.004929,-0.356389
763,-1.004823,-0.353571
764,-1.004943,-0.350778
765,-1.005175,-0.347903
766,-1.005551,-0.345077
767,-1.006081,-0.342287
768,-1.006767,-0.339535
769,-1.007599,-0.336740
770,-1.008741,-0.334101
771,-1.009892,-0.331540
772,-1.011189,-0.329034
773,-1.012684,-0.326654
774,-1.014290,-0.324280
775,-1.016003,-0.322014
776,-1.017835,-0.319854
777,-1.019820,-0.317728
778,-1.021861,-0.315772
779,-1.024156,-0.314062
780,-1.026420,-0.312401
781,-1.028780,-0.310863
782,-1.031268,-0.309526
783,-1.033813,-0.308258
784,-1.036409,-0.307136
785,-1.039060,-0.306163
786,-1.041822,-0.305280
787,-1.044636,-0.304756
788,-1.047388,-0.304275
789,-1.050177,-0.303943
790,-1.052986,-0.303848
791,-1.055829,-0.303840
792,-1.058649,-0.303984
793,-1.061450,-0.304286
794,-1.064312,-0.304717
795,-1.067059,-0.305319
796,-1.069745,-0.306259
797,-1.072377,-0.307196
798,-1.074962,-0.308280
799,-1.077465,-0.309599
800,-1.079931,-0.310980
801,-1.082305,-0.312488
802,-1.084674,-0.314137
803,-1.086866,-0.315888
804,-1.088869,-0.317935
805,-1.090792,-0.319936
806,-1.092620,-0.322047
807,-1.094332,-0.324261
808,-1.095854,-0.326627
809,-1.097311,-0.329039
810,-1.098702,-0.331564
811,-1.099888,-0.334100
812,-1.100913,-0.336702
813,-1.101637,-0.339477
814,-1.102318,-0.342160
815,-1.102864,-0.344892
816,-1.103180,-0.347671
817,-1.103415,-0.350474
818,-1.103534,-0.353352
819,-1.103479,-0.356143
820,-1.103247,-0.358921
821,-1.102851,-0.361681
822,-1.102113,-0.364448
823,-1.101380,-0.367106
824,-1.100429,-0.369720
825,-1.099395,-0.372332
826,-1.098230,-0.374869
827,-1.096934,-0.377432
828,-1.095508,-0.379816
829,-1.093937,-0.382108
830,-1.092234,-0.384305
831,-1.090243,-0.386347
832,-1.088252,-0.388206
833,-1.086137,-0.390086
834,-1.083967,-0.391838
835,-1.081711,-0.393461
836,-1.079311,-0.395029
837,-1.076903,-0.396402
838,-1.074413,-0.397618
839,-1.071856,-0.398684
840,-1.069240,-0.399602
841,-1.066492,-0.400212
842,-1.063775,-0.400719
843,-1.061027,-0.401165
844,-1.058270,-0.401461
845,-1.055425,-0.401663
846,-1.052664,-0.401659
847,-1.049908,-0.401484
848,-1.047165,-0.401149
849,-1.044445,-0.400658
850,-1.041760,-0.399725
851,-1.041059,-0.394209
852,-1.040205,-0.386912
853,-1.038525,-0.381481
854,-1.036598,-0.376493
855,-1.034851,-0.371587
856,-1.033338,-0.366635
857,-1.032093,-0.361620
858,-1.031129,-0.356546
859,-1.030519,-0.351320
860,-1.030131,-0.346096
861,-1.030038,-0.340938
862,-1.030248,-0.335781
863,-1.030755,-0.330644
864,-1.031555,-0.325543
865,-1.032644,-0.320496
866,-1.034121,-0.315446
867,-1.035871,-0.310539
868,-1.037813,-0.305743
869,-1.039985,-0.301014
870,-1.042427,-0.296484
871,-1.045143,-0.292098
872,-1.048110,-0.287873
873,-1.051435,-0.283808
874,-1.054945,-0.279982
875,-1.058611,-0.276310
876,-1.062462,-0.272796
877,-1.066474,-0.269573
878,-1.070683,-0.266591
879,-1.075194,-0.263858
880,-1.079731,-0.261416
881,-1.084441,-0.259268
882,-1.089264,-0.257304
883,-1.094162,-0.255629
884,-1.099149,-0.254169
885,-1.104184,-0.253058
886,-1.109283,-0.252243
887,-1.114538,-0.251817
888,-1.119697,-0.251613
889,-1.124898,-0.251755
890,-1.130129,-0.252082
891,-1.135238,-0.252709
892,-1.140311,-0.253652
893,-1.145325,-0.254891
894,-1.150340,-0.256521
895,-1.155160,-0.258354
896,-1.159885,-0.260516
897,-1.164516,-0.262876
898,-1.169050,-0.265456
899,-1.173355,-0.268287
900,-1.177490,-0.271378
901,-1.181493,-0.274832
902,-1.185204,-0.278405
903,-1.188736,-0.282175
904,-1.192042,-0.286209
905,-1.195213,-0.290376
906,-1.198079,-0.294651
907,-1.200685,-0.299107
908,-1.203028,-0.303713
909,-1.205072,-0.308574
910,-1.206843,-0.313422
911,-1.208312,-0.318426
912,-1.209551,-0.323459
913,-1.210564,-0.328579
914,-1.211240,-0.333684
915,-1.211608,-0.338836
916,-1.211600,-0.344115
917,-1.211269,-0.349279
918,-1.210736,-0.354461
919,-1.209916,-0.359579
920,-1.208809,-0.364633
921,-1.207472,-0.369659
922,-1.205810,-0.374545
923,-1.203861,-0.379333
924,-1.201493,-0.384058
925,-1.198918,-0.388571
926,-1.196157,-0.392981
927,-1.193164,-0.397210
928,-1.189970,-0.401321
929,-1.186536,-0.405175
930,-1.182875,-0.408824
931,-1.178872,-0.412291
932,-1.174794,-0.415453
933,-1.170478,-0.418383
934,-1.166063,-0.421112
935,-1.161505,-0.423652
936,-1.156849,-0.425866
937,-1.152056,-0.427801
938,-1.147155,-0.429457
939,-1.142031,-0.430792
940,-1.136925,-0.431780
941,-1.131790,-0.432567
942,-1.126633,-0.433065
943,-1.121433,-0.433337
944,-1.116270,-0.433259
945,-1.111112,-0.432876
946,-1.105982,-0.432197
947,-1.100808,-0.431122
948,-1.095759,-0.429760
949,-1.090811,-0.428205
950,-1.085908,-0.426421
951,-1.081185,-0.424342
952,-1.076584,-0.421981
953,-1.072124,-0.419356
954,-1.067819,-0.416479
955,-1.063661,-0.413203
956,-1.059732,-0.409765
957,-1.055974,-0.406181
958,-1.052363,-0.402427
959,-1.049044,-0.398464
960,-1.045958,-0.394309
961,-1.043115,-0.389981
962,-1.040522,-0.385497
963,-1.038265,-0.380682
964,-1.036208,-0.375913
965,-1.034348,-0.371045
966,-1.032835,-0.366103
967,-1.031612,-0.361074
968,-1.030679,-0.355980
969,-1.030038,-0.350839
970,-1.029848,-0.345547
971,-1.029807,-0.340327
972,-1.029995,-0.335102
973,-1.030519,-0.329964
974,-1.031351,-0.324856
975,-1.032477,-0.319801
976,-1.033890,-0.314817
977,-1.035707,-0.309857
978,-1.037699,-0.305079
979,-1.040030,-0.300386
980,-1.042495,-0.295780
981,-1.045242,-0.291397
982,-1.048246,-0.287179
983,-1.051489,-0.283139
984,-1.055098,-0.279271
985,-1.058796,-0.275653
986,-1.062691,-0.272234
987,-1.066833,-0.268957
988,-1.071069,-0.265977
989,-1.075480,-0.263261
990,-1.080042,-0.260805
991,-1.084739,-0.258614
992,-1.089707,-0.256758
993,-1.094628,-0.255140
994,-1.099635,-0.253792
995,-1.104780,-0.252776
996,-1.109918,-0.251992
997,-1.115083,-0.251505
998,-1.120287,-0.251241
999,-1.125460,-0.251337
1000,-1.130725,-0.251840
1001,-1.135851,-0.252563
1002,-1.140938,-0.253566
1003,-1.145990,-0.254924
1004,-1.150955,-0.256493
1005,-1.155864,-0.258291
1006,-1.160588,-0.260386
1007,-1.165271,-0.262888
1008,-1.169690,-0.265572
1009,-1.173977,-0.268485
1010,-1.178101,-0.271631
1011,-1.182044,-0.275086
1012,-1.185799,-0.278684
1013,-1.189408,-0.282461
1014,-1.192720,-0.286432
1015,-1.195798,-0.290601
1016,-1.198615,-0.295088
1017,-1.201165,-0.299596
1018,-1.203432,-0.304305
1019,-1.205494,-0.309092
1020,-1.207272,-0.313973
1021,-1.208843,-0.318948
1022,-1.210059,-0.323979
1023,-1.210979,-0.329081
1024,-1.211517,-0.334345
1025,-1.211823,-0.339520
1026,-1.211779,-0.344749
1027,-1.211516,-0.349957
1028,-1.211006,-0.355179
1029,-1.210184,-0.360275
1030,-1.209047,-0.365329
1031,-1.207497,-0.370403
1032,-1.205752,-0.375279
1033,-1.203745,-0.380065
1034,-1.201398,-0.384739
1035,-1.198861,-0.389296
1036,-1.196078,-0.393685
1037,-1.193090,-0.397968
1038,-1.189846,-0.402002
1039,-1.186216,-0.405864
1040,-1.182498,-0.409474
1041,-1.178584,-0.412883
1042,-1.174412,-0.416042
1043,-1.170122,-0.419011
1044,-1.165686,-0.421720
1045,-1.161119,-0.424245
1046,-1.156421,-0.426430
1047,-1.151457,-0.428289
1048,-1.146526,-0.429889
1049,-1.141507,-0.431220
1050,-1.136371,-0.432210
1051,-1.131207,-0.432982
1052,-1.125983,-0.433518
1053,-1.120819,-0.433713
1054,-1.115635,-0.433594
1055,-1.110365,-0.433064
1056,-1.105230,-0.432325
1057,-1.100138,-0.431304
1058,-1.095113,-0.429922
1059,-1.090108,-0.428330
1060,-1.085248,-0.426466
1061,-1.080455,-0.424384
1062,-1.075781,-0.421856
1063,-1.071358,-0.419163
1064,-1.067072,-0.416234
1065,-1.062952,-0.413069
1066,-1.059016,-0.409676
1067,-1.055305,-0.405992
1068,-1.051673,-0.402150
1069,-1.048355,-0.398175
1070,-1.045286,-0.393995
1071,-1.042492,-0.389491
1072,-1.039946,-0.384969
1073,-1.037649,-0.380309
1074,-1.035617,-0.375525
1075,-1.033860,-0.370632
1076,-1.032428,-0.365578
1077,-1.031158,-0.360468
1078,-1.030237,-0.355378
1079,-1.029734,-0.350079
1080,-1.029449,-0.344896
1081,-1.029448,-0.339699
1082,-1.029740,-0.334508
1083,-1.030326,-0.329341
1084,-1.031274,-0.324172
1085,-1.032440,-0.319090
1086,-1.033830,-0.314046
1087,-1.035673,-0.309056
1088,-1.037725,-0.304299
1089,-1.040027,-0.299641
1090,-1.042585,-0.295114
1091,-1.045394,-0.290737
1092,-1.048534,-0.286511
1093,-1.051823,-0.282465
1094,-1.055296,-0.278554
1095,-1.059000,-0.274925
1096,-1.063076,-0.271507
1097,-1.067203,-0.268360
1098,-1.071499,-0.265433
1099,-1.075954,-0.262748
1100,-1.080555,-0.260318
1101,-1.085374,-0.258183
1102,-1.090230,-0.256201
1103,-1.095158,-0.254578
1104,-1.100335,-0.253287
1105,-1.105444,-0.252305
1106,-1.110592,-0.251584
1107,-1.115776,-0.251147
1108,-1.120977,-0.251001
1109,-1.126179,-0.251151
1110,-1.131472,-0.251600
1111,-1.136617,-0.252314
1112,-1.141713,-0.253339
1113,-1.146854,-0.254775
1114,-1.151774,-0.256428
1115,-1.156613,-0.258334
1116,-1.161342,-0.260504
1117,-1.165943,-0.262938
1118,-1.170399,-0.265630
1119,-1.174767,-0.268578
1120,-1.178892,-0.271748
1121,-1.182824,-0.275155
1122,-1.186580,-0.278943
1123,-1.190059,-0.282800
1124,-1.193338,-0.286842
1125,-1.196354,-0.291137
1126,-1.199190,-0.295544
1127,-1.201753,-0.300084
1128,-1.204130,-0.304751
1129,-1.206158,-0.309529
1130,-1.207903,-0.314428
1131,-1.209294,-0.319565
1132,-1.210440,-0.324638
1133,-1.211309,-0.329771
1134,-1.211826,-0.335001
1135,-1.212125,-0.340229
1136,-1.212191,-0.345487
1137,-1.211905,-0.350664
1138,-1.211308,-0.355829
1139,-1.210288,-0.361065
1140,-1.209068,-0.366119
1141,-1.207578,-0.371108
1142,-1.205811,-0.376008
1143,-1.203689,-0.380812
1144,-1.201377,-0.385509
1145,-1.198855,-0.390112
1146,-1.196048,-0.394483
1147,-1.192833,-0.398757
1148,-1.189483,-0.402743
1149,-1.185936,-0.406553
1150,-1.182183,-0.410166
1151,-1.178231,-0.413563
1152,-1.174014,-0.416706
1153,-1.169680,-0.419735
1154,-1.165245,-0.422421
1155,-1.160641,-0.424839
1156,-1.155899,-0.426989
1157,-1.150888,-0.428801
1158,-1.145925,-0.430370
1159,-1.140879,-0.431667
1160,-1.135766,-0.432680
1161,-1.130539,-0.433345
1162,-1.125260,-0.433846
1163,-1.120080,-0.434005
1164,-1.114882,-0.433844
1165,-1.109578,-0.433262
1166,-1.104435,-0.432467
1167,-1.099335,-0.431397
1168,-1.094301,-0.430044
1169,-1.089324,-0.428321
1170,-1.084438,-0.426405
1171,-1.079608,-0.424245
1172,-1.075024,-0.421833
1173,-1.070579,-0.419133
1174,-1.066252,-0.415981
1175,-1.062159,-0.412758
1176,-1.058245,-0.409315
1177,-1.054529,-0.405656
1178,-1.051075,-0.401725
1179,-1.047733,-0.397623
1180,-1.044679,-0.393383
1181,-1.041797,-0.388996
1182,-1.039255,-0.384459
1183,-1.037016,-0.379601
1184,-1.035050,-0.374781
1185,-1.033341,-0.369855
1186,-1.031909,-0.364840
1187,-1.030763,-0.359750
1188,-1.029968,-0.354537
1189,-1.029321,-0.349270
1190,-1.029031,-0.344088
1191,-1.029059,-0.338881
1192,-1.029512,-0.333558
1193,-1.030169,-0.328390
1194,-1.031106,-0.323259
1195,-1.032329,-0.318186
1196,-1.033838,-0.313191
1197,-1.035719,-0.308261
1198,-1.037787,-0.303432
1199,-1.040057,-0.298687
1200,-1.042788,-0.294082
1201,-1.045697,-0.289741
1202,-1.048815,-0.285562
1203,-1.052160,-0.281557
1204,-1.055725,-0.277745
1205,-1.059502,-0.274141
1206,-1.063478,-0.270757
1207,-1.067733,-0.267614
1208,-1.072083,-0.264600
1209,-1.076541,-0.261936
1210,-1.081347,-0.259571
1211,-1.086118,-0.257481
1212,-1.091003,-0.255646
1213,-1.095985,-0.254086
1214,-1.101049,-0.252810
1215,-1.106249,-0.251888
1216,-1.111482,-0.251170
1217,-1.116697,-0.250766
1218,-1.121958,-0.250580
1219,-1.127293,-0.250890
1220,-1.132477,-0.251419
1221,-1.137633,-0.252228
1222,-1.142739,-0.253326
1223,-1.147775,-0.254711
1224,-1.152725,-0.256380
1225,-1.157615,-0.258418
1226,-1.162450,-0.260616
1227,-1.167060,-0.263070
1228,-1.171547,-0.265975
1229,-1.175800,-0.268990
1230,-1.179890,-0.272236
1231,-1.183792,-0.275709
1232,-1.187493,-0.279398
1233,-1.190978,-0.283291
1234,-1.194229,-0.287483
1235,-1.197277,-0.291764
1236,-1.200168,-0.296242
1237,-1.202654,-0.300993
1238,-1.204870,-0.305707
1239,-1.206826,-0.310548
1240,-1.208508,-0.315495
1241,-1.209907,-0.320531
1242,-1.211017,-0.325640
1243,-1.211836,-0.330804
1244,-1.212305,-0.336090
1245,-1.212540,-0.341327
1246,-1.212393,-0.346892
1247,-1.211975,-0.352074
1248,-1.211278,-0.357246
1249,-1.210294,-0.362379
1250,-1.209021,-0.367451
1251,-1.207461,-0.372443
1252,-1.205620,-0.377339
1253,-1.203409,-0.382184
1254,-1.201027,-0.386855
1255,-1.198391,-0.391498
1256,-1.195521,-0.395847
1257,-1.192386,-0.400018
1258,-1.189009,-0.404006
1259,-1.185184,-0.407871
1260,-1.181339,-0.411416
1261,-1.177312,-0.414756
1262,-1.173105,-0.417870
1263,-1.168628,-0.420728
1264,-1.164086,-0.423362
1265,-1.159337,-0.425845
1266,-1.154559,-0.427937
1267,-1.149656,-0.429740
1268,-1.144650,-0.431258
1269,-1.139341,-0.432389
1270,-1.134185,-0.433295
1271,-1.128983,-0.433920
1272,-1.123615,-0.434195
1273,-1.118338,-0.434241
1274,-1.113098,-0.433980
1275,-1.107750,-0.433488
1276,-1.102594,-0.432640
1277,-1.097488,-0.431483
1278,-1.092451,-0.430031
1279,-1.087369,-0.428113
1280,-1.082542,-0.426063
1281,-1.077826,-0.423753
1282,-1.073167,-0.421065
1283,-1.068719,-0.418233
1284,-1.064455,-0.415158
1285,-1.060264,-0.411874
1286,-1.056391,-0.408342
1287,-1.052723,-0.404578
1288,-1.049186,-0.400337
1289,-1.045985,-0.396101
1290,-1.043029,-0.391728
1291,-1.040302,-0.387030
1292,-1.037793,-0.382266
1293,-1.035604,-0.377427
1294,-1.033700,-0.372468
1295,-1.031950,-0.367260
1296,-1.030597,-0.362019
1297,-1.029573,-0.356708
1298,-1.028982,-0.350984
1299,-1.028625,-0.345423
1300,-1.028584,-0.339786
1301,-1.028968,-0.333972
1302,-1.029617,-0.328120
1303,-1.030665,-0.322200
1304,-1.031998,-0.316202
1305,-1.033923,-0.310105
1306,-1.036391,-0.303890
1307,-1.037707,-0.292092
1308,-1.035633,-0.283772
1309,-1.034009,-0.281717
1310,-1.033604,-0.279321
1311,-1.038676,-0.277748
1312,-1.045675,-0.275570
1313,-1.050694,-0.272904
1314,-1.055249,-0.270135
1315,-1.059749,-0.267430
1316,-1.064314,-0.265003
1317,-1.069005,-0.262833
1318,-1.073809,-0.260931
1319,-1.078886,-0.259399
1320,-1.083890,-0.258069
1321,-1.088952,-0.257018
1322,-1.094083,-0.256187
1323,-1.099215,-0.255704
1324,-1.104375,-0.255524
1325,-1.109540,-0.255642
1326,-1.114820,-0.256231
1327,-1.119954,-0.256956
1328,-1.125028,-0.257960
1329,-1.130074,-0.259191
1330,-1.134991,-0.260752
1331,-1.139815,-0.262599
1332,-1.144527,-0.264721
1333,-1.149078,-0.267515
1334,-1.153498,-0.270250
1335,-1.157769,-0.273171
1336,-1.161936,-0.276266
1337,-1.165852,-0.279618
1338,-1.169571,-0.283196
1339,-1.173081,-0.286984
1340,-1.176370,-0.290966
1341,-1.179427,-0.295130
1342,-1.182243,-0.299461
1343,-1.184876,-0.303963
1344,-1.187194,-0.308555
1345,-1.189234,-0.313295
1346,-1.190997,-0.318151
1347,-1.192480,-0.323103
1348,-1.193678,-0.328132
1349,-1.194538,-0.333275
1350,-1.195164,-0.338424
1351,-1.195558,-0.343616
1352,-1.195605,-0.348773
1353,-1.195347,-0.353932
1354,-1.194791,-0.359071
1355,-1.193942,-0.364171
1356,-1.192633,-0.369312
1357,-1.191192,-0.374289
1358,-1.189522,-0.379228
1359,-1.187562,-0.383993
1360,-1.185315,-0.388643
1361,-1.182801,-0.393160
1362,-1.179908,-0.397581
1363,-1.176795,-0.401749
1364,-1.173526,-0.405777
1365,-1.170046,-0.409609
1366,-1.166395,-0.413304
1367,-1.162518,-0.416712
1368,-1.158443,-0.419892
1369,-1.154190,-0.422835
1370,-1.149585,-0.425471
1371,-1.144999,-0.427903
1372,-1.140298,-0.430074
1373,-1.135486,-0.431975
1374,-1.130578,-0.433680
1375,-1.125594,-0.435026
1376,-1.120533,-0.436081
1377,-1.115302,-0.436774
1378,-1.110106,-0.437160
1379,-1.104922,-0.437326
1380,-1.099746,-0.437201
1381,-1.094588,-0.436783
1382,-1.089430,-0.436145
1383,-1.084363,-0.435152
1384,-1.079268,-0.433757
1385,-1.074337,-0.432080
1386,-1.069497,-0.430209
1387,-1.064778,-0.428075
1388,-1.060190,-0.425678
1389,-1.055745,-0.423025
1390,-1.051396,-0.420174
1391,-1.047287,-0.417044
1392,-1.043360,-0.413442
1393,-1.039633,-0.409825
1394,-1.036120,-0.406017
1395,-1.032830,-0.402020
1396,-1.029772,-0.397842
1397,-1.026956,-0.393498
1398,-1.024314,-0.389019
1399,-1.022009,-0.384395
1400,-1.020054,-0.379436
1401,-1.018311,-0.374556
1402,-1.016841,-0.369591
1403,-1.015653,-0.364551
1404,-1.014754,-0.359452
1405,-1.014145,-0.354310
1406,-1.013761,-0.349117
1407,-1.013822,-0.343851
1408,-1.014183,-0.338645
1409,-1.014764,-0.333488
1410,-1.015634,-0.328380
1411,-1.016793,-0.323332
1412,-1.018237,-0.318358
1413,-1.019911,-0.313419
1414,-1.022016,-0.308591
1415,-1.024378,-0.303947
1416,-1.026926,-0.299418
1417,-1.029719,-0.295050
1418,-1.032754,-0.290852
1419,-1.036023,-0.286833
1420,-1.039517,-0.282934
1421,-1.043319,-0.279298
1422,-1.047228,-0.275928
1423,-1.051413,-0.272779
1424,-1.055694,-0.269840
1425,-1.060128,-0.267155
1426,-1.064706,-0.264727
1427,-1.069414,-0.262564
1428,-1.074238,-0.260673
1429,-1.079341,-0.259063
1430,-1.084337,-0.257763
1431,-1.089462,-0.256795
1432,-1.094613,-0.256049
1433,-1.099782,-0.255600
1434,-1.104964,-0.255447
1435,-1.110145,-0.255589
1436,-1.115310,-0.256025
1437,-1.120481,-0.256693
1438,-1.125552,-0.257700
1439,-1.130677,-0.259191
1440,-1.135606,-0.260816
1441,-1.140437,-0.262702
1442,-1.145153,-0.264854
1443,-1.149740,-0.267271
1444,-1.154254,-0.269931
1445,-1.158529,-0.272814
1446,-1.162602,-0.276032
1447,-1.166575,-0.279579
1448,-1.170288,-0.283204
1449,-1.173791,-0.287027
1450,-1.177073,-0.291041
1451,-1.180122,-0.295235
1452,-1.182928,-0.299596
1453,-1.185556,-0.304100
1454,-1.187817,-0.308877
1455,-1.189770,-0.313723
1456,-1.191510,-0.318622
1457,-1.192969,-0.323602
1458,-1.194142,-0.328654
1459,-1.195027,-0.333765
1460,-1.195681,-0.338959
1461,-1.195999,-0.344113
1462,-1.195835,-0.349420
1463,-1.195523,-0.354632
1464,-1.194923,-0.359792
1465,-1.194034,-0.364904
1466,-1.192855,-0.369956
1467,-1.191391,-0.374933
1468,-1.189680,-0.379885
1469,-1.187567,-0.384723
1470,-1.185254,-0.389346
1471,-1.182611,-0.393864
1472,-1.179791,-0.398235
1473,-1.176733,-0.402431
1474,-1.173444,-0.406444
1475,-1.169931,-0.410264
1476,-1.166206,-0.413878
1477,-1.162159,-0.417359
1478,-1.157975,-0.420456
1479,-1.153665,-0.423387
1480,-1.149210,-0.426061
1481,-1.144614,-0.428474
1482,-1.139889,-0.430623
1483,-1.135049,-0.432498
1484,-1.130091,-0.434168
1485,-1.124953,-0.435443
1486,-1.119832,-0.436361
1487,-1.114663,-0.437087
1488,-1.109483,-0.437517
1489,-1.104292,-0.437653
1490,-1.099103,-0.437493
1491,-1.093931,-0.437038
1492,-1.088732,-0.436336
1493,-1.083551,-0.435227
1494,-1.078568,-0.433854
1495,-1.073603,-0.432140
1496,-1.068759,-0.430236
1497,-1.064040,-0.428063
1498,-1.059455,-0.425626
1499,-1.055015,-0.422933
1500,-1.050735,-0.419991
1501,-1.046563,-0.416849
1502,-1.042627,-0.413307
1503,-1.038964,-0.409588
1504,-1.035446,-0.405726
1505,-1.032167,-0.401688
1506,-1.029127,-0.397475
1507,-1.026333,-0.393096
1508,-1.023792,-0.388566
1509,-1.021430,-0.383914
1510,-1.019465,-0.378992
1511,-1.017769,-0.374094
1512,-1.016381,-0.369031
1513,-1.015223,-0.363953
1514,-1.014358,-0.358827
1515,-1.013785,-0.353662
1516,-1.013507,-0.348474
1517,-1.013475,-0.343220
1518,-1.013857,-0.337943
1519,-1.014575,-0.332785
1520,-1.015492,-0.327642
1521,-1.016695,-0.322579
1522,-1.018183,-0.317599
1523,-1.019952,-0.312713
1524,-1.021995,-0.307935
1525,-1.024308,-0.303280
1526,-1.026976,-0.298617
1527,-1.029823,-0.294300
1528,-1.032987,-0.290124
1529,-1.036309,-0.286108
1530,-1.039847,-0.282296
1531,-1.043594,-0.278692
1532,-1.047540,-0.275308
1533,-1.051672,-0.272154
1534,-1.055992,-0.269162
1535,-1.060578,-0.266500
1536,-1.065260,-0.264178
1537,-1.070017,-0.262048
1538,-1.074878,-0.260192
1539,-1.079832,-0.258615
1540,-1.084869,-0.257323
1541,-1.089971,-0.256319
1542,-1.095122,-0.255607
1543,-1.100344,-0.255118
1544,-1.105682,-0.255150
1545,-1.110891,-0.255343
1546,-1.116072,-0.255825
1547,-1.121215,-0.256600
1548,-1.126305,-0.257666
1549,-1.131327,-0.259019
1550,-1.136264,-0.260656
1551,-1.141101,-0.262571
1552,-1.145943,-0.264841
1553,-1.150531,-0.267393
1554,-1.154972,-0.270115
1555,-1.159246,-0.273083
1556,-1.163343,-0.276288
1557,-1.167250,-0.279721
1558,-1.170957,-0.283371
1559,-1.174450,-0.287227
1560,-1.177731,-0.291440
1561,-1.180800,-0.295665
1562,-1.183547,-0.300129
1563,-1.186078,-0.304686
1564,-1.188339,-0.309375
1565,-1.190329,-0.314183
1566,-1.192042,-0.319096
1567,-1.193472,-0.324100
1568,-1.194616,-0.329178
1569,-1.195453,-0.334469
1570,-1.195944,-0.339678
1571,-1.196201,-0.344882
1572,-1.196159,-0.350088
1573,-1.195821,-0.355281
1574,-1.195187,-0.360447
1575,-1.194260,-0.365569
1576,-1.193042,-0.370631
1577,-1.191403,-0.375695
1578,-1.189587,-0.380644
1579,-1.187525,-0.385428
1580,-1.185189,-0.390080
1581,-1.182591,-0.394591
1582,-1.179739,-0.398946
1583,-1.176644,-0.403132
1584,-1.173315,-0.407136
1585,-1.169602,-0.410963
1586,-1.165745,-0.414509
1587,-1.161776,-0.417986
1588,-1.157643,-0.421135
1589,-1.153325,-0.424036
1590,-1.148844,-0.426684
1591,-1.144217,-0.429073
1592,-1.139462,-0.431194
1593,-1.134424,-0.433008
1594,-1.129453,-0.434525
1595,-1.124341,-0.435728
1596,-1.119188,-0.436806
1597,-1.114033,-0.437508
1598,-1.108842,-0.437906
1599,-1.103636,-0.438005
1600,-1.098431,-0.437806
1601,-1.093246,-0.437311
1602,-1.087965,-0.436410
1603,-1.082890,-0.435282
1604,-1.077770,-0.433870
1605,-1.072830,-0.432227
1606,-1.067996,-0.430291
1607,-1.063281,-0.428078
1608,-1.058700,-0.425599
1609,-1.054266,-0.422862
1610,-1.049995,-0.419877
1611,-1.045844,-0.416485
1612,-1.042018,-0.412935
1613,-1.038200,-0.409249
1614,-1.034713,-0.405387
1615,-1.031460,-0.401321
1616,-1.028445,-0.397073
1617,-1.025678,-0.392658
1618,-1.023166,-0.388091
1619,-1.020918,-0.383389
1620,-1.018973,-0.378386
1621,-1.017320,-0.373452
1622,-1.015968,-0.368449
1623,-1.014803,-0.363358
1624,-1.013955,-0.358221
1625,-1.013409,-0.353047
1626,-1.013160,-0.347851
1627,-1.013208,-0.342648
1628,-1.013553,-0.337456
1629,-1.014309,-0.332160
1630,-1.015284,-0.327057
1631,-1.016526,-0.322003
1632,-1.018046,-0.317023
1633,-1.019846,-0.312136
1634,-1.021920,-0.307358
1635,-1.024263,-0.302705
1636,-1.026844,-0.298103
1637,-1.029667,-0.293761
1638,-1.032936,-0.289513
1639,-1.036302,-0.285550
1640,-1.039880,-0.281761
1641,-1.043664,-0.278174
1642,-1.047645,-0.274805
1643,-1.051812,-0.271667
1644,-1.056246,-0.268796
1645,-1.060765,-0.266123
1646,-1.065393,-0.263641
1647,-1.070343,-0.261540
1648,-1.075227,-0.259756
1649,-1.080209,-0.258223
1650,-1.085271,-0.256968
1651,-1.090398,-0.256000
1652,-1.095572,-0.255324
1653,-1.100777,-0.254943
1654,-1.106081,-0.254921
1655,-1.111369,-0.255059
1656,-1.116537,-0.255544
1657,-1.121815,-0.256504
1658,-1.126903,-0.257630
1659,-1.131928,-0.259034
1660,-1.136867,-0.260718
1661,-1.141704,-0.262680
1662,-1.146422,-0.264913
1663,-1.151027,-0.267508
1664,-1.155580,-0.270256
1665,-1.159869,-0.273227
1666,-1.164011,-0.276632
1667,-1.167867,-0.280129
1668,-1.171542,-0.283831
1669,-1.175008,-0.287733
1670,-1.178249,-0.291826
1671,-1.181254,-0.296097
1672,-1.184011,-0.300533
1673,-1.186495,-0.305217
1674,-1.188842,-0.309985
1675,-1.190794,-0.314987
1676,-1.192421,-0.319942
1677,-1.193791,-0.324975
1678,-1.194881,-0.330080
1679,-1.195683,-0.335240
1680,-1.196191,-0.340439
1681,-1.196402,-0.345658
1682,-1.196232,-0.350897
1683,-1.195917,-0.356262
1684,-1.195276,-0.361450
1685,-1.194169,-0.366706
1686,-1.192867,-0.371752
1687,-1.191294,-0.376730
1688,-1.189445,-0.381616
1689,-1.187322,-0.386389
1690,-1.184931,-0.391035
1691,-1.182279,-0.395539
1692,-1.179271,-0.399905
1693,-1.176103,-0.404246
1694,-1.172550,-0.408303
1695,-1.168929,-0.412046
1696,-1.165103,-0.415599
1697,-1.161082,-0.418935
1698,-1.156877,-0.422039
1699,-1.152502,-0.424899
1700,-1.147971,-0.427507
1701,-1.143298,-0.429853
1702,-1.138402,-0.431897
1703,-1.133258,-0.433783
1704,-1.128220,-0.435257
1705,-1.123140,-0.436455
1706,-1.117995,-0.437371
1707,-1.112805,-0.437996
1708,-1.107586,-0.438325
1709,-1.102356,-0.438358
1710,-1.097132,-0.438092
1711,-1.091844,-0.437446
1712,-1.086505,-0.436645
1713,-1.081239,-0.435382
1714,-1.076213,-0.433876
1715,-1.071291,-0.432117
1716,-1.066469,-0.430089
1717,-1.061768,-0.427791
1718,-1.057204,-0.425230
1719,-1.052792,-0.422413
1720,-1.048547,-0.419349
1721,-1.044426,-0.415915
1722,-1.040385,-0.412351
1723,-1.036639,-0.408394
1724,-1.033233,-0.404393
1725,-1.030052,-0.400233
1726,-1.027104,-0.395901
1727,-1.024404,-0.391408
1728,-1.021963,-0.386768
1729,-1.019789,-0.381996
1730,-1.017891,-0.377107
1731,-1.016305,-0.372004
1732,-1.014860,-0.366855
1733,-1.013873,-0.361459
1734,-1.013186,-0.356232
1735,-1.012776,-0.350995
1736,-1.012658,-0.345740
1737,-1.012838,-0.340485
1738,-1.013317,-0.335247
1739,-1.014094,-0.330043
1740,-1.015267,-0.324760
1741,-1.016607,-0.319409
1742,-1.018268,-0.314374
1743,-1.020461,-0.309236
1744,-1.022764,-0.304428
1745,-1.025326,-0.299754
1746,-1.028157,-0.295219
1747,-1.031259,-0.290835
1748,-1.034627,-0.286616
1749,-1.038260,-0.282573
1750,-1.042350,-0.278628
1751,-1.046540,-0.274783
1752,-1.051331,-0.271264
1753,-1.056223,-0.268007
1754,-1.061411,-0.264980
1755,-1.066939,-0.262209
1756,-1.072842,-0.259726
1757,-1.079157,-0.257570
1758,-1.087682,-0.251020
1759,-1.092349,-0.243960
1760,-1.092710,-0.241548
1761,-1.094183,-0.239673
1762,-1.096217,-0.238039
1763,-1.098492,-0.236560
1764,-1.100897,-0.235220
1765,-1.103391,-0.234022
1766,-1.105955,-0.232968
1767,-1.108578,-0.232061
1768,-1.111249,-0.231306
1769,-1.113960,-0.230704
1770,-1.116701,-0.230258
1771,-1.119465,-0.229969
1772,-1.122236,-0.229924
1773,-1.125066,-0.229965
1774,-1.127853,-0.230151
1775,-1.130615,-0.230491
1776,-1.133351,-0.230987
1777,-1.136053,-0.231637
1778,-1.138810,-0.232601
1779,-1.141379,-0.233563
1780,-1.143909,-0.234672
1781,-1.146313,-0.235972
1782,-1.148764,-0.237431
1783,-1.151091,-0.238966
1784,-1.153318,-0.240622
1785,-1.155446,-0.242398
1786,-1.157558,-0.244311
1787,-1.159476,-0.246306
1788,-1.161140,-0.248589
1789,-1.162779,-0.250798
1790,-1.164300,-0.253100
1791,-1.165624,-0.255540
1792,-1.166884,-0.258019
1793,-1.168000,-0.260552
1794,-1.169023,-0.263214
1795,-1.169872,-0.265840
1796,-1.170544,-0.268514
1797,-1.170893,-0.271338
1798,-1.166143,-0.274213
1799,-1.159741,-0.277979
