0,-0.640216,0.354931
1,-0.640216,0.354931
2,-0.632879,0.364741
3,-0.623826,0.379123
4,-0.615651,0.394025
5,-0.608338,0.409369
6,-0.606319,0.413669
7,-0.606319,0.413669
8,-0.606319,0.413669
9,-0.614434,0.422845
10,-0.626676,0.434631
11,-0.639608,0.445663
12,-0.653146,0.455941
13,-0.667247,0.465432
14,-0.681865,0.474105
15,-0.696953,0.481933
16,-0.701181,0.484096
17,-0.701181,0.484096
18,-0.712845,0.480350
19,-0.728555,0.473872
20,-0.743852,0.466460
21,-0.758702,0.458190
22,-0.773057,0.449088
23,-0.786871,0.439184
24,-0.800099,0.428511
25,-0.812699,0.417102
26,-0.824629,0.404994
27,-0.835851,0.392228
28,-0.846329,0.378844
29,-0.856027,0.364885
30,-0.864917,0.350397
31,-0.872967,0.335427
32,-0.880152,0.320023
33,-0.886450,0.304235
34,-0.891839,0.288114
35,-0.896302,0.271713
36,-0.897523,0.267123
37,-0.897523,0.267123
38,-0.891397,0.256514
39,-0.881746,0.242527
40,-0.871270,0.229142
41,-0.860049,0.216374
42,-0.856893,0.212824
43,-0.845809,0.207608
44,-0.829902,0.201627
45,-0.813661,0.196612
46,-0.797162,0.192530
47,-0.780456,0.189393
48,-0.763599,0.187211
49,-0.746645,0.185992
50,-0.729650,0.185739
51,-0.712667,0.186454
52,-0.695753,0.188134
53,-0.678962,0.190774
54,-0.662348,0.194365
55,-0.657711,0.195394
56,-0.657711,0.195394
57,-0.651115,0.205717
58,-0.643143,0.220725
59,-0.636085,0.236188
60,-0.629919,0.252028
61,-0.624664,0.268193
62,-0.620338,0.284630
63,-0.616953,0.301288
64,-0.616034,0.305948
65,-0.616034,0.305948
66,-0.616034,0.305948
67,-0.626128,0.312889
68,-0.624785,0.315641
69,-0.623684,0.318377
70,-0.622800,0.321171
71,-0.622133,0.324021
72,-0.621685,0.326913
73,-0.621460,0.329832
74,-0.621459,0.332761
75,-0.621681,0.335684
76,-0.622125,0.338586
77,-0.622791,0.341451
78,-0.623674,0.344262
79,-0.625534,0.341437
80,-0.631754,0.336142
81,-0.641259,0.333884
82,-0.651249,0.332386
83,-0.661208,0.330379
84,-0.671067,0.327795
85,-0.680788,0.324637
86,-0.690338,0.320911
87,-0.699684,0.316627
88,-0.708793,0.311797
89,-0.717633,0.306433
90,-0.726172,0.300550
91,-0.734381,0.294166
92,-0.742230,0.287300
93,-0.749689,0.279972
94,-0.756733,0.272203
95,-0.763334,0.264019
96,-0.769469,0.255444
97,-0.775114,0.246505
98,-0.780248,0.237230
99,-0.784850,0.227649
100,-0.788902,0.217793
101,-0.792389,0.207692
102,-0.795295,0.197381
103,-0.797607,0.186892
104,-0.799315,0.176259
105,-0.800410,0.165518
106,-0.800885,0.154705
107,-0.800736,0.143855
108,-0.799960,0.133005
109,-0.798557,0.122190
110,-0.796527,0.111448
111,-0.793876,0.100814
112,-0.790609,0.090325
113,-0.786733,0.080017
114,-0.782260,0.069925
115,-0.777201,0.060085
116,-0.771571,0.050529
117,-0.765385,0.041291
118,-0.758346,0.032206
119,-0.751102,0.023710
120,-0.743364,0.015624
121,-0.735154,0.007980
122,-0.726499,0.000804
123,-0.717425,-0.005877
124,-0.707960,-0.012038
125,-0.698135,-0.017657
126,-0.687981,-0.022713
127,-0.677724,-0.028401
128,-0.668117,-0.036491
129,-0.670598,-0.044438
130,-0.675501,-0.050647
131,-0.683116,-0.056530
132,-0.693735,-0.063044
133,-0.707437,-0.070121
134,-0.724065,-0.077564
135,-0.741506,-0.085920
136,-0.758472,-0.095214
137,-0.774869,-0.105456
138,-0.790657,-0.116643
139,-0.805797,-0.128579
140,-0.820234,-0.141350
141,-0.833912,-0.154942
142,-0.846731,-0.169390
143,-0.858759,-0.184556
144,-0.869917,-0.200349
145,-0.880158,-0.216750
146,-0.889450,-0.233710
147,-0.897760,-0.251174
148,-0.905062,-0.269084
149,-0.911331,-0.287383
150,-0.916547,-0.306011
151,-0.920694,-0.324908
152,-0.923741,-0.343526
153,-0.925742,-0.362761
154,-0.926633,-0.382091
155,-0.926419,-0.401441
156,-0.925103,-0.420748
157,-0.922688,-0.439950
158,-0.919183,-0.458984
159,-0.914599,-0.477787
160,-0.908951,-0.496301
161,-0.902256,-0.514462
162,-0.894537,-0.532216
163,-0.885819,-0.549502
164,-0.876129,-0.566263
165,-0.865499,-0.582444
166,-0.853964,-0.597995
167,-0.841561,-0.612864
168,-0.828645,-0.626680
169,-0.814719,-0.640073
170,-0.799980,-0.652632
171,-0.784549,-0.664330
172,-0.768476,-0.675132
173,-0.751813,-0.685001
174,-0.734614,-0.693905
175,-0.716933,-0.701816
176,-0.698828,-0.708708
177,-0.680360,-0.714557
178,-0.661586,-0.719346
179,-0.642569,-0.723058
180,-0.623371,-0.725680
181,-0.604053,-0.727204
182,-0.584680,-0.727626
183,-0.565314,-0.726943
184,-0.546490,-0.725264
185,-0.527324,-0.722408
186,-0.508349,-0.718463
187,-0.489630,-0.713443
188,-0.471225,-0.707365
189,-0.453195,-0.700248
190,-0.435599,-0.692115
191,-0.418494,-0.682992
192,-0.401935,-0.672910
193,-0.385975,-0.661900
194,-0.370670,-0.649999
195,-0.356064,-0.637244
196,-0.342206,-0.623677
197,-0.329144,-0.609342
198,-0.316918,-0.594286
199,-0.305569,-0.578557
200,-0.295352,-0.562622
201,-0.285838,-0.545729
202,-0.277309,-0.528306
203,-0.269785,-0.510424
204,-0.263292,-0.492143
205,-0.257778,-0.473569
206,-0.253381,-0.454688
207,-0.250087,-0.435567
208,-0.247888,-0.416287
209,-0.246790,-0.396912
210,-0.246797,-0.377506
211,-0.247909,-0.358129
212,-0.250122,-0.338845
213,-0.253431,-0.319718
214,-0.257823,-0.300809
215,-0.263285,-0.282178
216,-0.269518,-0.264327
217,-0.277023,-0.246430
218,-0.285550,-0.228987
219,-0.294993,-0.212248
220,-0.305304,-0.196212
221,-0.316438,-0.180919
222,-0.328346,-0.166406
223,-0.340978,-0.152707
224,-0.354283,-0.139856
225,-0.367276,-0.127308
226,-0.380172,-0.115170
227,-0.393346,-0.103675
228,-0.406800,-0.092836
229,-0.420492,-0.082630
230,-0.434373,-0.073024
231,-0.448393,-0.063978
232,-0.452292,-0.061553
233,-0.452292,-0.061553
234,-0.452611,-0.061353
235,-0.453752,-0.060533
236,-0.456686,-0.058103
237,-0.470196,-0.060589
238,-0.488054,-0.065466
239,-0.505577,-0.071203
240,-0.522620,-0.077801
241,-0.539125,-0.085237
242,-0.555037,-0.093479
243,-0.569435,-0.103357
244,-0.573930,-0.106166
245,-0.573930,-0.106166
246,-0.573930,-0.106166
247,-0.573015,-0.115073
248,-0.571931,-0.127562
249,-0.573858,-0.142400
250,-0.573300,-0.156567
251,-0.568899,-0.172606
252,-0.563394,-0.186742
253,-0.558594,-0.201495
254,-0.552163,-0.216570
255,-0.543021,-0.230021
256,-0.534707,-0.246016
257,-0.533226,-0.257335
258,-0.529769,-0.268986
259,-0.523007,-0.282460
260,-0.516827,-0.291715
261,-0.507862,-0.297766
262,-0.497751,-0.302158
263,-0.487083,-0.305544
264,-0.476254,-0.308259
265,-0.465134,-0.310244
266,-0.453831,-0.311536
267,-0.442108,-0.311857
268,-0.430516,-0.311705
269,-0.418858,-0.310830
270,-0.407151,-0.309194
271,-0.395417,-0.306760
272,-0.383682,-0.303485
273,-0.371978,-0.299313
274,-0.360338,-0.294177
275,-0.348803,-0.287969
276,-0.337418,-0.280485
277,-0.326260,-0.271326
278,-0.317148,-0.262697
279,-0.308352,-0.254865
280,-0.299789,-0.246790
281,-0.291679,-0.238265
282,-0.283986,-0.229367
283,-0.276803,-0.220033
284,-0.270220,-0.210334
285,-0.264184,-0.200264
286,-0.258725,-0.189859
287,-0.253862,-0.179151
288,-0.249619,-0.168198
289,-0.246015,-0.157016
290,-0.243050,-0.145640
291,-0.240728,-0.134101
292,-0.239089,-0.122479
293,-0.238097,-0.110753
294,-0.237794,-0.099012
295,-0.238153,-0.087200
296,-0.239292,-0.075413
297,-0.240974,-0.063726
298,-0.243351,-0.052223
299,-0.246352,-0.040840
300,-0.249996,-0.029666
301,-0.254298,-0.018674
302,-0.259204,-0.007985
303,-0.264703,0.002432
304,-0.270837,0.012543
305,-0.277504,0.022235
306,-0.284697,0.031551
307,-0.292809,0.040530
308,-0.301070,0.048953
309,-0.309761,0.056919
310,-0.318889,0.064355
311,-0.328399,0.071283
312,-0.338315,0.077646
313,-0.348588,0.083444
314,-0.359155,0.088615
315,-0.370012,0.093220
316,-0.381130,0.097182
317,-0.392433,0.100515
318,-0.403923,0.103197
319,-0.415542,0.105193
320,-0.427291,0.106558
321,-0.439082,0.107254
322,-0.450862,0.107246
323,-0.462665,0.106558
324,-0.474425,0.105216
325,-0.486060,0.103200
326,-0.497574,0.100549
327,-0.509010,0.097188
328,-0.520114,0.093171
329,-0.531003,0.088513
330,-0.541597,0.083330
331,-0.551895,0.077526
332,-0.561853,0.071098
333,-0.571418,0.064130
334,-0.580580,0.056662
335,-0.589297,0.048232
336,-0.597528,0.039740
337,-0.605271,0.030814
338,-0.612478,0.021460
339,-0.619166,0.011720
340,-0.625286,0.001612
341,-0.630800,-0.008832
342,-0.635728,-0.019573
343,-0.640040,-0.030577
344,-0.643714,-0.041826
345,-0.646738,-0.053249
346,-0.649195,-0.064845
347,-0.650839,-0.076516
348,-0.651864,-0.088321
349,-0.652217,-0.100142
350,-0.651895,-0.111972
351,-0.650895,-0.123784
352,-0.649231,-0.135501
353,-0.646906,-0.147138
354,-0.643899,-0.158628
355,-0.640251,-0.169899
356,-0.635951,-0.181018
357,-0.631018,-0.191792
358,-0.625503,-0.202305
359,-0.619403,-0.212473
360,-0.612705,-0.222309
361,-0.605473,-0.231704
362,-0.597779,-0.240743
363,-0.589493,-0.249279
364,-0.580747,-0.257306
365,-0.571581,-0.264829
366,-0.561933,-0.271887
367,-0.551941,-0.278305
368,-0.541626,-0.284158
369,-0.530979,-0.289424
370,-0.519987,-0.294081
371,-0.508810,-0.298114
372,-0.497442,-0.301490
373,-0.485824,-0.304216
374,-0.474122,-0.306260
375,-0.462309,-0.307646
376,-0.450407,-0.308381
377,-0.438500,-0.308400
378,-0.426630,-0.307761
379,-0.414796,-0.306448
380,-0.403067,-0.304469
381,-0.391425,-0.301795
382,-0.379948,-0.298368
383,-0.368756,-0.294418
384,-0.357794,-0.289842
385,-0.347061,-0.284607
386,-0.336654,-0.278805
387,-0.326646,-0.272421
388,-0.316958,-0.265428
389,-0.307728,-0.257933
390,-0.298940,-0.249923
391,-0.290567,-0.241438
392,-0.282730,-0.232440
393,-0.275384,-0.223022
394,-0.268635,-0.213203
395,-0.262340,-0.202996
396,-0.256788,-0.192481
397,-0.251809,-0.181666
398,-0.247444,-0.170472
399,-0.243729,-0.159148
400,-0.240657,-0.147632
401,-0.238226,-0.135924
402,-0.236505,-0.124039
403,-0.235438,-0.112165
404,-0.235049,-0.100250
405,-0.235342,-0.088237
406,-0.236341,-0.076361
407,-0.237986,-0.064515
408,-0.240306,-0.052799
409,-0.243307,-0.041198
410,-0.246952,-0.029843
411,-0.251251,-0.018641
412,-0.256122,-0.007781
413,-0.261659,0.002865
414,-0.267774,0.013092
415,-0.274454,0.022973
416,-0.281744,0.032520
417,-0.289521,0.041589
418,-0.297799,0.050218
419,-0.306601,0.058383
420,-0.315839,0.065991
421,-0.325476,0.073063
422,-0.335501,0.079606
423,-0.345864,0.085520
424,-0.356620,0.090878
425,-0.367617,0.095577
426,-0.378917,0.099705
427,-0.390358,0.103128
428,-0.402011,0.105941
429,-0.414140,0.107839
430,-0.426033,0.109232
431,-0.438023,0.110025
432,-0.449970,0.110081
433,-0.461945,0.109480
434,-0.473833,0.108200
435,-0.485632,0.106225
436,-0.497333,0.103596
437,-0.508854,0.100318
438,-0.520166,0.096363
439,-0.531225,0.091781
440,-0.542033,0.086581
441,-0.552542,0.080749
442,-0.562650,0.074335
443,-0.572403,0.067367
444,-0.581760,0.059811
445,-0.590670,0.051764
446,-0.599148,0.043254
447,-0.607025,0.034240
448,-0.614412,0.024754
449,-0.621288,0.014829
450,-0.627552,0.004565
451,-0.633227,-0.006035
452,-0.638284,-0.016914
453,-0.642726,-0.028136
454,-0.646499,-0.039551
455,-0.649630,-0.051179
456,-0.652113,-0.062938
457,-0.653899,-0.074857
458,-0.655003,-0.086844
459,-0.655442,-0.098923
460,-0.655149,-0.110925
461,-0.654207,-0.122948
462,-0.652609,-0.134867
463,-0.650317,-0.146693
464,-0.647290,-0.158425
465,-0.643646,-0.169877
466,-0.639424,-0.181159
467,-0.634502,-0.192109
468,-0.628898,-0.202857
469,-0.622747,-0.213201
470,-0.616024,-0.223186
471,-0.608677,-0.232843
472,-0.600841,-0.242000
473,-0.592488,-0.250711
474,-0.583683,-0.258920
475,-0.574361,-0.266672
476,-0.564615,-0.273829
477,-0.554543,-0.280409
478,-0.544085,-0.286423
479,-0.533323,-0.291826
480,-0.522174,-0.296623
481,-0.510831,-0.300805
482,-0.499291,-0.304290
483,-0.487463,-0.307145
484,-0.475573,-0.309276
485,-0.463577,-0.310754
486,-0.451507,-0.311554
487,-0.439390,-0.311635
488,-0.427272,-0.311064
489,-0.415226,-0.309785
490,-0.403303,-0.307774
491,-0.391508,-0.305153
492,-0.379868,-0.301839
493,-0.368380,-0.297803
494,-0.357218,-0.293186
495,-0.346286,-0.287954
496,-0.335672,-0.282060
497,-0.325379,-0.275533
498,-0.315557,-0.268483
499,-0.306103,-0.260854
500,-0.297036,-0.252734
501,-0.288566,-0.244126
502,-0.280506,-0.234983
503,-0.272992,-0.225389
504,-0.266117,-0.215429
505,-0.259793,-0.205100
506,-0.254059,-0.194399
507,-0.248877,-0.183340
508,-0.244422,-0.172085
509,-0.240580,-0.160563
510,-0.237411,-0.148872
511,-0.234889,-0.136990
512,-0.233049,-0.124913
513,-0.231949,-0.112850
514,-0.231498,-0.100706
515,-0.231753,-0.088589
516,-0.232689,-0.076499
517,-0.234330,-0.064367
518,-0.236656,-0.052468
519,-0.239643,-0.040710
520,-0.243292,-0.029115
521,-0.247642,-0.017705
522,-0.252572,-0.006535
523,-0.258161,0.004212
524,-0.264377,0.014690
525,-0.271206,0.024818
526,-0.278560,0.034496
527,-0.286481,0.043762
528,-0.294965,0.052670
529,-0.303869,0.060918
530,-0.313222,0.068687
531,-0.323026,0.075931
532,-0.333195,0.082595
533,-0.343729,0.088671
534,-0.354739,0.094190
535,-0.365898,0.099003
536,-0.377318,0.103192
537,-0.389000,0.106734
538,-0.400857,0.109649
539,-0.412858,0.111829
540,-0.424999,0.113332
541,-0.437187,0.114118
542,-0.449394,0.114241
543,-0.461560,0.113671
544,-0.473780,0.112347
545,-0.485863,0.110371
546,-0.497754,0.107732
547,-0.509568,0.104379
548,-0.521109,0.100343
549,-0.532411,0.095681
550,-0.543413,0.090406
551,-0.554196,0.084469
552,-0.564513,0.077979
553,-0.574488,0.070832
554,-0.584100,0.063152
555,-0.593133,0.054965
556,-0.601789,0.045923
557,-0.609911,0.036660
558,-0.617428,0.027022
559,-0.624446,0.016987
560,-0.630843,0.006587
561,-0.636702,-0.004197
562,-0.641852,-0.015269
563,-0.646386,-0.026623
564,-0.650327,-0.038255
565,-0.653535,-0.050078
566,-0.656066,-0.062040
567,-0.657938,-0.074136
568,-0.659126,-0.086372
569,-0.659583,-0.098597
570,-0.659340,-0.110912
571,-0.658448,-0.123122
572,-0.656804,-0.135288
573,-0.654472,-0.147311
574,-0.651473,-0.159254
575,-0.647792,-0.170992
576,-0.643432,-0.182431
577,-0.638423,-0.193739
578,-0.632722,-0.204723
579,-0.626467,-0.215245
580,-0.619645,-0.225447
581,-0.612200,-0.235269
582,-0.604189,-0.244743
583,-0.595680,-0.253563
584,-0.586683,-0.261966
585,-0.577240,-0.269875
586,-0.567335,-0.277214
587,-0.556931,-0.283959
588,-0.546280,-0.290080
589,-0.535298,-0.295624
590,-0.523867,-0.300592
591,-0.512272,-0.304764
592,-0.500496,-0.308354
593,-0.488496,-0.311247
594,-0.476378,-0.313482
595,-0.464160,-0.314973
596,-0.451697,-0.315777
597,-0.439360,-0.315892
598,-0.427067,-0.315273
599,-0.414815,-0.313967
600,-0.402451,-0.311905
601,-0.390432,-0.309199
602,-0.378574,-0.305805
603,-0.366842,-0.301719
604,-0.355397,-0.297023
605,-0.344231,-0.291623
606,-0.333444,-0.285623
607,-0.323006,-0.279028
608,-0.312892,-0.271882
609,-0.303169,-0.263934
610,-0.294031,-0.255656
611,-0.285352,-0.246859
612,-0.277184,-0.237579
613,-0.269557,-0.227849
614,-0.262429,-0.217555
615,-0.256002,-0.206998
616,-0.250149,-0.196101
617,-0.244919,-0.184892
618,-0.240338,-0.173355
619,-0.236379,-0.161585
620,-0.233098,-0.149565
621,-0.230586,-0.137451
622,-0.228730,-0.125215
623,-0.227567,-0.112852
624,-0.227101,-0.100490
625,-0.227329,-0.088078
626,-0.228300,-0.075511
627,-0.229975,-0.063280
628,-0.232317,-0.051064
629,-0.235348,-0.039048
630,-0.239095,-0.027241
631,-0.243550,-0.015578
632,-0.248655,-0.004159
633,-0.254354,0.006846
634,-0.260681,0.017517
635,-0.267632,0.027855
636,-0.275192,0.037910
637,-0.283298,0.047346
638,-0.291930,0.056337
639,-0.301010,0.064806
640,-0.310588,0.072860
641,-0.320684,0.080226
642,-0.331108,0.087004
643,-0.341948,0.093222
644,-0.353078,0.098826
645,-0.364480,0.103805
646,-0.376263,0.108057
647,-0.388192,0.111635
648,-0.400355,0.114549
649,-0.412609,0.116763
650,-0.425010,0.118305
651,-0.437558,0.119061
652,-0.450020,0.119162
653,-0.462462,0.118548
654,-0.474850,0.117229
655,-0.487229,0.115162
656,-0.499387,0.112420
657,-0.511461,0.108990
658,-0.523218,0.104912
659,-0.534737,0.100164
660,-0.546044,0.094698
661,-0.557076,0.088616
662,-0.567591,0.081931
663,-0.577787,0.074695
664,-0.587494,0.066867
665,-0.596801,0.058421
666,-0.605601,0.049476
667,-0.613883,0.040079
668,-0.621582,0.030282
669,-0.628717,0.020043
670,-0.635301,0.009351
671,-0.641225,-0.001710
672,-0.646508,-0.013025
673,-0.651215,-0.024771
674,-0.655119,-0.036635
675,-0.658389,-0.048703
676,-0.660974,-0.060986
677,-0.662892,-0.073354
678,-0.664067,-0.085802
679,-0.664563,-0.098362
680,-0.664285,-0.111037
681,-0.663265,-0.123515
682,-0.661577,-0.135922
683,-0.659197,-0.148215
684,-0.656159,-0.160537
685,-0.652340,-0.172453
686,-0.647811,-0.184289
687,-0.642690,-0.195714
688,-0.636930,-0.206848
689,-0.630487,-0.217756
690,-0.623497,-0.228164
691,-0.615823,-0.238219
692,-0.607658,-0.247752
693,-0.598922,-0.256942
694,-0.589696,-0.265520
695,-0.580030,-0.273529
696,-0.569826,-0.281057
697,-0.559268,-0.287892
698,-0.548309,-0.294200
699,-0.537069,-0.299826
700,-0.525458,-0.304865
701,-0.513655,-0.309165
702,-0.501608,-0.312833
703,-0.489227,-0.315758
704,-0.476788,-0.318008
705,-0.464283,-0.319549
706,-0.451715,-0.320354
707,-0.438970,-0.320437
708,-0.426282,-0.319772
709,-0.413705,-0.318459
710,-0.401278,-0.316363
711,-0.388975,-0.313586
712,-0.376757,-0.310093
713,-0.364636,-0.305867
714,-0.352940,-0.300994
715,-0.341589,-0.295471
716,-0.330550,-0.289322
717,-0.319877,-0.282557
718,-0.309553,-0.275150
719,-0.299534,-0.267031
720,-0.290202,-0.258496
721,-0.281269,-0.249437
722,-0.272942,-0.239924
723,-0.265145,-0.229880
724,-0.257850,-0.219466
725,-0.251204,-0.208595
726,-0.245252,-0.197414
727,-0.239920,-0.185800
728,-0.235245,-0.173978
729,-0.231174,-0.161747
730,-0.227894,-0.149451
731,-0.225332,-0.137014
732,-0.223476,-0.124307
733,-0.222299,-0.111597
734,-0.221919,-0.098871
735,-0.222176,-0.085962
736,-0.223272,-0.073288
737,-0.225058,-0.060669
738,-0.227569,-0.047851
739,-0.230588,-0.034208
740,-0.230930,-0.029834
741,-0.232124,-0.022659
742,-0.235157,-0.013286
743,-0.242288,-0.004839
744,-0.250172,0.002583
745,-0.258660,0.009538
746,-0.267479,0.015516
747,-0.276725,0.021216
748,-0.286305,0.026423
749,-0.296176,0.031065
750,-0.306241,0.035178
751,-0.316578,0.038662
752,-0.327130,0.041568
753,-0.337896,0.043887
754,-0.348718,0.045550
755,-0.359597,0.046613
756,-0.370531,0.047060
757,-0.381472,0.046886
758,-0.392476,0.046076
759,-0.403314,0.044645
760,-0.414057,0.042610
761,-0.424712,0.039978
762,-0.435235,0.036706
763,-0.445501,0.032880
764,-0.455515,0.028468
765,-0.465311,0.023404
766,-0.474824,0.017843
767,-0.483963,0.011760
768,-0.492711,0.005196
769,-0.501079,-0.001860
770,-0.509034,-0.009382
771,-0.516548,-0.017344
772,-0.523610,-0.025711
773,-0.530286,-0.034556
774,-0.536305,-0.043686
775,-0.541842,-0.053142
776,-0.546830,-0.062927
777,-0.551254,-0.072968
778,-0.555142,-0.083347
779,-0.558363,-0.093824
780,-0.561050,-0.104516
781,-0.563104,-0.115317
782,-0.564513,-0.126190
783,-0.565316,-0.137236
784,-0.565473,-0.148224
785,-0.564998,-0.159217
786,-0.563927,-0.170178
787,-0.562205,-0.181176
788,-0.559860,-0.191916
789,-0.556927,-0.202540
790,-0.553375,-0.212982
791,-0.549242,-0.223197
792,-0.544503,-0.233252
793,-0.539197,-0.242937
794,-0.533375,-0.252331
795,-0.527028,-0.261338
796,-0.520174,-0.270008
797,-0.512783,-0.278317
798,-0.504958,-0.288008
799,-0.497010,-0.297519
800,-0.488786,-0.305686
801,-0.480089,-0.313214
802,-0.470951,-0.320227
803,-0.461444,-0.326687
804,-0.451528,-0.332591
805,-0.441319,-0.337904
806,-0.430815,-0.342661
807,-0.420070,-0.346798
808,-0.409103,-0.350319
809,-0.397988,-0.353276
810,-0.386657,-0.355489
811,-0.375246,-0.357068
812,-0.363734,-0.358009
813,-0.352160,-0.358275
814,-0.340636,-0.357888
815,-0.329150,-0.356850
816,-0.317480,-0.354821
817,-0.306193,-0.352474
818,-0.295062,-0.349504
819,-0.284102,-0.345913
820,-0.273384,-0.341709
821,-0.262920,-0.336899
822,-0.252724,-0.331496
823,-0.242874,-0.325540
824,-0.233356,-0.319090
825,-0.224269,-0.312032
826,-0.215561,-0.304459
827,-0.207311,-0.296410
828,-0.199531,-0.287902
829,-0.192229,-0.278953
830,-0.185467,-0.269621
831,-0.179245,-0.259913
832,-0.173586,-0.249866
833,-0.168494,-0.239501
834,-0.164002,-0.228835
835,-0.160127,-0.217937
836,-0.156877,-0.206836
837,-0.154275,-0.195591
838,-0.152399,-0.184071
839,-0.151075,-0.172630
840,-0.150401,-0.161122
841,-0.150415,-0.149538
842,-0.151081,-0.138019
843,-0.152397,-0.126556
844,-0.154383,-0.115134
845,-0.156994,-0.103891
846,-0.160217,-0.092836
847,-0.164112,-0.081919
848,-0.168609,-0.071281
849,-0.174039,-0.060759
850,-0.179780,-0.050679
851,-0.185966,-0.040952
852,-0.192760,-0.031606
853,-0.200058,-0.022667
854,-0.207859,-0.014151
855,-0.216133,-0.006091
856,-0.224857,0.001501
857,-0.233989,0.008569
858,-0.243513,0.015107
859,-0.253403,0.021107
860,-0.263602,0.026521
861,-0.274099,0.031346
862,-0.284854,0.035565
863,-0.295840,0.039182
864,-0.307003,0.042153
865,-0.318320,0.044490
866,-0.329788,0.046266
867,-0.341273,0.047261
868,-0.352840,0.047613
869,-0.364687,0.047040
870,-0.376263,0.046046
871,-0.387714,0.044426
872,-0.399053,0.042166
873,-0.410246,0.039267
874,-0.421270,0.035743
875,-0.432060,0.031595
876,-0.442597,0.026837
877,-0.452868,0.021484
878,-0.462793,0.015567
879,-0.472369,0.009089
880,-0.481561,0.002075
881,-0.490348,-0.005425
882,-0.498698,-0.013431
883,-0.506574,-0.021908
884,-0.513953,-0.030824
885,-0.520815,-0.040150
886,-0.527090,-0.049885
887,-0.532844,-0.059998
888,-0.538043,-0.070324
889,-0.542604,-0.080936
890,-0.546561,-0.091800
891,-0.549895,-0.102907
892,-0.552585,-0.114155
893,-0.554626,-0.125596
894,-0.556017,-0.137082
895,-0.556758,-0.148628
896,-0.556836,-0.160228
897,-0.556260,-0.171841
898,-0.555000,-0.183342
899,-0.553107,-0.194762
900,-0.550566,-0.206112
901,-0.547320,-0.217237
902,-0.543534,-0.228187
903,-0.539107,-0.238939
904,-0.534076,-0.249376
905,-0.528467,-0.259506
906,-0.522252,-0.269390
907,-0.515524,-0.278785
908,-0.508266,-0.287829
909,-0.500467,-0.296489
910,-0.492212,-0.304618
911,-0.483511,-0.312301
912,-0.474395,-0.319462
913,-0.464844,-0.326118
914,-0.454958,-0.332206
915,-0.444707,-0.337738
916,-0.434157,-0.342610
917,-0.423330,-0.346967
918,-0.412313,-0.350656
919,-0.401118,-0.353711
920,-0.389767,-0.356124
921,-0.378254,-0.357890
922,-0.366663,-0.358938
923,-0.355071,-0.359395
924,-0.343477,-0.359177
925,-0.331874,-0.358287
926,-0.320372,-0.356743
927,-0.308943,-0.354535
928,-0.297689,-0.351692
929,-0.286583,-0.348198
930,-0.275717,-0.344101
931,-0.265075,-0.339370
932,-0.254609,-0.333695
933,-0.244586,-0.327746
934,-0.234920,-0.321291
935,-0.225646,-0.314301
936,-0.216778,-0.306802
937,-0.208358,-0.298807
938,-0.200403,-0.290346
939,-0.192913,-0.281436
940,-0.185975,-0.272124
941,-0.179592,-0.262375
942,-0.173756,-0.252366
943,-0.168494,-0.242013
944,-0.163833,-0.231370
945,-0.159785,-0.220476
946,-0.156364,-0.209367
947,-0.153586,-0.198081
948,-0.151458,-0.186654
949,-0.150065,-0.175122
950,-0.149186,-0.163494
951,-0.149012,-0.151817
952,-0.149537,-0.140211
953,-0.150706,-0.128647
954,-0.152535,-0.117110
955,-0.155031,-0.105761
956,-0.158153,-0.094561
957,-0.161920,-0.083482
958,-0.166317,-0.072715
959,-0.171305,-0.062186
960,-0.176882,-0.051951
961,-0.183060,-0.042020
962,-0.189780,-0.032532
963,-0.197029,-0.023394
964,-0.204809,-0.014661
965,-0.213006,-0.006403
966,-0.221722,0.001340
967,-0.230897,0.008648
968,-0.240442,0.015340
969,-0.250354,0.021499
970,-0.260647,0.027126
971,-0.271206,0.032099
972,-0.282029,0.036492
973,-0.293116,0.040286
974,-0.304373,0.043387
975,-0.315783,0.045883
976,-0.327376,0.047732
977,-0.338985,0.048872
978,-0.350652,0.049386
979,-0.362341,0.049251
980,-0.374033,0.048422
981,-0.385674,0.046834
982,-0.397182,0.044674
983,-0.408537,0.041869
984,-0.419683,0.038440
985,-0.430624,0.034378
986,-0.441317,0.029701
987,-0.451789,0.024395
988,-0.461884,0.018545
989,-0.471667,0.012077
990,-0.481020,0.005087
991,-0.489985,-0.002410
992,-0.498551,-0.010584
993,-0.506578,-0.019057
994,-0.514119,-0.027978
995,-0.521152,-0.037310
996,-0.527667,-0.047087
997,-0.533592,-0.057152
998,-0.538936,-0.067600
999,-0.543659,-0.078293
1000,-0.547784,-0.089238
1001,-0.551296,-0.100457
1002,-0.554132,-0.111800
1003,-0.556326,-0.123307
1004,-0.557809,-0.134989
1005,-0.558694,-0.146662
1006,-0.558915,-0.158375
1007,-0.558451,-0.170121
1008,-0.557307,-0.181781
1009,-0.555516,-0.193366
1010,-0.553072,-0.204816
1011,-0.549956,-0.216154
1012,-0.546214,-0.227292
1013,-0.541826,-0.238198
1014,-0.536821,-0.248799
1015,-0.531233,-0.259092
1016,-0.525070,-0.269122
1017,-0.518320,-0.278760
1018,-0.511032,-0.287965
1019,-0.503241,-0.296748
1020,-0.495036,-0.305112
1021,-0.486253,-0.312968
1022,-0.477084,-0.320286
1023,-0.467455,-0.327114
1024,-0.457480,-0.333355
1025,-0.447184,-0.339019
1026,-0.436513,-0.344113
1027,-0.425645,-0.348550
1028,-0.414534,-0.352392
1029,-0.403161,-0.355609
1030,-0.391677,-0.358119
1031,-0.380084,-0.359998
1032,-0.368370,-0.361230
1033,-0.356582,-0.361778
1034,-0.344837,-0.361667
1035,-0.333026,-0.360839
1036,-0.321333,-0.359382
1037,-0.309778,-0.357275
1038,-0.298351,-0.354512
1039,-0.287022,-0.351081
1040,-0.276013,-0.347004
1041,-0.265213,-0.342326
1042,-0.254638,-0.337017
1043,-0.244456,-0.331113
1044,-0.234554,-0.324647
1045,-0.225134,-0.317646
1046,-0.216049,-0.310074
1047,-0.207453,-0.302015
1048,-0.199342,-0.293494
1049,-0.191658,-0.284513
1050,-0.184534,-0.275074
1051,-0.177973,-0.265284
1052,-0.171925,-0.255070
1053,-0.166527,-0.244547
1054,-0.161736,-0.233787
1055,-0.157527,-0.222747
1056,-0.153955,-0.211418
1057,-0.151077,-0.199991
1058,-0.148848,-0.188382
1059,-0.147221,-0.176637
1060,-0.146364,-0.164865
1061,-0.146152,-0.153048
1062,-0.146605,-0.141236
1063,-0.147738,-0.129408
1064,-0.149535,-0.117725
1065,-0.152022,-0.106106
1066,-0.155140,-0.094712
1067,-0.158906,-0.083492
1068,-0.163315,-0.072461
1069,-0.168337,-0.061751
1070,-0.173942,-0.051352
1071,-0.180533,-0.041171
1072,-0.187319,-0.031454
1073,-0.194614,-0.022163
1074,-0.202414,-0.013275
1075,-0.210725,-0.004856
1076,-0.219502,0.003080
1077,-0.228694,0.010516
1078,-0.238316,0.017390
1079,-0.248311,0.023747
1080,-0.258651,0.029460
1081,-0.269326,0.034616
1082,-0.280266,0.039163
1083,-0.291432,0.043049
1084,-0.302815,0.046313
1085,-0.314397,0.049005
1086,-0.326037,0.050897
1087,-0.337821,0.052145
1088,-0.349663,0.052726
1089,-0.361522,0.052633
1090,-0.373357,0.051865
1091,-0.385205,0.050410
1092,-0.396853,0.048303
1093,-0.408457,0.045519
1094,-0.419801,0.042060
1095,-0.430944,0.037984
1096,-0.441844,0.033284
1097,-0.452535,0.027936
1098,-0.462802,0.022026
1099,-0.472731,0.015548
1100,-0.482356,0.008458
1101,-0.491482,0.000837
1102,-0.500159,-0.007233
1103,-0.508382,-0.015802
1104,-0.516146,-0.024864
1105,-0.523327,-0.034309
1106,-0.529950,-0.044163
1107,-0.536030,-0.054376
1108,-0.541523,-0.064993
1109,-0.546384,-0.075821
1110,-0.550617,-0.086912
1111,-0.554254,-0.098310
1112,-0.557199,-0.109842
1113,-0.559474,-0.121495
1114,-0.561092,-0.133262
1115,-0.562048,-0.145195
1116,-0.562329,-0.157103
1117,-0.561897,-0.168981
1118,-0.560841,-0.180949
1119,-0.559034,-0.192688
1120,-0.556590,-0.204402
1121,-0.553495,-0.215897
1122,-0.549772,-0.227219
1123,-0.545326,-0.238329
1124,-0.540306,-0.249164
1125,-0.534681,-0.259682
1126,-0.528392,-0.269902
1127,-0.521603,-0.279680
1128,-0.514266,-0.289096
1129,-0.506409,-0.298039
1130,-0.497975,-0.306585
1131,-0.489145,-0.314585
1132,-0.479878,-0.322082
1133,-0.470175,-0.329036
1134,-0.460054,-0.335451
1135,-0.449617,-0.341250
1136,-0.438892,-0.346465
1137,-0.427799,-0.351065
1138,-0.416511,-0.355008
1139,-0.405048,-0.358302
1140,-0.393415,-0.360954
1141,-0.381279,-0.362723
1142,-0.369377,-0.364007
1143,-0.357460,-0.364623
1144,-0.345523,-0.364577
1145,-0.333571,-0.363842
1146,-0.321699,-0.362449
1147,-0.309950,-0.360366
1148,-0.298309,-0.357604
1149,-0.286863,-0.354195
1150,-0.275616,-0.350122
1151,-0.264610,-0.345441
1152,-0.253897,-0.340114
1153,-0.243515,-0.334199
1154,-0.233474,-0.327683
1155,-0.223774,-0.320616
1156,-0.214527,-0.312993
1157,-0.205767,-0.304864
1158,-0.197441,-0.296210
1159,-0.189600,-0.287131
1160,-0.182325,-0.277630
1161,-0.175585,-0.267641
1162,-0.169444,-0.257346
1163,-0.163913,-0.246732
1164,-0.158915,-0.235717
1165,-0.154643,-0.224503
1166,-0.150989,-0.213045
1167,-0.147970,-0.201418
1168,-0.145645,-0.189671
1169,-0.144005,-0.177715
1170,-0.143023,-0.165746
1171,-0.142744,-0.153720
1172,-0.143144,-0.141738
1173,-0.144264,-0.129702
1174,-0.146037,-0.117828
1175,-0.148476,-0.106074
1176,-0.151616,-0.094375
1177,-0.155388,-0.082988
1178,-0.159813,-0.071792
1179,-0.164846,-0.060890
1180,-0.170535,-0.050244
1181,-0.176807,-0.039951
1182,-0.183647,-0.030053
1183,-0.191013,-0.020563
1184,-0.198957,-0.011486
1185,-0.207370,-0.002845
1186,-0.216304,0.005267
1187,-0.225676,0.012868
1188,-0.235436,0.019927
1189,-0.245596,0.026384
1190,-0.256137,0.032282
1191,-0.267036,0.037600
1192,-0.278150,0.042225
1193,-0.289525,0.046226
1194,-0.301072,0.049638
1195,-0.312926,0.052266
1196,-0.324845,0.054273
1197,-0.336810,0.055598
1198,-0.348841,0.056238
1199,-0.360986,0.056171
1200,-0.373015,0.055416
1201,-0.385012,0.053983
1202,-0.396912,0.051890
1203,-0.408723,0.049074
1204,-0.420273,0.045628
1205,-0.431615,0.041537
1206,-0.442787,0.036778
1207,-0.453625,0.031367
1208,-0.464093,0.025408
1209,-0.474263,0.018858
1210,-0.484016,0.011729
1211,-0.493383,0.003980
1212,-0.502274,-0.004216
1213,-0.510679,-0.012886
1214,-0.518620,-0.022127
1215,-0.525973,-0.031736
1216,-0.532740,-0.041730
1217,-0.539009,-0.052164
1218,-0.544520,-0.063013
1219,-0.549541,-0.074021
1220,-0.553923,-0.085287
1221,-0.557613,-0.096788
1222,-0.560654,-0.108560
1223,-0.563030,-0.120423
1224,-0.564718,-0.132425
1225,-0.565725,-0.144459
1226,-0.566050,-0.156625
1227,-0.565678,-0.168724
1228,-0.564599,-0.180769
1229,-0.562847,-0.192742
1230,-0.560421,-0.204756
1231,-0.557279,-0.216426
1232,-0.553491,-0.227998
1233,-0.549059,-0.239257
1234,-0.544014,-0.250273
1235,-0.538261,-0.261062
1236,-0.531983,-0.271451
1237,-0.525112,-0.281474
1238,-0.517672,-0.291078
1239,-0.509281,-0.300261
1240,-0.500769,-0.308979
1241,-0.491811,-0.317164
1242,-0.482417,-0.324836
1243,-0.472564,-0.331966
1244,-0.462345,-0.338479
1245,-0.451774,-0.344440
1246,-0.440803,-0.349751
1247,-0.429666,-0.354491
1248,-0.418242,-0.358536
1249,-0.406594,-0.361931
1250,-0.394764,-0.364693
1251,-0.382805,-0.366731
1252,-0.370743,-0.368094
1253,-0.358612,-0.368802
1254,-0.346436,-0.368770
1255,-0.334320,-0.368062
1256,-0.322248,-0.366691
1257,-0.310286,-0.364606
1258,-0.298309,-0.361839
1259,-0.286684,-0.358347
1260,-0.275216,-0.354222
1261,-0.263985,-0.349490
1262,-0.253088,-0.344113
1263,-0.242458,-0.338120
1264,-0.232160,-0.331466
1265,-0.222317,-0.324308
1266,-0.212871,-0.316552
1267,-0.203849,-0.308332
1268,-0.195351,-0.299520
1269,-0.187361,-0.290275
1270,-0.179904,-0.280590
1271,-0.173034,-0.270506
1272,-0.166707,-0.259943
1273,-0.160991,-0.249120
1274,-0.155983,-0.238028
1275,-0.151579,-0.226658
1276,-0.147802,-0.215056
1277,-0.144667,-0.203066
1278,-0.142277,-0.191124
1279,-0.140568,-0.179042
1280,-0.139541,-0.166879
1281,-0.139212,-0.154552
1282,-0.139581,-0.142280
1283,-0.140609,-0.130111
1284,-0.142392,-0.117994
1285,-0.144868,-0.105913
1286,-0.148006,-0.094099
1287,-0.151809,-0.082431
1288,-0.156279,-0.070993
1289,-0.161388,-0.059870
1290,-0.167168,-0.049016
1291,-0.173485,-0.038471
1292,-0.180437,-0.028416
1293,-0.188007,-0.018665
1294,-0.196114,-0.009402
1295,-0.204670,-0.000644
1296,-0.213715,0.007624
1297,-0.223246,0.015381
1298,-0.233249,0.022594
1299,-0.243582,0.029189
1300,-0.254296,0.035225
1301,-0.265296,0.040617
1302,-0.276729,0.045403
1303,-0.288288,0.049486
1304,-0.300060,0.052922
1305,-0.312027,0.055707
1306,-0.324141,0.057788
1307,-0.336420,0.059243
1308,-0.348648,0.059864
1309,-0.360969,0.059822
1310,-0.373225,0.059104
1311,-0.385528,0.057658
1312,-0.397623,0.055538
1313,-0.409617,0.052722
1314,-0.421399,0.049252
1315,-0.432965,0.045116
1316,-0.444380,0.040247
1317,-0.455430,0.034803
1318,-0.466116,0.028759
1319,-0.476450,0.022113
1320,-0.486494,0.014771
1321,-0.495996,0.006964
1322,-0.505044,-0.001356
1323,-0.513690,-0.010189
1324,-0.521772,-0.019492
1325,-0.529252,-0.029241
1326,-0.536269,-0.039524
1327,-0.542584,-0.050076
1328,-0.548361,-0.061002
1329,-0.553516,-0.072268
1330,-0.557945,-0.083741
1331,-0.561774,-0.095551
1332,-0.564873,-0.107460
1333,-0.567320,-0.119615
1334,-0.569082,-0.131809
1335,-0.570137,-0.144190
1336,-0.570440,-0.156611
1337,-0.570069,-0.168976
1338,-0.569007,-0.181252
1339,-0.567277,-0.193477
1340,-0.564815,-0.205603
1341,-0.561584,-0.217633
1342,-0.557785,-0.229396
1343,-0.553274,-0.240972
1344,-0.548135,-0.252174
1345,-0.542260,-0.263174
1346,-0.535869,-0.273836
1347,-0.528864,-0.284010
1348,-0.521299,-0.293791
1349,-0.513124,-0.303208
1350,-0.504434,-0.312202
1351,-0.495281,-0.320472
1352,-0.485672,-0.328283
1353,-0.475594,-0.335568
1354,-0.465166,-0.342247
1355,-0.454278,-0.348353
1356,-0.443138,-0.353777
1357,-0.431646,-0.358626
1358,-0.419983,-0.362776
1359,-0.408093,-0.366256
1360,-0.396023,-0.369054
1361,-0.383634,-0.371130
1362,-0.371321,-0.372515
1363,-0.358945,-0.373212
1364,-0.346549,-0.373207
1365,-0.334173,-0.372497
1366,-0.321678,-0.371031
1367,-0.309454,-0.368937
1368,-0.297344,-0.366106
1369,-0.285450,-0.362595
1370,-0.273693,-0.358428
1371,-0.262164,-0.353550
1372,-0.251065,-0.348025
1373,-0.240178,-0.341855
1374,-0.229651,-0.335096
1375,-0.219564,-0.327738
1376,-0.209978,-0.319847
1377,-0.200829,-0.311431
1378,-0.192138,-0.302521
1379,-0.183856,-0.292926
1380,-0.176325,-0.283067
1381,-0.169279,-0.272793
1382,-0.162851,-0.262069
1383,-0.157028,-0.251013
1384,-0.151850,-0.239685
1385,-0.147355,-0.227979
1386,-0.143531,-0.216072
1387,-0.140331,-0.203971
1388,-0.137869,-0.191726
1389,-0.136115,-0.179392
1390,-0.135293,-0.166614
1391,-0.134948,-0.154063
1392,-0.135346,-0.141598
1393,-0.136434,-0.129172
1394,-0.138215,-0.116793
1395,-0.140671,-0.104502
1396,-0.143880,-0.092463
1397,-0.147755,-0.080601
1398,-0.152276,-0.068952
1399,-0.157478,-0.057602
1400,-0.163333,-0.046523
1401,-0.169800,-0.035801
1402,-0.176853,-0.025418
1403,-0.184570,-0.015506
1404,-0.192747,-0.006039
1405,-0.201487,0.002906
1406,-0.210714,0.011347
1407,-0.220439,0.019313
1408,-0.230624,0.026736
1409,-0.241168,0.033474
1410,-0.252184,0.039655
1411,-0.263448,0.045117
1412,-0.275047,0.050015
1413,-0.286925,0.054168
1414,-0.299019,0.057756
1415,-0.311221,0.060575
1416,-0.323570,0.062686
1417,-0.336129,0.064080
1418,-0.348728,0.064796
1419,-0.361334,0.064717
1420,-0.373857,0.063974
1421,-0.386321,0.062524
1422,-0.398797,0.060328
1423,-0.411090,0.057447
1424,-0.423157,0.053869
1425,-0.435039,0.049588
1426,-0.446617,0.044696
1427,-0.457879,0.039127
1428,-0.468971,0.032814
1429,-0.479534,0.025956
1430,-0.489745,0.018468
1431,-0.499499,0.010471
1432,-0.508739,0.001948
1433,-0.517600,-0.007147
1434,-0.525848,-0.016806
1435,-0.533504,-0.026892
1436,-0.540579,-0.037317
1437,-0.547104,-0.048128
1438,-0.553033,-0.059395
1439,-0.558204,-0.070870
1440,-0.562807,-0.082856
1441,-0.566676,-0.094933
1442,-0.569838,-0.107254
1443,-0.572250,-0.119643
1444,-0.573990,-0.132160
1445,-0.575036,-0.144859
1446,-0.575388,-0.157529
1447,-0.575005,-0.170268
1448,-0.573825,-0.182848
1449,-0.571881,-0.195492
1450,-0.569290,-0.207892
1451,-0.566032,-0.220330
1452,-0.562024,-0.232404
1453,-0.557343,-0.244175
1454,-0.552011,-0.255682
1455,-0.546015,-0.267027
1456,-0.539304,-0.277935
1457,-0.532008,-0.288417
1458,-0.524172,-0.298419
1459,-0.515655,-0.308180
1460,-0.506710,-0.317211
1461,-0.497264,-0.325745
1462,-0.487171,-0.333920
1463,-0.476779,-0.341292
1464,-0.465857,-0.348214
1465,-0.453947,-0.355390
1466,-0.450174,-0.358496
1467,-0.444237,-0.362637
1468,-0.435312,-0.366886
1469,-0.424459,-0.367578
1470,-0.413629,-0.367011
1471,-0.402721,-0.365658
1472,-0.392304,-0.363379
1473,-0.381791,-0.360587
1474,-0.371407,-0.357211
1475,-0.361221,-0.353250
1476,-0.351276,-0.348717
1477,-0.341574,-0.343618
1478,-0.332106,-0.337952
1479,-0.323069,-0.331745
1480,-0.314364,-0.325055
1481,-0.306107,-0.317897
1482,-0.298214,-0.310270
1483,-0.290694,-0.302159
1484,-0.283773,-0.293650
1485,-0.277333,-0.284775
1486,-0.271392,-0.275563
1487,-0.265947,-0.265984
1488,-0.261152,-0.256150
1489,-0.256817,-0.246064
1490,-0.253079,-0.235674
1491,-0.249987,-0.225149
1492,-0.247493,-0.214479
1493,-0.245594,-0.203670
1494,-0.244286,-0.192745
1495,-0.243645,-0.181811
1496,-0.243628,-0.170723
1497,-0.244253,-0.159777
1498,-0.245477,-0.148862
1499,-0.247309,-0.138010
1500,-0.249761,-0.127313
1501,-0.252833,-0.116632
1502,-0.256559,-0.106291
1503,-0.260796,-0.096140
1504,-0.265644,-0.086261
1505,-0.271004,-0.076624
1506,-0.276902,-0.067347
1507,-0.283400,-0.058330
1508,-0.290373,-0.049814
1509,-0.297750,-0.041673
1510,-0.305625,-0.034002
1511,-0.313951,-0.026755
1512,-0.322658,-0.019983
1513,-0.331848,-0.013689
1514,-0.341274,-0.007986
1515,-0.351031,-0.002809
1516,-0.361040,0.001795
1517,-0.371359,0.005858
1518,-0.381883,0.009319
1519,-0.392532,0.012142
1520,-0.403353,0.014369
1521,-0.414258,0.015974
1522,-0.425612,0.016801
1523,-0.437992,0.018618
1524,-0.450194,0.020218
1525,-0.461769,0.020519
1526,-0.473301,0.020003
1527,-0.484722,0.018883
1528,-0.496080,0.017085
1529,-0.507320,0.014630
1530,-0.518405,0.011537
1531,-0.529297,0.007816
1532,-0.539960,0.003482
1533,-0.550361,-0.001454
1534,-0.560465,-0.006973
1535,-0.570239,-0.013060
1536,-0.579652,-0.019693
1537,-0.588674,-0.026852
1538,-0.597248,-0.034566
1539,-0.605410,-0.042698
1540,-0.613098,-0.051311
1541,-0.620261,-0.060324
1542,-0.626915,-0.069757
1543,-0.633022,-0.079538
1544,-0.638566,-0.089702
1545,-0.643471,-0.100146
1546,-0.647820,-0.110788
1547,-0.651553,-0.121711
1548,-0.654650,-0.132805
1549,-0.657106,-0.144113
1550,-0.658916,-0.155493
1551,-0.660082,-0.166958
1552,-0.660500,-0.178508
1553,-0.660407,-0.190070
1554,-0.659620,-0.201615
1555,-0.658159,-0.213040
1556,-0.656059,-0.224371
1557,-0.653306,-0.235595
1558,-0.649928,-0.246613
1559,-0.645915,-0.257453
1560,-0.641305,-0.268017
1561,-0.636085,-0.278333
1562,-0.630301,-0.288317
1563,-0.623934,-0.297989
1564,-0.617046,-0.307262
1565,-0.609615,-0.316148
1566,-0.601710,-0.324564
1567,-0.593175,-0.332424
1568,-0.584407,-0.339950
1569,-0.575175,-0.346938
1570,-0.565567,-0.353353
1571,-0.555636,-0.359207
1572,-0.545343,-0.364502
1573,-0.534797,-0.369180
1574,-0.523941,-0.373297
1575,-0.512934,-0.376732
1576,-0.501743,-0.379554
1577,-0.490358,-0.381751
1578,-0.478907,-0.383279
1579,-0.467397,-0.384163
1580,-0.455806,-0.384379
1581,-0.444241,-0.383926
1582,-0.432751,-0.382837
1583,-0.421335,-0.381095
1584,-0.410035,-0.378707
1585,-0.398850,-0.375692
1586,-0.387904,-0.372027
1587,-0.377174,-0.367749
1588,-0.366639,-0.362847
1589,-0.356466,-0.357349
1590,-0.346617,-0.351253
1591,-0.337047,-0.344638
1592,-0.327946,-0.337495
1593,-0.319267,-0.329859
1594,-0.311032,-0.321743
1595,-0.303226,-0.313131
1596,-0.295976,-0.304120
1597,-0.289225,-0.294696
1598,-0.283029,-0.284897
1599,-0.277408,-0.274778
1600,-0.272351,-0.264308
1601,-0.267908,-0.253583
1602,-0.264107,-0.242661
1603,-0.260909,-0.231483
1604,-0.258326,-0.220204
1605,-0.256455,-0.208779
1606,-0.255460,-0.196939
1607,-0.254915,-0.185337
1608,-0.255006,-0.173749
1609,-0.255738,-0.162179
1610,-0.257131,-0.150684
1611,-0.259177,-0.139285
1612,-0.261859,-0.128006
1613,-0.265184,-0.116915
1614,-0.269136,-0.106029
1615,-0.273706,-0.095362
1616,-0.278861,-0.085001
1617,-0.284604,-0.074945
1618,-0.290913,-0.065231
1619,-0.297764,-0.055857
1620,-0.305127,-0.046907
1621,-0.312992,-0.038390
1622,-0.321343,-0.030335
1623,-0.330195,-0.022776
1624,-0.339395,-0.015705
1625,-0.349036,-0.009155
1626,-0.358989,-0.003240
1627,-0.369276,0.002142
1628,-0.379905,0.006951
1629,-0.390727,0.011081
1630,-0.401819,0.014659
1631,-0.413034,0.017548
1632,-0.424478,0.019804
1633,-0.435985,0.021411
1634,-0.447574,0.022371
1635,-0.459247,0.022668
1636,-0.470853,0.022271
1637,-0.482466,0.021316
1638,-0.493979,0.019576
1639,-0.505351,0.017183
1640,-0.516632,0.014154
1641,-0.527670,0.010524
1642,-0.538513,0.006245
1643,-0.549084,0.001361
1644,-0.559408,-0.004157
1645,-0.569348,-0.010208
1646,-0.578932,-0.016811
1647,-0.588151,-0.023984
1648,-0.596945,-0.031657
1649,-0.605286,-0.039820
1650,-0.613122,-0.048434
1651,-0.620467,-0.057474
1652,-0.627201,-0.067091
1653,-0.633505,-0.076855
1654,-0.639219,-0.087017
1655,-0.644325,-0.097465
1656,-0.648827,-0.108243
1657,-0.652712,-0.119205
1658,-0.655970,-0.130372
1659,-0.658593,-0.141755
1660,-0.660544,-0.153223
1661,-0.661861,-0.164798
1662,-0.662508,-0.176455
1663,-0.662485,-0.188090
1664,-0.661821,-0.199765
1665,-0.660454,-0.211341
1666,-0.658450,-0.222809
1667,-0.655804,-0.234147
1668,-0.652518,-0.245342
1669,-0.648619,-0.256305
1670,-0.644067,-0.267064
1671,-0.638928,-0.277515
1672,-0.633159,-0.287719
1673,-0.626846,-0.297513
1674,-0.619983,-0.306957
1675,-0.612481,-0.315980
1676,-0.604620,-0.324572
1677,-0.596240,-0.332758
1678,-0.587434,-0.340382
1679,-0.578212,-0.347512
1680,-0.568554,-0.354122
1681,-0.558563,-0.360154
1682,-0.548260,-0.365607
1683,-0.537607,-0.370464
1684,-0.526722,-0.374707
1685,-0.515637,-0.378323
1686,-0.504261,-0.381230
1687,-0.492841,-0.383568
1688,-0.481236,-0.385263
1689,-0.469616,-0.386291
1690,-0.457955,-0.386648
1691,-0.446218,-0.386337
1692,-0.434603,-0.385356
1693,-0.423043,-0.383732
1694,-0.411561,-0.381426
1695,-0.400264,-0.378479
1696,-0.389073,-0.374919
1697,-0.378213,-0.370681
1698,-0.367564,-0.365831
1699,-0.357164,-0.360359
1700,-0.347150,-0.354345
1701,-0.337450,-0.347725
1702,-0.328178,-0.340595
1703,-0.319276,-0.332912
1704,-0.310875,-0.324762
1705,-0.302942,-0.316153
1706,-0.295483,-0.307078
1707,-0.288583,-0.297614
1708,-0.282242,-0.287748
1709,-0.276436,-0.277584
1710,-0.271212,-0.267031
1711,-0.266629,-0.256271
1712,-0.262654,-0.245260
1713,-0.259297,-0.233971
1714,-0.256620,-0.222584
1715,-0.254574,-0.211044
1716,-0.253185,-0.199344
1717,-0.252503,-0.187650
1718,-0.252456,-0.175937
1719,-0.253090,-0.164188
1720,-0.254404,-0.152540
1721,-0.256368,-0.140986
1722,-0.258912,-0.129524
1723,-0.262213,-0.118252
1724,-0.266139,-0.107190
1725,-0.270692,-0.096312
1726,-0.275876,-0.085744
1727,-0.281611,-0.075516
1728,-0.287930,-0.065612
1729,-0.294823,-0.056067
1730,-0.302231,-0.046951
1731,-0.310183,-0.038219
1732,-0.318589,-0.030018
1733,-0.327440,-0.022293
1734,-0.336721,-0.015061
1735,-0.346430,-0.008382
1736,-0.356451,-0.002262
1737,-0.366998,0.003247
1738,-0.377629,0.008184
1739,-0.388610,0.012538
1740,-0.399765,0.016175
1741,-0.411110,0.019215
1742,-0.422623,0.021622
1743,-0.434302,0.023373
1744,-0.446001,0.024418
1745,-0.457748,0.024814
1746,-0.469512,0.024559
1747,-0.481272,0.023598
1748,-0.492937,0.021989
1749,-0.504511,0.019720
1750,-0.516001,0.016669
1751,-0.527188,0.013086
1752,-0.538176,0.008887
1753,-0.548943,0.004029
1754,-0.559389,-0.001423
1755,-0.569494,-0.007442
1756,-0.579245,-0.014026
1757,-0.588619,-0.021145
1758,-0.597590,-0.028851
1759,-0.606081,-0.036995
1760,-0.614102,-0.045612
1761,-0.621639,-0.054687
1762,-0.628572,-0.064596
1763,-0.635005,-0.074498
1764,-0.640858,-0.084707
1765,-0.646171,-0.095195
1766,-0.650806,-0.106010
1767,-0.654849,-0.117093
1768,-0.658242,-0.128372
1769,-0.660988,-0.139830
1770,-0.663077,-0.151426
1771,-0.664517,-0.163135
1772,-0.665277,-0.174891
1773,-0.665367,-0.186675
1774,-0.664789,-0.198472
1775,-0.663546,-0.210180
1776,-0.661632,-0.221806
1777,-0.659059,-0.233307
1778,-0.655820,-0.244658
1779,-0.651963,-0.255819
1780,-0.647473,-0.266753
1781,-0.642381,-0.277472
1782,-0.636631,-0.287743
1783,-0.630315,-0.297738
1784,-0.623412,-0.307400
1785,-0.615986,-0.316594
1786,-0.608074,-0.325354
1787,-0.599666,-0.333662
1788,-0.590705,-0.341533
1789,-0.581426,-0.348812
1790,-0.571725,-0.355568
1791,-0.561588,-0.361809
1792,-0.551181,-0.367378
1793,-0.540466,-0.372378
1794,-0.529461,-0.376782
1795,-0.518198,-0.380555
1796,-0.506794,-0.383575
1797,-0.495202,-0.386104
1798,-0.483514,-0.387919
1799,-0.471691,-0.389043
