0,-1.928300,0.140590
1,-1.928300,0.140590
2,-1.928300,0.140590
3,-1.928300,0.140590
4,-1.928300,0.140590
5,-1.925385,0.125003
6,-1.920751,0.108374
7,-1.915124,0.092064
8,-1.908586,0.076132
9,-1.901160,0.060622
10,-1.892872,0.045581
11,-1.885305,0.030794
12,-1.874040,0.015875
13,-1.861464,0.000973
14,-1.848172,-0.013766
15,-1.834096,-0.027966
16,-1.819235,-0.041352
17,-1.803636,-0.053871
18,-1.787348,-0.065481
19,-1.770425,-0.076145
20,-1.752922,-0.085829
21,-1.736527,-0.095528
22,-1.718223,-0.103414
23,-1.699250,-0.110081
24,-1.679926,-0.115657
25,-1.660316,-0.120124
26,-1.640483,-0.123466
27,-1.620490,-0.125674
28,-1.600404,-0.126740
29,-1.580288,-0.126660
30,-1.560210,-0.125435
31,-1.540232,-0.123069
32,-1.520421,-0.119568
33,-1.500841,-0.114945
34,-1.481556,-0.109214
35,-1.462627,-0.102393
36,-1.444117,-0.094506
37,-1.426085,-0.085577
38,-1.408710,-0.077717
39,-1.391809,-0.070503
40,-1.386841,-0.068320
41,-1.386841,-0.068320
42,-1.386841,-0.068320
43,-1.387401,-0.064016
44,-1.388488,-0.057146
45,-1.389693,-0.050918
46,-1.390988,-0.045797
47,-1.392452,-0.042148
48,-1.392612,-0.041863
49,-1.392612,-0.041863
50,-1.392612,-0.041863
51,-1.392612,-0.041863
52,-1.390964,-0.054002
53,-1.387334,-0.070604
54,-1.382712,-0.086961
55,-1.377167,-0.103028
56,-1.370717,-0.118754
57,-1.368889,-0.123139
58,-1.368889,-0.123139
59,-1.357569,-0.127821
60,-1.341395,-0.133036
61,-1.324934,-0.137270
62,-1.308258,-0.140561
63,-1.291422,-0.142898
64,-1.274480,-0.144273
65,-1.257487,-0.144682
66,-1.240499,-0.144124
67,-1.223570,-0.142600
68,-1.206755,-0.140115
69,-1.190109,-0.136677
70,-1.173685,-0.132298
71,-1.157537,-0.126992
72,-1.153033,-0.125483
73,-1.143883,-0.117338
74,-1.132137,-0.105058
75,-1.121147,-0.092090
76,-1.110914,-0.078519
77,-1.101469,-0.064387
78,-1.092843,-0.049741
79,-1.085065,-0.034627
80,-1.082915,-0.030392
81,-1.081477,-0.029272
82,-1.074457,-0.023694
83,-1.073253,-0.022716
84,-1.073253,-0.022716
85,-1.073253,-0.022716
86,-1.074777,-0.019097
87,-1.077574,-0.013026
88,-1.080609,-0.006907
89,-1.083805,-0.000883
90,-1.087139,0.005020
91,-1.090598,0.010791
92,-1.094163,0.016420
93,-1.097824,0.021885
94,-1.104116,0.017155
95,-1.110376,0.006547
96,-1.116727,-0.004662
97,-1.123150,-0.016466
98,-1.129588,-0.028918
99,-1.137703,-0.041517
100,-1.145113,-0.055926
101,-1.152136,-0.071345
102,-1.158316,-0.087180
103,-1.163586,-0.103340
104,-1.167927,-0.119773
105,-1.171327,-0.136428
106,-1.173784,-0.153226
107,-1.175269,-0.170158
108,-1.175789,-0.187148
109,-1.175399,-0.204049
110,-1.173987,-0.220986
111,-1.171611,-0.237817
112,-1.168282,-0.254485
113,-1.164279,-0.270667
114,-1.162910,-0.283660
115,-1.161749,-0.295019
116,-1.164778,-0.303673
117,-1.170669,-0.312242
118,-1.178775,-0.321753
119,-1.187771,-0.330564
120,-1.191421,-0.337978
121,-1.194436,-0.345873
122,-1.195064,-0.351754
123,-1.194863,-0.356874
124,-1.194231,-0.361753
125,-1.193277,-0.366525
126,-1.192039,-0.371215
127,-1.190531,-0.375822
128,-1.188762,-0.380334
129,-1.186738,-0.384738
130,-1.184467,-0.389020
131,-1.181712,-0.393154
132,-1.178895,-0.397181
133,-1.175912,-0.401012
134,-1.172726,-0.404665
135,-1.169340,-0.408130
136,-1.165762,-0.411398
137,-1.162004,-0.414456
138,-1.158078,-0.417297
139,-1.153995,-0.419910
140,-1.149604,-0.422228
141,-1.145178,-0.424262
142,-1.140690,-0.426135
143,-1.136118,-0.427752
144,-1.131465,-0.429108
145,-1.126744,-0.430197
146,-1.121967,-0.431015
147,-1.117152,-0.431560
148,-1.112312,-0.431830
149,-1.107350,-0.431608
150,-1.102461,-0.431284
151,-1.097640,-0.430713
152,-1.092866,-0.429877
153,-1.088149,-0.428772
154,-1.083502,-0.427400
155,-1.078940,-0.425767
156,-1.074478,-0.423876
157,-1.070130,-0.421734
158,-1.065864,-0.419169
159,-1.061837,-0.416423
160,-1.057912,-0.413547
161,-1.054163,-0.410469
162,-1.050598,-0.407188
163,-1.047225,-0.403710
164,-1.044055,-0.400045
165,-1.041098,-0.396206
166,-1.038364,-0.392204
167,-1.035862,-0.388052
168,-1.033748,-0.383484
169,-1.031748,-0.379052
170,-1.029996,-0.374532
171,-1.028502,-0.369924
172,-1.027271,-0.365240
173,-1.026309,-0.360492
174,-1.025619,-0.355698
175,-1.025203,-0.350871
176,-1.025187,-0.345885
177,-1.025377,-0.341058
178,-1.025812,-0.336238
179,-1.026511,-0.331445
180,-1.027568,-0.326663
181,-1.028805,-0.321961
182,-1.030302,-0.317349
183,-1.032058,-0.312833
184,-1.034045,-0.308335
185,-1.036278,-0.304055
186,-1.038963,-0.299877
187,-1.041719,-0.295912
188,-1.044778,-0.292113
189,-1.047975,-0.288437
190,-1.051359,-0.284963
191,-1.054931,-0.281691
192,-1.058682,-0.278629
193,-1.062634,-0.275697
194,-1.066679,-0.273073
195,-1.071081,-0.270757
196,-1.075431,-0.268671
197,-1.079980,-0.266871
198,-1.084571,-0.265251
199,-1.089226,-0.263898
200,-1.093944,-0.262813
201,-1.098714,-0.261999
202,-1.103523,-0.261458
203,-1.108414,-0.261114
204,-1.113391,-0.261258
205,-1.118197,-0.261597
206,-1.123019,-0.262280
207,-1.127847,-0.263146
208,-1.132564,-0.264266
209,-1.137201,-0.265650
210,-1.141749,-0.267295
211,-1.146195,-0.269196
212,-1.150612,-0.271348
213,-1.154836,-0.273720
214,-1.158902,-0.276534
215,-1.162771,-0.279412
216,-1.166468,-0.282598
217,-1.170027,-0.285908
218,-1.173378,-0.289400
219,-1.176522,-0.293073
220,-1.179451,-0.296917
221,-1.182156,-0.300923
222,-1.184726,-0.305144
223,-1.186884,-0.309582
224,-1.188832,-0.313986
225,-1.190478,-0.318588
226,-1.191941,-0.323224
227,-1.193134,-0.327912
228,-1.194056,-0.332655
229,-1.194706,-0.337441
230,-1.195083,-0.342256
231,-1.195185,-0.347086
232,-1.194847,-0.352176
233,-1.194363,-0.356952
234,-1.193518,-0.361740
235,-1.192486,-0.366536
236,-1.191205,-0.371202
237,-1.189664,-0.375778
238,-1.187865,-0.380256
239,-1.185814,-0.384624
240,-1.183517,-0.388869
241,-1.180998,-0.393074
242,-1.178252,-0.397025
243,-1.175267,-0.400813
244,-1.171945,-0.404416
245,-1.168257,-0.407861
246,-1.164645,-0.411061
247,-1.160867,-0.414059
248,-1.156927,-0.416841
249,-1.152836,-0.419394
250,-1.148500,-0.421818
251,-1.144156,-0.423901
252,-1.139694,-0.425716
253,-1.135129,-0.427269
254,-1.130355,-0.428492
255,-1.125370,-0.429398
256,-1.120595,-0.430108
257,-1.115795,-0.430564
258,-1.110976,-0.430752
259,-1.106154,-0.430667
260,-1.101195,-0.430346
261,-1.096420,-0.429723
262,-1.091686,-0.428812
263,-1.087010,-0.427627
264,-1.082341,-0.426062
265,-1.077719,-0.424099
266,-1.073324,-0.422105
267,-1.069042,-0.419875
268,-1.064893,-0.417407
269,-1.060890,-0.414707
270,-1.056912,-0.411762
271,-1.053245,-0.408630
272,-1.049765,-0.405279
273,-1.046483,-0.401728
274,-1.043397,-0.397809
275,-1.040504,-0.393543
276,-1.037899,-0.389374
277,-1.035533,-0.385122
278,-1.033406,-0.380739
279,-1.031451,-0.376155
280,-1.029799,-0.371430
281,-1.028463,-0.366663
282,-1.027415,-0.361792
283,-1.026766,-0.356849
284,-1.026302,-0.351584
285,-1.026408,-0.346140
286,-1.026679,-0.340816
287,-1.027302,-0.335408
288,-1.028323,-0.329909
289,-1.029644,-0.324298
290,-1.031584,-0.318626
291,-1.034109,-0.312860
292,-1.034357,-0.310755
293,-1.038921,-0.311117
294,-1.046186,-0.310982
295,-1.051903,-0.310424
296,-1.057387,-0.309873
297,-1.062903,-0.304443
298,-1.067287,-0.297913
299,-1.071452,-0.293887
300,-1.075644,-0.290724
301,-1.079876,-0.288076
302,-1.084243,-0.285763
303,-1.088732,-0.283730
304,-1.093328,-0.281965
305,-1.098078,-0.280523
306,-1.102857,-0.279289
307,-1.107689,-0.278331
308,-1.112604,-0.277591
309,-1.117502,-0.277176
310,-1.122509,-0.277149
311,-1.127406,-0.277342
312,-1.132313,-0.277867
313,-1.137200,-0.278601
314,-1.142024,-0.279603
315,-1.146838,-0.280822
316,-1.151507,-0.282353
317,-1.156083,-0.284157
318,-1.160568,-0.286373
319,-1.164876,-0.288772
320,-1.169087,-0.291353
321,-1.173137,-0.294156
322,-1.177085,-0.297183
323,-1.180794,-0.300396
324,-1.184304,-0.303835
325,-1.187591,-0.307606
326,-1.190611,-0.311498
327,-1.193477,-0.315512
328,-1.196110,-0.319670
329,-1.198503,-0.323967
330,-1.200727,-0.328402
331,-1.202621,-0.332933
332,-1.204192,-0.337695
333,-1.205442,-0.342451
334,-1.206511,-0.347259
335,-1.207313,-0.352111
336,-1.207840,-0.356999
337,-1.208129,-0.361966
338,-1.208128,-0.366867
339,-1.207823,-0.371768
340,-1.207048,-0.376736
341,-1.206152,-0.381567
342,-1.204997,-0.386343
343,-1.203577,-0.391047
344,-1.201892,-0.395664
345,-1.199979,-0.400242
346,-1.197737,-0.404603
347,-1.195137,-0.408927
348,-1.192430,-0.413017
349,-1.189507,-0.416961
350,-1.186367,-0.420737
351,-1.183017,-0.424331
352,-1.179473,-0.427801
353,-1.175750,-0.430996
354,-1.171785,-0.433925
355,-1.167567,-0.436628
356,-1.163337,-0.439115
357,-1.158975,-0.441367
358,-1.154491,-0.443370
359,-1.149876,-0.445184
360,-1.145204,-0.446676
361,-1.140421,-0.447823
362,-1.135479,-0.448669
363,-1.130612,-0.449313
364,-1.125717,-0.449687
365,-1.120809,-0.449785
366,-1.115853,-0.449658
367,-1.110971,-0.449212
368,-1.106033,-0.448365
369,-1.101247,-0.447237
370,-1.096510,-0.445929
371,-1.091856,-0.444365
372,-1.087299,-0.442541
373,-1.082784,-0.440489
374,-1.078463,-0.438178
375,-1.074284,-0.435610
376,-1.070253,-0.432588
377,-1.066423,-0.429532
378,-1.062755,-0.426276
379,-1.059273,-0.422821
380,-1.055921,-0.419158
381,-1.052840,-0.415356
382,-1.049992,-0.411366
383,-1.047420,-0.407138
384,-1.045099,-0.402705
385,-1.043004,-0.398283
386,-1.041148,-0.393746
387,-1.039550,-0.389110
388,-1.038149,-0.384358
389,-1.037074,-0.379580
390,-1.036355,-0.374734
391,-1.035936,-0.369701
392,-1.035746,-0.364811
393,-1.035811,-0.359912
394,-1.036147,-0.355022
395,-1.036715,-0.350100
396,-1.037582,-0.345285
397,-1.038740,-0.340524
398,-1.040243,-0.335852
399,-1.042089,-0.331165
400,-1.044073,-0.326693
401,-1.046293,-0.322326
402,-1.048754,-0.318089
403,-1.051417,-0.313919
404,-1.054331,-0.309988
405,-1.057474,-0.306231
406,-1.060890,-0.302700
407,-1.064608,-0.299329
408,-1.068360,-0.296184
409,-1.072278,-0.293245
410,-1.076356,-0.290529
411,-1.080589,-0.287974
412,-1.084939,-0.285733
413,-1.089418,-0.283750
414,-1.094183,-0.282143
415,-1.098875,-0.280730
416,-1.103630,-0.279558
417,-1.108443,-0.278650
418,-1.113338,-0.277950
419,-1.118214,-0.277580
420,-1.123109,-0.277500
421,-1.128003,-0.277702
422,-1.132904,-0.278256
423,-1.137825,-0.279169
424,-1.142603,-0.280219
425,-1.147387,-0.281499
426,-1.152017,-0.283049
427,-1.156553,-0.284881
428,-1.160978,-0.286974
429,-1.165272,-0.289395
430,-1.169445,-0.291988
431,-1.173452,-0.294948
432,-1.177269,-0.297997
433,-1.180994,-0.301248
434,-1.184460,-0.304689
435,-1.187718,-0.308337
436,-1.190723,-0.312235
437,-1.193556,-0.316253
438,-1.196109,-0.320554
439,-1.198415,-0.324849
440,-1.200498,-0.329270
441,-1.202408,-0.333823
442,-1.203991,-0.338446
443,-1.205230,-0.343173
444,-1.206276,-0.348003
445,-1.207045,-0.352847
446,-1.207445,-0.357836
447,-1.207608,-0.362707
448,-1.207573,-0.367646
449,-1.207236,-0.372511
450,-1.206607,-0.377356
451,-1.205698,-0.382161
452,-1.204438,-0.386925
453,-1.202984,-0.391610
454,-1.201272,-0.396196
455,-1.199160,-0.400695
456,-1.196952,-0.405105
457,-1.194498,-0.409319
458,-1.191793,-0.413387
459,-1.188783,-0.417272
460,-1.185613,-0.421024
461,-1.182249,-0.424580
462,-1.178540,-0.427918
463,-1.174789,-0.431025
464,-1.170863,-0.434014
465,-1.166798,-0.436710
466,-1.162575,-0.439164
467,-1.158149,-0.441324
468,-1.153658,-0.443287
469,-1.149072,-0.444988
470,-1.144274,-0.446339
471,-1.139480,-0.447521
472,-1.134697,-0.448433
473,-1.129859,-0.449049
474,-1.124959,-0.449308
475,-1.120048,-0.449363
476,-1.115161,-0.449141
477,-1.110300,-0.448641
478,-1.105401,-0.447732
479,-1.100652,-0.446656
480,-1.095891,-0.445362
481,-1.091280,-0.443787
482,-1.086769,-0.441857
483,-1.082341,-0.439738
484,-1.078056,-0.437381
485,-1.073918,-0.434786
486,-1.069919,-0.431804
487,-1.066141,-0.428739
488,-1.062444,-0.425482
489,-1.059007,-0.422030
490,-1.055812,-0.418307
491,-1.052779,-0.414453
492,-1.049979,-0.410448
493,-1.047413,-0.406293
494,-1.045129,-0.401850
495,-1.043111,-0.397431
496,-1.041237,-0.392879
497,-1.039682,-0.388263
498,-1.038461,-0.383504
499,-1.037445,-0.378715
500,-1.036703,-0.373887
501,-1.036238,-0.369028
502,-1.036051,-0.364152
503,-1.036233,-0.359107
504,-1.036598,-0.354268
505,-1.037251,-0.349446
506,-1.038266,-0.344631
507,-1.039469,-0.339889
508,-1.040936,-0.335234
509,-1.042664,-0.330672
510,-1.044650,-0.326217
511,-1.047042,-0.321846
512,-1.049541,-0.317596
513,-1.052235,-0.313558
514,-1.055249,-0.309713
515,-1.058443,-0.305973
516,-1.061820,-0.302442
517,-1.065387,-0.299115
518,-1.069137,-0.295997
519,-1.073214,-0.293118
520,-1.077311,-0.290501
521,-1.081548,-0.288011
522,-1.085897,-0.285830
523,-1.090430,-0.283960
524,-1.095027,-0.282284
525,-1.099698,-0.280876
526,-1.104438,-0.279737
527,-1.109235,-0.278870
528,-1.114197,-0.278383
529,-1.119087,-0.278042
530,-1.123947,-0.278013
531,-1.128834,-0.278343
532,-1.133700,-0.278872
533,-1.138512,-0.279673
534,-1.143265,-0.280745
535,-1.147949,-0.282086
536,-1.152550,-0.283691
537,-1.157172,-0.285734
538,-1.161525,-0.287864
539,-1.165750,-0.290321
540,-1.169879,-0.292951
541,-1.173837,-0.295798
542,-1.177623,-0.298863
543,-1.181227,-0.302137
544,-1.184639,-0.305611
545,-1.187848,-0.309274
546,-1.190932,-0.313103
547,-1.193638,-0.317136
548,-1.196165,-0.321519
549,-1.198419,-0.325825
550,-1.200447,-0.330246
551,-1.202227,-0.334774
552,-1.203749,-0.339396
553,-1.205006,-0.344098
554,-1.205994,-0.348865
555,-1.206776,-0.353725
556,-1.207149,-0.358564
557,-1.207185,-0.363593
558,-1.207039,-0.368455
559,-1.206631,-0.373302
560,-1.205953,-0.378118
561,-1.205002,-0.382889
562,-1.203782,-0.387598
563,-1.202333,-0.392302
564,-1.200609,-0.396836
565,-1.198356,-0.401269
566,-1.196012,-0.405630
567,-1.193494,-0.409805
568,-1.190756,-0.413825
569,-1.187797,-0.417682
570,-1.184624,-0.421364
571,-1.181247,-0.424860
572,-1.177683,-0.428241
573,-1.173942,-0.431332
574,-1.169858,-0.434164
575,-1.165768,-0.436754
576,-1.161537,-0.439135
577,-1.157176,-0.441281
578,-1.152642,-0.443116
579,-1.148039,-0.444767
580,-1.143342,-0.446228
581,-1.138622,-0.447350
582,-1.133839,-0.448190
583,-1.128878,-0.448636
584,-1.124042,-0.448880
585,-1.119188,-0.448870
586,-1.114338,-0.448589
587,-1.109465,-0.447950
588,-1.104579,-0.447155
589,-1.099857,-0.446099
590,-1.095200,-0.444744
591,-1.090626,-0.443118
592,-1.086094,-0.441059
593,-1.081764,-0.438893
594,-1.077546,-0.436495
595,-1.073465,-0.433863
596,-1.069549,-0.430919
597,-1.065774,-0.427832
598,-1.062109,-0.424563
599,-1.058721,-0.421097
600,-1.055541,-0.417432
601,-1.052629,-0.413426
602,-1.049920,-0.409411
603,-1.047428,-0.405249
604,-1.045226,-0.400884
605,-1.043201,-0.396440
606,-1.041362,-0.391855
607,-1.039847,-0.387262
608,-1.038614,-0.382575
609,-1.037745,-0.377676
610,-1.037122,-0.372857
611,-1.036739,-0.368027
612,-1.036621,-0.363177
613,-1.036853,-0.358293
614,-1.037279,-0.353441
615,-1.037945,-0.348545
616,-1.038885,-0.343807
617,-1.040121,-0.339124
618,-1.041630,-0.334516
619,-1.043571,-0.329958
620,-1.045620,-0.325574
621,-1.047998,-0.321304
622,-1.050536,-0.317131
623,-1.053290,-0.313129
624,-1.056279,-0.309214
625,-1.059439,-0.305536
626,-1.062817,-0.302072
627,-1.066397,-0.298808
628,-1.070368,-0.295809
629,-1.074311,-0.293002
630,-1.078478,-0.290461
631,-1.082736,-0.288084
632,-1.087102,-0.285962
633,-1.091576,-0.284094
634,-1.096200,-0.282406
635,-1.100834,-0.281046
636,-1.105552,-0.279968
637,-1.110486,-0.279281
638,-1.115290,-0.278799
639,-1.120177,-0.278647
640,-1.125042,-0.278681
641,-1.129882,-0.278987
642,-1.134691,-0.279567
643,-1.139551,-0.280384
644,-1.144248,-0.281480
645,-1.148882,-0.282867
646,-1.153431,-0.284523
647,-1.157926,-0.286650
648,-1.162255,-0.288936
649,-1.166462,-0.291362
650,-1.170517,-0.294013
651,-1.174413,-0.296888
652,-1.178221,-0.299998
653,-1.181789,-0.303274
654,-1.185135,-0.306758
655,-1.188274,-0.310439
656,-1.191114,-0.314529
657,-1.193781,-0.318602
658,-1.196233,-0.322780
659,-1.198450,-0.327082
660,-1.200421,-0.331500
661,-1.202138,-0.336023
662,-1.203671,-0.340711
663,-1.204878,-0.345375
664,-1.205800,-0.350118
665,-1.206444,-0.354912
666,-1.206604,-0.359968
667,-1.206637,-0.364840
668,-1.206432,-0.369673
669,-1.205961,-0.374485
670,-1.205221,-0.379263
671,-1.204211,-0.383991
672,-1.202989,-0.388740
673,-1.201457,-0.393313
674,-1.199654,-0.397796
675,-1.197489,-0.402181
676,-1.194948,-0.406553
677,-1.192368,-0.410637
678,-1.189581,-0.414581
679,-1.186579,-0.418366
680,-1.183368,-0.421975
681,-1.179929,-0.425479
682,-1.176335,-0.428734
683,-1.172566,-0.431741
684,-1.168621,-0.434525
685,-1.164428,-0.437038
686,-1.159988,-0.439287
687,-1.155618,-0.441335
688,-1.151142,-0.443142
689,-1.146571,-0.444696
690,-1.141919,-0.445988
691,-1.137101,-0.447075
692,-1.132333,-0.447854
693,-1.127538,-0.448336
694,-1.122651,-0.448451
695,-1.117679,-0.448217
696,-1.112872,-0.447839
697,-1.108091,-0.447201
698,-1.103353,-0.446297
699,-1.098672,-0.445124
700,-1.094065,-0.443688
701,-1.089432,-0.441991
702,-1.085004,-0.440061
703,-1.080721,-0.437762
704,-1.076421,-0.435038
705,-1.072430,-0.432323
706,-1.068592,-0.429403
707,-1.064924,-0.426274
708,-1.061439,-0.422942
709,-1.058148,-0.419417
710,-1.055063,-0.415709
711,-1.052080,-0.411745
712,-1.049419,-0.407715
713,-1.047110,-0.403209
714,-1.044988,-0.398760
715,-1.043111,-0.394314
716,-1.041480,-0.389774
717,-1.040107,-0.385151
718,-1.039000,-0.380456
719,-1.038161,-0.375706
720,-1.037594,-0.370914
721,-1.037254,-0.365954
722,-1.037223,-0.361109
723,-1.037592,-0.356175
724,-1.038142,-0.351346
725,-1.039175,-0.346377
726,-1.040342,-0.341648
727,-1.041737,-0.337016
728,-1.043388,-0.332466
729,-1.045297,-0.328015
730,-1.047458,-0.323678
731,-1.049919,-0.319299
732,-1.052723,-0.315178
733,-1.055733,-0.311146
734,-1.058903,-0.307378
735,-1.062645,-0.303732
736,-1.066380,-0.300332
737,-1.070319,-0.297136
738,-1.074497,-0.294151
739,-1.078921,-0.291396
740,-1.083614,-0.288801
741,-1.088555,-0.286660
742,-1.093891,-0.284666
743,-1.099657,-0.283188
744,-1.105585,-0.282072
745,-1.111880,-0.281335
746,-1.112946,-0.281242
747,-1.117061,-0.286068
748,-1.119922,-0.289608
749,-1.123129,-0.293316
750,-1.126341,-0.297264
751,-1.129385,-0.301414
752,-1.132271,-0.305880
753,-1.134809,-0.310470
754,-1.137135,-0.315110
755,-1.139184,-0.319866
756,-1.140958,-0.324726
757,-1.142523,-0.329646
758,-1.143730,-0.334661
759,-1.144648,-0.339750
760,-1.145274,-0.344887
761,-1.145575,-0.350199
762,-1.145555,-0.355453
763,-1.145298,-0.360639
764,-1.144811,-0.365829
765,-1.143982,-0.370894
766,-1.142847,-0.375934
767,-1.141421,-0.380912
768,-1.139712,-0.385804
769,-1.137634,-0.390713
770,-1.135284,-0.395415
771,-1.132762,-0.399965
772,-1.129986,-0.404351
773,-1.127018,-0.408626
774,-1.123793,-0.412639
775,-1.120319,-0.416476
776,-1.116623,-0.420114
777,-1.112590,-0.423614
778,-1.108471,-0.426782
779,-1.104112,-0.429752
780,-1.099675,-0.432472
781,-1.095096,-0.434927
782,-1.090425,-0.437185
783,-1.085619,-0.439097
784,-1.080695,-0.440732
785,-1.075679,-0.442084
786,-1.070444,-0.443132
787,-1.065223,-0.443854
788,-1.060030,-0.444342
789,-1.054829,-0.444525
790,-1.049624,-0.444490
791,-1.044469,-0.444086
792,-1.039325,-0.443379
793,-1.034222,-0.442377
794,-1.029055,-0.441005
795,-1.024098,-0.439402
796,-1.019179,-0.437480
797,-1.014418,-0.435349
798,-1.009796,-0.432948
799,-1.005291,-0.430372
800,-1.000989,-0.427470
801,-0.996849,-0.424316
802,-0.992815,-0.420799
803,-0.989071,-0.417167
804,-0.985511,-0.413259
805,-0.982160,-0.409239
806,-0.979065,-0.405038
807,-0.976220,-0.400670
808,-0.973564,-0.396199
809,-0.971241,-0.391550
810,-0.969172,-0.386611
811,-0.967413,-0.381695
812,-0.965923,-0.376689
813,-0.964735,-0.371523
814,-0.963793,-0.366369
815,-0.963163,-0.361183
816,-0.962755,-0.355989
817,-0.962722,-0.350789
818,-0.963039,-0.345428
819,-0.963641,-0.340236
820,-0.964517,-0.335080
821,-0.965681,-0.329981
822,-0.967194,-0.324898
823,-0.968908,-0.319937
824,-0.970838,-0.315071
825,-0.973103,-0.310388
826,-0.975647,-0.305829
827,-0.978598,-0.301299
828,-0.981676,-0.297060
829,-0.984980,-0.292995
830,-0.988507,-0.289122
831,-0.992328,-0.285468
832,-0.996247,-0.281879
833,-1.000333,-0.278666
834,-1.004627,-0.275697
835,-1.009097,-0.272976
836,-1.013878,-0.270467
837,-1.018654,-0.268299
838,-1.023539,-0.266386
839,-1.028523,-0.264749
840,-1.033592,-0.263397
841,-1.038805,-0.262355
842,-1.043982,-0.261489
843,-1.049186,-0.261012
844,-1.054422,-0.260839
845,-1.059842,-0.261033
846,-1.065078,-0.261486
847,-1.070279,-0.262222
848,-1.075431,-0.263249
849,-1.080517,-0.264567
850,-1.085650,-0.266149
851,-1.092918,-0.263492
852,-1.099668,-0.259447
853,-1.105155,-0.257587
854,-1.110322,-0.256656
855,-1.115287,-0.256120
856,-1.120227,-0.255914
857,-1.125155,-0.256004
858,-1.130066,-0.256380
859,-1.134956,-0.257104
860,-1.139937,-0.258157
861,-1.144688,-0.259376
862,-1.149373,-0.260862
863,-1.153969,-0.262613
864,-1.158460,-0.264623
865,-1.162830,-0.266885
866,-1.167052,-0.269463
867,-1.171225,-0.272188
868,-1.175152,-0.275150
869,-1.178897,-0.278470
870,-1.182420,-0.281877
871,-1.185762,-0.285479
872,-1.188901,-0.289266
873,-1.191786,-0.293287
874,-1.194552,-0.297436
875,-1.197021,-0.301682
876,-1.199181,-0.306197
877,-1.201093,-0.310706
878,-1.202765,-0.315324
879,-1.204116,-0.320065
880,-1.205266,-0.324878
881,-1.206183,-0.329780
882,-1.206813,-0.334644
883,-1.207139,-0.339545
884,-1.207070,-0.344531
885,-1.206806,-0.349429
886,-1.206271,-0.354313
887,-1.205384,-0.359189
888,-1.204301,-0.363999
889,-1.202982,-0.368792
890,-1.201265,-0.373495
891,-1.199357,-0.377997
892,-1.197206,-0.382406
893,-1.194811,-0.386695
894,-1.192111,-0.390819
895,-1.189228,-0.394833
896,-1.186132,-0.398734
897,-1.182860,-0.402386
898,-1.179230,-0.405823
899,-1.175532,-0.409029
900,-1.171655,-0.412038
901,-1.167577,-0.414770
902,-1.163345,-0.417347
903,-1.159003,-0.419671
904,-1.154525,-0.421812
905,-1.149839,-0.423581
906,-1.145188,-0.425079
907,-1.140448,-0.426335
908,-1.135640,-0.427327
909,-1.130753,-0.427982
910,-1.125837,-0.428426
911,-1.120880,-0.428653
912,-1.115974,-0.428550
913,-1.110994,-0.428047
914,-1.106156,-0.427342
915,-1.101348,-0.426377
916,-1.096597,-0.425073
917,-1.091827,-0.423575
918,-1.087241,-0.421852
919,-1.082766,-0.419844
920,-1.078415,-0.417575
921,-1.074194,-0.414926
922,-1.070151,-0.412163
923,-1.066259,-0.409176
924,-1.062554,-0.405889
925,-1.058940,-0.402465
926,-1.055593,-0.398890
927,-1.052468,-0.395111
928,-1.049612,-0.391025
929,-1.046969,-0.386906
930,-1.044551,-0.382641
931,-1.042439,-0.378216
932,-1.040501,-0.373657
933,-1.038762,-0.369003
934,-1.037349,-0.364309
935,-1.036302,-0.359427
936,-1.035482,-0.354609
937,-1.034921,-0.349742
938,-1.034633,-0.344847
939,-1.034691,-0.339937
940,-1.034917,-0.334943
941,-1.035441,-0.330066
942,-1.036258,-0.325231
943,-1.037481,-0.320401
944,-1.038867,-0.315711
945,-1.040511,-0.311095
946,-1.042413,-0.306576
947,-1.044640,-0.302183
948,-1.047017,-0.297812
949,-1.049648,-0.293676
950,-1.052660,-0.289696
951,-1.055765,-0.285925
952,-1.059078,-0.282319
953,-1.062590,-0.278901
954,-1.066292,-0.275687
955,-1.070249,-0.272720
956,-1.074306,-0.269861
957,-1.078488,-0.267311
958,-1.082935,-0.265081
959,-1.087387,-0.263058
960,-1.091950,-0.261282
961,-1.096610,-0.259765
962,-1.101349,-0.258515
963,-1.106235,-0.257534
964,-1.111086,-0.256812
965,-1.116054,-0.256491
966,-1.120940,-0.256366
967,-1.125833,-0.256510
968,-1.130713,-0.256929
969,-1.135563,-0.257626
970,-1.140455,-0.258653
971,-1.145200,-0.259859
972,-1.149910,-0.261495
973,-1.154449,-0.263288
974,-1.158893,-0.265329
975,-1.163221,-0.267618
976,-1.167413,-0.270150
977,-1.171440,-0.272991
978,-1.175332,-0.275991
979,-1.179119,-0.279173
980,-1.182609,-0.282713
981,-1.185896,-0.286322
982,-1.188984,-0.290115
983,-1.191855,-0.294080
984,-1.194450,-0.298260
985,-1.196866,-0.302544
986,-1.199028,-0.306943
987,-1.200908,-0.311656
988,-1.202519,-0.316243
989,-1.203877,-0.320933
990,-1.204971,-0.325700
991,-1.205793,-0.330523
992,-1.206270,-0.335438
993,-1.206544,-0.340339
994,-1.206539,-0.345236
995,-1.206325,-0.350170
996,-1.205773,-0.355022
997,-1.204935,-0.359839
998,-1.203684,-0.364650
999,-1.202281,-0.369326
1000,-1.200544,-0.373929
1001,-1.198621,-0.378447
1002,-1.196452,-0.382837
1003,-1.194063,-0.387168
1004,-1.191432,-0.391280
1005,-1.188407,-0.395235
1006,-1.185291,-0.398982
1007,-1.181919,-0.402512
1008,-1.178365,-0.405938
1009,-1.174652,-0.409139
1010,-1.170771,-0.412119
1011,-1.166724,-0.414949
1012,-1.162543,-0.417471
1013,-1.158083,-0.419677
1014,-1.153633,-0.421666
1015,-1.149072,-0.423414
1016,-1.144370,-0.424843
1017,-1.139616,-0.426075
1018,-1.134774,-0.427097
1019,-1.129948,-0.427799
1020,-1.125082,-0.428207
1021,-1.120113,-0.428211
1022,-1.115241,-0.428034
1023,-1.110377,-0.427589
1024,-1.105519,-0.426795
1025,-1.100719,-0.425803
1026,-1.095927,-0.424583
1027,-1.091289,-0.423082
1028,-1.086686,-0.421157
1029,-1.082289,-0.419081
1030,-1.077992,-0.416771
1031,-1.073843,-0.414148
1032,-1.069804,-0.411355
1033,-1.065943,-0.408352
1034,-1.062186,-0.405143
1035,-1.058692,-0.401749
1036,-1.055404,-0.398143
1037,-1.052372,-0.394205
1038,-1.049547,-0.390237
1039,-1.046986,-0.386050
1040,-1.044598,-0.381766
1041,-1.042462,-0.377368
1042,-1.040509,-0.372831
1043,-1.038875,-0.368244
1044,-1.037518,-0.363558
1045,-1.036542,-0.358692
1046,-1.035756,-0.353884
1047,-1.035305,-0.348994
1048,-1.035055,-0.344100
1049,-1.035081,-0.339214
1050,-1.035337,-0.334279
1051,-1.035893,-0.329445
1052,-1.036879,-0.324560
1053,-1.038045,-0.319844
1054,-1.039462,-0.315180
1055,-1.041217,-0.310590
1056,-1.043152,-0.306095
1057,-1.045333,-0.301726
1058,-1.047762,-0.297414
1059,-1.050388,-0.293315
1060,-1.053268,-0.289387
1061,-1.056531,-0.285647
1062,-1.059929,-0.282138
1063,-1.063480,-0.278747
1064,-1.067196,-0.275574
1065,-1.071080,-0.272621
1066,-1.075124,-0.269895
1067,-1.079347,-0.267332
1068,-1.083797,-0.265112
1069,-1.088247,-0.263169
1070,-1.092802,-0.261455
1071,-1.097507,-0.260053
1072,-1.102247,-0.258850
1073,-1.107036,-0.257919
1074,-1.111867,-0.257261
1075,-1.116728,-0.256880
1076,-1.121653,-0.256714
1077,-1.126621,-0.257001
1078,-1.131449,-0.257493
1079,-1.136296,-0.258326
1080,-1.141077,-0.259340
1081,-1.145782,-0.260620
1082,-1.150405,-0.262165
1083,-1.154931,-0.263970
1084,-1.159420,-0.265990
1085,-1.163710,-0.268286
1086,-1.167869,-0.270994
1087,-1.171802,-0.273858
1088,-1.175659,-0.276898
1089,-1.179319,-0.280129
1090,-1.182784,-0.283556
1091,-1.186046,-0.287174
1092,-1.189185,-0.290959
1093,-1.192015,-0.294911
1094,-1.194546,-0.299174
1095,-1.196873,-0.303438
1096,-1.198911,-0.307886
1097,-1.200770,-0.312416
1098,-1.202364,-0.317024
1099,-1.203693,-0.321711
1100,-1.204752,-0.326464
1101,-1.205619,-0.331306
1102,-1.206015,-0.336243
1103,-1.206218,-0.341091
1104,-1.206078,-0.345950
1105,-1.205737,-0.350873
1106,-1.205129,-0.355716
1107,-1.204250,-0.360506
1108,-1.203099,-0.365236
1109,-1.201681,-0.369893
1110,-1.199897,-0.374582
1111,-1.197944,-0.379011
1112,-1.195742,-0.383342
1113,-1.193225,-0.387512
1114,-1.190523,-0.391610
1115,-1.187613,-0.395523
1116,-1.184490,-0.399258
1117,-1.181162,-0.402807
1118,-1.177637,-0.406160
1119,-1.173750,-0.409316
1120,-1.169868,-0.412222
1121,-1.165820,-0.414911
1122,-1.161567,-0.417310
1123,-1.157210,-0.419543
1124,-1.152754,-0.421516
1125,-1.148148,-0.423299
1126,-1.143533,-0.424770
1127,-1.138824,-0.425955
1128,-1.133931,-0.426746
1129,-1.129119,-0.427352
1130,-1.124272,-0.427695
1131,-1.119373,-0.427692
1132,-1.114497,-0.427490
1133,-1.109654,-0.427014
1134,-1.104773,-0.426304
1135,-1.100033,-0.425308
1136,-1.095284,-0.423862
1137,-1.090710,-0.422273
1138,-1.086215,-0.420437
1139,-1.081828,-0.418268
1140,-1.077541,-0.415928
1141,-1.073408,-0.413360
1142,-1.069432,-0.410564
1143,-1.065543,-0.407557
1144,-1.061910,-0.404354
1145,-1.058500,-0.400759
1146,-1.055291,-0.397127
1147,-1.052347,-0.393272
1148,-1.049517,-0.389243
1149,-1.046942,-0.385108
1150,-1.044611,-0.380843
1151,-1.042529,-0.376454
1152,-1.040622,-0.371927
1153,-1.039125,-0.367197
1154,-1.037870,-0.362530
1155,-1.036860,-0.357788
1156,-1.036114,-0.352991
1157,-1.035711,-0.348111
1158,-1.035507,-0.343244
1159,-1.035579,-0.338385
1160,-1.035928,-0.333542
1161,-1.036493,-0.328667
1162,-1.037526,-0.323793
1163,-1.038741,-0.319114
1164,-1.040199,-0.314492
1165,-1.041996,-0.309951
1166,-1.043969,-0.305490
1167,-1.046182,-0.301164
1168,-1.048636,-0.296976
1169,-1.051331,-0.292840
1170,-1.054210,-0.288960
1171,-1.057516,-0.285235
1172,-1.060879,-0.281767
1173,-1.064425,-0.278466
1174,-1.068241,-0.275389
1175,-1.072146,-0.272484
1176,-1.076199,-0.269813
1177,-1.080394,-0.267379
1178,-1.084771,-0.265122
1179,-1.089203,-0.263152
1180,-1.093740,-0.261467
1181,-1.098513,-0.260159
1182,-1.103220,-0.259038
1183,-1.108044,-0.258248
1184,-1.112879,-0.257647
1185,-1.117723,-0.257321
1186,-1.122571,-0.257271
1187,-1.127414,-0.257497
1188,-1.132310,-0.257948
1189,-1.137191,-0.258854
1190,-1.141889,-0.259942
1191,-1.146540,-0.261280
1192,-1.151129,-0.262961
1193,-1.155625,-0.264816
1194,-1.159997,-0.266917
1195,-1.164239,-0.269262
1196,-1.168339,-0.271843
1197,-1.172383,-0.274669
1198,-1.176163,-0.277666
1199,-1.179738,-0.281115
1200,-1.183054,-0.284628
1201,-1.186297,-0.288329
1202,-1.189291,-0.292154
1203,-1.192055,-0.296133
1204,-1.194588,-0.300260
1205,-1.196881,-0.304525
1206,-1.198927,-0.308915
1207,-1.200806,-0.313442
1208,-1.202254,-0.318189
1209,-1.203473,-0.322854
1210,-1.204375,-0.327651
1211,-1.205093,-0.332463
1212,-1.205538,-0.337288
1213,-1.205707,-0.342127
1214,-1.205601,-0.346966
1215,-1.205250,-0.351897
1216,-1.204622,-0.356690
1217,-1.203696,-0.361432
1218,-1.202316,-0.366190
1219,-1.200735,-0.370798
1220,-1.198988,-0.375330
1221,-1.196996,-0.379744
1222,-1.194759,-0.384033
1223,-1.192282,-0.388188
1224,-1.189572,-0.392195
1225,-1.186637,-0.396142
1226,-1.183333,-0.399831
1227,-1.179920,-0.403278
1228,-1.176272,-0.406510
1229,-1.172522,-0.409589
1230,-1.168615,-0.412444
1231,-1.164556,-0.415070
1232,-1.160354,-0.417461
1233,-1.156023,-0.419609
1234,-1.151502,-0.421593
1235,-1.146981,-0.423247
1236,-1.142151,-0.424533
1237,-1.137353,-0.425514
1238,-1.132578,-0.426331
1239,-1.127776,-0.426882
1240,-1.122953,-0.427161
1241,-1.118123,-0.427166
1242,-1.113299,-0.426896
1243,-1.108498,-0.426352
1244,-1.103656,-0.425591
1245,-1.098957,-0.424514
1246,-1.094157,-0.422812
1247,-1.089583,-0.421144
1248,-1.085135,-0.419250
1249,-1.080807,-0.417114
1250,-1.076607,-0.414738
1251,-1.072550,-0.412126
1252,-1.068647,-0.409287
1253,-1.064810,-0.406245
1254,-1.061261,-0.402994
1255,-1.057888,-0.399298
1256,-1.054778,-0.395606
1257,-1.051862,-0.391768
1258,-1.049159,-0.387772
1259,-1.046720,-0.383501
1260,-1.044466,-0.379191
1261,-1.042473,-0.374789
1262,-1.040737,-0.370286
1263,-1.039175,-0.365647
1264,-1.037957,-0.360993
1265,-1.037137,-0.356041
1266,-1.036526,-0.351256
1267,-1.036160,-0.346451
1268,-1.036061,-0.341629
1269,-1.036324,-0.336723
1270,-1.036766,-0.331902
1271,-1.037480,-0.327128
1272,-1.038453,-0.322251
1273,-1.039693,-0.317598
1274,-1.041215,-0.313027
1275,-1.043242,-0.308417
1276,-1.045323,-0.304069
1277,-1.047631,-0.299835
1278,-1.050172,-0.295734
1279,-1.053066,-0.291760
1280,-1.056068,-0.287953
1281,-1.059272,-0.284335
1282,-1.062718,-0.280783
1283,-1.066299,-0.277560
1284,-1.070073,-0.274553
1285,-1.074284,-0.271832
1286,-1.078398,-0.269307
1287,-1.082649,-0.267007
1288,-1.087185,-0.264990
1289,-1.091761,-0.263157
1290,-1.096364,-0.261608
1291,-1.101199,-0.260245
1292,-1.105988,-0.259226
1293,-1.110796,-0.258506
1294,-1.115648,-0.258069
1295,-1.120794,-0.258095
1296,-1.125788,-0.258308
1297,-1.130743,-0.258785
1298,-1.135861,-0.259707
1299,-1.140897,-0.260824
1300,-1.145888,-0.262267
1301,-1.150944,-0.263977
1302,-1.155892,-0.266149
1303,-1.160806,-0.268742
1304,-1.165627,-0.272071
1305,-1.170402,-0.275638
1306,-1.175108,-0.279738
1307,-1.177776,-0.281044
1308,-1.176185,-0.284890
1309,-1.174230,-0.291843
1310,-1.173045,-0.297411
1311,-1.176803,-0.304189
1312,-1.182031,-0.310097
1313,-1.184886,-0.315140
1314,-1.186842,-0.319945
1315,-1.188242,-0.324824
1316,-1.189354,-0.329626
1317,-1.190185,-0.334477
1318,-1.190736,-0.339365
1319,-1.190995,-0.344357
1320,-1.191001,-0.349283
1321,-1.190716,-0.354193
1322,-1.190033,-0.359140
1323,-1.189167,-0.363967
1324,-1.188036,-0.368748
1325,-1.186636,-0.373461
1326,-1.184919,-0.378165
1327,-1.183012,-0.382701
1328,-1.180838,-0.387111
1329,-1.178286,-0.391392
1330,-1.175610,-0.395503
1331,-1.172707,-0.399465
1332,-1.169583,-0.403259
1333,-1.166256,-0.406752
1334,-1.162728,-0.410261
1335,-1.159019,-0.413504
1336,-1.154989,-0.416457
1337,-1.150937,-0.419209
1338,-1.146734,-0.421735
1339,-1.142394,-0.424021
1340,-1.137930,-0.426057
1341,-1.133356,-0.427836
1342,-1.128688,-0.429353
1343,-1.123822,-0.430530
1344,-1.119025,-0.431463
1345,-1.114170,-0.432145
1346,-1.109280,-0.432557
1347,-1.104372,-0.432692
1348,-1.099463,-0.432547
1349,-1.094517,-0.432173
1350,-1.089660,-0.431486
1351,-1.084792,-0.430388
1352,-1.080063,-0.429115
1353,-1.075401,-0.427582
1354,-1.070830,-0.425788
1355,-1.066365,-0.423738
1356,-1.061961,-0.421390
1357,-1.057746,-0.418855
1358,-1.053679,-0.415941
1359,-1.049828,-0.412923
1360,-1.046136,-0.409694
1361,-1.042627,-0.406260
1362,-1.039362,-0.402579
1363,-1.036172,-0.398736
1364,-1.033280,-0.394766
1365,-1.030630,-0.390633
1366,-1.028301,-0.386215
1367,-1.026168,-0.381804
1368,-1.024278,-0.377276
1369,-1.022645,-0.372647
1370,-1.021276,-0.367845
1371,-1.020156,-0.363059
1372,-1.019328,-0.358221
1373,-1.018781,-0.353343
1374,-1.018646,-0.348351
1375,-1.018681,-0.343452
1376,-1.018986,-0.338556
1377,-1.019639,-0.333668
1378,-1.020450,-0.328760
1379,-1.021565,-0.323982
1380,-1.022960,-0.319279
1381,-1.024624,-0.314663
1382,-1.026708,-0.310126
1383,-1.028903,-0.305748
1384,-1.031407,-0.301512
1385,-1.034075,-0.297304
1386,-1.036963,-0.293338
1387,-1.040080,-0.289552
1388,-1.043410,-0.285952
1389,-1.046941,-0.282548
1390,-1.050818,-0.279397
1391,-1.054720,-0.276440
1392,-1.058877,-0.273664
1393,-1.063081,-0.271134
1394,-1.067426,-0.268863
1395,-1.071895,-0.266846
1396,-1.076472,-0.265089
1397,-1.081142,-0.263596
1398,-1.086008,-0.262483
1399,-1.090814,-0.261554
1400,-1.095742,-0.260878
1401,-1.100635,-0.260478
1402,-1.105536,-0.260364
1403,-1.110435,-0.260531
1404,-1.115316,-0.260977
1405,-1.120165,-0.261700
1406,-1.125017,-0.262828
1407,-1.129746,-0.264191
1408,-1.134471,-0.265699
1409,-1.139028,-0.267494
1410,-1.143473,-0.269554
1411,-1.147792,-0.271865
1412,-1.151974,-0.274421
1413,-1.156009,-0.277354
1414,-1.159823,-0.280453
1415,-1.163585,-0.283694
1416,-1.167083,-0.287115
1417,-1.170372,-0.290741
1418,-1.173447,-0.294552
1419,-1.176301,-0.298534
1420,-1.178895,-0.302816
1421,-1.181170,-0.307152
1422,-1.183294,-0.311585
1423,-1.185251,-0.316130
1424,-1.186869,-0.320744
1425,-1.188215,-0.325449
1426,-1.189289,-0.330225
1427,-1.190088,-0.335056
1428,-1.190611,-0.339926
1429,-1.190620,-0.344975
1430,-1.190565,-0.349882
1431,-1.190292,-0.354825
1432,-1.189718,-0.359674
1433,-1.188852,-0.364486
1434,-1.187708,-0.369242
1435,-1.186293,-0.373927
1436,-1.184613,-0.378524
1437,-1.182532,-0.383047
1438,-1.180323,-0.387401
1439,-1.177829,-0.391690
1440,-1.175150,-0.395804
1441,-1.172241,-0.399743
1442,-1.169113,-0.403506
1443,-1.165775,-0.407084
1444,-1.162089,-0.410466
1445,-1.158350,-0.413589
1446,-1.154413,-0.416591
1447,-1.150315,-0.419290
1448,-1.146101,-0.421786
1449,-1.141754,-0.424031
1450,-1.137287,-0.426022
1451,-1.132713,-0.427755
1452,-1.128047,-0.429225
1453,-1.123197,-0.430329
1454,-1.118363,-0.431168
1455,-1.113455,-0.431882
1456,-1.108583,-0.432267
1457,-1.103696,-0.432362
1458,-1.098811,-0.432176
1459,-1.093943,-0.431711
1460,-1.089025,-0.430843
1461,-1.084270,-0.429793
1462,-1.079474,-0.428434
1463,-1.074834,-0.426902
1464,-1.070299,-0.425089
1465,-1.065875,-0.423014
1466,-1.061576,-0.420689
1467,-1.057417,-0.418121
1468,-1.053386,-0.415171
1469,-1.049622,-0.412057
1470,-1.045955,-0.408790
1471,-1.042409,-0.405354
1472,-1.039140,-0.401729
1473,-1.036088,-0.397917
1474,-1.033260,-0.393934
1475,-1.030664,-0.389794
1476,-1.028307,-0.385513
1477,-1.026334,-0.380929
1478,-1.024423,-0.376347
1479,-1.022817,-0.371743
1480,-1.021492,-0.367046
1481,-1.020441,-0.362278
1482,-1.019664,-0.357457
1483,-1.019163,-0.352598
1484,-1.019053,-0.347615
1485,-1.019220,-0.342739
1486,-1.019529,-0.337773
1487,-1.020117,-0.332935
1488,-1.021001,-0.328137
1489,-1.022163,-0.323398
1490,-1.023595,-0.318731
1491,-1.025292,-0.314153
1492,-1.027393,-0.309624
1493,-1.029697,-0.305343
1494,-1.032185,-0.301093
1495,-1.034847,-0.296931
1496,-1.037754,-0.293019
1497,-1.040889,-0.289282
1498,-1.044234,-0.285731
1499,-1.047777,-0.282375
1500,-1.051506,-0.279226
1501,-1.055555,-0.276345
1502,-1.059685,-0.273714
1503,-1.063953,-0.271172
1504,-1.068275,-0.268934
1505,-1.072732,-0.266963
1506,-1.077299,-0.265255
1507,-1.081959,-0.263810
1508,-1.086694,-0.262633
1509,-1.091613,-0.261862
1510,-1.096482,-0.261328
1511,-1.101370,-0.260984
1512,-1.106300,-0.260849
1513,-1.111167,-0.261045
1514,-1.116017,-0.261529
1515,-1.120833,-0.262291
1516,-1.125599,-0.263327
1517,-1.130379,-0.264768
1518,-1.134952,-0.266461
1519,-1.139562,-0.268302
1520,-1.143967,-0.270365
1521,-1.148242,-0.272696
1522,-1.152377,-0.275274
1523,-1.156358,-0.278086
1524,-1.160173,-0.281120
1525,-1.163810,-0.284368
1526,-1.167179,-0.288026
1527,-1.170424,-0.291720
1528,-1.173531,-0.295549
1529,-1.176339,-0.299523
1530,-1.178910,-0.303659
1531,-1.181238,-0.307937
1532,-1.183319,-0.312343
1533,-1.185147,-0.316861
1534,-1.186640,-0.321620
1535,-1.187820,-0.326345
1536,-1.188911,-0.331176
1537,-1.189676,-0.335984
1538,-1.190154,-0.340829
1539,-1.190353,-0.345695
1540,-1.190273,-0.350565
1541,-1.189915,-0.355422
1542,-1.189282,-0.360253
1543,-1.188229,-0.365117
1544,-1.186980,-0.369906
1545,-1.185541,-0.374557
1546,-1.183829,-0.379114
1547,-1.181858,-0.383564
1548,-1.179635,-0.387895
1549,-1.177168,-0.392093
1550,-1.174466,-0.396145
1551,-1.171538,-0.400036
1552,-1.168124,-0.403708
1553,-1.164768,-0.407321
1554,-1.161227,-0.410649
1555,-1.157494,-0.413768
1556,-1.153588,-0.416668
1557,-1.149522,-0.419342
1558,-1.145309,-0.421780
1559,-1.140964,-0.423974
1560,-1.136443,-0.425855
1561,-1.131715,-0.427458
1562,-1.127033,-0.428938
1563,-1.122316,-0.430091
1564,-1.117535,-0.430968
1565,-1.112709,-0.431570
1566,-1.107855,-0.431896
1567,-1.102989,-0.431945
1568,-1.098128,-0.431716
1569,-1.093171,-0.430995
1570,-1.088318,-0.430243
1571,-1.083578,-0.429191
1572,-1.078903,-0.427864
1573,-1.074309,-0.426272
1574,-1.069813,-0.424420
1575,-1.065428,-0.422314
1576,-1.061170,-0.419962
1577,-1.057062,-0.417290
1578,-1.053015,-0.414292
1579,-1.049236,-0.411256
1580,-1.045633,-0.408001
1581,-1.042218,-0.404544
1582,-1.039005,-0.400897
1583,-1.036004,-0.397072
1584,-1.033225,-0.393082
1585,-1.030724,-0.388867
1586,-1.028331,-0.384532
1587,-1.026329,-0.380007
1588,-1.024555,-0.375504
1589,-1.023027,-0.370898
1590,-1.021760,-0.366210
1591,-1.020760,-0.361455
1592,-1.020032,-0.356650
1593,-1.019658,-0.351780
1594,-1.019477,-0.346885
1595,-1.019522,-0.341950
1596,-1.020016,-0.337039
1597,-1.020682,-0.332244
1598,-1.021618,-0.327483
1599,-1.022822,-0.322779
1600,-1.024292,-0.318150
1601,-1.026024,-0.313611
1602,-1.028095,-0.309191
1603,-1.030346,-0.304842
1604,-1.032974,-0.300544
1605,-1.035686,-0.296547
1606,-1.038627,-0.292695
1607,-1.041785,-0.289011
1608,-1.045148,-0.285511
1609,-1.048706,-0.282208
1610,-1.052446,-0.279111
1611,-1.056434,-0.276279
1612,-1.060570,-0.273536
1613,-1.064912,-0.271159
1614,-1.069245,-0.269019
1615,-1.073701,-0.267117
1616,-1.078262,-0.265468
1617,-1.082911,-0.264079
1618,-1.087632,-0.262957
1619,-1.092410,-0.262105
1620,-1.097277,-0.261605
1621,-1.102155,-0.261296
1622,-1.107068,-0.261290
1623,-1.111868,-0.261539
1624,-1.116673,-0.262074
1625,-1.121448,-0.262886
1626,-1.126173,-0.263969
1627,-1.130829,-0.265319
1628,-1.135402,-0.266933
1629,-1.139872,-0.268891
1630,-1.144264,-0.271025
1631,-1.148506,-0.273392
1632,-1.152600,-0.275993
1633,-1.156538,-0.278823
1634,-1.160309,-0.281872
1635,-1.163900,-0.285131
1636,-1.167298,-0.288777
1637,-1.170447,-0.292441
1638,-1.173371,-0.296357
1639,-1.176143,-0.300376
1640,-1.178673,-0.304522
1641,-1.180959,-0.308799
1642,-1.182998,-0.313199
1643,-1.184783,-0.317707
1644,-1.186381,-0.322389
1645,-1.187661,-0.327043
1646,-1.188508,-0.331932
1647,-1.189113,-0.336781
1648,-1.189542,-0.341646
1649,-1.189698,-0.346499
1650,-1.189577,-0.351345
1651,-1.189181,-0.356174
1652,-1.188511,-0.360973
1653,-1.187569,-0.365727
1654,-1.186414,-0.370498
1655,-1.184775,-0.375183
1656,-1.183001,-0.379670
1657,-1.180888,-0.384093
1658,-1.178630,-0.388395
1659,-1.176137,-0.392551
1660,-1.173415,-0.396556
1661,-1.170468,-0.400400
1662,-1.167308,-0.404069
1663,-1.163907,-0.407655
1664,-1.160208,-0.410942
1665,-1.156424,-0.413972
1666,-1.152426,-0.416752
1667,-1.148326,-0.419385
1668,-1.144105,-0.421772
1669,-1.139762,-0.423912
1670,-1.135306,-0.425801
1671,-1.130749,-0.427433
1672,-1.126106,-0.428803
1673,-1.121354,-0.429994
1674,-1.116427,-0.430714
1675,-1.111593,-0.431138
1676,-1.106704,-0.431400
1677,-1.101856,-0.431393
1678,-1.097025,-0.431112
1679,-1.092220,-0.430556
1680,-1.087455,-0.429728
1681,-1.082744,-0.428630
1682,-1.078019,-0.427281
1683,-1.073366,-0.425522
1684,-1.068931,-0.423575
1685,-1.064603,-0.421315
1686,-1.060382,-0.418909
1687,-1.056319,-0.416280
1688,-1.052416,-0.413427
1689,-1.048683,-0.410357
1690,-1.045130,-0.407079
1691,-1.041769,-0.403603
1692,-1.038507,-0.399888
1693,-1.035565,-0.395851
1694,-1.032935,-0.391728
1695,-1.030460,-0.387550
1696,-1.028230,-0.383259
1697,-1.026249,-0.378853
1698,-1.024521,-0.374343
1699,-1.023053,-0.369742
1700,-1.021850,-0.365064
1701,-1.020914,-0.360324
1702,-1.020179,-0.355465
1703,-1.020006,-0.350505
1704,-1.019930,-0.345586
1705,-1.020111,-0.340752
1706,-1.020562,-0.335945
1707,-1.021285,-0.331174
1708,-1.022279,-0.326451
1709,-1.023539,-0.321792
1710,-1.025063,-0.317212
1711,-1.026857,-0.312589
1712,-1.029088,-0.308103
1713,-1.031525,-0.303889
1714,-1.034117,-0.299725
1715,-1.036893,-0.295766
1716,-1.039882,-0.291979
1717,-1.043081,-0.288369
1718,-1.046480,-0.284948
1719,-1.050068,-0.281725
1720,-1.053835,-0.278712
1721,-1.057858,-0.275797
1722,-1.062183,-0.273263
1723,-1.066549,-0.271033
1724,-1.070984,-0.268952
1725,-1.075466,-0.267142
1726,-1.080036,-0.265593
1727,-1.084684,-0.264307
1728,-1.089399,-0.263288
1729,-1.094164,-0.262540
1730,-1.098965,-0.262064
1731,-1.103874,-0.261795
1732,-1.108854,-0.262037
1733,-1.113765,-0.262539
1734,-1.118619,-0.263206
1735,-1.123370,-0.264130
1736,-1.128053,-0.265322
1737,-1.132658,-0.266780
1738,-1.137174,-0.268498
1739,-1.141584,-0.270473
1740,-1.146046,-0.272742
1741,-1.150357,-0.275507
1742,-1.154362,-0.278294
1743,-1.158283,-0.281485
1744,-1.161989,-0.284731
1745,-1.165483,-0.288165
1746,-1.168775,-0.291804
1747,-1.171860,-0.295647
1748,-1.174726,-0.299690
1749,-1.177363,-0.303928
1750,-1.179903,-0.308498
1751,-1.181908,-0.313473
1752,-1.183666,-0.318541
1753,-1.185237,-0.323789
1754,-1.186463,-0.329220
1755,-1.187321,-0.334889
1756,-1.187767,-0.340821
1757,-1.187745,-0.347035
1758,-1.188544,-0.349183
1759,-1.184247,-0.350634
1760,-1.177567,-0.353399
1761,-1.172551,-0.356189
1762,-1.167841,-0.358845
1763,-1.163137,-0.361265
1764,-1.158351,-0.363422
1765,-1.153466,-0.365306
1766,-1.148487,-0.366910
1767,-1.143426,-0.368229
1768,-1.138298,-0.369258
1769,-1.133119,-0.369994
1770,-1.127907,-0.370435
1771,-1.122677,-0.370579
1772,-1.117404,-0.370511
1773,-1.112235,-0.370072
1774,-1.107068,-0.369323
1775,-1.101941,-0.368278
1776,-1.096878,-0.366941
1777,-1.091897,-0.365317
1778,-1.086856,-0.363244
1779,-1.082067,-0.361059
1780,-1.077429,-0.358607
1781,-1.072877,-0.355943
1782,-1.068566,-0.353018
1783,-1.064432,-0.349822
1784,-1.060478,-0.346384
1785,-1.056723,-0.342723
1786,-1.053118,-0.338708
1787,-1.049817,-0.334623
1788,-1.046704,-0.330276
1789,-1.043862,-0.325854
1790,-1.041285,-0.321280
1791,-1.038907,-0.316616
1792,-1.036875,-0.311795
1793,-1.035121,-0.306851
1794,-1.033633,-0.301643
1795,-1.032493,-0.296508
1796,-1.031620,-0.291320
1797,-1.031074,-0.286011
1798,-1.025669,-0.280426
1799,-1.019123,-0.275913
