0,-0.590622,-0.788369
1,-0.578502,-0.790147
2,-0.561588,-0.791837
3,-0.544606,-0.792571
4,-0.527610,-0.792337
5,-0.510655,-0.791137
6,-0.493796,-0.788974
7,-0.477087,-0.785856
8,-0.460582,-0.781792
9,-0.444336,-0.776796
10,-0.428400,-0.770883
11,-0.412826,-0.764073
12,-0.397665,-0.756388
13,-0.382966,-0.747853
14,-0.368776,-0.738496
15,-0.355141,-0.728346
16,-0.342106,-0.717437
17,-0.329713,-0.705804
18,-0.318002,-0.693485
19,-0.314749,-0.690024
20,-0.314749,-0.690024
21,-0.315107,-0.677779
22,-0.316965,-0.660887
23,-0.319836,-0.644133
24,-0.323655,-0.627570
25,-0.328410,-0.611252
26,-0.334086,-0.595230
27,-0.340664,-0.579557
28,-0.348123,-0.564283
29,-0.356440,-0.549459
30,-0.365586,-0.535132
31,-0.375532,-0.521349
32,-0.386247,-0.508154
33,-0.397695,-0.495590
34,-0.409839,-0.483697
35,-0.413252,-0.480393
36,-0.424695,-0.476020
37,-0.441004,-0.471245
38,-0.457575,-0.467459
39,-0.474334,-0.464622
40,-0.479022,-0.463856
41,-0.490914,-0.466793
42,-0.507032,-0.472178
43,-0.522801,-0.478523
44,-0.538183,-0.485755
45,-0.553129,-0.493851
46,-0.557293,-0.496137
47,-0.557293,-0.496137
48,-0.557293,-0.496137
49,-0.557293,-0.496137
50,-0.557293,-0.496137
51,-0.557293,-0.496137
52,-0.545735,-0.500197
53,-0.529301,-0.504524
54,-0.512634,-0.507857
55,-0.495803,-0.510236
56,-0.478865,-0.511654
57,-0.461874,-0.512105
58,-0.444884,-0.511589
59,-0.427951,-0.510108
60,-0.411130,-0.507665
61,-0.394475,-0.504269
62,-0.378040,-0.499931
63,-0.361879,-0.494666
64,-0.346044,-0.488489
65,-0.330585,-0.481421
66,-0.315554,-0.473485
67,-0.300999,-0.464707
68,-0.286966,-0.455115
69,-0.283060,-0.452412
70,-0.283060,-0.452412
71,-0.283060,-0.452412
72,-0.285466,-0.440401
73,-0.290129,-0.424059
74,-0.295768,-0.408024
75,-0.302309,-0.392336
76,-0.309733,-0.377045
77,-0.318014,-0.362201
78,-0.327127,-0.347853
79,-0.337041,-0.334046
80,-0.347724,-0.320826
81,-0.359143,-0.308234
82,-0.371259,-0.296313
83,-0.384034,-0.285101
84,-0.387622,-0.281988
85,-0.399286,-0.278246
86,-0.415832,-0.274368
87,-0.432584,-0.271491
88,-0.449473,-0.269572
89,-0.466443,-0.268617
90,-0.483441,-0.268630
91,-0.500410,-0.269609
92,-0.517296,-0.271552
93,-0.534045,-0.274453
94,-0.550601,-0.278302
95,-0.566911,-0.283086
96,-0.582922,-0.288791
97,-0.598583,-0.295398
98,-0.602949,-0.297269
99,-0.602949,-0.297269
100,-0.602949,-0.297269
101,-0.602949,-0.297269
102,-0.602949,-0.297269
103,-0.602949,-0.297269
104,-0.591840,-0.302431
105,-0.575904,-0.308333
106,-0.559639,-0.313268
107,-0.543119,-0.317270
108,-0.526398,-0.320325
109,-0.509531,-0.322424
110,-0.492571,-0.323560
111,-0.475575,-0.323729
112,-0.458596,-0.322931
113,-0.441690,-0.321168
114,-0.424912,-0.318446
115,-0.408316,-0.314774
116,-0.391956,-0.310163
117,-0.387391,-0.308849
118,-0.387391,-0.308849
119,-0.387391,-0.308849
120,-0.387391,-0.308849
121,-0.390449,-0.296987
122,-0.395996,-0.280924
123,-0.402501,-0.265220
124,-0.409888,-0.249912
125,-0.418135,-0.235049
126,-0.427214,-0.220679
127,-0.437095,-0.206849
128,-0.447748,-0.193603
129,-0.442314,-0.190787
130,-0.439822,-0.185764
131,-0.440474,-0.179531
132,-0.444551,-0.172564
133,-0.452383,-0.165301
134,-0.463963,-0.158084
135,-0.477205,-0.151629
136,-0.490814,-0.145858
137,-0.504718,-0.140821
138,-0.518874,-0.136676
139,-0.533269,-0.133119
140,-0.547845,-0.130377
141,-0.562154,-0.129505
142,-0.576749,-0.131441
143,-0.591310,-0.131447
144,-0.605881,-0.132100
145,-0.620392,-0.133578
146,-0.634794,-0.135879
147,-0.649042,-0.138996
148,-0.663089,-0.142919
149,-0.676890,-0.147633
150,-0.690399,-0.153126
151,-0.703574,-0.159377
152,-0.716437,-0.166280
153,-0.728826,-0.173978
154,-0.740744,-0.182377
155,-0.752164,-0.191441
156,-0.763051,-0.201139
157,-0.773367,-0.211440
158,-0.783082,-0.222311
159,-0.792162,-0.233717
160,-0.800580,-0.245620
161,-0.808306,-0.257982
162,-0.815317,-0.270763
163,-0.821590,-0.283921
164,-0.827105,-0.297415
165,-0.831843,-0.311200
166,-0.835790,-0.325232
167,-0.838933,-0.339466
168,-0.841340,-0.353831
169,-0.842910,-0.368341
170,-0.843590,-0.382900
171,-0.843440,-0.397474
172,-0.842463,-0.412015
173,-0.840660,-0.426478
174,-0.838038,-0.440814
175,-0.834606,-0.454977
176,-0.830374,-0.468922
177,-0.825356,-0.482603
178,-0.819569,-0.495977
179,-0.813031,-0.509000
180,-0.805764,-0.521629
181,-0.797790,-0.533825
182,-0.789137,-0.545549
183,-0.779830,-0.556761
184,-0.769971,-0.567510
185,-0.759454,-0.577594
186,-0.748380,-0.587062
187,-0.736785,-0.595885
188,-0.724709,-0.604035
189,-0.712189,-0.611484
190,-0.699265,-0.618210
191,-0.685980,-0.624191
192,-0.672378,-0.629406
193,-0.658500,-0.633840
194,-0.644394,-0.637478
195,-0.630103,-0.640308
196,-0.615676,-0.642321
197,-0.601157,-0.643511
198,-0.586595,-0.643873
199,-0.572035,-0.643408
200,-0.557515,-0.642219
201,-0.543097,-0.640117
202,-0.528830,-0.637185
203,-0.514752,-0.633447
204,-0.500910,-0.628916
205,-0.487031,-0.623606
206,-0.473774,-0.617543
207,-0.460902,-0.610718
208,-0.448440,-0.603172
209,-0.436426,-0.594929
210,-0.424901,-0.586018
211,-0.413901,-0.576466
212,-0.403463,-0.566304
213,-0.393618,-0.555566
214,-0.384400,-0.544285
215,-0.375839,-0.532499
216,-0.367640,-0.520085
217,-0.360465,-0.507399
218,-0.353413,-0.495006
219,-0.340208,-0.487391
220,-0.326874,-0.478735
221,-0.313703,-0.469200
222,-0.300805,-0.458666
223,-0.288332,-0.447001
224,-0.284121,-0.431020
225,-0.280206,-0.414637
226,-0.272996,-0.398731
227,-0.264304,-0.384715
228,-0.255139,-0.370117
229,-0.246996,-0.353474
230,-0.240298,-0.335843
231,-0.245984,-0.320692
232,-0.253741,-0.305810
233,-0.258487,-0.289106
234,-0.264058,-0.272342
235,-0.269854,-0.256130
236,-0.276255,-0.240200
237,-0.282399,-0.223826
238,-0.289520,-0.207188
239,-0.304297,-0.200493
240,-0.320323,-0.195384
241,-0.335578,-0.186959
242,-0.351477,-0.179115
243,-0.365772,-0.170116
244,-0.380762,-0.160905
245,-0.393103,-0.149428
246,-0.404954,-0.137792
247,-0.417791,-0.127083
248,-0.431319,-0.120805
249,-0.435541,-0.117773
250,-0.437704,-0.119559
251,-0.438379,-0.120185
252,-0.437587,-0.123730
253,-0.436555,-0.131418
254,-0.434290,-0.139650
255,-0.429698,-0.146505
256,-0.426299,-0.156174
257,-0.425626,-0.166866
258,-0.426109,-0.174003
259,-0.425133,-0.181492
260,-0.424839,-0.185325
261,-0.422062,-0.186297
262,-0.418433,-0.185960
263,-0.414566,-0.184958
264,-0.410876,-0.183630
265,-0.407189,-0.181963
266,-0.403613,-0.180012
267,-0.400265,-0.177892
268,-0.396995,-0.175392
269,-0.393948,-0.172656
270,-0.391138,-0.169680
271,-0.388594,-0.166465
272,-0.386352,-0.163017
273,-0.384457,-0.159341
274,-0.382959,-0.155445
275,-0.381946,-0.151326
276,-0.381599,-0.146952
277,-0.382278,-0.142250
278,-0.381770,-0.137667
279,-0.379995,-0.133695
280,-0.378222,-0.129873
281,-0.376310,-0.126175
282,-0.374898,-0.122276
283,-0.373723,-0.118316
284,-0.372794,-0.114288
285,-0.372089,-0.110213
286,-0.371624,-0.106113
287,-0.371377,-0.101973
288,-0.371378,-0.097856
289,-0.371616,-0.093736
290,-0.372085,-0.089638
291,-0.372775,-0.085559
292,-0.373714,-0.081533
293,-0.374869,-0.077579
294,-0.376260,-0.073685
295,-0.377871,-0.069891
296,-0.379543,-0.066265
297,-0.381543,-0.062668
298,-0.383776,-0.059166
299,-0.386178,-0.055765
300,-0.388769,-0.052527
301,-0.391555,-0.049472
302,-0.394508,-0.046550
303,-0.397616,-0.043780
304,-0.400889,-0.041259
305,-0.404304,-0.038888
306,-0.407834,-0.036699
307,-0.411391,-0.034712
308,-0.415190,-0.032940
309,-0.419034,-0.031375
310,-0.422961,-0.030051
311,-0.426987,-0.028871
312,-0.431022,-0.028008
313,-0.435104,-0.027363
314,-0.439239,-0.026954
315,-0.443373,-0.026756
316,-0.447530,-0.026810
317,-0.451652,-0.027090
318,-0.455750,-0.027612
319,-0.459819,-0.028385
320,-0.463870,-0.029357
321,-0.467790,-0.030565
322,-0.471686,-0.032006
323,-0.475468,-0.033637
324,-0.479161,-0.035448
325,-0.482771,-0.037525
326,-0.486230,-0.039783
327,-0.489503,-0.042240
328,-0.492685,-0.044903
329,-0.495753,-0.047799
330,-0.498637,-0.050744
331,-0.501359,-0.053869
332,-0.503843,-0.057198
333,-0.506189,-0.060618
334,-0.508345,-0.064193
335,-0.510273,-0.067858
336,-0.512012,-0.071684
337,-0.513538,-0.075581
338,-0.514825,-0.079559
339,-0.515904,-0.083595
340,-0.516751,-0.087688
341,-0.517339,-0.091825
342,-0.517708,-0.095987
343,-0.517842,-0.100164
344,-0.517713,-0.104318
345,-0.517364,-0.108478
346,-0.516853,-0.112594
347,-0.515972,-0.116662
348,-0.514908,-0.120732
349,-0.513616,-0.124713
350,-0.512098,-0.128619
351,-0.510394,-0.132424
352,-0.508443,-0.136133
353,-0.506325,-0.139733
354,-0.503951,-0.143163
355,-0.501413,-0.146483
356,-0.498696,-0.149627
357,-0.495781,-0.152621
358,-0.492731,-0.155478
359,-0.489535,-0.158147
360,-0.486157,-0.160589
361,-0.482657,-0.162868
362,-0.479134,-0.164989
363,-0.475385,-0.166808
364,-0.471543,-0.168466
365,-0.467592,-0.169904
366,-0.463596,-0.171117
367,-0.459544,-0.172105
368,-0.455406,-0.172855
369,-0.451259,-0.173392
370,-0.447108,-0.173666
371,-0.442895,-0.173725
372,-0.438702,-0.173532
373,-0.434561,-0.173088
374,-0.430426,-0.172431
375,-0.426341,-0.171568
376,-0.422288,-0.170444
377,-0.418306,-0.169057
378,-0.414460,-0.167491
379,-0.410705,-0.165717
380,-0.407022,-0.163752
381,-0.403512,-0.161516
382,-0.400110,-0.159262
383,-0.396805,-0.156662
384,-0.393642,-0.153882
385,-0.390685,-0.150915
386,-0.387825,-0.147789
387,-0.385199,-0.144508
388,-0.382790,-0.141078
389,-0.380540,-0.137511
390,-0.378498,-0.133819
391,-0.376621,-0.130033
392,-0.375059,-0.126146
393,-0.373672,-0.122225
394,-0.372505,-0.118206
395,-0.371535,-0.114131
396,-0.370863,-0.110019
397,-0.370410,-0.105816
398,-0.370212,-0.101636
399,-0.370237,-0.097403
400,-0.370494,-0.093176
401,-0.370947,-0.088974
402,-0.371691,-0.084862
403,-0.372657,-0.080749
404,-0.373855,-0.076688
405,-0.375263,-0.072751
406,-0.376939,-0.068859
407,-0.378770,-0.065052
408,-0.380800,-0.061378
409,-0.383097,-0.057852
410,-0.385591,-0.054428
411,-0.387957,-0.050853
412,-0.390794,-0.047733
413,-0.393813,-0.044830
414,-0.397020,-0.042058
415,-0.400373,-0.039451
416,-0.403846,-0.037125
417,-0.407478,-0.034908
418,-0.411194,-0.032931
419,-0.415031,-0.031181
420,-0.418964,-0.029670
421,-0.423003,-0.028331
422,-0.427065,-0.027238
423,-0.431212,-0.026381
424,-0.435389,-0.025777
425,-0.439602,-0.025413
426,-0.443765,-0.025208
427,-0.448004,-0.025293
428,-0.452210,-0.025596
429,-0.456361,-0.026115
430,-0.460570,-0.026929
431,-0.464666,-0.027928
432,-0.468725,-0.029188
433,-0.472688,-0.030657
434,-0.476576,-0.032346
435,-0.480373,-0.034272
436,-0.484053,-0.036396
437,-0.487585,-0.038710
438,-0.490966,-0.041243
439,-0.494236,-0.043963
440,-0.497336,-0.046851
441,-0.500223,-0.049916
442,-0.502971,-0.053163
443,-0.505552,-0.056548
444,-0.507887,-0.060027
445,-0.510085,-0.063694
446,-0.512100,-0.067360
447,-0.513809,-0.071259
448,-0.515351,-0.075217
449,-0.516601,-0.079270
450,-0.517659,-0.083436
451,-0.518509,-0.087591
452,-0.519092,-0.091824
453,-0.519397,-0.096065
454,-0.519509,-0.100324
455,-0.519413,-0.104568
456,-0.519047,-0.108836
457,-0.518393,-0.113038
458,-0.517576,-0.117206
459,-0.516469,-0.121307
460,-0.515104,-0.125364
461,-0.513598,-0.129350
462,-0.511842,-0.133208
463,-0.509854,-0.136961
464,-0.507699,-0.140559
465,-0.505275,-0.144094
466,-0.502724,-0.147516
467,-0.499916,-0.150736
468,-0.496979,-0.153784
469,-0.493813,-0.156693
470,-0.490493,-0.159423
471,-0.487067,-0.161928
472,-0.483446,-0.164262
473,-0.479776,-0.166414
474,-0.475932,-0.168332
475,-0.472002,-0.169999
476,-0.467969,-0.171472
477,-0.463863,-0.172702
478,-0.459722,-0.173732
479,-0.455496,-0.174499
480,-0.451299,-0.175027
481,-0.447054,-0.175310
482,-0.442753,-0.175345
483,-0.438527,-0.175155
484,-0.434291,-0.174672
485,-0.430068,-0.174041
486,-0.425907,-0.173114
487,-0.421762,-0.171997
488,-0.417736,-0.170617
489,-0.413800,-0.168990
490,-0.409942,-0.167194
491,-0.406139,-0.165156
492,-0.402521,-0.162888
493,-0.399050,-0.160451
494,-0.395662,-0.157778
495,-0.392423,-0.154946
496,-0.389392,-0.151988
497,-0.386562,-0.148771
498,-0.383864,-0.145387
499,-0.381359,-0.141939
500,-0.379038,-0.138346
501,-0.376962,-0.134574
502,-0.375102,-0.130704
503,-0.373426,-0.126786
504,-0.372042,-0.122708
505,-0.370840,-0.118542
506,-0.369434,-0.114336
507,-0.368741,-0.110114
508,-0.368279,-0.105787
509,-0.368070,-0.101497
510,-0.368077,-0.097147
511,-0.368312,-0.092785
512,-0.368843,-0.088555
513,-0.369614,-0.084273
514,-0.370606,-0.080082
515,-0.371832,-0.075912
516,-0.373285,-0.071812
517,-0.374986,-0.067882
518,-0.376906,-0.063982
519,-0.379033,-0.060187
520,-0.381361,-0.056562
521,-0.383920,-0.053088
522,-0.386559,-0.049686
523,-0.389497,-0.046500
524,-0.392547,-0.043436
525,-0.395835,-0.040610
526,-0.399283,-0.037928
527,-0.402813,-0.035414
528,-0.406514,-0.033162
529,-0.410369,-0.031138
530,-0.414328,-0.029295
531,-0.418334,-0.027647
532,-0.422470,-0.026255
533,-0.426680,-0.025101
534,-0.430875,-0.024175
535,-0.435187,-0.023523
536,-0.439533,-0.023098
537,-0.443852,-0.022862
538,-0.448170,-0.022911
539,-0.452515,-0.023246
540,-0.456800,-0.023831
541,-0.461060,-0.024574
542,-0.465254,-0.025621
543,-0.469436,-0.026890
544,-0.473483,-0.028372
545,-0.477431,-0.030121
546,-0.481337,-0.032076
547,-0.485092,-0.034269
548,-0.488740,-0.036635
549,-0.492211,-0.039233
550,-0.495591,-0.042025
551,-0.498791,-0.044906
552,-0.501823,-0.048056
553,-0.504625,-0.051400
554,-0.507275,-0.054788
555,-0.509708,-0.058432
556,-0.511977,-0.062090
557,-0.514013,-0.066015
558,-0.515800,-0.070028
559,-0.517438,-0.074134
560,-0.518806,-0.078312
561,-0.519931,-0.082510
562,-0.520795,-0.086822
563,-0.521433,-0.091183
564,-0.521845,-0.095529
565,-0.521959,-0.099915
566,-0.521846,-0.104317
567,-0.521507,-0.108712
568,-0.520903,-0.113020
569,-0.520043,-0.117327
570,-0.519021,-0.121605
571,-0.517722,-0.125810
572,-0.516131,-0.129840
573,-0.514315,-0.133866
574,-0.512400,-0.137792
575,-0.510164,-0.141529
576,-0.507681,-0.145179
577,-0.505034,-0.148683
578,-0.502226,-0.152017
579,-0.499169,-0.155168
580,-0.495952,-0.158211
581,-0.492632,-0.161069
582,-0.489136,-0.163660
583,-0.485411,-0.166049
584,-0.481559,-0.168302
585,-0.477683,-0.170381
586,-0.473673,-0.172106
587,-0.469594,-0.173634
588,-0.465348,-0.174945
589,-0.461039,-0.176049
590,-0.456734,-0.176851
591,-0.452379,-0.177444
592,-0.447948,-0.177809
593,-0.443574,-0.177863
594,-0.439111,-0.177736
595,-0.434686,-0.177302
596,-0.430411,-0.176673
597,-0.426029,-0.175778
598,-0.421747,-0.174603
599,-0.417508,-0.173199
600,-0.413491,-0.171602
601,-0.409450,-0.169728
602,-0.405501,-0.167620
603,-0.401643,-0.165409
604,-0.398020,-0.162923
605,-0.394540,-0.160181
606,-0.391159,-0.157235
607,-0.387942,-0.154112
608,-0.384857,-0.150881
609,-0.382047,-0.147432
610,-0.379424,-0.143813
611,-0.376986,-0.140038
612,-0.374763,-0.136128
613,-0.372767,-0.132098
614,-0.371003,-0.128049
615,-0.369512,-0.123802
616,-0.368229,-0.119485
617,-0.367186,-0.115107
618,-0.366329,-0.110728
619,-0.365767,-0.106252
620,-0.365503,-0.101831
621,-0.365521,-0.097338
622,-0.365751,-0.092839
623,-0.366158,-0.088399
624,-0.366882,-0.083959
625,-0.367860,-0.079634
626,-0.368978,-0.075331
627,-0.370459,-0.071105
628,-0.372144,-0.067000
629,-0.374063,-0.062929
630,-0.376242,-0.058990
631,-0.378653,-0.055221
632,-0.381163,-0.051605
633,-0.383968,-0.048076
634,-0.386980,-0.044701
635,-0.390087,-0.041481
636,-0.393383,-0.038529
637,-0.396941,-0.035752
638,-0.400538,-0.033097
639,-0.404361,-0.030690
640,-0.408239,-0.028491
641,-0.412311,-0.026633
642,-0.416519,-0.024914
643,-0.420730,-0.023351
644,-0.425088,-0.022078
645,-0.429459,-0.021051
646,-0.433922,-0.020370
647,-0.438459,-0.019886
648,-0.442953,-0.019583
649,-0.447511,-0.019597
650,-0.452079,-0.019847
651,-0.456520,-0.020338
652,-0.460990,-0.021111
653,-0.465434,-0.022145
654,-0.469812,-0.023428
655,-0.474057,-0.024992
656,-0.478259,-0.026781
657,-0.482378,-0.028692
658,-0.486342,-0.030914
659,-0.490185,-0.033366
660,-0.493823,-0.036050
661,-0.497346,-0.038787
662,-0.500655,-0.041866
663,-0.503884,-0.045098
664,-0.506881,-0.048546
665,-0.509633,-0.052155
666,-0.512276,-0.055814
667,-0.514686,-0.059733
668,-0.516850,-0.063738
669,-0.518788,-0.067881
670,-0.520463,-0.072108
671,-0.521971,-0.076379
672,-0.523179,-0.080799
673,-0.524103,-0.085218
674,-0.524752,-0.089760
675,-0.525190,-0.094332
676,-0.525454,-0.098864
677,-0.525410,-0.103453
678,-0.525073,-0.108034
679,-0.524494,-0.112533
680,-0.523689,-0.116932
681,-0.522539,-0.121371
682,-0.521178,-0.125772
683,-0.519579,-0.130090
684,-0.517938,-0.134256
685,-0.515831,-0.138281
686,-0.513492,-0.142244
687,-0.510962,-0.146067
688,-0.508219,-0.149777
689,-0.505420,-0.153271
690,-0.502285,-0.156646
691,-0.498943,-0.159775
692,-0.495412,-0.162771
693,-0.491838,-0.165689
694,-0.488120,-0.168127
695,-0.484144,-0.170497
696,-0.480066,-0.172616
697,-0.475830,-0.174485
698,-0.471585,-0.176249
699,-0.467169,-0.177681
700,-0.462754,-0.178853
701,-0.458213,-0.179769
702,-0.453624,-0.180470
703,-0.449088,-0.180908
704,-0.444533,-0.181032
705,-0.439881,-0.180934
706,-0.435236,-0.180552
707,-0.430667,-0.179887
708,-0.426247,-0.179056
709,-0.421735,-0.177949
710,-0.417310,-0.176517
711,-0.412943,-0.174856
712,-0.408688,-0.173088
713,-0.404731,-0.170999
714,-0.400728,-0.168624
715,-0.396843,-0.166015
716,-0.393093,-0.163200
717,-0.389506,-0.160179
718,-0.386069,-0.157093
719,-0.383055,-0.153787
720,-0.380052,-0.150176
721,-0.377204,-0.146436
722,-0.374608,-0.142543
723,-0.372152,-0.138579
724,-0.369963,-0.134477
725,-0.368108,-0.130280
726,-0.366449,-0.125878
727,-0.365088,-0.121412
728,-0.363908,-0.116835
729,-0.362829,-0.112409
730,-0.362221,-0.107856
731,-0.361837,-0.103149
732,-0.361753,-0.098488
733,-0.361854,-0.093759
734,-0.362291,-0.089083
735,-0.362911,-0.084532
736,-0.363879,-0.079960
737,-0.365076,-0.075378
738,-0.366335,-0.070990
739,-0.366571,-0.070519
740,-0.366486,-0.068407
741,-0.365054,-0.068217
742,-0.364283,-0.068817
743,-0.366974,-0.069813
744,-0.370232,-0.070649
745,-0.373581,-0.071576
746,-0.377618,-0.072019
747,-0.381721,-0.072460
748,-0.385817,-0.073092
749,-0.389881,-0.073967
750,-0.393827,-0.075038
751,-0.397765,-0.076377
752,-0.401602,-0.077898
753,-0.405348,-0.079705
754,-0.408994,-0.081668
755,-0.412545,-0.083849
756,-0.415954,-0.086206
757,-0.419222,-0.088751
758,-0.422289,-0.091485
759,-0.425255,-0.094411
760,-0.428054,-0.097493
761,-0.430696,-0.100697
762,-0.433063,-0.104052
763,-0.435259,-0.107546
764,-0.437282,-0.111147
765,-0.439062,-0.114687
766,-0.440687,-0.118536
767,-0.442114,-0.122478
768,-0.443285,-0.126465
769,-0.444233,-0.130517
770,-0.444949,-0.134616
771,-0.445431,-0.138749
772,-0.445688,-0.142892
773,-0.445692,-0.147046
774,-0.445433,-0.151199
775,-0.444983,-0.155326
776,-0.444267,-0.159374
777,-0.443363,-0.163401
778,-0.442174,-0.167311
779,-0.440777,-0.171226
780,-0.439195,-0.175061
781,-0.437425,-0.178729
782,-0.435397,-0.182343
783,-0.433155,-0.185790
784,-0.430763,-0.189159
785,-0.428178,-0.192374
786,-0.425422,-0.195428
787,-0.422482,-0.198319
788,-0.419358,-0.201048
789,-0.416136,-0.203598
790,-0.412763,-0.205946
791,-0.409283,-0.208138
792,-0.405630,-0.210063
793,-0.401891,-0.211799
794,-0.398091,-0.213404
795,-0.394168,-0.214729
796,-0.390218,-0.215842
797,-0.386182,-0.216751
798,-0.382044,-0.219328
799,-0.378450,-0.222124
800,-0.374689,-0.223653
801,-0.370827,-0.224808
802,-0.366879,-0.225732
803,-0.362901,-0.226408
804,-0.358840,-0.226843
805,-0.354783,-0.227036
806,-0.350736,-0.227014
807,-0.346716,-0.226745
808,-0.342714,-0.226252
809,-0.338770,-0.225602
810,-0.334864,-0.224602
811,-0.330977,-0.223424
812,-0.327149,-0.222057
813,-0.323460,-0.220436
814,-0.319830,-0.218635
815,-0.316305,-0.216639
816,-0.312899,-0.214481
817,-0.309604,-0.212077
818,-0.306457,-0.209506
819,-0.303447,-0.206768
820,-0.300619,-0.203868
821,-0.297959,-0.200809
822,-0.295456,-0.197597
823,-0.293163,-0.194268
824,-0.291048,-0.190874
825,-0.289173,-0.187287
826,-0.287470,-0.183589
827,-0.285993,-0.179809
828,-0.284733,-0.175947
829,-0.283681,-0.172012
830,-0.282871,-0.168040
831,-0.282288,-0.164023
832,-0.281934,-0.159979
833,-0.281794,-0.155925
834,-0.281914,-0.151895
835,-0.282232,-0.147842
836,-0.282804,-0.143866
837,-0.283588,-0.139901
838,-0.284539,-0.136112
839,-0.285719,-0.132153
840,-0.287153,-0.128367
841,-0.288846,-0.124690
842,-0.290725,-0.121085
843,-0.292800,-0.117593
844,-0.295093,-0.114255
845,-0.297550,-0.111020
846,-0.300176,-0.107811
847,-0.303003,-0.104915
848,-0.305969,-0.102149
849,-0.308983,-0.099610
850,-0.312310,-0.097181
851,-0.315655,-0.094937
852,-0.319187,-0.092894
853,-0.322813,-0.091059
854,-0.326544,-0.089428
855,-0.330361,-0.088012
856,-0.334256,-0.086801
857,-0.338205,-0.085830
858,-0.342204,-0.085085
859,-0.346249,-0.084555
860,-0.350301,-0.084270
861,-0.354366,-0.084217
862,-0.358428,-0.084396
863,-0.362480,-0.084792
864,-0.366491,-0.085432
865,-0.370461,-0.086295
866,-0.374383,-0.087281
867,-0.378150,-0.088626
868,-0.381902,-0.090147
869,-0.385526,-0.091830
870,-0.389165,-0.093808
871,-0.392639,-0.095957
872,-0.395983,-0.098293
873,-0.399187,-0.100813
874,-0.402257,-0.103503
875,-0.405150,-0.106367
876,-0.407876,-0.109392
877,-0.410445,-0.112571
878,-0.412803,-0.115878
879,-0.414972,-0.119320
880,-0.416942,-0.122881
881,-0.418803,-0.126575
882,-0.420341,-0.130319
883,-0.421657,-0.134148
884,-0.422750,-0.138050
885,-0.423613,-0.142002
886,-0.424604,-0.145947
887,-0.425035,-0.150078
888,-0.425224,-0.154084
889,-0.425184,-0.158154
890,-0.424918,-0.162224
891,-0.424398,-0.166260
892,-0.423666,-0.170275
893,-0.422672,-0.174219
894,-0.421489,-0.178126
895,-0.420091,-0.181958
896,-0.418461,-0.185684
897,-0.416628,-0.189308
898,-0.414577,-0.192834
899,-0.412349,-0.196249
900,-0.409932,-0.199509
901,-0.407591,-0.202855
902,-0.404826,-0.205875
903,-0.401887,-0.208690
904,-0.398787,-0.211325
905,-0.395546,-0.213791
906,-0.392176,-0.216056
907,-0.388672,-0.218126
908,-0.385071,-0.220001
909,-0.381375,-0.221645
910,-0.377566,-0.223085
911,-0.373692,-0.224337
912,-0.369760,-0.225356
913,-0.365788,-0.226122
914,-0.361753,-0.226707
915,-0.357727,-0.227019
916,-0.353668,-0.227482
917,-0.349607,-0.227366
918,-0.345536,-0.227017
919,-0.341505,-0.226438
920,-0.337509,-0.225634
921,-0.333588,-0.224585
922,-0.329652,-0.223285
923,-0.325885,-0.221822
924,-0.322163,-0.220144
925,-0.318559,-0.218238
926,-0.315046,-0.216140
927,-0.311680,-0.213835
928,-0.308429,-0.211352
929,-0.305347,-0.208681
930,-0.302392,-0.205855
931,-0.299623,-0.202876
932,-0.297041,-0.199828
933,-0.294573,-0.196489
934,-0.292304,-0.193070
935,-0.290244,-0.189533
936,-0.288382,-0.185891
937,-0.286739,-0.182147
938,-0.285309,-0.178316
939,-0.284114,-0.174439
940,-0.283136,-0.170475
941,-0.282401,-0.166409
942,-0.281876,-0.162390
943,-0.281578,-0.158322
944,-0.281515,-0.154236
945,-0.281686,-0.150151
946,-0.282089,-0.146082
947,-0.282732,-0.142044
948,-0.283605,-0.138048
949,-0.284369,-0.134042
950,-0.285634,-0.130124
951,-0.287176,-0.126338
952,-0.288949,-0.122632
953,-0.290915,-0.119026
954,-0.293089,-0.115564
955,-0.295469,-0.112215
956,-0.298019,-0.108997
957,-0.300744,-0.105971
958,-0.303655,-0.103096
959,-0.306702,-0.100387
960,-0.309898,-0.097839
961,-0.313227,-0.095519
962,-0.316713,-0.093361
963,-0.320301,-0.091382
964,-0.323975,-0.089659
965,-0.327673,-0.088097
966,-0.331528,-0.086755
967,-0.335470,-0.085633
968,-0.339472,-0.084751
969,-0.343510,-0.084070
970,-0.347563,-0.083636
971,-0.351650,-0.083435
972,-0.355753,-0.083436
973,-0.359829,-0.083704
974,-0.363889,-0.084191
975,-0.367942,-0.084899
976,-0.371898,-0.085829
977,-0.375823,-0.087010
978,-0.379687,-0.088378
979,-0.383480,-0.089948
980,-0.387106,-0.091763
981,-0.390590,-0.093646
982,-0.394076,-0.095881
983,-0.397435,-0.098304
984,-0.400622,-0.100897
985,-0.403661,-0.103671
986,-0.406538,-0.106613
987,-0.409242,-0.109722
988,-0.411766,-0.112955
989,-0.414061,-0.116345
990,-0.416190,-0.119870
991,-0.418138,-0.123496
992,-0.419871,-0.127060
993,-0.421382,-0.130884
994,-0.422683,-0.134794
995,-0.423769,-0.138767
996,-0.424610,-0.142809
997,-0.425236,-0.146868
998,-0.425585,-0.150956
999,-0.425729,-0.155077
1000,-0.425656,-0.159199
1001,-0.425330,-0.163297
1002,-0.424773,-0.167380
1003,-0.423995,-0.171398
1004,-0.423316,-0.175518
1005,-0.422082,-0.179444
1006,-0.420627,-0.183289
1007,-0.418932,-0.187027
1008,-0.417023,-0.190666
1009,-0.414930,-0.194224
1010,-0.412641,-0.197641
1011,-0.410148,-0.200893
1012,-0.407487,-0.204027
1013,-0.404645,-0.206985
1014,-0.401626,-0.209791
1015,-0.398455,-0.212437
1016,-0.395168,-0.214888
1017,-0.391733,-0.217132
1018,-0.388178,-0.219188
1019,-0.384537,-0.221080
1020,-0.380818,-0.222784
1021,-0.376987,-0.224213
1022,-0.373028,-0.225442
1023,-0.369031,-0.226429
1024,-0.364974,-0.227227
1025,-0.360885,-0.227792
1026,-0.356803,-0.228121
1027,-0.352661,-0.228185
1028,-0.348508,-0.228048
1029,-0.344419,-0.227668
1030,-0.340337,-0.227046
1031,-0.336279,-0.226194
1032,-0.332266,-0.225147
1033,-0.328382,-0.223859
1034,-0.324529,-0.222343
1035,-0.320641,-0.220925
1036,-0.316960,-0.218965
1037,-0.313434,-0.216813
1038,-0.310033,-0.214462
1039,-0.306825,-0.211919
1040,-0.303707,-0.209171
1041,-0.300714,-0.206271
1042,-0.297961,-0.203223
1043,-0.295374,-0.199993
1044,-0.292951,-0.196648
1045,-0.290733,-0.193157
1046,-0.288717,-0.189548
1047,-0.286908,-0.185823
1048,-0.285295,-0.181996
1049,-0.283846,-0.178129
1050,-0.282737,-0.174183
1051,-0.281770,-0.170152
1052,-0.281071,-0.166117
1053,-0.280564,-0.162041
1054,-0.280304,-0.157892
1055,-0.280267,-0.153756
1056,-0.280469,-0.149671
1057,-0.280921,-0.145535
1058,-0.281574,-0.141461
1059,-0.282452,-0.137448
1060,-0.283608,-0.133448
1061,-0.284963,-0.129505
1062,-0.286532,-0.125645
1063,-0.288326,-0.121889
1064,-0.290315,-0.118243
1065,-0.292516,-0.114739
1066,-0.294938,-0.111333
1067,-0.297506,-0.108064
1068,-0.300296,-0.104969
1069,-0.303224,-0.102020
1070,-0.306342,-0.099237
1071,-0.309554,-0.096640
1072,-0.312993,-0.094187
1073,-0.316535,-0.091957
1074,-0.320170,-0.089931
1075,-0.323918,-0.088143
1076,-0.327790,-0.086528
1077,-0.331698,-0.085157
1078,-0.335696,-0.084034
1079,-0.339746,-0.083098
1080,-0.343867,-0.082439
1081,-0.348023,-0.081989
1082,-0.352155,-0.081788
1083,-0.356331,-0.081819
1084,-0.360489,-0.082078
1085,-0.364638,-0.082501
1086,-0.368710,-0.083278
1087,-0.372774,-0.084244
1088,-0.376783,-0.085434
1089,-0.380720,-0.086847
1090,-0.384569,-0.088477
1091,-0.388315,-0.090332
1092,-0.391950,-0.092411
1093,-0.395436,-0.094676
1094,-0.398803,-0.097161
1095,-0.402043,-0.099810
1096,-0.405129,-0.102626
1097,-0.408034,-0.105599
1098,-0.410767,-0.108782
1099,-0.413328,-0.112108
1100,-0.415681,-0.115520
1101,-0.417843,-0.119163
1102,-0.419794,-0.122820
1103,-0.421563,-0.126591
1104,-0.423065,-0.130475
1105,-0.424371,-0.134469
1106,-0.425446,-0.138515
1107,-0.426322,-0.142605
1108,-0.426924,-0.146709
1109,-0.427301,-0.150894
1110,-0.427436,-0.155099
1111,-0.427349,-0.159258
1112,-0.427047,-0.163435
1113,-0.426459,-0.167598
1114,-0.425648,-0.171728
1115,-0.424635,-0.175755
1116,-0.423365,-0.179738
1117,-0.421875,-0.183650
1118,-0.420226,-0.187441
1119,-0.418250,-0.191143
1120,-0.416139,-0.194760
1121,-0.413853,-0.198239
1122,-0.411350,-0.201580
1123,-0.408591,-0.204740
1124,-0.405734,-0.207784
1125,-0.402709,-0.210689
1126,-0.399445,-0.213369
1127,-0.396103,-0.215883
1128,-0.392638,-0.218248
1129,-0.388991,-0.220372
1130,-0.385276,-0.222278
1131,-0.381417,-0.223976
1132,-0.377463,-0.225475
1133,-0.373459,-0.226755
1134,-0.369376,-0.227750
1135,-0.365245,-0.228561
1136,-0.361056,-0.229139
1137,-0.356879,-0.229450
1138,-0.352674,-0.229570
1139,-0.348444,-0.229414
1140,-0.344229,-0.229032
1141,-0.340097,-0.228454
1142,-0.335950,-0.227576
1143,-0.331873,-0.226483
1144,-0.327838,-0.225181
1145,-0.323899,-0.223637
1146,-0.320088,-0.221896
1147,-0.316342,-0.219926
1148,-0.312742,-0.217739
1149,-0.309253,-0.215352
1150,-0.305883,-0.212755
1151,-0.302694,-0.210009
1152,-0.299688,-0.207066
1153,-0.296813,-0.203949
1154,-0.294154,-0.200675
1155,-0.291648,-0.197275
1156,-0.289341,-0.193769
1157,-0.287257,-0.190071
1158,-0.285378,-0.186324
1159,-0.283717,-0.182458
1160,-0.282232,-0.178431
1161,-0.281029,-0.174427
1162,-0.280077,-0.170311
1163,-0.279337,-0.166120
1164,-0.278804,-0.161965
1165,-0.278589,-0.157741
1166,-0.278519,-0.153504
1167,-0.278736,-0.149294
1168,-0.279189,-0.145066
1169,-0.279886,-0.140907
1170,-0.280751,-0.136792
1171,-0.281916,-0.132665
1172,-0.283311,-0.128633
1173,-0.284914,-0.124723
1174,-0.286761,-0.120868
1175,-0.288822,-0.117117
1176,-0.291095,-0.113504
1177,-0.293567,-0.110033
1178,-0.296171,-0.106690
1179,-0.299018,-0.103497
1180,-0.302054,-0.100514
1181,-0.305221,-0.097648
1182,-0.308514,-0.094975
1183,-0.311992,-0.092501
1184,-0.315620,-0.090273
1185,-0.319334,-0.088226
1186,-0.323151,-0.086356
1187,-0.327084,-0.084776
1188,-0.331100,-0.083383
1189,-0.335190,-0.082208
1190,-0.339299,-0.081257
1191,-0.343484,-0.080597
1192,-0.347755,-0.080154
1193,-0.352001,-0.079903
1194,-0.356251,-0.079877
1195,-0.360479,-0.080189
1196,-0.364774,-0.080697
1197,-0.368993,-0.081450
1198,-0.373179,-0.082441
1199,-0.377249,-0.083660
1200,-0.381298,-0.085137
1201,-0.385247,-0.086780
1202,-0.389127,-0.088676
1203,-0.392816,-0.090756
1204,-0.396430,-0.093090
1205,-0.399913,-0.095622
1206,-0.403212,-0.098345
1207,-0.406392,-0.101240
1208,-0.409383,-0.104318
1209,-0.412236,-0.107496
1210,-0.414828,-0.110879
1211,-0.417235,-0.114377
1212,-0.419444,-0.118028
1213,-0.421535,-0.121853
1214,-0.423317,-0.125667
1215,-0.424857,-0.129646
1216,-0.426200,-0.133743
1217,-0.427313,-0.137883
1218,-0.428253,-0.141957
1219,-0.428948,-0.146231
1220,-0.429397,-0.150530
1221,-0.429555,-0.154848
1222,-0.429438,-0.159146
1223,-0.429125,-0.163465
1224,-0.428558,-0.167781
1225,-0.427751,-0.172015
1226,-0.426689,-0.176173
1227,-0.425409,-0.180313
1228,-0.423872,-0.184357
1229,-0.422121,-0.188317
1230,-0.420222,-0.192122
1231,-0.418003,-0.195832
1232,-0.415680,-0.199408
1233,-0.413076,-0.202839
1234,-0.410302,-0.206164
1235,-0.407353,-0.209297
1236,-0.404245,-0.212237
1237,-0.401000,-0.215064
1238,-0.397560,-0.217618
1239,-0.393999,-0.220023
1240,-0.390222,-0.222296
1241,-0.386408,-0.224254
1242,-0.382458,-0.226059
1243,-0.378445,-0.227576
1244,-0.374304,-0.228886
1245,-0.370098,-0.229995
1246,-0.365769,-0.230816
1247,-0.361510,-0.231460
1248,-0.357188,-0.231805
1249,-0.352841,-0.231910
1250,-0.348488,-0.231803
1251,-0.344160,-0.231400
1252,-0.339855,-0.230761
1253,-0.335586,-0.229912
1254,-0.331413,-0.228844
1255,-0.327281,-0.227486
1256,-0.323221,-0.225918
1257,-0.319269,-0.224094
1258,-0.315460,-0.222124
1259,-0.311767,-0.219813
1260,-0.308176,-0.217401
1261,-0.304780,-0.214769
1262,-0.301489,-0.211909
1263,-0.298329,-0.208957
1264,-0.295500,-0.205768
1265,-0.292720,-0.202399
1266,-0.290107,-0.198925
1267,-0.287751,-0.195328
1268,-0.285666,-0.191538
1269,-0.283750,-0.187646
1270,-0.282013,-0.183700
1271,-0.280512,-0.179576
1272,-0.279230,-0.175492
1273,-0.278229,-0.171297
1274,-0.277478,-0.166989
1275,-0.276939,-0.162636
1276,-0.276626,-0.158267
1277,-0.276573,-0.154011
1278,-0.276785,-0.149653
1279,-0.277240,-0.145286
1280,-0.277934,-0.140949
1281,-0.278810,-0.136727
1282,-0.279999,-0.132514
1283,-0.281385,-0.128373
1284,-0.282976,-0.124329
1285,-0.284865,-0.120460
1286,-0.286971,-0.116593
1287,-0.289273,-0.112886
1288,-0.291713,-0.109312
1289,-0.294442,-0.105845
1290,-0.297372,-0.102593
1291,-0.300350,-0.099434
1292,-0.303648,-0.096508
1293,-0.307093,-0.093783
1294,-0.310660,-0.091194
1295,-0.314395,-0.088835
1296,-0.318261,-0.086683
1297,-0.322184,-0.084722
1298,-0.326257,-0.083072
1299,-0.330441,-0.081616
1300,-0.334673,-0.080353
1301,-0.338978,-0.079367
1302,-0.343244,-0.078607
1303,-0.347649,-0.078129
1304,-0.352073,-0.077884
1305,-0.356512,-0.077874
1306,-0.360887,-0.078068
1307,-0.365238,-0.078542
1308,-0.369583,-0.079360
1309,-0.373882,-0.080307
1310,-0.378145,-0.081555
1311,-0.382292,-0.083077
1312,-0.386382,-0.084807
1313,-0.390366,-0.086692
1314,-0.394241,-0.088863
1315,-0.397988,-0.091251
1316,-0.401546,-0.093785
1317,-0.405006,-0.096589
1318,-0.408287,-0.099572
1319,-0.411402,-0.102740
1320,-0.414323,-0.105978
1321,-0.417026,-0.109482
1322,-0.419563,-0.113138
1323,-0.421952,-0.116928
1324,-0.424011,-0.120777
1325,-0.425844,-0.124796
1326,-0.427505,-0.128838
1327,-0.428896,-0.133071
1328,-0.430064,-0.137326
1329,-0.431055,-0.141586
1330,-0.431716,-0.145988
1331,-0.432151,-0.150437
1332,-0.432309,-0.154877
1333,-0.432287,-0.159236
1334,-0.431987,-0.163685
1335,-0.431403,-0.168079
1336,-0.430624,-0.172365
1337,-0.429575,-0.176719
1338,-0.428277,-0.180988
1339,-0.426765,-0.185200
1340,-0.424986,-0.189236
1341,-0.423021,-0.193176
1342,-0.420814,-0.197083
1343,-0.418374,-0.200788
1344,-0.415718,-0.204372
1345,-0.412923,-0.207788
1346,-0.409937,-0.211025
1347,-0.406690,-0.214125
1348,-0.403280,-0.217056
1349,-0.399728,-0.219752
1350,-0.396114,-0.222330
1351,-0.392235,-0.224565
1352,-0.388234,-0.226653
1353,-0.384196,-0.228558
1354,-0.379990,-0.230191
1355,-0.375720,-0.231532
1356,-0.371343,-0.232656
1357,-0.366974,-0.233650
1358,-0.362518,-0.234302
1359,-0.358023,-0.234700
1360,-0.353511,-0.234840
1361,-0.349087,-0.234734
1362,-0.344586,-0.234352
1363,-0.340111,-0.233729
1364,-0.335679,-0.232856
1365,-0.331306,-0.231732
1366,-0.327038,-0.230409
1367,-0.322844,-0.228824
1368,-0.318808,-0.226975
1369,-0.314801,-0.224888
1370,-0.310889,-0.222700
1371,-0.307224,-0.220199
1372,-0.303655,-0.217435
1373,-0.300161,-0.214599
1374,-0.296930,-0.211513
1375,-0.293900,-0.208244
1376,-0.291005,-0.204757
1377,-0.288287,-0.201119
1378,-0.285752,-0.197352
1379,-0.283519,-0.193553
1380,-0.281500,-0.189512
1381,-0.279634,-0.185367
1382,-0.277993,-0.181188
1383,-0.276685,-0.176913
1384,-0.275556,-0.172509
1385,-0.274762,-0.168060
1386,-0.274102,-0.163595
1387,-0.273741,-0.159123
1388,-0.273644,-0.154559
1389,-0.273807,-0.150007
1390,-0.274182,-0.145510
1391,-0.274856,-0.141059
1392,-0.275790,-0.136574
1393,-0.276959,-0.132147
1394,-0.278367,-0.127771
1395,-0.279982,-0.123597
1396,-0.281901,-0.119457
1397,-0.284039,-0.115409
1398,-0.286378,-0.111471
1399,-0.288965,-0.107691
1400,-0.291732,-0.104134
1401,-0.294723,-0.100655
1402,-0.297842,-0.097393
1403,-0.301112,-0.094326
1404,-0.304633,-0.091377
1405,-0.308333,-0.088699
1406,-0.312191,-0.086205
1407,-0.316130,-0.083952
1408,-0.320135,-0.081801
1409,-0.324315,-0.080038
1410,-0.328608,-0.078514
1411,-0.333035,-0.077230
1412,-0.337463,-0.076167
1413,-0.341903,-0.075324
1414,-0.346507,-0.074689
1415,-0.351036,-0.074402
1416,-0.355644,-0.074360
1417,-0.360206,-0.074621
1418,-0.364716,-0.075093
1419,-0.369224,-0.075721
1420,-0.373744,-0.076708
1421,-0.378203,-0.077947
1422,-0.382520,-0.079457
1423,-0.386709,-0.081189
1424,-0.390892,-0.083172
1425,-0.394942,-0.085274
1426,-0.398888,-0.087683
1427,-0.402686,-0.090343
1428,-0.406164,-0.093165
1429,-0.409630,-0.096252
1430,-0.412957,-0.099415
1431,-0.416085,-0.102858
1432,-0.418997,-0.106468
1433,-0.421643,-0.110141
1434,-0.424044,-0.114059
1435,-0.426349,-0.118058
1436,-0.428393,-0.122252
1437,-0.430234,-0.126534
1438,-0.431755,-0.130847
1439,-0.433032,-0.135307
1440,-0.434135,-0.139730
1441,-0.434914,-0.144294
1442,-0.435376,-0.148821
1443,-0.435616,-0.153488
1444,-0.435629,-0.158178
1445,-0.435506,-0.162796
1446,-0.435035,-0.167432
1447,-0.434287,-0.171957
1448,-0.433217,-0.176494
1449,-0.431860,-0.180942
1450,-0.430302,-0.185385
1451,-0.428714,-0.189728
1452,-0.426702,-0.193813
1453,-0.424421,-0.197924
1454,-0.421919,-0.201921
1455,-0.419267,-0.205741
1456,-0.416458,-0.209390
1457,-0.413384,-0.212774
1458,-0.410043,-0.216112
1459,-0.406561,-0.219264
1460,-0.402903,-0.222139
1461,-0.399047,-0.224877
1462,-0.395318,-0.227394
1463,-0.391201,-0.229633
1464,-0.387003,-0.231679
1465,-0.386490,-0.231834
1466,-0.384851,-0.233565
1467,-0.385856,-0.234800
1468,-0.386818,-0.234939
1469,-0.385677,-0.232417
1470,-0.384057,-0.229508
1471,-0.382444,-0.226452
1472,-0.379977,-0.223222
1473,-0.377457,-0.219933
1474,-0.375083,-0.216516
1475,-0.372898,-0.212970
1476,-0.370918,-0.209305
1477,-0.369167,-0.205579
1478,-0.367677,-0.201724
1479,-0.366404,-0.197792
1480,-0.365327,-0.193826
1481,-0.364467,-0.189762
1482,-0.363791,-0.185690
1483,-0.363382,-0.181618
1484,-0.363255,-0.177445
1485,-0.363307,-0.173308
1486,-0.363608,-0.169171
1487,-0.364115,-0.165071
1488,-0.364553,-0.161075
1489,-0.365511,-0.157051
1490,-0.366762,-0.153084
1491,-0.368235,-0.149195
1492,-0.369891,-0.145365
1493,-0.371773,-0.141672
1494,-0.373830,-0.138066
1495,-0.376120,-0.134597
1496,-0.378653,-0.131308
1497,-0.381324,-0.128103
1498,-0.384156,-0.125069
1499,-0.387144,-0.122174
1500,-0.390298,-0.119496
1501,-0.393615,-0.117055
1502,-0.397063,-0.114752
1503,-0.400607,-0.112637
1504,-0.404257,-0.110708
1505,-0.408011,-0.108968
1506,-0.411854,-0.107499
1507,-0.415778,-0.106274
1508,-0.419790,-0.105237
1509,-0.423767,-0.104395
1510,-0.427889,-0.103802
1511,-0.432006,-0.103414
1512,-0.436175,-0.103253
1513,-0.440312,-0.103408
1514,-0.444475,-0.103746
1515,-0.448575,-0.104291
1516,-0.452667,-0.105089
1517,-0.456718,-0.106058
1518,-0.460633,-0.107372
1519,-0.464527,-0.108860
1520,-0.468301,-0.110520
1521,-0.472006,-0.112429
1522,-0.475498,-0.114487
1523,-0.480331,-0.115323
1524,-0.484850,-0.115936
1525,-0.488625,-0.117409
1526,-0.492266,-0.119254
1527,-0.495735,-0.121251
1528,-0.499102,-0.123471
1529,-0.502339,-0.125893
1530,-0.505434,-0.128499
1531,-0.508376,-0.131277
1532,-0.511154,-0.134219
1533,-0.513760,-0.137315
1534,-0.516186,-0.140554
1535,-0.518424,-0.143925
1536,-0.520465,-0.147419
1537,-0.522304,-0.151024
1538,-0.524247,-0.154587
1539,-0.525685,-0.158390
1540,-0.526865,-0.162265
1541,-0.527840,-0.166210
1542,-0.528568,-0.170196
1543,-0.529076,-0.174204
1544,-0.529314,-0.178232
1545,-0.529340,-0.182329
1546,-0.529179,-0.186357
1547,-0.528761,-0.190378
1548,-0.528129,-0.194385
1549,-0.527235,-0.198330
1550,-0.526149,-0.202241
1551,-0.524849,-0.206083
1552,-0.523603,-0.209911
1553,-0.521922,-0.213633
1554,-0.519987,-0.217194
1555,-0.517842,-0.220651
1556,-0.515514,-0.223986
1557,-0.512991,-0.227160
1558,-0.510297,-0.230206
1559,-0.507430,-0.233072
1560,-0.504409,-0.235792
1561,-0.501237,-0.238314
1562,-0.497936,-0.240656
1563,-0.494511,-0.242776
1564,-0.490966,-0.244734
1565,-0.487323,-0.246455
1566,-0.483579,-0.247983
1567,-0.479965,-0.249506
1568,-0.476108,-0.250675
1569,-0.472164,-0.251575
1570,-0.468133,-0.252268
1571,-0.464099,-0.252723
1572,-0.460048,-0.252926
1573,-0.455976,-0.252913
1574,-0.451917,-0.252674
1575,-0.447879,-0.252186
1576,-0.443870,-0.251487
1577,-0.439928,-0.250551
1578,-0.436016,-0.249400
1579,-0.432187,-0.248039
1580,-0.428416,-0.246445
1581,-0.424739,-0.244635
1582,-0.421205,-0.242638
1583,-0.417783,-0.240444
1584,-0.414492,-0.238059
1585,-0.411255,-0.235498
1586,-0.408272,-0.232743
1587,-0.405439,-0.229827
1588,-0.402800,-0.226772
1589,-0.400338,-0.223559
1590,-0.397761,-0.220412
1591,-0.395676,-0.216948
1592,-0.393794,-0.213347
1593,-0.392108,-0.209654
1594,-0.390630,-0.205872
1595,-0.389389,-0.202024
1596,-0.388361,-0.198099
1597,-0.387531,-0.194106
1598,-0.386972,-0.190105
1599,-0.386621,-0.186068
1600,-0.386520,-0.182032
1601,-0.386622,-0.177970
1602,-0.386970,-0.173936
1603,-0.387539,-0.169923
1604,-0.388261,-0.165983
1605,-0.389263,-0.162026
1606,-0.390434,-0.158190
1607,-0.391898,-0.154325
1608,-0.393553,-0.150576
1609,-0.395403,-0.146926
1610,-0.397460,-0.143400
1611,-0.399715,-0.139997
1612,-0.402152,-0.136715
1613,-0.404777,-0.133594
1614,-0.407576,-0.130627
1615,-0.410545,-0.127802
1616,-0.413654,-0.125181
1617,-0.416914,-0.122737
1618,-0.420310,-0.120482
1619,-0.423820,-0.118408
1620,-0.427423,-0.116574
1621,-0.431132,-0.114936
1622,-0.434932,-0.113526
1623,-0.438718,-0.111966
1624,-0.442655,-0.110973
1625,-0.446634,-0.110251
1626,-0.450692,-0.109743
1627,-0.454754,-0.109451
1628,-0.458799,-0.109420
1629,-0.462885,-0.109610
1630,-0.466935,-0.109998
1631,-0.470960,-0.110633
1632,-0.474928,-0.111524
1633,-0.478852,-0.112610
1634,-0.482715,-0.113907
1635,-0.486457,-0.115440
1636,-0.490136,-0.117190
1637,-0.493747,-0.119033
1638,-0.497156,-0.121178
1639,-0.500503,-0.123532
1640,-0.503748,-0.126006
1641,-0.506823,-0.128694
1642,-0.509725,-0.131574
1643,-0.512483,-0.134583
1644,-0.515043,-0.137785
1645,-0.517439,-0.141085
1646,-0.519647,-0.144522
1647,-0.521630,-0.148076
1648,-0.523457,-0.151731
1649,-0.525014,-0.155497
1650,-0.526390,-0.159342
1651,-0.527551,-0.163255
1652,-0.528705,-0.167047
1653,-0.529465,-0.171060
1654,-0.529934,-0.175123
1655,-0.530186,-0.179224
1656,-0.530188,-0.183366
1657,-0.529971,-0.187467
1658,-0.529523,-0.191550
1659,-0.528821,-0.195580
1660,-0.527897,-0.199584
1661,-0.526770,-0.203544
1662,-0.525393,-0.207389
1663,-0.523810,-0.211177
1664,-0.522029,-0.214888
1665,-0.520005,-0.218484
1666,-0.517800,-0.221949
1667,-0.515408,-0.225285
1668,-0.512831,-0.228504
1669,-0.510094,-0.231536
1670,-0.507168,-0.234384
1671,-0.504088,-0.237093
1672,-0.500826,-0.239657
1673,-0.497457,-0.241982
1674,-0.493991,-0.244119
1675,-0.490541,-0.246057
1676,-0.486838,-0.247810
1677,-0.483043,-0.249341
1678,-0.479149,-0.250644
1679,-0.475192,-0.251742
1680,-0.471186,-0.252578
1681,-0.467119,-0.253213
1682,-0.463035,-0.253619
1683,-0.458896,-0.253778
1684,-0.454766,-0.253712
1685,-0.450671,-0.253409
1686,-0.446722,-0.252977
1687,-0.442683,-0.252228
1688,-0.438708,-0.251234
1689,-0.434780,-0.250033
1690,-0.430924,-0.248606
1691,-0.427157,-0.246947
1692,-0.423503,-0.245083
1693,-0.419944,-0.243031
1694,-0.416535,-0.240754
1695,-0.413237,-0.238294
1696,-0.410089,-0.235722
1697,-0.407120,-0.232884
1698,-0.404287,-0.229919
1699,-0.401630,-0.226787
1700,-0.399152,-0.223498
1701,-0.396885,-0.220095
1702,-0.394790,-0.216552
1703,-0.392897,-0.212898
1704,-0.391218,-0.209156
1705,-0.389745,-0.205327
1706,-0.388531,-0.201409
1707,-0.387504,-0.197421
1708,-0.386362,-0.193454
1709,-0.385791,-0.189377
1710,-0.385502,-0.185279
1711,-0.385418,-0.181163
1712,-0.385562,-0.177055
1713,-0.385954,-0.172957
1714,-0.386578,-0.168901
1715,-0.387415,-0.164882
1716,-0.388500,-0.160949
1717,-0.389806,-0.157012
1718,-0.391307,-0.153187
1719,-0.393045,-0.149472
1720,-0.394997,-0.145852
1721,-0.397138,-0.142332
1722,-0.399365,-0.138921
1723,-0.401912,-0.135709
1724,-0.404608,-0.132585
1725,-0.407492,-0.129637
1726,-0.410506,-0.126829
1727,-0.413708,-0.124202
1728,-0.417025,-0.121752
1729,-0.420504,-0.119535
1730,-0.424104,-0.117458
1731,-0.427774,-0.115639
1732,-0.431571,-0.114020
1733,-0.435445,-0.112599
1734,-0.439390,-0.111382
1735,-0.443383,-0.110433
1736,-0.447448,-0.109689
1737,-0.451415,-0.109122
1738,-0.455520,-0.108829
1739,-0.459637,-0.108791
1740,-0.463782,-0.109020
1741,-0.467910,-0.109440
1742,-0.472018,-0.110079
1743,-0.476041,-0.110975
1744,-0.480031,-0.112111
1745,-0.483958,-0.113454
1746,-0.487814,-0.115000
1747,-0.491526,-0.116805
1748,-0.495147,-0.118795
1749,-0.498674,-0.120955
1750,-0.501964,-0.123190
1751,-0.505213,-0.125771
1752,-0.508328,-0.128517
1753,-0.511285,-0.131468
1754,-0.514075,-0.134579
1755,-0.516669,-0.137825
1756,-0.519077,-0.141213
1757,-0.521300,-0.144723
1758,-0.523292,-0.148392
1759,-0.525089,-0.152134
1760,-0.526675,-0.155974
1761,-0.528036,-0.159867
1762,-0.529185,-0.163812
1763,-0.530078,-0.167871
1764,-0.530770,-0.171974
1765,-0.531261,-0.176052
1766,-0.531463,-0.180210
1767,-0.531454,-0.184389
1768,-0.531198,-0.188548
1769,-0.530705,-0.192689
1770,-0.529977,-0.196796
1771,-0.529028,-0.200864
1772,-0.527840,-0.204855
1773,-0.526425,-0.208774
1774,-0.524792,-0.212634
1775,-0.522947,-0.216351
1776,-0.520887,-0.219968
1777,-0.518623,-0.223462
1778,-0.516195,-0.226820
1779,-0.513558,-0.230053
1780,-0.510794,-0.233088
1781,-0.507850,-0.235966
1782,-0.504693,-0.238633
1783,-0.501364,-0.241194
1784,-0.497962,-0.243508
1785,-0.494401,-0.245653
1786,-0.490703,-0.247597
1787,-0.486925,-0.249342
1788,-0.483041,-0.250844
1789,-0.479079,-0.252128
1790,-0.475065,-0.253208
1791,-0.471021,-0.254040
1792,-0.466881,-0.254610
1793,-0.462732,-0.254988
1794,-0.458549,-0.255153
1795,-0.454431,-0.255041
1796,-0.450224,-0.255036
1797,-0.446091,-0.254509
1798,-0.442003,-0.253709
1799,-0.437972,-0.252641
