0,-1.053030,0.976125
1,-1.061689,0.967460
2,-1.073138,0.954896
3,-1.083860,0.941707
4,-1.093815,0.927930
5,-1.096575,0.924064
6,-1.099198,0.912098
7,-1.101495,0.895260
8,-1.102775,0.878311
9,-1.103089,0.861316
10,-1.103150,0.856566
11,-1.098477,0.845243
12,-1.090756,0.830104
13,-1.082136,0.815454
14,-1.072698,0.801318
15,-1.062470,0.787742
16,-1.051486,0.774770
17,-1.039782,0.762444
18,-1.027396,0.750804
19,-1.014367,0.739887
20,-1.000739,0.729729
21,-0.986555,0.720363
22,-0.971860,0.711820
23,-0.956704,0.704126
24,-0.941134,0.697307
25,-0.925202,0.691385
26,-0.908958,0.686379
27,-0.892456,0.682305
28,-0.875749,0.679176
29,-0.858891,0.677004
30,-0.841936,0.675794
31,-0.824941,0.675550
32,-0.820191,0.675509
33,-0.808887,0.680229
34,-0.793780,0.688014
35,-0.779166,0.696694
36,-0.775096,0.699143
37,-0.775096,0.699143
38,-0.775096,0.699143
39,-0.775096,0.699143
40,-0.775096,0.699143
41,-0.775096,0.699143
42,-0.775096,0.699143
43,-0.775096,0.699143
44,-0.775096,0.699143
45,-0.783270,0.690018
46,-0.793558,0.676492
47,-0.803016,0.662369
48,-0.811655,0.647731
49,-0.819447,0.632625
50,-0.826367,0.617100
51,-0.832393,0.601206
52,-0.837505,0.584995
53,-0.841686,0.568520
54,-0.844923,0.551834
55,-0.847205,0.534990
56,-0.847816,0.530280
57,-0.844487,0.518490
58,-0.838573,0.502559
59,-0.831711,0.487008
60,-0.823974,0.471873
61,-0.815390,0.457203
62,-0.805984,0.443045
63,-0.795788,0.429445
64,-0.784835,0.416447
65,-0.773160,0.404094
66,-0.760801,0.392424
67,-0.747798,0.381477
68,-0.750181,0.377206
69,-0.752401,0.372716
70,-0.754421,0.368107
71,-0.756232,0.363399
72,-0.757830,0.358603
73,-0.759210,0.353728
74,-0.760367,0.348784
75,-0.761298,0.343779
76,-0.762000,0.338725
77,-0.762470,0.333630
78,-0.762704,0.328505
79,-0.763890,0.320501
80,-0.768764,0.307591
81,-0.776444,0.297578
82,-0.784171,0.288441
83,-0.791436,0.278933
84,-0.798177,0.269014
85,-0.804367,0.258709
86,-0.809986,0.248047
87,-0.815011,0.237061
88,-0.819424,0.225784
89,-0.823209,0.214250
90,-0.826349,0.202494
91,-0.828832,0.190553
92,-0.830646,0.178463
93,-0.831784,0.166262
94,-0.832237,0.153988
95,-0.832002,0.141680
96,-0.831075,0.129375
97,-0.829456,0.117115
98,-0.827148,0.104936
99,-0.824154,0.092880
100,-0.820480,0.080983
101,-0.816136,0.069285
102,-0.811131,0.057824
103,-0.805479,0.046637
104,-0.799194,0.035761
105,-0.792295,0.025232
106,-0.784799,0.015085
107,-0.776729,0.005354
108,-0.768106,-0.003928
109,-0.758957,-0.012731
110,-0.749308,-0.021023
111,-0.739188,-0.028776
112,-0.728626,-0.035964
113,-0.717655,-0.042561
114,-0.706307,-0.048543
115,-0.694617,-0.053889
116,-0.682622,-0.058580
117,-0.670357,-0.062597
118,-0.658170,-0.065716
119,-0.645499,-0.068369
120,-0.632675,-0.070311
121,-0.619737,-0.071532
122,-0.606725,-0.072024
123,-0.593682,-0.071783
124,-0.580647,-0.070806
125,-0.567664,-0.069095
126,-0.554773,-0.066652
127,-0.545952,-0.076497
128,-0.537908,-0.088728
129,-0.538304,-0.091184
130,-0.541340,-0.091770
131,-0.547193,-0.091451
132,-0.556127,-0.090685
133,-0.568456,-0.089891
134,-0.584162,-0.089397
135,-0.601137,-0.089882
136,-0.618061,-0.091284
137,-0.634888,-0.093570
138,-0.651544,-0.096905
139,-0.668010,-0.100954
140,-0.684220,-0.105925
141,-0.700112,-0.111830
142,-0.715535,-0.118837
143,-0.730610,-0.126661
144,-0.745251,-0.135248
145,-0.759379,-0.144652
146,-0.772950,-0.154845
147,-0.785917,-0.165796
148,-0.798240,-0.177467
149,-0.809879,-0.189822
150,-0.820794,-0.202820
151,-0.830952,-0.216419
152,-0.840387,-0.230481
153,-0.848943,-0.245139
154,-0.856638,-0.260269
155,-0.863458,-0.275814
156,-0.869381,-0.291722
157,-0.874389,-0.307942
158,-0.878466,-0.324420
159,-0.881597,-0.341105
160,-0.883774,-0.357940
161,-0.884988,-0.374873
162,-0.885237,-0.391847
163,-0.884520,-0.408808
164,-0.882837,-0.425701
165,-0.880195,-0.442471
166,-0.876602,-0.459063
167,-0.872070,-0.475424
168,-0.866701,-0.491474
169,-0.860400,-0.507227
170,-0.853150,-0.522579
171,-0.845039,-0.537493
172,-0.836091,-0.551922
173,-0.826337,-0.565817
174,-0.815807,-0.579135
175,-0.804536,-0.591833
176,-0.792561,-0.603868
177,-0.779920,-0.615202
178,-0.766654,-0.625797
179,-0.752806,-0.635621
180,-0.738421,-0.644640
181,-0.723546,-0.652826
182,-0.708229,-0.660151
183,-0.692519,-0.666592
184,-0.676541,-0.672216
185,-0.660202,-0.676832
186,-0.643625,-0.680507
187,-0.626866,-0.683233
188,-0.609979,-0.685000
189,-0.593018,-0.685803
190,-0.576039,-0.685639
191,-0.559097,-0.684509
192,-0.542247,-0.682416
193,-0.525543,-0.679367
194,-0.509039,-0.675372
195,-0.492790,-0.670444
196,-0.476847,-0.664599
197,-0.461263,-0.657856
198,-0.446088,-0.650237
199,-0.431372,-0.641766
200,-0.417149,-0.632584
201,-0.403485,-0.622507
202,-0.390423,-0.611656
203,-0.378000,-0.600080
204,-0.366256,-0.587814
205,-0.355160,-0.574949
206,-0.344865,-0.561451
207,-0.335373,-0.547372
208,-0.326698,-0.532774
209,-0.318869,-0.517707
210,-0.311909,-0.502218
211,-0.305843,-0.486358
212,-0.300690,-0.470178
213,-0.296466,-0.453731
214,-0.293185,-0.437070
215,-0.290858,-0.420249
216,-0.289337,-0.403372
217,-0.288918,-0.386399
218,-0.289479,-0.369429
219,-0.291066,-0.352712
220,-0.293524,-0.336258
221,-0.296831,-0.320107
222,-0.300966,-0.304298
223,-0.305901,-0.288869
224,-0.311612,-0.273855
225,-0.318206,-0.259115
226,-0.325593,-0.244806
227,-0.333664,-0.231055
228,-0.342385,-0.217900
229,-0.351731,-0.205369
230,-0.361684,-0.193487
231,-0.372225,-0.182280
232,-0.374935,-0.179438
233,-0.374935,-0.179438
234,-0.380767,-0.182110
235,-0.391873,-0.186738
236,-0.407600,-0.189887
237,-0.424049,-0.193445
238,-0.440427,-0.197800
239,-0.456582,-0.203038
240,-0.472418,-0.209182
241,-0.487883,-0.216216
242,-0.502927,-0.224116
243,-0.504997,-0.228461
244,-0.504673,-0.228712
245,-0.506669,-0.231841
246,-0.507554,-0.233669
247,-0.504755,-0.237557
248,-0.493060,-0.248399
249,-0.479539,-0.258694
250,-0.465421,-0.268160
251,-0.450788,-0.276807
252,-0.435686,-0.284607
253,-0.420165,-0.291536
254,-0.404477,-0.297632
255,-0.388269,-0.302752
256,-0.371796,-0.306942
257,-0.367180,-0.308334
258,-0.367180,-0.308334
259,-0.366390,-0.308986
260,-0.358433,-0.309031
261,-0.348448,-0.305883
262,-0.338121,-0.301182
263,-0.327737,-0.295382
264,-0.317853,-0.288920
265,-0.308311,-0.281807
266,-0.299197,-0.274083
267,-0.290573,-0.265791
268,-0.282460,-0.256922
269,-0.274942,-0.247549
270,-0.268044,-0.237692
271,-0.261809,-0.227374
272,-0.256286,-0.216622
273,-0.251530,-0.205467
274,-0.247601,-0.193940
275,-0.244595,-0.182063
276,-0.242699,-0.169828
277,-0.242280,-0.157190
278,-0.241152,-0.144574
279,-0.239213,-0.132577
280,-0.237732,-0.120734
281,-0.236929,-0.108839
282,-0.236711,-0.097007
283,-0.237189,-0.085160
284,-0.238348,-0.073405
285,-0.240172,-0.061718
286,-0.242672,-0.050148
287,-0.245806,-0.038731
288,-0.249610,-0.027525
289,-0.254044,-0.016552
290,-0.259100,-0.005845
291,-0.264745,0.004570
292,-0.270974,0.014616
293,-0.277787,0.024314
294,-0.285122,0.033592
295,-0.292992,0.042438
296,-0.301460,0.050899
297,-0.310272,0.058754
298,-0.319533,0.066126
299,-0.329192,0.072977
300,-0.339211,0.079255
301,-0.349593,0.084917
302,-0.360275,0.090011
303,-0.371225,0.094509
304,-0.382427,0.098305
305,-0.393811,0.101522
306,-0.405368,0.104069
307,-0.416990,0.105966
308,-0.428808,0.107196
309,-0.440654,0.107732
310,-0.452492,0.107618
311,-0.464284,0.106820
312,-0.476034,0.105350
313,-0.487686,0.103221
314,-0.499176,0.100447
315,-0.510503,0.096982
316,-0.521627,0.092914
317,-0.532474,0.088184
318,-0.543042,0.082831
319,-0.553291,0.076911
320,-0.563206,0.070404
321,-0.572703,0.063312
322,-0.581774,0.055728
323,-0.590440,0.047634
324,-0.598617,0.039024
325,-0.606302,0.030030
326,-0.613413,0.020550
327,-0.619972,0.010680
328,-0.625975,0.000452
329,-0.631415,-0.010112
330,-0.636218,-0.020896
331,-0.640415,-0.031962
332,-0.643943,-0.043236
333,-0.646863,-0.054723
334,-0.649096,-0.066342
335,-0.650695,-0.078018
336,-0.651624,-0.089831
337,-0.651879,-0.101659
338,-0.651480,-0.113472
339,-0.650382,-0.125247
340,-0.648621,-0.136939
341,-0.646213,-0.148509
342,-0.643138,-0.159925
343,-0.639414,-0.171147
344,-0.635045,-0.182151
345,-0.630048,-0.192870
346,-0.624131,-0.203228
347,-0.617935,-0.213269
348,-0.611225,-0.223002
349,-0.603973,-0.232314
350,-0.596200,-0.241205
351,-0.587924,-0.249662
352,-0.579189,-0.257611
353,-0.570014,-0.265084
354,-0.560414,-0.271955
355,-0.550439,-0.278312
356,-0.540122,-0.284062
357,-0.529462,-0.289229
358,-0.518545,-0.293815
359,-0.507388,-0.297760
360,-0.496039,-0.301015
361,-0.484496,-0.303653
362,-0.472674,-0.305319
363,-0.460949,-0.306567
364,-0.449126,-0.307192
365,-0.437313,-0.307152
366,-0.425520,-0.306435
367,-0.413759,-0.305037
368,-0.402124,-0.302988
369,-0.390606,-0.300285
370,-0.379274,-0.296896
371,-0.368141,-0.292912
372,-0.357274,-0.288290
373,-0.346693,-0.283024
374,-0.336397,-0.277178
375,-0.326442,-0.270764
376,-0.316967,-0.263759
377,-0.307808,-0.256220
378,-0.299120,-0.248177
379,-0.290893,-0.239645
380,-0.283175,-0.230663
381,-0.276023,-0.221251
382,-0.269323,-0.211342
383,-0.263245,-0.201223
384,-0.257756,-0.190762
385,-0.252937,-0.179972
386,-0.248664,-0.168930
387,-0.245040,-0.157697
388,-0.242085,-0.146271
389,-0.239792,-0.134663
390,-0.238117,-0.122966
391,-0.237130,-0.111176
392,-0.236846,-0.099377
393,-0.237257,-0.087513
394,-0.238282,-0.075717
395,-0.240353,-0.063972
396,-0.242752,-0.052404
397,-0.245765,-0.040995
398,-0.249473,-0.029753
399,-0.253765,-0.018751
400,-0.258668,-0.008011
401,-0.264161,0.002468
402,-0.270307,0.012569
403,-0.276978,0.022322
404,-0.284181,0.031676
405,-0.291932,0.040596
406,-0.300180,0.049064
407,-0.308876,0.057094
408,-0.318017,0.064600
409,-0.327575,0.071515
410,-0.337511,0.077909
411,-0.347856,0.083753
412,-0.358418,0.088961
413,-0.369325,0.093523
414,-0.380443,0.097487
415,-0.391761,0.100834
416,-0.403305,0.103448
417,-0.414941,0.105492
418,-0.426693,0.106834
419,-0.438459,0.107498
420,-0.450314,0.107460
421,-0.462114,0.106816
422,-0.473868,0.105466
423,-0.485501,0.103466
424,-0.496988,0.100792
425,-0.508342,0.097452
426,-0.519530,0.093434
427,-0.530410,0.088865
428,-0.541031,0.083629
429,-0.551269,0.077835
430,-0.561254,0.071468
431,-0.570839,0.064480
432,-0.580001,0.057044
433,-0.588743,0.049068
434,-0.596960,0.040577
435,-0.604731,0.031694
436,-0.611996,0.022368
437,-0.618667,0.012611
438,-0.624793,0.002499
439,-0.630329,-0.007929
440,-0.635245,-0.018684
441,-0.639545,-0.029719
442,-0.643240,-0.040923
443,-0.646259,-0.052344
444,-0.648628,-0.063966
445,-0.650364,-0.075653
446,-0.651085,-0.087548
447,-0.651443,-0.099326
448,-0.651169,-0.111146
449,-0.650175,-0.122893
450,-0.648556,-0.134599
451,-0.646275,-0.146196
452,-0.643338,-0.157614
453,-0.639717,-0.168831
454,-0.635484,-0.179872
455,-0.630639,-0.190669
456,-0.625209,-0.201144
457,-0.619148,-0.211253
458,-0.612534,-0.221067
459,-0.605378,-0.230421
460,-0.597672,-0.239381
461,-0.589498,-0.247942
462,-0.580781,-0.255938
463,-0.571651,-0.263464
464,-0.562064,-0.270408
465,-0.552172,-0.276847
466,-0.541679,-0.282459
467,-0.531136,-0.287699
468,-0.520272,-0.292340
469,-0.509188,-0.296372
470,-0.497897,-0.299774
471,-0.486414,-0.302497
472,-0.474793,-0.304591
473,-0.463058,-0.306037
474,-0.451293,-0.306800
475,-0.439520,-0.306863
476,-0.427682,-0.306273
477,-0.415964,-0.305015
478,-0.404303,-0.303103
479,-0.392797,-0.300528
480,-0.381429,-0.297256
481,-0.370270,-0.293289
482,-0.359365,-0.288783
483,-0.348759,-0.283576
484,-0.338434,-0.277781
485,-0.328447,-0.271426
486,-0.318841,-0.264514
487,-0.309598,-0.257107
488,-0.300909,-0.249182
489,-0.292653,-0.240660
490,-0.284841,-0.231768
491,-0.277585,-0.222461
492,-0.270866,-0.212726
493,-0.264715,-0.202625
494,-0.259153,-0.192215
495,-0.254186,-0.181484
496,-0.249824,-0.170460
497,-0.246199,-0.159231
498,-0.243111,-0.147844
499,-0.240676,-0.136248
500,-0.238943,-0.124520
501,-0.237859,-0.112792
502,-0.237485,-0.101020
503,-0.237807,-0.089131
504,-0.238767,-0.077370
505,-0.240339,-0.065686
506,-0.242582,-0.054076
507,-0.245529,-0.042673
508,-0.249084,-0.031434
509,-0.253332,-0.020395
510,-0.258121,-0.009633
511,-0.263498,0.000862
512,-0.269560,0.010970
513,-0.276139,0.020757
514,-0.283300,0.030161
515,-0.290927,0.039139
516,-0.299045,0.047675
517,-0.307727,0.055699
518,-0.316778,0.063246
519,-0.326233,0.070277
520,-0.336120,0.076738
521,-0.346338,0.082595
522,-0.357164,0.087643
523,-0.367960,0.092301
524,-0.379037,0.096399
525,-0.390303,0.099792
526,-0.401749,0.102583
527,-0.413363,0.104745
528,-0.425054,0.106193
529,-0.436813,0.106958
530,-0.448592,0.107095
531,-0.460390,0.106572
532,-0.472103,0.105375
533,-0.483730,0.103513
534,-0.495263,0.100955
535,-0.506602,0.097761
536,-0.517746,0.093945
537,-0.528702,0.089496
538,-0.539345,0.084343
539,-0.549686,0.078648
540,-0.559608,0.072301
541,-0.569267,0.065479
542,-0.578477,0.058077
543,-0.587220,0.050166
544,-0.595541,0.041767
545,-0.603358,0.032860
546,-0.610633,0.023603
547,-0.617368,0.013971
548,-0.623558,0.003876
549,-0.629158,-0.006531
550,-0.634154,-0.017203
551,-0.638592,-0.028201
552,-0.642323,-0.039365
553,-0.645415,-0.050718
554,-0.647837,-0.062348
555,-0.649635,-0.073980
556,-0.650746,-0.085607
557,-0.651220,-0.097497
558,-0.651013,-0.109290
559,-0.650159,-0.121051
560,-0.648664,-0.132714
561,-0.646393,-0.144314
562,-0.643555,-0.155733
563,-0.640094,-0.166979
564,-0.635878,-0.178032
565,-0.631113,-0.188811
566,-0.625783,-0.199295
567,-0.619827,-0.209450
568,-0.613266,-0.219283
569,-0.606154,-0.228674
570,-0.598578,-0.237755
571,-0.590477,-0.246279
572,-0.581821,-0.254333
573,-0.572824,-0.261916
574,-0.563347,-0.268988
575,-0.553467,-0.275468
576,-0.543300,-0.281387
577,-0.532792,-0.286661
578,-0.521876,-0.291409
579,-0.510839,-0.295478
580,-0.499581,-0.298920
581,-0.488115,-0.301783
582,-0.476481,-0.303818
583,-0.464796,-0.305283
584,-0.453045,-0.306159
585,-0.441252,-0.306308
586,-0.429454,-0.305729
587,-0.417703,-0.304498
588,-0.406086,-0.302667
589,-0.394590,-0.300115
590,-0.383233,-0.296907
591,-0.372053,-0.293075
592,-0.361157,-0.288619
593,-0.350506,-0.283493
594,-0.340192,-0.277825
595,-0.330205,-0.271610
596,-0.320554,-0.264709
597,-0.311357,-0.257342
598,-0.302590,-0.249513
599,-0.294263,-0.241219
600,-0.286436,-0.232294
601,-0.279193,-0.222998
602,-0.272403,-0.213400
603,-0.266089,-0.203393
604,-0.260476,-0.193029
605,-0.255553,-0.182333
606,-0.251114,-0.171446
607,-0.247293,-0.160333
608,-0.244467,-0.148824
609,-0.241988,-0.137240
610,-0.240150,-0.125666
611,-0.238947,-0.113992
612,-0.238407,-0.102265
613,-0.238537,-0.090525
614,-0.239374,-0.078790
615,-0.240879,-0.067124
616,-0.243007,-0.055570
617,-0.245785,-0.044160
618,-0.249207,-0.032877
619,-0.253264,-0.021817
620,-0.257979,-0.011107
621,-0.263327,-0.000621
622,-0.269210,0.009553
623,-0.275671,0.019416
624,-0.282662,0.028848
625,-0.290269,0.037860
626,-0.298446,0.046454
627,-0.306960,0.054516
628,-0.315999,0.062102
629,-0.325432,0.069121
630,-0.335209,0.075640
631,-0.345352,0.081555
632,-0.355929,0.086917
633,-0.366725,0.091593
634,-0.377710,0.095745
635,-0.388953,0.099296
636,-0.400451,0.101994
637,-0.412043,0.104164
638,-0.423734,0.105732
639,-0.435430,0.106617
640,-0.447250,0.106695
641,-0.458977,0.106133
642,-0.470673,0.105003
643,-0.482345,0.103229
644,-0.493834,0.100798
645,-0.505121,0.097264
646,-0.516209,0.093466
647,-0.527104,0.089101
648,-0.537777,0.084114
649,-0.548098,0.078553
650,-0.558118,0.072414
651,-0.567738,0.065647
652,-0.576969,0.058389
653,-0.585767,0.050639
654,-0.594111,0.042402
655,-0.601924,0.033667
656,-0.609277,0.024516
657,-0.616172,0.014939
658,-0.622423,0.005040
659,-0.628114,-0.005209
660,-0.633153,-0.015793
661,-0.637587,-0.026807
662,-0.641385,-0.037922
663,-0.644540,-0.049243
664,-0.647096,-0.060690
665,-0.648953,-0.072262
666,-0.650226,-0.083991
667,-0.650748,-0.095758
668,-0.650663,-0.107454
669,-0.649918,-0.119147
670,-0.648393,-0.130781
671,-0.646304,-0.142384
672,-0.643574,-0.153783
673,-0.640050,-0.164979
674,-0.635991,-0.176003
675,-0.631359,-0.186779
676,-0.626109,-0.197320
677,-0.620199,-0.207465
678,-0.613804,-0.217288
679,-0.606782,-0.226749
680,-0.599116,-0.235711
681,-0.591079,-0.244280
682,-0.582623,-0.252403
683,-0.573729,-0.260033
684,-0.564181,-0.267109
685,-0.554387,-0.273590
686,-0.544260,-0.279558
687,-0.533857,-0.284934
688,-0.523178,-0.289744
689,-0.512096,-0.293907
690,-0.500893,-0.297373
691,-0.489536,-0.300218
692,-0.478027,-0.302473
693,-0.466312,-0.304065
694,-0.454527,-0.304792
695,-0.442824,-0.305051
696,-0.431150,-0.304622
697,-0.419452,-0.303506
698,-0.407794,-0.301686
699,-0.396333,-0.299305
700,-0.384971,-0.296188
701,-0.373867,-0.292507
702,-0.362991,-0.288140
703,-0.352336,-0.283156
704,-0.341993,-0.277522
705,-0.332034,-0.271325
706,-0.322403,-0.264674
707,-0.313192,-0.257437
708,-0.304373,-0.249536
709,-0.296066,-0.241241
710,-0.288215,-0.232549
711,-0.280847,-0.223460
712,-0.273955,-0.213896
713,-0.267807,-0.203809
714,-0.262245,-0.193423
715,-0.257151,-0.182893
716,-0.252643,-0.172101
717,-0.248756,-0.161074
718,-0.245468,-0.149781
719,-0.243218,-0.138169
720,-0.241310,-0.126614
721,-0.240020,-0.114944
722,-0.239420,-0.103276
723,-0.239450,-0.091523
724,-0.240327,-0.079812
725,-0.241854,-0.068133
726,-0.243924,-0.056624
727,-0.246695,-0.045266
728,-0.250040,-0.034037
729,-0.254250,-0.022906
730,-0.259021,-0.012166
731,-0.264252,-0.001708
732,-0.270142,0.008410
733,-0.276640,0.018193
734,-0.283641,0.027601
735,-0.291317,0.036639
736,-0.299364,0.045151
737,-0.307817,0.053240
738,-0.317019,0.060745
739,-0.328178,0.067195
740,-0.339661,0.069571
741,-0.341746,0.070485
742,-0.348985,0.071020
743,-0.360810,0.070752
744,-0.373539,0.070044
745,-0.386275,0.068618
746,-0.398270,0.067249
747,-0.410279,0.065399
748,-0.422189,0.062904
749,-0.433939,0.059761
750,-0.445488,0.055637
751,-0.456786,0.051168
752,-0.467846,0.046076
753,-0.478551,0.040318
754,-0.488966,0.033984
755,-0.498982,0.027083
756,-0.508601,0.019625
757,-0.517781,0.011629
758,-0.526472,0.003081
759,-0.534667,-0.005912
760,-0.542342,-0.015348
761,-0.549509,-0.025201
762,-0.556028,-0.035478
763,-0.561960,-0.046148
764,-0.567286,-0.057102
765,-0.572032,-0.068423
766,-0.575965,-0.079900
767,-0.579394,-0.091597
768,-0.582122,-0.103441
769,-0.584177,-0.115426
770,-0.585548,-0.127511
771,-0.586229,-0.139655
772,-0.586183,-0.151832
773,-0.585427,-0.163998
774,-0.584000,-0.176078
775,-0.581888,-0.188068
776,-0.579083,-0.199950
777,-0.575627,-0.211634
778,-0.571413,-0.223110
779,-0.566647,-0.234315
780,-0.561237,-0.245269
781,-0.555201,-0.255874
782,-0.548578,-0.266082
783,-0.541322,-0.275901
784,-0.533573,-0.285314
785,-0.525319,-0.294286
786,-0.516525,-0.302760
787,-0.507250,-0.310697
788,-0.497583,-0.318105
789,-0.487477,-0.324956
790,-0.477010,-0.331235
791,-0.466204,-0.336895
792,-0.455061,-0.341854
793,-0.443658,-0.346244
794,-0.432057,-0.350011
795,-0.420272,-0.353077
796,-0.408290,-0.355458
797,-0.396247,-0.357076
798,-0.384109,-0.360021
799,-0.372331,-0.362724
800,-0.360577,-0.363700
801,-0.348766,-0.363848
802,-0.336935,-0.363303
803,-0.325166,-0.362051
804,-0.313537,-0.360050
805,-0.301967,-0.357471
806,-0.290555,-0.354245
807,-0.279356,-0.350352
808,-0.268393,-0.345830
809,-0.257777,-0.340385
810,-0.247459,-0.334609
811,-0.237439,-0.328297
812,-0.227762,-0.321442
813,-0.218551,-0.314007
814,-0.209738,-0.306086
815,-0.201387,-0.297684
816,-0.193534,-0.288865
817,-0.186181,-0.279561
818,-0.179374,-0.269868
819,-0.173114,-0.259810
820,-0.167458,-0.249416
821,-0.162400,-0.238713
822,-0.157937,-0.227733
823,-0.154140,-0.216526
824,-0.151276,-0.204949
825,-0.148803,-0.193387
826,-0.146957,-0.181693
827,-0.145794,-0.169920
828,-0.145301,-0.158095
829,-0.145467,-0.146250
830,-0.146325,-0.134451
831,-0.147852,-0.122713
832,-0.150045,-0.111079
833,-0.152885,-0.099577
834,-0.156410,-0.088268
835,-0.160546,-0.077143
836,-0.165336,-0.066312
837,-0.170722,-0.055752
838,-0.176813,-0.045450
839,-0.183379,-0.035609
840,-0.190457,-0.026139
841,-0.198109,-0.017109
842,-0.206241,-0.008497
843,-0.214846,-0.000361
844,-0.223934,0.007236
845,-0.233427,0.014331
846,-0.243267,0.020865
847,-0.253499,0.026812
848,-0.264050,0.032208
849,-0.274810,0.036948
850,-0.285982,0.041129
851,-0.297475,0.044366
852,-0.308962,0.047241
853,-0.320577,0.049454
854,-0.332306,0.051007
855,-0.344107,0.051891
856,-0.355944,0.052115
857,-0.367765,0.051650
858,-0.379545,0.050513
859,-0.391252,0.048720
860,-0.402821,0.046250
861,-0.414237,0.043124
862,-0.425458,0.039352
863,-0.436455,0.034961
864,-0.447173,0.029937
865,-0.457588,0.024303
866,-0.467623,0.017776
867,-0.477268,0.010939
868,-0.486570,0.003602
869,-0.495383,-0.004182
870,-0.503853,-0.012540
871,-0.511784,-0.021334
872,-0.519200,-0.030559
873,-0.526079,-0.040189
874,-0.532414,-0.050188
875,-0.538151,-0.060535
876,-0.543291,-0.071196
877,-0.547837,-0.082137
878,-0.551727,-0.093306
879,-0.554978,-0.104686
880,-0.557576,-0.116235
881,-0.559497,-0.127904
882,-0.560753,-0.139677
883,-0.561329,-0.151512
884,-0.561226,-0.163363
885,-0.560438,-0.175196
886,-0.558944,-0.186998
887,-0.556840,-0.198726
888,-0.554068,-0.210161
889,-0.550649,-0.221481
890,-0.546597,-0.232598
891,-0.541895,-0.243456
892,-0.536599,-0.254045
893,-0.530674,-0.264295
894,-0.524207,-0.274216
895,-0.517191,-0.283753
896,-0.509627,-0.292857
897,-0.501563,-0.301512
898,-0.493002,-0.309711
899,-0.484009,-0.317418
900,-0.474592,-0.324580
901,-0.464700,-0.331198
902,-0.454549,-0.337280
903,-0.444059,-0.342734
904,-0.433233,-0.347582
905,-0.422169,-0.351814
906,-0.410853,-0.355400
907,-0.399392,-0.358330
908,-0.387758,-0.360613
909,-0.376024,-0.362204
910,-0.364200,-0.363134
911,-0.352347,-0.363421
912,-0.340504,-0.363017
913,-0.328697,-0.361906
914,-0.316973,-0.360178
915,-0.305370,-0.357719
916,-0.293886,-0.354603
917,-0.282652,-0.350887
918,-0.271619,-0.346528
919,-0.260867,-0.341551
920,-0.250418,-0.335975
921,-0.240313,-0.329783
922,-0.230525,-0.323020
923,-0.221227,-0.315771
924,-0.212311,-0.308000
925,-0.203865,-0.299714
926,-0.195883,-0.290971
927,-0.188432,-0.281776
928,-0.181494,-0.272181
929,-0.175135,-0.262198
930,-0.169340,-0.251867
931,-0.164154,-0.241213
932,-0.159593,-0.230373
933,-0.155608,-0.219152
934,-0.152289,-0.207764
935,-0.149613,-0.196226
936,-0.147604,-0.184556
937,-0.146257,-0.172794
938,-0.145582,-0.160975
939,-0.145623,-0.149103
940,-0.146320,-0.137283
941,-0.147698,-0.125467
942,-0.149712,-0.113839
943,-0.152399,-0.102317
944,-0.155741,-0.090960
945,-0.159728,-0.079810
946,-0.164346,-0.068905
947,-0.169572,-0.058280
948,-0.175390,-0.047969
949,-0.181884,-0.038008
950,-0.188769,-0.028390
951,-0.196241,-0.019240
952,-0.204241,-0.010515
953,-0.212711,-0.002253
954,-0.221645,0.005489
955,-0.231017,0.012727
956,-0.240770,0.019431
957,-0.250905,0.025538
958,-0.261393,0.031064
959,-0.272182,0.035996
960,-0.283220,0.040316
961,-0.294487,0.043958
962,-0.305938,0.046978
963,-0.317555,0.049367
964,-0.329273,0.051040
965,-0.341195,0.051744
966,-0.353033,0.052107
967,-0.364848,0.051803
968,-0.376656,0.050807
969,-0.388387,0.049163
970,-0.399989,0.046837
971,-0.411470,0.043846
972,-0.422757,0.040241
973,-0.433779,0.035977
974,-0.444586,0.031078
975,-0.455091,0.025604
976,-0.465243,0.019522
977,-0.475047,0.012858
978,-0.484459,0.005654
979,-0.493455,-0.002058
980,-0.501961,-0.010319
981,-0.510058,-0.019135
982,-0.517488,-0.028291
983,-0.524514,-0.037836
984,-0.530956,-0.047749
985,-0.536830,-0.058016
986,-0.542111,-0.068603
987,-0.546757,-0.079503
988,-0.550764,-0.090636
989,-0.554127,-0.101971
990,-0.556842,-0.113505
991,-0.558906,-0.125168
992,-0.560320,-0.137031
993,-0.561018,-0.148852
994,-0.561074,-0.160689
995,-0.560453,-0.172510
996,-0.559154,-0.184286
997,-0.557180,-0.195950
998,-0.554543,-0.207475
999,-0.551250,-0.218854
1000,-0.547328,-0.230027
1001,-0.542768,-0.240946
1002,-0.537599,-0.251597
1003,-0.531813,-0.261950
1004,-0.525448,-0.271955
1005,-0.518551,-0.281577
1006,-0.511109,-0.290793
1007,-0.503156,-0.299532
1008,-0.494679,-0.307829
1009,-0.485780,-0.315652
1010,-0.476452,-0.322937
1011,-0.466703,-0.329653
1012,-0.456571,-0.335843
1013,-0.446156,-0.341403
1014,-0.435394,-0.346385
1015,-0.424397,-0.350755
1016,-0.413127,-0.354490
1017,-0.401722,-0.357552
1018,-0.390100,-0.359974
1019,-0.378373,-0.361744
1020,-0.366485,-0.362539
1021,-0.354658,-0.362941
1022,-0.342838,-0.362696
1023,-0.331051,-0.361761
1024,-0.319302,-0.360187
1025,-0.307679,-0.357945
1026,-0.296206,-0.355027
1027,-0.284919,-0.351454
1028,-0.273849,-0.347283
1029,-0.263054,-0.342459
1030,-0.252522,-0.337011
1031,-0.242334,-0.331001
1032,-0.232471,-0.324432
1033,-0.223042,-0.317281
1034,-0.214035,-0.309606
1035,-0.205486,-0.301364
1036,-0.197380,-0.292712
1037,-0.189817,-0.283623
1038,-0.182778,-0.274111
1039,-0.176331,-0.264166
1040,-0.170430,-0.253916
1041,-0.165083,-0.243365
1042,-0.160407,-0.232503
1043,-0.156346,-0.221364
1044,-0.152899,-0.209991
1045,-0.150126,-0.198509
1046,-0.148009,-0.186888
1047,-0.146559,-0.175120
1048,-0.145760,-0.163319
1049,-0.145632,-0.151454
1050,-0.146256,-0.139625
1051,-0.147491,-0.127845
1052,-0.149445,-0.116156
1053,-0.152049,-0.104547
1054,-0.155275,-0.093166
1055,-0.159157,-0.081966
1056,-0.163708,-0.071012
1057,-0.168842,-0.060350
1058,-0.174556,-0.049962
1059,-0.181224,-0.040079
1060,-0.188089,-0.030439
1061,-0.195467,-0.021193
1062,-0.203354,-0.012379
1063,-0.211746,-0.004034
1064,-0.220587,0.003822
1065,-0.229881,0.011138
1066,-0.239564,0.017928
1067,-0.249621,0.024179
1068,-0.260010,0.029808
1069,-0.270714,0.034867
1070,-0.281669,0.039300
1071,-0.292802,0.043101
1072,-0.304219,0.046304
1073,-0.315769,0.048829
1074,-0.327468,0.050651
1075,-0.339250,0.051815
1076,-0.351074,0.052331
1077,-0.362904,0.052114
1078,-0.374705,0.051252
1079,-0.386451,0.049677
1080,-0.398065,0.047480
1081,-0.409559,0.044647
1082,-0.420861,0.041106
1083,-0.431932,0.036965
1084,-0.442755,0.032167
1085,-0.453248,0.026460
1086,-0.463405,0.020469
1087,-0.473259,0.013942
1088,-0.482730,0.006868
1089,-0.491785,-0.000733
1090,-0.500395,-0.008839
1091,-0.508529,-0.017440
1092,-0.516137,-0.026466
1093,-0.523210,-0.035922
1094,-0.529749,-0.045796
1095,-0.535732,-0.056005
1096,-0.541129,-0.066535
1097,-0.545904,-0.077366
1098,-0.550042,-0.088435
1099,-0.553559,-0.099716
1100,-0.556415,-0.111190
1101,-0.558560,-0.122885
1102,-0.560095,-0.134595
1103,-0.560956,-0.146399
1104,-0.561106,-0.158207
1105,-0.560566,-0.170035
1106,-0.559409,-0.181813
1107,-0.557572,-0.193509
1108,-0.555057,-0.205078
1109,-0.551871,-0.216474
1110,-0.548093,-0.227672
1111,-0.543624,-0.238625
1112,-0.538532,-0.249339
1113,-0.532889,-0.259726
1114,-0.526680,-0.269778
1115,-0.519860,-0.279451
1116,-0.512467,-0.288726
1117,-0.504612,-0.297575
1118,-0.496194,-0.305933
1119,-0.487342,-0.313792
1120,-0.478054,-0.321213
1121,-0.468398,-0.328046
1122,-0.458324,-0.334282
1123,-0.447943,-0.339923
1124,-0.437219,-0.345001
1125,-0.426254,-0.349473
1126,-0.415054,-0.353291
1127,-0.403657,-0.356459
1128,-0.392087,-0.358998
1129,-0.380429,-0.360884
1130,-0.368663,-0.362091
1131,-0.356840,-0.362605
1132,-0.345021,-0.362463
1133,-0.333213,-0.361682
1134,-0.321499,-0.360135
1135,-0.309855,-0.358010
1136,-0.298376,-0.355190
1137,-0.287075,-0.351728
1138,-0.275957,-0.347601
1139,-0.265120,-0.342907
1140,-0.254572,-0.337587
1141,-0.244376,-0.331676
1142,-0.234456,-0.325161
1143,-0.224970,-0.318092
1144,-0.215894,-0.310526
1145,-0.207233,-0.302451
1146,-0.199092,-0.293864
1147,-0.191455,-0.284857
1148,-0.184317,-0.275415
1149,-0.177761,-0.265583
1150,-0.171722,-0.255427
1151,-0.166325,-0.244905
1152,-0.161519,-0.234094
1153,-0.157344,-0.223046
1154,-0.153799,-0.211763
1155,-0.150900,-0.200276
1156,-0.148684,-0.188643
1157,-0.147097,-0.176947
1158,-0.146184,-0.165128
1159,-0.145990,-0.153281
1160,-0.146462,-0.141482
1161,-0.147589,-0.129712
1162,-0.149394,-0.118020
1163,-0.151820,-0.106469
1164,-0.155003,-0.095069
1165,-0.158808,-0.083844
1166,-0.163166,-0.072826
1167,-0.168182,-0.062113
1168,-0.173801,-0.051729
1169,-0.180000,-0.041670
1170,-0.187143,-0.032092
1171,-0.194412,-0.022775
1172,-0.202188,-0.013923
1173,-0.210499,-0.005522
1174,-0.219247,0.002400
1175,-0.228421,0.009813
1176,-0.238027,0.016691
1177,-0.247996,0.022996
1178,-0.258321,0.028766
1179,-0.268932,0.033915
1180,-0.279832,0.038410
1181,-0.290993,0.042348
1182,-0.302348,0.045631
1183,-0.313851,0.048253
1184,-0.325487,0.050171
1185,-0.337269,0.051396
1186,-0.349107,0.052029
1187,-0.360890,0.051894
1188,-0.372699,0.051078
1189,-0.384437,0.049672
1190,-0.396109,0.047576
1191,-0.407592,0.044695
1192,-0.418903,0.041308
1193,-0.430025,0.037291
1194,-0.440797,0.032269
1195,-0.451344,0.026932
1196,-0.461622,0.021083
1197,-0.471495,0.014670
1198,-0.481001,0.007706
1199,-0.490087,0.000170
1200,-0.498741,-0.007850
1201,-0.506953,-0.016348
1202,-0.514671,-0.025282
1203,-0.521822,-0.034681
1204,-0.528441,-0.044441
1205,-0.534500,-0.054556
1206,-0.539940,-0.064996
1207,-0.544838,-0.075801
1208,-0.549074,-0.086794
1209,-0.552672,-0.098065
1210,-0.555597,-0.109516
1211,-0.557873,-0.121124
1212,-0.559450,-0.132847
1213,-0.560398,-0.144604
1214,-0.560660,-0.156442
1215,-0.560229,-0.168261
1216,-0.559178,-0.180005
1217,-0.557413,-0.191652
1218,-0.554964,-0.203345
1219,-0.551932,-0.214745
1220,-0.548231,-0.225940
1221,-0.543923,-0.236911
1222,-0.538969,-0.247598
1223,-0.533396,-0.258009
1224,-0.527296,-0.268122
1225,-0.520635,-0.277829
1226,-0.513369,-0.287104
1227,-0.505585,-0.295985
1228,-0.497347,-0.304424
1229,-0.488656,-0.312389
1230,-0.479409,-0.319794
1231,-0.469836,-0.326685
1232,-0.459838,-0.333072
1233,-0.449546,-0.338828
1234,-0.438941,-0.343992
1235,-0.428043,-0.348564
1236,-0.416875,-0.352446
1237,-0.405517,-0.355732
1238,-0.393981,-0.358337
1239,-0.382415,-0.360336
1240,-0.370644,-0.361686
1241,-0.358858,-0.362318
1242,-0.347069,-0.362285
1243,-0.335263,-0.361568
1244,-0.323561,-0.360225
1245,-0.311946,-0.358175
1246,-0.300400,-0.355499
1247,-0.289142,-0.352166
1248,-0.278056,-0.348213
1249,-0.267200,-0.343646
1250,-0.256627,-0.338428
1251,-0.246365,-0.332640
1252,-0.236442,-0.326289
1253,-0.226913,-0.319344
1254,-0.217742,-0.311877
1255,-0.209052,-0.303930
1256,-0.200846,-0.295465
1257,-0.193115,-0.286576
1258,-0.185946,-0.277210
1259,-0.179305,-0.267443
1260,-0.173165,-0.257334
1261,-0.167713,-0.246827
1262,-0.162798,-0.236121
1263,-0.158501,-0.225097
1264,-0.154943,-0.213820
1265,-0.151970,-0.202403
1266,-0.149566,-0.190823
1267,-0.147955,-0.179109
1268,-0.146998,-0.167371
1269,-0.146678,-0.155543
1270,-0.147074,-0.143712
1271,-0.148049,-0.131955
1272,-0.149729,-0.120260
1273,-0.152179,-0.108668
1274,-0.155176,-0.097279
1275,-0.158782,-0.086069
1276,-0.163059,-0.075088
1277,-0.168052,-0.064300
1278,-0.173620,-0.053913
1279,-0.179674,-0.043814
1280,-0.186284,-0.034073
1281,-0.193540,-0.024741
1282,-0.201294,-0.015789
1283,-0.209517,-0.007371
1284,-0.218199,0.000643
1285,-0.227378,0.008060
1286,-0.236937,0.014968
1287,-0.246883,0.021358
1288,-0.257215,0.027134
1289,-0.267763,0.032368
1290,-0.278599,0.036937
1291,-0.289933,0.040607
1292,-0.301215,0.043921
1293,-0.312655,0.046580
1294,-0.324306,0.048642
1295,-0.335978,0.050020
1296,-0.347714,0.050742
1297,-0.359510,0.050805
1298,-0.371242,0.050132
1299,-0.382941,0.048834
1300,-0.394577,0.046894
1301,-0.406036,0.044285
1302,-0.417364,0.040978
1303,-0.428466,0.037064
1304,-0.439327,0.032542
1305,-0.449927,0.027424
1306,-0.460233,0.021686
1307,-0.470002,0.014965
1308,-0.479516,0.008048
1309,-0.488696,0.000629
1310,-0.497398,-0.007271
1311,-0.505599,-0.015690
1312,-0.513344,-0.024536
1313,-0.520611,-0.033824
1314,-0.527306,-0.043485
1315,-0.533441,-0.053512
1316,-0.538981,-0.063934
1317,-0.543943,-0.074617
1318,-0.548271,-0.085539
1319,-0.551980,-0.096693
1320,-0.555039,-0.108091
1321,-0.557422,-0.119635
1322,-0.559176,-0.131266
1323,-0.560251,-0.143023
1324,-0.560596,-0.154812
1325,-0.560290,-0.166569
1326,-0.559248,-0.178334
1327,-0.557631,-0.189991
1328,-0.555327,-0.201576
1329,-0.552281,-0.213018
1330,-0.548700,-0.224217
1331,-0.544514,-0.235207
1332,-0.539678,-0.245924
1333,-0.534175,-0.256414
1334,-0.528131,-0.266502
1335,-0.521556,-0.276217
1336,-0.514216,-0.285592
1337,-0.506566,-0.294563
1338,-0.498450,-0.303042
1339,-0.489813,-0.311022
1340,-0.480689,-0.318504
1341,-0.471167,-0.325471
1342,-0.461289,-0.331862
1343,-0.451002,-0.337709
1344,-0.440508,-0.342950
1345,-0.429670,-0.347590
1346,-0.418489,-0.351476
1347,-0.407237,-0.354857
1348,-0.395818,-0.357614
1349,-0.384279,-0.359681
1350,-0.372366,-0.360715
1351,-0.360644,-0.361397
1352,-0.348903,-0.361487
1353,-0.337131,-0.360922
1354,-0.325462,-0.359684
1355,-0.313900,-0.357733
1356,-0.302432,-0.355155
1357,-0.291070,-0.351974
1358,-0.279991,-0.348134
1359,-0.269138,-0.343669
1360,-0.258556,-0.338592
1361,-0.248254,-0.332819
1362,-0.238319,-0.326557
1363,-0.228752,-0.319752
1364,-0.219588,-0.312416
1365,-0.210856,-0.304570
1366,-0.202555,-0.296176
1367,-0.194843,-0.287303
1368,-0.187619,-0.277979
1369,-0.180900,-0.268351
1370,-0.174744,-0.258285
1371,-0.169218,-0.247873
1372,-0.164275,-0.237209
1373,-0.159836,-0.226237
1374,-0.156262,-0.215059
1375,-0.153231,-0.203641
1376,-0.150803,-0.192156
1377,-0.149007,-0.180558
1378,-0.147934,-0.168860
1379,-0.147582,-0.157002
1380,-0.147841,-0.145276
1381,-0.148785,-0.133563
1382,-0.150338,-0.121874
1383,-0.152642,-0.110316
1384,-0.155581,-0.098941
1385,-0.159150,-0.087771
1386,-0.163306,-0.076734
1387,-0.168223,-0.066009
1388,-0.173593,-0.055564
1389,-0.179536,-0.045463
1390,-0.186010,-0.035741
1391,-0.193287,-0.026379
1392,-0.200865,-0.017420
1393,-0.208924,-0.008904
1394,-0.217453,-0.000831
1395,-0.226571,0.006632
1396,-0.235978,0.013621
1397,-0.245755,0.020089
1398,-0.255946,0.025925
1399,-0.266397,0.031236
1400,-0.277211,0.035888
1401,-0.288211,0.039992
1402,-0.299508,0.043344
1403,-0.310989,0.046107
1404,-0.322532,0.048185
1405,-0.334179,0.049636
1406,-0.345872,0.050457
1407,-0.357652,0.050560
1408,-0.369453,0.049932
1409,-0.381128,0.048669
1410,-0.392673,0.046768
1411,-0.404137,0.044222
1412,-0.415474,0.040995
1413,-0.426616,0.037119
1414,-0.437512,0.032628
1415,-0.448058,0.027533
1416,-0.458326,0.021905
1417,-0.468225,0.015647
1418,-0.477768,0.008669
1419,-0.486988,0.001319
1420,-0.495720,-0.006482
1421,-0.503997,-0.014764
1422,-0.511740,-0.023548
1423,-0.518928,-0.032925
1424,-0.525665,-0.042531
1425,-0.531882,-0.052534
1426,-0.537429,-0.062862
1427,-0.542438,-0.073443
1428,-0.546694,-0.084436
1429,-0.550336,-0.095626
1430,-0.553490,-0.106994
1431,-0.555979,-0.118448
1432,-0.557799,-0.129997
1433,-0.558752,-0.141785
1434,-0.559145,-0.153485
1435,-0.558962,-0.165271
1436,-0.558125,-0.176943
1437,-0.556544,-0.188560
1438,-0.554250,-0.200146
1439,-0.551398,-0.211486
1440,-0.547882,-0.222688
1441,-0.543584,-0.233675
1442,-0.538660,-0.244417
1443,-0.533302,-0.254829
1444,-0.527404,-0.264932
1445,-0.520887,-0.274757
1446,-0.513733,-0.284063
1447,-0.506053,-0.293005
1448,-0.497961,-0.301465
1449,-0.489370,-0.309429
1450,-0.480409,-0.316961
1451,-0.470845,-0.323978
1452,-0.460936,-0.330328
1453,-0.450818,-0.336191
1454,-0.440397,-0.341491
1455,-0.429581,-0.346081
1456,-0.418459,-0.350117
1457,-0.407128,-0.353401
1458,-0.395764,-0.356176
1459,-0.384138,-0.358167
1460,-0.372508,-0.359543
1461,-0.360840,-0.360340
1462,-0.348910,-0.360300
1463,-0.337205,-0.359665
1464,-0.325579,-0.358272
1465,-0.313271,-0.354909
1466,-0.303573,-0.347943
1467,-0.301541,-0.347064
1468,-0.296162,-0.342180
1469,-0.288088,-0.333434
1470,-0.279845,-0.323725
1471,-0.272116,-0.313479
1472,-0.264858,-0.303845
1473,-0.257919,-0.293888
1474,-0.251510,-0.283560
1475,-0.245691,-0.272885
1476,-0.240487,-0.261895
1477,-0.235906,-0.250592
1478,-0.232041,-0.239064
1479,-0.228819,-0.227268
1480,-0.226246,-0.215325
1481,-0.224364,-0.203311
1482,-0.223119,-0.191191
1483,-0.222719,-0.179024
1484,-0.222948,-0.166809
1485,-0.223816,-0.154653
1486,-0.225387,-0.142579
1487,-0.227628,-0.130562
1488,-0.230612,-0.118739
1489,-0.234194,-0.107106
1490,-0.238479,-0.095735
1491,-0.243426,-0.084583
1492,-0.248941,-0.073745
1493,-0.255103,-0.063228
1494,-0.261823,-0.053057
1495,-0.269116,-0.043332
1496,-0.277033,-0.034051
1497,-0.285386,-0.025205
1498,-0.294239,-0.016839
1499,-0.303540,-0.008968
1500,-0.313286,-0.001678
1501,-0.323473,0.005005
1502,-0.334023,0.011149
1503,-0.344922,0.016652
1504,-0.356064,0.021580
1505,-0.367489,0.025861
1506,-0.379150,0.029424
1507,-0.390981,0.032324
1508,-0.402982,0.034556
1509,-0.415202,0.035855
1510,-0.427318,0.036730
1511,-0.439497,0.036944
1512,-0.451645,0.036475
1513,-0.463772,0.035226
1514,-0.475789,0.033351
1515,-0.487706,0.030808
1516,-0.499429,0.027587
1517,-0.511013,0.023742
1518,-0.522257,0.019144
1519,-0.533260,0.013965
1520,-0.543982,0.008179
1521,-0.554331,0.001790
1522,-0.564280,-0.005213
1523,-0.575182,-0.011360
1524,-0.585479,-0.017522
1525,-0.594708,-0.024865
1526,-0.603462,-0.032883
1527,-0.611674,-0.041355
1528,-0.619401,-0.050322
1529,-0.626612,-0.059717
1530,-0.633278,-0.069512
1531,-0.639374,-0.079671
1532,-0.644881,-0.090161
1533,-0.649782,-0.100949
1534,-0.654059,-0.111999
1535,-0.657700,-0.123275
1536,-0.660692,-0.134740
1537,-0.663025,-0.146358
1538,-0.664687,-0.158133
1539,-0.665719,-0.169923
1540,-0.666039,-0.181751
1541,-0.665702,-0.193586
1542,-0.664671,-0.205378
1543,-0.662967,-0.217117
1544,-0.660561,-0.228724
1545,-0.657522,-0.240216
1546,-0.653880,-0.251454
1547,-0.649576,-0.262475
1548,-0.644665,-0.273252
1549,-0.639113,-0.283715
1550,-0.633006,-0.293868
1551,-0.626336,-0.303656
1552,-0.618995,-0.313008
1553,-0.611303,-0.322013
1554,-0.603070,-0.330502
1555,-0.594357,-0.338522
1556,-0.585210,-0.346039
1557,-0.575639,-0.353002
1558,-0.565693,-0.359429
1559,-0.555392,-0.365260
1560,-0.544779,-0.370516
1561,-0.533881,-0.375138
1562,-0.522719,-0.379144
1563,-0.511336,-0.382477
1564,-0.499794,-0.385193
1565,-0.488118,-0.387212
1566,-0.476332,-0.388580
1567,-0.464315,-0.389162
1568,-0.452532,-0.389237
1569,-0.440735,-0.388593
1570,-0.428953,-0.387297
1571,-0.417291,-0.385326
1572,-0.405762,-0.382673
1573,-0.394386,-0.379382
1574,-0.383220,-0.375454
1575,-0.372296,-0.370877
1576,-0.361643,-0.365705
1577,-0.351320,-0.359922
1578,-0.341314,-0.353570
1579,-0.331699,-0.346655
1580,-0.322580,-0.339167
1581,-0.313781,-0.331199
1582,-0.305482,-0.322762
1583,-0.297670,-0.313867
1584,-0.290376,-0.304540
1585,-0.283667,-0.294820
1586,-0.277494,-0.284716
1587,-0.271894,-0.274283
1588,-0.266913,-0.263544
1589,-0.262547,-0.252504
1590,-0.258826,-0.241199
1591,-0.255757,-0.229765
1592,-0.253346,-0.218148
1593,-0.251591,-0.206427
1594,-0.250502,-0.194629
1595,-0.250111,-0.182782
1596,-0.250385,-0.170931
1597,-0.251308,-0.159102
1598,-0.252942,-0.147384
1599,-0.255229,-0.135748
1600,-0.258199,-0.124273
1601,-0.261798,-0.112945
1602,-0.266034,-0.101891
1603,-0.270882,-0.091095
1604,-0.276673,-0.080642
1605,-0.282695,-0.070459
1606,-0.289238,-0.060686
1607,-0.296397,-0.051205
1608,-0.304060,-0.042173
1609,-0.312209,-0.033587
1610,-0.320837,-0.025493
1611,-0.329913,-0.017901
1612,-0.339400,-0.010825
1613,-0.349279,-0.004317
1614,-0.359516,0.001620
1615,-0.370080,0.006987
1616,-0.380919,0.011714
1617,-0.392017,0.015822
1618,-0.403334,0.019292
1619,-0.414862,0.022108
1620,-0.426522,0.024226
1621,-0.438289,0.025668
1622,-0.450125,0.026445
1623,-0.462029,0.026561
1624,-0.473857,0.026016
1625,-0.485633,0.024752
1626,-0.497317,0.022844
1627,-0.508890,0.020276
1628,-0.520285,0.017016
1629,-0.531476,0.013144
1630,-0.542469,0.008636
1631,-0.553136,0.003529
1632,-0.563495,-0.002216
1633,-0.573536,-0.008524
1634,-0.583206,-0.015381
1635,-0.592437,-0.022807
1636,-0.601250,-0.030743
1637,-0.609468,-0.039425
1638,-0.617258,-0.048302
1639,-0.624587,-0.057613
1640,-0.631438,-0.067318
1641,-0.637669,-0.077366
1642,-0.643301,-0.087766
1643,-0.648368,-0.098478
1644,-0.652787,-0.109468
1645,-0.656599,-0.120679
1646,-0.659768,-0.132088
1647,-0.662256,-0.143665
1648,-0.664128,-0.155385
1649,-0.665272,-0.167151
1650,-0.665776,-0.178991
1651,-0.665611,-0.190839
1652,-0.664616,-0.202803
1653,-0.663143,-0.214499
1654,-0.660946,-0.226106
1655,-0.658106,-0.237587
1656,-0.654631,-0.248866
1657,-0.650506,-0.259953
1658,-0.645758,-0.270788
1659,-0.640377,-0.281318
1660,-0.634412,-0.291545
1661,-0.627896,-0.301431
1662,-0.620802,-0.310891
1663,-0.613190,-0.319957
1664,-0.605048,-0.328490
1665,-0.596437,-0.336646
1666,-0.587397,-0.344288
1667,-0.577942,-0.351406
1668,-0.568097,-0.357999
1669,-0.557892,-0.363976
1670,-0.547338,-0.369332
1671,-0.536500,-0.374109
1672,-0.525416,-0.378201
1673,-0.514109,-0.381728
1674,-0.502605,-0.384616
1675,-0.490853,-0.386844
1676,-0.479130,-0.388395
1677,-0.467329,-0.389247
1678,-0.455489,-0.389433
1679,-0.443658,-0.388950
1680,-0.431884,-0.387769
1681,-0.420176,-0.385958
1682,-0.408603,-0.383469
1683,-0.397247,-0.380264
1684,-0.386008,-0.376505
1685,-0.375026,-0.372111
1686,-0.364206,-0.367037
1687,-0.353797,-0.361426
1688,-0.343743,-0.355184
1689,-0.334048,-0.348385
1690,-0.324750,-0.341058
1691,-0.315884,-0.333201
1692,-0.307490,-0.324864
1693,-0.299580,-0.316054
1694,-0.292204,-0.306799
1695,-0.285341,-0.297149
1696,-0.279215,-0.286928
1697,-0.273522,-0.276567
1698,-0.268384,-0.265893
1699,-0.263871,-0.254942
1700,-0.259991,-0.243773
1701,-0.256769,-0.232382
1702,-0.254177,-0.220828
1703,-0.252246,-0.209162
1704,-0.250987,-0.197375
1705,-0.250393,-0.185542
1706,-0.250507,-0.173722
1707,-0.251264,-0.161892
1708,-0.252752,-0.150092
1709,-0.254853,-0.138446
1710,-0.257663,-0.126941
1711,-0.261095,-0.115614
1712,-0.265169,-0.104493
1713,-0.269878,-0.093629
1714,-0.275208,-0.083053
1715,-0.281121,-0.072784
1716,-0.287643,-0.062890
1717,-0.294677,-0.053356
1718,-0.302240,-0.044249
1719,-0.310312,-0.035616
1720,-0.318894,-0.027432
1721,-0.327902,-0.019743
1722,-0.337594,-0.012768
1723,-0.347419,-0.006215
1724,-0.357598,-0.000165
1725,-0.368086,0.005265
1726,-0.378911,0.010139
1727,-0.389952,0.014364
1728,-0.401231,0.017971
1729,-0.412685,0.020885
1730,-0.424288,0.023203
1731,-0.436010,0.024804
1732,-0.447821,0.025750
1733,-0.459660,0.026037
1734,-0.471501,0.025667
1735,-0.483286,0.024577
1736,-0.494994,0.022823
1737,-0.506714,0.020348
1738,-0.518117,0.017272
1739,-0.529318,0.013532
1740,-0.540323,0.009159
1741,-0.551061,0.004172
1742,-0.561510,-0.001389
1743,-0.571583,-0.007555
1744,-0.581309,-0.014318
1745,-0.590644,-0.021595
1746,-0.599560,-0.029379
1747,-0.607982,-0.037668
1748,-0.615942,-0.046459
1749,-0.623411,-0.055676
1750,-0.630334,-0.065408
1751,-0.636684,-0.075378
1752,-0.642452,-0.085706
1753,-0.647546,-0.096342
1754,-0.652136,-0.107259
1755,-0.656083,-0.118402
1756,-0.659393,-0.129751
1757,-0.662034,-0.141282
1758,-0.664019,-0.152919
1759,-0.665315,-0.164681
1760,-0.665956,-0.176493
1761,-0.665904,-0.188347
1762,-0.665189,-0.200128
1763,-0.663799,-0.211929
1764,-0.661767,-0.223581
1765,-0.658720,-0.235093
1766,-0.655377,-0.246418
1767,-0.651420,-0.257555
1768,-0.646826,-0.268434
1769,-0.641619,-0.279038
1770,-0.635815,-0.289329
1771,-0.629446,-0.299286
1772,-0.622510,-0.308848
1773,-0.615039,-0.318002
1774,-0.607062,-0.326745
1775,-0.598603,-0.334979
1776,-0.589682,-0.342728
1777,-0.580333,-0.349958
1778,-0.570574,-0.356661
1779,-0.560460,-0.362804
1780,-0.549966,-0.368328
1781,-0.538963,-0.372925
1782,-0.527928,-0.377171
1783,-0.516683,-0.380852
1784,-0.505252,-0.383838
1785,-0.493645,-0.386196
1786,-0.481950,-0.387892
1787,-0.470164,-0.388930
1788,-0.458315,-0.389270
1789,-0.446512,-0.388946
1790,-0.434721,-0.387963
1791,-0.423017,-0.386285
1792,-0.411420,-0.383930
1793,-0.399965,-0.380952
1794,-0.388676,-0.377345
1795,-0.377669,-0.373056
1796,-0.366897,-0.368079
1797,-0.356402,-0.362611
1798,-0.346262,-0.356519
1799,-0.336504,-0.349842
