0,1.489410,0.271968
1,1.489410,0.271968
2,1.489410,0.271968
3,1.489410,0.271968
4,1.479888,0.279675
5,1.465865,0.289274
6,1.451286,0.298013
7,1.436234,0.305910
8,1.420757,0.312937
9,1.404905,0.319072
10,1.388730,0.324295
11,1.372284,0.328589
12,1.355621,0.331941
13,1.338793,0.334340
14,1.321856,0.335777
15,1.304865,0.336248
16,1.287875,0.335751
17,1.270941,0.334289
18,1.254117,0.331866
19,1.249419,0.331162
20,1.238994,0.324728
21,1.225295,0.314673
22,1.212222,0.303809
23,1.199788,0.292220
24,1.188034,0.279942
25,1.184769,0.276492
26,1.184769,0.276492
27,1.185084,0.264246
28,1.186883,0.247348
29,1.189695,0.230584
30,1.193456,0.214008
31,1.198154,0.197673
32,1.203774,0.181631
33,1.210297,0.165935
34,1.217703,0.150636
35,1.225968,0.135783
36,1.235064,0.121424
37,1.237628,0.117426
38,1.237628,0.117426
39,1.237628,0.117426
40,1.237628,0.117426
41,1.237628,0.117426
42,1.237628,0.117426
43,1.237628,0.117426
44,1.237628,0.117426
45,1.237628,0.117426
46,1.237628,0.117426
47,1.226009,0.121306
48,1.209510,0.125379
49,1.192793,0.128453
50,1.175928,0.130571
51,1.158970,0.131727
52,1.141973,0.131915
53,1.124994,0.131136
54,1.108086,0.129393
55,1.091305,0.126690
56,1.074704,0.123037
57,1.058339,0.118445
58,1.042261,0.112930
59,1.026523,0.106509
60,1.011176,0.099203
61,0.996269,0.091035
62,0.981851,0.082033
63,0.967969,0.072225
64,0.964105,0.069462
65,0.964105,0.069462
66,0.964105,0.069462
67,0.966697,0.057489
68,0.971613,0.041221
69,0.977498,0.025276
70,0.984282,0.009690
71,0.991941,-0.005484
72,1.000451,-0.020198
73,1.009785,-0.034403
74,1.012415,-0.038358
75,1.012415,-0.038358
76,1.012415,-0.038358
77,1.012415,-0.038358
78,1.012415,-0.038358
79,1.012415,-0.038358
80,1.012415,-0.038358
81,1.012415,-0.038358
82,1.012415,-0.038358
83,1.012415,-0.038358
84,1.000733,-0.034672
85,0.984169,-0.030874
86,0.967403,-0.028078
87,0.950505,-0.026240
88,0.933530,-0.025367
89,0.916533,-0.025461
90,0.899569,-0.026522
91,0.882692,-0.028546
92,0.865958,-0.031528
93,0.849421,-0.035456
94,0.833134,-0.040319
95,0.817150,-0.046101
96,0.801521,-0.052783
97,0.797164,-0.054675
98,0.797164,-0.054675
99,0.797164,-0.054675
100,0.797189,-0.066925
101,0.798588,-0.083861
102,0.801002,-0.100686
103,0.804369,-0.117347
104,0.808679,-0.133789
105,0.813918,-0.149959
106,0.820068,-0.165805
107,0.827110,-0.181276
108,0.835020,-0.196320
109,0.843773,-0.210890
110,0.853342,-0.224939
111,0.863694,-0.238420
112,0.866608,-0.242171
113,0.866608,-0.242171
114,0.866547,-0.240960
115,0.866561,-0.240458
116,0.866561,-0.240458
117,0.866561,-0.240458
118,0.866561,-0.240458
119,0.866561,-0.240458
120,0.866561,-0.240458
121,0.866561,-0.240458
122,0.854639,-0.237640
123,0.837841,-0.235069
124,0.820915,-0.233513
125,0.803927,-0.232922
126,0.786934,-0.233299
127,0.769990,-0.234641
128,0.753149,-0.236946
129,0.736467,-0.240205
130,0.719997,-0.244408
131,0.703793,-0.249541
132,0.687908,-0.255588
133,0.673428,-0.260961
134,0.663228,-0.260473
135,0.654296,-0.265686
136,0.645311,-0.273707
137,0.635987,-0.282415
138,0.626363,-0.291882
139,0.616475,-0.302218
140,0.606375,-0.313555
141,0.596142,-0.326039
142,0.593199,-0.329623
143,0.588807,-0.337742
144,0.582202,-0.345086
145,0.576015,-0.352583
146,0.570078,-0.360240
147,0.564369,-0.368062
148,0.558872,-0.376060
149,0.555499,-0.383660
150,0.553217,-0.391057
151,0.551329,-0.398495
152,0.549825,-0.405957
153,0.548703,-0.413426
154,0.547957,-0.420882
155,0.547583,-0.428308
156,0.547576,-0.435685
157,0.547929,-0.442995
158,0.548635,-0.450224
159,0.549686,-0.457353
160,0.551073,-0.464368
161,0.552788,-0.471253
162,0.553451,-0.477186
163,0.542489,-0.477359
164,0.528204,-0.477589
165,0.513910,-0.478704
166,0.499673,-0.480628
167,0.485541,-0.483355
168,0.471559,-0.486881
169,0.457773,-0.491197
170,0.444227,-0.496292
171,0.430965,-0.502153
172,0.418031,-0.508764
173,0.405469,-0.516106
174,0.393319,-0.524159
175,0.381622,-0.532900
176,0.370417,-0.542302
177,0.359741,-0.552339
178,0.349632,-0.562980
179,0.340123,-0.574193
180,0.331246,-0.585944
181,0.323034,-0.598197
182,0.315513,-0.610915
183,0.308711,-0.624059
184,0.302653,-0.637587
185,0.297359,-0.651457
186,0.292849,-0.665627
187,0.289141,-0.680051
188,0.286248,-0.694683
189,0.284184,-0.709479
190,0.282956,-0.724389
191,0.282572,-0.739368
192,0.283035,-0.754367
193,0.284347,-0.769337
194,0.285468,-0.783832
195,0.283254,-0.796190
196,0.280935,-0.808271
197,0.279073,-0.820447
198,0.277841,-0.832718
199,0.277291,-0.845044
200,0.277440,-0.857383
201,0.278290,-0.869695
202,0.279840,-0.881940
203,0.282087,-0.894078
204,0.285022,-0.906069
205,0.288637,-0.917874
206,0.292920,-0.929455
207,0.297706,-0.940354
208,0.303268,-0.951313
209,0.309452,-0.961993
210,0.316229,-0.972312
211,0.323584,-0.982233
212,0.331492,-0.991719
213,0.339966,-1.000672
214,0.348855,-1.009252
215,0.358231,-1.017272
216,0.368055,-1.024733
217,0.378290,-1.031619
218,0.388902,-1.037909
219,0.399857,-1.043584
220,0.411118,-1.048625
221,0.422649,-1.053016
222,0.434414,-1.056742
223,0.446372,-1.059792
224,0.458486,-1.062155
225,0.470716,-1.063823
226,0.483022,-1.064792
227,0.495365,-1.065056
228,0.507703,-1.064617
229,0.519998,-1.063474
230,0.531839,-1.061659
231,0.543792,-1.059120
232,0.555700,-1.055901
233,0.567420,-1.052019
234,0.578904,-1.047479
235,0.590113,-1.042292
236,0.600951,-1.036423
237,0.611539,-1.030054
238,0.621710,-1.023070
239,0.631457,-1.015510
240,0.640755,-1.007404
241,0.649576,-0.998779
242,0.657890,-0.989664
243,0.665672,-0.980089
244,0.672895,-0.970085
245,0.679536,-0.959685
246,0.685575,-0.948921
247,0.690990,-0.937830
248,0.695764,-0.926448
249,0.699881,-0.914810
250,0.703328,-0.902956
251,0.706094,-0.890923
252,0.708170,-0.878751
253,0.709547,-0.866480
254,0.710169,-0.854590
255,0.710124,-0.842300
256,0.709398,-0.829979
257,0.707980,-0.817712
258,0.705867,-0.805544
259,0.702989,-0.793560
260,0.699580,-0.781679
261,0.695465,-0.770047
262,0.690683,-0.758675
263,0.685256,-0.747597
264,0.679205,-0.736847
265,0.672550,-0.726458
266,0.665313,-0.716465
267,0.657516,-0.706900
268,0.649187,-0.697795
269,0.640350,-0.689179
270,0.631036,-0.681080
271,0.621275,-0.673525
272,0.611097,-0.666538
273,0.600536,-0.660142
274,0.589628,-0.654359
275,0.578406,-0.649207
276,0.566907,-0.644703
277,0.555512,-0.641004
278,0.543687,-0.637905
279,0.531601,-0.635431
280,0.519385,-0.633633
281,0.507084,-0.632528
282,0.494773,-0.632221
283,0.482410,-0.632433
284,0.470108,-0.633397
285,0.457886,-0.635075
286,0.445781,-0.637452
287,0.433831,-0.640518
288,0.422074,-0.644260
289,0.410550,-0.648668
290,0.399295,-0.653726
291,0.388345,-0.659418
292,0.377737,-0.665726
293,0.367505,-0.672629
294,0.357683,-0.680105
295,0.348302,-0.688130
296,0.339393,-0.696677
297,0.330986,-0.705720
298,0.323107,-0.715228
299,0.315783,-0.725170
300,0.309038,-0.735515
301,0.303137,-0.745856
302,0.297653,-0.756855
303,0.292764,-0.768190
304,0.288519,-0.779788
305,0.285040,-0.791607
306,0.282049,-0.803607
307,0.279800,-0.815741
308,0.278261,-0.827981
309,0.277428,-0.840290
310,0.277300,-0.852626
311,0.277875,-0.864951
312,0.279153,-0.877224
313,0.281129,-0.889405
314,0.283797,-0.901455
315,0.287148,-0.913334
316,0.291171,-0.925003
317,0.295854,-0.936425
318,0.301181,-0.947562
319,0.307134,-0.958378
320,0.313696,-0.968838
321,0.320844,-0.978907
322,0.328555,-0.988553
323,0.336805,-0.997745
324,0.345324,-1.006170
325,0.354487,-1.014257
326,0.364174,-1.021900
327,0.374280,-1.028997
328,0.384797,-1.035412
329,0.395616,-1.041404
330,0.406756,-1.046715
331,0.418183,-1.051366
332,0.429858,-1.055354
333,0.441742,-1.058668
334,0.453797,-1.061298
335,0.465983,-1.063237
336,0.478261,-1.064478
337,0.490591,-1.065017
338,0.502932,-1.064852
339,0.515246,-1.063982
340,0.527491,-1.062413
341,0.539627,-1.060146
342,0.551615,-1.057192
343,0.563416,-1.053558
344,0.574991,-1.049256
345,0.586304,-1.044301
346,0.597316,-1.038709
347,0.607992,-1.032497
348,0.617898,-1.025913
349,0.627754,-1.018544
350,0.637218,-1.010614
351,0.646119,-1.002106
352,0.654716,-0.993205
353,0.662730,-0.983818
354,0.670178,-0.973983
355,0.677050,-0.963735
356,0.683324,-0.953112
357,0.688982,-0.942147
358,0.694007,-0.930876
359,0.698380,-0.919336
360,0.702089,-0.907564
361,0.705120,-0.895599
362,0.707464,-0.883480
363,0.709114,-0.871245
364,0.710063,-0.858935
365,0.710308,-0.846590
366,0.709849,-0.834250
367,0.708687,-0.821956
368,0.706825,-0.809746
369,0.704270,-0.797662
370,0.701030,-0.785742
371,0.697115,-0.774025
372,0.692643,-0.763039
373,0.687419,-0.751863
374,0.681497,-0.741067
375,0.675121,-0.730462
376,0.668125,-0.720294
377,0.660550,-0.710555
378,0.652428,-0.701268
379,0.643788,-0.692460
380,0.634659,-0.684159
381,0.625070,-0.676391
382,0.615053,-0.669182
383,0.604640,-0.662556
384,0.593866,-0.656533
385,0.582765,-0.651135
386,0.571373,-0.646379
387,0.559727,-0.642279
388,0.547865,-0.638849
389,0.535826,-0.636102
390,0.523649,-0.634046
391,0.511374,-0.632687
392,0.499040,-0.632031
393,0.486687,-0.632079
394,0.474356,-0.632831
395,0.462513,-0.634265
396,0.450425,-0.636424
397,0.438473,-0.639359
398,0.426582,-0.642779
399,0.414950,-0.646909
400,0.403584,-0.651708
401,0.392512,-0.657153
402,0.381769,-0.663222
403,0.371389,-0.669894
404,0.361406,-0.677149
405,0.351852,-0.684961
406,0.342759,-0.693306
407,0.334155,-0.702157
408,0.326069,-0.711486
409,0.318528,-0.721261
410,0.311556,-0.731451
411,0.305176,-0.742023
412,0.299409,-0.752943
413,0.294274,-0.764175
414,0.289787,-0.775682
415,0.285963,-0.787427
416,0.282816,-0.799373
417,0.280354,-0.811479
418,0.278587,-0.823707
419,0.277588,-0.835526
420,0.277337,-0.847817
421,0.277568,-0.860188
422,0.278550,-0.872492
423,0.280249,-0.884714
424,0.282646,-0.896817
425,0.285731,-0.908765
426,0.289493,-0.920518
427,0.293920,-0.932038
428,0.298996,-0.943287
429,0.304707,-0.954230
430,0.311033,-0.964830
431,0.317954,-0.975053
432,0.325448,-0.984865
433,0.333489,-0.994235
434,0.342052,-1.003132
435,0.351110,-1.011526
436,0.360632,-1.019391
437,0.370589,-1.026701
438,0.380947,-1.033432
439,0.391673,-1.039561
440,0.402732,-1.045070
441,0.414088,-1.049939
442,0.425297,-1.053973
443,0.437078,-1.057368
444,0.449086,-1.060336
445,0.461226,-1.062565
446,0.473472,-1.064084
447,0.485784,-1.064898
448,0.498124,-1.065007
449,0.510450,-1.064412
450,0.522724,-1.063114
451,0.534904,-1.061118
452,0.546952,-1.058431
453,0.558827,-1.055061
454,0.570493,-1.051018
455,0.581909,-1.046317
456,0.593040,-1.040971
457,0.603849,-1.034999
458,0.614301,-1.028419
459,0.624361,-1.021254
460,0.633997,-1.013526
461,0.643177,-1.005260
462,0.651872,-0.996483
463,0.660053,-0.987224
464,0.667693,-0.977512
465,0.674767,-0.967380
466,0.680826,-0.957220
467,0.686771,-0.946390
468,0.692056,-0.935238
469,0.696687,-0.923802
470,0.700656,-0.912118
471,0.703952,-0.900226
472,0.706564,-0.888164
473,0.708484,-0.875972
474,0.709706,-0.863690
475,0.710225,-0.851357
476,0.710040,-0.839013
477,0.709151,-0.826698
478,0.707561,-0.814453
479,0.705275,-0.802318
480,0.702301,-0.790332
481,0.698648,-0.778534
482,0.694327,-0.766963
483,0.689353,-0.755656
484,0.683741,-0.744650
485,0.677511,-0.733981
486,0.670682,-0.723684
487,0.663276,-0.713793
488,0.655317,-0.704339
489,0.647046,-0.695758
490,0.638149,-0.687275
491,0.628740,-0.679299
492,0.618888,-0.671872
493,0.608627,-0.665018
494,0.597992,-0.658760
495,0.587016,-0.653119
496,0.575734,-0.648112
497,0.564185,-0.643757
498,0.552405,-0.640067
499,0.540433,-0.637054
500,0.528308,-0.634729
501,0.516068,-0.633100
502,0.503755,-0.632170
503,0.491408,-0.631945
504,0.479067,-0.632424
505,0.466772,-0.633607
506,0.454564,-0.635488
507,0.442482,-0.638063
508,0.430565,-0.641324
509,0.418852,-0.645259
510,0.407382,-0.649856
511,0.396193,-0.655100
512,0.385769,-0.660859
513,0.375275,-0.667258
514,0.365137,-0.674285
515,0.355416,-0.681881
516,0.346142,-0.690021
517,0.337347,-0.698678
518,0.329059,-0.707822
519,0.321305,-0.717426
520,0.314112,-0.727457
521,0.307501,-0.737882
522,0.301496,-0.748668
523,0.296115,-0.759781
524,0.291376,-0.771183
525,0.287294,-0.782838
526,0.283884,-0.794707
527,0.281156,-0.806753
528,0.279120,-0.818936
529,0.277781,-0.831216
530,0.277145,-0.843553
531,0.277213,-0.855908
532,0.277986,-0.868240
533,0.279461,-0.880509
534,0.281634,-0.892675
535,0.284516,-0.904287
536,0.287979,-0.916026
537,0.292151,-0.927629
538,0.296977,-0.938984
539,0.302443,-0.950046
540,0.308531,-0.960780
541,0.315222,-0.971151
542,0.322494,-0.981124
543,0.330324,-0.990666
544,0.338686,-0.999748
545,0.347553,-1.008338
546,0.356896,-1.016409
547,0.366685,-1.023935
548,0.376888,-1.030891
549,0.387472,-1.037254
550,0.398403,-1.043004
551,0.409645,-1.048122
552,0.421161,-1.052591
553,0.432915,-1.056395
554,0.444867,-1.059524
555,0.456979,-1.061966
556,0.469213,-1.063713
557,0.481527,-1.064760
558,0.493850,-1.065006
559,0.505777,-1.064714
560,0.518022,-1.063677
561,0.530234,-1.061945
562,0.542333,-1.059524
563,0.554276,-1.056417
564,0.566024,-1.052635
565,0.577539,-1.048189
566,0.588782,-1.043093
567,0.599718,-1.037363
568,0.610309,-1.031019
569,0.620522,-1.024080
570,0.630324,-1.016569
571,0.639683,-1.008511
572,0.648566,-0.999932
573,0.656947,-0.990859
574,0.664798,-0.981322
575,0.672092,-0.971352
576,0.678807,-0.960982
577,0.684920,-0.950244
578,0.690410,-0.939175
579,0.695261,-0.927809
580,0.699457,-0.916184
581,0.702879,-0.904337
582,0.705695,-0.892700
583,0.707843,-0.880642
584,0.709321,-0.868400
585,0.710109,-0.856086
586,0.710196,-0.843745
587,0.709579,-0.831418
588,0.708261,-0.819146
589,0.706245,-0.806967
590,0.703538,-0.794922
591,0.700147,-0.783050
592,0.696085,-0.771390
593,0.691364,-0.759979
594,0.686000,-0.748856
595,0.680009,-0.738055
596,0.673411,-0.727613
597,0.666228,-0.717564
598,0.658483,-0.707939
599,0.650201,-0.698771
600,0.641409,-0.690090
601,0.632135,-0.681923
602,0.622410,-0.674297
603,0.612264,-0.667238
604,0.601709,-0.660869
605,0.590855,-0.654927
606,0.580108,-0.649899
607,0.568679,-0.645317
608,0.556987,-0.641375
609,0.545088,-0.638101
610,0.533021,-0.635509
611,0.520824,-0.633609
612,0.508538,-0.632408
613,0.496202,-0.631909
614,0.483856,-0.632115
615,0.471542,-0.633024
616,0.459298,-0.634634
617,0.447165,-0.636940
618,0.435182,-0.639935
619,0.423388,-0.643608
620,0.411822,-0.647949
621,0.400522,-0.652942
622,0.389523,-0.658573
623,0.378864,-0.664822
624,0.368576,-0.671669
625,0.358696,-0.679093
626,0.349254,-0.687068
627,0.340371,-0.695622
628,0.331823,-0.704572
629,0.324161,-0.713682
630,0.316806,-0.723522
631,0.309982,-0.733798
632,0.303744,-0.744447
633,0.298121,-0.755435
634,0.293132,-0.766726
635,0.288794,-0.778285
636,0.285123,-0.790073
637,0.282130,-0.802052
638,0.279824,-0.814184
639,0.278214,-0.826429
640,0.277304,-0.838746
641,0.277099,-0.851096
642,0.277599,-0.863439
643,0.278801,-0.875734
644,0.280704,-0.887942
645,0.283299,-0.900023
646,0.286580,-0.911937
647,0.290535,-0.923645
648,0.295151,-0.935110
649,0.300415,-0.946293
650,0.306369,-0.957094
651,0.312808,-0.967656
652,0.319862,-0.977791
653,0.327253,-0.987058
654,0.335419,-0.996291
655,0.344096,-1.005066
656,0.353256,-1.013338
657,0.362874,-1.021076
658,0.372918,-1.028255
659,0.383356,-1.034850
660,0.394154,-1.040839
661,0.405277,-1.046203
662,0.416688,-1.050925
663,0.428352,-1.054988
664,0.440229,-1.058380
665,0.452281,-1.061089
666,0.464469,-1.063107
667,0.476754,-1.064426
668,0.489095,-1.065043
669,0.501452,-1.064955
670,0.513785,-1.064162
671,0.526053,-1.062667
672,0.538218,-1.060474
673,0.550191,-1.057516
674,0.562059,-1.054027
675,0.573674,-1.049834
676,0.584621,-1.045114
677,0.595594,-1.039625
678,0.606305,-1.033508
679,0.616663,-1.026796
680,0.626625,-1.019506
681,0.636156,-1.011659
682,0.645226,-1.003281
683,0.653804,-0.994399
684,0.661862,-0.985041
685,0.669374,-0.975238
686,0.676316,-0.965021
687,0.682664,-0.954425
688,0.688398,-0.943482
689,0.693498,-0.932230
690,0.697950,-0.920704
691,0.701736,-0.908942
692,0.704846,-0.896982
693,0.707269,-0.884863
694,0.708998,-0.872625
695,0.710025,-0.860306
696,0.710251,-0.847980
697,0.709957,-0.835608
698,0.708912,-0.823302
699,0.707153,-0.811081
700,0.704763,-0.799452
701,0.701620,-0.787551
702,0.697810,-0.775814
703,0.693342,-0.764305
704,0.688226,-0.753068
705,0.682477,-0.742140
706,0.676115,-0.731557
707,0.669158,-0.721352
708,0.661630,-0.711560
709,0.653555,-0.702213
710,0.644960,-0.693341
711,0.635871,-0.684972
712,0.626320,-0.677135
713,0.616336,-0.669854
714,0.605952,-0.663155
715,0.595202,-0.657058
716,0.584121,-0.651583
717,0.572745,-0.646749
718,0.561111,-0.642571
719,0.549259,-0.639166
720,0.537231,-0.636250
721,0.525072,-0.634078
722,0.512812,-0.632618
723,0.500910,-0.631920
724,0.488638,-0.631895
725,0.476317,-0.632547
726,0.464046,-0.633890
727,0.451868,-0.635927
728,0.439826,-0.638655
729,0.427956,-0.642065
730,0.416299,-0.646146
731,0.404894,-0.650887
732,0.393776,-0.656270
733,0.382983,-0.662279
734,0.372548,-0.668895
735,0.362507,-0.676095
736,0.352893,-0.683857
737,0.343736,-0.692156
738,0.335067,-0.700964
739,0.326913,-0.710252
740,0.319301,-0.719992
741,0.312258,-0.730150
742,0.305919,-0.740719
743,0.299980,-0.751587
744,0.294734,-0.762770
745,0.290152,-0.774237
746,0.286238,-0.785946
747,0.283151,-0.797415
748,0.280613,-0.809462
749,0.278742,-0.821662
750,0.277563,-0.833953
751,0.277084,-0.846292
752,0.277309,-0.858640
753,0.278238,-0.870957
754,0.279868,-0.883201
755,0.282194,-0.895333
756,0.285208,-0.907313
757,0.288901,-0.919104
758,0.293260,-0.930666
759,0.298273,-0.941961
760,0.303922,-0.952953
761,0.310189,-0.963606
762,0.317054,-0.973885
763,0.324494,-0.983756
764,0.332486,-0.993188
765,0.341057,-1.002045
766,0.350021,-1.010592
767,0.359467,-1.018551
768,0.369359,-1.025942
769,0.379659,-1.032752
770,0.390027,-1.038752
771,0.400935,-1.044260
772,0.412235,-1.049206
773,0.423803,-1.053519
774,0.435599,-1.057171
775,0.447586,-1.060146
776,0.459723,-1.062433
777,0.471973,-1.064025
778,0.484295,-1.064916
779,0.496648,-1.065103
780,0.508993,-1.064584
781,0.521289,-1.063362
782,0.533496,-1.061441
783,0.545576,-1.058827
784,0.557488,-1.055528
785,0.569192,-1.051554
786,0.580652,-1.046919
787,0.591830,-1.041637
788,0.602604,-1.035646
789,0.613177,-1.029198
790,0.623309,-1.022130
791,0.633007,-1.014486
792,0.642250,-1.006297
793,0.651009,-0.997592
794,0.658952,-0.988698
795,0.666600,-0.979096
796,0.673746,-0.969035
797,0.680321,-0.958583
798,0.686294,-0.947773
799,0.691643,-0.936639
800,0.696348,-0.925217
801,0.700394,-0.913544
802,0.703769,-0.901659
803,0.706461,-0.889599
804,0.708460,-0.877405
805,0.709761,-0.865115
806,0.710359,-0.852770
807,0.710252,-0.840410
808,0.709440,-0.828076
809,0.707926,-0.815806
810,0.705714,-0.803642
811,0.702714,-0.791687
812,0.699219,-0.779805
813,0.695011,-0.768189
814,0.690134,-0.756844
815,0.684613,-0.745798
816,0.678470,-0.735085
817,0.671725,-0.724740
818,0.664654,-0.715193
819,0.656791,-0.705716
820,0.648392,-0.696667
821,0.639493,-0.688103
822,0.630119,-0.680058
823,0.620302,-0.672559
824,0.610072,-0.665631
825,0.599463,-0.659297
826,0.588509,-0.653579
827,0.577246,-0.648494
828,0.565710,-0.644059
829,0.553939,-0.640289
830,0.541971,-0.637197
831,0.529845,-0.634791
832,0.517600,-0.633081
833,0.505277,-0.632072
834,0.492955,-0.631877
835,0.480573,-0.632180
836,0.468265,-0.633241
837,0.456043,-0.635019
838,0.443944,-0.637496
839,0.432007,-0.640661
840,0.420268,-0.644502
841,0.408767,-0.649006
842,0.398023,-0.654027
843,0.387127,-0.659810
844,0.376557,-0.666197
845,0.366363,-0.673172
846,0.356581,-0.680717
847,0.347243,-0.688808
848,0.338381,-0.697419
849,0.330024,-0.706522
850,0.322199,-0.716088
851,0.314932,-0.726085
852,0.308246,-0.736481
853,0.302163,-0.747243
854,0.296704,-0.758335
855,0.291886,-0.769720
856,0.287725,-0.781364
857,0.284336,-0.793224
858,0.281438,-0.805260
859,0.279283,-0.817425
860,0.277841,-0.829690
861,0.277105,-0.842018
862,0.277076,-0.854368
863,0.277751,-0.866702
864,0.279128,-0.878977
865,0.281164,-0.890755
866,0.283937,-0.902694
867,0.287382,-0.914547
868,0.291488,-0.926197
869,0.296247,-0.937597
870,0.301649,-0.948709
871,0.307676,-0.959497
872,0.314309,-0.969924
873,0.321526,-0.979956
874,0.329304,-0.989561
875,0.337618,-0.998709
876,0.346441,-1.007367
877,0.355744,-1.015509
878,0.365498,-1.023108
879,0.375669,-1.030139
880,0.386252,-1.036465
881,0.397131,-1.042388
882,0.408325,-1.047619
883,0.419801,-1.052184
884,0.431520,-1.056083
885,0.443443,-1.059306
886,0.455532,-1.061843
887,0.467747,-1.063687
888,0.480047,-1.064830
889,0.491938,-1.065223
890,0.504244,-1.064947
891,0.516556,-1.063987
892,0.528799,-1.062335
893,0.540931,-1.059990
894,0.552910,-1.056957
895,0.564698,-1.053246
896,0.576256,-1.048868
897,0.587546,-1.043838
898,0.598533,-1.038171
899,0.609179,-1.031887
900,0.619450,-1.025005
901,0.629313,-1.017548
902,0.638735,-1.009540
903,0.647583,-1.000949
904,0.656119,-0.991969
905,0.664066,-0.982508
906,0.671444,-0.972603
907,0.678241,-0.962290
908,0.684437,-0.951605
909,0.690013,-0.940584
910,0.694953,-0.929260
911,0.699239,-0.917673
912,0.702857,-0.905860
913,0.705652,-0.894340
914,0.707900,-0.882209
915,0.709468,-0.869955
916,0.710338,-0.857629
917,0.710506,-0.845273
918,0.709969,-0.832926
919,0.708728,-0.820629
920,0.706788,-0.808421
921,0.704155,-0.796342
922,0.700837,-0.784433
923,0.696845,-0.772731
924,0.692191,-0.761274
925,0.686891,-0.750102
926,0.680880,-0.739333
927,0.674412,-0.728765
928,0.667328,-0.718642
929,0.659666,-0.708954
930,0.651461,-0.699721
931,0.642741,-0.690972
932,0.633536,-0.682735
933,0.623875,-0.675036
934,0.613790,-0.667899
935,0.603313,-0.661349
936,0.592865,-0.655655
937,0.581745,-0.650371
938,0.570313,-0.645696
939,0.558631,-0.641669
940,0.546738,-0.638313
941,0.534671,-0.635639
942,0.522470,-0.633658
943,0.510175,-0.632375
944,0.497826,-0.631796
945,0.485463,-0.631922
946,0.473127,-0.632753
947,0.460856,-0.634286
948,0.448692,-0.636516
949,0.436739,-0.639535
950,0.424859,-0.643049
951,0.413247,-0.647276
952,0.401906,-0.652171
953,0.390865,-0.657710
954,0.380159,-0.663872
955,0.369821,-0.670634
956,0.359885,-0.677976
957,0.350383,-0.685874
958,0.341346,-0.694301
959,0.332803,-0.703231
960,0.325129,-0.712268
961,0.317667,-0.722097
962,0.310759,-0.732342
963,0.304442,-0.742965
964,0.298739,-0.753930
965,0.293670,-0.765204
966,0.289252,-0.776750
967,0.285499,-0.788530
968,0.282424,-0.800506
969,0.280036,-0.812639
970,0.278344,-0.824889
971,0.277354,-0.837217
972,0.277163,-0.849548
973,0.277494,-0.861925
974,0.278577,-0.874234
975,0.280374,-0.886456
976,0.282871,-0.898554
977,0.286054,-0.910490
978,0.289914,-0.922226
979,0.294438,-0.933723
980,0.299610,-0.944944
981,0.305414,-0.955854
982,0.311832,-0.966415
983,0.318627,-0.976228
984,0.326179,-0.985919
985,0.334295,-0.995229
986,0.342924,-1.004075
987,0.352043,-1.012419
988,0.361623,-1.020231
989,0.371634,-1.027485
990,0.382043,-1.034157
991,0.392817,-1.040225
992,0.403920,-1.045668
993,0.415316,-1.050470
994,0.426969,-1.054615
995,0.438834,-1.057972
996,0.450882,-1.060864
997,0.463054,-1.063004
998,0.475325,-1.064428
999,0.487658,-1.065146
1000,0.500012,-1.065157
1001,0.512347,-1.064463
1002,0.524624,-1.063067
1003,0.536801,-1.060972
1004,0.548841,-1.058186
1005,0.560703,-1.054718
1006,0.572349,-1.050578
1007,0.583296,-1.045934
1008,0.594360,-1.040502
1009,0.605132,-1.034450
1010,0.615549,-1.027797
1011,0.625573,-1.020562
1012,0.635169,-1.012766
1013,0.644306,-1.004436
1014,0.652954,-0.995597
1015,0.661084,-0.986279
1016,0.668671,-0.976511
1017,0.675689,-0.966325
1018,0.681999,-0.955730
1019,0.687908,-0.944838
1020,0.693123,-0.933633
1021,0.697672,-0.922147
1022,0.701554,-0.910419
1023,0.704760,-0.898487
1024,0.707279,-0.886391
1025,0.709105,-0.874170
1026,0.710230,-0.861864
1027,0.710652,-0.849513
1028,0.710369,-0.837156
1029,0.709381,-0.824835
1030,0.707714,-0.812959
1031,0.705320,-0.800958
1032,0.702247,-0.788998
1033,0.698511,-0.777217
1034,0.694112,-0.765665
1035,0.689063,-0.754379
1036,0.683378,-0.743398
1037,0.677076,-0.732758
1038,0.670177,-0.722495
1039,0.662703,-0.712641
1040,0.654678,-0.703228
1041,0.646076,-0.694392
1042,0.637083,-0.685867
1043,0.627607,-0.677932
1044,0.617688,-0.670567
1045,0.607362,-0.663784
1046,0.596665,-0.657602
1047,0.585631,-0.652040
1048,0.574298,-0.647116
1049,0.562700,-0.642846
1050,0.550878,-0.639245
1051,0.538869,-0.636324
1052,0.526711,-0.634091
1053,0.514444,-0.632556
1054,0.502508,-0.631775
1055,0.490238,-0.631680
1056,0.477900,-0.632256
1057,0.465604,-0.633522
1058,0.453396,-0.635482
1059,0.441319,-0.638134
1060,0.429411,-0.641471
1061,0.417711,-0.645482
1062,0.406259,-0.650154
1063,0.395091,-0.655471
1064,0.384330,-0.661498
1065,0.373769,-0.667981
1066,0.363654,-0.675083
1067,0.353973,-0.682760
1068,0.344751,-0.690982
1069,0.336012,-0.699717
1070,0.327786,-0.708937
1071,0.320099,-0.718612
1072,0.312976,-0.728711
1073,0.306439,-0.739200
1074,0.300511,-0.750047
1075,0.295211,-0.761214
1076,0.290556,-0.772667
1077,0.286561,-0.784367
1078,0.283394,-0.795846
1079,0.280780,-0.807885
1080,0.278829,-0.820089
1081,0.277568,-0.832389
1082,0.277008,-0.844742
1083,0.277153,-0.857108
1084,0.278002,-0.869447
1085,0.279554,-0.881718
1086,0.281803,-0.893882
1087,0.284841,-0.905834
1088,0.288374,-0.917713
1089,0.292618,-0.929322
1090,0.297532,-0.940659
1091,0.303089,-0.951694
1092,0.309268,-0.962395
1093,0.316048,-0.972725
1094,0.323406,-0.982653
1095,0.331320,-0.992146
1096,0.339763,-1.001173
1097,0.348708,-1.009705
1098,0.358126,-1.017713
1099,0.367986,-1.025172
1100,0.378256,-1.032057
1101,0.388904,-1.038346
1102,0.399458,-1.043764
1103,0.410735,-1.048794
1104,0.422291,-1.053190
1105,0.434080,-1.056924
1106,0.446063,-1.059982
1107,0.458203,-1.062352
1108,0.470460,-1.064027
1109,0.482793,-1.064999
1110,0.495127,-1.065172
1111,0.507507,-1.064823
1112,0.519818,-1.063721
1113,0.532041,-1.061905
1114,0.544139,-1.059390
1115,0.556074,-1.056188
1116,0.567807,-1.052310
1117,0.579301,-1.047768
1118,0.590518,-1.042578
1119,0.601422,-1.036756
1120,0.611976,-1.030321
1121,0.622148,-1.023294
1122,0.631904,-1.015697
1123,0.641211,-1.007556
1124,0.650039,-0.998897
1125,0.658070,-0.990028
1126,0.665772,-0.980469
1127,0.672990,-0.970441
1128,0.679642,-0.960017
1129,0.685694,-0.949231
1130,0.691123,-0.938117
1131,0.695909,-0.926710
1132,0.700038,-0.915048
1133,0.703379,-0.903175
1134,0.706253,-0.891119
1135,0.708376,-0.878940
1136,0.709783,-0.866664
1137,0.710483,-0.854327
1138,0.710476,-0.841969
1139,0.709764,-0.829632
1140,0.708349,-0.817354
1141,0.706236,-0.805176
1142,0.703431,-0.793137
1143,0.699945,-0.781276
1144,0.695787,-0.769633
1145,0.690971,-0.758244
1146,0.685514,-0.747148
1147,0.679431,-0.736381
1148,0.672745,-0.725977
1149,0.665699,-0.716331
1150,0.657899,-0.706827
1151,0.649545,-0.697717
1152,0.640689,-0.689085
1153,0.631356,-0.680968
1154,0.621574,-0.673394
1155,0.611376,-0.666389
1156,0.600768,-0.660092
1157,0.589865,-0.654197
1158,0.578649,-0.648997
1159,0.567153,-0.644463
1160,0.555416,-0.640597
1161,0.543477,-0.637408
1162,0.531374,-0.634905
1163,0.519147,-0.633097
1164,0.506836,-0.631989
1165,0.494481,-0.631585
1166,0.482121,-0.631886
1167,0.469798,-0.632892
1168,0.457551,-0.634599
1169,0.445420,-0.637002
1170,0.433445,-0.640093
1171,0.421665,-0.643862
1172,0.410119,-0.648297
1173,0.399284,-0.653221
1174,0.388352,-0.658935
1175,0.377728,-0.665262
1176,0.367474,-0.672180
1177,0.357629,-0.679671
1178,0.348225,-0.687712
1179,0.339398,-0.696331
1180,0.330885,-0.705340
1181,0.322961,-0.714830
1182,0.315608,-0.724763
1183,0.308838,-0.735102
1184,0.302670,-0.745812
1185,0.297123,-0.756856
1186,0.292214,-0.768200
1187,0.287960,-0.779807
1188,0.284375,-0.791638
1189,0.281470,-0.803656
1190,0.279255,-0.815820
1191,0.277737,-0.828093
1192,0.276921,-0.840433
1193,0.276811,-0.852801
1194,0.277406,-0.865155
1195,0.278705,-0.877457
1196,0.280703,-0.889665
1197,0.283368,-0.901242
1198,0.286746,-0.913126
1199,0.290782,-0.924817
1200,0.295474,-0.936265
1201,0.300811,-0.947428
1202,0.306845,-0.958195
1203,0.313350,-0.968738
1204,0.320470,-0.978844
1205,0.328165,-0.988516
1206,0.336402,-0.997729
1207,0.345152,-1.006458
1208,0.354387,-1.014673
1209,0.364077,-1.022348
1210,0.374189,-1.029459
1211,0.384691,-1.035983
1212,0.395549,-1.041897
1213,0.406728,-1.047183
1214,0.418190,-1.051823
1215,0.429900,-1.055802
1216,0.441819,-1.059107
1217,0.453908,-1.061727
1218,0.466127,-1.063654
1219,0.478438,-1.064881
1220,0.490432,-1.065359
1221,0.502678,-1.065143
1222,0.515005,-1.064252
1223,0.527275,-1.062676
1224,0.539439,-1.060406
1225,0.551400,-1.057361
1226,0.563267,-1.053804
1227,0.574871,-1.049539
1228,0.586204,-1.044607
1229,0.597235,-1.039033
1230,0.607929,-1.032837
1231,0.618253,-1.026040
1232,0.628174,-1.018665
1233,0.637658,-1.010736
1234,0.646676,-1.002277
1235,0.655198,-0.993318
1236,0.663195,-0.983886
1237,0.670642,-0.974012
1238,0.677514,-0.963729
1239,0.683790,-0.953070
1240,0.689447,-0.942069
1241,0.694469,-0.930763
1242,0.698837,-0.919187
1243,0.702539,-0.907381
1244,0.705438,-0.895765
1245,0.707721,-0.883696
1246,0.709357,-0.871441
1247,0.710306,-0.859105
1248,0.710456,-0.846762
1249,0.710088,-0.834378
1250,0.708969,-0.822065
1251,0.707135,-0.809843
1252,0.704602,-0.797745
1253,0.701382,-0.785811
1254,0.697486,-0.774080
1255,0.692927,-0.762589
1256,0.687719,-0.751376
1257,0.681880,-0.740478
1258,0.675429,-0.729929
1259,0.668385,-0.719764
1260,0.660773,-0.710017
1261,0.652616,-0.700719
1262,0.643942,-0.691901
1263,0.634778,-0.683591
1264,0.625154,-0.675816
1265,0.615102,-0.668603
1266,0.604653,-0.661973
1267,0.593843,-0.655950
1268,0.583103,-0.650782
1269,0.571712,-0.646059
1270,0.560041,-0.641959
1271,0.548158,-0.638611
1272,0.536102,-0.635774
1273,0.523918,-0.633674
1274,0.511636,-0.632286
1275,0.499295,-0.631604
1276,0.486934,-0.631629
1277,0.474593,-0.632359
1278,0.462313,-0.633792
1279,0.450134,-0.635923
1280,0.438096,-0.638746
1281,0.426237,-0.642250
1282,0.414596,-0.646426
1283,0.403211,-0.651260
1284,0.392120,-0.656735
1285,0.381358,-0.662834
1286,0.370960,-0.669538
1287,0.360960,-0.676825
1288,0.351392,-0.684671
1289,0.342286,-0.693050
1290,0.333672,-0.701936
1291,0.325578,-0.711299
1292,0.318357,-0.720729
1293,0.311390,-0.730938
1294,0.305086,-0.741558
1295,0.299229,-0.752472
1296,0.294050,-0.763699
1297,0.289533,-0.775206
1298,0.285684,-0.786952
1299,0.282512,-0.798900
1300,0.280026,-0.811010
1301,0.278235,-0.823243
1302,0.277145,-0.835560
1303,0.276758,-0.847919
1304,0.277078,-0.860282
1305,0.278102,-0.872607
1306,0.279827,-0.884855
1307,0.282248,-0.896986
1308,0.285358,-0.908959
1309,0.289146,-0.920737
1310,0.293599,-0.932281
1311,0.298704,-0.943553
1312,0.304444,-0.954517
1313,0.310801,-0.965136
1314,0.317754,-0.975376
1315,0.325050,-0.984848
1316,0.333097,-0.994160
1317,0.341731,-1.002972
1318,0.350758,-1.011458
1319,0.360264,-1.019366
1320,0.370211,-1.026705
1321,0.380562,-1.033462
1322,0.391284,-1.039616
1323,0.402339,-1.045149
1324,0.413693,-1.050043
1325,0.425309,-1.054281
1326,0.437149,-1.057850
1327,0.449173,-1.060739
1328,0.461345,-1.062937
1329,0.473623,-1.064438
1330,0.485967,-1.065237
1331,0.498338,-1.065329
1332,0.510696,-1.064717
1333,0.522999,-1.063400
1334,0.535208,-1.061383
1335,0.547283,-1.058674
1336,0.559185,-1.055279
1337,0.570876,-1.051211
1338,0.582316,-1.046483
1339,0.593056,-1.041272
1340,0.603738,-1.035204
1341,0.614273,-1.028676
1342,0.624371,-1.021538
1343,0.634033,-1.013827
1344,0.643237,-1.005575
1345,0.651955,-0.996809
1346,0.660160,-0.987560
1347,0.667824,-0.977857
1348,0.674922,-0.967731
1349,0.681433,-0.957216
1350,0.687333,-0.946347
1351,0.692604,-0.935158
1352,0.697229,-0.923685
1353,0.701193,-0.911966
1354,0.704482,-0.900039
1355,0.707085,-0.887943
1356,0.708995,-0.875717
1357,0.710204,-0.863401
1358,0.710709,-0.851035
1359,0.710508,-0.838659
1360,0.709602,-0.826314
1361,0.707993,-0.814039
1362,0.705686,-0.801875
1363,0.702718,-0.790462
1364,0.699147,-0.778668
1365,0.694861,-0.767078
1366,0.689913,-0.755753
1367,0.684325,-0.744730
1368,0.678116,-0.734044
1369,0.671308,-0.723728
1370,0.663921,-0.713816
1371,0.655980,-0.704341
1372,0.647512,-0.695333
1373,0.638542,-0.686822
1374,0.629101,-0.678836
1375,0.619219,-0.671401
1376,0.608928,-0.664540
1377,0.598262,-0.658278
1378,0.587255,-0.652634
1379,0.575943,-0.647626
1380,0.564363,-0.643271
1381,0.552553,-0.639583
1382,0.540550,-0.636574
1383,0.528394,-0.634255
1384,0.516124,-0.632632
1385,0.503781,-0.631712
1386,0.491405,-0.631498
1387,0.479537,-0.631996
1388,0.467234,-0.633189
1389,0.455001,-0.635071
1390,0.442892,-0.637643
1391,0.430961,-0.640932
1392,0.419211,-0.644812
1393,0.407718,-0.649375
1394,0.396509,-0.654594
1395,0.385617,-0.660445
1396,0.375075,-0.666909
1397,0.364919,-0.673964
1398,0.355180,-0.681588
1399,0.345891,-0.689756
1400,0.337083,-0.698441
1401,0.328783,-0.707615
1402,0.321020,-0.717248
1403,0.313818,-0.727309
1404,0.307202,-0.737765
1405,0.301191,-0.748583
1406,0.295808,-0.759726
1407,0.291067,-0.771160
1408,0.286987,-0.782846
1409,0.283579,-0.794747
1410,0.280978,-0.806418
1411,0.278984,-0.818562
1412,0.277651,-0.830862
1413,0.277152,-0.843173
1414,0.277093,-0.855596
1415,0.277807,-0.867949
1416,0.279245,-0.880231
1417,0.281387,-0.892409
1418,0.284223,-0.904445
1419,0.287742,-0.916300
1420,0.291931,-0.927937
1421,0.296778,-0.939316
1422,0.302266,-0.950401
1423,0.308378,-0.961156
1424,0.315094,-0.971547
1425,0.322392,-0.981537
1426,0.330249,-0.991097
1427,0.338639,-1.000193
1428,0.347535,-1.008797
1429,0.356908,-1.016880
1430,0.366727,-1.024416
1431,0.376962,-1.031380
1432,0.387577,-1.037750
1433,0.398539,-1.043504
1434,0.409425,-1.048412
1435,0.420927,-1.052843
1436,0.432697,-1.056515
1437,0.444668,-1.059770
1438,0.456785,-1.062271
1439,0.469022,-1.064056
1440,0.481341,-1.065135
1441,0.493701,-1.065508
1442,0.506064,-1.065175
1443,0.518389,-1.064138
1444,0.530635,-1.062398
1445,0.542763,-1.059963
1446,0.554735,-1.056840
1447,0.566509,-1.053039
1448,0.578048,-1.048573
1449,0.589315,-1.043455
1450,0.600272,-1.037702
1451,0.610885,-1.031333
1452,0.621118,-1.024369
1453,0.630938,-1.016831
1454,0.640313,-1.008746
1455,0.649212,-1.000138
1456,0.657606,-0.991035
1457,0.665469,-0.981468
1458,0.672470,-0.971827
1459,0.679051,-0.961421
1460,0.685270,-0.950694
1461,0.690813,-0.939635
1462,0.695700,-0.928275
1463,0.699928,-0.916653
1464,0.703485,-0.904808
1465,0.706360,-0.892779
1466,0.708544,-0.880604
1467,0.710031,-0.868324
1468,0.710815,-0.855977
1469,0.710894,-0.843605
1470,0.710266,-0.831247
1471,0.708935,-0.818944
1472,0.706904,-0.806736
1473,0.704180,-0.794663
1474,0.700772,-0.782764
1475,0.696690,-0.771077
1476,0.691948,-0.759641
1477,0.686561,-0.748494
1478,0.680546,-0.737671
1479,0.673923,-0.727208
1480,0.666714,-0.717139
1481,0.658942,-0.707496
1482,0.650911,-0.698778
1483,0.642155,-0.690030
1484,0.632900,-0.681825
1485,0.623188,-0.674168
1486,0.613054,-0.667079
1487,0.602530,-0.660580
1488,0.591652,-0.654692
1489,0.580456,-0.649433
1490,0.568976,-0.644821
1491,0.557251,-0.640871
1492,0.545319,-0.637595
1493,0.533218,-0.635006
1494,0.520988,-0.633110
1495,0.508669,-0.631915
1496,0.496301,-0.631424
1497,0.483925,-0.631640
1498,0.471579,-0.632561
1499,0.459304,-0.634185
1500,0.447141,-0.636507
1501,0.435130,-0.639518
1502,0.423309,-0.643210
1503,0.411717,-0.647571
1504,0.400391,-0.652586
1505,0.389816,-0.658150
1506,0.379161,-0.664344
1507,0.368853,-0.671169
1508,0.358948,-0.678573
1509,0.349481,-0.686531
1510,0.340482,-0.695016
1511,0.331981,-0.704001
1512,0.324006,-0.713458
1513,0.316582,-0.723355
1514,0.309735,-0.733660
1515,0.303485,-0.744340
1516,0.297854,-0.755360
1517,0.292861,-0.766683
1518,0.288521,-0.778275
1519,0.284849,-0.790095
1520,0.281857,-0.802108
1521,0.279555,-0.814272
1522,0.277950,-0.826548
1523,0.277047,-0.838898
1524,0.276851,-0.851280
1525,0.277361,-0.863654
1526,0.278576,-0.875980
1527,0.280492,-0.888217
1528,0.283180,-0.900280
1529,0.286298,-0.911769
1530,0.290226,-0.923480
1531,0.294819,-0.934961
1532,0.300059,-0.946165
1533,0.305930,-0.957052
1534,0.312412,-0.967588
1535,0.319485,-0.977738
1536,0.327126,-0.987469
1537,0.335311,-0.996750
1538,0.344012,-1.005549
1539,0.353202,-1.013838
1540,0.362850,-1.021591
1541,0.372925,-1.028780
1542,0.383396,-1.035385
1543,0.394226,-1.041382
1544,0.405383,-1.046752
1545,0.416828,-1.051477
1546,0.428525,-1.055542
1547,0.440436,-1.058934
1548,0.452522,-1.061642
1549,0.464744,-1.063655
1550,0.477061,-1.064969
1551,0.489406,-1.065479
1552,0.501386,-1.065442
1553,0.513666,-1.064658
1554,0.525940,-1.063181
1555,0.538116,-1.061014
1556,0.550152,-1.058157
1557,0.562006,-1.054620
1558,0.573640,-1.050412
1559,0.585018,-1.045546
1560,0.596099,-1.040040
1561,0.606849,-1.033910
1562,0.617234,-1.027176
1563,0.627218,-1.019860
1564,0.636769,-1.011986
1565,0.645857,-1.003580
1566,0.654451,-0.994668
1567,0.662524,-0.985279
1568,0.670048,-0.975445
1569,0.677001,-0.965196
1570,0.683357,-0.954567
1571,0.689098,-0.943592
1572,0.694205,-0.932306
1573,0.698659,-0.920746
1574,0.702358,-0.908952
1575,0.705547,-0.896972
1576,0.707883,-0.885267
1577,0.709600,-0.873071
1578,0.710645,-0.860751
1579,0.710995,-0.848386
1580,0.710643,-0.836020
1581,0.709586,-0.823692
1582,0.707828,-0.811444
1583,0.705375,-0.799314
1584,0.702233,-0.787343
1585,0.698413,-0.775570
1586,0.693928,-0.764033
1587,0.688792,-0.752769
1588,0.683021,-0.741816
1589,0.676634,-0.731209
1590,0.669652,-0.720982
1591,0.662098,-0.711170
1592,0.653995,-0.701804
1593,0.645371,-0.692914
1594,0.636253,-0.684529
1595,0.626670,-0.676678
1596,0.616655,-0.669385
1597,0.606214,-0.662774
1598,0.595464,-0.656585
1599,0.584381,-0.651074
1600,0.573418,-0.646434
1601,0.561806,-0.642263
1602,0.549952,-0.638734
1603,0.537914,-0.635878
1604,0.525732,-0.633711
1605,0.513445,-0.632242
1606,0.501092,-0.631476
1607,0.488715,-0.631415
1608,0.476354,-0.632060
1609,0.464048,-0.633410
1610,0.451838,-0.635459
1611,0.439765,-0.638201
1612,0.427866,-0.641628
1613,0.416181,-0.645729
1614,0.404748,-0.650489
1615,0.393604,-0.655894
1616,0.382785,-0.661927
1617,0.372328,-0.668567
1618,0.362265,-0.675793
1619,0.352630,-0.683583
1620,0.343543,-0.691960
1621,0.334783,-0.700745
1622,0.326593,-0.710027
1623,0.318959,-0.719768
1624,0.312247,-0.729574
1625,0.305793,-0.740113
1626,0.299928,-0.751004
1627,0.294686,-0.762213
1628,0.290089,-0.773703
1629,0.286155,-0.785437
1630,0.282895,-0.797378
1631,0.280322,-0.809486
1632,0.278443,-0.821723
1633,0.277265,-0.834048
1634,0.276792,-0.846421
1635,0.277025,-0.858801
1636,0.277964,-0.871150
1637,0.279606,-0.883426
1638,0.281945,-0.895590
1639,0.284975,-0.907601
1640,0.288685,-0.919421
1641,0.293064,-0.931011
1642,0.298097,-0.942334
1643,0.303830,-0.953288
1644,0.310055,-0.964013
1645,0.316905,-0.974323
1646,0.324342,-0.984216
1647,0.332333,-0.993666
1648,0.340584,-1.002227
1649,0.349594,-1.010686
1650,0.359068,-1.018642
1651,0.368980,-1.026052
1652,0.379298,-1.032887
1653,0.389990,-1.039124
1654,0.401021,-1.044742
1655,0.412355,-1.049721
1656,0.423956,-1.054047
1657,0.435786,-1.057704
1658,0.447806,-1.060681
1659,0.459978,-1.062967
1660,0.472261,-1.064556
1661,0.484616,-1.065442
1662,0.497003,-1.065622
1663,0.509380,-1.065095
1664,0.521709,-1.063863
1665,0.533947,-1.061929
1666,0.546011,-1.059225
1667,0.557982,-1.055985
1668,0.569714,-1.052034
1669,0.581193,-1.047410
1670,0.592388,-1.042134
1671,0.603264,-1.036228
1672,0.613361,-1.029934
1673,0.623469,-1.022837
1674,0.633184,-1.015175
1675,0.642454,-1.006974
1676,0.651244,-0.998257
1677,0.659523,-0.989053
1678,0.667265,-0.979391
1679,0.674443,-0.969303
1680,0.681036,-0.958820
1681,0.687021,-0.947978
1682,0.692378,-0.936810
1683,0.697089,-0.925355
1684,0.701140,-0.913648
1685,0.704517,-0.901729
1686,0.707209,-0.889635
1687,0.709207,-0.877406
1688,0.710505,-0.865082
1689,0.710999,-0.852733
1690,0.710973,-0.840325
1691,0.710193,-0.827969
1692,0.708695,-0.815682
1693,0.706494,-0.803503
1694,0.703600,-0.791468
1695,0.700025,-0.779618
1696,0.695862,-0.768478
1697,0.690958,-0.757130
1698,0.685428,-0.746059
1699,0.679280,-0.735315
1700,0.672530,-0.724937
1701,0.665198,-0.714959
1702,0.657309,-0.705415
1703,0.648888,-0.696335
1704,0.639961,-0.687750
1705,0.630559,-0.679686
1706,0.620711,-0.672172
1707,0.610450,-0.665231
1708,0.599809,-0.658886
1709,0.588822,-0.653158
1710,0.577526,-0.648065
1711,0.565956,-0.643624
1712,0.554153,-0.639939
1713,0.542164,-0.636765
1714,0.530026,-0.634325
1715,0.517770,-0.632596
1716,0.505436,-0.631572
1717,0.493062,-0.631255
1718,0.480688,-0.631644
1719,0.468356,-0.632739
1720,0.456604,-0.634496
1721,0.444493,-0.636984
1722,0.432527,-0.640148
1723,0.420756,-0.643986
1724,0.409221,-0.648489
1725,0.397961,-0.653642
1726,0.387012,-0.659429
1727,0.376409,-0.665832
1728,0.366189,-0.672830
1729,0.356383,-0.680400
1730,0.347024,-0.688518
1731,0.338142,-0.697157
1732,0.329767,-0.706289
1733,0.321926,-0.715885
1734,0.314644,-0.725913
1735,0.308032,-0.736363
1736,0.301864,-0.747123
1737,0.296369,-0.758218
1738,0.291529,-0.769611
1739,0.287350,-0.781262
1740,0.283843,-0.793134
1741,0.281020,-0.805187
1742,0.278888,-0.817383
1743,0.277526,-0.829318
1744,0.276841,-0.841559
1745,0.276822,-0.853927
1746,0.277491,-0.866288
1747,0.278859,-0.878595
1748,0.280925,-0.890805
1749,0.283684,-0.902879
1750,0.287128,-0.914777
1751,0.291244,-0.926460
1752,0.296021,-0.937891
1753,0.301442,-0.949031
1754,0.307490,-0.959845
1755,0.314146,-0.970297
1756,0.321388,-0.980354
1757,0.329192,-0.989982
1758,0.337584,-0.999061
1759,0.346382,-1.007812
1760,0.355678,-1.015993
1761,0.365431,-1.023616
1762,0.375606,-1.030666
1763,0.386167,-1.037124
1764,0.397081,-1.042969
1765,0.408311,-1.048183
1766,0.419821,-1.052748
1767,0.431574,-1.056650
1768,0.443082,-1.059662
1769,0.455188,-1.062188
1770,0.467429,-1.064042
1771,0.479759,-1.065202
1772,0.492136,-1.065659
1773,0.504520,-1.065410
1774,0.516871,-1.064455
1775,0.529149,-1.062797
1776,0.541313,-1.060441
1777,0.553323,-1.057395
1778,0.565142,-1.053669
1779,0.576730,-1.049275
1780,0.588049,-1.044226
1781,0.598990,-1.038467
1782,0.609718,-1.032232
1783,0.620025,-1.025368
1784,0.629912,-1.017917
1785,0.639355,-1.009912
1786,0.648325,-1.001380
1787,0.656795,-0.992349
1788,0.664736,-0.982849
1789,0.672123,-0.972910
1790,0.678932,-0.962566
1791,0.685140,-0.951849
1792,0.690479,-0.941220
1793,0.695416,-0.929883
1794,0.699720,-0.918272
1795,0.703360,-0.906433
1796,0.706322,-0.894404
1797,0.708594,-0.882225
1798,0.710167,-0.869935
1799,0.711037,-0.857575
