0,-0.130328,1.037260
1,-0.130328,1.037260
2,-0.130328,1.037260
3,-0.130328,1.037260
4,-0.130328,1.037260
5,-0.130328,1.037260
6,-0.130328,1.037260
7,-0.130328,1.037260
8,-0.130328,1.037260
9,-0.142549,1.038099
10,-0.159542,1.037900
11,-0.176496,1.036679
12,-0.193352,1.034496
13,-0.210058,1.031357
14,-0.226557,1.027273
15,-0.242798,1.022256
16,-0.258726,1.016324
17,-0.274292,1.009495
18,-0.289443,1.001792
19,-0.304132,0.993239
20,-0.318311,0.983864
21,-0.331933,0.973698
22,-0.344954,0.962773
23,-0.357333,0.951125
24,-0.369029,0.938791
25,-0.380005,0.925812
26,-0.390224,0.912230
27,-0.399654,0.898088
28,-0.408264,0.883433
29,-0.416027,0.868311
30,-0.422916,0.852772
31,-0.428910,0.836867
32,-0.430560,0.832412
33,-0.429954,0.820177
34,-0.427756,0.803326
35,-0.424547,0.786634
36,-0.420395,0.770152
37,-0.419208,0.765553
38,-0.419208,0.765553
39,-0.408667,0.759311
40,-0.393397,0.751853
41,-0.377703,0.745325
42,-0.361664,0.739700
43,-0.345330,0.734997
44,-0.328754,0.731231
45,-0.311992,0.728414
46,-0.307303,0.727654
47,-0.307303,0.727654
48,-0.307303,0.727654
49,-0.307303,0.727654
50,-0.307303,0.727654
51,-0.307303,0.727654
52,-0.307303,0.727654
53,-0.307303,0.727654
54,-0.307303,0.727654
55,-0.319437,0.725971
56,-0.336028,0.722293
57,-0.352372,0.717625
58,-0.368424,0.712033
59,-0.384131,0.705538
60,-0.399444,0.698160
61,-0.414312,0.689922
62,-0.428687,0.680851
63,-0.442523,0.670978
64,-0.455774,0.660333
65,-0.468399,0.648952
66,-0.480355,0.636870
67,-0.491605,0.624128
68,-0.502112,0.610767
69,-0.511841,0.596829
70,-0.520762,0.582361
71,-0.528845,0.567408
72,-0.536064,0.552020
73,-0.542396,0.536246
74,-0.547820,0.520137
75,-0.552319,0.503746
76,-0.555878,0.487125
77,-0.556846,0.482475
78,-0.554425,0.470466
79,-0.549356,0.458615
80,-0.543512,0.444641
81,-0.536952,0.428960
82,-0.529510,0.413679
83,-0.527406,0.409420
84,-0.518098,0.401456
85,-0.504341,0.391479
86,-0.490006,0.382345
87,-0.475175,0.374041
88,-0.459895,0.366595
89,-0.444217,0.360030
90,-0.428190,0.354367
91,-0.411867,0.349626
92,-0.395301,0.345821
93,-0.378545,0.342965
94,-0.361654,0.341067
95,-0.344682,0.340132
96,-0.339938,0.339898
97,-0.339938,0.339898
98,-0.339938,0.339898
99,-0.339938,0.339898
100,-0.339938,0.339898
101,-0.339938,0.339898
102,-0.339938,0.339898
103,-0.339938,0.339898
104,-0.339938,0.339898
105,-0.351809,0.336876
106,-0.367888,0.331375
107,-0.383611,0.324917
108,-0.398941,0.317574
109,-0.413828,0.309371
110,-0.428225,0.300335
111,-0.442083,0.290494
112,-0.455360,0.279880
113,-0.468011,0.268528
114,-0.479996,0.256475
115,-0.491276,0.243760
116,-0.501814,0.230423
117,-0.511576,0.216508
118,-0.520531,0.202061
119,-0.528649,0.187127
120,-0.535904,0.171756
121,-0.542273,0.155997
122,-0.547735,0.139901
123,-0.552272,0.123520
124,-0.555871,0.106908
125,-0.558518,0.090118
126,-0.560205,0.073204
127,-0.559336,0.062847
128,-0.557696,0.050430
129,-0.563624,0.047086
130,-0.572331,0.045353
131,-0.582431,0.044650
132,-0.593207,0.044927
133,-0.604092,0.046109
134,-0.614168,0.047970
135,-0.621528,0.049273
136,-0.622496,0.049565
137,-0.616230,0.045951
138,-0.603319,0.036377
139,-0.589364,0.026673
140,-0.574879,0.017779
141,-0.560412,0.010693
142,-0.546012,0.005669
143,-0.530226,-0.000635
144,-0.514108,-0.006030
145,-0.497708,-0.010499
146,-0.481081,-0.014028
147,-0.464280,-0.016605
148,-0.447360,-0.018223
149,-0.442629,-0.018648
150,-0.442629,-0.018648
151,-0.442629,-0.018648
152,-0.442629,-0.018648
153,-0.442629,-0.018648
154,-0.442629,-0.018648
155,-0.442629,-0.018648
156,-0.442629,-0.018648
157,-0.442629,-0.018648
158,-0.442629,-0.018648
159,-0.452818,-0.025448
160,-0.466151,-0.035985
161,-0.478828,-0.047307
162,-0.490842,-0.059332
163,-0.502151,-0.072021
164,-0.512720,-0.085333
165,-0.522515,-0.099225
166,-0.531504,-0.113651
167,-0.539657,-0.128566
168,-0.546948,-0.143920
169,-0.553354,-0.159664
170,-0.558854,-0.175747
171,-0.563430,-0.192117
172,-0.567067,-0.208721
173,-0.569754,-0.225505
174,-0.570478,-0.230199
175,-0.570478,-0.230199
176,-0.570478,-0.230199
177,-0.560103,-0.236713
178,-0.545033,-0.244566
179,-0.529514,-0.251500
180,-0.513626,-0.257541
181,-0.497420,-0.262667
182,-0.480948,-0.266863
183,-0.464265,-0.270115
184,-0.447423,-0.272413
185,-0.430478,-0.273749
186,-0.425741,-0.274095
187,-0.425741,-0.274095
188,-0.425741,-0.274095
189,-0.425741,-0.274095
190,-0.425741,-0.274095
191,-0.425741,-0.274095
192,-0.425741,-0.274095
193,-0.425741,-0.274095
194,-0.437846,-0.272218
195,-0.454794,-0.270969
196,-0.471790,-0.270740
197,-0.488772,-0.271479
198,-0.505684,-0.273184
199,-0.522471,-0.275847
200,-0.539080,-0.279462
201,-0.555456,-0.284015
202,-0.571547,-0.289493
203,-0.587300,-0.295877
204,-0.591692,-0.297686
205,-0.591692,-0.297686
206,-0.591692,-0.297686
207,-0.591692,-0.297686
208,-0.587346,-0.309140
209,-0.580063,-0.324494
210,-0.571868,-0.339386
211,-0.562839,-0.353787
212,-0.553006,-0.367651
213,-0.542400,-0.380934
214,-0.531055,-0.393591
215,-0.519008,-0.405582
216,-0.506299,-0.416869
217,-0.492968,-0.427414
218,-0.479629,-0.436469
219,-0.470755,-0.439153
220,-0.461203,-0.442129
221,-0.450932,-0.445335
222,-0.439810,-0.448717
223,-0.427678,-0.452186
224,-0.424748,-0.453064
225,-0.415027,-0.451504
226,-0.403837,-0.448065
227,-0.389945,-0.446238
228,-0.375219,-0.441989
229,-0.359756,-0.436465
230,-0.344060,-0.429951
231,-0.339683,-0.428105
232,-0.333530,-0.420508
233,-0.327693,-0.410548
234,-0.321647,-0.399771
235,-0.315574,-0.388346
236,-0.309573,-0.376135
237,-0.301963,-0.362482
238,-0.295422,-0.347161
239,-0.293600,-0.342774
240,-0.294493,-0.332997
241,-0.297200,-0.321674
242,-0.300343,-0.309593
243,-0.302215,-0.295089
244,-0.306329,-0.279788
245,-0.311698,-0.263703
246,-0.317979,-0.247909
247,-0.325150,-0.232498
248,-0.331577,-0.219576
249,-0.330236,-0.210626
250,-0.327172,-0.206163
251,-0.323106,-0.200412
252,-0.317758,-0.197027
253,-0.312731,-0.197790
254,-0.306035,-0.197083
255,-0.297752,-0.194961
256,-0.290339,-0.192095
257,-0.287287,-0.192367
258,-0.286521,-0.191594
259,-0.284767,-0.191384
260,-0.284115,-0.187215
261,-0.281436,-0.180176
262,-0.278361,-0.171846
263,-0.275911,-0.163136
264,-0.273665,-0.153950
265,-0.271867,-0.144519
266,-0.270619,-0.134922
267,-0.270031,-0.125299
268,-0.269943,-0.115465
269,-0.270492,-0.105587
270,-0.271678,-0.095683
271,-0.273519,-0.085779
272,-0.276036,-0.075901
273,-0.279259,-0.066074
274,-0.283221,-0.056328
275,-0.287939,-0.046727
276,-0.293356,-0.037420
277,-0.299409,-0.028579
278,-0.305537,-0.019413
279,-0.310627,-0.011262
280,-0.315946,-0.003659
281,-0.321711,0.003571
282,-0.327763,0.010388
283,-0.334289,0.016763
284,-0.341107,0.022839
285,-0.348251,0.028518
286,-0.355718,0.033772
287,-0.363509,0.038531
288,-0.371522,0.042891
289,-0.379771,0.046798
290,-0.388231,0.050227
291,-0.396891,0.053089
292,-0.405688,0.055542
293,-0.414598,0.057478
294,-0.423619,0.058913
295,-0.432726,0.059696
296,-0.441714,0.060003
297,-0.450840,0.059862
298,-0.459960,0.059232
299,-0.469011,0.057997
300,-0.477975,0.056340
301,-0.486850,0.054138
302,-0.495581,0.051465
303,-0.504106,0.048218
304,-0.512479,0.044519
305,-0.520613,0.040414
306,-0.528508,0.035833
307,-0.535972,0.030740
308,-0.543331,0.025300
309,-0.550321,0.019439
310,-0.556949,0.013218
311,-0.563145,0.006564
312,-0.568998,-0.000374
313,-0.574454,-0.007627
314,-0.579508,-0.015177
315,-0.584111,-0.023036
316,-0.588172,-0.031161
317,-0.591837,-0.039488
318,-0.595021,-0.048014
319,-0.597727,-0.056684
320,-0.599833,-0.065545
321,-0.601488,-0.074479
322,-0.602675,-0.083501
323,-0.603310,-0.092563
324,-0.603407,-0.101674
325,-0.602955,-0.110732
326,-0.602038,-0.119775
327,-0.600561,-0.128743
328,-0.598608,-0.137655
329,-0.596021,-0.146038
330,-0.593108,-0.154599
331,-0.589717,-0.163003
332,-0.585862,-0.171201
333,-0.581529,-0.179169
334,-0.576776,-0.186888
335,-0.571618,-0.194271
336,-0.566045,-0.201415
337,-0.560074,-0.208210
338,-0.553746,-0.214643
339,-0.547031,-0.220709
340,-0.539988,-0.226380
341,-0.532647,-0.231638
342,-0.525006,-0.236470
343,-0.517096,-0.240857
344,-0.508960,-0.244763
345,-0.500583,-0.248215
346,-0.492125,-0.251170
347,-0.483394,-0.253628
348,-0.474556,-0.255532
349,-0.465652,-0.257019
350,-0.456675,-0.258004
351,-0.447641,-0.258442
352,-0.438611,-0.258396
353,-0.429603,-0.257692
354,-0.420629,-0.256583
355,-0.411737,-0.254979
356,-0.402955,-0.252839
357,-0.394283,-0.250205
358,-0.385832,-0.247014
359,-0.377552,-0.243421
360,-0.369485,-0.239366
361,-0.361651,-0.234856
362,-0.354220,-0.229809
363,-0.346964,-0.224426
364,-0.340015,-0.218645
365,-0.333401,-0.212524
366,-0.327257,-0.205921
367,-0.321412,-0.199033
368,-0.315943,-0.191883
369,-0.310912,-0.184412
370,-0.306337,-0.176627
371,-0.302318,-0.168584
372,-0.298622,-0.160398
373,-0.295438,-0.151968
374,-0.292719,-0.143382
375,-0.290507,-0.134658
376,-0.288765,-0.125819
377,-0.287644,-0.116877
378,-0.286973,-0.107916
379,-0.286813,-0.098933
380,-0.287166,-0.089923
381,-0.288032,-0.080966
382,-0.289527,-0.072242
383,-0.291334,-0.063477
384,-0.293645,-0.054815
385,-0.296510,-0.046265
386,-0.299902,-0.037944
387,-0.303658,-0.029818
388,-0.307895,-0.021915
389,-0.312584,-0.014233
390,-0.317655,-0.006854
391,-0.323257,0.000168
392,-0.329186,0.006904
393,-0.335532,0.013269
394,-0.342193,0.019275
395,-0.349211,0.024764
396,-0.356541,0.029952
397,-0.364074,0.034765
398,-0.371957,0.039100
399,-0.379991,0.043028
400,-0.388225,0.046495
401,-0.396695,0.049334
402,-0.405333,0.051765
403,-0.414040,0.053755
404,-0.422831,0.055265
405,-0.431728,0.056200
406,-0.440660,0.056690
407,-0.449588,0.056536
408,-0.458491,0.055967
409,-0.467352,0.054900
410,-0.476139,0.053365
411,-0.484801,0.051188
412,-0.493305,0.048647
413,-0.501664,0.045574
414,-0.509858,0.042076
415,-0.517834,0.038139
416,-0.525555,0.033664
417,-0.532977,0.028754
418,-0.540135,0.023495
419,-0.546994,0.017825
420,-0.553526,0.011750
421,-0.559639,0.005284
422,-0.565415,-0.001449
423,-0.570828,-0.008503
424,-0.575819,-0.015870
425,-0.580390,-0.023514
426,-0.584328,-0.031523
427,-0.588002,-0.039596
428,-0.591184,-0.047886
429,-0.593855,-0.056346
430,-0.596143,-0.064941
431,-0.597718,-0.073688
432,-0.598979,-0.082452
433,-0.599721,-0.091255
434,-0.599931,-0.100167
435,-0.599689,-0.109014
436,-0.598814,-0.117810
437,-0.597509,-0.126583
438,-0.595730,-0.135244
439,-0.593469,-0.143817
440,-0.590697,-0.152247
441,-0.587332,-0.160433
442,-0.583664,-0.168475
443,-0.579510,-0.176319
444,-0.574870,-0.183861
445,-0.569780,-0.191101
446,-0.564360,-0.198018
447,-0.558559,-0.204701
448,-0.552373,-0.211030
449,-0.545819,-0.216993
450,-0.538912,-0.222517
451,-0.531736,-0.227680
452,-0.524329,-0.232462
453,-0.516622,-0.236796
454,-0.508674,-0.240684
455,-0.500519,-0.244091
456,-0.492197,-0.246963
457,-0.483721,-0.249435
458,-0.475114,-0.251404
459,-0.466432,-0.252892
460,-0.457651,-0.253910
461,-0.448841,-0.254254
462,-0.440011,-0.254209
463,-0.431243,-0.253698
464,-0.422430,-0.252555
465,-0.413758,-0.251074
466,-0.405273,-0.248985
467,-0.396834,-0.246512
468,-0.388540,-0.243483
469,-0.380428,-0.240091
470,-0.372528,-0.236247
471,-0.364871,-0.231875
472,-0.357515,-0.227050
473,-0.350417,-0.221859
474,-0.343607,-0.216335
475,-0.337138,-0.210403
476,-0.331091,-0.203975
477,-0.325335,-0.197369
478,-0.319984,-0.190417
479,-0.315012,-0.183209
480,-0.310523,-0.175630
481,-0.306451,-0.167842
482,-0.302920,-0.159824
483,-0.299803,-0.151571
484,-0.297112,-0.143222
485,-0.294917,-0.134693
486,-0.293193,-0.126130
487,-0.292145,-0.117432
488,-0.291432,-0.108716
489,-0.291237,-0.099930
490,-0.291548,-0.091165
491,-0.292286,-0.082443
492,-0.293543,-0.073814
493,-0.295367,-0.065228
494,-0.297580,-0.056762
495,-0.300409,-0.048499
496,-0.303642,-0.040403
497,-0.307346,-0.032428
498,-0.311384,-0.024705
499,-0.315930,-0.017267
500,-0.321002,-0.010182
501,-0.326306,-0.003294
502,-0.332037,0.003282
503,-0.338206,0.009492
504,-0.344634,0.015376
505,-0.351329,0.020901
506,-0.358442,0.025925
507,-0.365753,0.030572
508,-0.373300,0.034864
509,-0.381092,0.038664
510,-0.389055,0.042070
511,-0.397233,0.044894
512,-0.405567,0.047276
513,-0.414014,0.049270
514,-0.422543,0.050740
515,-0.431138,0.051763
516,-0.439770,0.052302
517,-0.448435,0.052111
518,-0.457077,0.051657
519,-0.465667,0.050721
520,-0.474185,0.049251
521,-0.482631,0.047288
522,-0.490871,0.044691
523,-0.499028,0.041804
524,-0.507003,0.038424
525,-0.514782,0.034617
526,-0.522337,0.030420
527,-0.529618,0.025749
528,-0.536530,0.020556
529,-0.543253,0.015100
530,-0.549650,0.009314
531,-0.555674,0.003127
532,-0.561361,-0.003341
533,-0.566672,-0.010123
534,-0.571400,-0.017378
535,-0.575894,-0.024732
536,-0.579967,-0.032312
537,-0.583544,-0.040159
538,-0.586663,-0.048195
539,-0.589219,-0.056431
540,-0.591389,-0.064832
541,-0.593080,-0.073285
542,-0.594307,-0.081780
543,-0.595067,-0.090390
544,-0.595257,-0.099033
545,-0.594849,-0.107607
546,-0.594140,-0.116176
547,-0.592946,-0.124665
548,-0.591189,-0.133151
549,-0.589012,-0.141447
550,-0.586388,-0.149637
551,-0.583036,-0.157511
552,-0.579486,-0.165325
553,-0.575501,-0.172918
554,-0.570975,-0.180240
555,-0.566176,-0.187326
556,-0.560954,-0.194038
557,-0.555398,-0.200561
558,-0.549464,-0.206734
559,-0.543108,-0.212454
560,-0.536568,-0.217892
561,-0.529647,-0.222903
562,-0.522508,-0.227564
563,-0.515135,-0.231817
564,-0.507465,-0.235591
565,-0.499561,-0.238815
566,-0.491577,-0.241740
567,-0.483399,-0.244195
568,-0.475125,-0.246140
569,-0.466684,-0.247614
570,-0.458202,-0.248391
571,-0.449698,-0.248904
572,-0.441189,-0.248878
573,-0.432708,-0.248466
574,-0.424219,-0.247445
575,-0.415854,-0.245998
576,-0.407565,-0.244129
577,-0.399376,-0.241728
578,-0.391414,-0.238666
579,-0.383581,-0.235380
580,-0.375929,-0.231665
581,-0.368542,-0.227474
582,-0.361412,-0.222831
583,-0.354506,-0.217864
584,-0.348003,-0.212463
585,-0.341764,-0.206696
586,-0.335882,-0.200622
587,-0.330361,-0.194130
588,-0.325152,-0.187489
589,-0.320330,-0.180498
590,-0.316130,-0.173182
591,-0.312203,-0.165657
592,-0.308671,-0.157965
593,-0.305625,-0.150108
594,-0.302966,-0.142081
595,-0.300768,-0.133943
596,-0.299201,-0.125628
597,-0.298122,-0.117233
598,-0.297362,-0.108852
599,-0.297046,-0.100466
600,-0.297415,-0.092014
601,-0.298150,-0.083549
602,-0.299268,-0.075233
603,-0.301103,-0.067032
604,-0.303227,-0.058967
605,-0.305896,-0.050903
606,-0.308862,-0.043072
607,-0.312262,-0.035433
608,-0.316081,-0.028044
609,-0.320721,-0.020940
610,-0.325387,-0.014016
611,-0.330413,-0.007355
612,-0.335809,-0.000988
613,-0.341559,0.005061
614,-0.347756,0.010706
615,-0.354195,0.016073
616,-0.360893,0.021058
617,-0.367859,0.025648
618,-0.375130,0.029777
619,-0.382653,0.033377
620,-0.390327,0.036630
621,-0.398204,0.039505
622,-0.406173,0.041945
623,-0.414303,0.043842
624,-0.422483,0.045349
625,-0.430750,0.046322
626,-0.439209,0.046413
627,-0.447515,0.046466
628,-0.455793,0.046012
629,-0.464106,0.045089
630,-0.472310,0.043738
631,-0.480433,0.041884
632,-0.488400,0.039473
633,-0.496301,0.036674
634,-0.503972,0.033534
635,-0.511429,0.029867
636,-0.518671,0.025691
637,-0.525616,0.021052
638,-0.532310,0.016145
639,-0.538747,0.010977
640,-0.544840,0.005322
641,-0.550640,-0.000657
642,-0.556125,-0.006848
643,-0.561173,-0.013408
644,-0.565747,-0.020251
645,-0.570017,-0.027262
646,-0.573922,-0.034573
647,-0.577446,-0.042035
648,-0.580448,-0.049741
649,-0.583089,-0.057536
650,-0.585116,-0.065510
651,-0.586715,-0.073631
652,-0.587944,-0.081771
653,-0.588750,-0.089940
654,-0.589091,-0.098142
655,-0.588910,-0.106385
656,-0.588311,-0.114592
657,-0.586924,-0.122692
658,-0.585385,-0.130726
659,-0.583404,-0.138669
660,-0.580904,-0.146512
661,-0.577811,-0.154181
662,-0.574428,-0.161679
663,-0.570621,-0.168993
664,-0.566471,-0.176058
665,-0.561879,-0.182874
666,-0.556849,-0.189368
667,-0.551440,-0.195192
668,-0.545843,-0.201092
669,-0.539922,-0.206684
670,-0.533572,-0.211932
671,-0.526946,-0.216745
672,-0.520159,-0.221244
673,-0.512959,-0.225281
674,-0.505655,-0.228985
675,-0.498198,-0.232268
676,-0.490518,-0.235022
677,-0.482659,-0.237389
678,-0.474763,-0.239342
679,-0.466787,-0.240788
680,-0.458526,-0.241593
681,-0.450359,-0.242131
682,-0.442231,-0.242247
683,-0.434119,-0.241903
684,-0.425970,-0.240814
685,-0.417893,-0.239412
686,-0.409979,-0.237443
687,-0.402171,-0.235224
688,-0.394514,-0.232613
689,-0.387059,-0.229365
690,-0.379716,-0.225801
691,-0.372616,-0.221851
692,-0.365736,-0.217567
693,-0.359225,-0.212646
694,-0.353017,-0.207422
695,-0.347002,-0.202047
696,-0.341329,-0.196316
697,-0.335944,-0.190229
698,-0.331005,-0.183707
699,-0.326369,-0.177128
700,-0.322373,-0.170163
701,-0.318531,-0.163103
702,-0.315113,-0.155770
703,-0.312223,-0.148197
704,-0.309735,-0.140545
705,-0.307627,-0.132711
706,-0.305920,-0.124873
707,-0.304910,-0.116886
708,-0.304343,-0.108842
709,-0.304100,-0.100753
710,-0.304250,-0.092725
711,-0.304816,-0.084752
712,-0.305997,-0.076803
713,-0.307757,-0.068926
714,-0.310059,-0.061097
715,-0.312429,-0.053482
716,-0.315208,-0.046027
717,-0.318404,-0.038744
718,-0.322162,-0.031700
719,-0.326574,-0.024848
720,-0.331000,-0.018207
721,-0.335948,-0.011982
722,-0.341078,-0.005934
723,-0.346606,-0.000231
724,-0.352590,0.005159
725,-0.358774,0.010158
726,-0.365136,0.014887
727,-0.371811,0.019223
728,-0.378736,0.023033
729,-0.386016,0.026344
730,-0.393454,0.029335
731,-0.400857,0.032057
732,-0.408483,0.034275
733,-0.416262,0.036073
734,-0.424083,0.037428
735,-0.431991,0.037980
736,-0.439905,0.038394
737,-0.447764,0.038450
738,-0.455854,0.037584
739,-0.463877,0.031806
740,-0.472435,0.024306
741,-0.475910,0.017866
742,-0.479875,0.010833
743,-0.486931,0.003143
744,-0.494165,-0.004626
745,-0.501098,-0.012709
746,-0.508298,-0.020494
747,-0.515154,-0.028477
748,-0.521568,-0.036806
749,-0.527499,-0.045459
750,-0.532868,-0.054402
751,-0.537778,-0.063683
752,-0.542134,-0.073247
753,-0.545939,-0.083060
754,-0.549183,-0.093074
755,-0.551881,-0.103216
756,-0.553978,-0.113505
757,-0.555482,-0.123899
758,-0.556325,-0.134417
759,-0.556652,-0.144908
760,-0.556386,-0.155393
761,-0.555369,-0.165852
762,-0.553815,-0.176258
763,-0.551706,-0.186550
764,-0.549025,-0.196714
765,-0.545753,-0.206512
766,-0.541976,-0.216321
767,-0.537537,-0.225838
768,-0.532688,-0.235105
769,-0.527324,-0.244085
770,-0.521456,-0.252747
771,-0.515104,-0.261061
772,-0.508253,-0.269014
773,-0.500778,-0.276456
774,-0.493075,-0.283554
775,-0.484978,-0.290214
776,-0.476488,-0.296348
777,-0.467670,-0.302023
778,-0.458455,-0.307126
779,-0.449065,-0.311765
780,-0.439352,-0.315719
781,-0.429480,-0.319185
782,-0.419435,-0.322141
783,-0.409192,-0.324464
784,-0.398860,-0.326249
785,-0.388479,-0.327434
786,-0.378039,-0.328013
787,-0.367494,-0.327784
788,-0.357081,-0.327194
789,-0.346694,-0.325973
790,-0.336419,-0.324164
791,-0.326225,-0.321769
792,-0.316182,-0.318766
793,-0.306351,-0.315221
794,-0.296772,-0.311008
795,-0.287440,-0.306422
796,-0.278375,-0.301259
797,-0.269584,-0.295597
798,-0.261239,-0.291605
799,-0.253627,-0.287268
800,-0.246382,-0.281541
801,-0.239413,-0.275311
802,-0.232839,-0.268604
803,-0.226612,-0.261566
804,-0.220748,-0.254193
805,-0.215336,-0.246488
806,-0.210446,-0.238456
807,-0.205979,-0.230187
808,-0.201987,-0.221680
809,-0.198599,-0.212981
810,-0.195616,-0.204023
811,-0.193103,-0.194952
812,-0.191192,-0.185736
813,-0.189774,-0.176413
814,-0.188852,-0.167053
815,-0.188460,-0.157663
816,-0.188685,-0.148308
817,-0.189337,-0.138933
818,-0.190527,-0.129625
819,-0.192317,-0.120417
820,-0.194565,-0.111319
821,-0.197326,-0.102360
822,-0.200662,-0.093594
823,-0.204439,-0.085014
824,-0.208675,-0.076726
825,-0.213416,-0.068617
826,-0.218648,-0.060824
827,-0.224257,-0.053306
828,-0.230286,-0.046116
829,-0.236770,-0.039330
830,-0.243578,-0.032882
831,-0.250743,-0.026826
832,-0.258243,-0.021187
833,-0.266093,-0.016044
834,-0.274226,-0.011324
835,-0.282634,-0.007131
836,-0.291254,-0.003385
837,-0.300048,-0.000109
838,-0.308940,0.002537
839,-0.318060,0.004737
840,-0.327237,0.006482
841,-0.336546,0.007681
842,-0.345887,0.008379
843,-0.355249,0.008544
844,-0.364640,0.008138
845,-0.373980,0.007225
846,-0.383206,0.005737
847,-0.392373,0.003742
848,-0.401405,0.001253
849,-0.410167,-0.001793
850,-0.418914,-0.005265
851,-0.427335,-0.009222
852,-0.435541,-0.013744
853,-0.443502,-0.018646
854,-0.451177,-0.023988
855,-0.458536,-0.029759
856,-0.465508,-0.035993
857,-0.472156,-0.042564
858,-0.478422,-0.049504
859,-0.484227,-0.056838
860,-0.489654,-0.064445
861,-0.494644,-0.072350
862,-0.499177,-0.080529
863,-0.503156,-0.088989
864,-0.506723,-0.097627
865,-0.509792,-0.106465
866,-0.512262,-0.115403
867,-0.514217,-0.124602
868,-0.515709,-0.133854
869,-0.516647,-0.143099
870,-0.517089,-0.152474
871,-0.517037,-0.161817
872,-0.516452,-0.171136
873,-0.515336,-0.180404
874,-0.513606,-0.189574
875,-0.511439,-0.198649
876,-0.508759,-0.207588
877,-0.505501,-0.216336
878,-0.501816,-0.224901
879,-0.497652,-0.233249
880,-0.493018,-0.241349
881,-0.487869,-0.249117
882,-0.482332,-0.256613
883,-0.476367,-0.263789
884,-0.470003,-0.270616
885,-0.463250,-0.277065
886,-0.456104,-0.283164
887,-0.448784,-0.288420
888,-0.441065,-0.293575
889,-0.433065,-0.298343
890,-0.424810,-0.302657
891,-0.416299,-0.306483
892,-0.407600,-0.309832
893,-0.398687,-0.312659
894,-0.389660,-0.314999
895,-0.380521,-0.316820
896,-0.371274,-0.318098
897,-0.361975,-0.318844
898,-0.352631,-0.319070
899,-0.343310,-0.318776
900,-0.334021,-0.317929
901,-0.324713,-0.316540
902,-0.315599,-0.314678
903,-0.306599,-0.312257
904,-0.297742,-0.309316
905,-0.289070,-0.305888
906,-0.280657,-0.301854
907,-0.272433,-0.297452
908,-0.264487,-0.292594
909,-0.256832,-0.287266
910,-0.249468,-0.281523
911,-0.242502,-0.275336
912,-0.235859,-0.268814
913,-0.229609,-0.261896
914,-0.223817,-0.254600
915,-0.218403,-0.247010
916,-0.213370,-0.239106
917,-0.208852,-0.230984
918,-0.204892,-0.222556
919,-0.201318,-0.213975
920,-0.198234,-0.205208
921,-0.195677,-0.196256
922,-0.193930,-0.187438
923,-0.192402,-0.178304
924,-0.191350,-0.169094
925,-0.190842,-0.159817
926,-0.190839,-0.150537
927,-0.191388,-0.141260
928,-0.192441,-0.132038
929,-0.194042,-0.122882
930,-0.196147,-0.113830
931,-0.198797,-0.104907
932,-0.201959,-0.096242
933,-0.205545,-0.087627
934,-0.209638,-0.079272
935,-0.214192,-0.071185
936,-0.219204,-0.063373
937,-0.224651,-0.055862
938,-0.230516,-0.048674
939,-0.236814,-0.041855
940,-0.243483,-0.035383
941,-0.250437,-0.029720
942,-0.257750,-0.024079
943,-0.265388,-0.018836
944,-0.273316,-0.014030
945,-0.281509,-0.009683
946,-0.289940,-0.005810
947,-0.298575,-0.002425
948,-0.307384,0.000463
949,-0.316453,0.002809
950,-0.325470,0.004700
951,-0.334626,0.006021
952,-0.343861,0.006835
953,-0.353115,0.007127
954,-0.362377,0.006865
955,-0.371622,0.006093
956,-0.380793,0.004805
957,-0.389875,0.002954
958,-0.398857,0.000599
959,-0.407667,-0.002261
960,-0.416276,-0.005690
961,-0.424697,-0.009559
962,-0.432912,-0.013871
963,-0.440806,-0.018706
964,-0.448441,-0.023947
965,-0.455725,-0.029605
966,-0.462738,-0.035677
967,-0.469309,-0.042198
968,-0.475594,-0.049023
969,-0.481474,-0.056174
970,-0.486917,-0.063664
971,-0.491940,-0.071471
972,-0.496448,-0.079548
973,-0.500541,-0.087834
974,-0.504155,-0.096375
975,-0.507220,-0.105092
976,-0.509813,-0.113964
977,-0.511930,-0.122977
978,-0.513533,-0.132087
979,-0.514498,-0.141276
980,-0.514995,-0.150511
981,-0.514935,-0.159615
982,-0.514475,-0.168846
983,-0.513398,-0.178008
984,-0.511880,-0.187084
985,-0.509853,-0.196063
986,-0.507318,-0.204913
987,-0.504152,-0.213602
988,-0.500589,-0.222115
989,-0.496541,-0.230402
990,-0.492032,-0.238471
991,-0.487078,-0.246264
992,-0.481617,-0.253502
993,-0.475801,-0.260673
994,-0.469617,-0.267497
995,-0.463049,-0.273957
996,-0.456043,-0.279961
997,-0.448773,-0.285616
998,-0.441190,-0.290841
999,-0.433318,-0.295648
1000,-0.425198,-0.299997
1001,-0.416792,-0.303782
1002,-0.408230,-0.307172
1003,-0.399488,-0.310041
1004,-0.390567,-0.312353
1005,-0.381595,-0.314215
1006,-0.372529,-0.315559
1007,-0.363367,-0.316365
1008,-0.354171,-0.316654
1009,-0.344997,-0.316356
1010,-0.335857,-0.315615
1011,-0.326755,-0.314325
1012,-0.317772,-0.312444
1013,-0.308892,-0.310140
1014,-0.300142,-0.307344
1015,-0.291567,-0.304071
1016,-0.283257,-0.300205
1017,-0.275130,-0.295956
1018,-0.267246,-0.291239
1019,-0.259640,-0.286067
1020,-0.252462,-0.280482
1021,-0.245511,-0.274466
1022,-0.238884,-0.268140
1023,-0.232648,-0.261409
1024,-0.226864,-0.254284
1025,-0.221433,-0.246912
1026,-0.216460,-0.239209
1027,-0.211892,-0.231260
1028,-0.207875,-0.223050
1029,-0.204281,-0.214638
1030,-0.201154,-0.206015
1031,-0.198496,-0.197273
1032,-0.196448,-0.188368
1033,-0.194873,-0.179350
1034,-0.193758,-0.170273
1035,-0.193198,-0.161108
1036,-0.193225,-0.151976
1037,-0.193693,-0.142877
1038,-0.194676,-0.133817
1039,-0.196228,-0.124823
1040,-0.198227,-0.115909
1041,-0.200790,-0.107166
1042,-0.203822,-0.098574
1043,-0.207330,-0.090137
1044,-0.211394,-0.081985
1045,-0.215821,-0.074020
1046,-0.220694,-0.066321
1047,-0.225998,-0.058904
1048,-0.231697,-0.051794
1049,-0.237923,-0.045117
1050,-0.244452,-0.038752
1051,-0.251307,-0.032729
1052,-0.258527,-0.027152
1053,-0.266089,-0.022008
1054,-0.273848,-0.017240
1055,-0.281916,-0.013047
1056,-0.290215,-0.009264
1057,-0.298679,-0.005892
1058,-0.307309,-0.003041
1059,-0.316073,-0.000797
1060,-0.324986,0.001080
1061,-0.333964,0.002461
1062,-0.343001,0.003325
1063,-0.352094,0.003541
1064,-0.361163,0.003353
1065,-0.370221,0.002621
1066,-0.379216,0.001424
1067,-0.388123,-0.000304
1068,-0.396891,-0.002623
1069,-0.405538,-0.005357
1070,-0.414007,-0.008538
1071,-0.422225,-0.012201
1072,-0.430249,-0.016399
1073,-0.438047,-0.020954
1074,-0.445566,-0.025987
1075,-0.452771,-0.031429
1076,-0.459614,-0.037349
1077,-0.466146,-0.043609
1078,-0.472314,-0.050200
1079,-0.478105,-0.057169
1080,-0.483501,-0.064430
1081,-0.488382,-0.072021
1082,-0.492877,-0.079853
1083,-0.496957,-0.087917
1084,-0.500557,-0.096221
1085,-0.503561,-0.104664
1086,-0.506161,-0.113332
1087,-0.508306,-0.122105
1088,-0.509954,-0.130981
1089,-0.511091,-0.139936
1090,-0.511713,-0.148942
1091,-0.511662,-0.157988
1092,-0.511268,-0.166987
1093,-0.510318,-0.175959
1094,-0.508868,-0.184891
1095,-0.506931,-0.193702
1096,-0.504489,-0.202382
1097,-0.501418,-0.210877
1098,-0.498024,-0.219220
1099,-0.494174,-0.227351
1100,-0.489794,-0.235228
1101,-0.484908,-0.242478
1102,-0.479700,-0.249792
1103,-0.474077,-0.256820
1104,-0.468059,-0.263513
1105,-0.461662,-0.269892
1106,-0.454941,-0.275871
1107,-0.447873,-0.281450
1108,-0.440470,-0.286586
1109,-0.432811,-0.291341
1110,-0.424946,-0.295654
1111,-0.416766,-0.299457
1112,-0.408377,-0.302812
1113,-0.399876,-0.305704
1114,-0.391245,-0.308120
1115,-0.382422,-0.309959
1116,-0.373534,-0.311329
1117,-0.364592,-0.312197
1118,-0.355586,-0.312477
1119,-0.346564,-0.312304
1120,-0.337627,-0.311503
1121,-0.328735,-0.310280
1122,-0.319925,-0.308568
1123,-0.311210,-0.306369
1124,-0.302651,-0.303658
1125,-0.294254,-0.300477
1126,-0.286494,-0.296718
1127,-0.278524,-0.292608
1128,-0.270803,-0.288064
1129,-0.263358,-0.283149
1130,-0.256229,-0.277753
1131,-0.249382,-0.271978
1132,-0.242877,-0.265852
1133,-0.236758,-0.259357
1134,-0.231008,-0.252470
1135,-0.225665,-0.245320
1136,-0.220722,-0.237873
1137,-0.216256,-0.230134
1138,-0.212228,-0.222117
1139,-0.208626,-0.213978
1140,-0.205498,-0.205631
1141,-0.202910,-0.197140
1142,-0.200745,-0.188502
1143,-0.199105,-0.179719
1144,-0.197945,-0.170881
1145,-0.197419,-0.162010
1146,-0.197322,-0.153118
1147,-0.197699,-0.144214
1148,-0.198580,-0.135386
1149,-0.199982,-0.126575
1150,-0.201948,-0.117914
1151,-0.204350,-0.109348
1152,-0.207216,-0.100948
1153,-0.210552,-0.092694
1154,-0.214352,-0.084672
1155,-0.218726,-0.076945
1156,-0.223503,-0.069400
1157,-0.228594,-0.062136
1158,-0.234150,-0.055210
1159,-0.240084,-0.048604
1160,-0.246437,-0.042381
1161,-0.253122,-0.036519
1162,-0.260061,-0.031016
1163,-0.267276,-0.025888
1164,-0.274882,-0.021242
1165,-0.282685,-0.017001
1166,-0.290766,-0.013345
1167,-0.298947,-0.010031
1168,-0.307341,-0.007166
1169,-0.315895,-0.004823
1170,-0.324536,-0.002982
1171,-0.333294,-0.001692
1172,-0.342067,-0.000774
1173,-0.350925,-0.000428
1174,-0.359758,-0.000517
1175,-0.368561,-0.001095
1176,-0.377322,-0.002324
1177,-0.386006,-0.003934
1178,-0.394576,-0.006066
1179,-0.403006,-0.008621
1180,-0.411289,-0.011695
1181,-0.419332,-0.015341
1182,-0.427182,-0.019343
1183,-0.434797,-0.023753
1184,-0.442158,-0.028614
1185,-0.449219,-0.033910
1186,-0.455876,-0.039714
1187,-0.462281,-0.045792
1188,-0.468336,-0.052224
1189,-0.474006,-0.058962
1190,-0.479246,-0.066038
1191,-0.484098,-0.073443
1192,-0.488463,-0.081075
1193,-0.492447,-0.088906
1194,-0.495976,-0.096877
1195,-0.499020,-0.105194
1196,-0.501544,-0.113610
1197,-0.503690,-0.122100
1198,-0.505367,-0.130697
1199,-0.506472,-0.139427
1200,-0.507159,-0.148175
1201,-0.507301,-0.156951
1202,-0.506864,-0.165692
1203,-0.505947,-0.174432
1204,-0.504632,-0.183085
1205,-0.502837,-0.191643
1206,-0.500522,-0.200082
1207,-0.497571,-0.208370
1208,-0.494332,-0.216481
1209,-0.490551,-0.224412
1210,-0.486370,-0.232085
1211,-0.481682,-0.239520
1212,-0.476633,-0.246676
1213,-0.471153,-0.253496
1214,-0.465261,-0.259980
1215,-0.459093,-0.266151
1216,-0.452619,-0.271997
1217,-0.445774,-0.277446
1218,-0.438749,-0.282367
1219,-0.431306,-0.286901
1220,-0.423675,-0.291127
1221,-0.415836,-0.294914
1222,-0.407769,-0.298227
1223,-0.399505,-0.301096
1224,-0.391109,-0.303379
1225,-0.382639,-0.305284
1226,-0.374012,-0.306662
1227,-0.365318,-0.307584
1228,-0.356622,-0.308021
1229,-0.347932,-0.307973
1230,-0.339224,-0.307162
1231,-0.330574,-0.306093
1232,-0.322038,-0.304474
1233,-0.313587,-0.302420
1234,-0.305252,-0.299896
1235,-0.297137,-0.296730
1236,-0.289178,-0.293224
1237,-0.281412,-0.289257
1238,-0.273918,-0.284888
1239,-0.266708,-0.280160
1240,-0.259766,-0.274915
1241,-0.253145,-0.269368
1242,-0.246802,-0.263453
1243,-0.240854,-0.257190
1244,-0.235229,-0.250627
1245,-0.229981,-0.243709
1246,-0.225537,-0.236641
1247,-0.221152,-0.229221
1248,-0.217162,-0.221578
1249,-0.213601,-0.213730
1250,-0.210499,-0.205652
1251,-0.207862,-0.197429
1252,-0.205689,-0.189084
1253,-0.204014,-0.180587
1254,-0.202882,-0.172005
1255,-0.202172,-0.163415
1256,-0.201976,-0.154762
1257,-0.202250,-0.146143
1258,-0.203134,-0.137509
1259,-0.204422,-0.128927
1260,-0.206225,-0.120468
1261,-0.208541,-0.112130
1262,-0.211232,-0.103944
1263,-0.214495,-0.095909
1264,-0.218230,-0.088101
1265,-0.222322,-0.080469
1266,-0.226957,-0.073200
1267,-0.231944,-0.066150
1268,-0.237300,-0.059367
1269,-0.242974,-0.052917
1270,-0.249140,-0.046805
1271,-0.255587,-0.041124
1272,-0.262370,-0.035804
1273,-0.269419,-0.030847
1274,-0.276672,-0.026243
1275,-0.284144,-0.022050
1276,-0.291883,-0.018303
1277,-0.299929,-0.015276
1278,-0.308096,-0.012471
1279,-0.316312,-0.010085
1280,-0.324643,-0.008169
1281,-0.333194,-0.006876
1282,-0.341709,-0.006115
1283,-0.350279,-0.005717
1284,-0.358848,-0.005834
1285,-0.367383,-0.006462
1286,-0.375913,-0.007503
1287,-0.384293,-0.009015
1288,-0.392650,-0.011147
1289,-0.400775,-0.013706
1290,-0.408793,-0.016640
1291,-0.416582,-0.020064
1292,-0.424227,-0.023868
1293,-0.431629,-0.028112
1294,-0.438706,-0.032931
1295,-0.445569,-0.037943
1296,-0.452140,-0.043330
1297,-0.458360,-0.049149
1298,-0.464258,-0.055302
1299,-0.469822,-0.061740
1300,-0.474884,-0.068567
1301,-0.479656,-0.075577
1302,-0.483925,-0.082973
1303,-0.487877,-0.090494
1304,-0.491393,-0.098211
1305,-0.494327,-0.106152
1306,-0.496866,-0.114249
1307,-0.498955,-0.122424
1308,-0.500608,-0.130788
1309,-0.501743,-0.139217
1310,-0.502468,-0.147655
1311,-0.502494,-0.156156
1312,-0.502251,-0.164620
1313,-0.501460,-0.173062
1314,-0.500258,-0.181430
1315,-0.498582,-0.189716
1316,-0.496299,-0.197917
1317,-0.493534,-0.205914
1318,-0.490463,-0.213775
1319,-0.486959,-0.221453
1320,-0.482882,-0.228893
1321,-0.478451,-0.236132
1322,-0.473691,-0.243099
1323,-0.468356,-0.249673
1324,-0.462778,-0.255976
1325,-0.456856,-0.262006
1326,-0.450450,-0.267641
1327,-0.443909,-0.272977
1328,-0.437094,-0.277883
1329,-0.429808,-0.282339
1330,-0.422461,-0.286465
1331,-0.414863,-0.290054
1332,-0.407089,-0.293300
1333,-0.399099,-0.295989
1334,-0.390997,-0.298330
1335,-0.382811,-0.300195
1336,-0.374389,-0.301437
1337,-0.366027,-0.302209
1338,-0.357681,-0.302680
1339,-0.349270,-0.302647
1340,-0.340908,-0.302099
1341,-0.332543,-0.301004
1342,-0.324259,-0.299532
1343,-0.316155,-0.297404
1344,-0.308151,-0.295031
1345,-0.300281,-0.292097
1346,-0.292564,-0.288655
1347,-0.285070,-0.284962
1348,-0.277807,-0.280869
1349,-0.270807,-0.276333
1350,-0.264209,-0.271188
1351,-0.257742,-0.265843
1352,-0.251588,-0.260217
1353,-0.245815,-0.254173
1354,-0.240354,-0.247894
1355,-0.235280,-0.241262
1356,-0.230553,-0.234380
1357,-0.226526,-0.227101
1358,-0.222648,-0.219769
1359,-0.219184,-0.212229
1360,-0.216154,-0.204501
1361,-0.213699,-0.196480
1362,-0.211573,-0.188450
1363,-0.209903,-0.180325
1364,-0.208701,-0.172120
1365,-0.207968,-0.163859
1366,-0.207998,-0.155509
1367,-0.208315,-0.147153
1368,-0.209101,-0.138893
1369,-0.210266,-0.130692
1370,-0.212033,-0.122528
1371,-0.214221,-0.114534
1372,-0.216807,-0.106627
1373,-0.220038,-0.098992
1374,-0.223631,-0.091436
1375,-0.227560,-0.084151
1376,-0.231823,-0.077070
1377,-0.236458,-0.070250
1378,-0.241540,-0.063692
1379,-0.247273,-0.057695
1380,-0.253041,-0.051789
1381,-0.259162,-0.046209
1382,-0.265623,-0.041053
1383,-0.272316,-0.036277
1384,-0.279301,-0.031831
1385,-0.286509,-0.027803
1386,-0.293946,-0.024231
1387,-0.301604,-0.021114
1388,-0.309384,-0.018508
1389,-0.317238,-0.016188
1390,-0.325180,-0.014364
1391,-0.333370,-0.013056
1392,-0.341502,-0.012088
1393,-0.349659,-0.011582
1394,-0.357818,-0.011710
1395,-0.366001,-0.012286
1396,-0.374129,-0.013204
1397,-0.382178,-0.014558
1398,-0.390197,-0.016442
1399,-0.398041,-0.018710
1400,-0.405727,-0.021506
1401,-0.413186,-0.024812
1402,-0.420494,-0.028481
1403,-0.427587,-0.032663
1404,-0.434477,-0.037105
1405,-0.441088,-0.041924
1406,-0.447414,-0.047052
1407,-0.453383,-0.052551
1408,-0.458890,-0.058709
1409,-0.464190,-0.064946
1410,-0.469140,-0.071409
1411,-0.473766,-0.078135
1412,-0.477937,-0.085076
1413,-0.481647,-0.092378
1414,-0.484809,-0.099914
1415,-0.487687,-0.107528
1416,-0.490210,-0.115216
1417,-0.492248,-0.123090
1418,-0.493760,-0.131124
1419,-0.494802,-0.139190
1420,-0.495527,-0.147231
1421,-0.495796,-0.155297
1422,-0.495527,-0.163404
1423,-0.494705,-0.171531
1424,-0.493367,-0.179505
1425,-0.491661,-0.187420
1426,-0.489570,-0.195255
1427,-0.487112,-0.202919
1428,-0.484016,-0.210418
1429,-0.480563,-0.217841
1430,-0.476700,-0.224951
1431,-0.472411,-0.231740
1432,-0.467906,-0.238369
1433,-0.462802,-0.244687
1434,-0.457461,-0.250758
1435,-0.451765,-0.256484
1436,-0.445894,-0.261922
1437,-0.439628,-0.267007
1438,-0.432950,-0.271481
1439,-0.426210,-0.275803
1440,-0.419139,-0.279613
1441,-0.411748,-0.283083
1442,-0.404277,-0.286075
1443,-0.396741,-0.288769
1444,-0.389111,-0.291050
1445,-0.381280,-0.292737
1446,-0.373288,-0.293848
1447,-0.365364,-0.294636
1448,-0.357385,-0.295055
1449,-0.349366,-0.294996
1450,-0.341432,-0.294574
1451,-0.333462,-0.293170
1452,-0.325653,-0.291635
1453,-0.317940,-0.289839
1454,-0.310355,-0.287633
1455,-0.302852,-0.284779
1456,-0.295554,-0.281421
1457,-0.288507,-0.277740
1458,-0.281639,-0.273852
1459,-0.275129,-0.269133
1460,-0.268794,-0.264359
1461,-0.262721,-0.259366
1462,-0.257143,-0.253647
1463,-0.251720,-0.247885
1464,-0.246669,-0.241729
1465,-0.245003,-0.231764
1466,-0.245011,-0.220482
1467,-0.247011,-0.213452
1468,-0.249389,-0.205721
1469,-0.250112,-0.195421
1470,-0.250794,-0.184851
1471,-0.251921,-0.174258
1472,-0.252614,-0.163678
1473,-0.253669,-0.153228
1474,-0.255271,-0.142864
1475,-0.257452,-0.132608
1476,-0.260212,-0.122491
1477,-0.263603,-0.112549
1478,-0.267562,-0.102821
1479,-0.272098,-0.093303
1480,-0.277148,-0.084090
1481,-0.282662,-0.075166
1482,-0.288801,-0.066649
1483,-0.295372,-0.058432
1484,-0.302358,-0.050567
1485,-0.309765,-0.043132
1486,-0.317554,-0.036137
1487,-0.325859,-0.029716
1488,-0.334454,-0.023650
1489,-0.343278,-0.018114
1490,-0.352469,-0.013085
1491,-0.361930,-0.008586
1492,-0.371597,-0.004602
1493,-0.381487,-0.001212
1494,-0.391583,0.001501
1495,-0.401793,0.003759
1496,-0.412168,0.005385
1497,-0.422567,0.006484
1498,-0.433003,0.006974
1499,-0.443454,0.006737
1500,-0.453862,0.006023
1501,-0.464236,0.004659
1502,-0.474560,0.002728
1503,-0.484737,0.000219
1504,-0.494729,-0.002840
1505,-0.504497,-0.006607
1506,-0.514057,-0.010810
1507,-0.523358,-0.015573
1508,-0.532419,-0.020854
1509,-0.541071,-0.026601
1510,-0.549449,-0.032797
1511,-0.557457,-0.039492
1512,-0.564995,-0.046686
1513,-0.572182,-0.054312
1514,-0.578946,-0.062226
1515,-0.585226,-0.070542
1516,-0.591039,-0.079166
1517,-0.596198,-0.088235
1518,-0.600924,-0.097532
1519,-0.605173,-0.107018
1520,-0.608841,-0.116754
1521,-0.611986,-0.126652
1522,-0.614459,-0.136691
1523,-0.617803,-0.145506
1524,-0.620404,-0.153898
1525,-0.621822,-0.163029
1526,-0.622344,-0.172044
1527,-0.622609,-0.181388
1528,-0.622351,-0.190772
1529,-0.621566,-0.200132
1530,-0.620248,-0.209434
1531,-0.618402,-0.218648
1532,-0.616031,-0.227742
1533,-0.613144,-0.236688
1534,-0.609751,-0.245455
1535,-0.605861,-0.254015
1536,-0.601488,-0.262340
1537,-0.596647,-0.270402
1538,-0.591339,-0.278215
1539,-0.585644,-0.285655
1540,-0.579495,-0.292758
1541,-0.572967,-0.299506
1542,-0.566044,-0.305866
1543,-0.558775,-0.311810
1544,-0.551139,-0.317328
1545,-0.543373,-0.322015
1546,-0.535243,-0.326638
1547,-0.526833,-0.330799
1548,-0.518214,-0.334491
1549,-0.509360,-0.337668
1550,-0.500372,-0.340358
1551,-0.491250,-0.342532
1552,-0.481891,-0.344133
1553,-0.472621,-0.345275
1554,-0.463267,-0.345837
1555,-0.453884,-0.345880
1556,-0.444524,-0.345393
1557,-0.435195,-0.344350
1558,-0.425946,-0.342799
1559,-0.416795,-0.340700
1560,-0.407782,-0.338106
1561,-0.398928,-0.334979
1562,-0.390275,-0.331358
1563,-0.381845,-0.327218
1564,-0.373689,-0.322568
1565,-0.365789,-0.317504
1566,-0.358179,-0.312011
1567,-0.351161,-0.306214
1568,-0.344265,-0.299970
1569,-0.337708,-0.293294
1570,-0.331568,-0.286207
1571,-0.325801,-0.278841
1572,-0.320466,-0.271136
1573,-0.315560,-0.263154
1574,-0.311200,-0.254864
1575,-0.307244,-0.246364
1576,-0.303771,-0.237671
1577,-0.300819,-0.228782
1578,-0.298447,-0.219715
1579,-0.296511,-0.210556
1580,-0.295074,-0.201288
1581,-0.294257,-0.191941
1582,-0.293912,-0.182596
1583,-0.294093,-0.173246
1584,-0.294806,-0.163921
1585,-0.296140,-0.154662
1586,-0.297925,-0.145473
1587,-0.300219,-0.136406
1588,-0.303070,-0.127484
1589,-0.306422,-0.118724
1590,-0.310263,-0.110131
1591,-0.314582,-0.101850
1592,-0.319444,-0.093834
1593,-0.324670,-0.086083
1594,-0.330322,-0.078643
1595,-0.336473,-0.071593
1596,-0.342946,-0.064845
1597,-0.349841,-0.058534
1598,-0.357050,-0.052587
1599,-0.364569,-0.047046
1600,-0.372414,-0.041958
1601,-0.380562,-0.037379
1602,-0.388923,-0.033206
1603,-0.397498,-0.029509
1604,-0.406229,-0.026342
1605,-0.415186,-0.023702
1606,-0.424198,-0.021545
1607,-0.433388,-0.019800
1608,-0.442638,-0.018609
1609,-0.451935,-0.018021
1610,-0.461245,-0.017901
1611,-0.470548,-0.018310
1612,-0.479801,-0.019340
1613,-0.488991,-0.020809
1614,-0.498086,-0.022798
1615,-0.507036,-0.025378
1616,-0.515833,-0.028401
1617,-0.524452,-0.031912
1618,-0.532859,-0.035908
1619,-0.540988,-0.040476
1620,-0.548866,-0.045443
1621,-0.556469,-0.050862
1622,-0.563741,-0.056698
1623,-0.570600,-0.063089
1624,-0.577126,-0.069673
1625,-0.583260,-0.076666
1626,-0.589030,-0.083982
1627,-0.594358,-0.091602
1628,-0.599215,-0.099544
1629,-0.603658,-0.107738
1630,-0.607524,-0.116193
1631,-0.610991,-0.124820
1632,-0.613947,-0.133661
1633,-0.616408,-0.142628
1634,-0.618280,-0.151734
1635,-0.619670,-0.160930
1636,-0.620567,-0.170197
1637,-0.620873,-0.179419
1638,-0.620641,-0.188742
1639,-0.619953,-0.198040
1640,-0.618634,-0.207263
1641,-0.616912,-0.216378
1642,-0.614663,-0.225394
1643,-0.611901,-0.234266
1644,-0.608544,-0.242948
1645,-0.604794,-0.251435
1646,-0.600575,-0.259697
1647,-0.595860,-0.267705
1648,-0.590634,-0.275385
1649,-0.585056,-0.282793
1650,-0.579071,-0.289881
1651,-0.572697,-0.296612
1652,-0.566106,-0.302716
1653,-0.559091,-0.308660
1654,-0.551687,-0.314208
1655,-0.543993,-0.319344
1656,-0.535992,-0.323947
1657,-0.527767,-0.328173
1658,-0.519316,-0.331925
1659,-0.510639,-0.335169
1660,-0.501799,-0.337936
1661,-0.492812,-0.340118
1662,-0.483712,-0.341832
1663,-0.474539,-0.343052
1664,-0.465295,-0.343754
1665,-0.456013,-0.343829
1666,-0.446768,-0.343470
1667,-0.437565,-0.342587
1668,-0.428439,-0.341098
1669,-0.419399,-0.339149
1670,-0.410460,-0.336658
1671,-0.401682,-0.333694
1672,-0.393094,-0.330173
1673,-0.384719,-0.326220
1674,-0.376605,-0.321790
1675,-0.368905,-0.316933
1676,-0.361339,-0.311646
1677,-0.354143,-0.305815
1678,-0.347216,-0.299682
1679,-0.340650,-0.293166
1680,-0.334477,-0.286263
1681,-0.328756,-0.278996
1682,-0.323403,-0.271461
1683,-0.318451,-0.263636
1684,-0.314048,-0.255513
1685,-0.310055,-0.247200
1686,-0.306664,-0.238777
1687,-0.303637,-0.230078
1688,-0.301229,-0.221143
1689,-0.299225,-0.212118
1690,-0.297733,-0.203008
1691,-0.296873,-0.193798
1692,-0.296443,-0.184582
1693,-0.296534,-0.175346
1694,-0.297170,-0.166122
1695,-0.298306,-0.156961
1696,-0.300066,-0.147949
1697,-0.302253,-0.138977
1698,-0.304948,-0.130150
1699,-0.308234,-0.121518
1700,-0.311883,-0.113067
1701,-0.316060,-0.104836
1702,-0.320657,-0.096852
1703,-0.325773,-0.089205
1704,-0.331278,-0.081803
1705,-0.337176,-0.074734
1706,-0.343471,-0.068015
1707,-0.350192,-0.061712
1708,-0.357233,-0.055730
1709,-0.364545,-0.050194
1710,-0.372269,-0.045167
1711,-0.380180,-0.040501
1712,-0.388341,-0.036297
1713,-0.396798,-0.032665
1714,-0.405390,-0.029430
1715,-0.414144,-0.026684
1716,-0.423057,-0.024473
1717,-0.432104,-0.022810
1718,-0.441179,-0.021588
1719,-0.450336,-0.020904
1720,-0.459523,-0.020732
1721,-0.468690,-0.021068
1722,-0.477748,-0.022050
1723,-0.486839,-0.023474
1724,-0.495826,-0.025370
1725,-0.504679,-0.027769
1726,-0.513374,-0.030793
1727,-0.521890,-0.034160
1728,-0.530198,-0.038033
1729,-0.538277,-0.042378
1730,-0.546044,-0.047207
1731,-0.553555,-0.052473
1732,-0.560776,-0.058134
1733,-0.567654,-0.064181
1734,-0.574110,-0.070669
1735,-0.580233,-0.077485
1736,-0.585978,-0.084616
1737,-0.591078,-0.092065
1738,-0.595954,-0.099782
1739,-0.600381,-0.107780
1740,-0.604378,-0.116022
1741,-0.607899,-0.124471
1742,-0.610849,-0.133115
1743,-0.613355,-0.141897
1744,-0.615374,-0.150842
1745,-0.616890,-0.159860
1746,-0.617804,-0.168948
1747,-0.618256,-0.178073
1748,-0.618192,-0.187210
1749,-0.617470,-0.196344
1750,-0.616274,-0.205263
1751,-0.614686,-0.214230
1752,-0.612584,-0.223104
1753,-0.609991,-0.231864
1754,-0.606823,-0.240413
1755,-0.603259,-0.248783
1756,-0.599227,-0.256937
1757,-0.594717,-0.264858
1758,-0.589693,-0.272439
1759,-0.584296,-0.279797
1760,-0.578503,-0.286831
1761,-0.572282,-0.293503
1762,-0.565721,-0.299782
1763,-0.558753,-0.305646
1764,-0.551540,-0.311183
1765,-0.544066,-0.316240
1766,-0.536273,-0.320922
1767,-0.528199,-0.325081
1768,-0.519942,-0.328849
1769,-0.511482,-0.332145
1770,-0.502846,-0.334954
1771,-0.494047,-0.337181
1772,-0.485152,-0.338983
1773,-0.476166,-0.340277
1774,-0.467112,-0.340965
1775,-0.458046,-0.341212
1776,-0.448976,-0.340953
1777,-0.439932,-0.340180
1778,-0.430941,-0.338863
1779,-0.422064,-0.336959
1780,-0.413289,-0.334574
1781,-0.404695,-0.331740
1782,-0.396213,-0.328362
1783,-0.387986,-0.324507
1784,-0.379978,-0.320198
1785,-0.372200,-0.315471
1786,-0.364708,-0.310359
1787,-0.357528,-0.304804
1788,-0.350758,-0.298700
1789,-0.344265,-0.292387
1790,-0.338149,-0.285698
1791,-0.332449,-0.278638
1792,-0.327111,-0.271286
1793,-0.322217,-0.263653
1794,-0.317855,-0.255712
1795,-0.313917,-0.247545
1796,-0.310391,-0.239118
1797,-0.307365,-0.230646
1798,-0.304837,-0.221987
1799,-0.302925,-0.213123
