0,1.488680,-0.562451
1,1.479752,-0.554063
2,1.466841,-0.543008
3,1.453327,-0.532697
4,1.439249,-0.523172
5,1.424652,-0.514464
6,1.409583,-0.506600
7,1.394091,-0.499606
8,1.378226,-0.493505
9,1.362040,-0.488317
10,1.345585,-0.484057
11,1.328914,-0.480741
12,1.324250,-0.479841
13,1.312278,-0.482437
14,1.296012,-0.487358
15,1.280068,-0.493249
16,1.275622,-0.494921
17,1.275622,-0.494921
18,1.275622,-0.494921
19,1.275622,-0.494921
20,1.279609,-0.506504
21,1.286411,-0.522077
22,1.294139,-0.537217
23,1.302715,-0.551892
24,1.312112,-0.566055
25,1.322300,-0.579661
26,1.333246,-0.592666
27,1.336325,-0.596282
28,1.336325,-0.596282
29,1.336325,-0.596282
30,1.336325,-0.596282
31,1.336325,-0.596282
32,1.336325,-0.596282
33,1.336325,-0.596282
34,1.333354,-0.584398
35,1.327924,-0.568295
36,1.321535,-0.552544
37,1.319724,-0.548153
38,1.310977,-0.539576
39,1.297928,-0.528690
40,1.284245,-0.518606
41,1.270010,-0.509316
42,1.255270,-0.500852
43,1.240073,-0.493239
44,1.224467,-0.486504
45,1.208503,-0.480668
46,1.192232,-0.475749
47,1.175709,-0.471764
48,1.158985,-0.468725
49,1.142115,-0.466643
50,1.125155,-0.465525
51,1.108158,-0.465372
52,1.091180,-0.466188
53,1.074276,-0.467968
54,1.057500,-0.470706
55,1.040908,-0.474395
56,1.024552,-0.479022
57,1.008486,-0.484572
58,1.004005,-0.486148
59,1.004005,-0.486148
60,1.004005,-0.486148
61,1.004005,-0.486148
62,1.004005,-0.486148
63,1.011800,-0.495598
64,1.023630,-0.507799
65,1.026967,-0.511179
66,1.026967,-0.511179
67,1.026967,-0.511179
68,1.026967,-0.511179
69,1.026967,-0.511179
70,1.026967,-0.511179
71,1.027714,-0.498952
72,1.027386,-0.481961
73,1.026037,-0.465017
74,1.023727,-0.448177
75,1.020462,-0.431496
76,1.016254,-0.415028
77,1.015051,-0.410433
78,1.015051,-0.410433
79,1.004490,-0.404227
80,0.989195,-0.396821
81,0.973479,-0.390346
82,0.957420,-0.384776
83,0.941070,-0.380128
84,0.924482,-0.376418
85,0.907710,-0.373658
86,0.890808,-0.371857
87,0.873831,-0.371020
88,0.856834,-0.371151
89,0.839872,-0.372248
90,0.823000,-0.374309
91,0.806273,-0.377326
92,0.789744,-0.381290
93,0.785131,-0.382424
94,0.785131,-0.382424
95,0.785131,-0.382424
96,0.785131,-0.382424
97,0.785131,-0.382424
98,0.791972,-0.392586
99,0.802561,-0.405877
100,0.813933,-0.418510
101,0.826005,-0.430476
102,0.829398,-0.433801
103,0.829398,-0.433801
104,0.829398,-0.433801
105,0.829398,-0.433801
106,0.829398,-0.433801
107,0.829398,-0.433801
108,0.829941,-0.421563
109,0.829331,-0.404580
110,0.827701,-0.387661
111,0.827219,-0.382935
112,0.827219,-0.382935
113,0.817735,-0.375181
114,0.803819,-0.366726
115,0.789286,-0.358076
116,0.774273,-0.350106
117,0.758830,-0.343003
118,0.743009,-0.336790
119,0.726860,-0.331488
120,0.710435,-0.327112
121,0.693788,-0.323679
122,0.676972,-0.321198
123,0.660043,-0.319678
124,0.643054,-0.319124
125,0.626062,-0.319537
126,0.609120,-0.320916
127,0.592285,-0.323257
128,0.575610,-0.326551
129,0.559149,-0.330790
130,0.554556,-0.332000
131,0.554556,-0.332000
132,0.554556,-0.332000
133,0.553519,-0.333569
134,0.548700,-0.341364
135,0.545411,-0.354074
136,0.543467,-0.370184
137,0.542269,-0.386866
138,0.541886,-0.404003
139,0.542463,-0.421576
140,0.544176,-0.439545
141,0.547225,-0.457835
142,0.559268,-0.468837
143,0.564313,-0.474880
144,0.566947,-0.483588
145,0.570046,-0.491826
146,0.573587,-0.499599
147,0.577527,-0.506877
148,0.581822,-0.513631
149,0.586463,-0.519676
150,0.591875,-0.525112
151,0.597559,-0.530154
152,0.603481,-0.534794
153,0.609611,-0.539022
154,0.615923,-0.542829
155,0.622390,-0.546209
156,0.628983,-0.549158
157,0.635674,-0.551671
158,0.642436,-0.553747
159,0.649241,-0.555388
160,0.656062,-0.556595
161,0.662871,-0.557371
162,0.668274,-0.556915
163,0.661684,-0.550435
164,0.651383,-0.543776
165,0.640675,-0.537785
166,0.629616,-0.532409
167,0.618241,-0.527667
168,0.606587,-0.523577
169,0.594692,-0.520155
170,0.582594,-0.517417
171,0.570333,-0.515374
172,0.557948,-0.514035
173,0.545482,-0.513408
174,0.532974,-0.513498
175,0.520466,-0.514307
176,0.508001,-0.515836
177,0.495619,-0.518082
178,0.483362,-0.521041
179,0.471271,-0.524705
180,0.459388,-0.529066
181,0.447752,-0.534110
182,0.436403,-0.539825
183,0.425379,-0.546193
184,0.414720,-0.553196
185,0.404460,-0.560812
186,0.394636,-0.569019
187,0.385282,-0.577792
188,0.376431,-0.587103
189,0.368113,-0.596923
190,0.360358,-0.607222
191,0.353194,-0.617968
192,0.346646,-0.629125
193,0.340739,-0.640658
194,0.334233,-0.652048
195,0.324449,-0.661824
196,0.314425,-0.671758
197,0.304746,-0.682227
198,0.295611,-0.693238
199,0.287099,-0.704756
200,0.279250,-0.716742
201,0.272095,-0.729156
202,0.265658,-0.741959
203,0.259960,-0.755108
204,0.255020,-0.768560
205,0.250854,-0.782273
206,0.247476,-0.796202
207,0.244946,-0.810374
208,0.243188,-0.824525
209,0.242245,-0.838808
210,0.242112,-0.853132
211,0.242793,-0.867444
212,0.244287,-0.881695
213,0.246626,-0.895770
214,0.249683,-0.909815
215,0.253545,-0.923623
216,0.258192,-0.937177
217,0.263605,-0.950441
218,0.269765,-0.963376
219,0.276652,-0.975938
220,0.284244,-0.988088
221,0.292516,-0.999787
222,0.301441,-1.010996
223,0.310990,-1.021679
224,0.321133,-1.031801
225,0.331836,-1.041329
226,0.343065,-1.050233
227,0.354783,-1.058482
228,0.366953,-1.066052
229,0.379534,-1.072916
230,0.392649,-1.079018
231,0.405794,-1.084373
232,0.419340,-1.088969
233,0.433140,-1.092798
234,0.447140,-1.095840
235,0.461293,-1.098080
236,0.475494,-1.099460
237,0.489852,-1.100137
238,0.504189,-1.099976
239,0.518483,-1.098990
240,0.532696,-1.097191
241,0.546783,-1.094584
242,0.560699,-1.091179
243,0.574398,-1.086986
244,0.587837,-1.082020
245,0.600972,-1.076296
246,0.613760,-1.069833
247,0.626160,-1.062652
248,0.638131,-1.054776
249,0.649635,-1.046230
250,0.660634,-1.037043
251,0.671091,-1.027244
252,0.680975,-1.016865
253,0.690251,-1.005940
254,0.698879,-0.994415
255,0.706808,-0.982562
256,0.714068,-0.970226
257,0.720623,-0.957489
258,0.726445,-0.944397
259,0.731439,-0.931041
260,0.735811,-0.917340
261,0.739363,-0.903448
262,0.742108,-0.889384
263,0.744044,-0.875189
264,0.745167,-0.860907
265,0.745475,-0.846585
266,0.744967,-0.832267
267,0.743644,-0.818001
268,0.741510,-0.803833
269,0.738573,-0.789809
270,0.734842,-0.775974
271,0.730329,-0.762374
272,0.725048,-0.749052
273,0.719017,-0.736053
274,0.712255,-0.723417
275,0.704783,-0.711187
276,0.696628,-0.699401
277,0.687652,-0.688057
278,0.678311,-0.677368
279,0.668274,-0.667176
280,0.657666,-0.657554
281,0.646525,-0.648546
282,0.634919,-0.640283
283,0.622810,-0.632509
284,0.610307,-0.625483
285,0.597431,-0.619196
286,0.584219,-0.613656
287,0.570713,-0.608878
288,0.556957,-0.604878
289,0.542995,-0.601668
290,0.528872,-0.599258
291,0.514634,-0.597656
292,0.500328,-0.596868
293,0.485999,-0.596896
294,0.471695,-0.597740
295,0.457461,-0.599397
296,0.443344,-0.601863
297,0.429390,-0.605129
298,0.415644,-0.609184
299,0.402151,-0.614016
300,0.388955,-0.619609
301,0.376069,-0.626026
302,0.363660,-0.633050
303,0.351630,-0.640810
304,0.340051,-0.649243
305,0.329068,-0.658320
306,0.318428,-0.668008
307,0.308410,-0.678270
308,0.299007,-0.689083
309,0.290241,-0.700414
310,0.282134,-0.712225
311,0.274714,-0.724480
312,0.268003,-0.737137
313,0.262024,-0.750157
314,0.256796,-0.763497
315,0.252337,-0.777113
316,0.248659,-0.790962
317,0.245777,-0.804998
318,0.243698,-0.819176
319,0.242431,-0.833451
320,0.241978,-0.847774
321,0.242342,-0.862101
322,0.243521,-0.876385
323,0.245512,-0.890578
324,0.248434,-0.904746
325,0.251970,-0.918491
326,0.256356,-0.932106
327,0.261511,-0.945469
328,0.267439,-0.958423
329,0.274048,-0.971206
330,0.281371,-0.983536
331,0.289386,-0.995414
332,0.298065,-1.006812
333,0.307379,-1.017696
334,0.317298,-1.028032
335,0.327791,-1.037787
336,0.338822,-1.046928
337,0.350357,-1.055427
338,0.362357,-1.063255
339,0.374785,-1.070387
340,0.387598,-1.076800
341,0.400757,-1.082473
342,0.414218,-1.087388
343,0.427938,-1.091528
344,0.441872,-1.094880
345,0.455974,-1.097433
346,0.470200,-1.099179
347,0.484503,-1.100112
348,0.498886,-1.100174
349,0.513141,-1.099469
350,0.527377,-1.097942
351,0.541409,-1.095558
352,0.555476,-1.092479
353,0.569283,-1.088593
354,0.582830,-1.083922
355,0.596084,-1.078485
356,0.609006,-1.072301
357,0.621555,-1.065391
358,0.633690,-1.057777
359,0.645373,-1.049484
360,0.656564,-1.040538
361,0.667228,-1.030970
362,0.677331,-1.020809
363,0.686838,-1.010089
364,0.695720,-0.998844
365,0.703948,-0.987111
366,0.711494,-0.974928
367,0.718334,-0.962335
368,0.724446,-0.949372
369,0.729810,-0.936081
370,0.734409,-0.922506
371,0.738227,-0.908690
372,0.741176,-0.894662
373,0.743372,-0.880532
374,0.744691,-0.866364
375,0.745352,-0.851981
376,0.745168,-0.837639
377,0.744158,-0.823346
378,0.742332,-0.809137
379,0.739699,-0.795055
380,0.736267,-0.781147
381,0.732050,-0.767456
382,0.727058,-0.754027
383,0.721310,-0.740904
384,0.714824,-0.728128
385,0.707620,-0.715743
386,0.699722,-0.703788
387,0.691155,-0.692301
388,0.681948,-0.681320
389,0.672131,-0.670881
390,0.661734,-0.661018
391,0.650791,-0.651763
392,0.639339,-0.643145
393,0.627414,-0.635194
394,0.615056,-0.627934
395,0.602196,-0.621418
396,0.589174,-0.615648
397,0.575837,-0.610717
398,0.562115,-0.606362
399,0.548214,-0.602833
400,0.534145,-0.600114
401,0.519948,-0.598205
402,0.505664,-0.597108
403,0.491342,-0.596827
404,0.477026,-0.597363
405,0.462764,-0.598713
406,0.448600,-0.600873
407,0.434583,-0.603836
408,0.420756,-0.607593
409,0.407165,-0.612132
410,0.393855,-0.617438
411,0.380867,-0.623493
412,0.368245,-0.630278
413,0.356030,-0.637772
414,0.344260,-0.645949
415,0.332975,-0.654784
416,0.322212,-0.664248
417,0.312004,-0.674310
418,0.302386,-0.684937
419,0.293400,-0.696130
420,0.285193,-0.707726
421,0.277441,-0.719854
422,0.270438,-0.732370
423,0.264175,-0.745257
424,0.258661,-0.758479
425,0.253909,-0.771993
426,0.249935,-0.785756
427,0.246751,-0.799723
428,0.244368,-0.813850
429,0.242793,-0.828090
430,0.242032,-0.842397
431,0.242087,-0.856725
432,0.242958,-0.871027
433,0.244642,-0.885257
434,0.247134,-0.899368
435,0.250426,-0.913315
436,0.254507,-0.927052
437,0.259364,-0.940535
438,0.264981,-0.953721
439,0.271340,-0.966565
440,0.278421,-0.979027
441,0.286200,-0.991066
442,0.294743,-1.002656
443,0.303793,-1.013556
444,0.313504,-1.024172
445,0.323784,-1.034169
446,0.334613,-1.043551
447,0.345960,-1.052296
448,0.357786,-1.060379
449,0.370053,-1.067776
450,0.382723,-1.074462
451,0.395753,-1.080416
452,0.409102,-1.085619
453,0.422726,-1.090053
454,0.436581,-1.093704
455,0.450621,-1.096560
456,0.464803,-1.098611
457,0.479078,-1.099852
458,0.493402,-1.100278
459,0.507727,-1.099887
460,0.522008,-1.098681
461,0.536197,-1.096663
462,0.550249,-1.093840
463,0.564117,-1.090222
464,0.577758,-1.085819
465,0.591126,-1.080646
466,0.604048,-1.074630
467,0.616786,-1.067998
468,0.629093,-1.060650
469,0.640952,-1.052613
470,0.652332,-1.043913
471,0.663198,-1.034579
472,0.673514,-1.024641
473,0.683248,-1.014130
474,0.692368,-1.003082
475,0.700844,-0.991532
476,0.708649,-0.979518
477,0.715757,-0.967078
478,0.722146,-0.954253
479,0.727794,-0.941084
480,0.732682,-0.927614
481,0.736796,-0.913887
482,0.740122,-0.899948
483,0.742648,-0.885842
484,0.744367,-0.871613
485,0.745273,-0.857310
486,0.745362,-0.842977
487,0.744635,-0.828662
488,0.743094,-0.814412
489,0.740615,-0.800278
490,0.737529,-0.786318
491,0.733611,-0.772543
492,0.728912,-0.759013
493,0.723450,-0.745771
494,0.717241,-0.732862
495,0.710308,-0.720327
496,0.702671,-0.708207
497,0.694357,-0.696541
498,0.685391,-0.685367
499,0.675802,-0.674721
500,0.665623,-0.664639
501,0.654885,-0.655152
502,0.643624,-0.646292
503,0.631876,-0.638087
504,0.619680,-0.630564
505,0.607074,-0.623748
506,0.594100,-0.617661
507,0.580800,-0.612322
508,0.567217,-0.607750
509,0.553395,-0.603958
510,0.539379,-0.600959
511,0.525214,-0.598764
512,0.510925,-0.597501
513,0.496643,-0.596871
514,0.482323,-0.597094
515,0.468038,-0.598136
516,0.453835,-0.599989
517,0.439760,-0.602649
518,0.425858,-0.606106
519,0.412176,-0.610349
520,0.398757,-0.615366
521,0.385645,-0.621138
522,0.372883,-0.627648
523,0.360511,-0.634875
524,0.348571,-0.642795
525,0.337101,-0.651383
526,0.326138,-0.660610
527,0.315718,-0.670447
528,0.305875,-0.680862
529,0.296640,-0.691821
530,0.288045,-0.703289
531,0.280116,-0.715228
532,0.272880,-0.727600
533,0.266360,-0.740364
534,0.260577,-0.753480
535,0.255674,-0.767016
536,0.251369,-0.780596
537,0.247888,-0.794480
538,0.245203,-0.808548
539,0.243322,-0.822747
540,0.242253,-0.837030
541,0.241999,-0.851353
542,0.242561,-0.865667
543,0.243938,-0.879926
544,0.246124,-0.894085
545,0.249114,-0.908096
546,0.252897,-0.921915
547,0.257461,-0.935497
548,0.262791,-0.948797
549,0.268871,-0.961772
550,0.275679,-0.974381
551,0.283195,-0.986582
552,0.291395,-0.998335
553,0.300251,-1.009603
554,0.309734,-1.020348
555,0.319814,-1.030537
556,0.330459,-1.040135
557,0.341634,-1.049112
558,0.353271,-1.057341
559,0.365500,-1.065058
560,0.377968,-1.072003
561,0.390858,-1.078228
562,0.404087,-1.083713
563,0.417608,-1.088438
564,0.431377,-1.092386
565,0.445350,-1.095544
566,0.459480,-1.097900
567,0.473722,-1.099449
568,0.488030,-1.100183
569,0.502357,-1.100101
570,0.516657,-1.099204
571,0.530883,-1.097493
572,0.544989,-1.094975
573,0.558929,-1.091657
574,0.572658,-1.087551
575,0.586131,-1.082669
576,0.599305,-1.077027
577,0.612137,-1.070644
578,0.624585,-1.063540
579,0.636609,-1.055739
580,0.648169,-1.047265
581,0.659128,-1.038149
582,0.669757,-1.028288
583,0.679673,-1.018077
584,0.689012,-1.007237
585,0.697729,-0.995877
586,0.705789,-0.984037
587,0.713162,-0.971756
588,0.719824,-0.959075
589,0.725753,-0.946034
590,0.730930,-0.932676
591,0.735339,-0.919045
592,0.738963,-0.905184
593,0.741793,-0.891138
594,0.743818,-0.876954
595,0.745032,-0.862677
596,0.745431,-0.848353
597,0.745013,-0.834029
598,0.743780,-0.819752
599,0.741736,-0.805567
600,0.738887,-0.791521
601,0.735243,-0.777660
602,0.730815,-0.764029
603,0.725618,-0.750671
604,0.719646,-0.737729
605,0.712993,-0.724964
606,0.705577,-0.712650
607,0.697534,-0.700836
608,0.688814,-0.689481
609,0.679460,-0.678636
610,0.669503,-0.668339
611,0.658975,-0.658625
612,0.647911,-0.649526
613,0.636346,-0.641072
614,0.624317,-0.633290
615,0.611865,-0.626205
616,0.599029,-0.619840
617,0.585850,-0.614217
618,0.572372,-0.609353
619,0.558638,-0.605265
620,0.544693,-0.601965
621,0.530583,-0.599465
622,0.516352,-0.597773
623,0.502048,-0.596894
624,0.487716,-0.596830
625,0.473403,-0.597584
626,0.459155,-0.599151
627,0.445109,-0.601576
628,0.431057,-0.604703
629,0.417218,-0.608715
630,0.403754,-0.613412
631,0.390538,-0.618901
632,0.377645,-0.625134
633,0.365125,-0.632090
634,0.353019,-0.639749
635,0.341369,-0.648085
636,0.330213,-0.657071
637,0.319586,-0.666679
638,0.309522,-0.676877
639,0.300056,-0.687631
640,0.291217,-0.698908
641,0.283034,-0.710671
642,0.275535,-0.722880
643,0.268742,-0.735498
644,0.262679,-0.748483
645,0.257366,-0.761792
646,0.252818,-0.775383
647,0.249053,-0.789212
648,0.246080,-0.803233
649,0.243911,-0.817401
650,0.242613,-0.831605
651,0.242004,-0.845978
652,0.242238,-0.860320
653,0.243378,-0.874609
654,0.245268,-0.888779
655,0.247958,-0.902840
656,0.251442,-0.916732
657,0.255712,-0.930405
658,0.260753,-0.943813
659,0.266549,-0.956914
660,0.273083,-0.969663
661,0.280332,-0.982020
662,0.288274,-0.993945
663,0.296883,-1.005399
664,0.306130,-1.016343
665,0.315986,-1.026744
666,0.326419,-1.036568
667,0.337394,-1.045781
668,0.348877,-1.054355
669,0.360830,-1.062261
670,0.373215,-1.069473
671,0.385991,-1.075969
672,0.399116,-1.081727
673,0.412502,-1.086654
674,0.426228,-1.090957
675,0.440143,-1.094439
676,0.454320,-1.097052
677,0.468439,-1.098902
678,0.482708,-1.099934
679,0.497026,-1.100158
680,0.511337,-1.099568
681,0.525593,-1.098165
682,0.539746,-1.095952
683,0.553751,-1.092937
684,0.567562,-1.089128
685,0.581134,-1.084539
686,0.594424,-1.079184
687,0.607387,-1.073081
688,0.619982,-1.066249
689,0.632168,-1.058711
690,0.643906,-1.050490
691,0.655156,-1.041614
692,0.665884,-1.032111
693,0.676053,-1.022012
694,0.685630,-1.011350
695,0.694586,-1.000159
696,0.702793,-0.988507
697,0.710506,-0.976354
698,0.717469,-0.963811
699,0.723692,-0.950900
700,0.729135,-0.937603
701,0.733818,-0.924114
702,0.737731,-0.910345
703,0.740860,-0.896369
704,0.743190,-0.882236
705,0.744711,-0.867992
706,0.745418,-0.853683
707,0.745310,-0.839357
708,0.744385,-0.825060
709,0.742648,-0.810838
710,0.740103,-0.796738
711,0.736760,-0.782805
712,0.732628,-0.769084
713,0.727721,-0.755621
714,0.722055,-0.742458
715,0.715649,-0.729639
716,0.708522,-0.717205
717,0.700698,-0.705196
718,0.692204,-0.693653
719,0.683069,-0.682712
720,0.673323,-0.672119
721,0.663007,-0.662151
722,0.652143,-0.652801
723,0.640652,-0.644101
724,0.628869,-0.636106
725,0.616584,-0.628772
726,0.603893,-0.622139
727,0.590843,-0.616236
728,0.577476,-0.611085
729,0.563838,-0.606702
730,0.549971,-0.603104
731,0.535921,-0.600300
732,0.521733,-0.598302
733,0.507455,-0.597115
734,0.493131,-0.596743
735,0.478809,-0.597187
736,0.464535,-0.598447
737,0.450355,-0.600517
738,0.436315,-0.603392
739,0.422462,-0.607062
740,0.408839,-0.611515
741,0.395492,-0.616738
742,0.382577,-0.622735
743,0.369814,-0.629413
744,0.357514,-0.636801
745,0.345673,-0.644879
746,0.334316,-0.653618
747,0.323481,-0.663055
748,0.313239,-0.673004
749,0.303556,-0.683546
750,0.294481,-0.694626
751,0.286050,-0.706206
752,0.278291,-0.718248
753,0.271230,-0.730713
754,0.264890,-0.743561
755,0.259292,-0.756749
756,0.254454,-0.770235
757,0.250391,-0.783976
758,0.247118,-0.797926
759,0.244644,-0.812040
760,0.242979,-0.826273
761,0.242126,-0.840578
762,0.242090,-0.854909
763,0.242870,-0.869220
764,0.244464,-0.883463
765,0.246919,-0.897489
766,0.250071,-0.911545
767,0.254027,-0.925337
768,0.258769,-0.938863
769,0.264276,-0.952093
770,0.270681,-0.965061
771,0.277571,-0.977464
772,0.285250,-0.989527
773,0.293607,-1.001153
774,0.302614,-1.012289
775,0.312241,-1.022897
776,0.322457,-1.032940
777,0.333228,-1.042386
778,0.344521,-1.051203
779,0.356297,-1.059363
780,0.368520,-1.066839
781,0.381150,-1.073607
782,0.394145,-1.079645
783,0.407463,-1.084934
784,0.421061,-1.089455
785,0.434896,-1.093195
786,0.448921,-1.096140
787,0.463093,-1.098283
788,0.477277,-1.099537
789,0.491669,-1.100126
790,0.506014,-1.099869
791,0.520307,-1.098785
792,0.534510,-1.096886
793,0.548581,-1.094180
794,0.562538,-1.090580
795,0.576123,-1.086316
796,0.589502,-1.081247
797,0.602586,-1.075425
798,0.615320,-1.068868
799,0.627663,-1.061596
800,0.639571,-1.053632
801,0.651008,-1.045003
802,0.661935,-1.035736
803,0.672317,-1.025862
804,0.682119,-1.015411
805,0.691312,-1.004419
806,0.699863,-0.992921
807,0.707746,-0.980954
808,0.714935,-0.968557
809,0.721406,-0.955770
810,0.727139,-0.942634
811,0.732017,-0.929257
812,0.736307,-0.915506
813,0.739767,-0.901582
814,0.742415,-0.887496
815,0.744253,-0.873285
816,0.745276,-0.858992
817,0.745484,-0.844665
818,0.744820,-0.830311
819,0.743390,-0.816104
820,0.741147,-0.801966
821,0.738104,-0.787971
822,0.734269,-0.774169
823,0.729655,-0.760606
824,0.724276,-0.747328
825,0.718149,-0.734377
826,0.711294,-0.721796
827,0.703733,-0.709625
828,0.695491,-0.697903
829,0.686595,-0.686670
830,0.677072,-0.675962
831,0.666955,-0.665812
832,0.656276,-0.656255
833,0.645070,-0.647321
834,0.633409,-0.639151
835,0.621237,-0.631451
836,0.608681,-0.624509
837,0.595758,-0.618310
838,0.582505,-0.612861
839,0.568963,-0.608177
840,0.555177,-0.604273
841,0.541189,-0.601160
842,0.527033,-0.598929
843,0.512814,-0.597451
844,0.498513,-0.596777
845,0.484190,-0.596914
846,0.469897,-0.597866
847,0.455680,-0.599630
848,0.441586,-0.602200
849,0.427660,-0.605570
850,0.413948,-0.609727
851,0.400495,-0.614659
852,0.387344,-0.620349
853,0.374538,-0.626779
854,0.362119,-0.633929
855,0.350126,-0.641775
856,0.338599,-0.650291
857,0.327677,-0.659445
858,0.317103,-0.669210
859,0.307155,-0.679544
860,0.297827,-0.690425
861,0.289138,-0.701818
862,0.281113,-0.713689
863,0.273777,-0.725997
864,0.267154,-0.738704
865,0.261305,-0.751902
866,0.256205,-0.765174
867,0.251866,-0.778804
868,0.248298,-0.792673
869,0.245523,-0.806725
870,0.243552,-0.820915
871,0.242392,-0.835194
872,0.242047,-0.849517
873,0.242518,-0.863837
874,0.243805,-0.878108
875,0.245902,-0.892283
876,0.248803,-0.906315
877,0.252499,-0.920161
878,0.256977,-0.933774
879,0.262224,-0.947110
880,0.268246,-0.960012
881,0.274947,-0.972762
882,0.282357,-0.985047
883,0.290457,-0.996872
884,0.299217,-1.008211
885,0.308609,-1.019032
886,0.318602,-1.029300
887,0.329165,-1.038982
888,0.340262,-1.048048
889,0.351936,-1.056447
890,0.363947,-1.064150
891,0.376418,-1.071175
892,0.389275,-1.077487
893,0.402472,-1.083059
894,0.415966,-1.087871
895,0.429712,-1.091907
896,0.443667,-1.095153
897,0.457785,-1.097600
898,0.472020,-1.099239
899,0.486326,-1.100064
900,0.500655,-1.100073
901,0.514963,-1.099266
902,0.529202,-1.097646
903,0.543224,-1.095163
904,0.557273,-1.091984
905,0.571055,-1.088002
906,0.584572,-1.083235
907,0.597790,-1.077704
908,0.610671,-1.071429
909,0.623173,-1.064430
910,0.635257,-1.056729
911,0.646883,-1.048353
912,0.658014,-1.039328
913,0.668605,-1.029649
914,0.678607,-1.019429
915,0.688025,-1.008642
916,0.696818,-0.997334
917,0.704955,-0.985543
918,0.712407,-0.973307
919,0.719151,-0.960666
920,0.725164,-0.947661
921,0.730427,-0.934334
922,0.734923,-0.920728
923,0.738636,-0.906888
924,0.741556,-0.892858
925,0.743671,-0.878684
926,0.744898,-0.864498
927,0.745459,-0.850105
928,0.745175,-0.835761
929,0.744064,-0.821472
930,0.742138,-0.807273
931,0.739406,-0.793208
932,0.735877,-0.779321
933,0.731563,-0.765658
934,0.726477,-0.752262
935,0.720636,-0.739176
936,0.713980,-0.726427
937,0.706711,-0.714149
938,0.698726,-0.702269
939,0.690076,-0.690854
940,0.680789,-0.679946
941,0.670896,-0.669584
942,0.660428,-0.659801
943,0.649420,-0.650631
944,0.637906,-0.642101
945,0.625925,-0.634242
946,0.613516,-0.627076
947,0.600718,-0.620630
948,0.587573,-0.614922
949,0.574187,-0.610069
950,0.560429,-0.605805
951,0.546500,-0.602371
952,0.532410,-0.599750
953,0.518197,-0.597940
954,0.503904,-0.596943
955,0.489577,-0.596762
956,0.475262,-0.597397
957,0.461007,-0.598847
958,0.446857,-0.601107
959,0.432857,-0.604169
960,0.419047,-0.608057
961,0.405519,-0.612694
962,0.392258,-0.618099
963,0.379321,-0.624250
964,0.366754,-0.631128
965,0.354598,-0.638711
966,0.342894,-0.646974
967,0.331678,-0.655891
968,0.320988,-0.665433
969,0.310858,-0.675568
970,0.301322,-0.686264
971,0.292410,-0.697486
972,0.284248,-0.709167
973,0.276581,-0.721346
974,0.269666,-0.733912
975,0.263492,-0.746845
976,0.258068,-0.760107
977,0.253410,-0.773656
978,0.249532,-0.787449
979,0.246445,-0.801441
980,0.244161,-0.815587
981,0.242685,-0.829840
982,0.242024,-0.844155
983,0.242260,-0.858568
984,0.243229,-0.872775
985,0.245027,-0.886971
986,0.247626,-0.901054
987,0.251022,-0.914971
988,0.255205,-0.928673
989,0.260161,-0.942116
990,0.265875,-0.955255
991,0.272329,-0.968049
992,0.279501,-0.980454
993,0.287368,-0.992431
994,0.295905,-1.003941
995,0.305077,-1.014830
996,0.314866,-1.025395
997,0.325218,-1.035327
998,0.336115,-1.044635
999,0.347524,-1.053303
1000,0.359409,-1.061305
1001,0.371730,-1.068617
1002,0.384448,-1.075216
1003,0.397522,-1.081079
1004,0.410909,-1.086189
1005,0.424566,-1.090529
1006,0.438448,-1.094083
1007,0.452561,-1.096795
1008,0.466710,-1.098728
1009,0.480981,-1.099855
1010,0.495302,-1.100171
1011,0.509619,-1.099672
1012,0.523886,-1.098360
1013,0.538055,-1.096236
1014,0.552082,-1.093310
1015,0.565919,-1.089589
1016,0.579523,-1.085085
1017,0.592848,-1.079814
1018,0.605739,-1.073769
1019,0.618475,-1.067044
1020,0.630745,-1.059612
1021,0.642554,-1.051491
1022,0.653876,-1.042711
1023,0.664678,-1.033299
1024,0.674927,-1.023287
1025,0.684590,-1.012708
1026,0.693634,-1.001595
1027,0.702031,-0.989984
1028,0.709753,-0.977913
1029,0.716776,-0.965421
1030,0.723038,-0.952382
1031,0.728554,-0.939306
1032,0.733320,-0.925822
1033,0.737323,-0.912073
1034,0.740541,-0.898115
1035,0.742961,-0.883994
1036,0.744573,-0.869758
1037,0.745372,-0.855452
1038,0.745354,-0.841123
1039,0.744521,-0.826818
1040,0.742874,-0.812583
1041,0.740366,-0.798568
1042,0.737163,-0.784527
1043,0.733155,-0.770753
1044,0.728363,-0.757246
1045,0.722808,-0.744039
1046,0.716510,-0.731171
1047,0.709488,-0.718683
1048,0.701766,-0.706614
1049,0.693369,-0.695005
1050,0.684323,-0.683892
1051,0.674659,-0.673312
1052,0.664408,-0.663299
1053,0.653603,-0.653886
1054,0.642140,-0.645111
1055,0.630425,-0.637048
1056,0.618187,-0.629639
1057,0.605537,-0.622925
1058,0.592522,-0.616939
1059,0.579187,-0.611702
1060,0.565574,-0.607232
1061,0.551728,-0.603545
1062,0.537694,-0.600652
1063,0.523517,-0.598563
1064,0.509331,-0.597362
1065,0.494939,-0.596827
1066,0.480597,-0.597138
1067,0.466311,-0.598275
1068,0.452118,-0.600227
1069,0.438059,-0.602985
1070,0.424180,-0.606539
1071,0.410526,-0.610879
1072,0.397140,-0.615990
1073,0.384067,-0.621855
1074,0.371348,-0.628455
1075,0.359026,-0.635769
1076,0.347140,-0.643773
1077,0.335728,-0.652442
1078,0.324830,-0.661829
1079,0.314530,-0.671706
1080,0.304781,-0.682188
1081,0.295636,-0.693212
1082,0.287130,-0.704740
1083,0.279294,-0.716734
1084,0.272152,-0.729156
1085,0.265730,-0.741965
1086,0.260047,-0.755120
1087,0.255220,-0.768513
1088,0.250982,-0.782278
1089,0.247575,-0.796212
1090,0.244980,-0.810306
1091,0.243196,-0.824522
1092,0.242226,-0.838815
1093,0.242072,-0.853141
1094,0.242734,-0.867453
1095,0.244211,-0.881704
1096,0.246496,-0.895849
1097,0.249584,-0.909841
1098,0.253464,-0.923636
1099,0.258123,-0.937187
1100,0.263547,-0.950451
1101,0.269717,-0.963386
1102,0.276653,-0.975948
1103,0.284250,-0.988065
1104,0.292534,-0.999746
1105,0.301471,-1.010942
1106,0.311032,-1.021613
1107,0.321185,-1.031723
1108,0.331898,-1.041238
1109,0.343136,-1.050128
1110,0.354831,-1.058268
1111,0.367023,-1.065912
1112,0.379601,-1.072803
1113,0.392545,-1.078952
1114,0.405816,-1.084350
1115,0.419372,-1.088982
1116,0.433171,-1.092834
1117,0.447168,-1.095894
1118,0.461316,-1.098152
1119,0.475571,-1.099601
1120,0.489885,-1.100235
1121,0.504214,-1.100054
1122,0.518508,-1.099056
1123,0.532724,-1.097246
1124,0.546814,-1.094628
1125,0.560813,-1.091099
1126,0.574410,-1.086930
1127,0.587820,-1.081944
1128,0.600941,-1.076205
1129,0.613719,-1.069727
1130,0.626109,-1.062533
1131,0.638070,-1.054644
1132,0.649562,-1.046086
1133,0.660434,-1.036894
1134,0.670980,-1.027087
1135,0.680891,-1.016717
1136,0.690178,-1.005803
1137,0.698823,-0.994379
1138,0.706802,-0.982481
1139,0.714091,-0.970147
1140,0.720665,-0.957418
1141,0.726504,-0.944335
1142,0.731588,-0.930939
1143,0.735902,-0.917275
1144,0.739430,-0.903388
1145,0.742162,-0.889321
1146,0.744088,-0.875121
1147,0.745202,-0.860834
1148,0.745501,-0.846506
1149,0.744898,-0.832102
1150,0.743570,-0.817922
1151,0.741413,-0.803776
1152,0.738458,-0.789761
1153,0.734710,-0.775934
1154,0.730182,-0.762341
1155,0.724886,-0.749026
1156,0.718817,-0.736149
1157,0.712069,-0.723426
1158,0.704615,-0.711171
1159,0.696473,-0.699379
1160,0.687672,-0.688074
1161,0.678241,-0.677290
1162,0.668212,-0.667061
1163,0.657615,-0.657420
1164,0.646486,-0.648397
1165,0.634860,-0.640023
1166,0.622776,-0.632324
1167,0.610273,-0.625326
1168,0.597391,-0.619050
1169,0.584172,-0.613519
1170,0.570658,-0.608749
1171,0.556895,-0.604756
1172,0.542925,-0.601554
1173,0.528746,-0.599202
1174,0.514552,-0.597628
1175,0.500255,-0.596864
1176,0.485930,-0.596910
1177,0.471629,-0.597771
1178,0.457398,-0.599444
1179,0.443390,-0.601978
1180,0.429356,-0.605208
1181,0.415590,-0.609241
1182,0.402094,-0.614057
1183,0.388899,-0.619636
1184,0.376044,-0.625959
1185,0.363570,-0.633003
1186,0.351517,-0.640747
1187,0.339924,-0.649165
1188,0.328829,-0.658230
1189,0.318268,-0.667913
1190,0.308275,-0.678182
1191,0.298883,-0.689004
1192,0.290122,-0.700343
1193,0.282021,-0.712164
1194,0.274606,-0.724428
1195,0.267902,-0.737094
1196,0.261929,-0.750122
1197,0.256788,-0.763503
1198,0.252368,-0.777100
1199,0.248714,-0.790946
1200,0.245850,-0.804983
1201,0.243789,-0.819161
1202,0.242606,-0.833360
1203,0.242101,-0.847741
1204,0.242441,-0.862078
1205,0.243605,-0.876360
1206,0.245583,-0.890548
1207,0.248367,-0.904600
1208,0.251947,-0.918471
1209,0.256312,-0.932116
1210,0.261447,-0.945491
1211,0.267336,-0.958552
1212,0.273959,-0.971256
1213,0.281296,-0.983564
1214,0.289321,-0.995434
1215,0.298011,-1.006828
1216,0.307335,-1.017710
1217,0.317265,-1.028042
1218,0.327767,-1.037793
1219,0.338808,-1.046931
1220,0.350526,-1.055416
1221,0.362411,-1.063175
1222,0.374831,-1.070268
1223,0.387647,-1.076659
1224,0.400810,-1.082314
1225,0.414220,-1.087127
1226,0.427981,-1.091332
1227,0.441918,-1.094710
1228,0.456015,-1.097278
1229,0.470232,-1.099034
1230,0.484526,-1.099977
1231,0.498851,-1.100105
1232,0.513160,-1.099416
1233,0.527407,-1.097913
1234,0.541546,-1.095601
1235,0.555531,-1.092488
1236,0.569316,-1.088583
1237,0.582858,-1.083898
1238,0.596111,-1.078450
1239,0.609032,-1.072256
1240,0.621581,-1.065336
1241,0.633715,-1.057711
1242,0.645396,-1.049408
1243,0.656585,-1.040452
1244,0.667263,-1.030733
1245,0.677285,-1.020641
1246,0.686757,-1.009919
1247,0.695619,-0.998667
1248,0.703733,-0.986957
1249,0.711352,-0.974751
1250,0.718219,-0.962162
1251,0.724343,-0.949208
1252,0.729715,-0.935928
1253,0.734322,-0.922365
1254,0.738148,-0.908560
1255,0.741181,-0.894559
1256,0.743413,-0.880408
1257,0.744834,-0.866152
1258,0.745442,-0.851838
1259,0.745233,-0.837512
1260,0.744209,-0.823220
1261,0.742372,-0.809010
1262,0.739729,-0.794926
1263,0.736288,-0.781015
1264,0.732059,-0.767323
1265,0.727058,-0.753893
1266,0.721300,-0.740769
1267,0.714803,-0.727993
1268,0.707505,-0.715597
1269,0.699621,-0.703700
1270,0.691043,-0.692238
1271,0.681830,-0.681361
1272,0.672012,-0.670856
1273,0.661626,-0.660971
1274,0.650697,-0.651707
1275,0.639257,-0.643085
1276,0.627346,-0.635129
1277,0.615000,-0.627864
1278,0.602260,-0.621314
1279,0.589167,-0.615500
1280,0.575763,-0.610441
1281,0.562093,-0.606154
1282,0.548200,-0.602652
1283,0.534129,-0.599947
1284,0.519927,-0.598048
1285,0.505639,-0.596960
1286,0.491312,-0.596688
1287,0.476992,-0.597233
1288,0.462726,-0.598592
1289,0.448559,-0.600762
1290,0.434539,-0.603735
1291,0.420710,-0.607502
1292,0.407112,-0.612090
1293,0.393834,-0.617407
1294,0.380947,-0.623498
1295,0.368262,-0.630266
1296,0.356029,-0.637744
1297,0.344255,-0.645907
1298,0.332968,-0.654728
1299,0.322203,-0.664178
1300,0.311994,-0.674226
1301,0.302373,-0.684840
1302,0.293372,-0.695985
1303,0.285020,-0.707625
1304,0.277345,-0.719722
1305,0.270370,-0.732237
1306,0.264120,-0.745130
1307,0.258613,-0.758358
1308,0.253869,-0.771879
1309,0.249903,-0.785649
1310,0.246727,-0.799623
1311,0.244352,-0.813756
1312,0.242785,-0.828001
1313,0.242033,-0.842313
1314,0.242097,-0.856646
1315,0.243068,-0.871033
1316,0.244758,-0.885176
1317,0.247319,-0.899174
1318,0.250578,-0.913184
1319,0.254638,-0.926936
1320,0.259479,-0.940420
1321,0.265082,-0.953603
1322,0.271428,-0.966445
1323,0.278495,-0.978905
1324,0.286261,-0.990942
1325,0.294700,-1.002518
1326,0.303785,-1.013595
1327,0.313486,-1.024137
1328,0.323773,-1.034109
1329,0.334610,-1.043480
1330,0.345965,-1.052219
1331,0.357800,-1.060297
1332,0.370076,-1.067688
1333,0.382753,-1.074369
1334,0.395791,-1.080316
1335,0.409147,-1.085512
1336,0.422778,-1.089939
1337,0.436639,-1.093582
1338,0.450686,-1.096430
1339,0.464951,-1.098409
1340,0.479071,-1.099548
1341,0.493449,-1.100020
1342,0.507783,-1.099653
1343,0.522060,-1.098462
1344,0.536243,-1.096458
1345,0.550289,-1.093648
1346,0.564152,-1.090042
1347,0.577787,-1.085652
1348,0.591151,-1.080493
1349,0.604200,-1.074581
1350,0.616891,-1.067935
1351,0.629184,-1.060576
1352,0.641038,-1.052529
1353,0.652415,-1.043820
1354,0.663277,-1.034476
1355,0.673591,-1.024528
1356,0.683321,-1.014009
1357,0.692437,-1.002952
1358,0.700909,-0.991393
1359,0.708708,-0.979370
1360,0.715811,-0.966922
1361,0.722194,-0.954089
1362,0.727835,-0.940913
1363,0.732627,-0.927513
1364,0.736812,-0.913818
1365,0.740161,-0.899888
1366,0.742704,-0.885792
1367,0.744438,-0.871576
1368,0.745360,-0.857283
1369,0.745465,-0.842961
1370,0.744755,-0.828656
1371,0.743231,-0.814413
1372,0.740899,-0.800280
1373,0.737765,-0.786303
1374,0.733840,-0.772526
1375,0.729136,-0.758994
1376,0.723669,-0.745752
1377,0.717457,-0.732842
1378,0.710518,-0.720306
1379,0.702877,-0.708186
1380,0.694558,-0.696519
1381,0.685587,-0.685346
1382,0.675994,-0.674700
1383,0.665810,-0.664618
1384,0.655068,-0.655132
1385,0.643803,-0.646273
1386,0.632051,-0.638070
1387,0.619815,-0.630571
1388,0.607226,-0.623783
1389,0.594254,-0.617713
1390,0.580954,-0.612387
1391,0.567386,-0.607856
1392,0.553554,-0.604020
1393,0.539544,-0.600999
1394,0.525390,-0.598787
1395,0.511134,-0.597386
1396,0.496821,-0.596800
1397,0.482498,-0.597030
1398,0.468211,-0.598076
1399,0.454005,-0.599934
1400,0.439928,-0.602597
1401,0.426025,-0.606059
1402,0.412342,-0.610307
1403,0.398921,-0.615328
1404,0.385809,-0.621105
1405,0.373045,-0.627620
1406,0.360674,-0.634851
1407,0.348733,-0.642776
1408,0.337263,-0.651368
1409,0.326301,-0.660600
1410,0.315878,-0.670562
1411,0.306102,-0.680920
1412,0.296897,-0.691877
1413,0.288462,-0.703296
1414,0.280427,-0.715280
1415,0.273151,-0.727647
1416,0.266612,-0.740398
1417,0.260817,-0.753499
1418,0.255778,-0.766908
1419,0.251512,-0.780583
1420,0.248032,-0.794478
1421,0.245349,-0.808550
1422,0.243471,-0.822753
1423,0.242406,-0.837040
1424,0.242155,-0.851364
1425,0.242721,-0.865681
1426,0.244102,-0.879943
1427,0.246293,-0.894103
1428,0.249287,-0.908116
1429,0.253074,-0.921937
1430,0.257643,-0.935519
1431,0.262978,-0.948821
1432,0.269062,-0.961797
1433,0.275876,-0.974406
1434,0.283497,-0.986624
1435,0.291667,-0.998311
1436,0.300522,-1.009419
1437,0.310009,-1.020261
1438,0.320074,-1.030482
1439,0.330701,-1.040093
1440,0.341858,-1.049078
1441,0.353508,-1.057411
1442,0.365615,-1.065067
1443,0.378138,-1.072021
1444,0.391038,-1.078251
1445,0.404272,-1.083736
1446,0.417797,-1.088459
1447,0.431570,-1.092404
1448,0.445546,-1.095558
1449,0.459679,-1.097911
1450,0.473924,-1.099455
1451,0.488235,-1.100186
1452,0.502564,-1.100100
1453,0.516866,-1.099198
1454,0.531094,-1.097483
1455,0.545202,-1.094961
1456,0.559143,-1.091639
1457,0.572874,-1.087528
1458,0.586366,-1.082569
1459,0.599375,-1.076903
1460,0.612282,-1.070541
1461,0.624751,-1.063460
1462,0.636780,-1.055678
1463,0.648343,-1.047223
1464,0.659405,-1.038123
1465,0.669930,-1.028408
1466,0.679885,-1.018108
1467,0.689238,-1.007258
1468,0.697958,-0.995892
1469,0.706017,-0.984047
1470,0.713388,-0.971762
1471,0.720048,-0.959077
1472,0.725975,-0.946032
1473,0.731149,-0.932671
1474,0.735554,-0.919036
1475,0.739176,-0.905172
1476,0.742002,-0.891123
1477,0.744023,-0.876935
1478,0.745233,-0.862655
1479,0.745628,-0.848329
1480,0.745206,-0.834003
1481,0.743969,-0.819723
1482,0.741842,-0.805602
1483,0.739032,-0.791525
1484,0.735411,-0.777659
1485,0.731003,-0.764029
1486,0.725824,-0.750674
1487,0.719893,-0.737637
1488,0.713229,-0.724958
1489,0.705852,-0.712679
1490,0.697789,-0.700839
1491,0.689063,-0.689478
1492,0.679704,-0.678631
1493,0.669743,-0.668335
1494,0.659211,-0.658622
1495,0.648142,-0.649525
1496,0.636572,-0.641072
1497,0.624539,-0.633292
1498,0.612083,-0.626210
1499,0.599243,-0.619848
1500,0.586060,-0.614228
1501,0.572578,-0.609367
1502,0.558841,-0.605282
1503,0.544893,-0.601986
1504,0.530779,-0.599490
1505,0.516512,-0.597939
1506,0.502246,-0.597011
1507,0.487927,-0.596931
1508,0.473624,-0.597668
1509,0.459386,-0.599218
1510,0.445259,-0.601577
1511,0.431288,-0.604737
1512,0.417520,-0.608688
1513,0.403998,-0.613417
1514,0.390767,-0.618908
1515,0.377870,-0.625144
1516,0.365348,-0.632105
1517,0.353243,-0.639768
1518,0.341593,-0.648108
1519,0.330437,-0.657099
1520,0.319811,-0.666711
1521,0.309749,-0.676914
1522,0.300284,-0.687673
1523,0.291447,-0.698954
1524,0.283267,-0.710720
1525,0.275769,-0.722934
1526,0.268979,-0.735556
1527,0.262919,-0.748544
1528,0.257684,-0.761811
1529,0.253098,-0.775470
1530,0.249319,-0.789268
1531,0.246335,-0.803273
1532,0.244152,-0.817427
1533,0.242779,-0.831684
1534,0.242220,-0.845996
1535,0.242477,-0.860318
1536,0.243549,-0.874602
1537,0.245433,-0.888803
1538,0.248123,-0.902873
1539,0.251610,-0.916769
1540,0.255883,-0.930443
1541,0.260928,-0.943853
1542,0.266729,-0.956954
1543,0.273267,-0.969704
1544,0.280521,-0.982061
1545,0.288467,-0.993985
1546,0.297080,-1.005438
1547,0.306331,-1.016383
1548,0.316192,-1.026783
1549,0.326629,-1.036605
1550,0.337609,-1.045817
1551,0.349068,-1.054291
1552,0.361157,-1.062260
1553,0.373460,-1.069460
1554,0.386211,-1.075954
1555,0.399318,-1.081719
1556,0.412734,-1.086730
1557,0.426415,-1.090970
1558,0.440315,-1.094424
1559,0.454391,-1.097082
1560,0.468596,-1.098933
1561,0.482883,-1.099972
1562,0.497207,-1.100195
1563,0.511521,-1.099603
1564,0.525779,-1.098196
1565,0.539934,-1.095979
1566,0.553940,-1.092959
1567,0.567753,-1.089147
1568,0.581326,-1.084553
1569,0.594616,-1.079195
1570,0.607580,-1.073087
1571,0.620175,-1.066251
1572,0.632361,-1.058708
1573,0.644098,-1.050483
1574,0.655260,-1.041605
1575,0.666066,-1.032110
1576,0.676261,-1.021925
1577,0.685801,-1.011329
1578,0.694748,-1.000163
1579,0.703054,-0.988499
1580,0.710685,-0.976380
1581,0.717615,-0.963845
1582,0.723821,-0.950935
1583,0.729281,-0.937693
1584,0.733978,-0.924160
1585,0.737898,-0.910381
1586,0.741026,-0.896400
1587,0.743353,-0.882264
1588,0.744871,-0.868017
1589,0.745575,-0.853707
1590,0.745462,-0.839379
1591,0.744534,-0.825080
1592,0.742793,-0.810856
1593,0.740245,-0.796755
1594,0.736897,-0.782820
1595,0.732761,-0.769099
1596,0.727850,-0.755635
1597,0.722156,-0.742570
1598,0.715777,-0.729667
1599,0.708677,-0.717203
1600,0.700799,-0.705180
1601,0.692345,-0.693674
1602,0.683227,-0.682642
1603,0.673493,-0.672139
1604,0.663176,-0.662205
1605,0.652309,-0.652873
1606,0.640929,-0.644175
1607,0.629070,-0.636139
1608,0.616773,-0.628791
1609,0.604077,-0.622155
1610,0.591023,-0.616253
1611,0.577653,-0.611104
1612,0.564011,-0.606724
1613,0.550142,-0.603128
1614,0.536089,-0.600328
1615,0.521900,-0.598333
1616,0.507619,-0.597149
1617,0.493293,-0.596781
1618,0.478969,-0.597229
1619,0.464693,-0.598492
1620,0.450601,-0.600615
1621,0.436488,-0.603441
1622,0.422612,-0.607078
1623,0.408981,-0.611505
1624,0.395658,-0.616792
1625,0.382666,-0.622748
1626,0.370010,-0.629437
1627,0.357749,-0.636835
1628,0.345926,-0.644920
1629,0.334582,-0.653665
1630,0.323754,-0.663043
1631,0.313477,-0.673022
1632,0.303784,-0.683571
1633,0.294708,-0.694655
1634,0.286278,-0.706239
1635,0.278521,-0.718285
1636,0.271462,-0.730753
1637,0.265124,-0.743604
1638,0.259529,-0.756795
1639,0.254694,-0.770284
1640,0.250634,-0.784028
1641,0.247364,-0.797980
1642,0.244894,-0.812097
1643,0.243293,-0.826268
1644,0.242379,-0.840623
1645,0.242307,-0.854964
1646,0.243060,-0.869276
1647,0.244629,-0.883518
1648,0.247110,-0.897637
1649,0.250304,-0.911568
1650,0.254284,-0.925318
1651,0.259038,-0.938827
1652,0.264553,-0.952045
1653,0.270812,-0.964929
1654,0.277795,-0.977436
1655,0.285480,-0.989525
1656,0.293841,-1.001158
1657,0.302851,-1.012296
1658,0.312482,-1.022903
1659,0.322701,-1.032945
1660,0.333476,-1.042389
1661,0.344772,-1.051205
1662,0.356552,-1.059363
1663,0.368778,-1.066837
1664,0.381411,-1.073603
1665,0.394409,-1.079638
1666,0.407684,-1.084848
1667,0.421314,-1.089443
1668,0.435149,-1.093220
1669,0.449168,-1.096192
1670,0.463331,-1.098358
1671,0.477595,-1.099713
1672,0.491948,-1.100196
1673,0.506230,-1.099905
1674,0.520502,-1.098802
1675,0.534694,-1.096890
1676,0.548758,-1.094175
1677,0.562645,-1.090662
1678,0.576310,-1.086364
1679,0.589708,-1.081295
1680,0.602797,-1.075470
1681,0.615533,-1.068910
1682,0.627875,-1.061634
1683,0.639784,-1.053667
1684,0.651219,-1.045034
1685,0.662145,-1.035764
1686,0.672526,-1.025886
1687,0.682327,-1.015432
1688,0.691518,-1.004436
1689,0.699970,-0.992963
1690,0.707940,-0.980979
1691,0.715168,-0.968590
1692,0.721664,-0.955816
1693,0.727418,-0.942694
1694,0.732414,-0.929266
1695,0.736637,-0.915574
1696,0.739978,-0.901635
1697,0.742587,-0.887583
1698,0.744405,-0.873383
1699,0.745415,-0.859098
1700,0.745612,-0.844776
1701,0.744993,-0.830465
1702,0.743560,-0.816212
1703,0.741318,-0.802063
1704,0.738273,-0.788064
1705,0.734435,-0.774261
1706,0.729817,-0.760698
1707,0.724435,-0.747419
1708,0.718304,-0.734469
1709,0.711445,-0.721888
1710,0.703881,-0.709717
1711,0.695635,-0.697997
1712,0.686738,-0.686853
1713,0.677225,-0.676066
1714,0.667126,-0.665884
1715,0.656466,-0.656307
1716,0.645278,-0.647357
1717,0.633598,-0.639060
1718,0.621464,-0.631441
1719,0.608916,-0.624525
1720,0.595954,-0.618367
1721,0.582723,-0.612949
1722,0.569187,-0.608283
1723,0.555404,-0.604392
1724,0.541420,-0.601290
1725,0.527281,-0.598990
1726,0.513034,-0.597499
1727,0.498724,-0.596821
1728,0.484398,-0.596959
1729,0.470102,-0.597914
1730,0.455884,-0.599681
1731,0.441789,-0.602255
1732,0.427863,-0.605628
1733,0.414151,-0.609788
1734,0.400697,-0.614723
1735,0.387632,-0.620438
1736,0.374752,-0.626838
1737,0.362306,-0.633961
1738,0.350299,-0.641783
1739,0.338761,-0.650277
1740,0.327727,-0.659414
1741,0.317230,-0.669166
1742,0.307306,-0.679499
1743,0.297985,-0.690561
1744,0.289376,-0.701841
1745,0.281388,-0.713700
1746,0.274072,-0.726006
1747,0.267462,-0.738712
1748,0.261586,-0.751775
1749,0.256462,-0.765152
1750,0.252108,-0.778800
1751,0.248538,-0.792674
1752,0.245765,-0.806730
1753,0.243796,-0.820921
1754,0.242639,-0.835202
1755,0.242297,-0.849527
1756,0.242771,-0.863848
1757,0.244060,-0.878119
1758,0.246209,-0.892206
1759,0.249061,-0.906311
1760,0.252723,-0.920178
1761,0.257174,-0.933799
1762,0.262396,-0.947141
1763,0.268370,-0.960162
1764,0.275076,-0.972823
1765,0.282493,-0.985081
1766,0.290596,-0.996897
1767,0.299359,-1.008233
1768,0.308834,-1.018991
1769,0.318822,-1.029215
1770,0.329385,-1.038877
1771,0.340484,-1.047929
1772,0.352082,-1.056336
1773,0.364140,-1.064069
1774,0.376619,-1.071104
1775,0.389479,-1.077417
1776,0.402679,-1.082987
1777,0.416175,-1.087797
1778,0.429924,-1.091830
1779,0.443880,-1.095074
1780,0.457999,-1.097518
1781,0.472162,-1.099084
1782,0.486525,-1.099976
1783,0.500867,-1.100023
1784,0.515176,-1.099244
1785,0.529413,-1.097649
1786,0.543536,-1.095245
1787,0.557499,-1.092040
1788,0.571258,-1.088044
1789,0.584767,-1.083271
1790,0.597982,-1.077737
1791,0.610862,-1.071458
1792,0.623360,-1.064399
1793,0.635404,-1.056703
1794,0.647011,-1.048322
1795,0.658129,-1.039292
1796,0.668716,-1.029644
1797,0.678738,-1.019408
1798,0.688161,-1.008616
1799,0.696954,-0.997306
