0,-1.875090,0.282733
1,-1.875090,0.282733
2,-1.875090,0.282733
3,-1.875090,0.282733
4,-1.878410,0.270942
5,-1.882202,0.257746
6,-1.884932,0.243312
7,-1.886836,0.228801
8,-1.887920,0.214248
9,-1.888181,0.199693
10,-1.887623,0.185178
11,-1.886132,0.170501
12,-1.882582,0.155344
13,-1.877929,0.139753
14,-1.872511,0.123876
15,-1.866231,0.108090
16,-1.859064,0.092677
17,-1.851033,0.077697
18,-1.842162,0.063198
19,-1.832481,0.049227
20,-1.822020,0.035829
21,-1.810814,0.023049
22,-1.798910,0.010930
23,-1.786325,-0.000495
24,-1.773110,-0.011185
25,-1.759308,-0.021106
26,-1.744964,-0.030226
27,-1.730125,-0.038515
28,-1.714838,-0.045946
29,-1.699153,-0.052496
30,-1.683121,-0.058142
31,-1.666793,-0.062867
32,-1.650223,-0.066655
33,-1.633464,-0.069495
34,-1.616571,-0.071376
35,-1.599599,-0.072294
36,-1.582601,-0.072244
37,-1.565634,-0.071227
38,-1.548752,-0.069246
39,-1.532052,-0.066328
40,-1.527405,-0.065489
41,-1.527367,-0.063975
42,-1.527202,-0.060150
43,-1.527704,-0.054878
44,-1.528839,-0.048766
45,-1.529992,-0.041709
46,-1.531057,-0.033541
47,-1.531898,-0.024036
48,-1.530110,-0.012174
49,-1.529482,-0.009268
50,-1.529482,-0.009268
51,-1.529482,-0.009268
52,-1.529482,-0.009268
53,-1.529482,-0.009268
54,-1.529482,-0.009268
55,-1.529482,-0.009268
56,-1.529482,-0.009268
57,-1.529482,-0.009268
58,-1.529482,-0.009268
59,-1.529482,-0.009268
60,-1.523597,-0.020011
61,-1.514263,-0.034212
62,-1.504091,-0.047830
63,-1.493160,-0.060847
64,-1.490085,-0.064467
65,-1.479121,-0.069932
66,-1.463353,-0.076269
67,-1.447229,-0.081648
68,-1.430825,-0.086101
69,-1.414195,-0.089613
70,-1.397391,-0.092174
71,-1.380469,-0.093774
72,-1.363483,-0.094409
73,-1.346489,-0.094077
74,-1.329541,-0.092778
75,-1.312695,-0.090517
76,-1.296004,-0.087301
77,-1.279524,-0.083141
78,-1.263307,-0.078050
79,-1.247405,-0.072044
80,-1.231872,-0.065144
81,-1.218193,-0.058490
82,-1.210546,-0.055718
83,-1.209327,-0.055242
84,-1.209327,-0.055242
85,-1.209327,-0.055242
86,-1.209829,-0.055667
87,-1.210619,-0.056390
88,-1.211271,-0.057050
89,-1.211766,-0.057607
90,-1.212118,-0.058043
91,-1.212339,-0.058348
92,-1.212447,-0.058512
93,-1.212463,-0.058539
94,-1.212984,-0.070978
95,-1.213376,-0.088420
96,-1.213413,-0.106091
97,-1.213051,-0.123993
98,-1.212249,-0.142143
99,-1.213013,-0.159793
100,-1.213003,-0.178642
101,-1.211706,-0.198343
102,-1.209112,-0.217969
103,-1.205155,-0.237383
104,-1.199820,-0.256480
105,-1.193093,-0.275146
106,-1.186329,-0.293111
107,-1.178837,-0.310589
108,-1.169843,-0.327531
109,-1.160376,-0.343782
110,-1.150901,-0.359640
111,-1.140657,-0.374952
112,-1.129568,-0.389658
113,-1.117816,-0.403402
114,-1.107790,-0.412995
115,-1.097653,-0.420188
116,-1.087991,-0.421575
117,-1.078232,-0.417981
118,-1.068848,-0.409529
119,-1.063604,-0.397255
120,-1.063190,-0.396013
121,-1.062798,-0.395778
122,-1.060932,-0.393922
123,-1.058519,-0.391314
124,-1.056125,-0.388384
125,-1.053857,-0.385258
126,-1.051756,-0.381988
127,-1.049840,-0.378596
128,-1.048118,-0.375098
129,-1.046598,-0.371507
130,-1.045283,-0.367834
131,-1.044166,-0.363982
132,-1.043224,-0.360172
133,-1.042545,-0.356336
134,-1.042096,-0.352466
135,-1.041870,-0.348574
136,-1.041868,-0.344675
137,-1.042087,-0.340781
138,-1.042528,-0.336905
139,-1.043189,-0.333060
140,-1.044145,-0.329233
141,-1.045173,-0.325394
142,-1.046457,-0.321720
143,-1.047964,-0.318128
144,-1.049677,-0.314627
145,-1.051590,-0.311228
146,-1.053693,-0.307943
147,-1.055980,-0.304783
148,-1.058443,-0.301757
149,-1.061162,-0.298809
150,-1.063926,-0.296041
151,-1.066857,-0.293475
152,-1.069937,-0.291086
153,-1.073151,-0.288879
154,-1.076487,-0.286858
155,-1.079933,-0.285031
156,-1.083478,-0.283401
157,-1.087111,-0.281976
158,-1.090882,-0.280817
159,-1.094716,-0.279705
160,-1.098523,-0.278899
161,-1.102377,-0.278329
162,-1.106260,-0.277984
163,-1.110158,-0.277862
164,-1.114058,-0.277962
165,-1.117946,-0.278284
166,-1.121811,-0.278827
167,-1.125638,-0.279588
168,-1.129556,-0.280549
169,-1.133274,-0.281719
170,-1.136913,-0.283118
171,-1.140464,-0.284727
172,-1.143919,-0.286538
173,-1.147265,-0.288544
174,-1.150493,-0.290737
175,-1.153591,-0.293110
176,-1.156529,-0.295742
177,-1.159384,-0.298472
178,-1.162047,-0.301339
179,-1.164533,-0.304349
180,-1.166929,-0.307478
181,-1.169054,-0.310734
182,-1.170986,-0.314119
183,-1.172721,-0.317613
184,-1.174208,-0.321382
185,-1.175494,-0.325058
186,-1.176545,-0.328886
187,-1.177449,-0.332708
188,-1.178210,-0.336596
189,-1.178681,-0.340449
190,-1.178915,-0.344336
191,-1.178922,-0.348236
192,-1.178706,-0.352133
193,-1.178142,-0.356153
194,-1.177441,-0.359985
195,-1.176463,-0.363835
196,-1.175363,-0.367609
197,-1.174098,-0.371386
198,-1.172606,-0.374969
199,-1.170888,-0.378465
200,-1.168967,-0.381861
201,-1.166854,-0.385142
202,-1.164557,-0.388299
203,-1.161868,-0.391358
204,-1.159111,-0.394206
205,-1.156283,-0.396953
206,-1.153291,-0.399619
207,-1.150223,-0.402013
208,-1.147005,-0.404204
209,-1.143658,-0.406206
210,-1.140198,-0.408013
211,-1.136639,-0.409621
212,-1.132818,-0.410993
213,-1.129053,-0.412136
214,-1.125183,-0.413045
215,-1.121333,-0.413804
216,-1.117415,-0.414426
217,-1.113544,-0.414752
218,-1.109646,-0.414842
219,-1.105744,-0.414705
220,-1.101855,-0.414344
221,-1.097991,-0.413763
222,-1.094004,-0.412816
223,-1.090199,-0.411676
224,-1.086479,-0.410429
225,-1.082747,-0.409022
226,-1.079221,-0.407395
227,-1.075788,-0.405547
228,-1.072464,-0.403499
229,-1.069260,-0.401262
230,-1.066188,-0.398846
231,-1.063258,-0.396259
232,-1.060435,-0.393161
233,-1.057816,-0.390229
234,-1.055264,-0.387135
235,-1.052981,-0.383972
236,-1.050912,-0.380675
237,-1.049036,-0.377253
238,-1.047358,-0.373727
239,-1.045883,-0.370109
240,-1.044617,-0.366412
241,-1.043639,-0.362462
242,-1.042835,-0.358642
243,-1.042232,-0.354779
244,-1.041764,-0.350779
245,-1.041639,-0.346777
246,-1.041688,-0.342859
247,-1.041972,-0.338958
248,-1.042480,-0.335082
249,-1.043209,-0.331241
250,-1.044320,-0.327252
251,-1.045530,-0.323524
252,-1.046926,-0.319870
253,-1.048522,-0.316297
254,-1.050302,-0.312674
255,-1.052395,-0.309228
256,-1.054582,-0.305951
257,-1.056953,-0.302828
258,-1.059498,-0.299850
259,-1.062210,-0.297023
260,-1.065332,-0.294285
261,-1.068378,-0.291813
262,-1.071548,-0.289505
263,-1.074843,-0.287376
264,-1.078264,-0.285320
265,-1.081896,-0.283584
266,-1.085518,-0.282035
267,-1.089218,-0.280707
268,-1.092987,-0.279596
269,-1.096814,-0.278702
270,-1.100922,-0.278129
271,-1.104833,-0.277711
272,-1.108766,-0.277503
273,-1.112707,-0.277516
274,-1.116814,-0.277680
275,-1.120888,-0.278217
276,-1.124882,-0.278910
277,-1.128756,-0.279840
278,-1.132569,-0.280998
279,-1.136460,-0.282550
280,-1.140239,-0.284259
281,-1.143861,-0.286128
282,-1.147397,-0.288212
283,-1.150917,-0.290493
284,-1.154355,-0.293047
285,-1.157686,-0.296013
286,-1.160906,-0.299131
287,-1.163983,-0.302525
288,-1.166926,-0.306227
289,-1.169618,-0.310543
290,-1.172222,-0.315001
291,-1.174658,-0.319886
292,-1.173882,-0.329467
293,-1.175941,-0.341771
294,-1.181005,-0.350305
295,-1.184287,-0.357361
296,-1.186903,-0.364284
297,-1.188939,-0.366550
298,-1.189477,-0.367331
299,-1.189514,-0.370156
300,-1.189077,-0.373763
301,-1.188416,-0.377451
302,-1.187539,-0.381184
303,-1.186448,-0.384890
304,-1.185146,-0.388538
305,-1.183694,-0.392166
306,-1.181996,-0.395642
307,-1.180091,-0.399017
308,-1.177871,-0.402307
309,-1.175577,-0.405424
310,-1.173051,-0.408394
311,-1.170406,-0.411272
312,-1.167628,-0.414049
313,-1.164714,-0.416594
314,-1.161646,-0.418960
315,-1.158297,-0.421111
316,-1.154966,-0.423089
317,-1.151528,-0.424885
318,-1.147920,-0.426452
319,-1.144273,-0.427927
320,-1.140596,-0.429134
321,-1.136846,-0.430115
322,-1.132926,-0.430818
323,-1.129094,-0.431323
324,-1.125230,-0.431629
325,-1.121323,-0.431660
326,-1.117378,-0.431596
327,-1.113515,-0.431268
328,-1.109678,-0.430707
329,-1.105879,-0.429924
330,-1.102061,-0.428790
331,-1.098386,-0.427560
332,-1.094796,-0.426064
333,-1.091178,-0.424465
334,-1.087746,-0.422651
335,-1.084431,-0.420636
336,-1.081238,-0.418431
337,-1.078137,-0.415918
338,-1.075256,-0.413344
339,-1.072500,-0.410616
340,-1.069850,-0.407693
341,-1.067392,-0.404671
342,-1.065125,-0.401518
343,-1.063045,-0.398241
344,-1.061156,-0.394850
345,-1.059505,-0.391235
346,-1.057980,-0.387616
347,-1.056738,-0.383942
348,-1.055655,-0.380193
349,-1.054798,-0.376402
350,-1.054163,-0.372572
351,-1.053747,-0.368713
352,-1.053638,-0.364739
353,-1.053688,-0.360866
354,-1.053891,-0.356950
355,-1.054411,-0.353076
356,-1.055100,-0.349246
357,-1.056009,-0.345470
358,-1.057132,-0.341753
359,-1.058585,-0.338052
360,-1.060143,-0.334505
361,-1.061866,-0.330976
362,-1.063848,-0.327609
363,-1.065975,-0.324354
364,-1.068285,-0.321232
365,-1.070769,-0.318249
366,-1.073553,-0.315407
367,-1.076372,-0.312750
368,-1.079387,-0.310290
369,-1.082499,-0.307846
370,-1.085721,-0.305675
371,-1.089064,-0.303701
372,-1.092515,-0.301924
373,-1.096191,-0.300390
374,-1.099823,-0.299047
375,-1.103529,-0.297897
376,-1.107350,-0.296939
377,-1.111184,-0.296192
378,-1.115039,-0.295678
379,-1.118912,-0.295388
380,-1.122908,-0.295403
381,-1.126772,-0.295593
382,-1.130632,-0.295984
383,-1.134510,-0.296515
384,-1.138321,-0.297394
385,-1.142081,-0.298430
386,-1.145764,-0.299677
387,-1.149365,-0.301131
388,-1.152926,-0.302915
389,-1.156319,-0.304787
390,-1.159683,-0.306835
391,-1.162832,-0.309097
392,-1.165905,-0.311517
393,-1.168813,-0.314102
394,-1.171562,-0.316847
395,-1.174150,-0.319882
396,-1.176536,-0.322932
397,-1.178763,-0.326111
398,-1.180882,-0.329430
399,-1.182709,-0.332859
400,-1.184392,-0.336387
401,-1.185856,-0.339991
402,-1.187108,-0.343669
403,-1.188063,-0.347551
404,-1.188863,-0.351346
405,-1.189457,-0.355184
406,-1.189895,-0.359095
407,-1.190017,-0.362994
408,-1.189963,-0.366893
409,-1.189680,-0.370770
410,-1.189175,-0.374622
411,-1.188336,-0.378512
412,-1.187377,-0.382270
413,-1.186213,-0.385976
414,-1.184816,-0.389656
415,-1.183256,-0.393245
416,-1.181486,-0.396711
417,-1.179519,-0.400062
418,-1.177227,-0.403319
419,-1.174877,-0.406403
420,-1.172359,-0.409360
421,-1.169677,-0.412172
422,-1.166865,-0.414901
423,-1.163811,-0.417382
424,-1.160686,-0.419709
425,-1.157294,-0.421833
426,-1.153925,-0.423742
427,-1.150452,-0.425477
428,-1.146885,-0.427018
429,-1.143227,-0.428433
430,-1.139521,-0.429568
431,-1.135689,-0.430433
432,-1.131851,-0.431135
433,-1.127873,-0.431531
434,-1.124003,-0.431759
435,-1.120119,-0.431782
436,-1.116194,-0.431650
437,-1.112341,-0.431252
438,-1.108497,-0.430549
439,-1.104672,-0.429697
440,-1.100926,-0.428631
441,-1.097195,-0.427227
442,-1.093617,-0.425727
443,-1.090050,-0.424047
444,-1.086660,-0.422197
445,-1.083381,-0.420127
446,-1.080258,-0.417798
447,-1.077189,-0.415333
448,-1.074278,-0.412572
449,-1.071579,-0.409786
450,-1.069027,-0.406858
451,-1.066640,-0.403791
452,-1.064351,-0.400608
453,-1.062323,-0.397302
454,-1.060493,-0.393875
455,-1.058895,-0.390279
456,-1.057511,-0.386516
457,-1.056318,-0.382822
458,-1.055323,-0.379066
459,-1.054464,-0.375234
460,-1.053883,-0.371404
461,-1.053534,-0.367536
462,-1.053476,-0.363615
463,-1.053567,-0.359699
464,-1.053991,-0.355718
465,-1.054552,-0.351877
466,-1.055320,-0.348068
467,-1.056237,-0.344255
468,-1.057417,-0.340560
469,-1.058817,-0.336935
470,-1.060500,-0.333387
471,-1.062443,-0.329842
472,-1.064483,-0.326533
473,-1.066683,-0.323331
474,-1.069031,-0.320178
475,-1.071550,-0.317238
476,-1.074252,-0.314449
477,-1.077115,-0.311818
478,-1.080196,-0.309382
479,-1.083357,-0.307072
480,-1.086779,-0.304983
481,-1.090169,-0.303094
482,-1.093672,-0.301308
483,-1.097232,-0.299786
484,-1.100890,-0.298480
485,-1.104621,-0.297388
486,-1.108461,-0.296569
487,-1.112322,-0.295894
488,-1.116312,-0.295538
489,-1.120191,-0.295341
490,-1.124117,-0.295284
491,-1.127985,-0.295496
492,-1.131844,-0.295944
493,-1.135675,-0.296614
494,-1.139456,-0.297579
495,-1.143235,-0.298682
496,-1.146976,-0.300128
497,-1.150545,-0.301665
498,-1.154092,-0.303343
499,-1.157469,-0.305250
500,-1.160733,-0.307359
501,-1.163872,-0.309656
502,-1.166877,-0.312128
503,-1.169762,-0.314993
504,-1.172448,-0.317838
505,-1.174976,-0.320799
506,-1.177420,-0.323864
507,-1.179602,-0.327070
508,-1.181594,-0.330408
509,-1.183392,-0.333857
510,-1.184991,-0.337405
511,-1.186335,-0.341098
512,-1.187492,-0.344986
513,-1.188426,-0.348758
514,-1.189232,-0.352630
515,-1.189788,-0.356455
516,-1.190101,-0.360324
517,-1.190187,-0.364212
518,-1.190050,-0.368101
519,-1.189615,-0.371981
520,-1.189044,-0.375888
521,-1.188122,-0.379794
522,-1.187093,-0.383543
523,-1.185917,-0.387290
524,-1.184496,-0.390897
525,-1.182856,-0.394422
526,-1.181013,-0.397849
527,-1.178977,-0.401167
528,-1.176678,-0.404350
529,-1.174112,-0.407468
530,-1.171527,-0.410382
531,-1.168810,-0.413226
532,-1.165943,-0.415833
533,-1.162914,-0.418269
534,-1.159746,-0.420528
535,-1.156451,-0.422603
536,-1.153043,-0.424487
537,-1.149242,-0.426068
538,-1.145619,-0.427542
539,-1.141917,-0.428891
540,-1.138195,-0.429962
541,-1.134403,-0.430807
542,-1.130563,-0.431430
543,-1.126693,-0.431833
544,-1.122804,-0.432015
545,-1.118911,-0.431975
546,-1.114904,-0.431572
547,-1.110980,-0.431106
548,-1.107130,-0.430347
549,-1.103321,-0.429428
550,-1.099592,-0.428286
551,-1.095941,-0.426932
552,-1.092373,-0.425372
553,-1.088900,-0.423611
554,-1.085532,-0.421655
555,-1.082241,-0.419353
556,-1.079062,-0.417010
557,-1.076084,-0.414459
558,-1.073235,-0.411787
559,-1.070557,-0.408956
560,-1.068048,-0.405978
561,-1.065714,-0.402860
562,-1.063560,-0.399615
563,-1.061624,-0.396092
564,-1.059890,-0.392613
565,-1.058297,-0.388943
566,-1.056867,-0.385284
567,-1.055710,-0.381570
568,-1.054780,-0.377791
569,-1.054070,-0.373962
570,-1.053580,-0.370099
571,-1.053311,-0.366213
572,-1.053375,-0.362199
573,-1.053573,-0.358313
574,-1.054057,-0.354418
575,-1.054674,-0.350535
576,-1.055510,-0.346720
577,-1.056563,-0.342966
578,-1.057777,-0.339214
579,-1.059225,-0.335619
580,-1.061052,-0.332050
581,-1.062949,-0.328656
582,-1.065030,-0.325363
583,-1.067379,-0.322192
584,-1.069829,-0.319120
585,-1.072438,-0.316214
586,-1.075204,-0.313467
587,-1.078088,-0.310798
588,-1.081306,-0.308373
589,-1.084517,-0.306194
590,-1.087844,-0.304171
591,-1.091280,-0.302330
592,-1.094897,-0.300725
593,-1.098540,-0.299265
594,-1.102243,-0.298025
595,-1.106005,-0.297000
596,-1.109839,-0.296109
597,-1.113677,-0.295513
598,-1.117683,-0.295250
599,-1.121573,-0.295136
600,-1.125469,-0.295231
601,-1.129398,-0.295612
602,-1.133282,-0.296138
603,-1.137113,-0.296884
604,-1.140959,-0.297791
605,-1.144661,-0.298945
606,-1.148399,-0.300480
607,-1.151927,-0.302111
608,-1.155376,-0.303926
609,-1.158691,-0.306005
610,-1.161996,-0.308221
611,-1.165108,-0.310591
612,-1.168071,-0.313130
613,-1.170959,-0.315799
614,-1.173609,-0.318640
615,-1.176111,-0.321827
616,-1.178370,-0.324990
617,-1.180474,-0.328271
618,-1.182395,-0.331666
619,-1.184087,-0.335239
620,-1.185631,-0.338844
621,-1.187045,-0.342559
622,-1.188170,-0.346267
623,-1.189065,-0.350055
624,-1.189676,-0.354053
625,-1.190071,-0.357949
626,-1.190276,-0.361842
627,-1.190270,-0.365744
628,-1.189978,-0.369716
629,-1.189541,-0.373608
630,-1.188943,-0.377520
631,-1.188086,-0.381303
632,-1.186994,-0.385039
633,-1.185684,-0.388711
634,-1.184003,-0.392400
635,-1.182250,-0.395876
636,-1.180315,-0.399264
637,-1.178103,-0.402551
638,-1.175794,-0.405737
639,-1.173347,-0.408848
640,-1.170726,-0.411718
641,-1.167928,-0.414430
642,-1.164976,-0.416977
643,-1.161689,-0.419364
644,-1.158445,-0.421518
645,-1.155090,-0.423508
646,-1.151627,-0.425312
647,-1.147972,-0.426895
648,-1.144305,-0.428404
649,-1.140602,-0.429605
650,-1.136829,-0.430582
651,-1.133002,-0.431341
652,-1.128977,-0.431810
653,-1.125062,-0.432070
654,-1.121161,-0.432139
655,-1.117259,-0.431997
656,-1.113301,-0.431604
657,-1.109411,-0.431073
658,-1.105585,-0.430285
659,-1.101817,-0.429272
660,-1.098113,-0.428042
661,-1.094486,-0.426603
662,-1.090836,-0.424788
663,-1.087424,-0.422908
664,-1.084104,-0.420854
665,-1.080901,-0.418620
666,-1.077730,-0.416124
667,-1.074741,-0.413540
668,-1.071957,-0.410797
669,-1.069343,-0.407897
670,-1.066900,-0.404852
671,-1.064635,-0.401672
672,-1.062586,-0.398145
673,-1.060723,-0.394715
674,-1.059046,-0.391187
675,-1.057470,-0.387506
676,-1.056222,-0.383732
677,-1.055144,-0.379950
678,-1.054304,-0.376131
679,-1.053687,-0.372273
680,-1.053293,-0.368388
681,-1.053206,-0.364327
682,-1.053319,-0.360383
683,-1.053619,-0.356490
684,-1.054130,-0.352615
685,-1.054787,-0.348704
686,-1.055794,-0.344865
687,-1.056950,-0.341121
688,-1.058321,-0.337460
689,-1.059898,-0.333886
690,-1.061678,-0.330407
691,-1.063835,-0.326923
692,-1.066058,-0.323683
693,-1.068425,-0.320574
694,-1.070944,-0.317492
695,-1.073712,-0.314661
696,-1.076569,-0.311976
697,-1.079572,-0.309470
698,-1.082713,-0.307144
699,-1.085981,-0.305000
700,-1.089366,-0.303046
701,-1.093073,-0.301292
702,-1.096703,-0.299779
703,-1.100453,-0.298360
704,-1.104319,-0.297238
705,-1.108137,-0.296314
706,-1.111990,-0.295625
707,-1.115874,-0.295162
708,-1.119779,-0.294922
709,-1.123690,-0.294904
710,-1.127598,-0.295110
711,-1.131697,-0.295668
712,-1.135570,-0.296373
713,-1.139504,-0.297320
714,-1.143397,-0.298404
715,-1.147097,-0.299714
716,-1.150707,-0.301241
717,-1.154222,-0.302975
718,-1.157632,-0.304906
719,-1.160927,-0.307030
720,-1.164096,-0.309338
721,-1.167240,-0.312056
722,-1.170119,-0.314777
723,-1.172981,-0.317644
724,-1.175536,-0.320617
725,-1.177946,-0.323908
726,-1.180204,-0.327234
727,-1.182217,-0.330637
728,-1.184026,-0.334148
729,-1.185630,-0.337757
730,-1.187025,-0.341455
731,-1.188175,-0.345519
732,-1.189209,-0.349539
733,-1.189970,-0.353534
734,-1.190464,-0.357522
735,-1.190675,-0.361783
736,-1.190713,-0.365983
737,-1.190488,-0.370179
738,-1.190004,-0.374410
739,-1.189250,-0.378680
740,-1.188028,-0.383126
741,-1.186671,-0.387562
742,-1.185005,-0.391974
743,-1.182842,-0.396342
744,-1.180353,-0.400998
745,-1.177384,-0.405651
746,-1.171968,-0.412730
747,-1.164548,-0.418503
748,-1.159390,-0.424676
749,-1.154854,-0.430433
750,-1.150217,-0.435987
751,-1.145333,-0.441293
752,-1.140103,-0.446274
753,-1.134628,-0.451102
754,-1.128951,-0.455527
755,-1.123022,-0.459612
756,-1.116867,-0.463349
757,-1.110372,-0.466649
758,-1.103830,-0.469635
759,-1.097125,-0.472256
760,-1.090280,-0.474496
761,-1.083265,-0.476275
762,-1.076155,-0.477796
763,-1.069037,-0.478854
764,-1.061744,-0.479394
765,-1.054572,-0.479564
766,-1.047384,-0.479358
767,-1.040212,-0.478752
768,-1.033083,-0.477743
769,-1.026011,-0.476245
770,-1.018956,-0.474469
771,-1.012104,-0.472285
772,-1.005389,-0.469699
773,-0.998785,-0.466575
774,-0.992448,-0.463205
775,-0.986288,-0.459495
776,-0.980340,-0.455444
777,-0.974665,-0.450987
778,-0.969189,-0.446266
779,-0.963927,-0.441272
780,-0.959039,-0.435999
781,-0.954464,-0.430446
782,-0.950271,-0.424486
783,-0.946392,-0.418441
784,-0.942846,-0.412184
785,-0.939656,-0.405734
786,-0.936896,-0.399049
787,-0.934379,-0.392233
788,-0.932314,-0.385351
789,-0.930657,-0.378353
790,-0.929518,-0.371146
791,-0.928712,-0.364015
792,-0.928293,-0.356837
793,-0.928277,-0.349644
794,-0.928751,-0.342428
795,-0.929550,-0.335261
796,-0.930695,-0.328109
797,-0.932286,-0.321102
798,-0.934285,-0.314195
799,-0.936869,-0.307370
800,-0.939666,-0.300754
801,-0.942827,-0.294295
802,-0.946435,-0.288033
803,-0.950313,-0.281956
804,-0.954522,-0.276035
805,-0.959025,-0.270452
806,-0.963861,-0.265137
807,-0.968998,-0.260108
808,-0.974575,-0.255428
809,-0.980261,-0.251043
810,-0.986261,-0.247021
811,-0.992421,-0.243282
812,-0.998771,-0.239901
813,-1.005350,-0.236813
814,-1.012014,-0.234167
815,-1.018837,-0.231917
816,-1.025903,-0.230178
817,-1.032937,-0.228755
818,-1.040090,-0.227797
819,-1.047273,-0.227160
820,-1.054462,-0.226928
821,-1.061648,-0.227105
822,-1.068894,-0.227654
823,-1.075993,-0.228621
824,-1.083108,-0.230173
825,-1.090041,-0.232003
826,-1.096875,-0.234212
827,-1.103596,-0.236903
828,-1.110156,-0.239871
829,-1.116527,-0.243200
830,-1.122696,-0.246886
831,-1.128725,-0.250929
832,-1.134463,-0.255428
833,-1.139855,-0.260139
834,-1.145000,-0.265137
835,-1.149866,-0.270418
836,-1.154385,-0.276054
837,-1.158637,-0.281873
838,-1.162546,-0.287906
839,-1.166103,-0.294148
840,-1.169298,-0.300581
841,-1.172198,-0.307207
842,-1.174543,-0.314085
843,-1.176563,-0.320961
844,-1.178202,-0.327949
845,-1.179368,-0.335088
846,-1.180215,-0.342234
847,-1.180655,-0.349405
848,-1.180685,-0.356586
849,-1.180306,-0.363756
850,-1.179401,-0.371097
851,-1.180198,-0.373915
852,-1.180320,-0.374831
853,-1.179124,-0.377391
854,-1.177225,-0.380410
855,-1.175051,-0.383500
856,-1.172655,-0.386509
857,-1.170076,-0.389392
858,-1.167331,-0.392130
859,-1.164441,-0.394777
860,-1.161205,-0.397144
861,-1.158016,-0.399370
862,-1.154715,-0.401411
863,-1.151306,-0.403261
864,-1.147797,-0.404914
865,-1.144200,-0.406365
866,-1.140508,-0.407678
867,-1.136658,-0.408642
868,-1.132871,-0.409439
869,-1.129002,-0.409968
870,-1.125115,-0.410344
871,-1.121231,-0.410498
872,-1.117350,-0.410430
873,-1.113445,-0.410203
874,-1.109514,-0.409607
875,-1.105725,-0.408851
876,-1.101964,-0.407824
877,-1.098235,-0.406653
878,-1.094598,-0.405278
879,-1.090986,-0.403727
880,-1.087540,-0.401980
881,-1.084139,-0.399896
882,-1.080956,-0.397710
883,-1.077876,-0.395358
884,-1.074935,-0.392767
885,-1.072119,-0.390076
886,-1.069467,-0.387237
887,-1.066906,-0.384280
888,-1.064597,-0.381173
889,-1.062491,-0.377798
890,-1.060640,-0.374390
891,-1.058888,-0.370882
892,-1.057348,-0.367308
893,-1.056015,-0.363660
894,-1.054828,-0.359919
895,-1.053903,-0.356167
896,-1.053271,-0.352232
897,-1.052838,-0.348391
898,-1.052667,-0.344489
899,-1.052644,-0.340582
900,-1.052841,-0.336698
901,-1.053224,-0.332779
902,-1.053824,-0.328968
903,-1.054670,-0.325189
904,-1.055853,-0.321397
905,-1.057221,-0.317763
906,-1.058730,-0.314142
907,-1.060429,-0.310640
908,-1.062321,-0.307247
909,-1.064374,-0.303905
910,-1.066616,-0.300753
911,-1.069180,-0.297728
912,-1.071799,-0.294874
913,-1.074640,-0.292193
914,-1.077586,-0.289617
915,-1.080656,-0.287227
916,-1.083857,-0.284948
917,-1.087287,-0.282921
918,-1.090712,-0.281145
919,-1.094239,-0.279539
920,-1.097855,-0.278128
921,-1.101602,-0.276965
922,-1.105369,-0.275963
923,-1.109176,-0.275178
924,-1.113038,-0.274531
925,-1.117011,-0.274253
926,-1.120875,-0.274169
927,-1.124752,-0.274287
928,-1.128654,-0.274684
929,-1.132516,-0.275233
930,-1.136328,-0.275998
931,-1.140150,-0.276951
932,-1.143835,-0.278105
933,-1.147508,-0.279621
934,-1.151022,-0.281245
935,-1.154445,-0.283133
936,-1.157794,-0.285150
937,-1.161008,-0.287344
938,-1.164086,-0.289714
939,-1.167094,-0.292252
940,-1.169898,-0.295060
941,-1.172494,-0.297923
942,-1.174940,-0.300934
943,-1.177189,-0.304147
944,-1.179296,-0.307431
945,-1.181206,-0.310818
946,-1.182919,-0.314305
947,-1.184502,-0.317897
948,-1.185745,-0.321680
949,-1.186815,-0.325403
950,-1.187625,-0.329236
951,-1.188283,-0.333088
952,-1.188719,-0.336954
953,-1.188933,-0.340834
954,-1.188927,-0.344718
955,-1.188776,-0.348630
956,-1.188228,-0.352562
957,-1.187538,-0.356374
958,-1.186570,-0.360182
959,-1.185459,-0.363918
960,-1.184140,-0.367576
961,-1.182616,-0.371150
962,-1.180892,-0.374632
963,-1.178883,-0.378113
964,-1.176767,-0.381349
965,-1.174393,-0.384472
966,-1.171911,-0.387480
967,-1.169269,-0.390333
968,-1.166471,-0.393030
969,-1.163524,-0.395562
970,-1.160309,-0.398012
971,-1.157090,-0.400145
972,-1.153687,-0.402080
973,-1.150220,-0.403883
974,-1.146671,-0.405478
975,-1.143041,-0.406868
976,-1.139339,-0.408048
977,-1.135560,-0.409091
978,-1.131760,-0.409851
979,-1.127785,-0.410279
980,-1.123865,-0.410508
981,-1.119965,-0.410588
982,-1.116078,-0.410449
983,-1.112208,-0.410089
984,-1.108317,-0.409568
985,-1.104524,-0.408789
986,-1.100775,-0.407778
987,-1.096997,-0.406325
988,-1.093372,-0.404860
989,-1.089847,-0.403210
990,-1.086425,-0.401368
991,-1.083114,-0.399335
992,-1.079853,-0.397168
993,-1.076799,-0.394785
994,-1.073885,-0.392219
995,-1.071127,-0.389320
996,-1.068544,-0.386422
997,-1.066119,-0.383384
998,-1.063890,-0.380142
999,-1.061810,-0.376841
1000,-1.059849,-0.373437
1001,-1.058159,-0.369950
1002,-1.056679,-0.366360
1003,-1.055465,-0.362552
1004,-1.054437,-0.358813
1005,-1.053663,-0.354969
1006,-1.053035,-0.351108
1007,-1.052579,-0.347182
1008,-1.052364,-0.343326
1009,-1.052397,-0.339449
1010,-1.052660,-0.335574
1011,-1.053260,-0.331630
1012,-1.053986,-0.327817
1013,-1.054990,-0.324021
1014,-1.056133,-0.320282
1015,-1.057484,-0.316630
1016,-1.058993,-0.313003
1017,-1.060728,-0.309539
1018,-1.062815,-0.306132
1019,-1.064978,-0.302915
1020,-1.067312,-0.299808
1021,-1.069893,-0.296839
1022,-1.072570,-0.293995
1023,-1.075396,-0.291318
1024,-1.078344,-0.288732
1025,-1.081440,-0.286395
1026,-1.084825,-0.284262
1027,-1.088188,-0.282333
1028,-1.091707,-0.280636
1029,-1.095302,-0.279050
1030,-1.098955,-0.277685
1031,-1.102695,-0.276458
1032,-1.106448,-0.275508
1033,-1.110264,-0.274788
1034,-1.114244,-0.274374
1035,-1.118115,-0.274133
1036,-1.122002,-0.274095
1037,-1.125928,-0.274336
1038,-1.129817,-0.274728
1039,-1.133713,-0.275280
1040,-1.137503,-0.276092
1041,-1.141244,-0.277135
1042,-1.145000,-0.278526
1043,-1.148579,-0.280023
1044,-1.152083,-0.281708
1045,-1.155503,-0.283662
1046,-1.158814,-0.285733
1047,-1.162062,-0.287947
1048,-1.165101,-0.290354
1049,-1.167996,-0.292947
1050,-1.170754,-0.295858
1051,-1.173298,-0.298786
1052,-1.175658,-0.301915
1053,-1.177910,-0.305129
1054,-1.179961,-0.308446
1055,-1.181894,-0.311861
1056,-1.183552,-0.315369
1057,-1.185001,-0.318976
1058,-1.186204,-0.322814
1059,-1.187178,-0.326578
1060,-1.187966,-0.330385
1061,-1.188493,-0.334294
1062,-1.188925,-0.338231
1063,-1.189096,-0.342099
1064,-1.189023,-0.345981
1065,-1.188723,-0.349858
1066,-1.188201,-0.353714
1067,-1.187344,-0.357640
1068,-1.186270,-0.361382
1069,-1.185080,-0.365142
1070,-1.183691,-0.368790
1071,-1.182156,-0.372403
1072,-1.180379,-0.375854
1073,-1.178396,-0.379198
1074,-1.176222,-0.382425
1075,-1.173867,-0.385523
1076,-1.171184,-0.388499
1077,-1.168407,-0.391260
1078,-1.165534,-0.393935
1079,-1.162560,-0.396510
1080,-1.159440,-0.398817
1081,-1.156181,-0.400939
1082,-1.152804,-0.402870
1083,-1.149320,-0.404606
1084,-1.145599,-0.406084
1085,-1.141936,-0.407390
1086,-1.138138,-0.408451
1087,-1.134293,-0.409423
1088,-1.130490,-0.410131
1089,-1.126634,-0.410598
1090,-1.122752,-0.410837
1091,-1.118860,-0.410853
1092,-1.114851,-0.410508
1093,-1.110987,-0.410056
1094,-1.107113,-0.409326
1095,-1.103300,-0.408455
1096,-1.099496,-0.407423
1097,-1.095836,-0.406151
1098,-1.092249,-0.404651
1099,-1.088752,-0.402944
1100,-1.085356,-0.401039
1101,-1.082033,-0.398759
1102,-1.078895,-0.396382
1103,-1.075862,-0.393910
1104,-1.072906,-0.391273
1105,-1.070171,-0.388521
1106,-1.067619,-0.385594
1107,-1.065240,-0.382516
1108,-1.063039,-0.379304
1109,-1.061025,-0.375970
1110,-1.059300,-0.372279
1111,-1.057683,-0.368711
1112,-1.056271,-0.365075
1113,-1.054997,-0.361332
1114,-1.053986,-0.357601
1115,-1.053210,-0.353794
1116,-1.052658,-0.349942
1117,-1.052328,-0.346061
1118,-1.052220,-0.342166
1119,-1.052492,-0.338124
1120,-1.052838,-0.334234
1121,-1.053398,-0.330378
1122,-1.054120,-0.326502
1123,-1.055086,-0.322753
1124,-1.056288,-0.319056
1125,-1.057848,-0.315332
1126,-1.059509,-0.311822
1127,-1.061350,-0.308390
1128,-1.063459,-0.305051
1129,-1.065674,-0.301824
1130,-1.068063,-0.298740
1131,-1.070586,-0.295725
1132,-1.073290,-0.292940
1133,-1.076164,-0.290315
1134,-1.079360,-0.287850
1135,-1.082536,-0.285610
1136,-1.085903,-0.283563
1137,-1.089325,-0.281645
1138,-1.092834,-0.279935
1139,-1.096444,-0.278348
1140,-1.100097,-0.277044
1141,-1.103834,-0.275962
1142,-1.107633,-0.275098
1143,-1.111618,-0.274537
1144,-1.115488,-0.274149
1145,-1.119441,-0.274024
1146,-1.123356,-0.274045
1147,-1.127316,-0.274242
1148,-1.131170,-0.274670
1149,-1.134995,-0.275349
1150,-1.138783,-0.276255
1151,-1.142514,-0.277377
1152,-1.146258,-0.278859
1153,-1.149821,-0.280509
1154,-1.153338,-0.282268
1155,-1.156726,-0.284213
1156,-1.159992,-0.286345
1157,-1.163202,-0.288613
1158,-1.166198,-0.291087
1159,-1.169047,-0.293741
1160,-1.171742,-0.296557
1161,-1.174262,-0.299691
1162,-1.176558,-0.302888
1163,-1.178760,-0.306160
1164,-1.180752,-0.309525
1165,-1.182627,-0.312993
1166,-1.184222,-0.316530
1167,-1.185603,-0.320169
1168,-1.186772,-0.323887
1169,-1.187669,-0.327843
1170,-1.188357,-0.331670
1171,-1.188783,-0.335582
1172,-1.189087,-0.339515
1173,-1.189160,-0.343425
1174,-1.189096,-0.347356
1175,-1.188729,-0.351223
1176,-1.188131,-0.355072
1177,-1.187312,-0.358883
1178,-1.186152,-0.362760
1179,-1.184842,-0.366451
1180,-1.183362,-0.370058
1181,-1.181603,-0.373611
1182,-1.179733,-0.377052
1183,-1.177711,-0.380450
1184,-1.175491,-0.383635
1185,-1.173074,-0.386689
1186,-1.170480,-0.389600
1187,-1.167723,-0.392359
1188,-1.164632,-0.394972
1189,-1.161478,-0.397333
1190,-1.158260,-0.399602
1191,-1.154940,-0.401668
1192,-1.151518,-0.403624
1193,-1.148010,-0.405296
1194,-1.144399,-0.406759
1195,-1.140705,-0.408012
1196,-1.136945,-0.409052
1197,-1.132949,-0.409812
1198,-1.129096,-0.410368
1199,-1.125127,-0.410678
1200,-1.121151,-0.410894
1201,-1.117258,-0.410866
1202,-1.113380,-0.410583
1203,-1.109516,-0.410070
1204,-1.105685,-0.409335
1205,-1.101901,-0.408382
1206,-1.098176,-0.407215
1207,-1.094440,-0.405676
1208,-1.090871,-0.403984
1209,-1.087371,-0.402187
1210,-1.083919,-0.400240
1211,-1.080683,-0.398092
1212,-1.077574,-0.395743
1213,-1.074604,-0.393214
1214,-1.071782,-0.390518
1215,-1.069066,-0.387467
1216,-1.066605,-0.384424
1217,-1.064303,-0.381272
1218,-1.062186,-0.377902
1219,-1.060142,-0.374507
1220,-1.058389,-0.371034
1221,-1.056847,-0.367453
1222,-1.055513,-0.363786
1223,-1.054391,-0.360046
1224,-1.053484,-0.356248
1225,-1.052881,-0.352226
1226,-1.052530,-0.348328
1227,-1.052269,-0.344341
1228,-1.052165,-0.340386
1229,-1.052359,-0.336499
1230,-1.052786,-0.332623
1231,-1.053438,-0.328775
1232,-1.054309,-0.324968
1233,-1.055395,-0.321217
1234,-1.056858,-0.317398
1235,-1.058404,-0.313819
1236,-1.060234,-0.310279
1237,-1.062109,-0.306733
1238,-1.064202,-0.303441
1239,-1.066493,-0.300280
1240,-1.068963,-0.297257
1241,-1.071604,-0.294379
1242,-1.074404,-0.291655
1243,-1.077356,-0.289095
1244,-1.080645,-0.286715
1245,-1.083882,-0.284531
1246,-1.087398,-0.282375
1247,-1.090840,-0.280526
1248,-1.094392,-0.278909
1249,-1.098036,-0.277505
1250,-1.101756,-0.276312
1251,-1.105539,-0.275334
1252,-1.109372,-0.274572
1253,-1.113443,-0.274151
1254,-1.117340,-0.273860
1255,-1.121338,-0.273851
1256,-1.125304,-0.273970
1257,-1.129207,-0.274322
1258,-1.133075,-0.274899
1259,-1.137024,-0.275641
1260,-1.140784,-0.276634
1261,-1.144488,-0.277863
1262,-1.148119,-0.279308
1263,-1.151752,-0.281140
1264,-1.155179,-0.283017
1265,-1.158566,-0.285196
1266,-1.161823,-0.287451
1267,-1.164907,-0.289872
1268,-1.167841,-0.292463
1269,-1.170729,-0.295189
1270,-1.173340,-0.298083
1271,-1.175781,-0.301136
1272,-1.178087,-0.304589
1273,-1.180132,-0.307937
1274,-1.181998,-0.311382
1275,-1.183676,-0.315084
1276,-1.185171,-0.318745
1277,-1.186437,-0.322462
1278,-1.187485,-0.326242
1279,-1.188417,-0.330133
1280,-1.189031,-0.333991
1281,-1.189413,-0.337893
1282,-1.189449,-0.342031
1283,-1.189345,-0.345958
1284,-1.189032,-0.349878
1285,-1.188424,-0.353888
1286,-1.187679,-0.357769
1287,-1.186709,-0.361588
1288,-1.185550,-0.365515
1289,-1.184159,-0.369224
1290,-1.182540,-0.372819
1291,-1.180481,-0.376502
1292,-1.178371,-0.379928
1293,-1.176107,-0.383202
1294,-1.173658,-0.386351
1295,-1.170859,-0.389455
1296,-1.167965,-0.392435
1297,-1.164928,-0.395193
1298,-1.161655,-0.397974
1299,-1.158206,-0.400433
1300,-1.154545,-0.402706
1301,-1.150361,-0.404712
1302,-1.146204,-0.406581
1303,-1.141807,-0.408251
1304,-1.137090,-0.409593
1305,-1.132090,-0.410802
1306,-1.126763,-0.411688
1307,-1.117468,-0.408040
1308,-1.105084,-0.406235
1309,-1.095257,-0.408256
1310,-1.087563,-0.409161
1311,-1.084742,-0.410619
1312,-1.083852,-0.410944
1313,-1.081112,-0.410253
1314,-1.077806,-0.409015
1315,-1.074370,-0.407391
1316,-1.070950,-0.405593
1317,-1.067631,-0.403595
1318,-1.064427,-0.401409
1319,-1.061263,-0.398944
1320,-1.058352,-0.396408
1321,-1.055579,-0.393701
1322,-1.052978,-0.390771
1323,-1.050512,-0.387753
1324,-1.048229,-0.384609
1325,-1.046131,-0.381343
1326,-1.044167,-0.377846
1327,-1.042483,-0.374373
1328,-1.040989,-0.370798
1329,-1.039736,-0.367083
1330,-1.038646,-0.363345
1331,-1.037772,-0.359560
1332,-1.037115,-0.355734
1333,-1.036690,-0.351753
1334,-1.036480,-0.347970
1335,-1.036500,-0.344119
1336,-1.036806,-0.340207
1337,-1.037265,-0.336345
1338,-1.037944,-0.332523
1339,-1.038838,-0.328749
1340,-1.039947,-0.325031
1341,-1.041265,-0.321382
1342,-1.042789,-0.317813
1343,-1.044580,-0.314351
1344,-1.046511,-0.310943
1345,-1.048620,-0.307674
1346,-1.050908,-0.304537
1347,-1.053370,-0.301537
1348,-1.055998,-0.298682
1349,-1.058916,-0.295981
1350,-1.061862,-0.293466
1351,-1.065010,-0.291136
1352,-1.068235,-0.288940
1353,-1.071566,-0.286939
1354,-1.075003,-0.285132
1355,-1.078537,-0.283524
1356,-1.082283,-0.282099
1357,-1.085965,-0.280924
1358,-1.089764,-0.280008
1359,-1.093595,-0.279241
1360,-1.097446,-0.278698
1361,-1.101316,-0.278375
1362,-1.105242,-0.278219
1363,-1.109202,-0.278407
1364,-1.113050,-0.278769
1365,-1.116885,-0.279344
1366,-1.120724,-0.280205
1367,-1.124488,-0.281208
1368,-1.128179,-0.282421
1369,-1.131793,-0.283842
1370,-1.135439,-0.285549
1371,-1.138836,-0.287380
1372,-1.142141,-0.289405
1373,-1.145331,-0.291616
1374,-1.148395,-0.294086
1375,-1.151329,-0.296650
1376,-1.154104,-0.299370
1377,-1.156790,-0.302228
1378,-1.159223,-0.305357
1379,-1.161467,-0.308510
1380,-1.163539,-0.311790
1381,-1.165424,-0.315185
1382,-1.167082,-0.318756
1383,-1.168582,-0.322353
1384,-1.169937,-0.326042
1385,-1.170964,-0.329873
1386,-1.171799,-0.333650
1387,-1.172426,-0.337477
1388,-1.172836,-0.341338
1389,-1.173027,-0.345218
1390,-1.172936,-0.349157
1391,-1.172691,-0.353047
1392,-1.172196,-0.357039
1393,-1.171491,-0.360836
1394,-1.170573,-0.364602
1395,-1.169443,-0.368316
1396,-1.168104,-0.371962
1397,-1.166559,-0.375527
1398,-1.164736,-0.379018
1399,-1.162796,-0.382399
1400,-1.160549,-0.385744
1401,-1.158242,-0.388850
1402,-1.155755,-0.391827
1403,-1.153100,-0.394660
1404,-1.150286,-0.397338
1405,-1.147324,-0.399853
1406,-1.144153,-0.402174
1407,-1.140925,-0.404423
1408,-1.137460,-0.406369
1409,-1.134007,-0.408129
1410,-1.130457,-0.409697
1411,-1.126821,-0.411064
1412,-1.123111,-0.412223
1413,-1.119289,-0.413118
1414,-1.115431,-0.413930
1415,-1.111472,-0.414375
1416,-1.107609,-0.414641
1417,-1.103728,-0.414697
1418,-1.099847,-0.414535
1419,-1.095980,-0.414154
1420,-1.092142,-0.413481
1421,-1.088244,-0.412716
1422,-1.084496,-0.411708
1423,-1.080746,-0.410319
1424,-1.077157,-0.408849
1425,-1.073650,-0.407182
1426,-1.070240,-0.405320
1427,-1.066939,-0.403267
1428,-1.063761,-0.401030
1429,-1.060603,-0.398578
1430,-1.057688,-0.396008
1431,-1.054926,-0.393123
1432,-1.052370,-0.390213
1433,-1.049966,-0.387165
1434,-1.047734,-0.383985
1435,-1.045684,-0.380683
1436,-1.043825,-0.377269
1437,-1.042201,-0.373692
1438,-1.040729,-0.370075
1439,-1.039459,-0.366244
1440,-1.038430,-0.362522
1441,-1.037614,-0.358730
1442,-1.037016,-0.354892
1443,-1.036637,-0.351023
1444,-1.036550,-0.347126
1445,-1.036602,-0.343192
1446,-1.036968,-0.339183
1447,-1.037451,-0.335307
1448,-1.038181,-0.331503
1449,-1.039129,-0.327738
1450,-1.040290,-0.324030
1451,-1.041662,-0.320392
1452,-1.043238,-0.316838
1453,-1.045088,-0.313367
1454,-1.047023,-0.309932
1455,-1.049301,-0.306666
1456,-1.051647,-0.303582
1457,-1.054166,-0.300626
1458,-1.056849,-0.297813
1459,-1.059689,-0.295157
1460,-1.062741,-0.292701
1461,-1.065885,-0.290356
1462,-1.069278,-0.288136
1463,-1.072642,-0.286228
1464,-1.076114,-0.284495
1465,-1.079682,-0.282957
1466,-1.083334,-0.281621
1467,-1.087056,-0.280495
1468,-1.090872,-0.279646
1469,-1.094768,-0.278863
1470,-1.098614,-0.278359
1471,-1.102596,-0.278194
1472,-1.106475,-0.278180
1473,-1.110356,-0.278379
1474,-1.114221,-0.278796
1475,-1.118059,-0.279432
1476,-1.121854,-0.280285
1477,-1.125687,-0.281377
1478,-1.129445,-0.282757
1479,-1.133012,-0.284265
1480,-1.136504,-0.285967
1481,-1.139899,-0.287862
1482,-1.143182,-0.289946
1483,-1.146343,-0.292215
1484,-1.149351,-0.294731
1485,-1.152337,-0.297346
1486,-1.155096,-0.300237
1487,-1.157623,-0.303168
1488,-1.160000,-0.306238
1489,-1.162206,-0.309440
1490,-1.164228,-0.312763
1491,-1.166059,-0.316195
1492,-1.167636,-0.319775
1493,-1.169157,-0.323466
1494,-1.170411,-0.327130
1495,-1.171336,-0.331029
1496,-1.172104,-0.334834
1497,-1.172663,-0.338681
1498,-1.173005,-0.342556
1499,-1.173127,-0.346445
1500,-1.173028,-0.350336
1501,-1.172642,-0.354256
1502,-1.172169,-0.358175
1503,-1.171314,-0.362093
1504,-1.170306,-0.365831
1505,-1.169101,-0.369525
1506,-1.167691,-0.373151
1507,-1.166079,-0.376693
1508,-1.164268,-0.380138
1509,-1.162181,-0.383494
1510,-1.160025,-0.386798
1511,-1.157680,-0.389887
1512,-1.154994,-0.392844
1513,-1.152279,-0.395618
1514,-1.149411,-0.398245
1515,-1.146399,-0.400708
1516,-1.143251,-0.402998
1517,-1.139927,-0.405046
1518,-1.136496,-0.407080
1519,-1.132870,-0.408796
1520,-1.129290,-0.410273
1521,-1.125625,-0.411566
1522,-1.121890,-0.412654
1523,-1.118099,-0.413531
1524,-1.114262,-0.414190
1525,-1.110394,-0.414631
1526,-1.106408,-0.414839
1527,-1.102514,-0.414882
1528,-1.098529,-0.414554
1529,-1.094674,-0.414087
1530,-1.090845,-0.413409
1531,-1.087057,-0.412516
1532,-1.083324,-0.411410
1533,-1.079660,-0.410093
1534,-1.076084,-0.408494
1535,-1.072475,-0.406791
1536,-1.069041,-0.404756
1537,-1.065794,-0.402636
1538,-1.062660,-0.400335
1539,-1.059658,-0.397859
1540,-1.056800,-0.395216
1541,-1.054097,-0.392413
1542,-1.051556,-0.389461
1543,-1.049215,-0.386296
1544,-1.046941,-0.382913
1545,-1.044966,-0.379576
1546,-1.043173,-0.376126
1547,-1.041577,-0.372577
1548,-1.040184,-0.368942
1549,-1.038999,-0.365232
1550,-1.038027,-0.361461
1551,-1.037271,-0.357639
1552,-1.036707,-0.353682
1553,-1.036492,-0.349660
1554,-1.036419,-0.345773
1555,-1.036560,-0.341884
1556,-1.036921,-0.338007
1557,-1.037500,-0.334157
1558,-1.038298,-0.330344
1559,-1.039312,-0.326583
1560,-1.040495,-0.322813
1561,-1.041978,-0.319181
1562,-1.043763,-0.315582
1563,-1.045618,-0.312163
1564,-1.047659,-0.308847
1565,-1.049884,-0.305651
1566,-1.052287,-0.302585
1567,-1.054860,-0.299660
1568,-1.057597,-0.296886
1569,-1.060531,-0.294218
1570,-1.063722,-0.291769
1571,-1.066899,-0.289520
1572,-1.070196,-0.287448
1573,-1.073605,-0.285565
1574,-1.077116,-0.283878
1575,-1.080719,-0.282393
1576,-1.084400,-0.281115
1577,-1.088160,-0.279967
1578,-1.092160,-0.279238
1579,-1.096009,-0.278626
1580,-1.099885,-0.278227
1581,-1.103776,-0.278046
1582,-1.107671,-0.278086
1583,-1.111558,-0.278348
1584,-1.115425,-0.278830
1585,-1.119312,-0.279467
1586,-1.123198,-0.280499
1587,-1.126921,-0.281749
1588,-1.130592,-0.283114
1589,-1.134167,-0.284677
1590,-1.137644,-0.286438
1591,-1.141014,-0.288393
1592,-1.144268,-0.290538
1593,-1.147481,-0.292850
1594,-1.150467,-0.295314
1595,-1.153332,-0.298143
1596,-1.155968,-0.301071
1597,-1.158484,-0.304064
1598,-1.160822,-0.307186
1599,-1.162978,-0.310433
1600,-1.164946,-0.313798
1601,-1.166720,-0.317269
1602,-1.168376,-0.320866
1603,-1.169759,-0.324483
1604,-1.170793,-0.328418
1605,-1.171718,-0.332222
1606,-1.172431,-0.336059
1607,-1.172926,-0.339926
1608,-1.173200,-0.343814
1609,-1.173254,-0.347712
1610,-1.173085,-0.351608
1611,-1.172757,-0.355555
1612,-1.172061,-0.359514
1613,-1.171104,-0.363333
1614,-1.170037,-0.367101
1615,-1.168765,-0.370791
1616,-1.167287,-0.374400
1617,-1.165608,-0.377919
1618,-1.163731,-0.381337
1619,-1.161662,-0.384643
1620,-1.159426,-0.387919
1621,-1.157026,-0.390962
1622,-1.153976,-0.393715
1623,-1.151172,-0.396441
1624,-1.148243,-0.399016
1625,-1.145180,-0.401424
1626,-1.141986,-0.403655
1627,-1.138671,-0.405702
1628,-1.135244,-0.407557
1629,-1.131694,-0.409301
1630,-1.128109,-0.410764
1631,-1.124423,-0.412009
1632,-1.120664,-0.413037
1633,-1.116850,-0.413849
1634,-1.112995,-0.414443
1635,-1.109112,-0.414817
1636,-1.105165,-0.414897
1637,-1.101228,-0.414842
1638,-1.097254,-0.414619
1639,-1.093408,-0.414134
1640,-1.089585,-0.413407
1641,-1.085805,-0.412456
1642,-1.082084,-0.411289
1643,-1.078435,-0.409912
1644,-1.074753,-0.408167
1645,-1.071315,-0.406344
1646,-1.067935,-0.404258
1647,-1.064571,-0.402086
1648,-1.061466,-0.399769
1649,-1.058500,-0.397249
1650,-1.055683,-0.394555
1651,-1.053024,-0.391703
1652,-1.050530,-0.388702
1653,-1.048211,-0.385564
1654,-1.046104,-0.382088
1655,-1.044220,-0.378616
1656,-1.042455,-0.375100
1657,-1.040809,-0.371511
1658,-1.039471,-0.367860
1659,-1.038350,-0.364128
1660,-1.037446,-0.360334
1661,-1.036759,-0.356493
1662,-1.036292,-0.352618
1663,-1.036137,-0.348542
1664,-1.036247,-0.344635
1665,-1.036449,-0.340654
1666,-1.036813,-0.336692
1667,-1.037437,-0.332863
1668,-1.038302,-0.329066
1669,-1.039388,-0.325321
1670,-1.040688,-0.321642
1671,-1.042197,-0.318042
1672,-1.043908,-0.314532
1673,-1.046020,-0.311057
1674,-1.048241,-0.307760
1675,-1.050545,-0.304462
1676,-1.052979,-0.301425
1677,-1.055605,-0.298550
1678,-1.058401,-0.295831
1679,-1.061350,-0.293275
1680,-1.064442,-0.290890
1681,-1.067665,-0.288685
1682,-1.071186,-0.286667
1683,-1.074743,-0.284952
1684,-1.078373,-0.283292
1685,-1.082056,-0.281779
1686,-1.085750,-0.280570
1687,-1.089522,-0.279586
1688,-1.093349,-0.278821
1689,-1.097215,-0.278276
1690,-1.101108,-0.277953
1691,-1.105013,-0.277851
1692,-1.109104,-0.278083
1693,-1.113068,-0.278559
1694,-1.117076,-0.279073
1695,-1.120890,-0.279848
1696,-1.124657,-0.280860
1697,-1.128361,-0.282090
1698,-1.131991,-0.283532
1699,-1.135534,-0.285179
1700,-1.138978,-0.287024
1701,-1.142313,-0.289064
1702,-1.145593,-0.291482
1703,-1.148758,-0.294016
1704,-1.151742,-0.296591
1705,-1.154518,-0.299329
1706,-1.157131,-0.302231
1707,-1.159573,-0.305280
1708,-1.161838,-0.308464
1709,-1.163919,-0.311773
1710,-1.165808,-0.315195
1711,-1.167497,-0.318958
1712,-1.168907,-0.322719
1713,-1.170292,-0.326542
1714,-1.171379,-0.330307
1715,-1.172213,-0.334117
1716,-1.172822,-0.337976
1717,-1.173209,-0.341866
1718,-1.173373,-0.345774
1719,-1.173315,-0.349685
1720,-1.173033,-0.353587
1721,-1.172386,-0.357680
1722,-1.171529,-0.361629
1723,-1.170608,-0.365603
1724,-1.169459,-0.369355
1725,-1.168076,-0.373010
1726,-1.166477,-0.376583
1727,-1.164674,-0.380061
1728,-1.162675,-0.383432
1729,-1.160486,-0.386683
1730,-1.158115,-0.389806
1731,-1.155353,-0.392843
1732,-1.152496,-0.395693
1733,-1.149549,-0.398534
1734,-1.146526,-0.401057
1735,-1.143360,-0.403373
1736,-1.140057,-0.405502
1737,-1.136634,-0.407440
1738,-1.133104,-0.409179
1739,-1.129479,-0.410714
1740,-1.125484,-0.412020
1741,-1.121459,-0.413085
1742,-1.117529,-0.413988
1743,-1.113441,-0.414773
1744,-1.109466,-0.415209
1745,-1.105469,-0.415398
1746,-1.101449,-0.415350
1747,-1.097414,-0.415067
1748,-1.093372,-0.414545
1749,-1.089332,-0.413781
1750,-1.085038,-0.412546
1751,-1.080865,-0.411112
1752,-1.076608,-0.409588
1753,-1.072468,-0.407710
1754,-1.068344,-0.405484
1755,-1.064222,-0.402891
1756,-1.060103,-0.399892
1757,-1.055994,-0.396435
1758,-1.052993,-0.387120
1759,-1.046305,-0.376703
1760,-1.038279,-0.371112
1761,-1.032459,-0.365951
1762,-1.027397,-0.360621
1763,-1.022797,-0.355046
1764,-1.018570,-0.349226
1765,-1.014697,-0.343177
1766,-1.011179,-0.336917
1767,-1.008024,-0.330466
1768,-1.005243,-0.323845
1769,-1.002842,-0.317076
1770,-1.000831,-0.310181
1771,-0.999216,-0.303182
1772,-0.998105,-0.295947
1773,-0.997356,-0.288822
1774,-0.996981,-0.281656
1775,-0.997003,-0.274473
1776,-0.997430,-0.267302
1777,-0.998264,-0.260165
1778,-0.999558,-0.252984
1779,-1.001170,-0.245993
1780,-1.003198,-0.239105
1781,-1.005772,-0.232272
1782,-1.008642,-0.225684
1783,-1.011841,-0.219263
1784,-1.015393,-0.213023
1785,-1.019292,-0.206992
1786,-1.023618,-0.201207
1787,-1.028184,-0.195644
1788,-1.033037,-0.190271
1789,-1.038182,-0.185275
1790,-1.043613,-0.180583
1791,-1.049468,-0.176270
1792,-1.055408,-0.172255
1793,-1.061566,-0.168569
1794,-1.067988,-0.165300
1795,-1.074556,-0.162319
1796,-1.081257,-0.159720
1797,-1.088167,-0.157445
1798,-1.090427,-0.155515
1799,-1.091338,-0.155130
