0,1.935830,-1.638170
1,1.935830,-1.638170
2,1.935830,-1.638170
3,1.935830,-1.638170
4,1.935830,-1.638170
5,1.935830,-1.638170
6,1.935830,-1.638170
7,1.935830,-1.638170
8,1.935830,-1.638170
9,1.935830,-1.638170
10,1.935830,-1.638170
11,1.931402,-1.626748
12,1.924008,-1.611447
13,1.915706,-1.596615
14,1.906574,-1.582279
15,1.896641,-1.568486
16,1.885939,-1.555280
17,1.874503,-1.542705
18,1.871288,-1.539209
19,1.860117,-1.534181
20,1.844111,-1.528471
21,1.827788,-1.523732
22,1.811221,-1.519930
23,1.794464,-1.517076
24,1.789777,-1.516305
25,1.789777,-1.516305
26,1.789777,-1.516305
27,1.789777,-1.516305
28,1.789777,-1.516305
29,1.789777,-1.516305
30,1.789777,-1.516305
31,1.789777,-1.516305
32,1.789777,-1.516305
33,1.789777,-1.516305
34,1.789777,-1.516305
35,1.789777,-1.516305
36,1.789777,-1.516305
37,1.788763,-1.504098
38,1.786003,-1.487329
39,1.782239,-1.470754
40,1.777538,-1.454419
41,1.771916,-1.438379
42,1.765389,-1.422684
43,1.757981,-1.407386
44,1.749714,-1.392534
45,1.740615,-1.378177
46,1.730715,-1.364361
47,1.720044,-1.351130
48,1.708638,-1.338528
49,1.696533,-1.326595
50,1.683769,-1.315370
51,1.670387,-1.304890
52,1.656430,-1.295188
53,1.641944,-1.286296
54,1.626976,-1.278242
55,1.611573,-1.271053
56,1.595787,-1.264752
57,1.579667,-1.259360
58,1.563267,-1.254893
59,1.546640,-1.251366
60,1.529838,-1.248792
61,1.512918,-1.247177
62,1.495932,-1.246528
63,1.491185,-1.246374
64,1.491185,-1.246374
65,1.491185,-1.246374
66,1.491185,-1.246374
67,1.491185,-1.246374
68,1.491185,-1.246374
69,1.491185,-1.246374
70,1.491185,-1.246374
71,1.491185,-1.246374
72,1.491185,-1.246374
73,1.491185,-1.246374
74,1.491185,-1.246374
75,1.491185,-1.246374
76,1.488591,-1.234401
77,1.483673,-1.218135
78,1.477784,-1.202190
79,1.470998,-1.186606
80,1.463336,-1.171433
81,1.454823,-1.156721
82,1.445487,-1.142517
83,1.435358,-1.128867
84,1.424469,-1.115815
85,1.412855,-1.103405
86,1.400553,-1.091675
87,1.387605,-1.080664
88,1.374050,-1.070407
89,1.359934,-1.060939
90,1.345302,-1.052289
91,1.330202,-1.044485
92,1.314682,-1.037553
93,1.298793,-1.031515
94,1.282586,-1.026392
95,1.266114,-1.022198
96,1.249430,-1.018949
97,1.232588,-1.016654
98,1.215643,-1.015320
99,1.210906,-1.014975
100,1.210906,-1.014975
101,1.210906,-1.014975
102,1.210906,-1.014975
103,1.210906,-1.014975
104,1.210906,-1.014975
105,1.210906,-1.014975
106,1.210906,-1.014975
107,1.210906,-1.014975
108,1.210906,-1.014975
109,1.210906,-1.014975
110,1.210906,-1.014975
111,1.210906,-1.014975
112,1.208797,-1.002908
113,1.204538,-0.986456
114,1.199296,-0.970287
115,1.193143,-0.954442
116,1.186099,-0.938973
117,1.178186,-0.923930
118,1.169430,-0.909361
119,1.159859,-0.895314
120,1.149504,-0.881835
121,1.138400,-0.868966
122,1.126581,-0.856750
123,1.114086,-0.845226
124,1.100956,-0.834432
125,1.087233,-0.824402
126,1.072962,-0.815170
127,1.058188,-0.806764
128,1.042960,-0.799213
129,1.027327,-0.792540
130,1.011340,-0.786767
131,0.995050,-0.781913
132,0.978511,-0.777994
133,0.961775,-0.775022
134,0.944897,-0.773008
135,0.927932,-0.771957
136,0.910935,-0.771872
137,0.893960,-0.772755
138,0.889218,-0.773029
139,0.889218,-0.773029
140,0.889218,-0.773029
141,0.889218,-0.773029
142,0.889218,-0.773029
143,0.889218,-0.773029
144,0.889218,-0.773029
145,0.889218,-0.773029
146,0.889218,-0.773029
147,0.889218,-0.773029
148,0.889218,-0.773029
149,0.889218,-0.773029
150,0.889218,-0.773029
151,0.889218,-0.773029
152,0.881487,-0.763527
153,0.869738,-0.751248
154,0.857271,-0.739695
155,0.844166,-0.728870
156,0.830467,-0.718808
157,0.816217,-0.709542
158,0.801463,-0.701101
159,0.786253,-0.693514
160,0.770636,-0.686804
161,0.754662,-0.680994
162,0.740129,-0.677208
163,0.726255,-0.674828
164,0.709527,-0.671817
165,0.692654,-0.669763
166,0.675691,-0.668672
167,0.658694,-0.668548
168,0.641718,-0.669391
169,0.624817,-0.671198
170,0.608046,-0.673965
171,0.591459,-0.677680
172,0.586830,-0.678745
173,0.586830,-0.678745
174,0.586830,-0.678745
175,0.586830,-0.678745
176,0.586830,-0.678745
177,0.586830,-0.678745
178,0.586830,-0.678745
179,0.586830,-0.678745
180,0.586830,-0.678745
181,0.586830,-0.678745
182,0.586830,-0.678745
183,0.586830,-0.678745
184,0.586830,-0.678745
185,0.586830,-0.678745
186,0.577615,-0.670674
187,0.563975,-0.660538
188,0.549747,-0.651238
189,0.535013,-0.642763
190,0.519821,-0.635140
191,0.504219,-0.628394
192,0.499849,-0.626533
193,0.487599,-0.626555
194,0.472578,-0.628229
195,0.461237,-0.630168
196,0.449212,-0.632364
197,0.437096,-0.635222
198,0.425094,-0.638770
199,0.413293,-0.643000
200,0.401747,-0.647895
201,0.390496,-0.653440
202,0.379578,-0.659616
203,0.369028,-0.666402
204,0.358882,-0.673778
205,0.349172,-0.681719
206,0.339928,-0.690200
207,0.331176,-0.699223
208,0.322968,-0.708628
209,0.315314,-0.718541
210,0.308231,-0.728883
211,0.301745,-0.739613
212,0.295880,-0.750696
213,0.290526,-0.762528
214,0.285937,-0.774270
215,0.282034,-0.786212
216,0.278821,-0.798345
217,0.276304,-0.810638
218,0.274491,-0.823054
219,0.273386,-0.835552
220,0.272995,-0.848092
221,0.273317,-0.860635
222,0.274352,-0.873139
223,0.276097,-0.885564
224,0.278545,-0.897870
225,0.281689,-0.910016
226,0.285520,-0.921965
227,0.290023,-0.933676
228,0.295186,-0.945112
229,0.300990,-0.956236
230,0.307510,-0.967030
231,0.314408,-0.977392
232,0.321999,-0.987344
233,0.330159,-0.996860
234,0.338850,-1.005901
235,0.348043,-1.014434
236,0.358092,-1.022667
237,0.368252,-1.030138
238,0.378783,-1.036997
239,0.389677,-1.043240
240,0.400905,-1.048850
241,0.412433,-1.053813
242,0.424224,-1.058111
243,0.436241,-1.061733
244,0.448445,-1.064664
245,0.460796,-1.066897
246,0.473253,-1.068424
247,0.485778,-1.069240
248,0.498328,-1.069343
249,0.510865,-1.068731
250,0.523346,-1.067407
251,0.535732,-1.065376
252,0.547982,-1.062644
253,0.560057,-1.059219
254,0.571937,-1.055089
255,0.583503,-1.050371
256,0.594801,-1.044952
257,0.605782,-1.038893
258,0.616404,-1.032217
259,0.626954,-1.024649
260,0.636805,-1.016757
261,0.646158,-1.008353
262,0.655008,-0.999440
263,0.663333,-0.990041
264,0.671109,-0.980184
265,0.678312,-0.969902
266,0.684918,-0.959226
267,0.690907,-0.948192
268,0.696258,-0.936835
269,0.700955,-0.925192
270,0.704982,-0.913300
271,0.708326,-0.901199
272,0.710977,-0.888928
273,0.712925,-0.876525
274,0.714165,-0.864031
275,0.714692,-0.851487
276,0.714505,-0.838933
277,0.713530,-0.826353
278,0.712023,-0.813988
279,0.709712,-0.801679
280,0.706696,-0.789503
281,0.702991,-0.777514
282,0.698416,-0.765372
283,0.693332,-0.753802
284,0.687628,-0.742587
285,0.681302,-0.731729
286,0.674372,-0.721253
287,0.666857,-0.711189
288,0.658782,-0.701569
289,0.650173,-0.692424
290,0.641058,-0.683784
291,0.631467,-0.675675
292,0.621430,-0.668126
293,0.610979,-0.661159
294,0.600149,-0.654798
295,0.588975,-0.649063
296,0.577492,-0.643973
297,0.565739,-0.639544
298,0.553753,-0.635791
299,0.541572,-0.632725
300,0.529237,-0.630357
301,0.516761,-0.628711
302,0.504300,-0.627725
303,0.491762,-0.627490
304,0.479221,-0.627970
305,0.466306,-0.629249
306,0.453812,-0.631172
307,0.441501,-0.633783
308,0.429373,-0.637088
309,0.417457,-0.641077
310,0.405789,-0.645736
311,0.394405,-0.651051
312,0.383342,-0.657005
313,0.372635,-0.663579
314,0.362320,-0.670751
315,0.352429,-0.678498
316,0.342995,-0.686795
317,0.334048,-0.695615
318,0.325616,-0.704930
319,0.317729,-0.714710
320,0.310410,-0.724922
321,0.303683,-0.735534
322,0.297572,-0.746512
323,0.292094,-0.757819
324,0.287308,-0.769505
325,0.283098,-0.781235
326,0.279629,-0.793279
327,0.276851,-0.805520
328,0.274748,-0.818331
329,0.273375,-0.830902
330,0.272715,-0.843475
331,0.272773,-0.856050
332,0.273546,-0.868596
333,0.275032,-0.881076
334,0.277224,-0.893452
335,0.280118,-0.905683
336,0.283702,-0.917730
337,0.287965,-0.929553
338,0.292894,-0.941115
339,0.298473,-0.952377
340,0.304683,-0.963305
341,0.311504,-0.973861
342,0.318915,-0.984012
343,0.326892,-0.993726
344,0.335408,-1.002970
345,0.344436,-1.011715
346,0.353947,-1.019933
347,0.363910,-1.027596
348,0.374311,-1.034684
349,0.385021,-1.041163
350,0.396126,-1.047011
351,0.407944,-1.052356
352,0.419748,-1.056934
353,0.431730,-1.060824
354,0.443898,-1.064020
355,0.456222,-1.066517
356,0.468667,-1.068309
357,0.481193,-1.069390
358,0.493760,-1.069757
359,0.506328,-1.069409
360,0.518856,-1.068346
361,0.531304,-1.066572
362,0.543630,-1.064094
363,0.555795,-1.060918
364,0.567761,-1.057056
365,0.579487,-1.052519
366,0.590936,-1.047323
367,0.602072,-1.041484
368,0.612857,-1.035021
369,0.623257,-1.027955
370,0.633238,-1.020309
371,0.642769,-1.012108
372,0.651814,-1.003420
373,0.660328,-0.994217
374,0.668545,-0.984182
375,0.676021,-0.973959
376,0.682879,-0.963385
377,0.689114,-0.952452
378,0.694715,-0.941187
379,0.699665,-0.929623
380,0.703949,-0.917796
381,0.707554,-0.905745
382,0.710467,-0.893508
383,0.712680,-0.881126
384,0.714184,-0.868638
385,0.714977,-0.856084
386,0.715054,-0.843505
387,0.714415,-0.830942
388,0.713063,-0.818436
389,0.711002,-0.806027
390,0.708238,-0.793755
391,0.704781,-0.781660
392,0.700641,-0.769781
393,0.695833,-0.758157
394,0.690371,-0.746825
395,0.684231,-0.735805
396,0.677598,-0.725200
397,0.670032,-0.714670
398,0.662088,-0.704804
399,0.653643,-0.695443
400,0.644690,-0.686590
401,0.635251,-0.678265
402,0.625356,-0.670491
403,0.615034,-0.663292
404,0.604320,-0.656693
405,0.593248,-0.650713
406,0.581854,-0.645372
407,0.570174,-0.640689
408,0.558246,-0.636677
409,0.546110,-0.633350
410,0.533805,-0.630718
411,0.521369,-0.628791
412,0.508844,-0.627574
413,0.496270,-0.627071
414,0.483687,-0.627285
415,0.471137,-0.628213
416,0.458660,-0.629854
417,0.446296,-0.632202
418,0.434086,-0.635249
419,0.422065,-0.638982
420,0.409938,-0.643556
421,0.398353,-0.648680
422,0.387125,-0.654420
423,0.376256,-0.660781
424,0.365772,-0.667749
425,0.355701,-0.675300
426,0.346077,-0.683412
427,0.336929,-0.692058
428,0.328289,-0.701210
429,0.320182,-0.710839
430,0.312636,-0.720913
431,0.305676,-0.731401
432,0.299323,-0.742267
433,0.293598,-0.753478
434,0.288521,-0.764995
435,0.284106,-0.776783
436,0.280369,-0.788803
437,0.277322,-0.801016
438,0.274974,-0.813383
439,0.273333,-0.825863
440,0.272405,-0.838417
441,0.272192,-0.851003
442,0.272713,-0.863605
443,0.273969,-0.876481
444,0.275923,-0.888993
445,0.278566,-0.901326
446,0.281903,-0.913473
447,0.285925,-0.925407
448,0.290618,-0.937092
449,0.295968,-0.948490
450,0.301958,-0.959566
451,0.308569,-0.970283
452,0.315777,-0.980606
453,0.323562,-0.990504
454,0.331897,-0.999942
455,0.340755,-1.008891
456,0.350108,-1.017322
457,0.359926,-1.025208
458,0.370176,-1.032522
459,0.380825,-1.039241
460,0.391840,-1.045344
461,0.403183,-1.050811
462,0.414820,-1.055624
463,0.426711,-1.059767
464,0.438819,-1.063227
465,0.451104,-1.065993
466,0.463915,-1.068095
467,0.476484,-1.069445
468,0.489078,-1.070080
469,0.501678,-1.069996
470,0.514250,-1.069195
471,0.526756,-1.067681
472,0.539154,-1.065458
473,0.551407,-1.062533
474,0.563473,-1.058917
475,0.575314,-1.054620
476,0.586891,-1.049656
477,0.598168,-1.044042
478,0.609107,-1.037796
479,0.619673,-1.030937
480,0.629832,-1.023489
481,0.639551,-1.015475
482,0.648799,-1.006921
483,0.657545,-0.997855
484,0.665761,-0.988306
485,0.673421,-0.978305
486,0.680500,-0.967885
487,0.686975,-0.957079
488,0.692825,-0.945921
489,0.698156,-0.933985
490,0.702741,-0.922246
491,0.706608,-0.910252
492,0.709784,-0.898057
493,0.712261,-0.885702
494,0.714031,-0.873226
495,0.715089,-0.860669
496,0.715431,-0.848072
497,0.715056,-0.835476
498,0.713966,-0.822922
499,0.712163,-0.810450
500,0.709653,-0.798101
501,0.706446,-0.785914
502,0.702550,-0.773929
503,0.697979,-0.762186
504,0.692748,-0.750721
505,0.686873,-0.739572
506,0.680373,-0.728775
507,0.673269,-0.718366
508,0.665586,-0.708377
509,0.657346,-0.698841
510,0.648577,-0.689789
511,0.639308,-0.681251
512,0.629150,-0.673018
513,0.618994,-0.665550
514,0.608403,-0.658711
515,0.597440,-0.652488
516,0.586141,-0.646900
517,0.574542,-0.641963
518,0.562682,-0.637693
519,0.550598,-0.634106
520,0.538329,-0.631211
521,0.525915,-0.629018
522,0.513397,-0.627536
523,0.500814,-0.626767
524,0.488208,-0.626716
525,0.475619,-0.627381
526,0.463089,-0.628761
527,0.450657,-0.630852
528,0.438364,-0.633647
529,0.426250,-0.637136
530,0.414354,-0.641308
531,0.402714,-0.646151
532,0.391369,-0.651647
533,0.380355,-0.657780
534,0.369707,-0.664529
535,0.359125,-0.672265
536,0.349279,-0.680098
537,0.339937,-0.688557
538,0.331090,-0.697541
539,0.322768,-0.707015
540,0.314998,-0.716947
541,0.307805,-0.727305
542,0.301212,-0.738055
543,0.295242,-0.749163
544,0.289914,-0.760593
545,0.285243,-0.772307
546,0.281247,-0.784269
547,0.277937,-0.796438
548,0.275325,-0.808776
549,0.273419,-0.821242
550,0.272225,-0.833797
551,0.271747,-0.846399
552,0.271986,-0.859008
553,0.272942,-0.871584
554,0.274612,-0.884084
555,0.276990,-0.896470
556,0.280068,-0.908700
557,0.283838,-0.920735
558,0.288480,-0.932918
559,0.293658,-0.944541
560,0.299373,-0.955749
561,0.305763,-0.966616
562,0.312765,-0.977106
563,0.320353,-0.987182
564,0.328502,-0.996812
565,0.337187,-1.005962
566,0.346377,-1.014604
567,0.356044,-1.022709
568,0.366157,-1.030251
569,0.376682,-1.037206
570,0.387586,-1.043551
571,0.398833,-1.049265
572,0.410387,-1.054331
573,0.422211,-1.058732
574,0.434266,-1.062453
575,0.446513,-1.065482
576,0.458913,-1.067810
577,0.471425,-1.069429
578,0.484009,-1.070333
579,0.496624,-1.070521
580,0.509229,-1.069991
581,0.522202,-1.068657
582,0.534787,-1.066621
583,0.547081,-1.064034
584,0.559229,-1.060673
585,0.571176,-1.056619
586,0.582876,-1.051891
587,0.594289,-1.046506
588,0.605378,-1.040480
589,0.616106,-1.033832
590,0.626439,-1.026586
591,0.636343,-1.018763
592,0.645786,-1.010390
593,0.654737,-1.001493
594,0.663169,-0.992101
595,0.671052,-0.982245
596,0.678362,-0.971956
597,0.685076,-0.961269
598,0.691170,-0.950216
599,0.696626,-0.938835
600,0.701426,-0.927162
601,0.705555,-0.915235
602,0.708998,-0.903093
603,0.711745,-0.890774
604,0.713809,-0.877891
605,0.715140,-0.865254
606,0.715759,-0.852610
607,0.715665,-0.840012
608,0.714838,-0.827423
609,0.713295,-0.814896
610,0.711042,-0.802476
611,0.708087,-0.790202
612,0.704437,-0.778117
613,0.700107,-0.766259
614,0.695109,-0.754666
615,0.689460,-0.743376
616,0.683177,-0.732426
617,0.676282,-0.721851
618,0.668797,-0.711685
619,0.660746,-0.701960
620,0.652154,-0.692710
621,0.643051,-0.683963
622,0.633464,-0.675748
623,0.623426,-0.668091
624,0.612968,-0.661018
625,0.602125,-0.654551
626,0.590931,-0.648711
627,0.579018,-0.643384
628,0.567150,-0.638831
629,0.555069,-0.634979
630,0.542900,-0.631794
631,0.530526,-0.629339
632,0.518023,-0.627591
633,0.505438,-0.626556
634,0.492814,-0.626239
635,0.480192,-0.626640
636,0.467612,-0.627759
637,0.455117,-0.629591
638,0.442746,-0.632131
639,0.430539,-0.635370
640,0.418537,-0.639298
641,0.406777,-0.643903
642,0.395298,-0.649169
643,0.384137,-0.655080
644,0.373330,-0.661615
645,0.362912,-0.668755
646,0.352917,-0.676476
647,0.343377,-0.684753
648,0.334324,-0.693559
649,0.325786,-0.702866
650,0.317557,-0.713017
651,0.310091,-0.723298
652,0.303245,-0.733945
653,0.297015,-0.744909
654,0.291447,-0.756215
655,0.286526,-0.767842
656,0.282273,-0.779736
657,0.278702,-0.791854
658,0.275826,-0.804156
659,0.273654,-0.816603
660,0.272193,-0.829152
661,0.271449,-0.841765
662,0.271423,-0.854400
663,0.272115,-0.867015
664,0.273524,-0.879571
665,0.275645,-0.892027
666,0.278471,-0.904342
667,0.281993,-0.916476
668,0.286199,-0.928390
669,0.291076,-0.940046
670,0.296609,-0.951406
671,0.302778,-0.962433
672,0.309564,-0.973091
673,0.317247,-0.983669
674,0.325252,-0.993542
675,0.333771,-1.002912
676,0.342844,-1.011776
677,0.352273,-1.020094
678,0.362228,-1.027851
679,0.372619,-1.035035
680,0.383406,-1.041619
681,0.394551,-1.047580
682,0.406016,-1.052897
683,0.417766,-1.057554
684,0.429762,-1.061534
685,0.441965,-1.064827
686,0.454336,-1.067419
687,0.466834,-1.069304
688,0.479419,-1.070476
689,0.492050,-1.070929
690,0.504687,-1.070664
691,0.517289,-1.069680
692,0.529814,-1.067981
693,0.542222,-1.065572
694,0.554473,-1.062462
695,0.566528,-1.058659
696,0.578727,-1.053982
697,0.590347,-1.048793
698,0.601607,-1.042982
699,0.612504,-1.036548
700,0.623020,-1.029500
701,0.633086,-1.021915
702,0.642712,-1.013735
703,0.651862,-1.005015
704,0.660503,-0.995788
705,0.668606,-0.986083
706,0.676144,-0.975933
707,0.683092,-0.965371
708,0.689429,-0.954431
709,0.695133,-0.943147
710,0.700186,-0.931557
711,0.704572,-0.919699
712,0.708277,-0.907611
713,0.711288,-0.895331
714,0.713596,-0.882900
715,0.715193,-0.870357
716,0.716074,-0.857744
717,0.716236,-0.845101
718,0.715679,-0.832470
719,0.714314,-0.819473
720,0.712304,-0.806902
721,0.709601,-0.794519
722,0.706201,-0.782325
723,0.702077,-0.770324
724,0.697387,-0.758650
725,0.691976,-0.747239
726,0.685916,-0.736143
727,0.679233,-0.725407
728,0.671949,-0.715066
729,0.664090,-0.705157
730,0.655679,-0.695711
731,0.646744,-0.686758
732,0.637315,-0.678327
733,0.627421,-0.670446
734,0.617095,-0.663141
735,0.606371,-0.656435
736,0.595282,-0.650350
737,0.583865,-0.644905
738,0.572156,-0.640118
739,0.560195,-0.636005
740,0.548018,-0.632579
741,0.535666,-0.629851
742,0.522768,-0.627804
743,0.510089,-0.626498
744,0.497419,-0.625908
745,0.484754,-0.626040
746,0.472123,-0.626894
747,0.459551,-0.628464
748,0.447142,-0.630720
749,0.434858,-0.633705
750,0.422756,-0.637387
751,0.410880,-0.641751
752,0.399272,-0.646784
753,0.387968,-0.652469
754,0.377006,-0.658788
755,0.366421,-0.665720
756,0.356247,-0.673244
757,0.346517,-0.681333
758,0.337263,-0.689963
759,0.328515,-0.699105
760,0.320301,-0.708730
761,0.312648,-0.718807
762,0.305580,-0.729303
763,0.299120,-0.740184
764,0.293290,-0.751415
765,0.287977,-0.763350
766,0.283436,-0.775265
767,0.279589,-0.787356
768,0.276443,-0.799630
769,0.274001,-0.812057
770,0.272327,-0.824673
771,0.271232,-0.837186
772,0.270938,-0.849814
773,0.271367,-0.862458
774,0.272514,-0.875062
775,0.274377,-0.887583
776,0.276948,-0.899978
777,0.280220,-0.912207
778,0.284182,-0.924230
779,0.288822,-0.936008
780,0.294125,-0.947503
781,0.300072,-0.958678
782,0.306646,-0.969498
783,0.313824,-0.979925
784,0.321584,-0.989928
785,0.329900,-0.999473
786,0.338746,-1.008530
787,0.348092,-1.017069
788,0.358252,-1.025290
789,0.368594,-1.032760
790,0.379285,-1.039605
791,0.390333,-1.045820
792,0.401712,-1.051393
793,0.413388,-1.056310
794,0.425368,-1.060541
795,0.437444,-1.064126
796,0.449763,-1.066981
797,0.462238,-1.069131
798,0.474819,-1.070569
799,0.487463,-1.071289
800,0.500128,-1.071289
801,0.512772,-1.070568
802,0.525355,-1.069130
803,0.537836,-1.066978
804,0.550174,-1.064120
805,0.562330,-1.060565
806,0.574264,-1.056324
807,0.585938,-1.051411
808,0.597314,-1.045842
809,0.608354,-1.039635
810,0.619024,-1.032810
811,0.629597,-1.025117
812,0.639491,-1.017054
813,0.648870,-1.008492
814,0.657734,-0.999422
815,0.666063,-0.989866
816,0.673834,-0.979853
817,0.681023,-0.969414
818,0.687613,-0.958574
819,0.693565,-0.947435
820,0.698866,-0.935941
821,0.703508,-0.924156
822,0.707474,-0.912124
823,0.710748,-0.899885
824,0.713322,-0.887480
825,0.715186,-0.874948
826,0.716334,-0.862331
827,0.716762,-0.849668
828,0.716470,-0.837001
829,0.715457,-0.824372
830,0.713728,-0.811820
831,0.711288,-0.799387
832,0.708145,-0.787113
833,0.704309,-0.775037
834,0.699607,-0.762831
835,0.694375,-0.751185
836,0.688525,-0.739906
837,0.682052,-0.728996
838,0.674972,-0.718476
839,0.667305,-0.708376
840,0.659076,-0.698730
841,0.650313,-0.689567
842,0.641086,-0.680921
843,0.631367,-0.672835
844,0.621182,-0.665305
845,0.610580,-0.658362
846,0.599599,-0.652032
847,0.588275,-0.646337
848,0.576645,-0.641295
849,0.564747,-0.636923
850,0.552619,-0.633234
851,0.540302,-0.630241
852,0.527834,-0.627953
853,0.515256,-0.626378
854,0.502608,-0.625521
855,0.489932,-0.625385
856,0.477269,-0.625970
857,0.464242,-0.627365
858,0.451644,-0.629406
859,0.439235,-0.632142
860,0.427017,-0.635576
861,0.415019,-0.639699
862,0.403275,-0.644497
863,0.391825,-0.649955
864,0.380703,-0.656056
865,0.369928,-0.662842
866,0.359602,-0.670063
867,0.349700,-0.677948
868,0.340252,-0.686397
869,0.331296,-0.695372
870,0.322863,-0.704843
871,0.314983,-0.714779
872,0.307680,-0.725147
873,0.300979,-0.735914
874,0.294901,-0.747045
875,0.289466,-0.758503
876,0.284691,-0.770252
877,0.280592,-0.782253
878,0.277183,-0.794469
879,0.274473,-0.806858
880,0.272448,-0.819793
881,0.271165,-0.832508
882,0.270600,-0.845212
883,0.270759,-0.857910
884,0.271641,-0.870572
885,0.273241,-0.883162
886,0.275555,-0.895641
887,0.278575,-0.907968
888,0.282291,-0.920103
889,0.286702,-0.932022
890,0.291729,-0.943619
891,0.297446,-0.954928
892,0.303803,-0.965903
893,0.310776,-0.976501
894,0.318340,-0.986686
895,0.326472,-0.996424
896,0.335144,-1.005685
897,0.344329,-1.014437
898,0.353997,-1.022653
899,0.364117,-1.030305
900,0.374656,-1.037370
901,0.385579,-1.043824
902,0.396852,-1.049646
903,0.408828,-1.054951
904,0.420785,-1.059477
905,0.432916,-1.063309
906,0.445229,-1.066438
907,0.457694,-1.068860
908,0.470276,-1.070569
909,0.482935,-1.071560
910,0.495628,-1.071829
911,0.508317,-1.071376
912,0.520960,-1.070202
913,0.533519,-1.068318
914,0.545918,-1.065728
915,0.558164,-1.062424
916,0.570207,-1.058427
917,0.582004,-1.053751
918,0.593517,-1.048412
919,0.604708,-1.042426
920,0.615540,-1.035814
921,0.625979,-1.028596
922,0.635990,-1.020796
923,0.645541,-1.012439
924,0.654602,-1.003553
925,0.663143,-0.994165
926,0.671366,-0.983965
927,0.678832,-0.973582
928,0.685671,-0.962849
929,0.691878,-0.951761
930,0.697442,-0.940342
931,0.702347,-0.928626
932,0.706578,-0.916650
933,0.710120,-0.904454
934,0.712963,-0.892076
935,0.715097,-0.879555
936,0.716513,-0.866916
937,0.717234,-0.854289
938,0.717208,-0.841606
939,0.716459,-0.828936
940,0.714991,-0.816326
941,0.712808,-0.803819
942,0.709918,-0.791456
943,0.706329,-0.779278
944,0.702052,-0.767323
945,0.697103,-0.755630
946,0.691497,-0.744238
947,0.685252,-0.733183
948,0.678388,-0.722501
949,0.670654,-0.711918
950,0.662551,-0.702017
951,0.653948,-0.692632
952,0.644837,-0.683766
953,0.635240,-0.675436
954,0.625186,-0.667666
955,0.614707,-0.660481
956,0.603836,-0.653903
957,0.592608,-0.647955
958,0.581060,-0.642655
959,0.569230,-0.638020
960,0.557155,-0.634056
961,0.544906,-0.630797
962,0.532472,-0.628244
963,0.519909,-0.626402
964,0.507259,-0.625278
965,0.494566,-0.624874
966,0.481870,-0.625194
967,0.469212,-0.626234
968,0.456634,-0.627993
969,0.444177,-0.630465
970,0.431880,-0.633641
971,0.419783,-0.637511
972,0.407548,-0.642261
973,0.395893,-0.647522
974,0.384604,-0.653407
975,0.373682,-0.659917
976,0.363152,-0.667036
977,0.353045,-0.674742
978,0.343393,-0.683009
979,0.334227,-0.691813
980,0.325576,-0.701123
981,0.317468,-0.710911
982,0.309931,-0.721144
983,0.302989,-0.731833
984,0.296657,-0.742769
985,0.290980,-0.754114
986,0.285952,-0.765776
987,0.281595,-0.777709
988,0.277923,-0.789872
989,0.274948,-0.802225
990,0.272681,-0.814727
991,0.271128,-0.827337
992,0.270295,-0.840016
993,0.270185,-0.852722
994,0.270797,-0.865413
995,0.272213,-0.878452
996,0.274290,-0.891086
997,0.277058,-0.903522
998,0.280526,-0.915763
999,0.284683,-0.927781
1000,0.289517,-0.939542
1001,0.295012,-0.951009
1002,0.301149,-0.962144
1003,0.307911,-0.972913
1004,0.315274,-0.983280
1005,0.323214,-0.993211
1006,0.331707,-1.002674
1007,0.340730,-1.011648
1008,0.350197,-1.020069
1009,0.360163,-1.027940
1010,0.370567,-1.035235
1011,0.381371,-1.041929
1012,0.392539,-1.047998
1013,0.404035,-1.053422
1014,0.415821,-1.058183
1015,0.427858,-1.062267
1016,0.440108,-1.065659
1017,0.452531,-1.068349
1018,0.465498,-1.070353
1019,0.478245,-1.071613
1020,0.490979,-1.072153
1021,0.503705,-1.071967
1022,0.516395,-1.071058
1023,0.529010,-1.069428
1024,0.541512,-1.067083
1025,0.553861,-1.064031
1026,0.566016,-1.060281
1027,0.577938,-1.055847
1028,0.589589,-1.050741
1029,0.600931,-1.044981
1030,0.611950,-1.038497
1031,0.622527,-1.031616
1032,0.632700,-1.024031
1033,0.642439,-1.015864
1034,0.651702,-1.007153
1035,0.660455,-0.997929
1036,0.668670,-0.988221
1037,0.676320,-0.978061
1038,0.683380,-0.967483
1039,0.689827,-0.956520
1040,0.695640,-0.945208
1041,0.700930,-0.933193
1042,0.705444,-0.921199
1043,0.709259,-0.909031
1044,0.712371,-0.896683
1045,0.714773,-0.884183
1046,0.716460,-0.871567
1047,0.717427,-0.858877
1048,0.717671,-0.846153
1049,0.717190,-0.833435
1050,0.715987,-0.820765
1051,0.714065,-0.808184
1052,0.711431,-0.795732
1053,0.708093,-0.783450
1054,0.704003,-0.771348
1055,0.699387,-0.759577
1056,0.694020,-0.748065
1057,0.687998,-0.736864
1058,0.681347,-0.726019
1059,0.674089,-0.715569
1060,0.666248,-0.705548
1061,0.657850,-0.695989
1062,0.648921,-0.686923
1063,0.639491,-0.678380
1064,0.629247,-0.670159
1065,0.618823,-0.662695
1066,0.608048,-0.655860
1067,0.596918,-0.649660
1068,0.585458,-0.644105
1069,0.573702,-0.639212
1070,0.561686,-0.634996
1071,0.549451,-0.631470
1072,0.537034,-0.628645
1073,0.524477,-0.626532
1074,0.511821,-0.625135
1075,0.499105,-0.624461
1076,0.486371,-0.624512
1077,0.473660,-0.625286
1078,0.460997,-0.626788
1079,0.448505,-0.628968
1080,0.436129,-0.631889
1081,0.423930,-0.635512
1082,0.411954,-0.639824
1083,0.400242,-0.644810
1084,0.388831,-0.650455
1085,0.377761,-0.656740
1086,0.367065,-0.663644
1087,0.356472,-0.671419
1088,0.346562,-0.679564
1089,0.337170,-0.688209
1090,0.328300,-0.697362
1091,0.319968,-0.707001
1092,0.312199,-0.717098
1093,0.305017,-0.727619
1094,0.298445,-0.738533
1095,0.292505,-0.749802
1096,0.287214,-0.761391
1097,0.282592,-0.773262
1098,0.278652,-0.785377
1099,0.275408,-0.797697
1100,0.272870,-0.810181
1101,0.271045,-0.822789
1102,0.269932,-0.835482
1103,0.269547,-0.848186
1104,0.269893,-0.860908
1105,0.270963,-0.873595
1106,0.272753,-0.886202
1107,0.275257,-0.898686
1108,0.278467,-0.911009
1109,0.282373,-0.923129
1110,0.287161,-0.935386
1111,0.292460,-0.947060
1112,0.298384,-0.958367
1113,0.304934,-0.969304
1114,0.312093,-0.979847
1115,0.319840,-0.989964
1116,0.328150,-0.999624
1117,0.336996,-1.008796
1118,0.346349,-1.017450
1119,0.356179,-1.025558
1120,0.366455,-1.033094
1121,0.377142,-1.040034
1122,0.388207,-1.046354
1123,0.399614,-1.052035
1124,0.411325,-1.057058
1125,0.423363,-1.061380
1126,0.435469,-1.065082
1127,0.447838,-1.068035
1128,0.460372,-1.070280
1129,0.473017,-1.071810
1130,0.485731,-1.072618
1131,0.498471,-1.072702
1132,0.511195,-1.072062
1133,0.524265,-1.070615
1134,0.536928,-1.068507
1135,0.549391,-1.065704
1136,0.561658,-1.062202
1137,0.573699,-1.058008
1138,0.585481,-1.053137
1139,0.596967,-1.047604
1140,0.608120,-1.041426
1141,0.618903,-1.034624
1142,0.629282,-1.027219
1143,0.639223,-1.019237
1144,0.648694,-1.010702
1145,0.657664,-1.001642
1146,0.666104,-0.992086
1147,0.673988,-0.982066
1148,0.681288,-0.971613
1149,0.687981,-0.960718
1150,0.694054,-0.949590
1151,0.699462,-0.938069
1152,0.704209,-0.926246
1153,0.708278,-0.914168
1154,0.711653,-0.901878
1155,0.714324,-0.889415
1156,0.716307,-0.876408
1157,0.717543,-0.863624
1158,0.718058,-0.850854
1159,0.717845,-0.838093
1160,0.716906,-0.825370
1161,0.715245,-0.812723
1162,0.712867,-0.800191
1163,0.709781,-0.787815
1164,0.705995,-0.775634
1165,0.701523,-0.763688
1166,0.696378,-0.752015
1167,0.690578,-0.740655
1168,0.684142,-0.729642
1169,0.677089,-0.719013
1170,0.669443,-0.708802
1171,0.661228,-0.699043
1172,0.652472,-0.689767
1173,0.643196,-0.680994
1174,0.633489,-0.672788
1175,0.623295,-0.665146
1176,0.612676,-0.658092
1177,0.601671,-0.651651
1178,0.590317,-0.645847
1179,0.578261,-0.640568
1180,0.566226,-0.636067
1181,0.554017,-0.632267
1182,0.541629,-0.629173
1183,0.529091,-0.626791
1184,0.516438,-0.625125
1185,0.503712,-0.624183
1186,0.490953,-0.623965
1187,0.478202,-0.624473
1188,0.465500,-0.625706
1189,0.452890,-0.627660
1190,0.440410,-0.630327
1191,0.428102,-0.633700
1192,0.416007,-0.637768
1193,0.404162,-0.642516
1194,0.392605,-0.647932
1195,0.381376,-0.653995
1196,0.370510,-0.660688
1197,0.360053,-0.667944
1198,0.350045,-0.675804
1199,0.340485,-0.684240
1200,0.331415,-0.693210
1201,0.322869,-0.702683
1202,0.314646,-0.712987
1203,0.307187,-0.723444
1204,0.300358,-0.734259
1205,0.294165,-0.745431
1206,0.288620,-0.756933
1207,0.283739,-0.768731
1208,0.279536,-0.780787
1209,0.276027,-0.793063
1210,0.273221,-0.805518
1211,0.271127,-0.818114
1212,0.269754,-0.830807
1213,0.269105,-0.843559
1214,0.269182,-0.856327
1215,0.269985,-0.869070
1216,0.271512,-0.881746
1217,0.273757,-0.894316
1218,0.276714,-0.906737
1219,0.280372,-0.918971
1220,0.284801,-0.931015
1221,0.289705,-0.942695
1222,0.295376,-0.954101
1223,0.301698,-0.965182
1224,0.308642,-0.975890
1225,0.316474,-0.986503
1226,0.324653,-0.996416
1227,0.333339,-1.005813
1228,0.342536,-1.014688
1229,0.352219,-1.023022
1230,0.362360,-1.030791
1231,0.372926,-1.037970
1232,0.383883,-1.044537
1233,0.395196,-1.050470
1234,0.406828,-1.055751
1235,0.418741,-1.060361
1236,0.430898,-1.064286
1237,0.443258,-1.067513
1238,0.455782,-1.070032
1239,0.468429,-1.071835
1240,0.481159,-1.072915
1241,0.493929,-1.073270
1242,0.506698,-1.072898
1243,0.519426,-1.071800
1244,0.532112,-1.069930
1245,0.544565,-1.067477
1246,0.556895,-1.064238
1247,0.569036,-1.060296
1248,0.581318,-1.055471
1249,0.593014,-1.050131
1250,0.604342,-1.044165
1251,0.615298,-1.037571
1252,0.625857,-1.030368
1253,0.635988,-1.022576
1254,0.645660,-1.014221
1255,0.654840,-1.005329
1256,0.663500,-0.995929
1257,0.671612,-0.986052
1258,0.679148,-0.975730
1259,0.686086,-0.964995
1260,0.692402,-0.953883
1261,0.698075,-0.942430
1262,0.703088,-0.930673
1263,0.707424,-0.918649
1264,0.711070,-0.906398
1265,0.714012,-0.893960
1266,0.716243,-0.881374
1267,0.717754,-0.868682
1268,0.718539,-0.855907
1269,0.718622,-0.843178
1270,0.717954,-0.830431
1271,0.716458,-0.817305
1272,0.714325,-0.804631
1273,0.711489,-0.792144
1274,0.707951,-0.779852
1275,0.703720,-0.767784
1276,0.698809,-0.755979
1277,0.693236,-0.744472
1278,0.687017,-0.733300
1279,0.680172,-0.722501
1280,0.672725,-0.712107
1281,0.664698,-0.702155
1282,0.656118,-0.692674
1283,0.647012,-0.683697
1284,0.637411,-0.675253
1285,0.627345,-0.667368
1286,0.616847,-0.660068
1287,0.605951,-0.653377
1288,0.594691,-0.647317
1289,0.583105,-0.641907
1290,0.571230,-0.637165
1291,0.559104,-0.633105
1292,0.546768,-0.629732
1293,0.534290,-0.627077
1294,0.521223,-0.625127
1295,0.508426,-0.623912
1296,0.495627,-0.623423
1297,0.482835,-0.623664
1298,0.470081,-0.624632
1299,0.457403,-0.626324
1300,0.444843,-0.628734
1301,0.432440,-0.631855
1302,0.420235,-0.635676
1303,0.408266,-0.640186
1304,0.396574,-0.645368
1305,0.385195,-0.651208
1306,0.374166,-0.657685
1307,0.363524,-0.664779
1308,0.353302,-0.672467
1309,0.343533,-0.680724
1310,0.334251,-0.689523
1311,0.325483,-0.698835
1312,0.317260,-0.708632
1313,0.309607,-0.718880
1314,0.302549,-0.729548
1315,0.296107,-0.740643
1316,0.290300,-0.751958
1317,0.285040,-0.764056
1318,0.280555,-0.776117
1319,0.276772,-0.788363
1320,0.273697,-0.800790
1321,0.271334,-0.813367
1322,0.269691,-0.826058
1323,0.268773,-0.838821
1324,0.268581,-0.851616
1325,0.269118,-0.864401
1326,0.270381,-0.877135
1327,0.272367,-0.889776
1328,0.275068,-0.902285
1329,0.278476,-0.914619
1330,0.282580,-0.926740
1331,0.287367,-0.938607
1332,0.292822,-0.950184
1333,0.298925,-0.961431
1334,0.305659,-0.972314
1335,0.313001,-0.982795
1336,0.320928,-0.992843
1337,0.329412,-1.002423
1338,0.338429,-1.011505
1339,0.347973,-1.020070
1340,0.358238,-1.028281
1341,0.368737,-1.035732
1342,0.379595,-1.042555
1343,0.390810,-1.048741
1344,0.402355,-1.054278
1345,0.414196,-1.059147
1346,0.426294,-1.063336
1347,0.438611,-1.066830
1348,0.451106,-1.069617
1349,0.463740,-1.071689
1350,0.476471,-1.073040
1351,0.489259,-1.073664
1352,0.502062,-1.073559
1353,0.514838,-1.072727
1354,0.527546,-1.071169
1355,0.540145,-1.068892
1356,0.552595,-1.065901
1357,0.564854,-1.062207
1358,0.576883,-1.057821
1359,0.588644,-1.052759
1360,0.600097,-1.047036
1361,0.611207,-1.040670
1362,0.621937,-1.033683
1363,0.632641,-1.025769
1364,0.642563,-1.017620
1365,0.651955,-1.008901
1366,0.660830,-0.999666
1367,0.669163,-0.989942
1368,0.676930,-0.979761
1369,0.684104,-0.969154
1370,0.690664,-0.958156
1371,0.696588,-0.946803
1372,0.701856,-0.935131
1373,0.706452,-0.923179
1374,0.710361,-0.910984
1375,0.713570,-0.898586
1376,0.716068,-0.886027
1377,0.717849,-0.873344
1378,0.718905,-0.860582
1379,0.719233,-0.847779
1380,0.718833,-0.834979
1381,0.717705,-0.822222
1382,0.715854,-0.809549
1383,0.713285,-0.797003
1384,0.710007,-0.784623
1385,0.706029,-0.772449
1386,0.701366,-0.760521
1387,0.696040,-0.748872
1388,0.690071,-0.737575
1389,0.683453,-0.726625
1390,0.676221,-0.716065
1391,0.668078,-0.705556
1392,0.659660,-0.695849
1393,0.650720,-0.686656
1394,0.641278,-0.677993
1395,0.631360,-0.669883
1396,0.620997,-0.662350
1397,0.610223,-0.655419
1398,0.599072,-0.649112
1399,0.587580,-0.643449
1400,0.575784,-0.638449
1401,0.563723,-0.634128
1402,0.551436,-0.630500
1403,0.538962,-0.627577
1404,0.526342,-0.625367
1405,0.513617,-0.623880
1406,0.500827,-0.623118
1407,0.488015,-0.623085
1408,0.475221,-0.623781
1409,0.462488,-0.625203
1410,0.449824,-0.627376
1411,0.437395,-0.630174
1412,0.425111,-0.633734
1413,0.412693,-0.638139
1414,0.400768,-0.643148
1415,0.389213,-0.648773
1416,0.378017,-0.655035
1417,0.367202,-0.661921
1418,0.356798,-0.669410
1419,0.346837,-0.677479
1420,0.337351,-0.686101
1421,0.328370,-0.695248
1422,0.319925,-0.704892
1423,0.312041,-0.715000
1424,0.304746,-0.725541
1425,0.298061,-0.736479
1426,0.292009,-0.747780
1427,0.286610,-0.759407
1428,0.281881,-0.771322
1429,0.277837,-0.783488
1430,0.274492,-0.795863
1431,0.271855,-0.808409
1432,0.269937,-0.821085
1433,0.268743,-0.833849
1434,0.268285,-0.846688
1435,0.268515,-0.859444
1436,0.269568,-0.872595
1437,0.271319,-0.885398
1438,0.273766,-0.898016
1439,0.276923,-0.910454
1440,0.280782,-0.922688
1441,0.285330,-0.934681
1442,0.290552,-0.946395
1443,0.296432,-0.957793
1444,0.302952,-0.968839
1445,0.310088,-0.979496
1446,0.317819,-0.989729
1447,0.326120,-0.999507
1448,0.334964,-1.008797
1449,0.344322,-1.017568
1450,0.354163,-1.025794
1451,0.364457,-1.033446
1452,0.375169,-1.040501
1453,0.386265,-1.046934
1454,0.397709,-1.052727
1455,0.409465,-1.057859
1456,0.421493,-1.062314
1457,0.433755,-1.066078
1458,0.446221,-1.069145
1459,0.459194,-1.071537
1460,0.471999,-1.073159
1461,0.484821,-1.074056
1462,0.497658,-1.074221
1463,0.510479,-1.073655
1464,0.523245,-1.072361
1465,0.535917,-1.070343
1466,0.548454,-1.067608
1467,0.560815,-1.064164
1468,0.572960,-1.060023
1469,0.584849,-1.055197
1470,0.596446,-1.049703
1471,0.607711,-1.043558
1472,0.618608,-1.036783
1473,0.629103,-1.029398
1474,0.639161,-1.021429
1475,0.648749,-1.012900
1476,0.657836,-1.003840
1477,0.666394,-0.994277
1478,0.674394,-0.984243
1479,0.681811,-0.973770
1480,0.688620,-0.962893
1481,0.694799,-0.951645
1482,0.700465,-0.939648
1483,0.705342,-0.927730
1484,0.709520,-0.915582
1485,0.712997,-0.903225
1486,0.715766,-0.890692
1487,0.717816,-0.878022
1488,0.719143,-0.865257
1489,0.719741,-0.852437
1490,0.719610,-0.839603
1491,0.718749,-0.826798
1492,0.717160,-0.814062
1493,0.714850,-0.801437
1494,0.711826,-0.788964
1495,0.708097,-0.776683
1496,0.703675,-0.764633
1497,0.698575,-0.752855
1498,0.692814,-0.741385
1499,0.686410,-0.730262
1500,0.679383,-0.719521
1501,0.671757,-0.709197
1502,0.663556,-0.699323
1503,0.654806,-0.689932
1504,0.645536,-0.681054
1505,0.635368,-0.672461
1506,0.625170,-0.664662
1507,0.614520,-0.657488
1508,0.603479,-0.650933
1509,0.592082,-0.645017
1510,0.580367,-0.639759
1511,0.568372,-0.635175
1512,0.556136,-0.631281
1513,0.543698,-0.628090
1514,0.531098,-0.625610
1515,0.518378,-0.623852
1516,0.505578,-0.622820
1517,0.492740,-0.622517
1518,0.479906,-0.622945
1519,0.467117,-0.624103
1520,0.454413,-0.625986
1521,0.441838,-0.628588
1522,0.429431,-0.631901
1523,0.417232,-0.635915
1524,0.405281,-0.640616
1525,0.393617,-0.645990
1526,0.382277,-0.652018
1527,0.371299,-0.658681
1528,0.360387,-0.666251
1529,0.350172,-0.674163
1530,0.340487,-0.682585
1531,0.331299,-0.691558
1532,0.322636,-0.701041
1533,0.314526,-0.711001
1534,0.306995,-0.721407
1535,0.300068,-0.732224
1536,0.293768,-0.743418
1537,0.288114,-0.754952
1538,0.283126,-0.766789
1539,0.278819,-0.778891
1540,0.275207,-0.791218
1541,0.272302,-0.803732
1542,0.270113,-0.816390
1543,0.268648,-0.829152
1544,0.267911,-0.841976
1545,0.267904,-0.854822
1546,0.268629,-0.867648
1547,0.270081,-0.880412
1548,0.272258,-0.893073
1549,0.275150,-0.905590
1550,0.278751,-0.917922
1551,0.283232,-0.930414
1552,0.288284,-0.942360
1553,0.293870,-0.953882
1554,0.300160,-0.965073
1555,0.307084,-0.975896
1556,0.314613,-0.986309
1557,0.322723,-0.996279
1558,0.331386,-1.005771
1559,0.340576,-1.014756
1560,0.350262,-1.023203
1561,0.360413,-1.031086
1562,0.370996,-1.038378
1563,0.381977,-1.045058
1564,0.393320,-1.051101
1565,0.404988,-1.056490
1566,0.416944,-1.061207
1567,0.429149,-1.065236
1568,0.441564,-1.068564
1569,0.454147,-1.071181
1570,0.466860,-1.073078
1571,0.479660,-1.074248
1572,0.492505,-1.074689
1573,0.505355,-1.074399
1574,0.518600,-1.073289
1575,0.531409,-1.071525
1576,0.544075,-1.069034
1577,0.556487,-1.065891
1578,0.568727,-1.062003
1579,0.580736,-1.057420
1580,0.592467,-1.052161
1581,0.603881,-1.046242
1582,0.614941,-1.039684
1583,0.625610,-1.032507
1584,0.635853,-1.024735
1585,0.645638,-1.016393
1586,0.654933,-1.007508
1587,0.663707,-0.998108
1588,0.671933,-0.988224
1589,0.679583,-0.977889
1590,0.686633,-0.967135
1591,0.693060,-0.955997
1592,0.698844,-0.944512
1593,0.703964,-0.932716
1594,0.708406,-0.920648
1595,0.712154,-0.908347
1596,0.715196,-0.895853
1597,0.717554,-0.882779
1598,0.719161,-0.869934
1599,0.720036,-0.857073
1600,0.720182,-0.844188
1601,0.719609,-0.831377
1602,0.718286,-0.818593
1603,0.716237,-0.805897
1604,0.713469,-0.793336
1605,0.709991,-0.780951
1606,0.705814,-0.768785
1607,0.700951,-0.756875
1608,0.695419,-0.745261
1609,0.689236,-0.733980
1610,0.682420,-0.723070
1611,0.674995,-0.712564
1612,0.666985,-0.702498
1613,0.658415,-0.692903
1614,0.649313,-0.683811
1615,0.639709,-0.675252
1616,0.629633,-0.667253
1617,0.619118,-0.659839
1618,0.608199,-0.653036
1619,0.596910,-0.646865
1620,0.584885,-0.641205
1621,0.572886,-0.636331
1622,0.560684,-0.632159
1623,0.548278,-0.628693
1624,0.535740,-0.625917
1625,0.523063,-0.623890
1626,0.510268,-0.622588
1627,0.497412,-0.622015
1628,0.484542,-0.622175
1629,0.471702,-0.623066
1630,0.458933,-0.624685
1631,0.446276,-0.627029
1632,0.433773,-0.630089
1633,0.421465,-0.633854
1634,0.409390,-0.638314
1635,0.397588,-0.643454
1636,0.386098,-0.649256
1637,0.374956,-0.655702
1638,0.364199,-0.662772
1639,0.353861,-0.670442
1640,0.343977,-0.678688
1641,0.334577,-0.687483
1642,0.325692,-0.696799
1643,0.317110,-0.706973
1644,0.309299,-0.717301
1645,0.302113,-0.728014
1646,0.295555,-0.739107
1647,0.289642,-0.750552
1648,0.284373,-0.762272
1649,0.279811,-0.774279
1650,0.275935,-0.786551
1651,0.272762,-0.799030
1652,0.270302,-0.811671
1653,0.268566,-0.824432
1654,0.267558,-0.837272
1655,0.267282,-0.850148
1656,0.267739,-0.863020
1657,0.268927,-0.875844
1658,0.270842,-0.888581
1659,0.273479,-0.901188
1660,0.276829,-0.913625
1661,0.280881,-0.925851
1662,0.285621,-0.937827
1663,0.291035,-0.949514
1664,0.297105,-0.960874
1665,0.303812,-0.971871
1666,0.311426,-0.982798
1667,0.319389,-0.993018
1668,0.327886,-1.002735
1669,0.336913,-1.011943
1670,0.346446,-1.020619
1671,0.356457,-1.028738
1672,0.366912,-1.036284
1673,0.377740,-1.043201
1674,0.388973,-1.049492
1675,0.400551,-1.055136
1676,0.412434,-1.060114
1677,0.424582,-1.064408
1678,0.436954,-1.068004
1679,0.449512,-1.070891
1680,0.462212,-1.073060
1681,0.475016,-1.074502
1682,0.487881,-1.075214
1683,0.500766,-1.075192
1684,0.513629,-1.074438
1685,0.526429,-1.072954
1686,0.539123,-1.070744
1687,0.551672,-1.067816
1688,0.564033,-1.064178
1689,0.576553,-1.059657
1690,0.588497,-1.054598
1691,0.600088,-1.048898
1692,0.611321,-1.042555
1693,0.622171,-1.035586
1694,0.632607,-1.028010
1695,0.642594,-1.019854
1696,0.652098,-1.011189
1697,0.661069,-1.001978
1698,0.669514,-0.992250
1699,0.677398,-0.982053
1700,0.684690,-0.971422
1701,0.691366,-0.960393
1702,0.697404,-0.949002
1703,0.702784,-0.937286
1704,0.707490,-0.925283
1705,0.711505,-0.913031
1706,0.714817,-0.900571
1707,0.717415,-0.887942
1708,0.719290,-0.875186
1709,0.720437,-0.862344
1710,0.720852,-0.849457
1711,0.720533,-0.836568
1712,0.719391,-0.823285
1713,0.717594,-0.810441
1714,0.715083,-0.797766
1715,0.711857,-0.785269
1716,0.707926,-0.772979
1717,0.703303,-0.760933
1718,0.698002,-0.749171
1719,0.692041,-0.737729
1720,0.685447,-0.726636
1721,0.678246,-0.715967
1722,0.670433,-0.705716
1723,0.662046,-0.695922
1724,0.653115,-0.686619
1725,0.643669,-0.677839
1726,0.633739,-0.669610
1727,0.623356,-0.661959
1728,0.612555,-0.654911
1729,0.601370,-0.648488
1730,0.589838,-0.642712
1731,0.577997,-0.637602
1732,0.565883,-0.633173
1733,0.553538,-0.629440
1734,0.541000,-0.626415
1735,0.527869,-0.624084
1736,0.514993,-0.622499
1737,0.502095,-0.621649
1738,0.489184,-0.621534
1739,0.476291,-0.622155
1740,0.463456,-0.623508
1741,0.450718,-0.625588
1742,0.438120,-0.628390
1743,0.425653,-0.631978
1744,0.413525,-0.636080
1745,0.401614,-0.640970
1746,0.389984,-0.646541
1747,0.378684,-0.652768
1748,0.367755,-0.659627
1749,0.357233,-0.667097
1750,0.347153,-0.675154
1751,0.337547,-0.683771
1752,0.328447,-0.692921
1753,0.319882,-0.702574
1754,0.311880,-0.712698
1755,0.304466,-0.723261
1756,0.297665,-0.734228
1757,0.291499,-0.745565
1758,0.285849,-0.757638
1759,0.280985,-0.769684
1760,0.276826,-0.781934
1761,0.273377,-0.794385
1762,0.270642,-0.807008
1763,0.268630,-0.819764
1764,0.267347,-0.832615
1765,0.266797,-0.845517
1766,0.266982,-0.858429
1767,0.267900,-0.871311
1768,0.269515,-0.884090
1769,0.271885,-0.896749
1770,0.274979,-0.909274
1771,0.278783,-0.921611
1772,0.283282,-0.933713
1773,0.288463,-0.945540
1774,0.294308,-0.957053
1775,0.300799,-0.968216
1776,0.307914,-0.978992
1777,0.315631,-0.989345
1778,0.323924,-0.999243
1779,0.332767,-1.008654
1780,0.342131,-1.017546
1781,0.352339,-1.026130
1782,0.362726,-1.033947
1783,0.373491,-1.041135
1784,0.384634,-1.047689
1785,0.396128,-1.053597
1786,0.407939,-1.058841
1787,0.420028,-1.063405
1788,0.432357,-1.067273
1789,0.444887,-1.070434
1790,0.457576,-1.072877
1791,0.470384,-1.074595
1792,0.483270,-1.075592
1793,0.496154,-1.075850
1794,0.509054,-1.075365
1795,0.521911,-1.074146
1796,0.534680,-1.072197
1797,0.547318,-1.069526
1798,0.559785,-1.066139
1799,0.572038,-1.062050
