0,0.391404,-1.400080
1,0.379247,-1.401588
2,0.362493,-1.404455
3,0.345927,-1.408262
4,0.329605,-1.413005
5,0.313578,-1.418669
6,0.297901,-1.425235
7,0.282622,-1.432683
8,0.278364,-1.434789
9,0.278364,-1.434789
10,0.278364,-1.434789
11,0.278364,-1.434789
12,0.278364,-1.434789
13,0.278364,-1.434789
14,0.278364,-1.434789
15,0.290614,-1.434802
16,0.307555,-1.433459
17,0.324387,-1.431099
18,0.341059,-1.427785
19,0.345712,-1.426832
20,0.355780,-1.419854
21,0.368926,-1.409084
22,0.381403,-1.397541
23,0.393204,-1.385308
24,0.404289,-1.372422
25,0.414623,-1.358927
26,0.424172,-1.344865
27,0.432906,-1.330284
28,0.440797,-1.315228
29,0.447818,-1.299748
30,0.453946,-1.283894
31,0.459163,-1.267717
32,0.460595,-1.263188
33,0.459398,-1.250997
34,0.456386,-1.234272
35,0.452373,-1.217755
36,0.447427,-1.201493
37,0.446019,-1.196957
38,0.438079,-1.187628
39,0.426063,-1.175611
40,0.413343,-1.164336
41,0.400002,-1.153803
42,0.386084,-1.144047
43,0.371633,-1.135097
44,0.356696,-1.126985
45,0.341322,-1.119735
46,0.325561,-1.113372
47,0.309463,-1.107916
48,0.293080,-1.103385
49,0.288495,-1.102145
50,0.276365,-1.103855
51,0.259782,-1.107568
52,0.243448,-1.112273
53,0.227409,-1.117899
54,0.211716,-1.124429
55,0.207340,-1.126278
56,0.207340,-1.126278
57,0.207340,-1.126278
58,0.207340,-1.126278
59,0.207340,-1.126278
60,0.207340,-1.126278
61,0.207340,-1.126278
62,0.219568,-1.127017
63,0.236559,-1.126680
64,0.253502,-1.125321
65,0.258234,-1.124914
66,0.258234,-1.124914
67,0.266139,-1.115556
68,0.276029,-1.101736
69,0.285072,-1.087344
70,0.293281,-1.072460
71,0.300631,-1.057134
72,0.307096,-1.041414
73,0.312657,-1.025352
74,0.317294,-1.008999
75,0.320994,-0.992409
76,0.323744,-0.975636
77,0.325535,-0.958733
78,0.326362,-0.941755
79,0.326221,-0.924758
80,0.325114,-0.907797
81,0.323043,-0.890926
82,0.320016,-0.874200
83,0.319143,-0.869531
84,0.319143,-0.869531
85,0.309049,-0.862590
86,0.294319,-0.854116
87,0.279103,-0.846540
88,0.263481,-0.839842
89,0.247503,-0.834044
90,0.231221,-0.829165
91,0.226663,-0.827827
92,0.214499,-0.829277
93,0.197841,-0.832636
94,0.181411,-0.836992
95,0.165255,-0.842275
96,0.149426,-0.848468
97,0.133975,-0.855552
98,0.129669,-0.857556
99,0.129669,-0.857556
100,0.129669,-0.857556
101,0.129669,-0.857556
102,0.129669,-0.857556
103,0.129669,-0.857556
104,0.140931,-0.862375
105,0.157041,-0.867786
106,0.173450,-0.872219
107,0.190084,-0.875712
108,0.206891,-0.878253
109,0.223815,-0.879833
110,0.240801,-0.880448
111,0.257795,-0.880095
112,0.274741,-0.878776
113,0.291585,-0.876495
114,0.308272,-0.873260
115,0.324748,-0.869080
116,0.329345,-0.867886
117,0.329345,-0.867886
118,0.335569,-0.857335
119,0.343002,-0.842053
120,0.349505,-0.826348
121,0.355103,-0.810299
122,0.359779,-0.793957
123,0.363518,-0.777376
124,0.366307,-0.760609
125,0.368138,-0.743711
126,0.369005,-0.726735
127,0.368904,-0.709738
128,0.367836,-0.692774
129,0.365805,-0.675898
130,0.362817,-0.659165
131,0.358882,-0.642630
132,0.354013,-0.626345
133,0.352626,-0.621801
134,0.344730,-0.612435
135,0.332770,-0.600363
136,0.320104,-0.589028
137,0.306813,-0.578433
138,0.292941,-0.568610
139,0.278532,-0.559593
140,0.263634,-0.551411
141,0.248294,-0.544089
142,0.232562,-0.537652
143,0.216490,-0.532120
144,0.200129,-0.527512
145,0.195550,-0.526250
146,0.183412,-0.527903
147,0.166811,-0.531538
148,0.150456,-0.536166
149,0.134390,-0.541717
150,0.118666,-0.548173
151,0.103335,-0.555513
152,0.088447,-0.563713
153,0.084299,-0.566028
154,0.084299,-0.566028
155,0.084299,-0.566028
156,0.084299,-0.566028
157,0.084299,-0.566028
158,0.084299,-0.566028
159,0.095885,-0.570007
160,0.112349,-0.574219
161,0.129039,-0.577434
162,0.145886,-0.579695
163,0.162834,-0.580994
164,0.179828,-0.581326
165,0.196814,-0.580691
166,0.213736,-0.579091
167,0.230539,-0.576530
168,0.235231,-0.575788
169,0.245603,-0.569270
170,0.259219,-0.559102
171,0.272203,-0.548133
172,0.284542,-0.536442
173,0.296196,-0.524068
174,0.307126,-0.511052
175,0.317299,-0.497434
176,0.326680,-0.483260
177,0.329279,-0.479284
178,0.331409,-0.467221
179,0.333451,-0.451367
180,0.335815,-0.441916
181,0.335165,-0.430057
182,0.333648,-0.417945
183,0.335926,-0.408368
184,0.338875,-0.401811
185,0.337307,-0.393694
186,0.334385,-0.385393
187,0.330864,-0.377204
188,0.326865,-0.369209
189,0.322416,-0.361448
190,0.317533,-0.353950
191,0.312232,-0.346741
192,0.306529,-0.339844
193,0.300443,-0.333283
194,0.293994,-0.327078
195,0.287202,-0.321250
196,0.280090,-0.315817
197,0.272371,-0.310551
198,0.269193,-0.303500
199,0.273045,-0.295660
200,0.276681,-0.287500
201,0.279825,-0.279023
202,0.282448,-0.270244
203,0.284518,-0.261183
204,0.290105,-0.252400
205,0.303988,-0.244177
206,0.321357,-0.236690
207,0.338046,-0.228297
208,0.354101,-0.219009
209,0.369489,-0.208865
210,0.384176,-0.197906
211,0.398128,-0.186175
212,0.411310,-0.173715
213,0.423691,-0.160572
214,0.435241,-0.146793
215,0.445931,-0.132427
216,0.455734,-0.117523
217,0.464628,-0.102134
218,0.472591,-0.086312
219,0.479603,-0.070111
220,0.485651,-0.053584
221,0.490719,-0.036787
222,0.494292,-0.020872
223,0.496991,-0.004651
224,0.498755,0.011678
225,0.499579,0.028062
226,0.499463,0.044448
227,0.498411,0.060781
228,0.496427,0.077008
229,0.493521,0.093078
230,0.489704,0.108938
231,0.484990,0.124537
232,0.479397,0.139824
233,0.472944,0.154750
234,0.465655,0.169269
235,0.457555,0.183332
236,0.448673,0.196896
237,0.439038,0.209916
238,0.428683,0.222352
239,0.417645,0.234165
240,0.405959,0.245316
241,0.393665,0.255771
242,0.380805,0.265497
243,0.367749,0.274089
244,0.354199,0.281996
245,0.340227,0.289114
246,0.325879,0.295419
247,0.311200,0.300892
248,0.296241,0.305515
249,0.281049,0.309276
250,0.265674,0.312161
251,0.250166,0.314162
252,0.234577,0.315275
253,0.218956,0.315496
254,0.203355,0.314824
255,0.187824,0.313264
256,0.172415,0.310821
257,0.157176,0.307503
258,0.142158,0.303323
259,0.127409,0.298294
260,0.112977,0.292434
261,0.098909,0.285762
262,0.085250,0.278301
263,0.072044,0.270076
264,0.059334,0.261114
265,0.047161,0.251444
266,0.035564,0.241100
267,0.024580,0.230114
268,0.014245,0.218524
269,0.004592,0.206367
270,-0.004349,0.193683
271,-0.012548,0.180515
272,-0.019711,0.167200
273,-0.026197,0.154054
274,-0.027933,0.147052
275,-0.028004,0.139550
276,-0.027510,0.131935
277,-0.026581,0.124320
278,-0.025232,0.116739
279,-0.023467,0.109216
280,-0.021288,0.101774
281,-0.018698,0.094437
282,-0.015702,0.087226
283,-0.012306,0.080165
284,-0.008518,0.073276
285,-0.004346,0.066580
286,0.000201,0.060100
287,0.005111,0.053857
288,0.010372,0.047870
289,0.015970,0.042160
290,0.021892,0.036747
291,0.028122,0.031648
292,0.034643,0.026881
293,0.041437,0.022463
294,0.048486,0.018410
295,0.055769,0.014737
296,0.063268,0.011457
297,0.070960,0.008584
298,0.078823,0.006128
299,0.086835,0.004100
300,0.094972,0.002509
301,0.103210,0.001363
302,0.111229,0.000895
303,0.119583,0.000637
304,0.127962,0.000835
305,0.136345,0.001495
306,0.144705,0.002618
307,0.153016,0.004203
308,0.161254,0.006249
309,0.169392,0.008753
310,0.177404,0.011709
311,0.185266,0.015113
312,0.192953,0.018955
313,0.200439,0.023228
314,0.207700,0.027921
315,0.214713,0.033022
316,0.221455,0.038519
317,0.227903,0.044396
318,0.234035,0.050638
319,0.239831,0.057229
320,0.245271,0.064150
321,0.250336,0.071381
322,0.255007,0.078904
323,0.259269,0.086695
324,0.263105,0.094733
325,0.266501,0.102995
326,0.269443,0.111456
327,0.271921,0.120092
328,0.273923,0.128876
329,0.275441,0.137783
330,0.276467,0.146786
331,0.276995,0.155857
332,0.277020,0.164970
333,0.276539,0.174095
334,0.275551,0.183205
335,0.273931,0.191920
336,0.271959,0.200906
337,0.269485,0.209794
338,0.266515,0.218554
339,0.263054,0.227160
340,0.259111,0.235584
341,0.254694,0.243798
342,0.249816,0.251776
343,0.244488,0.259492
344,0.238726,0.266920
345,0.232543,0.274036
346,0.225957,0.280816
347,0.218987,0.287236
348,0.211652,0.293275
349,0.203972,0.298912
350,0.195971,0.304128
351,0.187670,0.308902
352,0.179095,0.313220
353,0.170271,0.317063
354,0.161223,0.320419
355,0.151979,0.323274
356,0.142567,0.325615
357,0.133016,0.327435
358,0.123354,0.328723
359,0.113610,0.329473
360,0.103816,0.329680
361,0.094001,0.329340
362,0.084196,0.328453
363,0.074432,0.327017
364,0.064740,0.325035
365,0.055149,0.322509
366,0.045692,0.319446
367,0.036769,0.315828
368,0.027669,0.311740
369,0.018789,0.307142
370,0.010159,0.302044
371,0.001807,0.296459
372,-0.006240,0.290403
373,-0.013954,0.283892
374,-0.021310,0.276944
375,-0.028283,0.269580
376,-0.034849,0.261820
377,-0.040986,0.253687
378,-0.046672,0.245204
379,-0.051887,0.236397
380,-0.056613,0.227292
381,-0.060833,0.217916
382,-0.064530,0.208297
383,-0.067692,0.198464
384,-0.070304,0.188448
385,-0.072357,0.178279
386,-0.073842,0.167988
387,-0.074751,0.157608
388,-0.075079,0.147170
389,-0.074822,0.136707
390,-0.073978,0.126253
391,-0.072548,0.115840
392,-0.070533,0.105500
393,-0.067937,0.095268
394,-0.064766,0.085176
395,-0.061026,0.075256
396,-0.056729,0.065541
397,-0.051884,0.056061
398,-0.046504,0.046849
399,-0.040678,0.038299
400,-0.034304,0.029703
401,-0.027447,0.021461
402,-0.020124,0.013599
403,-0.012355,0.006145
404,-0.004165,-0.000876
405,0.004423,-0.007441
406,0.013384,-0.013526
407,0.022691,-0.019110
408,0.032315,-0.024174
409,0.042228,-0.028699
410,0.052399,-0.032669
411,0.062797,-0.036069
412,0.073390,-0.038886
413,0.084146,-0.041109
414,0.095030,-0.042727
415,0.106009,-0.043735
416,0.117049,-0.044125
417,0.128114,-0.043895
418,0.139170,-0.043043
419,0.150181,-0.041568
420,0.161113,-0.039473
421,0.171931,-0.036763
422,0.182599,-0.033444
423,0.193083,-0.029524
424,0.203349,-0.025012
425,0.213365,-0.019922
426,0.223096,-0.014266
427,0.232511,-0.008062
428,0.241579,-0.001326
429,0.250271,0.005922
430,0.258206,0.013531
431,0.266068,0.021712
432,0.273473,0.030333
433,0.280394,0.039374
434,0.286807,0.048805
435,0.292690,0.058599
436,0.298022,0.068727
437,0.302784,0.079156
438,0.306960,0.089855
439,0.310533,0.100791
440,0.313491,0.111930
441,0.315821,0.123237
442,0.317514,0.134676
443,0.318563,0.146212
444,0.318961,0.157808
445,0.318706,0.169428
446,0.317795,0.181034
447,0.316231,0.192590
448,0.314014,0.204058
449,0.311151,0.215402
450,0.307648,0.226584
451,0.303514,0.237570
452,0.298760,0.248323
453,0.293400,0.258807
454,0.287448,0.268990
455,0.280922,0.278837
456,0.273840,0.288315
457,0.266223,0.297394
458,0.258095,0.306043
459,0.249478,0.314233
460,0.240400,0.321936
461,0.230887,0.329127
462,0.221180,0.335473
463,0.210910,0.341583
464,0.200299,0.347117
465,0.189376,0.352051
466,0.178176,0.356368
467,0.166732,0.360052
468,0.155082,0.363090
469,0.143262,0.365469
470,0.131309,0.367181
471,0.119260,0.368218
472,0.107155,0.368573
473,0.095031,0.368245
474,0.082927,0.367233
475,0.070883,0.365536
476,0.058936,0.363159
477,0.047126,0.360108
478,0.035490,0.356390
479,0.024066,0.352015
480,0.012891,0.346996
481,0.002003,0.341346
482,-0.008564,0.335082
483,-0.018775,0.328222
484,-0.028596,0.320786
485,-0.037994,0.312797
486,-0.046938,0.304278
487,-0.055399,0.295256
488,-0.063347,0.285758
489,-0.070756,0.275813
490,-0.077601,0.265451
491,-0.083859,0.254706
492,-0.089507,0.243609
493,-0.094525,0.232196
494,-0.098897,0.220503
495,-0.102390,0.208870
496,-0.105450,0.196745
497,-0.107824,0.184452
498,-0.109502,0.172029
499,-0.110477,0.159515
500,-0.110743,0.146950
501,-0.110299,0.134373
502,-0.109143,0.121827
503,-0.107278,0.109350
504,-0.104707,0.096983
505,-0.101438,0.084767
506,-0.097478,0.072740
507,-0.092840,0.060941
508,-0.087535,0.049410
509,-0.081580,0.038183
510,-0.074992,0.027298
511,-0.067790,0.016790
512,-0.059997,0.006695
513,-0.051635,-0.002956
514,-0.042731,-0.012129
515,-0.033311,-0.020793
516,-0.023405,-0.028921
517,-0.013043,-0.036484
518,-0.002257,-0.043457
519,0.008918,-0.049816
520,0.020448,-0.055539
521,0.032297,-0.060607
522,0.044428,-0.065001
523,0.056801,-0.068706
524,0.069378,-0.071709
525,0.082118,-0.073998
526,0.094647,-0.075402
527,0.107580,-0.076267
528,0.120555,-0.076403
529,0.133531,-0.075803
530,0.146466,-0.074469
531,0.159318,-0.072402
532,0.172047,-0.069608
533,0.184610,-0.066095
534,0.196967,-0.061872
535,0.209078,-0.056951
536,0.220904,-0.051347
537,0.232405,-0.045076
538,0.243544,-0.038156
539,0.254284,-0.030609
540,0.264590,-0.022459
541,0.274429,-0.013728
542,0.283766,-0.004446
543,0.292572,0.005360
544,0.300816,0.015660
545,0.308472,0.026420
546,0.315513,0.037607
547,0.321915,0.049187
548,0.327657,0.061122
549,0.332718,0.073375
550,0.337082,0.085907
551,0.340732,0.098678
552,0.343656,0.111648
553,0.345842,0.124775
554,0.347283,0.138017
555,0.347971,0.151332
556,0.347905,0.164677
557,0.347081,0.178008
558,0.345429,0.190919
559,0.343130,0.204091
560,0.340089,0.217123
561,0.336310,0.229974
562,0.331806,0.242601
563,0.326589,0.254963
564,0.320674,0.267021
565,0.314079,0.278734
566,0.306825,0.290065
567,0.298934,0.300976
568,0.290429,0.311431
569,0.281338,0.321395
570,0.271688,0.330837
571,0.261510,0.339723
572,0.250836,0.348026
573,0.239698,0.355716
574,0.228134,0.362769
575,0.216178,0.369159
576,0.203868,0.374867
577,0.191245,0.379871
578,0.178348,0.384155
579,0.165218,0.387704
580,0.151897,0.390504
581,0.138428,0.392547
582,0.124854,0.393823
583,0.111219,0.394328
584,0.097567,0.394059
585,0.083941,0.393015
586,0.070386,0.391198
587,0.056945,0.388614
588,0.043663,0.385269
589,0.030582,0.381173
590,0.018116,0.376360
591,0.005561,0.370834
592,-0.006670,0.364601
593,-0.018537,0.357680
594,-0.030000,0.350092
595,-0.041022,0.341859
596,-0.051568,0.333007
597,-0.061601,0.323565
598,-0.071089,0.313562
599,-0.080001,0.303028
600,-0.088307,0.291999
601,-0.095978,0.280507
602,-0.102991,0.268591
603,-0.109320,0.256287
604,-0.114945,0.243636
605,-0.119846,0.230676
606,-0.124006,0.217451
607,-0.127412,0.204001
608,-0.130050,0.190371
609,-0.131912,0.176603
610,-0.132990,0.162743
611,-0.133281,0.148835
612,-0.132780,0.134924
613,-0.131491,0.121054
614,-0.129414,0.107271
615,-0.126557,0.093620
616,-0.122927,0.080144
617,-0.118536,0.066887
618,-0.113395,0.053893
619,-0.107522,0.041204
620,-0.100933,0.028861
621,-0.093650,0.016904
622,-0.085811,0.005728
623,-0.077241,-0.005351
624,-0.068052,-0.015933
625,-0.058271,-0.025982
626,-0.047929,-0.035465
627,-0.037059,-0.044350
628,-0.025695,-0.052610
629,-0.013874,-0.060214
630,-0.001632,-0.067140
631,0.010990,-0.073363
632,0.023953,-0.078862
633,0.037215,-0.083618
634,0.050733,-0.087616
635,0.064464,-0.090842
636,0.078364,-0.093284
637,0.092388,-0.094934
638,0.106491,-0.095785
639,0.120627,-0.095834
640,0.134751,-0.095079
641,0.148817,-0.093522
642,0.162779,-0.091168
643,0.176592,-0.088022
644,0.190212,-0.084095
645,0.203594,-0.079399
646,0.216694,-0.073946
647,0.229470,-0.067755
648,0.241880,-0.060845
649,0.253883,-0.053237
650,0.265441,-0.044955
651,0.276515,-0.036026
652,0.287069,-0.026477
653,0.297069,-0.016338
654,0.306169,-0.005847
655,0.314981,0.005342
656,0.323148,0.017018
657,0.330642,0.029145
658,0.337439,0.041685
659,0.343514,0.054596
660,0.348849,0.067839
661,0.353425,0.081369
662,0.357227,0.095145
663,0.360240,0.109120
664,0.362456,0.123251
665,0.363866,0.137492
666,0.364465,0.151796
667,0.364250,0.166118
668,0.363220,0.180410
669,0.361379,0.194628
670,0.358732,0.208724
671,0.355287,0.222653
672,0.351054,0.236370
673,0.346045,0.249830
674,0.340278,0.262989
675,0.333768,0.275805
676,0.326538,0.288235
677,0.318610,0.300239
678,0.310008,0.311779
679,0.300761,0.322815
680,0.290897,0.333312
681,0.280448,0.343235
682,0.269447,0.352553
683,0.257930,0.361233
684,0.245933,0.369248
685,0.233749,0.376298
686,0.220934,0.382929
687,0.207758,0.388825
688,0.194264,0.393964
689,0.180493,0.398330
690,0.166492,0.401907
691,0.152304,0.404683
692,0.137976,0.406649
693,0.123554,0.407797
694,0.109084,0.408124
695,0.094614,0.407627
696,0.080190,0.406308
697,0.065859,0.404170
698,0.051667,0.401220
699,0.037661,0.397466
700,0.023887,0.392920
701,0.010388,0.387596
702,-0.002791,0.381512
703,-0.015607,0.374685
704,-0.028018,0.367138
705,-0.039985,0.358894
706,-0.051467,0.349980
707,-0.062428,0.340425
708,-0.072831,0.330258
709,-0.082642,0.319512
710,-0.091830,0.308222
711,-0.100363,0.296423
712,-0.108214,0.284155
713,-0.115357,0.271456
714,-0.121769,0.258366
715,-0.127427,0.244929
716,-0.132314,0.231187
717,-0.136213,0.217501
718,-0.139540,0.203302
719,-0.142056,0.188932
720,-0.143752,0.174439
721,-0.144620,0.159868
722,-0.144659,0.145266
723,-0.143866,0.130682
724,-0.142245,0.116162
725,-0.139800,0.101753
726,-0.136538,0.087502
727,-0.132470,0.073456
728,-0.127608,0.059660
729,-0.121967,0.046158
730,-0.115566,0.032996
731,-0.108424,0.020215
732,-0.100564,0.007858
733,-0.092012,-0.004036
734,-0.082794,-0.015427
735,-0.072941,-0.026278
736,-0.062483,-0.036554
737,-0.051454,-0.046221
738,-0.039891,-0.055248
739,-0.027829,-0.063605
740,-0.015308,-0.071263
741,-0.002368,-0.078199
742,0.010950,-0.084390
743,0.024601,-0.089814
744,0.038543,-0.094454
745,0.052730,-0.098294
746,0.067116,-0.101321
747,0.081654,-0.103526
748,0.096299,-0.104900
749,0.110645,-0.105330
750,0.125348,-0.105065
751,0.140015,-0.103966
752,0.154600,-0.102033
753,0.169054,-0.099273
754,0.183332,-0.095694
755,0.197387,-0.091308
756,0.211172,-0.086127
757,0.224644,-0.080170
758,0.237758,-0.073453
759,0.250472,-0.066000
760,0.262744,-0.057833
761,0.274534,-0.048980
762,0.285804,-0.039467
763,0.296516,-0.029326
764,0.306637,-0.018590
765,0.316133,-0.007292
766,0.324972,0.004530
767,0.333126,0.016839
768,0.340568,0.029594
769,0.347274,0.042756
770,0.353221,0.056281
771,0.358390,0.070125
772,0.362764,0.084244
773,0.366328,0.098592
774,0.369070,0.113123
775,0.370982,0.127790
776,0.372056,0.142544
777,0.372288,0.157339
778,0.371678,0.172127
779,0.370227,0.186858
780,0.367886,0.201118
781,0.364801,0.215593
782,0.360902,0.229872
783,0.356195,0.243908
784,0.350696,0.257657
785,0.344422,0.271073
786,0.337394,0.284113
787,0.329633,0.296734
788,0.321165,0.308895
789,0.312016,0.320557
790,0.302217,0.331682
791,0.291799,0.342232
792,0.280794,0.352175
793,0.269240,0.361477
794,0.257173,0.370108
795,0.244631,0.378039
796,0.231657,0.385245
797,0.218290,0.391702
798,0.204576,0.397389
799,0.190557,0.402287
800,0.176280,0.406380
801,0.161790,0.409654
802,0.147135,0.412098
803,0.132362,0.413705
804,0.117519,0.414468
805,0.102654,0.414385
806,0.087815,0.413456
807,0.073050,0.411684
808,0.058408,0.409073
809,0.043936,0.405633
810,0.029681,0.401374
811,0.015689,0.396310
812,0.002005,0.390456
813,-0.010960,0.383899
814,-0.023902,0.376562
815,-0.036408,0.368498
816,-0.048437,0.359734
817,-0.059949,0.350298
818,-0.070907,0.340221
819,-0.081275,0.329534
820,-0.091019,0.318273
821,-0.100108,0.306474
822,-0.108512,0.294174
823,-0.116203,0.281414
824,-0.123157,0.268235
825,-0.129350,0.254679
826,-0.134761,0.240791
827,-0.139375,0.226615
828,-0.143174,0.212197
829,-0.146147,0.197585
830,-0.148283,0.182824
831,-0.149576,0.167964
832,-0.150021,0.153052
833,-0.149616,0.138137
834,-0.148362,0.123267
835,-0.146264,0.108490
836,-0.143327,0.093855
837,-0.139562,0.079409
838,-0.134979,0.065198
839,-0.129594,0.051270
840,-0.123424,0.037669
841,-0.116489,0.024439
842,-0.108811,0.011624
843,-0.100415,-0.000734
844,-0.091327,-0.012597
845,-0.081734,-0.023587
846,-0.071386,-0.034360
847,-0.060441,-0.044528
848,-0.048933,-0.054057
849,-0.036900,-0.062916
850,-0.024380,-0.071078
851,-0.011415,-0.078514
852,0.001955,-0.085200
853,0.015686,-0.091116
854,0.029732,-0.096240
855,0.044050,-0.100558
856,0.058591,-0.104053
857,0.073310,-0.106715
858,0.088159,-0.108535
859,0.103089,-0.109507
860,0.118051,-0.109627
861,0.132998,-0.108895
862,0.147881,-0.107313
863,0.162652,-0.104885
864,0.177261,-0.101621
865,0.191663,-0.097529
866,0.205811,-0.092623
867,0.219657,-0.086920
868,0.233158,-0.080436
869,0.246269,-0.073193
870,0.258948,-0.065215
871,0.271154,-0.056527
872,0.282846,-0.047156
873,0.293987,-0.037134
874,0.304541,-0.026493
875,0.314472,-0.015267
876,0.323749,-0.003493
877,0.332056,0.008546
878,0.339954,0.021270
879,0.347117,0.034424
880,0.353520,0.047966
881,0.359143,0.061852
882,0.363965,0.076038
883,0.367973,0.090476
884,0.371153,0.105121
885,0.373494,0.119925
886,0.374988,0.134839
887,0.375631,0.149816
888,0.375419,0.164807
889,0.374355,0.179764
890,0.372440,0.194637
891,0.369682,0.209378
892,0.366088,0.223940
893,0.361670,0.238275
894,0.356442,0.252336
895,0.350422,0.266079
896,0.343629,0.279458
897,0.336083,0.292429
898,0.327811,0.304951
899,0.318838,0.316983
900,0.309194,0.328486
901,0.298909,0.339422
902,0.288017,0.349756
903,0.276553,0.359453
904,0.264555,0.368483
905,0.252060,0.376816
906,0.239110,0.384424
907,0.225747,0.391284
908,0.212299,0.397135
909,0.198261,0.402461
910,0.183942,0.406981
911,0.169387,0.410677
912,0.154644,0.413539
913,0.139761,0.415557
914,0.124785,0.416725
915,0.109766,0.417038
916,0.094752,0.416495
917,0.079792,0.415097
918,0.064935,0.412850
919,0.050228,0.409760
920,0.035720,0.405838
921,0.021457,0.401095
922,0.007487,0.395547
923,-0.006146,0.389212
924,-0.019398,0.382111
925,-0.032224,0.374265
926,-0.044584,0.365702
927,-0.056437,0.356447
928,-0.067745,0.346532
929,-0.078471,0.335988
930,-0.088580,0.324849
931,-0.098039,0.313152
932,-0.106817,0.300934
933,-0.114886,0.288235
934,-0.122219,0.275096
935,-0.128793,0.261560
936,-0.134585,0.247670
937,-0.139578,0.233471
938,-0.143754,0.219011
939,-0.147100,0.204334
940,-0.149452,0.189836
941,-0.151139,0.174893
942,-0.151972,0.159877
943,-0.151949,0.144837
944,-0.151070,0.129821
945,-0.149337,0.114878
946,-0.146755,0.100057
947,-0.143333,0.085406
948,-0.139082,0.070973
949,-0.134016,0.056804
950,-0.128151,0.042945
951,-0.121505,0.029441
952,-0.114101,0.016337
953,-0.105961,0.003675
954,-0.097113,-0.008504
955,-0.087585,-0.020161
956,-0.077408,-0.031257
957,-0.066615,-0.041756
958,-0.055240,-0.051624
959,-0.043321,-0.060829
960,-0.030896,-0.069341
961,-0.018006,-0.077132
962,-0.004692,-0.084177
963,0.009003,-0.090453
964,0.023034,-0.095939
965,0.037356,-0.100618
966,0.051922,-0.104473
967,0.066686,-0.107493
968,0.081598,-0.109668
969,0.096611,-0.110990
970,0.111676,-0.111455
971,0.126385,-0.110970
972,0.141400,-0.109755
973,0.156324,-0.107687
974,0.171106,-0.104772
975,0.185699,-0.101020
976,0.200056,-0.096442
977,0.214130,-0.091054
978,0.227876,-0.084872
979,0.241247,-0.077918
980,0.254202,-0.070212
981,0.266698,-0.061781
982,0.278695,-0.052651
983,0.290153,-0.042852
984,0.301034,-0.032416
985,0.311305,-0.021376
986,0.320931,-0.009768
987,0.329880,0.002370
988,0.338125,0.014998
989,0.345637,0.028077
990,0.352393,0.041563
991,0.358370,0.055413
992,0.363549,0.069582
993,0.367913,0.084024
994,0.371447,0.098691
995,0.374141,0.113538
996,0.375985,0.128514
997,0.376973,0.143572
998,0.377102,0.158663
999,0.376371,0.173738
1000,0.374783,0.188748
1001,0.372342,0.203644
1002,0.369057,0.218377
1003,0.364939,0.232530
1004,0.360036,0.246799
1005,0.354328,0.260766
1006,0.347833,0.274386
1007,0.340573,0.287615
1008,0.332571,0.300410
1009,0.323852,0.312730
1010,0.314445,0.324533
1011,0.304381,0.335782
1012,0.293692,0.346440
1013,0.282412,0.356473
1014,0.270579,0.365848
1015,0.258230,0.374534
1016,0.245406,0.382503
1017,0.232148,0.389730
1018,0.218499,0.396189
1019,0.204503,0.401862
1020,0.190206,0.406728
1021,0.175655,0.410772
1022,0.160896,0.413982
1023,0.145977,0.416345
1024,0.130947,0.417855
1025,0.115854,0.418507
1026,0.100748,0.418298
1027,0.085677,0.417229
1028,0.070691,0.415303
1029,0.055839,0.412527
1030,0.041167,0.408909
1031,0.026725,0.404461
1032,0.012558,0.399198
1033,-0.001286,0.393135
1034,-0.014764,0.386294
1035,-0.027471,0.378790
1036,-0.040096,0.370494
1037,-0.052229,0.361493
1038,-0.063830,0.351815
1039,-0.074862,0.341491
1040,-0.085289,0.330556
1041,-0.095076,0.319043
1042,-0.104192,0.306991
1043,-0.112607,0.294439
1044,-0.120294,0.281427
1045,-0.127228,0.267998
1046,-0.133386,0.254194
1047,-0.138748,0.240062
1048,-0.143297,0.225647
1049,-0.147018,0.210995
1050,-0.149898,0.196154
1051,-0.151928,0.181173
1052,-0.153102,0.166099
1053,-0.153416,0.150982
1054,-0.152868,0.135871
1055,-0.151460,0.120815
1056,-0.149197,0.105863
1057,-0.146085,0.091063
1058,-0.142136,0.076464
1059,-0.137361,0.062113
1060,-0.131776,0.048056
1061,-0.125400,0.034339
1062,-0.118252,0.021007
1063,-0.110356,0.008104
1064,-0.101737,-0.004330
1065,-0.092424,-0.016253
1066,-0.082446,-0.027627
1067,-0.072028,-0.038089
1068,-0.060855,-0.048268
1069,-0.049121,-0.057795
1070,-0.036863,-0.066639
1071,-0.024120,-0.074770
1072,-0.010933,-0.082163
1073,0.002653,-0.088794
1074,0.016596,-0.094640
1075,0.030850,-0.099683
1076,0.045369,-0.103906
1077,0.060106,-0.107295
1078,0.075013,-0.109840
1079,0.090041,-0.111532
1080,0.105142,-0.112365
1081,0.120267,-0.112337
1082,0.135366,-0.111447
1083,0.150391,-0.109699
1084,0.165293,-0.107097
1085,0.180023,-0.103651
1086,0.194534,-0.099372
1087,0.208779,-0.094272
1088,0.222710,-0.088369
1089,0.236284,-0.081682
1090,0.249455,-0.074232
1091,0.262181,-0.066044
1092,0.274421,-0.057144
1093,0.286135,-0.047560
1094,0.297285,-0.037325
1095,0.307834,-0.026470
1096,0.317748,-0.015032
1097,0.326691,-0.003263
1098,0.335263,0.009204
1099,0.343113,0.022137
1100,0.350214,0.035497
1101,0.356543,0.049240
1102,0.362080,0.063322
1103,0.366805,0.077698
1104,0.370705,0.092320
1105,0.373765,0.107141
1106,0.375976,0.122113
1107,0.377332,0.137187
1108,0.377826,0.152315
1109,0.377458,0.167447
1110,0.376228,0.182535
1111,0.374142,0.197529
1112,0.371204,0.212380
1113,0.367425,0.227041
1114,0.362817,0.241463
1115,0.357395,0.255600
1116,0.351176,0.269406
1117,0.344180,0.282836
1118,0.336431,0.295846
1119,0.327953,0.308395
1120,0.318773,0.320441
1121,0.308921,0.331945
1122,0.298430,0.342869
1123,0.287333,0.353179
1124,0.275667,0.362841
1125,0.263468,0.371823
1126,0.250777,0.380096
1127,0.237635,0.387633
1128,0.224084,0.394410
1129,0.210455,0.400166
1130,0.196241,0.405385
1131,0.181753,0.409790
1132,0.167037,0.413362
1133,0.152140,0.416090
1134,0.137112,0.417966
1135,0.122001,0.418982
1136,0.106856,0.419136
1137,0.091725,0.418428
1138,0.076659,0.416858
1139,0.061706,0.414433
1140,0.046915,0.411160
1141,0.032334,0.407050
1142,0.018009,0.402116
1143,0.003989,0.396373
1144,-0.009683,0.389841
1145,-0.022961,0.382541
1146,-0.035802,0.374496
1147,-0.048164,0.365732
1148,-0.060008,0.356277
1149,-0.071295,0.346163
1150,-0.081988,0.335422
1151,-0.092052,0.324089
1152,-0.101454,0.312201
1153,-0.110165,0.299796
1154,-0.118155,0.286914
1155,-0.125399,0.273597
1156,-0.131873,0.259889
1157,-0.137556,0.245833
1158,-0.142430,0.231476
1159,-0.146478,0.216865
1160,-0.149687,0.202045
1161,-0.151890,0.187405
1162,-0.153426,0.172328
1163,-0.154102,0.157189
1164,-0.153915,0.142035
1165,-0.152866,0.126916
1166,-0.150957,0.111880
1167,-0.148194,0.096977
1168,-0.144587,0.082255
1169,-0.140147,0.067761
1170,-0.134888,0.053543
1171,-0.128828,0.039647
1172,-0.121986,0.026119
1173,-0.114385,0.013001
1174,-0.106048,0.000337
1175,-0.097002,-0.011832
1176,-0.087278,-0.023466
1177,-0.076907,-0.034529
1178,-0.065922,-0.044983
1179,-0.054359,-0.054794
1180,-0.042255,-0.063932
1181,-0.029650,-0.072366
1182,-0.016584,-0.080068
1183,-0.003100,-0.087015
1184,0.010758,-0.093182
1185,0.024945,-0.098550
1186,0.039416,-0.103101
1187,0.054123,-0.106821
1188,0.069019,-0.109697
1189,0.084055,-0.111720
1190,0.099183,-0.112884
1191,0.114353,-0.113184
1192,0.129516,-0.112620
1193,0.144255,-0.111130
1194,0.159252,-0.108880
1195,0.174097,-0.105780
1196,0.188742,-0.101841
1197,0.203139,-0.097073
1198,0.217243,-0.091492
1199,0.231005,-0.085118
1200,0.244383,-0.077969
1201,0.257333,-0.070070
1202,0.269812,-0.061445
1203,0.281781,-0.052123
1204,0.293199,-0.042135
1205,0.304030,-0.031511
1206,0.314239,-0.020288
1207,0.323793,-0.008501
1208,0.332660,0.003812
1209,0.340812,0.016611
1210,0.348222,0.029853
1211,0.354866,0.043497
1212,0.360722,0.057497
1213,0.365772,0.071809
1214,0.369998,0.086386
1215,0.373387,0.101181
1216,0.375929,0.116145
1217,0.377613,0.131230
1218,0.378436,0.146388
1219,0.378395,0.161568
1220,0.377488,0.176722
1221,0.375720,0.191801
1222,0.373096,0.206755
1223,0.369624,0.221535
1224,0.365316,0.236095
1225,0.360222,0.250013
1226,0.354322,0.263991
1227,0.347635,0.277610
1228,0.340184,0.290828
1229,0.331991,0.303599
1230,0.323084,0.315885
1231,0.313492,0.327643
1232,0.303244,0.338836
1233,0.292376,0.349428
1234,0.280921,0.359385
1235,0.268917,0.368673
1236,0.256403,0.377262
1237,0.243419,0.385126
1238,0.230008,0.392237
1239,0.216214,0.398573
1240,0.202080,0.404113
1241,0.187653,0.408840
1242,0.172979,0.412737
1243,0.158107,0.415793
1244,0.143084,0.417996
1245,0.127959,0.419341
1246,0.112782,0.419821
1247,0.097601,0.419437
1248,0.082466,0.418188
1249,0.067426,0.416079
1250,0.052530,0.413117
1251,0.037827,0.409311
1252,0.023363,0.404673
1253,0.009186,0.399219
1254,-0.004657,0.392966
1255,-0.018123,0.385935
1256,-0.030809,0.378253
1257,-0.043398,0.369770
1258,-0.055485,0.360584
1259,-0.067030,0.350724
1260,-0.077994,0.340222
1261,-0.088344,0.329112
1262,-0.098044,0.317430
1263,-0.107063,0.305214
1264,-0.115372,0.292504
1265,-0.122945,0.279340
1266,-0.129755,0.265766
1267,-0.135781,0.251826
1268,-0.141004,0.237564
1269,-0.145407,0.223027
1270,-0.148974,0.208262
1271,-0.151695,0.193318
1272,-0.153560,0.178242
1273,-0.154563,0.163084
1274,-0.154702,0.147892
1275,-0.153975,0.132717
1276,-0.152384,0.117607
1277,-0.149936,0.102612
1278,-0.146637,0.087779
1279,-0.142499,0.073158
1280,-0.137534,0.058796
1281,-0.131759,0.044739
1282,-0.125193,0.031034
1283,-0.117856,0.017724
1284,-0.109773,0.004853
1285,-0.100969,-0.007537
1286,-0.091474,-0.019406
1287,-0.081481,-0.030381
1288,-0.070727,-0.041111
1289,-0.059381,-0.051212
1290,-0.047477,-0.060652
1291,-0.035055,-0.069398
1292,-0.022154,-0.077423
1293,-0.008816,-0.084701
1294,0.004915,-0.091207
1295,0.018995,-0.096921
1296,0.033378,-0.101824
1297,0.048018,-0.105900
1298,0.062867,-0.109135
1299,0.077877,-0.111520
1300,0.092998,-0.113046
1301,0.108183,-0.113708
1302,0.123382,-0.113504
1303,0.138544,-0.112435
1304,0.153622,-0.110504
1305,0.168566,-0.107717
1306,0.183328,-0.104083
1307,0.197859,-0.099614
1308,0.212113,-0.094324
1309,0.226043,-0.088231
1310,0.239604,-0.081354
1311,0.252752,-0.073716
1312,0.265443,-0.065341
1313,0.277638,-0.056256
1314,0.289296,-0.046490
1315,0.300379,-0.036077
1316,0.310852,-0.025048
1317,0.320679,-0.013440
1318,0.329830,-0.001291
1319,0.337995,0.011114
1320,0.345730,0.024200
1321,0.352708,0.037705
1322,0.358906,0.051586
1323,0.364304,0.065798
1324,0.368884,0.080295
1325,0.372630,0.095030
1326,0.375532,0.109955
1327,0.377578,0.125022
1328,0.378764,0.140181
1329,0.379084,0.155384
1330,0.378537,0.170581
1331,0.377126,0.185723
1332,0.374854,0.200761
1333,0.371730,0.215645
1334,0.367762,0.230328
1335,0.362965,0.244762
1336,0.357353,0.258899
1337,0.350944,0.272695
1338,0.343760,0.286103
1339,0.335823,0.299082
1340,0.327160,0.311587
1341,0.317798,0.323579
1342,0.307768,0.335020
1343,0.297102,0.345870
1344,0.285835,0.356096
1345,0.274004,0.365664
1346,0.261646,0.374543
1347,0.248802,0.382704
1348,0.235513,0.390121
1349,0.221823,0.396769
1350,0.207776,0.402626
1351,0.193733,0.407466
1352,0.179136,0.411715
1353,0.164320,0.415126
1354,0.149333,0.417688
1355,0.134224,0.419393
1356,0.119041,0.420234
1357,0.103835,0.420209
1358,0.088654,0.419317
1359,0.073547,0.417563
1360,0.058565,0.414951
1361,0.043755,0.411489
1362,0.029165,0.407190
1363,0.014843,0.402066
1364,0.000836,0.396135
1365,-0.012812,0.389415
1366,-0.026055,0.381928
1367,-0.038850,0.373699
1368,-0.051157,0.364754
1369,-0.062935,0.355122
1370,-0.074146,0.344834
1371,-0.084753,0.333924
1372,-0.094722,0.322427
1373,-0.104020,0.310381
1374,-0.112618,0.297824
1375,-0.120486,0.284797
1376,-0.127600,0.271342
1377,-0.133937,0.257503
1378,-0.139475,0.243325
1379,-0.144197,0.228854
1380,-0.148088,0.214137
1381,-0.150960,0.199552
1382,-0.153182,0.184501
1383,-0.154547,0.169348
1384,-0.155047,0.154141
1385,-0.154679,0.138930
1386,-0.153446,0.123764
1387,-0.151351,0.108692
1388,-0.148400,0.093763
1389,-0.144604,0.079026
1390,-0.139975,0.064528
1391,-0.134527,0.050317
1392,-0.128278,0.036438
1393,-0.121249,0.022938
1394,-0.113461,0.009859
1395,-0.104941,-0.002755
1396,-0.095716,-0.014865
1397,-0.085816,-0.026429
1398,-0.075273,-0.037412
1399,-0.064121,-0.047777
1400,-0.052396,-0.057490
1401,-0.040136,-0.066519
1402,-0.027381,-0.074837
1403,-0.014173,-0.082414
1404,-0.000554,-0.089228
1405,0.013432,-0.095254
1406,0.027738,-0.100475
1407,0.042320,-0.104873
1408,0.057129,-0.108433
1409,0.072117,-0.111143
1410,0.087236,-0.112996
1411,0.102437,-0.113985
1412,0.117670,-0.114106
1413,0.132522,-0.113278
1414,0.147665,-0.111701
1415,0.162694,-0.109266
1416,0.177560,-0.105978
1417,0.192216,-0.101849
1418,0.206613,-0.096892
1419,0.220705,-0.091122
1420,0.234447,-0.084559
1421,0.247792,-0.077224
1422,0.260699,-0.069139
1423,0.273125,-0.060333
1424,0.285030,-0.050833
1425,0.296374,-0.040669
1426,0.307122,-0.029876
1427,0.317238,-0.018487
1428,0.326689,-0.006540
1429,0.335445,0.005926
1430,0.343477,0.018871
1431,0.350759,0.032254
1432,0.357267,0.046030
1433,0.362980,0.060155
1434,0.367880,0.074583
1435,0.371950,0.089267
1436,0.375177,0.104160
1437,0.377551,0.119213
1438,0.379063,0.134377
1439,0.379710,0.149604
1440,0.379488,0.164843
1441,0.378398,0.180046
1442,0.376444,0.195163
1443,0.373632,0.210144
1444,0.369972,0.224941
1445,0.365493,0.239134
1446,0.360209,0.253422
1447,0.354120,0.267386
1448,0.347246,0.280982
1449,0.339608,0.294165
1450,0.331231,0.306891
1451,0.322143,0.319121
1452,0.312372,0.330813
1453,0.301951,0.341931
1454,0.290913,0.352437
1455,0.279295,0.362298
1456,0.267132,0.371481
1457,0.254466,0.379957
1458,0.241338,0.387699
1459,0.227789,0.394680
1460,0.213863,0.400879
1461,0.199607,0.406274
1462,0.185066,0.410849
1463,0.170287,0.414589
1464,0.155319,0.417481
1465,0.140210,0.419515
1466,0.125008,0.420686
1467,0.109764,0.420989
1468,0.094527,0.420423
1469,0.079346,0.418991
1470,0.064271,0.416695
1471,0.049350,0.413545
1472,0.034633,0.409550
1473,0.020166,0.404723
1474,0.005997,0.399079
1475,-0.007828,0.392638
1476,-0.020902,0.385504
1477,-0.033915,0.377566
1478,-0.046456,0.368901
1479,-0.058483,0.359534
1480,-0.069958,0.349498
1481,-0.080843,0.338824
1482,-0.091103,0.327547
1483,-0.100705,0.315703
1484,-0.109616,0.303331
1485,-0.117809,0.290471
1486,-0.125256,0.277164
1487,-0.131934,0.263455
1488,-0.137820,0.249387
1489,-0.142895,0.235005
1490,-0.147144,0.220358
1491,-0.150551,0.205491
1492,-0.153106,0.190455
1493,-0.154801,0.175296
1494,-0.155629,0.160065
1495,-0.155588,0.144810
1496,-0.154679,0.129583
1497,-0.152904,0.114431
1498,-0.150268,0.099404
1499,-0.146781,0.084551
1500,-0.142453,0.069920
1501,-0.137299,0.055559
1502,-0.131335,0.041514
1503,-0.124580,0.027831
1504,-0.117057,0.014554
1505,-0.108789,0.001727
1506,-0.099804,-0.010608
1507,-0.090130,-0.022413
1508,-0.079981,-0.033316
1509,-0.069062,-0.043956
1510,-0.057555,-0.053957
1511,-0.045496,-0.063288
1512,-0.032925,-0.071917
1513,-0.019882,-0.079816
1514,-0.006409,-0.086960
1515,0.007448,-0.093325
1516,0.021647,-0.098891
1517,0.036140,-0.103639
1518,0.050881,-0.107554
1519,0.065822,-0.110624
1520,0.080914,-0.112838
1521,0.096108,-0.114188
1522,0.111355,-0.114671
1523,0.126606,-0.114285
1524,0.141810,-0.113031
1525,0.156919,-0.110912
1526,0.171884,-0.107937
1527,0.186656,-0.104114
1528,0.201186,-0.099455
1529,0.215428,-0.093976
1530,0.229336,-0.087695
1531,0.242864,-0.080631
1532,0.255968,-0.072808
1533,0.268606,-0.064250
1534,0.280737,-0.054987
1535,0.292321,-0.045047
1536,0.303320,-0.034463
1537,0.313699,-0.023269
1538,0.323118,-0.011714
1539,0.332178,0.000561
1540,0.340527,0.013331
1541,0.348136,0.026556
1542,0.354979,0.040194
1543,0.361034,0.054200
1544,0.366282,0.068529
1545,0.370706,0.083134
1546,0.374291,0.097968
1547,0.377025,0.112983
1548,0.378900,0.128130
1549,0.379909,0.143359
1550,0.380049,0.158622
1551,0.379319,0.173869
1552,0.377722,0.189051
1553,0.375263,0.204117
1554,0.371949,0.219020
1555,0.367792,0.233710
1556,0.362805,0.248140
1557,0.357004,0.262264
1558,0.350407,0.276034
1559,0.343037,0.289407
1560,0.334916,0.302339
1561,0.326072,0.314789
1562,0.316532,0.326715
1563,0.306328,0.338078
1564,0.295493,0.348843
1565,0.284062,0.358973
1566,0.272072,0.368436
1567,0.259562,0.377201
1568,0.246573,0.385240
1569,0.233146,0.392526
1570,0.219612,0.398798
1571,0.205465,0.404538
1572,0.191014,0.409465
1573,0.176305,0.413561
1574,0.161386,0.416813
1575,0.146306,0.419209
1576,0.131113,0.420743
1577,0.115856,0.421409
1578,0.100586,0.421206
1579,0.085351,0.420132
1580,0.070202,0.418193
1581,0.055187,0.415393
1582,0.040355,0.411743
1583,0.025754,0.407254
1584,0.011433,0.401940
1585,-0.002564,0.395819
1586,-0.016189,0.388911
1587,-0.029400,0.381237
1588,-0.042153,0.372823
1589,-0.054406,0.363696
1590,-0.066120,0.353885
1591,-0.077256,0.343422
1592,-0.087779,0.332342
1593,-0.097655,0.320680
1594,-0.106850,0.308474
1595,-0.115336,0.295763
1596,-0.123084,0.282589
1597,-0.130070,0.268995
1598,-0.136270,0.255024
1599,-0.141665,0.240722
1600,-0.146236,0.226135
1601,-0.149781,0.211633
1602,-0.152695,0.196635
1603,-0.154753,0.181497
1604,-0.155945,0.166265
1605,-0.156267,0.150989
1606,-0.155719,0.135719
1607,-0.154303,0.120504
1608,-0.152021,0.105394
1609,-0.148883,0.090438
1610,-0.144898,0.075685
1611,-0.140078,0.061182
1612,-0.134441,0.046976
1613,-0.128003,0.033114
1614,-0.120785,0.019640
1615,-0.112812,0.006599
1616,-0.104108,-0.005967
1617,-0.094702,-0.018018
1618,-0.084625,-0.029514
1619,-0.073909,-0.040418
1620,-0.062589,-0.050694
1621,-0.050701,-0.060309
1622,-0.038285,-0.069232
1623,-0.025380,-0.077433
1624,-0.012028,-0.084886
1625,0.001728,-0.091567
1626,0.015842,-0.097454
1627,0.030269,-0.102528
1628,0.044962,-0.106772
1629,0.059873,-0.110172
1630,0.074955,-0.112717
1631,0.090158,-0.114400
1632,0.105433,-0.115214
1633,0.120369,-0.115062
1634,0.135630,-0.114168
1635,0.150816,-0.112408
1636,0.165878,-0.109785
1637,0.180767,-0.106309
1638,0.195434,-0.101991
1639,0.209831,-0.096843
1640,0.223913,-0.090884
1641,0.237633,-0.084132
1642,0.250947,-0.076609
1643,0.263812,-0.068340
1644,0.276184,-0.059351
1645,0.288026,-0.049672
1646,0.299297,-0.039333
1647,0.309962,-0.028369
1648,0.319985,-0.016815
1649,0.329334,-0.004708
1650,0.337979,0.007912
1651,0.345891,0.021005
1652,0.353045,0.034528
1653,0.359417,0.048437
1654,0.364987,0.062686
1655,0.369737,0.077231
1656,0.373650,0.092023
1657,0.376715,0.107014
1658,0.378921,0.122156
1659,0.380261,0.137400
1660,0.380731,0.152697
1661,0.380328,0.167995
1662,0.379055,0.183247
1663,0.376915,0.198402
1664,0.373916,0.213411
1665,0.370062,0.227854
1666,0.365411,0.242428
1667,0.359938,0.256714
1668,0.353660,0.270665
1669,0.346597,0.284237
1670,0.338772,0.297385
1671,0.330211,0.310066
1672,0.320941,0.322240
1673,0.310992,0.333866
1674,0.300397,0.344907
1675,0.289190,0.355327
1676,0.277407,0.365093
1677,0.265086,0.374171
1678,0.252268,0.382534
1679,0.238993,0.390153
1680,0.225306,0.397004
1681,0.211250,0.403064
1682,0.196872,0.408315
1683,0.182217,0.412737
1684,0.167333,0.416319
1685,0.152269,0.419046
1686,0.137073,0.420912
1687,0.121795,0.421908
1688,0.106485,0.422033
1689,0.091192,0.421286
1690,0.075965,0.419669
1691,0.060855,0.417187
1692,0.045910,0.413848
1693,0.031179,0.409664
1694,0.016710,0.404646
1695,0.002549,0.398813
1696,-0.010889,0.392244
1697,-0.024303,0.384871
1698,-0.037277,0.376748
1699,-0.049768,0.367900
1700,-0.061734,0.358353
1701,-0.073138,0.348141
1702,-0.083942,0.337295
1703,-0.094112,0.325850
1704,-0.103613,0.313845
1705,-0.112415,0.301317
1706,-0.120490,0.288308
1707,-0.127811,0.274860
1708,-0.134355,0.261016
1709,-0.140099,0.246821
1710,-0.145026,0.232321
1711,-0.149119,0.217564
1712,-0.152365,0.202597
1713,-0.154754,0.187469
1714,-0.156276,0.172228
1715,-0.156929,0.156926
1716,-0.156709,0.141610
1717,-0.155616,0.126331
1718,-0.153655,0.111138
1719,-0.150832,0.096082
1720,-0.147156,0.081210
1721,-0.142638,0.066570
1722,-0.137294,0.052212
1723,-0.131140,0.038180
1724,-0.124197,0.024522
1725,-0.116487,0.011280
1726,-0.108034,-0.001501
1727,-0.098868,-0.013781
1728,-0.089174,-0.025181
1729,-0.078702,-0.036356
1730,-0.067610,-0.046917
1731,-0.055935,-0.056830
1732,-0.043713,-0.066061
1733,-0.030985,-0.074582
1734,-0.017792,-0.082365
1735,-0.004176,-0.089384
1736,0.009817,-0.095616
1737,0.024144,-0.101041
1738,0.038757,-0.105642
1739,0.053609,-0.109402
1740,0.068651,-0.112311
1741,0.083835,-0.114359
1742,0.099112,-0.115538
1743,0.114432,-0.115845
1744,0.129745,-0.115280
1745,0.145002,-0.113842
1746,0.160153,-0.111538
1747,0.175148,-0.108375
1748,0.189939,-0.104363
1749,0.204479,-0.099514
1750,0.218719,-0.093845
1751,0.232614,-0.087374
1752,0.246118,-0.080122
1753,0.259187,-0.072112
1754,0.271780,-0.063370
1755,0.283855,-0.053925
1756,0.295372,-0.043807
1757,0.306295,-0.033049
1758,0.316588,-0.021686
1759,0.326218,-0.009754
1760,0.334865,0.002472
1761,0.343101,0.015395
1762,0.350587,0.028767
1763,0.357301,0.042544
1764,0.363219,0.056681
1765,0.368322,0.071133
1766,0.372594,0.085853
1767,0.376021,0.100792
1768,0.378591,0.115904
1769,0.380297,0.131137
1770,0.381132,0.146444
1771,0.381094,0.161774
1772,0.380183,0.177077
1773,0.378401,0.192305
1774,0.375755,0.207406
1775,0.372253,0.222333
1776,0.367907,0.237037
1777,0.362729,0.251470
1778,0.356738,0.265585
1779,0.349952,0.279337
1780,0.342394,0.292680
1781,0.334088,0.305572
1782,0.325060,0.317970
1783,0.315341,0.329834
1784,0.304961,0.341125
1785,0.293955,0.351808
1786,0.282357,0.361847
1787,0.270207,0.371209
1788,0.257542,0.379864
1789,0.244404,0.387784
1790,0.230836,0.394943
1791,0.217165,0.401076
1792,0.202890,0.406673
1793,0.188321,0.411451
1794,0.173503,0.415391
1795,0.158484,0.418481
1796,0.143312,0.420711
1797,0.128038,0.422073
1798,0.112710,0.422563
1799,0.097379,0.422179
