0,-1.975450,-1.919960
1,-1.963734,-1.916382
2,-1.947723,-1.910674
3,-1.932060,-1.904072
4,-1.916798,-1.896591
5,-1.912544,-1.894476
6,-1.904605,-1.885147
7,-1.894663,-1.871364
8,-1.885566,-1.857006
9,-1.877301,-1.842154
10,-1.869894,-1.826855
11,-1.863370,-1.811159
12,-1.857749,-1.795118
13,-1.853050,-1.778783
14,-1.849288,-1.762207
15,-1.846475,-1.745444
16,-1.844621,-1.728548
17,-1.843731,-1.711573
18,-1.843807,-1.694576
19,-1.844851,-1.677611
20,-1.845170,-1.672871
21,-1.845170,-1.672871
22,-1.845170,-1.672871
23,-1.845170,-1.672871
24,-1.845170,-1.672871
25,-1.845170,-1.672871
26,-1.845170,-1.672871
27,-1.845170,-1.672871
28,-1.845170,-1.672871
29,-1.845170,-1.672871
30,-1.845170,-1.672871
31,-1.845170,-1.672871
32,-1.832947,-1.673685
33,-1.815955,-1.673451
34,-1.799004,-1.672196
35,-1.782152,-1.669978
36,-1.765453,-1.666805
37,-1.748962,-1.662687
38,-1.732731,-1.657638
39,-1.716815,-1.651673
40,-1.701264,-1.644812
41,-1.686128,-1.637078
42,-1.681910,-1.634892
43,-1.674127,-1.625433
44,-1.664416,-1.611487
45,-1.655559,-1.596980
46,-1.647542,-1.581992
47,-1.640390,-1.566572
48,-1.634127,-1.550770
49,-1.628774,-1.534637
50,-1.624347,-1.518227
51,-1.620861,-1.501590
52,-1.618328,-1.484783
53,-1.616754,-1.467858
54,-1.616146,-1.450871
55,-1.616506,-1.433878
56,-1.616633,-1.429129
57,-1.616633,-1.429129
58,-1.616633,-1.429129
59,-1.616633,-1.429129
60,-1.616633,-1.429129
61,-1.616633,-1.429129
62,-1.616633,-1.429129
63,-1.616633,-1.429129
64,-1.616633,-1.429129
65,-1.616633,-1.429129
66,-1.616633,-1.429129
67,-1.616633,-1.429129
68,-1.604453,-1.430435
69,-1.587465,-1.430886
70,-1.570477,-1.430315
71,-1.553549,-1.428778
72,-1.536736,-1.426280
73,-1.520093,-1.422830
74,-1.503672,-1.418438
75,-1.487528,-1.413120
76,-1.471713,-1.406891
77,-1.456278,-1.399773
78,-1.441273,-1.391788
79,-1.426746,-1.382962
80,-1.412745,-1.373324
81,-1.399315,-1.362906
82,-1.386500,-1.351739
83,-1.374340,-1.339862
84,-1.362877,-1.327313
85,-1.352145,-1.314131
86,-1.342181,-1.300360
87,-1.333017,-1.286045
88,-1.324682,-1.271231
89,-1.317203,-1.255967
90,-1.310605,-1.240303
91,-1.304909,-1.224288
92,-1.300133,-1.207975
93,-1.296293,-1.191417
94,-1.293402,-1.174667
95,-1.291468,-1.157780
96,-1.290498,-1.140810
97,-1.290254,-1.136067
98,-1.290254,-1.136067
99,-1.290254,-1.136067
100,-1.290254,-1.136067
101,-1.290254,-1.136067
102,-1.290254,-1.136067
103,-1.290254,-1.136067
104,-1.290254,-1.136067
105,-1.290254,-1.136067
106,-1.290254,-1.136067
107,-1.290254,-1.136067
108,-1.290254,-1.136067
109,-1.278213,-1.138320
110,-1.261312,-1.140098
111,-1.244332,-1.140856
112,-1.227335,-1.140647
113,-1.210379,-1.139471
114,-1.193516,-1.137333
115,-1.176803,-1.134238
116,-1.160292,-1.130198
117,-1.144039,-1.125225
118,-1.128094,-1.119335
119,-1.112511,-1.112548
120,-1.097339,-1.104885
121,-1.082627,-1.096371
122,-1.068424,-1.087033
123,-1.054775,-1.076903
124,-1.041724,-1.066013
125,-1.029314,-1.054398
126,-1.017586,-1.042095
127,-1.006576,-1.029146
128,-0.996320,-1.015590
129,-0.986853,-1.001474
130,-0.978204,-0.986841
131,-0.970401,-0.971740
132,-0.963471,-0.956220
133,-0.957434,-0.940330
134,-0.952312,-0.924123
135,-0.948120,-0.907651
136,-0.944872,-0.890966
137,-0.942578,-0.874124
138,-0.941964,-0.869414
139,-0.941964,-0.869414
140,-0.941964,-0.869414
141,-0.941964,-0.869414
142,-0.941964,-0.869414
143,-0.941964,-0.869414
144,-0.941964,-0.869414
145,-0.941964,-0.869414
146,-0.941964,-0.869414
147,-0.941964,-0.869414
148,-0.941964,-0.869414
149,-0.941964,-0.869414
150,-0.941964,-0.869414
151,-0.929796,-0.867994
152,-0.913130,-0.864676
153,-0.896689,-0.860362
154,-0.880520,-0.855119
155,-0.864676,-0.848965
156,-0.849207,-0.841920
157,-0.834164,-0.834005
158,-0.819596,-0.825248
159,-0.805550,-0.815676
160,-0.792072,-0.805320
161,-0.779204,-0.794215
162,-0.766989,-0.782395
163,-0.755466,-0.769899
164,-0.744673,-0.756768
165,-0.734644,-0.743044
166,-0.725413,-0.728772
167,-0.717008,-0.713998
168,-0.709458,-0.698769
169,-0.702786,-0.683136
170,-0.697015,-0.667148
171,-0.695428,-0.662671
172,-0.695428,-0.662671
173,-0.695428,-0.662671
174,-0.695428,-0.662671
175,-0.695428,-0.662671
176,-0.695428,-0.662671
177,-0.695428,-0.662671
178,-0.695428,-0.662671
179,-0.695428,-0.662671
180,-0.695428,-0.662671
181,-0.695428,-0.662671
182,-0.695428,-0.662671
183,-0.695428,-0.662671
184,-0.695428,-0.662671
185,-0.683671,-0.659231
186,-0.667796,-0.653167
187,-0.652311,-0.646158
188,-0.637249,-0.638279
189,-0.622661,-0.629556
190,-0.608592,-0.620017
191,-0.595089,-0.609693
192,-0.582196,-0.598617
193,-0.569953,-0.586826
194,-0.558401,-0.574358
195,-0.547577,-0.561252
196,-0.537516,-0.547552
197,-0.534726,-0.543707
198,-0.534726,-0.543707
199,-0.536629,-0.531606
200,-0.540606,-0.515084
201,-0.541093,-0.509265
202,-0.539828,-0.510747
203,-0.539828,-0.510747
204,-0.539828,-0.510747
205,-0.539828,-0.510747
206,-0.539828,-0.510747
207,-0.539828,-0.510747
208,-0.539828,-0.510747
209,-0.539828,-0.510747
210,-0.539828,-0.510747
211,-0.539828,-0.510747
212,-0.539828,-0.510747
213,-0.539828,-0.510747
214,-0.527752,-0.508693
215,-0.523069,-0.507897
216,-0.517155,-0.507723
217,-0.508819,-0.507075
218,-0.500691,-0.503789
219,-0.492622,-0.497623
220,-0.483749,-0.487769
221,-0.479732,-0.489012
222,-0.474392,-0.494359
223,-0.466062,-0.498688
224,-0.457841,-0.501683
225,-0.450160,-0.503548
226,-0.443147,-0.504488
227,-0.436928,-0.504580
228,-0.431512,-0.504213
229,-0.427038,-0.503418
230,-0.426590,-0.503312
231,-0.426590,-0.503312
232,-0.426590,-0.503312
233,-0.426590,-0.503312
234,-0.426585,-0.503330
235,-0.426585,-0.503330
236,-0.426585,-0.503330
237,-0.426585,-0.503330
238,-0.426585,-0.503330
239,-0.426585,-0.503330
240,-0.426585,-0.503330
241,-0.426585,-0.503330
242,-0.426585,-0.503330
243,-0.415185,-0.498845
244,-0.408144,-0.499675
245,-0.403188,-0.502339
246,-0.398265,-0.504656
247,-0.393353,-0.506497
248,-0.388454,-0.507760
249,-0.383598,-0.508367
250,-0.376870,-0.504891
251,-0.371873,-0.511215
252,-0.367532,-0.517857
253,-0.361560,-0.523514
254,-0.354249,-0.528392
255,-0.346596,-0.532861
256,-0.338670,-0.536925
257,-0.330500,-0.540572
258,-0.322106,-0.543788
259,-0.313512,-0.546557
260,-0.304742,-0.548869
261,-0.295820,-0.550710
262,-0.286771,-0.552072
263,-0.277622,-0.552946
264,-0.268398,-0.553325
265,-0.262141,-0.552971
266,-0.264141,-0.554576
267,-0.267492,-0.557021
268,-0.270944,-0.559969
269,-0.274278,-0.563238
270,-0.277437,-0.566741
271,-0.280398,-0.570435
272,-0.283148,-0.574296
273,-0.285677,-0.578305
274,-0.287976,-0.582448
275,-0.290040,-0.586710
276,-0.291863,-0.591078
277,-0.293439,-0.595538
278,-0.294765,-0.600073
279,-0.295838,-0.604671
280,-0.296656,-0.609316
281,-0.297218,-0.613992
282,-0.297527,-0.618681
283,-0.297588,-0.623358
284,-0.297415,-0.628003
285,-0.297020,-0.632594
286,-0.296426,-0.637112
287,-0.295661,-0.641536
288,-0.294765,-0.645848
289,-0.293792,-0.650030
290,-0.292820,-0.654072
291,-0.291956,-0.657979
292,-0.291352,-0.661779
293,-0.291240,-0.665562
294,-0.291972,-0.669547
295,-0.292150,-0.670025
296,-0.291362,-0.676577
297,-0.286901,-0.682552
298,-0.281561,-0.688339
299,-0.275708,-0.693826
300,-0.269485,-0.698972
301,-0.262955,-0.703755
302,-0.256163,-0.708127
303,-0.249133,-0.712098
304,-0.241869,-0.715685
305,-0.234433,-0.718831
306,-0.226808,-0.721568
307,-0.219060,-0.723856
308,-0.211176,-0.725697
309,-0.203197,-0.727111
310,-0.195171,-0.728020
311,-0.187082,-0.728517
312,-0.179009,-0.728527
313,-0.170921,-0.728103
314,-0.162898,-0.727200
315,-0.154947,-0.725866
316,-0.147067,-0.724060
317,-0.139285,-0.721824
318,-0.131687,-0.719131
319,-0.124218,-0.716023
320,-0.116948,-0.712492
321,-0.109912,-0.708545
322,-0.103053,-0.704237
323,-0.096516,-0.699522
324,-0.090216,-0.694442
325,-0.084227,-0.689031
326,-0.078598,-0.683259
327,-0.073253,-0.677178
328,-0.068269,-0.670824
329,-0.063719,-0.664179
330,-0.059470,-0.657335
331,-0.055659,-0.650206
332,-0.052202,-0.642880
333,-0.049250,-0.635375
334,-0.046658,-0.627734
335,-0.044546,-0.619952
336,-0.042883,-0.612062
337,-0.041645,-0.604091
338,-0.040871,-0.596025
339,-0.040560,-0.587973
340,-0.040474,-0.580141
341,-0.040966,-0.572164
342,-0.035809,-0.564376
343,-0.033338,-0.557995
344,-0.033363,-0.551193
345,-0.034763,-0.544114
346,-0.037024,-0.536923
347,-0.039890,-0.529764
348,-0.043330,-0.522732
349,-0.047188,-0.515896
350,-0.051317,-0.509320
351,-0.055945,-0.502968
352,-0.060910,-0.496879
353,-0.066308,-0.491107
354,-0.071976,-0.485653
355,-0.077996,-0.480543
356,-0.084308,-0.475755
357,-0.090794,-0.471342
358,-0.097599,-0.467324
359,-0.104629,-0.463691
360,-0.111815,-0.460415
361,-0.119206,-0.457601
362,-0.126723,-0.455211
363,-0.134338,-0.453230
364,-0.142050,-0.451698
365,-0.149890,-0.450579
366,-0.157673,-0.449879
367,-0.165592,-0.449692
368,-0.173435,-0.449878
369,-0.181263,-0.450525
370,-0.189014,-0.451615
371,-0.196664,-0.453076
372,-0.204170,-0.454888
373,-0.211531,-0.457154
374,-0.218739,-0.459733
375,-0.225758,-0.462640
376,-0.232440,-0.465704
377,-0.238989,-0.469166
378,-0.245294,-0.473053
379,-0.251424,-0.477169
380,-0.257187,-0.481671
381,-0.262774,-0.486409
382,-0.268050,-0.491452
383,-0.273082,-0.496699
384,-0.277752,-0.502201
385,-0.282136,-0.507888
386,-0.286162,-0.513797
387,-0.289876,-0.519854
388,-0.293277,-0.526098
389,-0.296271,-0.532446
390,-0.298960,-0.538928
391,-0.301284,-0.545487
392,-0.303233,-0.552204
393,-0.304891,-0.558840
394,-0.306109,-0.565600
395,-0.306958,-0.572401
396,-0.307446,-0.579239
397,-0.307613,-0.586064
398,-0.307377,-0.592857
399,-0.306802,-0.599599
400,-0.305901,-0.606265
401,-0.304645,-0.612853
402,-0.303031,-0.619406
403,-0.301046,-0.625793
404,-0.298723,-0.632042
405,-0.296089,-0.638130
406,-0.293117,-0.644055
407,-0.289855,-0.649824
408,-0.286236,-0.655348
409,-0.282519,-0.660622
410,-0.278417,-0.665690
411,-0.274048,-0.670508
412,-0.269410,-0.675062
413,-0.264516,-0.679346
414,-0.259485,-0.683348
415,-0.254240,-0.687040
416,-0.248788,-0.690397
417,-0.243173,-0.693520
418,-0.237397,-0.696217
419,-0.231488,-0.698628
420,-0.225495,-0.700734
421,-0.219426,-0.702516
422,-0.213252,-0.703941
423,-0.206931,-0.705004
424,-0.200681,-0.705732
425,-0.194417,-0.706116
426,-0.188194,-0.706182
427,-0.181901,-0.705948
428,-0.175714,-0.705292
429,-0.169585,-0.704292
430,-0.163532,-0.702955
431,-0.157561,-0.701252
432,-0.151724,-0.699248
433,-0.145946,-0.696913
434,-0.140396,-0.694279
435,-0.135006,-0.691355
436,-0.129795,-0.688141
437,-0.124768,-0.684601
438,-0.119994,-0.680865
439,-0.115035,-0.677040
440,-0.110712,-0.672684
441,-0.106638,-0.668201
442,-0.102860,-0.663490
443,-0.099343,-0.658653
444,-0.096125,-0.653586
445,-0.093169,-0.648335
446,-0.090516,-0.642949
447,-0.088182,-0.637404
448,-0.086155,-0.631773
449,-0.084451,-0.626047
450,-0.083077,-0.620232
451,-0.082009,-0.614376
452,-0.081272,-0.608483
453,-0.080944,-0.602528
454,-0.080876,-0.596636
455,-0.081154,-0.590769
456,-0.081766,-0.584899
457,-0.082678,-0.579078
458,-0.083848,-0.573302
459,-0.085418,-0.567554
460,-0.087255,-0.562055
461,-0.089450,-0.556618
462,-0.091900,-0.551341
463,-0.094691,-0.546185
464,-0.097726,-0.541175
465,-0.101009,-0.536415
466,-0.104606,-0.531837
467,-0.108404,-0.527486
468,-0.112485,-0.523353
469,-0.116735,-0.519469
470,-0.121294,-0.515780
471,-0.125963,-0.512418
472,-0.130812,-0.509324
473,-0.135796,-0.506507
474,-0.140982,-0.503978
475,-0.146222,-0.501777
476,-0.151655,-0.499460
477,-0.157119,-0.497864
478,-0.162637,-0.496554
479,-0.168214,-0.495554
480,-0.173876,-0.494929
481,-0.179539,-0.494579
482,-0.185199,-0.494580
483,-0.190858,-0.494857
484,-0.196488,-0.495472
485,-0.202018,-0.496413
486,-0.207557,-0.497682
487,-0.212952,-0.499193
488,-0.218225,-0.501047
489,-0.223423,-0.503181
490,-0.228488,-0.505609
491,-0.233361,-0.508303
492,-0.238107,-0.511270
493,-0.242654,-0.514510
494,-0.246995,-0.518006
495,-0.251236,-0.521770
496,-0.255159,-0.525650
497,-0.258933,-0.529707
498,-0.262408,-0.533991
499,-0.265628,-0.538505
500,-0.268584,-0.543188
501,-0.271274,-0.548060
502,-0.273734,-0.553103
503,-0.275855,-0.558165
504,-0.277671,-0.563378
505,-0.279205,-0.568629
506,-0.280420,-0.574029
507,-0.281350,-0.579413
508,-0.281961,-0.584956
509,-0.282256,-0.590406
510,-0.282244,-0.595889
511,-0.281912,-0.601335
512,-0.281318,-0.606725
513,-0.280366,-0.612119
514,-0.279140,-0.617380
515,-0.277858,-0.622922
516,-0.276012,-0.628049
517,-0.273878,-0.633060
518,-0.271503,-0.637917
519,-0.268826,-0.642650
520,-0.265890,-0.647175
521,-0.262716,-0.651560
522,-0.259293,-0.655759
523,-0.255650,-0.659709
524,-0.251751,-0.663490
525,-0.247727,-0.667032
526,-0.243501,-0.670312
527,-0.239067,-0.673354
528,-0.234507,-0.676231
529,-0.229832,-0.678768
530,-0.224953,-0.680993
531,-0.219983,-0.682971
532,-0.214961,-0.684678
533,-0.209773,-0.686092
534,-0.204608,-0.687278
535,-0.199290,-0.688130
536,-0.193981,-0.688651
537,-0.188653,-0.688863
538,-0.183373,-0.688805
539,-0.178061,-0.688431
540,-0.172801,-0.687753
541,-0.167607,-0.686794
542,-0.162332,-0.685489
543,-0.157279,-0.683926
544,-0.152258,-0.682167
545,-0.147421,-0.680051
546,-0.142727,-0.677674
547,-0.138189,-0.675055
548,-0.133784,-0.672169
549,-0.129473,-0.668957
550,-0.125456,-0.665627
551,-0.121640,-0.662076
552,-0.118031,-0.658318
553,-0.114586,-0.654362
554,-0.111411,-0.650184
555,-0.108425,-0.645752
556,-0.105762,-0.641286
557,-0.103361,-0.636635
558,-0.101219,-0.631910
559,-0.099348,-0.627018
560,-0.097760,-0.622106
561,-0.096465,-0.617070
562,-0.095437,-0.611898
563,-0.094719,-0.606788
564,-0.094285,-0.601613
565,-0.094136,-0.596475
566,-0.094281,-0.591304
567,-0.094726,-0.586155
568,-0.095442,-0.581076
569,-0.096225,-0.575680
570,-0.097533,-0.570709
571,-0.099162,-0.565833
572,-0.101069,-0.561010
573,-0.103185,-0.556341
574,-0.105562,-0.551803
575,-0.108305,-0.547382
576,-0.111172,-0.543148
577,-0.114281,-0.539086
578,-0.117575,-0.535146
579,-0.121134,-0.531448
580,-0.124852,-0.527985
581,-0.128811,-0.524733
582,-0.132967,-0.521751
583,-0.137242,-0.518973
584,-0.141645,-0.516442
585,-0.146220,-0.514185
586,-0.150880,-0.512188
587,-0.155661,-0.510433
588,-0.160607,-0.508607
589,-0.165921,-0.507501
590,-0.170923,-0.506603
591,-0.175949,-0.505984
592,-0.181029,-0.505658
593,-0.186066,-0.505605
594,-0.191124,-0.505845
595,-0.196114,-0.506358
596,-0.201106,-0.507188
597,-0.206042,-0.508287
598,-0.210864,-0.509636
599,-0.215665,-0.511310
600,-0.220301,-0.513191
601,-0.224821,-0.515332
602,-0.229225,-0.517755
603,-0.233478,-0.520404
604,-0.237591,-0.523309
605,-0.241502,-0.526402
606,-0.245266,-0.529785
607,-0.248798,-0.533297
608,-0.252121,-0.537009
609,-0.255323,-0.540864
610,-0.258201,-0.544954
611,-0.260849,-0.549195
612,-0.263245,-0.553521
613,-0.265401,-0.558026
614,-0.267291,-0.562594
615,-0.268916,-0.567295
616,-0.270286,-0.572072
617,-0.271407,-0.576941
618,-0.272186,-0.581895
619,-0.272712,-0.586846
620,-0.272968,-0.591764
621,-0.272931,-0.596746
622,-0.272632,-0.601661
623,-0.272022,-0.606583
624,-0.271096,-0.611566
625,-0.269961,-0.616333
626,-0.268585,-0.621017
627,-0.266876,-0.625671
628,-0.264971,-0.630161
629,-0.262818,-0.634534
630,-0.260516,-0.639167
631,-0.257874,-0.643264
632,-0.254942,-0.647231
633,-0.251846,-0.651006
634,-0.248494,-0.654633
635,-0.244991,-0.658033
636,-0.241202,-0.661211
637,-0.237347,-0.664178
638,-0.233335,-0.666930
639,-0.229119,-0.669430
640,-0.224798,-0.671686
641,-0.220326,-0.673693
642,-0.215836,-0.675468
643,-0.211211,-0.676952
644,-0.206534,-0.678197
645,-0.201762,-0.679171
646,-0.196999,-0.679884
647,-0.192168,-0.680375
648,-0.187302,-0.680514
649,-0.182359,-0.680428
650,-0.177522,-0.680023
651,-0.172761,-0.679376
652,-0.167987,-0.678437
653,-0.163329,-0.677260
654,-0.158716,-0.675791
655,-0.154230,-0.674093
656,-0.149725,-0.672074
657,-0.145430,-0.669817
658,-0.141320,-0.667397
659,-0.137355,-0.664750
660,-0.133547,-0.661884
661,-0.129887,-0.658751
662,-0.126346,-0.655363
663,-0.123107,-0.651842
664,-0.120053,-0.648192
665,-0.117196,-0.644337
666,-0.114577,-0.640372
667,-0.112128,-0.636250
668,-0.109971,-0.632019
669,-0.107979,-0.627485
670,-0.106323,-0.623040
671,-0.104916,-0.618494
672,-0.103784,-0.613879
673,-0.102919,-0.609223
674,-0.102327,-0.604501
675,-0.101981,-0.599806
676,-0.101901,-0.594858
677,-0.102093,-0.590154
678,-0.102552,-0.585469
679,-0.103281,-0.580828
680,-0.104290,-0.576186
681,-0.105532,-0.571655
682,-0.107057,-0.567164
683,-0.108622,-0.562421
684,-0.110677,-0.558136
685,-0.112924,-0.554007
686,-0.115441,-0.549966
687,-0.118223,-0.546173
688,-0.121170,-0.542487
689,-0.124254,-0.538996
690,-0.127582,-0.535661
691,-0.131052,-0.532537
692,-0.134728,-0.529592
693,-0.138515,-0.526883
694,-0.142503,-0.524379
695,-0.146572,-0.522117
696,-0.150812,-0.520093
697,-0.155091,-0.518310
698,-0.159539,-0.516763
699,-0.164075,-0.515411
700,-0.168603,-0.514372
701,-0.173178,-0.513593
702,-0.177959,-0.513084
703,-0.182567,-0.512831
704,-0.187240,-0.512853
705,-0.191846,-0.513123
706,-0.196471,-0.513702
707,-0.200999,-0.514495
708,-0.205527,-0.515570
709,-0.210090,-0.516930
710,-0.214424,-0.518488
711,-0.218703,-0.520316
712,-0.222816,-0.522353
713,-0.226860,-0.524661
714,-0.230727,-0.527139
715,-0.234857,-0.529807
716,-0.238470,-0.532755
717,-0.241844,-0.535884
718,-0.245100,-0.539236
719,-0.248093,-0.542754
720,-0.250883,-0.546370
721,-0.253490,-0.550189
722,-0.255859,-0.554095
723,-0.257993,-0.558224
724,-0.259900,-0.562369
725,-0.261568,-0.566613
726,-0.262991,-0.570996
727,-0.264149,-0.575410
728,-0.265067,-0.579923
729,-0.265735,-0.584426
730,-0.266138,-0.589010
731,-0.266284,-0.593616
732,-0.266241,-0.598254
733,-0.265885,-0.602762
734,-0.265253,-0.607424
735,-0.264343,-0.611934
736,-0.263230,-0.616312
737,-0.261873,-0.620620
738,-0.260240,-0.624883
739,-0.258401,-0.629004
740,-0.256300,-0.633060
741,-0.253911,-0.637065
742,-0.251363,-0.640811
743,-0.248648,-0.644405
744,-0.245678,-0.647858
745,-0.242572,-0.651106
746,-0.239205,-0.654194
747,-0.235779,-0.657059
748,-0.232055,-0.660144
749,-0.228322,-0.662594
750,-0.224445,-0.664837
751,-0.220447,-0.666858
752,-0.216250,-0.668617
753,-0.212061,-0.670154
754,-0.207726,-0.671445
755,-0.203394,-0.672505
756,-0.198949,-0.673302
757,-0.194524,-0.673855
758,-0.190023,-0.674160
759,-0.185564,-0.674221
760,-0.181060,-0.674015
761,-0.176637,-0.673540
762,-0.172146,-0.672718
763,-0.167804,-0.671774
764,-0.163499,-0.670580
765,-0.159311,-0.669171
766,-0.155101,-0.667533
767,-0.150990,-0.665621
768,-0.147107,-0.663521
769,-0.143319,-0.661155
770,-0.139704,-0.658627
771,-0.136194,-0.655860
772,-0.132883,-0.652941
773,-0.129731,-0.649771
774,-0.126704,-0.646371
775,-0.123951,-0.642898
776,-0.121402,-0.639283
777,-0.119012,-0.635569
778,-0.116873,-0.631670
779,-0.114974,-0.627682
780,-0.113295,-0.623645
781,-0.111847,-0.619468
782,-0.110259,-0.615034
783,-0.109316,-0.610716
784,-0.108619,-0.606368
785,-0.108168,-0.601972
786,-0.107996,-0.597573
787,-0.108023,-0.593203
788,-0.108343,-0.588757
789,-0.108865,-0.584422
790,-0.109662,-0.580134
791,-0.110691,-0.575885
792,-0.112027,-0.571629
793,-0.113487,-0.567466
794,-0.115184,-0.563480
795,-0.117142,-0.559629
796,-0.119322,-0.555811
797,-0.121660,-0.552172
798,-0.124258,-0.548647
799,-0.126995,-0.545310
800,-0.129928,-0.542057
801,-0.133055,-0.539040
802,-0.136457,-0.536113
803,-0.139924,-0.533483
804,-0.143486,-0.531041
805,-0.147242,-0.528786
806,-0.151054,-0.526766
807,-0.155045,-0.524973
808,-0.159075,-0.523427
809,-0.163210,-0.522026
810,-0.167539,-0.520882
811,-0.171793,-0.520035
812,-0.176023,-0.519416
813,-0.180341,-0.519058
814,-0.184613,-0.518918
815,-0.188942,-0.519051
816,-0.193192,-0.519396
817,-0.197380,-0.519900
818,-0.201873,-0.520811
819,-0.206059,-0.521906
820,-0.210126,-0.523202
821,-0.214157,-0.524769
822,-0.218045,-0.526514
823,-0.221867,-0.528540
824,-0.225512,-0.530751
825,-0.229143,-0.533168
826,-0.232645,-0.535830
827,-0.235864,-0.538567
828,-0.238966,-0.541543
829,-0.241867,-0.544667
830,-0.244567,-0.547945
831,-0.247081,-0.551339
832,-0.249424,-0.554949
833,-0.251535,-0.558604
834,-0.253855,-0.562537
835,-0.255524,-0.566486
836,-0.256934,-0.570479
837,-0.258131,-0.574578
838,-0.259114,-0.578682
839,-0.259873,-0.582833
840,-0.260367,-0.587105
841,-0.260673,-0.591424
842,-0.260700,-0.595683
843,-0.260470,-0.599923
844,-0.260041,-0.604074
845,-0.259331,-0.608255
846,-0.258420,-0.612313
847,-0.257296,-0.616335
848,-0.255915,-0.620354
849,-0.254323,-0.624250
850,-0.252541,-0.628114
851,-0.250550,-0.631779
852,-0.248351,-0.635325
853,-0.245957,-0.638740
854,-0.243186,-0.642184
855,-0.240416,-0.645295
856,-0.237476,-0.648245
857,-0.234313,-0.651053
858,-0.231086,-0.653638
859,-0.227615,-0.656056
860,-0.224115,-0.658253
861,-0.220499,-0.660249
862,-0.216641,-0.662107
863,-0.212746,-0.663685
864,-0.208844,-0.665029
865,-0.204834,-0.666151
866,-0.200783,-0.667029
867,-0.196715,-0.667695
868,-0.192518,-0.668205
869,-0.188400,-0.668400
870,-0.184113,-0.668369
871,-0.180003,-0.668097
872,-0.175845,-0.667570
873,-0.171795,-0.666833
874,-0.167795,-0.665849
875,-0.163670,-0.664627
876,-0.159843,-0.663225
877,-0.156038,-0.661568
878,-0.151957,-0.659874
879,-0.148420,-0.657828
880,-0.144951,-0.655549
881,-0.141668,-0.653121
882,-0.138492,-0.650456
883,-0.135506,-0.647679
884,-0.132683,-0.644737
885,-0.129992,-0.641565
886,-0.127506,-0.638249
887,-0.125269,-0.634863
888,-0.123184,-0.631368
889,-0.121281,-0.627683
890,-0.119609,-0.623977
891,-0.118180,-0.620106
892,-0.116972,-0.616171
893,-0.115951,-0.612275
894,-0.115157,-0.608325
895,-0.114593,-0.604267
896,-0.114253,-0.600256
897,-0.114071,-0.596187
898,-0.114215,-0.591958
899,-0.114569,-0.587952
900,-0.115141,-0.583970
901,-0.115973,-0.579948
902,-0.116994,-0.576061
903,-0.118230,-0.572239
904,-0.119720,-0.568428
905,-0.121429,-0.564655
906,-0.123352,-0.561076
907,-0.125417,-0.557639
908,-0.127719,-0.554297
909,-0.130206,-0.550929
910,-0.132876,-0.547891
911,-0.135642,-0.545034
912,-0.138563,-0.542330
913,-0.141771,-0.539347
914,-0.143523,-0.534646
915,-0.146137,-0.530421
916,-0.149566,-0.527476
917,-0.153204,-0.524940
918,-0.157042,-0.522664
919,-0.160950,-0.520632
920,-0.164964,-0.518834
921,-0.169131,-0.517268
922,-0.173329,-0.515961
923,-0.177583,-0.514889
924,-0.181954,-0.514033
925,-0.186289,-0.513420
926,-0.190755,-0.512943
927,-0.195128,-0.512704
928,-0.199572,-0.512859
929,-0.203945,-0.513236
930,-0.208288,-0.513861
931,-0.212641,-0.514765
932,-0.216883,-0.515876
933,-0.221217,-0.517267
934,-0.225334,-0.518856
935,-0.229326,-0.520670
936,-0.233245,-0.522759
937,-0.236998,-0.525017
938,-0.240616,-0.527485
939,-0.244230,-0.530306
940,-0.247541,-0.533171
941,-0.250679,-0.536219
942,-0.253660,-0.539503
943,-0.256428,-0.542886
944,-0.258972,-0.546417
945,-0.261943,-0.550263
946,-0.264224,-0.554075
947,-0.266187,-0.558030
948,-0.267912,-0.562070
949,-0.269392,-0.566182
950,-0.270610,-0.570447
951,-0.271542,-0.574716
952,-0.272284,-0.579012
953,-0.272792,-0.583342
954,-0.273037,-0.587754
955,-0.273052,-0.592115
956,-0.272784,-0.596466
957,-0.272267,-0.600847
958,-0.271543,-0.605141
959,-0.270579,-0.609387
960,-0.269336,-0.613621
961,-0.267983,-0.617753
962,-0.266273,-0.621824
963,-0.264375,-0.625726
964,-0.262403,-0.629708
965,-0.260026,-0.633586
966,-0.257511,-0.637178
967,-0.254802,-0.640584
968,-0.251845,-0.643850
969,-0.248765,-0.646915
970,-0.245516,-0.649798
971,-0.241956,-0.652582
972,-0.238399,-0.655087
973,-0.234709,-0.657375
974,-0.230837,-0.659453
975,-0.226914,-0.661303
976,-0.222892,-0.662924
977,-0.218490,-0.664625
978,-0.214267,-0.665851
979,-0.210009,-0.666783
980,-0.205657,-0.667406
981,-0.201337,-0.667811
982,-0.196963,-0.667973
983,-0.192487,-0.668186
984,-0.188080,-0.667939
985,-0.183733,-0.667370
986,-0.179479,-0.666564
987,-0.175219,-0.665480
988,-0.171075,-0.664196
989,-0.167013,-0.662680
990,-0.163011,-0.660791
991,-0.159159,-0.658819
992,-0.155419,-0.656638
993,-0.151808,-0.654250
994,-0.148340,-0.651663
995,-0.144927,-0.648950
996,-0.141663,-0.645875
997,-0.138555,-0.642631
998,-0.135734,-0.639331
999,-0.133096,-0.635820
1000,-0.130678,-0.632220
1001,-0.128503,-0.628497
1002,-0.126300,-0.624608
1003,-0.124466,-0.620669
1004,-0.122840,-0.616516
1005,-0.121526,-0.612337
1006,-0.120454,-0.608156
1007,-0.119626,-0.603922
1008,-0.119057,-0.599587
1009,-0.118716,-0.595289
1010,-0.118308,-0.590556
1011,-0.118432,-0.586217
1012,-0.118827,-0.581908
1013,-0.119499,-0.577584
1014,-0.120388,-0.573354
1015,-0.121554,-0.569197
1016,-0.122991,-0.565054
1017,-0.124588,-0.561047
1018,-0.126405,-0.557136
1019,-0.128441,-0.553332
1020,-0.130842,-0.549668
1021,-0.133195,-0.545957
1022,-0.135793,-0.542499
1023,-0.138606,-0.539242
1024,-0.141603,-0.536165
1025,-0.144859,-0.533269
1026,-0.148183,-0.530571
1027,-0.151656,-0.528058
1028,-0.155321,-0.525727
1029,-0.159238,-0.523223
1030,-0.163188,-0.521326
1031,-0.167152,-0.519653
1032,-0.171202,-0.518212
1033,-0.175406,-0.517029
1034,-0.179591,-0.516064
1035,-0.183828,-0.515377
1036,-0.188090,-0.514900
1037,-0.192436,-0.514676
1038,-0.196726,-0.514673
1039,-0.200989,-0.514922
1040,-0.205345,-0.515364
1041,-0.209577,-0.516055
1042,-0.213748,-0.517000
1043,-0.217903,-0.518226
1044,-0.221933,-0.519642
1045,-0.225907,-0.521222
1046,-0.229796,-0.523130
1047,-0.233540,-0.525204
1048,-0.237160,-0.527485
1049,-0.240795,-0.530122
1050,-0.244130,-0.532801
1051,-0.247304,-0.535666
1052,-0.250333,-0.538763
1053,-0.253159,-0.541968
1054,-0.255798,-0.545327
1055,-0.258325,-0.549006
1056,-0.260575,-0.552644
1057,-0.262603,-0.556402
1058,-0.264415,-0.560320
1059,-0.266110,-0.564312
1060,-0.267559,-0.568350
1061,-0.269001,-0.572737
1062,-0.269983,-0.576971
1063,-0.270650,-0.581243
1064,-0.271028,-0.585501
1065,-0.271184,-0.589755
1066,-0.271079,-0.594075
1067,-0.270760,-0.598320
1068,-0.270199,-0.602538
1069,-0.269301,-0.606754
1070,-0.268259,-0.610872
1071,-0.266991,-0.614931
1072,-0.265453,-0.618958
1073,-0.263737,-0.622847
1074,-0.261773,-0.626621
1075,-0.259580,-0.630307
1076,-0.257228,-0.633852
1077,-0.254679,-0.637218
1078,-0.251961,-0.640671
1079,-0.249130,-0.643875
1080,-0.246066,-0.646812
1081,-0.242680,-0.649666
1082,-0.239294,-0.652243
1083,-0.235776,-0.654609
1084,-0.232069,-0.656777
1085,-0.228307,-0.658724
1086,-0.224443,-0.660453
1087,-0.220323,-0.661997
1088,-0.216259,-0.663291
1089,-0.212157,-0.664338
1090,-0.207945,-0.665136
1091,-0.203755,-0.665706
1092,-0.199542,-0.666035
1093,-0.195261,-0.666102
1094,-0.190636,-0.666189
1095,-0.186403,-0.665812
1096,-0.182155,-0.665141
1097,-0.178005,-0.664211
1098,-0.173899,-0.663112
1099,-0.169841,-0.661751
1100,-0.165922,-0.660202
1101,-0.162101,-0.658432
1102,-0.158348,-0.656403
1103,-0.154776,-0.654177
1104,-0.151324,-0.651783
1105,-0.147975,-0.649144
1106,-0.144806,-0.646380
1107,-0.141802,-0.643442
1108,-0.139002,-0.640238
1109,-0.136359,-0.636986
1110,-0.133900,-0.633584
1111,-0.131625,-0.629983
1112,-0.129565,-0.626326
1113,-0.127660,-0.622594
1114,-0.125981,-0.618533
1115,-0.124589,-0.614581
1116,-0.123210,-0.610529
1117,-0.122199,-0.606388
1118,-0.121449,-0.602247
1119,-0.120949,-0.598086
1120,-0.120709,-0.593845
1121,-0.120703,-0.589499
1122,-0.120923,-0.585317
1123,-0.121410,-0.581108
1124,-0.122105,-0.576981
1125,-0.123035,-0.572905
1126,-0.124244,-0.568837
1127,-0.125517,-0.564541
1128,-0.127101,-0.560572
1129,-0.128952,-0.556724
1130,-0.130992,-0.553058
1131,-0.133297,-0.549486
1132,-0.135779,-0.546112
1133,-0.138422,-0.542873
1134,-0.141291,-0.539754
1135,-0.144280,-0.536860
1136,-0.147376,-0.533986
1137,-0.150728,-0.531404
1138,-0.154154,-0.529020
1139,-0.157704,-0.526838
1140,-0.161432,-0.524856
1141,-0.165204,-0.523091
1142,-0.169047,-0.521472
1143,-0.173064,-0.520151
1144,-0.177086,-0.519041
1145,-0.181163,-0.518159
1146,-0.185350,-0.517527
1147,-0.189649,-0.517109
1148,-0.193818,-0.516930
1149,-0.198022,-0.517008
1150,-0.202204,-0.517308
1151,-0.206336,-0.517843
1152,-0.210483,-0.518648
1153,-0.214524,-0.519649
1154,-0.218642,-0.520908
1155,-0.222506,-0.522383
1156,-0.226445,-0.524032
1157,-0.230163,-0.525891
1158,-0.233750,-0.527967
1159,-0.237207,-0.530248
1160,-0.241071,-0.532815
1161,-0.244246,-0.535508
1162,-0.247261,-0.538363
1163,-0.250111,-0.541381
1164,-0.252786,-0.544556
1165,-0.255293,-0.547934
1166,-0.257567,-0.551401
1167,-0.259649,-0.554981
1168,-0.261543,-0.558739
1169,-0.263224,-0.562532
1170,-0.264684,-0.566412
1171,-0.265852,-0.570442
1172,-0.266854,-0.574456
1173,-0.267634,-0.578522
1174,-0.268141,-0.582674
1175,-0.268583,-0.586877
1176,-0.268816,-0.591083
1177,-0.268703,-0.595273
1178,-0.268346,-0.599398
1179,-0.267718,-0.603636
1180,-0.266859,-0.607737
1181,-0.265797,-0.611740
1182,-0.264509,-0.615665
1183,-0.262953,-0.619555
1184,-0.261228,-0.623305
1185,-0.259292,-0.626949
1186,-0.257002,-0.630641
1187,-0.254664,-0.634044
1188,-0.252136,-0.637300
1189,-0.249365,-0.640435
1190,-0.246484,-0.643381
1191,-0.243441,-0.646156
1192,-0.240186,-0.648773
1193,-0.236671,-0.651588
1194,-0.233182,-0.653962
1195,-0.229541,-0.656067
1196,-0.225831,-0.657876
1197,-0.222037,-0.659456
1198,-0.218103,-0.660826
1199,-0.214156,-0.661979
1200,-0.210153,-0.662904
1201,-0.206079,-0.663569
1202,-0.201941,-0.664006
1203,-0.197842,-0.664241
1204,-0.193739,-0.664242
1205,-0.189594,-0.663965
1206,-0.185509,-0.663483
1207,-0.181470,-0.662786
1208,-0.177427,-0.661834
1209,-0.173485,-0.660691
1210,-0.169519,-0.659339
1211,-0.165717,-0.657757
1212,-0.162016,-0.655969
1213,-0.158464,-0.653934
1214,-0.154778,-0.651739
1215,-0.151385,-0.649337
1216,-0.148183,-0.646781
1217,-0.145145,-0.644047
1218,-0.142245,-0.641080
1219,-0.139542,-0.638019
1220,-0.136934,-0.634680
1221,-0.134585,-0.631294
1222,-0.132432,-0.627794
1223,-0.130490,-0.624209
1224,-0.128758,-0.620460
1225,-0.127240,-0.616672
1226,-0.125943,-0.612810
1227,-0.124543,-0.608491
1228,-0.123674,-0.604484
1229,-0.123074,-0.600447
1230,-0.122721,-0.596322
1231,-0.122572,-0.592229
1232,-0.122651,-0.588149
1233,-0.123081,-0.584003
1234,-0.123579,-0.579936
1235,-0.124326,-0.575945
1236,-0.125327,-0.571975
1237,-0.126532,-0.568078
1238,-0.127948,-0.564277
1239,-0.129532,-0.560494
1240,-0.131376,-0.556874
1241,-0.133462,-0.553321
1242,-0.135693,-0.549923
1243,-0.138111,-0.546661
1244,-0.140767,-0.543512
1245,-0.143539,-0.540543
1246,-0.146473,-0.537740
1247,-0.149763,-0.534988
1248,-0.152999,-0.532523
1249,-0.156368,-0.530262
1250,-0.159859,-0.528201
1251,-0.163449,-0.526405
1252,-0.167245,-0.524597
1253,-0.171021,-0.523097
1254,-0.175031,-0.521830
1255,-0.178941,-0.520825
1256,-0.182979,-0.520080
1257,-0.186969,-0.519539
1258,-0.190983,-0.519222
1259,-0.195039,-0.519055
1260,-0.199099,-0.519198
1261,-0.203282,-0.519590
1262,-0.207327,-0.520208
1263,-0.211285,-0.521023
1264,-0.215183,-0.522062
1265,-0.219063,-0.523366
1266,-0.222818,-0.524839
1267,-0.226478,-0.526523
1268,-0.230210,-0.528552
1269,-0.233661,-0.530645
1270,-0.236977,-0.532929
1271,-0.240126,-0.535501
1272,-0.243265,-0.538088
1273,-0.246165,-0.540870
1274,-0.248898,-0.543879
1275,-0.251869,-0.547152
1276,-0.254254,-0.550402
1277,-0.256432,-0.553834
1278,-0.258388,-0.557344
1279,-0.260136,-0.560954
1280,-0.261687,-0.564704
1281,-0.263037,-0.568489
1282,-0.264165,-0.572333
1283,-0.265018,-0.576305
1284,-0.265682,-0.580244
1285,-0.266136,-0.584219
1286,-0.266346,-0.588273
1287,-0.266353,-0.592277
1288,-0.266133,-0.596269
1289,-0.265653,-0.600302
1290,-0.265043,-0.604251
1291,-0.264168,-0.608225
1292,-0.263096,-0.612167
1293,-0.261803,-0.615967
1294,-0.260289,-0.619663
1295,-0.258493,-0.623380
1296,-0.256526,-0.626945
1297,-0.254404,-0.630328
1298,-0.252037,-0.633609
1299,-0.249543,-0.636722
1300,-0.246877,-0.639682
1301,-0.243992,-0.642507
1302,-0.240870,-0.645243
1303,-0.237740,-0.647704
1304,-0.234414,-0.649990
1305,-0.231023,-0.652083
1306,-0.227525,-0.653971
1307,-0.223864,-0.655656
1308,-0.220237,-0.657230
1309,-0.216228,-0.658531
1310,-0.212339,-0.659527
1311,-0.208431,-0.660479
1312,-0.204451,-0.661115
1313,-0.200492,-0.661525
1314,-0.196532,-0.661702
1315,-0.192521,-0.661628
1316,-0.188395,-0.661322
1317,-0.184467,-0.660821
1318,-0.180528,-0.660057
1319,-0.176686,-0.659107
1320,-0.172908,-0.657942
1321,-0.169156,-0.656517
1322,-0.165536,-0.654932
1323,-0.161549,-0.653159
1324,-0.158074,-0.651143
1325,-0.154743,-0.648939
1326,-0.151571,-0.646567
1327,-0.148516,-0.643962
1328,-0.145663,-0.641222
1329,-0.142961,-0.638345
1330,-0.140346,-0.635246
1331,-0.137879,-0.632091
1332,-0.135665,-0.628819
1333,-0.133699,-0.625407
1334,-0.131881,-0.621839
1335,-0.130275,-0.618252
1336,-0.128883,-0.614513
1337,-0.127697,-0.610762
1338,-0.126653,-0.606913
1339,-0.125879,-0.602989
1340,-0.125329,-0.599082
1341,-0.125007,-0.595155
1342,-0.124909,-0.591217
1343,-0.125055,-0.587132
1344,-0.125414,-0.583127
1345,-0.125982,-0.579228
1346,-0.126809,-0.575328
1347,-0.127824,-0.571513
1348,-0.129051,-0.567776
1349,-0.130497,-0.564053
1350,-0.132233,-0.560221
1351,-0.134050,-0.556740
1352,-0.136070,-0.553387
1353,-0.138281,-0.550162
1354,-0.140671,-0.547070
1355,-0.143231,-0.544121
1356,-0.146146,-0.540877
1357,-0.149032,-0.538183
1358,-0.152095,-0.535735
1359,-0.155268,-0.533451
1360,-0.158634,-0.531308
1361,-0.162044,-0.529382
1362,-0.165624,-0.527656
1363,-0.169241,-0.526162
1364,-0.172921,-0.524866
1365,-0.176727,-0.523775
1366,-0.180546,-0.522883
1367,-0.184395,-0.522211
1368,-0.188328,-0.521822
1369,-0.192317,-0.521444
1370,-0.196234,-0.521372
1371,-0.200130,-0.521549
1372,-0.204003,-0.521955
1373,-0.207905,-0.522630
1374,-0.211702,-0.523474
1375,-0.215443,-0.524532
1376,-0.219244,-0.525860
1377,-0.222902,-0.527406
1378,-0.226406,-0.529086
1379,-0.229806,-0.530963
1380,-0.233092,-0.533028
1381,-0.236288,-0.535333
1382,-0.239324,-0.537759
1383,-0.242316,-0.540469
1384,-0.245074,-0.543275
1385,-0.247656,-0.546187
1386,-0.250057,-0.549230
1387,-0.252286,-0.552459
1388,-0.254313,-0.555842
1389,-0.256255,-0.559230
1390,-0.257994,-0.562926
1391,-0.259476,-0.566505
1392,-0.260736,-0.570153
1393,-0.261774,-0.573921
1394,-0.262612,-0.577696
1395,-0.263231,-0.581500
1396,-0.263613,-0.585386
1397,-0.263785,-0.589408
1398,-0.263752,-0.593262
1399,-0.263490,-0.597100
1400,-0.262990,-0.600995
1401,-0.262301,-0.604780
1402,-0.261353,-0.608565
1403,-0.260235,-0.612248
1404,-0.258980,-0.616282
1405,-0.257409,-0.619906
1406,-0.255676,-0.623353
1407,-0.253627,-0.626621
1408,-0.251556,-0.629920
1409,-0.249210,-0.633053
1410,-0.246765,-0.636001
1411,-0.244157,-0.638800
1412,-0.241396,-0.641445
1413,-0.238380,-0.643894
1414,-0.235338,-0.646202
1415,-0.232175,-0.648338
1416,-0.228832,-0.650297
1417,-0.225438,-0.652070
1418,-0.221959,-0.653642
1419,-0.218368,-0.655083
1420,-0.214695,-0.656262
1421,-0.210994,-0.657236
1422,-0.207186,-0.657983
1423,-0.203392,-0.658535
1424,-0.199436,-0.658861
1425,-0.195547,-0.658958
1426,-0.191730,-0.658757
1427,-0.187862,-0.658548
1428,-0.184037,-0.658022
1429,-0.180271,-0.657279
1430,-0.176588,-0.656329
1431,-0.172449,-0.655175
1432,-0.168839,-0.653828
1433,-0.165358,-0.652259
1434,-0.161986,-0.650486
1435,-0.158724,-0.648525
1436,-0.155582,-0.646384
1437,-0.152534,-0.644006
1438,-0.149675,-0.641514
1439,-0.146956,-0.638853
1440,-0.144364,-0.636003
1441,-0.141937,-0.633065
1442,-0.139689,-0.630002
1443,-0.137612,-0.626759
1444,-0.135788,-0.623424
1445,-0.134143,-0.620040
1446,-0.132585,-0.616485
1447,-0.131233,-0.612843
1448,-0.130119,-0.609228
1449,-0.129226,-0.605561
1450,-0.128464,-0.601859
1451,-0.128034,-0.597885
1452,-0.127764,-0.594091
1453,-0.127712,-0.590308
1454,-0.127878,-0.586532
1455,-0.128294,-0.582712
1456,-0.128888,-0.578977
1457,-0.129690,-0.575288
1458,-0.130761,-0.571510
1459,-0.132016,-0.567856
1460,-0.133432,-0.564354
1461,-0.135099,-0.560905
1462,-0.136913,-0.557581
1463,-0.138901,-0.554379
1464,-0.141109,-0.551276
1465,-0.143576,-0.547994
1466,-0.146032,-0.544972
1467,-0.148741,-0.542207
1468,-0.151542,-0.539680
1469,-0.154526,-0.537323
1470,-0.157634,-0.535159
1471,-0.160819,-0.533182
1472,-0.164157,-0.531375
1473,-0.167579,-0.529747
1474,-0.171053,-0.528321
1475,-0.174604,-0.527100
1476,-0.178311,-0.526134
1477,-0.181970,-0.525326
1478,-0.185712,-0.524734
1479,-0.189468,-0.524328
1480,-0.193213,-0.524143
1481,-0.197017,-0.524201
1482,-0.200767,-0.524396
1483,-0.204490,-0.524849
1484,-0.208154,-0.525629
1485,-0.212086,-0.526478
1486,-0.215714,-0.527495
1487,-0.219286,-0.528796
1488,-0.222731,-0.530253
1489,-0.226077,-0.531904
1490,-0.229322,-0.533741
1491,-0.232492,-0.535843
1492,-0.235613,-0.538141
1493,-0.238503,-0.540502
1494,-0.241244,-0.543023
1495,-0.243856,-0.545751
1496,-0.246298,-0.548567
1497,-0.248569,-0.551513
1498,-0.250672,-0.554643
1499,-0.252958,-0.558045
1500,-0.254764,-0.561364
1501,-0.256317,-0.564846
1502,-0.257622,-0.568337
1503,-0.258752,-0.571879
1504,-0.259574,-0.575478
1505,-0.260407,-0.579254
1506,-0.260978,-0.582936
1507,-0.261314,-0.586628
1508,-0.261372,-0.590327
1509,-0.261236,-0.594085
1510,-0.260933,-0.597771
1511,-0.260425,-0.601432
1512,-0.259684,-0.605095
1513,-0.258753,-0.608706
1514,-0.257696,-0.612260
1515,-0.256374,-0.615719
1516,-0.254819,-0.619172
1517,-0.253126,-0.622472
1518,-0.251246,-0.625665
1519,-0.249028,-0.628918
1520,-0.246802,-0.631893
1521,-0.244409,-0.634717
1522,-0.241792,-0.637444
1523,-0.239096,-0.639931
1524,-0.236189,-0.642348
1525,-0.233156,-0.644621
1526,-0.229955,-0.646730
1527,-0.226770,-0.648595
1528,-0.223496,-0.650265
1529,-0.220086,-0.651737
1530,-0.216614,-0.653024
1531,-0.213108,-0.654110
1532,-0.209550,-0.654993
1533,-0.205555,-0.655919
1534,-0.201844,-0.656396
1535,-0.198095,-0.656630
1536,-0.194417,-0.656681
1537,-0.190748,-0.656521
1538,-0.187095,-0.656149
1539,-0.183392,-0.655545
1540,-0.179816,-0.654707
1541,-0.176289,-0.653717
1542,-0.172764,-0.652457
1543,-0.169369,-0.651078
1544,-0.166038,-0.649423
1545,-0.162764,-0.647726
1546,-0.159598,-0.645877
1547,-0.156564,-0.643699
1548,-0.153685,-0.641452
1549,-0.150937,-0.639046
1550,-0.148330,-0.636491
1551,-0.145859,-0.633748
1552,-0.143537,-0.630884
1553,-0.141333,-0.627817
1554,-0.139349,-0.624710
1555,-0.137568,-0.621432
1556,-0.135971,-0.618154
1557,-0.134565,-0.614795
1558,-0.133354,-0.611362
1559,-0.132355,-0.607789
1560,-0.131281,-0.603942
1561,-0.130605,-0.600285
1562,-0.130330,-0.596604
1563,-0.130084,-0.592836
1564,-0.130037,-0.589175
1565,-0.130277,-0.585554
1566,-0.130753,-0.581894
1567,-0.131370,-0.578329
1568,-0.132188,-0.574805
1569,-0.133205,-0.571333
1570,-0.134487,-0.567871
1571,-0.135927,-0.564557
1572,-0.137524,-0.561325
1573,-0.139294,-0.558178
1574,-0.141305,-0.555096
1575,-0.143414,-0.552163
1576,-0.145686,-0.549359
1577,-0.148067,-0.546639
1578,-0.150719,-0.544060
1579,-0.153433,-0.541660
1580,-0.156415,-0.539346
1581,-0.159483,-0.537269
1582,-0.162657,-0.535429
1583,-0.165827,-0.533641
1584,-0.169082,-0.532091
1585,-0.172414,-0.530742
1586,-0.175908,-0.529617
1587,-0.179367,-0.528663
1588,-0.183055,-0.527901
1589,-0.186600,-0.527346
1590,-0.190233,-0.527024
1591,-0.193824,-0.526876
1592,-0.197405,-0.526933
1593,-0.200975,-0.527195
1594,-0.204593,-0.527722
1595,-0.208503,-0.528276
1596,-0.212032,-0.529147
1597,-0.215460,-0.530226
1598,-0.218871,-0.531563
1599,-0.222152,-0.533016
1600,-0.225294,-0.534670
1601,-0.228443,-0.536566
1602,-0.231482,-0.538594
1603,-0.234343,-0.540734
1604,-0.237074,-0.543019
1605,-0.239687,-0.545497
1606,-0.242163,-0.548105
1607,-0.244471,-0.550816
1608,-0.246617,-0.553652
1609,-0.248596,-0.556697
1610,-0.250498,-0.559743
1611,-0.252148,-0.562908
1612,-0.253614,-0.566158
1613,-0.254905,-0.569571
1614,-0.256000,-0.572967
1615,-0.256908,-0.576561
1616,-0.257570,-0.580164
1617,-0.258061,-0.583692
1618,-0.258350,-0.587238
1619,-0.258363,-0.590740
1620,-0.258227,-0.594412
1621,-0.257949,-0.598056
1622,-0.257464,-0.601570
1623,-0.256862,-0.605572
1624,-0.255977,-0.609027
1625,-0.254883,-0.612399
1626,-0.253592,-0.615696
1627,-0.252051,-0.618963
1628,-0.250397,-0.622091
1629,-0.248540,-0.625092
1630,-0.246534,-0.627992
1631,-0.244293,-0.630818
1632,-0.241981,-0.633488
1633,-0.239525,-0.636022
1634,-0.236930,-0.638412
1635,-0.234099,-0.640630
1636,-0.231246,-0.642692
1637,-0.228288,-0.644603
1638,-0.225225,-0.646346
1639,-0.221981,-0.647791
1640,-0.218627,-0.649250
1641,-0.215335,-0.650568
1642,-0.211809,-0.651623
1643,-0.208308,-0.652439
1644,-0.204857,-0.653082
1645,-0.201380,-0.653523
1646,-0.197885,-0.653766
1647,-0.194312,-0.653772
1648,-0.190810,-0.653619
1649,-0.187199,-0.653237
1650,-0.183706,-0.652678
1651,-0.180218,-0.651861
1652,-0.176849,-0.650920
1653,-0.173544,-0.649790
1654,-0.170309,-0.648471
1655,-0.167113,-0.646913
1656,-0.164042,-0.645238
1657,-0.160612,-0.643317
1658,-0.157831,-0.641182
1659,-0.154929,-0.638916
1660,-0.152315,-0.636596
1661,-0.149860,-0.634139
1662,-0.147545,-0.631554
1663,-0.145365,-0.628770
1664,-0.143352,-0.625937
1665,-0.141508,-0.622999
1666,-0.139881,-0.619943
1667,-0.138414,-0.616724
1668,-0.137098,-0.613521
1669,-0.135963,-0.610250
1670,-0.135016,-0.606921
1671,-0.134284,-0.603465
1672,-0.133646,-0.600051
1673,-0.133275,-0.596603
1674,-0.133091,-0.593138
1675,-0.133150,-0.589591
1676,-0.133357,-0.586126
1677,-0.133996,-0.582533
1678,-0.134547,-0.578983
1679,-0.135345,-0.575530
1680,-0.136301,-0.572212
1681,-0.137448,-0.568969
1682,-0.138781,-0.565802
1683,-0.140366,-0.562669
1684,-0.142045,-0.559673
1685,-0.143984,-0.556317
1686,-0.146003,-0.553506
1687,-0.148251,-0.550809
1688,-0.150580,-0.548266
1689,-0.153043,-0.545868
1690,-0.155638,-0.543616
1691,-0.158449,-0.541511
1692,-0.161309,-0.539635
1693,-0.164243,-0.537868
1694,-0.167271,-0.536261
1695,-0.170462,-0.534831
1696,-0.173631,-0.533664
1697,-0.177039,-0.532606
1698,-0.180330,-0.531561
1699,-0.183780,-0.530873
1700,-0.187155,-0.530340
1701,-0.190552,-0.530001
1702,-0.193960,-0.529856
1703,-0.197440,-0.529947
1704,-0.200846,-0.530187
1705,-0.204383,-0.530674
1706,-0.207743,-0.531299
1707,-0.211111,-0.532179
1708,-0.214368,-0.533186
1709,-0.217557,-0.534377
1710,-0.220671,-0.535745
1711,-0.223745,-0.537354
1712,-0.226687,-0.539066
1713,-0.229983,-0.541047
1714,-0.232735,-0.543088
1715,-0.235372,-0.545367
1716,-0.237757,-0.547734
1717,-0.240140,-0.550377
1718,-0.242364,-0.552971
1719,-0.244412,-0.555751
1720,-0.246293,-0.558557
1721,-0.248010,-0.561458
1722,-0.249559,-0.564451
1723,-0.250924,-0.567610
1724,-0.252089,-0.570765
1725,-0.253089,-0.573969
1726,-0.253920,-0.577227
1727,-0.254540,-0.580608
1728,-0.255003,-0.583944
1729,-0.255277,-0.587296
1730,-0.255429,-0.590663
1731,-0.255271,-0.594108
1732,-0.254980,-0.597471
1733,-0.254444,-0.600966
1734,-0.253777,-0.604282
1735,-0.252698,-0.607544
1736,-0.251599,-0.610908
1737,-0.250435,-0.614088
1738,-0.249074,-0.617149
1739,-0.247469,-0.620155
1740,-0.245763,-0.623031
1741,-0.243772,-0.625915
1742,-0.241753,-0.628578
1743,-0.239502,-0.631134
1744,-0.237195,-0.633539
1745,-0.234758,-0.635804
1746,-0.232198,-0.637924
1747,-0.229440,-0.639904
1748,-0.226651,-0.641723
1749,-0.223465,-0.643740
1750,-0.220464,-0.645209
1751,-0.217318,-0.646496
1752,-0.214179,-0.647628
1753,-0.210990,-0.648583
1754,-0.207754,-0.649354
1755,-0.204295,-0.649688
1756,-0.200963,-0.650185
1757,-0.197670,-0.650378
1758,-0.194381,-0.650417
1759,-0.191004,-0.650240
1760,-0.187724,-0.649918
1761,-0.184474,-0.649408
1762,-0.181196,-0.648648
1763,-0.177998,-0.647840
1764,-0.174868,-0.646773
1765,-0.171805,-0.645546
1766,-0.168772,-0.644084
1767,-0.165860,-0.642520
1768,-0.163048,-0.640798
1769,-0.160238,-0.638804
1770,-0.157594,-0.636678
1771,-0.155112,-0.634499
1772,-0.152768,-0.632188
1773,-0.150562,-0.629748
1774,-0.148665,-0.626874
1775,-0.146614,-0.624156
1776,-0.144804,-0.621415
1777,-0.142846,-0.618197
1778,-0.141371,-0.615236
1779,-0.140097,-0.612228
1780,-0.139007,-0.609159
1781,-0.138118,-0.605961
1782,-0.137381,-0.602779
1783,-0.136880,-0.599576
1784,-0.136524,-0.596355
1785,-0.136380,-0.593039
1786,-0.136376,-0.589786
1787,-0.136557,-0.586543
1788,-0.136922,-0.583318
1789,-0.137529,-0.580056
1790,-0.138249,-0.576870
1791,-0.139150,-0.573746
1792,-0.140222,-0.570674
1793,-0.141548,-0.567697
1794,-0.142906,-0.564687
1795,-0.144461,-0.561825
1796,-0.146261,-0.559015
1797,-0.148251,-0.556262
1798,-0.150289,-0.553711
1799,-0.152531,-0.551279
