0,0.152161,0.869005
1,0.147221,0.857795
2,0.141090,0.841941
3,0.135863,0.825768
4,0.134428,0.821240
5,0.135617,0.809048
6,0.138618,0.792321
7,0.142619,0.775801
8,0.147555,0.759536
9,0.153407,0.743577
10,0.160158,0.727978
11,0.167786,0.712788
12,0.176265,0.698057
13,0.185569,0.683832
14,0.195668,0.670159
15,0.206527,0.657083
16,0.218113,0.644646
17,0.221371,0.641189
18,0.232601,0.636296
19,0.248674,0.630778
20,0.265054,0.626236
21,0.281665,0.622633
22,0.286313,0.621653
23,0.298328,0.624042
24,0.314676,0.628682
25,0.330719,0.634297
26,0.346417,0.640816
27,0.350793,0.642663
28,0.350793,0.642663
29,0.350793,0.642663
30,0.350894,0.654912
31,0.349672,0.671862
32,0.347433,0.688712
33,0.344239,0.705406
34,0.340100,0.721892
35,0.335030,0.738116
36,0.329045,0.754025
37,0.327347,0.758461
38,0.327347,0.758461
39,0.327347,0.758461
40,0.327347,0.758461
41,0.315788,0.754406
42,0.300255,0.747512
43,0.285161,0.739696
44,0.270537,0.731033
45,0.256429,0.721553
46,0.242883,0.711285
47,0.229943,0.700263
48,0.217652,0.688523
49,0.206048,0.676102
50,0.195170,0.663041
51,0.185053,0.649383
52,0.175729,0.635171
53,0.167228,0.620452
54,0.159579,0.605272
55,0.152806,0.589683
56,0.146931,0.573733
57,0.145315,0.569266
58,0.146012,0.557036
59,0.148336,0.540202
60,0.151669,0.523534
61,0.155945,0.507083
62,0.161150,0.490902
63,0.167267,0.475044
64,0.174276,0.459559
65,0.182156,0.444498
66,0.190879,0.429909
67,0.200418,0.415841
68,0.210742,0.402338
69,0.221818,0.389444
70,0.233609,0.377202
71,0.236923,0.373799
72,0.248233,0.369093
73,0.264396,0.363844
74,0.280849,0.359574
75,0.297518,0.356248
76,0.302181,0.355345
77,0.314155,0.357933
78,0.330423,0.362845
79,0.346371,0.368726
80,0.361958,0.375505
81,0.366303,0.377424
82,0.366303,0.377424
83,0.366303,0.377424
84,0.366201,0.389674
85,0.364697,0.406601
86,0.362178,0.423411
87,0.361448,0.428105
88,0.361448,0.428105
89,0.361448,0.428105
90,0.361448,0.428105
91,0.349295,0.426561
92,0.332663,0.423075
93,0.316266,0.418594
94,0.300152,0.413188
95,0.284370,0.406874
96,0.268974,0.399672
97,0.254012,0.391605
98,0.239534,0.382701
99,0.225585,0.372987
100,0.212212,0.362496
101,0.199458,0.351260
102,0.187363,0.339317
103,0.175968,0.326705
104,0.165308,0.313466
105,0.155419,0.299641
106,0.146333,0.285276
107,0.138078,0.270417
108,0.135795,0.266252
109,0.134606,0.254060
110,0.134318,0.237068
111,0.135053,0.220087
112,0.136752,0.203174
113,0.139410,0.186386
114,0.143020,0.169776
115,0.147569,0.153398
116,0.153042,0.137306
117,0.159422,0.121551
118,0.166687,0.106185
119,0.174816,0.091257
120,0.183780,0.076816
121,0.193552,0.062908
122,0.204099,0.049578
123,0.215388,0.036871
124,0.227381,0.024826
125,0.240040,0.013483
126,0.243595,0.010333
127,0.243595,0.010333
128,0.255824,0.011052
129,0.272654,0.013407
130,0.289316,0.016770
131,0.305759,0.021076
132,0.321931,0.026310
133,0.337778,0.032455
134,0.353250,0.039493
135,0.368297,0.047399
136,0.382870,0.056149
137,0.396921,0.065713
138,0.410405,0.076062
139,0.423279,0.087161
140,0.426859,0.090283
141,0.432181,0.101316
142,0.438313,0.117165
143,0.443482,0.133358
144,0.447722,0.149818
145,0.448880,0.154424
146,0.448880,0.154424
147,0.448880,0.154424
148,0.448880,0.154424
149,0.448880,0.154424
150,0.436698,0.153140
151,0.419995,0.150010
152,0.403506,0.145880
153,0.387280,0.140818
154,0.371368,0.134842
155,0.355821,0.127970
156,0.340691,0.120225
157,0.326026,0.111631
158,0.311874,0.102217
159,0.298280,0.092013
160,0.285288,0.081052
161,0.272942,0.069369
162,0.261280,0.057003
163,0.250341,0.043994
164,0.240159,0.030383
165,0.237335,0.026564
166,0.234514,0.014643
167,0.231939,-0.002155
168,0.230378,-0.019080
169,0.229783,-0.036067
170,0.230154,-0.053061
171,0.231493,-0.070006
172,0.233793,-0.086847
173,0.237047,-0.103530
174,0.241246,-0.120001
175,0.246374,-0.136206
176,0.252417,-0.152093
177,0.259353,-0.167611
178,0.267162,-0.182709
179,0.265345,-0.189170
180,0.252877,-0.183980
181,0.237670,-0.177218
182,0.221908,-0.171022
183,0.210000,-0.169323
184,0.199512,-0.170367
185,0.184975,-0.170519
186,0.169576,-0.171211
187,0.154108,-0.172713
188,0.138731,-0.175073
189,0.123510,-0.178300
190,0.108495,-0.182388
191,0.093736,-0.187323
192,0.079281,-0.193092
193,0.065175,-0.199675
194,0.051467,-0.207052
195,0.038199,-0.215199
196,0.025416,-0.224090
197,0.013246,-0.233670
198,0.006719,-0.242288
199,0.007097,-0.249577
200,0.008084,-0.257165
201,0.009489,-0.264720
202,0.011298,-0.272161
203,0.013499,-0.279456
204,0.019342,-0.283179
205,0.031242,-0.279726
206,0.045665,-0.272079
207,0.049699,-0.269863
208,0.049699,-0.269863
209,0.049699,-0.269863
210,0.049699,-0.269863
211,0.049699,-0.269863
212,0.049699,-0.269863
213,0.049699,-0.269863
214,0.037462,-0.270423
215,0.020603,-0.272559
216,0.003899,-0.275705
217,-0.012599,-0.279796
218,-0.028837,-0.284819
219,-0.044764,-0.290758
220,-0.060326,-0.297594
221,-0.075475,-0.305304
222,-0.090160,-0.313863
223,-0.104334,-0.323244
224,-0.117952,-0.333416
225,-0.130969,-0.344346
226,-0.134589,-0.347421
227,-0.134589,-0.347421
228,-0.134589,-0.347421
229,-0.134589,-0.347421
230,-0.134589,-0.347421
231,-0.132067,-0.345057
232,-0.131083,-0.344122
233,-0.131052,-0.344092
234,-0.121106,-0.336942
235,-0.108147,-0.325947
236,-0.095870,-0.314192
237,-0.084283,-0.301756
238,-0.073421,-0.288682
239,-0.063321,-0.275011
240,-0.054015,-0.260787
241,-0.045533,-0.246057
242,-0.037903,-0.230868
243,-0.035795,-0.226612
244,-0.035795,-0.226612
245,-0.033752,-0.224653
246,-0.027227,-0.218070
247,-0.021161,-0.211323
248,-0.015554,-0.204432
249,-0.011962,-0.195401
250,-0.009724,-0.185139
251,-0.008041,-0.174632
252,-0.006885,-0.163953
253,-0.006265,-0.153132
254,-0.006194,-0.142195
255,-0.006684,-0.131170
256,-0.007744,-0.120087
257,-0.009383,-0.108976
258,-0.011608,-0.097867
259,-0.014425,-0.086791
260,-0.017836,-0.075781
261,-0.021846,-0.064868
262,-0.026452,-0.054087
263,-0.031654,-0.043470
264,-0.037447,-0.033052
265,-0.043827,-0.022865
266,-0.050786,-0.012944
267,-0.058314,-0.003321
268,-0.066399,0.005968
269,-0.075028,0.014893
270,-0.084186,0.023419
271,-0.093854,0.031514
272,-0.104014,0.039148
273,-0.114736,0.045559
274,-0.124104,0.045208
275,-0.131985,0.045129
276,-0.139704,0.044883
277,-0.147452,0.044323
278,-0.155239,0.043422
279,-0.163055,0.042170
280,-0.170886,0.040560
281,-0.178714,0.038586
282,-0.186523,0.036242
283,-0.194297,0.033523
284,-0.202016,0.030426
285,-0.209317,0.026810
286,-0.216865,0.022972
287,-0.224302,0.018751
288,-0.231610,0.014145
289,-0.238769,0.009157
290,-0.245757,0.003786
291,-0.252553,-0.001962
292,-0.259138,-0.008085
293,-0.265488,-0.014576
294,-0.271583,-0.021430
295,-0.277402,-0.028637
296,-0.282924,-0.036189
297,-0.288127,-0.044075
298,-0.292990,-0.052282
299,-0.297493,-0.060799
300,-0.301616,-0.069610
301,-0.305340,-0.078699
302,-0.308645,-0.088048
303,-0.311513,-0.097641
304,-0.313926,-0.107456
305,-0.315869,-0.117473
306,-0.317325,-0.127669
307,-0.318280,-0.138021
308,-0.318719,-0.148504
309,-0.318632,-0.159094
310,-0.318006,-0.169762
311,-0.316831,-0.180482
312,-0.315101,-0.191226
313,-0.312807,-0.201963
314,-0.309944,-0.212665
315,-0.306510,-0.223300
316,-0.302501,-0.233837
317,-0.297870,-0.243876
318,-0.292743,-0.254120
319,-0.287049,-0.264172
320,-0.280792,-0.274001
321,-0.273977,-0.283573
322,-0.266614,-0.292857
323,-0.258714,-0.301819
324,-0.250290,-0.310429
325,-0.241355,-0.318655
326,-0.231927,-0.326466
327,-0.222024,-0.333832
328,-0.211667,-0.340724
329,-0.200878,-0.347111
330,-0.189680,-0.352969
331,-0.178100,-0.358268
332,-0.166166,-0.362986
333,-0.153906,-0.367097
334,-0.141352,-0.370579
335,-0.128535,-0.373412
336,-0.115490,-0.375576
337,-0.102253,-0.377054
338,-0.088858,-0.377830
339,-0.075345,-0.377892
340,-0.061751,-0.377227
341,-0.048117,-0.375827
342,-0.048400,-0.369432
343,-0.054747,-0.361178
344,-0.063664,-0.352797
345,-0.074257,-0.344768
346,-0.085992,-0.337309
347,-0.098583,-0.330530
348,-0.111819,-0.324495
349,-0.125776,-0.319265
350,-0.139836,-0.314811
351,-0.154334,-0.311215
352,-0.169239,-0.308514
353,-0.184394,-0.306714
354,-0.199761,-0.305834
355,-0.215290,-0.305901
356,-0.230885,-0.306905
357,-0.246554,-0.308893
358,-0.262163,-0.311835
359,-0.277657,-0.315722
360,-0.292979,-0.320552
361,-0.308076,-0.326324
362,-0.322884,-0.333022
363,-0.337342,-0.340620
364,-0.351441,-0.349184
365,-0.365045,-0.358555
366,-0.378190,-0.368872
367,-0.390709,-0.379894
368,-0.402628,-0.391727
369,-0.413893,-0.404350
370,-0.424424,-0.417602
371,-0.434181,-0.431416
372,-0.443139,-0.445792
373,-0.451265,-0.460678
374,-0.458530,-0.476002
375,-0.464903,-0.491747
376,-0.470522,-0.507074
377,-0.475097,-0.523319
378,-0.478701,-0.539920
379,-0.481357,-0.556696
380,-0.483070,-0.573569
381,-0.483800,-0.590540
382,-0.483563,-0.607528
383,-0.482359,-0.624474
384,-0.480194,-0.641324
385,-0.477073,-0.658024
386,-0.473035,-0.674496
387,-0.468038,-0.690733
388,-0.462155,-0.706640
389,-0.455346,-0.722204
390,-0.447660,-0.737357
391,-0.439127,-0.752048
392,-0.429857,-0.766196
393,-0.419912,-0.779758
394,-0.409041,-0.792775
395,-0.397413,-0.805161
396,-0.385134,-0.816858
397,-0.372174,-0.827843
398,-0.358645,-0.838070
399,-0.344604,-0.847505
400,-0.329966,-0.856128
401,-0.314861,-0.863905
402,-0.299339,-0.870809
403,-0.283449,-0.876820
404,-0.267243,-0.881917
405,-0.250774,-0.886084
406,-0.234094,-0.889307
407,-0.217258,-0.891576
408,-0.200318,-0.892885
409,-0.183665,-0.893406
410,-0.166714,-0.892803
411,-0.149800,-0.891214
412,-0.133004,-0.888665
413,-0.116379,-0.885166
414,-0.099980,-0.880726
415,-0.083860,-0.875363
416,-0.068073,-0.869091
417,-0.052668,-0.861931
418,-0.037691,-0.853914
419,-0.023198,-0.845051
420,-0.009234,-0.835380
421,0.004162,-0.824928
422,0.016938,-0.813735
423,0.029052,-0.801838
424,0.040474,-0.789266
425,0.051163,-0.776066
426,0.061073,-0.762483
427,0.070207,-0.748305
428,0.078498,-0.733480
429,0.085932,-0.718208
430,0.092485,-0.702539
431,0.098140,-0.686522
432,0.102872,-0.670210
433,0.106670,-0.653657
434,0.109519,-0.636914
435,0.111412,-0.620037
436,0.112344,-0.603081
437,0.112317,-0.586125
438,0.111317,-0.569173
439,0.109356,-0.552307
440,0.106450,-0.535603
441,0.102586,-0.519068
442,0.097789,-0.502780
443,0.092361,-0.487026
444,0.085746,-0.471389
445,0.078249,-0.456153
446,0.069902,-0.441368
447,0.060730,-0.427085
448,0.050759,-0.413342
449,0.040022,-0.400188
450,0.028557,-0.387669
451,0.016398,-0.375822
452,0.003584,-0.364685
453,-0.009821,-0.354308
454,-0.023817,-0.344699
455,-0.038336,-0.335902
456,-0.053338,-0.327945
457,-0.068760,-0.320852
458,-0.084511,-0.314648
459,-0.100634,-0.309361
460,-0.116722,-0.304880
461,-0.133348,-0.301445
462,-0.150141,-0.298964
463,-0.167024,-0.297445
464,-0.183988,-0.296888
465,-0.200955,-0.297295
466,-0.217876,-0.298664
467,-0.234690,-0.300996
468,-0.251346,-0.304278
469,-0.267787,-0.308504
470,-0.283962,-0.313656
471,-0.299817,-0.319726
472,-0.315301,-0.326685
473,-0.330363,-0.334513
474,-0.344933,-0.343175
475,-0.359006,-0.352662
476,-0.372516,-0.362936
477,-0.385303,-0.373620
478,-0.397556,-0.385349
479,-0.409125,-0.397765
480,-0.419969,-0.410819
481,-0.430053,-0.424468
482,-0.439347,-0.438671
483,-0.447810,-0.453370
484,-0.455428,-0.468533
485,-0.462171,-0.484107
486,-0.468007,-0.500020
487,-0.472938,-0.516257
488,-0.476937,-0.532748
489,-0.479990,-0.549441
490,-0.482093,-0.566277
491,-0.483229,-0.583217
492,-0.483408,-0.600189
493,-0.482623,-0.617145
494,-0.481101,-0.633822
495,-0.478393,-0.650552
496,-0.474732,-0.667121
497,-0.470137,-0.683437
498,-0.464630,-0.699479
499,-0.458219,-0.715191
500,-0.450925,-0.730512
501,-0.442772,-0.745368
502,-0.433773,-0.759743
503,-0.423982,-0.773594
504,-0.413418,-0.786865
505,-0.402117,-0.799513
506,-0.390121,-0.811482
507,-0.377457,-0.822766
508,-0.364183,-0.833307
509,-0.350312,-0.843081
510,-0.335917,-0.852049
511,-0.321286,-0.860216
512,-0.305995,-0.867498
513,-0.290295,-0.873875
514,-0.274246,-0.879362
515,-0.257931,-0.883929
516,-0.241364,-0.887558
517,-0.224616,-0.890239
518,-0.207743,-0.891960
519,-0.190801,-0.892722
520,-0.173843,-0.892519
521,-0.156924,-0.891347
522,-0.140099,-0.889219
523,-0.123422,-0.886138
524,-0.106963,-0.882104
525,-0.090745,-0.877149
526,-0.074834,-0.871279
527,-0.059345,-0.864613
528,-0.044300,-0.857207
529,-0.029618,-0.848720
530,-0.015452,-0.839389
531,-0.001829,-0.829291
532,0.011197,-0.818435
533,0.023568,-0.806859
534,0.035274,-0.794602
535,0.046266,-0.781699
536,0.056503,-0.768185
537,0.065959,-0.754112
538,0.074597,-0.739523
539,0.082392,-0.724472
540,0.089318,-0.708996
541,0.095356,-0.693147
542,0.100472,-0.676989
543,0.104667,-0.660561
544,0.108130,-0.644228
545,0.110433,-0.627430
546,0.111777,-0.610529
547,0.112158,-0.593573
548,0.111576,-0.576635
549,0.110019,-0.559760
550,0.107514,-0.542992
551,0.104058,-0.526393
552,0.099663,-0.510018
553,0.094340,-0.493923
554,0.088117,-0.478154
555,0.081018,-0.462774
556,0.073041,-0.447813
557,0.064228,-0.433331
558,0.054604,-0.419373
559,0.044215,-0.405995
560,0.033442,-0.393310
561,0.021592,-0.381190
562,0.009075,-0.369767
563,-0.004085,-0.359069
564,-0.017816,-0.349142
565,-0.032093,-0.340008
566,-0.046872,-0.331689
567,-0.062100,-0.324240
568,-0.077728,-0.317668
569,-0.093681,-0.311988
570,-0.109955,-0.307236
571,-0.126471,-0.303416
572,-0.143168,-0.300559
573,-0.160011,-0.298640
574,-0.176936,-0.297682
575,-0.193883,-0.297700
576,-0.210806,-0.298670
577,-0.227647,-0.300601
578,-0.244078,-0.303166
579,-0.260582,-0.306990
580,-0.276849,-0.311753
581,-0.292830,-0.317429
582,-0.308463,-0.324017
583,-0.323685,-0.331476
584,-0.338463,-0.339790
585,-0.352734,-0.348922
586,-0.366475,-0.358864
587,-0.379615,-0.369555
588,-0.392131,-0.380988
589,-0.403955,-0.393077
590,-0.415093,-0.405845
591,-0.425494,-0.419232
592,-0.435104,-0.433178
593,-0.443941,-0.447302
594,-0.451907,-0.462245
595,-0.459010,-0.477632
596,-0.465240,-0.493399
597,-0.470549,-0.509482
598,-0.474933,-0.525852
599,-0.478363,-0.542436
600,-0.480862,-0.559195
601,-0.482404,-0.576070
602,-0.482981,-0.593006
603,-0.482601,-0.609954
604,-0.481256,-0.626836
605,-0.478948,-0.643624
606,-0.475673,-0.660240
607,-0.471473,-0.676657
608,-0.466346,-0.692808
609,-0.460670,-0.708451
610,-0.453747,-0.723928
611,-0.445957,-0.738965
612,-0.437314,-0.753542
613,-0.427870,-0.767592
614,-0.417628,-0.781093
615,-0.406635,-0.793988
616,-0.394925,-0.806238
617,-0.382534,-0.817798
618,-0.369512,-0.828667
619,-0.355906,-0.838747
620,-0.341736,-0.848038
621,-0.327079,-0.856505
622,-0.311947,-0.864127
623,-0.296406,-0.870877
624,-0.280505,-0.876729
625,-0.264652,-0.881791
626,-0.248193,-0.885804
627,-0.231537,-0.888856
628,-0.214729,-0.890974
629,-0.197826,-0.892129
630,-0.180883,-0.892321
631,-0.163959,-0.891544
632,-0.147105,-0.889810
633,-0.130377,-0.887118
634,-0.113845,-0.883489
635,-0.097532,-0.878917
636,-0.081506,-0.873424
637,-0.065817,-0.867023
638,-0.050518,-0.859745
639,-0.035665,-0.851614
640,-0.021282,-0.842634
641,-0.007603,-0.833293
642,0.005659,-0.822754
643,0.018300,-0.811473
644,0.030285,-0.799489
645,0.041557,-0.786856
646,0.052097,-0.773591
647,0.061860,-0.759773
648,0.070827,-0.745399
649,0.078950,-0.730543
650,0.086226,-0.715246
651,0.092617,-0.699558
652,0.098105,-0.683549
653,0.102676,-0.667238
654,0.106312,-0.650698
655,0.108998,-0.633971
656,0.110916,-0.617448
657,0.111670,-0.600535
658,0.111477,-0.583597
659,0.110322,-0.566698
660,0.108206,-0.549891
661,0.105150,-0.533221
662,0.101142,-0.516773
663,0.096183,-0.500564
664,0.090326,-0.484668
665,0.083582,-0.469140
666,0.075959,-0.454013
667,0.067506,-0.439361
668,0.058216,-0.425197
669,0.048173,-0.411608
670,0.037336,-0.398592
671,0.026170,-0.386281
672,0.013927,-0.374580
673,0.001030,-0.363588
674,-0.012465,-0.353353
675,-0.026523,-0.343905
676,-0.041069,-0.335285
677,-0.056106,-0.327492
678,-0.071563,-0.320568
679,-0.087394,-0.314539
680,-0.103527,-0.309417
681,-0.119937,-0.305222
682,-0.136548,-0.301966
683,-0.153291,-0.299633
684,-0.170175,-0.298287
685,-0.187109,-0.297906
686,-0.204020,-0.298483
687,-0.220581,-0.299747
688,-0.237332,-0.302246
689,-0.253914,-0.305698
690,-0.270269,-0.310079
691,-0.286352,-0.315392
692,-0.302096,-0.321597
693,-0.317473,-0.328697
694,-0.332411,-0.336651
695,-0.346879,-0.345455
696,-0.360825,-0.355062
697,-0.374198,-0.365455
698,-0.386952,-0.376572
699,-0.399045,-0.388369
700,-0.410463,-0.400873
701,-0.421150,-0.414009
702,-0.431078,-0.427330
703,-0.440204,-0.441594
704,-0.448500,-0.456336
705,-0.455947,-0.471544
706,-0.462516,-0.487152
707,-0.468181,-0.503113
708,-0.472934,-0.519360
709,-0.476771,-0.535857
710,-0.479646,-0.552546
711,-0.481571,-0.569358
712,-0.482533,-0.586266
713,-0.482533,-0.603186
714,-0.481569,-0.620092
715,-0.479644,-0.636917
716,-0.476797,-0.653610
717,-0.473073,-0.670015
718,-0.468589,-0.686121
719,-0.462907,-0.702081
720,-0.456334,-0.717688
721,-0.448897,-0.732887
722,-0.440597,-0.747646
723,-0.431473,-0.761899
724,-0.421551,-0.775620
725,-0.410862,-0.788754
726,-0.399450,-0.801256
727,-0.387338,-0.813090
728,-0.374582,-0.824215
729,-0.361203,-0.834597
730,-0.347271,-0.844198
731,-0.332799,-0.852993
732,-0.318313,-0.861097
733,-0.302937,-0.868192
734,-0.287195,-0.874426
735,-0.271137,-0.879727
736,-0.254783,-0.884110
737,-0.238206,-0.887554
738,-0.221468,-0.890051
739,-0.204606,-0.891589
740,-0.187698,-0.892170
741,-0.170771,-0.891784
742,-0.153876,-0.890436
743,-0.137103,-0.888130
744,-0.120488,-0.884871
745,-0.104086,-0.880674
746,-0.088245,-0.875939
747,-0.072425,-0.869903
748,-0.056974,-0.862980
749,-0.041943,-0.855181
750,-0.027379,-0.846549
751,-0.013330,-0.837101
752,0.000152,-0.826884
753,0.013037,-0.815890
754,0.025277,-0.804193
755,0.036827,-0.791812
756,0.047659,-0.778799
757,0.057730,-0.765187
758,0.067012,-0.751039
759,0.075474,-0.736374
760,0.083088,-0.721261
761,0.089829,-0.705729
762,0.095834,-0.690201
763,0.100781,-0.674002
764,0.104788,-0.657562
765,0.107852,-0.640911
766,0.109984,-0.624159
767,0.111140,-0.607271
768,0.111331,-0.590344
769,0.110562,-0.573435
770,0.108827,-0.556595
771,0.106148,-0.539895
772,0.102515,-0.523362
773,0.097947,-0.507063
774,0.092445,-0.491047
775,0.086053,-0.475354
776,0.079072,-0.460218
777,0.071037,-0.445383
778,0.062097,-0.431001
779,0.052329,-0.417179
780,0.041795,-0.403928
781,0.030525,-0.391299
782,0.018616,-0.379328
783,0.005982,-0.368061
784,-0.007276,-0.357522
785,-0.021104,-0.347762
786,-0.035472,-0.338795
787,-0.050320,-0.330671
788,-0.065606,-0.323420
789,-0.081282,-0.317034
790,-0.097296,-0.311550
791,-0.113611,-0.306986
792,-0.129910,-0.303274
793,-0.146461,-0.300449
794,-0.163300,-0.298722
795,-0.180224,-0.297992
796,-0.197134,-0.298181
797,-0.214021,-0.299337
798,-0.230814,-0.301452
799,-0.247460,-0.304527
800,-0.263889,-0.308527
801,-0.280087,-0.313464
802,-0.295968,-0.319313
803,-0.311506,-0.326066
804,-0.326620,-0.333681
805,-0.341267,-0.342131
806,-0.355418,-0.351415
807,-0.369018,-0.361489
808,-0.381959,-0.372082
809,-0.394341,-0.383416
810,-0.406053,-0.395633
811,-0.417025,-0.408510
812,-0.427250,-0.421997
813,-0.436686,-0.436041
814,-0.445313,-0.450601
815,-0.453097,-0.465630
816,-0.460010,-0.481080
817,-0.466036,-0.496895
818,-0.471231,-0.513010
819,-0.475425,-0.529395
820,-0.478678,-0.546002
821,-0.480981,-0.562765
822,-0.482326,-0.579634
823,-0.482709,-0.596553
824,-0.482275,-0.613272
825,-0.480927,-0.629997
826,-0.478438,-0.646731
827,-0.474993,-0.663300
828,-0.470644,-0.679659
829,-0.465338,-0.695729
830,-0.459127,-0.711481
831,-0.452031,-0.726844
832,-0.444088,-0.741766
833,-0.435292,-0.756224
834,-0.425757,-0.770151
835,-0.415377,-0.783514
836,-0.404252,-0.796266
837,-0.392415,-0.808361
838,-0.379908,-0.819767
839,-0.366779,-0.830443
840,-0.353078,-0.840386
841,-0.339362,-0.849603
842,-0.324622,-0.857925
843,-0.309423,-0.865364
844,-0.293822,-0.871923
845,-0.277877,-0.877587
846,-0.261618,-0.882317
847,-0.245131,-0.886132
848,-0.228457,-0.889041
849,-0.211644,-0.890959
850,-0.194760,-0.891942
851,-0.177842,-0.891942
852,-0.160950,-0.890978
853,-0.144139,-0.889055
854,-0.127489,-0.886171
855,-0.111006,-0.882350
856,-0.094767,-0.877598
857,-0.079069,-0.872326
858,-0.063476,-0.865763
859,-0.048294,-0.858316
860,-0.033546,-0.850022
861,-0.019295,-0.840902
862,-0.005598,-0.830971
863,0.007518,-0.820307
864,0.020012,-0.808897
865,0.031837,-0.796795
866,0.042963,-0.784035
867,0.053336,-0.770667
868,0.062935,-0.756778
869,0.071724,-0.742318
870,0.079671,-0.727400
871,0.086760,-0.712037
872,0.092967,-0.696316
873,0.098266,-0.680247
874,0.102688,-0.664040
875,0.106414,-0.647882
876,0.108902,-0.631144
877,0.110446,-0.614313
878,0.111080,-0.597455
879,0.110690,-0.580539
880,0.109351,-0.563690
881,0.107043,-0.546929
882,0.103791,-0.530332
883,0.099594,-0.513943
884,0.094473,-0.497818
885,0.088478,-0.481993
886,0.081558,-0.466555
887,0.073739,-0.451541
888,0.065110,-0.436989
889,0.055685,-0.422961
890,0.045458,-0.409483
891,0.034959,-0.396709
892,0.023280,-0.384482
893,0.010916,-0.372937
894,-0.002087,-0.362115
895,-0.015664,-0.352050
896,-0.029812,-0.342774
897,-0.044453,-0.334321
898,-0.059550,-0.326678
899,-0.075072,-0.319942
900,-0.090946,-0.314098
901,-0.107105,-0.309162
902,-0.123542,-0.305159
903,-0.140179,-0.302098
904,-0.156944,-0.299980
905,-0.173822,-0.298829
906,-0.190737,-0.298648
907,-0.207635,-0.299422
908,-0.224461,-0.301153
909,-0.240895,-0.303395
910,-0.257419,-0.307034
911,-0.273709,-0.311606
912,-0.289711,-0.317092
913,-0.305350,-0.323417
914,-0.320645,-0.330744
915,-0.335028,-0.337807
916,-0.349143,-0.345891
917,-0.362821,-0.354975
918,-0.375962,-0.364885
919,-0.388528,-0.375539
920,-0.400467,-0.386900
921,-0.411731,-0.398926
922,-0.422292,-0.411578
923,-0.432127,-0.424826
924,-0.441204,-0.438579
925,-0.449465,-0.452560
926,-0.456943,-0.467125
927,-0.463544,-0.482220
928,-0.469267,-0.497664
929,-0.474112,-0.513409
930,-0.478052,-0.529404
931,-0.481068,-0.545595
932,-0.483166,-0.561935
933,-0.484342,-0.578342
934,-0.484598,-0.594809
935,-0.483891,-0.611264
936,-0.482238,-0.627651
937,-0.479661,-0.643924
938,-0.476160,-0.660026
939,-0.471731,-0.675887
940,-0.466427,-0.691485
941,-0.460239,-0.706757
942,-0.453187,-0.721645
943,-0.445302,-0.736116
944,-0.436657,-0.750072
945,-0.427578,-0.763441
946,-0.417505,-0.776344
947,-0.406591,-0.788647
948,-0.394989,-0.800338
949,-0.382726,-0.811333
950,-0.369838,-0.821596
951,-0.356383,-0.831112
952,-0.342416,-0.839861
953,-0.327979,-0.847802
954,-0.313118,-0.854902
955,-0.297876,-0.861154
956,-0.282293,-0.866515
957,-0.266430,-0.870981
958,-0.250345,-0.874550
959,-0.234082,-0.877198
960,-0.217703,-0.878913
961,-0.201229,-0.879682
962,-0.184759,-0.879525
963,-0.168462,-0.878522
964,-0.152303,-0.876727
965,-0.136165,-0.873837
966,-0.120164,-0.870030
967,-0.104406,-0.865282
968,-0.088947,-0.859633
969,-0.073826,-0.853115
970,-0.059099,-0.845744
971,-0.044836,-0.837540
972,-0.031038,-0.828566
973,-0.017779,-0.818803
974,-0.005104,-0.808295
975,0.006960,-0.797083
976,0.018367,-0.785201
977,0.029056,-0.772683
978,0.039067,-0.759675
979,0.048294,-0.746055
980,0.056707,-0.731903
981,0.064315,-0.717287
982,0.071064,-0.702217
983,0.077111,-0.687191
984,0.082160,-0.671595
985,0.086301,-0.655678
986,0.089505,-0.639513
987,0.091778,-0.623207
988,0.093128,-0.606793
989,0.093540,-0.590328
990,0.092978,-0.573874
991,0.091512,-0.557464
992,0.089120,-0.541168
993,0.085805,-0.525035
994,0.081580,-0.509118
995,0.076468,-0.493479
996,0.070526,-0.478125
997,0.063693,-0.463177
998,0.056009,-0.448631
999,0.047499,-0.434550
1000,0.038202,-0.420968
1001,0.028282,-0.408007
1002,0.017780,-0.395612
1003,0.006374,-0.383807
1004,-0.005704,-0.372666
1005,-0.018429,-0.362249
1006,-0.031738,-0.352565
1007,-0.045582,-0.343656
1008,-0.059911,-0.335558
1009,-0.074678,-0.328279
1010,-0.089729,-0.321790
1011,-0.105187,-0.316216
1012,-0.120964,-0.311547
1013,-0.136985,-0.307794
1014,-0.153198,-0.304953
1015,-0.169557,-0.303057
1016,-0.186002,-0.302109
1017,-0.202468,-0.302071
1018,-0.218908,-0.302967
1019,-0.235270,-0.304796
1020,-0.251427,-0.307556
1021,-0.267258,-0.310932
1022,-0.283034,-0.315444
1023,-0.298551,-0.320895
1024,-0.313738,-0.327236
1025,-0.328531,-0.334453
1026,-0.342906,-0.342498
1027,-0.356797,-0.351337
1028,-0.370155,-0.360950
1029,-0.382949,-0.371250
1030,-0.395117,-0.382273
1031,-0.406656,-0.393999
1032,-0.417508,-0.406369
1033,-0.427620,-0.419355
1034,-0.436995,-0.432883
1035,-0.445573,-0.446935
1036,-0.453348,-0.461450
1037,-0.460280,-0.476374
1038,-0.466361,-0.491667
1039,-0.471603,-0.507017
1040,-0.475945,-0.522796
1041,-0.479360,-0.538873
1042,-0.481840,-0.555135
1043,-0.483385,-0.571507
1044,-0.483996,-0.587951
1045,-0.483653,-0.604416
1046,-0.482387,-0.620819
1047,-0.480204,-0.637123
1048,-0.477097,-0.653276
1049,-0.473062,-0.669209
1050,-0.468145,-0.684902
1051,-0.462339,-0.700292
1052,-0.455660,-0.715320
1053,-0.448142,-0.729950
1054,-0.439802,-0.744130
1055,-0.430668,-0.757794
1056,-0.420789,-0.770936
1057,-0.410163,-0.783492
1058,-0.398833,-0.795414
1059,-0.387239,-0.806659
1060,-0.374727,-0.817237
1061,-0.361561,-0.827049
1062,-0.347950,-0.836173
1063,-0.333768,-0.844442
1064,-0.319104,-0.851894
1065,-0.304033,-0.858494
1066,-0.288620,-0.864222
1067,-0.272903,-0.869072
1068,-0.256935,-0.873020
1069,-0.240752,-0.876015
1070,-0.224430,-0.878117
1071,-0.208021,-0.879291
1072,-0.191579,-0.879526
1073,-0.175145,-0.878832
1074,-0.158778,-0.877190
1075,-0.142525,-0.874612
1076,-0.126445,-0.871148
1077,-0.110647,-0.866794
1078,-0.095269,-0.861833
1079,-0.080042,-0.855735
1080,-0.065170,-0.848742
1081,-0.050742,-0.840911
1082,-0.036754,-0.832291
1083,-0.023287,-0.822870
1084,-0.010385,-0.812693
1085,0.001926,-0.801800
1086,0.013596,-0.790219
1087,0.024564,-0.777991
1088,0.034864,-0.765189
1089,0.044398,-0.751801
1090,0.053144,-0.737886
1091,0.061094,-0.723495
1092,0.068210,-0.708671
1093,0.074466,-0.693475
1094,0.079885,-0.678000
1095,0.084396,-0.662213
1096,0.087980,-0.646180
1097,0.090813,-0.630267
1098,0.092591,-0.613978
1099,0.093409,-0.597577
1100,0.093292,-0.581144
1101,0.092238,-0.564741
1102,0.090246,-0.548431
1103,0.087317,-0.532252
1104,0.083479,-0.516261
1105,0.078742,-0.500525
1106,0.073124,-0.485077
1107,0.066634,-0.469974
1108,0.059259,-0.455275
1109,0.051084,-0.441003
1110,0.042120,-0.427221
1111,0.032385,-0.413981
1112,0.021916,-0.401307
1113,0.010708,-0.389253
1114,-0.001130,-0.377868
1115,-0.013371,-0.367204
1116,-0.026207,-0.357187
1117,-0.039744,-0.347959
1118,-0.053819,-0.339502
1119,-0.068368,-0.331875
1120,-0.083328,-0.325098
1121,-0.098640,-0.319180
1122,-0.114273,-0.314137
1123,-0.130168,-0.310002
1124,-0.146277,-0.306768
1125,-0.162546,-0.304460
1126,-0.178911,-0.303088
1127,-0.195329,-0.302658
1128,-0.211699,-0.303041
1129,-0.228042,-0.304421
1130,-0.244294,-0.306760
1131,-0.260387,-0.310036
1132,-0.276274,-0.314234
1133,-0.291905,-0.319327
1134,-0.307210,-0.325296
1135,-0.321993,-0.331915
1136,-0.336494,-0.339453
1137,-0.350545,-0.347916
1138,-0.364124,-0.357166
1139,-0.377145,-0.367182
1140,-0.389568,-0.377924
1141,-0.401368,-0.389354
1142,-0.412496,-0.401462
1143,-0.422913,-0.414162
1144,-0.432602,-0.427422
1145,-0.441520,-0.441212
1146,-0.449630,-0.455486
1147,-0.456918,-0.470190
1148,-0.463367,-0.485287
1149,-0.468926,-0.500729
1150,-0.473637,-0.516464
1151,-0.477422,-0.532444
1152,-0.480282,-0.548611
1153,-0.482226,-0.564920
1154,-0.483260,-0.581296
1155,-0.483453,-0.597482
1156,-0.482669,-0.613800
1157,-0.480906,-0.630108
1158,-0.478200,-0.646302
1159,-0.474569,-0.662320
1160,-0.470092,-0.678073
1161,-0.464679,-0.693559
1162,-0.458380,-0.708726
1163,-0.451230,-0.723509
1164,-0.443249,-0.737862
1165,-0.434464,-0.751729
1166,-0.424894,-0.765079
1167,-0.414577,-0.777868
1168,-0.403558,-0.790041
1169,-0.391871,-0.801576
1170,-0.379543,-0.812427
1171,-0.366588,-0.822534
1172,-0.353099,-0.831914
1173,-0.339104,-0.840512
1174,-0.324583,-0.848272
1175,-0.310171,-0.855342
1176,-0.295010,-0.861434
1177,-0.279464,-0.866724
1178,-0.263645,-0.871067
1179,-0.247610,-0.874495
1180,-0.231405,-0.877000
1181,-0.215072,-0.878598
1182,-0.198673,-0.879248
1183,-0.182266,-0.878954
1184,-0.165898,-0.877737
1185,-0.149623,-0.875586
1186,-0.133523,-0.872517
1187,-0.117602,-0.868542
1188,-0.101931,-0.863658
1189,-0.086570,-0.857884
1190,-0.071554,-0.851251
1191,-0.056939,-0.843773
1192,-0.042782,-0.835469
1193,-0.029107,-0.826369
1194,-0.016101,-0.817004
1195,-0.003567,-0.806512
1196,0.008354,-0.795261
1197,0.019625,-0.783316
1198,0.030185,-0.770758
1199,0.040026,-0.757625
1200,0.049100,-0.743949
1201,0.057369,-0.729769
1202,0.064820,-0.715143
1203,0.071441,-0.700124
1204,0.077194,-0.684751
1205,0.082040,-0.669084
1206,0.086016,-0.653138
1207,0.089074,-0.637012
1208,0.091201,-0.620743
1209,0.092414,-0.604375
1210,0.092671,-0.587976
1211,0.092032,-0.571578
1212,0.090453,-0.555251
1213,0.088139,-0.539275
1214,0.084839,-0.523302
1215,0.080540,-0.507507
1216,0.075335,-0.491960
1217,0.069238,-0.476734
1218,0.062278,-0.461886
1219,0.054488,-0.447450
1220,0.045892,-0.433491
1221,0.036510,-0.420051
1222,0.026396,-0.407131
1223,0.015548,-0.394826
1224,0.004012,-0.383168
1225,-0.008165,-0.372171
1226,-0.020953,-0.361890
1227,-0.034238,-0.352350
1228,-0.048075,-0.343575
1229,-0.062410,-0.335628
1230,-0.077201,-0.328503
1231,-0.092352,-0.322211
1232,-0.107839,-0.316805
1233,-0.123233,-0.312154
1234,-0.139166,-0.308500
1235,-0.155335,-0.305791
1236,-0.171628,-0.304028
1237,-0.188010,-0.303157
1238,-0.204408,-0.303240
1239,-0.220778,-0.304277
1240,-0.237070,-0.306222
1241,-0.253207,-0.309091
1242,-0.269160,-0.312863
1243,-0.284873,-0.317540
1244,-0.300287,-0.323108
1245,-0.315368,-0.329536
1246,-0.330059,-0.336817
1247,-0.344290,-0.344927
1248,-0.358058,-0.353807
1249,-0.371297,-0.363473
1250,-0.383964,-0.373884
1251,-0.395952,-0.384872
1252,-0.407341,-0.396363
1253,-0.418065,-0.408712
1254,-0.428049,-0.421683
1255,-0.437290,-0.435214
1256,-0.445720,-0.449273
1257,-0.453357,-0.463784
1258,-0.460155,-0.478706
1259,-0.466068,-0.494007
1260,-0.471153,-0.509603
1261,-0.475312,-0.525447
1262,-0.478569,-0.541500
1263,-0.480921,-0.557718
1264,-0.482339,-0.574046
1265,-0.482817,-0.590424
1266,-0.482372,-0.606807
1267,-0.480991,-0.623141
1268,-0.478669,-0.639351
1269,-0.475454,-0.655420
1270,-0.471318,-0.671280
1271,-0.466533,-0.686645
1272,-0.460740,-0.701897
1273,-0.454004,-0.716815
1274,-0.446400,-0.731323
1275,-0.438066,-0.745369
1276,-0.428902,-0.758923
1277,-0.418949,-0.771922
1278,-0.408275,-0.784344
1279,-0.396885,-0.796155
1280,-0.384853,-0.807272
1281,-0.372222,-0.817715
1282,-0.359011,-0.827409
1283,-0.345258,-0.836312
1284,-0.331009,-0.844440
1285,-0.316335,-0.851746
1286,-0.301275,-0.858197
1287,-0.285877,-0.863798
1288,-0.270178,-0.868506
1289,-0.254241,-0.872305
1290,-0.238093,-0.875184
1291,-0.222148,-0.877360
1292,-0.205870,-0.878462
1293,-0.189506,-0.878621
1294,-0.173151,-0.877821
1295,-0.156877,-0.876083
1296,-0.140726,-0.873462
1297,-0.124747,-0.869896
1298,-0.109001,-0.865414
1299,-0.093525,-0.860050
1300,-0.078379,-0.853808
1301,-0.063623,-0.846708
1302,-0.049294,-0.838787
1303,-0.035431,-0.830066
1304,-0.022096,-0.820568
1305,-0.009307,-0.810330
1306,0.002872,-0.799371
1307,0.014397,-0.787735
1308,0.025239,-0.775467
1309,0.035383,-0.762605
1310,0.044789,-0.749527
1311,0.053444,-0.735716
1312,0.061253,-0.721360
1313,0.068255,-0.706564
1314,0.074385,-0.691384
1315,0.079625,-0.675880
1316,0.083996,-0.660110
1317,0.087458,-0.644111
1318,0.089991,-0.627938
1319,0.091614,-0.611646
1320,0.092301,-0.595285
1321,0.092047,-0.578916
1322,0.090872,-0.562581
1323,0.088830,-0.546385
1324,0.085825,-0.530325
1325,0.081926,-0.514426
1326,0.077100,-0.498783
1327,0.071379,-0.483449
1328,0.064792,-0.468453
1329,0.057357,-0.453852
1330,0.049465,-0.439861
1331,0.040538,-0.426193
1332,0.030777,-0.413071
1333,0.020248,-0.400534
1334,0.009040,-0.388596
1335,-0.002836,-0.377325
1336,-0.015335,-0.366758
1337,-0.028413,-0.356907
1338,-0.042030,-0.347867
1339,-0.056127,-0.339502
1340,-0.070670,-0.332010
1341,-0.085622,-0.325361
1342,-0.100932,-0.319575
1343,-0.116532,-0.314674
1344,-0.132378,-0.310640
1345,-0.148440,-0.307534
1346,-0.164653,-0.305366
1347,-0.180973,-0.304097
1348,-0.197336,-0.303774
1349,-0.213404,-0.304136
1350,-0.229628,-0.305614
1351,-0.245789,-0.308043
1352,-0.261798,-0.311410
1353,-0.277594,-0.315692
1354,-0.293122,-0.320868
1355,-0.308331,-0.326923
1356,-0.323144,-0.333796
1357,-0.337554,-0.341475
1358,-0.351503,-0.350022
1359,-0.364953,-0.359354
1360,-0.377857,-0.369407
1361,-0.390160,-0.380190
1362,-0.401819,-0.391664
1363,-0.412810,-0.403787
1364,-0.423099,-0.416529
1365,-0.432633,-0.429823
1366,-0.441426,-0.443628
1367,-0.449405,-0.457915
1368,-0.456535,-0.472240
1369,-0.462959,-0.487194
1370,-0.468430,-0.502572
1371,-0.473000,-0.518264
1372,-0.476662,-0.534200
1373,-0.479398,-0.550317
1374,-0.481225,-0.566569
1375,-0.482122,-0.582900
1376,-0.482081,-0.599246
1377,-0.481109,-0.615563
1378,-0.479221,-0.631806
1379,-0.476407,-0.647918
1380,-0.472679,-0.663846
1381,-0.468045,-0.679527
1382,-0.462539,-0.694928
1383,-0.456163,-0.709978
1384,-0.448940,-0.724636
1385,-0.440908,-0.738884
1386,-0.432063,-0.752643
1387,-0.422438,-0.765861
1388,-0.412523,-0.778446
1389,-0.401568,-0.790513
1390,-0.389901,-0.801904
1391,-0.377593,-0.812642
1392,-0.364676,-0.822652
1393,-0.351204,-0.831892
1394,-0.337234,-0.840383
1395,-0.322798,-0.848050
1396,-0.307949,-0.854865
1397,-0.292749,-0.860852
1398,-0.277229,-0.865959
1399,-0.261435,-0.870170
1400,-0.245437,-0.873491
1401,-0.229268,-0.875881
1402,-0.212991,-0.877332
1403,-0.196649,-0.877871
1404,-0.180339,-0.877511
1405,-0.164084,-0.876223
1406,-0.147901,-0.873987
1407,-0.132134,-0.871057
1408,-0.116331,-0.867084
1409,-0.100779,-0.862126
1410,-0.085517,-0.856295
1411,-0.070610,-0.849599
1412,-0.056107,-0.842062
1413,-0.042075,-0.833687
1414,-0.028519,-0.824549
1415,-0.015507,-0.814660
1416,-0.003096,-0.804041
1417,0.008721,-0.792747
1418,0.019862,-0.780790
1419,0.030280,-0.768197
1420,0.040022,-0.755064
1421,0.048975,-0.741400
1422,0.057118,-0.727248
1423,0.064474,-0.712656
1424,0.070965,-0.697679
1425,0.076597,-0.682363
1426,0.081442,-0.667036
1427,0.085385,-0.651265
1428,0.088338,-0.635236
1429,0.090408,-0.619032
1430,0.091519,-0.602738
1431,0.091714,-0.586446
1432,0.091029,-0.570167
1433,0.089370,-0.553932
1434,0.086776,-0.537810
1435,0.083264,-0.521859
1436,0.078848,-0.506131
1437,0.073535,-0.490688
1438,0.067353,-0.475579
1439,0.060311,-0.460811
1440,0.052447,-0.446502
1441,0.043805,-0.432635
1442,0.034378,-0.419295
1443,0.024199,-0.406529
1444,0.013298,-0.394349
1445,0.001648,-0.382811
1446,-0.010063,-0.371970
1447,-0.022793,-0.361816
1448,-0.036121,-0.352396
1449,-0.049977,-0.343754
1450,-0.064318,-0.335923
1451,-0.079063,-0.328938
1452,-0.094163,-0.322749
1453,-0.109599,-0.317449
1454,-0.125317,-0.313038
1455,-0.141257,-0.309540
1456,-0.157374,-0.306941
1457,-0.173615,-0.305268
1458,-0.189917,-0.304530
1459,-0.206232,-0.304684
1460,-0.222515,-0.305787
1461,-0.238699,-0.307835
1462,-0.254764,-0.310772
1463,-0.270628,-0.314637
1464,-0.286229,-0.319416
1465,-0.301361,-0.324818
1466,-0.316285,-0.331097
1467,-0.330852,-0.338356
1468,-0.344987,-0.346488
1469,-0.358617,-0.355439
1470,-0.371750,-0.365137
1471,-0.384305,-0.375596
1472,-0.396216,-0.386745
1473,-0.407522,-0.398528
1474,-0.418114,-0.410946
1475,-0.427981,-0.423952
1476,-0.437087,-0.437497
1477,-0.445413,-0.451543
1478,-0.452904,-0.466034
1479,-0.459611,-0.480927
1480,-0.465433,-0.496176
1481,-0.470362,-0.511731
1482,-0.474409,-0.527554
1483,-0.477554,-0.543573
1484,-0.479827,-0.559501
1485,-0.481325,-0.575577
1486,-0.481767,-0.591844
1487,-0.481236,-0.608130
1488,-0.479784,-0.624376
1489,-0.477400,-0.640513
1490,-0.474098,-0.656492
1491,-0.469870,-0.672247
1492,-0.464771,-0.687736
1493,-0.458816,-0.702919
1494,-0.451994,-0.717739
1495,-0.444332,-0.732137
1496,-0.435875,-0.746091
1497,-0.426630,-0.759537
1498,-0.416628,-0.772417
1499,-0.405952,-0.784733
1500,-0.394635,-0.796428
1501,-0.382617,-0.807429
1502,-0.369965,-0.817726
1503,-0.356743,-0.827297
1504,-0.343271,-0.836073
1505,-0.329214,-0.844132
1506,-0.314614,-0.851344
1507,-0.299599,-0.857697
1508,-0.284228,-0.863162
1509,-0.268574,-0.867747
1510,-0.252689,-0.871453
1511,-0.236621,-0.874249
1512,-0.220429,-0.876103
1513,-0.204140,-0.877083
1514,-0.187823,-0.877099
1515,-0.171535,-0.876195
1516,-0.155334,-0.874393
1517,-0.139265,-0.871661
1518,-0.123373,-0.868012
1519,-0.107729,-0.863485
1520,-0.092359,-0.858078
1521,-0.077320,-0.851784
1522,-0.062660,-0.844662
1523,-0.048415,-0.836615
1524,-0.034829,-0.828319
1525,-0.021619,-0.818848
1526,-0.008965,-0.808605
1527,0.003108,-0.797666
1528,0.014529,-0.786037
1529,0.025244,-0.773768
1530,0.035297,-0.760923
1531,0.044575,-0.747518
1532,0.053074,-0.733602
1533,0.060771,-0.719254
1534,0.067679,-0.704536
1535,0.073690,-0.689404
1536,0.078837,-0.673942
1537,0.083092,-0.658207
1538,0.086442,-0.642254
1539,0.088896,-0.626143
1540,0.090396,-0.609913
1541,0.090980,-0.593615
1542,0.090618,-0.577320
1543,0.089357,-0.561068
1544,0.087447,-0.545196
1545,0.084420,-0.529228
1546,0.080428,-0.513432
1547,0.075524,-0.497897
1548,0.069769,-0.482656
1549,0.063156,-0.467767
1550,0.055706,-0.453279
1551,0.047431,-0.439260
1552,0.038406,-0.425687
1553,0.028597,-0.412697
1554,0.018097,-0.400243
1555,0.006886,-0.388445
1556,-0.004983,-0.377287
1557,-0.017473,-0.366825
1558,-0.030536,-0.357089
1559,-0.044135,-0.348126
1560,-0.058204,-0.339945
1561,-0.072657,-0.332515
1562,-0.087395,-0.325988
1563,-0.102342,-0.320139
1564,-0.117851,-0.315299
1565,-0.133653,-0.311396
1566,-0.149664,-0.308407
1567,-0.165816,-0.306315
1568,-0.182061,-0.305146
1569,-0.198347,-0.304905
1570,-0.214610,-0.305602
1571,-0.230817,-0.307230
1572,-0.246917,-0.309772
1573,-0.262840,-0.313216
1574,-0.278528,-0.317560
1575,-0.293954,-0.322780
1576,-0.309059,-0.328875
1577,-0.323795,-0.335835
1578,-0.338117,-0.343586
1579,-0.351965,-0.352141
1580,-0.365292,-0.361475
1581,-0.378063,-0.371555
1582,-0.390173,-0.381957
1583,-0.401744,-0.393339
1584,-0.412638,-0.405416
1585,-0.422823,-0.418110
1586,-0.432247,-0.431377
1587,-0.440923,-0.445152
1588,-0.448791,-0.459383
1589,-0.455850,-0.474045
1590,-0.462044,-0.489087
1591,-0.467399,-0.504461
1592,-0.471858,-0.520118
1593,-0.475416,-0.536006
1594,-0.478040,-0.552071
1595,-0.479781,-0.568238
1596,-0.480635,-0.584450
1597,-0.480528,-0.600734
1598,-0.479480,-0.616965
1599,-0.477520,-0.633122
1600,-0.474559,-0.649189
1601,-0.471174,-0.664704
1602,-0.466540,-0.680240
1603,-0.460999,-0.695555
1604,-0.454591,-0.710511
1605,-0.447331,-0.725054
1606,-0.439289,-0.739209
1607,-0.430436,-0.752859
1608,-0.420814,-0.765983
1609,-0.410459,-0.778522
1610,-0.399418,-0.790494
1611,-0.387722,-0.801796
1612,-0.375398,-0.812413
1613,-0.362505,-0.822323
1614,-0.349061,-0.831473
1615,-0.335114,-0.839823
1616,-0.320722,-0.847380
1617,-0.305917,-0.854113
1618,-0.290749,-0.859988
1619,-0.275311,-0.864959
1620,-0.259962,-0.869284
1621,-0.244077,-0.872560
1622,-0.227995,-0.874883
1623,-0.211863,-0.876356
1624,-0.195636,-0.876857
1625,-0.179388,-0.876406
1626,-0.163187,-0.875023
1627,-0.147100,-0.872711
1628,-0.131160,-0.869499
1629,-0.115434,-0.865363
1630,-0.099950,-0.860339
1631,-0.084798,-0.854448
1632,-0.069994,-0.847718
1633,-0.055597,-0.840154
1634,-0.041654,-0.831781
1635,-0.028234,-0.822611
1636,-0.015325,-0.812698
1637,-0.003006,-0.802076
1638,0.008688,-0.790771
1639,0.019644,-0.778958
1640,0.030041,-0.766780
1641,0.039663,-0.753721
1642,0.048510,-0.740108
1643,0.056567,-0.726018
1644,0.063820,-0.711481
1645,0.070230,-0.696550
1646,0.075778,-0.681275
1647,0.080436,-0.665714
1648,0.084219,-0.649910
1649,0.087067,-0.633923
1650,0.089059,-0.617796
1651,0.090091,-0.601597
1652,0.090206,-0.585348
1653,0.089393,-0.569117
1654,0.087654,-0.552956
1655,0.084989,-0.536930
1656,0.081434,-0.521070
1657,0.077034,-0.505467
1658,0.071952,-0.490328
1659,0.065984,-0.475383
1660,0.058987,-0.460760
1661,0.051130,-0.446535
1662,0.042477,-0.432786
1663,0.033051,-0.419562
1664,0.022900,-0.406881
1665,0.012037,-0.394802
1666,0.000485,-0.383374
1667,-0.011688,-0.372623
1668,-0.024445,-0.362564
1669,-0.037754,-0.353248
1670,-0.051573,-0.344705
1671,-0.065854,-0.336974
1672,-0.080560,-0.330058
1673,-0.095630,-0.323981
1674,-0.111013,-0.318771
1675,-0.126660,-0.314456
1676,-0.142531,-0.311022
1677,-0.158259,-0.308366
1678,-0.174246,-0.306550
1679,-0.190422,-0.305824
1680,-0.206643,-0.306033
1681,-0.222834,-0.307180
1682,-0.238935,-0.309250
1683,-0.254881,-0.312244
1684,-0.270644,-0.316129
1685,-0.286133,-0.320847
1686,-0.301342,-0.326468
1687,-0.316198,-0.332973
1688,-0.330677,-0.340305
1689,-0.344713,-0.348457
1690,-0.358262,-0.357398
1691,-0.371264,-0.367099
1692,-0.383694,-0.377549
1693,-0.395527,-0.388672
1694,-0.406708,-0.400443
1695,-0.417190,-0.412832
1696,-0.426925,-0.425761
1697,-0.436031,-0.438770
1698,-0.444286,-0.452683
1699,-0.451739,-0.467096
1700,-0.458354,-0.481903
1701,-0.464113,-0.497066
1702,-0.468997,-0.512536
1703,-0.472981,-0.528253
1704,-0.476083,-0.544175
1705,-0.478258,-0.560238
1706,-0.479538,-0.576405
1707,-0.479874,-0.592612
1708,-0.479300,-0.608822
1709,-0.477799,-0.624975
1710,-0.475379,-0.641018
1711,-0.472039,-0.656888
1712,-0.467820,-0.672552
1713,-0.462776,-0.687923
1714,-0.456830,-0.702996
1715,-0.450010,-0.717698
1716,-0.442384,-0.731954
1717,-0.434445,-0.745666
1718,-0.425296,-0.759000
1719,-0.415342,-0.771789
1720,-0.404684,-0.784004
1721,-0.393343,-0.795591
1722,-0.381357,-0.806513
1723,-0.368768,-0.816721
1724,-0.355611,-0.826198
1725,-0.341924,-0.834923
1726,-0.327778,-0.842856
1727,-0.313208,-0.849960
1728,-0.298265,-0.856245
1729,-0.282981,-0.861663
1730,-0.267408,-0.866192
1731,-0.251607,-0.869832
1732,-0.235633,-0.872586
1733,-0.219540,-0.874415
1734,-0.203363,-0.875348
1735,-0.187398,-0.875461
1736,-0.171440,-0.874874
1737,-0.155376,-0.873107
1738,-0.139415,-0.870382
1739,-0.123642,-0.866728
1740,-0.108086,-0.862199
1741,-0.092832,-0.856787
1742,-0.077895,-0.850524
1743,-0.063353,-0.843405
1744,-0.049223,-0.835477
1745,-0.035570,-0.826752
1746,-0.022434,-0.817261
1747,-0.009874,-0.807034
1748,0.002102,-0.796117
1749,0.013440,-0.784598
1750,0.024083,-0.772411
1751,0.034014,-0.759607
1752,0.043222,-0.746276
1753,0.051649,-0.732441
1754,0.059274,-0.718146
1755,0.066176,-0.703982
1756,0.072205,-0.689006
1757,0.077296,-0.673648
1758,0.081512,-0.658011
1759,0.084849,-0.642172
1760,0.087269,-0.626165
1761,0.088768,-0.610041
1762,0.089333,-0.593866
1763,0.088983,-0.577681
1764,0.087731,-0.561525
1765,0.085560,-0.545482
1766,0.082470,-0.529600
1767,0.078502,-0.513906
1768,0.073640,-0.498466
1769,0.067894,-0.483348
1770,0.061330,-0.468565
1771,0.053927,-0.454174
1772,0.045708,-0.440231
1773,0.036702,-0.426777
1774,0.027527,-0.414029
1775,0.017293,-0.401635
1776,0.006203,-0.389893
1777,-0.005501,-0.378830
1778,-0.017843,-0.368399
1779,-0.030794,-0.358723
1780,-0.044287,-0.349804
1781,-0.058267,-0.341688
1782,-0.072686,-0.334347
1783,-0.087512,-0.327872
1784,-0.102688,-0.322237
1785,-0.118145,-0.317485
1786,-0.133848,-0.313595
1787,-0.149747,-0.310611
1788,-0.165791,-0.308537
1789,-0.181919,-0.307394
1790,-0.198070,-0.307124
1791,-0.214231,-0.307797
1792,-0.230325,-0.309387
1793,-0.246195,-0.311861
1794,-0.261961,-0.315178
1795,-0.277541,-0.319453
1796,-0.292857,-0.324606
1797,-0.307835,-0.330648
1798,-0.322476,-0.337502
1799,-0.336676,-0.345210
