0,1.883770,-0.280802
1,1.883770,-0.280802
2,1.883770,-0.280802
3,1.883770,-0.280802
4,1.883730,-0.268552
5,1.882311,-0.251617
6,1.879876,-0.234795
7,1.876489,-0.218139
8,1.872159,-0.201702
9,1.866901,-0.185538
10,1.865406,-0.181029
11,1.857288,-0.171855
12,1.845043,-0.160072
13,1.832108,-0.149044
14,1.818568,-0.138770
15,1.804464,-0.129282
16,1.789844,-0.120613
17,1.774754,-0.112789
18,1.759243,-0.105837
19,1.743362,-0.099778
20,1.727162,-0.094633
21,1.710695,-0.090418
22,1.706087,-0.089266
23,1.693992,-0.091209
24,1.677483,-0.095241
25,1.661244,-0.100259
26,1.645315,-0.106192
27,1.629751,-0.113023
28,1.625412,-0.114956
29,1.617085,-0.123941
30,1.606571,-0.137292
31,1.596875,-0.151253
32,1.587990,-0.165743
33,1.585530,-0.169807
34,1.583819,-0.181937
35,1.582801,-0.198900
36,1.582805,-0.215897
37,1.583776,-0.232867
38,1.584074,-0.237608
39,1.584074,-0.237608
40,1.584074,-0.237608
41,1.584074,-0.237608
42,1.584074,-0.237608
43,1.584074,-0.237608
44,1.584074,-0.237608
45,1.584074,-0.237608
46,1.584295,-0.225360
47,1.583238,-0.208399
48,1.581163,-0.191528
49,1.578131,-0.174804
50,1.574153,-0.158278
51,1.569240,-0.142006
52,1.563410,-0.126039
53,1.561756,-0.121587
54,1.553317,-0.112707
55,1.540660,-0.101368
56,1.527341,-0.090807
57,1.513443,-0.081021
58,1.499011,-0.072042
59,1.484091,-0.063898
60,1.468732,-0.056617
61,1.452984,-0.050221
62,1.436897,-0.044731
63,1.420524,-0.040166
64,1.403918,-0.036539
65,1.387133,-0.033864
66,1.370222,-0.032147
67,1.353241,-0.031396
68,1.336245,-0.031612
69,1.319289,-0.032794
70,1.302427,-0.034939
71,1.285715,-0.038041
72,1.269206,-0.042088
73,1.252954,-0.047067
74,1.237012,-0.052964
75,1.232567,-0.054637
76,1.223722,-0.063112
77,1.212435,-0.075817
78,1.201930,-0.089179
79,1.192202,-0.103118
80,1.189506,-0.107028
81,1.187078,-0.119035
82,1.185058,-0.135909
83,1.184055,-0.152876
84,1.184019,-0.169874
85,1.184036,-0.174624
86,1.184036,-0.174624
87,1.184036,-0.174624
88,1.184036,-0.174624
89,1.184036,-0.174624
90,1.184036,-0.174624
91,1.184036,-0.174624
92,1.184036,-0.174624
93,1.184982,-0.162410
94,1.184931,-0.145417
95,1.183859,-0.128453
96,1.181823,-0.111578
97,1.178831,-0.094846
98,1.174891,-0.078311
99,1.170018,-0.062027
100,1.164225,-0.046047
101,1.157533,-0.030423
102,1.149963,-0.015204
103,1.141539,-0.000441
104,1.132288,0.013819
105,1.122242,0.027530
106,1.111431,0.040647
107,1.099892,0.053127
108,1.087661,0.064931
109,1.084225,0.068210
110,1.072750,0.072500
111,1.056407,0.077155
112,1.039809,0.080821
113,1.023030,0.083536
114,1.006123,0.085292
115,0.989144,0.086084
116,0.972148,0.085908
117,0.955189,0.084765
118,0.938322,0.082659
119,0.921602,0.079597
120,0.905084,0.075589
121,0.888821,0.070648
122,0.872865,0.064789
123,0.857268,0.058032
124,0.842081,0.050398
125,0.827353,0.041913
126,0.813132,0.032603
127,0.799463,0.022500
128,0.786391,0.011635
129,0.773959,0.000044
130,0.762206,-0.012235
131,0.751171,-0.025164
132,0.740889,-0.038699
133,0.731394,-0.052797
134,0.722717,-0.067413
135,0.714885,-0.082499
136,0.707924,-0.098006
137,0.701857,-0.113883
138,0.696703,-0.130081
139,0.692479,-0.146545
140,0.689198,-0.163223
141,0.688308,-0.167889
142,0.688308,-0.167889
143,0.688308,-0.167889
144,0.688308,-0.167889
145,0.688308,-0.167889
146,0.688308,-0.167889
147,0.688308,-0.167889
148,0.688308,-0.167889
149,0.691568,-0.156081
150,0.694763,-0.139390
151,0.696950,-0.122533
152,0.698174,-0.105580
153,0.698431,-0.088584
154,0.697721,-0.071602
155,0.696045,-0.054687
156,0.693410,-0.037895
157,0.689824,-0.021280
158,0.685299,-0.004896
159,0.679848,0.011204
160,0.673491,0.026968
161,0.666247,0.042344
162,0.660485,0.049999
163,0.655957,0.053372
164,0.651282,0.056660
165,0.646292,0.060219
166,0.640938,0.064059
167,0.640212,0.064671
168,0.638739,0.061768
169,0.635956,0.056801
170,0.632887,0.051754
171,0.629658,0.046843
172,0.623867,0.048951
173,0.616539,0.055193
174,0.608953,0.061435
175,0.601153,0.067504
176,0.593758,0.071017
177,0.586563,0.073206
178,0.579307,0.074972
179,0.572001,0.076340
180,0.566353,0.076429
181,0.565514,0.073201
182,0.566702,0.069030
183,0.568491,0.064518
184,0.567139,0.063228
185,0.563838,0.064336
186,0.566859,0.063837
187,0.571708,0.063352
188,0.577149,0.062933
189,0.582815,0.062729
190,0.588565,0.062813
191,0.594334,0.063213
192,0.600084,0.063939
193,0.605788,0.064990
194,0.611424,0.066366
195,0.616973,0.068061
196,0.622417,0.070070
197,0.627737,0.072387
198,0.632916,0.075005
199,0.637937,0.077914
200,0.642783,0.081105
201,0.647439,0.084568
202,0.651890,0.088291
203,0.656120,0.092262
204,0.660116,0.096469
205,0.663866,0.100897
206,0.667387,0.105029
207,0.670602,0.109783
208,0.673541,0.114765
209,0.676198,0.119918
210,0.678560,0.125217
211,0.680617,0.130644
212,0.682361,0.136180
213,0.683786,0.141807
214,0.684887,0.147507
215,0.685660,0.153259
216,0.686104,0.159047
217,0.686097,0.164634
218,0.685943,0.170499
219,0.685439,0.176293
220,0.684600,0.182029
221,0.683432,0.187699
222,0.681942,0.193290
223,0.680135,0.198785
224,0.678016,0.204168
225,0.675594,0.209420
226,0.672875,0.214526
227,0.670424,0.219308
228,0.667174,0.224058
229,0.663638,0.228626
230,0.659845,0.232992
231,0.655808,0.237135
232,0.651540,0.241042
233,0.647055,0.244700
234,0.642368,0.248095
235,0.637496,0.251216
236,0.632453,0.254054
237,0.627256,0.256600
238,0.621923,0.258844
239,0.616470,0.260779
240,0.611031,0.262286
241,0.605375,0.263645
242,0.599677,0.264662
243,0.593942,0.265345
244,0.588181,0.265697
245,0.582412,0.265718
246,0.576651,0.265410
247,0.570918,0.264772
248,0.565541,0.264176
249,0.559981,0.262951
250,0.554459,0.261359
251,0.549021,0.259453
252,0.543696,0.257238
253,0.538504,0.254723
254,0.533463,0.251915
255,0.528590,0.248824
256,0.523903,0.245460
257,0.519415,0.241833
258,0.515141,0.237955
259,0.511096,0.233840
260,0.507294,0.229500
261,0.503745,0.224950
262,0.500684,0.220326
263,0.497630,0.215397
264,0.494850,0.210316
265,0.492387,0.205104
266,0.490234,0.199767
267,0.488393,0.194320
268,0.486867,0.188778
269,0.485402,0.183691
270,0.484512,0.178054
271,0.483945,0.172348
272,0.483702,0.166609
273,0.483785,0.160863
274,0.484196,0.155129
275,0.484934,0.149428
276,0.485997,0.143778
277,0.487380,0.138199
278,0.489081,0.132707
279,0.491092,0.127322
280,0.493407,0.122060
281,0.496019,0.116940
282,0.498920,0.111977
283,0.502099,0.107188
284,0.505547,0.102589
285,0.509185,0.098485
286,0.513130,0.094204
287,0.517287,0.090212
288,0.521281,0.086507
289,0.525661,0.083037
290,0.530381,0.079858
291,0.535296,0.076941
292,0.540375,0.074304
293,0.545598,0.071958
294,0.550948,0.069914
295,0.556406,0.068178
296,0.561955,0.066757
297,0.567576,0.065655
298,0.573250,0.064877
299,0.578959,0.064424
300,0.584685,0.064298
301,0.590408,0.064499
302,0.596111,0.065027
303,0.601774,0.065880
304,0.607379,0.067055
305,0.612908,0.068549
306,0.618341,0.070356
307,0.623663,0.072470
308,0.628688,0.074882
309,0.633550,0.077016
310,0.638429,0.079943
311,0.643140,0.083158
312,0.647665,0.086639
313,0.651985,0.090373
314,0.656086,0.094349
315,0.659952,0.098552
316,0.663572,0.102969
317,0.666934,0.107586
318,0.670026,0.112387
319,0.672839,0.117357
320,0.675364,0.122479
321,0.677591,0.127737
322,0.679514,0.133114
323,0.681127,0.138592
324,0.682424,0.144153
325,0.683401,0.149779
326,0.684055,0.155450
327,0.684384,0.161151
328,0.684613,0.166563
329,0.684362,0.171976
330,0.683715,0.177568
331,0.682806,0.183220
332,0.681572,0.188790
333,0.680020,0.194271
334,0.678158,0.199651
335,0.675991,0.204914
336,0.673527,0.210045
337,0.670775,0.215026
338,0.667742,0.219841
339,0.664439,0.224475
340,0.660876,0.228912
341,0.657066,0.233139
342,0.653021,0.237140
343,0.648754,0.240904
344,0.644279,0.244418
345,0.639610,0.247671
346,0.634764,0.250651
347,0.629755,0.253349
348,0.624601,0.255757
349,0.619886,0.258041
350,0.614533,0.259845
351,0.609058,0.261345
352,0.603744,0.262340
353,0.598084,0.263282
354,0.592408,0.263892
355,0.586731,0.264164
356,0.581058,0.264108
357,0.575402,0.263727
358,0.569778,0.263022
359,0.564204,0.261997
360,0.558699,0.260656
361,0.553280,0.259001
362,0.547964,0.257041
363,0.542769,0.254779
364,0.537712,0.252224
365,0.532809,0.249385
366,0.528077,0.246270
367,0.523530,0.242890
368,0.519260,0.239674
369,0.515152,0.235933
370,0.511263,0.231855
371,0.507599,0.227547
372,0.504180,0.223032
373,0.501022,0.218328
374,0.498138,0.213450
375,0.495751,0.208580
376,0.493355,0.203380
377,0.491294,0.198091
378,0.489553,0.192708
379,0.488126,0.187240
380,0.487016,0.181703
381,0.486225,0.176113
382,0.485755,0.170487
383,0.485607,0.164844
384,0.485782,0.159202
385,0.486279,0.153579
386,0.487097,0.147994
387,0.488232,0.142465
388,0.489384,0.137235
389,0.490982,0.131969
390,0.493022,0.126745
391,0.495367,0.121624
392,0.498002,0.116636
393,0.500918,0.111803
394,0.504106,0.107143
395,0.507555,0.102672
396,0.511254,0.098406
397,0.515087,0.094665
398,0.519237,0.090778
399,0.523586,0.087148
400,0.528119,0.083797
401,0.532830,0.080720
402,0.537707,0.077920
403,0.542735,0.075406
404,0.547897,0.073183
405,0.553177,0.071259
406,0.558559,0.069640
407,0.564024,0.068331
408,0.569188,0.067122
409,0.574647,0.066375
410,0.580225,0.066011
411,0.585835,0.065964
412,0.591446,0.066235
413,0.597035,0.066826
414,0.602583,0.067735
415,0.608069,0.068959
416,0.613477,0.070494
417,0.618788,0.072337
418,0.623985,0.074479
419,0.629050,0.076915
420,0.633712,0.079612
421,0.638544,0.082582
422,0.643154,0.085810
423,0.647553,0.089292
424,0.651740,0.093016
425,0.655704,0.096972
426,0.659434,0.101149
427,0.662920,0.105530
428,0.666190,0.109681
429,0.669167,0.114294
430,0.671847,0.119176
431,0.674255,0.124220
432,0.676375,0.129400
433,0.678198,0.134695
434,0.679716,0.140085
435,0.680924,0.145554
436,0.681817,0.151083
437,0.682393,0.156654
438,0.682649,0.162249
439,0.682586,0.167849
440,0.682202,0.173436
441,0.681500,0.178992
442,0.680397,0.184158
443,0.679128,0.189681
444,0.677540,0.195062
445,0.675646,0.200321
446,0.673455,0.205452
447,0.670975,0.210446
448,0.668615,0.215149
449,0.665713,0.219781
450,0.662443,0.224258
451,0.658911,0.228558
452,0.655135,0.232656
453,0.651131,0.236534
454,0.646911,0.240178
455,0.642490,0.243575
456,0.637882,0.246714
457,0.633102,0.249584
458,0.628166,0.252177
459,0.623090,0.254483
460,0.617890,0.256496
461,0.612585,0.258207
462,0.607191,0.259613
463,0.601725,0.260709
464,0.596205,0.261490
465,0.590843,0.261846
466,0.585239,0.262051
467,0.579666,0.261924
468,0.574436,0.261809
469,0.569010,0.261123
470,0.563584,0.260059
471,0.558210,0.258682
472,0.552918,0.257002
473,0.547728,0.255021
474,0.542659,0.252748
475,0.537727,0.250188
476,0.532951,0.247351
477,0.528344,0.244246
478,0.523922,0.240882
479,0.519700,0.237272
480,0.515691,0.233426
481,0.511909,0.229358
482,0.508365,0.225081
483,0.505072,0.220608
484,0.502040,0.215954
485,0.499278,0.211134
486,0.496797,0.206165
487,0.494802,0.201247
488,0.492733,0.196491
489,0.491029,0.191272
490,0.489686,0.185916
491,0.488653,0.180485
492,0.487931,0.175003
493,0.487524,0.169488
494,0.487432,0.163959
495,0.487656,0.158433
496,0.488196,0.152930
497,0.489049,0.147466
498,0.490213,0.142061
499,0.491684,0.136731
500,0.493457,0.131494
501,0.495526,0.126367
502,0.497885,0.121367
503,0.500526,0.116510
504,0.503439,0.111812
505,0.506617,0.107288
506,0.510047,0.102954
507,0.513719,0.098822
508,0.517165,0.094929
509,0.521172,0.091252
510,0.525291,0.088143
511,0.529794,0.084845
512,0.534450,0.081850
513,0.539256,0.079142
514,0.544203,0.076719
515,0.549278,0.074586
516,0.554465,0.072746
517,0.559749,0.071207
518,0.565111,0.069972
519,0.570535,0.069045
520,0.576003,0.068430
521,0.581497,0.068128
522,0.586999,0.068141
523,0.592490,0.068468
524,0.597954,0.069109
525,0.603373,0.070060
526,0.608727,0.071320
527,0.614001,0.072883
528,0.618958,0.074314
529,0.623974,0.076389
530,0.628890,0.078811
531,0.633674,0.081516
532,0.637949,0.084429
533,0.642410,0.087620
534,0.646729,0.091063
535,0.650814,0.094735
536,0.654670,0.098630
537,0.658293,0.102736
538,0.661674,0.107041
539,0.664803,0.111532
540,0.667670,0.116194
541,0.670265,0.121012
542,0.672580,0.125970
543,0.674609,0.131052
544,0.676344,0.136241
545,0.677779,0.141520
546,0.678910,0.146874
547,0.679733,0.152282
548,0.680546,0.157350
549,0.680801,0.162742
550,0.680701,0.168192
551,0.680290,0.173642
552,0.679569,0.179065
553,0.678540,0.184440
554,0.677206,0.189747
555,0.675545,0.194583
556,0.673670,0.199784
557,0.671502,0.204816
558,0.669053,0.209694
559,0.666331,0.214415
560,0.663345,0.218970
561,0.660103,0.223345
562,0.656617,0.227527
563,0.652898,0.231503
564,0.648958,0.235259
565,0.644810,0.238784
566,0.640468,0.242067
567,0.635945,0.245095
568,0.631749,0.247983
569,0.626985,0.250489
570,0.622032,0.252706
571,0.616949,0.254641
572,0.611760,0.256286
573,0.606485,0.257632
574,0.601140,0.258675
575,0.595745,0.259411
576,0.590317,0.259838
577,0.585295,0.259780
578,0.579811,0.259666
579,0.574375,0.259229
580,0.569000,0.258475
581,0.563686,0.257414
582,0.558447,0.256051
583,0.553295,0.254391
584,0.548248,0.252439
585,0.543320,0.250202
586,0.538529,0.247687
587,0.533890,0.244903
588,0.529512,0.242357
589,0.525240,0.239134
590,0.521148,0.235619
591,0.517255,0.231868
592,0.513578,0.227899
593,0.510133,0.223725
594,0.506931,0.219361
595,0.503984,0.214821
596,0.501301,0.210120
597,0.498891,0.205273
598,0.496762,0.200297
599,0.495170,0.195492
600,0.493623,0.190392
601,0.492294,0.185124
602,0.491287,0.179819
603,0.490591,0.174479
604,0.490204,0.169112
605,0.490125,0.163735
606,0.490353,0.158363
607,0.490888,0.153014
608,0.491315,0.147998
609,0.492398,0.142793
610,0.493822,0.137625
611,0.495542,0.132536
612,0.497551,0.127548
613,0.499841,0.122682
614,0.502405,0.117955
615,0.505235,0.113381
616,0.508322,0.108977
617,0.511655,0.104757
618,0.515223,0.100734
619,0.519015,0.096922
620,0.523020,0.093332
621,0.527222,0.089978
622,0.531313,0.087287
623,0.535842,0.084352
624,0.540523,0.081696
625,0.545327,0.079332
626,0.550251,0.077253
627,0.555283,0.075461
628,0.559938,0.073682
629,0.565092,0.072454
630,0.570340,0.071537
631,0.575641,0.070920
632,0.580971,0.070606
633,0.586312,0.070596
634,0.591644,0.070890
635,0.596951,0.071489
636,0.602214,0.072390
637,0.607417,0.073590
638,0.612543,0.075086
639,0.617575,0.076871
640,0.622496,0.078941
641,0.627291,0.081288
642,0.631943,0.083906
643,0.636438,0.086784
644,0.640252,0.089762
645,0.644358,0.093040
646,0.648360,0.096581
647,0.652121,0.100330
648,0.655698,0.103755
649,0.658992,0.107833
650,0.662042,0.112134
651,0.664847,0.116609
652,0.667395,0.121238
653,0.669675,0.126005
654,0.671680,0.130894
655,0.673403,0.135888
656,0.674838,0.140971
657,0.675981,0.146127
658,0.676828,0.151338
659,0.677377,0.156588
660,0.677626,0.161859
661,0.677574,0.167135
662,0.677222,0.172398
663,0.676571,0.177632
664,0.675622,0.182818
665,0.674381,0.187942
666,0.672847,0.192828
667,0.671079,0.197245
668,0.669684,0.201758
669,0.667475,0.206427
670,0.664990,0.210949
671,0.662262,0.215308
672,0.659303,0.219490
673,0.656130,0.223474
674,0.652766,0.227237
675,0.649236,0.230760
676,0.645574,0.234025
677,0.641818,0.237010
678,0.638023,0.239698
679,0.634253,0.242071
680,0.630598,0.244117
681,0.630094,0.244080
682,0.636001,0.247360
683,0.642198,0.256758
684,0.640427,0.263022
685,0.637274,0.267212
686,0.633446,0.270988
687,0.629248,0.274525
688,0.624794,0.277818
689,0.620136,0.280852
690,0.615305,0.283615
691,0.610305,0.286087
692,0.605175,0.288331
693,0.599934,0.290217
694,0.594596,0.291802
695,0.589161,0.293133
696,0.583667,0.294098
697,0.578140,0.294757
698,0.572533,0.295111
699,0.567013,0.295106
700,0.561458,0.294807
701,0.555920,0.294191
702,0.550425,0.293258
703,0.544992,0.292012
704,0.539639,0.290459
705,0.534384,0.288603
706,0.529243,0.286451
707,0.524235,0.284010
708,0.519374,0.281288
709,0.514678,0.278293
710,0.510160,0.275036
711,0.505836,0.271528
712,0.501719,0.267779
713,0.497823,0.263802
714,0.494161,0.259611
715,0.490745,0.255218
716,0.487584,0.250638
717,0.484645,0.245873
718,0.482039,0.240965
719,0.479708,0.235914
720,0.477632,0.230708
721,0.475891,0.225432
722,0.474436,0.220058
723,0.473262,0.214586
724,0.472456,0.209081
725,0.471924,0.203540
726,0.471703,0.197951
727,0.471849,0.192381
728,0.472254,0.186821
729,0.473010,0.181271
730,0.474086,0.175823
731,0.475446,0.170411
732,0.477129,0.165079
733,0.479114,0.159892
734,0.481381,0.154783
735,0.483955,0.149845
736,0.486797,0.145039
737,0.489884,0.140398
738,0.493259,0.135970
739,0.496913,0.131743
740,0.500747,0.127708
741,0.504834,0.123921
742,0.509132,0.120375
743,0.513610,0.117028
744,0.518285,0.113990
745,0.523123,0.111227
746,0.528104,0.108690
747,0.533226,0.106490
748,0.538462,0.104590
749,0.543797,0.102940
750,0.549217,0.101643
751,0.554699,0.100659
752,0.560235,0.099940
753,0.565795,0.099582
754,0.571362,0.099544
755,0.576939,0.099775
756,0.582478,0.100366
757,0.587997,0.101248
758,0.593455,0.102443
759,0.598809,0.103969
760,0.604097,0.105779
761,0.609276,0.107871
762,0.614290,0.110288
763,0.619158,0.113002
764,0.623926,0.115935
765,0.628459,0.119167
766,0.632828,0.122657
767,0.636999,0.126360
768,0.640910,0.130336
769,0.644641,0.134510
770,0.648121,0.138867
771,0.651301,0.143461
772,0.654263,0.148207
773,0.656945,0.153106
774,0.659296,0.158155
775,0.661402,0.163337
776,0.663198,0.168533
777,0.664668,0.173956
778,0.665875,0.179441
779,0.666739,0.184944
780,0.667285,0.190489
781,0.667548,0.196080
782,0.667465,0.201642
783,0.667058,0.207195
784,0.666362,0.212746
785,0.665332,0.218210
786,0.663984,0.223610
787,0.662351,0.228960
788,0.660404,0.234166
789,0.658155,0.239256
790,0.655632,0.244246
791,0.652826,0.249041
792,0.649742,0.253671
793,0.646405,0.258156
794,0.642804,0.262401
795,0.638971,0.266432
796,0.634913,0.270242
797,0.630657,0.273881
798,0.626193,0.277212
799,0.621528,0.280270
800,0.616720,0.283186
801,0.611757,0.285708
802,0.606630,0.287926
803,0.601395,0.289907
804,0.596081,0.291566
805,0.590672,0.292885
806,0.585186,0.293976
807,0.579641,0.294678
808,0.574087,0.295063
809,0.568475,0.295198
810,0.562917,0.294949
811,0.557379,0.294382
812,0.551803,0.293545
813,0.546367,0.292358
814,0.541008,0.290857
815,0.535677,0.289115
816,0.530527,0.286996
817,0.525501,0.284601
818,0.520531,0.281955
819,0.515810,0.279014
820,0.511265,0.275783
821,0.506876,0.272333
822,0.502684,0.268640
823,0.498752,0.264675
824,0.495006,0.260532
825,0.491508,0.256162
826,0.488312,0.251604
827,0.485325,0.246884
828,0.482601,0.241960
829,0.480223,0.236927
830,0.478083,0.231768
831,0.476254,0.226459
832,0.474767,0.221095
833,0.473559,0.215618
834,0.472648,0.210086
835,0.472094,0.204550
836,0.471811,0.198973
837,0.471881,0.193361
838,0.472279,0.187812
839,0.472973,0.182256
840,0.473979,0.176743
841,0.475314,0.171344
842,0.476944,0.165991
843,0.478877,0.160732
844,0.481132,0.155629
845,0.483632,0.150636
846,0.486429,0.145782
847,0.489528,0.141141
848,0.492836,0.136638
849,0.496446,0.132373
850,0.500261,0.128291
851,0.504290,0.124437
852,0.508581,0.120843
853,0.513033,0.117466
854,0.517677,0.114342
855,0.522497,0.111539
856,0.527473,0.108948
857,0.532601,0.106671
858,0.537827,0.104724
859,0.543171,0.103028
860,0.548577,0.101634
861,0.554080,0.100618
862,0.559634,0.099865
863,0.565193,0.099420
864,0.570781,0.099359
865,0.576382,0.099566
866,0.581961,0.100077
867,0.587468,0.100951
868,0.592951,0.102111
869,0.598333,0.103587
870,0.603615,0.105380
871,0.608831,0.107480
872,0.613899,0.109820
873,0.618794,0.112488
874,0.623575,0.115453
875,0.628162,0.118625
876,0.632533,0.122087
877,0.636688,0.125823
878,0.640722,0.129723
879,0.644437,0.133905
880,0.647903,0.138275
881,0.651197,0.142805
882,0.654147,0.147563
883,0.656818,0.152458
884,0.659308,0.157486
885,0.661400,0.162677
886,0.663198,0.167957
887,0.664804,0.173351
888,0.665985,0.178823
889,0.666856,0.184331
890,0.667510,0.189919
891,0.667741,0.195510
892,0.667661,0.201085
893,0.667350,0.206701
894,0.666626,0.212251
895,0.665596,0.217731
896,0.664327,0.223208
897,0.662668,0.228552
898,0.660719,0.233776
899,0.658538,0.238963
900,0.655994,0.243946
901,0.653183,0.248762
902,0.650140,0.253486
903,0.646785,0.257967
904,0.643195,0.262233
905,0.639394,0.266339
906,0.635326,0.270223
907,0.631061,0.273815
908,0.626613,0.277193
909,0.621934,0.280355
910,0.617120,0.283168
911,0.612160,0.285758
912,0.607007,0.288052
913,0.601787,0.290006
914,0.596463,0.291694
915,0.590995,0.293079
916,0.585520,0.294116
917,0.579979,0.294891
918,0.574356,0.295316
919,0.568783,0.295404
920,0.563200,0.295207
921,0.557618,0.294639
922,0.552078,0.293806
923,0.546602,0.292672
924,0.541203,0.291158
925,0.535886,0.289393
926,0.530687,0.287337
927,0.525621,0.284925
928,0.520682,0.282279
929,0.515909,0.279368
930,0.511329,0.276129
931,0.506886,0.272678
932,0.502679,0.268996
933,0.498718,0.265023
934,0.494948,0.260855
935,0.491433,0.256514
936,0.488207,0.251925
937,0.485206,0.247175
938,0.482470,0.242300
939,0.480074,0.237229
940,0.477927,0.232035
941,0.476078,0.226766
942,0.474577,0.221360
943,0.473350,0.215876
944,0.472404,0.210364
945,0.471852,0.204782
946,0.471614,0.199201
947,0.471615,0.193593
948,0.472013,0.187992
949,0.472729,0.182452
950,0.473653,0.176885
951,0.475006,0.171442
952,0.476658,0.166104
953,0.478205,0.160735
954,0.480379,0.155574
955,0.482891,0.150590
956,0.485696,0.145756
957,0.488805,0.141078
958,0.492153,0.136593
959,0.495748,0.132306
960,0.499611,0.128225
961,0.503675,0.124378
962,0.507949,0.120766
963,0.512450,0.117405
964,0.517109,0.114307
965,0.521934,0.111477
966,0.526940,0.108933
967,0.532058,0.106675
968,0.537293,0.104709
969,0.542659,0.103055
970,0.548085,0.101703
971,0.553578,0.100659
972,0.559147,0.099909
973,0.564762,0.099449
974,0.570342,0.099341
975,0.575960,0.099525
976,0.581529,0.100066
977,0.587081,0.100882
978,0.592575,0.102039
979,0.597974,0.103516
980,0.603307,0.105265
981,0.608538,0.107327
982,0.613602,0.109708
983,0.618584,0.112337
984,0.623366,0.115272
985,0.627958,0.118476
986,0.632397,0.121935
987,0.636634,0.125627
988,0.640604,0.129569
989,0.644338,0.133732
990,0.647858,0.137960
991,0.651127,0.142594
992,0.654122,0.147358
993,0.656893,0.152262
994,0.659326,0.157303
995,0.661467,0.162476
996,0.663361,0.167767
997,0.664899,0.173143
998,0.666168,0.178629
999,0.667091,0.184138
1000,0.667688,0.189697
1001,0.668001,0.195318
1002,0.667971,0.200904
1003,0.667610,0.206483
1004,0.666928,0.212034
1005,0.665973,0.217569
1006,0.664665,0.223002
1007,0.663046,0.228354
1008,0.661160,0.233644
1009,0.658919,0.238787
1010,0.656403,0.243782
1011,0.653669,0.248707
1012,0.650598,0.253417
1013,0.647266,0.257912
1014,0.643715,0.262249
1015,0.639891,0.266404
1016,0.635844,0.270265
1017,0.631607,0.273933
1018,0.627133,0.277379
1019,0.622487,0.280492
1020,0.617684,0.283374
1021,0.612686,0.286010
1022,0.607577,0.288287
1023,0.602351,0.290324
1024,0.596977,0.292065
1025,0.591554,0.293436
1026,0.586061,0.294537
1027,0.580452,0.295361
1028,0.574875,0.295788
1029,0.569271,0.295945
1030,0.563647,0.295730
1031,0.558044,0.295244
1032,0.552503,0.294437
1033,0.546996,0.293272
1034,0.541536,0.291850
1035,0.536207,0.290120
1036,0.530982,0.288026
1037,0.525911,0.285649
1038,0.520907,0.283059
1039,0.516115,0.280112
1040,0.511523,0.276905
1041,0.507014,0.273500
1042,0.502791,0.269784
1043,0.498815,0.265841
1044,0.495027,0.261702
1045,0.491422,0.257318
1046,0.488174,0.252760
1047,0.485147,0.248038
1048,0.482421,0.243109
1049,0.479923,0.238046
1050,0.477749,0.232883
1051,0.475904,0.227561
1052,0.474380,0.222167
1053,0.473038,0.216673
1054,0.472123,0.211120
1055,0.471542,0.205547
1056,0.471235,0.199945
1057,0.471218,0.194265
1058,0.471590,0.188677
1059,0.472236,0.183104
1060,0.473231,0.177578
1061,0.474517,0.172053
1062,0.476107,0.166682
1063,0.478044,0.161388
1064,0.480281,0.156246
1065,0.482722,0.151140
1066,0.485530,0.146258
1067,0.488611,0.141573
1068,0.491927,0.137051
1069,0.495479,0.132639
1070,0.499330,0.128537
1071,0.503361,0.124629
1072,0.507658,0.120976
1073,0.512134,0.117523
1074,0.516766,0.114369
1075,0.521593,0.111497
1076,0.526616,0.108932
1077,0.531738,0.106527
1078,0.536981,0.104519
1079,0.542330,0.102833
1080,0.547791,0.101436
1081,0.553338,0.100285
1082,0.558890,0.099530
1083,0.564510,0.099078
1084,0.570130,0.098957
1085,0.575784,0.099099
1086,0.581396,0.099618
1087,0.586956,0.100455
1088,0.592447,0.101619
1089,0.597931,0.103009
1090,0.603284,0.104804
1091,0.608495,0.106889
1092,0.613601,0.109234
1093,0.618628,0.111850
1094,0.623417,0.114822
1095,0.628035,0.118011
1096,0.632472,0.121471
1097,0.636758,0.125166
1098,0.640776,0.129121
1099,0.644552,0.133289
1100,0.648068,0.137669
1101,0.651438,0.142218
1102,0.654448,0.146998
1103,0.657162,0.151914
1104,0.659626,0.156964
1105,0.661866,0.162174
1106,0.663695,0.167510
1107,0.665260,0.172906
1108,0.666501,0.178397
1109,0.667481,0.183973
1110,0.668082,0.189578
1111,0.668373,0.195202
1112,0.668322,0.200822
1113,0.668042,0.206476
1114,0.667355,0.212089
1115,0.666344,0.217616
1116,0.665049,0.223083
1117,0.663485,0.228541
1118,0.661524,0.233832
1119,0.659314,0.238996
1120,0.656802,0.244041
1121,0.654030,0.248983
1122,0.650948,0.253707
1123,0.647610,0.258245
1124,0.644011,0.262566
1125,0.640211,0.266767
1126,0.636123,0.270677
1127,0.631839,0.274317
1128,0.627373,0.277732
1129,0.622705,0.280970
1130,0.617836,0.283829
1131,0.612854,0.286429
1132,0.607712,0.288744
1133,0.602435,0.290817
1134,0.597044,0.292494
1135,0.591595,0.293923
1136,0.586070,0.294990
1137,0.580466,0.295839
1138,0.574823,0.296280
1139,0.569198,0.296385
1140,0.563575,0.296170
1141,0.557909,0.295749
1142,0.552327,0.294885
1143,0.546822,0.293742
1144,0.541373,0.292279
1145,0.535973,0.290539
1146,0.530732,0.288427
1147,0.525607,0.286082
1148,0.520652,0.283410
1149,0.515790,0.280485
1150,0.511124,0.277283
1151,0.506700,0.273803
1152,0.502481,0.270075
1153,0.498357,0.266161
1154,0.494580,0.261955
1155,0.491063,0.257560
1156,0.487747,0.252996
1157,0.484668,0.248226
1158,0.481945,0.243273
1159,0.479460,0.238212
1160,0.477314,0.233002
1161,0.475395,0.227659
1162,0.473807,0.222222
1163,0.472585,0.216723
1164,0.471679,0.211162
1165,0.470946,0.205510
1166,0.470681,0.199854
1167,0.470739,0.194221
1168,0.471116,0.188598
1169,0.471704,0.182945
1170,0.472700,0.177362
1171,0.474030,0.171885
1172,0.475670,0.166493
1173,0.477567,0.161136
1174,0.479789,0.155928
1175,0.482317,0.150880
1176,0.485137,0.145996
1177,0.488207,0.141213
1178,0.491528,0.136609
1179,0.495142,0.132277
1180,0.498996,0.128158
1181,0.503071,0.124192
1182,0.507365,0.120509
1183,0.511860,0.117084
1184,0.516546,0.113943
1185,0.521411,0.110998
1186,0.526426,0.108339
1187,0.531584,0.106044
1188,0.536863,0.104048
1189,0.542273,0.102285
1190,0.547757,0.100881
1191,0.553302,0.099807
1192,0.558894,0.099008
1193,0.564574,0.098494
1194,0.570238,0.098390
1195,0.575875,0.098612
1196,0.581508,0.099092
1197,0.587153,0.099886
1198,0.592695,0.101063
1199,0.598135,0.102558
1200,0.603514,0.104303
1201,0.608832,0.106360
1202,0.613965,0.108763
1203,0.618927,0.111450
1204,0.623773,0.114369
1205,0.628491,0.117572
1206,0.632945,0.121079
1207,0.637170,0.124822
1208,0.641230,0.128763
1209,0.645098,0.132957
1210,0.648648,0.137376
1211,0.651914,0.141981
1212,0.654977,0.146740
1213,0.657796,0.151702
1214,0.660252,0.156813
1215,0.662392,0.162039
1216,0.664292,0.167368
1217,0.665918,0.172842
1218,0.667153,0.178378
1219,0.668053,0.183953
1220,0.668702,0.189577
1221,0.669044,0.195277
1222,0.668996,0.200950
1223,0.668609,0.206586
1224,0.667962,0.212210
1225,0.667006,0.217842
1226,0.665675,0.223359
1227,0.664021,0.228761
1228,0.662118,0.234093
1229,0.659906,0.239362
1230,0.657359,0.244435
1231,0.654526,0.249325
1232,0.651464,0.254089
1233,0.648117,0.258722
1234,0.644489,0.263089
1235,0.640619,0.267211
1236,0.636556,0.271158
1237,0.632245,0.274913
1238,0.627754,0.278336
1239,0.623019,0.281484
1240,0.618167,0.284410
1241,0.613118,0.287097
1242,0.607931,0.289414
1243,0.602637,0.291405
1244,0.597247,0.293156
1245,0.591751,0.294560
1246,0.586174,0.295714
1247,0.580533,0.296451
1248,0.574885,0.296937
1249,0.569166,0.297116
1250,0.563518,0.296925
1251,0.557854,0.296364
1252,0.552246,0.295552
1253,0.546689,0.294390
1254,0.541153,0.292981
1255,0.535764,0.291153
1256,0.530479,0.289096
1257,0.525332,0.286702
1258,0.520343,0.284011
1259,0.515416,0.281043
1260,0.510748,0.277845
1261,0.506270,0.274354
1262,0.502020,0.270603
1263,0.497993,0.266615
1264,0.494011,0.262426
1265,0.490449,0.258018
1266,0.487160,0.253403
1267,0.484142,0.248604
1268,0.481363,0.243661
1269,0.478892,0.238498
1270,0.476735,0.233249
1271,0.474776,0.227875
1272,0.473168,0.222441
1273,0.471917,0.216901
1274,0.471018,0.211264
1275,0.470428,0.205619
1276,0.470020,0.199912
1277,0.470039,0.194235
1278,0.470445,0.188538
1279,0.471149,0.182907
1280,0.472119,0.177312
1281,0.473363,0.171713
1282,0.474999,0.166289
1283,0.476998,0.160939
1284,0.479218,0.155715
1285,0.481756,0.150621
1286,0.484541,0.145616
1287,0.487639,0.140873
1288,0.491025,0.136275
1289,0.494654,0.131889
1290,0.498533,0.127738
1291,0.502614,0.123719
1292,0.506893,0.119998
1293,0.511463,0.116548
1294,0.516185,0.113387
1295,0.521079,0.110500
1296,0.526107,0.107763
1297,0.531284,0.105412
1298,0.536640,0.103409
1299,0.542062,0.101708
1300,0.547561,0.100262
1301,0.553180,0.099067
1302,0.558800,0.098298
1303,0.564503,0.097887
1304,0.570180,0.097744
1305,0.575881,0.097927
1306,0.581599,0.098382
1307,0.587207,0.099228
1308,0.592799,0.100404
1309,0.598308,0.101880
1310,0.603703,0.103684
1311,0.609062,0.105730
1312,0.614226,0.108080
1313,0.619275,0.110801
1314,0.624119,0.113787
1315,0.628785,0.117043
1316,0.633348,0.120522
1317,0.637665,0.124221
1318,0.641721,0.128261
1319,0.645526,0.132492
1320,0.649123,0.136901
1321,0.652558,0.141518
1322,0.655598,0.146317
1323,0.658346,0.151341
1324,0.660840,0.156452
1325,0.663045,0.161721
1326,0.665013,0.167118
1327,0.666577,0.172578
1328,0.667799,0.178173
1329,0.668782,0.183790
1330,0.669384,0.189455
1331,0.669743,0.195189
1332,0.669747,0.200864
1333,0.669378,0.206598
1334,0.668674,0.212252
1335,0.667651,0.217858
1336,0.666432,0.223469
1337,0.664821,0.228940
1338,0.662829,0.234317
1339,0.660557,0.239543
1340,0.657994,0.244634
1341,0.655257,0.249713
1342,0.652158,0.254487
1343,0.648733,0.259086
1344,0.645078,0.263461
1345,0.641184,0.267626
1346,0.637126,0.271706
1347,0.632808,0.275430
1348,0.628222,0.278880
1349,0.623482,0.282051
1350,0.618571,0.284951
1351,0.613523,0.287742
1352,0.608330,0.290086
1353,0.602956,0.292103
1354,0.597512,0.293810
1355,0.591980,0.295210
1356,0.586351,0.296449
1357,0.580705,0.297244
1358,0.574980,0.297674
1359,0.569274,0.297776
1360,0.563570,0.297561
1361,0.557810,0.297187
1362,0.552169,0.296351
1363,0.546552,0.295147
1364,0.541047,0.293636
1365,0.535632,0.291821
1366,0.530221,0.289815
1367,0.525037,0.287434
1368,0.519985,0.284702
1369,0.515128,0.281700
1370,0.510442,0.278433
1371,0.505797,0.274999
1372,0.501498,0.271246
1373,0.497421,0.267195
1374,0.493603,0.262945
1375,0.490025,0.258488
1376,0.486559,0.253872
1377,0.483479,0.249065
1378,0.480703,0.244031
1379,0.478237,0.238876
1380,0.476059,0.233590
1381,0.474009,0.228184
1382,0.472418,0.222701
1383,0.471172,0.217086
1384,0.470258,0.211443
1385,0.469656,0.205755
1386,0.469235,0.199995
1387,0.469242,0.194282
1388,0.469630,0.188541
1389,0.470341,0.182867
1390,0.471365,0.177239
1391,0.472560,0.171580
1392,0.474187,0.166101
1393,0.476176,0.160698
1394,0.478459,0.155452
1395,0.481029,0.150338
1396,0.483792,0.145256
1397,0.486886,0.140450
1398,0.490315,0.135825
1399,0.493984,0.131434
1400,0.497892,0.127249
1401,0.501964,0.123139
1402,0.506294,0.119402
1403,0.510888,0.115926
1404,0.515649,0.112747
1405,0.520580,0.109831
1406,0.525654,0.107045
1407,0.530860,0.104672
1408,0.536247,0.102629
1409,0.541712,0.100918
1410,0.547267,0.099509
1411,0.552922,0.098255
1412,0.558588,0.097446
1413,0.564293,0.096994
1414,0.570062,0.096902
1415,0.575791,0.097115
1416,0.581568,0.097518
1417,0.587237,0.098331
1418,0.592841,0.099503
1419,0.598405,0.101038
1420,0.603844,0.102857
1421,0.609280,0.104866
1422,0.614491,0.107246
1423,0.619571,0.109981
1424,0.624448,0.112994
1425,0.629157,0.116271
1426,0.633716,0.119758
1427,0.638135,0.123488
1428,0.642220,0.127505
1429,0.646074,0.131807
1430,0.649671,0.136280
1431,0.653156,0.140913
1432,0.656259,0.145734
1433,0.659048,0.150742
1434,0.661531,0.155964
1435,0.663721,0.161270
1436,0.665681,0.166673
1437,0.667382,0.172204
1438,0.668649,0.177796
1439,0.669583,0.183501
1440,0.670177,0.189213
1441,0.670598,0.194997
1442,0.670607,0.200737
1443,0.670247,0.206463
1444,0.669553,0.212161
1445,0.668491,0.217853
1446,0.667210,0.223457
1447,0.665670,0.229060
1448,0.663713,0.234453
1449,0.661442,0.239727
1450,0.658869,0.244865
1451,0.656009,0.249901
1452,0.652874,0.254739
1453,0.649524,0.259476
1454,0.645870,0.263898
1455,0.641957,0.268104
1456,0.637852,0.272124
1457,0.633429,0.275892
1458,0.628846,0.279373
1459,0.624097,0.282708
1460,0.619167,0.285645
1461,0.614098,0.288356
1462,0.608847,0.290733
1463,0.603415,0.292773
1464,0.597927,0.294510
1465,0.592331,0.296057
1466,0.586713,0.297223
1467,0.581004,0.298039
1468,0.575266,0.298498
1469,0.569462,0.298593
1470,0.563707,0.298386
1471,0.557914,0.298019
1472,0.552211,0.297201
1473,0.546577,0.296027
1474,0.541019,0.294528
1475,0.535520,0.292667
1476,0.530146,0.290595
1477,0.524806,0.288262
1478,0.519731,0.285560
1479,0.514821,0.282558
1480,0.510088,0.279277
1481,0.505495,0.275725
1482,0.501139,0.271927
1483,0.496911,0.267932
1484,0.493042,0.263678
1485,0.489424,0.259198
1486,0.486025,0.254553
1487,0.482903,0.249632
1488,0.480101,0.244588
1489,0.477465,0.239399
1490,0.475248,0.234091
1491,0.473284,0.228678
1492,0.471665,0.223129
1493,0.470408,0.217449
1494,0.469466,0.211756
1495,0.468732,0.205979
1496,0.468367,0.200243
1497,0.468366,0.194462
1498,0.468725,0.188703
1499,0.469449,0.182931
1500,0.470477,0.177250
1501,0.471678,0.171560
1502,0.473286,0.166010
1503,0.475248,0.160585
1504,0.477524,0.155282
1505,0.480149,0.150087
1506,0.482979,0.145064
1507,0.486041,0.140080
1508,0.489441,0.135426
1509,0.493116,0.130978
1510,0.497045,0.126747
1511,0.501223,0.122705
1512,0.505608,0.118911
1513,0.510179,0.115285
1514,0.514946,0.112046
1515,0.519904,0.109092
1516,0.524995,0.106377
1517,0.530322,0.103972
1518,0.535726,0.101909
1519,0.541253,0.100032
1520,0.546834,0.098583
1521,0.552499,0.097466
1522,0.558218,0.096588
1523,0.564033,0.096135
1524,0.569817,0.096013
1525,0.575654,0.096103
1526,0.581392,0.096563
1527,0.587134,0.097377
1528,0.592800,0.098549
1529,0.598428,0.100083
1530,0.603918,0.101913
1531,0.609395,0.103914
1532,0.614676,0.106295
1533,0.619782,0.109011
1534,0.624722,0.112023
1535,0.629510,0.115360
1536,0.634068,0.118930
1537,0.638610,0.122635
1538,0.642756,0.126667
1539,0.646651,0.130945
1540,0.650295,0.135444
1541,0.653685,0.140198
1542,0.656782,0.145095
1543,0.659955,0.149889
1544,0.662554,0.155050
1545,0.664802,0.160379
1546,0.666734,0.165840
1547,0.668345,0.171459
1548,0.669625,0.177118
1549,0.670592,0.182839
1550,0.671233,0.188605
1551,0.671545,0.194398
1552,0.671525,0.200197
1553,0.671153,0.206034
1554,0.670457,0.211793
1555,0.669445,0.217506
1556,0.668112,0.223150
1557,0.666459,0.228709
1558,0.664493,0.234163
1559,0.662178,0.239533
1560,0.659653,0.244750
1561,0.656799,0.249818
1562,0.653652,0.254693
1563,0.650232,0.259376
1564,0.646551,0.263856
1565,0.642628,0.268259
1566,0.638530,0.272359
1567,0.634140,0.276157
1568,0.629538,0.279691
1569,0.624742,0.282955
1570,0.619768,0.285940
1571,0.614584,0.288715
1572,0.609359,0.291089
1573,0.603946,0.293202
1574,0.598419,0.294986
1575,0.592797,0.296450
1576,0.587100,0.297590
1577,0.581347,0.298403
1578,0.575560,0.298980
1579,0.569750,0.299143
1580,0.563944,0.298970
1581,0.558158,0.298465
1582,0.552410,0.297632
1583,0.546687,0.296570
1584,0.541060,0.295097
1585,0.535535,0.293301
1586,0.530123,0.291194
1587,0.524842,0.288782
1588,0.519622,0.286162
1589,0.514633,0.283231
1590,0.509809,0.279976
1591,0.505206,0.276435
1592,0.500816,0.272635
1593,0.496525,0.268569
1594,0.492597,0.264314
1595,0.488833,0.259881
1596,0.485404,0.255182
1597,0.482258,0.250296
1598,0.479387,0.245187
1599,0.476720,0.239961
1600,0.474446,0.234631
1601,0.472436,0.229195
1602,0.470757,0.223613
1603,0.469431,0.217951
1604,0.468437,0.212172
1605,0.467681,0.206350
1606,0.467329,0.200564
1607,0.467235,0.194753
1608,0.467547,0.188936
1609,0.468203,0.183155
1610,0.469213,0.177375
1611,0.470462,0.171634
1612,0.472071,0.166063
1613,0.473936,0.160557
1614,0.476182,0.155178
1615,0.478742,0.149950
1616,0.481632,0.144840
1617,0.484748,0.139854
1618,0.488132,0.135143
1619,0.491743,0.130589
1620,0.495665,0.126269
1621,0.499834,0.122203
1622,0.504274,0.118358
1623,0.508881,0.114698
1624,0.513657,0.111399
1625,0.518590,0.108307
1626,0.523739,0.105562
1627,0.529035,0.103131
1628,0.534461,0.101008
1629,0.540059,0.099213
1630,0.545698,0.097600
1631,0.551380,0.096356
1632,0.557156,0.095492
1633,0.562964,0.094980
1634,0.568791,0.094803
1635,0.574731,0.094907
1636,0.580522,0.095372
1637,0.586299,0.096104
1638,0.592031,0.097235
1639,0.597677,0.098705
1640,0.603229,0.100497
1641,0.608755,0.102536
1642,0.614074,0.104937
1643,0.619267,0.107571
1644,0.624293,0.110558
1645,0.629147,0.113896
1646,0.633776,0.117456
1647,0.638301,0.121239
1648,0.642500,0.125261
1649,0.646501,0.129489
1650,0.650238,0.133992
1651,0.653687,0.138771
1652,0.656851,0.143682
1653,0.659734,0.148763
1654,0.662473,0.153976
1655,0.664840,0.159303
1656,0.666840,0.164802
1657,0.668503,0.170403
1658,0.669821,0.176150
1659,0.670826,0.181911
1660,0.671505,0.187717
1661,0.672071,0.193581
1662,0.672127,0.199430
1663,0.671816,0.205265
1664,0.671131,0.211127
1665,0.670140,0.216892
1666,0.668827,0.222593
1667,0.667258,0.228217
1668,0.665449,0.233853
1669,0.663210,0.239242
1670,0.660649,0.244495
1671,0.657730,0.249626
1672,0.654573,0.254554
1673,0.651210,0.259342
1674,0.647528,0.263912
1675,0.643656,0.268370
1676,0.639491,0.272461
1677,0.635086,0.276305
1678,0.630397,0.279898
1679,0.625613,0.283258
1680,0.620607,0.286338
1681,0.615436,0.289095
1682,0.610128,0.291689
1683,0.604698,0.293840
1684,0.599141,0.295668
1685,0.593446,0.297235
1686,0.587693,0.298436
1687,0.581891,0.299293
1688,0.576053,0.299816
1689,0.570148,0.300143
1690,0.564307,0.300011
1691,0.558474,0.299607
1692,0.552598,0.298783
1693,0.546843,0.297635
1694,0.541164,0.296164
1695,0.535579,0.294372
1696,0.530012,0.292373
1697,0.524652,0.290049
1698,0.519429,0.287357
1699,0.514358,0.284295
1700,0.509503,0.280995
1701,0.504841,0.277428
1702,0.500390,0.273602
1703,0.496009,0.269644
1704,0.491972,0.265375
1705,0.488232,0.260856
1706,0.484752,0.256060
1707,0.481565,0.251127
1708,0.478658,0.246023
1709,0.476003,0.240803
1710,0.473496,0.235407
1711,0.471481,0.229905
1712,0.469798,0.224284
1713,0.468454,0.218510
1714,0.467441,0.212721
1715,0.466675,0.206901
1716,0.466282,0.201018
1717,0.466117,0.195088
1718,0.466405,0.189235
1719,0.467042,0.183400
1720,0.468052,0.177555
1721,0.469313,0.171830
1722,0.470909,0.166143
1723,0.472854,0.160588
1724,0.475011,0.155059
1725,0.477556,0.149777
1726,0.480416,0.144647
1727,0.483557,0.139624
1728,0.486986,0.134817
1729,0.490689,0.130237
1730,0.494646,0.125878
1731,0.498788,0.121623
1732,0.503189,0.117746
1733,0.507772,0.114085
1734,0.512666,0.110683
1735,0.517700,0.107622
1736,0.522898,0.104846
1737,0.528243,0.102370
1738,0.533718,0.100058
1739,0.539251,0.098148
1740,0.544941,0.096567
1741,0.550767,0.095367
1742,0.556598,0.094511
1743,0.562469,0.093976
1744,0.568361,0.093775
1745,0.574291,0.093725
1746,0.580175,0.094128
1747,0.586010,0.094919
1748,0.591845,0.096082
1749,0.597552,0.097566
1750,0.603172,0.099360
1751,0.608684,0.101408
1752,0.614208,0.103695
1753,0.619440,0.106380
1754,0.624506,0.109385
1755,0.629432,0.112729
1756,0.634115,0.116319
1757,0.638597,0.120161
1758,0.642926,0.124177
1759,0.647087,0.128446
1760,0.650858,0.132960
1761,0.654357,0.137703
1762,0.657600,0.142701
1763,0.660515,0.147835
1764,0.663244,0.153078
1765,0.665590,0.158504
1766,0.667757,0.164058
1767,0.669476,0.169688
1768,0.670854,0.175422
1769,0.671893,0.181293
1770,0.672687,0.187150
1771,0.673071,0.193054
1772,0.673114,0.198966
1773,0.672941,0.204931
1774,0.672337,0.210789
1775,0.671436,0.216602
1776,0.670155,0.222454
1777,0.670534,0.224531
1778,0.669366,0.223336
1779,0.662613,0.223189
1780,0.652936,0.224902
1781,0.644614,0.224108
1782,0.641037,0.223844
1783,0.641037,0.223844
1784,0.640360,0.223525
1785,0.639909,0.223385
1786,0.639909,0.223385
1787,0.628078,0.226565
1788,0.611366,0.229645
1789,0.594495,0.231716
1790,0.577534,0.232824
1791,0.560537,0.232964
1792,0.543559,0.232138
1793,0.538816,0.231880
1794,0.527832,0.226458
1795,0.513245,0.217739
1796,0.499206,0.208156
1797,0.485735,0.197790
1798,0.472876,0.186675
1799,0.460670,0.174846
