0,-1.633290,0.169763
1,-1.633290,0.169763
2,-1.635555,0.157724
3,-1.637349,0.140825
4,-1.638123,0.123845
5,-1.637931,0.106849
6,-1.636771,0.089891
7,-1.636420,0.085154
8,-1.636420,0.085154
9,-1.627155,0.077140
10,-1.613453,0.067088
11,-1.599167,0.057877
12,-1.584381,0.049493
13,-1.569142,0.041964
14,-1.553500,0.035314
15,-1.549118,0.033481
16,-1.549118,0.033481
17,-1.537776,0.038109
18,-1.522607,0.045770
19,-1.507922,0.054331
20,-1.493749,0.063714
21,-1.480133,0.073888
22,-1.467117,0.084820
23,-1.454744,0.096475
24,-1.449648,0.103609
25,-1.441802,0.114243
26,-1.431649,0.127799
27,-1.422226,0.141946
28,-1.419616,0.145915
29,-1.419616,0.145915
30,-1.419616,0.145915
31,-1.419616,0.145915
32,-1.419616,0.145915
33,-1.419616,0.145915
34,-1.419616,0.145915
35,-1.419616,0.145915
36,-1.419616,0.145915
37,-1.423039,0.134153
38,-1.426465,0.117508
39,-1.428884,0.100683
40,-1.430342,0.083748
41,-1.430834,0.066758
42,-1.430359,0.049767
43,-1.428917,0.032831
44,-1.428488,0.028100
45,-1.428488,0.028100
46,-1.419091,0.020241
47,-1.405223,0.010419
48,-1.390787,0.001446
49,-1.375863,-0.006691
50,-1.360501,-0.013965
51,-1.344750,-0.020354
52,-1.328661,-0.025836
53,-1.312286,-0.030394
54,-1.295678,-0.034013
55,-1.278891,-0.036682
56,-1.261980,-0.038390
57,-1.244999,-0.039134
58,-1.228003,-0.038911
59,-1.211047,-0.037721
60,-1.194186,-0.035568
61,-1.177475,-0.032459
62,-1.160969,-0.028404
63,-1.144719,-0.023417
64,-1.128780,-0.017514
65,-1.113202,-0.010713
66,-1.098037,-0.003037
67,-1.083332,0.005489
68,-1.069137,0.014839
69,-1.055497,0.024981
70,-1.042455,0.035882
71,-1.030055,0.047508
72,-1.018337,0.059820
73,-1.007338,0.072779
74,-0.997094,0.086343
75,-0.994253,0.090150
76,-0.994253,0.090150
77,-0.994253,0.090150
78,-0.994253,0.090150
79,-0.994253,0.090150
80,-0.994253,0.090150
81,-0.994253,0.090150
82,-0.994253,0.090150
83,-0.994253,0.090150
84,-0.998368,0.078612
85,-1.002773,0.062199
86,-1.006185,0.045547
87,-1.008643,0.028728
88,-1.010141,0.011797
89,-1.010673,-0.005192
90,-1.010795,-0.009941
91,-1.010795,-0.009941
92,-1.002373,-0.018836
93,-0.989737,-0.030200
94,-0.976439,-0.040786
95,-0.962559,-0.050598
96,-0.948144,-0.059605
97,-0.933240,-0.067777
98,-0.917895,-0.075088
99,-0.902159,-0.081514
100,-0.886083,-0.087034
101,-0.869718,-0.091630
102,-0.853119,-0.095288
103,-0.836339,-0.097996
104,-0.819431,-0.099744
105,-0.802452,-0.100528
106,-0.785455,-0.100345
107,-0.768497,-0.099194
108,-0.751631,-0.097081
109,-0.734913,-0.094012
110,-0.718397,-0.089996
111,-0.702136,-0.085047
112,-0.686182,-0.079181
113,-0.670589,-0.072417
114,-0.655405,-0.064777
115,-0.640681,-0.056285
116,-0.626464,-0.046969
117,-0.612800,-0.036859
118,-0.599733,-0.025988
119,-0.587306,-0.014392
120,-0.575558,-0.002107
121,-0.564529,0.010826
122,-0.561467,0.014458
123,-0.561467,0.014458
124,-0.561467,0.014458
125,-0.564393,0.012679
126,-0.572843,0.007033
127,-0.578830,0.002226
128,-0.583884,-0.002369
129,-0.588588,-0.007031
130,-0.592986,-0.011749
131,-0.599330,-0.025338
132,-0.605695,-0.041739
133,-0.611621,-0.058713
134,-0.617065,-0.076214
135,-0.621968,-0.094241
136,-0.627948,-0.111321
137,-0.634483,-0.127582
138,-0.640600,-0.143740
139,-0.642936,-0.162990
140,-0.633842,-0.176118
141,-0.629581,-0.179256
142,-0.619384,-0.185406
143,-0.603551,-0.191625
144,-0.586461,-0.197102
145,-0.569085,-0.202332
146,-0.551441,-0.207357
147,-0.533527,-0.212171
148,-0.515348,-0.216761
149,-0.496912,-0.221119
150,-0.478234,-0.225239
151,-0.459336,-0.229118
152,-0.441149,-0.229873
153,-0.424855,-0.225834
154,-0.408772,-0.220191
155,-0.403959,-0.218926
156,-0.403959,-0.218926
157,-0.402397,-0.206776
158,-0.400773,-0.193747
159,-0.400530,-0.190733
160,-0.400530,-0.190733
161,-0.400530,-0.190733
162,-0.400530,-0.190733
163,-0.400530,-0.190733
164,-0.400530,-0.190733
165,-0.400530,-0.190733
166,-0.406392,-0.201489
167,-0.413302,-0.217015
168,-0.419267,-0.232931
169,-0.424318,-0.249161
170,-0.425703,-0.253704
171,-0.425703,-0.253704
172,-0.425703,-0.253704
173,-0.425703,-0.253704
174,-0.414091,-0.257605
175,-0.397599,-0.261707
176,-0.380888,-0.264812
177,-0.364026,-0.266960
178,-0.347070,-0.268145
179,-0.330074,-0.268364
180,-0.313093,-0.267616
181,-0.296182,-0.265902
182,-0.279396,-0.263230
183,-0.262789,-0.259606
184,-0.246416,-0.255044
185,-0.230328,-0.249557
186,-0.214579,-0.243164
187,-0.199218,-0.235885
188,-0.184297,-0.227744
189,-0.169863,-0.218767
190,-0.155964,-0.208984
191,-0.152095,-0.206228
192,-0.152095,-0.206228
193,-0.152095,-0.206228
194,-0.152095,-0.206228
195,-0.152095,-0.206228
196,-0.152095,-0.206228
197,-0.164047,-0.203544
198,-0.180874,-0.201162
199,-0.197816,-0.199796
200,-0.214809,-0.199396
201,-0.231797,-0.199963
202,-0.248725,-0.201496
203,-0.265539,-0.203990
204,-0.282183,-0.207436
205,-0.298605,-0.211824
206,-0.314750,-0.217139
207,-0.319253,-0.218650
208,-0.328399,-0.226799
209,-0.340139,-0.239086
210,-0.345359,-0.249596
211,-0.351296,-0.261534
212,-0.357050,-0.273018
213,-0.356835,-0.278683
214,-0.354305,-0.284927
215,-0.350730,-0.291181
216,-0.345979,-0.295329
217,-0.340790,-0.296970
218,-0.335225,-0.298223
219,-0.329042,-0.299782
220,-0.321899,-0.302369
221,-0.316026,-0.304361
222,-0.313454,-0.302570
223,-0.312192,-0.298800
224,-0.311687,-0.293961
225,-0.311830,-0.288374
226,-0.312527,-0.282272
227,-0.313599,-0.275947
228,-0.315038,-0.269357
229,-0.316594,-0.262762
230,-0.316932,-0.257761
231,-0.315903,-0.255954
232,-0.314074,-0.256437
233,-0.310452,-0.258474
234,-0.309837,-0.258769
235,-0.305254,-0.259793
236,-0.293094,-0.262699
237,-0.278283,-0.268383
238,-0.262356,-0.274320
239,-0.246169,-0.279245
240,-0.229671,-0.283332
241,-0.225054,-0.284448
242,-0.212975,-0.282413
243,-0.196497,-0.278254
244,-0.180296,-0.273112
245,-0.166457,-0.269015
246,-0.157555,-0.269043
247,-0.148838,-0.268655
248,-0.140329,-0.267866
249,-0.132999,-0.265750
250,-0.126581,-0.262273
251,-0.120339,-0.258303
252,-0.114258,-0.253893
253,-0.108364,-0.249050
254,-0.102686,-0.243783
255,-0.097254,-0.238101
256,-0.092098,-0.232016
257,-0.087244,-0.225542
258,-0.082723,-0.218693
259,-0.078561,-0.211488
260,-0.074783,-0.203945
261,-0.071416,-0.196086
262,-0.068484,-0.187935
263,-0.066008,-0.179515
264,-0.064010,-0.170852
265,-0.062510,-0.161976
266,-0.061525,-0.152915
267,-0.061072,-0.143700
268,-0.061166,-0.134362
269,-0.061817,-0.124936
270,-0.063037,-0.115454
271,-0.064834,-0.105953
272,-0.067214,-0.096467
273,-0.070266,-0.087758
274,-0.072119,-0.085390
275,-0.072644,-0.082321
276,-0.073197,-0.079004
277,-0.073992,-0.075599
278,-0.075062,-0.072145
279,-0.076419,-0.068666
280,-0.078069,-0.065185
281,-0.080015,-0.061723
282,-0.082261,-0.058305
283,-0.084806,-0.054953
284,-0.087651,-0.051690
285,-0.091140,-0.048406
286,-0.094579,-0.045410
287,-0.098304,-0.042573
288,-0.102306,-0.039919
289,-0.106577,-0.037471
290,-0.111104,-0.035251
291,-0.115876,-0.033281
292,-0.120877,-0.031581
293,-0.126092,-0.030170
294,-0.131503,-0.029069
295,-0.137092,-0.028294
296,-0.142837,-0.027862
297,-0.148718,-0.027788
298,-0.154711,-0.028087
299,-0.160793,-0.028770
300,-0.166938,-0.029849
301,-0.173121,-0.031332
302,-0.179314,-0.033227
303,-0.185490,-0.035540
304,-0.191621,-0.038275
305,-0.197679,-0.041433
306,-0.203634,-0.045014
307,-0.209458,-0.049017
308,-0.215121,-0.053438
309,-0.220594,-0.058271
310,-0.225848,-0.063508
311,-0.230854,-0.069139
312,-0.235585,-0.075152
313,-0.240012,-0.081534
314,-0.244108,-0.088269
315,-0.247848,-0.095339
316,-0.251206,-0.102725
317,-0.254203,-0.110775
318,-0.256714,-0.118729
319,-0.258777,-0.126928
320,-0.260370,-0.135348
321,-0.261475,-0.143961
322,-0.262075,-0.152736
323,-0.262155,-0.161645
324,-0.261701,-0.170655
325,-0.260704,-0.179734
326,-0.259153,-0.188849
327,-0.257041,-0.197965
328,-0.254364,-0.207047
329,-0.251120,-0.216059
330,-0.247306,-0.224966
331,-0.242926,-0.233732
332,-0.237984,-0.242319
333,-0.232486,-0.250693
334,-0.226440,-0.258817
335,-0.219860,-0.266654
336,-0.212756,-0.274171
337,-0.205147,-0.281331
338,-0.197050,-0.288102
339,-0.188484,-0.294451
340,-0.179474,-0.300346
341,-0.170043,-0.305757
342,-0.174132,-0.306392
343,-0.183883,-0.305385
344,-0.195786,-0.304433
345,-0.208938,-0.303993
346,-0.222797,-0.304257
347,-0.237069,-0.305311
348,-0.251538,-0.307193
349,-0.265664,-0.309869
350,-0.280056,-0.313388
351,-0.294430,-0.317773
352,-0.308757,-0.323035
353,-0.322883,-0.329153
354,-0.336771,-0.336121
355,-0.350378,-0.343940
356,-0.363611,-0.352576
357,-0.376488,-0.362049
358,-0.388883,-0.372307
359,-0.400751,-0.383317
360,-0.412048,-0.395054
361,-0.422732,-0.407493
362,-0.432754,-0.420597
363,-0.442070,-0.434321
364,-0.450684,-0.448708
365,-0.458480,-0.463583
366,-0.465513,-0.479064
367,-0.471634,-0.494894
368,-0.476891,-0.511165
369,-0.481251,-0.527843
370,-0.484656,-0.544747
371,-0.487090,-0.561803
372,-0.488551,-0.578999
373,-0.489029,-0.596275
374,-0.488523,-0.613551
375,-0.487027,-0.630800
376,-0.484722,-0.646817
377,-0.481323,-0.663666
378,-0.476934,-0.680414
379,-0.471597,-0.696885
380,-0.465346,-0.712997
381,-0.458171,-0.728755
382,-0.450107,-0.744081
383,-0.441183,-0.758923
384,-0.431429,-0.773232
385,-0.420875,-0.786964
386,-0.409581,-0.800049
387,-0.397534,-0.812492
388,-0.384825,-0.824209
389,-0.371440,-0.835201
390,-0.357448,-0.845414
391,-0.342899,-0.854812
392,-0.328232,-0.863128
393,-0.312917,-0.870766
394,-0.297022,-0.877562
395,-0.280734,-0.883449
396,-0.264169,-0.888392
397,-0.247316,-0.892388
398,-0.230296,-0.895416
399,-0.213179,-0.897464
400,-0.195891,-0.898535
401,-0.178570,-0.898620
402,-0.161272,-0.897718
403,-0.144054,-0.895832
404,-0.126970,-0.892968
405,-0.110078,-0.889137
406,-0.093430,-0.884349
407,-0.077083,-0.878620
408,-0.061086,-0.871972
409,-0.046169,-0.864745
410,-0.031052,-0.856359
411,-0.016411,-0.847104
412,-0.002321,-0.837028
413,0.011174,-0.826169
414,0.024028,-0.814557
415,0.036200,-0.802234
416,0.047649,-0.789237
417,0.058340,-0.775609
418,0.068244,-0.761408
419,0.077316,-0.746653
420,0.085533,-0.731406
421,0.092872,-0.715714
422,0.099302,-0.699633
423,0.104803,-0.683216
424,0.109363,-0.666508
425,0.112965,-0.649568
426,0.115506,-0.633015
427,0.117191,-0.615928
428,0.117879,-0.598623
429,0.117580,-0.581308
430,0.116296,-0.564038
431,0.114031,-0.546871
432,0.110792,-0.529859
433,0.106590,-0.513060
434,0.101436,-0.496527
435,0.095350,-0.480316
436,0.088352,-0.464479
437,0.080473,-0.449091
438,0.071718,-0.434152
439,0.062131,-0.419737
440,0.051749,-0.405915
441,0.040584,-0.392684
442,0.028683,-0.380110
443,0.016638,-0.368735
444,0.003400,-0.357582
445,-0.010454,-0.347200
446,-0.024873,-0.337624
447,-0.039811,-0.328889
448,-0.055225,-0.321013
449,-0.071062,-0.314027
450,-0.087268,-0.307957
451,-0.103794,-0.302819
452,-0.120587,-0.298632
453,-0.137570,-0.295418
454,-0.154731,-0.293167
455,-0.171991,-0.291898
456,-0.189303,-0.291612
457,-0.206593,-0.292312
458,-0.223765,-0.293994
459,-0.240859,-0.296662
460,-0.257082,-0.300027
461,-0.273777,-0.304592
462,-0.290185,-0.310099
463,-0.306230,-0.316535
464,-0.321903,-0.323874
465,-0.337131,-0.332092
466,-0.351870,-0.341163
467,-0.366069,-0.351060
468,-0.379681,-0.361748
469,-0.392662,-0.373195
470,-0.404970,-0.385361
471,-0.416566,-0.398216
472,-0.427411,-0.411706
473,-0.437470,-0.425791
474,-0.446688,-0.440415
475,-0.455076,-0.455552
476,-0.462589,-0.471143
477,-0.468926,-0.486464
478,-0.474632,-0.502788
479,-0.479403,-0.519418
480,-0.483220,-0.536294
481,-0.486067,-0.553360
482,-0.487943,-0.570562
483,-0.488828,-0.587835
484,-0.488731,-0.605136
485,-0.487650,-0.622405
486,-0.485577,-0.639566
487,-0.482538,-0.656598
488,-0.478535,-0.673430
489,-0.473577,-0.690008
490,-0.467687,-0.706274
491,-0.460874,-0.722187
492,-0.453174,-0.737682
493,-0.444606,-0.752713
494,-0.435682,-0.766705
495,-0.425476,-0.780655
496,-0.414486,-0.794022
497,-0.402755,-0.806722
498,-0.390328,-0.818748
499,-0.377235,-0.830054
500,-0.363519,-0.840595
501,-0.349226,-0.850314
502,-0.334392,-0.859210
503,-0.319083,-0.867258
504,-0.303341,-0.874420
505,-0.287215,-0.880674
506,-0.270767,-0.885984
507,-0.254036,-0.890365
508,-0.237096,-0.893781
509,-0.219968,-0.896232
510,-0.202737,-0.897702
511,-0.186069,-0.898188
512,-0.168814,-0.897716
513,-0.151594,-0.896240
514,-0.134474,-0.893798
515,-0.117546,-0.890390
516,-0.100815,-0.886017
517,-0.084361,-0.880697
518,-0.068236,-0.874450
519,-0.052495,-0.867296
520,-0.037186,-0.859257
521,-0.022360,-0.850353
522,-0.008066,-0.840625
523,0.005652,-0.830098
524,0.018732,-0.818798
525,0.031162,-0.806780
526,0.042889,-0.794073
527,0.053558,-0.781087
528,0.063684,-0.767374
529,0.073096,-0.752872
530,0.081656,-0.737836
531,0.089356,-0.722358
532,0.096162,-0.706468
533,0.102034,-0.690219
534,0.106987,-0.673666
535,0.110989,-0.656858
536,0.114025,-0.639842
537,0.116090,-0.622682
538,0.117173,-0.605430
539,0.117272,-0.588152
540,0.116386,-0.570889
541,0.114523,-0.553701
542,0.111675,-0.536657
543,0.107863,-0.519796
544,0.103384,-0.503847
545,0.097703,-0.487526
546,0.091099,-0.471553
547,0.083600,-0.455977
548,0.075227,-0.440866
549,0.065996,-0.426259
550,0.055955,-0.412192
551,0.045128,-0.398720
552,0.033551,-0.385886
553,0.021259,-0.373735
554,0.008301,-0.362301
555,-0.005276,-0.351634
556,-0.019453,-0.341748
557,-0.034170,-0.332686
558,-0.049379,-0.324478
559,-0.065018,-0.317157
560,-0.080296,-0.310948
561,-0.096668,-0.305423
562,-0.113325,-0.300844
563,-0.130229,-0.297213
564,-0.147297,-0.294557
565,-0.164491,-0.292873
566,-0.181759,-0.292163
567,-0.199040,-0.292450
568,-0.216277,-0.293721
569,-0.233388,-0.295959
570,-0.250370,-0.299183
571,-0.267139,-0.303368
572,-0.283634,-0.308519
573,-0.299818,-0.314584
574,-0.315631,-0.321562
575,-0.331016,-0.329440
576,-0.345932,-0.338169
577,-0.360004,-0.347553
578,-0.373568,-0.357583
579,-0.386785,-0.368698
580,-0.399355,-0.380555
581,-0.411237,-0.393106
582,-0.422385,-0.406326
583,-0.432754,-0.420151
584,-0.442327,-0.434544
585,-0.451052,-0.449450
586,-0.458930,-0.464838
587,-0.465908,-0.480638
588,-0.471975,-0.496821
589,-0.477107,-0.513292
590,-0.481295,-0.530050
591,-0.484538,-0.547027
592,-0.486783,-0.564144
593,-0.488046,-0.580634
594,-0.488361,-0.597896
595,-0.487689,-0.615159
596,-0.486041,-0.632357
597,-0.483412,-0.649422
598,-0.479807,-0.666321
599,-0.475235,-0.682979
600,-0.469734,-0.699355
601,-0.463309,-0.715391
602,-0.455979,-0.731036
603,-0.447786,-0.746256
604,-0.438737,-0.760965
605,-0.428854,-0.775137
606,-0.418166,-0.788711
607,-0.406734,-0.801667
608,-0.394823,-0.813668
609,-0.382370,-0.825067
610,-0.368922,-0.835913
611,-0.354879,-0.845956
612,-0.340276,-0.855193
613,-0.325186,-0.863578
614,-0.309629,-0.871085
615,-0.293669,-0.877699
616,-0.277355,-0.883408
617,-0.260743,-0.888155
618,-0.243894,-0.891984
619,-0.226866,-0.894817
620,-0.209692,-0.896680
621,-0.192460,-0.897560
622,-0.175189,-0.897451
623,-0.157953,-0.896363
624,-0.140805,-0.894291
625,-0.124548,-0.891448
626,-0.107741,-0.887476
627,-0.091194,-0.882529
628,-0.074947,-0.876673
629,-0.059057,-0.869895
630,-0.043582,-0.862221
631,-0.028573,-0.853672
632,-0.014085,-0.844276
633,-0.000143,-0.834076
634,0.013186,-0.823113
635,0.025871,-0.811394
636,0.037872,-0.798974
637,0.049153,-0.785884
638,0.059671,-0.772178
639,0.069365,-0.757897
640,0.078273,-0.743075
641,0.085979,-0.728594
642,0.093144,-0.712880
643,0.099400,-0.696780
644,0.104733,-0.680346
645,0.109131,-0.663649
646,0.112558,-0.646716
647,0.115025,-0.629639
648,0.116503,-0.612426
649,0.116989,-0.595162
650,0.116511,-0.577891
651,0.115038,-0.560677
652,0.112588,-0.543593
653,0.109169,-0.526660
654,0.104800,-0.509947
655,0.099480,-0.493505
656,0.093545,-0.478083
657,0.086396,-0.462353
658,0.078373,-0.447054
659,0.069492,-0.432240
660,0.059781,-0.417953
661,0.049282,-0.404229
662,0.038013,-0.391145
663,0.025994,-0.378710
664,0.013300,-0.366993
665,-0.000029,-0.356017
666,-0.013972,-0.345813
667,-0.028452,-0.336432
668,-0.043462,-0.327877
669,-0.058897,-0.320222
670,-0.074780,-0.313432
671,-0.090247,-0.307755
672,-0.106791,-0.302797
673,-0.123595,-0.298788
674,-0.140599,-0.295744
675,-0.157750,-0.293674
676,-0.174968,-0.292600
677,-0.192240,-0.292494
678,-0.209491,-0.293374
679,-0.226669,-0.295238
680,-0.243702,-0.298071
681,-0.260556,-0.301871
682,-0.277161,-0.306618
683,-0.293442,-0.312275
684,-0.309408,-0.318887
685,-0.324965,-0.326403
686,-0.340061,-0.334776
687,-0.354036,-0.343474
688,-0.368102,-0.353508
689,-0.381574,-0.364332
690,-0.394409,-0.375894
691,-0.406561,-0.388178
692,-0.417998,-0.401119
693,-0.428683,-0.414700
694,-0.438565,-0.428858
695,-0.447633,-0.443570
696,-0.455848,-0.458769
697,-0.463182,-0.474420
698,-0.469608,-0.490442
699,-0.475110,-0.506783
700,-0.479679,-0.523447
701,-0.483289,-0.540345
702,-0.485891,-0.556633
703,-0.487574,-0.573828
704,-0.488287,-0.591077
705,-0.488005,-0.608353
706,-0.486749,-0.625595
707,-0.484492,-0.642732
708,-0.481277,-0.659707
709,-0.477104,-0.676470
710,-0.471969,-0.692969
711,-0.465910,-0.709142
712,-0.458940,-0.724959
713,-0.451084,-0.740336
714,-0.442358,-0.755253
715,-0.432794,-0.769647
716,-0.422474,-0.783493
717,-0.411651,-0.796315
718,-0.400069,-0.808749
719,-0.387506,-0.820635
720,-0.374293,-0.831783
721,-0.360476,-0.842140
722,-0.346084,-0.851708
723,-0.331170,-0.860426
724,-0.315786,-0.868296
725,-0.299976,-0.875277
726,-0.283800,-0.881346
727,-0.267296,-0.886482
728,-0.250537,-0.890671
729,-0.233554,-0.893897
730,-0.216430,-0.896134
731,-0.199182,-0.897429
732,-0.182722,-0.897844
733,-0.165450,-0.897168
734,-0.148256,-0.895524
735,-0.131196,-0.892893
736,-0.114296,-0.889289
737,-0.097626,-0.884727
738,-0.081259,-0.879216
739,-0.065216,-0.872787
740,-0.049588,-0.865450
741,-0.034378,-0.857244
742,-0.019630,-0.848196
743,-0.005456,-0.838311
744,0.008120,-0.827622
745,0.021073,-0.816188
746,0.032794,-0.804743
747,0.044383,-0.791918
748,0.055244,-0.778468
749,0.065301,-0.764402
750,0.074542,-0.749796
751,0.082929,-0.734685
752,0.090450,-0.719137
753,0.097071,-0.703160
754,0.102771,-0.686843
755,0.107523,-0.670222
756,0.111332,-0.653360
757,0.114170,-0.636307
758,0.116037,-0.619132
759,0.116920,-0.601866
760,0.116820,-0.584587
761,0.115728,-0.567332
762,0.113925,-0.550918
763,0.110936,-0.533882
764,0.106946,-0.517067
765,0.102009,-0.500496
766,0.096156,-0.484282
767,0.089369,-0.468385
768,0.081685,-0.452901
769,0.073138,-0.437875
770,0.063739,-0.423363
771,0.053544,-0.409419
772,0.042556,-0.396075
773,0.030833,-0.383366
774,0.018379,-0.371358
775,0.005288,-0.360036
776,-0.007855,-0.349906
777,-0.022045,-0.340181
778,-0.036838,-0.331254
779,-0.052138,-0.323208
780,-0.067869,-0.316041
781,-0.083982,-0.309783
782,-0.100361,-0.304449
783,-0.117085,-0.300066
784,-0.134034,-0.296630
785,-0.151144,-0.294175
786,-0.168371,-0.292687
787,-0.185651,-0.292195
788,-0.202929,-0.292707
789,-0.220153,-0.294182
790,-0.237265,-0.296637
791,-0.254227,-0.300059
792,-0.270352,-0.304290
793,-0.286642,-0.309460
794,-0.302763,-0.315698
795,-0.318515,-0.322883
796,-0.333806,-0.330908
797,-0.348631,-0.339795
798,-0.362925,-0.349513
799,-0.376643,-0.360038
800,-0.389719,-0.371316
801,-0.402161,-0.383321
802,-0.413888,-0.396017
803,-0.424889,-0.409370
804,-0.435095,-0.423317
805,-0.444481,-0.437811
806,-0.453035,-0.452831
807,-0.460720,-0.468312
808,-0.467283,-0.483639
809,-0.473190,-0.499668
810,-0.478167,-0.516203
811,-0.482169,-0.533010
812,-0.485212,-0.550024
813,-0.487276,-0.567181
814,-0.488364,-0.584430
815,-0.488467,-0.601714
816,-0.487582,-0.618979
817,-0.485717,-0.636163
818,-0.482961,-0.653191
819,-0.479158,-0.670040
820,-0.474400,-0.686654
821,-0.468703,-0.702968
822,-0.462084,-0.718934
823,-0.454567,-0.734497
824,-0.446485,-0.749082
825,-0.437456,-0.763571
826,-0.427429,-0.777638
827,-0.416606,-0.791111
828,-0.405065,-0.803957
829,-0.392778,-0.816112
830,-0.379822,-0.827559
831,-0.366234,-0.838239
832,-0.352076,-0.848113
833,-0.337361,-0.857178
834,-0.322228,-0.865383
835,-0.306577,-0.872714
836,-0.290534,-0.879143
837,-0.274145,-0.884642
838,-0.257469,-0.889207
839,-0.240565,-0.892813
840,-0.223860,-0.895393
841,-0.207202,-0.897174
842,-0.189948,-0.897901
843,-0.172670,-0.897615
844,-0.155433,-0.896343
845,-0.138299,-0.894092
846,-0.121305,-0.890855
847,-0.104537,-0.886671
848,-0.088039,-0.881573
849,-0.071856,-0.875508
850,-0.056056,-0.868558
851,-0.040672,-0.860697
852,-0.025758,-0.851970
853,-0.011365,-0.842409
854,0.002434,-0.832037
855,0.015646,-0.820901
856,0.028203,-0.809029
857,0.039552,-0.797167
858,0.050693,-0.783962
859,0.061051,-0.770135
860,0.070619,-0.755745
861,0.079353,-0.740834
862,0.087208,-0.725433
863,0.094180,-0.709641
864,0.100249,-0.693459
865,0.105385,-0.676958
866,0.109584,-0.660187
867,0.112811,-0.643208
868,0.115067,-0.626120
869,0.116342,-0.608884
870,0.116629,-0.591624
871,0.115936,-0.574356
872,0.114262,-0.557175
873,0.111610,-0.540098
874,0.108090,-0.523700
875,0.103816,-0.507441
876,0.098314,-0.491055
877,0.091898,-0.475033
878,0.084636,-0.459437
879,0.076428,-0.444228
880,0.067380,-0.429528
881,0.057497,-0.415352
882,0.046827,-0.401767
883,0.035396,-0.388808
884,0.023246,-0.376521
885,0.010448,-0.364930
886,-0.003021,-0.354104
887,-0.017119,-0.344070
888,-0.031733,-0.334846
889,-0.046830,-0.326481
890,-0.062399,-0.318979
891,-0.077489,-0.312600
892,-0.093793,-0.306898
893,-0.110402,-0.302131
894,-0.127259,-0.298318
895,-0.144282,-0.295469
896,-0.161464,-0.293597
897,-0.178711,-0.292711
898,-0.195977,-0.292773
899,-0.213231,-0.293849
900,-0.230388,-0.295907
901,-0.247378,-0.298936
902,-0.264192,-0.302933
903,-0.280750,-0.307882
904,-0.296980,-0.313757
905,-0.312870,-0.320556
906,-0.328346,-0.328258
907,-0.343357,-0.336821
908,-0.357532,-0.346045
909,-0.371217,-0.355795
910,-0.384566,-0.366777
911,-0.397273,-0.378496
912,-0.409287,-0.390918
913,-0.420547,-0.403936
914,-0.431092,-0.417701
915,-0.440364,-0.430923
916,-0.449027,-0.444866
917,-0.456928,-0.459489
918,-0.463981,-0.474602
919,-0.470176,-0.490105
920,-0.475476,-0.505945
921,-0.479855,-0.522066
922,-0.483306,-0.538416
923,-0.485836,-0.554950
924,-0.487427,-0.571570
925,-0.488062,-0.587532
926,-0.487801,-0.604097
927,-0.486562,-0.620751
928,-0.484366,-0.637302
929,-0.481243,-0.653702
930,-0.477189,-0.669898
931,-0.472209,-0.685833
932,-0.466340,-0.701465
933,-0.459599,-0.716710
934,-0.452015,-0.731566
935,-0.443574,-0.745968
936,-0.434313,-0.759861
937,-0.424283,-0.773215
938,-0.413505,-0.785976
939,-0.401998,-0.798084
940,-0.389842,-0.809536
941,-0.377048,-0.820278
942,-0.363657,-0.830264
943,-0.349721,-0.839482
944,-0.335708,-0.847629
945,-0.321226,-0.855109
946,-0.306091,-0.861824
947,-0.290475,-0.867662
948,-0.274546,-0.872630
949,-0.258345,-0.876666
950,-0.241920,-0.879754
951,-0.225342,-0.881906
952,-0.208676,-0.883124
953,-0.191972,-0.883391
954,-0.175285,-0.882697
955,-0.158662,-0.881065
956,-0.142149,-0.878474
957,-0.125812,-0.874945
958,-0.109706,-0.870507
959,-0.093879,-0.865158
960,-0.078392,-0.858911
961,-0.063259,-0.851778
962,-0.048579,-0.843809
963,-0.034885,-0.835345
964,-0.021377,-0.826009
965,-0.008319,-0.815743
966,0.004189,-0.804745
967,0.016050,-0.793016
968,0.027219,-0.780616
969,0.037674,-0.767603
970,0.047372,-0.754012
971,0.056256,-0.739880
972,0.064353,-0.725300
973,0.071596,-0.710260
974,0.077962,-0.694825
975,0.083448,-0.679052
976,0.088027,-0.662989
977,0.091655,-0.646681
978,0.094410,-0.630299
979,0.096194,-0.613719
980,0.097004,-0.597035
981,0.096879,-0.580323
982,0.095807,-0.564029
983,0.093952,-0.547795
984,0.091043,-0.531445
985,0.087191,-0.515228
986,0.082404,-0.499215
987,0.076702,-0.483519
988,0.070125,-0.468167
989,0.062682,-0.453213
990,0.054358,-0.438717
991,0.045257,-0.424701
992,0.035378,-0.411231
993,0.024747,-0.398346
994,0.013404,-0.386089
995,0.001389,-0.374511
996,-0.011216,-0.363605
997,-0.024440,-0.353476
998,-0.038239,-0.344105
999,-0.052559,-0.335541
1000,-0.067344,-0.327797
1001,-0.082008,-0.321155
1002,-0.097294,-0.315166
1003,-0.113110,-0.310027
1004,-0.129211,-0.305793
1005,-0.145561,-0.302504
1006,-0.162084,-0.300141
1007,-0.178721,-0.298726
1008,-0.195411,-0.298272
1009,-0.212102,-0.298759
1010,-0.228629,-0.300132
1011,-0.245117,-0.302494
1012,-0.261470,-0.305807
1013,-0.277612,-0.310061
1014,-0.293491,-0.315218
1015,-0.309061,-0.321292
1016,-0.324265,-0.328259
1017,-0.339041,-0.336049
1018,-0.353348,-0.344668
1019,-0.367141,-0.354087
1020,-0.379959,-0.364014
1021,-0.392390,-0.374625
1022,-0.404359,-0.386165
1023,-0.415674,-0.398417
1024,-0.426280,-0.411310
1025,-0.436121,-0.424810
1026,-0.445199,-0.438846
1027,-0.453458,-0.453365
1028,-0.460868,-0.468330
1029,-0.467417,-0.483634
1030,-0.473063,-0.499301
1031,-0.477829,-0.515292
1032,-0.481675,-0.531535
1033,-0.484569,-0.547991
1034,-0.486542,-0.564571
1035,-0.487561,-0.581252
1036,-0.487632,-0.597962
1037,-0.486742,-0.614637
1038,-0.484917,-0.631234
1039,-0.482297,-0.646990
1040,-0.478654,-0.663174
1041,-0.474077,-0.679201
1042,-0.468579,-0.694958
1043,-0.462187,-0.710368
1044,-0.454927,-0.725403
1045,-0.446803,-0.740013
1046,-0.437872,-0.754119
1047,-0.428169,-0.767696
1048,-0.417707,-0.780697
1049,-0.406506,-0.793062
1050,-0.394639,-0.804787
1051,-0.382118,-0.815818
1052,-0.368981,-0.826111
1053,-0.355286,-0.835648
1054,-0.341066,-0.844389
1055,-0.326372,-0.852284
1056,-0.311269,-0.859354
1057,-0.295772,-0.865548
1058,-0.279939,-0.870840
1059,-0.264637,-0.875095
1060,-0.248412,-0.878598
1061,-0.231938,-0.881131
1062,-0.215442,-0.882803
1063,-0.198799,-0.883459
1064,-0.182111,-0.883173
1065,-0.165459,-0.881932
1066,-0.148916,-0.879738
1067,-0.132521,-0.876616
1068,-0.116328,-0.872564
1069,-0.100376,-0.867553
1070,-0.084741,-0.861680
1071,-0.069472,-0.854929
1072,-0.054620,-0.847313
1073,-0.040219,-0.838872
1074,-0.026324,-0.829607
1075,-0.012974,-0.819559
1076,-0.000216,-0.808808
1077,0.011535,-0.797665
1078,0.022799,-0.785849
1079,0.033530,-0.773143
1080,0.043536,-0.759809
1081,0.052739,-0.745921
1082,0.061173,-0.731552
1083,0.068765,-0.716706
1084,0.075488,-0.701444
1085,0.081344,-0.685828
1086,0.086298,-0.669897
1087,0.090311,-0.653708
1088,0.093444,-0.637348
1089,0.095617,-0.620812
1090,0.096833,-0.604174
1091,0.097110,-0.587492
1092,0.096434,-0.570817
1093,0.094804,-0.554218
1094,0.092270,-0.537792
1095,0.088785,-0.521505
1096,0.084353,-0.505429
1097,0.079357,-0.490327
1098,0.073188,-0.474894
1099,0.066118,-0.459802
1100,0.058200,-0.445123
1101,0.049457,-0.430916
1102,0.039912,-0.417237
1103,0.029588,-0.404115
1104,0.018543,-0.391595
1105,0.006805,-0.379738
1106,-0.005581,-0.368560
1107,-0.018586,-0.358106
1108,-0.032204,-0.348422
1109,-0.046328,-0.339509
1110,-0.060925,-0.331418
1111,-0.075961,-0.324184
1112,-0.091382,-0.317806
1113,-0.107181,-0.312323
1114,-0.123224,-0.307763
1115,-0.138830,-0.304232
1116,-0.155067,-0.301447
1117,-0.171590,-0.299638
1118,-0.188222,-0.298752
1119,-0.204893,-0.298833
1120,-0.221533,-0.299875
1121,-0.238077,-0.301858
1122,-0.254492,-0.304775
1123,-0.270715,-0.308634
1124,-0.286696,-0.313399
1125,-0.302384,-0.319073
1126,-0.317710,-0.325634
1127,-0.332642,-0.333069
1128,-0.347080,-0.341218
1129,-0.361052,-0.350249
1130,-0.374502,-0.360089
1131,-0.387367,-0.370698
1132,-0.399615,-0.382037
1133,-0.411208,-0.394050
1134,-0.422085,-0.406699
1135,-0.431814,-0.419348
1136,-0.441180,-0.433009
1137,-0.449750,-0.447295
1138,-0.457531,-0.462044
1139,-0.464448,-0.477221
1140,-0.470479,-0.492771
1141,-0.475626,-0.508638
1142,-0.479854,-0.524800
1143,-0.483153,-0.541152
1144,-0.485528,-0.557654
1145,-0.486958,-0.574266
1146,-0.487428,-0.590931
1147,-0.486951,-0.607585
1148,-0.485538,-0.624191
1149,-0.483160,-0.640692
1150,-0.479884,-0.657032
1151,-0.475661,-0.673162
1152,-0.470514,-0.689022
1153,-0.464482,-0.704571
1154,-0.457593,-0.719731
1155,-0.450194,-0.733859
1156,-0.441694,-0.748086
1157,-0.432349,-0.761866
1158,-0.422217,-0.775106
1159,-0.411339,-0.787750
1160,-0.399819,-0.799724
1161,-0.387586,-0.811035
1162,-0.374715,-0.821643
1163,-0.361261,-0.831501
1164,-0.347267,-0.840576
1165,-0.332776,-0.848829
1166,-0.317827,-0.856251
1167,-0.302478,-0.862815
1168,-0.286790,-0.868483
1169,-0.270810,-0.873260
1170,-0.254579,-0.877117
1171,-0.238123,-0.880014
1172,-0.221551,-0.882000
1173,-0.204898,-0.883040
1174,-0.188591,-0.883097
1175,-0.172394,-0.882381
1176,-0.155896,-0.880593
1177,-0.139460,-0.877939
1178,-0.123207,-0.874299
1179,-0.107195,-0.869735
1180,-0.091468,-0.864252
1181,-0.076064,-0.857909
1182,-0.061044,-0.850679
1183,-0.046466,-0.842594
1184,-0.032364,-0.833702
1185,-0.018790,-0.824017
1186,-0.005818,-0.813582
1187,0.006562,-0.802425
1188,0.018290,-0.790573
1189,0.029315,-0.778063
1190,0.039620,-0.764952
1191,0.049161,-0.751276
1192,0.057898,-0.737068
1193,0.065616,-0.722775
1194,0.072591,-0.708169
1195,0.078800,-0.692789
1196,0.084127,-0.677015
1197,0.088560,-0.660931
1198,0.092053,-0.644629
1199,0.094626,-0.628159
1200,0.096253,-0.611565
1201,0.096918,-0.594894
1202,0.096633,-0.578215
1203,0.095416,-0.561586
1204,0.093251,-0.545051
1205,0.090122,-0.528675
1206,0.086095,-0.512473
1207,0.081151,-0.496549
1208,0.075294,-0.480938
1209,0.068575,-0.465679
1210,0.060971,-0.450841
1211,0.052575,-0.436446
1212,0.043364,-0.422561
1213,0.033871,-0.409807
1214,0.023285,-0.397112
1215,0.011894,-0.385006
1216,-0.000182,-0.373544
1217,-0.012906,-0.362787
1218,-0.026232,-0.352783
1219,-0.040101,-0.343542
1220,-0.054469,-0.335120
1221,-0.069302,-0.327535
1222,-0.084526,-0.320772
1223,-0.100127,-0.314904
1224,-0.116043,-0.309947
1225,-0.132211,-0.305889
1226,-0.148590,-0.302763
1227,-0.165050,-0.300574
1228,-0.181642,-0.299319
1229,-0.198300,-0.299037
1230,-0.214977,-0.299703
1231,-0.231566,-0.301290
1232,-0.248040,-0.303836
1233,-0.263548,-0.307058
1234,-0.279566,-0.311397
1235,-0.295365,-0.316673
1236,-0.310834,-0.322863
1237,-0.325941,-0.329888
1238,-0.340617,-0.337781
1239,-0.354820,-0.346520
1240,-0.368513,-0.356031
1241,-0.381622,-0.366309
1242,-0.394133,-0.377304
1243,-0.405996,-0.388999
1244,-0.417165,-0.401357
1245,-0.427623,-0.414321
1246,-0.437325,-0.427866
1247,-0.446218,-0.441944
1248,-0.454318,-0.456483
1249,-0.461573,-0.471478
1250,-0.467962,-0.486867
1251,-0.473264,-0.502039
1252,-0.477870,-0.517759
1253,-0.481582,-0.533944
1254,-0.484346,-0.550344
1255,-0.486185,-0.566889
1256,-0.487049,-0.583540
1257,-0.486985,-0.600206
1258,-0.485972,-0.616843
1259,-0.483983,-0.633413
1260,-0.481108,-0.649824
1261,-0.477271,-0.666030
1262,-0.472523,-0.681988
1263,-0.466891,-0.697657
1264,-0.460366,-0.712982
1265,-0.452968,-0.727905
1266,-0.444744,-0.742389
1267,-0.435703,-0.756384
1268,-0.425863,-0.769820
1269,-0.415301,-0.782694
1270,-0.404011,-0.794946
1271,-0.392640,-0.806002
1272,-0.380162,-0.816877
1273,-0.367001,-0.827042
1274,-0.353250,-0.836436
1275,-0.339077,-0.845027
1276,-0.324386,-0.852802
1277,-0.309242,-0.859712
1278,-0.293734,-0.865765
1279,-0.277876,-0.870938
1280,-0.261761,-0.875170
1281,-0.245447,-0.878512
1282,-0.228961,-0.880904
1283,-0.212353,-0.882325
1284,-0.195680,-0.882824
1285,-0.179019,-0.882373
1286,-0.162418,-0.880963
1287,-0.145927,-0.878630
1288,-0.129589,-0.875352
1289,-0.113469,-0.871139
1290,-0.097590,-0.866005
1291,-0.082779,-0.860356
1292,-0.067674,-0.853547
1293,-0.052928,-0.845883
1294,-0.038636,-0.837358
1295,-0.024863,-0.828025
1296,-0.011639,-0.817962
1297,0.000993,-0.807132
1298,0.012982,-0.795584
1299,0.024307,-0.783381
1300,0.034918,-0.770546
1301,0.044768,-0.757119
1302,0.053839,-0.743162
1303,0.062111,-0.728711
1304,0.069535,-0.713813
1305,0.076116,-0.698517
1306,0.081808,-0.682860
1307,0.086585,-0.666902
1308,0.090448,-0.650703
1309,0.093395,-0.634314
1310,0.095392,-0.618584
1311,0.096521,-0.602083
1312,0.096659,-0.585471
1313,0.095879,-0.568858
1314,0.094133,-0.552307
1315,0.091425,-0.535883
1316,0.087817,-0.519647
1317,0.083281,-0.503635
1318,0.077824,-0.487907
1319,0.071498,-0.472512
1320,0.064298,-0.457499
1321,0.056243,-0.442926
1322,0.047382,-0.428827
1323,0.037793,-0.415304
1324,0.027403,-0.402341
1325,0.016305,-0.389954
1326,0.004491,-0.378227
1327,-0.007985,-0.367202
1328,-0.021071,-0.356891
1329,-0.034728,-0.347338
1330,-0.048174,-0.338973
1331,-0.062700,-0.331009
1332,-0.077727,-0.323901
1333,-0.093173,-0.317672
1334,-0.108931,-0.312312
1335,-0.124976,-0.307864
1336,-0.141251,-0.304352
1337,-0.157696,-0.301757
1338,-0.174263,-0.300154
1339,-0.190883,-0.299383
1340,-0.207512,-0.299618
1341,-0.224108,-0.300803
1342,-0.240613,-0.302934
1343,-0.256953,-0.306002
1344,-0.273088,-0.309972
1345,-0.288982,-0.314874
1346,-0.304571,-0.320698
1347,-0.319814,-0.327365
1348,-0.334651,-0.334909
1349,-0.348368,-0.342817
1350,-0.362194,-0.351914
1351,-0.375527,-0.361817
1352,-0.388287,-0.372489
1353,-0.400422,-0.383879
1354,-0.411891,-0.395945
1355,-0.422654,-0.408649
1356,-0.432652,-0.421900
1357,-0.441889,-0.435683
1358,-0.450323,-0.450032
1359,-0.457938,-0.464840
1360,-0.464701,-0.480032
1361,-0.470583,-0.495595
1362,-0.475554,-0.511476
1363,-0.479618,-0.527622
1364,-0.482763,-0.543985
1365,-0.484952,-0.560489
1366,-0.486236,-0.577079
1367,-0.486555,-0.593722
1368,-0.485952,-0.609500
1369,-0.484525,-0.625930
1370,-0.482070,-0.642332
1371,-0.478667,-0.658597
1372,-0.474336,-0.674651
1373,-0.469081,-0.690428
1374,-0.462950,-0.705888
1375,-0.455945,-0.720976
1376,-0.448086,-0.735629
1377,-0.439403,-0.749813
1378,-0.429935,-0.763487
1379,-0.419701,-0.776603
1380,-0.408733,-0.789115
1381,-0.397063,-0.800973
1382,-0.384749,-0.812158
1383,-0.371820,-0.822609
1384,-0.358309,-0.832299
1385,-0.344285,-0.841236
1386,-0.329757,-0.849346
1387,-0.314777,-0.856598
1388,-0.300271,-0.862790
1389,-0.284681,-0.868347
1390,-0.268760,-0.872970
1391,-0.252584,-0.876712
1392,-0.236203,-0.879514
1393,-0.219683,-0.881356
1394,-0.203091,-0.882294
1395,-0.186466,-0.882266
1396,-0.169869,-0.881268
1397,-0.153372,-0.879362
1398,-0.137002,-0.876512
1399,-0.120814,-0.872730
1400,-0.104876,-0.868043
1401,-0.089223,-0.862442
1402,-0.073917,-0.855941
1403,-0.058995,-0.848598
1404,-0.044554,-0.840449
1405,-0.030609,-0.831486
1406,-0.017166,-0.821720
1407,-0.004902,-0.811740
1408,0.007339,-0.800610
1409,0.018927,-0.788710
1410,0.029836,-0.776175
1411,0.040015,-0.763031
1412,0.049431,-0.749326
1413,0.058039,-0.735082
1414,0.065838,-0.720390
1415,0.072785,-0.705284
1416,0.078836,-0.689800
1417,0.084034,-0.674012
1418,0.088309,-0.657943
1419,0.091640,-0.641636
1420,0.094095,-0.625196
1421,0.095579,-0.608644
1422,0.096095,-0.592032
1423,0.095697,-0.575421
1424,0.094337,-0.558865
1425,0.092040,-0.542420
1426,0.089016,-0.526865
1427,0.084972,-0.510866
1428,0.079935,-0.495066
1429,0.074046,-0.479541
1430,0.067242,-0.464384
1431,0.059596,-0.449681
1432,0.051174,-0.435428
1433,0.041905,-0.421661
1434,0.031852,-0.408437
1435,0.021059,-0.395799
1436,0.009560,-0.383793
1437,-0.002617,-0.372478
1438,-0.015415,-0.361874
1439,-0.028806,-0.351979
1440,-0.042732,-0.342895
1441,-0.057131,-0.334597
1442,-0.071990,-0.327143
1443,-0.087260,-0.320568
1444,-0.102888,-0.314851
1445,-0.118457,-0.310164
1446,-0.134128,-0.306261
1447,-0.150416,-0.303274
1448,-0.166890,-0.301201
1449,-0.183469,-0.300075
1450,-0.200100,-0.299903
1451,-0.216697,-0.300696
1452,-0.233200,-0.302381
1453,-0.249593,-0.305022
1454,-0.265816,-0.308594
1455,-0.281805,-0.313097
1456,-0.297512,-0.318493
1457,-0.312892,-0.324777
1458,-0.327876,-0.331941
1459,-0.342423,-0.339912
1460,-0.356503,-0.348714
1461,-0.370050,-0.358322
1462,-0.383050,-0.368657
1463,-0.395432,-0.379738
1464,-0.407148,-0.391524
1465,-0.417720,-0.403334
1466,-0.428006,-0.416121
1467,-0.437572,-0.429614
1468,-0.446359,-0.443685
1469,-0.454310,-0.458264
1470,-0.461455,-0.473257
1471,-0.467727,-0.488665
1472,-0.473079,-0.504395
1473,-0.477576,-0.520380
1474,-0.481132,-0.536606
1475,-0.483754,-0.553013
1476,-0.485438,-0.569546
1477,-0.486179,-0.586150
1478,-0.485951,-0.602766
1479,-0.484822,-0.619337
1480,-0.482730,-0.635819
1481,-0.479690,-0.652157
1482,-0.475739,-0.668311
1483,-0.470875,-0.684202
1484,-0.465339,-0.699119
1485,-0.458919,-0.714170
1486,-0.451508,-0.728961
1487,-0.443224,-0.743328
1488,-0.434133,-0.757210
1489,-0.424255,-0.770553
1490,-0.413630,-0.783315
1491,-0.402272,-0.795443
1492,-0.390263,-0.806909
1493,-0.377635,-0.817679
1494,-0.364401,-0.827712
1495,-0.350605,-0.836959
1496,-0.336320,-0.845426
1497,-0.321567,-0.853062
1498,-0.306394,-0.859824
1499,-0.290907,-0.865736
1500,-0.275149,-0.870765
1501,-0.259077,-0.874857
1502,-0.242768,-0.878024
1503,-0.226300,-0.880270
1504,-0.210470,-0.881532
1505,-0.194019,-0.881969
1506,-0.177463,-0.881432
1507,-0.160935,-0.879938
1508,-0.144500,-0.877480
1509,-0.128234,-0.874095
1510,-0.112191,-0.869806
1511,-0.096420,-0.864612
1512,-0.080979,-0.858502
1513,-0.065899,-0.851570
1514,-0.051232,-0.843760
1515,-0.037044,-0.835131
1516,-0.023381,-0.825733
1517,-0.010275,-0.815562
1518,0.002234,-0.804655
1519,0.014097,-0.793076
1520,0.025283,-0.780839
1521,0.035756,-0.767964
1522,0.045483,-0.754529
1523,0.054205,-0.740853
1524,0.062190,-0.726856
1525,0.069485,-0.712011
1526,0.075928,-0.696741
1527,0.081511,-0.681138
1528,0.086186,-0.665218
1529,0.089918,-0.649049
1530,0.092779,-0.632706
1531,0.094678,-0.616217
1532,0.095632,-0.599641
1533,0.095637,-0.583068
1534,0.094745,-0.566568
1535,0.092865,-0.550098
1536,0.090057,-0.533748
1537,0.086320,-0.517577
1538,0.081661,-0.501646
1539,0.076123,-0.486010
1540,0.069669,-0.470711
1541,0.062360,-0.455798
1542,0.054198,-0.441331
1543,0.045252,-0.427353
1544,0.036073,-0.414546
1545,0.025686,-0.401696
1546,0.014523,-0.389428
1547,0.002664,-0.377816
1548,-0.009818,-0.366895
1549,-0.022902,-0.356704
1550,-0.036547,-0.347274
1551,-0.050719,-0.338659
1552,-0.065324,-0.330814
1553,-0.080381,-0.323865
1554,-0.095777,-0.317737
1555,-0.111516,-0.312539
1556,-0.127532,-0.308231
1557,-0.143773,-0.304842
1558,-0.160178,-0.302382
1559,-0.176701,-0.300872
1560,-0.193265,-0.300305
1561,-0.209776,-0.300619
1562,-0.225681,-0.301889
1563,-0.241796,-0.303948
1564,-0.258021,-0.307069
1565,-0.274087,-0.311155
1566,-0.289908,-0.316155
1567,-0.305417,-0.322030
1568,-0.320567,-0.328781
1569,-0.335304,-0.336388
1570,-0.349578,-0.344830
1571,-0.363352,-0.354087
1572,-0.376590,-0.364103
1573,-0.389229,-0.374848
1574,-0.401225,-0.386291
1575,-0.412564,-0.398393
1576,-0.423195,-0.411127
1577,-0.433082,-0.424463
1578,-0.442203,-0.438304
1579,-0.450511,-0.452644
1580,-0.457974,-0.467439
1581,-0.464582,-0.482639
1582,-0.470096,-0.497369
1583,-0.474983,-0.513130
1584,-0.478952,-0.529199
1585,-0.481998,-0.545487
1586,-0.484089,-0.561937
1587,-0.485261,-0.578471
1588,-0.485480,-0.595031
1589,-0.484767,-0.611583
1590,-0.483102,-0.628072
1591,-0.480517,-0.644442
1592,-0.476991,-0.660641
1593,-0.472545,-0.676616
1594,-0.467171,-0.692313
1595,-0.460945,-0.707657
1596,-0.453897,-0.722596
1597,-0.445968,-0.737158
1598,-0.437216,-0.751232
1599,-0.427677,-0.764786
1600,-0.417598,-0.777471
1601,-0.406998,-0.789561
1602,-0.395355,-0.801265
1603,-0.383031,-0.812353
1604,-0.370090,-0.822703
1605,-0.356569,-0.832275
1606,-0.342560,-0.841114
1607,-0.328049,-0.849112
1608,-0.313099,-0.856270
1609,-0.297763,-0.862553
1610,-0.282105,-0.867983
1611,-0.266171,-0.872495
1612,-0.250001,-0.876093
1613,-0.233666,-0.878777
1614,-0.217197,-0.880515
1615,-0.200652,-0.881288
1616,-0.184095,-0.881135
1617,-0.167568,-0.880044
1618,-0.151125,-0.878010
1619,-0.135315,-0.875112
1620,-0.119593,-0.871454
1621,-0.103795,-0.866730
1622,-0.088252,-0.861078
1623,-0.073113,-0.854617
1624,-0.058325,-0.847254
1625,-0.043959,-0.839034
1626,-0.030083,-0.829999
1627,-0.016755,-0.820178
1628,-0.003993,-0.809625
1629,0.008137,-0.798337
1630,0.019626,-0.786380
1631,0.030392,-0.773793
1632,0.040440,-0.760626
1633,0.049723,-0.746905
1634,0.058209,-0.732675
1635,0.065843,-0.717965
1636,0.072664,-0.702852
1637,0.078606,-0.687383
1638,0.083652,-0.671602
1639,0.087622,-0.656146
1640,0.090931,-0.640277
1641,0.093276,-0.623936
1642,0.094658,-0.607463
1643,0.095112,-0.590938
1644,0.094624,-0.574404
1645,0.093190,-0.557919
1646,0.090817,-0.541539
1647,0.087506,-0.525323
1648,0.083289,-0.509321
1649,0.078137,-0.493592
1650,0.072154,-0.478180
1651,0.065268,-0.463147
1652,0.057542,-0.448513
1653,0.048990,-0.434336
1654,0.039641,-0.420673
1655,0.029519,-0.407572
1656,0.018683,-0.395059
1657,0.007203,-0.383213
1658,-0.004381,-0.372528
1659,-0.016942,-0.362099
1660,-0.030263,-0.352356
1661,-0.044160,-0.343367
1662,-0.058545,-0.335189
1663,-0.073379,-0.327863
1664,-0.088593,-0.321370
1665,-0.104159,-0.315762
1666,-0.120039,-0.311061
1667,-0.136152,-0.307268
1668,-0.152447,-0.304386
1669,-0.168880,-0.302437
1670,-0.185400,-0.301428
1671,-0.201948,-0.301375
1672,-0.218480,-0.302261
1673,-0.234931,-0.304072
1674,-0.251245,-0.306816
1675,-0.267370,-0.310495
1676,-0.283262,-0.315073
1677,-0.298123,-0.320301
1678,-0.313227,-0.326430
1679,-0.328067,-0.333583
1680,-0.342506,-0.341585
1681,-0.356475,-0.350412
1682,-0.369921,-0.360023
1683,-0.382790,-0.370394
1684,-0.395058,-0.381473
1685,-0.406649,-0.393175
1686,-0.417562,-0.405549
1687,-0.427751,-0.418551
1688,-0.437197,-0.432105
1689,-0.445856,-0.446185
1690,-0.453699,-0.460739
1691,-0.460684,-0.475720
1692,-0.466798,-0.491101
1693,-0.472048,-0.506787
1694,-0.476398,-0.522741
1695,-0.479812,-0.538919
1696,-0.482227,-0.554767
1697,-0.483911,-0.570735
1698,-0.484585,-0.587181
1699,-0.484315,-0.603688
1700,-0.483113,-0.620151
1701,-0.480968,-0.636523
1702,-0.477894,-0.652749
1703,-0.473886,-0.668768
1704,-0.468991,-0.684538
1705,-0.463186,-0.699990
1706,-0.456535,-0.715095
1707,-0.449016,-0.729794
1708,-0.440680,-0.744045
1709,-0.431539,-0.757800
1710,-0.421626,-0.771014
1711,-0.410969,-0.783639
1712,-0.399628,-0.795644
1713,-0.387679,-0.806957
1714,-0.375070,-0.817583
1715,-0.361849,-0.827462
1716,-0.348495,-0.836291
1717,-0.334755,-0.844506
1718,-0.320125,-0.852024
1719,-0.305032,-0.858696
1720,-0.289589,-0.864507
1721,-0.273835,-0.869429
1722,-0.257821,-0.873445
1723,-0.241603,-0.876528
1724,-0.225228,-0.878682
1725,-0.208743,-0.879914
1726,-0.192230,-0.880203
1727,-0.175733,-0.879541
1728,-0.159307,-0.877964
1729,-0.142988,-0.875445
1730,-0.126833,-0.871992
1731,-0.110907,-0.867625
1732,-0.095262,-0.862377
1733,-0.079955,-0.856232
1734,-0.065016,-0.849248
1735,-0.051132,-0.841753
1736,-0.037292,-0.833459
1737,-0.023783,-0.824118
1738,-0.010805,-0.813974
1739,0.001571,-0.803086
1740,0.013325,-0.791524
1741,0.024385,-0.779310
1742,0.034743,-0.766490
1743,0.044341,-0.753087
1744,0.053173,-0.739162
1745,0.061198,-0.724751
1746,0.068388,-0.709902
1747,0.074710,-0.694664
1748,0.080165,-0.679099
1749,0.084727,-0.663309
1750,0.088369,-0.647242
1751,0.091080,-0.630963
1752,0.092884,-0.614573
1753,0.093744,-0.598104
1754,0.093664,-0.581610
1755,0.092785,-0.566149
1756,0.090931,-0.549859
1757,0.088077,-0.533637
1758,0.084314,-0.517588
1759,0.079658,-0.501792
1760,0.074098,-0.486284
1761,0.067657,-0.471113
1762,0.060350,-0.456341
1763,0.052212,-0.442009
1764,0.043293,-0.428146
1765,0.033596,-0.414829
1766,0.023148,-0.402095
1767,0.012012,-0.389961
1768,0.000194,-0.378484
1769,-0.012271,-0.367717
1770,-0.025292,-0.357656
1771,-0.038880,-0.348355
1772,-0.052985,-0.339847
1773,-0.067559,-0.332155
1774,-0.081545,-0.325646
1775,-0.096650,-0.319590
1776,-0.112242,-0.314453
1777,-0.128062,-0.310236
1778,-0.144128,-0.306874
1779,-0.160395,-0.304474
1780,-0.176787,-0.303008
1781,-0.193235,-0.302499
1782,-0.209686,-0.302899
1783,-0.226103,-0.304263
1784,-0.242420,-0.306549
1785,-0.258567,-0.309768
1786,-0.274506,-0.313879
1787,-0.290183,-0.318900
1788,-0.305548,-0.324804
1789,-0.320552,-0.331580
1790,-0.335123,-0.339168
1791,-0.349258,-0.347594
1792,-0.362887,-0.356810
1793,-0.375505,-0.366469
1794,-0.387976,-0.377066
1795,-0.399852,-0.388421
1796,-0.411066,-0.400433
1797,-0.421553,-0.413093
1798,-0.431336,-0.426296
1799,-0.440323,-0.440069
