0,-0.682523,-0.664763
1,-0.685555,-0.652894
2,-0.690517,-0.636637
3,-0.696387,-0.620685
4,-0.703155,-0.605093
5,-0.710799,-0.589911
6,-0.719294,-0.575189
7,-0.728614,-0.560974
8,-0.738726,-0.547312
9,-0.749600,-0.534248
10,-0.761200,-0.521823
11,-0.773487,-0.510079
12,-0.786423,-0.499053
13,-0.799966,-0.488780
14,-0.814070,-0.479295
15,-0.828692,-0.470628
16,-0.843783,-0.462806
17,-0.859295,-0.455856
18,-0.863641,-0.453938
19,-0.863641,-0.453938
20,-0.863641,-0.453938
21,-0.872624,-0.462267
22,-0.884118,-0.474784
23,-0.894843,-0.487971
24,-0.904799,-0.501747
25,-0.913955,-0.516068
26,-0.922282,-0.530886
27,-0.929753,-0.546154
28,-0.931816,-0.550433
29,-0.931816,-0.550433
30,-0.931816,-0.550433
31,-0.931816,-0.550433
32,-0.920936,-0.556062
33,-0.905265,-0.562635
34,-0.889223,-0.568256
35,-0.872888,-0.572955
36,-0.856312,-0.576717
37,-0.839549,-0.579530
38,-0.822653,-0.581384
39,-0.805679,-0.582274
40,-0.788682,-0.582197
41,-0.771716,-0.581153
42,-0.754838,-0.579146
43,-0.738101,-0.576181
44,-0.721559,-0.572269
45,-0.705267,-0.567423
46,-0.689278,-0.561657
47,-0.673642,-0.554990
48,-0.658411,-0.547445
49,-0.643634,-0.539046
50,-0.629358,-0.529819
51,-0.615631,-0.519796
52,-0.602496,-0.509007
53,-0.589997,-0.497489
54,-0.578173,-0.485278
55,-0.567062,-0.472414
56,-0.556702,-0.458939
57,-0.547125,-0.444896
58,-0.538363,-0.430331
59,-0.530443,-0.415291
60,-0.523393,-0.399825
61,-0.517233,-0.383983
62,-0.511985,-0.367816
63,-0.510544,-0.363289
64,-0.510544,-0.363289
65,-0.516151,-0.352398
66,-0.525117,-0.337962
67,-0.534936,-0.324088
68,-0.545529,-0.310794
69,-0.556861,-0.298125
70,-0.568895,-0.286122
71,-0.581593,-0.274822
72,-0.594913,-0.264263
73,-0.608813,-0.254479
74,-0.623246,-0.245502
75,-0.638167,-0.237361
76,-0.642350,-0.235109
77,-0.642350,-0.235109
78,-0.642350,-0.235109
79,-0.642350,-0.235109
80,-0.648457,-0.245729
81,-0.655720,-0.261092
82,-0.662048,-0.276868
83,-0.663792,-0.281286
84,-0.663792,-0.281286
85,-0.663792,-0.281286
86,-0.655112,-0.289931
87,-0.642149,-0.300919
88,-0.628546,-0.311111
89,-0.614385,-0.320512
90,-0.599711,-0.329092
91,-0.584574,-0.336823
92,-0.569021,-0.343681
93,-0.553103,-0.349642
94,-0.536872,-0.354689
95,-0.520380,-0.358803
96,-0.515765,-0.359927
97,-0.503682,-0.357910
98,-0.487198,-0.353778
99,-0.470989,-0.348661
100,-0.455098,-0.342630
101,-0.439575,-0.335705
102,-0.424471,-0.327907
103,-0.409836,-0.319263
104,-0.395716,-0.309801
105,-0.382157,-0.299550
106,-0.369203,-0.288545
107,-0.356897,-0.276820
108,-0.345278,-0.264414
109,-0.334383,-0.251367
110,-0.324248,-0.237722
111,-0.314906,-0.223522
112,-0.306387,-0.208813
113,-0.298719,-0.193644
114,-0.296600,-0.189393
115,-0.296600,-0.189393
116,-0.300469,-0.177770
117,-0.307111,-0.162128
118,-0.314684,-0.146910
119,-0.323110,-0.132148
120,-0.325488,-0.128036
121,-0.334830,-0.121260
122,-0.344879,-0.117152
123,-0.356657,-0.112918
124,-0.369219,-0.109200
125,-0.382987,-0.105031
126,-0.399062,-0.099506
127,-0.403563,-0.097987
128,-0.403563,-0.097987
129,-0.403563,-0.097987
130,-0.411759,-0.107091
131,-0.422080,-0.120592
132,-0.431573,-0.134692
133,-0.440248,-0.149309
134,-0.448078,-0.164395
135,-0.455037,-0.179903
136,-0.461102,-0.195782
137,-0.462771,-0.200229
138,-0.462771,-0.200229
139,-0.462771,-0.200229
140,-0.462771,-0.200229
141,-0.451428,-0.204855
142,-0.435229,-0.209991
143,-0.418747,-0.214144
144,-0.402055,-0.217353
145,-0.385208,-0.219607
146,-0.368259,-0.220899
147,-0.351265,-0.221224
148,-0.334279,-0.220582
149,-0.317358,-0.218975
150,-0.300556,-0.216407
151,-0.283926,-0.212888
152,-0.267524,-0.208428
153,-0.251403,-0.203043
154,-0.235613,-0.196748
155,-0.220208,-0.189566
156,-0.205236,-0.181519
157,-0.190746,-0.172633
158,-0.176785,-0.162937
159,-0.163399,-0.152462
160,-0.150630,-0.141243
161,-0.138520,-0.129315
162,-0.127109,-0.116718
163,-0.116432,-0.103492
164,-0.113470,-0.099779
165,-0.113470,-0.099779
166,-0.113470,-0.099779
167,-0.113470,-0.099779
168,-0.122827,-0.091873
169,-0.133862,-0.082511
170,-0.138708,-0.074796
171,-0.143790,-0.067424
172,-0.149084,-0.060397
173,-0.154569,-0.053722
174,-0.160225,-0.047404
175,-0.170340,-0.045300
176,-0.182903,-0.045093
177,-0.196047,-0.045119
178,-0.209772,-0.045436
179,-0.224095,-0.046118
180,-0.239027,-0.047248
181,-0.254846,-0.047923
182,-0.270790,-0.049357
183,-0.286371,-0.052414
184,-0.301070,-0.056490
185,-0.315954,-0.061388
186,-0.330954,-0.067147
187,-0.345968,-0.073256
188,-0.360532,-0.080566
189,-0.374844,-0.088838
190,-0.388848,-0.097997
191,-0.402460,-0.108022
192,-0.415547,-0.118848
193,-0.427997,-0.130402
194,-0.439769,-0.142645
195,-0.450826,-0.155538
196,-0.461131,-0.169040
197,-0.470651,-0.183105
198,-0.479356,-0.197690
199,-0.487216,-0.212746
200,-0.494207,-0.228225
201,-0.500709,-0.238098
202,-0.503195,-0.236949
203,-0.500748,-0.235008
204,-0.497075,-0.233743
205,-0.493491,-0.232689
206,-0.490074,-0.231821
207,-0.486801,-0.231151
208,-0.483639,-0.230690
209,-0.480552,-0.230447
210,-0.485285,-0.234935
211,-0.490706,-0.242541
212,-0.496084,-0.251376
213,-0.496897,-0.264984
214,-0.494943,-0.279218
215,-0.491487,-0.293483
216,-0.486402,-0.305640
217,-0.480121,-0.315718
218,-0.473286,-0.324873
219,-0.465385,-0.334249
220,-0.456082,-0.344580
221,-0.448259,-0.352374
222,-0.442893,-0.357725
223,-0.438305,-0.361239
224,-0.434064,-0.363485
225,-0.430072,-0.364760
226,-0.426252,-0.365273
227,-0.422476,-0.365087
228,-0.418687,-0.364561
229,-0.414674,-0.363724
230,-0.409128,-0.364150
231,-0.405357,-0.364668
232,-0.403821,-0.364910
233,-0.402316,-0.365165
234,-0.401933,-0.365248
235,-0.397599,-0.366078
236,-0.386226,-0.368295
237,-0.383279,-0.368891
238,-0.383279,-0.368891
239,-0.375138,-0.359738
240,-0.373929,-0.355952
241,-0.377321,-0.355672
242,-0.379858,-0.355285
243,-0.381420,-0.354910
244,-0.381523,-0.354878
245,-0.381523,-0.354878
246,-0.381523,-0.354878
247,-0.381523,-0.354878
248,-0.381523,-0.354878
249,-0.381523,-0.354878
250,-0.384210,-0.366067
251,-0.386812,-0.372981
252,-0.390814,-0.380755
253,-0.392687,-0.387954
254,-0.393045,-0.394802
255,-0.392936,-0.401672
256,-0.392408,-0.408565
257,-0.391463,-0.415457
258,-0.390100,-0.422324
259,-0.388319,-0.429140
260,-0.386121,-0.435879
261,-0.383510,-0.442516
262,-0.380490,-0.449026
263,-0.377068,-0.455383
264,-0.373251,-0.461563
265,-0.373453,-0.469095
266,-0.380223,-0.477393
267,-0.387799,-0.486560
268,-0.395098,-0.496482
269,-0.401884,-0.506953
270,-0.408081,-0.517856
271,-0.413655,-0.529122
272,-0.418580,-0.540699
273,-0.422838,-0.552544
274,-0.426416,-0.564616
275,-0.429300,-0.576877
276,-0.431480,-0.589284
277,-0.432951,-0.601799
278,-0.433706,-0.614380
279,-0.433743,-0.626989
280,-0.433061,-0.639584
281,-0.431661,-0.652127
282,-0.429546,-0.664579
283,-0.426719,-0.676909
284,-0.423184,-0.689088
285,-0.418942,-0.701087
286,-0.413997,-0.712879
287,-0.408346,-0.724440
288,-0.401985,-0.735751
289,-0.394901,-0.746799
290,-0.387070,-0.757578
291,-0.378453,-0.768093
292,-0.368984,-0.778364
293,-0.358567,-0.788446
294,-0.347054,-0.798459
295,-0.332838,-0.807333
296,-0.318940,-0.814212
297,-0.306607,-0.821557
298,-0.293328,-0.828261
299,-0.279497,-0.834215
300,-0.265281,-0.839373
301,-0.250769,-0.843712
302,-0.236031,-0.847188
303,-0.221116,-0.849811
304,-0.206056,-0.851603
305,-0.190936,-0.852512
306,-0.175768,-0.852579
307,-0.160639,-0.851772
308,-0.145560,-0.850101
309,-0.130597,-0.847600
310,-0.115821,-0.844203
311,-0.101237,-0.840014
312,-0.086947,-0.834982
313,-0.072936,-0.829164
314,-0.059307,-0.822542
315,-0.046114,-0.815097
316,-0.033313,-0.806966
317,-0.020980,-0.798136
318,-0.009254,-0.788522
319,0.001985,-0.778347
320,0.012616,-0.767547
321,0.022595,-0.756151
322,0.031898,-0.744195
323,0.040512,-0.731746
324,0.048446,-0.718821
325,0.055550,-0.705441
326,0.061909,-0.691691
327,0.067529,-0.677602
328,0.072253,-0.663200
329,0.076164,-0.648569
330,0.079307,-0.633697
331,0.081570,-0.618704
332,0.082951,-0.603620
333,0.083472,-0.588481
334,0.083172,-0.573286
335,0.081913,-0.558193
336,0.079876,-0.543196
337,0.076978,-0.528280
338,0.073266,-0.513575
339,0.068622,-0.499162
340,0.063496,-0.485246
341,0.057452,-0.471492
342,0.058310,-0.460348
343,0.054723,-0.448762
344,0.048354,-0.437108
345,0.040343,-0.425546
346,0.031226,-0.414254
347,0.021242,-0.403371
348,0.010522,-0.393044
349,-0.000794,-0.383332
350,-0.012597,-0.374292
351,-0.024964,-0.365933
352,-0.037821,-0.358272
353,-0.051134,-0.351388
354,-0.064839,-0.345270
355,-0.078860,-0.339957
356,-0.093170,-0.335423
357,-0.107695,-0.331726
358,-0.122418,-0.328874
359,-0.137291,-0.326853
360,-0.152261,-0.325649
361,-0.167264,-0.325333
362,-0.182237,-0.325871
363,-0.197193,-0.327267
364,-0.211985,-0.329496
365,-0.226642,-0.332612
366,-0.241066,-0.336479
367,-0.255317,-0.341203
368,-0.269205,-0.346765
369,-0.282764,-0.353015
370,-0.295891,-0.359994
371,-0.308632,-0.367713
372,-0.320773,-0.376086
373,-0.332449,-0.385103
374,-0.343604,-0.394710
375,-0.354083,-0.404892
376,-0.363855,-0.415339
377,-0.373090,-0.426388
378,-0.381633,-0.437969
379,-0.389491,-0.449999
380,-0.396610,-0.462472
381,-0.403087,-0.475176
382,-0.408798,-0.488220
383,-0.413709,-0.501560
384,-0.417899,-0.515054
385,-0.421340,-0.528731
386,-0.423976,-0.542537
387,-0.425852,-0.556405
388,-0.426856,-0.570360
389,-0.427130,-0.584260
390,-0.426672,-0.598132
391,-0.425413,-0.611926
392,-0.423287,-0.625572
393,-0.420581,-0.638954
394,-0.417043,-0.652220
395,-0.412800,-0.665210
396,-0.407844,-0.677944
397,-0.402153,-0.690273
398,-0.395827,-0.702312
399,-0.388896,-0.713928
400,-0.381369,-0.725098
401,-0.373242,-0.735807
402,-0.364462,-0.745978
403,-0.355189,-0.755674
404,-0.345398,-0.764813
405,-0.335143,-0.773363
406,-0.324421,-0.781313
407,-0.313247,-0.788556
408,-0.301709,-0.795206
409,-0.290015,-0.801157
410,-0.277908,-0.806447
411,-0.265529,-0.811029
412,-0.252915,-0.814893
413,-0.240070,-0.817917
414,-0.227167,-0.820320
415,-0.214120,-0.821959
416,-0.201053,-0.822838
417,-0.187973,-0.822922
418,-0.174885,-0.822274
419,-0.161900,-0.820948
420,-0.149049,-0.818918
421,-0.136363,-0.816177
422,-0.123846,-0.812710
423,-0.111574,-0.808479
424,-0.099577,-0.803631
425,-0.087890,-0.798120
426,-0.076590,-0.791996
427,-0.065658,-0.785184
428,-0.055134,-0.777800
429,-0.045057,-0.769837
430,-0.035458,-0.761322
431,-0.026353,-0.752252
432,-0.017805,-0.742710
433,-0.009879,-0.732634
434,-0.002494,-0.722208
435,0.004284,-0.711399
436,0.010432,-0.700232
437,0.015942,-0.688696
438,0.020745,-0.676938
439,0.024805,-0.664893
440,0.028234,-0.652603
441,0.030964,-0.640248
442,0.032951,-0.627749
443,0.034239,-0.615242
444,0.034793,-0.602642
445,0.034662,-0.590025
446,0.033811,-0.577453
447,0.032256,-0.564958
448,0.029988,-0.552585
449,0.027018,-0.540370
450,0.023381,-0.528369
451,0.019070,-0.516593
452,0.014099,-0.505092
453,0.008406,-0.493862
454,0.002167,-0.483049
455,-0.004695,-0.472623
456,-0.012137,-0.462577
457,-0.020107,-0.452971
458,-0.028547,-0.443818
459,-0.037576,-0.435245
460,-0.047015,-0.427216
461,-0.056937,-0.419686
462,-0.067225,-0.412758
463,-0.077937,-0.406399
464,-0.088988,-0.400778
465,-0.100273,-0.395724
466,-0.111875,-0.391309
467,-0.123654,-0.387576
468,-0.135667,-0.384514
469,-0.147783,-0.382150
470,-0.160106,-0.380573
471,-0.172409,-0.379614
472,-0.184745,-0.379356
473,-0.197044,-0.379796
474,-0.209356,-0.380937
475,-0.221498,-0.382808
476,-0.233532,-0.385444
477,-0.245366,-0.388673
478,-0.256971,-0.392543
479,-0.268334,-0.397063
480,-0.279451,-0.402274
481,-0.290231,-0.408067
482,-0.300649,-0.414488
483,-0.310698,-0.421450
484,-0.320323,-0.428985
485,-0.329460,-0.437071
486,-0.338185,-0.445670
487,-0.346349,-0.454690
488,-0.353960,-0.464198
489,-0.361057,-0.474106
490,-0.367578,-0.484404
491,-0.373454,-0.495044
492,-0.378751,-0.506000
493,-0.383394,-0.517247
494,-0.387374,-0.528753
495,-0.390645,-0.540501
496,-0.393299,-0.552290
497,-0.395355,-0.564165
498,-0.396672,-0.576162
499,-0.397297,-0.588252
500,-0.397232,-0.600353
501,-0.396481,-0.612461
502,-0.394987,-0.624438
503,-0.392873,-0.636292
504,-0.390075,-0.648045
505,-0.386630,-0.659570
506,-0.382513,-0.670952
507,-0.377780,-0.682002
508,-0.372301,-0.692766
509,-0.366333,-0.703199
510,-0.359782,-0.713301
511,-0.352661,-0.722985
512,-0.345044,-0.732222
513,-0.336855,-0.741063
514,-0.328213,-0.749349
515,-0.319025,-0.757088
516,-0.309490,-0.764363
517,-0.299559,-0.771079
518,-0.289295,-0.777196
519,-0.278671,-0.782742
520,-0.267754,-0.787623
521,-0.256587,-0.791909
522,-0.245195,-0.795557
523,-0.233622,-0.798502
524,-0.221857,-0.800826
525,-0.210062,-0.802468
526,-0.198191,-0.803409
527,-0.186257,-0.803683
528,-0.174363,-0.803366
529,-0.162541,-0.802297
530,-0.150771,-0.800540
531,-0.139107,-0.798125
532,-0.127648,-0.795064
533,-0.116304,-0.791345
534,-0.105278,-0.787057
535,-0.094530,-0.781991
536,-0.084036,-0.776418
537,-0.073877,-0.770252
538,-0.064133,-0.763544
539,-0.054744,-0.756280
540,-0.045804,-0.748487
541,-0.037338,-0.740214
542,-0.029369,-0.731390
543,-0.021898,-0.722196
544,-0.014898,-0.712684
545,-0.008525,-0.702709
546,-0.002744,-0.692396
547,0.002428,-0.681794
548,0.007011,-0.670898
549,0.010895,-0.659638
550,0.014176,-0.648335
551,0.016806,-0.636864
552,0.018778,-0.625265
553,0.020142,-0.613570
554,0.020800,-0.601787
555,0.020684,-0.589942
556,0.019983,-0.578215
557,0.018613,-0.566503
558,0.016587,-0.554940
559,0.013911,-0.543465
560,0.010577,-0.532224
561,0.006603,-0.521158
562,0.001896,-0.510359
563,-0.003304,-0.499860
564,-0.009085,-0.489641
565,-0.015429,-0.479820
566,-0.022353,-0.470325
567,-0.029800,-0.461252
568,-0.037718,-0.452660
569,-0.046257,-0.444510
570,-0.055100,-0.436886
571,-0.064403,-0.429793
572,-0.074102,-0.423190
573,-0.084100,-0.417187
574,-0.094422,-0.411766
575,-0.105150,-0.406916
576,-0.116014,-0.402706
577,-0.127102,-0.399125
578,-0.138323,-0.396115
579,-0.149762,-0.393800
580,-0.161270,-0.392166
581,-0.172901,-0.391184
582,-0.184589,-0.390903
583,-0.196234,-0.391254
584,-0.207812,-0.392263
585,-0.219354,-0.393950
586,-0.230746,-0.396287
587,-0.242009,-0.399248
588,-0.252721,-0.403051
589,-0.263902,-0.407334
590,-0.274463,-0.412154
591,-0.284711,-0.417559
592,-0.294661,-0.423547
593,-0.304205,-0.430077
594,-0.313387,-0.437147
595,-0.322111,-0.444715
596,-0.330428,-0.452798
597,-0.338266,-0.461330
598,-0.345569,-0.470269
599,-0.352412,-0.479663
600,-0.358651,-0.489368
601,-0.364327,-0.499413
602,-0.369436,-0.509796
603,-0.373940,-0.520427
604,-0.377846,-0.531319
605,-0.381100,-0.542381
606,-0.383750,-0.553684
607,-0.385724,-0.565040
608,-0.387046,-0.576492
609,-0.387807,-0.587970
610,-0.387815,-0.599527
611,-0.387171,-0.611056
612,-0.385864,-0.622482
613,-0.383922,-0.633864
614,-0.381326,-0.645065
615,-0.378087,-0.656143
616,-0.374249,-0.666991
617,-0.369676,-0.677564
618,-0.364590,-0.687961
619,-0.358949,-0.698010
620,-0.352757,-0.707674
621,-0.346017,-0.717023
622,-0.338771,-0.725920
623,-0.331000,-0.734422
624,-0.322630,-0.742434
625,-0.313972,-0.749944
626,-0.304927,-0.756943
627,-0.295432,-0.763469
628,-0.285645,-0.769389
629,-0.275539,-0.774740
630,-0.264984,-0.779453
631,-0.254350,-0.783607
632,-0.243446,-0.787169
633,-0.232403,-0.790090
634,-0.221171,-0.792409
635,-0.209871,-0.794057
636,-0.198398,-0.795038
637,-0.186989,-0.795378
638,-0.175582,-0.795077
639,-0.164157,-0.794104
640,-0.152844,-0.792486
641,-0.141606,-0.790223
642,-0.130598,-0.787351
643,-0.119728,-0.783822
644,-0.109110,-0.779711
645,-0.098708,-0.774997
646,-0.088641,-0.769709
647,-0.078859,-0.763909
648,-0.069413,-0.757489
649,-0.060412,-0.750508
650,-0.051767,-0.743068
651,-0.043599,-0.735175
652,-0.035842,-0.726812
653,-0.028622,-0.718047
654,-0.021884,-0.708855
655,-0.015713,-0.699325
656,-0.010135,-0.689358
657,-0.005059,-0.679135
658,-0.000620,-0.668715
659,0.003219,-0.658060
660,0.006445,-0.647205
661,0.009069,-0.636133
662,0.010956,-0.624883
663,0.012261,-0.613581
664,0.012943,-0.602287
665,0.012993,-0.590928
666,0.012385,-0.579634
667,0.011198,-0.568380
668,0.009316,-0.557229
669,0.006733,-0.546101
670,0.003595,-0.535246
671,-0.000154,-0.524575
672,-0.004516,-0.514133
673,-0.009462,-0.503981
674,-0.014990,-0.494099
675,-0.021051,-0.484592
676,-0.027718,-0.475366
677,-0.034815,-0.466614
678,-0.042399,-0.458280
679,-0.050449,-0.450398
680,-0.058957,-0.442941
681,-0.067846,-0.436022
682,-0.077145,-0.429584
683,-0.086853,-0.423758
684,-0.096825,-0.418436
685,-0.107041,-0.413719
686,-0.117543,-0.409546
687,-0.128312,-0.406079
688,-0.139209,-0.403171
689,-0.150197,-0.400906
690,-0.161340,-0.399247
691,-0.172522,-0.398245
692,-0.183776,-0.397853
693,-0.194989,-0.398123
694,-0.206215,-0.399015
695,-0.217327,-0.400563
696,-0.228377,-0.402740
697,-0.239228,-0.405541
698,-0.249967,-0.408942
699,-0.260496,-0.412884
700,-0.270719,-0.417478
701,-0.280662,-0.422649
702,-0.290313,-0.428478
703,-0.299574,-0.434740
704,-0.308523,-0.441527
705,-0.317013,-0.448800
706,-0.325113,-0.456584
707,-0.332708,-0.464782
708,-0.339871,-0.473420
709,-0.346481,-0.482560
710,-0.352573,-0.491924
711,-0.358161,-0.501646
712,-0.363140,-0.511644
713,-0.367590,-0.521946
714,-0.371407,-0.532436
715,-0.374576,-0.543285
716,-0.377210,-0.554152
717,-0.379170,-0.565141
718,-0.380559,-0.576253
719,-0.381249,-0.587421
720,-0.381306,-0.598552
721,-0.380757,-0.609711
722,-0.379556,-0.620774
723,-0.377723,-0.631831
724,-0.375270,-0.642683
725,-0.372203,-0.653377
726,-0.368529,-0.663926
727,-0.364245,-0.674208
728,-0.359399,-0.684270
729,-0.353995,-0.693990
730,-0.348041,-0.703435
731,-0.341571,-0.712519
732,-0.334653,-0.721274
733,-0.327200,-0.729498
734,-0.319180,-0.737309
735,-0.310810,-0.744696
736,-0.302076,-0.751528
737,-0.292970,-0.757851
738,-0.283487,-0.763682
739,-0.273718,-0.768927
740,-0.263639,-0.773649
741,-0.253197,-0.777702
742,-0.242657,-0.781203
743,-0.231966,-0.784100
744,-0.221079,-0.786400
745,-0.210126,-0.788053
746,-0.199006,-0.789090
747,-0.187964,-0.789475
748,-0.176761,-0.789153
749,-0.165762,-0.788272
750,-0.154824,-0.786774
751,-0.143990,-0.784659
752,-0.133222,-0.781902
753,-0.122704,-0.778550
754,-0.112339,-0.774605
755,-0.102274,-0.770088
756,-0.092429,-0.764993
757,-0.082938,-0.759348
758,-0.073736,-0.753182
759,-0.064950,-0.746514
760,-0.056511,-0.739343
761,-0.048549,-0.731687
762,-0.040939,-0.723494
763,-0.033900,-0.715016
764,-0.027327,-0.706135
765,-0.021312,-0.696925
766,-0.015723,-0.687404
767,-0.010856,-0.677487
768,-0.006499,-0.667397
769,-0.002695,-0.657028
770,0.000484,-0.646505
771,0.003101,-0.635783
772,0.005069,-0.624970
773,0.006429,-0.614005
774,0.007051,-0.602916
775,0.007139,-0.591904
776,0.006597,-0.580905
777,0.005478,-0.569991
778,0.003705,-0.559105
779,0.001299,-0.548360
780,-0.001704,-0.537825
781,-0.005308,-0.527417
782,-0.009574,-0.517252
783,-0.014341,-0.507349
784,-0.019661,-0.497752
785,-0.025518,-0.488455
786,-0.031920,-0.479521
787,-0.038774,-0.470995
788,-0.046146,-0.462788
789,-0.053925,-0.455098
790,-0.062159,-0.447873
791,-0.070782,-0.441113
792,-0.079842,-0.434784
793,-0.089134,-0.428989
794,-0.098749,-0.423818
795,-0.108651,-0.419238
796,-0.118828,-0.415141
797,-0.129171,-0.411679
798,-0.139758,-0.408788
799,-0.150430,-0.406537
800,-0.161216,-0.404819
801,-0.172104,-0.403781
802,-0.183132,-0.403449
803,-0.194063,-0.403672
804,-0.204932,-0.404498
805,-0.215796,-0.405920
806,-0.226499,-0.407978
807,-0.237136,-0.410649
808,-0.247550,-0.413941
809,-0.257785,-0.417732
810,-0.267805,-0.422268
811,-0.277521,-0.427266
812,-0.286876,-0.432798
813,-0.295962,-0.438873
814,-0.304627,-0.445427
815,-0.312965,-0.452504
816,-0.320821,-0.460004
817,-0.328202,-0.467856
818,-0.335297,-0.476349
819,-0.341819,-0.485099
820,-0.347782,-0.494172
821,-0.353263,-0.503611
822,-0.358152,-0.513301
823,-0.362517,-0.523312
824,-0.366257,-0.533531
825,-0.369525,-0.543954
826,-0.372027,-0.554572
827,-0.373977,-0.565215
828,-0.375358,-0.576033
829,-0.376091,-0.586886
830,-0.376195,-0.597734
831,-0.375685,-0.608543
832,-0.374589,-0.619379
833,-0.372851,-0.630060
834,-0.370439,-0.640688
835,-0.367495,-0.651156
836,-0.363926,-0.661395
837,-0.359796,-0.671448
838,-0.355120,-0.681192
839,-0.349906,-0.690657
840,-0.344141,-0.699889
841,-0.337908,-0.708810
842,-0.331144,-0.717293
843,-0.323896,-0.725362
844,-0.316236,-0.732939
845,-0.308117,-0.740129
846,-0.299628,-0.746771
847,-0.290795,-0.752941
848,-0.281574,-0.758670
849,-0.272055,-0.763828
850,-0.262307,-0.768497
851,-0.252314,-0.772514
852,-0.242106,-0.775955
853,-0.231721,-0.778812
854,-0.221028,-0.781065
855,-0.210387,-0.782714
856,-0.199673,-0.783755
857,-0.188852,-0.784213
858,-0.178115,-0.784018
859,-0.167306,-0.783233
860,-0.156659,-0.781813
861,-0.146110,-0.779792
862,-0.135678,-0.777099
863,-0.125362,-0.773906
864,-0.115317,-0.770118
865,-0.105451,-0.765751
866,-0.095879,-0.760834
867,-0.086628,-0.755394
868,-0.077601,-0.749513
869,-0.069025,-0.743053
870,-0.060831,-0.736037
871,-0.053050,-0.728652
872,-0.045633,-0.720817
873,-0.038744,-0.712595
874,-0.032333,-0.703975
875,-0.026237,-0.694991
876,-0.020882,-0.685726
877,-0.016000,-0.676135
878,-0.011737,-0.666240
879,-0.008042,-0.656209
880,-0.004868,-0.645947
881,-0.002335,-0.635566
882,-0.000360,-0.625000
883,0.000976,-0.614402
884,0.001709,-0.603742
885,0.001873,-0.592990
886,0.001403,-0.582245
887,0.000270,-0.571616
888,-0.001425,-0.561070
889,-0.003696,-0.550567
890,-0.006582,-0.540284
891,-0.010082,-0.530095
892,-0.014153,-0.520142
893,-0.018746,-0.510536
894,-0.023881,-0.501205
895,-0.029544,-0.492110
896,-0.035708,-0.483425
897,-0.042284,-0.475061
898,-0.049541,-0.467063
899,-0.057095,-0.459559
900,-0.065055,-0.452494
901,-0.073436,-0.445815
902,-0.082150,-0.439704
903,-0.091194,-0.434097
904,-0.100580,-0.428949
905,-0.110304,-0.424468
906,-0.120219,-0.420459
907,-0.130289,-0.417049
908,-0.140583,-0.414190
909,-0.151024,-0.411758
910,-0.161589,-0.410110
911,-0.172153,-0.409087
912,-0.182756,-0.408658
913,-0.193521,-0.408867
914,-0.202419,-0.407206
915,-0.212199,-0.406519
916,-0.222582,-0.407514
917,-0.232940,-0.409307
918,-0.243240,-0.411736
919,-0.253334,-0.414771
920,-0.263237,-0.418384
921,-0.272976,-0.422556
922,-0.282398,-0.427278
923,-0.291538,-0.432541
924,-0.300427,-0.438288
925,-0.308901,-0.444528
926,-0.317108,-0.451128
927,-0.324818,-0.458174
928,-0.332175,-0.465787
929,-0.339032,-0.473778
930,-0.345424,-0.482147
931,-0.351381,-0.490898
932,-0.356779,-0.499938
933,-0.361678,-0.509312
934,-0.366043,-0.518905
935,-0.369827,-0.528726
936,-0.373083,-0.538795
937,-0.375720,-0.548987
938,-0.377771,-0.559313
939,-0.379252,-0.569781
940,-0.380119,-0.580272
941,-0.380384,-0.590796
942,-0.380070,-0.601380
943,-0.379134,-0.611865
944,-0.377573,-0.622277
945,-0.375580,-0.632640
946,-0.373026,-0.642776
947,-0.369784,-0.652791
948,-0.365966,-0.662588
949,-0.361583,-0.672132
950,-0.356638,-0.681490
951,-0.351173,-0.690461
952,-0.345215,-0.699118
953,-0.338782,-0.707423
954,-0.331872,-0.715408
955,-0.324539,-0.722930
956,-0.316781,-0.730011
957,-0.308603,-0.736700
958,-0.300095,-0.742864
959,-0.291254,-0.748534
960,-0.282068,-0.753741
961,-0.272721,-0.758393
962,-0.263004,-0.762529
963,-0.253101,-0.766041
964,-0.243160,-0.769176
965,-0.232927,-0.771621
966,-0.222597,-0.773470
967,-0.212184,-0.774690
968,-0.201659,-0.775337
969,-0.191170,-0.775354
970,-0.180698,-0.774773
971,-0.170203,-0.773574
972,-0.159867,-0.771821
973,-0.149649,-0.769470
974,-0.139523,-0.766545
975,-0.129638,-0.763042
976,-0.119970,-0.758981
977,-0.110474,-0.754256
978,-0.101311,-0.749208
979,-0.092475,-0.743590
980,-0.083940,-0.737444
981,-0.075813,-0.730821
982,-0.068036,-0.723749
983,-0.060574,-0.716544
984,-0.053608,-0.708720
985,-0.047143,-0.700466
986,-0.041204,-0.691838
987,-0.035708,-0.682854
988,-0.030779,-0.673607
989,-0.026387,-0.664094
990,-0.022506,-0.654260
991,-0.019230,-0.644303
992,-0.016520,-0.634182
993,-0.014390,-0.623924
994,-0.012846,-0.613564
995,-0.011798,-0.603198
996,-0.011331,-0.592615
997,-0.011557,-0.582143
998,-0.012363,-0.571705
999,-0.013753,-0.561274
1000,-0.015751,-0.550993
1001,-0.018367,-0.540848
1002,-0.021312,-0.530820
1003,-0.024968,-0.521042
1004,-0.029243,-0.511480
1005,-0.034040,-0.502128
1006,-0.039368,-0.493130
1007,-0.045203,-0.484450
1008,-0.051539,-0.476056
1009,-0.058325,-0.468096
1010,-0.065583,-0.460448
1011,-0.073186,-0.453299
1012,-0.081211,-0.446609
1013,-0.089635,-0.440343
1014,-0.098376,-0.434614
1015,-0.107435,-0.429410
1016,-0.116844,-0.424669
1017,-0.126438,-0.420517
1018,-0.136248,-0.416916
1019,-0.146248,-0.413877
1020,-0.156507,-0.411419
1021,-0.166691,-0.409371
1022,-0.177012,-0.408018
1023,-0.187416,-0.407302
1024,-0.197849,-0.407194
1025,-0.208334,-0.407674
1026,-0.218714,-0.408772
1027,-0.229015,-0.410450
1028,-0.239259,-0.412693
1029,-0.249324,-0.415587
1030,-0.259225,-0.418933
1031,-0.268875,-0.422874
1032,-0.278284,-0.427363
1033,-0.287503,-0.432405
1034,-0.296339,-0.437942
1035,-0.304835,-0.443983
1036,-0.312982,-0.450496
1037,-0.320810,-0.457471
1038,-0.328169,-0.464856
1039,-0.335076,-0.472659
1040,-0.341628,-0.480741
1041,-0.347631,-0.489237
1042,-0.353127,-0.498077
1043,-0.358156,-0.507257
1044,-0.362605,-0.516669
1045,-0.366546,-0.526262
1046,-0.369944,-0.536163
1047,-0.372741,-0.546192
1048,-0.374964,-0.556363
1049,-0.376629,-0.566691
1050,-0.377685,-0.577046
1051,-0.378147,-0.587446
1052,-0.378039,-0.597911
1053,-0.377314,-0.608297
1054,-0.375998,-0.618625
1055,-0.374074,-0.628936
1056,-0.371607,-0.639045
1057,-0.368557,-0.648995
1058,-0.364947,-0.658805
1059,-0.360889,-0.668377
1060,-0.356280,-0.677657
1061,-0.350962,-0.686682
1062,-0.345343,-0.695413
1063,-0.339162,-0.703800
1064,-0.332497,-0.711761
1065,-0.325379,-0.719328
1066,-0.317825,-0.726541
1067,-0.309901,-0.733253
1068,-0.301606,-0.739502
1069,-0.292926,-0.745295
1070,-0.283966,-0.750556
1071,-0.274726,-0.755303
1072,-0.265193,-0.759567
1073,-0.255477,-0.763236
1074,-0.245563,-0.766338
1075,-0.235447,-0.768899
1076,-0.225246,-0.770870
1077,-0.214944,-0.772215
1078,-0.204603,-0.773211
1079,-0.194308,-0.773529
1080,-0.183947,-0.773157
1081,-0.173564,-0.772181
1082,-0.163308,-0.770647
1083,-0.153163,-0.768516
1084,-0.143096,-0.765818
1085,-0.133258,-0.762543
1086,-0.123626,-0.758712
1087,-0.114175,-0.754291
1088,-0.105016,-0.749413
1089,-0.096176,-0.744006
1090,-0.087600,-0.738088
1091,-0.079434,-0.731705
1092,-0.071647,-0.724864
1093,-0.064207,-0.717571
1094,-0.057241,-0.709830
1095,-0.050720,-0.701799
1096,-0.044623,-0.693357
1097,-0.039068,-0.684556
1098,-0.034012,-0.675579
1099,-0.029448,-0.666243
1100,-0.025479,-0.656700
1101,-0.022062,-0.646945
1102,-0.019166,-0.636965
1103,-0.016896,-0.626885
1104,-0.015198,-0.616684
1105,-0.014042,-0.606355
1106,-0.013504,-0.596033
1107,-0.013555,-0.585696
1108,-0.014200,-0.575331
1109,-0.015435,-0.565067
1110,-0.017245,-0.554890
1111,-0.019615,-0.544768
1112,-0.022567,-0.534862
1113,-0.026026,-0.525171
1114,-0.030121,-0.515590
1115,-0.034732,-0.506335
1116,-0.039643,-0.497328
1117,-0.045193,-0.488598
1118,-0.051259,-0.480247
1119,-0.057803,-0.472271
1120,-0.064812,-0.464621
1121,-0.072233,-0.457447
1122,-0.080037,-0.450701
1123,-0.088243,-0.444360
1124,-0.096768,-0.438545
1125,-0.105612,-0.433229
1126,-0.114789,-0.428374
1127,-0.124258,-0.424186
1128,-0.133828,-0.420349
1129,-0.143647,-0.417089
1130,-0.153612,-0.414462
1131,-0.163769,-0.412379
1132,-0.173976,-0.410929
1133,-0.184254,-0.410061
1134,-0.194613,-0.409743
1135,-0.204927,-0.410075
1136,-0.215150,-0.410837
1137,-0.225377,-0.412270
1138,-0.235474,-0.414307
1139,-0.245432,-0.416920
1140,-0.255287,-0.420088
1141,-0.264884,-0.423817
1142,-0.274227,-0.428015
1143,-0.283407,-0.432814
1144,-0.292238,-0.438110
1145,-0.300752,-0.443898
1146,-0.308989,-0.450177
1147,-0.316787,-0.456921
1148,-0.324194,-0.464064
1149,-0.331216,-0.471637
1150,-0.337787,-0.479584
1151,-0.343868,-0.487888
1152,-0.349518,-0.496560
1153,-0.354613,-0.505504
1154,-0.359191,-0.514753
1155,-0.363203,-0.524239
1156,-0.366831,-0.533893
1157,-0.369783,-0.543725
1158,-0.372152,-0.553721
1159,-0.373942,-0.563840
1160,-0.375217,-0.574187
1161,-0.375853,-0.584419
1162,-0.375893,-0.594691
1163,-0.375351,-0.604946
1164,-0.374227,-0.615154
1165,-0.372541,-0.625339
1166,-0.370255,-0.635345
1167,-0.367398,-0.645215
1168,-0.364001,-0.654971
1169,-0.360057,-0.664453
1170,-0.355577,-0.673693
1171,-0.350553,-0.682705
1172,-0.345043,-0.691376
1173,-0.339056,-0.699720
1174,-0.332562,-0.707759
1175,-0.325791,-0.715447
1176,-0.318625,-0.722720
1177,-0.310945,-0.729554
1178,-0.302885,-0.735887
1179,-0.294453,-0.741734
1180,-0.285700,-0.747150
1181,-0.276677,-0.752025
1182,-0.267391,-0.756364
1183,-0.257825,-0.760212
1184,-0.248103,-0.763466
1185,-0.238212,-0.766159
1186,-0.228131,-0.768310
1187,-0.218002,-0.769869
1188,-0.207800,-0.770842
1189,-0.197496,-0.771260
1190,-0.187247,-0.771064
1191,-0.177027,-0.770283
1192,-0.166810,-0.768940
1193,-0.156702,-0.766926
1194,-0.146764,-0.764580
1195,-0.136955,-0.761607
1196,-0.127391,-0.758011
1197,-0.118043,-0.753845
1198,-0.108890,-0.749160
1199,-0.100077,-0.743971
1200,-0.091575,-0.738285
1201,-0.083398,-0.732117
1202,-0.075542,-0.725479
1203,-0.068129,-0.718432
1204,-0.061131,-0.710973
1205,-0.054528,-0.703107
1206,-0.048413,-0.694882
1207,-0.042788,-0.686341
1208,-0.037606,-0.677465
1209,-0.032979,-0.668343
1210,-0.028786,-0.658992
1211,-0.025208,-0.649402
1212,-0.022189,-0.639633
1213,-0.019770,-0.629664
1214,-0.017806,-0.619657
1215,-0.016438,-0.609510
1216,-0.015699,-0.599333
1217,-0.015554,-0.589130
1218,-0.015967,-0.578870
1219,-0.016987,-0.568716
1220,-0.018604,-0.558628
1221,-0.020756,-0.548619
1222,-0.023471,-0.538765
1223,-0.026757,-0.529106
1224,-0.030587,-0.519594
1225,-0.034951,-0.510367
1226,-0.039837,-0.501409
1227,-0.045292,-0.492654
1228,-0.051130,-0.484305
1229,-0.057454,-0.476327
1230,-0.064260,-0.468647
1231,-0.071457,-0.461416
1232,-0.079054,-0.454618
1233,-0.087149,-0.448185
1234,-0.095394,-0.442278
1235,-0.104016,-0.436884
1236,-0.112955,-0.431961
1237,-0.122145,-0.427564
1238,-0.131562,-0.423719
1239,-0.141138,-0.420344
1240,-0.150940,-0.417589
1241,-0.160920,-0.415352
1242,-0.170962,-0.413718
1243,-0.181079,-0.412661
1244,-0.191295,-0.412152
1245,-0.201468,-0.412249
1246,-0.211617,-0.412929
1247,-0.221805,-0.414179
1248,-0.231812,-0.415990
1249,-0.241696,-0.418383
1250,-0.251428,-0.421340
1251,-0.260970,-0.424914
1252,-0.270399,-0.428801
1253,-0.279475,-0.433311
1254,-0.288271,-0.438388
1255,-0.296763,-0.443946
1256,-0.305004,-0.450018
1257,-0.312803,-0.456522
1258,-0.320219,-0.463458
1259,-0.327259,-0.470726
1260,-0.333876,-0.478462
1261,-0.340006,-0.486548
1262,-0.345732,-0.494994
1263,-0.350923,-0.503721
1264,-0.355602,-0.512731
1265,-0.359809,-0.522035
1266,-0.363435,-0.531520
1267,-0.366510,-0.541195
1268,-0.369057,-0.551071
1269,-0.371024,-0.561031
1270,-0.372411,-0.571087
1271,-0.373191,-0.581310
1272,-0.373529,-0.591402
1273,-0.373205,-0.601519
1274,-0.372304,-0.611667
1275,-0.370764,-0.621743
1276,-0.368732,-0.631648
1277,-0.366122,-0.641475
1278,-0.362945,-0.651082
1279,-0.359206,-0.660507
1280,-0.354950,-0.669745
1281,-0.350186,-0.678684
1282,-0.344916,-0.687328
1283,-0.339145,-0.695703
1284,-0.332907,-0.703687
1285,-0.326239,-0.711305
1286,-0.319132,-0.718593
1287,-0.311648,-0.725410
1288,-0.303786,-0.731786
1289,-0.295542,-0.737763
1290,-0.287064,-0.743213
1291,-0.278246,-0.748237
1292,-0.269189,-0.752774
1293,-0.259885,-0.756717
1294,-0.250366,-0.760099
1295,-0.240632,-0.762902
1296,-0.230751,-0.765248
1297,-0.220798,-0.766962
1298,-0.210706,-0.768133
1299,-0.200617,-0.768698
1300,-0.190514,-0.768681
1301,-0.180372,-0.768112
1302,-0.170337,-0.766942
1303,-0.160385,-0.765213
1304,-0.150490,-0.762928
1305,-0.140794,-0.760079
1306,-0.131283,-0.756675
1307,-0.121920,-0.752737
1308,-0.112918,-0.748369
1309,-0.104042,-0.743385
1310,-0.095487,-0.737873
1311,-0.087292,-0.732062
1312,-0.079416,-0.725703
1313,-0.071964,-0.718904
1314,-0.064927,-0.711684
1315,-0.058264,-0.704050
1316,-0.052096,-0.696077
1317,-0.046389,-0.687768
1318,-0.041117,-0.679110
1319,-0.036395,-0.670200
1320,-0.032191,-0.661038
1321,-0.028468,-0.651604
1322,-0.025333,-0.642021
1323,-0.022764,-0.632209
1324,-0.020684,-0.622327
1325,-0.019192,-0.612349
1326,-0.018299,-0.602318
1327,-0.017957,-0.592197
1328,-0.018226,-0.582129
1329,-0.019072,-0.572085
1330,-0.020410,-0.562030
1331,-0.022283,-0.552158
1332,-0.024787,-0.542425
1333,-0.027875,-0.532856
1334,-0.031476,-0.523401
1335,-0.035619,-0.514244
1336,-0.040284,-0.505271
1337,-0.045444,-0.496638
1338,-0.051014,-0.488276
1339,-0.057103,-0.480219
1340,-0.063638,-0.472578
1341,-0.070603,-0.465324
1342,-0.077972,-0.458480
1343,-0.085753,-0.452071
1344,-0.093855,-0.446026
1345,-0.102270,-0.440531
1346,-0.111022,-0.435484
1347,-0.120017,-0.430974
1348,-0.129251,-0.426998
1349,-0.138712,-0.423493
1350,-0.148406,-0.420479
1351,-0.158151,-0.418122
1352,-0.168023,-0.416343
1353,-0.177985,-0.415136
1354,-0.188000,-0.414500
1355,-0.198035,-0.414437
1356,-0.208188,-0.414980
1357,-0.218146,-0.416000
1358,-0.228027,-0.417642
1359,-0.237810,-0.419851
1360,-0.247520,-0.422570
1361,-0.256988,-0.425860
1362,-0.266316,-0.429685
1363,-0.275342,-0.434042
1364,-0.284109,-0.438918
1365,-0.292643,-0.444277
1366,-0.300816,-0.450097
1367,-0.308632,-0.456374
1368,-0.316128,-0.463152
1369,-0.323270,-0.470133
1370,-0.329916,-0.477588
1371,-0.336109,-0.485436
1372,-0.341838,-0.493632
1373,-0.347152,-0.502189
1374,-0.351909,-0.510987
1375,-0.356156,-0.520041
1376,-0.359856,-0.529352
1377,-0.363110,-0.538895
1378,-0.365755,-0.548536
1379,-0.367846,-0.558313
1380,-0.369374,-0.568193
1381,-0.370371,-0.578199
1382,-0.370772,-0.588191
1383,-0.370578,-0.598196
1384,-0.369867,-0.608214
1385,-0.368573,-0.618132
1386,-0.366703,-0.627951
1387,-0.364285,-0.637700
1388,-0.361295,-0.647334
1389,-0.357876,-0.656676
1390,-0.353849,-0.665863
1391,-0.349334,-0.674747
1392,-0.344304,-0.683349
1393,-0.338780,-0.691706
1394,-0.332803,-0.699693
1395,-0.326378,-0.707312
1396,-0.319511,-0.714607
1397,-0.312238,-0.721454
1398,-0.304621,-0.727873
1399,-0.296641,-0.733840
1400,-0.288316,-0.739420
1401,-0.279713,-0.744445
1402,-0.270796,-0.749016
1403,-0.261671,-0.753032
1404,-0.252269,-0.756481
1405,-0.242733,-0.759518
1406,-0.233077,-0.761927
1407,-0.223215,-0.763716
1408,-0.213388,-0.765083
1409,-0.203406,-0.765847
1410,-0.193472,-0.765995
1411,-0.183546,-0.765572
1412,-0.173659,-0.764583
1413,-0.163790,-0.763031
1414,-0.154077,-0.760921
1415,-0.144503,-0.758267
1416,-0.135042,-0.755080
1417,-0.125819,-0.751365
1418,-0.116836,-0.747123
1419,-0.108082,-0.742449
1420,-0.099601,-0.737225
1421,-0.091461,-0.731531
1422,-0.083605,-0.725371
1423,-0.076153,-0.718792
1424,-0.069111,-0.711762
1425,-0.062406,-0.704369
1426,-0.056193,-0.696521
1427,-0.050373,-0.688542
1428,-0.045042,-0.680150
1429,-0.040221,-0.671468
1430,-0.035935,-0.662530
1431,-0.032106,-0.653220
1432,-0.028812,-0.643890
1433,-0.026101,-0.634366
1434,-0.023949,-0.624697
1435,-0.022356,-0.614919
1436,-0.021324,-0.605066
1437,-0.020822,-0.595109
1438,-0.020926,-0.585216
1439,-0.021599,-0.575311
1440,-0.022805,-0.565427
1441,-0.024571,-0.555671
1442,-0.026898,-0.546042
1443,-0.029763,-0.536508
1444,-0.033189,-0.527210
1445,-0.037176,-0.518129
1446,-0.041562,-0.509201
1447,-0.046448,-0.500535
1448,-0.051849,-0.492259
1449,-0.057724,-0.484308
1450,-0.063965,-0.476719
1451,-0.070786,-0.469414
1452,-0.077906,-0.462550
1453,-0.085412,-0.456121
1454,-0.093275,-0.450133
1455,-0.101501,-0.444544
1456,-0.109994,-0.439486
1457,-0.118763,-0.434924
1458,-0.127802,-0.430891
1459,-0.137059,-0.427274
1460,-0.146468,-0.424263
1461,-0.156079,-0.421763
1462,-0.165782,-0.419834
1463,-0.175568,-0.418476
1464,-0.185455,-0.417657
1465,-0.195455,-0.417566
1466,-0.205259,-0.417688
1467,-0.215124,-0.418478
1468,-0.224868,-0.419908
1469,-0.234561,-0.421897
1470,-0.244096,-0.424440
1471,-0.253460,-0.427546
1472,-0.262673,-0.431164
1473,-0.271649,-0.435286
1474,-0.280348,-0.439920
1475,-0.288768,-0.445045
1476,-0.296945,-0.450648
1477,-0.304727,-0.456701
1478,-0.312195,-0.463194
1479,-0.319269,-0.470080
1480,-0.325912,-0.477360
1481,-0.332182,-0.485034
1482,-0.337964,-0.492977
1483,-0.343276,-0.501282
1484,-0.348076,-0.509997
1485,-0.352526,-0.518786
1486,-0.356387,-0.527807
1487,-0.359738,-0.537109
1488,-0.362504,-0.546546
1489,-0.364720,-0.556124
1490,-0.366384,-0.565814
1491,-0.367529,-0.575668
1492,-0.368047,-0.585503
1493,-0.368050,-0.595331
1494,-0.367482,-0.605142
1495,-0.366376,-0.614963
1496,-0.364701,-0.624651
1497,-0.362469,-0.634223
1498,-0.359705,-0.643708
1499,-0.356321,-0.652999
1500,-0.352573,-0.662062
1501,-0.348256,-0.670958
1502,-0.343418,-0.679501
1503,-0.338100,-0.687762
1504,-0.332207,-0.695711
1505,-0.326093,-0.703443
1506,-0.319503,-0.710681
1507,-0.312484,-0.717518
1508,-0.305068,-0.723921
1509,-0.297267,-0.729971
1510,-0.289180,-0.735509
1511,-0.280793,-0.740579
1512,-0.272105,-0.745198
1513,-0.263186,-0.749311
1514,-0.254126,-0.752912
1515,-0.244807,-0.755963
1516,-0.235291,-0.758553
1517,-0.225696,-0.760539
1518,-0.216001,-0.761970
1519,-0.206167,-0.762878
1520,-0.196380,-0.763218
1521,-0.186587,-0.762982
1522,-0.176757,-0.762233
1523,-0.167054,-0.760834
1524,-0.157366,-0.758973
1525,-0.147813,-0.756590
1526,-0.138497,-0.753579
1527,-0.129365,-0.750088
1528,-0.120458,-0.746066
1529,-0.111749,-0.741538
1530,-0.103328,-0.736532
1531,-0.095236,-0.731051
1532,-0.087471,-0.725113
1533,-0.079999,-0.718647
1534,-0.072920,-0.711938
1535,-0.066202,-0.704760
1536,-0.059977,-0.697235
1537,-0.054195,-0.689365
1538,-0.048872,-0.681177
1539,-0.043947,-0.672673
1540,-0.039605,-0.663929
1541,-0.035759,-0.654949
1542,-0.032369,-0.645695
1543,-0.029561,-0.636340
1544,-0.027277,-0.626745
1545,-0.025496,-0.617186
1546,-0.024268,-0.607575
1547,-0.023612,-0.597755
1548,-0.023541,-0.588009
1549,-0.024023,-0.578276
1550,-0.025059,-0.568587
1551,-0.026630,-0.558929
1552,-0.028739,-0.549393
1553,-0.031451,-0.540025
1554,-0.034622,-0.530798
1555,-0.038334,-0.521702
1556,-0.042555,-0.512924
1557,-0.047273,-0.504401
1558,-0.052468,-0.496161
1559,-0.058139,-0.488156
1560,-0.064335,-0.480580
1561,-0.070777,-0.473293
1562,-0.077815,-0.466393
1563,-0.085056,-0.459826
1564,-0.092643,-0.453798
1565,-0.100604,-0.448257
1566,-0.108931,-0.443110
1567,-0.117478,-0.438505
1568,-0.126271,-0.434394
1569,-0.135285,-0.430790
1570,-0.144559,-0.427651
1571,-0.153924,-0.425113
1572,-0.163429,-0.423108
1573,-0.173025,-0.421636
1574,-0.182751,-0.420670
1575,-0.192449,-0.420291
1576,-0.202153,-0.420469
1577,-0.211784,-0.421148
1578,-0.221482,-0.422375
1579,-0.231017,-0.424179
1580,-0.240440,-0.426560
1581,-0.249803,-0.429428
1582,-0.258984,-0.432895
1583,-0.267848,-0.436738
1584,-0.276468,-0.441133
1585,-0.284819,-0.446028
1586,-0.292968,-0.451422
1587,-0.300706,-0.457242
1588,-0.308090,-0.463499
1589,-0.315119,-0.470151
1590,-0.321816,-0.477222
1591,-0.328050,-0.484634
1592,-0.333840,-0.492390
1593,-0.339177,-0.500466
1594,-0.344114,-0.508896
1595,-0.348451,-0.517607
1596,-0.352380,-0.526424
1597,-0.355760,-0.535494
1598,-0.358668,-0.544799
1599,-0.360991,-0.554187
1600,-0.362720,-0.563710
1601,-0.364017,-0.573392
1602,-0.364775,-0.583034
1603,-0.364915,-0.592697
1604,-0.364499,-0.602335
1605,-0.363554,-0.611978
1606,-0.362067,-0.621534
1607,-0.360022,-0.630961
1608,-0.357438,-0.640256
1609,-0.354329,-0.649479
1610,-0.350799,-0.658401
1611,-0.346690,-0.667129
1612,-0.342088,-0.675608
1613,-0.337024,-0.683895
1614,-0.331494,-0.691797
1615,-0.325476,-0.699355
1616,-0.319051,-0.706679
1617,-0.312254,-0.713521
1618,-0.305076,-0.719962
1619,-0.297464,-0.725932
1620,-0.289578,-0.731632
1621,-0.281446,-0.736859
1622,-0.273031,-0.741508
1623,-0.264260,-0.745753
1624,-0.255388,-0.749425
1625,-0.246304,-0.752559
1626,-0.237052,-0.755164
1627,-0.227604,-0.757286
1628,-0.218114,-0.758822
1629,-0.208557,-0.759794
1630,-0.198944,-0.760223
1631,-0.189253,-0.760150
1632,-0.179663,-0.759500
1633,-0.170126,-0.758305
1634,-0.160674,-0.756567
1635,-0.151262,-0.754294
1636,-0.142061,-0.751479
1637,-0.133042,-0.748157
1638,-0.124225,-0.744330
1639,-0.115552,-0.739887
1640,-0.107111,-0.735153
1641,-0.099097,-0.730005
1642,-0.091392,-0.724284
1643,-0.083934,-0.718145
1644,-0.076924,-0.711614
1645,-0.070302,-0.704691
1646,-0.064086,-0.697401
1647,-0.058227,-0.689733
1648,-0.052877,-0.681784
1649,-0.048028,-0.673509
1650,-0.043587,-0.665007
1651,-0.039600,-0.656204
1652,-0.036189,-0.647255
1653,-0.033296,-0.638125
1654,-0.030930,-0.628845
1655,-0.029053,-0.619388
1656,-0.027749,-0.609896
1657,-0.027019,-0.600283
1658,-0.026880,-0.590606
1659,-0.027048,-0.580961
1660,-0.027902,-0.571476
1661,-0.029334,-0.562034
1662,-0.031298,-0.552696
1663,-0.033774,-0.543414
1664,-0.036781,-0.534355
1665,-0.040303,-0.525486
1666,-0.044343,-0.516844
1667,-0.048877,-0.508342
1668,-0.053858,-0.500202
1669,-0.059293,-0.492359
1670,-0.065165,-0.484838
1671,-0.071478,-0.477587
1672,-0.078093,-0.470785
1673,-0.085158,-0.464363
1674,-0.092569,-0.458352
1675,-0.100353,-0.452698
1676,-0.108397,-0.447566
1677,-0.116934,-0.442931
1678,-0.125455,-0.438615
1679,-0.134248,-0.434851
1680,-0.143211,-0.431675
1681,-0.152344,-0.429030
1682,-0.161616,-0.426913
1683,-0.171066,-0.425281
1684,-0.180519,-0.424233
1685,-0.190083,-0.423751
1686,-0.199577,-0.423756
1687,-0.209126,-0.424296
1688,-0.218566,-0.425402
1689,-0.227922,-0.427051
1690,-0.237169,-0.429233
1691,-0.246369,-0.431931
1692,-0.255290,-0.435178
1693,-0.264031,-0.438911
1694,-0.272545,-0.443127
1695,-0.280881,-0.447822
1696,-0.288846,-0.453071
1697,-0.296674,-0.458688
1698,-0.303992,-0.464557
1699,-0.311075,-0.471003
1700,-0.317672,-0.477800
1701,-0.323868,-0.484965
1702,-0.329645,-0.492472
1703,-0.335054,-0.500335
1704,-0.339945,-0.508449
1705,-0.344340,-0.516858
1706,-0.348283,-0.525467
1707,-0.351778,-0.534349
1708,-0.354707,-0.543356
1709,-0.357112,-0.552515
1710,-0.358991,-0.561797
1711,-0.360381,-0.571236
1712,-0.361197,-0.580672
1713,-0.361443,-0.590208
1714,-0.361206,-0.599657
1715,-0.360439,-0.609159
1716,-0.359011,-0.618554
1717,-0.357187,-0.627992
1718,-0.354845,-0.637102
1719,-0.351944,-0.646157
1720,-0.348527,-0.654948
1721,-0.344610,-0.663527
1722,-0.340210,-0.671868
1723,-0.335333,-0.680027
1724,-0.330004,-0.687802
1725,-0.324230,-0.695270
1726,-0.318056,-0.702400
1727,-0.311462,-0.709247
1728,-0.304525,-0.715637
1729,-0.297233,-0.721615
1730,-0.289684,-0.727172
1731,-0.281710,-0.732366
1732,-0.273514,-0.737033
1733,-0.265040,-0.741203
1734,-0.256377,-0.744918
1735,-0.247287,-0.748119
1736,-0.238195,-0.750969
1737,-0.229083,-0.753181
1738,-0.219839,-0.754825
1739,-0.210446,-0.755967
1740,-0.201066,-0.756538
1741,-0.191657,-0.756540
1742,-0.182280,-0.756047
1743,-0.172867,-0.755037
1744,-0.163606,-0.753469
1745,-0.154452,-0.751371
1746,-0.145433,-0.748754
1747,-0.136497,-0.745637
1748,-0.127830,-0.742014
1749,-0.119338,-0.737848
1750,-0.111158,-0.733283
1751,-0.103166,-0.728223
1752,-0.095545,-0.722744
1753,-0.088254,-0.716839
1754,-0.081313,-0.710527
1755,-0.074555,-0.703570
1756,-0.068345,-0.696604
1757,-0.062617,-0.689232
1758,-0.057312,-0.681531
1759,-0.052365,-0.673510
1760,-0.047962,-0.665266
1761,-0.044042,-0.656780
1762,-0.040550,-0.648024
1763,-0.037594,-0.639220
1764,-0.035160,-0.630176
1765,-0.033245,-0.621025
1766,-0.031809,-0.611718
1767,-0.030938,-0.602407
1768,-0.030605,-0.593065
1769,-0.030850,-0.583705
1770,-0.031527,-0.574300
1771,-0.032778,-0.565039
1772,-0.034564,-0.555867
1773,-0.036873,-0.546813
1774,-0.039863,-0.537580
1775,-0.043054,-0.528800
1776,-0.046820,-0.520306
1777,-0.051160,-0.511933
1778,-0.055865,-0.503905
1779,-0.061050,-0.496195
1780,-0.066677,-0.488797
1781,-0.072738,-0.481663
1782,-0.079169,-0.474941
1783,-0.085987,-0.468630
1784,-0.093157,-0.462703
1785,-0.100679,-0.457116
1786,-0.108461,-0.452030
1787,-0.116521,-0.447400
1788,-0.124832,-0.443236
1789,-0.133422,-0.439491
1790,-0.142145,-0.436277
1791,-0.151038,-0.433579
1792,-0.160068,-0.431389
1793,-0.169285,-0.429744
1794,-0.178454,-0.428513
1795,-0.187707,-0.427872
1796,-0.197064,-0.427717
1797,-0.206348,-0.428192
1798,-0.215588,-0.429132
1799,-0.224820,-0.430596
