0,-0.372170,-0.697977
1,-0.372170,-0.697977
2,-0.372170,-0.697977
3,-0.372170,-0.697977
4,-0.383052,-0.703602
5,-0.397475,-0.712590
6,-0.411334,-0.722431
7,-0.424610,-0.733044
8,-0.437262,-0.744396
9,-0.449247,-0.756449
10,-0.460526,-0.769164
11,-0.471064,-0.782501
12,-0.480827,-0.796416
13,-0.489781,-0.810863
14,-0.497900,-0.825797
15,-0.505155,-0.841168
16,-0.511524,-0.856927
17,-0.516986,-0.873023
18,-0.521524,-0.889404
19,-0.522766,-0.893988
20,-0.522766,-0.893988
21,-0.522766,-0.893988
22,-0.522766,-0.893988
23,-0.511036,-0.897522
24,-0.494424,-0.901104
25,-0.477623,-0.903682
26,-0.460703,-0.905299
27,-0.443718,-0.905951
28,-0.426723,-0.905635
29,-0.409774,-0.904354
30,-0.392925,-0.902110
31,-0.376232,-0.898911
32,-0.359747,-0.894767
33,-0.343525,-0.889692
34,-0.327617,-0.883702
35,-0.312077,-0.876818
36,-0.296953,-0.869060
37,-0.282295,-0.860454
38,-0.268150,-0.851028
39,-0.254565,-0.840812
40,-0.241583,-0.829841
41,-0.229246,-0.818148
42,-0.217595,-0.805772
43,-0.206666,-0.792754
44,-0.196496,-0.779135
45,-0.187117,-0.764959
46,-0.178560,-0.750272
47,-0.170852,-0.735123
48,-0.168722,-0.730877
49,-0.167978,-0.718650
50,-0.168309,-0.701659
51,-0.169662,-0.684716
52,-0.171976,-0.667876
53,-0.172649,-0.663174
54,-0.172649,-0.663174
55,-0.172649,-0.663174
56,-0.172649,-0.663174
57,-0.172649,-0.663174
58,-0.183436,-0.668979
59,-0.197707,-0.678206
60,-0.211401,-0.688276
61,-0.224499,-0.699108
62,-0.236960,-0.710669
63,-0.248743,-0.722919
64,-0.259810,-0.735821
65,-0.270125,-0.749331
66,-0.279654,-0.763406
67,-0.288368,-0.778000
68,-0.296236,-0.793066
69,-0.303235,-0.808556
70,-0.309341,-0.824419
71,-0.311023,-0.828861
72,-0.311023,-0.828861
73,-0.311023,-0.828861
74,-0.311023,-0.828861
75,-0.311023,-0.828861
76,-0.298773,-0.828988
77,-0.281821,-0.827801
78,-0.264967,-0.825597
79,-0.248266,-0.822437
80,-0.231771,-0.818332
81,-0.215537,-0.813295
82,-0.199616,-0.807343
83,-0.184059,-0.800495
84,-0.168917,-0.792772
85,-0.154239,-0.784201
86,-0.140072,-0.774808
87,-0.126463,-0.764625
88,-0.113455,-0.753684
89,-0.101091,-0.742020
90,-0.089410,-0.729672
91,-0.078451,-0.716679
92,-0.068249,-0.703084
93,-0.058836,-0.688930
94,-0.050245,-0.674264
95,-0.042501,-0.659133
96,-0.035632,-0.643585
97,-0.029657,-0.627672
98,-0.024598,-0.611445
99,-0.020471,-0.594956
100,-0.017288,-0.578259
101,-0.015060,-0.561409
102,-0.013795,-0.544458
103,-0.013496,-0.527463
104,-0.013439,-0.522714
105,-0.013439,-0.522714
106,-0.013439,-0.522714
107,-0.013439,-0.522714
108,-0.013439,-0.522714
109,-0.013439,-0.522714
110,-0.022657,-0.530782
111,-0.034505,-0.542964
112,-0.045602,-0.555839
113,-0.055949,-0.569325
114,-0.065512,-0.583378
115,-0.074259,-0.597951
116,-0.076680,-0.602038
117,-0.076680,-0.602038
118,-0.076680,-0.602038
119,-0.076680,-0.602038
120,-0.076680,-0.602038
121,-0.076680,-0.602038
122,-0.064665,-0.599652
123,-0.048316,-0.595016
124,-0.032271,-0.589405
125,-0.016572,-0.582890
126,-0.001269,-0.575492
127,0.013589,-0.567236
128,0.027953,-0.558147
129,0.041776,-0.548256
130,0.055014,-0.537595
131,0.060581,-0.526211
132,0.067377,-0.513541
133,0.078030,-0.500629
134,0.088520,-0.487255
135,0.098232,-0.473305
136,0.107135,-0.458825
137,0.115199,-0.443863
138,0.122399,-0.428465
139,0.128711,-0.412683
140,0.134115,-0.396568
141,0.138593,-0.380171
142,0.142131,-0.363546
143,0.143094,-0.358894
144,0.143094,-0.358894
145,0.143094,-0.358894
146,0.143094,-0.358894
147,0.143094,-0.358894
148,0.143094,-0.358894
149,0.132505,-0.365054
150,0.118549,-0.374750
151,0.105198,-0.385270
152,0.092467,-0.396532
153,0.080397,-0.408500
154,0.069028,-0.421136
155,0.058396,-0.434398
156,0.048536,-0.448243
157,0.045803,-0.452128
158,0.045803,-0.452128
159,0.045803,-0.452128
160,0.045803,-0.452128
161,0.045803,-0.452128
162,0.057635,-0.455298
163,0.074350,-0.458365
164,0.091223,-0.460422
165,0.108185,-0.461516
166,0.117389,-0.463660
167,0.118978,-0.467714
168,0.120798,-0.471757
169,0.122821,-0.475712
170,0.125039,-0.479561
171,0.127447,-0.483294
172,0.130037,-0.486901
173,0.132804,-0.490373
174,0.135741,-0.493701
175,0.138841,-0.496879
176,0.142095,-0.499896
177,0.145497,-0.502748
178,0.149037,-0.505425
179,0.152707,-0.507922
180,0.156498,-0.510232
181,0.160401,-0.512350
182,0.164406,-0.514269
183,0.168504,-0.515986
184,0.172684,-0.517495
185,0.176936,-0.518793
186,0.181249,-0.519877
187,0.185614,-0.520742
188,0.189450,-0.521391
189,0.190017,-0.521607
190,0.193002,-0.521254
191,0.195712,-0.522984
192,0.199130,-0.529774
193,0.204414,-0.538797
194,0.211236,-0.548591
195,0.216783,-0.557517
196,0.222145,-0.564143
197,0.228138,-0.569344
198,0.234923,-0.573533
199,0.242233,-0.577145
200,0.249775,-0.580324
201,0.257499,-0.583077
202,0.265378,-0.585397
203,0.273388,-0.587275
204,0.281502,-0.588703
205,0.289697,-0.589676
206,0.297946,-0.590189
207,0.306224,-0.590239
208,0.314505,-0.589825
209,0.322762,-0.588945
210,0.330969,-0.587602
211,0.339101,-0.585799
212,0.347131,-0.583538
213,0.355034,-0.580827
214,0.362784,-0.577672
215,0.370357,-0.574082
216,0.377727,-0.570067
217,0.384872,-0.565638
218,0.391766,-0.560808
219,0.398389,-0.555591
220,0.404719,-0.550002
221,0.410733,-0.544059
222,0.416413,-0.537777
223,0.421740,-0.531178
224,0.426695,-0.524279
225,0.431261,-0.517103
226,0.435424,-0.509671
227,0.439168,-0.502006
228,0.442481,-0.494131
229,0.445350,-0.486071
230,0.447766,-0.477851
231,0.449719,-0.469496
232,0.451202,-0.461032
233,0.452209,-0.452487
234,0.452735,-0.443886
235,0.452777,-0.435257
236,0.452334,-0.426627
237,0.451405,-0.418024
238,0.449992,-0.409474
239,0.448098,-0.401006
240,0.445729,-0.392646
241,0.442889,-0.384420
242,0.439586,-0.376357
243,0.435820,-0.368853
244,0.431649,-0.361189
245,0.427050,-0.353762
246,0.422034,-0.346596
247,0.416616,-0.339713
248,0.410811,-0.333137
249,0.404638,-0.326890
250,0.398114,-0.320991
251,0.391259,-0.315462
252,0.384095,-0.310319
253,0.376643,-0.305582
254,0.368926,-0.301266
255,0.360968,-0.297385
256,0.352793,-0.293954
257,0.344427,-0.290984
258,0.335897,-0.288487
259,0.327228,-0.286471
260,0.318448,-0.284943
261,0.309584,-0.283912
262,0.300665,-0.283379
263,0.291719,-0.283350
264,0.282773,-0.283825
265,0.273858,-0.284804
266,0.265000,-0.286285
267,0.256228,-0.288266
268,0.247571,-0.290740
269,0.239057,-0.293701
270,0.230712,-0.297141
271,0.222564,-0.301051
272,0.214639,-0.305419
273,0.206963,-0.310232
274,0.199562,-0.315476
275,0.192823,-0.321058
276,0.186035,-0.327090
277,0.179589,-0.333500
278,0.177415,-0.339752
279,0.183783,-0.342990
280,0.189893,-0.345159
281,0.196033,-0.346916
282,0.202223,-0.348334
283,0.208449,-0.349419
284,0.214697,-0.350174
285,0.220948,-0.350599
286,0.227185,-0.350696
287,0.233391,-0.350468
288,0.239550,-0.349919
289,0.245645,-0.349053
290,0.251661,-0.347874
291,0.257581,-0.346391
292,0.263391,-0.344608
293,0.269076,-0.342535
294,0.274621,-0.340178
295,0.280013,-0.337548
296,0.285239,-0.334652
297,0.291568,-0.332137
298,0.297035,-0.329761
299,0.301774,-0.327167
300,0.306241,-0.324352
301,0.310528,-0.321325
302,0.314638,-0.318095
303,0.318565,-0.314673
304,0.322299,-0.311067
305,0.325833,-0.307289
306,0.329160,-0.303349
307,0.332113,-0.298921
308,0.334985,-0.294701
309,0.337633,-0.290354
310,0.340049,-0.285893
311,0.342228,-0.281329
312,0.344167,-0.276676
313,0.345863,-0.271946
314,0.347312,-0.267151
315,0.348514,-0.262304
316,0.350891,-0.257289
317,0.356766,-0.252370
318,0.361937,-0.249201
319,0.369891,-0.246128
320,0.379723,-0.244477
321,0.386175,-0.240811
322,0.386170,-0.234056
323,0.381540,-0.227616
324,0.371955,-0.221915
325,0.357713,-0.216162
326,0.354831,-0.214088
327,0.354973,-0.217967
328,0.354736,-0.220125
329,0.354727,-0.220202
330,0.344110,-0.226312
331,0.330108,-0.235942
332,0.316708,-0.246399
333,0.303924,-0.257601
334,0.291798,-0.269513
335,0.280370,-0.282095
336,0.269676,-0.295307
337,0.259751,-0.309105
338,0.250627,-0.323447
339,0.248100,-0.327469
340,0.248100,-0.327469
341,0.248100,-0.327469
342,0.248100,-0.327469
343,0.248100,-0.327469
344,0.248100,-0.327469
345,0.260173,-0.325396
346,0.276638,-0.321188
347,0.292823,-0.315996
348,0.308687,-0.309891
349,0.324177,-0.302894
350,0.339245,-0.295027
351,0.353840,-0.286316
352,0.367916,-0.276788
353,0.381427,-0.266475
354,0.385187,-0.263571
355,0.385187,-0.263571
356,0.385187,-0.263571
357,0.385187,-0.263571
358,0.377974,-0.253670
359,0.366899,-0.240780
360,0.355067,-0.228577
361,0.342559,-0.217067
362,0.329417,-0.206288
363,0.326494,-0.198420
364,0.327959,-0.191515
365,0.329206,-0.184559
366,0.330231,-0.177552
367,0.331033,-0.170497
368,0.331608,-0.163397
369,0.331953,-0.156254
370,0.332064,-0.149073
371,0.331937,-0.141856
372,0.331567,-0.134608
373,0.330949,-0.127333
374,0.330078,-0.120036
375,0.328949,-0.112722
376,0.327556,-0.105399
377,0.325893,-0.098072
378,0.323956,-0.090750
379,0.321737,-0.083439
380,0.319232,-0.076150
381,0.319320,-0.069351
382,0.319576,-0.062489
383,0.318541,-0.055187
384,0.317045,-0.047919
385,0.315136,-0.040731
386,0.312826,-0.033648
387,0.310119,-0.026693
388,0.307023,-0.019887
389,0.303547,-0.013253
390,0.299699,-0.006812
391,0.295491,-0.000585
392,0.290934,0.005408
393,0.286041,0.011147
394,0.280827,0.016614
395,0.275306,0.021790
396,0.269495,0.026658
397,0.263411,0.031202
398,0.257073,0.035406
399,0.250498,0.039256
400,0.243707,0.042740
401,0.236721,0.045843
402,0.229560,0.048556
403,0.222247,0.050869
404,0.214803,0.052772
405,0.207253,0.054260
406,0.199618,0.055324
407,0.191923,0.055962
408,0.184193,0.056169
409,0.176450,0.055943
410,0.168719,0.055283
411,0.161024,0.054190
412,0.153391,0.052667
413,0.145842,0.050715
414,0.138403,0.048341
415,0.131096,0.045550
416,0.123946,0.042349
417,0.116975,0.038748
418,0.110205,0.034756
419,0.103659,0.030385
420,0.097359,0.025646
421,0.091323,0.020555
422,0.085574,0.015125
423,0.080129,0.009373
424,0.075046,0.008747
425,0.072464,0.005218
426,0.070934,0.000278
427,0.069870,-0.005091
428,0.069124,-0.010573
429,0.068676,-0.016106
430,0.068526,-0.021670
431,0.068677,-0.027247
432,0.069129,-0.032823
433,0.069882,-0.038379
434,0.070936,-0.043900
435,0.072289,-0.049370
436,0.073940,-0.054772
437,0.075884,-0.060091
438,0.078117,-0.065309
439,0.080636,-0.070412
440,0.083432,-0.075384
441,0.086501,-0.080209
442,0.089835,-0.084872
443,0.093424,-0.089360
444,0.097260,-0.093657
445,0.101333,-0.097750
446,0.105631,-0.101626
447,0.110145,-0.105273
448,0.114860,-0.108678
449,0.119765,-0.111830
450,0.124846,-0.114719
451,0.130089,-0.117334
452,0.135479,-0.119667
453,0.141001,-0.121709
454,0.146639,-0.123452
455,0.152377,-0.124890
456,0.158198,-0.126017
457,0.164087,-0.126827
458,0.170025,-0.127318
459,0.175994,-0.127486
460,0.181979,-0.127328
461,0.187960,-0.126844
462,0.193920,-0.126033
463,0.199841,-0.124895
464,0.205705,-0.123434
465,0.211495,-0.121651
466,0.217192,-0.119551
467,0.222779,-0.117137
468,0.228240,-0.114416
469,0.233556,-0.111394
470,0.238711,-0.108079
471,0.243689,-0.104479
472,0.248474,-0.100604
473,0.253051,-0.096463
474,0.257405,-0.092068
475,0.260499,-0.087527
476,0.261233,-0.082980
477,0.261816,-0.078373
478,0.262068,-0.073743
479,0.261820,-0.069173
480,0.261234,-0.064641
481,0.260320,-0.060179
482,0.259080,-0.055805
483,0.257552,-0.051493
484,0.255652,-0.047299
485,0.253479,-0.043282
486,0.251078,-0.039419
487,0.248471,-0.035710
488,0.245671,-0.032144
489,0.242684,-0.028737
490,0.239529,-0.025485
491,0.236210,-0.022396
492,0.232736,-0.019477
493,0.229115,-0.016736
494,0.225355,-0.014180
495,0.221466,-0.011816
496,0.217458,-0.009651
497,0.213341,-0.007690
498,0.209125,-0.005940
499,0.204820,-0.004406
500,0.200437,-0.003092
501,0.195987,-0.002001
502,0.191483,-0.001139
503,0.186934,-0.000506
504,0.182353,-0.000107
505,0.177752,0.000058
506,0.173142,-0.000013
507,0.168536,-0.000320
508,0.164083,-0.001209
509,0.159539,-0.001980
510,0.155035,-0.002983
511,0.150581,-0.004218
512,0.146190,-0.005682
513,0.141873,-0.007372
514,0.137643,-0.009284
515,0.133509,-0.011415
516,0.129484,-0.013759
517,0.125579,-0.016312
518,0.121804,-0.019066
519,0.118169,-0.022017
520,0.114686,-0.025156
521,0.111363,-0.028476
522,0.108211,-0.031970
523,0.105238,-0.035628
524,0.102453,-0.039441
525,0.099864,-0.043401
526,0.097479,-0.047497
527,0.095305,-0.051718
528,0.093349,-0.056055
529,0.091617,-0.060496
530,0.090114,-0.065029
531,0.091006,-0.070932
532,0.093919,-0.076336
533,0.097831,-0.080974
534,0.102405,-0.084990
535,0.107448,-0.088480
536,0.112835,-0.091507
537,0.118480,-0.094106
538,0.124323,-0.096303
539,0.130318,-0.098111
540,0.136432,-0.099538
541,0.142897,-0.100344
542,0.149072,-0.101019
543,0.155244,-0.101364
544,0.161448,-0.101392
545,0.167678,-0.101057
546,0.173878,-0.100350
547,0.180024,-0.099283
548,0.186110,-0.097860
549,0.192098,-0.096090
550,0.197978,-0.093979
551,0.203733,-0.091532
552,0.209335,-0.088762
553,0.214772,-0.085678
554,0.220025,-0.082290
555,0.225077,-0.078608
556,0.229911,-0.074644
557,0.234513,-0.070412
558,0.238867,-0.065925
559,0.242959,-0.061197
560,0.246776,-0.056243
561,0.250305,-0.051081
562,0.253535,-0.045726
563,0.256456,-0.040195
564,0.259058,-0.034507
565,0.261333,-0.028680
566,0.263272,-0.022733
567,0.264870,-0.016684
568,0.266122,-0.010554
569,0.267024,-0.004363
570,0.267572,0.001871
571,0.267764,0.008125
572,0.267601,0.014381
573,0.267082,0.020618
574,0.265892,0.026974
575,0.264693,0.033039
576,0.262750,0.039405
577,0.259681,0.045998
578,0.256215,0.052298
579,0.252433,0.058364
580,0.248351,0.064194
581,0.243984,0.069773
582,0.239348,0.075088
583,0.234457,0.080128
584,0.229329,0.084880
585,0.223980,0.089333
586,0.218427,0.093479
587,0.212687,0.097307
588,0.206779,0.100810
589,0.200720,0.103982
590,0.194529,0.106816
591,0.188224,0.109307
592,0.181825,0.111453
593,0.175349,0.113249
594,0.168816,0.114695
595,0.162245,0.115788
596,0.155654,0.116531
597,0.149061,0.116923
598,0.142485,0.116966
599,0.135945,0.116665
600,0.129457,0.116022
601,0.123040,0.115043
602,0.116710,0.113733
603,0.110485,0.112099
604,0.104380,0.110149
605,0.097705,0.107969
606,0.090483,0.104934
607,0.084285,0.101670
608,0.078606,0.098038
609,0.073232,0.094116
610,0.068103,0.089933
611,0.061327,0.081200
612,0.055507,0.071340
613,0.050820,0.061099
614,0.047079,0.050389
615,0.044088,0.039394
616,0.041778,0.028211
617,0.040130,0.016899
618,0.039138,0.005505
619,0.038798,-0.005926
620,0.039109,-0.017353
621,0.040067,-0.028737
622,0.041664,-0.040036
623,0.043892,-0.051213
624,0.046740,-0.062229
625,0.050194,-0.073047
626,0.054238,-0.083630
627,0.058854,-0.093945
628,0.064036,-0.103967
629,0.069749,-0.113658
630,0.075958,-0.122981
631,0.082656,-0.131917
632,0.089808,-0.140437
633,0.097373,-0.148513
634,0.105341,-0.156130
635,0.113674,-0.163265
636,0.122339,-0.169901
637,0.131291,-0.176023
638,0.140517,-0.181618
639,0.150355,-0.186684
640,0.160082,-0.191176
641,0.170063,-0.195114
642,0.180102,-0.198493
643,0.190140,-0.201290
644,0.200253,-0.203591
645,0.210369,-0.205338
646,0.220508,-0.206522
647,0.230615,-0.207159
648,0.240684,-0.207253
649,0.250668,-0.206814
650,0.260558,-0.205845
651,0.270317,-0.204358
652,0.279930,-0.202362
653,0.289368,-0.199865
654,0.298607,-0.196882
655,0.307632,-0.193420
656,0.316413,-0.189495
657,0.324403,-0.185974
658,0.329955,-0.185120
659,0.335171,-0.184419
660,0.340349,-0.183665
661,0.345495,-0.182765
662,0.350592,-0.181667
663,0.355618,-0.180344
664,0.360555,-0.178783
665,0.365389,-0.176983
666,0.370111,-0.174952
667,0.374707,-0.172692
668,0.379179,-0.170319
669,0.383573,-0.168388
670,0.387868,-0.166429
671,0.392068,-0.164363
672,0.396038,-0.161762
673,0.399982,-0.159323
674,0.403821,-0.156766
675,0.407579,-0.154156
676,0.411230,-0.151427
677,0.414771,-0.148582
678,0.418200,-0.145624
679,0.421515,-0.142555
680,0.424714,-0.139376
681,0.427793,-0.136092
682,0.430754,-0.132705
683,0.433593,-0.129220
684,0.436307,-0.125636
685,0.438893,-0.121956
686,0.441351,-0.118186
687,0.443678,-0.114325
688,0.445869,-0.110376
689,0.447921,-0.106343
690,0.449835,-0.102228
691,0.451605,-0.098033
692,0.453226,-0.093762
693,0.454695,-0.089417
694,0.456011,-0.085003
695,0.457167,-0.080521
696,0.458159,-0.075977
697,0.458986,-0.071375
698,0.459642,-0.066717
699,0.460121,-0.062010
700,0.460419,-0.057259
701,0.460534,-0.052469
702,0.460459,-0.047645
703,0.460194,-0.042794
704,0.459409,-0.038111
705,0.458861,-0.033211
706,0.458217,-0.028209
707,0.457295,-0.023221
708,0.456105,-0.018274
709,0.454652,-0.013385
710,0.452940,-0.008568
711,0.450970,-0.003837
712,0.448747,0.000795
713,0.446277,0.005312
714,0.443565,0.009704
715,0.440617,0.013956
716,0.437440,0.018055
717,0.434042,0.021990
718,0.430431,0.025748
719,0.426617,0.029317
720,0.422609,0.032688
721,0.418418,0.035848
722,0.414053,0.038788
723,0.409528,0.041499
724,0.404854,0.043971
725,0.400042,0.046196
726,0.395107,0.048167
727,0.390062,0.049876
728,0.384920,0.051317
729,0.379696,0.052485
730,0.374404,0.053374
731,0.369059,0.053981
732,0.364585,0.056113
733,0.359144,0.058612
734,0.352877,0.060716
735,0.346567,0.063162
736,0.339515,0.065141
737,0.332283,0.066199
738,0.324579,0.067012
739,0.316774,0.067314
740,0.308947,0.067171
741,0.301127,0.066589
742,0.293339,0.065569
743,0.285608,0.064112
744,0.277958,0.062222
745,0.270413,0.059904
746,0.262483,0.057650
747,0.252582,0.055536
748,0.243108,0.052780
749,0.233598,0.049192
750,0.224227,0.044964
751,0.215078,0.040167
752,0.206200,0.034834
753,0.197628,0.028985
754,0.189414,0.022666
755,0.181567,0.015893
756,0.174123,0.008680
757,0.167110,0.001057
758,0.160549,-0.006943
759,0.154466,-0.015302
760,0.148887,-0.023981
761,0.143830,-0.032950
762,0.139314,-0.042175
763,0.135358,-0.051613
764,0.131967,-0.061250
765,0.129164,-0.071016
766,0.126960,-0.080884
767,0.125354,-0.090811
768,0.124346,-0.100771
769,0.123934,-0.110726
770,0.124141,-0.120573
771,0.125036,-0.130038
772,0.126338,-0.139804
773,0.128279,-0.149162
774,0.130811,-0.158229
775,0.133879,-0.167022
776,0.137424,-0.175496
777,0.141442,-0.183549
778,0.145932,-0.191237
779,0.150851,-0.198487
780,0.156159,-0.205275
781,0.161822,-0.211591
782,0.167796,-0.217398
783,0.174050,-0.222686
784,0.180536,-0.227449
785,0.187220,-0.231672
786,0.194067,-0.235376
787,0.201032,-0.238521
788,0.208079,-0.241120
789,0.215175,-0.243210
790,0.222283,-0.244758
791,0.229384,-0.245812
792,0.236446,-0.246371
793,0.243436,-0.246445
794,0.250323,-0.246047
795,0.257083,-0.245194
796,0.263690,-0.243901
797,0.270141,-0.242205
798,0.276404,-0.240101
799,0.282473,-0.237625
800,0.288328,-0.234786
801,0.293943,-0.231601
802,0.299351,-0.228114
803,0.304200,-0.224290
804,0.309213,-0.220244
805,0.314008,-0.215921
806,0.318568,-0.211331
807,0.322878,-0.206487
808,0.326925,-0.201402
809,0.330694,-0.196090
810,0.334173,-0.190568
811,0.337351,-0.184849
812,0.340215,-0.178952
813,0.342756,-0.172892
814,0.344964,-0.166688
815,0.346831,-0.160359
816,0.347694,-0.154074
817,0.347890,-0.148063
818,0.347568,-0.142271
819,0.346799,-0.136665
820,0.345705,-0.131195
821,0.344256,-0.125847
822,0.342491,-0.120632
823,0.340428,-0.115544
824,0.338058,-0.110605
825,0.335420,-0.105821
826,0.332511,-0.101190
827,0.329342,-0.096741
828,0.325910,-0.092492
829,0.322249,-0.088456
830,0.318351,-0.084647
831,0.314249,-0.081078
832,0.309929,-0.077788
833,0.305423,-0.074805
834,0.300753,-0.072142
835,0.295950,-0.069795
836,0.291121,-0.068076
837,0.286125,-0.066245
838,0.281029,-0.064679
839,0.275843,-0.063383
840,0.270582,-0.062364
841,0.265262,-0.061625
842,0.259896,-0.061170
843,0.254500,-0.061002
844,0.249090,-0.061123
845,0.243681,-0.061534
846,0.238288,-0.062236
847,0.232927,-0.063228
848,0.227614,-0.064509
849,0.222364,-0.066076
850,0.217193,-0.067927
851,0.212116,-0.070058
852,0.207917,-0.072825
853,0.205462,-0.076588
854,0.203323,-0.080565
855,0.201461,-0.084682
856,0.200024,-0.088947
857,0.198996,-0.093327
858,0.198362,-0.097783
859,0.198109,-0.102283
860,0.198371,-0.106802
861,0.199116,-0.111298
862,0.200252,-0.115740
863,0.201608,-0.120113
864,0.203181,-0.124409
865,0.205002,-0.128608
866,0.207214,-0.132654
867,0.209717,-0.136544
868,0.212755,-0.140159
869,0.216472,-0.143317
870,0.220091,-0.146425
871,0.224170,-0.149149
872,0.228531,-0.151531
873,0.233173,-0.153542
874,0.238300,-0.154961
875,0.243511,-0.156031
876,0.248809,-0.156768
877,0.254153,-0.157179
878,0.259577,-0.157212
879,0.265048,-0.156851
880,0.270552,-0.156073
881,0.276062,-0.154864
882,0.281553,-0.153207
883,0.286987,-0.151102
884,0.292340,-0.148537
885,0.297578,-0.145504
886,0.302665,-0.142006
887,0.307560,-0.138052
888,0.312245,-0.133617
889,0.316670,-0.128694
890,0.320791,-0.123299
891,0.324570,-0.117450
892,0.327966,-0.111154
893,0.330940,-0.104442
894,0.333454,-0.097330
895,0.335466,-0.089859
896,0.336949,-0.082238
897,0.337950,-0.074243
898,0.338344,-0.065971
899,0.338108,-0.057476
900,0.337230,-0.048823
901,0.335451,-0.039806
902,0.333299,-0.031103
903,0.330513,-0.022359
904,0.327088,-0.013694
905,0.323043,-0.005154
906,0.318393,0.003209
907,0.313161,0.011349
908,0.307371,0.019218
909,0.301047,0.026777
910,0.294218,0.033990
911,0.286915,0.040815
912,0.279173,0.047221
913,0.271043,0.053182
914,0.262569,0.058664
915,0.253784,0.063654
916,0.244717,0.068135
917,0.235406,0.072090
918,0.225877,0.075508
919,0.216166,0.078376
920,0.206306,0.080687
921,0.196327,0.082432
922,0.186261,0.083605
923,0.176143,0.084203
924,0.166006,0.084224
925,0.155880,0.083666
926,0.145802,0.082531
927,0.135799,0.080825
928,0.125952,0.078549
929,0.116293,0.075748
930,0.106767,0.072434
931,0.097426,0.068562
932,0.088321,0.064150
933,0.079473,0.059215
934,0.070746,0.053448
935,0.062559,0.047532
936,0.054682,0.041160
937,0.047188,0.034345
938,0.040092,0.027110
939,0.033419,0.019478
940,0.027190,0.011477
941,0.021427,0.003129
942,0.016147,-0.005536
943,0.011369,-0.014490
944,0.007107,-0.023704
945,0.003377,-0.033147
946,0.000191,-0.042789
947,-0.002443,-0.052601
948,-0.004512,-0.062546
949,-0.006012,-0.072597
950,-0.006939,-0.082717
951,-0.007286,-0.092875
952,-0.007055,-0.103040
953,-0.006246,-0.113176
954,-0.004858,-0.123251
955,-0.002900,-0.133233
956,-0.000377,-0.143090
957,0.002706,-0.152786
958,0.006337,-0.162295
959,0.010502,-0.171584
960,0.015182,-0.180580
961,0.020326,-0.189262
962,0.025935,-0.197686
963,0.032038,-0.205788
964,0.038608,-0.213529
965,0.045620,-0.220885
966,0.053050,-0.227831
967,0.061225,-0.234383
968,0.069396,-0.240429
969,0.077903,-0.246000
970,0.086716,-0.251078
971,0.095805,-0.255646
972,0.105143,-0.259691
973,0.114699,-0.263196
974,0.124445,-0.266153
975,0.134343,-0.268549
976,0.144370,-0.270380
977,0.154495,-0.271626
978,0.164636,-0.272281
979,0.174749,-0.272378
980,0.184806,-0.271926
981,0.194778,-0.270931
982,0.204636,-0.269401
983,0.214352,-0.267345
984,0.223897,-0.264775
985,0.233333,-0.261686
986,0.242628,-0.258016
987,0.251735,-0.253778
988,0.260627,-0.248976
989,0.269267,-0.243618
990,0.277620,-0.237717
991,0.285650,-0.231288
992,0.293252,-0.224404
993,0.300475,-0.217114
994,0.307342,-0.209323
995,0.313756,-0.201074
996,0.319692,-0.192412
997,0.325127,-0.183367
998,0.330033,-0.173979
999,0.334393,-0.164286
1000,0.338143,-0.153983
1001,0.341357,-0.143813
1002,0.343979,-0.133466
1003,0.346005,-0.122967
1004,0.347422,-0.112366
1005,0.348232,-0.101697
1006,0.348432,-0.090996
1007,0.348020,-0.080296
1008,0.346999,-0.069635
1009,0.345371,-0.059046
1010,0.343142,-0.048564
1011,0.340319,-0.038231
1012,0.336912,-0.028063
1013,0.332928,-0.018108
1014,0.328382,-0.008394
1015,0.323290,0.001049
1016,0.317669,0.010181
1017,0.311534,0.018988
1018,0.304904,0.027433
1019,0.297801,0.035487
1020,0.290251,0.043123
1021,0.282276,0.050321
1022,0.273905,0.057048
1023,0.265159,0.063295
1024,0.256099,0.069001
1025,0.246784,0.074173
1026,0.237192,0.078857
1027,0.227309,0.082991
1028,0.217190,0.086545
1029,0.206875,0.089511
1030,0.196399,0.091881
1031,0.185797,0.093648
1032,0.174758,0.094669
1033,0.164034,0.095196
1034,0.153285,0.095125
1035,0.142558,0.094441
1036,0.131885,0.093147
1037,0.121299,0.091246
1038,0.110836,0.088742
1039,0.100526,0.085645
1040,0.090410,0.081964
1041,0.080515,0.077711
1042,0.070885,0.072904
1043,0.061536,0.067557
1044,0.052505,0.061681
1045,0.043824,0.055298
1046,0.035515,0.048427
1047,0.027617,0.041099
1048,0.020141,0.033330
1049,0.013119,0.025144
1050,0.006577,0.016569
1051,0.000528,0.007630
1052,-0.004997,-0.001633
1053,-0.009992,-0.011200
1054,-0.014434,-0.021040
1055,-0.018304,-0.031113
1056,-0.021575,-0.041358
1057,-0.024262,-0.051718
1058,-0.026408,-0.062234
1059,-0.027939,-0.072882
1060,-0.028849,-0.083613
1061,-0.029140,-0.094395
1062,-0.028810,-0.105181
1063,-0.027863,-0.115934
1064,-0.026301,-0.126620
1065,-0.023892,-0.137466
1066,-0.021119,-0.147899
1067,-0.017754,-0.158161
1068,-0.013809,-0.168217
1069,-0.009298,-0.178033
1070,-0.004233,-0.187578
1071,0.001370,-0.196822
1072,0.007493,-0.205737
1073,0.014110,-0.214281
1074,0.021205,-0.222444
1075,0.028758,-0.230190
1076,0.036742,-0.237494
1077,0.045133,-0.244331
1078,0.053903,-0.250684
1079,0.063015,-0.256522
1080,0.072449,-0.261838
1081,0.082175,-0.266609
1082,0.092158,-0.270816
1083,0.102372,-0.274451
1084,0.112767,-0.277494
1085,0.123327,-0.279946
1086,0.134012,-0.281792
1087,0.144780,-0.283023
1088,0.155600,-0.283640
1089,0.166392,-0.283634
1090,0.177115,-0.283036
1091,0.187845,-0.281872
1092,0.198504,-0.280071
1093,0.209050,-0.277651
1094,0.219454,-0.274624
1095,0.229670,-0.271003
1096,0.239670,-0.266800
1097,0.249645,-0.261732
1098,0.259079,-0.256406
1099,0.268214,-0.250556
1100,0.277000,-0.244192
1101,0.285415,-0.237335
1102,0.293424,-0.230008
1103,0.301008,-0.222233
1104,0.308130,-0.214044
1105,0.314782,-0.205459
1106,0.320935,-0.196505
1107,0.326563,-0.187218
1108,0.331661,-0.177620
1109,0.336204,-0.167743
1110,0.340174,-0.157621
1111,0.343564,-0.147284
1112,0.346357,-0.136777
1113,0.348553,-0.126121
1114,0.350136,-0.115354
1115,0.351101,-0.104512
1116,0.351448,-0.093629
1117,0.351176,-0.082745
1118,0.350284,-0.071893
1119,0.348776,-0.061108
1120,0.346656,-0.050425
1121,0.343930,-0.039922
1122,0.340645,-0.029635
1123,0.336816,-0.019517
1124,0.332392,-0.009603
1125,0.327391,0.000043
1126,0.321832,0.009402
1127,0.315740,0.018427
1128,0.309138,0.027094
1129,0.302047,0.035373
1130,0.294140,0.043357
1131,0.286152,0.050753
1132,0.277753,0.057701
1133,0.268968,0.064160
1134,0.259827,0.070106
1135,0.250358,0.075527
1136,0.240601,0.080394
1137,0.230577,0.084705
1138,0.220319,0.088437
1139,0.209864,0.091577
1140,0.199240,0.094118
1141,0.188497,0.096048
1142,0.177653,0.097368
1143,0.166749,0.098066
1144,0.155829,0.098140
1145,0.144914,0.097595
1146,0.134044,0.096428
1147,0.123255,0.094640
1148,0.112582,0.092238
1149,0.102058,0.089233
1150,0.091731,0.085634
1151,0.081617,0.081455
1152,0.071755,0.076702
1153,0.062221,0.071403
1154,0.053039,0.065615
1155,0.044160,0.059340
1156,0.035634,0.052543
1157,0.027506,0.045250
1158,0.019806,0.037492
1159,0.012559,0.029298
1160,0.005789,0.020697
1161,-0.000481,0.011717
1162,-0.006230,0.002388
1163,-0.011429,-0.007603
1164,-0.016066,-0.017523
1165,-0.020136,-0.027694
1166,-0.023621,-0.038083
1167,-0.026508,-0.048658
1168,-0.028791,-0.059386
1169,-0.030456,-0.070218
1170,-0.031507,-0.081135
1171,-0.031933,-0.092097
1172,-0.031730,-0.103061
1173,-0.030908,-0.114004
1174,-0.029461,-0.124885
1175,-0.027394,-0.135666
1176,-0.024717,-0.146318
1177,-0.021438,-0.156792
1178,-0.017569,-0.167072
1179,-0.013116,-0.177119
1180,-0.008095,-0.186895
1181,-0.002524,-0.196376
1182,0.003577,-0.205517
1183,0.010190,-0.214305
1184,0.017296,-0.222703
1185,0.024849,-0.230644
1186,0.032791,-0.238120
1187,0.041128,-0.245175
1188,0.049885,-0.251761
1189,0.059028,-0.257834
1190,0.068515,-0.263371
1191,0.078312,-0.268359
1192,0.088387,-0.272780
1193,0.098703,-0.276618
1194,0.109227,-0.279863
1195,0.120282,-0.282416
1196,0.131099,-0.284427
1197,0.142013,-0.285825
1198,0.152997,-0.286604
1199,0.164011,-0.286754
1200,0.175011,-0.286274
1201,0.185974,-0.285171
1202,0.196860,-0.283444
1203,0.207629,-0.281096
1204,0.218250,-0.278140
1205,0.228686,-0.274585
1206,0.238904,-0.270441
1207,0.248871,-0.265720
1208,0.258556,-0.260437
1209,0.267928,-0.254607
1210,0.276954,-0.248251
1211,0.285608,-0.241388
1212,0.293855,-0.234044
1213,0.301674,-0.226239
1214,0.309036,-0.218003
1215,0.315917,-0.209360
1216,0.322297,-0.200337
1217,0.328120,-0.190994
1218,0.333394,-0.181391
1219,0.338162,-0.171506
1220,0.342363,-0.161330
1221,0.345968,-0.150918
1222,0.348972,-0.140294
1223,0.351358,-0.129510
1224,0.353124,-0.118599
1225,0.354264,-0.107599
1226,0.354771,-0.096546
1227,0.354647,-0.085476
1228,0.353703,-0.074143
1229,0.352312,-0.063176
1230,0.350302,-0.052295
1231,0.347674,-0.041542
1232,0.344435,-0.030954
1233,0.340598,-0.020562
1234,0.336177,-0.010413
1235,0.331186,-0.000523
1236,0.325636,0.009068
1237,0.319545,0.018329
1238,0.312935,0.027230
1239,0.305825,0.035742
1240,0.298239,0.043840
1241,0.290209,0.051486
1242,0.281754,0.058671
1243,0.272899,0.065362
1244,0.263674,0.071539
1245,0.254111,0.077181
1246,0.244238,0.082269
1247,0.234088,0.086791
1248,0.223702,0.090722
1249,0.213140,0.094036
1250,0.202464,0.096749
1251,0.191628,0.098901
1252,0.180657,0.100421
1253,0.169602,0.101302
1254,0.158506,0.101543
1255,0.147406,0.101147
1256,0.136340,0.100115
1257,0.125344,0.098450
1258,0.114457,0.096157
1259,0.103716,0.093247
1260,0.092892,0.089463
1261,0.082563,0.085339
1262,0.072476,0.080636
1263,0.062677,0.075367
1264,0.053184,0.069547
1265,0.044036,0.063192
1266,0.035270,0.056327
1267,0.026900,0.048970
1268,0.018962,0.041145
1269,0.011487,0.032883
1270,0.004487,0.024203
1271,-0.002009,0.015135
1272,-0.007972,0.005715
1273,-0.013397,-0.004035
1274,-0.018258,-0.014083
1275,-0.022534,-0.024388
1276,-0.026222,-0.034927
1277,-0.029304,-0.045663
1278,-0.031766,-0.056551
1279,-0.033609,-0.067571
1280,-0.034819,-0.078682
1281,-0.035379,-0.089804
1282,-0.035325,-0.100886
1283,-0.034684,-0.111954
1284,-0.033406,-0.123013
1285,-0.031482,-0.133990
1286,-0.028923,-0.144847
1287,-0.025742,-0.155549
1288,-0.021950,-0.166058
1289,-0.017559,-0.176340
1290,-0.012585,-0.186358
1291,-0.007046,-0.196076
1292,-0.000959,-0.205471
1293,0.005915,-0.214620
1294,0.012897,-0.223151
1295,0.020324,-0.231290
1296,0.028205,-0.239002
1297,0.036519,-0.246257
1298,0.045242,-0.253031
1299,0.054349,-0.259302
1300,0.063817,-0.265051
1301,0.073609,-0.270249
1302,0.083695,-0.274882
1303,0.094048,-0.278936
1304,0.104624,-0.282390
1305,0.115399,-0.285236
1306,0.126326,-0.287459
1307,0.137377,-0.289055
1308,0.148515,-0.290016
1309,0.159695,-0.290335
1310,0.170885,-0.290014
1311,0.182052,-0.289051
1312,0.193153,-0.287449
1313,0.204095,-0.285209
1314,0.214845,-0.282382
1315,0.225498,-0.278980
1316,0.235956,-0.274936
1317,0.246180,-0.270279
1318,0.256125,-0.265031
1319,0.265764,-0.259215
1320,0.275061,-0.252850
1321,0.283980,-0.245960
1322,0.292496,-0.238569
1323,0.300585,-0.230693
1324,0.308210,-0.222369
1325,0.315392,-0.213427
1326,0.321926,-0.204541
1327,0.327933,-0.195352
1328,0.333403,-0.185893
1329,0.338393,-0.176124
1330,0.342815,-0.166063
1331,0.346654,-0.155746
1332,0.349896,-0.145207
1333,0.352531,-0.134483
1334,0.354547,-0.123610
1335,0.355936,-0.112629
1336,0.356694,-0.101574
1337,0.356817,-0.090485
1338,0.356306,-0.079399
1339,0.355160,-0.068353
1340,0.353386,-0.057385
1341,0.350987,-0.046532
1342,0.347974,-0.035833
1343,0.344358,-0.025323
1344,0.340151,-0.015033
1345,0.335363,-0.005064
1346,0.330062,0.004601
1347,0.324239,0.014038
1348,0.317872,0.023102
1349,0.311003,0.031773
1350,0.303661,0.040036
1351,0.295876,0.047857
1352,0.287677,0.055220
1353,0.279094,0.062095
1354,0.270158,0.068470
1355,0.260902,0.074320
1356,0.251281,0.079700
1357,0.241989,0.084415
1358,0.232498,0.088577
1359,0.222839,0.092198
1360,0.213042,0.095271
1361,0.203137,0.097795
1362,0.193155,0.099765
1363,0.183126,0.101181
1364,0.173081,0.102045
1365,0.163001,0.102479
1366,0.152990,0.102389
1367,0.143096,0.101721
1368,0.133327,0.100520
1369,0.123702,0.098807
1370,0.113743,0.096451
1371,0.102376,0.092530
1372,0.090946,0.087193
1373,0.079623,0.080669
1374,0.068554,0.073145
1375,0.057856,0.064765
1376,0.047614,0.055644
1377,0.037942,0.045906
1378,0.028774,0.035567
1379,0.020211,0.024667
1380,0.012280,0.013265
1381,0.005010,0.001407
1382,-0.001574,-0.010866
1383,-0.007449,-0.023509
1384,-0.012589,-0.036468
1385,-0.016919,-0.050014
1386,-0.020558,-0.063483
1387,-0.023420,-0.077162
1388,-0.025492,-0.090995
1389,-0.026772,-0.104907
1390,-0.027260,-0.118876
1391,-0.026953,-0.132849
1392,-0.025851,-0.146786
1393,-0.023956,-0.160640
1394,-0.021273,-0.174374
1395,-0.017808,-0.187930
1396,-0.013575,-0.201283
1397,-0.008582,-0.214373
1398,-0.002850,-0.227161
1399,0.003605,-0.239610
1400,0.010761,-0.251668
1401,0.018597,-0.263311
1402,0.027084,-0.274484
1403,0.036202,-0.285167
1404,0.045917,-0.295313
1405,0.056195,-0.304890
1406,0.067006,-0.313868
1407,0.078315,-0.322219
1408,0.090093,-0.329917
1409,0.102246,-0.336897
1410,0.114762,-0.343206
1411,0.127662,-0.348800
1412,0.140877,-0.353645
1413,0.154365,-0.357727
1414,0.168066,-0.361030
1415,0.182243,-0.363500
1416,0.196102,-0.365271
1417,0.210144,-0.366218
1418,0.224261,-0.366344
1419,0.238390,-0.365650
1420,0.252471,-0.364141
1421,0.266431,-0.361833
1422,0.280243,-0.358735
1423,0.293855,-0.354858
1424,0.307222,-0.350211
1425,0.320320,-0.344804
1426,0.333094,-0.338651
1427,0.345494,-0.331780
1428,0.357495,-0.324209
1429,0.369040,-0.315966
1430,0.380108,-0.307071
1431,0.390647,-0.297560
1432,0.400639,-0.287456
1433,0.410033,-0.276798
1434,0.418816,-0.265612
1435,0.426942,-0.253944
1436,0.434399,-0.241821
1437,0.441152,-0.229288
1438,0.447179,-0.216393
1439,0.452468,-0.203163
1440,0.456993,-0.189644
1441,0.460720,-0.175939
1442,0.463696,-0.162055
1443,0.465872,-0.147970
1444,0.467232,-0.133773
1445,0.467703,-0.119341
1446,0.467475,-0.105143
1447,0.466409,-0.090922
1448,0.464514,-0.076753
1449,0.461798,-0.062692
1450,0.458285,-0.048824
1451,0.453986,-0.035164
1452,0.448915,-0.021777
1453,0.443089,-0.008693
1454,0.436523,0.004043
1455,0.429240,0.016384
1456,0.421260,0.028302
1457,0.412614,0.039740
1458,0.403322,0.050680
1459,0.393422,0.061068
1460,0.382937,0.070886
1461,0.371910,0.080085
1462,0.360364,0.088652
1463,0.348351,0.096543
1464,0.335894,0.103745
1465,0.323050,0.110221
1466,0.309843,0.115962
1467,0.296333,0.120937
1468,0.282548,0.125141
1469,0.268549,0.128548
1470,0.254363,0.131156
1471,0.240055,0.132947
1472,0.225653,0.133923
1473,0.211280,0.134071
1474,0.196711,0.133350
1475,0.182573,0.132001
1476,0.168393,0.129760
1477,0.154305,0.126672
1478,0.140380,0.122754
1479,0.126697,0.118037
1480,0.113293,0.112538
1481,0.100227,0.106281
1482,0.087525,0.099285
1483,0.075246,0.091575
1484,0.063414,0.083170
1485,0.052084,0.074106
1486,0.041277,0.064401
1487,0.031046,0.054096
1488,0.021410,0.043219
1489,0.012413,0.031814
1490,0.004069,0.019899
1491,-0.003582,0.007522
1492,-0.010512,-0.005267
1493,-0.016712,-0.018449
1494,-0.022145,-0.031961
1495,-0.026806,-0.045777
1496,-0.030668,-0.059835
1497,-0.033728,-0.074107
1498,-0.035965,-0.088526
1499,-0.037380,-0.103064
1500,-0.037961,-0.117656
1501,-0.037711,-0.132273
1502,-0.036530,-0.147071
1503,-0.034814,-0.161254
1504,-0.032162,-0.175510
1505,-0.028664,-0.189619
1506,-0.024344,-0.203562
1507,-0.019216,-0.217252
1508,-0.013292,-0.230650
1509,-0.006597,-0.243704
1510,0.000836,-0.256354
1511,0.008988,-0.268576
1512,0.017835,-0.280318
1513,0.027337,-0.291537
1514,0.037470,-0.302206
1515,0.048195,-0.312276
1516,0.059485,-0.321727
1517,0.071293,-0.330516
1518,0.083599,-0.338629
1519,0.096346,-0.346023
1520,0.109508,-0.352687
1521,0.123028,-0.358586
1522,0.136877,-0.363712
1523,0.150994,-0.368036
1524,0.165349,-0.371552
1525,0.179880,-0.374243
1526,0.194557,-0.376104
1527,0.209312,-0.377122
1528,0.224119,-0.377299
1529,0.238907,-0.376629
1530,0.253496,-0.375252
1531,0.267951,-0.373022
1532,0.282378,-0.369891
1533,0.296657,-0.365901
1534,0.310679,-0.361091
1535,0.324429,-0.355477
1536,0.337850,-0.349076
1537,0.350827,-0.341947
1538,0.363379,-0.334126
1539,0.375519,-0.325556
1540,0.387150,-0.316289
1541,0.398247,-0.306356
1542,0.408758,-0.295797
1543,0.418665,-0.284639
1544,0.427916,-0.272931
1545,0.436496,-0.260700
1546,0.444360,-0.248001
1547,0.451496,-0.234862
1548,0.457867,-0.221340
1549,0.463466,-0.207456
1550,0.468260,-0.193276
1551,0.472240,-0.178841
1552,0.475395,-0.164186
1553,0.477706,-0.149378
1554,0.479171,-0.134443
1555,0.479724,-0.119259
1556,0.479709,-0.104749
1557,0.478738,-0.090011
1558,0.476837,-0.075185
1559,0.474046,-0.060416
1560,0.470398,-0.045814
1561,0.465913,-0.031437
1562,0.460605,-0.017315
1563,0.454496,-0.003522
1564,0.447602,0.009920
1565,0.439950,0.022943
1566,0.431557,0.035526
1567,0.422460,0.047606
1568,0.412687,0.059151
1569,0.402316,0.070078
1570,0.391348,0.080428
1571,0.379769,0.090150
1572,0.367627,0.099203
1573,0.354981,0.107546
1574,0.341858,0.115166
1575,0.328318,0.122022
1576,0.314391,0.128103
1577,0.300141,0.133375
1578,0.285594,0.137832
1579,0.270817,0.141450
1580,0.255842,0.144224
1581,0.240956,0.146176
1582,0.226073,0.147335
1583,0.210975,0.147579
1584,0.195796,0.146922
1585,0.180634,0.145377
1586,0.165554,0.142954
1587,0.150620,0.139663
1588,0.135895,0.135520
1589,0.121409,0.130536
1590,0.107233,0.124732
1591,0.093389,0.118118
1592,0.079949,0.110723
1593,0.066947,0.102572
1594,0.054416,0.093684
1595,0.042416,0.084093
1596,0.030977,0.073830
1597,0.020128,0.062919
1598,0.009924,0.051408
1599,0.000381,0.039318
1600,-0.008455,0.026704
1601,-0.016527,0.013667
1602,-0.023869,0.000209
1603,-0.030441,-0.013698
1604,-0.036210,-0.027988
1605,-0.041151,-0.042611
1606,-0.045357,-0.056966
1607,-0.048694,-0.071584
1608,-0.051141,-0.086612
1609,-0.052676,-0.101927
1610,-0.053308,-0.117385
1611,-0.053038,-0.132906
1612,-0.051868,-0.148419
1613,-0.049808,-0.163847
1614,-0.046864,-0.179159
1615,-0.043047,-0.194279
1616,-0.038366,-0.209178
1617,-0.032841,-0.223783
1618,-0.026489,-0.238056
1619,-0.019327,-0.251961
1620,-0.011381,-0.265430
1621,-0.002677,-0.278431
1622,0.006764,-0.290929
1623,0.016905,-0.302864
1624,0.027713,-0.314208
1625,0.039161,-0.324928
1626,0.051202,-0.334974
1627,0.063802,-0.344322
1628,0.076928,-0.352947
1629,0.089810,-0.360739
1630,0.103172,-0.367758
1631,0.117137,-0.374013
1632,0.131629,-0.379461
1633,0.146376,-0.384040
1634,0.161528,-0.387803
1635,0.177047,-0.390657
1636,0.192776,-0.392602
1637,0.208642,-0.393631
1638,0.224574,-0.393741
1639,0.240493,-0.392938
1640,0.256364,-0.391226
1641,0.272111,-0.388606
1642,0.287708,-0.385087
1643,0.303076,-0.380681
1644,0.318176,-0.375403
1645,0.332967,-0.369263
1646,0.347381,-0.362293
1647,0.361391,-0.354502
1648,0.374932,-0.345923
1649,0.387967,-0.336582
1650,0.400375,-0.326646
1651,0.411784,-0.316842
1652,0.422721,-0.306168
1653,0.433111,-0.294682
1654,0.442866,-0.282491
1655,0.451960,-0.269597
1656,0.460331,-0.256074
1657,0.467931,-0.242008
1658,0.474727,-0.227427
1659,0.480686,-0.212387
1660,0.485777,-0.196947
1661,0.489974,-0.181217
1662,0.493265,-0.165202
1663,0.495627,-0.148965
1664,0.497055,-0.132618
1665,0.497568,-0.116311
1666,0.497175,-0.100007
1667,0.495805,-0.083636
1668,0.493467,-0.067298
1669,0.490196,-0.051119
1670,0.486054,-0.035219
1671,0.481835,-0.020625
1672,0.476659,-0.006142
1673,0.470550,0.008140
1674,0.463528,0.022154
1675,0.455637,0.035807
1676,0.446876,0.049074
1677,0.437285,0.061877
1678,0.426930,0.074138
1679,0.415838,0.085818
1680,0.404046,0.096871
1681,0.391585,0.107259
1682,0.378542,0.116921
1683,0.364947,0.125832
1684,0.350859,0.133952
1685,0.336317,0.141264
1686,0.321370,0.147737
1687,0.306076,0.153349
1688,0.290751,0.158074
1689,0.276488,0.162029
1690,0.262007,0.165202
1691,0.247356,0.167542
1692,0.232581,0.169045
1693,0.217749,0.169703
1694,0.202927,0.169519
1695,0.188162,0.168508
1696,0.173526,0.166672
1697,0.159103,0.164015
1698,0.144886,0.160621
1699,0.130925,0.156464
1700,0.117299,0.151557
1701,0.104040,0.145937
1702,0.091185,0.139637
1703,0.078771,0.132689
1704,0.066833,0.125124
1705,0.055404,0.116974
1706,0.044510,0.108282
1707,0.034180,0.099081
1708,0.024394,0.089076
1709,0.015286,0.078977
1710,0.006772,0.068541
1711,-0.001077,0.057742
1712,-0.008276,0.046625
1713,-0.014813,0.035232
1714,-0.020679,0.023593
1715,-0.025874,0.011765
1716,-0.030385,-0.000233
1717,-0.034215,-0.012357
1718,-0.037368,-0.024559
1719,-0.039840,-0.036814
1720,-0.041638,-0.049081
1721,-0.042769,-0.061324
1722,-0.043235,-0.073514
1723,-0.043061,-0.085602
1724,-0.042239,-0.097570
1725,-0.040797,-0.109379
1726,-0.038739,-0.120999
1727,-0.036084,-0.132404
1728,-0.032857,-0.143556
1729,-0.029054,-0.154440
1730,-0.024680,-0.165049
1731,-0.019770,-0.175348
1732,-0.014440,-0.185243
1733,-0.008617,-0.194765
1734,-0.002351,-0.203891
1735,0.004356,-0.212607
1736,0.011453,-0.220888
1737,0.018940,-0.228723
1738,0.026775,-0.236094
1739,0.035306,-0.243066
1740,0.043800,-0.249462
1741,0.052591,-0.255360
1742,0.061649,-0.260744
1743,0.070945,-0.265604
1744,0.080378,-0.269925
1745,0.089926,-0.273716
1746,0.099611,-0.276970
1747,0.109411,-0.279679
1748,0.119294,-0.281841
1749,0.129234,-0.283455
1750,0.139203,-0.284519
1751,0.149168,-0.285037
1752,0.159102,-0.285011
1753,0.168975,-0.284447
1754,0.178757,-0.283351
1755,0.188421,-0.281731
1756,0.197939,-0.279598
1757,0.207284,-0.276962
1758,0.216431,-0.273837
1759,0.224741,-0.271024
1760,0.230151,-0.270870
1761,0.235140,-0.271250
1762,0.239994,-0.271275
1763,0.245438,-0.270695
1764,0.251246,-0.268162
1765,0.256426,-0.265156
1766,0.261242,-0.262148
1767,0.265868,-0.259215
1768,0.270373,-0.256389
1769,0.274788,-0.253699
1770,0.279144,-0.251137
1771,0.283458,-0.248665
1772,0.287721,-0.245791
1773,0.291897,-0.243178
1774,0.295984,-0.240408
1775,0.299949,-0.237449
1776,0.303757,-0.234300
1777,0.307397,-0.230986
1778,0.310877,-0.227553
1779,0.314179,-0.223979
1780,0.317288,-0.220251
1781,0.320198,-0.216381
1782,0.322902,-0.212379
1783,0.325395,-0.208255
1784,0.327671,-0.204021
1785,0.329768,-0.199728
1786,0.331660,-0.195363
1787,0.333334,-0.190923
1788,0.334511,-0.185729
1789,0.335277,-0.179543
1790,0.335926,-0.174420
1791,0.336387,-0.169588
1792,0.336663,-0.164815
1793,0.336719,-0.160055
1794,0.336539,-0.155311
1795,0.336124,-0.150591
1796,0.335473,-0.145908
1797,0.334590,-0.141273
1798,0.333476,-0.136697
1799,0.332136,-0.132191
