0,-0.556652,1.127930
1,-0.545973,1.121929
2,-0.530786,1.114294
3,-0.515193,1.107527
4,-0.499241,1.101658
5,-0.482981,1.096706
6,-0.466465,1.092687
7,-0.449748,1.089615
8,-0.432883,1.087498
9,-0.415924,1.086345
10,-0.398928,1.086158
11,-0.381948,1.086939
12,-0.365041,1.088684
13,-0.348260,1.091388
14,-0.343574,1.092171
15,-0.343574,1.092171
16,-0.343574,1.092171
17,-0.343574,1.092171
18,-0.343574,1.092171
19,-0.343574,1.092171
20,-0.343574,1.092171
21,-0.343574,1.092171
22,-0.343574,1.092171
23,-0.343574,1.092171
24,-0.343574,1.092171
25,-0.343574,1.092171
26,-0.343184,1.079927
27,-0.341283,1.063040
28,-0.338370,1.046294
29,-0.334508,1.029741
30,-0.329711,1.013434
31,-0.323994,0.997427
32,-0.317376,0.981771
33,-0.309877,0.966517
34,-0.301523,0.951714
35,-0.292340,0.937411
36,-0.282358,0.923653
37,-0.271609,0.910485
38,-0.260129,0.897951
39,-0.247954,0.886089
40,-0.235124,0.874940
41,-0.221681,0.864539
42,-0.207667,0.854919
43,-0.193129,0.846112
44,-0.178113,0.838147
45,-0.162669,0.831049
46,-0.146846,0.824841
47,-0.130695,0.819544
48,-0.114268,0.815174
49,-0.097620,0.811745
50,-0.080804,0.809269
51,-0.063874,0.807755
52,-0.046885,0.807205
53,-0.029893,0.807624
54,-0.025145,0.807768
55,-0.025145,0.807768
56,-0.025145,0.807768
57,-0.025145,0.807768
58,-0.025145,0.807768
59,-0.025145,0.807768
60,-0.025145,0.807768
61,-0.025145,0.807768
62,-0.025145,0.807768
63,-0.025145,0.807768
64,-0.025145,0.807768
65,-0.030833,0.796918
66,-0.037491,0.781283
67,-0.043198,0.765272
68,-0.047985,0.748963
69,-0.051837,0.732407
70,-0.054740,0.715659
71,-0.056686,0.698774
72,-0.057668,0.681804
73,-0.057683,0.664807
74,-0.056730,0.647836
75,-0.054814,0.630947
76,-0.051940,0.614194
77,-0.048117,0.597632
78,-0.043358,0.581314
79,-0.037679,0.565294
80,-0.031097,0.549622
81,-0.023635,0.534351
82,-0.015315,0.519528
83,-0.006166,0.505203
84,0.003784,0.491422
85,0.014501,0.478229
86,0.025952,0.465668
87,0.038099,0.453778
88,0.050903,0.442598
89,0.064322,0.432165
90,0.078313,0.422513
91,0.092830,0.413672
92,0.107827,0.405671
93,0.123255,0.398537
94,0.139063,0.392292
95,0.155202,0.386956
96,0.171618,0.382548
97,0.188258,0.379080
98,0.205068,0.376565
99,0.221994,0.375010
100,0.238982,0.374421
101,0.243730,0.374284
102,0.243730,0.374284
103,0.243730,0.374284
104,0.243730,0.374284
105,0.243730,0.374284
106,0.243730,0.374284
107,0.243730,0.374284
108,0.243730,0.374284
109,0.243730,0.374284
110,0.243730,0.374284
111,0.243730,0.374284
112,0.237409,0.363790
113,0.229837,0.348577
114,0.223191,0.332932
115,0.217446,0.316935
116,0.212620,0.300637
117,0.208730,0.284091
118,0.205787,0.267350
119,0.203802,0.250469
120,0.202780,0.233502
121,0.202725,0.216504
122,0.203638,0.199531
123,0.205514,0.182638
124,0.208349,0.165878
125,0.212133,0.149307
126,0.216853,0.132978
127,0.218198,0.128423
128,0.226008,0.118985
129,0.237857,0.106803
130,0.250419,0.095353
131,0.263613,0.084636
132,0.277395,0.074688
133,0.291720,0.065539
134,0.306543,0.057221
135,0.321815,0.049759
136,0.326095,0.047698
137,0.326095,0.047698
138,0.326095,0.047698
139,0.326095,0.047698
140,0.326095,0.047698
141,0.326095,0.047698
142,0.326095,0.047698
143,0.326095,0.047698
144,0.326095,0.047698
145,0.326095,0.047698
146,0.326095,0.047698
147,0.316046,0.040692
148,0.302930,0.029886
149,0.290485,0.018309
150,0.278719,0.006042
151,0.267670,-0.006874
152,0.257373,-0.020398
153,0.247863,-0.034486
154,0.239169,-0.049092
155,0.231321,-0.064169
156,0.224343,-0.079668
157,0.218258,-0.095539
158,0.213086,-0.111731
159,0.205316,-0.120191
160,0.199588,-0.131206
161,0.198468,-0.134273
162,0.197677,-0.142447
163,0.201872,-0.158367
164,0.207779,-0.174305
165,0.214584,-0.189881
166,0.216510,-0.194223
167,0.225481,-0.202564
168,0.238815,-0.213101
169,0.239998,-0.221349
170,0.235651,-0.229012
171,0.233684,-0.236838
172,0.234373,-0.244753
173,0.237807,-0.252073
174,0.244029,-0.258209
175,0.252960,-0.262946
176,0.264616,-0.266072
177,0.277957,-0.267580
178,0.291910,-0.267825
179,0.306136,-0.267207
180,0.320959,-0.266714
181,0.335851,-0.265501
182,0.350654,-0.263446
183,0.365317,-0.260552
184,0.379790,-0.256829
185,0.394029,-0.252289
186,0.407985,-0.246947
187,0.421615,-0.240819
188,0.434873,-0.233926
189,0.447718,-0.226290
190,0.460296,-0.217815
191,0.472199,-0.208761
192,0.483566,-0.199047
193,0.494362,-0.188703
194,0.504552,-0.177761
195,0.514102,-0.166258
196,0.522982,-0.154231
197,0.531164,-0.141718
198,0.538620,-0.128761
199,0.545326,-0.115401
200,0.551262,-0.101682
201,0.556408,-0.087647
202,0.560746,-0.073343
203,0.564300,-0.058594
204,0.566986,-0.043881
205,0.568831,-0.029040
206,0.569846,-0.014130
207,0.570010,0.000804
208,0.569305,0.015742
209,0.567752,0.030617
210,0.565355,0.045378
211,0.562122,0.059979
212,0.558064,0.074371
213,0.553194,0.088510
214,0.547528,0.102348
215,0.541083,0.115840
216,0.533779,0.129141
217,0.525836,0.141824
218,0.517188,0.154032
219,0.507859,0.165729
220,0.497879,0.176876
221,0.487282,0.187437
222,0.476102,0.197378
223,0.464375,0.206666
224,0.452139,0.215271
225,0.439434,0.223167
226,0.426318,0.230350
227,0.412799,0.236751
228,0.398939,0.242370
229,0.384565,0.247246
230,0.370147,0.251256
231,0.355526,0.254440
232,0.340747,0.256786
233,0.325860,0.258288
234,0.310911,0.258941
235,0.295950,0.258742
236,0.281025,0.257692
237,0.266184,0.255796
238,0.251476,0.253057
239,0.236947,0.249487
240,0.222645,0.245096
241,0.208617,0.239899
242,0.193949,0.233619
243,0.178736,0.226038
244,0.163858,0.220795
245,0.149691,0.214311
246,0.136136,0.206881
247,0.123094,0.198535
248,0.110631,0.189439
249,0.098779,0.179692
250,0.087571,0.169374
251,0.084757,0.166716
252,0.084757,0.166716
253,0.085728,0.154504
254,0.085992,0.150432
255,0.092034,0.139776
256,0.101574,0.125713
257,0.111944,0.112246
258,0.123064,0.099390
259,0.126192,0.095815
260,0.137235,0.090511
261,0.153094,0.084406
262,0.169295,0.079263
263,0.185762,0.075050
264,0.202442,0.071781
265,0.219281,0.069467
266,0.223991,0.068847
267,0.223991,0.068847
268,0.223991,0.068847
269,0.223991,0.068847
270,0.223991,0.068847
271,0.223991,0.068847
272,0.223991,0.068847
273,0.223991,0.068847
274,0.223991,0.068847
275,0.223991,0.068847
276,0.213529,0.062473
277,0.199773,0.052495
278,0.186638,0.041706
279,0.174139,0.030188
280,0.170664,0.026949
281,0.165421,0.016607
282,0.156206,0.009478
283,0.147220,0.001959
284,0.144865,0.000933
285,0.143787,0.001487
286,0.141712,0.001499
287,0.139612,0.001262
288,0.137564,0.000804
289,0.135594,0.000133
290,0.133720,-0.000741
291,0.131958,-0.001810
292,0.130325,-0.003062
293,0.128834,-0.004487
294,0.127501,-0.006071
295,0.126337,-0.007801
296,0.125355,-0.009662
297,0.121566,-0.010201
298,0.116463,-0.009628
299,0.111367,-0.009149
300,0.106364,-0.008981
301,0.101469,-0.009140
302,0.096699,-0.009616
303,0.092076,-0.010397
304,0.087617,-0.011466
305,0.083339,-0.012808
306,0.079259,-0.014405
307,0.075391,-0.016240
308,0.071748,-0.018292
309,0.068342,-0.020543
310,0.065184,-0.022972
311,0.062281,-0.025559
312,0.059640,-0.028282
313,0.057269,-0.031120
314,0.055169,-0.034051
315,0.053344,-0.037054
316,0.051795,-0.040108
317,0.049081,-0.042082
318,0.044117,-0.044748
319,0.039681,-0.043010
320,0.039511,-0.035403
321,0.039860,-0.026257
322,0.039319,-0.016606
323,0.037211,-0.006106
324,0.034184,0.004508
325,0.030744,0.015002
326,0.026655,0.025462
327,0.017972,0.026965
328,0.009428,0.021655
329,0.008700,0.021314
330,0.008700,0.021314
331,0.008700,0.021314
332,0.008671,0.021303
333,0.008671,0.021303
334,0.008671,0.021303
335,0.000572,0.012112
336,-0.009604,-0.001498
337,-0.018946,-0.015698
338,-0.027465,-0.030407
339,-0.039619,-0.041113
340,-0.052524,-0.051588
341,-0.065005,-0.063077
342,-0.071088,-0.078682
343,-0.076232,-0.094848
344,-0.087133,-0.106964
345,-0.098384,-0.117288
346,-0.108747,-0.127940
347,-0.118750,-0.139044
348,-0.128486,-0.150793
349,-0.137864,-0.163134
350,-0.146837,-0.176071
351,-0.155358,-0.189596
352,-0.163375,-0.203695
353,-0.170838,-0.218350
354,-0.177692,-0.233534
355,-0.183881,-0.249214
356,-0.189349,-0.265349
357,-0.194038,-0.281888
358,-0.197881,-0.298762
359,-0.200775,-0.315848
360,-0.202691,-0.333071
361,-0.203623,-0.350375
362,-0.203567,-0.367705
363,-0.202525,-0.385004
364,-0.200498,-0.402216
365,-0.197494,-0.419285
366,-0.193522,-0.436155
367,-0.188596,-0.452772
368,-0.182331,-0.467428
369,-0.175258,-0.481998
370,-0.167415,-0.496427
371,-0.158792,-0.510657
372,-0.149386,-0.524622
373,-0.139197,-0.538254
374,-0.128235,-0.551477
375,-0.116518,-0.564202
376,-0.104087,-0.576272
377,-0.090988,-0.587615
378,-0.077264,-0.598194
379,-0.062554,-0.606806
380,-0.046924,-0.613231
381,-0.031599,-0.618051
382,-0.018001,-0.623324
383,-0.004447,-0.628121
384,0.009259,-0.632098
385,0.023072,-0.635245
386,0.036945,-0.637563
387,0.050830,-0.639057
388,0.064680,-0.639733
389,0.078448,-0.639600
390,0.092089,-0.638669
391,0.105558,-0.636956
392,0.118812,-0.634476
393,0.131809,-0.631248
394,0.144508,-0.627293
395,0.156869,-0.622635
396,0.168855,-0.617298
397,0.180430,-0.611311
398,0.191560,-0.604702
399,0.202212,-0.597502
400,0.212357,-0.589743
401,0.221966,-0.581460
402,0.230699,-0.572889
403,0.239180,-0.563693
404,0.247056,-0.554082
405,0.254308,-0.544093
406,0.260918,-0.533765
407,0.266873,-0.523138
408,0.272159,-0.512254
409,0.276767,-0.501152
410,0.280691,-0.489874
411,0.283925,-0.478462
412,0.286468,-0.466955
413,0.288318,-0.455397
414,0.289480,-0.443826
415,0.289957,-0.432284
416,0.289757,-0.420810
417,0.288889,-0.409444
418,0.287365,-0.398223
419,0.285199,-0.387184
420,0.282406,-0.376364
421,0.279004,-0.365797
422,0.275014,-0.355517
423,0.270456,-0.345557
424,0.265353,-0.335946
425,0.259731,-0.326715
426,0.253617,-0.317890
427,0.247037,-0.309497
428,0.240021,-0.301559
429,0.232599,-0.294100
430,0.224803,-0.287138
431,0.216665,-0.280693
432,0.208217,-0.274778
433,0.199495,-0.269410
434,0.190531,-0.264599
435,0.181651,-0.260590
436,0.172330,-0.256896
437,0.162872,-0.253779
438,0.153312,-0.251245
439,0.143686,-0.249294
440,0.138348,-0.247924
441,0.137564,-0.247462
442,0.138641,-0.247988
443,0.141188,-0.249348
444,0.145053,-0.251296
445,0.150120,-0.253609
446,0.156275,-0.256096
447,0.163398,-0.258593
448,0.171351,-0.260960
449,0.179986,-0.263075
450,0.189155,-0.264838
451,0.198731,-0.266166
452,0.208594,-0.266981
453,0.218645,-0.267239
454,0.228818,-0.266908
455,0.239062,-0.265973
456,0.249315,-0.264433
457,0.259524,-0.262308
458,0.269679,-0.259681
459,0.279652,-0.256425
460,0.289351,-0.252456
461,0.298851,-0.247911
462,0.308124,-0.242806
463,0.317129,-0.237135
464,0.325834,-0.230913
465,0.334249,-0.224196
466,0.342302,-0.216972
467,0.350134,-0.208930
468,0.357453,-0.200811
469,0.364240,-0.192231
470,0.370433,-0.183168
471,0.376228,-0.173751
472,0.381446,-0.163954
473,0.386044,-0.153784
474,0.390176,-0.143328
475,0.393871,-0.132432
476,0.396783,-0.120998
477,0.399179,-0.109354
478,0.400851,-0.097581
479,0.401711,-0.085630
480,0.401807,-0.073530
481,0.401170,-0.061286
482,0.399765,-0.048944
483,0.397572,-0.036574
484,0.394590,-0.024268
485,0.390805,-0.011980
486,0.386230,0.000272
487,0.380831,0.012441
488,0.374638,0.024482
489,0.367764,0.036257
490,0.360021,0.047721
491,0.351634,0.058845
492,0.342421,0.069533
493,0.332566,0.079782
494,0.322015,0.089497
495,0.310799,0.098666
496,0.299060,0.107231
497,0.286869,0.115110
498,0.274265,0.122279
499,0.261289,0.128716
500,0.248278,0.134375
501,0.235153,0.139185
502,0.221167,0.143252
503,0.206802,0.146566
504,0.192175,0.149056
505,0.177390,0.150710
506,0.162444,0.151499
507,0.147412,0.151423
508,0.132347,0.150473
509,0.117300,0.148645
510,0.102340,0.145947
511,0.087500,0.142371
512,0.072837,0.137928
513,0.058420,0.132638
514,0.044283,0.126502
515,0.030519,0.119576
516,0.017200,0.111905
517,0.004365,0.103518
518,-0.007949,0.094442
519,-0.019706,0.084709
520,-0.030870,0.074352
521,-0.041411,0.063406
522,-0.051351,0.051806
523,-0.060702,0.039449
524,-0.069329,0.026595
525,-0.077224,0.013234
526,-0.084351,-0.000579
527,-0.090611,-0.014465
528,-0.096068,-0.028538
529,-0.100711,-0.042887
530,-0.104536,-0.057531
531,-0.107517,-0.072373
532,-0.109652,-0.087331
533,-0.110937,-0.102356
534,-0.111372,-0.117401
535,-0.110958,-0.132419
536,-0.109699,-0.147363
537,-0.107602,-0.162187
538,-0.104677,-0.176844
539,-0.100935,-0.191288
540,-0.096391,-0.205475
541,-0.091061,-0.219361
542,-0.084964,-0.232902
543,-0.078122,-0.246057
544,-0.070560,-0.258786
545,-0.062301,-0.271050
546,-0.053376,-0.282810
547,-0.043813,-0.294031
548,-0.033645,-0.304680
549,-0.022905,-0.314723
550,-0.011699,-0.324082
551,-0.000517,-0.332580
552,0.011123,-0.340426
553,0.023184,-0.347594
554,0.035625,-0.354064
555,0.048408,-0.359814
556,0.061490,-0.364827
557,0.074829,-0.369088
558,0.088381,-0.372582
559,0.102104,-0.375301
560,0.115953,-0.377235
561,0.129883,-0.378379
562,0.143849,-0.378731
563,0.157806,-0.378290
564,0.171710,-0.377057
565,0.185515,-0.375038
566,0.199178,-0.372240
567,0.212654,-0.368672
568,0.225901,-0.364346
569,0.238875,-0.359277
570,0.251535,-0.353482
571,0.263841,-0.346981
572,0.275753,-0.339793
573,0.287234,-0.331944
574,0.298246,-0.323459
575,0.308755,-0.314366
576,0.319670,-0.304414
577,0.329828,-0.295119
578,0.338395,-0.286630
579,0.346019,-0.278411
580,0.352860,-0.270299
581,0.359019,-0.262197
582,0.364563,-0.254047
583,0.369536,-0.245816
584,0.373968,-0.237482
585,0.377874,-0.229038
586,0.381258,-0.220473
587,0.384136,-0.211801
588,0.386508,-0.203032
589,0.388372,-0.194185
590,0.389728,-0.185276
591,0.390577,-0.176330
592,0.390915,-0.167369
593,0.390744,-0.158417
594,0.390070,-0.149498
595,0.388887,-0.140642
596,0.387207,-0.131872
597,0.385033,-0.123217
598,0.382371,-0.114703
599,0.379230,-0.106357
600,0.375625,-0.098204
601,0.371559,-0.090272
602,0.367051,-0.082586
603,0.362114,-0.075168
604,0.356764,-0.068045
605,0.351097,-0.061220
606,0.345157,-0.054833
607,0.338821,-0.048828
608,0.332126,-0.043187
609,0.325094,-0.037929
610,0.317377,-0.033023
611,0.315670,-0.027336
612,0.316048,-0.023234
613,0.316950,-0.019587
614,0.318084,-0.016139
615,0.319250,-0.012752
616,0.320360,-0.009345
617,0.321378,-0.005884
618,0.322287,-0.002358
619,0.323076,0.001236
620,0.323741,0.004897
621,0.324278,0.008624
622,0.324682,0.012416
623,0.324950,0.016271
624,0.325078,0.020186
625,0.325060,0.024160
626,0.324894,0.028189
627,0.324573,0.032271
628,0.324092,0.036401
629,0.323445,0.040576
630,0.322626,0.044792
631,0.321631,0.049044
632,0.320453,0.053327
633,0.319085,0.057634
634,0.317521,0.061959
635,0.315757,0.066293
636,0.313784,0.070628
637,0.311597,0.074954
638,0.309192,0.079261
639,0.306559,0.083549
640,0.303710,0.087783
641,0.300625,0.091937
642,0.297324,0.095650
643,0.293833,0.099538
644,0.290068,0.103339
645,0.286062,0.107094
646,0.281832,0.110717
647,0.277368,0.114206
648,0.272681,0.117522
649,0.267765,0.120671
650,0.262638,0.123617
651,0.257301,0.126351
652,0.251760,0.128863
653,0.246029,0.131129
654,0.240112,0.133143
655,0.234030,0.134881
656,0.227779,0.136343
657,0.221389,0.137503
658,0.214953,0.138298
659,0.208534,0.138694
660,0.202155,0.138695
661,0.195839,0.138305
662,0.189610,0.137533
663,0.183492,0.136387
664,0.177505,0.134877
665,0.171672,0.133015
666,0.164294,0.130571
667,0.154649,0.128206
668,0.145064,0.125546
669,0.135544,0.122353
670,0.126231,0.118640
671,0.117205,0.114415
672,0.108504,0.109696
673,0.100155,0.104505
674,0.092182,0.098868
675,0.084954,0.092951
676,0.077790,0.086527
677,0.071065,0.079738
678,0.064798,0.072613
679,0.059004,0.065180
680,0.053699,0.057469
681,0.048895,0.049513
682,0.044603,0.041343
683,0.040829,0.032991
684,0.037583,0.024489
685,0.034867,0.015870
686,0.032684,0.007166
687,0.031036,-0.001590
688,0.029920,-0.010367
689,0.029334,-0.019132
690,0.029272,-0.027853
691,0.029727,-0.036501
692,0.030692,-0.045044
693,0.032154,-0.053454
694,0.034103,-0.061701
695,0.036524,-0.069759
696,0.039402,-0.077600
697,0.042721,-0.085199
698,0.046461,-0.092531
699,0.050604,-0.099574
700,0.055129,-0.106306
701,0.060014,-0.112707
702,0.065236,-0.118758
703,0.070771,-0.124441
704,0.076594,-0.129741
705,0.081831,-0.137197
706,0.089043,-0.144676
707,0.096955,-0.151371
708,0.104886,-0.156977
709,0.113243,-0.162174
710,0.121782,-0.166718
711,0.130487,-0.170646
712,0.139331,-0.173981
713,0.148293,-0.176740
714,0.157345,-0.178932
715,0.166452,-0.180563
716,0.175576,-0.181642
717,0.184685,-0.182172
718,0.193745,-0.182159
719,0.202725,-0.181611
720,0.211594,-0.180537
721,0.220320,-0.178947
722,0.228876,-0.176855
723,0.237232,-0.174275
724,0.245360,-0.171223
725,0.253235,-0.167716
726,0.260832,-0.163773
727,0.268127,-0.159415
728,0.275097,-0.154662
729,0.281722,-0.149538
730,0.287983,-0.144067
731,0.293861,-0.138273
732,0.299342,-0.132181
733,0.304409,-0.125818
734,0.309052,-0.119212
735,0.311963,-0.113733
736,0.312652,-0.109485
737,0.312463,-0.105587
738,0.311644,-0.102018
739,0.310558,-0.098515
740,0.309239,-0.095116
741,0.307489,-0.092148
742,0.305755,-0.089020
743,0.303820,-0.086040
744,0.301695,-0.083221
745,0.299394,-0.080574
746,0.297231,-0.078653
747,0.294900,-0.078662
748,0.291935,-0.079214
749,0.288787,-0.080290
750,0.285574,-0.081736
751,0.282393,-0.083493
752,0.279293,-0.085524
753,0.276303,-0.087799
754,0.273451,-0.090310
755,0.270770,-0.093060
756,0.268265,-0.096036
757,0.265952,-0.099223
758,0.263862,-0.102619
759,0.261999,-0.106209
760,0.260384,-0.109978
761,0.259033,-0.113913
762,0.257959,-0.117999
763,0.257186,-0.122222
764,0.256710,-0.126559
765,0.256561,-0.130994
766,0.256737,-0.135505
767,0.257262,-0.140072
768,0.258135,-0.144673
769,0.259361,-0.149283
770,0.260952,-0.153874
771,0.262904,-0.158426
772,0.265209,-0.162908
773,0.268260,-0.167414
774,0.271266,-0.171669
775,0.274544,-0.175765
776,0.278160,-0.179661
777,0.282245,-0.183360
778,0.286665,-0.186854
779,0.291404,-0.190100
780,0.296437,-0.193071
781,0.301732,-0.195746
782,0.307281,-0.198099
783,0.313037,-0.200122
784,0.318986,-0.201790
785,0.325096,-0.203096
786,0.331338,-0.204026
787,0.337687,-0.204572
788,0.344103,-0.204735
789,0.350564,-0.204502
790,0.357049,-0.203873
791,0.363515,-0.202854
792,0.369940,-0.201447
793,0.376299,-0.199652
794,0.382569,-0.197473
795,0.388728,-0.194914
796,0.394751,-0.191981
797,0.400617,-0.188681
798,0.406302,-0.185023
799,0.411785,-0.181017
800,0.417045,-0.176674
801,0.421553,-0.170695
802,0.426037,-0.161372
803,0.431097,-0.149957
804,0.436128,-0.137492
805,0.440588,-0.124475
806,0.444301,-0.110828
807,0.447256,-0.097222
808,0.449439,-0.083360
809,0.450820,-0.069317
810,0.451387,-0.055148
811,0.451130,-0.040906
812,0.450045,-0.026642
813,0.448128,-0.012408
814,0.445393,0.001724
815,0.441829,0.015727
816,0.437471,0.029520
817,0.432344,0.043030
818,0.426465,0.056215
819,0.419856,0.069033
820,0.412436,0.081540
821,0.404302,0.093623
822,0.395461,0.105249
823,0.385936,0.116380
824,0.375773,0.126964
825,0.364976,0.136979
826,0.353614,0.146369
827,0.341682,0.155122
828,0.329259,0.163183
829,0.316356,0.170539
830,0.303036,0.177150
831,0.289318,0.183004
832,0.275270,0.188066
833,0.260982,0.192319
834,0.246500,0.195752
835,0.231747,0.198362
836,0.216676,0.200095
837,0.202292,0.201131
838,0.187744,0.201297
839,0.173206,0.200626
840,0.158671,0.199119
841,0.144222,0.196769
842,0.129884,0.193585
843,0.115705,0.189563
844,0.101749,0.184720
845,0.088035,0.179057
846,0.074646,0.172598
847,0.061594,0.165352
848,0.048948,0.157340
849,0.036737,0.148581
850,0.025012,0.139100
851,0.013818,0.128928
852,0.003004,0.118028
853,-0.007261,0.106182
854,-0.016802,0.093716
855,-0.025627,0.080703
856,-0.033730,0.067173
857,-0.041047,0.053177
858,-0.047560,0.038778
859,-0.053235,0.024031
860,-0.058082,0.009010
861,-0.062009,-0.005766
862,-0.065118,-0.019995
863,-0.067415,-0.034361
864,-0.068893,-0.048817
865,-0.069549,-0.063319
866,-0.069384,-0.077818
867,-0.068399,-0.092270
868,-0.066788,-0.106607
869,-0.064386,-0.120684
870,-0.061251,-0.134497
871,-0.057427,-0.147979
872,-0.052906,-0.161093
873,-0.047657,-0.174117
874,-0.041409,-0.187091
875,-0.034520,-0.199422
876,-0.027058,-0.211215
877,-0.019000,-0.222478
878,-0.010392,-0.233210
879,-0.001232,-0.243390
880,0.008454,-0.253006
881,0.018645,-0.262043
882,0.029307,-0.270470
883,0.040734,-0.278365
884,0.052208,-0.285499
885,0.064044,-0.291960
886,0.076198,-0.297728
887,0.088656,-0.302766
888,0.101379,-0.307109
889,0.114319,-0.310721
890,0.127427,-0.313585
891,0.140662,-0.315700
892,0.153976,-0.317061
893,0.167327,-0.317659
894,0.180670,-0.317508
895,0.193967,-0.316593
896,0.207190,-0.314919
897,0.220299,-0.312496
898,0.233238,-0.309341
899,0.245939,-0.305478
900,0.258388,-0.300905
901,0.270557,-0.295629
902,0.282409,-0.289668
903,0.293904,-0.283040
904,0.305004,-0.275768
905,0.315674,-0.267875
906,0.325880,-0.259385
907,0.335587,-0.250327
908,0.344764,-0.240730
909,0.353381,-0.230624
910,0.361410,-0.220042
911,0.368824,-0.209019
912,0.375601,-0.197590
913,0.381716,-0.185792
914,0.387151,-0.173663
915,0.391904,-0.160871
916,0.395920,-0.148200
917,0.399210,-0.135319
918,0.401762,-0.122271
919,0.403567,-0.109096
920,0.404620,-0.095838
921,0.404916,-0.082539
922,0.404455,-0.069244
923,0.403237,-0.055995
924,0.401267,-0.042834
925,0.398551,-0.029806
926,0.395097,-0.016951
927,0.390917,-0.004313
928,0.386023,0.008069
929,0.380432,0.020154
930,0.374161,0.031902
931,0.367231,0.043275
932,0.359664,0.054238
933,0.351484,0.064753
934,0.342719,0.074786
935,0.333395,0.084306
936,0.323543,0.093280
937,0.313195,0.101680
938,0.302385,0.109478
939,0.291147,0.116650
940,0.279518,0.123171
941,0.267535,0.129020
942,0.255238,0.134178
943,0.242665,0.138628
944,0.229859,0.142356
945,0.216859,0.145350
946,0.203709,0.147599
947,0.190451,0.149096
948,0.176787,0.149780
949,0.163466,0.149762
950,0.150166,0.148986
951,0.136931,0.147455
952,0.123802,0.145172
953,0.110823,0.142145
954,0.098036,0.138384
955,0.085482,0.133901
956,0.073203,0.128711
957,0.061237,0.122829
958,0.049625,0.116275
959,0.038403,0.109069
960,0.027608,0.101236
961,0.017275,0.092801
962,0.007438,0.083790
963,-0.001871,0.074233
964,-0.010622,0.064160
965,-0.018786,0.053605
966,-0.026337,0.042601
967,-0.033250,0.031184
968,-0.039504,0.019392
969,-0.045076,0.007261
970,-0.049949,-0.005169
971,-0.054108,-0.017857
972,-0.057538,-0.030762
973,-0.060228,-0.043843
974,-0.062170,-0.057057
975,-0.063356,-0.070361
976,-0.063830,-0.083709
977,-0.063626,-0.096977
978,-0.062625,-0.110154
979,-0.060880,-0.123225
980,-0.058211,-0.136481
981,-0.055008,-0.149228
982,-0.051081,-0.161755
983,-0.046437,-0.174028
984,-0.041111,-0.186024
985,-0.035127,-0.197696
986,-0.028480,-0.208990
987,-0.021195,-0.219888
988,-0.013300,-0.230357
989,-0.004819,-0.240361
990,0.004221,-0.249869
991,0.013791,-0.258849
992,0.023859,-0.267271
993,0.034393,-0.275109
994,0.045360,-0.282336
995,0.056723,-0.288928
996,0.068447,-0.294864
997,0.080492,-0.300124
998,0.092821,-0.304690
999,0.105393,-0.308548
1000,0.118168,-0.311684
1001,0.131104,-0.314089
1002,0.144159,-0.315753
1003,0.157291,-0.316671
1004,0.170457,-0.316840
1005,0.183614,-0.316258
1006,0.196720,-0.314928
1007,0.209732,-0.312854
1008,0.222608,-0.310041
1009,0.235306,-0.306498
1010,0.247784,-0.302237
1011,0.260002,-0.297271
1012,0.271920,-0.291617
1013,0.283779,-0.285042
1014,0.294980,-0.278061
1015,0.305768,-0.270451
1016,0.316107,-0.262238
1017,0.325963,-0.253447
1018,0.335305,-0.244108
1019,0.344102,-0.234249
1020,0.352325,-0.223904
1021,0.359947,-0.213105
1022,0.366943,-0.201887
1023,0.373291,-0.190287
1024,0.378968,-0.178342
1025,0.383958,-0.166091
1026,0.388242,-0.153573
1027,0.391808,-0.140829
1028,0.394643,-0.127900
1029,0.396737,-0.114829
1030,0.398084,-0.101657
1031,0.398679,-0.088427
1032,0.398520,-0.075182
1033,0.397607,-0.061966
1034,0.395943,-0.048820
1035,0.393532,-0.035789
1036,0.390383,-0.022914
1037,0.386505,-0.010236
1038,0.381912,0.002202
1039,0.376616,0.014360
1040,0.370636,0.026200
1041,0.363991,0.037681
1042,0.356702,0.048768
1043,0.348792,0.059423
1044,0.340287,0.069612
1045,0.330897,0.079497
1046,0.321281,0.088650
1047,0.311159,0.097245
1048,0.300563,0.105251
1049,0.289526,0.112642
1050,0.278085,0.119393
1051,0.266277,0.125484
1052,0.254139,0.130893
1053,0.241711,0.135603
1054,0.229034,0.139598
1055,0.216148,0.142866
1056,0.203094,0.145396
1057,0.189917,0.147178
1058,0.176657,0.148208
1059,0.163358,0.148481
1060,0.150064,0.147997
1061,0.136817,0.146757
1062,0.123660,0.144764
1063,0.110637,0.142026
1064,0.097788,0.138550
1065,0.085157,0.134348
1066,0.072784,0.129433
1067,0.060709,0.123821
1068,0.048972,0.117531
1069,0.037610,0.110581
1070,0.026661,0.102996
1071,0.016161,0.094798
1072,0.006143,0.086015
1073,-0.003361,0.076675
1074,-0.012318,0.066808
1075,-0.020700,0.056446
1076,-0.028480,0.045623
1077,-0.035632,0.034373
1078,-0.042210,0.022369
1079,-0.048032,0.010376
1080,-0.053164,-0.001931
1081,-0.057588,-0.014511
1082,-0.061290,-0.027324
1083,-0.064256,-0.040327
1084,-0.066477,-0.053480
1085,-0.067947,-0.066740
1086,-0.068660,-0.080063
1087,-0.068613,-0.093406
1088,-0.067807,-0.106727
1089,-0.066244,-0.119981
1090,-0.063929,-0.133126
1091,-0.060869,-0.146119
1092,-0.057074,-0.158918
1093,-0.052557,-0.171482
1094,-0.047332,-0.183769
1095,-0.041415,-0.195741
1096,-0.034826,-0.207357
1097,-0.027586,-0.218580
1098,-0.019719,-0.229374
1099,-0.011249,-0.239704
1100,-0.002204,-0.249536
1101,0.007387,-0.258838
1102,0.017492,-0.267580
1103,0.028079,-0.275734
1104,0.039114,-0.283272
1105,0.050561,-0.290171
1106,0.062383,-0.296408
1107,0.074542,-0.301962
1108,0.086998,-0.306816
1109,0.099712,-0.310953
1110,0.112641,-0.314361
1111,0.126093,-0.316932
1112,0.139312,-0.318846
1113,0.152620,-0.320004
1114,0.165973,-0.320404
1115,0.179328,-0.320043
1116,0.192643,-0.318922
1117,0.205873,-0.317045
1118,0.218976,-0.314419
1119,0.231909,-0.311050
1120,0.244631,-0.306951
1121,0.257100,-0.302134
1122,0.269275,-0.296615
1123,0.281118,-0.290412
1124,0.292589,-0.283544
1125,0.303652,-0.276034
1126,0.314270,-0.267906
1127,0.324409,-0.259186
1128,0.334037,-0.249903
1129,0.343121,-0.240086
1130,0.351633,-0.229767
1131,0.359544,-0.218980
1132,0.366829,-0.207760
1133,0.373464,-0.196142
1134,0.379428,-0.184165
1135,0.384701,-0.171867
1136,0.389265,-0.159288
1137,0.393107,-0.146469
1138,0.396214,-0.133451
1139,0.398575,-0.120276
1140,0.400182,-0.106988
1141,0.401031,-0.093629
1142,0.401118,-0.080242
1143,0.400285,-0.066538
1144,0.398848,-0.053235
1145,0.396657,-0.040034
1146,0.393718,-0.026978
1147,0.390040,-0.014109
1148,0.385636,-0.001470
1149,0.380520,0.010899
1150,0.374708,0.022957
1151,0.368218,0.034667
1152,0.361073,0.045988
1153,0.353294,0.056885
1154,0.344907,0.067323
1155,0.335940,0.077267
1156,0.326421,0.086685
1157,0.316380,0.095547
1158,0.305851,0.103824
1159,0.294868,0.111489
1160,0.283465,0.118516
1161,0.271680,0.124884
1162,0.259552,0.130571
1163,0.247119,0.135560
1164,0.234421,0.139833
1165,0.221501,0.143377
1166,0.208398,0.146180
1167,0.195157,0.148233
1168,0.181820,0.149529
1169,0.168430,0.150065
1170,0.155031,0.149837
1171,0.141665,0.148848
1172,0.128377,0.147100
1173,0.115209,0.144598
1174,0.102204,0.141351
1175,0.089098,0.137160
1176,0.076550,0.132452
1177,0.064289,0.127039
1178,0.052355,0.120937
1179,0.040787,0.114165
1180,0.029623,0.106746
1181,0.018898,0.098703
1182,0.008648,0.090063
1183,-0.001094,0.080853
1184,-0.010297,0.071103
1185,-0.018931,0.060844
1186,-0.026967,0.050111
1187,-0.034381,0.038938
1188,-0.041146,0.027360
1189,-0.047242,0.015415
1190,-0.052649,0.003143
1191,-0.057349,-0.009418
1192,-0.061327,-0.022226
1193,-0.064570,-0.035241
1194,-0.067068,-0.048419
1195,-0.068811,-0.061719
1196,-0.069795,-0.075097
1197,-0.070017,-0.088510
1198,-0.069475,-0.101914
1199,-0.068171,-0.115266
1200,-0.066109,-0.128523
1201,-0.063297,-0.141642
1202,-0.059742,-0.154580
1203,-0.055457,-0.167295
1204,-0.050455,-0.179746
1205,-0.044753,-0.191893
1206,-0.038369,-0.203696
1207,-0.031323,-0.215117
1208,-0.023328,-0.226317
1209,-0.015032,-0.236856
1210,-0.006150,-0.246908
1211,0.003290,-0.256438
1212,0.013257,-0.265415
1213,0.023720,-0.273812
1214,0.034643,-0.281600
1215,0.045992,-0.288754
1216,0.057731,-0.295251
1217,0.069820,-0.301070
1218,0.082221,-0.306192
1219,0.094894,-0.310600
1220,0.107798,-0.314280
1221,0.120891,-0.317220
1222,0.134130,-0.319411
1223,0.147473,-0.320845
1224,0.160877,-0.321517
1225,0.174297,-0.321426
1226,0.187691,-0.320571
1227,0.201015,-0.318956
1228,0.214226,-0.316585
1229,0.227281,-0.313466
1230,0.240138,-0.309610
1231,0.252755,-0.305028
1232,0.265091,-0.299735
1233,0.277107,-0.293749
1234,0.288763,-0.287089
1235,0.300022,-0.279776
1236,0.310846,-0.271835
1237,0.321202,-0.263290
1238,0.331055,-0.254170
1239,0.340373,-0.244503
1240,0.349273,-0.233988
1241,0.357423,-0.223335
1242,0.364955,-0.212236
1243,0.371844,-0.200726
1244,0.378066,-0.188842
1245,0.383603,-0.176622
1246,0.388436,-0.164107
1247,0.392549,-0.151337
1248,0.395929,-0.138353
1249,0.398565,-0.125198
1250,0.400449,-0.111913
1251,0.401573,-0.098542
1252,0.401935,-0.085128
1253,0.401533,-0.071715
1254,0.400369,-0.058346
1255,0.398446,-0.045065
1256,0.395770,-0.031914
1257,0.392350,-0.018936
1258,0.388198,-0.006173
1259,0.383325,0.006333
1260,0.377749,0.018542
1261,0.371488,0.030415
1262,0.364560,0.041912
1263,0.356990,0.052997
1264,0.348801,0.063634
1265,0.340019,0.073788
1266,0.330674,0.083426
1267,0.320796,0.092517
1268,0.310416,0.101032
1269,0.299568,0.108942
1270,0.288287,0.116223
1271,0.276610,0.122850
1272,0.264574,0.128803
1273,0.251928,0.134118
1274,0.239359,0.138655
1275,0.226552,0.142470
1276,0.213548,0.145550
1277,0.200388,0.147886
1278,0.187116,0.149468
1279,0.173774,0.150294
1280,0.160405,0.150358
1281,0.147054,0.149662
1282,0.133763,0.148206
1283,0.120575,0.145997
1284,0.107534,0.143041
1285,0.094680,0.139347
1286,0.082057,0.134927
1287,0.069705,0.129796
1288,0.057665,0.123970
1289,0.045974,0.117468
1290,0.034672,0.110310
1291,0.023794,0.102521
1292,0.013377,0.094124
1293,0.003453,0.085148
1294,-0.005944,0.075621
1295,-0.014784,0.065574
1296,-0.023039,0.055040
1297,-0.030682,0.044052
1298,-0.037688,0.032647
1299,-0.044033,0.020860
1300,-0.049698,0.008731
1301,-0.054664,-0.003701
1302,-0.058915,-0.016397
1303,-0.062436,-0.029315
1304,-0.065218,-0.042413
1305,-0.067137,-0.055993
1306,-0.068409,-0.069308
1307,-0.068923,-0.082674
1308,-0.068675,-0.096049
1309,-0.067666,-0.109390
1310,-0.065900,-0.122652
1311,-0.063381,-0.135793
1312,-0.060119,-0.148770
1313,-0.056124,-0.161541
1314,-0.051408,-0.174065
1315,-0.045986,-0.186302
1316,-0.039877,-0.198210
1317,-0.033100,-0.209753
1318,-0.025676,-0.220892
1319,-0.017630,-0.231591
1320,-0.008988,-0.241815
1321,0.000223,-0.251532
1322,0.009972,-0.260710
1323,0.020228,-0.269318
1324,0.030958,-0.277329
1325,0.042127,-0.284718
1326,0.053699,-0.291459
1327,0.065636,-0.297531
1328,0.077900,-0.302914
1329,0.090452,-0.307591
1330,0.103249,-0.311547
1331,0.116252,-0.314768
1332,0.129418,-0.317244
1333,0.142704,-0.318968
1334,0.156067,-0.319932
1335,0.169464,-0.320135
1336,0.182852,-0.319575
1337,0.196512,-0.318079
1338,0.209742,-0.315999
1339,0.222833,-0.313170
1340,0.235744,-0.309601
1341,0.248430,-0.305303
1342,0.260853,-0.300290
1343,0.272970,-0.294577
1344,0.284744,-0.288184
1345,0.296135,-0.281132
1346,0.307107,-0.273442
1347,0.317624,-0.265140
1348,0.327653,-0.256252
1349,0.337160,-0.246808
1350,0.346114,-0.236838
1351,0.354488,-0.226374
1352,0.362252,-0.215450
1353,0.369383,-0.204101
1354,0.375857,-0.192364
1355,0.381653,-0.180278
1356,0.386752,-0.167881
1357,0.391138,-0.155213
1358,0.394796,-0.142316
1359,0.397714,-0.129230
1360,0.399883,-0.116000
1361,0.401296,-0.102667
1362,0.401949,-0.089274
1363,0.401838,-0.075866
1364,0.400964,-0.062485
1365,0.399330,-0.049175
1366,0.396942,-0.035978
1367,0.393807,-0.022939
1368,0.389934,-0.010098
1369,0.385115,0.002796
1370,0.379808,0.015106
1371,0.373809,0.027095
1372,0.367138,0.038725
1373,0.359815,0.049956
1374,0.351866,0.060753
1375,0.343314,0.071081
1376,0.334188,0.080905
1377,0.324518,0.090195
1378,0.314334,0.098921
1379,0.303670,0.107052
1380,0.292560,0.114565
1381,0.281041,0.121433
1382,0.269148,0.127635
1383,0.256922,0.133151
1384,0.244401,0.137962
1385,0.231626,0.142053
1386,0.218639,0.145411
1387,0.205481,0.148025
1388,0.192196,0.149885
1389,0.178825,0.150987
1390,0.165414,0.151327
1391,0.152004,0.150903
1392,0.138639,0.149717
1393,0.125363,0.147772
1394,0.112219,0.145075
1395,0.099249,0.141634
1396,0.086495,0.137461
1397,0.073999,0.132569
1398,0.061802,0.126973
1399,0.049942,0.120693
1400,0.038458,0.113748
1401,0.027387,0.106160
1402,0.016610,0.097628
1403,0.006486,0.088842
1404,-0.003123,0.079493
1405,-0.012185,0.069613
1406,-0.020670,0.059233
1407,-0.028552,0.048386
1408,-0.035804,0.037108
1409,-0.042402,0.025435
1410,-0.048326,0.013406
1411,-0.053557,0.001058
1412,-0.058076,-0.011568
1413,-0.061870,-0.024431
1414,-0.064926,-0.037490
1415,-0.067235,-0.050702
1416,-0.068788,-0.064024
1417,-0.069580,-0.077414
1418,-0.069609,-0.090827
1419,-0.068876,-0.104221
1420,-0.067381,-0.117552
1421,-0.065130,-0.130777
1422,-0.062130,-0.143852
1423,-0.058392,-0.156737
1424,-0.053926,-0.169388
1425,-0.048747,-0.181765
1426,-0.042872,-0.193828
1427,-0.036320,-0.205537
1428,-0.029113,-0.216855
1429,-0.021273,-0.227745
1430,-0.012826,-0.238171
1431,-0.003799,-0.248101
1432,0.005779,-0.257501
1433,0.015876,-0.266341
1434,0.026815,-0.274663
1435,0.037839,-0.282289
1436,0.049279,-0.289277
1437,0.061098,-0.295602
1438,0.073259,-0.301246
1439,0.085721,-0.306188
1440,0.098446,-0.310413
1441,0.111390,-0.313908
1442,0.124513,-0.316661
1443,0.137772,-0.318663
1444,0.151124,-0.319907
1445,0.164525,-0.320390
1446,0.177933,-0.320109
1447,0.191303,-0.319066
1448,0.204593,-0.317264
1449,0.217759,-0.314709
1450,0.230760,-0.311408
1451,0.243551,-0.307373
1452,0.256093,-0.302617
1453,0.268345,-0.297155
1454,0.280266,-0.291004
1455,0.291818,-0.284185
1456,0.302964,-0.276719
1457,0.313668,-0.268631
1458,0.323895,-0.259947
1459,0.333611,-0.250694
1460,0.342785,-0.240904
1461,0.351388,-0.230607
1462,0.359391,-0.219837
1463,0.366769,-0.208629
1464,0.373497,-0.197019
1465,0.379555,-0.185044
1466,0.384900,-0.172383
1467,0.389551,-0.159812
1468,0.393481,-0.146997
1469,0.396675,-0.133978
1470,0.399123,-0.120798
1471,0.400817,-0.107499
1472,0.401753,-0.094126
1473,0.401925,-0.080720
1474,0.401335,-0.067325
1475,0.399983,-0.053985
1476,0.397875,-0.040743
1477,0.395017,-0.027642
1478,0.391417,-0.014725
1479,0.387089,-0.002032
1480,0.382045,0.010394
1481,0.376302,0.022513
1482,0.369879,0.034286
1483,0.362795,0.045676
1484,0.355076,0.056644
1485,0.346744,0.067155
1486,0.337827,0.077176
1487,0.328355,0.086674
1488,0.318357,0.095618
1489,0.307866,0.103979
1490,0.296916,0.111729
1491,0.285543,0.118844
1492,0.273782,0.125301
1493,0.261674,0.131079
1494,0.249255,0.136158
1495,0.236567,0.140523
1496,0.223651,0.144159
1497,0.210549,0.147055
1498,0.196958,0.149090
1499,0.183627,0.150476
1500,0.170238,0.151101
1501,0.156835,0.150964
1502,0.143461,0.150065
1503,0.130159,0.148406
1504,0.116972,0.145992
1505,0.103944,0.142833
1506,0.091116,0.138936
1507,0.078530,0.134317
1508,0.066226,0.128988
1509,0.054246,0.122968
1510,0.042626,0.116275
1511,0.031406,0.108933
1512,0.020622,0.100963
1513,0.010308,0.092392
1514,0.000498,0.083249
1515,-0.008777,0.073561
1516,-0.017485,0.063361
1517,-0.025599,0.052682
1518,-0.033093,0.041558
1519,-0.039942,0.030026
1520,-0.046124,0.018122
1521,-0.051619,0.005885
1522,-0.056409,-0.006645
1523,-0.060479,-0.019428
1524,-0.063814,-0.032422
1525,-0.066406,-0.045585
1526,-0.068244,-0.058875
1527,-0.069323,-0.072248
1528,-0.069639,-0.085661
1529,-0.069192,-0.099071
1530,-0.067791,-0.112741
1531,-0.065825,-0.125998
1532,-0.063108,-0.139122
1533,-0.059649,-0.152071
1534,-0.055458,-0.164803
1535,-0.050550,-0.177276
1536,-0.044940,-0.189450
1537,-0.038645,-0.201286
1538,-0.031688,-0.212745
1539,-0.024089,-0.223790
1540,-0.015874,-0.234385
1541,-0.007070,-0.244496
1542,0.002297,-0.254090
1543,0.012194,-0.263135
1544,0.022590,-0.271604
1545,0.033451,-0.279467
1546,0.044743,-0.286701
1547,0.056429,-0.293280
1548,0.068470,-0.299184
1549,0.080828,-0.304393
1550,0.093463,-0.308891
1551,0.106333,-0.312663
1552,0.119398,-0.315697
1553,0.132615,-0.317983
1554,0.145941,-0.319513
1555,0.159333,-0.320282
1556,0.172747,-0.320289
1557,0.186141,-0.319532
1558,0.199470,-0.318014
1559,0.212691,-0.315740
1560,0.225763,-0.312718
1561,0.238641,-0.308957
1562,0.251535,-0.304207
1563,0.263888,-0.299013
1564,0.275926,-0.293124
1565,0.287611,-0.286559
1566,0.298903,-0.279340
1567,0.309767,-0.271490
1568,0.320167,-0.263035
1569,0.330069,-0.254001
1570,0.339442,-0.244417
1571,0.348255,-0.234316
1572,0.356479,-0.223729
1573,0.364087,-0.212691
1574,0.371056,-0.201238
1575,0.377362,-0.189406
1576,0.382985,-0.177234
1577,0.387906,-0.164762
1578,0.392110,-0.152029
1579,0.395583,-0.139077
1580,0.398313,-0.125948
1581,0.400292,-0.112685
1582,0.401514,-0.099330
1583,0.401973,-0.085927
1584,0.401670,-0.072519
1585,0.400603,-0.059149
1586,0.398778,-0.045861
1587,0.396200,-0.032699
1588,0.392877,-0.019703
1589,0.388820,-0.006918
1590,0.384042,0.005617
1591,0.378558,0.017859
1592,0.372387,0.029771
1593,0.365548,0.041312
1594,0.357747,0.052622
1595,0.349649,0.063299
1596,0.340957,0.073498
1597,0.331699,0.083187
1598,0.321904,0.092334
1599,0.311604,0.100908
1600,0.300832,0.108884
1601,0.289624,0.116234
1602,0.278015,0.122934
1603,0.266044,0.128964
1604,0.253748,0.134302
1605,0.241168,0.138933
1606,0.228344,0.142841
1607,0.215318,0.146013
1608,0.202133,0.148438
1609,0.188830,0.150110
1610,0.175453,0.151022
1611,0.162046,0.151171
1612,0.148651,0.150558
1613,0.135312,0.149183
1614,0.122073,0.147052
1615,0.108976,0.144171
1616,0.096064,0.140549
1617,0.083378,0.136198
1618,0.070960,0.131133
1619,0.058850,0.125368
1620,0.047087,0.118925
1621,0.035709,0.111822
1622,0.024754,0.104083
1623,0.014256,0.095733
1624,0.004250,0.086799
1625,-0.005232,0.077309
1626,-0.014252,0.066946
1627,-0.022584,0.056453
1628,-0.030306,0.045502
1629,-0.037394,0.034130
1630,-0.043823,0.022372
1631,-0.049572,0.010267
1632,-0.054624,-0.002146
1633,-0.058962,-0.014827
1634,-0.062571,-0.027735
1635,-0.065441,-0.040827
1636,-0.067560,-0.054062
1637,-0.068924,-0.067397
1638,-0.069526,-0.080789
1639,-0.069366,-0.094193
1640,-0.068443,-0.107567
1641,-0.066761,-0.120867
1642,-0.064324,-0.134051
1643,-0.061142,-0.147075
1644,-0.057223,-0.159898
1645,-0.052582,-0.172477
1646,-0.047231,-0.184772
1647,-0.041190,-0.196743
1648,-0.034477,-0.208351
1649,-0.027115,-0.219560
1650,-0.019126,-0.230331
1651,-0.010537,-0.240631
1652,-0.001376,-0.250426
1653,0.008328,-0.259684
1654,0.018543,-0.268375
1655,0.029236,-0.276471
1656,0.040374,-0.283946
1657,0.051918,-0.290776
1658,0.064195,-0.296941
1659,0.076427,-0.302408
1660,0.088951,-0.307170
1661,0.101725,-0.311213
1662,0.114710,-0.314522
1663,0.127862,-0.317087
1664,0.141140,-0.318900
1665,0.154500,-0.319955
1666,0.167898,-0.320247
1667,0.181292,-0.319777
1668,0.194639,-0.318546
1669,0.207894,-0.316557
1670,0.221014,-0.313817
1671,0.233959,-0.310335
1672,0.246684,-0.306122
1673,0.259150,-0.301192
1674,0.271316,-0.295560
1675,0.283141,-0.289245
1676,0.294589,-0.282267
1677,0.305622,-0.274649
1678,0.316203,-0.266415
1679,0.326300,-0.257593
1680,0.335878,-0.248209
1681,0.344908,-0.238296
1682,0.353359,-0.227885
1683,0.361204,-0.217009
1684,0.368418,-0.205705
1685,0.374978,-0.194007
1686,0.380861,-0.181956
1687,0.386050,-0.169588
1688,0.390526,-0.156945
1689,0.394276,-0.144068
1690,0.397201,-0.130646
1691,0.399461,-0.117441
1692,0.400966,-0.104128
1693,0.401711,-0.090751
1694,0.401694,-0.077352
1695,0.400915,-0.063975
1696,0.399376,-0.050664
1697,0.397082,-0.037462
1698,0.394040,-0.024411
1699,0.390261,-0.011553
1700,0.385756,0.001069
1701,0.380540,0.013414
1702,0.374629,0.025444
1703,0.368044,0.037118
1704,0.360805,0.048399
1705,0.352936,0.059250
1706,0.344461,0.069636
1707,0.335409,0.079524
1708,0.325809,0.088881
1709,0.315692,0.097677
1710,0.305090,0.105883
1711,0.294039,0.113474
1712,0.282573,0.120423
1713,0.270729,0.126709
1714,0.258547,0.132311
1715,0.246066,0.137211
1716,0.233325,0.141394
1717,0.220367,0.144844
1718,0.207233,0.147552
1719,0.193966,0.149509
1720,0.180608,0.150707
1721,0.167204,0.151144
1722,0.153498,0.150746
1723,0.140187,0.149673
1724,0.126958,0.147843
1725,0.113853,0.145264
1726,0.100915,0.141943
1727,0.088186,0.137891
1728,0.075707,0.133121
1729,0.063520,0.127648
1730,0.051662,0.121490
1731,0.040173,0.114667
1732,0.029091,0.107200
1733,0.018450,0.099115
1734,0.008286,0.090436
1735,-0.001368,0.081193
1736,-0.010481,0.071414
1737,-0.019024,0.061132
1738,-0.026968,0.050380
1739,-0.034288,0.039193
1740,-0.040960,0.027606
1741,-0.046962,0.015658
1742,-0.052275,0.003387
1743,-0.056882,-0.009167
1744,-0.060767,-0.021964
1745,-0.063917,-0.034962
1746,-0.066323,-0.048119
1747,-0.067977,-0.061393
1748,-0.068873,-0.074740
1749,-0.069007,-0.088117
1750,-0.068381,-0.101480
1751,-0.066995,-0.114788
1752,-0.064854,-0.127995
1753,-0.061965,-0.141060
1754,-0.058108,-0.154229
1755,-0.053751,-0.166874
1756,-0.048683,-0.179252
1757,-0.042918,-0.191322
1758,-0.036476,-0.203046
1759,-0.029376,-0.214384
1760,-0.021643,-0.225300
1761,-0.013300,-0.235760
1762,-0.004375,-0.245728
1763,0.003974,-0.255361
1764,0.009057,-0.264874
1765,0.012800,-0.273097
1766,0.015845,-0.280085
1767,0.018371,-0.286096
1768,0.020493,-0.291303
1769,0.022321,-0.295845
1770,0.024008,-0.299847
1771,0.025726,-0.303436
1772,0.027633,-0.306731
1773,0.029763,-0.309866
1774,0.032109,-0.312865
1775,0.034665,-0.315720
1776,0.037421,-0.318419
1777,0.040368,-0.320946
1778,0.043495,-0.323290
1779,0.046790,-0.325438
1780,0.050241,-0.327379
1781,0.053835,-0.329102
1782,0.057558,-0.330597
1783,0.061396,-0.331856
1784,0.065334,-0.332869
1785,0.069355,-0.333631
1786,0.073709,-0.333872
1787,0.077835,-0.334098
1788,0.081920,-0.335378
1789,0.083921,-0.340944
1790,0.084460,-0.346773
1791,0.084823,-0.352500
1792,0.085443,-0.358115
1793,0.086392,-0.363629
1794,0.087674,-0.369026
1795,0.089279,-0.374288
1796,0.091196,-0.379394
1797,0.093411,-0.384327
1798,0.095912,-0.389070
1799,0.098685,-0.393606
