0,0.952631,1.001200
1,0.952631,1.001200
2,0.952631,1.001200
3,0.952631,1.001200
4,0.952631,1.001200
5,0.940404,1.001945
6,0.923413,1.001614
7,0.906469,1.000262
8,0.889630,0.997949
9,0.884928,0.997275
10,0.884928,0.997275
11,0.877564,0.987486
12,0.868471,0.973129
13,0.860255,0.958249
14,0.852899,0.942926
15,0.846427,0.927209
16,0.840860,0.911149
17,0.836215,0.894798
18,0.832509,0.878210
19,0.829752,0.861437
20,0.827954,0.844535
21,0.827120,0.827558
22,0.827253,0.810561
23,0.828354,0.793599
24,0.830418,0.776727
25,0.833438,0.760000
26,0.837405,0.743472
27,0.842306,0.727197
28,0.848125,0.711226
29,0.854843,0.695613
30,0.862439,0.680407
31,0.870888,0.665658
32,0.880162,0.651413
33,0.890231,0.637719
34,0.901064,0.624621
35,0.912624,0.612159
36,0.924874,0.600376
37,0.937775,0.589309
38,0.941397,0.586237
39,0.941397,0.586237
40,0.941397,0.586237
41,0.941397,0.586237
42,0.941397,0.586237
43,0.941397,0.586237
44,0.941397,0.586237
45,0.941397,0.586237
46,0.941397,0.586237
47,0.930137,0.591060
48,0.914030,0.596478
49,0.897622,0.600918
50,0.880989,0.604418
51,0.864183,0.606965
52,0.847260,0.608553
53,0.830274,0.609174
54,0.813280,0.608829
55,0.808532,0.608705
56,0.808532,0.608705
57,0.800083,0.599835
58,0.789386,0.586630
59,0.779501,0.572803
60,0.770418,0.558436
61,0.762167,0.543575
62,0.754775,0.528269
63,0.748267,0.512567
64,0.742661,0.496520
65,0.737978,0.480180
66,0.734233,0.463601
67,0.731436,0.446835
68,0.729598,0.429937
69,0.728725,0.412962
70,0.728818,0.395965
71,0.729879,0.379000
72,0.731903,0.362124
73,0.734884,0.345390
74,0.738812,0.328852
75,0.743675,0.312565
76,0.749456,0.296581
77,0.756138,0.280952
78,0.763698,0.265728
79,0.765835,0.261486
80,0.775204,0.253594
81,0.789038,0.243724
82,0.803443,0.234701
83,0.807482,0.232202
84,0.807482,0.232202
85,0.807482,0.232202
86,0.807482,0.232202
87,0.807482,0.232202
88,0.807482,0.232202
89,0.807482,0.232202
90,0.807482,0.232202
91,0.807482,0.232202
92,0.795629,0.235295
93,0.778895,0.238254
94,0.762009,0.240202
95,0.745040,0.241186
96,0.728043,0.241203
97,0.723293,0.241180
98,0.723293,0.241180
99,0.714657,0.232493
100,0.703681,0.219519
101,0.693503,0.205905
102,0.684116,0.191735
103,0.675550,0.177053
104,0.667834,0.161908
105,0.660991,0.146349
106,0.655045,0.130425
107,0.650015,0.114189
108,0.645916,0.097693
109,0.642763,0.080991
110,0.641909,0.076318
111,0.644621,0.064372
112,0.649701,0.048155
113,0.655747,0.032270
114,0.662687,0.016754
115,0.670500,0.001658
116,0.658358,0.002942
117,0.639692,0.004761
118,0.619884,0.004701
119,0.600129,0.003531
120,0.581135,0.002739
121,0.562198,-0.000074
122,0.543367,-0.004610
123,0.524864,-0.010207
124,0.506747,-0.016846
125,0.489072,-0.024501
126,0.471894,-0.033143
127,0.455267,-0.042741
128,0.439242,-0.053260
129,0.423869,-0.064665
130,0.409195,-0.076915
131,0.395267,-0.089969
132,0.382125,-0.103782
133,0.369811,-0.118307
134,0.358363,-0.133495
135,0.347815,-0.149297
136,0.338199,-0.165659
137,0.329544,-0.182527
138,0.321875,-0.199846
139,0.315217,-0.217558
140,0.309588,-0.235606
141,0.305004,-0.253930
142,0.301478,-0.272471
143,0.299021,-0.291168
144,0.297637,-0.309960
145,0.297330,-0.328786
146,0.298099,-0.347586
147,0.299939,-0.366299
148,0.302844,-0.384863
149,0.306802,-0.403219
150,0.311800,-0.421308
151,0.317819,-0.439071
152,0.324413,-0.448428
153,0.330212,-0.445495
154,0.333233,-0.430807
155,0.334328,-0.413845
156,0.334455,-0.396848
157,0.333616,-0.379871
158,0.331959,-0.363239
159,0.333111,-0.354378
160,0.341191,-0.357032
161,0.350596,-0.355095
162,0.361601,-0.354977
163,0.376799,-0.362556
164,0.392593,-0.370932
165,0.408931,-0.378528
166,0.425691,-0.385205
167,0.441267,-0.391865
168,0.445288,-0.403513
169,0.447179,-0.404365
170,0.451475,-0.400856
171,0.457520,-0.397373
172,0.465326,-0.394387
173,0.473941,-0.391656
174,0.483159,-0.389408
175,0.492534,-0.387925
176,0.499759,-0.389088
177,0.502399,-0.392632
178,0.497038,-0.397484
179,0.482485,-0.399961
180,0.465591,-0.401836
181,0.448831,-0.404669
182,0.432259,-0.408450
183,0.415930,-0.413168
184,0.399895,-0.418808
185,0.384208,-0.425351
186,0.368917,-0.432776
187,0.354075,-0.441059
188,0.340198,-0.450181
189,0.326530,-0.460100
190,0.322688,-0.462892
191,0.322793,-0.462765
192,0.322793,-0.462765
193,0.322793,-0.462765
194,0.322793,-0.462765
195,0.323072,-0.462736
196,0.323072,-0.462736
197,0.323072,-0.462736
198,0.333531,-0.456358
199,0.347283,-0.446374
200,0.360413,-0.435580
201,0.372908,-0.424056
202,0.384727,-0.411840
203,0.395831,-0.398971
204,0.406186,-0.385492
205,0.415756,-0.371445
206,0.424512,-0.356876
207,0.432425,-0.341833
208,0.439469,-0.326364
209,0.445622,-0.310519
210,0.450863,-0.294349
211,0.455176,-0.277908
212,0.458546,-0.261248
213,0.460963,-0.244423
214,0.462419,-0.227488
215,0.462909,-0.210498
216,0.462432,-0.193507
217,0.460988,-0.176571
218,0.458584,-0.159744
219,0.455226,-0.143082
220,0.450925,-0.126637
221,0.445695,-0.110464
222,0.439554,-0.094615
223,0.432522,-0.079140
224,0.424620,-0.064091
225,0.415874,-0.049516
226,0.406314,-0.035462
227,0.395969,-0.021975
228,0.384874,-0.009098
229,0.373065,0.003127
230,0.360578,0.014660
231,0.347456,0.025464
232,0.333741,0.035504
233,0.319476,0.044747
234,0.304709,0.053164
235,0.289486,0.060726
236,0.273858,0.067411
237,0.257876,0.073195
238,0.241589,0.078061
239,0.225053,0.081993
240,0.208319,0.084977
241,0.191443,0.087004
242,0.178155,0.086414
243,0.167418,0.085043
244,0.155696,0.080287
245,0.145293,0.073629
246,0.135570,0.066127
247,0.126254,0.057810
248,0.117125,0.048824
249,0.108007,0.039228
250,0.098766,0.029051
251,0.088308,0.021292
252,0.079243,0.017245
253,0.070778,0.012699
254,0.062796,0.007184
255,0.055066,0.001511
256,0.047693,-0.004621
257,0.040695,-0.011271
258,0.034093,-0.018455
259,0.028992,-0.024694
260,0.025420,-0.030320
261,0.022410,-0.035961
262,0.019769,-0.041723
263,0.017468,-0.047616
264,0.013974,-0.059486
265,0.008561,-0.075599
266,0.004073,-0.091993
267,0.000525,-0.108616
268,-0.000365,-0.121383
269,-0.000166,-0.123050
270,-0.000166,-0.123050
271,-0.000166,-0.123050
272,0.011019,-0.128267
273,0.027542,-0.134333
274,0.042847,-0.133345
275,0.059497,-0.133515
276,0.076488,-0.133203
277,0.093433,-0.131870
278,0.110275,-0.129575
279,0.126959,-0.126325
280,0.143431,-0.122131
281,0.148317,-0.121795
282,0.151347,-0.129946
283,0.154859,-0.137396
284,0.161291,-0.137691
285,0.168333,-0.135957
286,0.174043,-0.134347
287,0.179627,-0.132546
288,0.185135,-0.130533
289,0.190569,-0.128305
290,0.195923,-0.125864
291,0.201190,-0.123211
292,0.206364,-0.120346
293,0.211437,-0.117273
294,0.216400,-0.113992
295,0.221248,-0.110506
296,0.225972,-0.106817
297,0.227567,-0.101488
298,0.227503,-0.094751
299,0.227089,-0.087829
300,0.226395,-0.080961
301,0.225420,-0.074185
302,0.224172,-0.067513
303,0.222657,-0.060956
304,0.220884,-0.054521
305,0.218862,-0.048216
306,0.216599,-0.042050
307,0.214104,-0.036029
308,0.211385,-0.030159
309,0.208451,-0.024447
310,0.205310,-0.018898
311,0.201971,-0.013516
312,0.198442,-0.008308
313,0.194731,-0.003277
314,0.190847,0.001573
315,0.186797,0.006239
316,0.182590,0.010716
317,0.177236,0.015115
318,0.168836,0.019654
319,0.161479,0.026785
320,0.157955,0.039975
321,0.154872,0.054283
322,0.151256,0.068174
323,0.147121,0.081297
324,0.142768,0.093562
325,0.138504,0.105057
326,0.134436,0.115493
327,0.126844,0.115675
328,0.116698,0.112651
329,0.110060,0.118895
330,0.103595,0.125282
331,0.096683,0.131261
332,0.089152,0.136828
333,0.081189,0.142108
334,0.072814,0.146888
335,0.062200,0.150634
336,0.049986,0.153537
337,0.037406,0.156037
338,0.024532,0.158138
339,0.011375,0.159813
340,-0.002058,0.161033
341,-0.015757,0.161771
342,-0.029709,0.161996
343,-0.043809,0.162461
344,-0.057971,0.162531
345,-0.072400,0.161698
346,-0.086931,0.160143
347,-0.101528,0.157839
348,-0.116144,0.154697
349,-0.130271,0.150487
350,-0.143841,0.146561
351,-0.157077,0.142102
352,-0.169941,0.136930
353,-0.182392,0.131060
354,-0.194392,0.124520
355,-0.205908,0.117342
356,-0.216907,0.109560
357,-0.227358,0.101209
358,-0.237233,0.092325
359,-0.246507,0.082945
360,-0.255156,0.073110
361,-0.263158,0.062859
362,-0.270232,0.052497
363,-0.276914,0.041562
364,-0.282904,0.030335
365,-0.288189,0.018859
366,-0.292761,0.007175
367,-0.296614,-0.004672
368,-0.299745,-0.016639
369,-0.302153,-0.028684
370,-0.303839,-0.040764
371,-0.304807,-0.052836
372,-0.305065,-0.064858
373,-0.304620,-0.076790
374,-0.303484,-0.088591
375,-0.301671,-0.100222
376,-0.299196,-0.111645
377,-0.296077,-0.122823
378,-0.292334,-0.133720
379,-0.287988,-0.144302
380,-0.283063,-0.154538
381,-0.277585,-0.164394
382,-0.271579,-0.173844
383,-0.265076,-0.182858
384,-0.258103,-0.191411
385,-0.250693,-0.199481
386,-0.242877,-0.207044
387,-0.234689,-0.214083
388,-0.226163,-0.220579
389,-0.217333,-0.226517
390,-0.208235,-0.231884
391,-0.198906,-0.236669
392,-0.189380,-0.240864
393,-0.179696,-0.244462
394,-0.170206,-0.247263
395,-0.160327,-0.249682
396,-0.150398,-0.251502
397,-0.140454,-0.252722
398,-0.130530,-0.253347
399,-0.120662,-0.253382
400,-0.110883,-0.252836
401,-0.101228,-0.251720
402,-0.091728,-0.250045
403,-0.082417,-0.247827
404,-0.073324,-0.245080
405,-0.064479,-0.241823
406,-0.055909,-0.238075
407,-0.047643,-0.233857
408,-0.039704,-0.229190
409,-0.032118,-0.224099
410,-0.024905,-0.218608
411,-0.018087,-0.212743
412,-0.011681,-0.206530
413,-0.005706,-0.199999
414,-0.000177,-0.193176
415,0.004894,-0.186092
416,0.009495,-0.178777
417,0.013615,-0.171260
418,0.017249,-0.163572
419,0.020389,-0.155744
420,0.023032,-0.147807
421,0.025175,-0.139791
422,0.026820,-0.131728
423,0.027967,-0.123647
424,0.027436,-0.122742
425,0.023914,-0.125928
426,0.019566,-0.129796
427,0.015134,-0.134308
428,0.011028,-0.138744
429,0.007169,-0.143449
430,0.003579,-0.148409
431,0.000274,-0.153608
432,-0.002731,-0.159031
433,-0.005420,-0.164660
434,-0.007780,-0.170476
435,-0.009798,-0.176459
436,-0.011463,-0.182589
437,-0.012765,-0.188845
438,-0.013695,-0.195206
439,-0.014246,-0.201650
440,-0.016268,-0.208328
441,-0.018732,-0.216573
442,-0.019185,-0.226038
443,-0.017658,-0.236412
444,-0.014298,-0.247418
445,-0.009219,-0.258806
446,-0.002536,-0.270353
447,0.005628,-0.281868
448,0.015134,-0.293178
449,0.025830,-0.304137
450,0.037548,-0.314610
451,0.050116,-0.324482
452,0.063410,-0.333673
453,0.077351,-0.342128
454,0.091865,-0.349801
455,0.106883,-0.356650
456,0.122354,-0.362643
457,0.138202,-0.367747
458,0.154230,-0.371930
459,0.169568,-0.375212
460,0.184772,-0.377702
461,0.200445,-0.379263
462,0.216477,-0.379862
463,0.232798,-0.379468
464,0.249317,-0.378059
465,0.265871,-0.375647
466,0.282382,-0.372238
467,0.298723,-0.367865
468,0.314662,-0.362637
469,0.330276,-0.356523
470,0.345656,-0.349425
471,0.360554,-0.341504
472,0.375013,-0.332715
473,0.388974,-0.323092
474,0.402306,-0.312756
475,0.415061,-0.301640
476,0.427168,-0.289807
477,0.438497,-0.277438
478,0.448910,-0.264821
479,0.458198,-0.252717
480,0.466858,-0.239853
481,0.474852,-0.226273
482,0.482103,-0.212025
483,0.488578,-0.197162
484,0.494228,-0.181685
485,0.498984,-0.165679
486,0.502814,-0.149273
487,0.505694,-0.132591
488,0.507623,-0.115812
489,0.508599,-0.099016
490,0.508624,-0.082182
491,0.507703,-0.065455
492,0.505855,-0.048833
493,0.503081,-0.032410
494,0.499403,-0.016211
495,0.494831,-0.000288
496,0.489838,0.014511
497,0.484446,0.028436
498,0.478281,0.042017
499,0.471366,0.055212
500,0.463724,0.067979
501,0.455433,0.080324
502,0.446541,0.092120
503,0.437005,0.103317
504,0.426878,0.113925
505,0.416184,0.123921
506,0.404984,0.133279
507,0.393304,0.141964
508,0.381190,0.149957
509,0.368686,0.157234
510,0.355826,0.163776
511,0.342668,0.169570
512,0.329254,0.174598
513,0.315619,0.178851
514,0.301820,0.182323
515,0.288016,0.185020
516,0.274400,0.186942
517,0.260694,0.188085
518,0.246942,0.188447
519,0.233189,0.188024
520,0.219478,0.186819
521,0.205855,0.184835
522,0.192434,0.182138
523,0.179376,0.178779
524,0.166551,0.174676
525,0.154027,0.169896
526,0.141841,0.164439
527,0.130161,0.158510
528,0.119087,0.152136
529,0.108407,0.145136
530,0.098181,0.137600
531,0.088215,0.131147
532,0.079631,0.125290
533,0.072090,0.119545
534,0.065291,0.113773
535,0.059078,0.107881
536,0.053362,0.101816
537,0.048092,0.095549
538,0.043243,0.089069
539,0.038803,0.082376
540,0.034771,0.075475
541,0.031161,0.068371
542,0.027996,0.061043
543,0.025297,0.053139
544,0.022972,0.045456
545,0.021062,0.037688
546,0.019603,0.029840
547,0.018598,0.021930
548,0.018038,0.013984
549,0.017936,0.006023
550,0.018286,-0.001930
551,0.019082,-0.009847
552,0.020333,-0.017704
553,0.022028,-0.025477
554,0.024161,-0.033142
555,0.026727,-0.040673
556,0.029717,-0.048046
557,0.033122,-0.055238
558,0.036930,-0.062224
559,0.041129,-0.068983
560,0.045706,-0.075492
561,0.050647,-0.081731
562,0.055934,-0.087679
563,0.061550,-0.093317
564,0.067479,-0.098627
565,0.073700,-0.103591
566,0.080193,-0.108194
567,0.086938,-0.112420
568,0.093912,-0.116255
569,0.101094,-0.119689
570,0.108459,-0.122708
571,0.115985,-0.125304
572,0.123646,-0.127467
573,0.131419,-0.129191
574,0.139289,-0.130446
575,0.147605,-0.131113
576,0.151949,-0.131554
577,0.152502,-0.132493
578,0.152075,-0.134332
579,0.151304,-0.136937
580,0.150378,-0.140110
581,0.149423,-0.143719
582,0.148531,-0.147669
583,0.147766,-0.151885
584,0.147176,-0.156307
585,0.146797,-0.160888
586,0.146665,-0.165580
587,0.146783,-0.170342
588,0.147162,-0.175146
589,0.147811,-0.179962
590,0.148733,-0.184764
591,0.149924,-0.189531
592,0.151388,-0.194242
593,0.153121,-0.198877
594,0.155113,-0.203418
595,0.157369,-0.207842
596,0.159870,-0.212143
597,0.162616,-0.216300
598,0.165595,-0.220297
599,0.168800,-0.224117
600,0.172216,-0.227757
601,0.175839,-0.231195
602,0.179652,-0.234422
603,0.183644,-0.237428
604,0.187803,-0.240207
605,0.192916,-0.243200
606,0.199529,-0.247753
607,0.206267,-0.252754
608,0.212925,-0.257297
609,0.219972,-0.261725
610,0.227208,-0.265694
611,0.234608,-0.269192
612,0.243193,-0.272826
613,0.253112,-0.277018
614,0.263562,-0.280985
615,0.274381,-0.284484
616,0.285478,-0.287426
617,0.296795,-0.289769
618,0.308284,-0.291490
619,0.319904,-0.292573
620,0.331614,-0.293008
621,0.343376,-0.292787
622,0.355150,-0.291904
623,0.366894,-0.290358
624,0.378569,-0.288148
625,0.390134,-0.285277
626,0.401549,-0.281751
627,0.412773,-0.277579
628,0.423748,-0.272772
629,0.434452,-0.267346
630,0.444855,-0.261312
631,0.454903,-0.254692
632,0.464567,-0.247510
633,0.473819,-0.239783
634,0.482611,-0.231543
635,0.490916,-0.222820
636,0.498704,-0.213644
637,0.505954,-0.204044
638,0.512627,-0.194061
639,0.518704,-0.183733
640,0.523900,-0.173406
641,0.528683,-0.162579
642,0.532885,-0.151531
643,0.536411,-0.140266
644,0.539282,-0.128863
645,0.541483,-0.117344
646,0.542986,-0.105773
647,0.543817,-0.094194
648,0.543961,-0.082654
649,0.543439,-0.071195
650,0.542246,-0.059860
651,0.540407,-0.048691
652,0.537926,-0.037726
653,0.534827,-0.027005
654,0.531128,-0.016563
655,0.526843,-0.006433
656,0.522010,0.003354
657,0.517113,0.013570
658,0.511028,0.025101
659,0.504019,0.035798
660,0.496425,0.045851
661,0.488299,0.055323
662,0.479675,0.064231
663,0.470594,0.072565
664,0.461100,0.080302
665,0.451235,0.087423
666,0.442507,0.094176
667,0.434020,0.098964
668,0.425082,0.102845
669,0.415758,0.106405
670,0.406180,0.109325
671,0.396451,0.111657
672,0.386991,0.113226
673,0.377190,0.114383
674,0.367377,0.115000
675,0.357534,0.115062
676,0.347736,0.114542
677,0.338017,0.113458
678,0.328412,0.111818
679,0.318954,0.109630
680,0.309674,0.106907
681,0.300604,0.103661
682,0.291772,0.099908
683,0.283207,0.095664
684,0.274938,0.090948
685,0.266991,0.085780
686,0.259389,0.080180
687,0.252158,0.074173
688,0.245319,0.067781
689,0.238894,0.061031
690,0.232900,0.053949
691,0.227355,0.046562
692,0.222275,0.038899
693,0.217675,0.030990
694,0.213564,0.022864
695,0.209954,0.014551
696,0.206853,0.006083
697,0.204267,-0.002510
698,0.202199,-0.011195
699,0.200655,-0.019942
700,0.199632,-0.028717
701,0.199129,-0.037491
702,0.199144,-0.046231
703,0.199670,-0.054908
704,0.200775,-0.063124
705,0.203750,-0.067661
706,0.207156,-0.068819
707,0.210579,-0.068904
708,0.213885,-0.068450
709,0.217042,-0.067572
710,0.220044,-0.066344
711,0.222894,-0.064818
712,0.225588,-0.063034
713,0.228125,-0.061022
714,0.230501,-0.058806
715,0.232714,-0.056409
716,0.234763,-0.053843
717,0.236637,-0.051119
718,0.238325,-0.048248
719,0.239818,-0.045244
720,0.241105,-0.042118
721,0.242178,-0.038885
722,0.243029,-0.035560
723,0.243651,-0.032157
724,0.244038,-0.028693
725,0.244186,-0.025182
726,0.244090,-0.021641
727,0.243749,-0.018086
728,0.243159,-0.014535
729,0.242321,-0.011003
730,0.241236,-0.007508
731,0.239905,-0.004067
732,0.236445,-0.001870
733,0.230948,0.000752
734,0.224279,0.003754
735,0.216958,0.006775
736,0.209402,0.009552
737,0.201293,0.011846
738,0.193395,0.013744
739,0.185365,0.015183
740,0.177230,0.016154
741,0.169017,0.016649
742,0.160755,0.016663
743,0.152472,0.016192
744,0.144197,0.015233
745,0.135958,0.013787
746,0.127784,0.011853
747,0.119619,0.009353
748,0.110556,0.005426
749,0.101438,0.000747
750,0.092463,-0.004587
751,0.083722,-0.010525
752,0.075281,-0.017025
753,0.067193,-0.024043
754,0.059474,-0.031583
755,0.052161,-0.039624
756,0.045286,-0.048143
757,0.038881,-0.057116
758,0.032968,-0.066529
759,0.027583,-0.076347
760,0.022747,-0.086550
761,0.018489,-0.097106
762,0.014834,-0.107984
763,0.011801,-0.119164
764,0.009420,-0.130583
765,0.007699,-0.142236
766,0.006666,-0.154071
767,0.006331,-0.166054
768,0.006710,-0.178130
769,0.007973,-0.190584
770,0.009802,-0.202747
771,0.012377,-0.214821
772,0.015640,-0.226769
773,0.019657,-0.238725
774,0.024446,-0.250495
775,0.029948,-0.262025
776,0.036150,-0.273299
777,0.043076,-0.284310
778,0.050693,-0.294945
779,0.058972,-0.305187
780,0.067891,-0.314985
781,0.077416,-0.324293
782,0.087519,-0.333081
783,0.098165,-0.341301
784,0.109316,-0.348921
785,0.120935,-0.355910
786,0.132977,-0.362232
787,0.145405,-0.367872
788,0.158173,-0.372796
789,0.171233,-0.376985
790,0.184545,-0.380426
791,0.198055,-0.383097
792,0.211720,-0.384993
793,0.225493,-0.386104
794,0.239327,-0.386424
795,0.253174,-0.385951
796,0.266988,-0.384684
797,0.280716,-0.382622
798,0.294319,-0.379780
799,0.307745,-0.376159
800,0.320951,-0.371775
801,0.334353,-0.366728
802,0.347294,-0.361736
803,0.359469,-0.356149
804,0.370918,-0.349607
805,0.381857,-0.342340
806,0.392355,-0.334473
807,0.402356,-0.326042
808,0.411830,-0.317057
809,0.420766,-0.307558
810,0.429138,-0.297579
811,0.436921,-0.287155
812,0.444091,-0.276323
813,0.450627,-0.265120
814,0.456508,-0.253572
815,0.461723,-0.241734
816,0.466446,-0.229717
817,0.470382,-0.217495
818,0.473579,-0.205095
819,0.476044,-0.192550
820,0.477794,-0.179980
821,0.478812,-0.167357
822,0.479117,-0.154732
823,0.478707,-0.142149
824,0.477593,-0.129630
825,0.475780,-0.117244
826,0.473271,-0.104996
827,0.470104,-0.092958
828,0.466268,-0.081135
829,0.461792,-0.069592
830,0.456688,-0.058342
831,0.450726,-0.047179
832,0.444444,-0.036647
833,0.437573,-0.026484
834,0.430134,-0.016727
835,0.422267,-0.007481
836,0.413984,0.001213
837,0.405471,0.009297
838,0.396660,0.016808
839,0.387443,0.023802
840,0.377920,0.030233
841,0.368087,0.036103
842,0.358008,0.041386
843,0.347731,0.046074
844,0.337266,0.050164
845,0.326709,0.053643
846,0.316038,0.056522
847,0.305360,0.058790
848,0.294679,0.060465
849,0.284073,0.061551
850,0.273579,0.062069
851,0.263234,0.062035
852,0.253022,0.061578
853,0.243263,0.060635
854,0.233771,0.059198
855,0.224554,0.057313
856,0.215691,0.055045
857,0.207206,0.052436
858,0.199088,0.049518
859,0.191296,0.046291
860,0.183932,0.042831
861,0.177042,0.039203
862,0.170343,0.035343
863,0.163830,0.031090
864,0.157358,0.026120
865,0.151317,0.021070
866,0.145482,0.015563
867,0.139953,0.009640
868,0.135024,0.003573
869,0.130640,-0.002354
870,0.126658,-0.008157
871,0.123024,-0.013898
872,0.119737,-0.019582
873,0.116817,-0.024758
874,0.114304,-0.028575
875,0.111920,-0.032263
876,0.109632,-0.035951
877,0.107484,-0.039665
878,0.105485,-0.043465
879,0.103664,-0.047342
880,0.102033,-0.051312
881,0.100602,-0.055339
882,0.099378,-0.059424
883,0.098358,-0.063553
884,0.097530,-0.067670
885,0.096909,-0.071816
886,0.096504,-0.075988
887,0.096328,-0.080242
888,0.096395,-0.084511
889,0.096681,-0.088749
890,0.097188,-0.092968
891,0.097915,-0.097153
892,0.098855,-0.101288
893,0.100009,-0.105371
894,0.101374,-0.109382
895,0.102933,-0.113312
896,0.105117,-0.117137
897,0.107083,-0.120897
898,0.109220,-0.124520
899,0.111528,-0.128000
900,0.113985,-0.131338
901,0.116579,-0.134524
902,0.119325,-0.137504
903,0.122185,-0.140376
904,0.125158,-0.143068
905,0.128239,-0.145582
906,0.131422,-0.147915
907,0.134702,-0.150063
908,0.138073,-0.152020
909,0.141529,-0.153783
910,0.145064,-0.155348
911,0.148670,-0.156706
912,0.152333,-0.157852
913,0.156036,-0.158794
914,0.159767,-0.159523
915,0.163523,-0.160044
916,0.167292,-0.160360
917,0.171067,-0.160462
918,0.174839,-0.160354
919,0.178594,-0.160034
920,0.182323,-0.159502
921,0.186017,-0.158763
922,0.189661,-0.157817
923,0.193244,-0.156667
924,0.196756,-0.155318
925,0.200186,-0.153773
926,0.203522,-0.152035
927,0.206757,-0.150115
928,0.209828,-0.147616
929,0.212750,-0.145270
930,0.215603,-0.142765
931,0.218325,-0.140136
932,0.220884,-0.137371
933,0.223284,-0.134483
934,0.225513,-0.131468
935,0.227530,-0.128324
936,0.229406,-0.125062
937,0.231088,-0.121712
938,0.232580,-0.118274
939,0.233875,-0.114762
940,0.234971,-0.111184
941,0.235863,-0.107552
942,0.236548,-0.103876
943,0.237026,-0.100169
944,0.237293,-0.096442
945,0.237350,-0.092707
946,0.237195,-0.088976
947,0.236832,-0.085257
948,0.236259,-0.081570
949,0.235479,-0.077919
950,0.234498,-0.074319
951,0.233312,-0.070782
952,0.231931,-0.067317
953,0.230358,-0.063936
954,0.228595,-0.060651
955,0.226651,-0.057470
956,0.224533,-0.054404
957,0.222244,-0.051465
958,0.219793,-0.048659
959,0.217191,-0.045994
960,0.214067,-0.043627
961,0.211126,-0.041365
962,0.208050,-0.039204
963,0.204883,-0.037200
964,0.201624,-0.035382
965,0.198280,-0.033749
966,0.194858,-0.032305
967,0.191363,-0.031079
968,0.187799,-0.030036
969,0.184185,-0.029197
970,0.180532,-0.028564
971,0.176851,-0.028137
972,0.173152,-0.027916
973,0.169449,-0.027907
974,0.165749,-0.028104
975,0.162071,-0.028511
976,0.158491,-0.029099
977,0.155196,-0.029687
978,0.151905,-0.030375
979,0.148654,-0.031213
980,0.145439,-0.032221
981,0.142305,-0.033380
982,0.139217,-0.034721
983,0.136179,-0.036269
984,0.133241,-0.038023
985,0.130356,-0.039904
986,0.127530,-0.041906
987,0.124802,-0.044055
988,0.122189,-0.046338
989,0.119699,-0.048746
990,0.117341,-0.051268
991,0.115121,-0.053898
992,0.113315,-0.056956
993,0.111486,-0.059825
994,0.109726,-0.062789
995,0.108126,-0.065808
996,0.106693,-0.068884
997,0.105423,-0.072013
998,0.104328,-0.075190
999,0.103406,-0.078411
1000,0.102696,-0.081661
1001,0.102145,-0.084959
1002,0.101782,-0.088269
1003,0.101591,-0.091590
1004,0.101588,-0.094905
1005,0.101770,-0.098211
1006,0.102134,-0.101501
1007,0.102680,-0.104763
1008,0.103408,-0.107988
1009,0.104315,-0.111166
1010,0.105397,-0.114290
1011,0.106658,-0.117339
1012,0.108079,-0.120324
1013,0.109667,-0.123218
1014,0.111414,-0.126018
1015,0.113314,-0.128717
1016,0.115365,-0.131296
1017,0.117558,-0.133766
1018,0.119882,-0.136109
1019,0.122330,-0.138315
1020,0.124898,-0.140380
1021,0.127578,-0.142299
1022,0.130362,-0.144055
1023,0.133242,-0.145662
1024,0.136468,-0.146793
1025,0.139512,-0.147953
1026,0.142664,-0.148984
1027,0.145858,-0.149888
1028,0.149078,-0.150617
1029,0.152319,-0.151167
1030,0.155579,-0.151539
1031,0.158851,-0.151732
1032,0.162126,-0.151745
1033,0.165382,-0.151553
1034,0.168637,-0.151183
1035,0.171864,-0.150634
1036,0.175054,-0.149905
1037,0.178199,-0.149000
1038,0.181286,-0.147917
1039,0.184310,-0.146664
1040,0.187254,-0.145244
1041,0.190118,-0.143663
1042,0.192879,-0.141921
1043,0.195547,-0.140029
1044,0.198105,-0.137994
1045,0.200540,-0.135817
1046,0.202852,-0.133507
1047,0.205021,-0.131071
1048,0.207060,-0.128517
1049,0.208954,-0.125856
1050,0.210690,-0.123093
1051,0.212271,-0.120235
1052,0.213680,-0.117297
1053,0.214931,-0.114281
1054,0.216014,-0.111202
1055,0.216911,-0.108071
1056,0.217272,-0.104709
1057,0.217707,-0.101515
1058,0.218005,-0.098241
1059,0.218156,-0.094962
1060,0.218130,-0.091695
1061,0.217939,-0.088441
1062,0.217568,-0.085213
1063,0.217023,-0.082016
1064,0.216302,-0.078857
1065,0.215397,-0.075757
1066,0.214321,-0.072697
1067,0.213074,-0.069707
1068,0.211661,-0.066792
1069,0.210087,-0.063963
1070,0.208355,-0.061226
1071,0.206470,-0.058593
1072,0.204442,-0.056066
1073,0.202275,-0.053666
1074,0.199977,-0.051382
1075,0.197559,-0.049229
1076,0.195025,-0.047218
1077,0.192380,-0.045355
1078,0.189635,-0.043641
1079,0.186801,-0.042092
1080,0.183881,-0.040694
1081,0.180890,-0.039462
1082,0.177837,-0.038403
1083,0.174727,-0.037515
1084,0.171577,-0.036811
1085,0.168388,-0.036276
1086,0.165175,-0.035918
1087,0.161953,-0.035750
1088,0.158615,-0.036120
1089,0.155441,-0.036366
1090,0.152285,-0.036845
1091,0.149075,-0.037454
1092,0.145918,-0.038212
1093,0.142820,-0.039135
1094,0.139782,-0.040214
1095,0.136816,-0.041458
1096,0.133925,-0.042861
1097,0.131117,-0.044418
1098,0.128425,-0.046141
1099,0.125817,-0.048016
1100,0.123321,-0.050034
1101,0.120939,-0.052189
1102,0.118685,-0.054471
1103,0.116559,-0.056876
1104,0.114581,-0.059395
1105,0.112737,-0.062022
1106,0.111042,-0.064746
1107,0.109513,-0.067559
1108,0.108135,-0.070456
1109,0.106920,-0.073423
1110,0.105877,-0.076452
1111,0.105004,-0.079537
1112,0.104312,-0.082660
1113,0.103789,-0.085823
1114,0.103441,-0.089008
1115,0.103276,-0.092205
1116,0.103291,-0.095407
1117,0.103482,-0.098601
1118,0.103852,-0.101779
1119,0.104399,-0.104930
1120,0.105494,-0.108070
1121,0.106424,-0.111080
1122,0.107575,-0.114018
1123,0.108895,-0.116954
1124,0.110335,-0.119840
1125,0.111917,-0.122627
1126,0.113634,-0.125326
1127,0.115492,-0.127914
1128,0.117487,-0.130394
1129,0.119613,-0.132758
1130,0.121866,-0.135000
1131,0.124245,-0.137089
1132,0.126746,-0.139056
1133,0.129349,-0.140883
1134,0.132049,-0.142555
1135,0.134841,-0.144077
1136,0.137709,-0.145431
1137,0.140654,-0.146631
1138,0.143658,-0.147667
1139,0.146713,-0.148528
1140,0.149814,-0.149220
1141,0.152943,-0.149728
1142,0.156103,-0.150069
1143,0.159273,-0.150234
1144,0.162442,-0.150214
1145,0.165612,-0.150021
1146,0.168765,-0.149655
1147,0.171891,-0.149111
1148,0.174980,-0.148390
1149,0.178026,-0.147499
1150,0.181008,-0.146436
1151,0.183936,-0.145211
1152,0.186722,-0.143460
1153,0.189426,-0.141903
1154,0.192009,-0.140148
1155,0.194550,-0.138230
1156,0.197014,-0.136202
1157,0.199361,-0.134060
1158,0.201582,-0.131802
1159,0.203674,-0.129434
1160,0.205631,-0.126959
1161,0.207449,-0.124383
1162,0.209119,-0.121714
1163,0.210636,-0.118968
1164,0.211993,-0.116128
1165,0.213186,-0.113215
1166,0.214211,-0.110239
1167,0.215065,-0.107210
1168,0.215751,-0.104135
1169,0.216257,-0.101034
1170,0.216596,-0.097902
1171,0.216762,-0.094758
1172,0.216744,-0.091616
1173,0.216555,-0.088473
1174,0.216194,-0.085346
1175,0.215656,-0.082250
1176,0.214947,-0.079184
1177,0.214063,-0.076172
1178,0.213014,-0.073204
1179,0.211805,-0.070300
1180,0.210433,-0.067473
1181,0.208906,-0.064723
1182,0.207225,-0.062073
1183,0.205399,-0.059510
1184,0.203097,-0.057206
1185,0.201003,-0.054935
1186,0.198745,-0.052824
1187,0.196335,-0.050794
1188,0.193832,-0.048855
1189,0.191248,-0.047050
1190,0.188583,-0.045396
1191,0.185837,-0.043891
1192,0.183018,-0.042538
1193,0.180131,-0.041346
1194,0.177184,-0.040315
1195,0.174188,-0.039450
1196,0.171151,-0.038766
1197,0.168076,-0.038260
1198,0.164970,-0.037920
1199,0.161852,-0.037750
1200,0.158736,-0.037765
1201,0.155618,-0.037948
1202,0.152516,-0.038302
1203,0.149444,-0.038831
1204,0.146405,-0.039530
1205,0.143409,-0.040398
1206,0.140468,-0.041431
1207,0.137588,-0.042627
1208,0.134780,-0.043984
1209,0.132052,-0.045496
1210,0.129415,-0.047159
1211,0.126871,-0.048966
1212,0.124436,-0.050909
1213,0.122111,-0.052986
1214,0.119907,-0.055188
1215,0.117829,-0.057509
1216,0.115883,-0.059942
1217,0.114389,-0.062744
1218,0.112844,-0.065387
1219,0.111405,-0.068163
1220,0.110077,-0.071006
1221,0.108903,-0.073897
1222,0.107875,-0.076840
1223,0.107015,-0.079823
1224,0.106318,-0.082844
1225,0.105786,-0.085896
1226,0.105426,-0.088971
1227,0.105237,-0.092060
1228,0.105205,-0.095143
1229,0.105363,-0.098228
1230,0.105696,-0.101303
1231,0.106205,-0.104354
1232,0.106885,-0.107371
1233,0.107731,-0.110348
1234,0.108746,-0.113265
1235,0.109919,-0.116130
1236,0.111246,-0.118925
1237,0.112726,-0.121640
1238,0.114357,-0.124266
1239,0.116134,-0.126795
1240,0.118049,-0.129225
1241,0.120096,-0.131534
1242,0.122269,-0.133736
1243,0.124558,-0.135815
1244,0.126958,-0.137762
1245,0.129464,-0.139569
1246,0.132067,-0.141232
1247,0.134760,-0.142751
1248,0.137531,-0.144108
1249,0.140571,-0.144955
1250,0.143459,-0.145884
1251,0.146457,-0.146696
1252,0.149489,-0.147379
1253,0.152539,-0.147906
1254,0.155601,-0.148268
1255,0.158673,-0.148466
1256,0.161747,-0.148499
1257,0.164817,-0.148364
1258,0.167871,-0.148059
1259,0.170903,-0.147585
1260,0.173904,-0.146945
1261,0.176854,-0.146132
1262,0.179761,-0.145152
1263,0.182601,-0.144004
1264,0.185383,-0.142700
1265,0.188088,-0.141247
1266,0.190697,-0.139641
1267,0.193223,-0.137892
1268,0.195648,-0.136009
1269,0.197954,-0.133991
1270,0.200153,-0.131847
1271,0.202230,-0.129586
1272,0.204166,-0.127213
1273,0.205978,-0.124733
1274,0.207649,-0.122158
1275,0.209164,-0.119496
1276,0.210536,-0.116748
1277,0.211756,-0.113931
1278,0.212806,-0.111055
1279,0.213702,-0.108118
1280,0.214435,-0.105137
1281,0.214602,-0.102040
1282,0.214892,-0.099049
1283,0.215014,-0.095989
1284,0.215024,-0.092897
1285,0.214882,-0.089825
1286,0.214578,-0.086777
1287,0.214114,-0.083756
1288,0.213488,-0.080766
1289,0.212702,-0.077817
1290,0.211755,-0.074920
1291,0.210648,-0.072083
1292,0.209386,-0.069307
1293,0.208043,-0.066612
1294,0.206571,-0.064020
1295,0.204919,-0.061493
1296,0.203121,-0.059046
1297,0.201190,-0.056696
1298,0.199135,-0.054451
1299,0.196965,-0.052315
1300,0.194689,-0.050286
1301,0.192315,-0.048383
1302,0.189847,-0.046606
1303,0.187293,-0.044950
1304,0.184662,-0.043433
1305,0.181957,-0.042044
1306,0.179189,-0.040802
1307,0.176362,-0.039697
1308,0.173483,-0.038736
1309,0.170563,-0.037925
1310,0.167607,-0.037266
1311,0.164620,-0.036752
1312,0.161613,-0.036391
1313,0.158622,-0.036605
1314,0.155680,-0.036671
1315,0.152633,-0.036855
1316,0.149605,-0.037152
1317,0.146604,-0.037574
1318,0.143641,-0.038134
1319,0.140709,-0.038832
1320,0.137815,-0.039670
1321,0.134972,-0.040650
1322,0.132180,-0.041769
1323,0.129438,-0.043021
1324,0.126769,-0.044407
1325,0.124094,-0.045764
1326,0.121511,-0.047215
1327,0.119057,-0.048848
1328,0.116736,-0.050658
1329,0.114431,-0.052639
1330,0.112194,-0.054714
1331,0.110033,-0.056877
1332,0.107952,-0.059127
1333,0.105954,-0.061461
1334,0.104035,-0.063876
1335,0.102209,-0.066369
1336,0.100473,-0.068941
1337,0.098828,-0.071589
1338,0.097277,-0.074309
1339,0.095823,-0.077100
1340,0.094467,-0.079959
1341,0.093208,-0.082885
1342,0.092056,-0.085873
1343,0.091010,-0.088923
1344,0.090066,-0.092036
1345,0.089667,-0.095056
1346,0.089111,-0.098164
1347,0.088595,-0.101456
1348,0.088148,-0.104776
1349,0.087806,-0.108126
1350,0.087570,-0.111526
1351,0.087460,-0.114957
1352,0.087472,-0.118436
1353,0.087620,-0.121942
1354,0.087901,-0.125486
1355,0.088324,-0.129052
1356,0.088659,-0.132834
1357,0.088981,-0.136756
1358,0.089560,-0.140604
1359,0.090393,-0.144364
1360,0.091473,-0.148021
1361,0.092790,-0.151560
1362,0.094335,-0.154964
1363,0.096096,-0.158221
1364,0.098061,-0.161317
1365,0.100261,-0.164461
1366,0.102574,-0.167839
1367,0.104993,-0.171206
1368,0.107566,-0.174518
1369,0.110310,-0.177754
1370,0.113610,-0.180867
1371,0.118025,-0.184392
1372,0.122299,-0.188431
1373,0.126589,-0.192764
1374,0.130996,-0.197217
1375,0.135570,-0.201651
1376,0.140354,-0.205984
1377,0.145097,-0.209757
1378,0.150304,-0.213646
1379,0.155734,-0.217306
1380,0.161357,-0.220689
1381,0.167176,-0.223778
1382,0.173170,-0.226550
1383,0.179320,-0.228991
1384,0.185589,-0.231086
1385,0.192011,-0.232783
1386,0.198510,-0.234133
1387,0.205085,-0.235129
1388,0.211714,-0.235766
1389,0.218347,-0.236038
1390,0.224993,-0.235925
1391,0.231627,-0.235434
1392,0.238226,-0.234566
1393,0.244770,-0.233324
1394,0.251240,-0.231706
1395,0.257601,-0.229732
1396,0.263856,-0.227387
1397,0.269975,-0.224697
1398,0.275934,-0.221662
1399,0.281716,-0.218289
1400,0.287295,-0.214600
1401,0.292670,-0.210583
1402,0.297810,-0.206278
1403,0.302707,-0.201670
1404,0.307347,-0.196793
1405,0.311709,-0.191657
1406,0.315776,-0.186277
1407,0.319535,-0.180670
1408,0.322970,-0.174850
1409,0.325790,-0.169160
1410,0.328519,-0.163049
1411,0.330910,-0.156733
1412,0.332962,-0.150285
1413,0.334659,-0.143719
1414,0.335992,-0.137076
1415,0.336942,-0.130346
1416,0.337405,-0.123565
1417,0.337519,-0.116783
1418,0.337281,-0.109980
1419,0.336678,-0.103178
1420,0.335706,-0.096414
1421,0.334370,-0.089728
1422,0.332649,-0.083117
1423,0.330554,-0.076606
1424,0.328097,-0.070233
1425,0.325265,-0.063996
1426,0.322087,-0.057923
1427,0.318577,-0.052043
1428,0.314722,-0.046357
1429,0.310562,-0.040899
1430,0.306081,-0.035677
1431,0.301323,-0.030715
1432,0.296270,-0.026023
1433,0.290971,-0.021622
1434,0.285411,-0.017523
1435,0.279639,-0.013743
1436,0.273640,-0.010293
1437,0.267456,-0.007181
1438,0.261112,-0.004424
1439,0.254598,-0.002033
1440,0.248237,-0.000252
1441,0.241578,0.001434
1442,0.234815,0.002685
1443,0.227927,0.003542
1444,0.220987,0.004035
1445,0.214053,0.004087
1446,0.207120,0.003712
1447,0.200192,0.002981
1448,0.193288,0.001882
1449,0.186433,0.000408
1450,0.179689,-0.001423
1451,0.173048,-0.003650
1452,0.166549,-0.006239
1453,0.160195,-0.009203
1454,0.154016,-0.012526
1455,0.148040,-0.016187
1456,0.142267,-0.020200
1457,0.136731,-0.024522
1458,0.131438,-0.029171
1459,0.126414,-0.034101
1460,0.121669,-0.039329
1461,0.117225,-0.044806
1462,0.113094,-0.050547
1463,0.109291,-0.056501
1464,0.105829,-0.062684
1465,0.102718,-0.069042
1466,0.099972,-0.075588
1467,0.097595,-0.082270
1468,0.095603,-0.089098
1469,0.093992,-0.096018
1470,0.092782,-0.103041
1471,0.091962,-0.110113
1472,0.091553,-0.117241
1473,0.091635,-0.123970
1474,0.092034,-0.131037
1475,0.092977,-0.138091
1476,0.094266,-0.145085
1477,0.095905,-0.152044
1478,0.097912,-0.158938
1479,0.100278,-0.165719
1480,0.103022,-0.172366
1481,0.106126,-0.178842
1482,0.109610,-0.185146
1483,0.113433,-0.191241
1484,0.117615,-0.197121
1485,0.122111,-0.202756
1486,0.126941,-0.208138
1487,0.132056,-0.213240
1488,0.137468,-0.218051
1489,0.143136,-0.222549
1490,0.149074,-0.226722
1491,0.155245,-0.230568
1492,0.161614,-0.234057
1493,0.168194,-0.237179
1494,0.174930,-0.239931
1495,0.181835,-0.242295
1496,0.188851,-0.244271
1497,0.195991,-0.245842
1498,0.203200,-0.247016
1499,0.210487,-0.247771
1500,0.217797,-0.248124
1501,0.225137,-0.248051
1502,0.232454,-0.247574
1503,0.239750,-0.246528
1504,0.246572,-0.245014
1505,0.253622,-0.243287
1506,0.260633,-0.241138
1507,0.267542,-0.238616
1508,0.274321,-0.235710
1509,0.280945,-0.232428
1510,0.287374,-0.228791
1511,0.293604,-0.224777
1512,0.299607,-0.220417
1513,0.305353,-0.215733
1514,0.310839,-0.210708
1515,0.316034,-0.205393
1516,0.320929,-0.199772
1517,0.325497,-0.193893
1518,0.329729,-0.187740
1519,0.333613,-0.181368
1520,0.337133,-0.174761
1521,0.340280,-0.167976
1522,0.343038,-0.160997
1523,0.345404,-0.153885
1524,0.347358,-0.146633
1525,0.348904,-0.139290
1526,0.350026,-0.131844
1527,0.350736,-0.124354
1528,0.351011,-0.116813
1529,0.350871,-0.109275
1530,0.350146,-0.101723
1531,0.349003,-0.094261
1532,0.347482,-0.086861
1533,0.345580,-0.079511
1534,0.343317,-0.072284
1535,0.340632,-0.065173
1536,0.337549,-0.058203
1537,0.334205,-0.051821
1538,0.330418,-0.045318
1539,0.326185,-0.038985
1540,0.321623,-0.032863
1541,0.316713,-0.026990
1542,0.311493,-0.021398
1543,0.305939,-0.016097
1544,0.300108,-0.011113
1545,0.293977,-0.006456
1546,0.287604,-0.002147
1547,0.280973,0.001801
1548,0.274139,0.005371
1549,0.267086,0.008548
1550,0.259877,0.011329
1551,0.252522,0.013693
1552,0.245013,0.015636
1553,0.237415,0.017162
1554,0.229716,0.018249
1555,0.221975,0.018910
1556,0.214138,0.018969
1557,0.206339,0.018602
1558,0.198577,0.017827
1559,0.190828,0.016658
1560,0.183143,0.015097
1561,0.175564,0.013123
1562,0.168082,0.010706
1563,0.160747,0.007886
1564,0.153561,0.004635
1565,0.146570,0.000998
1566,0.139778,-0.003052
1567,0.133225,-0.007465
1568,0.127293,-0.012137
1569,0.121293,-0.017172
1570,0.115620,-0.022616
1571,0.110228,-0.028410
1572,0.105141,-0.034511
1573,0.100393,-0.040875
1574,0.096003,-0.047529
1575,0.091986,-0.054407
1576,0.088360,-0.061534
1577,0.085131,-0.068843
1578,0.082326,-0.076342
1579,0.079943,-0.083979
1580,0.077998,-0.091773
1581,0.076598,-0.099735
1582,0.075651,-0.107757
1583,0.075141,-0.115790
1584,0.075050,-0.123834
1585,0.075389,-0.131902
1586,0.076167,-0.139969
1587,0.077387,-0.148004
1588,0.079046,-0.155951
1589,0.081168,-0.163814
1590,0.083718,-0.171542
1591,0.086724,-0.179136
1592,0.090138,-0.186547
1593,0.093969,-0.193752
1594,0.098231,-0.200755
1595,0.102865,-0.207508
1596,0.107876,-0.213984
1597,0.113277,-0.220187
1598,0.119006,-0.226080
1599,0.125077,-0.231643
1600,0.131445,-0.236857
1601,0.137815,-0.241397
1602,0.144687,-0.245821
1603,0.151863,-0.249870
1604,0.159282,-0.253542
1605,0.166901,-0.256806
1606,0.174822,-0.259524
1607,0.182892,-0.261815
1608,0.191078,-0.263674
1609,0.199337,-0.265097
1610,0.207659,-0.266091
1611,0.216054,-0.266638
1612,0.224498,-0.266728
1613,0.232928,-0.266362
1614,0.241358,-0.265506
1615,0.249724,-0.264194
1616,0.258032,-0.262392
1617,0.266221,-0.260140
1618,0.274266,-0.257424
1619,0.282178,-0.254232
1620,0.289896,-0.250616
1621,0.297393,-0.246565
1622,0.304678,-0.242066
1623,0.311699,-0.237179
1624,0.318427,-0.231901
1625,0.324869,-0.226218
1626,0.330982,-0.220195
1627,0.336739,-0.213833
1628,0.342146,-0.207116
1629,0.347124,-0.199943
1630,0.351730,-0.192481
1631,0.355947,-0.184774
1632,0.359749,-0.176836
1633,0.362949,-0.169122
1634,0.365816,-0.160827
1635,0.368248,-0.152358
1636,0.370258,-0.143742
1637,0.371813,-0.134989
1638,0.372895,-0.126151
1639,0.373488,-0.117274
1640,0.373568,-0.108328
1641,0.373162,-0.099397
1642,0.372234,-0.090465
1643,0.370823,-0.081605
1644,0.368908,-0.072847
1645,0.366482,-0.064190
1646,0.363583,-0.055686
1647,0.360176,-0.047322
1648,0.356323,-0.039165
1649,0.352011,-0.031246
1650,0.347200,-0.023547
1651,0.341816,-0.016075
1652,0.336005,-0.008846
1653,0.329782,-0.001887
1654,0.323203,0.004758
1655,0.316207,0.011060
1656,0.308850,0.017007
1657,0.301167,0.022559
1658,0.293153,0.027694
1659,0.284835,0.032393
1660,0.276239,0.036640
1661,0.267434,0.040426
1662,0.258377,0.043697
1663,0.249122,0.046470
1664,0.239738,0.048749
1665,0.230647,0.050378
1666,0.221113,0.051565
1667,0.211440,0.052179
1668,0.201701,0.052277
1669,0.191967,0.051871
1670,0.182221,0.050883
1671,0.172422,0.049281
1672,0.162612,0.047142
1673,0.152837,0.044473
1674,0.143120,0.041253
1675,0.133521,0.037510
1676,0.124032,0.033182
1677,0.114687,0.028305
1678,0.105548,0.022920
1679,0.096645,0.016993
1680,0.088005,0.010535
1681,0.079631,0.003523
1682,0.071583,-0.003958
1683,0.063894,-0.011945
1684,0.056589,-0.020387
1685,0.049706,-0.029311
1686,0.043253,-0.038686
1687,0.037259,-0.048488
1688,0.031762,-0.058645
1689,0.026809,-0.069064
1690,0.022461,-0.079865
1691,0.018669,-0.090998
1692,0.015449,-0.102462
1693,0.012815,-0.114221
1694,0.010793,-0.126207
1695,0.009411,-0.138448
1696,0.008679,-0.150835
1697,0.008676,-0.162848
1698,0.009319,-0.175256
1699,0.010662,-0.187894
1700,0.012679,-0.200559
1701,0.015402,-0.213166
1702,0.018839,-0.225677
1703,0.022990,-0.238047
1704,0.027847,-0.250229
1705,0.033394,-0.262158
1706,0.039633,-0.273818
1707,0.046541,-0.285156
1708,0.054048,-0.296047
1709,0.062127,-0.306419
1710,0.070888,-0.316436
1711,0.080201,-0.325968
1712,0.090053,-0.334970
1713,0.100409,-0.343409
1714,0.111225,-0.351243
1715,0.122488,-0.358464
1716,0.134129,-0.365023
1717,0.146117,-0.370903
1718,0.158423,-0.376092
1719,0.170986,-0.380563
1720,0.183767,-0.384302
1721,0.196721,-0.387300
1722,0.209794,-0.389543
1723,0.222959,-0.391034
1724,0.236147,-0.391762
1725,0.249326,-0.391733
1726,0.262440,-0.390947
1727,0.275444,-0.389412
1728,0.288305,-0.387138
1729,0.300580,-0.384162
1730,0.312948,-0.380484
1731,0.325015,-0.376124
1732,0.336849,-0.371085
1733,0.348307,-0.365387
1734,0.359376,-0.359065
1735,0.369998,-0.352143
1736,0.380165,-0.344655
1737,0.389820,-0.336627
1738,0.398951,-0.328101
1739,0.407519,-0.319103
1740,0.415490,-0.309683
1741,0.422845,-0.299880
1742,0.429568,-0.289733
1743,0.435644,-0.279283
1744,0.441099,-0.268557
1745,0.445891,-0.257578
1746,0.449998,-0.246405
1747,0.453419,-0.235088
1748,0.456152,-0.223667
1749,0.458197,-0.212186
1750,0.459554,-0.200684
1751,0.460230,-0.189204
1752,0.460231,-0.177783
1753,0.459566,-0.166462
1754,0.458247,-0.155278
1755,0.456287,-0.144269
1756,0.453701,-0.133470
1757,0.450508,-0.122917
1758,0.446726,-0.112644
1759,0.443130,-0.101939
1760,0.438746,-0.089854
1761,0.432765,-0.077922
1762,0.426335,-0.066972
1763,0.419895,-0.056117
1764,0.413322,-0.044057
1765,0.405534,-0.032173
1766,0.396876,-0.021018
1767,0.387585,-0.010718
1768,0.377776,-0.001327
1769,0.367523,0.007104
1770,0.356899,0.014566
1771,0.345956,0.021086
1772,0.334705,0.026718
1773,0.323294,0.031561
1774,0.311711,0.035653
1775,0.299988,0.039013
1776,0.288168,0.041660
1777,0.276287,0.043608
1778,0.264361,0.044864
1779,0.252448,0.045411
1780,0.240605,0.045259
1781,0.228872,0.044419
1782,0.217290,0.042903
1783,0.205895,0.040725
1784,0.194726,0.037903
1785,0.183779,0.034468
1786,0.173114,0.030409
1787,0.162770,0.025765
1788,0.152591,0.021092
1789,0.142098,0.016784
1790,0.131774,0.010592
1791,0.122005,0.003553
1792,0.112734,-0.004078
1793,0.103981,-0.012203
1794,0.095774,-0.020771
1795,0.088136,-0.029744
1796,0.081085,-0.039085
1797,0.074639,-0.048756
1798,0.068812,-0.058720
1799,0.063616,-0.068936
