0,1.584060,0.033794
1,1.575840,0.024711
2,1.565026,0.011596
3,1.554969,-0.002106
4,1.545708,-0.016359
5,1.537272,-0.031116
6,1.529690,-0.046329
7,1.527596,-0.050592
8,1.526953,-0.062825
9,1.527424,-0.079812
10,1.528917,-0.096744
11,1.529361,-0.101473
12,1.529361,-0.101473
13,1.529361,-0.101473
14,1.529361,-0.101473
15,1.529361,-0.101473
16,1.529361,-0.101473
17,1.529361,-0.101473
18,1.529361,-0.101473
19,1.529361,-0.101473
20,1.524678,-0.090154
21,1.516944,-0.075022
22,1.508312,-0.060379
23,1.498861,-0.046251
24,1.488622,-0.032684
25,1.477627,-0.019721
26,1.465913,-0.007405
27,1.453516,0.004225
28,1.440479,0.015130
29,1.426842,0.025277
30,1.412649,0.034630
31,1.397948,0.043162
32,1.382785,0.050843
33,1.367209,0.057649
34,1.351272,0.063557
35,1.335024,0.068549
36,1.318518,0.072609
37,1.313900,0.073718
38,1.313900,0.073718
39,1.303445,0.067333
40,1.289698,0.057343
41,1.276573,0.046541
42,1.264085,0.035011
43,1.252273,0.022788
44,1.241175,0.009914
45,1.230828,-0.003572
46,1.221265,-0.017624
47,1.212517,-0.032197
48,1.204612,-0.047245
49,1.197576,-0.062718
50,1.195634,-0.067053
51,1.195427,-0.079301
52,1.196503,-0.096261
53,1.198597,-0.113129
54,1.199209,-0.117839
55,1.199209,-0.117839
56,1.199209,-0.117839
57,1.199209,-0.117839
58,1.199209,-0.117839
59,1.199209,-0.117839
60,1.199209,-0.117839
61,1.199209,-0.117839
62,1.199209,-0.117839
63,1.194127,-0.106693
64,1.185859,-0.091846
65,1.176711,-0.077520
66,1.166764,-0.063738
67,1.156048,-0.050543
68,1.144599,-0.037980
69,1.132454,-0.026089
70,1.119651,-0.014908
71,1.106234,-0.004473
72,1.092244,0.005181
73,1.077728,0.014024
74,1.062732,0.022027
75,1.047305,0.029163
76,1.031497,0.035410
77,1.015360,0.040748
78,0.998944,0.045159
79,0.994350,0.046365
80,0.994350,0.046365
81,0.983761,0.040206
82,0.969805,0.030510
83,0.956453,0.019991
84,0.943722,0.008730
85,0.931651,-0.003238
86,0.920282,-0.015873
87,0.909649,-0.029135
88,0.899789,-0.042980
89,0.890732,-0.057363
90,0.882508,-0.072239
91,0.875144,-0.087558
92,0.868663,-0.103272
93,0.863087,-0.119329
94,0.861554,-0.123825
95,0.862480,-0.136040
96,0.865118,-0.152828
97,0.868762,-0.169430
98,0.873344,-0.185798
99,0.874650,-0.190365
100,0.874650,-0.190365
101,0.874650,-0.190365
102,0.874650,-0.190365
103,0.874650,-0.190365
104,0.874650,-0.190365
105,0.874650,-0.190365
106,0.874650,-0.190365
107,0.874650,-0.190365
108,0.867965,-0.180100
109,0.857426,-0.166017
110,0.845926,-0.151829
111,0.833592,-0.137926
112,0.820443,-0.124332
113,0.806579,-0.111340
114,0.792064,-0.099062
115,0.776942,-0.087538
116,0.769721,-0.080066
117,0.755617,-0.071788
118,0.739997,-0.065139
119,0.724042,-0.059371
120,0.707725,-0.054611
121,0.691605,-0.050798
122,0.675465,-0.047915
123,0.659229,-0.045952
124,0.642946,-0.044911
125,0.626666,-0.044792
126,0.610441,-0.045591
127,0.594319,-0.047302
128,0.578351,-0.049917
129,0.562586,-0.053425
130,0.547072,-0.057810
131,0.531857,-0.063058
132,0.516988,-0.069148
133,0.502510,-0.076060
134,0.488468,-0.083768
135,0.474904,-0.092247
136,0.461860,-0.101468
137,0.449376,-0.111400
138,0.437489,-0.122010
139,0.426237,-0.133263
140,0.415654,-0.145121
141,0.405770,-0.157546
142,0.396617,-0.170497
143,0.388222,-0.183932
144,0.380610,-0.197808
145,0.373803,-0.212079
146,0.367823,-0.226700
147,0.362686,-0.241622
148,0.358408,-0.256799
149,0.355001,-0.272181
150,0.352474,-0.287719
151,0.350834,-0.303363
152,0.349660,-0.311036
153,0.347604,-0.306866
154,0.342710,-0.291390
155,0.335896,-0.274092
156,0.328108,-0.257208
157,0.319370,-0.240792
158,0.309851,-0.225169
159,0.303196,-0.217764
160,0.303546,-0.222319
161,0.305341,-0.222717
162,0.308933,-0.225346
163,0.316832,-0.236111
164,0.325518,-0.248084
165,0.334965,-0.259676
166,0.345069,-0.270735
167,0.355552,-0.281134
168,0.362929,-0.290026
169,0.360472,-0.294150
170,0.360466,-0.294151
171,0.361300,-0.295318
172,0.364909,-0.296440
173,0.371095,-0.296257
174,0.379637,-0.294743
175,0.390448,-0.291710
176,0.403542,-0.286968
177,0.417869,-0.280537
178,0.432361,-0.272648
179,0.446651,-0.263711
180,0.461071,-0.255231
181,0.475104,-0.246062
182,0.488599,-0.236112
183,0.501506,-0.225409
184,0.513782,-0.213988
185,0.525387,-0.201886
186,0.536284,-0.189143
187,0.546438,-0.175799
188,0.555815,-0.161898
189,0.564385,-0.147485
190,0.572027,-0.132607
191,0.578919,-0.117319
192,0.584928,-0.101666
193,0.590035,-0.085696
194,0.594223,-0.069460
195,0.597481,-0.053013
196,0.599797,-0.036406
197,0.601163,-0.019694
198,0.601574,-0.002931
199,0.601030,0.013828
200,0.599532,0.030529
201,0.597085,0.047118
202,0.593696,0.063541
203,0.589307,0.079671
204,0.584089,0.095605
205,0.577973,0.111217
206,0.570946,0.126444
207,0.563109,0.141236
208,0.554423,0.155577
209,0.544934,0.169401
210,0.534674,0.182662
211,0.523674,0.195317
212,0.511972,0.207326
213,0.499603,0.218648
214,0.486610,0.229247
215,0.473034,0.239089
216,0.458911,0.248049
217,0.444311,0.256299
218,0.429267,0.263703
219,0.413826,0.270237
220,0.398037,0.275880
221,0.381952,0.280616
222,0.365623,0.284427
223,0.349104,0.287302
224,0.332447,0.289232
225,0.315708,0.290210
226,0.298950,0.290243
227,0.282209,0.289309
228,0.265547,0.287422
229,0.249088,0.284513
230,0.232747,0.280761
231,0.216647,0.276084
232,0.200838,0.270496
233,0.185374,0.264018
234,0.170303,0.256669
235,0.155676,0.248473
236,0.141539,0.239457
237,0.127939,0.229650
238,0.114919,0.219083
239,0.102523,0.207792
240,0.090789,0.195814
241,0.079756,0.183186
242,0.067206,0.172344
243,0.051944,0.164828
244,0.038250,0.157179
245,0.025927,0.147511
246,0.014232,0.136733
247,0.003085,0.125182
248,-0.007610,0.113261
249,-0.017960,0.101227
250,-0.028058,0.089280
251,-0.039105,0.080270
252,-0.050696,0.070466
253,-0.061632,0.059482
254,-0.071669,0.047740
255,-0.081193,0.035622
256,-0.090009,0.023168
257,-0.098115,0.010406
258,-0.105514,-0.002605
259,-0.111283,-0.016315
260,-0.115126,-0.029935
261,-0.117953,-0.043574
262,-0.119957,-0.057311
263,-0.121168,-0.071132
264,-0.124190,-0.085663
265,-0.130177,-0.098558
266,-0.135167,-0.111699
267,-0.139120,-0.125226
268,-0.140019,-0.137947
269,-0.139750,-0.140514
270,-0.139750,-0.140514
271,-0.139750,-0.140514
272,-0.129318,-0.138316
273,-0.113200,-0.133545
274,-0.097809,-0.128009
275,-0.082307,-0.121361
276,-0.067092,-0.113781
277,-0.052334,-0.105349
278,-0.038079,-0.096091
279,-0.024374,-0.086036
280,-0.011264,-0.075218
281,0.001210,-0.063672
282,0.004678,-0.060426
283,0.004678,-0.060426
284,0.004678,-0.060426
285,0.004678,-0.060426
286,0.004678,-0.060426
287,0.004678,-0.060426
288,0.004678,-0.060426
289,0.004678,-0.060426
290,-0.004912,-0.068048
291,-0.017324,-0.079655
292,-0.029019,-0.091990
293,-0.039993,-0.104971
294,-0.051570,-0.117544
295,-0.063926,-0.129536
296,-0.076196,-0.141532
297,-0.088201,-0.153590
298,-0.091540,-0.156955
299,-0.091540,-0.156955
300,-0.087742,-0.168601
301,-0.081194,-0.184283
302,-0.080988,-0.185626
303,-0.080988,-0.185626
304,-0.075132,-0.184673
305,-0.063470,-0.183504
306,-0.049288,-0.183392
307,-0.032980,-0.185625
308,-0.016177,-0.187669
309,0.000767,-0.188861
310,0.017756,-0.189093
311,0.034734,-0.188363
312,0.051645,-0.186673
313,0.068435,-0.184026
314,0.085047,-0.180430
315,0.101429,-0.175895
316,0.113550,-0.170777
317,0.113967,-0.166247
318,0.113948,-0.166208
319,0.116749,-0.160042
320,0.123125,-0.147879
321,0.129752,-0.133811
322,0.135201,-0.118887
323,0.138778,-0.102779
324,0.141104,-0.086245
325,0.142667,-0.069538
326,0.143227,-0.052584
327,0.143634,-0.035677
328,0.142175,-0.024966
329,0.144144,-0.016874
330,0.146359,-0.008039
331,0.148005,0.000963
332,0.148892,0.010135
333,0.149360,0.019709
334,0.149170,0.029382
335,0.145275,0.037749
336,0.139364,0.045544
337,0.132798,0.053288
338,0.125632,0.060966
339,0.117857,0.068535
340,0.109462,0.075948
341,0.100443,0.083156
342,0.090795,0.090108
343,0.081482,0.099208
344,0.070843,0.106738
345,0.059400,0.113317
346,0.047431,0.119332
347,0.034960,0.124733
348,0.022330,0.131047
349,0.009613,0.137160
350,-0.003390,0.141501
351,-0.016543,0.145041
352,-0.029779,0.147862
353,-0.043056,0.149952
354,-0.056335,0.151313
355,-0.069576,0.151952
356,-0.082743,0.151877
357,-0.095798,0.151099
358,-0.108704,0.149628
359,-0.121426,0.147479
360,-0.133929,0.144667
361,-0.146180,0.141210
362,-0.158403,0.136856
363,-0.170047,0.132161
364,-0.181348,0.126883
365,-0.192275,0.121044
366,-0.202802,0.114670
367,-0.212903,0.107785
368,-0.222556,0.100417
369,-0.231737,0.092594
370,-0.240427,0.084344
371,-0.248607,0.075699
372,-0.256260,0.066687
373,-0.263372,0.057340
374,-0.269929,0.047691
375,-0.275919,0.037771
376,-0.281334,0.027612
377,-0.286166,0.017247
378,-0.290407,0.006710
379,-0.294055,-0.003968
380,-0.297107,-0.014753
381,-0.299562,-0.025612
382,-0.301422,-0.036515
383,-0.302689,-0.047427
384,-0.303368,-0.058318
385,-0.303465,-0.069158
386,-0.302989,-0.079914
387,-0.301947,-0.090559
388,-0.300352,-0.101062
389,-0.298215,-0.111396
390,-0.295550,-0.121533
391,-0.292372,-0.131448
392,-0.288698,-0.141115
393,-0.284545,-0.150510
394,-0.279613,-0.159804
395,-0.274551,-0.168577
396,-0.269071,-0.177015
397,-0.263193,-0.185096
398,-0.256938,-0.192804
399,-0.250331,-0.200120
400,-0.243394,-0.207031
401,-0.236151,-0.213521
402,-0.228629,-0.219580
403,-0.220852,-0.225196
404,-0.212844,-0.230360
405,-0.204633,-0.235064
406,-0.196244,-0.239301
407,-0.187704,-0.243067
408,-0.179037,-0.246357
409,-0.170270,-0.249169
410,-0.161429,-0.251503
411,-0.152540,-0.253358
412,-0.143628,-0.254738
413,-0.134717,-0.255644
414,-0.125833,-0.256082
415,-0.117000,-0.256056
416,-0.108240,-0.255575
417,-0.099577,-0.254645
418,-0.091034,-0.253277
419,-0.082632,-0.251480
420,-0.074391,-0.249265
421,-0.066332,-0.246645
422,-0.058474,-0.243634
423,-0.050835,-0.240244
424,-0.044654,-0.243635
425,-0.041192,-0.250748
426,-0.038342,-0.258138
427,-0.035190,-0.265040
428,-0.031784,-0.272148
429,-0.027989,-0.279094
430,-0.023809,-0.285857
431,-0.019253,-0.292415
432,-0.014331,-0.298747
433,-0.009053,-0.304832
434,-0.003431,-0.310650
435,0.002521,-0.316181
436,0.008788,-0.321407
437,0.015356,-0.326308
438,0.022207,-0.330869
439,0.029324,-0.335071
440,0.032773,-0.339851
441,0.037374,-0.345263
442,0.044162,-0.351348
443,0.052729,-0.357934
444,0.062902,-0.364757
445,0.074545,-0.371580
446,0.087524,-0.378196
447,0.101694,-0.384428
448,0.116897,-0.390123
449,0.132962,-0.395148
450,0.149703,-0.399390
451,0.166934,-0.402759
452,0.184513,-0.405192
453,0.202348,-0.406650
454,0.220354,-0.407116
455,0.238449,-0.406571
456,0.256572,-0.405007
457,0.274637,-0.402418
458,0.292439,-0.398786
459,0.308670,-0.394180
460,0.324751,-0.388727
461,0.340848,-0.382308
462,0.356848,-0.374910
463,0.372682,-0.366532
464,0.388259,-0.357176
465,0.403422,-0.346886
466,0.418095,-0.335690
467,0.432160,-0.323649
468,0.445388,-0.310893
469,0.457868,-0.297414
470,0.469691,-0.283137
471,0.480635,-0.268253
472,0.490746,-0.252737
473,0.499985,-0.236644
474,0.508237,-0.220117
475,0.515602,-0.203156
476,0.521952,-0.185741
477,0.527221,-0.168130
478,0.531096,-0.150983
479,0.533786,-0.134368
480,0.535601,-0.117375
481,0.536528,-0.100061
482,0.536501,-0.082487
483,0.535526,-0.064716
484,0.533574,-0.046758
485,0.530609,-0.028712
486,0.526595,-0.010707
487,0.521550,0.007125
488,0.515502,0.024604
489,0.508476,0.041643
490,0.500490,0.058265
491,0.491590,0.074324
492,0.481804,0.089823
493,0.471174,0.104675
494,0.459740,0.118858
495,0.447539,0.132326
496,0.435303,0.143878
497,0.422628,0.154511
498,0.409380,0.164390
499,0.395602,0.173486
500,0.381340,0.181770
501,0.366693,0.189261
502,0.351731,0.195847
503,0.336431,0.201498
504,0.320863,0.206239
505,0.305071,0.210068
506,0.289130,0.212977
507,0.273084,0.214953
508,0.256992,0.215998
509,0.240910,0.216111
510,0.224886,0.215296
511,0.208987,0.213565
512,0.193265,0.210922
513,0.177761,0.207383
514,0.162540,0.202969
515,0.148413,0.197732
516,0.134278,0.191691
517,0.120506,0.184855
518,0.107143,0.177244
519,0.094230,0.168882
520,0.081812,0.159798
521,0.069927,0.150019
522,0.058685,0.139639
523,0.048240,0.128731
524,0.038455,0.117238
525,0.029385,0.105253
526,0.021060,0.092798
527,0.013632,0.080100
528,0.007190,0.067211
529,0.001506,0.053967
530,-0.003376,0.040481
531,-0.008055,0.028756
532,-0.010671,0.017570
533,-0.011950,0.006843
534,-0.012213,-0.003547
535,-0.011637,-0.013678
536,-0.010333,-0.023590
537,-0.008374,-0.033299
538,-0.005809,-0.042804
539,-0.002674,-0.052097
540,0.001007,-0.061161
541,0.005221,-0.069988
542,0.009966,-0.078590
543,0.015169,-0.086574
544,0.020809,-0.094629
545,0.026873,-0.102316
546,0.033372,-0.109629
547,0.040284,-0.116553
548,0.047571,-0.123063
549,0.055225,-0.129144
550,0.063212,-0.134777
551,0.071502,-0.139944
552,0.080080,-0.144629
553,0.088909,-0.148817
554,0.097963,-0.152496
555,0.107213,-0.155653
556,0.116629,-0.158279
557,0.126179,-0.160364
558,0.135834,-0.161902
559,0.145561,-0.162888
560,0.155329,-0.163318
561,0.165107,-0.163191
562,0.174862,-0.162507
563,0.184564,-0.161268
564,0.194180,-0.159479
565,0.203678,-0.157144
566,0.213029,-0.154272
567,0.222203,-0.150872
568,0.231168,-0.146955
569,0.239896,-0.142533
570,0.248359,-0.137621
571,0.256529,-0.132234
572,0.264380,-0.126390
573,0.271886,-0.120108
574,0.279034,-0.113382
575,0.285468,-0.106357
576,0.288202,-0.098987
577,0.286702,-0.092219
578,0.283788,-0.086481
579,0.280102,-0.081660
580,0.275843,-0.077585
581,0.271148,-0.074146
582,0.266119,-0.071271
583,0.260836,-0.068907
584,0.255359,-0.067017
585,0.249741,-0.065571
586,0.244035,-0.064544
587,0.238262,-0.063913
588,0.232452,-0.063666
589,0.226632,-0.063792
590,0.220828,-0.064277
591,0.215058,-0.065117
592,0.209348,-0.066304
593,0.203716,-0.067827
594,0.198177,-0.069680
595,0.192759,-0.071849
596,0.187470,-0.074334
597,0.182334,-0.077121
598,0.177364,-0.080199
599,0.172580,-0.083554
600,0.167992,-0.087184
601,0.163622,-0.091067
602,0.159479,-0.095194
603,0.155577,-0.099551
604,0.151931,-0.104127
605,0.149359,-0.109357
606,0.148418,-0.116584
607,0.147767,-0.124684
608,0.147687,-0.133326
609,0.147774,-0.141648
610,0.148283,-0.149900
611,0.149209,-0.158058
612,0.151593,-0.166713
613,0.155607,-0.176273
614,0.160466,-0.185934
615,0.166026,-0.195439
616,0.172215,-0.204676
617,0.178988,-0.213585
618,0.186313,-0.222121
619,0.194164,-0.230246
620,0.202511,-0.237927
621,0.211327,-0.245132
622,0.220581,-0.251833
623,0.230242,-0.258002
624,0.240274,-0.263616
625,0.250645,-0.268650
626,0.261317,-0.273086
627,0.272253,-0.276905
628,0.283395,-0.280096
629,0.294720,-0.282645
630,0.306198,-0.284540
631,0.317770,-0.285777
632,0.329402,-0.286353
633,0.341062,-0.286260
634,0.352691,-0.285508
635,0.364256,-0.284099
636,0.375716,-0.282041
637,0.387037,-0.279339
638,0.398168,-0.276013
639,0.409075,-0.272078
640,0.419899,-0.267260
641,0.430174,-0.262215
642,0.440189,-0.256627
643,0.449830,-0.250483
644,0.459099,-0.243846
645,0.467959,-0.236722
646,0.476363,-0.229161
647,0.484312,-0.221193
648,0.491769,-0.212854
649,0.498733,-0.204175
650,0.505172,-0.195190
651,0.511088,-0.185933
652,0.516460,-0.176437
653,0.521285,-0.166735
654,0.525557,-0.156860
655,0.529264,-0.146842
656,0.532417,-0.136712
657,0.535062,-0.125752
658,0.536880,-0.112995
659,0.537691,-0.100626
660,0.537811,-0.088458
661,0.537267,-0.076434
662,0.536070,-0.064548
663,0.534235,-0.052817
664,0.531782,-0.041275
665,0.528733,-0.029955
666,0.526153,-0.018928
667,0.523981,-0.009215
668,0.521066,-0.000058
669,0.517458,0.009114
670,0.513269,0.017963
671,0.508582,0.026522
672,0.503125,0.034905
673,0.497612,0.042785
674,0.491697,0.050359
675,0.485351,0.057589
676,0.478637,0.064426
677,0.471579,0.070864
678,0.464203,0.076886
679,0.456534,0.082477
680,0.448599,0.087621
681,0.440424,0.092309
682,0.432034,0.096529
683,0.423457,0.100272
684,0.414722,0.103529
685,0.405855,0.106297
686,0.396883,0.108569
687,0.387835,0.110344
688,0.378741,0.111620
689,0.369627,0.112399
690,0.360519,0.112681
691,0.351446,0.112470
692,0.342435,0.111772
693,0.333513,0.110594
694,0.324703,0.108944
695,0.316034,0.106829
696,0.307527,0.104263
697,0.299207,0.101256
698,0.291096,0.097821
699,0.283219,0.093974
700,0.275593,0.089731
701,0.268240,0.085107
702,0.261178,0.080121
703,0.254423,0.074790
704,0.247923,0.068769
705,0.243326,0.066724
706,0.239027,0.067622
707,0.234640,0.069152
708,0.230054,0.070774
709,0.225265,0.072369
710,0.220292,0.073861
711,0.215163,0.075196
712,0.209902,0.076336
713,0.204531,0.077252
714,0.199072,0.077924
715,0.193551,0.078334
716,0.187989,0.078475
717,0.182402,0.078344
718,0.176803,0.077940
719,0.171205,0.077260
720,0.165621,0.076302
721,0.160066,0.075067
722,0.154552,0.073554
723,0.149094,0.071762
724,0.143706,0.069695
725,0.138401,0.067353
726,0.133194,0.064740
727,0.128098,0.061858
728,0.123128,0.058712
729,0.118297,0.055307
730,0.113620,0.051647
731,0.109108,0.047740
732,0.102922,0.042512
733,0.095094,0.037470
734,0.086533,0.032688
735,0.077767,0.027829
736,0.069216,0.022655
737,0.061302,0.017071
738,0.053311,0.010995
739,0.045641,0.004467
740,0.038319,-0.002498
741,0.031371,-0.009880
742,0.024819,-0.017660
743,0.018687,-0.025816
744,0.012997,-0.034326
745,0.007769,-0.043167
746,0.003024,-0.052312
747,-0.001307,-0.061816
748,-0.006145,-0.072522
749,-0.010657,-0.083727
750,-0.014662,-0.095317
751,-0.018084,-0.107219
752,-0.020875,-0.119370
753,-0.022998,-0.131711
754,-0.024459,-0.144226
755,-0.025240,-0.156879
756,-0.025329,-0.169632
757,-0.024719,-0.182445
758,-0.023408,-0.195295
759,-0.021383,-0.208133
760,-0.018648,-0.220930
761,-0.015199,-0.233646
762,-0.011036,-0.246242
763,-0.006163,-0.258693
764,-0.000578,-0.270930
765,0.005701,-0.282947
766,0.012678,-0.294691
767,0.020336,-0.306127
768,0.028665,-0.317202
769,0.037505,-0.327525
770,0.047083,-0.337808
771,0.057289,-0.347563
772,0.068040,-0.356762
773,0.079378,-0.365547
774,0.091296,-0.373734
775,0.103713,-0.381280
776,0.116593,-0.388183
777,0.129939,-0.394449
778,0.143697,-0.399980
779,0.157817,-0.404777
780,0.172259,-0.408806
781,0.186971,-0.412038
782,0.201907,-0.414463
783,0.217017,-0.416055
784,0.232249,-0.416803
785,0.247551,-0.416697
786,0.262867,-0.415725
787,0.278150,-0.413896
788,0.293344,-0.411199
789,0.308393,-0.407641
790,0.323248,-0.403232
791,0.337854,-0.397976
792,0.352162,-0.391895
793,0.366123,-0.385005
794,0.379689,-0.377324
795,0.392814,-0.368877
796,0.405452,-0.359689
797,0.417556,-0.349784
798,0.429091,-0.339203
799,0.440011,-0.327972
800,0.450283,-0.316132
801,0.460428,-0.305551
802,0.470300,-0.294569
803,0.478476,-0.282085
804,0.485536,-0.268877
805,0.491714,-0.255205
806,0.497093,-0.241214
807,0.501635,-0.226959
808,0.505327,-0.212470
809,0.508174,-0.197802
810,0.510173,-0.183009
811,0.511318,-0.168141
812,0.511607,-0.153249
813,0.511041,-0.138383
814,0.509623,-0.123583
815,0.507363,-0.108911
816,0.504462,-0.094491
817,0.500647,-0.080303
818,0.495993,-0.066381
819,0.490532,-0.052763
820,0.484306,-0.039572
821,0.477325,-0.026783
822,0.469633,-0.014448
823,0.461255,-0.002609
824,0.452226,0.008713
825,0.442577,0.019454
826,0.432338,0.029614
827,0.421571,0.039127
828,0.410289,0.047995
829,0.398547,0.056165
830,0.386380,0.063632
831,0.374101,0.070084
832,0.361259,0.076085
833,0.348095,0.081350
834,0.334650,0.085859
835,0.321085,0.089522
836,0.307430,0.092317
837,0.293888,0.094205
838,0.280408,0.095243
839,0.266898,0.095507
840,0.253471,0.094974
841,0.240134,0.093668
842,0.226966,0.091586
843,0.214024,0.088744
844,0.201326,0.085164
845,0.188976,0.080856
846,0.176958,0.075857
847,0.165382,0.070184
848,0.154256,0.063876
849,0.143662,0.056967
850,0.133633,0.049501
851,0.124207,0.041522
852,0.115365,0.033185
853,0.107421,0.024450
854,0.100187,0.015336
855,0.093661,0.005914
856,0.087914,-0.003728
857,0.082960,-0.013522
858,0.078779,-0.023415
859,0.075312,-0.033382
860,0.072652,-0.043325
861,0.070831,-0.053162
862,0.069542,-0.062930
863,0.068768,-0.072776
864,0.068717,-0.082357
865,0.068977,-0.092293
866,0.069713,-0.102320
867,0.071003,-0.112382
868,0.073119,-0.122195
869,0.075983,-0.131462
870,0.079425,-0.140187
871,0.083373,-0.148423
872,0.087798,-0.156168
873,0.092697,-0.162961
874,0.098084,-0.167951
875,0.103653,-0.172359
876,0.109351,-0.176313
877,0.115191,-0.179838
878,0.121158,-0.182995
879,0.127254,-0.185776
880,0.133466,-0.188202
881,0.139779,-0.190241
882,0.146174,-0.191900
883,0.152621,-0.193177
884,0.159090,-0.194017
885,0.165569,-0.194476
886,0.172043,-0.194562
887,0.178505,-0.194345
888,0.184945,-0.193772
889,0.191318,-0.192811
890,0.197609,-0.191494
891,0.203796,-0.189821
892,0.209855,-0.187796
893,0.215770,-0.185437
894,0.221522,-0.182744
895,0.227080,-0.179730
896,0.232137,-0.176226
897,0.237280,-0.172671
898,0.242173,-0.168810
899,0.246808,-0.164660
900,0.251154,-0.160247
901,0.255192,-0.155585
902,0.258935,-0.150647
903,0.262339,-0.145556
904,0.265403,-0.140264
905,0.268120,-0.134803
906,0.270485,-0.129192
907,0.272498,-0.123454
908,0.274154,-0.117608
909,0.275453,-0.111678
910,0.276397,-0.105684
911,0.276985,-0.099641
912,0.277213,-0.093569
913,0.277077,-0.087498
914,0.276574,-0.081443
915,0.275717,-0.075431
916,0.274508,-0.069487
917,0.272956,-0.063620
918,0.271068,-0.057855
919,0.268850,-0.052209
920,0.266312,-0.046699
921,0.263465,-0.041345
922,0.260314,-0.036163
923,0.256873,-0.031171
924,0.253151,-0.026384
925,0.249163,-0.021818
926,0.244918,-0.017486
927,0.240437,-0.013406
928,0.235698,-0.009935
929,0.230747,-0.006318
930,0.225667,-0.002992
931,0.220420,0.000007
932,0.215001,0.002686
933,0.209441,0.005036
934,0.203751,0.007059
935,0.197917,0.008763
936,0.192035,0.010140
937,0.186078,0.011167
938,0.180074,0.011850
939,0.174041,0.012184
940,0.168001,0.012172
941,0.161972,0.011814
942,0.155973,0.011111
943,0.150024,0.010065
944,0.144146,0.008681
945,0.138357,0.006963
946,0.132675,0.004916
947,0.127122,0.002550
948,0.121712,-0.000133
949,0.116465,-0.003120
950,0.111401,-0.006401
951,0.106530,-0.009968
952,0.101873,-0.013806
953,0.097445,-0.017904
954,0.093256,-0.022249
955,0.089324,-0.026826
956,0.085663,-0.031618
957,0.082280,-0.036615
958,0.079188,-0.041795
959,0.076400,-0.047141
960,0.074264,-0.052582
961,0.072037,-0.058261
962,0.070125,-0.063991
963,0.068569,-0.069799
964,0.067365,-0.075690
965,0.066510,-0.081638
966,0.066005,-0.087623
967,0.065845,-0.093647
968,0.066025,-0.099656
969,0.066550,-0.105645
970,0.067419,-0.111594
971,0.068628,-0.117483
972,0.070171,-0.123290
973,0.072044,-0.129002
974,0.074239,-0.134594
975,0.076754,-0.140053
976,0.079645,-0.145333
977,0.083079,-0.150238
978,0.086753,-0.154854
979,0.090680,-0.159218
980,0.094835,-0.163338
981,0.099235,-0.167186
982,0.103823,-0.170782
983,0.108580,-0.174146
984,0.113528,-0.177269
985,0.118596,-0.180070
986,0.123763,-0.182536
987,0.129043,-0.184695
988,0.134426,-0.186531
989,0.139896,-0.188038
990,0.145435,-0.189208
991,0.151023,-0.190038
992,0.156541,-0.190207
993,0.162233,-0.190423
994,0.167830,-0.190309
995,0.173401,-0.189835
996,0.178930,-0.189016
997,0.184391,-0.187860
998,0.189772,-0.186373
999,0.195053,-0.184570
1000,0.200250,-0.182450
1001,0.205292,-0.180051
1002,0.210190,-0.177353
1003,0.214910,-0.174375
1004,0.219452,-0.171121
1005,0.223799,-0.167610
1006,0.227934,-0.163855
1007,0.231845,-0.159868
1008,0.235521,-0.155662
1009,0.238948,-0.151253
1010,0.242115,-0.146657
1011,0.245018,-0.141879
1012,0.247634,-0.136956
1013,0.249964,-0.131885
1014,0.252000,-0.126689
1015,0.253734,-0.121387
1016,0.255163,-0.115987
1017,0.256281,-0.110524
1018,0.257080,-0.105007
1019,0.257559,-0.099452
1020,0.257718,-0.093878
1021,0.257558,-0.088308
1022,0.257081,-0.082746
1023,0.256287,-0.077231
1024,0.254904,-0.071980
1025,0.253519,-0.066509
1026,0.251871,-0.061172
1027,0.249909,-0.055990
1028,0.247634,-0.050936
1029,0.245060,-0.046022
1030,0.242202,-0.041271
1031,0.239073,-0.036695
1032,0.235684,-0.032311
1033,0.232037,-0.028107
1034,0.228170,-0.024125
1035,0.224080,-0.020373
1036,0.219782,-0.016862
1037,0.215291,-0.013606
1038,0.210620,-0.010611
1039,0.205788,-0.007889
1040,0.200805,-0.005449
1041,0.195693,-0.003300
1042,0.190459,-0.001445
1043,0.185137,0.000104
1044,0.179736,0.001342
1045,0.174269,0.002270
1046,0.168762,0.002884
1047,0.163220,0.003181
1048,0.157680,0.003161
1049,0.152152,0.002820
1050,0.146649,0.002164
1051,0.141196,0.001194
1052,0.135799,-0.000089
1053,0.130494,-0.001675
1054,0.125292,-0.003565
1055,0.120197,-0.005753
1056,0.115510,-0.008438
1057,0.110615,-0.011175
1058,0.105929,-0.014126
1059,0.101456,-0.017348
1060,0.097184,-0.020835
1061,0.093137,-0.024566
1062,0.089313,-0.028533
1063,0.085730,-0.032716
1064,0.082394,-0.037100
1065,0.079309,-0.041680
1066,0.076492,-0.046413
1067,0.073951,-0.051305
1068,0.071694,-0.056334
1069,0.069728,-0.061484
1070,0.068060,-0.066738
1071,0.066693,-0.072079
1072,0.065636,-0.077486
1073,0.064890,-0.082954
1074,0.064460,-0.088445
1075,0.064348,-0.093949
1076,0.064553,-0.099453
1077,0.065070,-0.104938
1078,0.065901,-0.110381
1079,0.067045,-0.115776
1080,0.068493,-0.121086
1081,0.070246,-0.126302
1082,0.072295,-0.131413
1083,0.074631,-0.136395
1084,0.077254,-0.141242
1085,0.080145,-0.145922
1086,0.083300,-0.150426
1087,0.086714,-0.154750
1088,0.090484,-0.158518
1089,0.094374,-0.162462
1090,0.098482,-0.166232
1091,0.102714,-0.169714
1092,0.107150,-0.172917
1093,0.111774,-0.175850
1094,0.116560,-0.178497
1095,0.121497,-0.180860
1096,0.126560,-0.182931
1097,0.131734,-0.184703
1098,0.137024,-0.186187
1099,0.142372,-0.187369
1100,0.147782,-0.188242
1101,0.153228,-0.188802
1102,0.158701,-0.189048
1103,0.164175,-0.188980
1104,0.169644,-0.188597
1105,0.175072,-0.187903
1106,0.180449,-0.186895
1107,0.185770,-0.185580
1108,0.190997,-0.183967
1109,0.196120,-0.182053
1110,0.201128,-0.179848
1111,0.205999,-0.177362
1112,0.210727,-0.174595
1113,0.215280,-0.171569
1114,0.219649,-0.168285
1115,0.223826,-0.164753
1116,0.227793,-0.160990
1117,0.231535,-0.157004
1118,0.235041,-0.152810
1119,0.238301,-0.148422
1120,0.240932,-0.143830
1121,0.243699,-0.139082
1122,0.246244,-0.134168
1123,0.248507,-0.129183
1124,0.250440,-0.124107
1125,0.252060,-0.118915
1126,0.253362,-0.113645
1127,0.254351,-0.108299
1128,0.255028,-0.102906
1129,0.255389,-0.097484
1130,0.255437,-0.092051
1131,0.255177,-0.086602
1132,0.254614,-0.081192
1133,0.253739,-0.075827
1134,0.252556,-0.070516
1135,0.251072,-0.065286
1136,0.249288,-0.060141
1137,0.247216,-0.055116
1138,0.244858,-0.050222
1139,0.242220,-0.045467
1140,0.239318,-0.040873
1141,0.236151,-0.036447
1142,0.232743,-0.032217
1143,0.229096,-0.028194
1144,0.225218,-0.024378
1145,0.221136,-0.020797
1146,0.216855,-0.017460
1147,0.212388,-0.014372
1148,0.207751,-0.011543
1149,0.202962,-0.008987
1150,0.198026,-0.006707
1151,0.192978,-0.004717
1152,0.187891,-0.003390
1153,0.182622,-0.001971
1154,0.177252,-0.000807
1155,0.171886,0.000069
1156,0.166513,0.000605
1157,0.161120,0.000812
1158,0.155721,0.000697
1159,0.150341,0.000263
1160,0.144996,-0.000487
1161,0.139705,-0.001546
1162,0.134484,-0.002910
1163,0.129349,-0.004584
1164,0.124316,-0.006536
1165,0.119401,-0.008773
1166,0.114620,-0.011286
1167,0.109988,-0.014067
1168,0.105527,-0.017108
1169,0.101242,-0.020405
1170,0.097161,-0.023936
1171,0.093292,-0.027696
1172,0.089637,-0.031678
1173,0.086223,-0.035855
1174,0.083058,-0.040221
1175,0.080147,-0.044766
1176,0.077502,-0.049466
1177,0.075127,-0.054318
1178,0.073038,-0.059288
1179,0.071240,-0.064369
1180,0.069736,-0.069549
1181,0.068532,-0.074802
1182,0.067629,-0.080125
1183,0.067035,-0.085480
1184,0.067093,-0.090708
1185,0.067103,-0.096126
1186,0.067384,-0.101575
1187,0.067940,-0.106949
1188,0.068819,-0.112234
1189,0.070024,-0.117451
1190,0.071542,-0.122592
1191,0.073360,-0.127634
1192,0.075469,-0.132559
1193,0.077862,-0.137356
1194,0.080527,-0.142005
1195,0.083458,-0.146491
1196,0.086645,-0.150814
1197,0.090069,-0.154953
1198,0.093717,-0.158882
1199,0.097586,-0.162591
1200,0.101668,-0.166080
1201,0.105935,-0.169323
1202,0.110381,-0.172313
1203,0.114996,-0.175044
1204,0.119757,-0.177506
1205,0.124652,-0.179688
1206,0.129664,-0.181585
1207,0.134775,-0.183192
1208,0.139969,-0.184504
1209,0.145229,-0.185516
1210,0.150540,-0.186225
1211,0.155878,-0.186627
1212,0.161234,-0.186719
1213,0.166584,-0.186505
1214,0.171912,-0.185981
1215,0.177200,-0.185152
1216,0.182431,-0.184022
1217,0.187381,-0.182321
1218,0.192534,-0.180636
1219,0.197537,-0.178710
1220,0.202373,-0.176491
1221,0.207067,-0.173976
1222,0.211591,-0.171187
1223,0.215948,-0.168131
1224,0.220117,-0.164825
1225,0.224084,-0.161283
1226,0.227842,-0.157516
1227,0.231374,-0.153539
1228,0.234656,-0.149356
1229,0.237711,-0.144995
1230,0.240512,-0.140471
1231,0.243053,-0.135794
1232,0.245323,-0.130978
1233,0.247311,-0.126043
1234,0.249015,-0.120994
1235,0.250423,-0.115866
1236,0.251531,-0.110667
1237,0.252336,-0.105411
1238,0.252840,-0.100118
1239,0.253041,-0.094802
1240,0.252936,-0.089489
1241,0.252525,-0.084181
1242,0.251811,-0.078916
1243,0.250792,-0.073704
1244,0.249474,-0.068558
1245,0.247864,-0.063495
1246,0.245966,-0.058532
1247,0.243787,-0.053690
1248,0.241331,-0.048973
1249,0.238386,-0.044669
1250,0.235426,-0.040178
1251,0.232275,-0.035911
1252,0.228878,-0.031872
1253,0.225239,-0.028050
1254,0.221375,-0.024450
1255,0.217305,-0.021086
1256,0.213046,-0.017968
1257,0.208614,-0.015104
1258,0.204021,-0.012501
1259,0.199286,-0.010168
1260,0.194427,-0.008113
1261,0.189447,-0.006334
1262,0.184381,-0.004842
1263,0.179230,-0.003636
1264,0.174029,-0.002728
1265,0.168786,-0.002125
1266,0.163507,-0.001821
1267,0.158230,-0.001820
1268,0.152963,-0.002126
1269,0.147712,-0.002733
1270,0.142515,-0.003638
1271,0.137381,-0.004844
1272,0.132314,-0.006344
1273,0.127352,-0.008128
1274,0.122503,-0.010197
1275,0.117771,-0.012543
1276,0.113190,-0.015152
1277,0.108771,-0.018023
1278,0.104514,-0.021147
1279,0.100451,-0.024503
1280,0.096592,-0.028088
1281,0.093257,-0.032032
1282,0.089741,-0.036048
1283,0.086460,-0.040201
1284,0.083483,-0.044505
1285,0.080780,-0.048988
1286,0.078347,-0.053631
1287,0.076195,-0.058409
1288,0.074329,-0.063305
1289,0.072752,-0.068300
1290,0.071467,-0.073380
1291,0.070477,-0.078527
1292,0.069786,-0.083718
1293,0.069467,-0.088945
1294,0.069468,-0.094207
1295,0.069733,-0.099437
1296,0.070292,-0.104627
1297,0.071148,-0.109770
1298,0.072303,-0.114847
1299,0.073755,-0.119841
1300,0.075500,-0.124724
1301,0.077536,-0.129495
1302,0.079851,-0.134131
1303,0.082438,-0.138606
1304,0.085289,-0.142919
1305,0.088390,-0.147041
1306,0.091733,-0.150969
1307,0.095302,-0.154681
1308,0.099084,-0.158164
1309,0.103069,-0.161413
1310,0.107238,-0.164414
1311,0.111574,-0.167150
1312,0.116064,-0.169617
1313,0.120759,-0.171484
1314,0.125548,-0.173508
1315,0.130332,-0.175207
1316,0.135209,-0.176571
1317,0.140162,-0.177610
1318,0.145177,-0.178331
1319,0.150219,-0.178738
1320,0.155272,-0.178831
1321,0.160323,-0.178614
1322,0.165345,-0.178090
1323,0.170311,-0.177255
1324,0.175221,-0.176120
1325,0.179970,-0.174528
1326,0.184632,-0.172612
1327,0.189221,-0.170470
1328,0.193720,-0.168111
1329,0.197986,-0.165539
1330,0.202051,-0.162695
1331,0.205903,-0.159588
1332,0.209527,-0.156233
1333,0.212906,-0.152645
1334,0.216020,-0.148842
1335,0.218865,-0.144839
1336,0.221424,-0.140659
1337,0.223683,-0.136319
1338,0.225634,-0.131840
1339,0.227266,-0.127243
1340,0.228572,-0.122549
1341,0.229541,-0.117783
1342,0.230176,-0.112962
1343,0.230470,-0.108113
1344,0.230415,-0.103262
1345,0.229719,-0.098426
1346,0.229150,-0.093560
1347,0.228168,-0.088889
1348,0.226803,-0.084286
1349,0.225092,-0.079776
1350,0.223043,-0.075405
1351,0.220680,-0.071180
1352,0.218008,-0.067142
1353,0.215046,-0.063296
1354,0.211804,-0.059674
1355,0.208301,-0.056286
1356,0.204321,-0.053347
1357,0.199952,-0.050803
1358,0.195478,-0.048462
1359,0.190913,-0.046329
1360,0.186268,-0.044409
1361,0.181551,-0.042705
1362,0.176772,-0.041217
1363,0.171940,-0.039949
1364,0.167064,-0.038902
1365,0.162197,-0.038298
1366,0.157241,-0.038335
1367,0.152212,-0.038780
1368,0.147180,-0.039598
1369,0.142189,-0.040777
1370,0.137763,-0.042296
1371,0.134257,-0.044649
1372,0.130556,-0.047968
1373,0.126839,-0.052035
1374,0.123239,-0.056680
1375,0.119827,-0.061760
1376,0.116673,-0.067193
1377,0.113878,-0.073186
1378,0.111361,-0.079051
1379,0.109188,-0.085123
1380,0.107357,-0.091348
1381,0.105895,-0.097699
1382,0.104803,-0.104141
1383,0.104088,-0.110651
1384,0.103731,-0.117200
1385,0.103792,-0.123722
1386,0.104214,-0.130250
1387,0.105015,-0.136764
1388,0.106193,-0.143239
1389,0.107714,-0.149650
1390,0.109606,-0.155958
1391,0.111857,-0.162150
1392,0.114461,-0.168204
1393,0.117409,-0.174101
1394,0.120695,-0.179818
1395,0.124294,-0.185348
1396,0.128217,-0.190653
1397,0.132443,-0.195734
1398,0.136955,-0.200568
1399,0.141739,-0.205134
1400,0.146774,-0.209430
1401,0.152060,-0.213416
1402,0.157566,-0.217109
1403,0.163284,-0.220466
1404,0.169197,-0.223495
1405,0.175279,-0.226181
1406,0.181510,-0.228514
1407,0.187868,-0.230486
1408,0.194330,-0.232087
1409,0.201160,-0.233148
1410,0.207712,-0.234035
1411,0.214318,-0.234490
1412,0.220965,-0.234564
1413,0.227622,-0.234249
1414,0.234262,-0.233565
1415,0.240852,-0.232484
1416,0.247270,-0.231024
1417,0.253629,-0.229214
1418,0.259911,-0.227020
1419,0.266080,-0.224450
1420,0.272111,-0.221527
1421,0.277988,-0.218277
1422,0.283663,-0.214687
1423,0.289127,-0.210771
1424,0.294365,-0.206560
1425,0.299340,-0.202044
1426,0.304055,-0.197245
1427,0.308500,-0.192188
1428,0.312635,-0.186871
1429,0.316475,-0.181327
1430,0.319976,-0.175563
1431,0.323158,-0.169607
1432,0.325977,-0.163470
1433,0.328456,-0.157178
1434,0.330555,-0.150749
1435,0.332298,-0.144205
1436,0.333647,-0.137569
1437,0.334617,-0.130856
1438,0.335213,-0.124097
1439,0.335402,-0.117314
1440,0.334920,-0.110278
1441,0.334395,-0.103499
1442,0.333468,-0.096814
1443,0.332097,-0.090199
1444,0.330340,-0.083641
1445,0.328235,-0.077239
1446,0.325764,-0.070999
1447,0.322915,-0.064869
1448,0.319692,-0.058885
1449,0.316111,-0.053079
1450,0.312221,-0.047453
1451,0.308007,-0.042069
1452,0.303497,-0.036922
1453,0.298690,-0.032049
1454,0.293609,-0.027458
1455,0.288279,-0.023154
1456,0.282698,-0.019176
1457,0.276899,-0.015508
1458,0.270888,-0.012193
1459,0.264695,-0.009212
1460,0.258332,-0.006608
1461,0.251827,-0.004356
1462,0.245197,-0.002497
1463,0.238468,-0.001003
1464,0.231660,0.000084
1465,0.224793,0.000795
1466,0.217895,0.001093
1467,0.210982,0.001011
1468,0.204085,0.000514
1469,0.197218,-0.000364
1470,0.190413,-0.001653
1471,0.183682,-0.003316
1472,0.177061,-0.005381
1473,0.170393,-0.008106
1474,0.164084,-0.010860
1475,0.158084,-0.013989
1476,0.152216,-0.017460
1477,0.146509,-0.021307
1478,0.141004,-0.025512
1479,0.135714,-0.030036
1480,0.130686,-0.034865
1481,0.125925,-0.039967
1482,0.121477,-0.045346
1483,0.117327,-0.050970
1484,0.113521,-0.056833
1485,0.110040,-0.062906
1486,0.106929,-0.069179
1487,0.104165,-0.075621
1488,0.101787,-0.082220
1489,0.099778,-0.088946
1490,0.098176,-0.095782
1491,0.096970,-0.102715
1492,0.096149,-0.109706
1493,0.095748,-0.116735
1494,0.095736,-0.123785
1495,0.096147,-0.130825
1496,0.096945,-0.137840
1497,0.098162,-0.144796
1498,0.099763,-0.151684
1499,0.101776,-0.158466
1500,0.104162,-0.165135
1501,0.106944,-0.171650
1502,0.110086,-0.178010
1503,0.113602,-0.184029
1504,0.117781,-0.189943
1505,0.121884,-0.195625
1506,0.126376,-0.201043
1507,0.131198,-0.206219
1508,0.136332,-0.211120
1509,0.141758,-0.215726
1510,0.147440,-0.220034
1511,0.153376,-0.223995
1512,0.159539,-0.227616
1513,0.165898,-0.230893
1514,0.172450,-0.233781
1515,0.179161,-0.236307
1516,0.186014,-0.238430
1517,0.192979,-0.240173
1518,0.200038,-0.241493
1519,0.207170,-0.242423
1520,0.214348,-0.242922
1521,0.221553,-0.243025
1522,0.228755,-0.242693
1523,0.235937,-0.241965
1524,0.243063,-0.240815
1525,0.250120,-0.239269
1526,0.257076,-0.237298
1527,0.263923,-0.234945
1528,0.270618,-0.232182
1529,0.277160,-0.229051
1530,0.283358,-0.225518
1531,0.289357,-0.221677
1532,0.295173,-0.217485
1533,0.300781,-0.212921
1534,0.306174,-0.208048
1535,0.311269,-0.202853
1536,0.316064,-0.197354
1537,0.320561,-0.191254
1538,0.324729,-0.185324
1539,0.328472,-0.179110
1540,0.331880,-0.172654
1541,0.334910,-0.165993
1542,0.337574,-0.159163
1543,0.339822,-0.152177
1544,0.341685,-0.145066
1545,0.343116,-0.137849
1546,0.344149,-0.130552
1547,0.344742,-0.123199
1548,0.344928,-0.115817
1549,0.344669,-0.108435
1550,0.344004,-0.101069
1551,0.342922,-0.093753
1552,0.341396,-0.086510
1553,0.339470,-0.079350
1554,0.337114,-0.072315
1555,0.334370,-0.065410
1556,0.331167,-0.058833
1557,0.327624,-0.052428
1558,0.323727,-0.046198
1559,0.319439,-0.040154
1560,0.314799,-0.034314
1561,0.309839,-0.028724
1562,0.304543,-0.023439
1563,0.298952,-0.018444
1564,0.293063,-0.013792
1565,0.286917,-0.009464
1566,0.280516,-0.005512
1567,0.273897,-0.001913
1568,0.266730,0.001197
1569,0.259768,0.004077
1570,0.252685,0.006481
1571,0.245437,0.008446
1572,0.238055,0.009985
1573,0.230581,0.011119
1574,0.223043,0.011798
1575,0.215465,0.012063
1576,0.207876,0.011866
1577,0.200296,0.011251
1578,0.192765,0.010189
1579,0.185297,0.008710
1580,0.177924,0.006776
1581,0.170770,0.004357
1582,0.163762,0.001542
1583,0.156904,-0.001636
1584,0.150197,-0.005194
1585,0.143675,-0.009158
1586,0.137369,-0.013518
1587,0.131304,-0.018255
1588,0.125501,-0.023323
1589,0.120008,-0.028736
1590,0.114815,-0.034450
1591,0.109974,-0.040475
1592,0.105464,-0.046766
1593,0.101319,-0.053301
1594,0.097577,-0.060091
1595,0.094207,-0.067087
1596,0.091241,-0.074260
1597,0.088715,-0.081613
1598,0.086594,-0.089106
1599,0.084919,-0.096713
1600,0.083667,-0.104409
1601,0.082984,-0.112481
1602,0.082600,-0.120213
1603,0.082719,-0.127978
1604,0.083302,-0.135763
1605,0.084330,-0.143523
1606,0.085924,-0.151105
1607,0.087955,-0.158612
1608,0.090407,-0.166023
1609,0.093256,-0.173318
1610,0.096509,-0.180482
1611,0.100195,-0.187479
1612,0.104303,-0.194278
1613,0.108785,-0.200858
1614,0.113669,-0.207162
1615,0.118900,-0.213201
1616,0.124497,-0.218918
1617,0.130408,-0.224328
1618,0.136613,-0.229393
1619,0.143130,-0.234075
1620,0.149904,-0.238400
1621,0.156910,-0.242334
1622,0.164159,-0.245835
1623,0.171599,-0.248939
1624,0.179201,-0.251616
1625,0.186967,-0.253826
1626,0.194852,-0.255610
1627,0.202823,-0.256943
1628,0.210879,-0.257783
1629,0.218932,-0.258007
1630,0.227028,-0.257753
1631,0.235141,-0.257048
1632,0.243232,-0.255879
1633,0.251567,-0.254099
1634,0.259433,-0.252019
1635,0.267209,-0.249470
1636,0.274893,-0.246463
1637,0.282431,-0.242987
1638,0.289789,-0.239077
1639,0.296930,-0.234765
1640,0.303808,-0.230005
1641,0.310429,-0.224867
1642,0.316732,-0.219321
1643,0.322735,-0.213431
1644,0.328390,-0.207218
1645,0.333671,-0.200671
1646,0.338585,-0.193835
1647,0.343077,-0.186692
1648,0.347180,-0.179304
1649,0.350855,-0.171701
1650,0.354039,-0.163863
1651,0.356630,-0.155797
1652,0.358750,-0.147521
1653,0.360384,-0.139067
1654,0.361567,-0.130480
1655,0.362209,-0.121798
1656,0.362346,-0.113040
1657,0.361984,-0.104253
1658,0.361099,-0.095473
1659,0.359690,-0.086728
1660,0.357764,-0.078047
1661,0.355367,-0.069454
1662,0.352435,-0.061019
1663,0.349001,-0.052741
1664,0.345118,-0.044634
1665,0.340525,-0.036528
1666,0.335776,-0.028961
1667,0.330519,-0.021705
1668,0.324811,-0.014723
1669,0.318710,-0.008024
1670,0.312188,-0.001713
1671,0.305192,0.004159
1672,0.297757,0.009641
1673,0.289919,0.014719
1674,0.281697,0.019345
1675,0.273142,0.023522
1676,0.264246,0.027161
1677,0.255039,0.030274
1678,0.245583,0.032873
1679,0.235910,0.034902
1680,0.226048,0.036342
1681,0.216004,0.037149
1682,0.205843,0.037378
1683,0.195606,0.036973
1684,0.185327,0.035952
1685,0.175049,0.034273
1686,0.164795,0.031938
1687,0.154605,0.028950
1688,0.144530,0.025358
1689,0.134632,0.021234
1690,0.124988,0.016438
1691,0.115566,0.011000
1692,0.106400,0.004902
1693,0.097522,-0.001837
1694,0.088982,-0.009166
1695,0.080826,-0.017129
1696,0.073086,-0.025628
1697,0.065695,-0.034885
1698,0.058974,-0.044235
1699,0.052789,-0.054239
1700,0.047139,-0.064701
1701,0.042079,-0.075545
1702,0.037647,-0.086739
1703,0.033863,-0.098241
1704,0.030749,-0.110008
1705,0.028312,-0.121977
1706,0.026582,-0.134130
1707,0.025560,-0.146414
1708,0.025203,-0.158701
1709,0.025509,-0.170914
1710,0.026613,-0.183213
1711,0.028409,-0.195459
1712,0.030910,-0.207598
1713,0.034105,-0.219589
1714,0.037971,-0.231376
1715,0.042520,-0.242940
1716,0.047704,-0.254218
1717,0.053513,-0.265177
1718,0.059937,-0.275790
1719,0.066937,-0.286011
1720,0.074489,-0.295809
1721,0.082567,-0.305154
1722,0.091132,-0.314012
1723,0.100172,-0.322366
1724,0.109632,-0.330181
1725,0.119491,-0.337441
1726,0.129705,-0.344122
1727,0.140238,-0.350208
1728,0.151065,-0.355686
1729,0.162491,-0.360489
1730,0.173714,-0.364704
1731,0.185086,-0.368289
1732,0.196678,-0.371224
1733,0.208348,-0.373502
1734,0.220083,-0.375133
1735,0.231823,-0.376113
1736,0.243555,-0.376454
1737,0.255219,-0.376153
1738,0.266795,-0.375228
1739,0.278237,-0.373682
1740,0.289502,-0.371539
1741,0.300561,-0.368815
1742,0.311385,-0.365526
1743,0.321946,-0.361690
1744,0.332256,-0.357314
1745,0.342258,-0.352399
1746,0.351911,-0.346985
1747,0.361199,-0.341102
1748,0.370099,-0.334775
1749,0.378591,-0.328028
1750,0.386657,-0.320888
1751,0.394279,-0.313380
1752,0.401442,-0.305531
1753,0.408132,-0.297369
1754,0.414337,-0.288921
1755,0.420046,-0.280215
1756,0.425249,-0.271281
1757,0.429939,-0.262146
1758,0.434110,-0.252840
1759,0.437789,-0.242620
1760,0.440961,-0.229991
1761,0.442952,-0.217729
1762,0.444462,-0.205995
1763,0.445878,-0.193912
1764,0.446914,-0.180219
1765,0.446798,-0.166232
1766,0.445709,-0.152533
1767,0.443822,-0.139264
1768,0.441233,-0.126491
1769,0.438011,-0.114265
1770,0.434193,-0.102614
1771,0.429805,-0.091525
1772,0.424839,-0.080958
1773,0.419425,-0.070829
1774,0.413528,-0.061118
1775,0.407162,-0.051823
1776,0.400355,-0.042945
1777,0.393125,-0.034489
1778,0.385473,-0.026472
1779,0.377442,-0.018928
1780,0.369078,-0.011874
1781,0.360409,-0.005320
1782,0.351465,0.000721
1783,0.342275,0.006240
1784,0.332870,0.011229
1785,0.323239,0.015693
1786,0.313439,0.019597
1787,0.303506,0.022954
1788,0.293295,0.025854
1789,0.281748,0.028774
1790,0.270537,0.030513
1791,0.259433,0.031341
1792,0.248379,0.031489
1793,0.237405,0.031032
1794,0.226543,0.029993
1795,0.215826,0.028387
1796,0.205281,0.026227
1797,0.194937,0.023528
1798,0.184822,0.020305
1799,0.174959,0.016575
