0,0.194995,-1.348330
1,0.194995,-1.348330
2,0.194995,-1.348330
3,0.194995,-1.348330
4,0.194995,-1.348330
5,0.194995,-1.348330
6,0.206585,-1.344363
7,0.222170,-1.337589
8,0.237323,-1.329888
9,0.252014,-1.321338
10,0.266194,-1.311966
11,0.279818,-1.301802
12,0.292842,-1.290880
13,0.305223,-1.279234
14,0.316921,-1.266903
15,0.327899,-1.253926
16,0.338121,-1.240345
17,0.347554,-1.226205
18,0.356166,-1.211551
19,0.363932,-1.196431
20,0.370824,-1.180894
21,0.376821,-1.164989
22,0.381904,-1.148769
23,0.386055,-1.132287
24,0.389262,-1.115595
25,0.391514,-1.098747
26,0.392804,-1.081798
27,0.393127,-1.064804
28,0.393191,-1.060054
29,0.388524,-1.048728
30,0.380811,-1.033585
31,0.372200,-1.018931
32,0.362769,-1.004789
33,0.360111,-1.000853
34,0.360111,-1.000853
35,0.348089,-0.998500
36,0.331203,-0.996584
37,0.314229,-0.995687
38,0.297232,-0.995757
39,0.292482,-0.995803
40,0.281267,-1.000731
41,0.266306,-1.008792
42,0.251855,-1.017740
43,0.237936,-1.027495
44,0.224594,-1.038027
45,0.211873,-1.049301
46,0.208336,-1.052472
47,0.208336,-1.052472
48,0.208336,-1.052472
49,0.208336,-1.052472
50,0.208336,-1.052472
51,0.208336,-1.052472
52,0.208336,-1.052472
53,0.208336,-1.052472
54,0.218088,-1.045058
55,0.230749,-1.033722
56,0.242708,-1.021643
57,0.253960,-1.008903
58,0.264469,-0.995544
59,0.274201,-0.981608
60,0.283124,-0.967141
61,0.291210,-0.952190
62,0.298432,-0.936803
63,0.304767,-0.921030
64,0.310194,-0.904922
65,0.314696,-0.888532
66,0.318258,-0.871912
67,0.320869,-0.855116
68,0.322520,-0.838199
69,0.322955,-0.833469
70,0.319188,-0.821813
71,0.312682,-0.806113
72,0.305243,-0.790830
73,0.303139,-0.786571
74,0.303139,-0.786571
75,0.303139,-0.786571
76,0.290905,-0.787197
77,0.274058,-0.789422
78,0.257371,-0.792658
79,0.240895,-0.796837
80,0.224684,-0.801947
81,0.208790,-0.807971
82,0.193264,-0.814890
83,0.178157,-0.822681
84,0.163518,-0.831318
85,0.149394,-0.840775
86,0.135831,-0.851020
87,0.122872,-0.862019
88,0.119269,-0.865114
89,0.119269,-0.865114
90,0.119269,-0.865114
91,0.119269,-0.865114
92,0.119269,-0.865114
93,0.119269,-0.865114
94,0.119269,-0.865114
95,0.131141,-0.862093
96,0.147221,-0.856596
97,0.162945,-0.850140
98,0.178276,-0.842801
99,0.193165,-0.834601
100,0.207563,-0.825567
101,0.221423,-0.815728
102,0.234702,-0.805117
103,0.247355,-0.793768
104,0.259342,-0.781717
105,0.270625,-0.769004
106,0.281165,-0.755669
107,0.290930,-0.741756
108,0.299887,-0.727310
109,0.308008,-0.712378
110,0.315266,-0.697008
111,0.321638,-0.681250
112,0.327103,-0.665155
113,0.331644,-0.648776
114,0.335245,-0.632164
115,0.336225,-0.627516
116,0.333835,-0.615502
117,0.329193,-0.599154
118,0.323576,-0.583111
119,0.317055,-0.567414
120,0.315208,-0.563038
121,0.315208,-0.563038
122,0.315208,-0.563038
123,0.302958,-0.562938
124,0.286008,-0.564162
125,0.269159,-0.566403
126,0.252465,-0.569599
127,0.235979,-0.573739
128,0.219756,-0.578811
129,0.203848,-0.584798
130,0.188306,-0.591680
131,0.180224,-0.599422
132,0.170885,-0.608593
133,0.157471,-0.618208
134,0.143884,-0.628420
135,0.130900,-0.639390
136,0.127289,-0.642476
137,0.127289,-0.642476
138,0.127289,-0.642476
139,0.127289,-0.642476
140,0.127289,-0.642476
141,0.127289,-0.642476
142,0.127289,-0.642476
143,0.139168,-0.639483
144,0.155261,-0.634024
145,0.171000,-0.627605
146,0.186348,-0.620301
147,0.201256,-0.612136
148,0.215676,-0.603136
149,0.229559,-0.593331
150,0.242863,-0.582751
151,0.255543,-0.571431
152,0.259607,-0.571107
153,0.263536,-0.567181
154,0.269382,-0.554003
155,0.274293,-0.538953
156,0.278313,-0.523758
157,0.281435,-0.508468
158,0.282219,-0.504461
159,0.279403,-0.492539
160,0.274147,-0.479391
161,0.267904,-0.467629
162,0.260828,-0.452174
163,0.258826,-0.447866
164,0.258826,-0.447866
165,0.258826,-0.447866
166,0.255351,-0.446067
167,0.255738,-0.442296
168,0.255912,-0.438594
169,0.255851,-0.434909
170,0.255554,-0.431248
171,0.255022,-0.427624
172,0.254258,-0.424053
173,0.253268,-0.420548
174,0.252056,-0.417123
175,0.250628,-0.413794
176,0.248992,-0.410571
177,0.247155,-0.407470
178,0.245125,-0.404502
179,0.242912,-0.401678
180,0.240526,-0.399010
181,0.237978,-0.396508
182,0.235278,-0.394182
183,0.232439,-0.392041
184,0.229472,-0.390093
185,0.226392,-0.388346
186,0.223210,-0.386805
187,0.219941,-0.385477
188,0.215946,-0.384353
189,0.208690,-0.383262
190,0.203777,-0.382048
191,0.199357,-0.383391
192,0.194823,-0.390180
193,0.192167,-0.399652
194,0.191088,-0.410347
195,0.188801,-0.420621
196,0.186416,-0.429038
197,0.184774,-0.436469
198,0.184062,-0.443319
199,0.184036,-0.450015
200,0.184429,-0.456691
201,0.185213,-0.463343
202,0.186384,-0.469951
203,0.187939,-0.476492
204,0.189875,-0.482944
205,0.192185,-0.489285
206,0.194864,-0.495494
207,0.197903,-0.501548
208,0.201295,-0.507426
209,0.205029,-0.513109
210,0.209092,-0.518576
211,0.213474,-0.523808
212,0.218160,-0.528787
213,0.223135,-0.533494
214,0.228384,-0.537914
215,0.233890,-0.542030
216,0.239636,-0.545827
217,0.245602,-0.549291
218,0.251770,-0.552410
219,0.258119,-0.555172
220,0.264629,-0.557565
221,0.271278,-0.559582
222,0.278045,-0.561214
223,0.284907,-0.562454
224,0.291841,-0.563296
225,0.298824,-0.563736
226,0.305833,-0.563772
227,0.312845,-0.563403
228,0.319836,-0.562627
229,0.326782,-0.561446
230,0.333660,-0.559863
231,0.340446,-0.557881
232,0.347118,-0.555507
233,0.353652,-0.552746
234,0.360027,-0.549608
235,0.366220,-0.546100
236,0.372210,-0.542234
237,0.377977,-0.538021
238,0.383499,-0.533475
239,0.388759,-0.528610
240,0.393737,-0.523440
241,0.398415,-0.517983
242,0.402778,-0.512255
243,0.406815,-0.505902
244,0.410486,-0.499689
245,0.413799,-0.493265
246,0.416740,-0.486649
247,0.419299,-0.479863
248,0.421466,-0.472930
249,0.423231,-0.465872
250,0.424589,-0.458713
251,0.425533,-0.451476
252,0.426058,-0.444186
253,0.426163,-0.436865
254,0.425844,-0.429540
255,0.425102,-0.422233
256,0.423938,-0.414970
257,0.422355,-0.407776
258,0.420357,-0.400674
259,0.417949,-0.393688
260,0.415137,-0.386842
261,0.411931,-0.380160
262,0.408340,-0.373663
263,0.404374,-0.367375
264,0.400045,-0.361317
265,0.395368,-0.355510
266,0.390357,-0.349974
267,0.385027,-0.344728
268,0.379395,-0.339790
269,0.373479,-0.335179
270,0.367299,-0.330910
271,0.360873,-0.326998
272,0.354223,-0.323457
273,0.347370,-0.320301
274,0.340337,-0.317541
275,0.332782,-0.315269
276,0.325460,-0.313344
277,0.318028,-0.311841
278,0.314420,-0.310247
279,0.318909,-0.305731
280,0.322703,-0.300266
281,0.326094,-0.294531
282,0.329113,-0.288624
283,0.331758,-0.282576
284,0.334022,-0.276411
285,0.335901,-0.270154
286,0.337393,-0.263827
287,0.338495,-0.257454
288,0.339208,-0.251060
289,0.339533,-0.244667
290,0.339472,-0.238298
291,0.339029,-0.231978
292,0.338209,-0.225727
293,0.337020,-0.219570
294,0.335469,-0.213526
295,0.333566,-0.207618
296,0.331320,-0.201865
297,0.330645,-0.197102
298,0.328370,-0.192699
299,0.325264,-0.188521
300,0.321808,-0.184572
301,0.318118,-0.180863
302,0.314224,-0.177406
303,0.310146,-0.174212
304,0.305900,-0.171290
305,0.301504,-0.168649
306,0.296977,-0.166296
307,0.292494,-0.164575
308,0.287780,-0.162805
309,0.282991,-0.161336
310,0.278144,-0.160172
311,0.273260,-0.159315
312,0.268357,-0.158764
313,0.263453,-0.158520
314,0.258569,-0.158579
315,0.253721,-0.158940
316,0.253213,-0.156628
317,0.254701,-0.156136
318,0.254546,-0.158914
319,0.257521,-0.162081
320,0.262735,-0.166946
321,0.269195,-0.163256
322,0.272278,-0.152014
323,0.275639,-0.135398
324,0.278379,-0.117067
325,0.280325,-0.098666
326,0.291073,-0.089035
327,0.307007,-0.085931
328,0.323749,-0.082992
329,0.340296,-0.079105
330,0.356595,-0.074283
331,0.361142,-0.072910
332,0.361142,-0.072910
333,0.361142,-0.072910
334,0.361142,-0.072910
335,0.361142,-0.072910
336,0.361142,-0.072910
337,0.350677,-0.066543
338,0.335497,-0.058903
339,0.319882,-0.052188
340,0.303911,-0.046372
341,0.299438,-0.044773
342,0.287211,-0.045515
343,0.270385,-0.047902
344,0.253730,-0.051297
345,0.237295,-0.055634
346,0.221134,-0.060899
347,0.216626,-0.062396
348,0.207455,-0.070517
349,0.195677,-0.082768
350,0.184655,-0.095707
351,0.174386,-0.109252
352,0.164905,-0.123360
353,0.156242,-0.137984
354,0.148425,-0.153077
355,0.141479,-0.168591
356,0.139563,-0.172937
357,0.139563,-0.172937
358,0.139563,-0.172937
359,0.139563,-0.172937
360,0.150628,-0.178192
361,0.166514,-0.184228
362,0.182738,-0.189299
363,0.188412,-0.191291
364,0.189673,-0.192253
365,0.191163,-0.193165
366,0.192879,-0.194000
367,0.194817,-0.194738
368,0.196970,-0.195353
369,0.199330,-0.195826
370,0.201886,-0.196133
371,0.204627,-0.196255
372,0.207538,-0.196172
373,0.210604,-0.195865
374,0.213808,-0.195316
375,0.217133,-0.194509
376,0.220557,-0.193429
377,0.224059,-0.192063
378,0.227619,-0.190398
379,0.231211,-0.188424
380,0.234812,-0.186133
381,0.242387,-0.184733
382,0.249569,-0.182229
383,0.255451,-0.178736
384,0.261077,-0.174878
385,0.266474,-0.170690
386,0.271630,-0.166186
387,0.276525,-0.161382
388,0.281142,-0.156291
389,0.285466,-0.150931
390,0.289479,-0.145318
391,0.293167,-0.139471
392,0.296516,-0.133408
393,0.299514,-0.127148
394,0.302150,-0.120713
395,0.304413,-0.114124
396,0.306294,-0.107401
397,0.307785,-0.100568
398,0.308879,-0.093646
399,0.309573,-0.086660
400,0.309861,-0.079632
401,0.309741,-0.072585
402,0.309213,-0.065544
403,0.308277,-0.058533
404,0.306933,-0.051574
405,0.305186,-0.044692
406,0.303039,-0.037911
407,0.300499,-0.031252
408,0.297573,-0.024740
409,0.294268,-0.018396
410,0.290596,-0.012243
411,0.286566,-0.006302
412,0.282192,-0.000594
413,0.277486,0.004862
414,0.272464,0.010045
415,0.267141,0.014939
416,0.261534,0.019524
417,0.255661,0.023786
418,0.249541,0.027707
419,0.243193,0.031275
420,0.236638,0.034475
421,0.229898,0.037296
422,0.222994,0.039727
423,0.215948,0.041759
424,0.209499,0.046459
425,0.204574,0.050526
426,0.200274,0.053038
427,0.196019,0.054952
428,0.191672,0.056561
429,0.187225,0.057903
430,0.182691,0.058978
431,0.178086,0.059779
432,0.173427,0.060303
433,0.168729,0.060545
434,0.164009,0.060505
435,0.159286,0.060179
436,0.154576,0.059567
437,0.149896,0.058671
438,0.145263,0.057490
439,0.140696,0.056029
440,0.136210,0.054291
441,0.131823,0.052280
442,0.127551,0.050003
443,0.123411,0.047465
444,0.119417,0.044674
445,0.115586,0.041640
446,0.111932,0.038372
447,0.108470,0.034880
448,0.105213,0.031175
449,0.102174,0.027270
450,0.099365,0.023177
451,0.096798,0.018911
452,0.094484,0.014485
453,0.092431,0.009915
454,0.090650,0.005216
455,0.089148,0.000405
456,0.087932,-0.004503
457,0.087009,-0.009489
458,0.086382,-0.014537
459,0.086056,-0.019628
460,0.086034,-0.024746
461,0.086318,-0.029871
462,0.086908,-0.034985
463,0.087804,-0.040070
464,0.089005,-0.045108
465,0.090508,-0.050080
466,0.092308,-0.054968
467,0.094403,-0.059755
468,0.096785,-0.064423
469,0.099448,-0.068954
470,0.102383,-0.073332
471,0.105583,-0.077540
472,0.109037,-0.081563
473,0.112734,-0.085384
474,0.116662,-0.088990
475,0.119785,-0.092462
476,0.121743,-0.095832
477,0.123261,-0.099145
478,0.124897,-0.102369
479,0.126477,-0.105563
480,0.128160,-0.108679
481,0.129946,-0.111725
482,0.131829,-0.114695
483,0.133838,-0.117538
484,0.135877,-0.120287
485,0.138032,-0.122980
486,0.140334,-0.125571
487,0.142791,-0.128037
488,0.145400,-0.130351
489,0.148147,-0.132506
490,0.151034,-0.134483
491,0.154047,-0.136270
492,0.157172,-0.137860
493,0.160398,-0.139246
494,0.163710,-0.140422
495,0.167095,-0.141382
496,0.170539,-0.142122
497,0.174028,-0.142638
498,0.177548,-0.142929
499,0.181084,-0.142991
500,0.184622,-0.142826
501,0.188147,-0.142432
502,0.191644,-0.141810
503,0.195100,-0.140964
504,0.198500,-0.139895
505,0.201830,-0.138607
506,0.205076,-0.137106
507,0.208224,-0.135396
508,0.211123,-0.133137
509,0.214018,-0.131038
510,0.216778,-0.128754
511,0.219391,-0.126292
512,0.221847,-0.123662
513,0.224133,-0.120875
514,0.226241,-0.117941
515,0.228161,-0.114872
516,0.229886,-0.111679
517,0.231406,-0.108375
518,0.232715,-0.104974
519,0.233808,-0.101488
520,0.234678,-0.097931
521,0.235322,-0.094317
522,0.235735,-0.090661
523,0.235916,-0.086977
524,0.235862,-0.083279
525,0.235573,-0.079584
526,0.235049,-0.075904
527,0.234291,-0.072256
528,0.233301,-0.068654
529,0.232082,-0.065113
530,0.230637,-0.061646
531,0.231132,-0.059558
532,0.233193,-0.057006
533,0.235802,-0.053747
534,0.238626,-0.049951
535,0.241476,-0.045742
536,0.244236,-0.041204
537,0.246826,-0.036399
538,0.249198,-0.031376
539,0.251317,-0.026173
540,0.253160,-0.020820
541,0.254409,-0.015582
542,0.255598,-0.010035
543,0.256438,-0.004451
544,0.256979,0.001138
545,0.257235,0.006760
546,0.257170,0.012406
547,0.256778,0.018048
548,0.256075,0.023667
549,0.255046,0.029242
550,0.253702,0.034751
551,0.252051,0.040182
552,0.250087,0.045510
553,0.247824,0.050717
554,0.245267,0.055787
555,0.242425,0.060704
556,0.239307,0.065452
557,0.235923,0.070014
558,0.232284,0.074377
559,0.228402,0.078526
560,0.224289,0.082447
561,0.219959,0.086128
562,0.215426,0.089556
563,0.210704,0.092720
564,0.205809,0.095611
565,0.200757,0.098219
566,0.195563,0.100534
567,0.190246,0.102550
568,0.184822,0.104260
569,0.179309,0.105657
570,0.173724,0.106739
571,0.168086,0.107500
572,0.162413,0.107939
573,0.156724,0.108054
574,0.151359,0.107621
575,0.145738,0.107051
576,0.139757,0.106540
577,0.133047,0.106037
578,0.126350,0.105043
579,0.119755,0.103643
580,0.113290,0.101856
581,0.106977,0.099695
582,0.100838,0.097171
583,0.094893,0.094296
584,0.089162,0.091086
585,0.083664,0.087554
586,0.078417,0.083717
587,0.073437,0.079593
588,0.068739,0.075198
589,0.064339,0.070552
590,0.060249,0.065674
591,0.056482,0.060585
592,0.053047,0.055305
593,0.049954,0.049855
594,0.047211,0.044257
595,0.044825,0.038534
596,0.042801,0.032707
597,0.041143,0.026800
598,0.039853,0.020834
599,0.038932,0.014832
600,0.038381,0.008818
601,0.038197,0.002812
602,0.038377,-0.003162
603,0.038918,-0.009083
604,0.039813,-0.014929
605,0.040204,-0.020535
606,0.040612,-0.025948
607,0.041934,-0.031859
608,0.043916,-0.037706
609,0.046317,-0.043405
610,0.049053,-0.048919
611,0.048657,-0.058393
612,0.050756,-0.068769
613,0.054049,-0.079076
614,0.058281,-0.089397
615,0.063227,-0.099551
616,0.068796,-0.109443
617,0.074941,-0.119017
618,0.081632,-0.128231
619,0.088840,-0.137049
620,0.096540,-0.145438
621,0.104702,-0.153367
622,0.113297,-0.160807
623,0.122293,-0.167731
624,0.131657,-0.174116
625,0.141353,-0.179939
626,0.151347,-0.185180
627,0.161600,-0.189821
628,0.172088,-0.193857
629,0.182758,-0.197268
630,0.193560,-0.200039
631,0.204472,-0.202171
632,0.215444,-0.203656
633,0.226423,-0.204492
634,0.237389,-0.204683
635,0.248292,-0.204234
636,0.259092,-0.203150
637,0.269736,-0.201441
638,0.280207,-0.199121
639,0.290099,-0.196212
640,0.300164,-0.192737
641,0.310030,-0.188702
642,0.319499,-0.184125
643,0.328517,-0.179011
644,0.337160,-0.173471
645,0.345363,-0.167470
646,0.353150,-0.161027
647,0.360475,-0.154184
648,0.367339,-0.146964
649,0.373709,-0.139407
650,0.379584,-0.131534
651,0.384940,-0.123382
652,0.389779,-0.114982
653,0.394084,-0.106361
654,0.397849,-0.097556
655,0.401077,-0.088592
656,0.403757,-0.079502
657,0.405361,-0.071171
658,0.404261,-0.065878
659,0.402584,-0.061122
660,0.400648,-0.056711
661,0.398482,-0.052565
662,0.396092,-0.048643
663,0.393482,-0.044925
664,0.390658,-0.041406
665,0.387631,-0.038093
666,0.384417,-0.034998
667,0.381029,-0.032129
668,0.377493,-0.029601
669,0.373882,-0.027971
670,0.370201,-0.026769
671,0.366479,-0.025912
672,0.362842,-0.025677
673,0.359090,-0.025325
674,0.355364,-0.025291
675,0.351711,-0.025630
676,0.348130,-0.026267
677,0.344641,-0.027195
678,0.341265,-0.028405
679,0.338022,-0.029884
680,0.334931,-0.031621
681,0.332010,-0.033602
682,0.329278,-0.035816
683,0.326751,-0.038246
684,0.324444,-0.040874
685,0.322370,-0.043684
686,0.320544,-0.046658
687,0.318977,-0.049776
688,0.317677,-0.053017
689,0.316652,-0.056362
690,0.315913,-0.059789
691,0.315463,-0.063278
692,0.315305,-0.066804
693,0.315442,-0.070347
694,0.315875,-0.073884
695,0.316603,-0.077393
696,0.317621,-0.080852
697,0.318931,-0.084239
698,0.320523,-0.087533
699,0.322389,-0.090712
700,0.324522,-0.093756
701,0.326911,-0.096646
702,0.329545,-0.099362
703,0.332414,-0.101885
704,0.335821,-0.104010
705,0.339203,-0.106047
706,0.342878,-0.107748
707,0.346650,-0.109206
708,0.350515,-0.110430
709,0.354460,-0.111415
710,0.358471,-0.112156
711,0.362534,-0.112650
712,0.366632,-0.112892
713,0.370751,-0.112881
714,0.374875,-0.112615
715,0.378987,-0.112094
716,0.383073,-0.111318
717,0.387116,-0.110288
718,0.391101,-0.109008
719,0.395012,-0.107479
720,0.398834,-0.105708
721,0.402553,-0.103699
722,0.406152,-0.101458
723,0.409619,-0.098992
724,0.412939,-0.096310
725,0.416098,-0.093421
726,0.419085,-0.090333
727,0.421886,-0.087057
728,0.424490,-0.083606
729,0.426885,-0.079990
730,0.429063,-0.076222
731,0.431013,-0.072315
732,0.433407,-0.066600
733,0.434849,-0.060006
734,0.435222,-0.053421
735,0.435286,-0.046121
736,0.434323,-0.038935
737,0.432350,-0.031778
738,0.430075,-0.025129
739,0.427359,-0.018689
740,0.424265,-0.012414
741,0.420805,-0.006318
742,0.416992,-0.000422
743,0.412835,0.005254
744,0.408349,0.010690
745,0.403547,0.015867
746,0.397900,0.021156
747,0.389878,0.026800
748,0.381839,0.031900
749,0.373315,0.036237
750,0.364478,0.039978
751,0.355408,0.043169
752,0.346155,0.045817
753,0.336754,0.047916
754,0.327260,0.049486
755,0.317685,0.050517
756,0.308073,0.051000
757,0.298457,0.050937
758,0.288865,0.050339
759,0.279336,0.049198
760,0.269905,0.047531
761,0.260602,0.045344
762,0.251460,0.042649
763,0.242513,0.039469
764,0.233784,0.035797
765,0.225310,0.031683
766,0.217122,0.027137
767,0.209237,0.022183
768,0.201677,0.016831
769,0.194460,0.011105
770,0.187632,0.005093
771,0.181047,-0.001649
772,0.174962,-0.008414
773,0.169355,-0.015196
774,0.164205,-0.022122
775,0.159479,-0.029213
776,0.155145,-0.036431
777,0.151224,-0.043679
778,0.147740,-0.051014
779,0.144677,-0.058365
780,0.142021,-0.065709
781,0.139763,-0.073032
782,0.137884,-0.080297
783,0.136381,-0.087487
784,0.135227,-0.094590
785,0.134418,-0.101585
786,0.133939,-0.108484
787,0.133771,-0.115235
788,0.133901,-0.121842
789,0.134318,-0.128326
790,0.135006,-0.134643
791,0.135969,-0.140823
792,0.137193,-0.146851
793,0.138664,-0.152718
794,0.140371,-0.158419
795,0.142304,-0.163950
796,0.144456,-0.169307
797,0.146836,-0.174504
798,0.149427,-0.179516
799,0.152233,-0.184354
800,0.155247,-0.189004
801,0.158449,-0.193454
802,0.161884,-0.197733
803,0.165946,-0.201859
804,0.169884,-0.205713
805,0.174055,-0.209339
806,0.178444,-0.212723
807,0.183038,-0.215850
808,0.187821,-0.218709
809,0.192778,-0.221287
810,0.197893,-0.223576
811,0.203147,-0.225564
812,0.208524,-0.227244
813,0.214004,-0.228608
814,0.219571,-0.229649
815,0.225204,-0.230363
816,0.230227,-0.230897
817,0.234966,-0.231458
818,0.239553,-0.231970
819,0.244047,-0.232380
820,0.248549,-0.232618
821,0.253013,-0.232650
822,0.257459,-0.232472
823,0.261883,-0.232059
824,0.266258,-0.231420
825,0.270600,-0.230545
826,0.274883,-0.229421
827,0.279095,-0.228064
828,0.283210,-0.226483
829,0.287235,-0.224682
830,0.291140,-0.222666
831,0.294931,-0.220444
832,0.298570,-0.218051
833,0.302061,-0.215509
834,0.305404,-0.212832
835,0.308598,-0.210016
836,0.311573,-0.206644
837,0.314432,-0.203448
838,0.317102,-0.200071
839,0.319567,-0.196525
840,0.321819,-0.192823
841,0.323848,-0.188978
842,0.325644,-0.185004
843,0.327199,-0.180914
844,0.328506,-0.176724
845,0.329559,-0.172447
846,0.330352,-0.168100
847,0.330881,-0.163699
848,0.331142,-0.159259
849,0.331133,-0.154798
850,0.330852,-0.150330
851,0.330298,-0.145874
852,0.330242,-0.141805
853,0.331533,-0.138506
854,0.332733,-0.135219
855,0.333793,-0.131893
856,0.334849,-0.128559
857,0.335878,-0.125208
858,0.336859,-0.121829
859,0.337772,-0.118413
860,0.338748,-0.114961
861,0.339753,-0.111457
862,0.340693,-0.107896
863,0.341398,-0.104289
864,0.341866,-0.100653
865,0.342133,-0.096996
866,0.342346,-0.093285
867,0.342412,-0.089542
868,0.342582,-0.085675
869,0.342368,-0.081907
870,0.342309,-0.077940
871,0.342312,-0.073809
872,0.342214,-0.069578
873,0.342027,-0.065240
874,0.341971,-0.060594
875,0.341661,-0.055902
876,0.341118,-0.051200
877,0.340319,-0.046512
878,0.339321,-0.041804
879,0.338108,-0.037073
880,0.336690,-0.032313
881,0.335061,-0.027520
882,0.333220,-0.022691
883,0.331155,-0.017835
884,0.328860,-0.012951
885,0.326329,-0.008038
886,0.323552,-0.003105
887,0.320513,0.001835
888,0.317218,0.006803
889,0.313645,0.011805
890,0.309775,0.016822
891,0.305597,0.021840
892,0.301095,0.026854
893,0.296254,0.031835
894,0.291063,0.036773
895,0.285506,0.041637
896,0.279579,0.046223
897,0.273355,0.050766
898,0.266729,0.055180
899,0.259703,0.059422
900,0.252287,0.063443
901,0.244754,0.066920
902,0.236662,0.070306
903,0.228245,0.073403
904,0.219520,0.076109
905,0.210522,0.078397
906,0.201282,0.080235
907,0.191837,0.081599
908,0.182226,0.082461
909,0.172487,0.082807
910,0.162656,0.082622
911,0.152778,0.081891
912,0.142894,0.080603
913,0.133064,0.078761
914,0.123335,0.076354
915,0.113746,0.073396
916,0.104329,0.069894
917,0.095122,0.065857
918,0.086153,0.061302
919,0.077454,0.056240
920,0.069056,0.050689
921,0.060984,0.044668
922,0.053265,0.038195
923,0.045925,0.031291
924,0.038987,0.023979
925,0.032476,0.016281
926,0.026412,0.008221
927,0.020811,-0.000170
928,0.015741,-0.008871
929,0.011218,-0.017816
930,0.007169,-0.026972
931,0.003630,-0.036367
932,0.000632,-0.045963
933,-0.001821,-0.055729
934,-0.003535,-0.065298
935,-0.004856,-0.075268
936,-0.005648,-0.085297
937,-0.005858,-0.095361
938,-0.005496,-0.105425
939,-0.004560,-0.115457
940,-0.003056,-0.125423
941,-0.000985,-0.135293
942,0.001646,-0.145031
943,0.004827,-0.154607
944,0.008548,-0.163989
945,0.012799,-0.173145
946,0.017567,-0.182046
947,0.022831,-0.190667
948,0.028583,-0.198972
949,0.034797,-0.206941
950,0.041455,-0.214543
951,0.048540,-0.221755
952,0.056023,-0.228555
953,0.063883,-0.234919
954,0.072096,-0.240825
955,0.080633,-0.246258
956,0.089465,-0.251196
957,0.098569,-0.255622
958,0.107912,-0.259527
959,0.117462,-0.262893
960,0.127182,-0.265670
961,0.137005,-0.267854
962,0.146915,-0.269524
963,0.156930,-0.270638
964,0.167008,-0.271177
965,0.177113,-0.271142
966,0.187211,-0.270533
967,0.196885,-0.269272
968,0.206843,-0.267547
969,0.216693,-0.265257
970,0.226400,-0.262409
971,0.235930,-0.259012
972,0.245255,-0.255079
973,0.254344,-0.250616
974,0.263171,-0.245646
975,0.271699,-0.240177
976,0.279911,-0.234234
977,0.287782,-0.227819
978,0.295236,-0.220954
979,0.302237,-0.213695
980,0.308769,-0.206073
981,0.314813,-0.198120
982,0.320353,-0.189866
983,0.325374,-0.181341
984,0.329864,-0.172579
985,0.333899,-0.163594
986,0.337465,-0.154345
987,0.340536,-0.144862
988,0.343100,-0.135166
989,0.345144,-0.125281
990,0.346653,-0.115234
991,0.347613,-0.105056
992,0.347941,-0.094830
993,0.347711,-0.084617
994,0.346969,-0.074331
995,0.345645,-0.064024
996,0.343735,-0.053747
997,0.341245,-0.043536
998,0.338170,-0.033435
999,0.334520,-0.023484
1000,0.330332,-0.014121
1001,0.325599,-0.004600
1002,0.320322,0.004648
1003,0.314523,0.013600
1004,0.308215,0.022210
1005,0.301424,0.030452
1006,0.294173,0.038297
1007,0.286483,0.045721
1008,0.278380,0.052696
1009,0.269892,0.059202
1010,0.261044,0.065217
1011,0.251866,0.070712
1012,0.242388,0.075688
1013,0.232639,0.080113
1014,0.222650,0.083977
1015,0.212456,0.087269
1016,0.202090,0.089968
1017,0.191584,0.092082
1018,0.180969,0.093595
1019,0.170282,0.094500
1020,0.159560,0.094794
1021,0.148835,0.094479
1022,0.138146,0.093548
1023,0.127522,0.092018
1024,0.117028,0.089849
1025,0.106729,0.087077
1026,0.096606,0.083772
1027,0.086649,0.079900
1028,0.076911,0.075454
1029,0.067432,0.070453
1030,0.058244,0.064917
1031,0.049377,0.058862
1032,0.041211,0.052441
1033,0.033085,0.045431
1034,0.025359,0.037981
1035,0.018070,0.030101
1036,0.011239,0.021817
1037,0.004888,0.013155
1038,-0.000961,0.004140
1039,-0.006294,-0.005196
1040,-0.011084,-0.014823
1041,-0.015324,-0.024710
1042,-0.018985,-0.034821
1043,-0.022074,-0.045126
1044,-0.024571,-0.055594
1045,-0.026465,-0.066193
1046,-0.027759,-0.076886
1047,-0.028433,-0.087632
1048,-0.028503,-0.098403
1049,-0.027958,-0.109165
1050,-0.026797,-0.119882
1051,-0.025033,-0.130521
1052,-0.022659,-0.141037
1053,-0.019696,-0.151406
1054,-0.016145,-0.161594
1055,-0.012015,-0.171559
1056,-0.007303,-0.181242
1057,-0.002051,-0.190585
1058,0.003673,-0.199635
1059,0.009917,-0.208371
1060,0.016661,-0.216750
1061,0.023880,-0.224748
1062,0.031551,-0.232327
1063,0.039645,-0.239460
1064,0.048137,-0.246124
1065,0.056760,-0.251991
1066,0.065933,-0.257668
1067,0.075417,-0.262816
1068,0.085182,-0.267417
1069,0.095194,-0.271456
1070,0.105423,-0.274919
1071,0.115836,-0.277794
1072,0.126400,-0.280078
1073,0.137074,-0.281748
1074,0.147829,-0.282815
1075,0.158632,-0.283268
1076,0.169447,-0.283103
1077,0.180240,-0.282322
1078,0.190975,-0.280932
1079,0.201608,-0.278926
1080,0.212115,-0.276323
1081,0.222461,-0.273125
1082,0.232611,-0.269339
1083,0.242536,-0.264984
1084,0.252189,-0.260065
1085,0.261553,-0.254609
1086,0.270595,-0.248627
1087,0.279277,-0.242134
1088,0.287574,-0.235157
1089,0.295414,-0.227712
1090,0.302767,-0.219854
1091,0.309718,-0.211632
1092,0.316202,-0.202998
1093,0.322192,-0.193993
1094,0.327670,-0.184649
1095,0.332608,-0.175002
1096,0.336995,-0.165081
1097,0.340586,-0.155215
1098,0.343825,-0.144868
1099,0.346490,-0.134359
1100,0.348549,-0.123710
1101,0.350005,-0.112957
1102,0.350841,-0.102136
1103,0.351065,-0.091280
1104,0.350662,-0.080433
1105,0.349650,-0.069623
1106,0.348023,-0.058883
1107,0.345780,-0.048255
1108,0.342942,-0.037766
1109,0.339510,-0.027451
1110,0.335492,-0.017346
1111,0.330907,-0.007479
1112,0.325763,0.002103
1113,0.320086,0.011385
1114,0.313887,0.020332
1115,0.307183,0.028912
1116,0.300002,0.037102
1117,0.292365,0.044868
1118,0.284298,0.052188
1119,0.275825,0.059037
1120,0.266975,0.065394
1121,0.257775,0.071193
1122,0.248292,0.076415
1123,0.238563,0.081124
1124,0.228556,0.085300
1125,0.218306,0.088899
1126,0.207850,0.091921
1127,0.197228,0.094339
1128,0.186479,0.096153
1129,0.175638,0.097351
1130,0.165093,0.097808
1131,0.154194,0.097781
1132,0.143311,0.097153
1133,0.132478,0.095904
1134,0.121730,0.094036
1135,0.111100,0.091564
1136,0.100634,0.088483
1137,0.090353,0.084818
1138,0.080293,0.080571
1139,0.070490,0.075753
1140,0.060970,0.070387
1141,0.051779,0.064483
1142,0.042930,0.058069
1143,0.034459,0.051159
1144,0.026401,0.043773
1145,0.018768,0.035943
1146,0.011590,0.027687
1147,0.004892,0.019032
1148,-0.001305,0.010004
1149,-0.006984,0.000638
1150,-0.012110,-0.009036
1151,-0.016686,-0.018987
1152,-0.020690,-0.029187
1153,-0.024063,-0.039592
1154,-0.026804,-0.050128
1155,-0.028980,-0.060778
1156,-0.030564,-0.071562
1157,-0.031533,-0.082440
1158,-0.031881,-0.093372
1159,-0.031606,-0.104316
1160,-0.030709,-0.115236
1161,-0.029191,-0.126095
1162,-0.027056,-0.136855
1163,-0.024292,-0.147091
1164,-0.020972,-0.157539
1165,-0.017068,-0.167786
1166,-0.012585,-0.177796
1167,-0.007538,-0.187539
1168,-0.001946,-0.196985
1169,0.004180,-0.206088
1170,0.010810,-0.214836
1171,0.017931,-0.223196
1172,0.025521,-0.231131
1173,0.033548,-0.238630
1174,0.041992,-0.245662
1175,0.050827,-0.252200
1176,0.060022,-0.258231
1177,0.069545,-0.263721
1178,0.079366,-0.268667
1179,0.089458,-0.273050
1180,0.099789,-0.276849
1181,0.110322,-0.280060
1182,0.121020,-0.282657
1183,0.131851,-0.284650
1184,0.142782,-0.286023
1185,0.153756,-0.286731
1186,0.164701,-0.286790
1187,0.175616,-0.286267
1188,0.186514,-0.285141
1189,0.197358,-0.283391
1190,0.208097,-0.281019
1191,0.218696,-0.278038
1192,0.229116,-0.274457
1193,0.239323,-0.270284
1194,0.249281,-0.265536
1195,0.258590,-0.260308
1196,0.267947,-0.254481
1197,0.276958,-0.248135
1198,0.285601,-0.241290
1199,0.293843,-0.233960
1200,0.301649,-0.226169
1201,0.309007,-0.217949
1202,0.315889,-0.209318
1203,0.322266,-0.200305
1204,0.328123,-0.190944
1205,0.333437,-0.181264
1206,0.338192,-0.171295
1207,0.342372,-0.161069
1208,0.345965,-0.150617
1209,0.348961,-0.139974
1210,0.351346,-0.129174
1211,0.353116,-0.118252
1212,0.354257,-0.107245
1213,0.354772,-0.096189
1214,0.354656,-0.085120
1215,0.353910,-0.074075
1216,0.352535,-0.063088
1217,0.350505,-0.052224
1218,0.347849,-0.041550
1219,0.344638,-0.031046
1220,0.340838,-0.020706
1221,0.336443,-0.010586
1222,0.331475,-0.000709
1223,0.325944,0.008876
1224,0.319873,0.018138
1225,0.313280,0.027047
1226,0.306185,0.035572
1227,0.298613,0.043684
1228,0.290781,0.051012
1229,0.282359,0.058216
1230,0.273543,0.064939
1231,0.264356,0.071153
1232,0.254826,0.076835
1233,0.244986,0.081971
1234,0.234870,0.086530
1235,0.224510,0.090514
1236,0.213936,0.093902
1237,0.203180,0.096683
1238,0.192281,0.098849
1239,0.181272,0.100390
1240,0.170189,0.101306
1241,0.159075,0.101582
1242,0.147961,0.101231
1243,0.136879,0.100248
1244,0.125868,0.098634
1245,0.114963,0.096394
1246,0.104201,0.093536
1247,0.093613,0.090073
1248,0.083245,0.086006
1249,0.073157,0.081335
1250,0.063407,0.076100
1251,0.053949,0.070369
1252,0.044803,0.064097
1253,0.036013,0.057300
1254,0.027615,0.050003
1255,0.019639,0.042234
1256,0.012112,0.034018
1257,0.005058,0.025380
1258,-0.001495,0.016349
1259,-0.007526,0.006957
1260,-0.012751,-0.002504
1261,-0.017692,-0.012505
1262,-0.022065,-0.022771
1263,-0.025842,-0.033268
1264,-0.029024,-0.043967
1265,-0.031593,-0.054835
1266,-0.033532,-0.065831
1267,-0.034851,-0.076924
1268,-0.035536,-0.088080
1269,-0.035577,-0.099255
1270,-0.034990,-0.110420
1271,-0.033768,-0.121538
1272,-0.031907,-0.132566
1273,-0.029429,-0.143477
1274,-0.026331,-0.154234
1275,-0.022620,-0.164794
1276,-0.018320,-0.175133
1277,-0.013435,-0.185214
1278,-0.007978,-0.194996
1279,-0.001978,-0.204461
1280,0.004555,-0.213573
1281,0.011613,-0.222257
1282,0.019136,-0.230472
1283,0.027072,-0.238253
1284,0.035446,-0.245613
1285,0.044246,-0.252494
1286,0.053438,-0.258869
1287,0.062987,-0.264718
1288,0.072861,-0.270019
1289,0.083030,-0.274755
1290,0.093457,-0.278905
1291,0.104108,-0.282454
1292,0.114948,-0.285397
1293,0.125551,-0.287502
1294,0.136506,-0.289119
1295,0.147507,-0.290128
1296,0.158551,-0.290517
1297,0.169606,-0.290280
1298,0.180640,-0.289417
1299,0.191620,-0.287930
1300,0.202518,-0.285826
1301,0.213290,-0.283101
1302,0.223903,-0.279767
1303,0.234329,-0.275835
1304,0.244525,-0.271311
1305,0.254465,-0.266213
1306,0.264107,-0.260551
1307,0.273426,-0.254344
1308,0.282390,-0.247615
1309,0.290962,-0.240378
1310,0.299118,-0.232660
1311,0.306834,-0.224483
1312,0.314078,-0.215874
1313,0.320771,-0.206858
1314,0.326893,-0.197506
1315,0.332553,-0.187851
1316,0.337670,-0.177849
1317,0.342221,-0.167545
1318,0.346179,-0.156982
1319,0.349538,-0.146199
1320,0.352281,-0.135232
1321,0.354395,-0.124119
1322,0.355874,-0.112898
1323,0.356720,-0.101600
1324,0.356917,-0.090269
1325,0.356351,-0.079441
1326,0.355201,-0.068419
1327,0.353414,-0.057535
1328,0.351004,-0.046827
1329,0.348056,-0.036259
1330,0.344504,-0.025852
1331,0.340362,-0.015643
1332,0.335642,-0.005667
1333,0.330356,0.004042
1334,0.324522,0.013452
1335,0.318155,0.022525
1336,0.311278,0.031232
1337,0.303911,0.039544
1338,0.296077,0.047430
1339,0.287803,0.054864
1340,0.279115,0.061819
1341,0.270042,0.068273
1342,0.260615,0.074198
1343,0.250865,0.079577
1344,0.240825,0.084394
1345,0.230524,0.088565
1346,0.220048,0.092128
1347,0.209405,0.095178
1348,0.198587,0.097589
1349,0.187654,0.099363
1350,0.176645,0.100509
1351,0.165605,0.101014
1352,0.154571,0.100887
1353,0.143584,0.100121
1354,0.132681,0.098729
1355,0.121904,0.096712
1356,0.111859,0.094095
1357,0.101951,0.090856
1358,0.092298,0.087040
1359,0.082931,0.082684
1360,0.073879,0.077811
1361,0.065171,0.072440
1362,0.056833,0.066597
1363,0.048890,0.060305
1364,0.041366,0.053590
1365,0.034237,0.046598
1366,0.027593,0.039262
1367,0.021475,0.031551
1368,0.015875,0.023531
1369,0.010803,0.015246
1370,0.005751,0.006605
1371,-0.000346,-0.003330
1372,-0.006171,-0.014373
1373,-0.011574,-0.026274
1374,-0.016425,-0.038832
1375,-0.020627,-0.051884
1376,-0.024117,-0.065302
1377,-0.026801,-0.078945
1378,-0.028771,-0.092786
1379,-0.029946,-0.106773
1380,-0.030324,-0.120839
1381,-0.029899,-0.134925
1382,-0.028674,-0.148985
1383,-0.026649,-0.162970
1384,-0.023825,-0.176818
1385,-0.020267,-0.190095
1386,-0.015929,-0.203549
1387,-0.010827,-0.216761
1388,-0.004975,-0.229675
1389,0.001607,-0.242217
1390,0.008891,-0.254371
1391,0.016855,-0.266089
1392,0.025476,-0.277338
1393,0.034725,-0.288082
1394,0.044575,-0.298290
1395,0.054995,-0.307919
1396,0.065950,-0.316953
1397,0.077409,-0.325351
1398,0.089330,-0.333085
1399,0.101678,-0.340134
1400,0.114410,-0.346465
1401,0.127490,-0.352071
1402,0.140869,-0.356918
1403,0.154512,-0.361005
1404,0.168371,-0.364308
1405,0.182397,-0.366816
1406,0.196547,-0.368523
1407,0.210778,-0.369423
1408,0.225048,-0.369514
1409,0.239258,-0.368757
1410,0.253386,-0.367223
1411,0.267451,-0.364893
1412,0.281378,-0.361760
1413,0.295124,-0.357835
1414,0.308625,-0.353127
1415,0.321488,-0.347722
1416,0.334246,-0.341590
1417,0.346738,-0.334710
1418,0.358863,-0.327108
1419,0.370563,-0.318812
1420,0.381787,-0.309851
1421,0.392468,-0.300263
1422,0.402593,-0.290083
1423,0.412121,-0.279343
1424,0.421018,-0.268077
1425,0.429275,-0.256313
1426,0.436855,-0.244090
1427,0.443723,-0.231452
1428,0.449872,-0.218438
1429,0.455262,-0.205093
1430,0.459896,-0.191453
1431,0.463739,-0.177570
1432,0.466795,-0.163481
1433,0.469038,-0.149239
1434,0.470475,-0.134881
1435,0.471086,-0.120465
1436,0.470883,-0.106024
1437,0.469856,-0.091613
1438,0.468007,-0.077286
1439,0.465349,-0.063073
1440,0.461884,-0.049025
1441,0.457603,-0.035247
1442,0.452577,-0.021746
1443,0.446785,-0.008498
1444,0.440235,0.004409
1445,0.433127,0.016473
1446,0.425221,0.028508
1447,0.416612,0.040129
1448,0.407332,0.051274
1449,0.397414,0.061894
1450,0.386905,0.071918
1451,0.375838,0.081339
1452,0.364252,0.090109
1453,0.352183,0.098212
1454,0.339666,0.105620
1455,0.326744,0.112301
1456,0.313455,0.118245
1457,0.299848,0.123418
1458,0.285958,0.127818
1459,0.271840,0.131415
1460,0.257529,0.134211
1461,0.243081,0.136182
1462,0.228532,0.137336
1463,0.213940,0.137653
1464,0.199340,0.137146
1465,0.184794,0.135803
1466,0.170333,0.133638
1467,0.156021,0.130649
1468,0.141888,0.126853
1469,0.127997,0.122253
1470,0.114375,0.116871
1471,0.101084,0.110717
1472,0.088150,0.103817
1473,0.075690,0.096184
1474,0.064067,0.088049
1475,0.052701,0.079217
1476,0.041713,0.069663
1477,0.031230,0.059454
1478,0.021309,0.048630
1479,0.012018,0.037245
1480,0.003379,0.025338
1481,-0.004564,0.012953
1482,-0.011803,0.000130
1483,-0.018294,-0.013088
1484,-0.024034,-0.026663
1485,-0.028986,-0.040544
1486,-0.033150,-0.054695
1487,-0.036496,-0.069061
1488,-0.039025,-0.083602
1489,-0.040717,-0.098261
1490,-0.041580,-0.113010
1491,-0.041602,-0.127791
1492,-0.040777,-0.142547
1493,-0.039120,-0.157250
1494,-0.036622,-0.171835
1495,-0.033302,-0.186271
1496,-0.029160,-0.200494
1497,-0.024216,-0.214474
1498,-0.018480,-0.228147
1499,-0.011975,-0.241487
1500,-0.004716,-0.254431
1501,0.003269,-0.266956
1502,0.011813,-0.278660
1503,0.020946,-0.289902
1504,0.030836,-0.300798
1505,0.041373,-0.311139
1506,0.052506,-0.320920
1507,0.064200,-0.330064
1508,0.076423,-0.338550
1509,0.089127,-0.346341
1510,0.102261,-0.353394
1511,0.115788,-0.359702
1512,0.129664,-0.365235
1513,0.143835,-0.369965
1514,0.158262,-0.373892
1515,0.172890,-0.376983
1516,0.187680,-0.379244
1517,0.202574,-0.380654
1518,0.217542,-0.381222
1519,0.232517,-0.380932
1520,0.247468,-0.379796
1521,0.262329,-0.377804
1522,0.277068,-0.374975
1523,0.291622,-0.371304
1524,0.305958,-0.366814
1525,0.320014,-0.361510
1526,0.333762,-0.355414
1527,0.347137,-0.348541
1528,0.360115,-0.340916
1529,0.372634,-0.332560
1530,0.383981,-0.323880
1531,0.395322,-0.314300
1532,0.406223,-0.304007
1533,0.416573,-0.293065
1534,0.426275,-0.281538
1535,0.435329,-0.269461
1536,0.443694,-0.256874
1537,0.451270,-0.243857
1538,0.458094,-0.230464
1539,0.464196,-0.216655
1540,0.469500,-0.202500
1541,0.474001,-0.188046
1542,0.477669,-0.173349
1543,0.480508,-0.158448
1544,0.482487,-0.143405
1545,0.483616,-0.128258
1546,0.483874,-0.113070
1547,0.483274,-0.097879
1548,0.481804,-0.082748
1549,0.479481,-0.067704
1550,0.476299,-0.052817
1551,0.472274,-0.038129
1552,0.467421,-0.023678
1553,0.461748,-0.009528
1554,0.455278,0.004295
1555,0.448129,0.017365
1556,0.440386,0.029879
1557,0.431812,0.042184
1558,0.422456,0.054146
1559,0.412385,0.065633
1560,0.401654,0.076542
1561,0.390306,0.086829
1562,0.378378,0.096474
1563,0.365914,0.105423
1564,0.352949,0.113664
1565,0.339531,0.121150
1566,0.325696,0.127875
1567,0.311498,0.133796
1568,0.296982,0.138901
1569,0.282241,0.143127
1570,0.267293,0.146539
1571,0.252132,0.149104
1572,0.236822,0.150807
1573,0.221430,0.151632
1574,0.205993,0.151587
1575,0.190578,0.150657
1576,0.175223,0.148857
1577,0.159994,0.146180
1578,0.144923,0.142642
1579,0.130078,0.138248
1580,0.115491,0.133018
1581,0.101990,0.127199
1582,0.088389,0.120479
1583,0.075020,0.112927
1584,0.062013,0.104582
1585,0.049454,0.095486
1586,0.037406,0.085669
1587,0.025918,0.075170
1588,0.015045,0.064025
1589,0.004803,0.052268
1590,-0.004749,0.039943
1591,-0.013604,0.027080
1592,-0.021708,0.013729
1593,-0.029042,-0.000065
1594,-0.035592,-0.014266
1595,-0.041318,-0.028822
1596,-0.046210,-0.043685
1597,-0.050258,-0.058817
1598,-0.053432,-0.074156
1599,-0.055737,-0.089669
1600,-0.057151,-0.105288
1601,-0.057642,-0.120903
1602,-0.057266,-0.136504
1603,-0.056009,-0.152113
1604,-0.053862,-0.167656
1605,-0.050831,-0.183079
1606,-0.047048,-0.197257
1607,-0.042400,-0.211766
1608,-0.036878,-0.226231
1609,-0.030487,-0.240530
1610,-0.023264,-0.254523
1611,-0.015233,-0.268134
1612,-0.006423,-0.281298
1613,0.003133,-0.293946
1614,0.013404,-0.306056
1615,0.024354,-0.317561
1616,0.035953,-0.328444
1617,0.048157,-0.338646
1618,0.060926,-0.348143
1619,0.074227,-0.356910
1620,0.088008,-0.364903
1621,0.102228,-0.372103
1622,0.116847,-0.378494
1623,0.131810,-0.384038
1624,0.147069,-0.388724
1625,0.162584,-0.392544
1626,0.178293,-0.395468
1627,0.194150,-0.397496
1628,0.210113,-0.398627
1629,0.224917,-0.398663
1630,0.240240,-0.397938
1631,0.255722,-0.396347
1632,0.271283,-0.393876
1633,0.286647,-0.390487
1634,0.301961,-0.386257
1635,0.317187,-0.381122
1636,0.332169,-0.375105
1637,0.346836,-0.368227
1638,0.361122,-0.360511
1639,0.374951,-0.351987
1640,0.388295,-0.342682
1641,0.401088,-0.332626
1642,0.413311,-0.321848
1643,0.424897,-0.310387
1644,0.435820,-0.298279
1645,0.446052,-0.285558
1646,0.455538,-0.272275
1647,0.464267,-0.258460
1648,0.472192,-0.244167
1649,0.479295,-0.229440
1650,0.485215,-0.214851
1651,0.490140,-0.200382
1652,0.494337,-0.185417
1653,0.497751,-0.170033
1654,0.500317,-0.154345
1655,0.502040,-0.138367
1656,0.502869,-0.122185
1657,0.502787,-0.105895
1658,0.501786,-0.089528
1659,0.499857,-0.073149
1660,0.496997,-0.056820
1661,0.493203,-0.040656
1662,0.488489,-0.024662
1663,0.482858,-0.008902
1664,0.476335,0.006514
1665,0.468961,0.021439
1666,0.460771,0.035916
1667,0.451719,0.050018
1668,0.441838,0.063652
1669,0.431191,0.076703
1670,0.420072,0.088709
1671,0.408898,0.099367
1672,0.396999,0.109526
1673,0.384422,0.119103
1674,0.371209,0.128052
1675,0.357426,0.136296
1676,0.343088,0.143825
1677,0.328255,0.150582
1678,0.313010,0.156507
1679,0.297396,0.161584
1680,0.281465,0.165785
1681,0.265261,0.169097
1682,0.248884,0.171480
1683,0.232372,0.172932
1684,0.215797,0.173444
1685,0.199205,0.173011
1686,0.182651,0.171634
1687,0.166199,0.169315
1688,0.150614,0.166061
1689,0.136101,0.162029
1690,0.121824,0.157212
1691,0.107831,0.151587
1692,0.094168,0.145171
1693,0.080896,0.137987
1694,0.068080,0.130061
1695,0.055757,0.121434
1696,0.043993,0.112132
1697,0.032862,0.102183
1698,0.022347,0.091696
1699,0.012487,0.080666
1700,0.003348,0.069129
1701,-0.005054,0.057144
1702,-0.012697,0.044766
1703,-0.019560,0.032043
1704,-0.025626,0.019030
1705,-0.030883,0.005772
1706,-0.035324,-0.007668
1707,-0.038939,-0.021243
1708,-0.041555,-0.034536
1709,-0.043533,-0.048208
1710,-0.044725,-0.061805
1711,-0.045081,-0.075345
1712,-0.044643,-0.088771
1713,-0.043422,-0.102037
1714,-0.041436,-0.115103
1715,-0.038708,-0.127910
1716,-0.035252,-0.140435
1717,-0.031098,-0.152631
1718,-0.026273,-0.164452
1719,-0.020800,-0.175871
1720,-0.014713,-0.186852
1721,-0.008044,-0.197362
1722,-0.000820,-0.207377
1723,0.006910,-0.216857
1724,0.015127,-0.225790
1725,0.023782,-0.234147
1726,0.032846,-0.241911
1727,0.042277,-0.249066
1728,0.052028,-0.255589
1729,0.062082,-0.261480
1730,0.072414,-0.266747
1731,0.082969,-0.271372
1732,0.093614,-0.275281
1733,0.104403,-0.278523
1734,0.115270,-0.281095
1735,0.126199,-0.283006
1736,0.137125,-0.284251
1737,0.148033,-0.284843
1738,0.158874,-0.284786
1739,0.169255,-0.284009
1740,0.179884,-0.282723
1741,0.190369,-0.280829
1742,0.200675,-0.278336
1743,0.210770,-0.275259
1744,0.220547,-0.271609
1745,0.229988,-0.267421
1746,0.239110,-0.262714
1747,0.247895,-0.257506
1748,0.256314,-0.251821
1749,0.264347,-0.245681
1750,0.271969,-0.239112
1751,0.279157,-0.232141
1752,0.285891,-0.224795
1753,0.292153,-0.217104
1754,0.297923,-0.209097
1755,0.303188,-0.200805
1756,0.307934,-0.192259
1757,0.312149,-0.183492
1758,0.315823,-0.174535
1759,0.318339,-0.166211
1760,0.317648,-0.160884
1761,0.316251,-0.156446
1762,0.314454,-0.152022
1763,0.313002,-0.147382
1764,0.311694,-0.141183
1765,0.309560,-0.134923
1766,0.306888,-0.129080
1767,0.303875,-0.123743
1768,0.300617,-0.118952
1769,0.297169,-0.114740
1770,0.293585,-0.111107
1771,0.289910,-0.108018
1772,0.286233,-0.105724
1773,0.282440,-0.103400
1774,0.278587,-0.101372
1775,0.274666,-0.099606
1776,0.270667,-0.098096
1777,0.266605,-0.096864
1778,0.262512,-0.095948
1779,0.258396,-0.095317
1780,0.254265,-0.094952
1781,0.250137,-0.094851
1782,0.246027,-0.095012
1783,0.241954,-0.095434
1784,0.237932,-0.096112
1785,0.234019,-0.097083
1786,0.230210,-0.098316
1787,0.226510,-0.099791
1788,0.222945,-0.100437
1789,0.219018,-0.100726
1790,0.215351,-0.102333
1791,0.211886,-0.104468
1792,0.208638,-0.106874
1793,0.205583,-0.109484
1794,0.202717,-0.112275
1795,0.200048,-0.115234
1796,0.197584,-0.118346
1797,0.195332,-0.121597
1798,0.193302,-0.124974
1799,0.191500,-0.128461
