0,-0.993018,-1.935970
1,-0.990142,-1.924062
2,-0.989027,-1.919445
3,-0.989027,-1.919445
4,-0.989027,-1.919445
5,-0.989027,-1.919445
6,-1.000831,-1.916168
7,-1.017517,-1.912951
8,-1.034370,-1.910741
9,-1.051322,-1.909494
10,-1.056061,-1.909173
11,-1.056061,-1.909173
12,-1.056061,-1.909173
13,-1.056061,-1.909173
14,-1.056061,-1.909173
15,-1.056061,-1.909173
16,-1.056061,-1.909173
17,-1.056061,-1.909173
18,-1.056061,-1.909173
19,-1.044136,-1.906369
20,-1.027958,-1.901166
21,-1.012119,-1.894999
22,-0.996657,-1.887940
23,-0.981621,-1.880013
24,-0.967060,-1.871244
25,-0.953022,-1.861660
26,-0.939552,-1.851293
27,-0.926693,-1.840177
28,-0.914488,-1.828347
29,-0.902976,-1.815841
30,-0.892194,-1.802701
31,-0.882177,-1.788969
32,-0.872957,-1.774689
33,-0.864565,-1.759908
34,-0.857028,-1.744673
35,-0.850369,-1.729034
36,-0.844611,-1.713041
37,-0.839772,-1.696747
38,-0.835869,-1.680204
39,-0.832912,-1.663465
40,-0.830913,-1.646586
41,-0.829877,-1.629620
42,-0.829809,-1.612623
43,-0.829817,-1.607873
44,-0.829817,-1.607873
45,-0.829817,-1.607873
46,-0.829817,-1.607873
47,-0.842062,-1.607549
48,-0.859032,-1.608463
49,-0.875919,-1.610396
50,-0.892669,-1.613287
51,-0.897345,-1.614121
52,-0.897345,-1.614121
53,-0.897345,-1.614121
54,-0.897345,-1.614121
55,-0.897345,-1.614121
56,-0.897345,-1.614121
57,-0.897345,-1.614121
58,-0.897345,-1.614121
59,-0.897345,-1.614121
60,-0.886452,-1.608516
61,-0.872014,-1.599554
62,-0.858137,-1.589738
63,-0.844841,-1.579149
64,-0.832169,-1.567820
65,-0.820162,-1.555789
66,-0.808860,-1.543094
67,-0.798297,-1.529777
68,-0.788510,-1.515880
69,-0.779529,-1.501449
70,-0.771384,-1.486530
71,-0.764101,-1.471172
72,-0.757703,-1.455424
73,-0.752212,-1.439338
74,-0.747644,-1.422966
75,-0.744016,-1.406360
76,-0.741339,-1.389575
77,-0.739620,-1.372664
78,-0.739167,-1.367936
79,-0.739167,-1.367936
80,-0.739167,-1.367936
81,-0.739167,-1.367936
82,-0.751323,-1.366425
83,-0.768301,-1.365687
84,-0.785296,-1.365972
85,-0.802248,-1.367223
86,-0.819101,-1.369437
87,-0.823807,-1.370082
88,-0.823807,-1.370082
89,-0.823807,-1.370082
90,-0.823807,-1.370082
91,-0.823807,-1.370082
92,-0.823807,-1.370082
93,-0.823807,-1.370082
94,-0.823807,-1.370082
95,-0.823807,-1.370082
96,-0.812697,-1.364920
97,-0.797909,-1.356547
98,-0.783648,-1.347299
99,-0.769936,-1.337254
100,-0.756818,-1.326445
101,-0.744336,-1.314907
102,-0.732531,-1.302678
103,-0.721441,-1.289796
104,-0.711102,-1.276305
105,-0.701547,-1.262248
106,-0.692807,-1.247669
107,-0.684911,-1.232617
108,-0.677884,-1.217140
109,-0.671749,-1.201288
110,-0.666526,-1.185113
111,-0.665092,-1.180585
112,-0.665092,-1.180585
113,-0.665092,-1.180585
114,-0.665092,-1.180585
115,-0.676662,-1.176560
116,-0.693109,-1.172282
117,-0.709786,-1.168999
118,-0.719680,-1.165719
119,-0.719330,-1.161086
120,-0.719206,-1.156432
121,-0.719310,-1.151767
122,-0.719643,-1.147102
123,-0.720204,-1.142449
124,-0.720995,-1.137818
125,-0.722014,-1.133220
126,-0.723260,-1.128667
127,-0.724733,-1.124169
128,-0.726429,-1.119738
129,-0.728347,-1.115384
130,-0.730483,-1.111119
131,-0.732833,-1.106954
132,-0.735393,-1.102898
133,-0.738158,-1.098963
134,-0.741123,-1.095160
135,-0.744282,-1.091497
136,-0.747628,-1.087986
137,-0.751156,-1.084636
138,-0.754856,-1.081456
139,-0.758723,-1.078455
140,-0.762746,-1.075643
141,-0.766918,-1.073026
142,-0.771228,-1.070614
143,-0.775668,-1.068415
144,-0.780227,-1.066434
145,-0.784895,-1.064678
146,-0.789660,-1.063155
147,-0.794512,-1.061869
148,-0.799439,-1.060825
149,-0.804428,-1.060028
150,-0.809468,-1.059483
151,-0.814546,-1.059191
152,-0.819650,-1.059157
153,-0.824766,-1.059382
154,-0.829882,-1.059868
155,-0.834984,-1.060615
156,-0.840059,-1.061624
157,-0.845094,-1.062894
158,-0.850075,-1.064424
159,-0.854988,-1.066213
160,-0.859822,-1.068257
161,-0.864561,-1.070553
162,-0.869193,-1.073098
163,-0.873705,-1.075886
164,-0.878084,-1.078913
165,-0.882317,-1.082172
166,-0.886391,-1.085657
167,-0.890296,-1.089359
168,-0.894018,-1.093272
169,-0.897547,-1.097387
170,-0.900870,-1.101694
171,-0.903979,-1.106183
172,-0.906862,-1.110843
173,-0.909510,-1.115664
174,-0.911914,-1.120634
175,-0.914065,-1.125740
176,-0.915955,-1.130971
177,-0.917578,-1.136312
178,-0.918925,-1.141750
179,-0.919992,-1.147272
180,-0.920774,-1.152862
181,-0.921264,-1.158506
182,-0.921461,-1.164189
183,-0.921360,-1.169895
184,-0.920960,-1.175610
185,-0.920259,-1.181317
186,-0.919257,-1.187001
187,-0.917953,-1.192646
188,-0.916350,-1.198235
189,-0.914449,-1.203753
190,-0.912253,-1.209183
191,-0.909765,-1.214510
192,-0.906990,-1.219719
193,-0.903934,-1.224793
194,-0.900603,-1.229717
195,-0.897003,-1.234476
196,-0.893143,-1.239056
197,-0.889032,-1.243441
198,-0.884679,-1.247619
199,-0.880094,-1.251576
200,-0.875288,-1.255298
201,-0.870274,-1.258773
202,-0.865064,-1.261989
203,-0.859671,-1.264935
204,-0.854109,-1.267601
205,-0.848393,-1.269977
206,-0.842537,-1.272053
207,-0.836557,-1.273821
208,-0.830470,-1.275274
209,-0.824291,-1.276404
210,-0.818039,-1.277207
211,-0.811730,-1.277678
212,-0.805382,-1.277811
213,-0.799013,-1.277605
214,-0.792641,-1.277057
215,-0.786286,-1.276166
216,-0.779964,-1.274932
217,-0.773695,-1.273356
218,-0.767497,-1.271441
219,-0.761390,-1.269187
220,-0.755391,-1.266601
221,-0.749518,-1.263686
222,-0.743790,-1.260449
223,-0.738225,-1.256897
224,-0.732840,-1.253037
225,-0.727652,-1.248879
226,-0.722678,-1.244433
227,-0.717934,-1.239709
228,-0.713436,-1.234719
229,-0.709198,-1.229476
230,-0.705235,-1.223994
231,-0.701562,-1.218286
232,-0.698189,-1.212369
233,-0.695131,-1.206257
234,-0.692399,-1.199967
235,-0.690001,-1.193517
236,-0.688261,-1.187130
237,-0.686549,-1.180433
238,-0.685196,-1.173632
239,-0.684210,-1.166745
240,-0.683596,-1.159792
241,-0.683359,-1.152792
242,-0.683502,-1.145766
243,-0.684028,-1.138735
244,-0.684938,-1.131719
245,-0.686231,-1.124741
246,-0.687907,-1.117820
247,-0.689963,-1.110978
248,-0.692395,-1.104236
249,-0.695200,-1.097615
250,-0.698371,-1.091135
251,-0.701902,-1.084817
252,-0.705783,-1.078681
253,-0.710007,-1.072746
254,-0.714562,-1.067032
255,-0.719437,-1.061558
256,-0.724620,-1.056341
257,-0.730098,-1.051398
258,-0.735854,-1.046748
259,-0.741875,-1.042405
260,-0.748144,-1.038385
261,-0.754643,-1.034701
262,-0.761355,-1.031368
263,-0.768260,-1.028398
264,-0.775339,-1.025802
265,-0.782572,-1.023590
266,-0.789937,-1.021772
267,-0.797414,-1.020356
268,-0.804701,-1.019596
269,-0.812318,-1.018983
270,-0.819979,-1.018786
271,-0.827662,-1.019010
272,-0.835345,-1.019656
273,-0.843003,-1.020727
274,-0.850614,-1.022220
275,-0.858153,-1.024135
276,-0.865598,-1.026467
277,-0.872926,-1.029213
278,-0.880112,-1.032367
279,-0.887135,-1.035921
280,-0.893971,-1.039868
281,-0.900600,-1.044197
282,-0.906998,-1.048897
283,-0.913146,-1.053957
284,-0.919023,-1.059364
285,-0.924610,-1.065102
286,-0.929887,-1.071156
287,-0.934836,-1.077509
288,-0.939441,-1.084144
289,-0.943685,-1.091043
290,-0.947553,-1.098185
291,-0.951031,-1.105550
292,-0.954106,-1.113116
293,-0.956766,-1.120862
294,-0.959001,-1.128765
295,-0.960801,-1.136801
296,-0.962159,-1.144946
297,-0.963067,-1.153177
298,-0.963520,-1.161467
299,-0.963514,-1.169792
300,-0.962882,-1.177792
301,-0.961977,-1.186100
302,-0.960612,-1.194366
303,-0.958786,-1.202566
304,-0.956504,-1.210674
305,-0.953769,-1.218664
306,-0.950588,-1.226512
307,-0.946968,-1.234191
308,-0.942918,-1.241678
309,-0.938447,-1.248947
310,-0.933568,-1.255976
311,-0.928294,-1.262742
312,-0.922638,-1.269221
313,-0.916616,-1.275393
314,-0.910245,-1.281236
315,-0.903543,-1.286730
316,-0.896529,-1.291858
317,-0.889222,-1.296600
318,-0.881645,-1.300941
319,-0.873819,-1.304864
320,-0.865767,-1.308355
321,-0.857514,-1.311401
322,-0.849083,-1.313991
323,-0.840500,-1.316113
324,-0.831791,-1.317760
325,-0.822983,-1.318923
326,-0.814103,-1.319596
327,-0.805177,-1.319775
328,-0.796233,-1.319456
329,-0.787300,-1.318639
330,-0.778404,-1.317323
331,-0.769933,-1.315406
332,-0.761204,-1.313125
333,-0.752595,-1.310357
334,-0.744134,-1.307107
335,-0.735847,-1.303383
336,-0.727762,-1.299193
337,-0.719905,-1.294549
338,-0.712300,-1.289462
339,-0.704974,-1.283947
340,-0.697951,-1.278019
341,-0.691253,-1.271694
342,-0.684904,-1.264991
343,-0.678925,-1.257928
344,-0.673336,-1.250526
345,-0.668157,-1.242806
346,-0.663406,-1.234792
347,-0.659100,-1.226507
348,-0.655254,-1.217975
349,-0.651883,-1.209223
350,-0.648999,-1.200277
351,-0.646613,-1.191164
352,-0.644736,-1.181911
353,-0.643375,-1.172548
354,-0.642537,-1.163103
355,-0.642228,-1.153606
356,-0.642449,-1.144085
357,-0.643204,-1.134572
358,-0.644492,-1.125095
359,-0.646311,-1.115685
360,-0.648658,-1.106372
361,-0.651528,-1.097185
362,-0.654914,-1.088155
363,-0.658812,-1.079681
364,-0.663175,-1.071048
365,-0.668023,-1.062655
366,-0.673342,-1.054529
367,-0.679120,-1.046697
368,-0.685340,-1.039186
369,-0.691984,-1.032019
370,-0.699033,-1.025222
371,-0.706466,-1.018817
372,-0.714261,-1.012826
373,-0.722396,-1.007269
374,-0.730847,-1.002167
375,-0.739587,-0.997536
376,-0.748590,-0.993394
377,-0.757829,-0.989755
378,-0.767277,-0.986634
379,-0.776903,-0.984041
380,-0.786678,-0.981988
381,-0.796572,-0.980482
382,-0.806554,-0.979532
383,-0.816593,-0.979142
384,-0.826658,-0.979315
385,-0.836716,-0.980054
386,-0.846736,-0.981357
387,-0.856685,-0.983224
388,-0.866533,-0.985651
389,-0.876248,-0.988631
390,-0.885798,-0.992158
391,-0.895153,-0.996223
392,-0.904281,-1.000815
393,-0.913154,-1.005921
394,-0.921375,-1.011466
395,-0.929656,-1.017529
396,-0.937599,-1.024056
397,-0.945177,-1.031031
398,-0.952365,-1.038434
399,-0.959138,-1.046243
400,-0.965473,-1.054434
401,-0.971349,-1.062984
402,-0.976745,-1.071865
403,-0.981643,-1.081052
404,-0.986024,-1.090516
405,-0.989874,-1.100229
406,-0.993178,-1.110159
407,-0.995924,-1.120278
408,-0.998101,-1.130552
409,-0.999700,-1.140950
410,-1.000713,-1.151440
411,-1.001137,-1.161988
412,-1.000966,-1.172561
413,-1.000201,-1.183126
414,-0.998840,-1.193649
415,-0.996886,-1.204096
416,-0.994345,-1.214434
417,-0.991220,-1.224630
418,-0.987521,-1.234651
419,-0.983258,-1.244464
420,-0.978441,-1.254038
421,-0.973085,-1.263341
422,-0.967204,-1.272342
423,-0.960816,-1.281013
424,-0.953939,-1.289324
425,-0.946594,-1.297247
426,-0.938959,-1.304419
427,-0.930770,-1.311503
428,-0.922183,-1.318127
429,-0.913223,-1.324267
430,-0.903916,-1.329901
431,-0.894293,-1.335011
432,-0.884381,-1.339579
433,-0.874212,-1.343587
434,-0.863817,-1.347021
435,-0.853229,-1.349870
436,-0.842481,-1.352121
437,-0.831607,-1.353765
438,-0.820640,-1.354797
439,-0.809616,-1.355209
440,-0.798570,-1.355000
441,-0.787536,-1.354167
442,-0.776550,-1.352712
443,-0.765647,-1.350637
444,-0.754863,-1.347948
445,-0.744231,-1.344650
446,-0.733787,-1.340752
447,-0.723564,-1.336266
448,-0.713595,-1.331203
449,-0.703914,-1.325578
450,-0.694551,-1.319407
451,-0.685538,-1.312709
452,-0.676905,-1.305503
453,-0.668680,-1.297811
454,-0.660890,-1.289655
455,-0.653563,-1.281061
456,-0.646721,-1.272055
457,-0.640694,-1.262881
458,-0.634876,-1.253158
459,-0.629606,-1.243110
460,-0.624906,-1.232767
461,-0.620790,-1.222160
462,-0.617274,-1.211323
463,-0.614372,-1.200290
464,-0.612093,-1.189096
465,-0.610447,-1.177775
466,-0.609441,-1.166364
467,-0.609081,-1.154899
468,-0.609368,-1.143417
469,-0.610304,-1.131953
470,-0.611887,-1.120546
471,-0.614115,-1.109231
472,-0.616982,-1.098045
473,-0.620480,-1.087024
474,-0.624600,-1.076204
475,-0.629330,-1.065621
476,-0.634657,-1.055308
477,-0.640566,-1.045299
478,-0.647038,-1.035627
479,-0.654055,-1.026324
480,-0.661596,-1.017421
481,-0.669638,-1.008947
482,-0.678157,-1.000931
483,-0.687125,-0.993399
484,-0.696517,-0.986377
485,-0.706302,-0.979889
486,-0.716451,-0.973956
487,-0.726932,-0.968599
488,-0.737447,-0.964099
489,-0.748473,-0.959928
490,-0.759728,-0.956378
491,-0.771180,-0.953466
492,-0.782792,-0.951204
493,-0.794528,-0.949599
494,-0.806349,-0.948658
495,-0.818219,-0.948387
496,-0.830100,-0.948788
497,-0.841953,-0.949860
498,-0.853740,-0.951603
499,-0.865424,-0.954012
500,-0.876966,-0.957081
501,-0.888329,-0.960803
502,-0.899477,-0.965165
503,-0.910373,-0.970157
504,-0.920981,-0.975763
505,-0.931268,-0.981967
506,-0.941198,-0.988750
507,-0.950740,-0.996092
508,-0.959861,-1.003971
509,-0.968532,-1.012362
510,-0.976724,-1.021240
511,-0.984409,-1.030578
512,-0.991562,-1.040346
513,-0.998158,-1.050514
514,-1.004175,-1.061051
515,-1.009593,-1.071923
516,-1.014391,-1.083096
517,-1.018555,-1.094535
518,-1.022069,-1.106203
519,-1.024920,-1.118065
520,-1.026915,-1.129756
521,-1.028439,-1.141876
522,-1.029277,-1.154074
523,-1.029425,-1.166313
524,-1.028878,-1.178553
525,-1.027639,-1.190756
526,-1.025710,-1.202882
527,-1.023094,-1.214891
528,-1.019800,-1.226746
529,-1.015836,-1.238406
530,-1.011214,-1.249836
531,-1.005946,-1.260997
532,-1.000050,-1.271853
533,-0.993542,-1.282368
534,-0.986442,-1.292508
535,-0.978772,-1.302240
536,-0.970555,-1.311531
537,-0.961817,-1.320351
538,-0.952584,-1.328670
539,-0.942886,-1.336460
540,-0.932752,-1.343696
541,-0.922215,-1.350353
542,-0.911307,-1.356409
543,-0.900063,-1.361842
544,-0.888518,-1.366635
545,-0.876709,-1.370770
546,-0.864674,-1.374233
547,-0.852450,-1.377012
548,-0.840077,-1.379095
549,-0.827594,-1.380476
550,-0.815041,-1.381148
551,-0.802810,-1.380984
552,-0.790247,-1.380259
553,-0.777734,-1.378826
554,-0.765311,-1.376686
555,-0.753018,-1.373842
556,-0.740896,-1.370303
557,-0.728982,-1.366080
558,-0.717316,-1.361184
559,-0.705936,-1.355630
560,-0.694880,-1.349434
561,-0.684183,-1.342616
562,-0.673880,-1.335197
563,-0.664005,-1.327198
564,-0.654592,-1.318646
565,-0.645670,-1.309566
566,-0.637270,-1.299986
567,-0.629420,-1.289937
568,-0.622146,-1.279451
569,-0.615472,-1.268560
570,-0.609420,-1.257299
571,-0.604013,-1.245703
572,-0.599267,-1.233809
573,-0.595199,-1.221655
574,-0.591824,-1.209280
575,-0.589154,-1.196724
576,-0.587198,-1.184025
577,-0.585965,-1.171226
578,-0.585458,-1.158367
579,-0.585681,-1.145489
580,-0.586635,-1.132635
581,-0.588318,-1.119845
582,-0.590725,-1.107160
583,-0.593873,-1.094995
584,-0.597675,-1.082646
585,-0.602172,-1.070522
586,-0.607353,-1.058664
587,-0.613202,-1.047110
588,-0.619703,-1.035897
589,-0.626834,-1.025063
590,-0.634574,-1.014642
591,-0.642899,-1.004670
592,-0.651783,-0.995178
593,-0.661198,-0.986199
594,-0.671115,-0.977761
595,-0.681502,-0.969894
596,-0.692326,-0.962623
597,-0.703554,-0.955973
598,-0.715150,-0.949966
599,-0.727076,-0.944622
600,-0.739295,-0.939961
601,-0.751768,-0.935996
602,-0.764455,-0.932744
603,-0.777316,-0.930214
604,-0.790308,-0.928417
605,-0.803391,-0.927359
606,-0.816523,-0.927045
607,-0.829660,-0.927476
608,-0.842761,-0.928653
609,-0.855783,-0.930573
610,-0.868684,-0.933230
611,-0.881422,-0.936618
612,-0.893956,-0.940725
613,-0.906246,-0.945540
614,-0.917880,-0.951010
615,-0.929566,-0.957166
616,-0.940892,-0.963975
617,-0.951821,-0.971421
618,-0.962317,-0.979480
619,-0.972346,-0.988128
620,-0.981874,-0.997337
621,-0.990869,-1.007078
622,-0.999304,-1.017321
623,-1.007148,-1.028033
624,-1.014376,-1.039180
625,-1.020964,-1.050727
626,-1.026891,-1.062637
627,-1.032135,-1.074872
628,-1.036678,-1.087393
629,-1.040507,-1.100160
630,-1.043606,-1.113131
631,-1.045966,-1.126266
632,-1.047577,-1.139522
633,-1.048434,-1.152856
634,-1.048532,-1.166226
635,-1.047871,-1.179588
636,-1.046451,-1.192899
637,-1.044277,-1.206116
638,-1.041354,-1.219196
639,-1.037691,-1.232097
640,-1.033299,-1.244777
641,-1.028191,-1.257194
642,-1.022383,-1.269309
643,-1.015893,-1.281081
644,-1.008740,-1.292472
645,-1.000948,-1.303446
646,-0.992676,-1.313618
647,-0.983709,-1.323662
648,-0.974183,-1.333187
649,-0.964125,-1.342161
650,-0.953568,-1.350554
651,-0.942545,-1.358339
652,-0.931092,-1.365489
653,-0.919244,-1.371980
654,-0.907040,-1.377792
655,-0.894519,-1.382904
656,-0.881720,-1.387300
657,-0.868686,-1.390963
658,-0.855457,-1.393881
659,-0.842076,-1.396045
660,-0.828587,-1.397446
661,-0.815032,-1.398079
662,-0.801456,-1.397941
663,-0.787903,-1.397032
664,-0.774416,-1.395353
665,-0.761040,-1.392910
666,-0.747816,-1.389709
667,-0.734789,-1.385761
668,-0.722001,-1.381076
669,-0.709493,-1.375669
670,-0.697306,-1.369558
671,-0.685480,-1.362761
672,-0.674053,-1.355299
673,-0.663063,-1.347196
674,-0.652546,-1.338477
675,-0.642536,-1.329170
676,-0.633066,-1.319304
677,-0.624167,-1.308912
678,-0.616172,-1.298242
679,-0.608480,-1.286923
680,-0.601441,-1.275179
681,-0.595077,-1.263049
682,-0.589409,-1.250571
683,-0.584457,-1.237785
684,-0.580238,-1.224732
685,-0.576766,-1.211453
686,-0.574053,-1.197993
687,-0.572107,-1.184394
688,-0.570937,-1.170700
689,-0.570547,-1.156955
690,-0.570939,-1.143204
691,-0.572112,-1.129491
692,-0.574064,-1.115860
693,-0.576788,-1.102357
694,-0.580276,-1.089023
695,-0.584519,-1.075904
696,-0.589502,-1.063041
697,-0.595211,-1.050477
698,-0.601628,-1.038252
699,-0.608732,-1.026406
700,-0.616502,-1.014978
701,-0.624912,-1.004005
702,-0.633935,-0.993524
703,-0.643545,-0.983568
704,-0.653709,-0.974170
705,-0.664395,-0.965361
706,-0.675569,-0.957170
707,-0.687196,-0.949625
708,-0.699238,-0.942750
709,-0.711385,-0.936823
710,-0.724119,-0.931330
711,-0.737149,-0.926565
712,-0.750433,-0.922547
713,-0.763930,-0.919288
714,-0.777596,-0.916801
715,-0.791387,-0.915095
716,-0.805258,-0.914174
717,-0.819165,-0.914044
718,-0.833062,-0.914705
719,-0.846904,-0.916155
720,-0.860648,-0.918391
721,-0.874247,-0.921405
722,-0.887658,-0.925189
723,-0.900837,-0.929731
724,-0.913742,-0.935018
725,-0.926330,-0.941031
726,-0.938561,-0.947753
727,-0.950394,-0.955163
728,-0.961792,-0.963236
729,-0.972716,-0.971947
730,-0.983131,-0.981269
731,-0.993002,-0.991172
732,-1.002298,-1.001624
733,-1.010988,-1.012591
734,-1.019044,-1.024039
735,-1.026438,-1.035931
736,-1.033147,-1.048229
737,-1.039147,-1.060892
738,-1.044420,-1.073881
739,-1.048947,-1.087154
740,-1.052714,-1.100667
741,-1.055536,-1.114045
742,-1.057775,-1.127891
743,-1.059225,-1.141847
744,-1.059880,-1.155868
745,-1.059736,-1.169908
746,-1.058793,-1.183922
747,-1.057055,-1.197865
748,-1.054526,-1.211690
749,-1.051213,-1.225355
750,-1.047128,-1.238813
751,-1.042282,-1.252022
752,-1.036691,-1.264938
753,-1.030372,-1.277519
754,-1.023346,-1.289725
755,-1.015634,-1.301516
756,-1.007262,-1.312852
757,-0.998255,-1.323697
758,-0.988643,-1.334016
759,-0.978457,-1.343775
760,-0.967729,-1.352942
761,-0.956493,-1.361486
762,-0.944785,-1.369380
763,-0.932644,-1.376598
764,-0.920108,-1.383116
765,-0.907218,-1.388911
766,-0.894014,-1.393966
767,-0.880541,-1.398263
768,-0.866841,-1.401788
769,-0.852958,-1.404529
770,-0.838937,-1.406476
771,-0.825171,-1.407486
772,-0.811021,-1.407859
773,-0.796870,-1.407430
774,-0.782762,-1.406196
775,-0.768743,-1.404162
776,-0.754858,-1.401332
777,-0.741153,-1.397716
778,-0.727671,-1.393325
779,-0.714458,-1.388173
780,-0.701555,-1.382276
781,-0.689004,-1.375653
782,-0.676848,-1.368324
783,-0.665125,-1.360313
784,-0.653873,-1.351646
785,-0.643129,-1.342351
786,-0.632929,-1.332456
787,-0.623305,-1.321995
788,-0.614290,-1.311000
789,-0.605913,-1.299506
790,-0.598200,-1.287552
791,-0.591179,-1.275174
792,-0.584871,-1.262414
793,-0.579298,-1.249313
794,-0.574478,-1.235911
795,-0.570427,-1.222254
796,-0.567159,-1.208385
797,-0.564684,-1.194348
798,-0.563012,-1.180190
799,-0.562147,-1.165955
800,-0.562094,-1.151691
801,-0.562853,-1.137444
802,-0.564421,-1.123259
803,-0.566829,-1.109554
804,-0.569966,-1.095634
805,-0.573890,-1.081912
806,-0.578589,-1.068433
807,-0.584048,-1.055238
808,-0.590251,-1.042373
809,-0.597177,-1.029879
810,-0.604805,-1.017796
811,-0.613111,-1.006163
812,-0.622066,-0.995019
813,-0.631644,-0.984401
814,-0.641813,-0.974342
815,-0.652540,-0.964876
816,-0.663791,-0.956033
817,-0.675530,-0.947843
818,-0.687718,-0.940332
819,-0.700318,-0.933525
820,-0.713287,-0.927445
821,-0.726584,-0.922111
822,-0.740166,-0.917542
823,-0.753990,-0.913752
824,-0.768009,-0.910754
825,-0.782180,-0.908558
826,-0.796457,-0.907172
827,-0.810792,-0.906600
828,-0.825139,-0.906845
829,-0.839453,-0.907907
830,-0.853686,-0.909781
831,-0.867793,-0.912463
832,-0.881727,-0.915944
833,-0.895443,-0.920213
834,-0.908526,-0.925220
835,-0.921679,-0.930989
836,-0.934484,-0.937496
837,-0.946902,-0.944723
838,-0.958890,-0.952647
839,-0.970411,-0.961242
840,-0.981426,-0.970481
841,-0.991899,-0.980333
842,-1.001797,-0.990768
843,-1.011088,-1.001751
844,-1.019739,-1.013248
845,-1.027725,-1.025221
846,-1.035017,-1.037631
847,-1.041592,-1.050439
848,-1.047430,-1.063603
849,-1.052509,-1.077080
850,-1.056814,-1.090828
851,-1.060331,-1.104801
852,-1.063047,-1.118954
853,-1.064954,-1.133242
854,-1.066044,-1.147618
855,-1.066315,-1.162035
856,-1.065765,-1.176448
857,-1.064395,-1.190808
858,-1.062209,-1.205070
859,-1.059215,-1.219187
860,-1.055421,-1.233113
861,-1.050841,-1.246804
862,-1.045487,-1.260214
863,-1.039378,-1.273300
864,-1.032532,-1.286020
865,-1.025081,-1.297974
866,-1.016864,-1.309848
867,-1.007984,-1.321238
868,-0.998469,-1.332106
869,-0.988349,-1.342417
870,-0.977657,-1.352137
871,-0.966426,-1.361234
872,-0.954695,-1.369678
873,-0.942499,-1.377443
874,-0.929879,-1.384502
875,-0.916875,-1.390832
876,-0.903529,-1.396413
877,-0.889886,-1.401226
878,-0.875988,-1.405256
879,-0.861880,-1.408488
880,-0.847610,-1.410913
881,-0.833221,-1.412522
882,-0.818762,-1.413309
883,-0.804280,-1.413272
884,-0.789820,-1.412410
885,-0.775431,-1.410727
886,-0.761158,-1.408227
887,-0.747049,-1.404918
888,-0.733148,-1.400810
889,-0.719501,-1.395918
890,-0.706153,-1.390255
891,-0.693147,-1.383841
892,-0.680525,-1.376695
893,-0.668328,-1.368842
894,-0.656596,-1.360305
895,-0.645368,-1.351113
896,-0.635008,-1.341470
897,-0.624877,-1.331089
898,-0.615351,-1.320147
899,-0.606462,-1.308679
900,-0.598239,-1.296721
901,-0.590709,-1.284313
902,-0.583896,-1.271495
903,-0.577823,-1.258307
904,-0.572509,-1.244793
905,-0.567973,-1.230996
906,-0.564229,-1.216962
907,-0.561290,-1.202734
908,-0.559165,-1.188361
909,-0.557861,-1.173887
910,-0.557384,-1.159361
911,-0.557734,-1.144829
912,-0.558911,-1.130338
913,-0.560911,-1.115936
914,-0.563729,-1.101669
915,-0.567354,-1.087583
916,-0.571776,-1.073725
917,-0.576981,-1.060139
918,-0.582951,-1.046869
919,-0.589669,-1.033959
920,-0.597111,-1.021450
921,-0.605254,-1.009384
922,-0.614073,-0.997799
923,-0.623538,-0.986734
924,-0.633619,-0.976224
925,-0.644283,-0.966303
926,-0.655496,-0.957004
927,-0.666986,-0.948647
928,-0.679160,-0.940659
929,-0.691769,-0.933376
930,-0.704775,-0.926821
931,-0.718134,-0.921016
932,-0.731804,-0.915981
933,-0.745741,-0.911731
934,-0.759898,-0.908282
935,-0.774231,-0.905643
936,-0.788693,-0.903825
937,-0.803237,-0.902833
938,-0.817816,-0.902670
939,-0.832382,-0.903338
940,-0.846888,-0.904834
941,-0.861288,-0.907154
942,-0.875534,-0.910290
943,-0.889580,-0.914233
944,-0.903380,-0.918970
945,-0.916891,-0.924485
946,-0.930067,-0.930762
947,-0.942865,-0.937779
948,-0.955245,-0.945514
949,-0.967167,-0.953943
950,-0.978590,-0.963038
951,-0.989478,-0.972770
952,-0.999796,-0.983107
953,-1.009510,-0.994017
954,-1.018588,-1.005463
955,-1.027001,-1.017408
956,-1.034720,-1.029815
957,-1.041457,-1.042381
958,-1.047742,-1.055567
959,-1.053270,-1.069088
960,-1.058019,-1.082904
961,-1.061975,-1.096970
962,-1.065124,-1.111240
963,-1.067456,-1.125667
964,-1.068962,-1.140206
965,-1.069639,-1.154808
966,-1.069483,-1.169427
967,-1.068495,-1.184015
968,-1.066677,-1.198524
969,-1.064036,-1.212909
970,-1.060580,-1.227121
971,-1.056320,-1.241115
972,-1.051270,-1.254845
973,-1.045445,-1.268267
974,-1.038865,-1.281337
975,-1.031550,-1.294012
976,-1.023525,-1.306252
977,-1.014815,-1.318016
978,-1.005448,-1.329267
979,-0.995455,-1.339967
980,-0.984868,-1.350081
981,-0.973720,-1.359578
982,-0.962049,-1.368425
983,-0.949892,-1.376595
984,-0.937288,-1.384060
985,-0.924277,-1.390795
986,-0.910904,-1.396780
987,-0.897209,-1.401994
988,-0.883239,-1.406420
989,-0.869363,-1.409863
990,-0.854993,-1.412703
991,-0.840484,-1.414722
992,-0.825881,-1.415912
993,-0.811233,-1.416269
994,-0.796587,-1.415791
995,-0.781991,-1.414480
996,-0.767491,-1.412339
997,-0.753135,-1.409376
998,-0.738970,-1.405600
999,-0.725042,-1.401024
1000,-0.711395,-1.395661
1001,-0.698075,-1.389529
1002,-0.685124,-1.382647
1003,-0.672584,-1.375039
1004,-0.660497,-1.366729
1005,-0.648902,-1.357742
1006,-0.637836,-1.348109
1007,-0.627336,-1.337861
1008,-0.617435,-1.327030
1009,-0.608166,-1.315652
1010,-0.599559,-1.303764
1011,-0.591643,-1.291403
1012,-0.584442,-1.278611
1013,-0.577981,-1.265428
1014,-0.572280,-1.251897
1015,-0.567359,-1.238063
1016,-0.563233,-1.223969
1017,-0.559916,-1.209661
1018,-0.557419,-1.195187
1019,-0.555750,-1.180593
1020,-0.555029,-1.166281
1021,-0.554997,-1.151599
1022,-0.555800,-1.136937
1023,-0.557436,-1.122344
1024,-0.559900,-1.107867
1025,-0.563186,-1.093551
1026,-0.567281,-1.079445
1027,-0.572174,-1.065594
1028,-0.577848,-1.052043
1029,-0.584284,-1.038835
1030,-0.591464,-1.026015
1031,-0.599362,-1.013623
1032,-0.607954,-1.001699
1033,-0.617211,-0.990284
1034,-0.627105,-0.979413
1035,-0.637602,-0.969122
1036,-0.648670,-0.959445
1037,-0.660271,-0.950413
1038,-0.672369,-0.942055
1039,-0.684925,-0.934399
1040,-0.697897,-0.927470
1041,-0.711244,-0.921291
1042,-0.724922,-0.915881
1043,-0.738887,-0.911259
1044,-0.753094,-0.907438
1045,-0.767497,-0.904433
1046,-0.782049,-0.902253
1047,-0.796702,-0.900905
1048,-0.811410,-0.900393
1049,-0.826124,-0.900720
1050,-0.840797,-0.901884
1051,-0.855011,-0.903926
1052,-0.869455,-0.906717
1053,-0.883718,-0.910325
1054,-0.897754,-0.914739
1055,-0.911517,-0.919946
1056,-0.924962,-0.925928
1057,-0.938046,-0.932667
1058,-0.950726,-0.940141
1059,-0.962960,-0.948326
1060,-0.974710,-0.957194
1061,-0.985936,-0.966718
1062,-0.996603,-0.976867
1063,-1.006675,-0.987607
1064,-1.016120,-0.998905
1065,-1.024907,-1.010723
1066,-1.033007,-1.023023
1067,-1.040394,-1.035765
1068,-1.047045,-1.048909
1069,-1.052936,-1.062411
1070,-1.058049,-1.076227
1071,-1.062368,-1.090314
1072,-1.065878,-1.104624
1073,-1.068567,-1.119113
1074,-1.070427,-1.133732
1075,-1.071451,-1.148434
1076,-1.071637,-1.163172
1077,-1.070983,-1.177898
1078,-1.069491,-1.192564
1079,-1.067166,-1.207122
1080,-1.064016,-1.221525
1081,-1.060050,-1.235726
1082,-1.055308,-1.249308
1083,-1.049786,-1.262972
1084,-1.043497,-1.276301
1085,-1.036459,-1.289251
1086,-1.028694,-1.301780
1087,-1.020228,-1.313847
1088,-1.011087,-1.325414
1089,-1.001302,-1.336442
1090,-0.990904,-1.346895
1091,-0.979926,-1.356740
1092,-0.968405,-1.365945
1093,-0.956378,-1.374480
1094,-0.943883,-1.382316
1095,-0.930962,-1.389428
1096,-0.917655,-1.395793
1097,-0.904006,-1.401391
1098,-0.890060,-1.406203
1099,-0.875862,-1.410213
1100,-0.861457,-1.413408
1101,-0.846892,-1.415777
1102,-0.832215,-1.417314
1103,-0.817474,-1.418012
1104,-0.802715,-1.417870
1105,-0.787988,-1.416887
1106,-0.773339,-1.415067
1107,-0.758817,-1.412416
1108,-0.744469,-1.408941
1109,-0.730340,-1.404655
1110,-0.716478,-1.399571
1111,-0.702927,-1.393705
1112,-0.689731,-1.387076
1113,-0.677293,-1.379801
1114,-0.664925,-1.371746
1115,-0.653034,-1.363002
1116,-0.641659,-1.353594
1117,-0.630838,-1.343553
1118,-0.620605,-1.332911
1119,-0.610995,-1.321703
1120,-0.602037,-1.309965
1121,-0.593763,-1.297735
1122,-0.586197,-1.285053
1123,-0.579366,-1.271960
1124,-0.573291,-1.258499
1125,-0.567992,-1.244712
1126,-0.563487,-1.230644
1127,-0.559790,-1.216343
1128,-0.556913,-1.201852
1129,-0.554866,-1.187221
1130,-0.553655,-1.172496
1131,-0.553285,-1.157725
1132,-0.553757,-1.142955
1133,-0.555070,-1.128236
1134,-0.557218,-1.113614
1135,-0.560196,-1.099138
1136,-0.563994,-1.084854
1137,-0.568599,-1.070808
1138,-0.573998,-1.057046
1139,-0.580171,-1.043614
1140,-0.587100,-1.030554
1141,-0.594762,-1.017909
1142,-0.603133,-1.005720
1143,-0.612184,-0.994026
1144,-0.621730,-0.983205
1145,-0.632025,-0.972600
1146,-0.642905,-0.962596
1147,-0.654337,-0.953228
1148,-0.666286,-0.944525
1149,-0.678711,-0.936516
1150,-0.691573,-0.929227
1151,-0.704830,-0.922682
1152,-0.718439,-0.916903
1153,-0.732356,-0.911908
1154,-0.746536,-0.907713
1155,-0.760932,-0.904332
1156,-0.775499,-0.901777
1157,-0.790188,-0.900055
1158,-0.804952,-0.899172
1159,-0.819744,-0.899132
1160,-0.834515,-0.899934
1161,-0.849217,-0.901577
1162,-0.863802,-0.904054
1163,-0.878224,-0.907358
1164,-0.892435,-0.911478
1165,-0.906389,-0.916401
1166,-0.920040,-0.922111
1167,-0.933346,-0.928590
1168,-0.946261,-0.935817
1169,-0.958745,-0.943767
1170,-0.970756,-0.952417
1171,-0.982256,-0.961736
1172,-0.993207,-0.971697
1173,-1.003573,-0.982265
1174,-1.013322,-0.993407
1175,-1.022420,-1.005087
1176,-1.030558,-1.017018
1177,-1.038292,-1.029631
1178,-1.045295,-1.042663
1179,-1.051546,-1.056074
1180,-1.057023,-1.069819
1181,-1.061708,-1.083855
1182,-1.065587,-1.098136
1183,-1.068646,-1.112616
1184,-1.070876,-1.127247
1185,-1.072269,-1.141983
1186,-1.072821,-1.156774
1187,-1.072529,-1.171574
1188,-1.071395,-1.186335
1189,-1.069422,-1.201007
1190,-1.066616,-1.215544
1191,-1.062987,-1.229899
1192,-1.058546,-1.244024
1193,-1.053307,-1.257875
1194,-1.047288,-1.271405
1195,-1.040507,-1.284572
1196,-1.032987,-1.297331
1197,-1.024752,-1.309642
1198,-1.015829,-1.321465
1199,-1.006247,-1.332762
1200,-0.996036,-1.343495
1201,-0.985230,-1.353629
1202,-0.973863,-1.363132
1203,-0.961973,-1.371973
1204,-0.949598,-1.380123
1205,-0.936778,-1.387555
1206,-0.923837,-1.394001
1207,-0.910276,-1.399954
1208,-0.896399,-1.405127
1209,-0.882248,-1.409502
1210,-0.867871,-1.413063
1211,-0.853313,-1.415800
1212,-0.838622,-1.417704
1213,-0.823846,-1.418768
1214,-0.809032,-1.418989
1215,-0.794228,-1.418366
1216,-0.779484,-1.416900
1217,-0.764846,-1.414597
1218,-0.750362,-1.411464
1219,-0.736079,-1.407511
1220,-0.722044,-1.402751
1221,-0.708302,-1.397199
1222,-0.694898,-1.390872
1223,-0.681875,-1.383793
1224,-0.669276,-1.375982
1225,-0.657141,-1.367466
1226,-0.645510,-1.358273
1227,-0.634422,-1.348431
1228,-0.623911,-1.337973
1229,-0.614012,-1.326934
1230,-0.604758,-1.315347
1231,-0.596178,-1.303252
1232,-0.588300,-1.290686
1233,-0.581151,-1.277692
1234,-0.574752,-1.264312
1235,-0.569126,-1.250587
1236,-0.564291,-1.236564
1237,-0.560446,-1.222614
1238,-0.557207,-1.208150
1239,-0.554796,-1.193525
1240,-0.553221,-1.178785
1241,-0.552489,-1.163979
1242,-0.552601,-1.149154
1243,-0.553557,-1.134359
1244,-0.555354,-1.119642
1245,-0.557987,-1.105050
1246,-0.561447,-1.090630
1247,-0.565722,-1.076431
1248,-0.570800,-1.062497
1249,-0.576663,-1.048874
1250,-0.583293,-1.035607
1251,-0.590668,-1.022738
1252,-0.598765,-1.010309
1253,-0.607557,-0.998361
1254,-0.617015,-0.986932
1255,-0.627110,-0.976060
1256,-0.637808,-0.965780
1257,-0.649075,-0.956125
1258,-0.660874,-0.947127
1259,-0.673167,-0.938816
1260,-0.685914,-0.931217
1261,-0.699074,-0.924357
1262,-0.712604,-0.918257
1263,-0.726460,-0.912937
1264,-0.740597,-0.908414
1265,-0.754970,-0.904704
1266,-0.769532,-0.901818
1267,-0.783888,-0.899905
1268,-0.798671,-0.898662
1269,-0.813502,-0.898261
1270,-0.828332,-0.898705
1271,-0.843114,-0.899994
1272,-0.857799,-0.902122
1273,-0.872339,-0.905084
1274,-0.886688,-0.908869
1275,-0.900800,-0.913465
1276,-0.914627,-0.918858
1277,-0.928125,-0.925030
1278,-0.941251,-0.931961
1279,-0.953961,-0.939628
1280,-0.966215,-0.948008
1281,-0.977972,-0.957072
1282,-0.989194,-0.966792
1283,-0.999846,-0.977136
1284,-1.009891,-0.988070
1285,-1.019298,-0.999559
1286,-1.028036,-1.011566
1287,-1.036076,-1.024051
1288,-1.043392,-1.036975
1289,-1.049961,-1.050296
1290,-1.055760,-1.063969
1291,-1.060772,-1.077952
1292,-1.064980,-1.092198
1293,-1.068369,-1.106661
1294,-1.070930,-1.121295
1295,-1.072653,-1.136051
1296,-1.073533,-1.150883
1297,-1.073466,-1.165382
1298,-1.072686,-1.180211
1299,-1.071065,-1.194973
1300,-1.068606,-1.209618
1301,-1.065318,-1.224101
1302,-1.061209,-1.238374
1303,-1.056294,-1.252390
1304,-1.050588,-1.266104
1305,-1.044110,-1.279472
1306,-1.036881,-1.292449
1307,-1.028924,-1.304995
1308,-1.020265,-1.317067
1309,-1.010932,-1.328628
1310,-1.000956,-1.339638
1311,-0.990367,-1.350064
1312,-0.979202,-1.359869
1313,-0.967496,-1.369024
1314,-0.955287,-1.377497
1315,-0.942614,-1.385261
1316,-0.929519,-1.392292
1317,-0.916044,-1.398565
1318,-0.902233,-1.404062
1319,-0.888131,-1.408763
1320,-0.873783,-1.412653
1321,-0.859237,-1.415720
1322,-0.844538,-1.417954
1323,-0.829735,-1.419347
1324,-0.814876,-1.419894
1325,-0.800010,-1.419595
1326,-0.785184,-1.418449
1327,-0.770446,-1.416461
1328,-0.756216,-1.413601
1329,-0.741800,-1.409981
1330,-0.727612,-1.405550
1331,-0.713699,-1.400318
1332,-0.700105,-1.394302
1333,-0.686876,-1.387521
1334,-0.674054,-1.379997
1335,-0.661680,-1.371755
1336,-0.649796,-1.362821
1337,-0.638439,-1.353224
1338,-0.627647,-1.342995
1339,-0.617454,-1.332168
1340,-0.607894,-1.320777
1341,-0.598997,-1.308860
1342,-0.590794,-1.296454
1343,-0.583310,-1.283601
1344,-0.576570,-1.270342
1345,-0.570596,-1.256720
1346,-0.565407,-1.242779
1347,-0.561020,-1.228565
1348,-0.557449,-1.214123
1349,-0.554707,-1.199500
1350,-0.552802,-1.184745
1351,-0.551741,-1.169904
1352,-0.551526,-1.155026
1353,-0.552160,-1.140159
1354,-0.553639,-1.125351
1355,-0.555959,-1.110652
1356,-0.559112,-1.096107
1357,-0.563090,-1.081765
1358,-0.567877,-1.067672
1359,-0.573460,-1.053874
1360,-0.579745,-1.040782
1361,-0.586827,-1.027701
1362,-0.594642,-1.015044
1363,-0.603165,-1.002851
1364,-0.612370,-0.991163
1365,-0.622225,-0.980018
1366,-0.632700,-0.969452
1367,-0.643760,-0.959499
1368,-0.655370,-0.950191
1369,-0.667491,-0.941560
1370,-0.680085,-0.933632
1371,-0.693111,-0.926434
1372,-0.706526,-0.919990
1373,-0.720287,-0.914319
1374,-0.734349,-0.909442
1375,-0.748667,-0.905373
1376,-0.763195,-0.902126
1377,-0.777884,-0.899712
1378,-0.792688,-0.898138
1379,-0.807558,-0.897409
1380,-0.822446,-0.897529
1381,-0.837304,-0.898497
1382,-0.852083,-0.900309
1383,-0.866736,-0.902960
1384,-0.881214,-0.906442
1385,-0.895472,-0.910743
1386,-0.909462,-0.915849
1387,-0.923139,-0.921744
1388,-0.936459,-0.928408
1389,-0.949379,-0.935821
1390,-0.961501,-0.943843
1391,-0.973506,-0.952645
1392,-0.984993,-0.962116
1393,-0.995921,-0.972226
1394,-1.006257,-0.982942
1395,-1.015966,-0.994231
1396,-1.025017,-1.006054
1397,-1.033380,-1.018375
1398,-1.041028,-1.031152
1399,-1.047937,-1.044345
1400,-1.054083,-1.057910
1401,-1.059446,-1.071804
1402,-1.064010,-1.085982
1403,-1.067760,-1.100397
1404,-1.070682,-1.115003
1405,-1.072767,-1.129753
1406,-1.074010,-1.144598
1407,-1.074404,-1.159490
1408,-1.073950,-1.174382
1409,-1.072649,-1.189224
1410,-1.070504,-1.203969
1411,-1.067523,-1.218568
1412,-1.063715,-1.232974
1413,-1.059092,-1.247141
1414,-1.053669,-1.261022
1415,-1.047465,-1.274572
1416,-1.040499,-1.287748
1417,-1.032793,-1.300506
1418,-1.024373,-1.312805
1419,-1.015265,-1.324605
1420,-1.005500,-1.335867
1421,-0.995287,-1.346229
1422,-0.984332,-1.356327
1423,-0.972822,-1.365786
1424,-0.960790,-1.374575
1425,-0.948277,-1.382665
1426,-0.935323,-1.390029
1427,-0.921970,-1.396644
1428,-0.908261,-1.402487
1429,-0.894242,-1.407541
1430,-0.879956,-1.411788
1431,-0.865451,-1.415215
1432,-0.850774,-1.417810
1433,-0.835972,-1.419565
1434,-0.821093,-1.420475
1435,-0.806186,-1.420535
1436,-0.791299,-1.419746
1437,-0.776481,-1.418111
1438,-0.761779,-1.415634
1439,-0.747241,-1.412324
1440,-0.732915,-1.408191
1441,-0.718847,-1.403248
1442,-0.705083,-1.397512
1443,-0.691667,-1.391001
1444,-0.678643,-1.383736
1445,-0.666053,-1.375741
1446,-0.653939,-1.367041
1447,-0.642339,-1.357665
1448,-0.631292,-1.347643
1449,-0.620833,-1.337008
1450,-0.610996,-1.325794
1451,-0.601813,-1.314037
1452,-0.593603,-1.302013
1453,-0.585794,-1.289311
1454,-0.578718,-1.276187
1455,-0.572401,-1.262680
1456,-0.566863,-1.248836
1457,-0.562122,-1.234697
1458,-0.558195,-1.220311
1459,-0.555092,-1.205724
1460,-0.552826,-1.190983
1461,-0.551403,-1.176136
1462,-0.550827,-1.161232
1463,-0.551102,-1.146318
1464,-0.552225,-1.131444
1465,-0.554194,-1.116657
1466,-0.557002,-1.102006
1467,-0.560640,-1.087538
1468,-0.565097,-1.073300
1469,-0.570357,-1.059338
1470,-0.576405,-1.045697
1471,-0.583219,-1.032423
1472,-0.590779,-1.019558
1473,-0.599060,-1.007144
1474,-0.608035,-0.995221
1475,-0.617675,-0.983828
1476,-0.627948,-0.973002
1477,-0.638822,-0.962778
1478,-0.650261,-0.953190
1479,-0.662228,-0.944269
1480,-0.674684,-0.936043
1481,-0.687590,-0.928540
1482,-0.700902,-0.921783
1483,-0.714291,-0.916034
1484,-0.728268,-0.910810
1485,-0.742518,-0.906385
1486,-0.756997,-0.902779
1487,-0.771659,-0.900004
1488,-0.786456,-0.898068
1489,-0.801339,-0.896978
1490,-0.816261,-0.896737
1491,-0.831174,-0.897347
1492,-0.846028,-0.898805
1493,-0.860775,-0.901107
1494,-0.875368,-0.904245
1495,-0.889760,-0.908210
1496,-0.903902,-0.912988
1497,-0.917751,-0.918563
1498,-0.931259,-0.924919
1499,-0.944385,-0.932034
1500,-0.957084,-0.939886
1501,-0.969316,-0.948449
1502,-0.981041,-0.957694
1503,-0.992221,-0.967593
1504,-1.002820,-0.978113
1505,-1.012802,-0.989220
1506,-1.022136,-1.000878
1507,-1.030792,-1.013050
1508,-1.038740,-1.025695
1509,-1.045956,-1.038773
1510,-1.052415,-1.052241
1511,-1.058097,-1.066056
1512,-1.062983,-1.080172
1513,-1.067057,-1.094545
1514,-1.070307,-1.109127
1515,-1.072575,-1.123525
1516,-1.074176,-1.138367
1517,-1.074930,-1.153276
1518,-1.074834,-1.168205
1519,-1.073888,-1.183104
1520,-1.072095,-1.197927
1521,-1.069461,-1.212623
1522,-1.065993,-1.227147
1523,-1.061704,-1.241450
1524,-1.056607,-1.255486
1525,-1.050718,-1.269210
1526,-1.044057,-1.282577
1527,-1.036646,-1.295543
1528,-1.028507,-1.308066
1529,-1.019668,-1.320107
1530,-1.010157,-1.331625
1531,-1.000005,-1.342582
1532,-0.989245,-1.352945
1533,-0.977912,-1.362678
1534,-0.966042,-1.371750
1535,-0.953674,-1.380132
1536,-0.940849,-1.387797
1537,-0.927607,-1.394718
1538,-0.913991,-1.400875
1539,-0.900047,-1.406246
1540,-0.885819,-1.410815
1541,-0.871352,-1.414565
1542,-0.856696,-1.417486
1543,-0.841895,-1.419568
1544,-0.827000,-1.420803
1545,-0.812420,-1.421092
1546,-0.797492,-1.420658
1547,-0.782611,-1.419376
1548,-0.767828,-1.417249
1549,-0.753188,-1.414283
1550,-0.738741,-1.410487
1551,-0.724533,-1.405875
1552,-0.710609,-1.400461
1553,-0.697016,-1.394263
1554,-0.683798,-1.387300
1555,-0.670997,-1.379595
1556,-0.658655,-1.371173
1557,-0.646812,-1.362061
1558,-0.635507,-1.352289
1559,-0.624776,-1.341889
1560,-0.614654,-1.330894
1561,-0.605175,-1.319340
1562,-0.596368,-1.307264
1563,-0.588264,-1.294705
1564,-0.580887,-1.281705
1565,-0.574263,-1.268305
1566,-0.568412,-1.254549
1567,-0.563354,-1.240481
1568,-0.559105,-1.226148
1569,-0.555679,-1.211595
1570,-0.553088,-1.196869
1571,-0.551339,-1.182020
1572,-0.550439,-1.167094
1573,-0.550390,-1.152141
1574,-0.551194,-1.137208
1575,-0.552893,-1.122717
1576,-0.555355,-1.107978
1577,-0.558651,-1.093403
1578,-0.562772,-1.079039
1579,-0.567705,-1.064932
1580,-0.573434,-1.051128
1581,-0.579940,-1.037672
1582,-0.587202,-1.024608
1583,-0.595196,-1.011978
1584,-0.603898,-0.999823
1585,-0.613278,-0.988183
1586,-0.623306,-0.977096
1587,-0.633950,-0.966597
1588,-0.645175,-0.956721
1589,-0.656945,-0.947500
1590,-0.669221,-0.938964
1591,-0.681965,-0.931141
1592,-0.695134,-0.924055
1593,-0.708685,-0.917731
1594,-0.722576,-0.912189
1595,-0.736760,-0.907447
1596,-0.751192,-0.903520
1597,-0.765826,-0.900421
1598,-0.780612,-0.898160
1599,-0.795504,-0.896745
1600,-0.810453,-0.896181
1601,-0.825411,-0.896469
1602,-0.840329,-0.897609
1603,-0.855158,-0.899596
1604,-0.869851,-0.902425
1605,-0.883988,-0.906091
1606,-0.898266,-0.910537
1607,-0.912270,-0.915789
1608,-0.925951,-0.921830
1609,-0.939268,-0.928640
1610,-0.952175,-0.936199
1611,-0.964632,-0.944481
1612,-0.976597,-0.953459
1613,-0.988032,-0.963104
1614,-0.998899,-0.973386
1615,-1.009164,-0.984270
1616,-1.018792,-0.995722
1617,-1.027754,-1.007704
1618,-1.036018,-1.020178
1619,-1.043559,-1.033102
1620,-1.050352,-1.046436
1621,-1.056375,-1.060136
1622,-1.061608,-1.074157
1623,-1.066034,-1.088454
1624,-1.069639,-1.102981
1625,-1.072411,-1.117690
1626,-1.074341,-1.132534
1627,-1.075422,-1.147464
1628,-1.075651,-1.162432
1629,-1.075027,-1.177390
1630,-1.073552,-1.192289
1631,-1.071231,-1.207080
1632,-1.068071,-1.221715
1633,-1.064083,-1.236148
1634,-1.059279,-1.250330
1635,-1.053674,-1.264217
1636,-1.047362,-1.277396
1637,-1.040248,-1.290564
1638,-1.032397,-1.303306
1639,-1.023832,-1.315581
1640,-1.014582,-1.327348
1641,-1.004676,-1.338571
1642,-0.994147,-1.349211
1643,-0.983028,-1.359235
1644,-0.971356,-1.368610
1645,-0.959169,-1.377305
1646,-0.946505,-1.385292
1647,-0.933406,-1.392546
1648,-0.919915,-1.399041
1649,-0.906075,-1.404759
1650,-0.891932,-1.409679
1651,-0.877530,-1.413785
1652,-0.862917,-1.417065
1653,-0.848141,-1.419507
1654,-0.833249,-1.421104
1655,-0.818289,-1.421850
1656,-0.803310,-1.421743
1657,-0.788361,-1.420783
1658,-0.773491,-1.418973
1659,-0.758747,-1.416319
1660,-0.744177,-1.412829
1661,-0.729829,-1.408515
1662,-0.715750,-1.403391
1663,-0.701984,-1.397473
1664,-0.688577,-1.390780
1665,-0.675573,-1.383334
1666,-0.663369,-1.375273
1667,-0.651282,-1.366427
1668,-0.639718,-1.356909
1669,-0.628714,-1.346747
1670,-0.618306,-1.335975
1671,-0.608528,-1.324627
1672,-0.599412,-1.312740
1673,-0.590988,-1.300353
1674,-0.583282,-1.287505
1675,-0.576320,-1.274239
1676,-0.570125,-1.260597
1677,-0.564716,-1.246623
1678,-0.560112,-1.232364
1679,-0.556328,-1.217865
1680,-0.553375,-1.203173
1681,-0.551263,-1.188337
1682,-0.550000,-1.173403
1683,-0.549590,-1.158421
1684,-0.550034,-1.143440
1685,-0.551330,-1.128507
1686,-0.553474,-1.113672
1687,-0.556460,-1.098982
1688,-0.560279,-1.084486
1689,-0.564917,-1.070230
1690,-0.570359,-1.056260
1691,-0.576589,-1.042623
1692,-0.583585,-1.029362
1693,-0.591326,-1.016520
1694,-0.599786,-1.004140
1695,-0.608937,-0.992261
1696,-0.618751,-0.980922
1697,-0.629015,-0.970486
1698,-0.640027,-0.960318
1699,-0.651599,-0.950792
1700,-0.663695,-0.941940
1701,-0.676276,-0.933791
1702,-0.689301,-0.926371
1703,-0.702728,-0.919705
1704,-0.716514,-0.913814
1705,-0.730614,-0.908717
1706,-0.744981,-0.904432
1707,-0.759570,-0.900972
1708,-0.774333,-0.898348
1709,-0.789222,-0.896569
1710,-0.804189,-0.895641
1711,-0.819185,-0.895567
1712,-0.834162,-0.896347
1713,-0.849070,-0.897979
1714,-0.863863,-0.900458
1715,-0.878490,-0.903775
1716,-0.892905,-0.907920
1717,-0.907062,-0.912880
1718,-0.920914,-0.918638
1719,-0.934416,-0.925176
1720,-0.947524,-0.932473
1721,-0.960196,-0.940505
1722,-0.972390,-0.949245
1723,-0.984067,-0.958667
1724,-0.995190,-0.968739
1725,-1.005721,-0.979428
1726,-1.015626,-0.990701
1727,-1.024874,-1.002519
1728,-1.033150,-1.014604
1729,-1.041018,-1.027374
1730,-1.048147,-1.040570
1731,-1.054514,-1.054152
1732,-1.060097,-1.068074
1733,-1.064878,-1.082293
1734,-1.068842,-1.096761
1735,-1.071976,-1.111433
1736,-1.074269,-1.126259
1737,-1.075714,-1.141193
1738,-1.076305,-1.156186
1739,-1.076043,-1.171188
1740,-1.074926,-1.186152
1741,-1.072958,-1.201029
1742,-1.070146,-1.215770
1743,-1.066499,-1.230327
1744,-1.062029,-1.244654
1745,-1.056750,-1.258704
1746,-1.050678,-1.272431
1747,-1.043835,-1.285790
1748,-1.036242,-1.298738
1749,-1.027923,-1.311234
1750,-1.018905,-1.323236
1751,-1.009218,-1.334705
1752,-0.998893,-1.345604
1753,-0.987964,-1.355898
1754,-0.976466,-1.365553
1755,-0.964435,-1.374539
1756,-0.951912,-1.382824
1757,-0.938937,-1.390384
1758,-0.925552,-1.397192
1759,-0.912094,-1.402997
1760,-0.898040,-1.408268
1761,-0.883710,-1.412731
1762,-0.869148,-1.416371
1763,-0.854402,-1.419176
1764,-0.839519,-1.421136
1765,-0.824548,-1.422246
1766,-0.809537,-1.422501
1767,-0.794536,-1.421901
1768,-0.779593,-1.420447
1769,-0.764756,-1.418145
1770,-0.750073,-1.415001
1771,-0.735593,-1.411026
1772,-0.721363,-1.406232
1773,-0.707427,-1.400636
1774,-0.693833,-1.394254
1775,-0.680623,-1.387109
1776,-0.667841,-1.379222
1777,-0.655529,-1.370619
1778,-0.643726,-1.361329
1779,-0.632471,-1.351382
1780,-0.621801,-1.340809
1781,-0.611749,-1.329645
1782,-0.602349,-1.317926
1783,-0.593632,-1.305690
1784,-0.585625,-1.292977
1785,-0.578355,-1.279829
1786,-0.571845,-1.266286
1787,-0.566117,-1.252395
1788,-0.561189,-1.238199
1789,-0.557078,-1.223745
1790,-0.553960,-1.209415
1791,-0.551488,-1.194602
1792,-0.549862,-1.179672
1793,-0.549088,-1.164673
1794,-0.549171,-1.149653
1795,-0.550109,-1.134662
1796,-0.551899,-1.119748
1797,-0.554535,-1.104959
1798,-0.558010,-1.090345
1799,-0.562312,-1.075951
