0,1.478720,-0.764103
1,1.478720,-0.764103
2,1.478720,-0.764103
3,1.479815,-0.751902
4,1.479972,-0.734909
5,1.479107,-0.717933
6,1.477278,-0.701035
7,1.474490,-0.684267
8,1.470753,-0.667686
9,1.466079,-0.651344
10,1.460482,-0.635294
11,1.453981,-0.619589
12,1.446597,-0.604279
13,1.438354,-0.589414
14,1.429278,-0.575042
15,1.419400,-0.561209
16,1.408751,-0.547962
17,1.397365,-0.535341
18,1.385279,-0.523389
19,1.372533,-0.512143
20,1.359168,-0.501642
21,1.345227,-0.491917
22,1.330756,-0.483002
23,1.326697,-0.480533
24,1.326697,-0.480533
25,1.314790,-0.483412
26,1.298646,-0.488717
27,1.282846,-0.494985
28,1.267428,-0.502141
29,1.252443,-0.510163
30,1.237938,-0.519024
31,1.223961,-0.528696
32,1.210557,-0.539148
33,1.197769,-0.550346
34,1.194213,-0.553495
35,1.194213,-0.553495
36,1.194213,-0.553495
37,1.194213,-0.553495
38,1.194213,-0.553495
39,1.194213,-0.553495
40,1.194213,-0.553495
41,1.194213,-0.553495
42,1.194213,-0.553495
43,1.194213,-0.553495
44,1.196259,-0.541417
45,1.197744,-0.524489
46,1.198208,-0.507497
47,1.197706,-0.490507
48,1.196237,-0.473573
49,1.193808,-0.456750
50,1.190425,-0.440093
51,1.186100,-0.423655
52,1.180847,-0.407489
53,1.174682,-0.391649
54,1.167626,-0.376185
55,1.159702,-0.361148
56,1.150935,-0.346586
57,1.141354,-0.332546
58,1.130990,-0.319074
59,1.119875,-0.306213
60,1.108048,-0.294006
61,1.095544,-0.282492
62,1.082406,-0.271707
63,1.068676,-0.261688
64,1.054398,-0.252465
65,1.050393,-0.249911
66,1.050393,-0.249911
67,1.038427,-0.252535
68,1.022173,-0.257495
69,1.006243,-0.263424
70,0.990677,-0.270250
71,0.975523,-0.277950
72,0.960833,-0.286501
73,0.946653,-0.295873
74,0.933029,-0.306036
75,0.920005,-0.316959
76,0.907624,-0.328604
77,0.895925,-0.340936
78,0.884947,-0.353912
79,0.874725,-0.367493
80,0.865292,-0.381633
81,0.856680,-0.396287
82,0.854296,-0.400395
83,0.852811,-0.412555
84,0.852111,-0.429534
85,0.852432,-0.446529
86,0.853720,-0.463478
87,0.855970,-0.480326
88,0.859175,-0.497018
89,0.861883,-0.509715
90,0.862481,-0.511816
91,0.862619,-0.511495
92,0.862619,-0.511495
93,0.862619,-0.511495
94,0.862619,-0.511495
95,0.862619,-0.511495
96,0.862619,-0.511495
97,0.865149,-0.499509
98,0.867315,-0.482654
99,0.868464,-0.465695
100,0.868646,-0.448699
101,0.867861,-0.431719
102,0.866111,-0.414812
103,0.863402,-0.398032
104,0.859743,-0.381433
105,0.855146,-0.365069
106,0.849624,-0.348993
107,0.843197,-0.333257
108,0.835885,-0.317913
109,0.827865,-0.303642
110,0.819080,-0.290012
111,0.809408,-0.276603
112,0.798863,-0.263440
113,0.787555,-0.250823
114,0.775543,-0.238866
115,0.762869,-0.227612
116,0.750538,-0.219544
117,0.737191,-0.211368
118,0.723708,-0.204987
119,0.709779,-0.199442
120,0.706289,-0.198099
121,0.706289,-0.198099
122,0.694549,-0.201596
123,0.678703,-0.207736
124,0.663252,-0.214820
125,0.648229,-0.222771
126,0.633682,-0.231564
127,0.619660,-0.241171
128,0.606207,-0.251560
129,0.593366,-0.262697
130,0.581180,-0.274547
131,0.569688,-0.287071
132,0.558928,-0.300229
133,0.555942,-0.303923
134,0.555942,-0.303923
135,0.555942,-0.303923
136,0.555942,-0.303923
137,0.555942,-0.303923
138,0.567537,-0.307874
139,0.584010,-0.312048
140,0.600708,-0.315225
141,0.617560,-0.317447
142,0.634511,-0.318706
143,0.651506,-0.318999
144,0.668490,-0.318324
145,0.685408,-0.316684
146,0.702206,-0.314085
147,0.709017,-0.315312
148,0.718554,-0.314612
149,0.721818,-0.313847
150,0.721818,-0.313847
151,0.721818,-0.313847
152,0.721818,-0.313847
153,0.721818,-0.313847
154,0.721818,-0.313847
155,0.711483,-0.307269
156,0.696461,-0.299324
157,0.680986,-0.292294
158,0.665135,-0.286156
159,0.648961,-0.280930
160,0.632516,-0.276633
161,0.615852,-0.273278
162,0.599025,-0.270877
163,0.582089,-0.269437
164,0.565098,-0.268963
165,0.548108,-0.269456
166,0.531173,-0.270915
167,0.515461,-0.272691
168,0.502039,-0.274506
169,0.498728,-0.272192
170,0.497720,-0.266559
171,0.496987,-0.260759
172,0.498432,-0.254211
173,0.502020,-0.246490
174,0.507538,-0.237599
175,0.514912,-0.227370
176,0.524162,-0.215639
177,0.534254,-0.202447
178,0.544133,-0.188049
179,0.553446,-0.172875
180,0.562542,-0.158453
181,0.570921,-0.143652
182,0.578449,-0.128399
183,0.585096,-0.112741
184,0.590839,-0.096728
185,0.595660,-0.080413
186,0.599544,-0.063848
187,0.602476,-0.047088
188,0.604447,-0.030188
189,0.605452,-0.013201
190,0.605419,0.003810
191,0.604500,0.020799
192,0.602613,0.037706
193,0.599764,0.054477
194,0.595963,0.071061
195,0.591223,0.087403
196,0.585558,0.103448
197,0.578986,0.119147
198,0.571529,0.134446
199,0.563212,0.149296
200,0.554060,0.163648
201,0.544105,0.177455
202,0.533377,0.190674
203,0.521885,0.203209
204,0.509737,0.215128
205,0.496928,0.226336
206,0.483840,0.236514
207,0.469866,0.246189
208,0.455344,0.255072
209,0.440340,0.263113
210,0.424900,0.270286
211,0.409075,0.276567
212,0.392916,0.281936
213,0.376476,0.286375
214,0.359809,0.289870
215,0.342969,0.292408
216,0.326008,0.293915
217,0.308991,0.294536
218,0.291969,0.294184
219,0.274995,0.292862
220,0.258122,0.290573
221,0.241407,0.287326
222,0.224903,0.283131
223,0.208662,0.278002
224,0.192739,0.271953
225,0.177185,0.265006
226,0.162469,0.257430
227,0.147793,0.248777
228,0.133633,0.239300
229,0.120084,0.229005
230,0.107089,0.217993
231,0.094743,0.206257
232,0.083086,0.193835
233,0.072155,0.180768
234,0.061986,0.167097
235,0.052613,0.152868
236,0.044066,0.138127
237,0.036374,0.122922
238,0.029561,0.107301
239,0.023649,0.091317
240,0.018658,0.075020
241,0.014604,0.058464
242,0.009958,0.043769
243,0.002101,0.033186
244,-0.004028,0.022893
245,-0.008585,0.011577
246,-0.012496,-0.000966
247,-0.015769,-0.013837
248,-0.018525,-0.026628
249,-0.020899,-0.039079
250,-0.023009,-0.050989
251,-0.026346,-0.059531
252,-0.031691,-0.068637
253,-0.035818,-0.078537
254,-0.039437,-0.088938
255,-0.042484,-0.099382
256,-0.045106,-0.109920
257,-0.047368,-0.120580
258,-0.049326,-0.131364
259,-0.048294,-0.141910
260,-0.045083,-0.151763
261,-0.041081,-0.161238
262,-0.036502,-0.170429
263,-0.031399,-0.179336
264,-0.033039,-0.192711
265,-0.041316,-0.207520
266,-0.048900,-0.222732
267,-0.055607,-0.238350
268,-0.055614,-0.250520
269,-0.054800,-0.252676
270,-0.054800,-0.252676
271,-0.054800,-0.252676
272,-0.043570,-0.257913
273,-0.027597,-0.263737
274,-0.011297,-0.268559
275,0.005250,-0.272445
276,0.021992,-0.275383
277,0.038873,-0.277364
278,0.051422,-0.278449
279,0.052846,-0.278619
280,0.052846,-0.278619
281,0.052846,-0.278619
282,0.058304,-0.267653
283,0.064631,-0.251881
284,0.066361,-0.247457
285,0.066361,-0.247457
286,0.061466,-0.236227
287,0.053448,-0.221243
288,0.051170,-0.217075
289,0.051170,-0.217075
290,0.051170,-0.217075
291,0.051170,-0.217075
292,0.040260,-0.222647
293,0.025794,-0.231564
294,0.013246,-0.242347
295,0.001482,-0.254030
296,-0.010474,-0.265861
297,-0.022451,-0.277903
298,-0.033793,-0.290564
299,-0.044396,-0.303849
300,-0.054226,-0.317715
301,-0.056951,-0.321606
302,-0.055984,-0.322931
303,-0.055984,-0.322931
304,-0.055984,-0.322931
305,-0.055984,-0.322931
306,-0.055984,-0.322931
307,-0.042889,-0.324989
308,-0.024038,-0.327165
309,-0.005228,-0.328450
310,0.013372,-0.328744
311,0.031692,-0.328050
312,0.049661,-0.326379
313,0.067207,-0.323741
314,0.084262,-0.320149
315,0.100753,-0.315615
316,0.115941,-0.310486
317,0.131697,-0.304936
318,0.149771,-0.301485
319,0.162653,-0.292296
320,0.173398,-0.279125
321,0.181755,-0.272341
322,0.189651,-0.264805
323,0.197740,-0.251524
324,0.205233,-0.236267
325,0.211847,-0.220609
326,0.214590,-0.206748
327,0.215231,-0.203869
328,0.215226,-0.203870
329,0.209935,-0.192822
330,0.201389,-0.178134
331,0.191973,-0.163982
332,0.181768,-0.150389
333,0.170805,-0.137399
334,0.159122,-0.125054
335,0.146755,-0.113393
336,0.133744,-0.102455
337,0.120133,-0.092275
338,0.105964,-0.082885
339,0.095770,-0.078781
340,0.086045,-0.075421
341,0.075414,-0.071742
342,0.073070,-0.070874
343,0.061919,-0.071161
344,0.048363,-0.070855
345,0.033960,-0.070813
346,0.019664,-0.071396
347,0.006069,-0.074905
348,-0.007498,-0.079645
349,-0.021101,-0.085205
350,-0.034679,-0.091612
351,-0.048169,-0.098878
352,-0.061505,-0.107010
353,-0.074618,-0.116009
354,-0.087435,-0.125867
355,-0.099882,-0.136568
356,-0.111882,-0.148088
357,-0.123356,-0.160390
358,-0.134215,-0.173418
359,-0.144334,-0.187063
360,-0.153660,-0.201262
361,-0.162163,-0.215968
362,-0.169816,-0.231134
363,-0.176593,-0.246710
364,-0.182473,-0.262648
365,-0.187437,-0.278893
366,-0.191468,-0.295395
367,-0.194554,-0.312100
368,-0.196300,-0.327663
369,-0.197159,-0.343232
370,-0.197180,-0.359110
371,-0.196328,-0.375233
372,-0.194573,-0.391532
373,-0.191891,-0.407929
374,-0.188268,-0.424340
375,-0.183698,-0.440665
376,-0.178199,-0.456738
377,-0.171795,-0.472471
378,-0.164505,-0.487815
379,-0.156978,-0.502464
380,-0.149177,-0.516486
381,-0.140872,-0.530000
382,-0.132363,-0.541947
383,-0.123273,-0.553370
384,-0.113647,-0.564218
385,-0.103517,-0.574457
386,-0.092919,-0.584068
387,-0.081888,-0.593029
388,-0.070464,-0.601324
389,-0.058685,-0.608938
390,-0.046588,-0.615855
391,-0.034215,-0.622066
392,-0.021605,-0.627561
393,-0.008796,-0.632333
394,0.004169,-0.636378
395,0.017252,-0.639692
396,0.030412,-0.642276
397,0.043610,-0.644130
398,0.056807,-0.645258
399,0.069964,-0.645667
400,0.083042,-0.645364
401,0.096004,-0.644358
402,0.109122,-0.642452
403,0.121739,-0.640073
404,0.134133,-0.637034
405,0.146269,-0.633349
406,0.158116,-0.629039
407,0.169642,-0.624124
408,0.180816,-0.618625
409,0.191611,-0.612565
410,0.201998,-0.605971
411,0.211954,-0.598867
412,0.221452,-0.591281
413,0.230472,-0.583240
414,0.238993,-0.574775
415,0.246995,-0.565915
416,0.254462,-0.556691
417,0.261378,-0.547135
418,0.267729,-0.537278
419,0.273504,-0.527154
420,0.278693,-0.516795
421,0.283288,-0.506235
422,0.287282,-0.495507
423,0.290672,-0.484644
424,0.293455,-0.473680
425,0.295630,-0.462649
426,0.297198,-0.451583
427,0.298162,-0.440515
428,0.298527,-0.429478
429,0.298299,-0.418503
430,0.297486,-0.407621
431,0.296098,-0.396864
432,0.294145,-0.386260
433,0.291641,-0.375839
434,0.288599,-0.365630
435,0.284734,-0.355440
436,0.280660,-0.345742
437,0.276100,-0.336331
438,0.271072,-0.327234
439,0.265598,-0.318471
440,0.264019,-0.310064
441,0.266587,-0.302360
442,0.270600,-0.295464
443,0.275656,-0.289245
444,0.281596,-0.283483
445,0.288295,-0.277979
446,0.295636,-0.272569
447,0.303493,-0.267112
448,0.311728,-0.261492
449,0.320188,-0.255619
450,0.328728,-0.249415
451,0.337223,-0.242822
452,0.345557,-0.235790
453,0.353634,-0.228301
454,0.361396,-0.220349
455,0.368798,-0.211939
456,0.375788,-0.203095
457,0.382324,-0.193866
458,0.388405,-0.184350
459,0.393919,-0.174448
460,0.398786,-0.164097
461,0.403100,-0.153455
462,0.406844,-0.142552
463,0.409998,-0.131409
464,0.412551,-0.120056
465,0.414531,-0.108566
466,0.415887,-0.096941
467,0.416449,-0.085555
468,0.416651,-0.073842
469,0.416127,-0.062078
470,0.414833,-0.050252
471,0.413001,-0.038501
472,0.410468,-0.026809
473,0.407217,-0.015188
474,0.403431,-0.003729
475,0.399161,0.007719
476,0.394090,0.019250
477,0.388509,0.030536
478,0.382236,0.041499
479,0.375210,0.052187
480,0.367504,0.062579
481,0.359171,0.072672
482,0.350203,0.082428
483,0.340610,0.091787
484,0.330406,0.100664
485,0.319606,0.109118
486,0.308237,0.117140
487,0.296296,0.124698
488,0.283837,0.131763
489,0.270991,0.138215
490,0.257584,0.144022
491,0.243867,0.149177
492,0.229669,0.153599
493,0.215194,0.157310
494,0.200402,0.160233
495,0.185338,0.162378
496,0.170158,0.163711
497,0.154941,0.164173
498,0.139737,0.163763
499,0.124596,0.162485
500,0.110475,0.160208
501,0.096082,0.157139
502,0.081277,0.153266
503,0.066546,0.148606
504,0.052007,0.143111
505,0.037765,0.136798
506,0.023814,0.129662
507,0.010227,0.121729
508,-0.002949,0.113016
509,-0.015667,0.103544
510,-0.027867,0.093345
511,-0.039524,0.082437
512,-0.050592,0.070853
513,-0.061012,0.058637
514,-0.070764,0.045813
515,-0.079769,0.032458
516,-0.087970,0.018638
517,-0.095344,0.004402
518,-0.101873,-0.010203
519,-0.107538,-0.025128
520,-0.112325,-0.040323
521,-0.116221,-0.055737
522,-0.119272,-0.071420
523,-0.121512,-0.087462
524,-0.122828,-0.103591
525,-0.123238,-0.119806
526,-0.122727,-0.136044
527,-0.121172,-0.151386
528,-0.118792,-0.166998
529,-0.115524,-0.182438
530,-0.111387,-0.197722
531,-0.106380,-0.212750
532,-0.100529,-0.227438
533,-0.093854,-0.241739
534,-0.086383,-0.255609
535,-0.078141,-0.269004
536,-0.069158,-0.281882
537,-0.059465,-0.294202
538,-0.049098,-0.305928
539,-0.038092,-0.317021
540,-0.026485,-0.327449
541,-0.014316,-0.337179
542,-0.001627,-0.346181
543,0.011539,-0.354429
544,0.025138,-0.361898
545,0.039124,-0.368566
546,0.053451,-0.374412
547,0.068070,-0.379421
548,0.082934,-0.383579
549,0.097994,-0.386873
550,0.112567,-0.388999
551,0.127262,-0.390330
552,0.142002,-0.390821
553,0.156739,-0.390469
554,0.171426,-0.389276
555,0.186014,-0.387248
556,0.200456,-0.384390
557,0.214706,-0.380715
558,0.228716,-0.376233
559,0.242442,-0.370960
560,0.255839,-0.364915
561,0.268864,-0.358118
562,0.281475,-0.350591
563,0.293630,-0.342359
564,0.305291,-0.333450
565,0.316420,-0.323893
566,0.326982,-0.313720
567,0.336942,-0.302965
568,0.346268,-0.291663
569,0.354931,-0.279851
570,0.362902,-0.267568
571,0.370157,-0.254854
572,0.376672,-0.241751
573,0.382427,-0.228302
574,0.387403,-0.214552
575,0.391584,-0.200544
576,0.397662,-0.187210
577,0.400827,-0.174379
578,0.402422,-0.162027
579,0.402862,-0.150347
580,0.402332,-0.139186
581,0.400958,-0.128460
582,0.398830,-0.118119
583,0.396019,-0.108135
584,0.392578,-0.098495
585,0.388548,-0.089194
586,0.383958,-0.080227
587,0.378852,-0.071606
588,0.373254,-0.063342
589,0.367189,-0.055452
590,0.360682,-0.047951
591,0.353759,-0.040858
592,0.346442,-0.034190
593,0.338758,-0.027963
594,0.330736,-0.022193
595,0.322395,-0.016898
596,0.313772,-0.012093
597,0.304888,-0.007791
598,0.295776,-0.004005
599,0.286462,-0.000748
600,0.276983,0.001972
601,0.267361,0.004144
602,0.257632,0.005764
603,0.247826,0.006826
604,0.237978,0.007328
605,0.228195,0.007283
606,0.218536,0.006577
607,0.208891,0.005288
608,0.199306,0.003456
609,0.189813,0.001088
610,0.180811,-0.001869
611,0.177543,-0.003911
612,0.176790,-0.007703
613,0.177010,-0.012004
614,0.177917,-0.016530
615,0.179310,-0.021118
616,0.181100,-0.025662
617,0.183250,-0.030101
618,0.185738,-0.034400
619,0.188550,-0.038530
620,0.191674,-0.042466
621,0.195098,-0.046184
622,0.198810,-0.049663
623,0.202794,-0.052880
624,0.207034,-0.055815
625,0.211514,-0.058448
626,0.216213,-0.060759
627,0.221112,-0.062732
628,0.226188,-0.064350
629,0.231417,-0.065600
630,0.236774,-0.066466
631,0.242235,-0.066936
632,0.247772,-0.067003
633,0.253357,-0.066655
634,0.258962,-0.065889
635,0.264558,-0.064701
636,0.270114,-0.063089
637,0.275600,-0.061053
638,0.280987,-0.058596
639,0.286239,-0.055712
640,0.291344,-0.052431
641,0.296257,-0.048777
642,0.300925,-0.044363
643,0.305395,-0.040066
644,0.309558,-0.035403
645,0.313418,-0.030338
646,0.316969,-0.024957
647,0.320174,-0.019271
648,0.323020,-0.013325
649,0.325476,-0.007120
650,0.327537,-0.000704
651,0.329180,0.005905
652,0.330388,0.012682
653,0.331153,0.019591
654,0.331459,0.026612
655,0.331305,0.033704
656,0.330670,0.040849
657,0.329564,0.048002
658,0.328064,0.055084
659,0.326215,0.062038
660,0.324026,0.068846
661,0.321507,0.075493
662,0.318669,0.081964
663,0.315525,0.088243
664,0.312085,0.094316
665,0.308364,0.100171
666,0.302656,0.105555
667,0.294233,0.111099
668,0.285418,0.116407
669,0.276214,0.121215
670,0.266760,0.125508
671,0.257139,0.129269
672,0.247388,0.132491
673,0.237539,0.135170
674,0.227621,0.137306
675,0.217319,0.138756
676,0.207356,0.139797
677,0.197411,0.140304
678,0.187513,0.140279
679,0.177690,0.139731
680,0.167970,0.138665
681,0.158379,0.137093
682,0.148943,0.135025
683,0.139687,0.132474
684,0.130635,0.129452
685,0.121811,0.125975
686,0.113236,0.122058
687,0.104932,0.117718
688,0.096919,0.112972
689,0.089217,0.107840
690,0.081843,0.102341
691,0.074813,0.096495
692,0.068144,0.090324
693,0.061849,0.083848
694,0.055941,0.077090
695,0.050433,0.070073
696,0.045334,0.062819
697,0.040653,0.055353
698,0.036399,0.047698
699,0.032577,0.039878
700,0.029193,0.031917
701,0.026250,0.023839
702,0.023751,0.015668
703,0.021697,0.007428
704,0.020089,-0.000857
705,0.018570,-0.011469
706,0.018719,-0.022732
707,0.019794,-0.033607
708,0.021634,-0.044330
709,0.023701,-0.054428
710,0.026241,-0.064225
711,0.029252,-0.073739
712,0.032730,-0.082976
713,0.036669,-0.091933
714,0.041057,-0.100601
715,0.045877,-0.108964
716,0.051103,-0.117008
717,0.056715,-0.124715
718,0.062692,-0.132068
719,0.069013,-0.139051
720,0.075655,-0.145647
721,0.082594,-0.151844
722,0.089808,-0.157628
723,0.097273,-0.162990
724,0.104963,-0.167918
725,0.112855,-0.172405
726,0.120923,-0.176444
727,0.129143,-0.180028
728,0.137489,-0.183154
729,0.145936,-0.185819
730,0.154459,-0.188022
731,0.163034,-0.189762
732,0.171635,-0.191039
733,0.180238,-0.191858
734,0.188819,-0.192221
735,0.196059,-0.193478
736,0.201455,-0.195708
737,0.206335,-0.198012
738,0.210930,-0.200347
739,0.215587,-0.202432
740,0.220319,-0.204286
741,0.225328,-0.205601
742,0.230169,-0.206982
743,0.235057,-0.208132
744,0.239980,-0.209047
745,0.244929,-0.209729
746,0.250195,-0.210718
747,0.255448,-0.213212
748,0.260197,-0.215813
749,0.264868,-0.218495
750,0.269555,-0.221101
751,0.274327,-0.223566
752,0.279210,-0.225852
753,0.284205,-0.227927
754,0.289315,-0.229784
755,0.294548,-0.231428
756,0.299882,-0.232849
757,0.305308,-0.234037
758,0.310832,-0.234998
759,0.316433,-0.235722
760,0.322109,-0.236205
761,0.327850,-0.236444
762,0.333649,-0.236434
763,0.339504,-0.236178
764,0.345393,-0.235665
765,0.351324,-0.234894
766,0.357274,-0.233861
767,0.363249,-0.232564
768,0.369231,-0.230999
769,0.375206,-0.229161
770,0.381175,-0.227043
771,0.387114,-0.224648
772,0.393007,-0.221965
773,0.398527,-0.218870
774,0.404271,-0.215638
775,0.409857,-0.212101
776,0.415344,-0.208245
777,0.420855,-0.204095
778,0.426253,-0.199672
779,0.431518,-0.194956
780,0.436623,-0.189946
781,0.441536,-0.184649
782,0.446249,-0.179063
783,0.450719,-0.173206
784,0.454936,-0.167079
785,0.458873,-0.160699
786,0.462508,-0.154079
787,0.465823,-0.147234
788,0.468789,-0.140188
789,0.471396,-0.132955
790,0.473633,-0.125554
791,0.475473,-0.118016
792,0.476906,-0.110361
793,0.477926,-0.102613
794,0.478527,-0.094792
795,0.478702,-0.086923
796,0.478449,-0.079027
797,0.477765,-0.071129
798,0.476649,-0.063253
799,0.475100,-0.055421
800,0.473121,-0.047658
801,0.470209,-0.038678
802,0.467110,-0.026778
803,0.464449,-0.013221
804,0.461652,0.000942
805,0.458197,0.015209
806,0.453938,0.028962
807,0.448924,0.042913
808,0.443130,0.056666
809,0.436552,0.070146
810,0.429204,0.083300
811,0.421102,0.096078
812,0.412265,0.108433
813,0.402717,0.120320
814,0.392495,0.131674
815,0.381614,0.142479
816,0.370131,0.152660
817,0.358095,0.162158
818,0.345546,0.170944
819,0.332526,0.178991
820,0.318976,0.186368
821,0.305013,0.192980
822,0.290664,0.198812
823,0.275967,0.203843
824,0.260988,0.208041
825,0.245745,0.211407
826,0.230321,0.213904
827,0.214725,0.215542
828,0.199049,0.216291
829,0.183314,0.216161
830,0.167592,0.215135
831,0.151910,0.213226
832,0.136343,0.210425
833,0.120985,0.206740
834,0.105886,0.202186
835,0.090973,0.196785
836,0.076755,0.190575
837,0.063117,0.183662
838,0.049767,0.175934
839,0.036873,0.167448
840,0.024424,0.158233
841,0.012498,0.148303
842,0.001110,0.137694
843,-0.009702,0.126426
844,-0.019881,0.114539
845,-0.029425,0.102057
846,-0.038261,0.089027
847,-0.046393,0.075477
848,-0.053767,0.061452
849,-0.060372,0.046988
850,-0.066175,0.032130
851,-0.071149,0.016924
852,-0.075469,0.001354
853,-0.078980,-0.014789
854,-0.081532,-0.031159
855,-0.083157,-0.047674
856,-0.083871,-0.064290
857,-0.083634,-0.080948
858,-0.082454,-0.097575
859,-0.080320,-0.114108
860,-0.077265,-0.130470
861,-0.073238,-0.145628
862,-0.068372,-0.160292
863,-0.062681,-0.174638
864,-0.056183,-0.188621
865,-0.048903,-0.202195
866,-0.040865,-0.215318
867,-0.032098,-0.227946
868,-0.022818,-0.240019
869,-0.012888,-0.251400
870,-0.002390,-0.262092
871,0.008608,-0.272039
872,0.020092,-0.281214
873,0.032072,-0.289908
874,0.044795,-0.298174
875,0.057880,-0.305438
876,0.071241,-0.311819
877,0.084880,-0.317341
878,0.098734,-0.322025
879,0.112790,-0.325865
880,0.127002,-0.328872
881,0.141337,-0.331053
882,0.155748,-0.332398
883,0.169817,-0.332786
884,0.184200,-0.332494
885,0.198519,-0.331375
886,0.212720,-0.329434
887,0.226783,-0.326657
888,0.240664,-0.323105
889,0.254311,-0.318768
890,0.267673,-0.313654
891,0.280707,-0.307788
892,0.293367,-0.301192
893,0.305612,-0.293881
894,0.317400,-0.285896
895,0.328699,-0.277246
896,0.339487,-0.267963
897,0.349731,-0.258080
898,0.359385,-0.247640
899,0.368391,-0.236688
900,0.376747,-0.225247
901,0.384439,-0.213347
902,0.391442,-0.201025
903,0.397733,-0.188323
904,0.403293,-0.175280
905,0.408102,-0.161941
906,0.412144,-0.148346
907,0.415407,-0.134541
908,0.417879,-0.120570
909,0.419552,-0.106479
910,0.420420,-0.092313
911,0.420481,-0.078118
912,0.419733,-0.063941
913,0.418179,-0.049826
914,0.415824,-0.035821
915,0.412649,-0.022342
916,0.408752,-0.008693
917,0.404085,0.004715
918,0.398661,0.017837
919,0.392499,0.030631
920,0.385616,0.043056
921,0.378037,0.055070
922,0.369784,0.066635
923,0.360885,0.077714
924,0.351368,0.088269
925,0.341265,0.098267
926,0.330607,0.107675
927,0.319429,0.116462
928,0.307767,0.124600
929,0.295659,0.132061
930,0.283144,0.138823
931,0.270262,0.144861
932,0.257056,0.150157
933,0.243568,0.154694
934,0.229841,0.158455
935,0.215921,0.161430
936,0.201852,0.163607
937,0.187679,0.164980
938,0.173450,0.165544
939,0.159210,0.165296
940,0.145005,0.164239
941,0.130882,0.162374
942,0.116885,0.159707
943,0.103062,0.156247
944,0.089456,0.152006
945,0.076112,0.146996
946,0.063074,0.141233
947,0.050383,0.134737
948,0.038466,0.127616
949,0.026608,0.119760
950,0.015215,0.111240
951,0.004324,0.102084
952,-0.006029,0.092322
953,-0.015812,0.081984
954,-0.024991,0.071105
955,-0.033537,0.059720
956,-0.041421,0.047864
957,-0.048619,0.035578
958,-0.055107,0.022900
959,-0.060863,0.009871
960,-0.065868,-0.003466
961,-0.070107,-0.017068
962,-0.073564,-0.030891
963,-0.076230,-0.044890
964,-0.078094,-0.059020
965,-0.079150,-0.073235
966,-0.079396,-0.087489
967,-0.078829,-0.101735
968,-0.077452,-0.115928
969,-0.075269,-0.130021
970,-0.072286,-0.143969
971,-0.068514,-0.157725
972,-0.063964,-0.171246
973,-0.058651,-0.184488
974,-0.052592,-0.197407
975,-0.045806,-0.209962
976,-0.038362,-0.222108
977,-0.030320,-0.233725
978,-0.021586,-0.244807
979,-0.012238,-0.255346
980,-0.002481,-0.264989
981,0.007954,-0.274377
982,0.018909,-0.283140
983,0.030359,-0.291253
984,0.042243,-0.298708
985,0.054517,-0.305473
986,0.067167,-0.311509
987,0.080145,-0.316815
988,0.093408,-0.321375
989,0.106913,-0.325175
990,0.120616,-0.328201
991,0.134473,-0.330444
992,0.148440,-0.331895
993,0.162470,-0.332549
994,0.176518,-0.332404
995,0.190539,-0.331460
996,0.204488,-0.329719
997,0.218319,-0.327187
998,0.231987,-0.323871
999,0.245447,-0.319782
1000,0.258657,-0.314933
1001,0.271573,-0.309338
1002,0.284153,-0.303016
1003,0.296356,-0.295986
1004,0.308142,-0.288272
1005,0.319473,-0.279897
1006,0.330312,-0.270890
1007,0.340623,-0.261277
1008,0.350373,-0.251091
1009,0.359530,-0.240364
1010,0.368064,-0.229131
1011,0.375947,-0.217428
1012,0.383152,-0.205292
1013,0.389394,-0.193024
1014,0.395205,-0.180167
1015,0.400276,-0.166997
1016,0.404590,-0.153557
1017,0.408133,-0.139889
1018,0.410894,-0.126040
1019,0.412862,-0.112052
1020,0.414031,-0.097972
1021,0.414397,-0.083846
1022,0.413959,-0.069718
1023,0.412717,-0.055635
1024,0.410675,-0.041643
1025,0.407839,-0.027787
1026,0.404219,-0.014112
1027,0.399826,-0.000662
1028,0.394673,0.012519
1029,0.388777,0.025387
1030,0.382157,0.037902
1031,0.374834,0.050022
1032,0.366831,0.061708
1033,0.358175,0.072921
1034,0.348892,0.083626
1035,0.339014,0.093787
1036,0.328571,0.103371
1037,0.317597,0.112347
1038,0.306129,0.120686
1039,0.294202,0.128359
1040,0.281855,0.135343
1041,0.269128,0.141613
1042,0.256063,0.147150
1043,0.242702,0.151935
1044,0.229087,0.155952
1045,0.215581,0.158993
1046,0.201610,0.161469
1047,0.187519,0.163147
1048,0.173353,0.164022
1049,0.159157,0.164088
1050,0.144979,0.163346
1051,0.130864,0.161798
1052,0.116857,0.159449
1053,0.103004,0.156306
1054,0.089351,0.152378
1055,0.075941,0.147679
1056,0.062818,0.142223
1057,0.050026,0.136028
1058,0.037604,0.129114
1059,0.025595,0.121502
1060,0.014037,0.113218
1061,0.002967,0.104288
1062,-0.007578,0.094741
1063,-0.017564,0.084608
1064,-0.026958,0.073920
1065,-0.035729,0.062714
1066,-0.043850,0.051025
1067,-0.051293,0.038891
1068,-0.058034,0.026350
1069,-0.064051,0.013445
1070,-0.069325,0.000216
1071,-0.073837,-0.013294
1072,-0.077573,-0.027040
1073,-0.080521,-0.040979
1074,-0.082671,-0.055065
1075,-0.084015,-0.069253
1076,-0.084550,-0.083495
1077,-0.084273,-0.097748
1078,-0.083103,-0.111599
1079,-0.081242,-0.125724
1080,-0.078581,-0.139722
1081,-0.075127,-0.153547
1082,-0.070891,-0.167155
1083,-0.065887,-0.180502
1084,-0.060129,-0.193543
1085,-0.053638,-0.206237
1086,-0.046434,-0.218543
1087,-0.038540,-0.230419
1088,-0.029981,-0.241828
1089,-0.020785,-0.252733
1090,-0.010982,-0.263098
1091,-0.000604,-0.272889
1092,0.010316,-0.282074
1093,0.021743,-0.290623
1094,0.033640,-0.298509
1095,0.045968,-0.305706
1096,0.058687,-0.312189
1097,0.071756,-0.317938
1098,0.085132,-0.322935
1099,0.098773,-0.327162
1100,0.112634,-0.330606
1101,0.126671,-0.333255
1102,0.140836,-0.335101
1103,0.155086,-0.336137
1104,0.169373,-0.336360
1105,0.183651,-0.335770
1106,0.197874,-0.334367
1107,0.211995,-0.332156
1108,0.225969,-0.329144
1109,0.239750,-0.325341
1110,0.253294,-0.320759
1111,0.266177,-0.315452
1112,0.279107,-0.309397
1113,0.291673,-0.302614
1114,0.303834,-0.295126
1115,0.315550,-0.286957
1116,0.326783,-0.278134
1117,0.337497,-0.268683
1118,0.347656,-0.258637
1119,0.357227,-0.248028
1120,0.366180,-0.236890
1121,0.374485,-0.225258
1122,0.382115,-0.213172
1123,0.389045,-0.200669
1124,0.395252,-0.187790
1125,0.400716,-0.174578
1126,0.405420,-0.161075
1127,0.409347,-0.147324
1128,0.412486,-0.133370
1129,0.414824,-0.119260
1130,0.416356,-0.105037
1131,0.417075,-0.090749
1132,0.416979,-0.076442
1133,0.416069,-0.062162
1134,0.414347,-0.047955
1135,0.411818,-0.033869
1136,0.408491,-0.019948
1137,0.404376,-0.006238
1138,0.399486,0.007217
1139,0.393838,0.020372
1140,0.387449,0.033186
1141,0.380340,0.045616
1142,0.372534,0.057623
1143,0.364187,0.068814
1144,0.355100,0.079866
1145,0.345399,0.090383
1146,0.335113,0.100333
1147,0.324277,0.109681
1148,0.312925,0.118397
1149,0.301094,0.126454
1150,0.288822,0.133824
1151,0.276149,0.140485
1152,0.263116,0.146413
1153,0.249766,0.151589
1154,0.236141,0.155998
1155,0.222286,0.159624
1156,0.208246,0.162454
1157,0.194067,0.164481
1158,0.179793,0.165698
1159,0.165473,0.166099
1160,0.151151,0.165684
1161,0.136876,0.164454
1162,0.122692,0.162413
1163,0.108647,0.159567
1164,0.094785,0.155925
1165,0.081152,0.151500
1166,0.067792,0.146305
1167,0.054749,0.140357
1168,0.042065,0.133675
1169,0.029781,0.126281
1170,0.017937,0.118199
1171,0.006571,0.109454
1172,-0.004278,0.100076
1173,-0.014577,0.090095
1174,-0.024291,0.079542
1175,-0.033079,0.068659
1176,-0.041550,0.057099
1177,-0.049351,0.045076
1178,-0.056456,0.032626
1179,-0.062840,0.019792
1180,-0.068483,0.006613
1181,-0.073366,-0.006866
1182,-0.077475,-0.020603
1183,-0.080794,-0.034552
1184,-0.083314,-0.048669
1185,-0.085026,-0.062907
1186,-0.085924,-0.077221
1187,-0.086006,-0.091564
1188,-0.085270,-0.105889
1189,-0.083719,-0.120150
1190,-0.081359,-0.134301
1191,-0.078196,-0.148295
1192,-0.074241,-0.162087
1193,-0.069507,-0.175632
1194,-0.064008,-0.188887
1195,-0.057763,-0.201808
1196,-0.050792,-0.214353
1197,-0.043117,-0.226482
1198,-0.034763,-0.238154
1199,-0.025757,-0.249332
1200,-0.016129,-0.259980
1201,-0.005908,-0.270063
1202,0.004870,-0.279548
1203,0.016172,-0.288404
1204,0.027961,-0.296603
1205,0.040198,-0.304117
1206,0.052845,-0.310923
1207,0.065859,-0.316997
1208,0.078901,-0.322092
1209,0.092498,-0.326674
1210,0.106334,-0.330476
1211,0.120365,-0.333483
1212,0.134546,-0.335687
1213,0.148830,-0.337079
1214,0.163171,-0.337655
1215,0.177523,-0.337414
1216,0.191838,-0.336356
1217,0.206071,-0.334484
1218,0.220175,-0.331804
1219,0.234105,-0.328324
1220,0.247814,-0.324057
1221,0.261259,-0.319016
1222,0.274396,-0.313216
1223,0.287182,-0.306677
1224,0.299575,-0.299421
1225,0.311536,-0.291469
1226,0.323025,-0.282849
1227,0.334005,-0.273587
1228,0.344441,-0.263715
1229,0.354298,-0.253264
1230,0.363544,-0.242267
1231,0.372149,-0.230761
1232,0.380085,-0.218783
1233,0.387327,-0.206372
1234,0.393850,-0.193567
1235,0.399634,-0.180411
1236,0.404659,-0.166946
1237,0.408909,-0.153216
1238,0.412370,-0.139265
1239,0.415032,-0.125139
1240,0.416728,-0.111228
1241,0.417795,-0.096916
1242,0.418045,-0.082566
1243,0.417477,-0.068223
1244,0.416094,-0.053936
1245,0.413899,-0.039749
1246,0.410899,-0.025710
1247,0.407104,-0.011863
1248,0.402526,0.001746
1249,0.397180,0.015072
1250,0.391084,0.028074
1251,0.384256,0.040708
1252,0.376720,0.052933
1253,0.368498,0.064710
1254,0.359619,0.076000
1255,0.350111,0.086767
1256,0.340004,0.096976
1257,0.329331,0.106592
1258,0.318127,0.115586
1259,0.306429,0.123927
1260,0.294273,0.131589
1261,0.281700,0.138547
1262,0.268751,0.144778
1263,0.255467,0.150261
1264,0.241891,0.154979
1265,0.228068,0.158916
1266,0.214042,0.162060
1267,0.199859,0.164399
1268,0.185565,0.165927
1269,0.171206,0.166639
1270,0.156829,0.166531
1271,0.142481,0.165605
1272,0.128209,0.163863
1273,0.114488,0.161256
1274,0.100576,0.157933
1275,0.086874,0.153822
1276,0.073428,0.148938
1277,0.060279,0.143295
1278,0.047472,0.136912
1279,0.035049,0.129809
1280,0.023048,0.122009
1281,0.011510,0.113538
1282,0.000472,0.104423
1283,-0.010030,0.094693
1284,-0.019961,0.084379
1285,-0.029291,0.073516
1286,-0.037987,0.062138
1287,-0.046022,0.050282
1288,-0.053369,0.037986
1289,-0.060005,0.025291
1290,-0.065908,0.012238
1291,-0.071058,-0.001132
1292,-0.075439,-0.014775
1293,-0.079036,-0.028646
1294,-0.081838,-0.042701
1295,-0.083835,-0.056894
1296,-0.085020,-0.071179
1297,-0.085390,-0.085510
1298,-0.084943,-0.099840
1299,-0.083681,-0.114122
1300,-0.081607,-0.128310
1301,-0.078729,-0.142359
1302,-0.075054,-0.156221
1303,-0.070596,-0.169854
1304,-0.065368,-0.183211
1305,-0.059445,-0.195874
1306,-0.052769,-0.208547
1307,-0.045382,-0.220820
1308,-0.037308,-0.232654
1309,-0.028571,-0.244011
1310,-0.019202,-0.254852
1311,-0.009229,-0.265143
1312,0.001315,-0.274850
1313,0.012395,-0.283942
1314,0.023976,-0.292388
1315,0.036021,-0.300163
1316,0.048490,-0.307239
1317,0.061342,-0.313594
1318,0.074537,-0.319207
1319,0.088031,-0.324061
1320,0.101781,-0.328138
1321,0.115742,-0.331426
1322,0.129869,-0.333913
1323,0.144116,-0.335592
1324,0.158437,-0.336457
1325,0.172784,-0.336505
1326,0.187113,-0.335736
1327,0.201375,-0.334152
1328,0.215525,-0.331758
1329,0.229517,-0.328562
1330,0.243306,-0.324573
1331,0.256846,-0.319806
1332,0.270093,-0.314275
1333,0.283005,-0.307997
1334,0.295539,-0.300994
1335,0.307655,-0.293288
1336,0.319314,-0.284903
1337,0.330131,-0.276015
1338,0.340773,-0.266393
1339,0.350851,-0.256181
1340,0.360332,-0.245410
1341,0.369184,-0.234116
1342,0.377380,-0.222335
1343,0.384891,-0.210106
1344,0.391695,-0.197467
1345,0.397768,-0.184461
1346,0.403091,-0.171129
1347,0.407647,-0.157514
1348,0.411420,-0.143661
1349,0.414398,-0.129614
1350,0.416571,-0.115420
1351,0.417932,-0.101123
1352,0.418477,-0.086772
1353,0.418204,-0.072411
1354,0.417113,-0.058089
1355,0.415208,-0.043850
1356,0.412495,-0.029743
1357,0.408983,-0.015811
1358,0.404682,-0.002102
1359,0.399607,0.011342
1360,0.393775,0.024475
1361,0.387203,0.037256
1362,0.379914,0.049642
1363,0.371930,0.061594
1364,0.363278,0.073073
1365,0.353986,0.084041
1366,0.344083,0.094463
1367,0.333603,0.104304
1368,0.322577,0.113534
1369,0.311267,0.121818
1370,0.299294,0.129753
1371,0.286889,0.136994
1372,0.274091,0.143517
1373,0.260941,0.149301
1374,0.247482,0.154326
1375,0.233758,0.158578
1376,0.219813,0.162041
1377,0.205693,0.164704
1378,0.191443,0.166559
1379,0.177109,0.167600
1380,0.162738,0.167822
1381,0.148377,0.167225
1382,0.134073,0.165811
1383,0.119871,0.163585
1384,0.105818,0.160553
1385,0.091960,0.156726
1386,0.078342,0.152115
1387,0.065007,0.146735
1388,0.051999,0.140604
1389,0.039362,0.133742
1390,0.027134,0.126171
1391,0.015357,0.117915
1392,0.004069,0.109001
1393,-0.006694,0.099458
1394,-0.016896,0.089317
1395,-0.026505,0.078611
1396,-0.035489,0.067373
1397,-0.043819,0.055642
1398,-0.051468,0.043455
1399,-0.058410,0.030851
1400,-0.064624,0.017871
1401,-0.070088,0.004557
1402,-0.074568,-0.008733
1403,-0.078507,-0.022553
1404,-0.081653,-0.036575
1405,-0.083996,-0.050755
1406,-0.085527,-0.065046
1407,-0.086242,-0.079402
1408,-0.086138,-0.093777
1409,-0.085216,-0.108123
1410,-0.083478,-0.122394
1411,-0.080929,-0.136544
1412,-0.077579,-0.150527
1413,-0.073437,-0.164297
1414,-0.068518,-0.177810
1415,-0.062836,-0.191022
1416,-0.056411,-0.203889
1417,-0.049262,-0.216371
1418,-0.041414,-0.228425
1419,-0.032892,-0.240014
1420,-0.023722,-0.251099
1421,-0.013936,-0.261645
1422,-0.003564,-0.271617
1423,0.007360,-0.280982
1424,0.018800,-0.289711
1425,0.030719,-0.297774
1426,0.043080,-0.305146
1427,0.055840,-0.311802
1428,0.068960,-0.317721
1429,0.082397,-0.322883
1430,0.096107,-0.327272
1431,0.110045,-0.330873
1432,0.124166,-0.333674
1433,0.138425,-0.335666
1434,0.152418,-0.336710
1435,0.166789,-0.337099
1436,0.181160,-0.336669
1437,0.195484,-0.335421
1438,0.209715,-0.333359
1439,0.223806,-0.330490
1440,0.237712,-0.326822
1441,0.251387,-0.322369
1442,0.264787,-0.317143
1443,0.277869,-0.311162
1444,0.290589,-0.304445
1445,0.302908,-0.297014
1446,0.314783,-0.288893
1447,0.326178,-0.280108
1448,0.337054,-0.270688
1449,0.347377,-0.260663
1450,0.357113,-0.250066
1451,0.366230,-0.238930
1452,0.374698,-0.227293
1453,0.382491,-0.215191
1454,0.389582,-0.202665
1455,0.395948,-0.189754
1456,0.401569,-0.176500
1457,0.406426,-0.162948
1458,0.410503,-0.149139
1459,0.413788,-0.135120
1460,0.416269,-0.120936
1461,0.417938,-0.106632
1462,0.418790,-0.092256
1463,0.418821,-0.077854
1464,0.418032,-0.063473
1465,0.416425,-0.049159
1466,0.413965,-0.035338
1467,0.410775,-0.021313
1468,0.406793,-0.007492
1469,0.402029,0.006081
1470,0.396500,0.019361
1471,0.390222,0.032306
1472,0.383217,0.044873
1473,0.375508,0.057022
1474,0.367118,0.068712
1475,0.358075,0.079907
1476,0.348409,0.090569
1477,0.338151,0.100663
1478,0.327333,0.110158
1479,0.315992,0.119022
1480,0.304163,0.127225
1481,0.291886,0.134743
1482,0.279199,0.141549
1483,0.266145,0.147622
1484,0.252765,0.152942
1485,0.239102,0.157491
1486,0.225202,0.161255
1487,0.211110,0.164222
1488,0.196870,0.166381
1489,0.182530,0.167725
1490,0.168135,0.168251
1491,0.153733,0.167955
1492,0.139370,0.166840
1493,0.125094,0.164909
1494,0.110949,0.162167
1495,0.096983,0.158624
1496,0.083241,0.154291
1497,0.069767,0.149181
1498,0.056982,0.143368
1499,0.044181,0.136796
1500,0.031774,0.129507
1501,0.019801,0.121522
1502,0.008302,0.112868
1503,-0.002686,0.103572
1504,-0.013128,0.093665
1505,-0.022989,0.083178
1506,-0.032237,0.072146
1507,-0.040843,0.060605
1508,-0.048778,0.048591
1509,-0.056016,0.036144
1510,-0.062534,0.023304
1511,-0.068310,0.010112
1512,-0.073326,-0.003387
1513,-0.077565,-0.017152
1514,-0.081014,-0.031136
1515,-0.083660,-0.045295
1516,-0.085496,-0.059583
1517,-0.086515,-0.073953
1518,-0.086714,-0.088359
1519,-0.086093,-0.102753
1520,-0.084652,-0.117090
1521,-0.082397,-0.131322
1522,-0.079334,-0.145403
1523,-0.075474,-0.159288
1524,-0.070830,-0.172931
1525,-0.065415,-0.186289
1526,-0.059248,-0.199317
1527,-0.052349,-0.211973
1528,-0.044739,-0.224217
1529,-0.036444,-0.236008
1530,-0.027637,-0.246956
1531,-0.018092,-0.257732
1532,-0.007949,-0.267948
1533,0.002760,-0.277571
1534,0.014001,-0.286568
1535,0.025737,-0.294911
1536,0.037930,-0.302573
1537,0.050541,-0.309528
1538,0.063527,-0.315754
1539,0.076849,-0.321231
1540,0.090461,-0.325940
1541,0.104321,-0.329867
1542,0.118382,-0.332998
1543,0.132601,-0.335323
1544,0.146929,-0.336834
1545,0.161321,-0.337528
1546,0.175730,-0.337400
1547,0.190110,-0.336451
1548,0.204412,-0.334686
1549,0.218592,-0.332108
1550,0.232604,-0.328726
1551,0.246400,-0.324552
1552,0.259937,-0.319598
1553,0.273171,-0.313881
1554,0.286059,-0.307419
1555,0.298558,-0.300233
1556,0.310629,-0.292346
1557,0.322231,-0.283784
1558,0.333327,-0.274574
1559,0.343882,-0.264747
1560,0.353860,-0.254334
1561,0.363230,-0.243368
1562,0.371655,-0.232116
1563,0.379731,-0.220192
1564,0.387115,-0.207826
1565,0.393784,-0.195059
1566,0.399714,-0.181932
1567,0.404888,-0.168487
1568,0.409288,-0.154769
1569,0.412900,-0.140821
1570,0.415712,-0.126690
1571,0.417714,-0.112420
1572,0.418901,-0.098059
1573,0.419268,-0.083652
1574,0.418813,-0.069246
1575,0.417538,-0.054890
1576,0.415448,-0.040628
1577,0.412549,-0.026507
1578,0.408850,-0.012574
1579,0.404363,0.001127
1580,0.399102,0.014551
1581,0.393085,0.027655
1582,0.386331,0.040395
1583,0.378862,0.052731
1584,0.370702,0.064621
1585,0.361877,0.076029
1586,0.352416,0.086916
1587,0.342350,0.097247
1588,0.331711,0.106989
1589,0.320534,0.116109
1590,0.308855,0.124578
1591,0.296712,0.132369
1592,0.284144,0.139456
1593,0.271191,0.145816
1594,0.258195,0.151190
1595,0.244634,0.156058
1596,0.230817,0.160146
1597,0.216789,0.163441
1598,0.202595,0.165932
1599,0.188281,0.167611
1600,0.173893,0.168471
1601,0.159479,0.168511
1602,0.145085,0.167730
1603,0.130758,0.166130
1604,0.116545,0.163716
1605,0.102491,0.160497
1606,0.088643,0.156482
1607,0.075044,0.151684
1608,0.061741,0.146119
1609,0.048774,0.139806
1610,0.036188,0.132763
1611,0.024023,0.125015
1612,0.012318,0.116585
1613,0.001111,0.107502
1614,-0.009561,0.097795
1615,-0.019663,0.087495
1616,-0.029163,0.076636
1617,-0.038029,0.065253
1618,-0.046233,0.053382
1619,-0.053748,0.041063
1620,-0.060549,0.028335
1621,-0.066615,0.015239
1622,-0.071926,0.001818
1623,-0.076463,-0.011884
1624,-0.080213,-0.025824
1625,-0.083164,-0.039955
1626,-0.085148,-0.053884
1627,-0.086500,-0.068235
1628,-0.087035,-0.082641
1629,-0.086747,-0.097055
1630,-0.085639,-0.111430
1631,-0.083714,-0.125719
1632,-0.080978,-0.139877
1633,-0.077440,-0.153857
1634,-0.073111,-0.167613
1635,-0.068006,-0.181102
1636,-0.062140,-0.194278
1637,-0.055532,-0.207100
1638,-0.048205,-0.219526
1639,-0.040181,-0.231515
1640,-0.031486,-0.243028
1641,-0.022150,-0.254028
1642,-0.012201,-0.264479
1643,-0.001673,-0.274347
1644,0.009401,-0.283599
1645,0.020985,-0.292207
1646,0.033041,-0.300141
1647,0.045530,-0.307377
1648,0.058412,-0.313889
1649,0.071644,-0.319658
1650,0.085185,-0.324664
1651,0.098989,-0.328890
1652,0.113013,-0.332324
1653,0.127211,-0.334953
1654,0.141536,-0.336770
1655,0.155942,-0.337768
1656,0.170382,-0.337944
1657,0.184810,-0.337297
1658,0.198802,-0.335763
1659,0.213047,-0.333513
1660,0.227141,-0.330457
1661,0.241040,-0.326602
1662,0.254697,-0.321961
1663,0.268069,-0.316550
1664,0.281111,-0.310385
1665,0.293782,-0.303487
1666,0.306041,-0.295878
1667,0.317847,-0.287583
1668,0.329162,-0.278628
1669,0.339949,-0.269043
1670,0.350174,-0.258858
1671,0.359803,-0.248106
1672,0.368804,-0.236823
1673,0.377148,-0.225045
1674,0.384808,-0.212809
1675,0.391760,-0.200157
1676,0.397980,-0.187128
1677,0.403448,-0.173765
1678,0.408147,-0.160112
1679,0.412060,-0.146212
1680,0.415175,-0.132112
1681,0.417483,-0.117855
1682,0.418975,-0.103490
1683,0.419646,-0.089062
1684,0.419494,-0.074618
1685,0.418520,-0.060206
1686,0.416726,-0.045871
1687,0.414118,-0.031661
1688,0.410706,-0.017622
1689,0.406498,-0.003800
1690,0.401540,0.009382
1691,0.395825,0.022629
1692,0.389365,0.035531
1693,0.382181,0.048045
1694,0.374294,0.060130
1695,0.365732,0.071746
1696,0.356521,0.082858
1697,0.346691,0.093427
1698,0.336275,0.103420
1699,0.325306,0.112804
1700,0.313819,0.121548
1701,0.301852,0.129625
1702,0.289444,0.137007
1703,0.276635,0.143671
1704,0.263466,0.149595
1705,0.249980,0.154760
1706,0.236221,0.159149
1707,0.222233,0.162747
1708,0.208062,0.165542
1709,0.193754,0.167526
1710,0.179356,0.168692
1711,0.164913,0.169036
1712,0.150474,0.168557
1713,0.136084,0.167255
1714,0.121791,0.165137
1715,0.107641,0.162207
1716,0.093680,0.158476
1717,0.079953,0.153956
1718,0.066506,0.148660
1719,0.053381,0.142607
1720,0.040621,0.135816
1721,0.028268,0.128309
1722,0.016770,0.120237
1723,0.005394,0.111428
1724,-0.005463,0.101984
1725,-0.015765,0.091937
1726,-0.025479,0.081318
1727,-0.034574,0.070162
1728,-0.043020,0.058505
1729,-0.050788,0.046385
1730,-0.057855,0.033841
1731,-0.064197,0.020913
1732,-0.069792,0.007644
1733,-0.074623,-0.005923
1734,-0.078675,-0.019744
1735,-0.081932,-0.033776
1736,-0.084386,-0.047971
1737,-0.086027,-0.062284
1738,-0.086851,-0.076669
1739,-0.086854,-0.091079
1740,-0.086037,-0.105467
1741,-0.084401,-0.119786
1742,-0.081952,-0.133990
1743,-0.078698,-0.148033
1744,-0.074649,-0.161869
1745,-0.069819,-0.175453
1746,-0.064222,-0.188741
1747,-0.057877,-0.201690
1748,-0.050804,-0.214257
1749,-0.043026,-0.226403
1750,-0.034568,-0.238086
1751,-0.025458,-0.249270
1752,-0.015725,-0.259918
1753,-0.005401,-0.269995
1754,0.005276,-0.279154
1755,0.016649,-0.288010
1756,0.028507,-0.296206
1757,0.040815,-0.303713
1758,0.053530,-0.310507
1759,0.066614,-0.316567
1760,0.080022,-0.321873
1761,0.093712,-0.326407
1762,0.107639,-0.330153
1763,0.119986,-0.334233
1764,0.128989,-0.337682
1765,0.136701,-0.338973
1766,0.143315,-0.338813
1767,0.148998,-0.337484
1768,0.153854,-0.335181
1769,0.157985,-0.332069
1770,0.161535,-0.328297
1771,0.164672,-0.324019
1772,0.167548,-0.319378
1773,0.170193,-0.314532
1774,0.172600,-0.309534
1775,0.174762,-0.304399
1776,0.176669,-0.299142
1777,0.178316,-0.293774
1778,0.179696,-0.288308
1779,0.180802,-0.282757
1780,0.181629,-0.277134
1781,0.182172,-0.271454
1782,0.182428,-0.265730
1783,0.182392,-0.259977
1784,0.182063,-0.254211
1785,0.181438,-0.248444
1786,0.180252,-0.242956
1787,0.179049,-0.237252
1788,0.177497,-0.232931
1789,0.173528,-0.233206
1790,0.167804,-0.234092
1791,0.161634,-0.235240
1792,0.155469,-0.236656
1793,0.149405,-0.238362
1794,0.143467,-0.240356
1795,0.137669,-0.242630
1796,0.132023,-0.245175
1797,0.126542,-0.247981
1798,0.121236,-0.251037
1799,0.116117,-0.254333
