0,0.966144,-0.299368
1,0.958272,-0.308754
2,0.947961,-0.322267
3,0.938427,-0.336340
4,0.929710,-0.350931
5,0.921837,-0.365996
6,0.914834,-0.381483
7,0.908723,-0.397345
8,0.903525,-0.413528
9,0.899256,-0.429980
10,0.895930,-0.446649
11,0.893557,-0.463481
12,0.892147,-0.480419
13,0.891702,-0.497411
14,0.892224,-0.514401
15,0.893713,-0.531333
16,0.896162,-0.548153
17,0.896873,-0.552849
18,0.896873,-0.552849
19,0.896873,-0.552849
20,0.896873,-0.552849
21,0.909032,-0.551356
22,0.925679,-0.547939
23,0.942093,-0.543526
24,0.958231,-0.538187
25,0.974038,-0.531938
26,0.978445,-0.530167
27,0.987099,-0.521497
28,0.998101,-0.508545
29,1.008307,-0.494953
30,1.017723,-0.480802
31,1.026319,-0.466138
32,1.034067,-0.451009
33,1.040941,-0.435463
34,1.046919,-0.419552
35,1.048565,-0.415096
36,1.047947,-0.402861
37,1.045732,-0.386012
38,1.042507,-0.369324
39,1.038338,-0.352845
40,1.033239,-0.336631
41,1.031788,-0.332108
42,1.023760,-0.322854
43,1.011631,-0.310952
44,0.998805,-0.299798
45,0.985365,-0.289392
46,0.971355,-0.279767
47,0.956820,-0.270955
48,0.952745,-0.268516
49,0.952745,-0.268516
50,0.940859,-0.271479
51,0.924752,-0.276900
52,0.908998,-0.283280
53,0.893631,-0.290546
54,0.878703,-0.298674
55,0.864262,-0.307639
56,0.850354,-0.317411
57,0.837025,-0.327958
58,0.824317,-0.339247
59,0.812273,-0.351240
60,0.800930,-0.363899
61,0.790325,-0.377183
62,0.780494,-0.391049
63,0.771468,-0.405452
64,0.763275,-0.420345
65,0.755943,-0.435680
66,0.749496,-0.451407
67,0.743954,-0.467475
68,0.739335,-0.483833
69,0.735654,-0.500427
70,0.734521,-0.501726
71,0.733449,-0.503254
72,0.732462,-0.505007
73,0.731584,-0.506980
74,0.730835,-0.509165
75,0.730237,-0.511553
76,0.729810,-0.514132
77,0.729575,-0.516891
78,0.726534,-0.523333
79,0.724530,-0.530135
80,0.724105,-0.536161
81,0.724093,-0.542153
82,0.724432,-0.548136
83,0.725118,-0.554095
84,0.726147,-0.560010
85,0.727517,-0.565863
86,0.729223,-0.571634
87,0.731262,-0.577302
88,0.733626,-0.582850
89,0.739300,-0.589973
90,0.750090,-0.599159
91,0.760343,-0.607930
92,0.768741,-0.616193
93,0.776951,-0.623064
94,0.785255,-0.629020
95,0.793739,-0.634226
96,0.802429,-0.638752
97,0.811323,-0.642472
98,0.820402,-0.645607
99,0.829639,-0.648217
100,0.839005,-0.650298
101,0.848471,-0.651843
102,0.858351,-0.652708
103,0.867919,-0.653161
104,0.877494,-0.653073
105,0.887045,-0.652442
106,0.896542,-0.651271
107,0.905953,-0.649564
108,0.915249,-0.647327
109,0.924400,-0.644567
110,0.933376,-0.641294
111,0.942149,-0.637520
112,0.950690,-0.633255
113,0.958973,-0.628515
114,0.966971,-0.623314
115,0.974658,-0.617671
116,0.982010,-0.611603
117,0.989004,-0.605130
118,0.995617,-0.598273
119,1.001829,-0.591055
120,1.007619,-0.583500
121,1.012969,-0.575631
122,1.017863,-0.567474
123,1.022285,-0.559056
124,1.026221,-0.550403
125,1.029659,-0.541545
126,1.032588,-0.532509
127,1.034999,-0.523325
128,1.036884,-0.514022
129,1.038239,-0.504631
130,1.039058,-0.495181
131,1.039340,-0.485703
132,1.039085,-0.476227
133,1.038293,-0.466785
134,1.036764,-0.457094
135,1.034896,-0.447815
136,1.032510,-0.438659
137,1.029609,-0.429655
138,1.026204,-0.420834
139,1.022304,-0.412222
140,1.017925,-0.403849
141,1.013079,-0.395740
142,1.007783,-0.387922
143,1.002054,-0.380419
144,0.995910,-0.373255
145,0.989373,-0.366454
146,0.982462,-0.360036
147,0.983665,-0.352745
148,0.995470,-0.348102
149,1.010860,-0.346600
150,1.026016,-0.344554
151,1.040941,-0.341646
152,1.055590,-0.337897
153,1.069916,-0.333327
154,1.083876,-0.327961
155,1.097428,-0.321826
156,1.110531,-0.314950
157,1.123147,-0.307364
158,1.135238,-0.299099
159,1.146770,-0.290192
160,1.157709,-0.280677
161,1.168026,-0.270593
162,1.177692,-0.259978
163,1.186682,-0.248874
164,1.194971,-0.237323
165,1.202539,-0.225366
166,1.209367,-0.213048
167,1.215173,-0.200745
168,1.220404,-0.187999
169,1.224867,-0.175030
170,1.228552,-0.161883
171,1.231454,-0.148604
172,1.233571,-0.135238
173,1.234902,-0.121832
174,1.235449,-0.108429
175,1.235218,-0.095076
176,1.234216,-0.081816
177,1.232453,-0.068694
178,1.229942,-0.055752
179,1.226696,-0.043033
180,1.222734,-0.030577
181,1.218075,-0.018423
182,1.212740,-0.006611
183,1.206753,0.004823
184,1.200140,0.015844
185,1.192927,0.026417
186,1.185145,0.036512
187,1.176823,0.046097
188,1.167995,0.055145
189,1.158694,0.063630
190,1.148956,0.071527
191,1.138816,0.078815
192,1.128313,0.085474
193,1.117485,0.091487
194,1.106370,0.096838
195,1.095009,0.101515
196,1.083442,0.105507
197,1.071710,0.108807
198,1.060181,0.111231
199,1.048254,0.113160
200,1.036284,0.114390
201,1.024311,0.114920
202,1.012375,0.114753
203,1.000516,0.113896
204,0.988773,0.112356
205,0.977186,0.110144
206,0.965792,0.107273
207,0.954628,0.103758
208,0.943731,0.099615
209,0.933135,0.094864
210,0.922873,0.089525
211,0.912979,0.083621
212,0.903482,0.077177
213,0.894412,0.070217
214,0.885795,0.062770
215,0.877659,0.054865
216,0.870026,0.046531
217,0.862920,0.037801
218,0.856359,0.028708
219,0.850362,0.019283
220,0.844946,0.009563
221,0.840123,-0.000417
222,0.835906,-0.010622
223,0.832305,-0.021016
224,0.829328,-0.031562
225,0.826979,-0.042222
226,0.825261,-0.052960
227,0.824177,-0.063738
228,0.823725,-0.074520
229,0.823902,-0.085269
230,0.824702,-0.095949
231,0.826181,-0.106156
232,0.828173,-0.116586
233,0.830757,-0.126843
234,0.833923,-0.136893
235,0.837656,-0.146704
236,0.841939,-0.156245
237,0.846752,-0.165484
238,0.852077,-0.174393
239,0.857890,-0.182943
240,0.864169,-0.191109
241,0.870888,-0.198864
242,0.878021,-0.206187
243,0.885541,-0.213054
244,0.893420,-0.219447
245,0.901627,-0.225346
246,0.910133,-0.230735
247,0.918906,-0.235600
248,0.927915,-0.239928
249,0.937126,-0.243708
250,0.946506,-0.246931
251,0.956024,-0.249590
252,0.965644,-0.251681
253,0.975333,-0.253200
254,0.985058,-0.254146
255,0.994785,-0.254521
256,1.004481,-0.254327
257,1.014113,-0.253569
258,1.023649,-0.252254
259,1.033055,-0.250390
260,1.042302,-0.247988
261,1.051359,-0.245061
262,1.060195,-0.241621
263,1.068783,-0.237684
264,1.076727,-0.233326
265,1.084741,-0.228480
266,1.092429,-0.223193
267,1.099768,-0.217488
268,1.106733,-0.211385
269,1.113304,-0.204909
270,1.119462,-0.198084
271,1.125188,-0.190938
272,1.130465,-0.183496
273,1.135279,-0.175787
274,1.139617,-0.167838
275,1.143467,-0.159680
276,1.146820,-0.151341
277,1.149667,-0.142851
278,1.152003,-0.134242
279,1.153823,-0.125543
280,1.155125,-0.116784
281,1.155908,-0.107998
282,1.156172,-0.099213
283,1.155922,-0.090461
284,1.155162,-0.081771
285,1.153897,-0.073173
286,1.152136,-0.064695
287,1.149889,-0.056367
288,1.147167,-0.048215
289,1.143983,-0.040267
290,1.140350,-0.032549
291,1.136286,-0.025085
292,1.131807,-0.017900
293,1.126932,-0.011016
294,1.121680,-0.004455
295,1.116072,0.001762
296,1.110267,0.007270
297,1.104040,0.012757
298,1.097528,0.017849
299,1.090753,0.022533
300,1.083740,0.026794
301,1.076516,0.030621
302,1.069107,0.034003
303,1.061540,0.036932
304,1.053842,0.039402
305,1.046042,0.041406
306,1.038166,0.042942
307,1.030244,0.044007
308,1.022302,0.044602
309,1.014368,0.044727
310,1.006470,0.044386
311,0.998635,0.043582
312,0.990891,0.042323
313,0.983262,0.040616
314,0.975775,0.038470
315,0.968456,0.035896
316,0.961327,0.032905
317,0.954413,0.029512
318,0.947736,0.025730
319,0.941318,0.021577
320,0.935180,0.017069
321,0.929340,0.012224
322,0.923817,0.007062
323,0.918627,0.001604
324,0.913788,-0.004131
325,0.909312,-0.010119
326,0.905213,-0.016338
327,0.901503,-0.022765
328,0.898192,-0.029375
329,0.895573,-0.035905
330,0.893066,-0.042788
331,0.890977,-0.049780
332,0.889311,-0.056857
333,0.888071,-0.063994
334,0.887259,-0.071165
335,0.886875,-0.078344
336,0.886916,-0.085507
337,0.887379,-0.092629
338,0.888260,-0.099684
339,0.889553,-0.106649
340,0.891250,-0.113499
341,0.893343,-0.120212
342,0.895820,-0.126765
343,0.898671,-0.133135
344,0.901883,-0.139302
345,0.905442,-0.145246
346,0.909332,-0.150947
347,0.913539,-0.156387
348,0.918044,-0.161549
349,0.922830,-0.166416
350,0.927878,-0.170973
351,0.933169,-0.175207
352,0.938681,-0.179104
353,0.944393,-0.182654
354,0.950285,-0.185847
355,0.956334,-0.188673
356,0.962517,-0.191125
357,0.968812,-0.193198
358,0.975196,-0.194886
359,0.981645,-0.196187
360,0.988136,-0.197098
361,0.994646,-0.197619
362,1.000834,-0.197556
363,1.007299,-0.197325
364,1.013715,-0.196713
365,1.020059,-0.195723
366,1.026310,-0.194361
367,1.032446,-0.192636
368,1.038446,-0.190556
369,1.044290,-0.188131
370,1.049958,-0.185372
371,1.055432,-0.182290
372,1.060692,-0.178900
373,1.065723,-0.175216
374,1.070507,-0.171252
375,1.075029,-0.167025
376,1.079275,-0.162552
377,1.083232,-0.157850
378,1.086887,-0.152939
379,1.090230,-0.147836
380,1.093252,-0.142561
381,1.095942,-0.137135
382,1.098295,-0.131578
383,1.100304,-0.125911
384,1.101963,-0.120154
385,1.103271,-0.114330
386,1.104224,-0.108458
387,1.104822,-0.102562
388,1.105064,-0.096662
389,1.104953,-0.090779
390,1.104491,-0.084934
391,1.103682,-0.079148
392,1.102533,-0.073441
393,1.101048,-0.067834
394,1.099114,-0.062698
395,1.097007,-0.057354
396,1.094594,-0.052165
397,1.091883,-0.047149
398,1.088886,-0.042322
399,1.085617,-0.037700
400,1.082088,-0.033298
401,1.078315,-0.029132
402,1.074312,-0.025213
403,1.070096,-0.021555
404,1.065683,-0.018170
405,1.061090,-0.015067
406,1.056336,-0.012256
407,1.051438,-0.009745
408,1.046415,-0.007542
409,1.041287,-0.005651
410,1.036073,-0.004078
411,1.030792,-0.002827
412,1.025463,-0.001900
413,1.020107,-0.001297
414,1.014742,-0.001020
415,1.009390,-0.001067
416,1.004068,-0.001435
417,0.998796,-0.002122
418,0.993594,-0.003122
419,0.988478,-0.004430
420,0.983468,-0.006039
421,0.978581,-0.007942
422,0.973835,-0.010129
423,0.969244,-0.012590
424,0.964826,-0.015316
425,0.960595,-0.018293
426,0.956565,-0.021511
427,0.953123,-0.024957
428,0.949535,-0.028589
429,0.946185,-0.032418
430,0.943084,-0.036429
431,0.940240,-0.040606
432,0.937663,-0.044934
433,0.935361,-0.049395
434,0.933341,-0.053973
435,0.931608,-0.058649
436,0.930166,-0.063407
437,0.929020,-0.068227
438,0.928171,-0.073092
439,0.927620,-0.077984
440,0.927369,-0.082884
441,0.927416,-0.087775
442,0.927759,-0.092638
443,0.928395,-0.097456
444,0.929319,-0.102212
445,0.930528,-0.106887
446,0.932014,-0.111466
447,0.933770,-0.115932
448,0.935788,-0.120269
449,0.938060,-0.124462
450,0.940575,-0.128496
451,0.943323,-0.132358
452,0.946292,-0.136034
453,0.949469,-0.139511
454,0.952842,-0.142778
455,0.956398,-0.145824
456,0.960121,-0.148639
457,0.963998,-0.151214
458,0.968013,-0.153541
459,0.972149,-0.155611
460,0.976277,-0.157066
461,0.980587,-0.158616
462,0.984970,-0.159896
463,0.989411,-0.160903
464,0.993891,-0.161635
465,0.998395,-0.162090
466,1.002905,-0.162268
467,1.007404,-0.162170
468,1.011877,-0.161798
469,1.016305,-0.161154
470,1.020674,-0.160243
471,1.024966,-0.159070
472,1.029167,-0.157640
473,1.033261,-0.155960
474,1.037234,-0.154037
475,1.041070,-0.151880
476,1.044757,-0.149499
477,1.048282,-0.146903
478,1.051631,-0.144103
479,1.054794,-0.141111
480,1.057760,-0.137939
481,1.060518,-0.134599
482,1.063059,-0.131105
483,1.065375,-0.127472
484,1.067458,-0.123712
485,1.069301,-0.119842
486,1.070899,-0.115875
487,1.072246,-0.111828
488,1.073340,-0.107716
489,1.074176,-0.103555
490,1.074754,-0.099361
491,1.075071,-0.095149
492,1.074808,-0.091125
493,1.074619,-0.086946
494,1.074175,-0.082796
495,1.073477,-0.078692
496,1.072530,-0.074647
497,1.071338,-0.070678
498,1.069908,-0.066799
499,1.068244,-0.063024
500,1.066356,-0.059366
501,1.064250,-0.055841
502,1.061936,-0.052459
503,1.059423,-0.049233
504,1.056721,-0.046175
505,1.053843,-0.043296
506,1.050798,-0.040605
507,1.047600,-0.038113
508,1.044261,-0.035828
509,1.040794,-0.033757
510,1.037213,-0.031909
511,1.033533,-0.030288
512,1.029766,-0.028900
513,1.025929,-0.027750
514,1.022035,-0.026841
515,1.018100,-0.026176
516,1.014138,-0.025756
517,1.010166,-0.025581
518,1.006198,-0.025653
519,1.002248,-0.025969
520,0.998333,-0.026528
521,0.994467,-0.027327
522,0.990663,-0.028361
523,0.986938,-0.029627
524,0.983304,-0.031118
525,0.980057,-0.033072
526,0.976660,-0.034976
527,0.973393,-0.037084
528,0.970268,-0.039387
529,0.967295,-0.041874
530,0.964487,-0.044537
531,0.961853,-0.047365
532,0.959403,-0.050345
533,0.957146,-0.053467
534,0.955088,-0.056719
535,0.953239,-0.060087
536,0.951605,-0.063558
537,0.950190,-0.067119
538,0.949000,-0.070756
539,0.948039,-0.074456
540,0.947311,-0.078202
541,0.946816,-0.081983
542,0.946556,-0.085781
543,0.946533,-0.089585
544,0.946745,-0.093378
545,0.947191,-0.097146
546,0.947869,-0.100876
547,0.948776,-0.104552
548,0.949907,-0.108161
549,0.951259,-0.111690
550,0.952825,-0.115125
551,0.954600,-0.118453
552,0.956575,-0.121662
553,0.958743,-0.124739
554,0.961096,-0.127673
555,0.963624,-0.130454
556,0.966317,-0.133071
557,0.969165,-0.135514
558,0.972297,-0.137428
559,0.975399,-0.139489
560,0.978621,-0.141353
561,0.981950,-0.143012
562,0.985373,-0.144461
563,0.988877,-0.145694
564,0.992449,-0.146707
565,0.996074,-0.147496
566,0.999739,-0.148059
567,1.003430,-0.148394
568,1.007133,-0.148499
569,1.010833,-0.148375
570,1.014517,-0.148022
571,1.018170,-0.147442
572,1.021779,-0.146637
573,1.025330,-0.145611
574,1.028809,-0.144368
575,1.032204,-0.142912
576,1.035501,-0.141249
577,1.038688,-0.139386
578,1.041753,-0.137330
579,1.044684,-0.135089
580,1.047470,-0.132671
581,1.050101,-0.130086
582,1.052566,-0.127344
583,1.054857,-0.124455
584,1.056965,-0.121430
585,1.058882,-0.118281
586,1.060601,-0.115019
587,1.062114,-0.111658
588,1.063417,-0.108210
589,1.064505,-0.104688
590,1.065006,-0.101040
591,1.065648,-0.097431
592,1.066067,-0.093789
593,1.066259,-0.090128
594,1.066225,-0.086461
595,1.065965,-0.082803
596,1.065479,-0.079167
597,1.064770,-0.075568
598,1.063840,-0.072018
599,1.062692,-0.068531
600,1.061331,-0.065121
601,1.059762,-0.061800
602,1.057991,-0.058581
603,1.056024,-0.055477
604,1.053869,-0.052498
605,1.051534,-0.049657
606,1.049027,-0.046964
607,1.046358,-0.044429
608,1.043536,-0.042062
609,1.040573,-0.039873
610,1.037479,-0.037869
611,1.034266,-0.036058
612,1.030946,-0.034447
613,1.027532,-0.033043
614,1.024036,-0.031850
615,1.020471,-0.030874
616,1.016850,-0.030118
617,1.013188,-0.029586
618,1.009497,-0.029280
619,1.005792,-0.029201
620,1.002087,-0.029349
621,0.998395,-0.029725
622,0.994731,-0.030327
623,0.991164,-0.031522
624,0.987616,-0.032566
625,0.984135,-0.033826
626,0.980736,-0.035299
627,0.977431,-0.036979
628,0.974232,-0.038859
629,0.971152,-0.040934
630,0.968202,-0.043196
631,0.965394,-0.045636
632,0.962738,-0.048245
633,0.960244,-0.051015
634,0.957922,-0.053935
635,0.955782,-0.056994
636,0.953830,-0.060182
637,0.952075,-0.063486
638,0.950524,-0.066895
639,0.949182,-0.070395
640,0.948056,-0.073975
641,0.947149,-0.077620
642,0.946466,-0.081318
643,0.946009,-0.085054
644,0.945781,-0.088816
645,0.945782,-0.092588
646,0.946014,-0.096358
647,0.946475,-0.100111
648,0.947166,-0.103832
649,0.948082,-0.107509
650,0.949222,-0.111128
651,0.950582,-0.114674
652,0.952157,-0.118136
653,0.953942,-0.121499
654,0.955930,-0.124751
655,0.958115,-0.127880
656,0.960821,-0.130703
657,0.963366,-0.133533
658,0.966082,-0.136207
659,0.968960,-0.138714
660,0.971988,-0.141044
661,0.975156,-0.143189
662,0.978452,-0.145141
663,0.981866,-0.146891
664,0.985384,-0.148433
665,0.988994,-0.149761
666,0.992683,-0.150868
667,0.996437,-0.151752
668,1.000243,-0.152407
669,1.004086,-0.152831
670,1.007954,-0.153021
671,1.011832,-0.152978
672,1.015705,-0.152699
673,1.019560,-0.152185
674,1.023381,-0.151439
675,1.027157,-0.150461
676,1.030871,-0.149255
677,1.034511,-0.147825
678,1.038063,-0.146176
679,1.041514,-0.144312
680,1.044851,-0.142240
681,1.048061,-0.139967
682,1.051133,-0.137501
683,1.054055,-0.134850
684,1.056816,-0.132024
685,1.059405,-0.129031
686,1.061813,-0.125884
687,1.064030,-0.122592
688,1.065810,-0.118881
689,1.067606,-0.115349
690,1.069188,-0.111709
691,1.070551,-0.107975
692,1.071688,-0.104160
693,1.072595,-0.100277
694,1.073268,-0.096340
695,1.073704,-0.092364
696,1.073900,-0.088363
697,1.073855,-0.084351
698,1.073569,-0.080342
699,1.073042,-0.076352
700,1.072275,-0.072394
701,1.071270,-0.068483
702,1.070031,-0.064634
703,1.068560,-0.060859
704,1.066863,-0.057174
705,1.064945,-0.053592
706,1.062812,-0.050125
707,1.060472,-0.046788
708,1.057931,-0.043591
709,1.055200,-0.040547
710,1.052286,-0.037667
711,1.049200,-0.034963
712,1.045953,-0.032445
713,1.042555,-0.030121
714,1.039019,-0.028001
715,1.035356,-0.026093
716,1.031580,-0.024406
717,1.027703,-0.022944
718,1.023739,-0.021715
719,1.019702,-0.020723
720,1.015607,-0.019972
721,1.011271,-0.019784
722,1.007119,-0.019536
723,1.002951,-0.019536
724,0.998784,-0.019785
725,0.994633,-0.020284
726,0.990511,-0.021030
727,0.986435,-0.022022
728,0.982418,-0.023257
729,0.978475,-0.024732
730,0.974621,-0.026442
731,0.970870,-0.028382
732,0.967234,-0.030546
733,0.963728,-0.032926
734,0.960364,-0.035514
735,0.957155,-0.038303
736,0.954113,-0.041283
737,0.951248,-0.044444
738,0.948572,-0.047775
739,0.946094,-0.051266
740,0.943824,-0.054903
741,0.941772,-0.058675
742,0.939943,-0.062569
743,0.938347,-0.066572
744,0.936989,-0.070668
745,0.935875,-0.074846
746,0.935009,-0.079089
747,0.934395,-0.083383
748,0.934036,-0.087713
749,0.933935,-0.092064
750,0.934093,-0.096421
751,0.934509,-0.100768
752,0.935183,-0.105090
753,0.936113,-0.109371
754,0.937661,-0.113680
755,0.939100,-0.117817
756,0.940784,-0.121869
757,0.942709,-0.125820
758,0.944867,-0.129657
759,0.947253,-0.133366
760,0.949859,-0.136933
761,0.952675,-0.140346
762,0.955694,-0.143591
763,0.958904,-0.146658
764,0.962296,-0.149533
765,0.965858,-0.152208
766,0.969578,-0.154672
767,0.973443,-0.156915
768,0.977441,-0.158930
769,0.981558,-0.160707
770,0.985779,-0.162241
771,0.990091,-0.163526
772,0.994478,-0.164555
773,0.998926,-0.165325
774,1.003419,-0.165832
775,1.007941,-0.166073
776,1.012477,-0.166047
777,1.017011,-0.165754
778,1.021528,-0.165192
779,1.026010,-0.164364
780,1.030444,-0.163272
781,1.034812,-0.161917
782,1.039100,-0.160306
783,1.043293,-0.158441
784,1.047375,-0.156329
785,1.051332,-0.153977
786,1.055157,-0.151019
787,1.058803,-0.148209
788,1.062284,-0.145184
789,1.065587,-0.141954
790,1.068699,-0.138530
791,1.071610,-0.134923
792,1.074307,-0.131145
793,1.076782,-0.127208
794,1.079024,-0.123127
795,1.081026,-0.118913
796,1.082780,-0.114582
797,1.084279,-0.110149
798,1.085517,-0.105628
799,1.086488,-0.101035
800,1.087190,-0.096385
801,1.087617,-0.091694
802,1.087769,-0.086979
803,1.087644,-0.082256
804,1.087241,-0.077540
805,1.086561,-0.072849
806,1.085606,-0.068199
807,1.084377,-0.063605
808,1.082879,-0.059084
809,1.081115,-0.054652
810,1.079092,-0.050324
811,1.076814,-0.046116
812,1.074290,-0.042042
813,1.071528,-0.038116
814,1.068535,-0.034354
815,1.065322,-0.030767
816,1.061899,-0.027370
817,1.058278,-0.024174
818,1.054469,-0.021190
819,1.050131,-0.018544
820,1.045994,-0.016037
821,1.041709,-0.013771
822,1.037292,-0.011756
823,1.032758,-0.010001
824,1.028122,-0.008511
825,1.023399,-0.007294
826,1.018606,-0.006353
827,1.013759,-0.005693
828,1.008874,-0.005317
829,1.003968,-0.005227
830,0.999057,-0.005425
831,0.994159,-0.005910
832,0.989290,-0.006681
833,0.984468,-0.007737
834,0.979708,-0.009075
835,0.975028,-0.010691
836,0.970443,-0.012581
837,0.965969,-0.014739
838,0.961623,-0.017157
839,0.957418,-0.019829
840,0.953371,-0.022747
841,0.949496,-0.025900
842,0.945805,-0.029279
843,0.942313,-0.032873
844,0.939032,-0.036670
845,0.935973,-0.040658
846,0.933148,-0.044824
847,0.930567,-0.049153
848,0.928240,-0.053633
849,0.926174,-0.058247
850,0.924379,-0.062981
851,0.922860,-0.067818
852,0.921845,-0.073042
853,0.920911,-0.078027
854,0.920267,-0.083066
855,0.919917,-0.088141
856,0.919864,-0.093235
857,0.920107,-0.098331
858,0.920648,-0.103411
859,0.921485,-0.108459
860,0.922616,-0.113456
861,0.924038,-0.118387
862,0.925747,-0.123232
863,0.927737,-0.127977
864,0.930004,-0.132605
865,0.932540,-0.137099
866,0.935337,-0.141444
867,0.938387,-0.145625
868,0.941679,-0.149627
869,0.945203,-0.153436
870,0.948948,-0.157039
871,0.952901,-0.160422
872,0.957051,-0.163574
873,0.961383,-0.166484
874,0.965882,-0.169140
875,0.970535,-0.171534
876,0.975326,-0.173657
877,0.980238,-0.175499
878,0.985257,-0.177056
879,0.990364,-0.178319
880,0.995543,-0.179286
881,1.000777,-0.179950
882,1.006047,-0.180311
883,1.011337,-0.180364
884,1.016874,-0.179830
885,1.022134,-0.179256
886,1.027360,-0.178378
887,1.032534,-0.177196
888,1.037638,-0.175714
889,1.042654,-0.173935
890,1.047564,-0.171866
891,1.052353,-0.169513
892,1.057003,-0.166882
893,1.061498,-0.163981
894,1.065824,-0.160821
895,1.069964,-0.157411
896,1.073905,-0.153761
897,1.077632,-0.149884
898,1.081132,-0.145792
899,1.084394,-0.141498
900,1.087405,-0.137017
901,1.090155,-0.132363
902,1.092633,-0.127550
903,1.094832,-0.122596
904,1.096742,-0.117516
905,1.098356,-0.112328
906,1.099669,-0.107048
907,1.100674,-0.101694
908,1.101369,-0.096283
909,1.101750,-0.090835
910,1.101814,-0.085367
911,1.101561,-0.079897
912,1.100991,-0.074445
913,1.100106,-0.069028
914,1.098906,-0.063664
915,1.097396,-0.058373
916,1.095580,-0.053171
917,1.093120,-0.047931
918,1.090702,-0.042978
919,1.087999,-0.038166
920,1.085018,-0.033513
921,1.081769,-0.029034
922,1.078261,-0.024745
923,1.074507,-0.020662
924,1.070518,-0.016798
925,1.066307,-0.013167
926,1.061887,-0.009781
927,1.057274,-0.006653
928,1.052481,-0.003794
929,1.047525,-0.001213
930,1.042422,0.001079
931,1.037189,0.003075
932,1.031843,0.004767
933,1.026401,0.006148
934,1.020882,0.007214
935,1.015304,0.007960
936,1.009686,0.008383
937,1.004046,0.008481
938,0.998403,0.008252
939,0.992776,0.007696
940,0.987185,0.006816
941,0.981646,0.005612
942,0.976181,0.004088
943,0.970806,0.002250
944,0.965541,0.000101
945,0.960402,-0.002351
946,0.955408,-0.005099
947,0.950576,-0.008135
948,0.945921,-0.011448
949,0.941461,-0.015028
950,0.937182,-0.019237
951,0.933172,-0.023318
952,0.929399,-0.027629
953,0.925877,-0.032156
954,0.922618,-0.036883
955,0.919635,-0.041797
956,0.916936,-0.046880
957,0.914533,-0.052117
958,0.912434,-0.057489
959,0.910647,-0.062980
960,0.909178,-0.068571
961,0.908032,-0.074244
962,0.907215,-0.079979
963,0.906730,-0.085759
964,0.906578,-0.091563
965,0.906762,-0.097373
966,0.907282,-0.103168
967,0.908136,-0.108931
968,0.909322,-0.114641
969,0.910837,-0.120279
970,0.912676,-0.125826
971,0.914835,-0.131264
972,0.917306,-0.136573
973,0.920083,-0.141737
974,0.923156,-0.146738
975,0.926515,-0.151559
976,0.930151,-0.156182
977,0.934051,-0.160593
978,0.938204,-0.164776
979,0.942595,-0.168717
980,0.947211,-0.172403
981,0.952037,-0.175819
982,0.957057,-0.178955
983,0.962621,-0.181730
984,0.967976,-0.184257
985,0.973475,-0.186475
986,0.979097,-0.188374
987,0.984826,-0.189948
988,0.990642,-0.191190
989,0.996526,-0.192096
990,1.002458,-0.192662
991,1.008419,-0.192886
992,1.014389,-0.192766
993,1.020348,-0.192302
994,1.026277,-0.191494
995,1.032155,-0.190346
996,1.037964,-0.188859
997,1.043682,-0.187039
998,1.049292,-0.184890
999,1.054775,-0.182419
1000,1.060111,-0.179634
1001,1.065284,-0.176543
1002,1.070275,-0.173157
1003,1.075067,-0.169485
1004,1.079645,-0.165539
1005,1.083992,-0.161333
1006,1.088093,-0.156878
1007,1.091936,-0.152191
1008,1.095506,-0.147285
1009,1.098790,-0.142178
1010,1.101779,-0.136884
1011,1.104460,-0.131422
1012,1.106825,-0.125810
1013,1.108865,-0.120065
1014,1.110573,-0.114207
1015,1.111777,-0.107920
1016,1.112787,-0.101901
1017,1.113451,-0.095827
1018,1.113766,-0.089718
1019,1.113728,-0.083596
1020,1.113339,-0.077480
1021,1.112597,-0.071392
1022,1.111506,-0.065350
1023,1.110067,-0.059375
1024,1.108286,-0.053487
1025,1.106168,-0.047707
1026,1.103718,-0.042052
1027,1.100944,-0.036543
1028,1.097856,-0.031197
1029,1.094462,-0.026032
1030,1.090773,-0.021067
1031,1.086802,-0.016318
1032,1.082560,-0.011801
1033,1.078062,-0.007531
1034,1.073321,-0.003523
1035,1.068354,0.000209
1036,1.063175,0.003652
1037,1.057803,0.006795
1038,1.052253,0.009627
1039,1.046545,0.012137
1040,1.040697,0.014317
1041,1.034728,0.016160
1042,1.028658,0.017657
1043,1.022506,0.018804
1044,1.016294,0.019597
1045,1.010040,0.020032
1046,1.003766,0.020107
1047,0.997493,0.019821
1048,0.990978,0.018910
1049,0.984780,0.017894
1050,0.978644,0.016522
1051,0.972592,0.014800
1052,0.966643,0.012730
1053,0.960818,0.010321
1054,0.955136,0.007579
1055,0.949616,0.004512
1056,0.944277,0.001130
1057,0.939137,-0.002555
1058,0.934212,-0.006533
1059,0.929520,-0.010791
1060,0.925077,-0.015315
1061,0.920897,-0.020091
1062,0.916995,-0.025103
1063,0.913384,-0.030335
1064,0.910076,-0.035770
1065,0.907084,-0.041391
1066,0.904416,-0.047179
1067,0.902084,-0.053116
1068,0.900094,-0.059181
1069,0.898455,-0.065356
1070,0.897171,-0.071620
1071,0.896249,-0.077952
1072,0.895691,-0.084332
1073,0.895499,-0.090739
1074,0.895676,-0.097151
1075,0.896221,-0.103548
1076,0.897133,-0.109908
1077,0.898409,-0.116211
1078,0.900046,-0.122434
1079,0.902039,-0.128559
1080,0.904382,-0.134564
1081,0.907403,-0.140591
1082,0.910430,-0.146283
1083,0.913781,-0.151797
1084,0.917445,-0.157114
1085,0.921411,-0.162216
1086,0.925667,-0.167087
1087,0.930198,-0.171708
1088,0.934991,-0.176066
1089,0.940030,-0.180145
1090,0.945299,-0.183931
1091,0.950780,-0.187411
1092,0.956456,-0.190574
1093,0.962309,-0.193408
1094,0.968319,-0.195904
1095,0.974467,-0.198052
1096,0.980733,-0.199846
1097,0.987096,-0.201279
1098,0.993536,-0.202346
1099,1.000031,-0.203042
1100,1.006560,-0.203364
1101,1.013102,-0.203312
1102,1.019636,-0.202885
1103,1.026138,-0.202083
1104,1.032589,-0.200909
1105,1.038967,-0.199366
1106,1.045251,-0.197458
1107,1.051419,-0.195192
1108,1.057451,-0.192574
1109,1.063329,-0.189612
1110,1.069030,-0.186316
1111,1.074538,-0.182696
1112,1.079833,-0.178763
1113,1.084987,-0.174169
1114,1.089788,-0.169646
1115,1.094327,-0.164852
1116,1.098587,-0.159802
1117,1.102554,-0.154513
1118,1.106214,-0.149001
1119,1.109555,-0.143284
1120,1.112564,-0.137381
1121,1.115233,-0.131311
1122,1.117550,-0.125093
1123,1.119510,-0.118749
1124,1.121103,-0.112298
1125,1.122326,-0.105762
1126,1.123172,-0.099162
1127,1.123640,-0.092520
1128,1.123726,-0.085858
1129,1.123430,-0.079196
1130,1.122753,-0.072558
1131,1.121696,-0.065965
1132,1.120262,-0.059439
1133,1.118455,-0.053002
1134,1.116281,-0.046674
1135,1.113747,-0.040477
1136,1.110860,-0.034431
1137,1.107629,-0.028556
1138,1.104065,-0.022873
1139,1.100178,-0.017399
1140,1.095982,-0.012153
1141,1.091489,-0.007152
1142,1.086713,-0.002414
1143,1.081671,0.002046
1144,1.076379,0.006213
1145,1.070853,0.010072
1146,1.064740,0.013580
1147,1.058802,0.016770
1148,1.052687,0.019620
1149,1.046415,0.022116
1150,1.040007,0.024250
1151,1.033482,0.026016
1152,1.026863,0.027405
1153,1.020170,0.028415
1154,1.013427,0.029039
1155,1.006654,0.029277
1156,0.999874,0.029127
1157,0.993110,0.028589
1158,0.986384,0.027664
1159,0.979717,0.026355
1160,0.973132,0.024665
1161,0.966650,0.022599
1162,0.960293,0.020165
1163,0.954082,0.017369
1164,0.948037,0.014220
1165,0.942179,0.010728
1166,0.936527,0.006904
1167,0.931099,0.002761
1168,0.925914,-0.001689
1169,0.920990,-0.006432
1170,0.916341,-0.011451
1171,0.911985,-0.016732
1172,0.907936,-0.022256
1173,0.904207,-0.028007
1174,0.900812,-0.033965
1175,0.897761,-0.040111
1176,0.895064,-0.046426
1177,0.892733,-0.052888
1178,0.890773,-0.059478
1179,0.889348,-0.066512
1180,0.888166,-0.073283
1181,0.887372,-0.080116
1182,0.886970,-0.086988
1183,0.886961,-0.093875
1184,0.887347,-0.100756
1185,0.888126,-0.107607
1186,0.889297,-0.114406
1187,0.890855,-0.121132
1188,0.892797,-0.127761
1189,0.895116,-0.134272
1190,0.897805,-0.140643
1191,0.900856,-0.146854
1192,0.904259,-0.152884
1193,0.908003,-0.158712
1194,0.912077,-0.164321
1195,0.916468,-0.169690
1196,0.921161,-0.174802
1197,0.926142,-0.179640
1198,0.931394,-0.184188
1199,0.936901,-0.188430
1200,0.942645,-0.192353
1201,0.948607,-0.195944
1202,0.954768,-0.199189
1203,0.961108,-0.202078
1204,0.967606,-0.204601
1205,0.974242,-0.206750
1206,0.980994,-0.208517
1207,0.987839,-0.209896
1208,0.994756,-0.210882
1209,1.001722,-0.211471
1210,1.008713,-0.211661
1211,1.016010,-0.211232
1212,1.022976,-0.210608
1213,1.029900,-0.209589
1214,1.036759,-0.208175
1215,1.043529,-0.206370
1216,1.050189,-0.204180
1217,1.056716,-0.201612
1218,1.063089,-0.198673
1219,1.069287,-0.195373
1220,1.075290,-0.191722
1221,1.081077,-0.187731
1222,1.086629,-0.183415
1223,1.091929,-0.178785
1224,1.096958,-0.173857
1225,1.101699,-0.168648
1226,1.106138,-0.163173
1227,1.110258,-0.157450
1228,1.114047,-0.151498
1229,1.117491,-0.145336
1230,1.120579,-0.138984
1231,1.123300,-0.132462
1232,1.125645,-0.125793
1233,1.127607,-0.118996
1234,1.129177,-0.112095
1235,1.130351,-0.105112
1236,1.131125,-0.098070
1237,1.131495,-0.090991
1238,1.131460,-0.083899
1239,1.131020,-0.076817
1240,1.130175,-0.069768
1241,1.128929,-0.062776
1242,1.127284,-0.055863
1243,1.125245,-0.049051
1244,1.122515,-0.042150
1245,1.119701,-0.035622
1246,1.116519,-0.029260
1247,1.112976,-0.023087
1248,1.109085,-0.017124
1249,1.104857,-0.011390
1250,1.100306,-0.005904
1251,1.095447,-0.000685
1252,1.090295,0.004251
1253,1.084867,0.008886
1254,1.079180,0.013207
1255,1.073253,0.017197
1256,1.067105,0.020843
1257,1.060755,0.024135
1258,1.054225,0.027059
1259,1.047535,0.029607
1260,1.040707,0.031770
1261,1.033763,0.033540
1262,1.026726,0.034911
1263,1.019619,0.035879
1264,1.012465,0.036439
1265,1.005288,0.036590
1266,0.998110,0.036330
1267,0.990955,0.035661
1268,0.983847,0.034583
1269,0.976808,0.033101
1270,0.969863,0.031218
1271,0.963033,0.028941
1272,0.956341,0.026276
1273,0.949810,0.023232
1274,0.943460,0.019818
1275,0.937312,0.016046
1276,0.931387,0.011927
1277,0.925604,0.007115
1278,0.920197,0.002339
1279,0.915068,-0.002741
1280,0.910235,-0.008107
1281,0.905714,-0.013743
1282,0.901520,-0.019630
1283,0.897668,-0.025750
1284,0.894169,-0.032083
1285,0.891037,-0.038609
1286,0.888281,-0.045305
1287,0.885911,-0.052151
1288,0.883935,-0.059124
1289,0.882359,-0.066202
1290,0.881190,-0.073361
1291,0.880431,-0.080579
1292,0.880085,-0.087831
1293,0.880153,-0.095095
1294,0.880637,-0.102345
1295,0.881534,-0.109560
1296,0.882842,-0.116715
1297,0.884557,-0.123786
1298,0.886674,-0.130751
1299,0.889186,-0.137587
1300,0.892085,-0.144270
1301,0.895363,-0.150781
1302,0.899008,-0.157096
1303,0.903010,-0.163196
1304,0.907355,-0.169059
1305,0.912030,-0.174667
1306,0.917019,-0.180002
1307,0.922307,-0.185045
1308,0.927877,-0.189781
1309,0.934082,-0.194217
1310,0.940161,-0.198275
1311,0.946464,-0.201982
1312,0.952972,-0.205326
1313,0.959662,-0.208293
1314,0.966514,-0.210876
1315,0.973505,-0.213063
1316,0.980612,-0.214849
1317,0.987812,-0.216227
1318,0.995083,-0.217193
1319,1.002399,-0.217742
1320,1.009738,-0.217872
1321,1.017076,-0.217583
1322,1.024387,-0.216876
1323,1.031650,-0.215752
1324,1.038839,-0.214216
1325,1.045932,-0.212270
1326,1.052905,-0.209922
1327,1.059736,-0.207179
1328,1.066401,-0.204049
1329,1.072880,-0.200543
1330,1.079150,-0.196671
1331,1.085191,-0.192446
1332,1.090984,-0.187881
1333,1.096509,-0.182991
1334,1.101748,-0.177792
1335,1.106684,-0.172301
1336,1.111301,-0.166534
1337,1.115582,-0.160511
1338,1.119514,-0.154251
1339,1.123084,-0.147775
1340,1.126280,-0.141103
1341,1.129091,-0.134257
1342,1.131410,-0.126899
1343,1.133411,-0.119776
1344,1.135003,-0.112546
1345,1.136181,-0.105235
1346,1.136941,-0.097866
1347,1.137279,-0.090463
1348,1.137194,-0.083050
1349,1.136686,-0.075651
1350,1.135756,-0.068290
1351,1.134408,-0.060991
1352,1.132645,-0.053779
1353,1.130472,-0.046676
1354,1.127897,-0.039707
1355,1.124927,-0.032893
1356,1.121572,-0.026257
1357,1.117843,-0.019821
1358,1.113751,-0.013606
1359,1.109309,-0.007632
1360,1.104533,-0.001920
1361,1.099436,0.003513
1362,1.094036,0.008648
1363,1.088350,0.013469
1364,1.082396,0.017959
1365,1.076193,0.022103
1366,1.069762,0.025888
1367,1.063123,0.029302
1368,1.056298,0.032332
1369,1.049308,0.034969
1370,1.042177,0.037204
1371,1.034927,0.039029
1372,1.027583,0.040438
1373,1.020168,0.041426
1374,1.012373,0.041822
1375,1.004896,0.041944
1376,0.997419,0.041642
1377,0.989969,0.040915
1378,0.982569,0.039764
1379,0.975245,0.038192
1380,0.968020,0.036204
1381,0.960918,0.033806
1382,0.953962,0.031007
1383,0.947174,0.027814
1384,0.940578,0.024238
1385,0.934193,0.020290
1386,0.928043,0.015984
1387,0.922146,0.011332
1388,0.916521,0.006349
1389,0.911189,0.001052
1390,0.906165,-0.004542
1391,0.901467,-0.010415
1392,0.897110,-0.016549
1393,0.893109,-0.022923
1394,0.889477,-0.029518
1395,0.886225,-0.036311
1396,0.883365,-0.043280
1397,0.880906,-0.050404
1398,0.878857,-0.057659
1399,0.877225,-0.065021
1400,0.876014,-0.072467
1401,0.875230,-0.079971
1402,0.874874,-0.087511
1403,0.874950,-0.095062
1404,0.875456,-0.102598
1405,0.876391,-0.110095
1406,0.877752,-0.117530
1407,0.879803,-0.125136
1408,0.882014,-0.132361
1409,0.884632,-0.139452
1410,0.887652,-0.146384
1411,0.891062,-0.153135
1412,0.894854,-0.159683
1413,0.899014,-0.166006
1414,0.903529,-0.172083
1415,0.908384,-0.177895
1416,0.913565,-0.183422
1417,0.919054,-0.188647
1418,0.924834,-0.193551
1419,0.930886,-0.198120
1420,0.937190,-0.202337
1421,0.943727,-0.206190
1422,0.950474,-0.209664
1423,0.957411,-0.212749
1424,0.964514,-0.215435
1425,0.971762,-0.217712
1426,0.979129,-0.219572
1427,0.986593,-0.221010
1428,0.994129,-0.222020
1429,1.001712,-0.222600
1430,1.009319,-0.222746
1431,1.016923,-0.222458
1432,1.024502,-0.221737
1433,1.032028,-0.220585
1434,1.039480,-0.219005
1435,1.046831,-0.217003
1436,1.054058,-0.214584
1437,1.061138,-0.211756
1438,1.068047,-0.208528
1439,1.074763,-0.204911
1440,1.081421,-0.200578
1441,1.087672,-0.196211
1442,1.093667,-0.191495
1443,1.099386,-0.186442
1444,1.104808,-0.181071
1445,1.109917,-0.175398
1446,1.114696,-0.169440
1447,1.119129,-0.163219
1448,1.123201,-0.156753
1449,1.126899,-0.150064
1450,1.130211,-0.143172
1451,1.133125,-0.136102
1452,1.135633,-0.128874
1453,1.137724,-0.121514
1454,1.139394,-0.114044
1455,1.140635,-0.106489
1456,1.141444,-0.098873
1457,1.141818,-0.091222
1458,1.141755,-0.083559
1459,1.141255,-0.075911
1460,1.140321,-0.068301
1461,1.138953,-0.060755
1462,1.137157,-0.053297
1463,1.134939,-0.045952
1464,1.132304,-0.038742
1465,1.129263,-0.031693
1466,1.125823,-0.024827
1467,1.121997,-0.018166
1468,1.117797,-0.011733
1469,1.113235,-0.005547
1470,1.108327,0.000370
1471,1.103089,0.005999
1472,1.097174,0.011409
1473,1.091322,0.016392
1474,1.085194,0.021038
1475,1.078809,0.025329
1476,1.072189,0.029251
1477,1.065354,0.032790
1478,1.058327,0.035934
1479,1.051131,0.038674
1480,1.043787,0.040999
1481,1.036322,0.042903
1482,1.028758,0.044379
1483,1.021120,0.045422
1484,1.013434,0.046028
1485,1.005723,0.046195
1486,0.998013,0.045922
1487,0.990330,0.045210
1488,0.982697,0.044062
1489,0.975141,0.042480
1490,0.967685,0.040469
1491,0.960354,0.038037
1492,0.953171,0.035190
1493,0.946161,0.031937
1494,0.939346,0.028289
1495,0.932748,0.024258
1496,0.926389,0.019857
1497,0.920289,0.015099
1498,0.914469,0.010000
1499,0.908948,0.004577
1500,0.903743,-0.001154
1501,0.898872,-0.007173
1502,0.894351,-0.013462
1503,0.890194,-0.020000
1504,0.886416,-0.026765
1505,0.883063,-0.034108
1506,0.880093,-0.041261
1507,0.877531,-0.048574
1508,0.875390,-0.056024
1509,0.873677,-0.063584
1510,0.872396,-0.071232
1511,0.871553,-0.078943
1512,0.871151,-0.086691
1513,0.871191,-0.094450
1514,0.871673,-0.102197
1515,0.872595,-0.109906
1516,0.873956,-0.117551
1517,0.875750,-0.125109
1518,0.877972,-0.132553
1519,0.880616,-0.139861
1520,0.883672,-0.147007
1521,0.887131,-0.153970
1522,0.890982,-0.160726
1523,0.895213,-0.167253
1524,0.899810,-0.173529
1525,0.904758,-0.179536
1526,0.910041,-0.185251
1527,0.915642,-0.190658
1528,0.921544,-0.195738
1529,0.927727,-0.200475
1530,0.934171,-0.204853
1531,0.940856,-0.208857
1532,0.947759,-0.212476
1533,0.954859,-0.215695
1534,0.962132,-0.218506
1535,0.969556,-0.220898
1536,0.977105,-0.222864
1537,0.984756,-0.224398
1538,0.992822,-0.225338
1539,1.000595,-0.225978
1540,1.008394,-0.226177
1541,1.016194,-0.225930
1542,1.023968,-0.225240
1543,1.031693,-0.224108
1544,1.039342,-0.222537
1545,1.046891,-0.220533
1546,1.054315,-0.218101
1547,1.061590,-0.215250
1548,1.068692,-0.211989
1549,1.075599,-0.208327
1550,1.082287,-0.204278
1551,1.088735,-0.199853
1552,1.094922,-0.195066
1553,1.100828,-0.189935
1554,1.106432,-0.184473
1555,1.111718,-0.178701
1556,1.116668,-0.172635
1557,1.121265,-0.166296
1558,1.125494,-0.159704
1559,1.129342,-0.152881
1560,1.132796,-0.145848
1561,1.135844,-0.138628
1562,1.138476,-0.131245
1563,1.140685,-0.123722
1564,1.142461,-0.116084
1565,1.143800,-0.108356
1566,1.144697,-0.100562
1567,1.145149,-0.092729
1568,1.145154,-0.084881
1569,1.144711,-0.077043
1570,1.143603,-0.068942
1571,1.142259,-0.061212
1572,1.140478,-0.053567
1573,1.138266,-0.046035
1574,1.135627,-0.038639
1575,1.132571,-0.031403
1576,1.129106,-0.024352
1577,1.125246,-0.017509
1578,1.121001,-0.010895
1579,1.116385,-0.004533
1580,1.111413,0.001558
1581,1.106102,0.007357
1582,1.100468,0.012845
1583,1.094529,0.018004
1584,1.088305,0.022817
1585,1.081816,0.027270
1586,1.075083,0.031346
1587,1.068127,0.035033
1588,1.060970,0.038318
1589,1.053637,0.041191
1590,1.046151,0.043643
1591,1.038536,0.045664
1592,1.030817,0.047249
1593,1.023018,0.048392
1594,1.015166,0.049089
1595,1.007285,0.049338
1596,0.999401,0.049138
1597,0.991540,0.048489
1598,0.983727,0.047393
1599,0.975988,0.045854
1600,0.968348,0.043876
1601,0.960831,0.041466
1602,0.953462,0.038632
1603,0.946052,0.035076
1604,0.939063,0.031412
1605,0.932291,0.027356
1606,0.925759,0.022921
1607,0.919489,0.018120
1608,0.913501,0.012969
1609,0.907816,0.007484
1610,0.902451,0.001684
1611,0.897424,-0.004414
1612,0.892751,-0.010789
1613,0.888448,-0.017421
1614,0.884530,-0.024289
1615,0.881008,-0.031370
1616,0.877894,-0.038641
1617,0.875199,-0.046079
1618,0.872931,-0.053660
1619,0.871099,-0.061359
1620,0.869707,-0.069151
1621,0.868761,-0.077011
1622,0.868264,-0.084913
1623,0.868218,-0.092833
1624,0.868623,-0.100744
1625,0.869478,-0.108620
1626,0.870780,-0.116436
1627,0.872525,-0.124166
1628,0.874708,-0.131786
1629,0.877322,-0.139271
1630,0.880358,-0.146596
1631,0.883807,-0.153737
1632,0.887657,-0.160672
1633,0.891897,-0.167377
1634,0.896512,-0.173831
1635,0.901489,-0.180013
1636,0.907169,-0.186005
1637,0.912821,-0.191569
1638,0.918782,-0.196805
1639,0.925032,-0.201695
1640,0.931551,-0.206221
1641,0.938319,-0.210370
1642,0.945313,-0.214127
1643,0.952511,-0.217481
1644,0.959890,-0.220420
1645,0.967424,-0.222934
1646,0.975092,-0.225016
1647,0.982866,-0.226658
1648,0.990723,-0.227855
1649,0.998636,-0.228603
1650,1.006581,-0.228899
1651,1.014530,-0.228742
1652,1.022460,-0.228134
1653,1.030342,-0.227074
1654,1.038154,-0.225567
1655,1.045867,-0.223618
1656,1.053459,-0.221232
1657,1.060904,-0.218418
1658,1.068177,-0.215184
1659,1.075256,-0.211540
1660,1.082117,-0.207499
1661,1.088738,-0.203073
1662,1.095097,-0.198276
1663,1.101174,-0.193124
1664,1.106948,-0.187634
1665,1.112402,-0.181824
1666,1.117516,-0.175711
1667,1.122276,-0.169316
1668,1.126691,-0.162288
1669,1.130677,-0.155390
1670,1.134268,-0.148275
1671,1.137450,-0.140966
1672,1.140211,-0.133486
1673,1.142542,-0.125860
1674,1.144435,-0.118113
1675,1.145885,-0.110269
1676,1.146886,-0.102355
1677,1.147434,-0.094395
1678,1.147529,-0.086415
1679,1.147170,-0.078442
1680,1.146356,-0.070501
1681,1.145093,-0.062618
1682,1.143382,-0.054818
1683,1.141229,-0.047128
1684,1.138642,-0.039571
1685,1.135629,-0.032173
1686,1.132199,-0.024957
1687,1.128363,-0.017947
1688,1.124133,-0.011165
1689,1.119524,-0.004635
1690,1.114550,0.001624
1691,1.109227,0.007590
1692,1.103572,0.013244
1693,1.097604,0.018568
1694,1.091341,0.023544
1695,1.084805,0.028157
1696,1.078015,0.032390
1697,1.070994,0.036231
1698,1.063765,0.039666
1699,1.056352,0.042685
1700,1.048777,0.045277
1701,1.040705,0.047340
1702,1.032887,0.049041
1703,1.024982,0.050296
1704,1.017017,0.051100
1705,1.009019,0.051449
1706,1.001012,0.051343
1707,0.993023,0.050781
1708,0.985078,0.049765
1709,0.977203,0.048298
1710,0.969423,0.046385
1711,0.961763,0.044032
1712,0.954248,0.041246
1713,0.946904,0.038037
1714,0.939753,0.034415
1715,0.932818,0.030391
1716,0.926123,0.025978
1717,0.919689,0.021190
1718,0.913538,0.016044
1719,0.907688,0.010554
1720,0.902160,0.004740
1721,0.896970,-0.001380
1722,0.892137,-0.007786
1723,0.887675,-0.014458
1724,0.883600,-0.021374
1725,0.879925,-0.028511
1726,0.876662,-0.035848
1727,0.873821,-0.043359
1728,0.871411,-0.051020
1729,0.869442,-0.058807
1730,0.867918,-0.066695
1731,0.866846,-0.074658
1732,0.866229,-0.082670
1733,0.866068,-0.090705
1734,0.866577,-0.099045
1735,0.867342,-0.107040
1736,0.868560,-0.114981
1737,0.870228,-0.122841
1738,0.872341,-0.130594
1739,0.874892,-0.138216
1740,0.877873,-0.145681
1741,0.881274,-0.152965
1742,0.885085,-0.160045
1743,0.889293,-0.166897
1744,0.893885,-0.173499
1745,0.898846,-0.179830
1746,0.904160,-0.185869
1747,0.909810,-0.191597
1748,0.915777,-0.196995
1749,0.922042,-0.202045
1750,0.928586,-0.206731
1751,0.935386,-0.211037
1752,0.942422,-0.214950
1753,0.949669,-0.218457
1754,0.957106,-0.221546
1755,0.964707,-0.224207
1756,0.972448,-0.226431
1757,0.980304,-0.228211
1758,0.988249,-0.229542
1759,0.996259,-0.230419
1760,1.004306,-0.230838
1761,1.012365,-0.230799
1762,1.020410,-0.230301
1763,1.028414,-0.229345
1764,1.036353,-0.227936
1765,1.044198,-0.226077
1766,1.052186,-0.223507
1767,1.059761,-0.220757
1768,1.067170,-0.217582
1769,1.074388,-0.213990
1770,1.081390,-0.209993
1771,1.088155,-0.205603
1772,1.094659,-0.200835
1773,1.100883,-0.195704
1774,1.106805,-0.190227
1775,1.112406,-0.184420
1776,1.117669,-0.178304
1777,1.122575,-0.171897
1778,1.127110,-0.165221
1779,1.131257,-0.158297
1780,1.135005,-0.151147
1781,1.138340,-0.143794
1782,1.141251,-0.136263
1783,1.143729,-0.128577
1784,1.145767,-0.120762
1785,1.147356,-0.112843
1786,1.148493,-0.104845
1787,1.149172,-0.096795
1788,1.149392,-0.088718
1789,1.149153,-0.080641
1790,1.148454,-0.072590
1791,1.147298,-0.064590
1792,1.145688,-0.056668
1793,1.143630,-0.048850
1794,1.141130,-0.041161
1795,1.138197,-0.033626
1796,1.134839,-0.026269
1797,1.131067,-0.019114
1798,1.126894,-0.012185
1799,1.121996,-0.005345
