0,-1.565950,-1.150800
1,-1.574649,-1.159425
2,-1.586155,-1.171937
3,-1.596938,-1.185076
4,-1.606955,-1.198808
5,-1.616175,-1.213088
6,-1.624568,-1.227869
7,-1.632106,-1.243104
8,-1.638765,-1.258742
9,-1.640601,-1.263123
10,-1.640601,-1.263123
11,-1.640601,-1.263123
12,-1.640601,-1.263123
13,-1.629441,-1.268174
14,-1.613447,-1.273916
15,-1.608962,-1.275481
16,-1.608962,-1.275481
17,-1.597920,-1.270176
18,-1.583242,-1.261612
19,-1.569102,-1.252179
20,-1.555522,-1.241957
21,-1.542545,-1.230979
22,-1.530214,-1.219280
23,-1.518569,-1.206898
24,-1.507647,-1.193874
25,-1.497483,-1.180250
26,-1.488111,-1.166070
27,-1.485515,-1.162092
28,-1.485515,-1.162092
29,-1.485515,-1.162092
30,-1.485515,-1.162092
31,-1.485515,-1.162092
32,-1.485515,-1.162092
33,-1.485515,-1.162092
34,-1.485515,-1.162092
35,-1.493018,-1.171776
36,-1.502315,-1.186001
37,-1.510743,-1.200762
38,-1.513074,-1.204900
39,-1.513074,-1.204900
40,-1.513074,-1.204900
41,-1.505660,-1.214651
42,-1.494322,-1.227311
43,-1.491121,-1.230820
44,-1.479973,-1.235897
45,-1.471409,-1.242933
46,-1.464467,-1.250053
47,-1.457335,-1.256936
48,-1.450014,-1.263593
49,-1.442651,-1.267778
50,-1.435237,-1.270600
51,-1.427692,-1.272971
52,-1.420035,-1.274911
53,-1.412290,-1.276415
54,-1.404482,-1.277480
55,-1.396636,-1.278104
56,-1.388776,-1.278286
57,-1.380926,-1.278026
58,-1.373113,-1.277327
59,-1.365360,-1.276191
60,-1.357692,-1.274623
61,-1.350132,-1.272628
62,-1.342705,-1.270215
63,-1.335433,-1.267391
64,-1.328340,-1.264167
65,-1.321446,-1.260553
66,-1.314774,-1.256563
67,-1.308344,-1.252208
68,-1.302176,-1.247504
69,-1.296288,-1.242467
70,-1.290698,-1.237112
71,-1.285424,-1.231459
72,-1.280482,-1.225524
73,-1.275886,-1.219328
74,-1.271650,-1.212890
75,-1.267787,-1.206232
76,-1.264307,-1.199374
77,-1.261222,-1.192340
78,-1.258540,-1.185151
79,-1.256269,-1.177831
80,-1.254414,-1.170402
81,-1.252982,-1.162890
82,-1.251975,-1.155316
83,-1.251396,-1.147707
84,-1.251245,-1.140085
85,-1.251523,-1.132475
86,-1.252227,-1.124900
87,-1.253609,-1.117113
88,-1.255167,-1.109691
89,-1.257135,-1.102375
90,-1.259509,-1.095188
91,-1.262280,-1.088154
92,-1.265438,-1.081294
93,-1.268974,-1.074629
94,-1.272874,-1.068180
95,-1.277126,-1.061967
96,-1.281716,-1.056009
97,-1.286628,-1.050324
98,-1.291846,-1.044930
99,-1.297354,-1.039843
100,-1.303133,-1.035079
101,-1.309164,-1.030652
102,-1.315428,-1.026574
103,-1.321905,-1.022859
104,-1.328573,-1.019518
105,-1.335411,-1.016559
106,-1.342398,-1.013992
107,-1.347357,-1.004732
108,-1.350502,-0.992519
109,-1.354043,-0.979765
110,-1.358325,-0.967015
111,-1.363304,-0.954444
112,-1.369027,-0.942218
113,-1.375473,-0.930265
114,-1.382590,-0.918696
115,-1.390293,-0.907512
116,-1.398645,-0.896873
117,-1.407630,-0.886672
118,-1.417177,-0.876999
119,-1.427218,-0.867854
120,-1.437732,-0.859390
121,-1.448778,-0.851476
122,-1.460258,-0.844204
123,-1.472075,-0.837564
124,-1.484240,-0.831669
125,-1.496791,-0.826450
126,-1.509619,-0.821950
127,-1.522756,-0.818252
128,-1.535872,-0.815203
129,-1.549243,-0.812945
130,-1.562734,-0.811458
131,-1.576293,-0.810742
132,-1.589806,-0.810812
133,-1.603368,-0.811644
134,-1.616860,-0.813242
135,-1.630239,-0.815606
136,-1.643395,-0.818723
137,-1.656425,-0.822595
138,-1.669212,-0.827197
139,-1.681717,-0.832520
140,-1.693833,-0.838528
141,-1.705656,-0.845240
142,-1.717080,-0.852611
143,-1.728065,-0.860619
144,-1.738521,-0.869207
145,-1.748528,-0.878419
146,-1.758043,-0.888130
147,-1.766955,-0.898410
148,-1.775178,-0.909120
149,-1.782851,-0.920338
150,-1.789917,-0.931945
151,-1.796289,-0.943968
152,-1.801885,-0.956265
153,-1.806837,-0.968920
154,-1.811117,-0.981820
155,-1.814613,-0.994971
156,-1.817293,-1.008216
157,-1.819266,-1.021665
158,-1.820524,-1.035199
159,-1.820967,-1.048802
160,-1.820277,-1.062144
161,-1.819115,-1.075644
162,-1.817295,-1.089100
163,-1.814666,-1.102445
164,-1.811273,-1.115616
165,-1.807133,-1.128573
166,-1.802314,-1.141284
167,-1.796742,-1.153702
168,-1.790461,-1.165772
169,-1.783502,-1.177463
170,-1.775948,-1.188774
171,-1.767710,-1.199611
172,-1.758864,-1.209954
173,-1.749443,-1.219774
174,-1.739517,-1.229069
175,-1.729048,-1.237777
176,-1.718094,-1.245859
177,-1.706698,-1.253300
178,-1.694961,-1.260103
179,-1.682807,-1.266216
180,-1.670316,-1.271615
181,-1.657596,-1.276250
182,-1.644597,-1.280206
183,-1.631384,-1.283439
184,-1.617998,-1.285886
185,-1.604556,-1.287546
186,-1.591003,-1.288490
187,-1.577396,-1.288648
188,-1.563799,-1.288013
189,-1.550325,-1.286600
190,-1.536906,-1.284450
191,-1.523610,-1.281545
192,-1.510504,-1.277863
193,-1.497694,-1.273449
194,-1.485101,-1.268337
195,-1.472801,-1.262505
196,-1.460860,-1.255962
197,-1.449370,-1.248775
198,-1.438254,-1.240945
199,-1.427581,-1.232494
200,-1.417420,-1.223428
201,-1.407845,-1.213835
202,-1.398778,-1.203696
203,-1.390282,-1.193057
204,-1.382424,-1.181932
205,-1.375259,-1.170426
206,-1.368702,-1.158509
207,-1.362825,-1.146224
208,-1.357676,-1.133611
209,-1.353281,-1.120784
210,-1.349594,-1.107687
211,-1.346629,-1.094393
212,-1.344454,-1.080943
213,-1.343066,-1.067454
214,-1.342386,-1.053844
215,-1.342525,-1.040240
216,-1.343437,-1.026645
217,-1.345125,-1.013190
218,-1.347563,-0.999801
219,-1.350737,-0.986551
220,-1.354690,-0.973507
221,-1.359368,-0.960776
222,-1.364753,-0.948271
223,-1.370837,-0.936079
224,-1.377630,-0.924261
225,-1.385056,-0.912908
226,-1.393126,-0.901920
227,-1.401808,-0.891433
228,-1.411089,-0.881447
229,-1.420884,-0.872059
230,-1.431217,-0.863188
231,-1.442041,-0.854902
232,-1.453338,-0.847265
233,-1.465057,-0.840285
234,-1.477081,-0.833995
235,-1.489489,-0.828390
236,-1.502212,-0.823492
237,-1.515137,-0.819358
238,-1.528331,-0.815899
239,-1.541724,-0.813218
240,-1.555200,-0.811339
241,-1.568789,-0.810210
242,-1.582353,-0.809829
243,-1.596007,-0.810232
244,-1.609607,-0.811427
245,-1.623072,-0.813406
246,-1.636369,-0.816086
247,-1.649579,-0.819554
248,-1.662560,-0.823784
249,-1.675279,-0.828748
250,-1.687599,-0.834366
251,-1.699685,-0.840714
252,-1.711379,-0.847758
253,-1.722652,-0.855461
254,-1.733425,-0.863728
255,-1.743737,-0.872633
256,-1.753542,-0.882125
257,-1.762789,-0.892168
258,-1.771414,-0.902636
259,-1.779490,-0.913667
260,-1.786874,-0.925120
261,-1.793623,-0.936979
262,-1.799716,-0.949182
263,-1.805047,-0.961679
264,-1.809688,-0.974533
265,-1.813562,-0.987592
266,-1.816761,-1.000848
267,-1.819174,-1.014299
268,-1.820765,-1.027788
269,-1.821613,-1.041430
270,-1.821703,-1.055045
271,-1.821041,-1.068689
272,-1.819569,-1.082270
273,-1.817313,-1.095681
274,-1.814354,-1.109016
275,-1.810607,-1.122127
276,-1.806117,-1.135024
277,-1.800902,-1.147564
278,-1.795001,-1.159880
279,-1.788396,-1.171862
280,-1.781107,-1.183387
281,-1.773181,-1.194507
282,-1.764701,-1.205099
283,-1.755560,-1.215281
284,-1.745847,-1.224909
285,-1.735615,-1.233926
286,-1.724922,-1.242398
287,-1.713786,-1.250194
288,-1.702149,-1.257384
289,-1.690122,-1.263898
290,-1.677803,-1.269712
291,-1.665135,-1.274854
292,-1.652254,-1.279189
293,-1.639065,-1.282823
294,-1.625714,-1.285746
295,-1.612224,-1.287867
296,-1.598627,-1.289225
297,-1.585048,-1.289770
298,-1.571381,-1.289597
299,-1.557720,-1.288647
300,-1.544190,-1.286883
301,-1.530756,-1.284367
302,-1.517566,-1.281082
303,-1.509143,-1.278253
304,-1.504940,-1.272374
305,-1.503453,-1.263225
306,-1.500327,-1.251042
307,-1.494268,-1.238102
308,-1.488843,-1.224971
309,-1.484164,-1.211604
310,-1.480249,-1.198014
311,-1.477107,-1.184235
312,-1.474747,-1.170312
313,-1.473173,-1.156289
314,-1.472387,-1.142211
315,-1.472273,-1.128365
316,-1.472975,-1.114369
317,-1.474643,-1.100669
318,-1.476872,-1.086937
319,-1.479816,-1.073408
320,-1.483456,-1.060132
321,-1.487759,-1.047152
322,-1.492689,-1.034514
323,-1.498201,-1.022262
324,-1.504243,-1.010441
325,-1.510849,-0.999117
326,-1.517743,-0.988329
327,-1.524977,-0.978080
328,-1.532449,-0.968428
329,-1.540053,-0.959427
330,-1.541829,-0.956536
331,-1.541376,-0.956402
332,-1.537175,-0.960433
333,-1.530992,-0.966535
334,-1.524235,-0.968415
335,-1.522962,-0.968457
336,-1.522962,-0.968457
337,-1.522962,-0.968457
338,-1.522962,-0.968457
339,-1.522962,-0.968457
340,-1.510857,-0.966579
341,-1.494326,-0.962637
342,-1.478059,-0.957707
343,-1.462100,-0.951859
344,-1.446498,-0.945113
345,-1.431306,-0.937490
346,-1.416572,-0.929015
347,-1.402344,-0.919715
348,-1.388668,-0.909621
349,-1.375589,-0.898765
350,-1.363148,-0.887183
351,-1.359690,-0.883926
352,-1.359690,-0.883926
353,-1.359690,-0.883926
354,-1.359690,-0.883926
355,-1.359690,-0.883926
356,-1.359690,-0.883926
357,-1.359690,-0.883926
358,-1.371411,-0.887488
359,-1.387222,-0.893717
360,-1.402634,-0.900886
361,-1.417613,-0.908921
362,-1.431177,-0.917269
363,-1.439875,-0.922100
364,-1.452484,-0.929096
365,-1.465112,-0.937698
366,-1.477234,-0.947321
367,-1.488781,-0.957730
368,-1.499711,-0.968820
369,-1.509991,-0.980529
370,-1.519586,-0.992809
371,-1.528466,-1.005617
372,-1.536604,-1.018911
373,-1.543971,-1.032647
374,-1.550545,-1.046780
375,-1.556315,-1.061244
376,-1.561233,-1.076043
377,-1.565312,-1.091088
378,-1.568535,-1.106326
379,-1.570868,-1.121746
380,-1.572333,-1.137262
381,-1.572818,-1.152830
382,-1.572724,-1.168383
383,-1.571597,-1.183877
384,-1.569554,-1.199301
385,-1.566624,-1.214590
386,-1.562823,-1.229691
387,-1.558167,-1.244552
388,-1.552673,-1.259125
389,-1.546357,-1.273361
390,-1.539242,-1.287215
391,-1.531330,-1.300644
392,-1.522683,-1.313600
393,-1.513295,-1.326044
394,-1.503231,-1.337934
395,-1.492490,-1.349228
396,-1.481140,-1.359899
397,-1.469184,-1.369899
398,-1.456694,-1.379210
399,-1.443718,-1.387760
400,-1.430244,-1.395586
401,-1.416353,-1.402638
402,-1.402078,-1.408887
403,-1.387444,-1.414304
404,-1.372550,-1.418888
405,-1.357398,-1.422602
406,-1.342078,-1.425466
407,-1.326609,-1.427436
408,-1.311057,-1.428544
409,-1.295475,-1.428763
410,-1.279892,-1.428073
411,-1.264386,-1.426523
412,-1.248987,-1.424072
413,-1.233751,-1.420772
414,-1.218736,-1.416610
415,-1.203973,-1.411577
416,-1.189518,-1.405745
417,-1.175439,-1.399067
418,-1.161743,-1.391622
419,-1.148502,-1.383405
420,-1.135748,-1.374433
421,-1.123527,-1.364757
422,-1.111868,-1.354434
423,-1.100801,-1.343489
424,-1.090380,-1.331989
425,-1.080644,-1.319855
426,-1.071615,-1.307192
427,-1.063329,-1.294006
428,-1.055809,-1.280364
429,-1.049066,-1.266347
430,-1.043142,-1.251944
431,-1.038049,-1.237223
432,-1.033791,-1.222254
433,-1.030399,-1.207057
434,-1.027882,-1.191685
435,-1.026250,-1.176184
436,-1.025510,-1.160616
437,-1.025683,-1.145016
438,-1.026706,-1.129459
439,-1.028608,-1.114003
440,-1.031415,-1.098662
441,-1.035081,-1.083511
442,-1.039556,-1.068612
443,-1.044833,-1.053977
444,-1.050899,-1.039700
445,-1.057812,-1.025782
446,-1.065539,-1.012275
447,-1.074038,-0.999228
448,-1.083256,-0.986682
449,-1.093179,-0.974689
450,-1.103778,-0.963276
451,-1.115012,-0.952485
452,-1.126817,-0.942347
453,-1.139203,-0.932902
454,-1.152109,-0.924177
455,-1.165459,-0.916192
456,-1.179307,-0.909003
457,-1.193508,-0.902598
458,-1.208069,-0.897027
459,-1.222898,-0.892272
460,-1.238016,-0.888408
461,-1.253298,-0.885362
462,-1.268727,-0.883215
463,-1.284270,-0.881958
464,-1.299852,-0.881581
465,-1.315425,-0.882065
466,-1.330953,-0.883472
467,-1.346368,-0.885736
468,-1.361603,-0.888777
469,-1.376614,-0.892668
470,-1.391404,-0.897475
471,-1.405900,-0.903122
472,-1.420051,-0.909600
473,-1.433816,-0.916885
474,-1.447145,-0.924929
475,-1.459988,-0.933724
476,-1.472314,-0.943244
477,-1.484079,-0.953454
478,-1.495244,-0.964284
479,-1.505774,-0.975757
480,-1.515624,-0.987837
481,-1.524783,-1.000441
482,-1.533209,-1.013535
483,-1.540856,-1.027134
484,-1.547746,-1.041095
485,-1.553799,-1.055462
486,-1.559052,-1.070131
487,-1.563445,-1.085085
488,-1.566987,-1.100253
489,-1.569649,-1.115617
490,-1.571449,-1.131092
491,-1.572276,-1.146686
492,-1.572368,-1.162216
493,-1.571541,-1.177751
494,-1.569837,-1.193208
495,-1.567242,-1.208552
496,-1.563770,-1.223729
497,-1.559454,-1.238678
498,-1.554286,-1.253358
499,-1.548283,-1.267724
500,-1.541470,-1.281726
501,-1.533896,-1.295311
502,-1.525538,-1.308449
503,-1.516443,-1.321089
504,-1.506656,-1.333191
505,-1.496187,-1.344715
506,-1.485054,-1.355627
507,-1.473351,-1.365882
508,-1.461036,-1.375456
509,-1.448227,-1.384317
510,-1.434920,-1.392421
511,-1.421173,-1.399772
512,-1.407054,-1.406348
513,-1.392583,-1.412082
514,-1.377778,-1.416972
515,-1.362740,-1.421029
516,-1.347504,-1.424234
517,-1.332076,-1.426526
518,-1.316582,-1.427990
519,-1.301008,-1.428526
520,-1.285432,-1.428209
521,-1.269898,-1.426985
522,-1.254468,-1.424893
523,-1.239175,-1.421917
524,-1.224081,-1.418091
525,-1.209206,-1.413382
526,-1.194656,-1.407891
527,-1.180424,-1.401518
528,-1.166584,-1.394383
529,-1.153175,-1.386467
530,-1.140227,-1.377790
531,-1.127791,-1.368415
532,-1.115931,-1.358316
533,-1.104650,-1.347581
534,-1.094010,-1.336206
535,-1.084012,-1.324267
536,-1.074728,-1.311748
537,-1.066166,-1.298730
538,-1.058361,-1.285256
539,-1.051339,-1.271349
540,-1.045112,-1.257059
541,-1.039687,-1.242489
542,-1.035180,-1.227520
543,-1.031405,-1.212476
544,-1.028515,-1.197217
545,-1.026519,-1.181795
546,-1.025416,-1.166274
547,-1.025187,-1.150723
548,-1.025850,-1.135180
549,-1.027404,-1.119695
550,-1.029824,-1.104326
551,-1.033121,-1.089124
552,-1.037285,-1.074127
553,-1.042299,-1.059391
554,-1.048112,-1.044975
555,-1.054760,-1.030904
556,-1.062223,-1.017234
557,-1.070436,-1.004013
558,-1.079398,-0.991273
559,-1.089058,-0.979067
560,-1.099503,-0.967446
561,-1.110399,-0.956410
562,-1.121960,-0.946018
563,-1.134112,-0.936305
564,-1.146770,-0.927294
565,-1.159948,-0.919025
566,-1.173581,-0.911521
567,-1.187599,-0.904797
568,-1.201989,-0.898886
569,-1.216699,-0.893808
570,-1.231662,-0.889565
571,-1.246846,-0.886187
572,-1.262205,-0.883682
573,-1.277684,-0.882058
574,-1.293223,-0.881316
575,-1.308786,-0.881461
576,-1.324330,-0.882523
577,-1.339771,-0.884433
578,-1.355089,-0.887236
579,-1.370223,-0.890912
580,-1.385123,-0.895420
581,-1.399736,-0.900761
582,-1.414048,-0.907044
583,-1.427942,-0.913912
584,-1.441424,-0.921620
585,-1.454453,-0.930110
586,-1.466977,-0.939339
587,-1.478955,-0.949242
588,-1.490350,-0.959835
589,-1.501124,-0.971063
590,-1.511244,-0.982854
591,-1.520674,-0.995226
592,-1.529384,-1.008121
593,-1.537351,-1.021469
594,-1.544543,-1.035262
595,-1.550935,-1.049448
596,-1.556505,-1.063980
597,-1.561230,-1.078810
598,-1.565105,-1.093898
599,-1.568125,-1.109165
600,-1.570257,-1.124581
601,-1.571532,-1.140086
602,-1.571904,-1.155649
603,-1.571403,-1.171209
604,-1.570009,-1.186709
605,-1.567724,-1.202115
606,-1.564586,-1.217358
607,-1.560576,-1.232392
608,-1.555714,-1.247190
609,-1.550033,-1.261676
610,-1.543446,-1.275831
611,-1.536250,-1.289561
612,-1.528227,-1.302866
613,-1.519472,-1.315688
614,-1.509971,-1.327996
615,-1.499776,-1.339743
616,-1.488950,-1.350891
617,-1.477495,-1.361404
618,-1.465452,-1.371248
619,-1.452883,-1.380394
620,-1.439808,-1.388807
621,-1.426267,-1.396461
622,-1.412309,-1.403330
623,-1.398006,-1.409405
624,-1.383345,-1.414632
625,-1.368404,-1.419013
626,-1.353258,-1.422559
627,-1.337936,-1.425235
628,-1.322447,-1.426987
629,-1.306934,-1.427917
630,-1.291372,-1.427940
631,-1.275826,-1.427065
632,-1.260366,-1.425327
633,-1.245031,-1.422699
634,-1.229856,-1.419205
635,-1.214917,-1.414865
636,-1.200249,-1.409654
637,-1.185900,-1.403650
638,-1.171907,-1.396819
639,-1.158323,-1.389230
640,-1.145209,-1.380933
641,-1.132590,-1.371846
642,-1.120507,-1.362069
643,-1.109004,-1.351600
644,-1.098110,-1.340511
645,-1.087872,-1.328802
646,-1.078308,-1.316546
647,-1.069465,-1.303748
648,-1.061357,-1.290483
649,-1.054025,-1.276763
650,-1.047476,-1.262662
651,-1.041749,-1.248198
652,-1.036844,-1.233443
653,-1.032802,-1.218420
654,-1.029606,-1.203202
655,-1.027296,-1.187816
656,-1.025850,-1.172333
657,-1.025304,-1.156782
658,-1.025608,-1.141230
659,-1.026760,-1.125759
660,-1.028813,-1.110371
661,-1.031771,-1.095112
662,-1.035577,-1.080048
663,-1.040257,-1.065221
664,-1.045755,-1.050686
665,-1.052087,-1.036485
666,-1.059201,-1.022668
667,-1.067111,-1.009279
668,-1.075751,-0.996359
669,-1.085128,-0.983954
670,-1.095181,-0.972099
671,-1.105911,-0.960841
672,-1.117246,-0.950205
673,-1.129187,-0.940238
674,-1.141659,-0.930959
675,-1.154654,-0.922412
676,-1.168098,-0.914617
677,-1.181979,-0.907592
678,-1.196221,-0.901367
679,-1.210820,-0.895979
680,-1.225667,-0.891407
681,-1.240771,-0.887702
682,-1.256073,-0.884864
683,-1.271476,-0.882882
684,-1.286992,-0.881801
685,-1.302544,-0.881602
686,-1.318067,-0.882279
687,-1.333542,-0.883836
688,-1.348891,-0.886265
689,-1.364119,-0.889660
690,-1.379053,-0.893724
691,-1.393754,-0.898690
692,-1.408154,-0.904507
693,-1.422190,-0.911109
694,-1.435837,-0.918525
695,-1.449040,-0.926713
696,-1.461753,-0.935618
697,-1.473940,-0.945244
698,-1.485560,-0.955556
699,-1.496576,-0.966497
700,-1.506950,-0.978053
701,-1.516649,-0.990190
702,-1.525640,-1.002863
703,-1.533895,-1.016017
704,-1.541389,-1.029628
705,-1.548080,-1.043686
706,-1.553990,-1.058034
707,-1.559038,-1.072753
708,-1.563265,-1.087708
709,-1.566623,-1.102883
710,-1.569156,-1.118162
711,-1.570778,-1.133624
712,-1.571519,-1.149146
713,-1.571350,-1.164702
714,-1.570317,-1.180212
715,-1.568382,-1.195646
716,-1.565595,-1.210944
717,-1.561941,-1.226052
718,-1.557405,-1.240935
719,-1.552061,-1.255530
720,-1.545897,-1.269796
721,-1.538894,-1.283691
722,-1.531151,-1.297165
723,-1.522655,-1.310176
724,-1.513407,-1.322682
725,-1.503489,-1.334645
726,-1.492893,-1.346027
727,-1.481664,-1.356780
728,-1.469884,-1.366884
729,-1.457487,-1.376284
730,-1.444614,-1.384982
731,-1.431265,-1.392931
732,-1.417473,-1.400107
733,-1.403293,-1.406483
734,-1.388780,-1.412041
735,-1.373973,-1.416773
736,-1.358917,-1.420633
737,-1.343650,-1.423650
738,-1.328291,-1.425806
739,-1.312793,-1.427054
740,-1.297252,-1.427424
741,-1.281743,-1.426947
742,-1.266253,-1.425535
743,-1.250886,-1.423282
744,-1.235672,-1.420156
745,-1.220656,-1.416145
746,-1.205888,-1.411298
747,-1.191431,-1.405648
748,-1.177309,-1.399140
749,-1.163586,-1.391870
750,-1.150294,-1.383799
751,-1.137487,-1.375048
752,-1.125200,-1.365540
753,-1.113478,-1.355328
754,-1.102349,-1.344506
755,-1.091850,-1.333075
756,-1.082046,-1.320936
757,-1.072884,-1.308495
758,-1.064466,-1.295488
759,-1.056814,-1.281993
760,-1.049948,-1.268074
761,-1.043874,-1.253808
762,-1.038634,-1.239198
763,-1.034236,-1.224310
764,-1.030675,-1.209224
765,-1.027991,-1.193938
766,-1.026186,-1.178519
767,-1.025246,-1.163040
768,-1.025197,-1.147522
769,-1.026037,-1.132021
770,-1.027763,-1.116594
771,-1.030374,-1.101285
772,-1.033855,-1.086139
773,-1.038180,-1.071227
774,-1.043230,-1.056558
775,-1.049132,-1.042259
776,-1.055902,-1.028300
777,-1.063461,-1.014758
778,-1.071781,-1.001663
779,-1.080863,-0.989062
780,-1.090626,-0.976996
781,-1.101075,-0.965509
782,-1.112144,-0.954631
783,-1.123831,-0.944404
784,-1.136064,-0.934853
785,-1.148838,-0.926020
786,-1.162078,-0.917922
787,-1.175774,-0.910598
788,-1.189850,-0.904056
789,-1.204292,-0.898335
790,-1.219022,-0.893436
791,-1.233994,-0.889376
792,-1.249200,-0.886201
793,-1.264566,-0.883880
794,-1.279999,-0.882426
795,-1.295523,-0.881881
796,-1.311048,-0.882211
797,-1.326509,-0.883391
798,-1.341950,-0.885564
799,-1.357139,-0.888415
800,-1.372160,-0.892170
801,-1.386951,-0.896797
802,-1.401462,-0.902275
803,-1.415639,-0.908576
804,-1.429425,-0.915644
805,-1.442794,-0.923509
806,-1.455694,-0.932128
807,-1.468079,-0.941443
808,-1.479918,-0.951463
809,-1.491166,-0.962148
810,-1.501789,-0.973440
811,-1.511753,-0.985324
812,-1.521016,-0.997784
813,-1.529557,-1.010754
814,-1.537347,-1.024194
815,-1.544365,-1.038011
816,-1.550566,-1.052250
817,-1.555951,-1.066818
818,-1.560523,-1.081633
819,-1.564210,-1.096723
820,-1.567063,-1.111974
821,-1.568971,-1.127389
822,-1.570226,-1.142811
823,-1.570483,-1.158298
824,-1.569837,-1.173777
825,-1.568306,-1.189203
826,-1.565871,-1.204532
827,-1.562589,-1.219689
828,-1.558430,-1.234640
829,-1.553448,-1.249326
830,-1.547620,-1.263708
831,-1.541001,-1.277733
832,-1.533576,-1.291361
833,-1.525404,-1.304544
834,-1.516477,-1.317240
835,-1.506860,-1.329409
836,-1.496546,-1.341010
837,-1.485606,-1.352007
838,-1.474037,-1.362363
839,-1.461946,-1.372046
840,-1.449273,-1.381012
841,-1.436118,-1.389247
842,-1.422556,-1.396738
843,-1.408541,-1.403423
844,-1.394197,-1.409319
845,-1.379500,-1.414322
846,-1.364662,-1.418691
847,-1.349558,-1.422094
848,-1.334279,-1.424613
849,-1.318871,-1.426256
850,-1.303374,-1.426994
851,-1.287872,-1.426867
852,-1.272395,-1.425841
853,-1.257009,-1.423954
854,-1.241744,-1.421177
855,-1.226672,-1.417552
856,-1.211814,-1.413062
857,-1.197256,-1.407739
858,-1.183016,-1.401603
859,-1.169149,-1.394645
860,-1.155699,-1.386932
861,-1.142708,-1.378446
862,-1.130221,-1.369252
863,-1.118281,-1.359372
864,-1.106914,-1.348808
865,-1.096169,-1.337610
866,-1.086091,-1.325830
867,-1.076682,-1.313514
868,-1.068017,-1.300631
869,-1.060060,-1.287324
870,-1.052893,-1.273574
871,-1.046529,-1.259422
872,-1.040973,-1.244935
873,-1.036227,-1.230202
874,-1.032350,-1.215160
875,-1.029333,-1.199958
876,-1.027183,-1.184610
877,-1.025913,-1.169156
878,-1.025532,-1.153655
879,-1.026014,-1.138157
880,-1.027364,-1.122722
881,-1.029638,-1.107375
882,-1.032730,-1.092194
883,-1.036673,-1.077223
884,-1.041522,-1.062481
885,-1.047158,-1.048046
886,-1.053713,-1.034003
887,-1.060760,-1.020227
888,-1.068710,-1.006967
889,-1.077425,-0.994183
890,-1.086886,-0.981906
891,-1.097022,-0.970203
892,-1.107806,-0.959087
893,-1.119226,-0.948609
894,-1.131204,-0.938790
895,-1.143741,-0.929673
896,-1.156760,-0.921281
897,-1.170256,-0.913641
898,-1.184146,-0.906790
899,-1.198405,-0.900732
900,-1.213001,-0.895509
901,-1.227856,-0.891109
902,-1.242954,-0.887573
903,-1.258213,-0.884894
904,-1.273579,-0.883068
905,-1.289071,-0.882173
906,-1.304563,-0.882120
907,-1.320027,-0.882955
908,-1.335434,-0.884665
909,-1.350717,-0.887259
910,-1.365817,-0.890716
911,-1.380696,-0.894998
912,-1.395315,-0.900181
913,-1.409624,-0.906140
914,-1.423552,-0.912898
915,-1.437078,-0.920475
916,-1.450161,-0.928794
917,-1.462732,-0.937795
918,-1.474779,-0.947543
919,-1.486249,-0.957963
920,-1.497105,-0.968996
921,-1.507332,-0.980639
922,-1.516873,-0.992833
923,-1.525695,-1.005571
924,-1.533782,-1.018777
925,-1.541114,-1.032413
926,-1.547638,-1.046469
927,-1.553381,-1.060838
928,-1.558264,-1.075549
929,-1.562333,-1.090496
930,-1.565559,-1.105617
931,-1.567862,-1.120955
932,-1.569329,-1.136368
933,-1.569898,-1.151831
934,-1.569621,-1.167313
935,-1.568437,-1.182761
936,-1.566375,-1.198098
937,-1.563472,-1.213296
938,-1.559677,-1.228310
939,-1.555054,-1.243084
940,-1.549596,-1.257572
941,-1.543301,-1.271723
942,-1.536254,-1.285488
943,-1.528389,-1.298826
944,-1.519814,-1.311717
945,-1.510496,-1.324090
946,-1.500500,-1.335897
947,-1.489862,-1.347132
948,-1.478575,-1.357733
949,-1.466734,-1.367676
950,-1.454328,-1.376940
951,-1.441429,-1.385477
952,-1.428069,-1.393275
953,-1.414274,-1.400288
954,-1.400093,-1.406500
955,-1.385617,-1.411923
956,-1.370820,-1.416473
957,-1.355808,-1.420210
958,-1.340582,-1.423048
959,-1.325239,-1.425059
960,-1.309839,-1.426206
961,-1.294347,-1.426411
962,-1.278892,-1.425779
963,-1.263503,-1.424242
964,-1.248216,-1.421877
965,-1.233085,-1.418616
966,-1.218182,-1.414498
967,-1.203531,-1.409570
968,-1.189183,-1.403781
969,-1.175184,-1.397203
970,-1.161579,-1.389842
971,-1.148425,-1.381695
972,-1.135749,-1.372841
973,-1.123611,-1.363263
974,-1.112015,-1.353032
975,-1.101028,-1.342154
976,-1.090655,-1.330710
977,-1.080951,-1.318756
978,-1.071963,-1.306207
979,-1.063708,-1.293167
980,-1.056208,-1.279663
981,-1.049496,-1.265742
982,-1.043585,-1.251474
983,-1.038490,-1.236890
984,-1.034242,-1.222030
985,-1.030849,-1.206950
986,-1.028300,-1.191725
987,-1.026639,-1.176360
988,-1.025857,-1.160922
989,-1.025977,-1.145470
990,-1.026941,-1.130038
991,-1.028807,-1.114677
992,-1.031558,-1.099468
993,-1.035130,-1.084436
994,-1.039582,-1.069625
995,-1.044859,-1.055101
996,-1.050926,-1.040894
997,-1.057854,-1.027055
998,-1.065513,-1.013623
999,-1.073915,-1.000664
1000,-1.083063,-0.988191
1001,-1.092908,-0.976259
1002,-1.103404,-0.964931
1003,-1.114511,-0.954194
1004,-1.126240,-0.944119
1005,-1.138494,-0.934732
1006,-1.151261,-0.926026
1007,-1.164527,-0.918091
1008,-1.178206,-0.910919
1009,-1.192277,-0.904524
1010,-1.206693,-0.898961
1011,-1.221379,-0.894195
1012,-1.236330,-0.890291
1013,-1.251492,-0.887264
1014,-1.266781,-0.885073
1015,-1.282138,-0.883733
1016,-1.297560,-0.883285
1017,-1.312995,-0.883717
1018,-1.328392,-0.885058
1019,-1.343688,-0.887252
1020,-1.358830,-0.890339
1021,-1.373784,-0.894253
1022,-1.388479,-0.899016
1023,-1.402884,-0.904645
1024,-1.416944,-0.911045
1025,-1.430615,-0.918233
1026,-1.443855,-0.926210
1027,-1.456624,-0.934903
1028,-1.468869,-0.944329
1029,-1.480574,-0.954414
1030,-1.491665,-0.965167
1031,-1.502153,-0.976488
1032,-1.511970,-0.988398
1033,-1.521069,-1.000910
1034,-1.529467,-1.013848
1035,-1.537108,-1.027271
1036,-1.543976,-1.041114
1037,-1.550052,-1.055291
1038,-1.555272,-1.069850
1039,-1.559695,-1.084639
1040,-1.563268,-1.099658
1041,-1.565968,-1.114855
1042,-1.567797,-1.130191
1043,-1.568769,-1.145596
1044,-1.568864,-1.161014
1045,-1.568066,-1.176439
1046,-1.566386,-1.191784
1047,-1.563886,-1.207002
1048,-1.560483,-1.222059
1049,-1.556208,-1.236904
1050,-1.551152,-1.251464
1051,-1.545246,-1.265728
1052,-1.538529,-1.279629
1053,-1.531045,-1.293123
1054,-1.522809,-1.306170
1055,-1.513857,-1.318739
1056,-1.504172,-1.330768
1057,-1.493942,-1.342293
1058,-1.483044,-1.353156
1059,-1.471522,-1.363376
1060,-1.459400,-1.372920
1061,-1.446765,-1.381749
1062,-1.433646,-1.389852
1063,-1.420068,-1.397185
1064,-1.406113,-1.403744
1065,-1.391807,-1.409500
1066,-1.377175,-1.414416
1067,-1.362304,-1.418507
1068,-1.347210,-1.421729
1069,-1.331970,-1.424103
1070,-1.316621,-1.425608
1071,-1.301198,-1.426213
1072,-1.285776,-1.425963
1073,-1.270378,-1.424821
1074,-1.255104,-1.422830
1075,-1.239941,-1.419962
1076,-1.224969,-1.416222
1077,-1.210244,-1.411634
1078,-1.195799,-1.406258
1079,-1.181679,-1.400028
1080,-1.167939,-1.392997
1081,-1.154625,-1.385233
1082,-1.141778,-1.376700
1083,-1.129420,-1.367470
1084,-1.117626,-1.357560
1085,-1.106416,-1.346955
1086,-1.095813,-1.335765
1087,-1.085879,-1.323988
1088,-1.076623,-1.311659
1089,-1.068070,-1.298834
1090,-1.060374,-1.285479
1091,-1.053168,-1.271872
1092,-1.046890,-1.257845
1093,-1.041460,-1.243432
1094,-1.036849,-1.228740
1095,-1.033083,-1.213805
1096,-1.030197,-1.198661
1097,-1.028156,-1.183393
1098,-1.026987,-1.168032
1099,-1.026720,-1.152617
1100,-1.027305,-1.137222
1101,-1.028765,-1.121885
1102,-1.031122,-1.106647
1103,-1.034317,-1.091575
1104,-1.038364,-1.076708
1105,-1.043278,-1.062091
1106,-1.048989,-1.047779
1107,-1.055506,-1.033816
1108,-1.062836,-1.020269
1109,-1.070868,-1.007118
1110,-1.079672,-0.994472
1111,-1.089188,-0.982332
1112,-1.099346,-0.970774
1113,-1.110175,-0.959791
1114,-1.121590,-0.949448
1115,-1.133584,-0.939787
1116,-1.146115,-0.930817
1117,-1.159118,-0.922564
1118,-1.172559,-0.915074
1119,-1.186429,-0.908353
1120,-1.200654,-0.902450
1121,-1.215167,-0.897325
1122,-1.229969,-0.893059
1123,-1.245002,-0.889659
1124,-1.260167,-0.887088
1125,-1.275476,-0.885395
1126,-1.290862,-0.884591
1127,-1.306258,-0.884638
1128,-1.321611,-0.885564
1129,-1.336909,-0.887366
1130,-1.352068,-0.890025
1131,-1.367055,-0.893592
1132,-1.381814,-0.897940
1133,-1.396299,-0.903133
1134,-1.410497,-0.909299
1135,-1.424285,-0.916009
1136,-1.437672,-0.923553
1137,-1.450609,-0.931870
1138,-1.463043,-0.940884
1139,-1.474953,-0.950616
1140,-1.486288,-0.961017
1141,-1.497010,-0.972022
1142,-1.507094,-0.983634
1143,-1.516497,-0.995809
1144,-1.525190,-1.008480
1145,-1.533157,-1.021634
1146,-1.540356,-1.035229
1147,-1.546766,-1.049197
1148,-1.552374,-1.063531
1149,-1.557154,-1.078152
1150,-1.561094,-1.093025
1151,-1.564268,-1.108077
1152,-1.566553,-1.123240
1153,-1.567938,-1.138538
1154,-1.568415,-1.153915
1155,-1.568031,-1.169285
1156,-1.566772,-1.184610
1157,-1.564619,-1.199850
1158,-1.561625,-1.214934
1159,-1.557778,-1.229824
1160,-1.553061,-1.244476
1161,-1.547545,-1.258832
1162,-1.541221,-1.272852
1163,-1.534083,-1.286491
1164,-1.526206,-1.299702
1165,-1.517590,-1.312444
1166,-1.508236,-1.324672
1167,-1.498226,-1.336352
1168,-1.487506,-1.347364
1169,-1.476356,-1.357960
1170,-1.464581,-1.367787
1171,-1.452231,-1.376915
1172,-1.439344,-1.385310
1173,-1.426017,-1.392968
1174,-1.412275,-1.399856
1175,-1.398141,-1.405934
1176,-1.383703,-1.411214
1177,-1.368988,-1.415665
1178,-1.354024,-1.419249
1179,-1.338897,-1.421998
1180,-1.323638,-1.423882
1181,-1.308281,-1.424873
1182,-1.292906,-1.425009
1183,-1.277547,-1.424271
1184,-1.262244,-1.422634
1185,-1.247068,-1.420154
1186,-1.232061,-1.416791
1187,-1.217266,-1.412616
1188,-1.202736,-1.407606
1189,-1.188504,-1.401758
1190,-1.174646,-1.395115
1191,-1.161176,-1.387684
1192,-1.148152,-1.379525
1193,-1.135626,-1.370623
1194,-1.123613,-1.361030
1195,-1.112162,-1.350782
1196,-1.101333,-1.339847
1197,-1.091119,-1.328396
1198,-1.081592,-1.316339
1199,-1.072753,-1.303747
1200,-1.064649,-1.290712
1201,-1.057282,-1.277225
1202,-1.050717,-1.263325
1203,-1.044947,-1.249073
1204,-1.039976,-1.234568
1205,-1.035896,-1.219730
1206,-1.032621,-1.204723
1207,-1.030202,-1.189573
1208,-1.028676,-1.174270
1209,-1.027995,-1.158929
1210,-1.028207,-1.143583
1211,-1.029268,-1.128251
1212,-1.031224,-1.113019
1213,-1.034015,-1.097913
1214,-1.037689,-1.083012
1215,-1.042167,-1.068319
1216,-1.047487,-1.053918
1217,-1.053628,-1.039846
1218,-1.060538,-1.026145
1219,-1.068262,-1.012858
1220,-1.076717,-1.000028
1221,-1.085830,-0.987706
1222,-1.095680,-0.975924
1223,-1.106188,-0.964716
1224,-1.117275,-0.954143
1225,-1.128952,-0.944177
1226,-1.141209,-0.934921
1227,-1.153949,-0.926374
1228,-1.167135,-0.918542
1229,-1.180819,-0.911525
1230,-1.194806,-0.905264
1231,-1.209130,-0.899786
1232,-1.223770,-0.895161
1233,-1.238648,-0.891372
1234,-1.253673,-0.888404
1235,-1.268907,-0.886365
1236,-1.284197,-0.885147
1237,-1.299502,-0.884776
1238,-1.314851,-0.885339
1239,-1.330124,-0.886734
1240,-1.345275,-0.888989
1241,-1.360309,-0.892115
1242,-1.375115,-0.896075
1243,-1.389683,-0.900908
1244,-1.403936,-0.906521
1245,-1.417854,-0.912936
1246,-1.431388,-0.920171
1247,-1.444495,-0.928155
1248,-1.457108,-0.936813
1249,-1.469216,-0.946231
1250,-1.480773,-0.956320
1251,-1.491738,-0.967029
1252,-1.502069,-0.978335
1253,-1.511745,-0.990236
1254,-1.520732,-1.002648
1255,-1.528981,-1.015558
1256,-1.536502,-1.028917
1257,-1.543250,-1.042668
1258,-1.549207,-1.056783
1259,-1.554347,-1.071200
1260,-1.558635,-1.085925
1261,-1.562111,-1.100842
1262,-1.564715,-1.115953
1263,-1.566490,-1.131136
1264,-1.567347,-1.146445
1265,-1.567349,-1.161774
1266,-1.566497,-1.177064
1267,-1.564803,-1.192256
1268,-1.562172,-1.207372
1269,-1.558740,-1.222291
1270,-1.554477,-1.236975
1271,-1.549342,-1.251418
1272,-1.543435,-1.265542
1273,-1.536706,-1.279297
1274,-1.529269,-1.292656
1275,-1.521003,-1.305551
1276,-1.512066,-1.317988
1277,-1.502448,-1.329859
1278,-1.492141,-1.341203
1279,-1.481201,-1.351899
1280,-1.469732,-1.361999
1281,-1.457680,-1.371414
1282,-1.445035,-1.380128
1283,-1.432048,-1.388134
1284,-1.418624,-1.395375
1285,-1.404769,-1.401832
1286,-1.390557,-1.407481
1287,-1.376042,-1.412310
1288,-1.361310,-1.416319
1289,-1.346349,-1.419476
1290,-1.331226,-1.421770
1291,-1.315995,-1.423197
1292,-1.300740,-1.423780
1293,-1.285453,-1.423479
1294,-1.270203,-1.422301
1295,-1.255030,-1.420234
1296,-1.240040,-1.417351
1297,-1.225206,-1.413573
1298,-1.210606,-1.408965
1299,-1.196305,-1.403550
1300,-1.182349,-1.397335
1301,-1.168743,-1.390325
1302,-1.155570,-1.382565
1303,-1.142861,-1.374018
1304,-1.130655,-1.364851
1305,-1.118997,-1.354944
1306,-1.107913,-1.344416
1307,-1.097460,-1.333278
1308,-1.087642,-1.321547
1309,-1.078511,-1.309293
1310,-1.070104,-1.296518
1311,-1.062407,-1.283338
1312,-1.055491,-1.269701
1313,-1.049385,-1.255667
1314,-1.044066,-1.241321
1315,-1.039542,-1.226765
1316,-1.035865,-1.211942
1317,-1.033086,-1.196882
1318,-1.031126,-1.181754
1319,-1.030006,-1.166524
1320,-1.029796,-1.151240
1321,-1.030453,-1.135982
1322,-1.031931,-1.120784
1323,-1.034324,-1.105685
1324,-1.037565,-1.090743
1325,-1.041595,-1.076039
1326,-1.046530,-1.061562
1327,-1.052233,-1.047398
1328,-1.058698,-1.033593
1329,-1.066007,-1.020169
1330,-1.074058,-1.007178
1331,-1.082771,-0.994679
1332,-1.092232,-0.982682
1333,-1.102395,-0.971264
1334,-1.113140,-0.960421
1335,-1.124447,-0.950211
1336,-1.136371,-0.940672
1337,-1.148830,-0.931828
1338,-1.161739,-0.923687
1339,-1.175050,-0.916289
1340,-1.188836,-0.909707
1341,-1.202936,-0.903867
1342,-1.217344,-0.898850
1343,-1.232037,-0.894687
1344,-1.246916,-0.891356
1345,-1.261953,-0.888842
1346,-1.277117,-0.887230
1347,-1.292362,-0.886435
1348,-1.307602,-0.886532
1349,-1.322838,-0.887524
1350,-1.337979,-0.889343
1351,-1.352964,-0.891992
1352,-1.367805,-0.895541
1353,-1.382422,-0.899916
1354,-1.396759,-0.905101
1355,-1.410764,-0.911111
1356,-1.424420,-0.917910
1357,-1.437665,-0.925452
1358,-1.450460,-0.933738
1359,-1.462757,-0.942716
1360,-1.474523,-0.952415
1361,-1.485714,-0.962791
1362,-1.496311,-0.973744
1363,-1.506262,-0.985248
1364,-1.515535,-0.997351
1365,-1.524092,-1.009988
1366,-1.531944,-1.023046
1367,-1.539047,-1.036488
1368,-1.545350,-1.050369
1369,-1.550848,-1.064590
1370,-1.555556,-1.079079
1371,-1.559435,-1.093783
1372,-1.562324,-1.108873
1373,-1.564536,-1.123909
1374,-1.565865,-1.139068
1375,-1.566345,-1.154251
1376,-1.565944,-1.169464
1377,-1.564669,-1.184633
1378,-1.562528,-1.199708
1379,-1.559555,-1.214614
1380,-1.555734,-1.229344
1381,-1.551070,-1.243834
1382,-1.545583,-1.258036
1383,-1.539331,-1.271885
1384,-1.532283,-1.285371
1385,-1.524468,-1.298434
1386,-1.515919,-1.311032
1387,-1.506663,-1.323108
1388,-1.496754,-1.334657
1389,-1.486193,-1.345619
1390,-1.474955,-1.355938
1391,-1.463256,-1.365630
1392,-1.450998,-1.374643
1393,-1.438213,-1.382921
1394,-1.424970,-1.390466
1395,-1.411378,-1.397257
1396,-1.397380,-1.403255
1397,-1.383085,-1.408465
1398,-1.368487,-1.412823
1399,-1.353709,-1.416352
1400,-1.338740,-1.419074
1401,-1.323643,-1.420923
1402,-1.308430,-1.421845
1403,-1.293238,-1.421983
1404,-1.278053,-1.421257
1405,-1.262919,-1.419622
1406,-1.247894,-1.417128
1407,-1.233077,-1.413841
1408,-1.218447,-1.409672
1409,-1.204072,-1.404707
1410,-1.190002,-1.398891
1411,-1.176311,-1.392297
1412,-1.162987,-1.384980
1413,-1.150113,-1.376902
1414,-1.137706,-1.367871
1415,-1.125842,-1.358496
1416,-1.114524,-1.348386
1417,-1.103805,-1.337623
1418,-1.093717,-1.326258
1419,-1.084305,-1.314356
1420,-1.075557,-1.301937
1421,-1.067545,-1.289028
1422,-1.060284,-1.275678
1423,-1.053784,-1.261979
1424,-1.048078,-1.247903
1425,-1.043187,-1.233517
1426,-1.039126,-1.218873
1427,-1.035906,-1.204046
1428,-1.033509,-1.189048
1429,-1.032023,-1.173911
1430,-1.031372,-1.158729
1431,-1.031569,-1.143562
1432,-1.032639,-1.128398
1433,-1.034597,-1.113316
1434,-1.037425,-1.098371
1435,-1.041028,-1.083641
1436,-1.045475,-1.069124
1437,-1.050818,-1.054888
1438,-1.056890,-1.040949
1439,-1.063732,-1.027418
1440,-1.071369,-1.014278
1441,-1.079750,-1.001592
1442,-1.088814,-0.989409
1443,-1.098544,-0.977792
1444,-1.108907,-0.966686
1445,-1.119930,-0.956221
1446,-1.131538,-0.946412
1447,-1.143625,-0.937262
1448,-1.156217,-0.928798
1449,-1.169336,-0.921120
1450,-1.182826,-0.914141
1451,-1.196650,-0.907949
1452,-1.210853,-0.902576
1453,-1.225348,-0.898017
1454,-1.240054,-0.894278
1455,-1.254967,-0.891428
1456,-1.269959,-0.889266
1457,-1.285074,-0.888064
1458,-1.300226,-0.887721
1459,-1.315380,-0.888245
1460,-1.330481,-0.889633
1461,-1.345494,-0.891914
1462,-1.360340,-0.895014
1463,-1.374988,-0.898952
1464,-1.389388,-0.903717
1465,-1.403501,-0.909328
1466,-1.417264,-0.915703
1467,-1.430645,-0.922849
1468,-1.443598,-0.930745
1469,-1.456081,-0.939399
1470,-1.468050,-0.948718
1471,-1.479473,-0.958702
1472,-1.490309,-0.969320
1473,-1.500499,-0.980619
1474,-1.510059,-0.992398
1475,-1.518942,-1.004657
1476,-1.527109,-1.017430
1477,-1.534497,-1.030720
1478,-1.541156,-1.044310
1479,-1.547043,-1.058275
1480,-1.552115,-1.072562
1481,-1.556335,-1.087161
1482,-1.559750,-1.101902
1483,-1.562311,-1.116850
1484,-1.564042,-1.131910
1485,-1.564876,-1.147066
1486,-1.564837,-1.162199
1487,-1.564009,-1.177337
1488,-1.562294,-1.192390
1489,-1.559689,-1.207340
1490,-1.556269,-1.222088
1491,-1.552042,-1.236629
1492,-1.546940,-1.250906
1493,-1.541039,-1.264889
1494,-1.534395,-1.278471
1495,-1.526963,-1.291671
1496,-1.518817,-1.304451
1497,-1.509917,-1.316734
1498,-1.500339,-1.328438
1499,-1.490166,-1.339668
1500,-1.479355,-1.350264
1501,-1.467915,-1.360216
1502,-1.455985,-1.369497
1503,-1.443521,-1.378111
1504,-1.430602,-1.385995
1505,-1.417188,-1.393088
1506,-1.403477,-1.399447
1507,-1.389416,-1.405035
1508,-1.375034,-1.409765
1509,-1.360413,-1.413719
1510,-1.345600,-1.416793
1511,-1.330628,-1.419030
1512,-1.315557,-1.420444
1513,-1.300411,-1.420960
1514,-1.285290,-1.420551
1515,-1.270207,-1.419514
1516,-1.255240,-1.417525
1517,-1.240400,-1.414663
1518,-1.225731,-1.410912
1519,-1.211308,-1.406365
1520,-1.197165,-1.401003
1521,-1.183340,-1.394813
1522,-1.169905,-1.387873
1523,-1.156879,-1.380182
1524,-1.144312,-1.371764
1525,-1.132240,-1.362610
1526,-1.120719,-1.352813
1527,-1.109765,-1.342379
1528,-1.099422,-1.331339
1529,-1.089724,-1.319728
1530,-1.080717,-1.307548
1531,-1.072402,-1.294907
1532,-1.064849,-1.281762
1533,-1.058032,-1.268229
1534,-1.051980,-1.254416
1535,-1.046720,-1.240243
1536,-1.042281,-1.225788
1537,-1.038717,-1.211059
1538,-1.035978,-1.196164
1539,-1.034045,-1.181199
1540,-1.032966,-1.166126
1541,-1.032757,-1.151012
1542,-1.033476,-1.135873
1543,-1.034986,-1.120832
1544,-1.037354,-1.105929
1545,-1.040535,-1.091147
1546,-1.044572,-1.076585
1547,-1.049447,-1.062286
1548,-1.055115,-1.048272
1549,-1.061558,-1.034609
1550,-1.068815,-1.021338
1551,-1.076758,-1.008512
1552,-1.085446,-0.996135
1553,-1.094803,-0.984281
1554,-1.104848,-0.972975
1555,-1.115474,-0.962281
1556,-1.126712,-0.952199
1557,-1.138544,-0.942750
1558,-1.150853,-0.934000
1559,-1.163647,-0.926028
1560,-1.176851,-0.918666
1561,-1.190451,-0.912124
1562,-1.204444,-0.906403
1563,-1.218713,-0.901461
1564,-1.233254,-0.897369
1565,-1.247978,-0.894064
1566,-1.262869,-0.891609
1567,-1.277872,-0.890047
1568,-1.292939,-0.889274
1569,-1.308028,-0.889381
1570,-1.323109,-0.890393
1571,-1.338064,-0.892213
1572,-1.352929,-0.894892
1573,-1.367601,-0.898397
1574,-1.382064,-0.902787
1575,-1.396219,-0.907932
1576,-1.410092,-0.913847
1577,-1.423594,-0.920610
1578,-1.436685,-0.928138
1579,-1.449320,-0.936337
1580,-1.461499,-0.945225
1581,-1.473135,-0.954813
1582,-1.484153,-0.965368
1583,-1.494599,-0.976202
1584,-1.504457,-0.987603
1585,-1.513630,-0.999561
1586,-1.522104,-1.012029
1587,-1.529853,-1.024962
1588,-1.536869,-1.038269
1589,-1.543107,-1.051986
1590,-1.548550,-1.066043
1591,-1.553171,-1.080362
1592,-1.557014,-1.094933
1593,-1.559995,-1.109704
1594,-1.562125,-1.124626
1595,-1.563400,-1.139647
1596,-1.563823,-1.154705
1597,-1.563388,-1.169763
1598,-1.562093,-1.184781
1599,-1.559945,-1.199702
1600,-1.556992,-1.214449
1601,-1.553133,-1.229035
1602,-1.548432,-1.243382
1603,-1.542976,-1.257435
1604,-1.536776,-1.271127
1605,-1.529777,-1.284464
1606,-1.521934,-1.297374
1607,-1.513454,-1.309836
1608,-1.504277,-1.321788
1609,-1.494468,-1.333183
1610,-1.483968,-1.344012
1611,-1.472867,-1.354223
1612,-1.461237,-1.363795
1613,-1.449079,-1.372691
1614,-1.436452,-1.380856
1615,-1.423380,-1.388338
1616,-1.409863,-1.395020
1617,-1.396018,-1.400942
1618,-1.381815,-1.406035
1619,-1.367425,-1.410362
1620,-1.352793,-1.413870
1621,-1.337950,-1.416491
1622,-1.322986,-1.418254
1623,-1.307953,-1.419218
1624,-1.292937,-1.419341
1625,-1.277913,-1.418599
1626,-1.262909,-1.416894
1627,-1.248060,-1.414435
1628,-1.233376,-1.411135
1629,-1.218932,-1.407033
1630,-1.204721,-1.402112
1631,-1.190798,-1.396275
1632,-1.177241,-1.389751
1633,-1.164075,-1.382467
1634,-1.151364,-1.374485
1635,-1.139109,-1.365777
1636,-1.127389,-1.356261
1637,-1.116208,-1.346200
1638,-1.105618,-1.335518
1639,-1.095658,-1.324296
1640,-1.086339,-1.312505
1641,-1.077754,-1.300101
1642,-1.069845,-1.287312
1643,-1.062677,-1.274094
1644,-1.056269,-1.260529
1645,-1.050630,-1.246602
1646,-1.045845,-1.232310
1647,-1.041839,-1.217825
1648,-1.038666,-1.203131
1649,-1.036366,-1.188270
1650,-1.034863,-1.173318
1651,-1.034262,-1.158279
1652,-1.034463,-1.143290
1653,-1.035563,-1.128294
1654,-1.037471,-1.113387
1655,-1.040235,-1.098620
1656,-1.043880,-1.084018
1657,-1.048338,-1.069679
1658,-1.053542,-1.055593
1659,-1.059557,-1.041833
1660,-1.066351,-1.028438
1661,-1.074171,-1.015413
1662,-1.082354,-1.002897
1663,-1.091285,-0.990850
1664,-1.100910,-0.979334
1665,-1.111183,-0.968385
1666,-1.122067,-0.958040
1667,-1.133486,-0.948341
1668,-1.145450,-0.939284
1669,-1.157923,-0.930934
1670,-1.170856,-0.923310
1671,-1.184205,-0.916436
1672,-1.197880,-0.910326
1673,-1.211905,-0.904996
1674,-1.226220,-0.900483
1675,-1.240772,-0.896797
1676,-1.255543,-0.893981
1677,-1.270387,-0.891967
1678,-1.285344,-0.890784
1679,-1.300349,-0.890471
1680,-1.315374,-0.891064
1681,-1.330345,-0.892496
1682,-1.345150,-0.894723
1683,-1.359834,-0.897785
1684,-1.374322,-0.901739
1685,-1.388577,-0.906458
1686,-1.402535,-0.912033
1687,-1.416119,-0.918326
1688,-1.429351,-0.925429
1689,-1.442164,-0.933235
1690,-1.454504,-0.941764
1691,-1.466339,-0.951027
1692,-1.477579,-0.960935
1693,-1.488326,-0.971403
1694,-1.498426,-0.982481
1695,-1.507876,-0.994123
1696,-1.516634,-1.006331
1697,-1.524687,-1.018938
1698,-1.532028,-1.032029
1699,-1.538614,-1.045492
1700,-1.544418,-1.059315
1701,-1.549370,-1.073524
1702,-1.553566,-1.087877
1703,-1.556955,-1.102469
1704,-1.559495,-1.117238
1705,-1.561142,-1.132151
1706,-1.561970,-1.147157
1707,-1.561958,-1.162103
1708,-1.561125,-1.177058
1709,-1.559373,-1.191959
1710,-1.556829,-1.206730
1711,-1.553403,-1.221344
1712,-1.549212,-1.235687
1713,-1.544165,-1.249783
1714,-1.538377,-1.263618
1715,-1.531794,-1.277071
1716,-1.524408,-1.290135
1717,-1.516292,-1.302712
1718,-1.507552,-1.314870
1719,-1.498114,-1.326489
1720,-1.488022,-1.337551
1721,-1.477314,-1.348021
1722,-1.465975,-1.357821
1723,-1.454182,-1.367026
1724,-1.441866,-1.375529
1725,-1.429035,-1.383285
1726,-1.415825,-1.390339
1727,-1.402271,-1.396610
1728,-1.388370,-1.402141
1729,-1.374110,-1.406767
1730,-1.359649,-1.410674
1731,-1.345000,-1.413733
1732,-1.330237,-1.415960
1733,-1.315336,-1.417311
1734,-1.300341,-1.417837
1735,-1.285394,-1.417505
1736,-1.270477,-1.416328
1737,-1.255674,-1.414263
1738,-1.240981,-1.411452
1739,-1.226489,-1.407779
1740,-1.212216,-1.403228
1741,-1.198235,-1.397864
1742,-1.184591,-1.391794
1743,-1.171292,-1.384973
1744,-1.158416,-1.377382
1745,-1.146024,-1.368964
1746,-1.134070,-1.359956
1747,-1.122693,-1.350309
1748,-1.111849,-1.340031
1749,-1.101644,-1.329087
1750,-1.092042,-1.317624
1751,-1.083140,-1.305585
1752,-1.074937,-1.293131
1753,-1.067456,-1.280198
1754,-1.060659,-1.266870
1755,-1.054669,-1.253184
1756,-1.049503,-1.239136
1757,-1.045173,-1.224853
1758,-1.041541,-1.210354
1759,-1.038785,-1.195679
1760,-1.036878,-1.180865
1761,-1.035917,-1.165924
1762,-1.035693,-1.151007
1763,-1.036285,-1.136089
1764,-1.037757,-1.121234
1765,-1.040134,-1.106476
1766,-1.043283,-1.091866
1767,-1.047308,-1.077502
1768,-1.052067,-1.063357
1769,-1.057648,-1.049515
1770,-1.064045,-1.035998
1771,-1.071164,-1.022878
1772,-1.079008,-1.010219
1773,-1.087623,-0.998000
1774,-1.096853,-0.986256
1775,-1.106743,-0.975083
1776,-1.117258,-0.964492
1777,-1.128467,-0.954632
1778,-1.140020,-0.945159
1779,-1.152124,-0.936487
1780,-1.164728,-0.928532
1781,-1.177775,-0.921313
1782,-1.191257,-0.914883
1783,-1.205047,-0.909199
1784,-1.219139,-0.904308
1785,-1.233487,-0.900226
1786,-1.248044,-0.896968
1787,-1.262763,-0.894542
1788,-1.277625,-0.893003
1789,-1.292525,-0.892269
1790,-1.307444,-0.892384
1791,-1.322333,-0.893346
1792,-1.337143,-0.895154
1793,-1.351826,-0.897802
1794,-1.366350,-0.901386
1795,-1.380651,-0.905674
1796,-1.394669,-0.910774
1797,-1.408375,-0.916665
1798,-1.421679,-0.923323
1799,-1.434661,-0.930695
