0,-0.226145,0.179481
1,-0.226145,0.179481
2,-0.226145,0.179481
3,-0.226145,0.179481
4,-0.226145,0.179481
5,-0.235087,0.171108
6,-0.246519,0.158535
7,-0.257178,0.145294
8,-0.267066,0.131469
9,-0.276151,0.117103
10,-0.284405,0.102244
11,-0.291799,0.086939
12,-0.298311,0.071238
13,-0.300106,0.066841
14,-0.300106,0.066841
15,-0.300106,0.066841
16,-0.300106,0.066841
17,-0.288899,0.061895
18,-0.272851,0.056303
19,-0.256493,0.051685
20,-0.239898,0.048005
21,-0.223122,0.045276
22,-0.206217,0.043505
23,-0.189238,0.042699
24,-0.172241,0.042860
25,-0.155281,0.043988
26,-0.138413,0.046079
27,-0.121691,0.049126
28,-0.105169,0.053120
29,-0.088902,0.058048
30,-0.072941,0.063893
31,-0.057338,0.070636
32,-0.042144,0.078257
33,-0.027409,0.086729
34,-0.023305,0.089120
35,-0.023305,0.089120
36,-0.023305,0.089120
37,-0.023305,0.089120
38,-0.023305,0.089120
39,-0.023305,0.089120
40,-0.023305,0.089120
41,-0.023305,0.089120
42,-0.023305,0.089120
43,-0.031607,0.080113
44,-0.042085,0.066733
45,-0.051742,0.052745
46,-0.060587,0.038231
47,-0.063036,0.034161
48,-0.063036,0.034161
49,-0.063036,0.034161
50,-0.063036,0.034161
51,-0.052721,0.027553
52,-0.037722,0.019563
53,-0.022267,0.012488
54,-0.006434,0.006304
55,0.009725,0.001031
56,0.026157,-0.003315
57,0.042811,-0.006718
58,0.059631,-0.009168
59,0.076563,-0.010658
60,0.093552,-0.011182
61,0.110544,-0.010738
62,0.127483,-0.009328
63,0.133654,-0.007715
64,0.140581,-0.004205
65,0.150574,0.001093
66,0.161485,0.007620
67,0.173589,0.015013
68,0.187035,0.022942
69,0.201795,0.030982
70,0.216387,0.039698
71,0.230460,0.049230
72,0.243968,0.059548
73,0.256867,0.070617
74,0.260454,0.073731
75,0.260454,0.073731
76,0.260454,0.073731
77,0.260454,0.073731
78,0.260454,0.073731
79,0.260454,0.073731
80,0.260454,0.073731
81,0.260454,0.073731
82,0.250585,0.066474
83,0.237745,0.055342
84,0.225595,0.043455
85,0.214142,0.030896
86,0.203421,0.017706
87,0.200446,0.014003
88,0.200446,0.014003
89,0.200446,0.014003
90,0.200446,0.014003
91,0.200446,0.014003
92,0.200446,0.014003
93,0.212678,0.014665
94,0.229519,0.016942
95,0.246195,0.020228
96,0.262658,0.024457
97,0.278854,0.029616
98,0.294730,0.035689
99,0.310235,0.042654
100,0.325318,0.050491
101,0.339931,0.059173
102,0.354026,0.068672
103,0.367558,0.078958
104,0.380483,0.089997
105,0.384077,0.093103
106,0.384077,0.093103
107,0.384077,0.093103
108,0.384077,0.093103
109,0.384077,0.093103
110,0.384077,0.093103
111,0.384077,0.093103
112,0.384077,0.093103
113,0.374191,0.085869
114,0.361326,0.074766
115,0.349148,0.062908
116,0.345764,0.059575
117,0.345764,0.059575
118,0.345764,0.059575
119,0.345764,0.059575
120,0.354111,0.050609
121,0.366651,0.039140
122,0.379860,0.028443
123,0.393657,0.018515
124,0.407996,0.009388
125,0.422832,0.001092
126,0.426991,-0.001203
127,0.439179,-0.002426
128,0.456170,-0.002762
129,0.473154,-0.002076
130,0.490071,-0.000425
131,0.506867,0.002186
132,0.523486,0.005749
133,0.539877,0.010251
134,0.555985,0.015679
135,0.571757,0.022014
136,0.587144,0.029237
137,0.602095,0.037323
138,0.616033,0.045901
139,0.624323,0.052681
140,0.633395,0.060970
141,0.642079,0.069832
142,0.650362,0.079097
143,0.657815,0.085670
144,0.664865,0.092237
145,0.671517,0.099126
146,0.677786,0.106405
147,0.683656,0.114084
148,0.689103,0.122158
149,0.694105,0.130612
150,0.698636,0.139434
151,0.702671,0.148607
152,0.704020,0.157025
153,0.703559,0.164332
154,0.702457,0.172085
155,0.701183,0.180668
156,0.706882,0.188143
157,0.710461,0.193007
158,0.710342,0.193840
159,0.706394,0.202128
160,0.703342,0.206287
161,0.700984,0.208220
162,0.699327,0.209681
163,0.697974,0.211060
164,0.696630,0.212526
165,0.695069,0.214171
166,0.697585,0.218785
167,0.696793,0.219719
168,0.692262,0.215881
169,0.690029,0.213480
170,0.687854,0.211274
171,0.685185,0.208215
172,0.683764,0.211306
173,0.684874,0.211862
174,0.685531,0.208543
175,0.684501,0.208556
176,0.682334,0.209662
177,0.682083,0.211353
178,0.684734,0.213482
179,0.687997,0.216021
180,0.691293,0.218864
181,0.694466,0.221939
182,0.697470,0.225205
183,0.700244,0.228610
184,0.702887,0.232195
185,0.705312,0.235908
186,0.707522,0.239741
187,0.709514,0.243684
188,0.711284,0.247723
189,0.712829,0.251847
190,0.714148,0.256035
191,0.715245,0.260272
192,0.715873,0.264208
193,0.716509,0.268452
194,0.715196,0.269549
195,0.713839,0.270403
196,0.714820,0.273284
197,0.716906,0.275992
198,0.720163,0.278334
199,0.722051,0.278020
200,0.720561,0.274591
201,0.717431,0.268770
202,0.713547,0.260678
203,0.709981,0.249978
204,0.705792,0.237268
205,0.698607,0.229560
206,0.690998,0.226341
207,0.685928,0.223196
208,0.681758,0.219850
209,0.678008,0.216286
210,0.674535,0.212362
211,0.671356,0.208387
212,0.668386,0.204242
213,0.665648,0.199936
214,0.663157,0.195481
215,0.660923,0.190890
216,0.659000,0.186113
217,0.657216,0.181272
218,0.655783,0.176379
219,0.654739,0.171287
220,0.653912,0.166262
221,0.653360,0.161191
222,0.653094,0.156095
223,0.653194,0.150970
224,0.653470,0.145764
225,0.654034,0.140703
226,0.654913,0.135684
227,0.656227,0.130656
228,0.657705,0.125784
229,0.659451,0.120993
230,0.661463,0.116304
231,0.663739,0.111737
232,0.666352,0.107308
233,0.669125,0.102931
234,0.672114,0.098813
235,0.675509,0.094884
236,0.678986,0.091166
237,0.682667,0.087640
238,0.686544,0.084323
239,0.690603,0.081232
240,0.694903,0.078414
241,0.699302,0.075789
242,0.703834,0.073344
243,0.708611,0.071314
244,0.713370,0.069511
245,0.718229,0.067972
246,0.723170,0.066709
247,0.728177,0.065728
248,0.733278,0.065100
249,0.738387,0.064688
250,0.743530,0.064497
251,0.748730,0.064812
252,0.753796,0.065299
253,0.758835,0.066066
254,0.763825,0.067117
255,0.768748,0.068449
256,0.773587,0.070138
257,0.778359,0.072027
258,0.783063,0.074133
259,0.787557,0.076523
260,0.791926,0.079369
261,0.796096,0.082290
262,0.800103,0.085438
263,0.803929,0.088809
264,0.807559,0.092392
265,0.810955,0.096258
266,0.814247,0.100232
267,0.817223,0.104362
268,0.819951,0.108665
269,0.822363,0.113269
270,0.824554,0.117863
271,0.826493,0.122576
272,0.828164,0.127392
273,0.829503,0.132355
274,0.830690,0.137408
275,0.831546,0.142415
276,0.832094,0.147476
277,0.832224,0.152672
278,0.832157,0.157758
279,0.831813,0.162841
280,0.831184,0.167900
281,0.830189,0.172931
282,0.828990,0.177914
283,0.827557,0.182870
284,0.825831,0.187648
285,0.823656,0.192373
286,0.821346,0.196900
287,0.818792,0.201305
288,0.815992,0.205563
289,0.812956,0.209657
290,0.809609,0.213557
291,0.806119,0.217296
292,0.802440,0.220904
293,0.798579,0.224211
294,0.794335,0.227234
295,0.790095,0.230046
296,0.785703,0.232624
297,0.781170,0.234953
298,0.776458,0.236963
299,0.771662,0.238780
300,0.766736,0.240387
301,0.761826,0.241656
302,0.756832,0.242624
303,0.751662,0.243183
304,0.746590,0.243540
305,0.741499,0.243621
306,0.735761,0.245034
307,0.730139,0.245594
308,0.724896,0.245213
309,0.719756,0.244300
310,0.714841,0.243028
311,0.709939,0.241266
312,0.705239,0.239342
313,0.700640,0.237162
314,0.696175,0.234646
315,0.691819,0.231952
316,0.687641,0.229027
317,0.683641,0.225872
318,0.679828,0.222495
319,0.676132,0.218925
320,0.672759,0.214981
321,0.669608,0.210996
322,0.666675,0.206836
323,0.663408,0.203386
324,0.659587,0.201159
325,0.656051,0.198978
326,0.652759,0.196859
327,0.649605,0.194743
328,0.646776,0.192639
329,0.644046,0.190833
330,0.641421,0.189109
331,0.638924,0.187425
332,0.636581,0.185738
333,0.634370,0.184022
334,0.632329,0.182247
335,0.630503,0.180384
336,0.628896,0.178394
337,0.627530,0.176314
338,0.626808,0.173809
339,0.626136,0.171458
340,0.625869,0.168945
341,0.626091,0.166250
342,0.626879,0.163357
343,0.628368,0.160271
344,0.630462,0.156960
345,0.633199,0.153506
346,0.636483,0.149981
347,0.640120,0.146539
348,0.644012,0.143186
349,0.648049,0.140135
350,0.652283,0.137324
351,0.656769,0.134794
352,0.661314,0.132471
353,0.663985,0.130445
354,0.664070,0.128893
355,0.664760,0.127588
356,0.666522,0.126481
357,0.668351,0.125615
358,0.671373,0.125014
359,0.675569,0.124684
360,0.680425,0.124708
361,0.685460,0.124931
362,0.690628,0.125621
363,0.695636,0.126445
364,0.700600,0.127542
365,0.705497,0.128916
366,0.710381,0.130504
367,0.715082,0.132415
368,0.719671,0.134602
369,0.724130,0.137145
370,0.728474,0.139857
371,0.732699,0.143001
372,0.736636,0.146205
373,0.740408,0.149610
374,0.743988,0.153221
375,0.747460,0.157071
376,0.750623,0.161039
377,0.753536,0.165197
378,0.756133,0.169570
379,0.758599,0.174118
380,0.760768,0.178732
381,0.762580,0.183625
382,0.764171,0.188445
383,0.765501,0.193349
384,0.766555,0.198322
385,0.767402,0.203403
386,0.767898,0.208446
387,0.768091,0.213522
388,0.767902,0.218667
389,0.767512,0.223786
390,0.766674,0.228940
391,0.765685,0.233920
392,0.764426,0.238842
393,0.762891,0.243687
394,0.761093,0.248560
395,0.759044,0.253194
396,0.756711,0.257701
397,0.754116,0.262070
398,0.751001,0.266347
399,0.747840,0.270395
400,0.744519,0.274241
401,0.740994,0.277899
402,0.737269,0.281354
403,0.733353,0.284592
404,0.729239,0.287702
405,0.725000,0.290475
406,0.720592,0.292996
407,0.715956,0.295217
408,0.711058,0.297184
409,0.706238,0.298865
410,0.701368,0.300296
411,0.696425,0.301458
412,0.691422,0.302340
413,0.686261,0.303006
414,0.681204,0.303330
415,0.676131,0.303346
416,0.670989,0.302982
417,0.665918,0.302417
418,0.660733,0.301396
419,0.655784,0.300198
420,0.650918,0.298755
421,0.646136,0.297047
422,0.641457,0.295071
423,0.636788,0.292853
424,0.632372,0.290375
425,0.628055,0.287491
426,0.623901,0.284471
427,0.619962,0.281247
428,0.616152,0.277544
429,0.612646,0.273846
430,0.609345,0.269986
431,0.606260,0.265947
432,0.603303,0.261672
433,0.600665,0.257295
434,0.598316,0.252794
435,0.596259,0.248003
436,0.594430,0.243222
437,0.592886,0.238365
438,0.591726,0.233173
439,0.590791,0.228161
440,0.590124,0.223108
441,0.589742,0.218023
442,0.589600,0.212853
443,0.589779,0.207689
444,0.590372,0.202574
445,0.591194,0.197363
446,0.592291,0.192332
447,0.593860,0.187244
448,0.595663,0.182272
449,0.597688,0.177462
450,0.599995,0.172751
451,0.602597,0.168150
452,0.605500,0.163672
453,0.608719,0.159160
454,0.612411,0.154942
455,0.616393,0.150805
456,0.620709,0.146897
457,0.625676,0.143324
458,0.630844,0.139894
459,0.636480,0.136707
460,0.637927,0.135269
461,0.638157,0.135418
462,0.643533,0.139076
463,0.652898,0.139965
464,0.660284,0.137265
465,0.666103,0.136204
466,0.671450,0.135837
467,0.676642,0.135899
468,0.681861,0.136391
469,0.686916,0.137128
470,0.691934,0.138138
471,0.696891,0.139428
472,0.701779,0.141067
473,0.706573,0.142914
474,0.711245,0.145024
475,0.715787,0.147396
476,0.720202,0.150147
477,0.724492,0.153034
478,0.728530,0.156174
479,0.732434,0.159525
480,0.736126,0.163084
481,0.739605,0.166845
482,0.742859,0.170931
483,0.745843,0.175069
484,0.748612,0.179371
485,0.751208,0.183840
486,0.753450,0.188483
487,0.755468,0.193201
488,0.757207,0.198020
489,0.758668,0.202929
490,0.759767,0.208013
491,0.760637,0.213051
492,0.761284,0.218179
493,0.761542,0.223295
494,0.761560,0.228442
495,0.761284,0.233563
496,0.760717,0.238654
497,0.759723,0.243772
498,0.758560,0.248751
499,0.757123,0.253665
500,0.755465,0.258550
501,0.753412,0.263282
502,0.751162,0.267893
503,0.748655,0.272360
504,0.745767,0.276702
505,0.742752,0.280820
506,0.739513,0.284780
507,0.736049,0.288623
508,0.732356,0.292167
509,0.728477,0.295548
510,0.724425,0.298688
511,0.720068,0.301578
512,0.715684,0.304182
513,0.711158,0.306560
514,0.706503,0.308687
515,0.701714,0.310617
516,0.696807,0.312165
517,0.691848,0.313479
518,0.686830,0.314505
519,0.681656,0.315159
520,0.676570,0.315571
521,0.671458,0.315711
522,0.666290,0.315614
523,0.661170,0.315133
524,0.656094,0.314412
525,0.651075,0.313401
526,0.646040,0.311994
527,0.641204,0.310380
528,0.636446,0.308512
529,0.631820,0.306318
530,0.627162,0.303975
531,0.622772,0.301346
532,0.618547,0.298461
533,0.614495,0.295338
534,0.610615,0.291850
535,0.606984,0.288270
536,0.603539,0.284493
537,0.600346,0.280467
538,0.597326,0.276303
539,0.594555,0.271992
540,0.591975,0.267501
541,0.589695,0.262944
542,0.587761,0.258123
543,0.586068,0.253309
544,0.584640,0.248399
545,0.583545,0.243359
546,0.582675,0.238304
547,0.582094,0.233217
548,0.581762,0.228050
549,0.581830,0.222859
550,0.582148,0.217777
551,0.582748,0.212703
552,0.583709,0.207632
553,0.584876,0.202637
554,0.586323,0.197727
555,0.588045,0.192910
556,0.590022,0.188129
557,0.592383,0.183516
558,0.594908,0.179086
559,0.597684,0.174795
560,0.600774,0.170675
561,0.604029,0.166710
562,0.607496,0.162943
563,0.611169,0.159381
564,0.615183,0.155989
565,0.619214,0.152887
566,0.623436,0.150016
567,0.627884,0.147429
568,0.632429,0.145045
569,0.637089,0.142927
570,0.641859,0.141079
571,0.646851,0.139574
572,0.651826,0.138252
573,0.656822,0.137246
574,0.661914,0.136600
575,0.667037,0.136175
576,0.672156,0.136041
577,0.677268,0.136199
578,0.682362,0.136647
579,0.687492,0.137506
580,0.692540,0.138487
581,0.697470,0.139797
582,0.702333,0.141469
583,0.707108,0.143346
584,0.711756,0.145486
585,0.716272,0.147885
586,0.720673,0.150678
587,0.724857,0.153593
588,0.728959,0.156716
589,0.732775,0.160127
590,0.736452,0.163722
591,0.739901,0.167505
592,0.743125,0.171475
593,0.746116,0.175620
594,0.748817,0.180062
595,0.751295,0.184524
596,0.753609,0.189122
597,0.755523,0.193877
598,0.757231,0.198722
599,0.758654,0.203638
600,0.759794,0.208622
601,0.760557,0.213778
602,0.761088,0.218847
603,0.761346,0.223948
604,0.761378,0.229104
605,0.761006,0.234216
606,0.760402,0.239312
607,0.759508,0.244349
608,0.758330,0.249323
609,0.756736,0.254272
610,0.754980,0.259061
611,0.752962,0.263753
612,0.750722,0.268392
613,0.748120,0.272823
614,0.745329,0.277123
615,0.742304,0.281246
616,0.738901,0.285201
617,0.735413,0.288913
618,0.731725,0.292442
619,0.727838,0.295838
620,0.723753,0.298883
621,0.719487,0.301773
622,0.715089,0.304395
623,0.710557,0.306757
624,0.705757,0.308801
625,0.700990,0.310589
626,0.696122,0.312126
627,0.691125,0.313448
628,0.686136,0.314454
629,0.681037,0.315088
630,0.675928,0.315497
631,0.670817,0.315612
632,0.665610,0.315325
633,0.660543,0.314823
634,0.655498,0.314051
635,0.650500,0.312998
636,0.645512,0.311719
637,0.640645,0.310035
638,0.635886,0.308151
639,0.631251,0.306000
640,0.626705,0.303441
641,0.622382,0.300753
642,0.618197,0.297833
643,0.614102,0.294679
644,0.610265,0.291343
645,0.606661,0.287694
646,0.603219,0.283890
647,0.600010,0.279910
648,0.597050,0.275600
649,0.594369,0.271276
650,0.591909,0.266808
651,0.589698,0.262207
652,0.587672,0.257471
653,0.586047,0.252611
654,0.584637,0.247679
655,0.583516,0.242692
656,0.582683,0.237654
657,0.582248,0.232473
658,0.582017,0.227382
659,0.582067,0.222279
660,0.582331,0.217139
661,0.583024,0.212065
662,0.583939,0.207015
663,0.585137,0.202046
664,0.586751,0.197081
665,0.588539,0.192319
666,0.590579,0.187646
667,0.592877,0.183089
668,0.595418,0.178591
669,0.598250,0.174366
670,0.601314,0.170218
671,0.604585,0.166286
672,0.608070,0.162554
673,0.611913,0.159052
674,0.615807,0.155770
675,0.619881,0.152700
676,0.624124,0.149863
677,0.628520,0.147192
678,0.633104,0.144901
679,0.637786,0.142812
680,0.642564,0.141002
681,0.647579,0.139576
682,0.652525,0.138350
683,0.657535,0.137396
684,0.662594,0.136725
685,0.667713,0.136261
686,0.672825,0.136235
687,0.677956,0.136430
688,0.683043,0.136917
689,0.688194,0.137810
690,0.693151,0.138922
691,0.698059,0.140288
692,0.702891,0.141923
693,0.707700,0.143815
694,0.712311,0.145945
695,0.716793,0.148446
696,0.721147,0.151134
697,0.725329,0.154059
698,0.729359,0.157376
699,0.733136,0.160779
700,0.736739,0.164383
701,0.739721,0.168144
702,0.741802,0.172051
703,0.744300,0.176233
704,0.746888,0.180549
705,0.749307,0.185016
706,0.751494,0.189617
707,0.753346,0.194476
708,0.754975,0.199297
709,0.756344,0.204208
710,0.757507,0.209222
711,0.758260,0.214281
712,0.758788,0.219377
713,0.759020,0.224476
714,0.758961,0.229576
715,0.758486,0.234767
716,0.757809,0.239805
717,0.756864,0.244813
718,0.755673,0.249836
719,0.754133,0.254672
720,0.752351,0.259503
721,0.750306,0.264185
722,0.747999,0.268734
723,0.745438,0.273142
724,0.742467,0.277412
725,0.739405,0.281476
726,0.736121,0.285373
727,0.732612,0.289166
728,0.728874,0.292628
729,0.724952,0.295947
730,0.720869,0.299013
731,0.716622,0.301836
732,0.712067,0.304358
733,0.707525,0.306642
734,0.702858,0.308684
735,0.698081,0.310463
736,0.693183,0.312045
737,0.688197,0.313216
738,0.683162,0.314169
739,0.678101,0.314826
740,0.673016,0.315193
741,0.667799,0.315116
742,0.662715,0.314875
743,0.657647,0.314356
744,0.652540,0.313583
745,0.647563,0.312530
746,0.642640,0.311086
747,0.637800,0.309436
748,0.633076,0.307515
749,0.628472,0.305329
750,0.623974,0.302723
751,0.619672,0.300010
752,0.615518,0.297063
753,0.611533,0.293886
754,0.607694,0.290444
755,0.604065,0.286828
756,0.600671,0.283020
757,0.597505,0.279028
758,0.594613,0.274697
759,0.591960,0.270363
760,0.589538,0.265884
761,0.587368,0.261275
762,0.585383,0.256503
763,0.583797,0.251638
764,0.582428,0.246704
765,0.581352,0.241719
766,0.580649,0.236541
767,0.580213,0.231463
768,0.580030,0.226379
769,0.580127,0.221289
770,0.580510,0.216209
771,0.581125,0.211098
772,0.582150,0.206080
773,0.583392,0.201112
774,0.584912,0.196244
775,0.586707,0.191478
776,0.588939,0.186767
777,0.591287,0.182260
778,0.593879,0.177880
779,0.596713,0.173650
780,0.599754,0.169508
781,0.603116,0.165649
782,0.606641,0.161939
783,0.610359,0.158453
784,0.614437,0.155186
785,0.618567,0.152198
786,0.622830,0.149426
787,0.627242,0.146889
788,0.631851,0.144521
789,0.636494,0.142480
790,0.641339,0.140781
791,0.646227,0.139296
792,0.651179,0.138098
793,0.656187,0.137185
794,0.661383,0.136675
795,0.666452,0.136375
796,0.671539,0.136345
797,0.676623,0.136600
798,0.681752,0.137085
799,0.686795,0.137977
800,0.691776,0.139088
801,0.696673,0.140482
802,0.701480,0.142154
803,0.706238,0.144267
804,0.710800,0.146499
805,0.715242,0.148977
806,0.719541,0.151701
807,0.723717,0.154710
808,0.727748,0.157934
809,0.731531,0.161350
810,0.735104,0.164974
811,0.738469,0.168969
812,0.741555,0.173019
813,0.744048,0.177080
814,0.745611,0.181052
815,0.747678,0.185425
816,0.749803,0.190024
817,0.751594,0.194805
818,0.753198,0.199653
819,0.754520,0.204569
820,0.755558,0.209549
821,0.756200,0.214735
822,0.756623,0.219791
823,0.756780,0.224871
824,0.756654,0.229956
825,0.756315,0.235087
826,0.755530,0.240141
827,0.754535,0.245190
828,0.753262,0.250124
829,0.751711,0.254969
830,0.749703,0.259832
831,0.747564,0.264437
832,0.745191,0.268929
833,0.742573,0.273287
834,0.739707,0.277577
835,0.736633,0.281635
836,0.733226,0.285470
837,0.729678,0.289143
838,0.725938,0.292593
839,0.722010,0.295821
840,0.717721,0.298774
841,0.713443,0.301503
842,0.709018,0.304000
843,0.704457,0.306246
844,0.699700,0.308314
845,0.694833,0.309993
846,0.689933,0.311445
847,0.684979,0.312602
848,0.679972,0.313472
849,0.674779,0.313923
850,0.669714,0.314185
851,0.664634,0.314172
852,0.659562,0.313875
853,0.654512,0.313292
854,0.649383,0.312457
855,0.644393,0.311229
856,0.639508,0.309796
857,0.634723,0.308084
858,0.629972,0.305910
859,0.625440,0.303636
860,0.621031,0.301119
861,0.616767,0.298358
862,0.612665,0.295360
863,0.608739,0.292133
864,0.604945,0.288627
865,0.601390,0.284984
866,0.598066,0.281141
867,0.594972,0.276872
868,0.592157,0.272652
869,0.589565,0.268288
870,0.587217,0.263785
871,0.585128,0.259155
872,0.583304,0.254413
873,0.581759,0.249493
874,0.580443,0.244564
875,0.579442,0.239581
876,0.578735,0.234552
877,0.578461,0.229332
878,0.578365,0.224262
879,0.578544,0.219189
880,0.579008,0.214132
881,0.579758,0.209108
882,0.580793,0.204133
883,0.582095,0.199073
884,0.583792,0.194181
885,0.585664,0.189444
886,0.588040,0.184700
887,0.590481,0.180244
888,0.593154,0.175925
889,0.596065,0.171759
890,0.599208,0.167763
891,0.602573,0.163953
892,0.606151,0.160339
893,0.610014,0.156786
894,0.614152,0.153574
895,0.618513,0.150627
896,0.622945,0.147952
897,0.627430,0.145534
898,0.632045,0.143363
899,0.636777,0.141456
900,0.641613,0.139821
901,0.646536,0.138465
902,0.651532,0.137393
903,0.656837,0.136608
904,0.662090,0.136105
905,0.667252,0.135923
906,0.672721,0.136245
907,0.677967,0.136740
908,0.683198,0.137533
909,0.688423,0.138646
910,0.693631,0.140094
911,0.698813,0.141890
912,0.704095,0.144004
913,0.709182,0.146669
914,0.714346,0.149700
915,0.719349,0.153470
916,0.724275,0.157508
917,0.726104,0.158303
918,0.725912,0.158620
919,0.724591,0.164871
920,0.722832,0.172823
921,0.726367,0.179878
922,0.731684,0.185677
923,0.734618,0.190855
924,0.736698,0.195816
925,0.738290,0.200769
926,0.739532,0.205766
927,0.740443,0.210953
928,0.741073,0.216016
929,0.741347,0.221155
930,0.741389,0.226297
931,0.741141,0.231422
932,0.740603,0.236521
933,0.739775,0.241581
934,0.738583,0.246695
935,0.737195,0.251606
936,0.735445,0.256454
937,0.733484,0.261200
938,0.731260,0.265822
939,0.728778,0.270307
940,0.725921,0.274670
941,0.722932,0.278879
942,0.719680,0.282849
943,0.716239,0.286663
944,0.712591,0.290267
945,0.708744,0.293655
946,0.704711,0.296818
947,0.700382,0.299718
948,0.696013,0.302372
949,0.691482,0.304856
950,0.686805,0.306967
951,0.682013,0.308873
952,0.677143,0.310498
953,0.672195,0.311841
954,0.667084,0.312822
955,0.662025,0.313569
956,0.656884,0.314093
957,0.651775,0.314291
958,0.646623,0.314122
959,0.641503,0.313719
960,0.636423,0.313028
961,0.631330,0.311914
962,0.626377,0.310632
963,0.621438,0.309111
964,0.616657,0.307234
965,0.611965,0.305131
966,0.607412,0.302770
967,0.603006,0.300155
968,0.598736,0.297165
969,0.594684,0.294052
970,0.590732,0.290727
971,0.587057,0.287132
972,0.583558,0.283372
973,0.580288,0.279425
974,0.577249,0.275300
975,0.574486,0.270885
976,0.571965,0.266440
977,0.569620,0.261836
978,0.567635,0.257077
979,0.565878,0.252256
980,0.564404,0.247349
981,0.563213,0.242367
982,0.562391,0.237230
983,0.561799,0.232153
984,0.561434,0.226998
985,0.561454,0.221871
986,0.561717,0.216734
987,0.562272,0.211637
988,0.563116,0.206584
989,0.564362,0.201539
990,0.565791,0.196630
991,0.567472,0.191736
992,0.569478,0.187031
993,0.571723,0.182395
994,0.574220,0.177915
995,0.577097,0.173557
996,0.580102,0.169434
997,0.583331,0.165467
998,0.586779,0.161682
999,0.590426,0.158028
1000,0.594332,0.154683
1001,0.598382,0.151526
1002,0.602597,0.148613
1003,0.607089,0.145994
1004,0.611607,0.143603
1005,0.616256,0.141463
1006,0.621035,0.139517
1007,0.625943,0.137957
1008,0.630899,0.136630
1009,0.636029,0.135662
1010,0.641081,0.134950
1011,0.646176,0.134506
1012,0.651292,0.134346
1013,0.656449,0.134484
1014,0.661587,0.134898
1015,0.666666,0.135605
1016,0.671689,0.136601
1017,0.676697,0.138002
1018,0.681556,0.139581
1019,0.686327,0.141428
1020,0.691054,0.143492
1021,0.695568,0.145925
1022,0.699985,0.148568
1023,0.704226,0.151446
1024,0.708291,0.154691
1025,0.712152,0.158038
1026,0.715826,0.161597
1027,0.719364,0.165372
1028,0.722626,0.169294
1029,0.725616,0.173487
1030,0.728402,0.177793
1031,0.730868,0.182389
1032,0.733117,0.186977
1033,0.735112,0.191688
1034,0.736839,0.196505
1035,0.738356,0.201442
1036,0.739484,0.206469
1037,0.740376,0.211517
1038,0.740974,0.216601
1039,0.741157,0.221810
1040,0.741148,0.226919
1041,0.740251,0.231792
1042,0.739447,0.236791
1043,0.738574,0.241858
1044,0.737332,0.246859
1045,0.735893,0.251779
1046,0.734182,0.256602
1047,0.732042,0.261358
1048,0.729778,0.265937
1049,0.727263,0.270389
1050,0.724498,0.274765
1051,0.721534,0.278910
1052,0.718224,0.282866
1053,0.714764,0.286649
1054,0.711099,0.290222
1055,0.707080,0.293542
1056,0.703026,0.296648
1057,0.698803,0.299531
1058,0.694390,0.302236
1059,0.689901,0.304645
1060,0.685186,0.306731
1061,0.680412,0.308597
1062,0.675547,0.310183
1063,0.670495,0.311403
1064,0.665489,0.312402
1065,0.660428,0.313125
1066,0.655332,0.313561
1067,0.650183,0.313782
1068,0.645045,0.313577
1069,0.639936,0.313141
1070,0.634803,0.312296
1071,0.629804,0.311262
1072,0.624864,0.309954
1073,0.620002,0.308370
1074,0.615237,0.306511
1075,0.610523,0.304352
1076,0.605983,0.301969
1077,0.601576,0.299189
1078,0.597381,0.296288
1079,0.593343,0.293157
1080,0.589485,0.289804
1081,0.585822,0.286236
1082,0.582338,0.282415
1083,0.579073,0.278443
1084,0.576075,0.274158
1085,0.573359,0.269848
1086,0.570867,0.265391
1087,0.568624,0.260800
1088,0.566643,0.256087
1089,0.564932,0.251269
1090,0.563481,0.246308
1091,0.562314,0.241306
1092,0.561521,0.236138
1093,0.560990,0.231073
1094,0.560723,0.225975
1095,0.560739,0.220866
1096,0.561044,0.215764
1097,0.561638,0.210686
1098,0.562540,0.205591
1099,0.563697,0.200588
1100,0.565268,0.195602
1101,0.567029,0.190822
1102,0.569041,0.186131
1103,0.571312,0.181555
1104,0.573839,0.177113
1105,0.576616,0.172747
1106,0.579659,0.168646
1107,0.582913,0.164672
1108,0.586379,0.160909
1109,0.590220,0.157383
1110,0.594099,0.154069
1111,0.598158,0.150969
1112,0.602386,0.148101
1113,0.606772,0.145477
1114,0.611354,0.143085
1115,0.616027,0.140954
1116,0.620798,0.139108
1117,0.625787,0.137620
1118,0.630727,0.136363
1119,0.635736,0.135375
1120,0.640796,0.134670
1121,0.645932,0.134191
1122,0.651043,0.134118
1123,0.656179,0.134278
1124,0.661275,0.134731
1125,0.666411,0.135627
1126,0.671402,0.136679
1127,0.676333,0.138005
1128,0.681184,0.139607
1129,0.686002,0.141445
1130,0.690612,0.143636
1131,0.695155,0.146051
1132,0.699528,0.148708
1133,0.703759,0.151757
1134,0.707757,0.154910
1135,0.711590,0.158278
1136,0.715232,0.161857
1137,0.718742,0.165635
1138,0.721961,0.169581
1139,0.724911,0.173795
1140,0.727660,0.178114
1141,0.730115,0.182721
1142,0.732303,0.187316
1143,0.734252,0.192031
1144,0.735938,0.196850
1145,0.737416,0.201797
1146,0.738495,0.206791
1147,0.739351,0.211855
1148,0.739910,0.216938
1149,0.740177,0.222038
1150,0.740009,0.227248
1151,0.739059,0.231907
1152,0.737683,0.236475
1153,0.736571,0.241421
1154,0.735271,0.246333
1155,0.733783,0.251237
1156,0.732033,0.256037
1157,0.730016,0.260728
1158,0.727597,0.265360
1159,0.725023,0.269748
1160,0.722224,0.274010
1161,0.719192,0.278115
1162,0.715949,0.282121
1163,0.712415,0.285843
1164,0.708727,0.289386
1165,0.704847,0.292706
1166,0.700785,0.295798
1167,0.696403,0.298615
1168,0.692010,0.301187
1169,0.687477,0.303526
1170,0.682737,0.305620
1171,0.677951,0.307467
1172,0.673083,0.309017
1173,0.668139,0.310280
1174,0.663130,0.311258
1175,0.657940,0.311868
1176,0.652863,0.312214
1177,0.647766,0.312302
1178,0.642667,0.312109
1179,0.637507,0.311628
1180,0.632455,0.310871
1181,0.627461,0.309820
1182,0.622537,0.308485
1183,0.617697,0.306870
1184,0.612896,0.304835
1185,0.608301,0.302651
1186,0.603818,0.300222
1187,0.599394,0.297468
1188,0.595197,0.294583
1189,0.591182,0.291442
1190,0.587356,0.288070
1191,0.583729,0.284484
1192,0.580311,0.280696
1193,0.577151,0.276567
1194,0.574267,0.272355
1195,0.571529,0.268004
1196,0.568976,0.263502
1197,0.566751,0.258930
1198,0.564805,0.254222
1199,0.563135,0.249405
1200,0.561742,0.244499
1201,0.560753,0.239381
1202,0.559954,0.234349
1203,0.559507,0.229254
1204,0.559262,0.224117
1205,0.559240,0.218961
1206,0.559566,0.213880
1207,0.560192,0.208823
1208,0.561110,0.203808
1209,0.562440,0.198754
1210,0.563972,0.193910
1211,0.565751,0.189137
1212,0.567873,0.184463
1213,0.570143,0.179815
1214,0.572682,0.175398
1215,0.575479,0.171137
1216,0.578518,0.167044
1217,0.581786,0.163131
1218,0.585437,0.159392
1219,0.589152,0.155924
1220,0.593050,0.152643
1221,0.597210,0.149527
1222,0.601439,0.146680
1223,0.605829,0.144093
1224,0.610362,0.141764
1225,0.615022,0.139698
1226,0.619792,0.137900
1227,0.624814,0.136448
1228,0.629753,0.135254
1229,0.634760,0.134315
1230,0.639891,0.133630
1231,0.644976,0.133245
1232,0.650072,0.133159
1233,0.655164,0.133365
1234,0.660237,0.133862
1235,0.665273,0.134648
1236,0.670354,0.135861
1237,0.675261,0.137333
1238,0.680104,0.138983
1239,0.684900,0.140846
1240,0.689504,0.143004
1241,0.693979,0.145435
1242,0.698308,0.148121
1243,0.702478,0.151050
1244,0.706476,0.154213
1245,0.710254,0.157846
1246,0.713870,0.161489
1247,0.717348,0.165296
1248,0.720525,0.169258
1249,0.723464,0.173412
1250,0.726159,0.177733
1251,0.728604,0.182202
1252,0.730791,0.186805
1253,0.732712,0.191525
1254,0.734185,0.196561
1255,0.735547,0.201512
1256,0.736710,0.206524
1257,0.737516,0.211545
1258,0.738026,0.216609
1259,0.738244,0.221697
1260,0.738171,0.226790
1261,0.737808,0.231872
1262,0.737157,0.236925
1263,0.735989,0.242019
1264,0.734026,0.246352
1265,0.732174,0.250892
1266,0.730285,0.255562
1267,0.728200,0.260192
1268,0.725876,0.264718
1269,0.723303,0.269113
1270,0.720486,0.273357
1271,0.717317,0.277535
1272,0.714112,0.281349
1273,0.710535,0.285009
1274,0.706824,0.288501
1275,0.702924,0.291772
1276,0.698843,0.294813
1277,0.694596,0.297618
1278,0.690196,0.300176
1279,0.685656,0.302480
1280,0.680992,0.304523
1281,0.676218,0.306297
1282,0.671283,0.307733
1283,0.666313,0.308965
1284,0.661302,0.309907
1285,0.656096,0.310461
1286,0.651032,0.310777
1287,0.645946,0.310830
1288,0.640861,0.310603
1289,0.635795,0.310088
1290,0.630766,0.309287
1291,0.625760,0.308117
1292,0.620833,0.306750
1293,0.616007,0.305109
1294,0.611104,0.303052
1295,0.606536,0.300838
1296,0.602093,0.298384
1297,0.597784,0.295681
1298,0.593632,0.292737
1299,0.589704,0.289495
1300,0.585847,0.286049
1301,0.582242,0.282437
1302,0.578856,0.278633
1303,0.575694,0.274644
1304,0.572673,0.270491
1305,0.570036,0.266004
1306,0.567639,0.261531
1307,0.565483,0.256925
1308,0.563589,0.252202
1309,0.562022,0.247309
1310,0.560663,0.242382
1311,0.559590,0.237402
1312,0.558803,0.232373
1313,0.558240,0.227234
1314,0.558146,0.222052
1315,0.558257,0.216981
1316,0.558648,0.211912
1317,0.559325,0.206869
1318,0.560370,0.201831
1319,0.561613,0.196881
1320,0.563133,0.192021
1321,0.564926,0.187259
1322,0.566976,0.182523
1323,0.569552,0.177936
1324,0.572150,0.173586
1325,0.574991,0.169374
1326,0.578174,0.165326
1327,0.581499,0.161420
1328,0.585019,0.157734
1329,0.588737,0.154262
1330,0.592646,0.151008
1331,0.596733,0.147982
1332,0.601017,0.145099
1333,0.605396,0.142553
1334,0.609934,0.140269
1335,0.614602,0.138251
1336,0.619648,0.136640
1337,0.624532,0.135198
1338,0.629479,0.134019
1339,0.634483,0.133117
1340,0.639530,0.132501
1341,0.644701,0.132118
1342,0.649775,0.132054
1343,0.654844,0.132303
1344,0.659898,0.132849
1345,0.664962,0.133768
1346,0.670038,0.135082
1347,0.674916,0.136506
1348,0.679710,0.138193
1349,0.684403,0.140146
1350,0.688977,0.142363
1351,0.693540,0.144840
1352,0.697825,0.147535
1353,0.701900,0.150566
1354,0.705929,0.153816
1355,0.709731,0.157417
1356,0.713266,0.161116
1357,0.716590,0.164953
1358,0.719701,0.168968
1359,0.722582,0.173153
1360,0.725222,0.177495
1361,0.727705,0.182001
1362,0.729836,0.186601
1363,0.731630,0.191406
1364,0.733244,0.196306
1365,0.734480,0.201428
1366,0.735446,0.206437
1367,0.736158,0.211462
1368,0.736593,0.216522
1369,0.736743,0.221599
1370,0.736673,0.226749
1371,0.736256,0.231798
1372,0.735539,0.236823
1373,0.734426,0.241869
1374,0.733124,0.246846
1375,0.731363,0.251837
1376,0.729462,0.256562
1377,0.726843,0.260573
1378,0.724245,0.264803
1379,0.721537,0.269206
1380,0.718660,0.273365
1381,0.715545,0.277368
1382,0.712204,0.281193
1383,0.708505,0.284844
1384,0.704720,0.288297
1385,0.700500,0.291530
1386,0.696346,0.294464
1387,0.692050,0.297175
1388,0.687565,0.299721
1389,0.682965,0.301975
1390,0.678279,0.303921
1391,0.673478,0.305591
1392,0.668586,0.306983
1393,0.663497,0.308034
1394,0.658457,0.308867
1395,0.653175,0.309267
1396,0.648090,0.309478
1397,0.642998,0.309415
1398,0.637915,0.309066
1399,0.632699,0.308471
1400,0.627685,0.307544
1401,0.622731,0.306320
1402,0.617785,0.304689
1403,0.612881,0.302853
1404,0.607998,0.300516
1405,0.603383,0.298072
1406,0.598937,0.295407
1407,0.594633,0.292480
1408,0.590295,0.289216
1409,0.586255,0.285691
1410,0.582423,0.281887
1411,0.578786,0.277788
1412,0.575375,0.273234
1413,0.572204,0.268205
1414,0.569276,0.263051
1415,0.566609,0.257554
1416,0.564161,0.251683
1417,0.562161,0.245387
1418,0.561040,0.243592
1419,0.564551,0.240657
1420,0.566799,0.231917
1421,0.565139,0.224225
1422,0.565039,0.218250
1423,0.565480,0.212923
1424,0.566317,0.207807
1425,0.567476,0.202802
1426,0.568927,0.197889
1427,0.570660,0.193071
1428,0.572808,0.188231
1429,0.575087,0.183687
1430,0.577627,0.179256
1431,0.580417,0.174968
1432,0.583447,0.170843
1433,0.586707,0.166896
1434,0.590188,0.163140
1435,0.593883,0.159519
1436,0.597741,0.156174
1437,0.601872,0.153092
1438,0.606252,0.150240
1439,0.610653,0.147649
1440,0.615194,0.145294
1441,0.619863,0.143195
1442,0.624645,0.141363
1443,0.629578,0.139797
1444,0.634559,0.138504
1445,0.639709,0.137570
1446,0.644766,0.136912
1447,0.649863,0.136518
1448,0.654980,0.136406
1449,0.660156,0.136549
1450,0.665238,0.136981
1451,0.670319,0.137799
1452,0.675343,0.138845
1453,0.680355,0.140292
1454,0.685190,0.141925
1455,0.689940,0.143820
1456,0.694581,0.145978
1457,0.699163,0.148385
1458,0.703527,0.151094
1459,0.707744,0.154007
1460,0.711814,0.157290
1461,0.715615,0.160687
1462,0.719245,0.164285
1463,0.722675,0.168082
1464,0.725838,0.172119
1465,0.728911,0.176317
1466,0.731666,0.180627
1467,0.734158,0.185095
1468,0.736350,0.189835
1469,0.738267,0.194560
1470,0.739936,0.199390
1471,0.741337,0.204311
1472,0.742447,0.209394
1473,0.743316,0.214441
1474,0.743873,0.219527
1475,0.744132,0.224636
1476,0.743994,0.229846
1477,0.743638,0.234935
1478,0.743006,0.240009
1479,0.742020,0.245039
1480,0.740842,0.250115
1481,0.739396,0.255013
1482,0.737651,0.259817
1483,0.735497,0.264576
1484,0.733178,0.269111
1485,0.730616,0.273532
1486,0.727810,0.277808
1487,0.724215,0.281064
1488,0.720630,0.284577
1489,0.717055,0.288161
1490,0.713332,0.291646
1491,0.709289,0.294947
1492,0.705200,0.297988
1493,0.700948,0.300822
1494,0.696505,0.303359
1495,0.691906,0.305799
1496,0.687242,0.307900
1497,0.682463,0.309719
1498,0.677587,0.311258
1499,0.672507,0.312443
1500,0.667496,0.313380
1501,0.662429,0.314049
1502,0.657323,0.314364
1503,0.652114,0.314568
1504,0.647004,0.314390
1505,0.641915,0.313909
1506,0.636861,0.313134
1507,0.631800,0.311947
1508,0.626883,0.310582
1509,0.622041,0.308947
1510,0.617321,0.306973
1511,0.612648,0.304783
1512,0.608137,0.302349
1513,0.603779,0.299668
1514,0.599500,0.296628
1515,0.595507,0.293469
1516,0.591687,0.290081
1517,0.588062,0.286478
1518,0.584698,0.282624
1519,0.581472,0.278595
1520,0.578499,0.274420
1521,0.575699,0.270083
1522,0.573277,0.265500
1523,0.571088,0.260894
1524,0.569156,0.256166
1525,0.567493,0.251332
1526,0.566107,0.246411
1527,0.565061,0.241363
1528,0.564191,0.236248
1529,0.563728,0.231084
1530,0.563507,0.225996
1531,0.563572,0.220891
1532,0.563926,0.215794
1533,0.564569,0.210723
1534,0.565573,0.205674
1535,0.566790,0.200689
1536,0.568405,0.195712
1537,0.570165,0.190891
1538,0.572209,0.186223
1539,0.574520,0.181670
1540,0.577088,0.177252
1541,0.579971,0.173018
1542,0.583048,0.168885
1543,0.586334,0.164957
1544,0.589829,0.161152
1545,0.593674,0.157657
1546,0.597575,0.154378
1547,0.601662,0.151316
1548,0.605917,0.148489
1549,0.610366,0.145970
1550,0.614957,0.143620
1551,0.619641,0.141547
1552,0.624457,0.139678
1553,0.629438,0.138216
1554,0.634382,0.137005
1555,0.639398,0.136065
1556,0.644463,0.135409
1557,0.649560,0.135041
1558,0.654704,0.135032
1559,0.659828,0.135242
1560,0.664976,0.135692
1561,0.670085,0.136584
1562,0.675059,0.137676
1563,0.679975,0.139047
1564,0.684809,0.140694
1565,0.689517,0.142684
1566,0.694179,0.144886
1567,0.698677,0.147333
1568,0.703133,0.150174
1569,0.707280,0.153096
1570,0.711266,0.156266
1571,0.715072,0.159666
1572,0.718680,0.163278
1573,0.722078,0.167092
1574,0.725222,0.171164
1575,0.728179,0.175353
1576,0.730886,0.179690
1577,0.733344,0.184340
1578,0.735518,0.188940
1579,0.737430,0.193668
1580,0.739071,0.198503
1581,0.740434,0.203424
1582,0.741456,0.208480
1583,0.742259,0.213538
1584,0.742772,0.218622
1585,0.742949,0.223877
1586,0.742858,0.228956
1587,0.742481,0.234039
1588,0.741817,0.239099
1589,0.740867,0.244116
1590,0.739555,0.249080
1591,0.738037,0.253983
1592,0.736250,0.258773
1593,0.734093,0.263574
1594,0.731760,0.268084
1595,0.729174,0.272476
1596,0.726343,0.276721
1597,0.723274,0.280801
1598,0.719910,0.284666
1599,0.716377,0.288400
1600,0.712657,0.291910
1601,0.708766,0.295281
1602,0.704546,0.298295
1603,0.700287,0.301086
1604,0.695873,0.303642
1605,0.691319,0.305945
1606,0.686640,0.307987
1607,0.681792,0.309707
1608,0.676897,0.311214
1609,0.671799,0.312435
1610,0.666884,0.313359
1611,0.661854,0.313991
1612,0.656774,0.314332
1613,0.651676,0.314384
1614,0.646580,0.314145
1615,0.641472,0.313543
1616,0.636421,0.312728
1617,0.631435,0.311630
1618,0.626523,0.310251
1619,0.621698,0.308594
1620,0.616974,0.306665
1621,0.612368,0.304470
1622,0.607928,0.301947
1623,0.603551,0.299217
1624,0.599363,0.296113
1625,0.595390,0.292923
1626,0.591594,0.289518
1627,0.587994,0.285903
1628,0.584604,0.282090
1629,0.581436,0.278090
1630,0.578500,0.273915
1631,0.575854,0.269516
1632,0.573404,0.264861
1633,0.571239,0.260256
1634,0.569333,0.255528
1635,0.567697,0.250698
1636,0.566338,0.245780
1637,0.565207,0.240737
1638,0.564384,0.235719
1639,0.563876,0.230651
1640,0.563856,0.225396
1641,0.563958,0.220291
1642,0.564340,0.215205
1643,0.565007,0.210148
1644,0.565961,0.205138
1645,0.567197,0.200189
1646,0.568693,0.195232
1647,0.570449,0.190468
1648,0.572733,0.185781
1649,0.575088,0.181230
1650,0.577680,0.176831
1651,0.580513,0.172589
1652,0.583582,0.168516
1653,0.586878,0.164624
1654,0.590390,0.160926
1655,0.594110,0.157353
1656,0.598150,0.154103
1657,0.602320,0.151123
1658,0.606597,0.148318
1659,0.611015,0.145764
1660,0.615567,0.143466
1661,0.620243,0.141431
1662,0.625027,0.139666
1663,0.629904,0.138175
1664,0.635036,0.136970
1665,0.640076,0.136150
1666,0.645154,0.135524
1667,0.650246,0.135186
1668,0.655344,0.135137
1669,0.660436,0.135378
1670,0.665507,0.135908
1671,0.670539,0.136726
1672,0.675592,0.137788
1673,0.680564,0.139295
1674,0.685379,0.141070
1675,0.690098,0.143020
1676,0.694693,0.145230
1677,0.699154,0.147696
1678,0.703466,0.150411
1679,0.707618,0.153368
1680,0.711596,0.156557
1681,0.715467,0.159959
1682,0.719033,0.163715
1683,0.722357,0.167620
1684,0.725508,0.171643
1685,0.728422,0.175828
1686,0.731091,0.180170
1687,0.733509,0.184656
1688,0.735668,0.189273
1689,0.737561,0.194007
1690,0.739141,0.199065
1691,0.740386,0.204028
1692,0.741431,0.209029
1693,0.742190,0.214070
1694,0.742662,0.219143
1695,0.742845,0.224235
1696,0.742737,0.229329
1697,0.742340,0.234409
1698,0.741711,0.239516
1699,0.740676,0.244511
1700,0.739419,0.249483
1701,0.737736,0.254445
1702,0.735883,0.259174
1703,0.733786,0.263810
1704,0.731435,0.268328
1705,0.728833,0.272707
1706,0.725986,0.276932
1707,0.722940,0.281072
1708,0.719567,0.284912
1709,0.716026,0.288614
1710,0.712126,0.292102
1711,0.708172,0.295306
1712,0.704063,0.298306
1713,0.699793,0.301078
1714,0.695038,0.302797
1715,0.690324,0.304710
1716,0.685564,0.306686
1717,0.680730,0.308349
1718,0.675833,0.309816
1719,0.670876,0.311001
1720,0.665722,0.311792
1721,0.660674,0.312372
1722,0.655594,0.312680
1723,0.650503,0.312703
1724,0.645417,0.312437
1725,0.640274,0.311927
1726,0.635233,0.311034
1727,0.630258,0.309913
1728,0.625266,0.308367
1729,0.620475,0.306619
1730,0.615790,0.304640
1731,0.611217,0.302406
1732,0.606776,0.299917
1733,0.602482,0.297180
1734,0.598269,0.294106
1735,0.594294,0.290929
1736,0.590526,0.287511
1737,0.586964,0.283878
1738,0.583632,0.279867
1739,0.580546,0.275835
1740,0.577673,0.271638
1741,0.575036,0.267285
1742,0.572648,0.262788
1743,0.570567,0.258091
1744,0.568610,0.253305
1745,0.567008,0.248484
1746,0.565695,0.243571
1747,0.564769,0.238434
1748,0.564069,0.233407
1749,0.563636,0.228340
1750,0.563485,0.223254
1751,0.563622,0.218166
1752,0.564128,0.213034
1753,0.564775,0.207915
1754,0.565754,0.202934
1755,0.567030,0.198013
1756,0.568760,0.193069
1757,0.570632,0.188354
1758,0.572752,0.183734
1759,0.575126,0.179235
1760,0.577751,0.174876
1761,0.580714,0.170683
1762,0.583806,0.166534
1763,0.587119,0.162677
1764,0.590655,0.159024
1765,0.594594,0.155563
1766,0.598562,0.152388
1767,0.602684,0.149417
1768,0.606967,0.146675
1769,0.611398,0.144177
1770,0.615965,0.141935
1771,0.620631,0.139998
1772,0.625422,0.138238
1773,0.630293,0.136783
1774,0.635235,0.135615
1775,0.640384,0.134849
1776,0.645420,0.134288
1777,0.650486,0.133998
1778,0.655563,0.133992
1779,0.660634,0.134273
1780,0.665681,0.134842
1781,0.670689,0.135697
1782,0.675640,0.136836
1783,0.680520,0.138255
1784,0.685391,0.140125
1785,0.690142,0.142085
1786,0.694689,0.144308
1787,0.699111,0.146803
1788,0.703385,0.149550
1789,0.707498,0.152537
1790,0.711435,0.155755
1791,0.715183,0.159192
1792,0.718730,0.162837
1793,0.722034,0.167003
1794,0.725241,0.171116
1795,0.728108,0.175292
1796,0.730725,0.179641
1797,0.733088,0.184138
1798,0.735190,0.188763
1799,0.737026,0.193502
