0,1.737690,0.382807
1,1.733855,0.371173
2,1.729284,0.354801
3,1.725643,0.338198
4,1.724651,0.333553
5,1.727013,0.321532
6,1.731614,0.305173
7,1.737193,0.289117
8,1.743675,0.273404
9,1.745512,0.269024
10,1.745512,0.269024
11,1.745512,0.269024
12,1.745512,0.269024
13,1.745512,0.269024
14,1.745512,0.269024
15,1.745512,0.269024
16,1.745512,0.269024
17,1.745512,0.269024
18,1.745512,0.269024
19,1.734736,0.274850
20,1.719187,0.281708
21,1.703251,0.287620
22,1.687004,0.292616
23,1.670500,0.296679
24,1.653791,0.299797
25,1.636931,0.301959
26,1.619976,0.303159
27,1.602980,0.303391
28,1.585998,0.302657
29,1.569086,0.300957
30,1.552298,0.298298
31,1.535688,0.294688
32,1.519311,0.290139
33,1.503219,0.284665
34,1.487464,0.278285
35,1.472098,0.271019
36,1.457170,0.262890
37,1.442729,0.253925
38,1.438708,0.251397
39,1.431737,0.241324
40,1.423218,0.226619
41,1.415597,0.211426
42,1.408852,0.195824
43,1.403006,0.179863
44,1.398078,0.163596
45,1.394083,0.147074
46,1.391035,0.130352
47,1.390210,0.125675
48,1.392997,0.113746
49,1.398178,0.097561
50,1.404324,0.081714
51,1.411362,0.066242
52,1.419269,0.051195
53,1.428019,0.036623
54,1.437584,0.022572
55,1.440279,0.018660
56,1.440279,0.018660
57,1.440279,0.018660
58,1.440279,0.018660
59,1.440279,0.018660
60,1.440279,0.018660
61,1.440279,0.018660
62,1.440279,0.018660
63,1.440279,0.018660
64,1.430668,0.026256
65,1.416533,0.035690
66,1.401854,0.044259
67,1.386710,0.051979
68,1.371152,0.058825
69,1.366794,0.060713
70,1.354544,0.060770
71,1.337599,0.059486
72,1.320758,0.057186
73,1.304075,0.053931
74,1.287604,0.049732
75,1.271399,0.044603
76,1.255512,0.038560
77,1.239994,0.031623
78,1.224896,0.023814
79,1.210267,0.015159
80,1.196154,0.005686
81,1.182603,-0.004575
82,1.178833,-0.007464
83,1.178833,-0.007464
84,1.177204,-0.019605
85,1.174212,-0.030931
86,1.171222,-0.038912
87,1.170856,-0.040334
88,1.175817,-0.051535
89,1.184190,-0.064500
90,1.193241,-0.078544
91,1.203038,-0.092434
92,1.213610,-0.105744
93,1.216585,-0.109447
94,1.216585,-0.109447
95,1.216585,-0.109447
96,1.216585,-0.109447
97,1.216585,-0.109447
98,1.216585,-0.109447
99,1.216585,-0.109447
100,1.216585,-0.109447
101,1.209708,-0.099309
102,1.199071,-0.086056
103,1.187654,-0.073463
104,1.175540,-0.061541
105,1.162766,-0.050327
106,1.149376,-0.039857
107,1.135411,-0.030167
108,1.120917,-0.021287
109,1.105942,-0.013246
110,1.090534,-0.006070
111,1.074742,0.000218
112,1.058618,0.005597
113,1.042214,0.010050
114,1.025584,0.013562
115,1.008780,0.016123
116,0.991858,0.017723
117,0.979037,0.015976
118,0.963132,0.015054
119,0.946184,0.013755
120,0.929337,0.011494
121,0.912647,0.008279
122,0.896166,0.004118
123,0.879949,-0.000973
124,0.864048,-0.006978
125,0.859614,-0.008682
126,0.859614,-0.008682
127,0.859614,-0.008682
128,0.859614,-0.008682
129,0.863684,-0.020236
130,0.870598,-0.035760
131,0.863155,-0.040473
132,0.848717,-0.042979
133,0.833552,-0.046537
134,0.818443,-0.051102
135,0.803575,-0.056577
136,0.789029,-0.062908
137,0.774862,-0.070061
138,0.761123,-0.078009
139,0.747857,-0.086724
140,0.735106,-0.096177
141,0.722912,-0.106338
142,0.711315,-0.117172
143,0.700350,-0.128645
144,0.690052,-0.140718
145,0.680455,-0.153353
146,0.671588,-0.166507
147,0.663816,-0.179980
148,0.656529,-0.193951
149,0.649996,-0.208354
150,0.644285,-0.223107
151,0.639412,-0.238154
152,0.635391,-0.253438
153,0.632225,-0.268888
154,0.629913,-0.284441
155,0.628446,-0.300036
156,0.627809,-0.315607
157,0.627977,-0.331089
158,0.628914,-0.346410
159,0.630570,-0.361496
160,0.632881,-0.376268
161,0.635761,-0.390638
162,0.639101,-0.404508
163,0.642765,-0.417759
164,0.646581,-0.430244
165,0.650338,-0.441762
166,0.653789,-0.452025
167,0.659488,-0.451824
168,0.661113,-0.450034
169,0.663585,-0.438036
170,0.669465,-0.436496
171,0.673535,-0.442003
172,0.678491,-0.448292
173,0.683828,-0.454321
174,0.689469,-0.460006
175,0.695426,-0.465364
176,0.701718,-0.470403
177,0.707205,-0.471465
178,0.710581,-0.467280
179,0.714325,-0.462182
180,0.717969,-0.456873
181,0.721426,-0.451443
182,0.724685,-0.445909
183,0.727744,-0.440278
184,0.730600,-0.434555
185,0.733253,-0.428744
186,0.735702,-0.422849
187,0.737944,-0.416875
188,0.739978,-0.410825
189,0.741801,-0.404704
190,0.743413,-0.398516
191,0.744809,-0.392265
192,0.745987,-0.385956
193,0.746572,-0.379594
194,0.747308,-0.373202
195,0.747817,-0.366765
196,0.748097,-0.360290
197,0.748145,-0.353779
198,0.747957,-0.347241
199,0.748070,-0.341905
200,0.750165,-0.342883
201,0.752864,-0.344678
202,0.755866,-0.346667
203,0.759050,-0.348626
204,0.762363,-0.350462
205,0.765775,-0.352139
206,0.769266,-0.353642
207,0.772821,-0.354964
208,0.776425,-0.356106
209,0.780062,-0.357073
210,0.783709,-0.357882
211,0.787344,-0.358558
212,0.790951,-0.359129
213,0.794512,-0.359630
214,0.798012,-0.360106
215,0.801439,-0.360615
216,0.804781,-0.361228
217,0.808029,-0.362038
218,0.811178,-0.363162
219,0.814226,-0.364746
220,0.817171,-0.366979
221,0.820009,-0.370097
222,0.822673,-0.374404
223,0.820798,-0.379736
224,0.819652,-0.378712
225,0.820403,-0.370838
226,0.822286,-0.361625
227,0.826013,-0.359147
228,0.829058,-0.357477
229,0.833917,-0.357399
230,0.836355,-0.360148
231,0.836592,-0.360637
232,0.836839,-0.359880
233,0.837374,-0.359207
234,0.837433,-0.359153
235,0.837433,-0.359153
236,0.837433,-0.359153
237,0.837433,-0.359153
238,0.837433,-0.359153
239,0.836466,-0.346942
240,0.833770,-0.330163
241,0.830070,-0.313573
242,0.825433,-0.297220
243,0.819872,-0.281158
244,0.813407,-0.265438
245,0.806057,-0.250112
246,0.797848,-0.235228
247,0.788805,-0.220836
248,0.778957,-0.206981
249,0.776183,-0.203125
250,0.765696,-0.196795
251,0.750489,-0.189209
252,0.734850,-0.182549
253,0.718858,-0.176790
254,0.702565,-0.171950
255,0.686022,-0.168045
256,0.669284,-0.165087
257,0.652404,-0.163087
258,0.642015,-0.165926
259,0.632972,-0.169836
260,0.623561,-0.173942
261,0.611946,-0.174276
262,0.599178,-0.176801
263,0.586051,-0.180932
264,0.572679,-0.185770
265,0.559109,-0.191361
266,0.545604,-0.197401
267,0.533153,-0.201481
268,0.522561,-0.206795
269,0.514001,-0.212806
270,0.506405,-0.219319
271,0.499290,-0.226538
272,0.492372,-0.234468
273,0.485593,-0.243008
274,0.478994,-0.252158
275,0.472626,-0.261922
276,0.466540,-0.272302
277,0.460790,-0.283295
278,0.455428,-0.294894
279,0.450510,-0.307088
280,0.446088,-0.319860
281,0.442218,-0.333187
282,0.438950,-0.347044
283,0.436339,-0.361397
284,0.434432,-0.376209
285,0.433279,-0.391436
286,0.432923,-0.407027
287,0.433406,-0.422924
288,0.434765,-0.439062
289,0.437029,-0.455368
290,0.440223,-0.471759
291,0.444362,-0.488144
292,0.449441,-0.504359
293,0.455434,-0.520258
294,0.462323,-0.535790
295,0.470084,-0.550906
296,0.478692,-0.565555
297,0.488120,-0.579691
298,0.498337,-0.593267
299,0.509310,-0.606241
300,0.521003,-0.618568
301,0.533378,-0.630211
302,0.546396,-0.641131
303,0.560014,-0.651292
304,0.574188,-0.660662
305,0.588470,-0.668847
306,0.602368,-0.675619
307,0.616896,-0.681769
308,0.632014,-0.687235
309,0.647670,-0.691960
310,0.663803,-0.695888
311,0.680339,-0.698967
312,0.697170,-0.701144
313,0.713843,-0.702490
314,0.730285,-0.703032
315,0.746495,-0.702778
316,0.762449,-0.701512
317,0.778200,-0.699380
318,0.793700,-0.696415
319,0.808909,-0.692634
320,0.823789,-0.688056
321,0.837861,-0.683015
322,0.851224,-0.677567
323,0.864201,-0.671420
324,0.876757,-0.664601
325,0.888858,-0.657135
326,0.900472,-0.649053
327,0.911569,-0.640382
328,0.922119,-0.631157
329,0.932097,-0.621408
330,0.941477,-0.611171
331,0.950237,-0.600480
332,0.958355,-0.589373
333,0.965813,-0.577887
334,0.972594,-0.566059
335,0.978683,-0.553928
336,0.984069,-0.541535
337,0.988740,-0.528919
338,0.992689,-0.516120
339,0.995911,-0.503178
340,0.998400,-0.490135
341,1.000158,-0.477031
342,1.001183,-0.463905
343,1.001360,-0.450446
344,1.000923,-0.437401
345,0.999774,-0.424452
346,0.997919,-0.411641
347,0.995368,-0.399005
348,0.992135,-0.386581
349,0.988236,-0.374405
350,0.983688,-0.362513
351,0.978510,-0.350938
352,0.972723,-0.339713
353,0.966350,-0.328870
354,0.959415,-0.318438
355,0.951943,-0.308446
356,0.943963,-0.298922
357,0.937532,-0.291604
358,0.931010,-0.284144
359,0.924124,-0.277040
360,0.916885,-0.270347
361,0.909315,-0.264086
362,0.901439,-0.258273
363,0.893285,-0.252921
364,0.884879,-0.248045
365,0.876248,-0.243655
366,0.867420,-0.239760
367,0.858423,-0.236370
368,0.849285,-0.233491
369,0.840037,-0.231128
370,0.830706,-0.229284
371,0.821320,-0.227961
372,0.811910,-0.227159
373,0.802504,-0.226878
374,0.793130,-0.227114
375,0.783504,-0.228065
376,0.774286,-0.229333
377,0.765182,-0.231096
378,0.756220,-0.233349
379,0.747427,-0.236082
380,0.738828,-0.239283
381,0.730448,-0.242938
382,0.722311,-0.247035
383,0.714439,-0.251556
384,0.706854,-0.256485
385,0.699578,-0.261805
386,0.692629,-0.267497
387,0.686027,-0.273540
388,0.679789,-0.279914
389,0.673931,-0.286597
390,0.668469,-0.293568
391,0.663415,-0.300802
392,0.658782,-0.308276
393,0.654582,-0.315966
394,0.650823,-0.323847
395,0.647514,-0.331894
396,0.644661,-0.340082
397,0.642271,-0.348385
398,0.640346,-0.356776
399,0.638889,-0.365231
400,0.637902,-0.373723
401,0.637384,-0.382227
402,0.637332,-0.390716
403,0.637745,-0.399166
404,0.638617,-0.407551
405,0.639942,-0.415847
406,0.641714,-0.424029
407,0.644197,-0.432326
408,0.646846,-0.440198
409,0.649909,-0.447890
410,0.653375,-0.455376
411,0.657233,-0.462636
412,0.661468,-0.469650
413,0.666064,-0.476397
414,0.671005,-0.482861
415,0.676274,-0.489023
416,0.681853,-0.494867
417,0.687723,-0.500378
418,0.693863,-0.505542
419,0.700255,-0.510345
420,0.706877,-0.514777
421,0.713707,-0.518826
422,0.720724,-0.522483
423,0.727905,-0.525740
424,0.735228,-0.528590
425,0.742670,-0.531027
426,0.750208,-0.533047
427,0.757819,-0.534647
428,0.765479,-0.535825
429,0.773165,-0.536580
430,0.780855,-0.536914
431,0.788525,-0.536828
432,0.796152,-0.536325
433,0.803715,-0.535411
434,0.811190,-0.534090
435,0.818558,-0.532369
436,0.825795,-0.530256
437,0.832883,-0.527761
438,0.839800,-0.524893
439,0.846705,-0.521335
440,0.853209,-0.517748
441,0.859491,-0.513826
442,0.865529,-0.509584
443,0.871307,-0.505034
444,0.876811,-0.500193
445,0.882025,-0.495077
446,0.886936,-0.489703
447,0.891532,-0.484089
448,0.895801,-0.478254
449,0.899733,-0.472215
450,0.903319,-0.465993
451,0.906550,-0.459607
452,0.909420,-0.453077
453,0.911922,-0.446423
454,0.914051,-0.439665
455,0.915804,-0.432826
456,0.917179,-0.425924
457,0.918174,-0.418981
458,0.918788,-0.412019
459,0.919022,-0.405056
460,0.918879,-0.398115
461,0.918361,-0.391214
462,0.917473,-0.384375
463,0.916219,-0.377616
464,0.914606,-0.370958
465,0.912641,-0.364419
466,0.910333,-0.358018
467,0.907689,-0.351771
468,0.904721,-0.345698
469,0.901439,-0.339813
470,0.897856,-0.334134
471,0.893983,-0.328675
472,0.889468,-0.323377
473,0.885054,-0.318415
474,0.880393,-0.313715
475,0.875501,-0.309289
476,0.870393,-0.305147
477,0.865087,-0.301301
478,0.859598,-0.297758
479,0.853945,-0.294528
480,0.848144,-0.291618
481,0.842214,-0.289034
482,0.836173,-0.286782
483,0.830038,-0.284865
484,0.823830,-0.283287
485,0.817566,-0.282051
486,0.811265,-0.281157
487,0.804945,-0.280607
488,0.798625,-0.280399
489,0.792324,-0.280532
490,0.786059,-0.281003
491,0.779848,-0.281808
492,0.773710,-0.282943
493,0.767661,-0.284403
494,0.761719,-0.286180
495,0.755899,-0.288269
496,0.750219,-0.290660
497,0.744692,-0.293345
498,0.739336,-0.296314
499,0.734163,-0.299557
500,0.729188,-0.303062
501,0.724424,-0.306818
502,0.719883,-0.310812
503,0.715576,-0.315032
504,0.711534,-0.319835
505,0.707745,-0.324463
506,0.704220,-0.329272
507,0.700969,-0.334249
508,0.697999,-0.339377
509,0.695317,-0.344640
510,0.692928,-0.350024
511,0.690839,-0.355510
512,0.689052,-0.361084
513,0.687571,-0.366729
514,0.686399,-0.372427
515,0.685537,-0.378162
516,0.684985,-0.383918
517,0.684743,-0.389678
518,0.684810,-0.395425
519,0.685183,-0.401143
520,0.685860,-0.406815
521,0.686836,-0.412427
522,0.688108,-0.417961
523,0.689670,-0.423404
524,0.691515,-0.428739
525,0.693636,-0.433953
526,0.696027,-0.439030
527,0.698677,-0.443958
528,0.701579,-0.448724
529,0.704722,-0.453314
530,0.708095,-0.457717
531,0.711689,-0.461921
532,0.715491,-0.465916
533,0.719490,-0.469691
534,0.723672,-0.473237
535,0.728025,-0.476545
536,0.732885,-0.479475
537,0.737533,-0.482269
538,0.742310,-0.484805
539,0.747202,-0.487076
540,0.752195,-0.489078
541,0.757272,-0.490806
542,0.762420,-0.492257
543,0.767624,-0.493428
544,0.772868,-0.494318
545,0.778137,-0.494926
546,0.783417,-0.495252
547,0.788692,-0.495297
548,0.793948,-0.495061
549,0.799170,-0.494547
550,0.804343,-0.493758
551,0.809453,-0.492699
552,0.814487,-0.491373
553,0.819429,-0.489785
554,0.824268,-0.487942
555,0.828989,-0.485850
556,0.833580,-0.483516
557,0.838030,-0.480948
558,0.842326,-0.478155
559,0.846457,-0.475146
560,0.850412,-0.471930
561,0.854182,-0.468517
562,0.857756,-0.464918
563,0.861125,-0.461145
564,0.864283,-0.457207
565,0.867219,-0.453118
566,0.869928,-0.448890
567,0.872219,-0.444211
568,0.874438,-0.439751
569,0.876415,-0.435190
570,0.878143,-0.430542
571,0.879619,-0.425820
572,0.880840,-0.421039
573,0.881805,-0.416210
574,0.882510,-0.411349
575,0.882957,-0.406469
576,0.883144,-0.401584
577,0.883073,-0.396707
578,0.882745,-0.391851
579,0.882162,-0.387031
580,0.881327,-0.382259
581,0.880244,-0.377549
582,0.878916,-0.372913
583,0.877349,-0.368363
584,0.875547,-0.363912
585,0.873517,-0.359573
586,0.871266,-0.355355
587,0.868801,-0.351271
588,0.866130,-0.347331
589,0.863260,-0.343546
590,0.860201,-0.339925
591,0.856962,-0.336477
592,0.853553,-0.333212
593,0.849983,-0.330138
594,0.846264,-0.327261
595,0.842406,-0.324591
596,0.838421,-0.322132
597,0.834320,-0.319891
598,0.830114,-0.317873
599,0.825549,-0.316342
600,0.821185,-0.314798
601,0.816753,-0.313487
602,0.812267,-0.312413
603,0.807739,-0.311578
604,0.803181,-0.310984
605,0.798608,-0.310632
606,0.794030,-0.310521
607,0.789461,-0.310650
608,0.784913,-0.311019
609,0.780399,-0.311626
610,0.775931,-0.312468
611,0.771521,-0.313542
612,0.767181,-0.314845
613,0.762923,-0.316371
614,0.758757,-0.318116
615,0.754696,-0.320074
616,0.750750,-0.322240
617,0.746929,-0.324606
618,0.743244,-0.327166
619,0.739704,-0.329912
620,0.736318,-0.332835
621,0.733096,-0.335928
622,0.730045,-0.339181
623,0.727173,-0.342584
624,0.724488,-0.346129
625,0.721997,-0.349804
626,0.719705,-0.353600
627,0.717619,-0.357506
628,0.715744,-0.361510
629,0.714083,-0.365601
630,0.712642,-0.369769
631,0.711742,-0.374194
632,0.710758,-0.378462
633,0.710000,-0.382771
634,0.709470,-0.387108
635,0.709169,-0.391462
636,0.709097,-0.395820
637,0.709254,-0.400170
638,0.709638,-0.404501
639,0.710248,-0.408802
640,0.711083,-0.413059
641,0.712138,-0.417262
642,0.713411,-0.421399
643,0.714898,-0.425459
644,0.716594,-0.429431
645,0.718495,-0.433305
646,0.720593,-0.437070
647,0.722885,-0.440716
648,0.725362,-0.444233
649,0.728018,-0.447613
650,0.730845,-0.450845
651,0.733835,-0.453921
652,0.736979,-0.456834
653,0.740269,-0.459575
654,0.743696,-0.462137
655,0.747250,-0.464515
656,0.750920,-0.466700
657,0.754697,-0.468688
658,0.758571,-0.470474
659,0.762530,-0.472053
660,0.766563,-0.473421
661,0.770660,-0.474574
662,0.774809,-0.475510
663,0.779105,-0.475869
664,0.783305,-0.476358
665,0.787522,-0.476627
666,0.791745,-0.476673
667,0.795963,-0.476498
668,0.800163,-0.476102
669,0.804334,-0.475486
670,0.808464,-0.474652
671,0.812543,-0.473603
672,0.816560,-0.472342
673,0.820503,-0.470872
674,0.824361,-0.469197
675,0.828125,-0.467324
676,0.831783,-0.465255
677,0.835326,-0.462998
678,0.838745,-0.460559
679,0.842029,-0.457944
680,0.845170,-0.455162
681,0.848160,-0.452218
682,0.850990,-0.449123
683,0.853652,-0.445884
684,0.856140,-0.442510
685,0.858446,-0.439010
686,0.860565,-0.435395
687,0.862490,-0.431674
688,0.864216,-0.427857
689,0.865738,-0.423956
690,0.867053,-0.419980
691,0.868157,-0.415941
692,0.869046,-0.411850
693,0.869718,-0.407718
694,0.870172,-0.403557
695,0.870033,-0.399367
696,0.870046,-0.395201
697,0.869840,-0.391040
698,0.869414,-0.386896
699,0.868771,-0.382780
700,0.867912,-0.378703
701,0.866839,-0.374677
702,0.865554,-0.370713
703,0.864063,-0.366822
704,0.862368,-0.363014
705,0.860474,-0.359301
706,0.858387,-0.355692
707,0.856111,-0.352198
708,0.853654,-0.348828
709,0.851022,-0.345592
710,0.848222,-0.342499
711,0.845262,-0.339557
712,0.842149,-0.336775
713,0.838893,-0.334161
714,0.835503,-0.331722
715,0.831987,-0.329465
716,0.828356,-0.327396
717,0.824619,-0.325522
718,0.820787,-0.323847
719,0.816870,-0.322377
720,0.812879,-0.321116
721,0.808825,-0.320067
722,0.804720,-0.319234
723,0.800575,-0.318620
724,0.796401,-0.318225
725,0.792211,-0.318053
726,0.788015,-0.318102
727,0.783893,-0.318741
728,0.779742,-0.319231
729,0.775620,-0.319941
730,0.771540,-0.320868
731,0.767513,-0.322012
732,0.763550,-0.323368
733,0.759661,-0.324933
734,0.755860,-0.326704
735,0.752155,-0.328675
736,0.748559,-0.330841
737,0.745080,-0.333197
738,0.741729,-0.335736
739,0.738515,-0.338451
740,0.735449,-0.341335
741,0.732538,-0.344380
742,0.729791,-0.347578
743,0.727216,-0.350919
744,0.724821,-0.354396
745,0.722613,-0.357997
746,0.720599,-0.361714
747,0.718783,-0.365535
748,0.717173,-0.369451
749,0.715772,-0.373450
750,0.714585,-0.377522
751,0.713616,-0.381653
752,0.712869,-0.385835
753,0.712345,-0.390053
754,0.712046,-0.394297
755,0.711974,-0.398555
756,0.712130,-0.402813
757,0.712513,-0.407062
758,0.713123,-0.411287
759,0.714296,-0.415321
760,0.715346,-0.419445
761,0.716615,-0.423511
762,0.718101,-0.427508
763,0.719801,-0.431422
764,0.721708,-0.435244
765,0.723820,-0.438962
766,0.726129,-0.442566
767,0.728631,-0.446043
768,0.731317,-0.449386
769,0.734181,-0.452582
770,0.737216,-0.455624
771,0.740412,-0.458502
772,0.743761,-0.461207
773,0.747254,-0.463732
774,0.750880,-0.466068
775,0.754631,-0.468209
776,0.758495,-0.470147
777,0.762462,-0.471877
778,0.766519,-0.473394
779,0.770657,-0.474692
780,0.774864,-0.475767
781,0.779126,-0.476616
782,0.783432,-0.477235
783,0.787771,-0.477622
784,0.792128,-0.477776
785,0.796493,-0.477696
786,0.800851,-0.477380
787,0.805192,-0.476830
788,0.809501,-0.476047
789,0.813767,-0.475031
790,0.817976,-0.473787
791,0.821882,-0.472027
792,0.825926,-0.470347
793,0.829879,-0.468449
794,0.833728,-0.466339
795,0.837462,-0.464022
796,0.841071,-0.461504
797,0.844542,-0.458793
798,0.847867,-0.455894
799,0.851034,-0.452817
800,0.854034,-0.449569
801,0.856858,-0.446160
802,0.859497,-0.442600
803,0.861943,-0.438898
804,0.864188,-0.435064
805,0.866226,-0.431110
806,0.868049,-0.427046
807,0.869652,-0.422885
808,0.871029,-0.418638
809,0.872177,-0.414317
810,0.873090,-0.409935
811,0.873766,-0.405505
812,0.874201,-0.401039
813,0.874395,-0.396550
814,0.874345,-0.392051
815,0.874052,-0.387556
816,0.873514,-0.383078
817,0.872734,-0.378630
818,0.871713,-0.374225
819,0.870453,-0.369876
820,0.868958,-0.365596
821,0.867230,-0.361398
822,0.865275,-0.357295
823,0.862876,-0.353599
824,0.860499,-0.349734
825,0.857913,-0.345999
826,0.855125,-0.342405
827,0.852142,-0.338963
828,0.848972,-0.335684
829,0.845624,-0.332578
830,0.842108,-0.329654
831,0.838433,-0.326922
832,0.834610,-0.324390
833,0.830650,-0.322067
834,0.826563,-0.319959
835,0.822363,-0.318074
836,0.818061,-0.316419
837,0.813669,-0.314998
838,0.809200,-0.313816
839,0.804667,-0.312878
840,0.800084,-0.312188
841,0.795464,-0.311747
842,0.790820,-0.311558
843,0.786166,-0.311623
844,0.781517,-0.311942
845,0.776886,-0.312514
846,0.772286,-0.313339
847,0.767732,-0.314415
848,0.763238,-0.315740
849,0.758816,-0.317310
850,0.754481,-0.319121
851,0.750245,-0.321169
852,0.746121,-0.323448
853,0.742123,-0.325952
854,0.738262,-0.328675
855,0.734896,-0.331748
856,0.731353,-0.334863
857,0.727981,-0.338171
858,0.724791,-0.341663
859,0.721791,-0.345330
860,0.718993,-0.349160
861,0.716405,-0.353143
862,0.714035,-0.357268
863,0.711892,-0.361521
864,0.709981,-0.365892
865,0.708311,-0.370367
866,0.706886,-0.374933
867,0.705711,-0.379577
868,0.704791,-0.384284
869,0.704129,-0.389041
870,0.703728,-0.393835
871,0.703590,-0.398649
872,0.703717,-0.403471
873,0.704107,-0.408285
874,0.704763,-0.413077
875,0.705681,-0.417832
876,0.706860,-0.422537
877,0.708297,-0.427176
878,0.709989,-0.431736
879,0.711932,-0.436203
880,0.714119,-0.440562
881,0.716546,-0.444800
882,0.719206,-0.448904
883,0.722090,-0.452862
884,0.725193,-0.456660
885,0.728503,-0.460288
886,0.732082,-0.463366
887,0.735759,-0.466614
888,0.739613,-0.469659
889,0.743635,-0.472492
890,0.747811,-0.475103
891,0.752131,-0.477483
892,0.756582,-0.479626
893,0.761150,-0.481523
894,0.765822,-0.483168
895,0.770584,-0.484556
896,0.775422,-0.485681
897,0.780321,-0.486539
898,0.785266,-0.487128
899,0.790244,-0.487443
900,0.795238,-0.487484
901,0.800234,-0.487250
902,0.805216,-0.486740
903,0.810170,-0.485955
904,0.815079,-0.484897
905,0.819929,-0.483568
906,0.824706,-0.481972
907,0.829393,-0.480112
908,0.833977,-0.477994
909,0.838443,-0.475623
910,0.842778,-0.473006
911,0.846968,-0.470150
912,0.850999,-0.467063
913,0.854859,-0.463753
914,0.858535,-0.460231
915,0.862016,-0.456506
916,0.865291,-0.452589
917,0.868348,-0.448492
918,0.870807,-0.444251
919,0.873403,-0.439852
920,0.875756,-0.435311
921,0.877857,-0.430641
922,0.879699,-0.425856
923,0.881277,-0.420969
924,0.882583,-0.415996
925,0.883615,-0.410952
926,0.884366,-0.405851
927,0.884836,-0.400710
928,0.885020,-0.395543
929,0.884918,-0.390368
930,0.884530,-0.385198
931,0.883856,-0.380052
932,0.882896,-0.374944
933,0.881653,-0.369889
934,0.880131,-0.364905
935,0.878333,-0.360006
936,0.876263,-0.355208
937,0.873928,-0.350526
938,0.871334,-0.345974
939,0.868488,-0.341566
940,0.865398,-0.337318
941,0.862073,-0.333242
942,0.858522,-0.329351
943,0.854757,-0.325658
944,0.850787,-0.322175
945,0.846625,-0.318912
946,0.842283,-0.315882
947,0.837773,-0.313093
948,0.833110,-0.310556
949,0.828307,-0.308278
950,0.823496,-0.306621
951,0.818478,-0.304876
952,0.813366,-0.303410
953,0.808173,-0.302229
954,0.802916,-0.301336
955,0.797611,-0.300736
956,0.792274,-0.300430
957,0.786920,-0.300421
958,0.781568,-0.300710
959,0.776233,-0.301297
960,0.770933,-0.302179
961,0.765682,-0.303357
962,0.760499,-0.304826
963,0.755398,-0.306583
964,0.750396,-0.308623
965,0.745510,-0.310941
966,0.740753,-0.313530
967,0.736142,-0.316383
968,0.731691,-0.319492
969,0.727415,-0.322848
970,0.723326,-0.326441
971,0.719439,-0.330261
972,0.715765,-0.334296
973,0.712317,-0.338534
974,0.709106,-0.342963
975,0.706142,-0.347570
976,0.703437,-0.352341
977,0.700997,-0.357260
978,0.698833,-0.362315
979,0.696951,-0.367488
980,0.695357,-0.372765
981,0.694059,-0.378128
982,0.693371,-0.383359
983,0.692662,-0.388829
984,0.692257,-0.394336
985,0.692159,-0.399863
986,0.692369,-0.405394
987,0.692888,-0.410912
988,0.693714,-0.416398
989,0.694846,-0.421837
990,0.696281,-0.427211
991,0.698015,-0.432504
992,0.700044,-0.437697
993,0.702363,-0.442776
994,0.704963,-0.447724
995,0.707839,-0.452525
996,0.710982,-0.457164
997,0.714383,-0.461625
998,0.718032,-0.465896
999,0.721918,-0.469961
1000,0.726029,-0.473807
1001,0.730354,-0.477423
1002,0.734879,-0.480796
1003,0.739591,-0.483915
1004,0.744475,-0.486769
1005,0.749518,-0.489350
1006,0.754702,-0.491648
1007,0.760013,-0.493656
1008,0.765434,-0.495366
1009,0.770948,-0.496772
1010,0.776540,-0.497870
1011,0.782190,-0.498654
1012,0.787882,-0.499123
1013,0.793598,-0.499273
1014,0.799042,-0.498855
1015,0.804738,-0.498383
1016,0.810404,-0.497595
1017,0.816023,-0.496490
1018,0.821579,-0.495071
1019,0.827053,-0.493342
1020,0.832428,-0.491307
1021,0.837687,-0.488973
1022,0.842813,-0.486345
1023,0.847790,-0.483432
1024,0.852602,-0.480241
1025,0.857234,-0.476783
1026,0.861670,-0.473067
1027,0.865896,-0.469104
1028,0.869899,-0.464906
1029,0.873664,-0.460485
1030,0.877181,-0.455856
1031,0.880437,-0.451032
1032,0.883422,-0.446028
1033,0.886125,-0.440859
1034,0.888537,-0.435541
1035,0.890651,-0.430090
1036,0.892458,-0.424523
1037,0.893953,-0.418858
1038,0.895129,-0.413111
1039,0.895984,-0.407301
1040,0.896512,-0.401446
1041,0.896712,-0.395564
1042,0.896582,-0.389673
1043,0.896122,-0.383792
1044,0.895333,-0.377940
1045,0.894216,-0.372135
1046,0.892607,-0.366729
1047,0.890866,-0.361082
1048,0.888811,-0.355537
1049,0.886445,-0.350109
1050,0.883777,-0.344817
1051,0.880813,-0.339677
1052,0.877562,-0.334705
1053,0.874034,-0.329919
1054,0.870239,-0.325332
1055,0.866189,-0.320961
1056,0.861896,-0.316819
1057,0.857372,-0.312919
1058,0.852633,-0.309276
1059,0.847691,-0.305900
1060,0.842562,-0.302803
1061,0.837262,-0.299996
1062,0.831807,-0.297487
1063,0.826214,-0.295286
1064,0.820501,-0.293400
1065,0.814685,-0.291835
1066,0.808784,-0.290598
1067,0.802816,-0.289693
1068,0.796801,-0.289123
1069,0.790757,-0.288891
1070,0.784704,-0.288998
1071,0.778660,-0.289446
1072,0.772644,-0.290232
1073,0.766675,-0.291356
1074,0.760773,-0.292814
1075,0.754956,-0.294603
1076,0.749242,-0.296718
1077,0.744007,-0.299262
1078,0.738562,-0.301986
1079,0.733273,-0.305014
1080,0.728157,-0.308336
1081,0.723230,-0.311944
1082,0.718509,-0.315827
1083,0.714009,-0.319973
1084,0.709744,-0.324369
1085,0.705728,-0.329003
1086,0.701976,-0.333860
1087,0.698498,-0.338924
1088,0.695307,-0.344182
1089,0.692414,-0.349615
1090,0.689827,-0.355208
1091,0.687557,-0.360943
1092,0.685610,-0.366803
1093,0.683994,-0.372768
1094,0.682714,-0.378821
1095,0.681775,-0.384942
1096,0.681181,-0.391112
1097,0.680935,-0.397312
1098,0.681037,-0.403522
1099,0.681488,-0.409723
1100,0.682288,-0.415894
1101,0.683434,-0.422017
1102,0.684924,-0.428072
1103,0.686754,-0.434039
1104,0.688918,-0.439899
1105,0.691411,-0.445634
1106,0.694225,-0.451225
1107,0.697351,-0.456654
1108,0.700781,-0.461904
1109,0.704518,-0.466586
1110,0.708499,-0.471427
1111,0.712749,-0.476041
1112,0.717256,-0.480412
1113,0.722005,-0.484528
1114,0.726984,-0.488374
1115,0.732175,-0.491936
1116,0.737564,-0.495205
1117,0.743133,-0.498168
1118,0.748866,-0.500815
1119,0.754744,-0.503138
1120,0.760748,-0.505129
1121,0.766861,-0.506780
1122,0.773063,-0.508086
1123,0.779335,-0.509042
1124,0.785656,-0.509644
1125,0.792006,-0.509890
1126,0.798367,-0.509778
1127,0.804716,-0.509307
1128,0.811035,-0.508480
1129,0.817303,-0.507297
1130,0.823501,-0.505762
1131,0.829607,-0.503878
1132,0.835604,-0.501652
1133,0.841470,-0.499090
1134,0.847189,-0.496199
1135,0.852741,-0.492988
1136,0.858107,-0.489466
1137,0.863272,-0.485645
1138,0.868218,-0.481534
1139,0.872929,-0.477148
1140,0.877389,-0.472500
1141,0.881221,-0.467688
1142,0.885144,-0.462583
1143,0.888777,-0.457261
1144,0.892107,-0.451738
1145,0.895123,-0.446031
1146,0.897816,-0.440158
1147,0.900176,-0.434138
1148,0.902194,-0.427989
1149,0.903865,-0.421731
1150,0.905181,-0.415383
1151,0.906139,-0.408965
1152,0.906734,-0.402498
1153,0.906964,-0.396002
1154,0.906828,-0.389498
1155,0.906325,-0.383006
1156,0.905456,-0.376548
1157,0.904224,-0.370143
1158,0.902631,-0.363812
1159,0.900682,-0.357576
1160,0.898384,-0.351454
1161,0.895741,-0.345467
1162,0.892763,-0.339633
1163,0.889458,-0.333972
1164,0.885836,-0.328501
1165,0.881908,-0.323238
1166,0.877687,-0.318202
1167,0.873184,-0.313407
1168,0.868414,-0.308869
1169,0.863392,-0.304605
1170,0.858133,-0.300627
1171,0.852654,-0.296949
1172,0.847116,-0.293926
1173,0.841269,-0.290873
1174,0.835257,-0.288151
1175,0.829095,-0.285771
1176,0.822804,-0.283740
1177,0.816404,-0.282066
1178,0.809913,-0.280754
1179,0.803354,-0.279810
1180,0.796747,-0.279236
1181,0.790112,-0.279036
1182,0.783472,-0.279211
1183,0.776846,-0.279760
1184,0.770257,-0.280683
1185,0.763725,-0.281978
1186,0.757271,-0.283640
1187,0.750917,-0.285665
1188,0.744681,-0.288047
1189,0.738586,-0.290779
1190,0.732649,-0.293854
1191,0.726891,-0.297261
1192,0.721330,-0.300990
1193,0.715984,-0.305031
1194,0.710870,-0.309370
1195,0.706006,-0.313995
1196,0.701406,-0.318890
1197,0.697088,-0.324041
1198,0.693063,-0.329432
1199,0.689346,-0.335046
1200,0.685950,-0.340865
1201,0.682885,-0.346871
1202,0.680162,-0.353046
1203,0.677789,-0.359369
1204,0.676071,-0.365592
1205,0.674408,-0.372133
1206,0.673115,-0.378762
1207,0.672198,-0.385458
1208,0.671660,-0.392200
1209,0.671503,-0.398967
1210,0.671728,-0.405737
1211,0.672336,-0.412489
1212,0.673325,-0.419200
1213,0.674692,-0.425850
1214,0.676434,-0.432418
1215,0.678546,-0.438881
1216,0.681021,-0.445219
1217,0.683852,-0.451412
1218,0.687031,-0.457440
1219,0.690548,-0.463282
1220,0.694391,-0.468922
1221,0.698551,-0.474339
1222,0.703013,-0.479516
1223,0.707763,-0.484436
1224,0.712788,-0.489084
1225,0.718071,-0.493444
1226,0.723596,-0.497501
1227,0.729345,-0.501242
1228,0.735301,-0.504655
1229,0.741445,-0.507728
1230,0.747757,-0.510451
1231,0.754217,-0.512815
1232,0.760806,-0.514812
1233,0.767501,-0.516434
1234,0.774282,-0.517677
1235,0.781128,-0.518534
1236,0.787717,-0.518781
1237,0.794611,-0.518882
1238,0.801504,-0.518594
1239,0.808375,-0.517917
1240,0.815201,-0.516851
1241,0.821960,-0.515401
1242,0.828632,-0.513569
1243,0.835194,-0.511362
1244,0.841625,-0.508786
1245,0.847904,-0.505848
1246,0.854012,-0.502558
1247,0.859928,-0.498925
1248,0.865633,-0.494961
1249,0.871109,-0.490678
1250,0.876338,-0.486089
1251,0.881302,-0.481208
1252,0.885985,-0.476051
1253,0.890373,-0.470634
1254,0.894449,-0.464973
1255,0.898202,-0.459088
1256,0.901619,-0.452995
1257,0.904687,-0.446714
1258,0.907398,-0.440266
1259,0.909741,-0.433670
1260,0.911708,-0.426948
1261,0.913294,-0.420121
1262,0.914492,-0.413211
1263,0.915297,-0.406239
1264,0.915707,-0.399228
1265,0.915720,-0.392201
1266,0.915336,-0.385179
1267,0.914386,-0.378519
1268,0.913232,-0.371587
1269,0.911688,-0.364727
1270,0.909758,-0.357962
1271,0.907447,-0.351312
1272,0.904761,-0.344799
1273,0.901710,-0.338444
1274,0.898301,-0.332269
1275,0.894547,-0.326292
1276,0.890457,-0.320533
1277,0.886046,-0.315011
1278,0.881326,-0.309744
1279,0.876313,-0.304750
1280,0.871021,-0.300044
1281,0.865468,-0.295642
1282,0.859672,-0.291559
1283,0.853650,-0.287808
1284,0.847421,-0.284401
1285,0.841006,-0.281350
1286,0.834424,-0.278666
1287,0.827696,-0.276357
1288,0.820844,-0.274431
1289,0.813890,-0.272895
1290,0.806856,-0.271754
1291,0.799764,-0.271013
1292,0.792637,-0.270674
1293,0.785498,-0.270738
1294,0.778369,-0.271207
1295,0.771274,-0.272080
1296,0.764236,-0.273353
1297,0.757276,-0.275023
1298,0.750418,-0.277086
1299,0.744049,-0.279609
1300,0.737464,-0.282412
1301,0.731045,-0.285584
1302,0.724812,-0.289116
1303,0.718784,-0.292998
1304,0.712983,-0.297217
1305,0.707427,-0.301761
1306,0.702133,-0.306614
1307,0.697120,-0.311763
1308,0.692403,-0.317191
1309,0.687999,-0.322880
1310,0.683921,-0.328813
1311,0.680183,-0.334971
1312,0.676798,-0.341335
1313,0.673778,-0.347884
1314,0.671131,-0.354597
1315,0.668867,-0.361454
1316,0.666994,-0.368432
1317,0.665518,-0.375509
1318,0.664444,-0.382662
1319,0.663777,-0.389869
1320,0.663519,-0.397106
1321,0.663672,-0.404351
1322,0.664234,-0.411579
1323,0.665206,-0.418768
1324,0.666584,-0.425895
1325,0.668364,-0.432936
1326,0.670542,-0.439869
1327,0.673110,-0.446671
1328,0.676061,-0.453321
1329,0.679386,-0.459797
1330,0.683083,-0.465705
1331,0.687098,-0.471771
1332,0.691451,-0.477603
1333,0.696130,-0.483182
1334,0.701120,-0.488490
1335,0.706405,-0.493510
1336,0.711970,-0.498225
1337,0.717796,-0.502620
1338,0.723866,-0.506680
1339,0.730158,-0.510391
1340,0.736655,-0.513742
1341,0.743335,-0.516722
1342,0.750177,-0.519319
1343,0.757158,-0.521526
1344,0.764258,-0.523335
1345,0.771452,-0.524740
1346,0.778718,-0.525735
1347,0.786034,-0.526317
1348,0.793374,-0.526484
1349,0.800716,-0.526235
1350,0.808036,-0.525570
1351,0.815311,-0.524490
1352,0.822517,-0.522999
1353,0.829630,-0.521102
1354,0.836629,-0.518803
1355,0.843489,-0.516109
1356,0.850189,-0.513030
1357,0.856708,-0.509574
1358,0.863024,-0.505752
1359,0.869116,-0.501576
1360,0.874965,-0.497060
1361,0.880552,-0.492216
1362,0.885496,-0.487152
1363,0.890511,-0.481727
1364,0.895214,-0.476024
1365,0.899588,-0.470061
1366,0.903619,-0.463856
1367,0.907294,-0.457429
1368,0.910601,-0.450801
1369,0.913528,-0.443993
1370,0.916066,-0.437026
1371,0.918206,-0.429923
1372,0.919941,-0.422706
1373,0.921265,-0.415399
1374,0.922173,-0.408024
1375,0.922661,-0.400606
1376,0.922729,-0.393169
1377,0.922374,-0.385736
1378,0.921599,-0.378331
1379,0.920404,-0.370978
1380,0.918793,-0.363702
1381,0.916772,-0.356524
1382,0.914346,-0.349469
1383,0.911522,-0.342560
1384,0.908309,-0.335818
1385,0.904718,-0.329266
1386,0.900759,-0.322925
1387,0.896444,-0.316816
1388,0.891788,-0.310958
1389,0.886805,-0.305371
1390,0.881510,-0.300072
1391,0.875921,-0.295080
1392,0.870054,-0.290411
1393,0.864084,-0.286418
1394,0.857744,-0.282428
1395,0.851185,-0.278800
1396,0.844429,-0.275549
1397,0.837495,-0.272685
1398,0.830407,-0.270217
1399,0.823186,-0.268154
1400,0.815857,-0.266503
1401,0.808442,-0.265270
1402,0.800966,-0.264459
1403,0.793452,-0.264073
1404,0.785925,-0.264113
1405,0.778408,-0.264581
1406,0.770927,-0.265475
1407,0.763504,-0.266792
1408,0.756165,-0.268529
1409,0.748933,-0.270680
1410,0.741831,-0.273239
1411,0.734882,-0.276199
1412,0.728109,-0.279549
1413,0.721534,-0.283280
1414,0.715178,-0.287379
1415,0.709063,-0.291835
1416,0.703206,-0.296632
1417,0.697629,-0.301757
1418,0.692349,-0.307192
1419,0.687384,-0.312920
1420,0.682749,-0.318924
1421,0.678460,-0.325184
1422,0.674532,-0.331679
1423,0.670976,-0.338391
1424,0.668115,-0.345087
1425,0.665326,-0.352145
1426,0.662938,-0.359351
1427,0.660962,-0.366684
1428,0.659405,-0.374121
1429,0.658271,-0.381637
1430,0.657565,-0.389209
1431,0.657290,-0.396812
1432,0.657447,-0.404422
1433,0.658035,-0.412014
1434,0.659054,-0.419564
1435,0.660500,-0.427048
1436,0.662369,-0.434440
1437,0.664656,-0.441718
1438,0.667353,-0.448858
1439,0.670452,-0.455836
1440,0.673944,-0.462631
1441,0.677817,-0.469219
1442,0.682060,-0.475579
1443,0.686658,-0.481691
1444,0.691599,-0.487535
1445,0.696865,-0.493092
1446,0.702441,-0.498343
1447,0.708308,-0.503271
1448,0.714448,-0.507861
1449,0.720841,-0.512097
1450,0.727467,-0.515964
1451,0.734305,-0.519451
1452,0.741333,-0.522546
1453,0.748528,-0.525238
1454,0.755868,-0.527518
1455,0.763328,-0.529379
1456,0.770604,-0.530570
1457,0.778218,-0.531594
1458,0.785880,-0.532186
1459,0.793566,-0.532343
1460,0.801252,-0.532063
1461,0.808913,-0.531348
1462,0.816524,-0.530198
1463,0.824061,-0.528617
1464,0.831499,-0.526611
1465,0.838814,-0.524184
1466,0.845983,-0.521345
1467,0.852982,-0.518102
1468,0.859789,-0.514466
1469,0.866381,-0.510447
1470,0.872736,-0.506060
1471,0.878835,-0.501316
1472,0.884658,-0.496232
1473,0.890184,-0.490823
1474,0.895397,-0.485107
1475,0.900279,-0.479102
1476,0.904814,-0.472826
1477,0.908988,-0.466301
1478,0.912785,-0.459547
1479,0.916195,-0.452585
1480,0.919205,-0.445438
1481,0.921806,-0.438129
1482,0.923988,-0.430680
1483,0.925744,-0.423117
1484,0.927069,-0.415464
1485,0.927958,-0.407744
1486,0.928407,-0.399983
1487,0.928415,-0.392206
1488,0.927822,-0.384775
1489,0.926971,-0.377051
1490,0.925685,-0.369386
1491,0.923965,-0.361803
1492,0.921816,-0.354327
1493,0.919245,-0.346982
1494,0.916260,-0.339793
1495,0.912871,-0.332781
1496,0.909087,-0.325971
1497,0.904921,-0.319384
1498,0.900386,-0.313041
1499,0.895497,-0.306964
1500,0.890268,-0.301172
1501,0.884717,-0.295684
1502,0.878861,-0.290518
1503,0.872718,-0.285691
1504,0.866309,-0.281219
1505,0.859654,-0.277117
1506,0.852774,-0.273398
1507,0.845691,-0.270074
1508,0.838428,-0.267156
1509,0.831008,-0.264655
1510,0.823455,-0.262578
1511,0.815794,-0.260933
1512,0.808049,-0.259725
1513,0.800244,-0.258959
1514,0.792406,-0.258637
1515,0.784559,-0.258761
1516,0.776729,-0.259330
1517,0.768941,-0.260343
1518,0.761220,-0.261798
1519,0.753951,-0.263788
1520,0.746445,-0.266086
1521,0.739080,-0.268805
1522,0.731878,-0.271939
1523,0.724863,-0.275478
1524,0.718058,-0.279411
1525,0.711484,-0.283726
1526,0.705165,-0.288409
1527,0.699119,-0.293445
1528,0.693366,-0.298819
1529,0.687927,-0.304512
1530,0.682817,-0.310508
1531,0.678055,-0.316786
1532,0.673655,-0.323327
1533,0.669632,-0.330109
1534,0.666000,-0.337112
1535,0.662771,-0.344313
1536,0.659954,-0.351687
1537,0.657560,-0.359213
1538,0.655597,-0.366865
1539,0.654071,-0.374619
1540,0.652987,-0.382450
1541,0.652350,-0.390333
1542,0.652162,-0.398242
1543,0.652423,-0.406152
1544,0.653133,-0.414037
1545,0.654291,-0.421871
1546,0.655892,-0.429630
1547,0.657932,-0.437288
1548,0.660405,-0.444821
1549,0.663302,-0.452203
1550,0.666615,-0.459412
1551,0.670334,-0.466050
1552,0.674420,-0.472842
1553,0.678886,-0.479393
1554,0.683717,-0.485682
1555,0.688901,-0.491689
1556,0.694418,-0.497393
1557,0.700254,-0.502777
1558,0.706387,-0.507822
1559,0.712800,-0.512512
1560,0.719470,-0.516832
1561,0.726378,-0.520767
1562,0.733501,-0.524304
1563,0.740816,-0.527432
1564,0.748299,-0.530141
1565,0.755926,-0.532421
1566,0.763673,-0.534264
1567,0.771515,-0.535665
1568,0.779427,-0.536618
1569,0.787383,-0.537120
1570,0.795357,-0.537169
1571,0.803323,-0.536766
1572,0.811257,-0.535910
1573,0.819131,-0.534604
1574,0.826921,-0.532852
1575,0.834602,-0.530660
1576,0.842148,-0.528034
1577,0.849535,-0.524982
1578,0.856740,-0.521515
1579,0.863738,-0.517642
1580,0.870506,-0.513377
1581,0.877024,-0.508732
1582,0.882902,-0.503788
1583,0.888860,-0.498456
1584,0.894507,-0.492794
1585,0.899826,-0.486818
1586,0.904798,-0.480548
1587,0.909408,-0.474003
1588,0.913639,-0.467205
1589,0.917478,-0.460175
1590,0.920913,-0.452936
1591,0.923932,-0.445512
1592,0.926525,-0.437925
1593,0.928683,-0.430200
1594,0.930400,-0.422363
1595,0.931668,-0.414439
1596,0.932485,-0.406453
1597,0.932847,-0.398431
1598,0.932752,-0.390398
1599,0.932200,-0.382382
1600,0.931194,-0.374407
1601,0.929735,-0.366500
1602,0.927829,-0.358686
1603,0.925481,-0.350991
1604,0.922699,-0.343439
1605,0.919491,-0.336055
1606,0.915868,-0.328864
1607,0.911840,-0.321887
1608,0.907421,-0.315149
1609,0.902625,-0.308671
1610,0.897467,-0.302474
1611,0.891963,-0.296578
1612,0.886131,-0.291003
1613,0.879990,-0.285767
1614,0.873721,-0.281223
1615,0.867044,-0.276703
1616,0.860121,-0.272567
1617,0.852972,-0.268830
1618,0.845620,-0.265504
1619,0.838089,-0.262601
1620,0.830402,-0.260130
1621,0.822585,-0.258099
1622,0.814663,-0.256515
1623,0.806661,-0.255384
1624,0.798606,-0.254709
1625,0.790522,-0.254493
1626,0.782438,-0.254737
1627,0.774377,-0.255441
1628,0.766368,-0.256601
1629,0.758435,-0.258216
1630,0.750604,-0.260279
1631,0.742901,-0.262785
1632,0.735350,-0.265726
1633,0.727977,-0.269092
1634,0.720805,-0.272873
1635,0.713857,-0.277057
1636,0.707157,-0.281630
1637,0.700725,-0.286578
1638,0.694584,-0.291885
1639,0.688752,-0.297534
1640,0.683249,-0.303508
1641,0.678093,-0.309786
1642,0.673302,-0.316349
1643,0.668889,-0.323176
1644,0.664871,-0.330245
1645,0.661563,-0.337315
1646,0.658355,-0.344778
1647,0.655574,-0.352412
1648,0.653232,-0.360194
1649,0.651334,-0.368098
1650,0.649889,-0.376100
1651,0.648901,-0.384174
1652,0.648373,-0.392292
1653,0.648308,-0.400430
1654,0.648705,-0.408561
1655,0.649564,-0.416658
1656,0.650883,-0.424696
1657,0.652657,-0.432648
1658,0.654880,-0.440488
1659,0.657547,-0.448192
1660,0.660648,-0.455733
1661,0.664174,-0.463088
1662,0.668113,-0.470233
1663,0.672454,-0.477144
1664,0.677181,-0.483798
1665,0.682281,-0.490175
1666,0.687736,-0.496254
1667,0.693530,-0.502014
1668,0.699644,-0.507437
1669,0.706058,-0.512504
1670,0.712751,-0.517201
1671,0.719702,-0.521510
1672,0.726889,-0.525418
1673,0.734289,-0.528912
1674,0.741878,-0.531980
1675,0.749630,-0.534613
1676,0.757522,-0.536802
1677,0.765236,-0.538306
1678,0.773314,-0.539607
1679,0.781455,-0.540447
1680,0.789632,-0.540824
1681,0.797819,-0.540735
1682,0.805990,-0.540180
1683,0.814119,-0.539162
1684,0.822178,-0.537682
1685,0.830143,-0.535747
1686,0.837986,-0.533360
1687,0.845684,-0.530531
1688,0.853210,-0.527268
1689,0.860540,-0.523582
1690,0.867651,-0.519483
1691,0.874518,-0.514986
1692,0.881121,-0.510104
1693,0.887437,-0.504853
1694,0.893446,-0.499250
1695,0.899127,-0.493313
1696,0.904464,-0.487060
1697,0.909437,-0.480513
1698,0.914032,-0.473692
1699,0.918232,-0.466619
1700,0.922024,-0.459316
1701,0.925396,-0.451808
1702,0.928335,-0.444118
1703,0.930834,-0.436271
1704,0.932883,-0.428293
1705,0.934475,-0.420210
1706,0.935605,-0.412047
1707,0.936269,-0.403830
1708,0.936291,-0.395917
1709,0.936042,-0.387686
1710,0.935326,-0.379481
1711,0.934145,-0.371328
1712,0.932502,-0.363253
1713,0.930402,-0.355283
1714,0.927851,-0.347443
1715,0.924858,-0.339759
1716,0.921431,-0.332255
1717,0.917583,-0.324957
1718,0.913325,-0.317888
1719,0.908670,-0.311071
1720,0.903634,-0.304528
1721,0.898233,-0.298280
1722,0.892484,-0.292349
1723,0.886405,-0.286752
1724,0.880016,-0.281509
1725,0.873338,-0.276636
1726,0.866392,-0.272151
1727,0.859200,-0.268066
1728,0.851786,-0.264396
1729,0.844173,-0.261153
1730,0.836386,-0.258348
1731,0.828450,-0.255990
1732,0.820391,-0.254086
1733,0.812235,-0.252643
1734,0.804008,-0.251666
1735,0.795737,-0.251159
1736,0.787448,-0.251123
1737,0.779169,-0.251558
1738,0.770926,-0.252464
1739,0.763101,-0.253951
1740,0.755018,-0.255762
1741,0.747048,-0.258030
1742,0.739219,-0.260747
1743,0.731556,-0.263905
1744,0.724082,-0.267496
1745,0.716824,-0.271506
1746,0.709803,-0.275924
1747,0.703044,-0.280736
1748,0.696568,-0.285925
1749,0.690395,-0.291475
1750,0.684548,-0.297369
1751,0.679043,-0.303587
1752,0.673900,-0.310110
1753,0.669136,-0.316917
1754,0.664765,-0.323985
1755,0.660802,-0.331292
1756,0.657261,-0.338814
1757,0.654152,-0.346527
1758,0.651487,-0.354407
1759,0.649274,-0.362427
1760,0.647520,-0.370562
1761,0.646231,-0.378785
1762,0.645412,-0.387070
1763,0.645066,-0.395390
1764,0.645193,-0.403719
1765,0.645794,-0.412028
1766,0.646867,-0.420292
1767,0.648409,-0.428483
1768,0.650415,-0.436575
1769,0.652878,-0.444542
1770,0.655791,-0.452357
1771,0.659157,-0.459623
1772,0.662914,-0.467061
1773,0.667087,-0.474274
1774,0.671664,-0.481240
1775,0.676632,-0.487936
1776,0.681973,-0.494339
1777,0.687672,-0.500430
1778,0.693709,-0.506188
1779,0.700065,-0.511595
1780,0.706720,-0.516632
1781,0.713652,-0.521283
1782,0.720839,-0.525534
1783,0.728258,-0.529370
1784,0.735885,-0.532778
1785,0.743695,-0.535747
1786,0.751663,-0.538268
1787,0.759764,-0.540332
1788,0.767970,-0.541932
1789,0.776256,-0.543063
1790,0.784594,-0.543721
1791,0.792959,-0.543903
1792,0.801322,-0.543609
1793,0.809656,-0.542840
1794,0.817935,-0.541597
1795,0.826132,-0.539886
1796,0.834220,-0.537710
1797,0.842172,-0.535077
1798,0.849964,-0.531995
1799,0.857569,-0.528474
