0,1.222340,-0.713718
1,1.222340,-0.713718
2,1.222340,-0.713718
3,1.234110,-0.717114
4,1.250763,-0.720500
5,1.267593,-0.722879
6,1.284531,-0.724298
7,1.301523,-0.724750
8,1.306272,-0.724849
9,1.306272,-0.724849
10,1.306272,-0.724849
11,1.311362,-0.713707
12,1.317161,-0.697733
13,1.321991,-0.681436
14,1.325885,-0.664891
15,1.328832,-0.648150
16,1.329629,-0.643468
17,1.326769,-0.631556
18,1.321490,-0.615403
19,1.315248,-0.599593
20,1.308117,-0.584164
21,1.300119,-0.569166
22,1.291281,-0.554647
23,1.281631,-0.540654
24,1.271200,-0.527233
25,1.268264,-0.523499
26,1.257515,-0.517623
27,1.241998,-0.510694
28,1.226090,-0.504709
29,1.209866,-0.499638
30,1.193380,-0.495499
31,1.176686,-0.492304
32,1.159836,-0.490065
33,1.155124,-0.489466
34,1.143344,-0.492824
35,1.127427,-0.498779
36,1.111894,-0.505681
37,1.096779,-0.513455
38,1.082130,-0.522078
39,1.078050,-0.524510
40,1.078050,-0.524510
41,1.078050,-0.524510
42,1.078050,-0.524510
43,1.078050,-0.524510
44,1.078050,-0.524510
45,1.089745,-0.528156
46,1.106323,-0.531897
47,1.123098,-0.534634
48,1.140002,-0.536413
49,1.156980,-0.537228
50,1.173977,-0.537075
51,1.190938,-0.535955
52,1.207807,-0.533872
53,1.224531,-0.530833
54,1.241054,-0.526847
55,1.257324,-0.521928
56,1.273288,-0.516091
57,1.288894,-0.509354
58,1.293244,-0.507447
59,1.293244,-0.507447
60,1.297719,-0.496044
61,1.302638,-0.479777
62,1.306572,-0.463241
63,1.309558,-0.446508
64,1.311587,-0.429632
65,1.312653,-0.412668
66,1.312752,-0.395671
67,1.311884,-0.378696
68,1.310051,-0.361797
69,1.307260,-0.345030
70,1.303519,-0.328450
71,1.298841,-0.312108
72,1.293242,-0.296060
73,1.286737,-0.280356
74,1.279351,-0.265048
75,1.271104,-0.250184
76,1.262026,-0.235814
77,1.252145,-0.221984
78,1.241493,-0.208738
79,1.230105,-0.196120
80,1.218017,-0.184170
81,1.214620,-0.180850
82,1.203198,-0.176422
83,1.186911,-0.171571
84,1.170359,-0.167706
85,1.155705,-0.170434
86,1.141476,-0.176505
87,1.124804,-0.176553
88,1.107806,-0.176524
89,1.102540,-0.178686
90,1.090685,-0.184798
91,1.075679,-0.192773
92,1.061176,-0.201637
93,1.047200,-0.211312
94,1.033798,-0.221767
95,1.030070,-0.224710
96,1.030070,-0.224710
97,1.030070,-0.224710
98,1.030070,-0.224710
99,1.030070,-0.224710
100,1.040505,-0.231126
101,1.038121,-0.239927
102,1.036014,-0.248356
103,1.034120,-0.256571
104,1.032429,-0.264512
105,1.030937,-0.272067
106,1.029646,-0.279087
107,1.028818,-0.285444
108,1.028143,-0.291543
109,1.027606,-0.297497
110,1.027192,-0.303299
111,1.026896,-0.308914
112,1.026806,-0.314256
113,1.026910,-0.319270
114,1.027168,-0.323905
115,1.027538,-0.328107
116,1.027574,-0.328600
117,1.027574,-0.328600
118,1.027574,-0.328600
119,1.025010,-0.319883
120,1.020360,-0.306196
121,1.015481,-0.291968
122,1.010424,-0.277344
123,1.005185,-0.262334
124,0.999767,-0.246952
125,0.994178,-0.231219
126,0.988255,-0.215313
127,0.981491,-0.199719
128,0.973851,-0.184536
129,0.965359,-0.169811
130,0.956043,-0.155594
131,0.950259,-0.150646
132,0.941962,-0.148034
133,0.932622,-0.146150
134,0.923009,-0.144964
135,0.913298,-0.144391
136,0.903556,-0.144395
137,0.893827,-0.144963
138,0.884146,-0.146089
139,0.874544,-0.147767
140,0.865053,-0.149991
141,0.855705,-0.152755
142,0.846530,-0.156049
143,0.837559,-0.159864
144,0.828820,-0.164187
145,0.820342,-0.169004
146,0.812155,-0.174301
147,0.804026,-0.180068
148,0.796547,-0.186201
149,0.789387,-0.192819
150,0.782620,-0.199858
151,0.776271,-0.207285
152,0.770363,-0.215074
153,0.764922,-0.223210
154,0.759974,-0.231671
155,0.755545,-0.240435
156,0.751661,-0.249483
157,0.748350,-0.258791
158,0.745647,-0.268341
159,0.743586,-0.278113
160,0.742213,-0.288089
161,0.741578,-0.298254
162,0.741745,-0.308598
163,0.742793,-0.319117
164,0.744820,-0.329817
165,0.747949,-0.340723
166,0.752331,-0.351894
167,0.762387,-0.356154
168,0.774246,-0.356828
169,0.784310,-0.358027
170,0.786161,-0.357937
171,0.786245,-0.357799
172,0.786245,-0.357799
173,0.786245,-0.357799
174,0.786245,-0.357799
175,0.786245,-0.357799
176,0.786245,-0.357799
177,0.785402,-0.347224
178,0.781190,-0.330772
179,0.775972,-0.314595
180,0.769841,-0.298741
181,0.762819,-0.283262
182,0.754927,-0.268208
183,0.746191,-0.253627
184,0.736640,-0.239567
185,0.726305,-0.226072
186,0.715218,-0.213188
187,0.703417,-0.200955
188,0.690938,-0.189414
189,0.677823,-0.178601
190,0.674141,-0.175601
191,0.674141,-0.175601
192,0.674141,-0.175601
193,0.663272,-0.181251
194,0.648871,-0.190273
195,0.635035,-0.200147
196,0.621784,-0.210792
197,0.618097,-0.213787
198,0.618097,-0.213787
199,0.615810,-0.223370
200,0.611517,-0.232078
201,0.608268,-0.241914
202,0.605800,-0.252262
203,0.604017,-0.262865
204,0.602881,-0.273601
205,0.602375,-0.284400
206,0.602495,-0.295214
207,0.603237,-0.306000
208,0.604597,-0.316722
209,0.606574,-0.327342
210,0.609174,-0.337823
211,0.612399,-0.348127
212,0.616247,-0.358217
213,0.620717,-0.368050
214,0.625808,-0.377585
215,0.631521,-0.386775
216,0.637860,-0.395572
217,0.644834,-0.403923
218,0.652460,-0.411768
219,0.660771,-0.419045
220,0.669821,-0.425681
221,0.679699,-0.431600
222,0.690587,-0.436730
223,0.693128,-0.437827
224,0.692695,-0.438353
225,0.696864,-0.437314
226,0.701171,-0.432642
227,0.704384,-0.429293
228,0.706625,-0.426212
229,0.709266,-0.422045
230,0.709612,-0.421458
231,0.709334,-0.421418
232,0.706564,-0.412698
233,0.702561,-0.399272
234,0.699019,-0.384534
235,0.696651,-0.367917
236,0.693660,-0.351184
237,0.689723,-0.334649
238,0.684850,-0.318365
239,0.679059,-0.302385
240,0.672368,-0.286759
241,0.664799,-0.271540
242,0.662660,-0.267299
243,0.662660,-0.267299
244,0.662660,-0.267299
245,0.650432,-0.268029
246,0.633604,-0.270398
247,0.616945,-0.273775
248,0.600506,-0.278094
249,0.584338,-0.283342
250,0.568496,-0.289501
251,0.553030,-0.296551
252,0.537990,-0.304470
253,0.523424,-0.313232
254,0.519368,-0.315704
255,0.519368,-0.315704
256,0.519368,-0.315704
257,0.519368,-0.315704
258,0.519368,-0.315704
259,0.528954,-0.323332
260,0.543057,-0.332813
261,0.546732,-0.334238
262,0.549481,-0.334784
263,0.552493,-0.335302
264,0.555773,-0.335763
265,0.559322,-0.336137
266,0.562983,-0.336975
267,0.566277,-0.338298
268,0.569857,-0.339375
269,0.573765,-0.340285
270,0.578100,-0.340498
271,0.582768,-0.340009
272,0.587659,-0.338992
273,0.592744,-0.337641
274,0.598005,-0.335964
275,0.603420,-0.333941
276,0.608966,-0.331549
277,0.614617,-0.328766
278,0.623866,-0.328418
279,0.632773,-0.326234
280,0.640816,-0.322521
281,0.651303,-0.319956
282,0.660790,-0.315983
283,0.669492,-0.311164
284,0.677892,-0.305907
285,0.685959,-0.300223
286,0.693670,-0.294135
287,0.701005,-0.287662
288,0.707946,-0.280829
289,0.714475,-0.273658
290,0.720577,-0.266174
291,0.726237,-0.258402
292,0.731443,-0.250368
293,0.736182,-0.242098
294,0.740445,-0.233619
295,0.744223,-0.224957
296,0.747510,-0.216141
297,0.750299,-0.207197
298,0.752587,-0.198154
299,0.754372,-0.189040
300,0.755653,-0.179881
301,0.756430,-0.170706
302,0.756706,-0.161542
303,0.756484,-0.152416
304,0.755769,-0.143354
305,0.754568,-0.134384
306,0.754913,-0.128841
307,0.756628,-0.124614
308,0.758391,-0.120235
309,0.759961,-0.115738
310,0.761301,-0.111171
311,0.762405,-0.106551
312,0.763271,-0.101890
313,0.763897,-0.097200
314,0.764282,-0.092494
315,0.764428,-0.087783
316,0.764334,-0.083081
317,0.764001,-0.078397
318,0.763432,-0.073745
319,0.762629,-0.069137
320,0.761594,-0.064583
321,0.760332,-0.060095
322,0.758845,-0.055685
323,0.758376,-0.052710
324,0.760644,-0.050340
325,0.764501,-0.047375
326,0.769604,-0.043817
327,0.775586,-0.039572
328,0.782156,-0.034671
329,0.789064,-0.029181
330,0.796005,-0.023089
331,0.802770,-0.016485
332,0.809193,-0.009482
333,0.815129,-0.002175
334,0.820478,0.005308
335,0.825164,0.012830
336,0.828838,0.020024
337,0.831986,0.027250
338,0.834210,0.034202
339,0.835649,0.040584
340,0.836142,0.046339
341,0.835686,0.051359
342,0.834296,0.055580
343,0.832027,0.059007
344,0.828981,0.061730
345,0.825305,0.063965
346,0.821210,0.065935
347,0.816927,0.067696
348,0.812540,0.069235
349,0.808070,0.070546
350,0.803530,0.071624
351,0.798932,0.072465
352,0.794290,0.073067
353,0.792658,0.073421
354,0.792646,0.071632
355,0.792130,0.067688
356,0.791594,0.061898
357,0.791332,0.057086
358,0.790909,0.050607
359,0.790560,0.043395
360,0.790452,0.036056
361,0.790717,0.028737
362,0.791370,0.021471
363,0.792405,0.014281
364,0.793817,0.007187
365,0.795599,0.000208
366,0.797743,-0.006637
367,0.800564,-0.013511
368,0.803409,-0.020017
369,0.806583,-0.026339
370,0.810076,-0.032458
371,0.813873,-0.038356
372,0.817962,-0.044020
373,0.822329,-0.049435
374,0.826959,-0.054588
375,0.831836,-0.059466
376,0.836944,-0.064059
377,0.842267,-0.068356
378,0.847788,-0.072347
379,0.853490,-0.076023
380,0.859355,-0.079377
381,0.865364,-0.082403
382,0.871500,-0.085093
383,0.877745,-0.087445
384,0.884079,-0.089454
385,0.890484,-0.091117
386,0.896942,-0.092433
387,0.903434,-0.093401
388,0.909941,-0.094022
389,0.916446,-0.094296
390,0.922929,-0.094225
391,0.929374,-0.093814
392,0.935761,-0.093066
393,0.942074,-0.091985
394,0.948297,-0.090578
395,0.954412,-0.088852
396,0.960403,-0.086813
397,0.966254,-0.084471
398,0.971951,-0.081834
399,0.977480,-0.078912
400,0.982894,-0.075350
401,0.988026,-0.071887
402,0.992951,-0.068174
403,0.997655,-0.064223
404,1.002127,-0.060047
405,1.006357,-0.055658
406,1.010335,-0.051071
407,1.014052,-0.046301
408,1.017500,-0.041361
409,1.020671,-0.036267
410,1.023561,-0.031034
411,1.026161,-0.025678
412,1.028469,-0.020214
413,1.030480,-0.014657
414,1.032190,-0.009025
415,1.033599,-0.003332
416,1.034703,0.002404
417,1.035503,0.008169
418,1.035999,0.013946
419,1.036192,0.019720
420,1.036084,0.025474
421,1.035677,0.031193
422,1.034976,0.036863
423,1.033983,0.042468
424,1.032704,0.047993
425,1.031146,0.053424
426,1.029313,0.058748
427,1.027213,0.063951
428,1.024854,0.069019
429,1.022244,0.073940
430,1.019393,0.078702
431,1.016308,0.083293
432,1.013001,0.087703
433,1.009113,0.091872
434,1.005395,0.095869
435,1.001489,0.099657
436,0.997406,0.103225
437,0.993158,0.106565
438,0.988757,0.109671
439,0.984218,0.112535
440,0.979551,0.115152
441,0.974772,0.117516
442,0.969893,0.119623
443,0.964928,0.121470
444,0.959891,0.123053
445,0.954795,0.124369
446,0.949654,0.125418
447,0.944483,0.126198
448,0.939295,0.126708
449,0.934103,0.126951
450,0.928922,0.126925
451,0.923765,0.126634
452,0.918645,0.126080
453,0.913576,0.125266
454,0.908570,0.124195
455,0.903640,0.122873
456,0.898799,0.121304
457,0.894058,0.119493
458,0.889430,0.117448
459,0.884926,0.115175
460,0.880556,0.112680
461,0.876332,0.109973
462,0.872263,0.107060
463,0.868359,0.103951
464,0.864629,0.100656
465,0.861082,0.097183
466,0.857892,0.093208
467,0.854752,0.089420
468,0.851816,0.085485
469,0.849093,0.081416
470,0.846587,0.077224
471,0.844304,0.072920
472,0.842249,0.068516
473,0.840425,0.064024
474,0.838837,0.059455
475,0.837487,0.054822
476,0.836377,0.050137
477,0.835510,0.045412
478,0.834886,0.040660
479,0.834505,0.035892
480,0.834368,0.031122
481,0.834474,0.026361
482,0.834821,0.021622
483,0.835408,0.016915
484,0.836232,0.012255
485,0.837290,0.007651
486,0.838578,0.003116
487,0.840092,-0.001340
488,0.841827,-0.005704
489,0.843779,-0.009967
490,0.845940,-0.014118
491,0.848306,-0.018147
492,0.850869,-0.022044
493,0.853621,-0.025799
494,0.856556,-0.029404
495,0.859666,-0.032850
496,0.862941,-0.036128
497,0.866373,-0.039231
498,0.870247,-0.041922
499,0.873952,-0.044637
500,0.877785,-0.047158
501,0.881737,-0.049478
502,0.885795,-0.051592
503,0.889950,-0.053495
504,0.894190,-0.055183
505,0.898506,-0.056652
506,0.902885,-0.057899
507,0.907317,-0.058920
508,0.911790,-0.059715
509,0.916293,-0.060282
510,0.920815,-0.060619
511,0.925343,-0.060727
512,0.929866,-0.060604
513,0.934374,-0.060253
514,0.938854,-0.059674
515,0.943296,-0.058870
516,0.947687,-0.057842
517,0.952018,-0.056594
518,0.956277,-0.055128
519,0.960453,-0.053449
520,0.964536,-0.051562
521,0.968516,-0.049472
522,0.972383,-0.047183
523,0.976127,-0.044702
524,0.979738,-0.042036
525,0.983208,-0.039191
526,0.986528,-0.036174
527,0.989689,-0.032994
528,0.992684,-0.029659
529,0.995504,-0.026176
530,0.998144,-0.022556
531,1.000285,-0.018600
532,1.002532,-0.014749
533,1.004579,-0.010790
534,1.006423,-0.006731
535,1.008058,-0.002584
536,1.009480,0.001640
537,1.010685,0.005931
538,1.011671,0.010279
539,1.012434,0.014671
540,1.012972,0.019098
541,1.013285,0.023547
542,1.013371,0.028007
543,1.013229,0.032466
544,1.012860,0.036914
545,1.012264,0.041339
546,1.011444,0.045729
547,1.010400,0.050074
548,1.009135,0.054361
549,1.007652,0.058580
550,1.005955,0.062720
551,1.004048,0.066770
552,1.001935,0.070719
553,0.999621,0.074558
554,0.997113,0.078275
555,0.994415,0.081862
556,0.991536,0.085308
557,0.988482,0.088605
558,0.985261,0.091743
559,0.981880,0.094715
560,0.978349,0.097511
561,0.974676,0.100125
562,0.970870,0.102550
563,0.966941,0.104777
564,0.962803,0.106442
565,0.958679,0.108253
566,0.954464,0.109852
567,0.950168,0.111233
568,0.945803,0.112393
569,0.941378,0.113328
570,0.936906,0.114035
571,0.932399,0.114510
572,0.927868,0.114754
573,0.923325,0.114764
574,0.918782,0.114539
575,0.914251,0.114079
576,0.909745,0.113386
577,0.905274,0.112459
578,0.900852,0.111302
579,0.896489,0.109915
580,0.892198,0.108303
581,0.887990,0.106468
582,0.883878,0.104415
583,0.879871,0.102149
584,0.875982,0.099674
585,0.872221,0.096998
586,0.868598,0.094125
587,0.865123,0.091064
588,0.861808,0.087822
589,0.858660,0.084407
590,0.855690,0.080827
591,0.852905,0.077091
592,0.850314,0.073210
593,0.847924,0.069192
594,0.845744,0.065049
595,0.843779,0.060791
596,0.842036,0.056428
597,0.840892,0.051996
598,0.839606,0.047483
599,0.838556,0.042902
600,0.837745,0.038263
601,0.837176,0.033581
602,0.836852,0.028866
603,0.836775,0.024133
604,0.836946,0.019393
605,0.837366,0.014661
606,0.838034,0.009948
607,0.838950,0.005268
608,0.840112,0.000633
609,0.841518,-0.003942
610,0.843165,-0.008446
611,0.845050,-0.012866
612,0.847169,-0.017189
613,0.849517,-0.021403
614,0.852087,-0.025495
615,0.854875,-0.029454
616,0.857874,-0.033269
617,0.861075,-0.036928
618,0.864472,-0.040419
619,0.868055,-0.043734
620,0.871815,-0.046861
621,0.875743,-0.049792
622,0.879828,-0.052516
623,0.884061,-0.055026
624,0.888429,-0.057314
625,0.892920,-0.059371
626,0.897524,-0.061192
627,0.902228,-0.062770
628,0.907018,-0.064100
629,0.911782,-0.064817
630,0.916685,-0.065643
631,0.921635,-0.066209
632,0.926618,-0.066512
633,0.931620,-0.066551
634,0.936629,-0.066324
635,0.941629,-0.065830
636,0.946606,-0.065070
637,0.951546,-0.064044
638,0.956436,-0.062753
639,0.961260,-0.061202
640,0.966005,-0.059391
641,0.970657,-0.057327
642,0.975202,-0.055012
643,0.979627,-0.052453
644,0.983919,-0.049655
645,0.988064,-0.046626
646,0.992051,-0.043373
647,0.995867,-0.039904
648,0.999499,-0.036228
649,1.002938,-0.032355
650,1.006172,-0.028294
651,1.009191,-0.024057
652,1.011984,-0.019655
653,1.014544,-0.015100
654,1.016862,-0.010403
655,1.018929,-0.005579
656,1.020738,-0.000640
657,1.022284,0.004400
658,1.023560,0.009528
659,1.024561,0.014728
660,1.025283,0.019985
661,1.025722,0.025286
662,1.025568,0.030406
663,1.025449,0.035728
664,1.025044,0.041047
665,1.024352,0.046349
666,1.023374,0.051617
667,1.022111,0.056836
668,1.020566,0.061992
669,1.018740,0.067068
670,1.016640,0.072049
671,1.014268,0.076921
672,1.011631,0.081669
673,1.008736,0.086278
674,1.005589,0.090733
675,1.002198,0.095022
676,0.998573,0.099131
677,0.994722,0.103047
678,0.990657,0.106757
679,0.986387,0.110249
680,0.981925,0.113513
681,0.977282,0.116538
682,0.972472,0.119313
683,0.967507,0.121829
684,0.962402,0.124077
685,0.957171,0.126050
686,0.951830,0.127740
687,0.946392,0.129142
688,0.940874,0.130248
689,0.935292,0.131056
690,0.929662,0.131561
691,0.924000,0.131759
692,0.918323,0.131650
693,0.912648,0.131232
694,0.906992,0.130504
695,0.901667,0.129241
696,0.896113,0.127917
697,0.890628,0.126290
698,0.885227,0.124364
699,0.879927,0.122141
700,0.874745,0.119628
701,0.870430,0.116822
702,0.869255,0.113026
703,0.868440,0.108723
704,0.867832,0.104307
705,0.867448,0.099856
706,0.867291,0.095391
707,0.867360,0.090925
708,0.867656,0.086469
709,0.868179,0.082034
710,0.868926,0.077631
711,0.869896,0.073273
712,0.871086,0.068969
713,0.872494,0.064731
714,0.874115,0.060570
715,0.875947,0.056497
716,0.877983,0.052521
717,0.880220,0.048654
718,0.882652,0.044905
719,0.885272,0.041284
720,0.888074,0.037800
721,0.891052,0.034462
722,0.894196,0.031279
723,0.897500,0.028260
724,0.900956,0.025412
725,0.904554,0.022743
726,0.908286,0.020260
727,0.912141,0.017970
728,0.916251,0.016224
729,0.920305,0.014345
730,0.924452,0.012674
731,0.928682,0.011217
732,0.932984,0.009977
733,0.937347,0.008958
734,0.941760,0.008163
735,0.946211,0.007595
736,0.950689,0.007256
737,0.955182,0.007146
738,0.959680,0.007267
739,0.964168,0.007619
740,0.968638,0.008202
741,0.973075,0.009014
742,0.977470,0.010054
743,0.981809,0.011319
744,0.986082,0.012808
745,0.990278,0.014517
746,0.994384,0.016441
747,0.998391,0.018576
748,1.002286,0.020918
749,1.006061,0.023460
750,1.009703,0.026197
751,1.013204,0.029122
752,1.016553,0.032228
753,1.019742,0.035506
754,1.022761,0.038949
755,1.025601,0.042549
756,1.028256,0.046296
757,1.030716,0.050180
758,1.032975,0.054192
759,1.035026,0.058321
760,1.036493,0.062603
761,1.038109,0.066914
762,1.039500,0.071308
763,1.040664,0.075775
764,1.041596,0.080304
765,1.042292,0.084882
766,1.042751,0.089497
767,1.042969,0.094137
768,1.042946,0.098790
769,1.042680,0.103443
770,1.042172,0.108083
771,1.041421,0.112698
772,1.040430,0.117276
773,1.039199,0.121803
774,1.037731,0.126267
775,1.036029,0.130657
776,1.034096,0.134959
777,1.031938,0.139161
778,1.029559,0.143253
779,1.026965,0.147221
780,1.024162,0.151056
781,1.021156,0.154745
782,1.017955,0.158278
783,1.014568,0.161644
784,1.011001,0.164835
785,1.007266,0.167840
786,1.003370,0.170649
787,0.999325,0.173256
788,0.995140,0.175651
789,0.990827,0.177826
790,0.986397,0.179776
791,0.981862,0.181493
792,0.977234,0.182973
793,0.972599,0.183843
794,0.967844,0.184836
795,0.963034,0.185579
796,0.958182,0.186069
797,0.953301,0.186302
798,0.948404,0.186277
799,0.943506,0.185993
800,0.938619,0.185450
801,0.933758,0.184648
802,0.928937,0.183587
803,0.924168,0.182270
804,0.919466,0.180699
805,0.914844,0.178878
806,0.910315,0.176810
807,0.905893,0.174500
808,0.901591,0.171954
809,0.897421,0.169177
810,0.893396,0.166176
811,0.889527,0.162959
812,0.885827,0.159533
813,0.882978,0.156038
814,0.883130,0.152033
815,0.883469,0.147526
816,0.884030,0.142976
817,0.884820,0.138458
818,0.885838,0.133989
819,0.887079,0.129584
820,0.888540,0.125252
821,0.890216,0.121005
822,0.892104,0.116853
823,0.894198,0.112806
824,0.896492,0.108875
825,0.898980,0.105069
826,0.901978,0.101584
827,0.904823,0.098074
828,0.907839,0.094715
829,0.911019,0.091517
830,0.914355,0.088486
831,0.917837,0.085630
832,0.921456,0.082957
833,0.925204,0.080472
834,0.929071,0.078182
835,0.933046,0.076093
836,0.937119,0.074208
837,0.941281,0.072534
838,0.945520,0.071074
839,0.949826,0.069831
840,0.954188,0.068809
841,0.958594,0.068010
842,0.963033,0.067436
843,0.967495,0.067088
844,0.971967,0.066967
845,0.976439,0.067074
846,0.980898,0.067407
847,0.985334,0.067967
848,0.989736,0.068751
849,0.994092,0.069757
850,0.998390,0.070984
851,1.002621,0.072428
852,1.006773,0.074086
853,1.010835,0.075952
854,1.014798,0.078024
855,1.018650,0.080294
856,1.022383,0.082759
857,1.025986,0.085411
858,1.029450,0.088244
859,1.032501,0.091513
860,1.035646,0.094670
861,1.038627,0.097985
862,1.041436,0.101449
863,1.044066,0.105053
864,1.046510,0.108788
865,1.048761,0.112645
866,1.050813,0.116614
867,1.052661,0.120686
868,1.054299,0.124848
869,1.055723,0.129092
870,1.056929,0.133405
871,1.057913,0.137778
872,1.058673,0.142199
873,1.059206,0.146656
874,1.059510,0.151138
875,1.059584,0.155633
876,1.059428,0.160130
877,1.059040,0.164617
878,1.058423,0.169083
879,1.057576,0.173514
880,1.056501,0.177901
881,1.055202,0.182231
882,1.053680,0.186493
883,1.051939,0.190675
884,1.049983,0.194766
885,1.047816,0.198756
886,1.045445,0.202633
887,1.042874,0.206388
888,1.040109,0.210009
889,1.037158,0.213487
890,1.034028,0.216812
891,1.030543,0.219650
892,1.027097,0.222632
893,1.023497,0.225435
894,1.019752,0.228053
895,1.015872,0.230476
896,1.011866,0.232699
897,1.007744,0.234714
898,1.003518,0.236515
899,0.999198,0.238098
900,0.994796,0.239457
901,0.990322,0.240587
902,0.985789,0.241485
903,0.981208,0.242148
904,0.976592,0.242572
905,0.971952,0.242757
906,0.967303,0.242700
907,0.962654,0.242401
908,0.958021,0.241859
909,0.953414,0.241076
910,0.948846,0.240052
911,0.944331,0.238789
912,0.939880,0.237291
913,0.935506,0.235559
914,0.931221,0.233598
915,0.927036,0.231412
916,0.922965,0.229006
917,0.919017,0.226386
918,0.915206,0.223558
919,0.911540,0.220529
920,0.908032,0.217306
921,0.904692,0.213898
922,0.901529,0.210313
923,0.898552,0.206560
924,0.896137,0.202577
925,0.893565,0.198540
926,0.891203,0.194366
927,0.889059,0.190066
928,0.887141,0.185650
929,0.885454,0.181131
930,0.884004,0.176520
931,0.882797,0.171830
932,0.881836,0.167074
933,0.881126,0.162264
934,0.880669,0.157414
935,0.880468,0.152536
936,0.880525,0.147645
937,0.880841,0.142754
938,0.881415,0.137876
939,0.882248,0.133026
940,0.883339,0.128216
941,0.884685,0.123461
942,0.886284,0.118775
943,0.888132,0.114169
944,0.890227,0.109659
945,0.892562,0.105257
946,0.895133,0.100976
947,0.897933,0.096828
948,0.900955,0.092827
949,0.904193,0.088983
950,0.907637,0.085308
951,0.911279,0.081815
952,0.915111,0.078513
953,0.919121,0.075413
954,0.923299,0.072524
955,0.927634,0.069856
956,0.932115,0.067417
957,0.936682,0.065586
958,0.941395,0.063626
959,0.946215,0.061916
960,0.951130,0.060462
961,0.956127,0.059270
962,0.961191,0.058344
963,0.966309,0.057689
964,0.971466,0.057307
965,0.976647,0.057201
966,0.981838,0.057373
967,0.987024,0.057823
968,0.992190,0.058552
969,0.997321,0.059559
970,1.002401,0.060841
971,1.007417,0.062398
972,1.012353,0.064225
973,1.017195,0.066319
974,1.021928,0.068675
975,1.026538,0.071288
976,1.031011,0.074150
977,1.035334,0.077256
978,1.039492,0.080597
979,1.043474,0.084165
980,1.047266,0.087950
981,1.050858,0.091942
982,1.054237,0.096132
983,1.057392,0.100507
984,1.060314,0.105055
985,1.062993,0.109765
986,1.065419,0.114624
987,1.067584,0.119617
988,1.069481,0.124732
989,1.070752,0.129828
990,1.072101,0.135119
991,1.073165,0.140486
992,1.073940,0.145914
993,1.074422,0.151389
994,1.074607,0.156894
995,1.074494,0.162414
996,1.074082,0.167931
997,1.073370,0.173430
998,1.072360,0.178895
999,1.071052,0.184310
1000,1.069449,0.189657
1001,1.067554,0.194921
1002,1.065372,0.200087
1003,1.062908,0.205138
1004,1.060167,0.210058
1005,1.057156,0.214833
1006,1.053884,0.219448
1007,1.050358,0.223888
1008,1.046588,0.228140
1009,1.042583,0.232189
1010,1.038355,0.236023
1011,1.033915,0.239630
1012,1.029275,0.242997
1013,1.024449,0.246114
1014,1.019449,0.248969
1015,1.014289,0.251554
1016,1.008985,0.253859
1017,1.003551,0.255876
1018,0.998004,0.257598
1019,0.992359,0.259018
1020,0.986632,0.260131
1021,0.980840,0.260931
1022,0.975229,0.261121
1023,0.969378,0.261302
1024,0.963514,0.261163
1025,0.957654,0.260705
1026,0.951815,0.259925
1027,0.946014,0.258825
1028,0.940270,0.257406
1029,0.934600,0.255672
1030,0.929022,0.253627
1031,0.923552,0.251274
1032,0.918207,0.248620
1033,0.913004,0.245671
1034,0.907960,0.242435
1035,0.903090,0.238920
1036,0.898410,0.235136
1037,0.893935,0.231092
1038,0.889679,0.226801
1039,0.885656,0.222273
1040,0.881880,0.217521
1041,0.879941,0.212969
1042,0.878462,0.208179
1043,0.877244,0.203280
1044,0.876288,0.198310
1045,0.875597,0.193285
1046,0.875173,0.188219
1047,0.875018,0.183126
1048,0.875136,0.178022
1049,0.875526,0.172920
1050,0.876189,0.167835
1051,0.877125,0.162781
1052,0.878331,0.157774
1053,0.879807,0.152828
1054,0.881548,0.147956
1055,0.883757,0.143485
1056,0.885998,0.138819
1057,0.888490,0.134270
1058,0.891228,0.129851
1059,0.894205,0.125575
1060,0.897414,0.121456
1061,0.900846,0.117506
1062,0.904494,0.113737
1063,0.908346,0.110160
1064,0.912394,0.106789
1065,0.916626,0.103632
1066,0.921031,0.100700
1067,0.925598,0.098003
1068,0.930313,0.095549
1069,0.935165,0.093348
1070,0.940138,0.091406
1071,0.945220,0.089731
1072,0.950397,0.088328
1073,0.955653,0.087204
1074,0.960974,0.086362
1075,0.966345,0.085807
1076,0.971750,0.085541
1077,0.977174,0.085567
1078,0.982600,0.085886
1079,0.988013,0.086499
1080,0.993397,0.087405
1081,0.998737,0.088603
1082,1.004016,0.090091
1083,1.009218,0.091866
1084,1.014328,0.093924
1085,1.019331,0.096261
1086,1.024210,0.098870
1087,1.028952,0.101746
1088,1.033182,0.104979
1089,1.037600,0.108342
1090,1.041838,0.111946
1091,1.045884,0.115783
1092,1.049725,0.119843
1093,1.053347,0.124115
1094,1.056741,0.128587
1095,1.059894,0.133246
1096,1.062796,0.138081
1097,1.065437,0.143077
1098,1.067808,0.148220
1099,1.069901,0.153496
1100,1.071709,0.158890
1101,1.073224,0.164387
1102,1.074440,0.169970
1103,1.075353,0.175623
1104,1.075959,0.181330
1105,1.076254,0.187074
1106,1.076235,0.192839
1107,1.075902,0.198606
1108,1.075254,0.204360
1109,1.074292,0.210082
1110,1.073016,0.215755
1111,1.071429,0.221363
1112,1.069535,0.226888
1113,1.067338,0.232313
1114,1.064842,0.237621
1115,1.062055,0.242797
1116,1.058982,0.247824
1117,1.055633,0.252685
1118,1.052014,0.257367
1119,1.048138,0.261854
1120,1.043994,0.265759
1121,1.039656,0.269812
1122,1.035095,0.273631
1123,1.030321,0.277202
1124,1.025349,0.280514
1125,1.020192,0.283555
1126,1.014865,0.286315
1127,1.009383,0.288785
1128,1.003763,0.290955
1129,0.998019,0.292818
1130,0.992170,0.294367
1131,0.986232,0.295596
1132,0.980223,0.296499
1133,0.974161,0.297072
1134,0.968064,0.297313
1135,0.961950,0.297218
1136,0.955838,0.296787
1137,0.949746,0.296020
1138,0.943692,0.294917
1139,0.937696,0.293481
1140,0.931776,0.291713
1141,0.925950,0.289619
1142,0.920235,0.287202
1143,0.914651,0.284469
1144,0.909215,0.281428
1145,0.903943,0.278085
1146,0.898852,0.274450
1147,0.893960,0.270532
1148,0.889281,0.266342
1149,0.884830,0.261892
1150,0.880623,0.257195
1151,0.877936,0.252885
1152,0.877693,0.248665
1153,0.878112,0.244241
1154,0.878413,0.239702
1155,0.878949,0.235174
1156,0.879721,0.230673
1157,0.880725,0.226212
1158,0.881960,0.221803
1159,0.883424,0.217458
1160,0.885112,0.213188
1161,0.887023,0.209006
1162,0.889151,0.204922
1163,0.891490,0.200948
1164,0.894037,0.197095
1165,0.896784,0.193373
1166,0.899726,0.189794
1167,0.902854,0.186367
1168,0.906161,0.183102
1169,0.909639,0.180008
1170,0.913279,0.177095
1171,0.917072,0.174370
1172,0.921008,0.171843
1173,0.925077,0.169520
1174,0.929269,0.167409
1175,0.933572,0.165516
1176,0.937976,0.163847
1177,0.942469,0.162408
1178,0.947039,0.161203
1179,0.951674,0.160238
1180,0.956361,0.159514
1181,0.961089,0.159036
1182,0.965843,0.158805
1183,0.970612,0.158824
1184,0.975382,0.159093
1185,0.980140,0.159612
1186,0.984665,0.160691
1187,0.989342,0.161697
1188,0.993968,0.162949
1189,0.998531,0.164445
1190,1.003017,0.166181
1191,1.007415,0.168155
1192,1.011711,0.170362
1193,1.015893,0.172797
1194,1.019949,0.175453
1195,1.023868,0.178325
1196,1.027637,0.181406
1197,1.031246,0.184687
1198,1.034684,0.188162
1199,1.037941,0.191820
1200,1.041006,0.195653
1201,1.043870,0.199651
1202,1.046524,0.203803
1203,1.048960,0.208098
1204,1.051171,0.212525
1205,1.053148,0.217073
1206,1.054885,0.221728
1207,1.056376,0.226479
1208,1.057616,0.231313
1209,1.058600,0.236215
1210,1.059324,0.241174
1211,1.059785,0.246174
1212,1.059980,0.251203
1213,1.059908,0.256246
1214,1.059567,0.261288
1215,1.058957,0.266316
1216,1.058078,0.271315
1217,1.056933,0.276271
1218,1.055522,0.281170
1219,1.053607,0.285713
1220,1.051694,0.290439
1221,1.049526,0.295067
1222,1.047110,0.299582
1223,1.044450,0.303972
1224,1.041554,0.308223
1225,1.038428,0.312322
1226,1.035080,0.316257
1227,1.031519,0.320016
1228,1.027753,0.323587
1229,1.023793,0.326958
1230,1.019650,0.330121
1231,1.015333,0.333063
1232,1.010855,0.335776
1233,1.006228,0.338250
1234,1.001464,0.340479
1235,0.996577,0.342452
1236,0.991580,0.344165
1237,0.986486,0.345610
1238,0.981312,0.346782
1239,0.976069,0.347677
1240,0.970775,0.348290
1241,0.965443,0.348619
1242,0.960090,0.348660
1243,0.954730,0.348413
1244,0.949379,0.347876
1245,0.944053,0.347050
1246,0.938767,0.345937
1247,0.933537,0.344537
1248,0.928379,0.342853
1249,0.923308,0.340889
1250,0.918339,0.338650
1251,0.913824,0.335981
1252,0.909114,0.333228
1253,0.904549,0.330220
1254,0.900144,0.326962
1255,0.895911,0.323463
1256,0.891865,0.319733
1257,0.888018,0.315780
1258,0.884382,0.311615
1259,0.880969,0.307250
1260,0.877790,0.302697
1261,0.874856,0.297967
1262,0.872176,0.293075
1263,0.869760,0.288034
1264,0.869608,0.284009
1265,0.870511,0.279764
1266,0.871683,0.275452
1267,0.873082,0.271188
1268,0.874700,0.266996
1269,0.876533,0.262889
1270,0.878575,0.258878
1271,0.880822,0.254973
1272,0.883270,0.251186
1273,0.885910,0.247525
1274,0.888738,0.244002
1275,0.891747,0.240625
1276,0.894928,0.237404
1277,0.898274,0.234348
1278,0.901777,0.231465
1279,0.905427,0.228763
1280,0.909216,0.226249
1281,0.913135,0.223932
1282,0.917172,0.221817
1283,0.921318,0.219910
1284,0.925607,0.218588
1285,0.929916,0.217118
1286,0.934301,0.215870
1287,0.938750,0.214849
1288,0.943252,0.214059
1289,0.947795,0.213501
1290,0.952368,0.213179
1291,0.956957,0.213093
1292,0.961551,0.213245
1293,0.966137,0.213636
1294,0.970704,0.214265
1295,0.975239,0.215131
1296,0.979730,0.216232
1297,0.984164,0.217568
1298,0.988530,0.219134
1299,0.992816,0.220928
1300,0.997009,0.222945
1301,1.001097,0.225181
1302,1.005071,0.227631
1303,1.008918,0.230289
1304,1.012627,0.233148
1305,1.016189,0.236202
1306,1.019592,0.239443
1307,1.022827,0.242863
1308,1.025885,0.246453
1309,1.028755,0.250205
1310,1.031431,0.254108
1311,1.033903,0.258153
1312,1.036165,0.262329
1313,1.038209,0.266626
1314,1.040028,0.271032
1315,1.041617,0.275535
1316,1.042970,0.280124
1317,1.043718,0.284712
1318,1.044591,0.289413
1319,1.045218,0.294162
1320,1.045596,0.298947
1321,1.045722,0.303754
1322,1.045595,0.308570
1323,1.045215,0.313382
1324,1.044580,0.318178
1325,1.043692,0.322942
1326,1.042553,0.327663
1327,1.041164,0.332326
1328,1.039527,0.336919
1329,1.037647,0.341428
1330,1.035527,0.345841
1331,1.033173,0.350144
1332,1.030589,0.354326
1333,1.027782,0.358373
1334,1.024760,0.362275
1335,1.021528,0.366019
1336,1.018095,0.369594
1337,1.014471,0.372990
1338,1.010664,0.376196
1339,1.006684,0.379202
1340,1.002541,0.381998
1341,0.998247,0.384576
1342,0.993813,0.386928
1343,0.989251,0.389046
1344,0.984572,0.390922
1345,0.979790,0.392550
1346,0.974918,0.393925
1347,0.969969,0.395042
1348,0.964957,0.395895
1349,0.960046,0.396140
1350,0.954970,0.396467
1351,0.949874,0.396524
1352,0.944771,0.396308
1353,0.939676,0.395820
1354,0.934602,0.395059
1355,0.929566,0.394026
1356,0.924581,0.392723
1357,0.919662,0.391152
1358,0.914823,0.389317
1359,0.910078,0.387221
1360,0.905442,0.384868
1361,0.900929,0.382266
1362,0.896552,0.379419
1363,0.892324,0.376335
1364,0.888258,0.373022
1365,0.884368,0.369488
1366,0.880663,0.365742
1367,0.877158,0.361793
1368,0.873862,0.357654
1369,0.870786,0.353333
1370,0.867940,0.348844
1371,0.865333,0.344198
1372,0.862975,0.339408
1373,0.860873,0.334487
1374,0.859035,0.329449
1375,0.857467,0.324307
1376,0.856175,0.319077
1377,0.856569,0.314860
1378,0.857755,0.310558
1379,0.859205,0.306249
1380,0.860884,0.302007
1381,0.862783,0.297852
1382,0.865174,0.294044
1383,0.867482,0.290111
1384,0.869993,0.286299
1385,0.872702,0.282616
1386,0.875601,0.279073
1387,0.878684,0.275681
1388,0.881943,0.272447
1389,0.885370,0.269383
1390,0.888957,0.266496
1391,0.892693,0.263795
1392,0.896571,0.261287
1393,0.900579,0.258980
1394,0.904708,0.256882
1395,0.908948,0.254997
1396,0.913286,0.253333
1397,0.917712,0.251894
1398,0.922214,0.250686
1399,0.926780,0.249711
1400,0.931398,0.248975
1401,0.936057,0.248479
1402,0.940742,0.248226
1403,0.945443,0.248218
1404,0.950146,0.248456
1405,0.954838,0.248939
1406,0.959506,0.249668
1407,0.964139,0.250642
1408,0.968722,0.251859
1409,0.973244,0.253316
1410,0.977691,0.255012
1411,0.982051,0.256941
1412,0.986312,0.259100
1413,0.990462,0.261483
1414,0.994488,0.264086
1415,0.998056,0.267085
1416,1.001791,0.270087
1417,1.005370,0.273287
1418,1.008783,0.276676
1419,1.012019,0.280247
1420,1.015069,0.283991
1421,1.017924,0.287898
1422,1.020574,0.291957
1423,1.023012,0.296159
1424,1.025229,0.300492
1425,1.027219,0.304945
1426,1.028975,0.309505
1427,1.030491,0.314162
1428,1.031761,0.318901
1429,1.032782,0.323711
1430,1.033548,0.328578
1431,1.034058,0.333489
1432,1.034307,0.338431
1433,1.034295,0.343389
1434,1.034019,0.348349
1435,1.033480,0.353299
1436,1.032678,0.358223
1437,1.031614,0.363108
1438,1.030289,0.367940
1439,1.028707,0.372705
1440,1.026869,0.377390
1441,1.024781,0.381980
1442,1.022448,0.386462
1443,1.019873,0.390823
1444,1.017065,0.395050
1445,1.014028,0.399130
1446,1.010772,0.403052
1447,1.007304,0.406802
1448,1.003563,0.410005
1449,0.999722,0.413376
1450,0.995699,0.416544
1451,0.991503,0.419500
1452,0.987145,0.422234
1453,0.982639,0.424736
1454,0.977994,0.427000
1455,0.973225,0.429016
1456,0.968344,0.430779
1457,0.963365,0.432281
1458,0.958301,0.433517
1459,0.953167,0.434483
1460,0.947977,0.435174
1461,0.942746,0.435587
1462,0.937488,0.435719
1463,0.932220,0.435569
1464,0.926955,0.435135
1465,0.921709,0.434418
1466,0.916498,0.433418
1467,0.911336,0.432137
1468,0.906240,0.430577
1469,0.901223,0.428741
1470,0.896302,0.426633
1471,0.891490,0.424259
1472,0.886802,0.421623
1473,0.882253,0.418732
1474,0.877857,0.415593
1475,0.873626,0.412214
1476,0.869575,0.408604
1477,0.865716,0.404773
1478,0.862060,0.400729
1479,0.858621,0.396485
1480,0.855781,0.392061
1481,0.852804,0.387473
1482,0.850073,0.382723
1483,0.847597,0.377821
1484,0.845385,0.372781
1485,0.843445,0.367617
1486,0.841782,0.362344
1487,0.841761,0.358316
1488,0.843036,0.354251
1489,0.844654,0.350096
1490,0.846501,0.346000
1491,0.848560,0.341998
1492,0.850824,0.338102
1493,0.853288,0.334324
1494,0.855945,0.330674
1495,0.858789,0.327162
1496,0.861813,0.323797
1497,0.865009,0.320589
1498,0.868370,0.317546
1499,0.871887,0.314676
1500,0.875552,0.311989
1501,0.879355,0.309491
1502,0.883286,0.307190
1503,0.887335,0.305092
1504,0.891493,0.303203
1505,0.895748,0.301529
1506,0.900089,0.300076
1507,0.904506,0.298847
1508,0.908986,0.297847
1509,0.913519,0.297078
1510,0.918091,0.296545
1511,0.922691,0.296248
1512,0.927308,0.296191
1513,0.931802,0.296724
1514,0.936393,0.297137
1515,0.940962,0.297789
1516,0.945498,0.298679
1517,0.949989,0.299805
1518,0.954423,0.301164
1519,0.958787,0.302755
1520,0.963069,0.304573
1521,0.967257,0.306614
1522,0.971341,0.308875
1523,0.975307,0.311349
1524,0.979146,0.314032
1525,0.982846,0.316915
1526,0.986397,0.319993
1527,0.989789,0.323257
1528,0.993010,0.326700
1529,0.996054,0.330314
1530,0.998909,0.334087
1531,1.001568,0.338012
1532,1.004022,0.342079
1533,1.006264,0.346275
1534,1.008287,0.350591
1535,1.010085,0.355016
1536,1.011651,0.359537
1537,1.012980,0.364143
1538,1.014068,0.368820
1539,1.014911,0.373558
1540,1.015505,0.378343
1541,1.015847,0.383161
1542,1.015935,0.388000
1543,1.015769,0.392847
1544,1.015347,0.397687
1545,1.014669,0.402508
1546,1.013443,0.407066
1547,1.012272,0.411791
1548,1.010851,0.416456
1549,1.009182,0.421049
1550,1.007270,0.425557
1551,1.005117,0.429966
1552,1.002730,0.434264
1553,1.000114,0.438439
1554,0.997275,0.442479
1555,0.994219,0.446370
1556,0.990956,0.450102
1557,0.987492,0.453664
1558,0.983836,0.457044
1559,0.979999,0.460232
1560,0.975989,0.463219
1561,0.971817,0.465995
1562,0.967496,0.468551
1563,0.963034,0.470878
1564,0.958446,0.472970
1565,0.953743,0.474820
1566,0.948938,0.476419
1567,0.944044,0.477764
1568,0.939074,0.478849
1569,0.934043,0.479670
1570,0.928965,0.480223
1571,0.923853,0.480505
1572,0.918722,0.480513
1573,0.913586,0.480248
1574,0.908461,0.479708
1575,0.903361,0.478893
1576,0.898301,0.477805
1577,0.893295,0.476445
1578,0.888358,0.474815
1579,0.883805,0.472700
1580,0.879063,0.470563
1581,0.874432,0.468170
1582,0.869925,0.465526
1583,0.865557,0.462639
1584,0.861341,0.459515
1585,0.857289,0.456162
1586,0.853414,0.452589
1587,0.849728,0.448804
1588,0.846242,0.444818
1589,0.842969,0.440641
1590,0.839917,0.436285
1591,0.837098,0.431761
1592,0.834520,0.427081
1593,0.832193,0.422259
1594,0.830123,0.417308
1595,0.828319,0.412241
1596,0.826787,0.407072
1597,0.825533,0.401817
1598,0.824562,0.396490
1599,0.823877,0.391107
1600,0.823483,0.385682
1601,0.823382,0.380231
1602,0.823576,0.374771
1603,0.824065,0.369317
1604,0.824850,0.363885
1605,0.825930,0.358492
1606,0.827302,0.353153
1607,0.828965,0.347884
1608,0.830914,0.342701
1609,0.833147,0.337620
1610,0.835656,0.332656
1611,0.838572,0.328172
1612,0.841595,0.323495
1613,0.844873,0.318980
1614,0.848398,0.314639
1615,0.852162,0.310486
1616,0.856154,0.306534
1617,0.860364,0.302797
1618,0.864780,0.299286
1619,0.869391,0.296012
1620,0.874183,0.292987
1621,0.879144,0.290220
1622,0.884259,0.287722
1623,0.889513,0.285500
1624,0.894893,0.283563
1625,0.900382,0.281917
1626,0.905964,0.280570
1627,0.911625,0.279526
1628,0.917346,0.278791
1629,0.923111,0.278366
1630,0.928904,0.278257
1631,0.934706,0.278463
1632,0.940502,0.278987
1633,0.946273,0.279827
1634,0.952002,0.280984
1635,0.957671,0.282454
1636,0.963264,0.284236
1637,0.968764,0.286325
1638,0.974153,0.288716
1639,0.979414,0.291403
1640,0.984532,0.294380
1641,0.989490,0.297640
1642,0.994273,0.301173
1643,0.998866,0.304971
1644,1.002881,0.309040
1645,1.007048,0.313311
1646,1.010985,0.317811
1647,1.014677,0.322530
1648,1.018112,0.327454
1649,1.021280,0.332570
1650,1.024168,0.337863
1651,1.026768,0.343318
1652,1.029070,0.348918
1653,1.031066,0.354649
1654,1.032748,0.360493
1655,1.034110,0.366433
1656,1.035146,0.372451
1657,1.035852,0.378530
1658,1.036224,0.384651
1659,1.036260,0.390796
1660,1.035957,0.396946
1661,1.035316,0.403084
1662,1.034336,0.409189
1663,1.033020,0.415244
1664,1.031370,0.421230
1665,1.029389,0.427128
1666,1.027082,0.432920
1667,1.024454,0.438589
1668,1.021513,0.444115
1669,1.018266,0.449482
1670,1.014721,0.454673
1671,1.010887,0.459670
1672,1.006776,0.464459
1673,1.002399,0.469024
1674,0.997768,0.473349
1675,0.992895,0.477420
1676,0.987796,0.481225
1677,0.982584,0.484390
1678,0.977099,0.487631
1679,0.971434,0.490571
1680,0.965603,0.493198
1681,0.959624,0.495505
1682,0.953516,0.497482
1683,0.947295,0.499123
1684,0.940980,0.500420
1685,0.934591,0.501368
1686,0.928147,0.501964
1687,0.921667,0.502203
1688,0.915171,0.502083
1689,0.908679,0.501604
1690,0.902211,0.500765
1691,0.895787,0.499568
1692,0.889426,0.498014
1693,0.883149,0.496107
1694,0.876976,0.493852
1695,0.870924,0.491253
1696,0.865015,0.488319
1697,0.859266,0.485055
1698,0.853696,0.481472
1699,0.848323,0.477579
1700,0.843164,0.473386
1701,0.838235,0.468905
1702,0.833554,0.464149
1703,0.829135,0.459132
1704,0.824993,0.453868
1705,0.821142,0.448373
1706,0.817594,0.442662
1707,0.814363,0.436752
1708,0.811459,0.430660
1709,0.809222,0.424581
1710,0.806990,0.418203
1711,0.805110,0.411701
1712,0.803591,0.405093
1713,0.802439,0.398399
1714,0.802777,0.393282
1715,0.804015,0.388304
1716,0.805585,0.383338
1717,0.807431,0.378446
1718,0.809541,0.373649
1719,0.811912,0.368961
1720,0.814536,0.364397
1721,0.817407,0.359970
1722,0.820519,0.355694
1723,0.823863,0.351583
1724,0.827431,0.347648
1725,0.831214,0.343901
1726,0.835202,0.340356
1727,0.839384,0.337023
1728,0.843749,0.333912
1729,0.848285,0.331035
1730,0.852980,0.328399
1731,0.857820,0.326015
1732,0.862794,0.323891
1733,0.867885,0.322033
1734,0.873082,0.320449
1735,0.878368,0.319145
1736,0.883728,0.318125
1737,0.889148,0.317395
1738,0.894612,0.316957
1739,0.900103,0.316815
1740,0.905607,0.316970
1741,0.911107,0.317423
1742,0.916317,0.318432
1743,0.921744,0.319464
1744,0.927118,0.320789
1745,0.932424,0.322407
1746,0.937647,0.324314
1747,0.942771,0.326506
1748,0.947779,0.328977
1749,0.952657,0.331723
1750,0.957390,0.334735
1751,0.961962,0.338008
1752,0.966360,0.341531
1753,0.970569,0.345296
1754,0.974577,0.349293
1755,0.978371,0.353511
1756,0.981937,0.357938
1757,0.985265,0.362563
1758,0.988344,0.367373
1759,0.991163,0.372354
1760,0.993712,0.377492
1761,0.995983,0.382773
1762,0.997968,0.388182
1763,0.999659,0.393702
1764,1.001050,0.399319
1765,1.002135,0.405016
1766,1.002910,0.410776
1767,1.003371,0.416582
1768,1.003515,0.422418
1769,1.003340,0.428266
1770,1.002846,0.434107
1771,1.002031,0.439926
1772,1.000898,0.445705
1773,0.999448,0.451425
1774,0.997683,0.457069
1775,0.995450,0.462284
1776,0.993093,0.467716
1777,0.990438,0.473022
1778,0.987490,0.478186
1779,0.984258,0.483192
1780,0.980749,0.488024
1781,0.976973,0.492667
1782,0.972939,0.497105
1783,0.968660,0.501325
1784,0.964147,0.505313
1785,0.959411,0.509056
1786,0.954468,0.512541
1787,0.949330,0.515756
1788,0.944012,0.518692
1789,0.938530,0.521337
1790,0.932899,0.523682
1791,0.927136,0.525719
1792,0.921257,0.527440
1793,0.915280,0.528840
1794,0.909223,0.529911
1795,0.903104,0.530649
1796,0.896940,0.531051
1797,0.890751,0.531114
1798,0.884555,0.530836
1799,0.878371,0.530217
