0,1.191920,0.824098
1,1.182742,0.815985
2,1.170539,0.804152
3,1.159022,0.791651
4,1.148234,0.778515
5,1.138212,0.764787
6,1.128987,0.750510
7,1.120590,0.735732
8,1.113046,0.720500
9,1.110963,0.716232
10,1.110351,0.703997
11,1.110866,0.687011
12,1.112401,0.670083
13,1.114898,0.653269
14,1.118346,0.636626
15,1.122737,0.620205
16,1.128054,0.604060
17,1.134281,0.588245
18,1.141398,0.572809
19,1.149382,0.557803
20,1.158206,0.543275
21,1.167843,0.529274
22,1.178260,0.515843
23,1.189425,0.503027
24,1.192566,0.499463
25,1.203627,0.494198
26,1.219507,0.488147
27,1.235726,0.483062
28,1.252208,0.478907
29,1.256820,0.477772
30,1.256820,0.477772
31,1.256820,0.477772
32,1.256820,0.477772
33,1.256820,0.477772
34,1.256820,0.477772
35,1.256820,0.477772
36,1.256820,0.477772
37,1.256820,0.477772
38,1.244590,0.477069
39,1.227757,0.474737
40,1.211091,0.471397
41,1.194642,0.467114
42,1.178464,0.461902
43,1.162608,0.455778
44,1.147126,0.448761
45,1.132068,0.440875
46,1.117484,0.432146
47,1.103420,0.422600
48,1.089921,0.412270
49,1.077033,0.401189
50,1.064795,0.389392
51,1.054101,0.379950
52,1.051329,0.383949
53,1.048025,0.388332
54,1.043030,0.392467
55,1.037688,0.396348
56,1.032112,0.399969
57,1.026327,0.403318
58,1.020346,0.406383
59,1.014184,0.409153
60,1.007855,0.411616
61,1.001373,0.413762
62,0.994755,0.415582
63,0.988017,0.417067
64,0.981176,0.418208
65,0.974249,0.418999
66,0.967253,0.419433
67,0.960208,0.419505
68,0.953132,0.419210
69,0.946045,0.418545
70,0.938965,0.417508
71,0.931912,0.416096
72,0.924906,0.414310
73,0.917967,0.412150
74,0.911116,0.409618
75,0.904372,0.406717
76,0.897755,0.403451
77,0.891286,0.399824
78,0.884984,0.395843
79,0.878869,0.391514
80,0.872960,0.386848
81,0.867276,0.381852
82,0.861837,0.376537
83,0.856659,0.370915
84,0.851761,0.364999
85,0.847160,0.358801
86,0.842871,0.352338
87,0.838912,0.345624
88,0.835295,0.338676
89,0.832037,0.331511
90,0.829149,0.324148
91,0.826644,0.316606
92,0.824534,0.308904
93,0.822828,0.301064
94,0.821536,0.293106
95,0.820665,0.285053
96,0.820224,0.276927
97,0.820216,0.268750
98,0.820647,0.260546
99,0.821521,0.252339
100,0.822838,0.244153
101,0.824600,0.236011
102,0.826806,0.227939
103,0.829453,0.219960
104,0.832539,0.212099
105,0.836058,0.204381
106,0.840005,0.196828
107,0.844371,0.189466
108,0.849149,0.182318
109,0.854328,0.175406
110,0.859896,0.168755
111,0.865841,0.162385
112,0.872149,0.156319
113,0.878804,0.150578
114,0.885789,0.145181
115,0.893087,0.140148
116,0.900680,0.135497
117,0.904973,0.134327
118,0.904099,0.142170
119,0.903767,0.151485
120,0.903081,0.160808
121,0.901929,0.170024
122,0.900311,0.179103
123,0.898238,0.188021
124,0.895723,0.196756
125,0.892780,0.205287
126,0.889424,0.213595
127,0.885669,0.221659
128,0.881190,0.229607
129,0.876683,0.237118
130,0.871831,0.244336
131,0.866652,0.251245
132,0.861164,0.257829
133,0.855387,0.264078
134,0.849341,0.269978
135,0.843047,0.275520
136,0.836525,0.280695
137,0.829796,0.285495
138,0.822460,0.290279
139,0.816465,0.298087
140,0.811132,0.305521
141,0.805662,0.311653
142,0.799390,0.316926
143,0.793256,0.331533
144,0.786119,0.345448
145,0.778186,0.358867
146,0.769520,0.371837
147,0.760153,0.384350
148,0.750110,0.396382
149,0.739419,0.407908
150,0.728105,0.418904
151,0.716195,0.429347
152,0.701483,0.438122
153,0.684747,0.444851
154,0.666892,0.450997
155,0.647636,0.456653
156,0.628368,0.457781
157,0.611308,0.455076
158,0.591473,0.452084
159,0.575737,0.448785
160,0.558841,0.445150
161,0.543102,0.438512
162,0.528571,0.430654
163,0.514893,0.421994
164,0.501814,0.412736
165,0.489145,0.403003
166,0.476596,0.391033
167,0.465457,0.377924
168,0.454467,0.363135
169,0.444801,0.347869
170,0.435751,0.332195
171,0.427392,0.316125
172,0.423250,0.310716
173,0.422064,0.302259
174,0.420229,0.288697
175,0.415767,0.275186
176,0.410454,0.261560
177,0.407736,0.247981
178,0.408777,0.234723
179,0.411268,0.221695
180,0.414662,0.208906
181,0.418816,0.196367
182,0.423681,0.184099
183,0.429630,0.172305
184,0.435861,0.160702
185,0.442725,0.149465
186,0.450208,0.138636
187,0.458287,0.128252
188,0.466936,0.118346
189,0.476125,0.108951
190,0.485824,0.100104
191,0.495996,0.091836
192,0.506641,0.084224
193,0.517616,0.077146
194,0.520197,0.075577
195,0.525332,0.075215
196,0.532966,0.075185
197,0.541062,0.077711
198,0.549102,0.082263
199,0.550661,0.083334
200,0.550661,0.083334
201,0.550661,0.083334
202,0.550661,0.083334
203,0.550661,0.083334
204,0.550661,0.083334
205,0.550661,0.083334
206,0.538889,0.079944
207,0.522989,0.073947
208,0.507474,0.067004
209,0.492380,0.059189
210,0.477754,0.050528
211,0.463646,0.041049
212,0.450099,0.030782
213,0.437158,0.019761
214,0.424865,0.008022
215,0.421449,0.004722
216,0.421449,0.004722
217,0.421449,0.004722
218,0.425769,-0.006740
219,0.433019,-0.022111
220,0.441181,-0.037020
221,0.450178,-0.051441
222,0.459981,-0.065327
223,0.470558,-0.078633
224,0.481875,-0.091315
225,0.493895,-0.103333
226,0.506580,-0.114647
227,0.519888,-0.125222
228,0.533776,-0.135022
229,0.548199,-0.144016
230,0.563110,-0.152175
231,0.578461,-0.159473
232,0.582763,-0.161488
233,0.582763,-0.161488
234,0.582763,-0.161488
235,0.591931,-0.153363
236,0.603704,-0.141108
237,0.614722,-0.128165
238,0.624986,-0.114617
239,0.627833,-0.110814
240,0.630726,-0.098911
241,0.633403,-0.082129
242,0.634109,-0.077432
243,0.634109,-0.077432
244,0.634109,-0.077432
245,0.634109,-0.077432
246,0.634109,-0.077432
247,0.622109,-0.079891
248,0.605788,-0.084627
249,0.589778,-0.090336
250,0.574119,-0.096947
251,0.558861,-0.104439
252,0.544055,-0.112786
253,0.529747,-0.121962
254,0.515984,-0.131938
255,0.512154,-0.134747
256,0.512154,-0.134747
257,0.510272,-0.146852
258,0.502440,-0.159923
259,0.493265,-0.172315
260,0.484243,-0.184991
261,0.473687,-0.194901
262,0.462318,-0.205381
263,0.451017,-0.217259
264,0.439909,-0.229727
265,0.429034,-0.242810
266,0.418776,-0.256463
267,0.410367,-0.268599
268,0.403821,-0.280879
269,0.399650,-0.293539
270,0.396814,-0.306441
271,0.394818,-0.319771
272,0.393358,-0.333509
273,0.392359,-0.347540
274,0.391844,-0.361842
275,0.391844,-0.376406
276,0.392391,-0.391215
277,0.393515,-0.406255
278,0.395248,-0.421503
279,0.397622,-0.436937
280,0.400667,-0.452528
281,0.404411,-0.468247
282,0.408885,-0.484058
283,0.414113,-0.499923
284,0.420122,-0.515797
285,0.426932,-0.531635
286,0.434563,-0.547382
287,0.443030,-0.562981
288,0.452345,-0.578368
289,0.462510,-0.593471
290,0.473526,-0.608211
291,0.485380,-0.622503
292,0.498046,-0.636188
293,0.511470,-0.649130
294,0.525610,-0.661287
295,0.540421,-0.672619
296,0.555853,-0.683089
297,0.571857,-0.692663
298,0.588381,-0.701311
299,0.605371,-0.709003
300,0.622772,-0.715716
301,0.640528,-0.721426
302,0.658580,-0.726116
303,0.676872,-0.729771
304,0.695342,-0.732377
305,0.713249,-0.733321
306,0.730633,-0.732899
307,0.748234,-0.731666
308,0.766000,-0.729586
309,0.783871,-0.726625
310,0.801777,-0.722753
311,0.819642,-0.717942
312,0.837351,-0.712164
313,0.854441,-0.705689
314,0.870859,-0.698184
315,0.886580,-0.689842
316,0.901587,-0.680575
317,0.915944,-0.670556
318,0.929603,-0.659795
319,0.942530,-0.648334
320,0.954695,-0.636218
321,0.965227,-0.624171
322,0.975057,-0.611561
323,0.984097,-0.598464
324,0.992327,-0.584929
325,0.999726,-0.571003
326,1.006277,-0.556737
327,1.011966,-0.542181
328,1.016782,-0.527385
329,1.020717,-0.512401
330,1.023765,-0.497280
331,1.025924,-0.482073
332,1.027194,-0.466832
333,1.027579,-0.451607
334,1.027084,-0.436448
335,1.025718,-0.421406
336,1.023494,-0.406530
337,1.020426,-0.391867
338,1.016530,-0.377465
339,1.011827,-0.363369
340,1.006338,-0.349624
341,1.000088,-0.336272
342,0.993103,-0.323356
343,0.985532,-0.311268
344,0.977199,-0.299326
345,0.968228,-0.287929
346,0.958650,-0.277112
347,0.948501,-0.266906
348,0.937819,-0.257342
349,0.926645,-0.248445
350,0.915019,-0.240242
351,0.902984,-0.232752
352,0.890582,-0.225998
353,0.877858,-0.219994
354,0.864856,-0.214757
355,0.851623,-0.210297
356,0.838203,-0.206624
357,0.826675,-0.205458
358,0.815413,-0.204432
359,0.804160,-0.204022
360,0.792940,-0.204262
361,0.781790,-0.205150
362,0.770747,-0.206680
363,0.759848,-0.208840
364,0.749127,-0.211621
365,0.738622,-0.215009
366,0.728364,-0.218988
367,0.718388,-0.223541
368,0.708725,-0.228649
369,0.699405,-0.234291
370,0.690459,-0.240445
371,0.681914,-0.247086
372,0.673795,-0.254189
373,0.666129,-0.261728
374,0.658936,-0.269673
375,0.652553,-0.277793
376,0.646356,-0.286440
377,0.640688,-0.295400
378,0.635567,-0.304643
379,0.631007,-0.314138
380,0.627019,-0.323849
381,0.623614,-0.333744
382,0.620800,-0.343787
383,0.618581,-0.353943
384,0.616963,-0.364178
385,0.615945,-0.374456
386,0.615529,-0.384743
387,0.615711,-0.395002
388,0.616487,-0.405200
389,0.617851,-0.415303
390,0.619794,-0.425277
391,0.622306,-0.435089
392,0.625375,-0.444706
393,0.628986,-0.454099
394,0.633125,-0.463235
395,0.637774,-0.472086
396,0.642913,-0.480623
397,0.648522,-0.488821
398,0.654579,-0.496652
399,0.661061,-0.504093
400,0.667943,-0.511121
401,0.675200,-0.517715
402,0.682803,-0.523855
403,0.690725,-0.529523
404,0.698938,-0.534703
405,0.707411,-0.539381
406,0.716114,-0.543543
407,0.724742,-0.546927
408,0.733794,-0.550048
409,0.742981,-0.552632
410,0.752272,-0.554670
411,0.761636,-0.556158
412,0.771040,-0.557094
413,0.780452,-0.557479
414,0.789841,-0.557315
415,0.799173,-0.556607
416,0.808419,-0.555359
417,0.817546,-0.553580
418,0.826525,-0.551278
419,0.835326,-0.548466
420,0.843919,-0.545156
421,0.852279,-0.541363
422,0.860376,-0.537102
423,0.868185,-0.532390
424,0.875682,-0.527248
425,0.882843,-0.521695
426,0.889646,-0.515752
427,0.896069,-0.509443
428,0.902093,-0.502790
429,0.907701,-0.495820
430,0.912875,-0.488558
431,0.917600,-0.481030
432,0.921865,-0.473264
433,0.925655,-0.465288
434,0.928963,-0.457130
435,0.931779,-0.448819
436,0.934098,-0.440386
437,0.935913,-0.431859
438,0.937223,-0.423268
439,0.937848,-0.414970
440,0.938167,-0.406352
441,0.937986,-0.397758
442,0.937305,-0.389218
443,0.936130,-0.380760
444,0.934467,-0.372411
445,0.932326,-0.364201
446,0.929717,-0.356155
447,0.926651,-0.348302
448,0.923142,-0.340666
449,0.919205,-0.333272
450,0.914856,-0.326145
451,0.910112,-0.319306
452,0.904993,-0.312777
453,0.899518,-0.306580
454,0.893708,-0.300732
455,0.887585,-0.295253
456,0.881172,-0.290158
457,0.874494,-0.285462
458,0.867574,-0.281179
459,0.860438,-0.277322
460,0.853112,-0.273900
461,0.845621,-0.270923
462,0.837994,-0.268399
463,0.830257,-0.266332
464,0.822437,-0.264728
465,0.814561,-0.263588
466,0.806658,-0.262915
467,0.798754,-0.262707
468,0.790876,-0.262962
469,0.783053,-0.263676
470,0.775309,-0.264844
471,0.767672,-0.266460
472,0.760533,-0.268583
473,0.753188,-0.271039
474,0.746024,-0.273912
475,0.739063,-0.277189
476,0.732328,-0.280859
477,0.725840,-0.284904
478,0.719622,-0.289309
479,0.713691,-0.294056
480,0.708068,-0.299128
481,0.702770,-0.304504
482,0.697812,-0.310163
483,0.693210,-0.316086
484,0.688978,-0.322249
485,0.685128,-0.328629
486,0.681670,-0.335204
487,0.678615,-0.341949
488,0.675970,-0.348840
489,0.673742,-0.355853
490,0.671936,-0.362962
491,0.670555,-0.370141
492,0.669603,-0.377367
493,0.669079,-0.384613
494,0.668982,-0.391854
495,0.669311,-0.399066
496,0.670062,-0.406222
497,0.671228,-0.413300
498,0.672805,-0.420275
499,0.674783,-0.427123
500,0.677154,-0.433821
501,0.679906,-0.440347
502,0.683028,-0.446680
503,0.686507,-0.452798
504,0.690304,-0.458311
505,0.694426,-0.463945
506,0.698857,-0.469309
507,0.703583,-0.474386
508,0.708583,-0.479161
509,0.713840,-0.483619
510,0.719333,-0.487745
511,0.725042,-0.491529
512,0.730945,-0.494958
513,0.737021,-0.498023
514,0.743248,-0.500716
515,0.749603,-0.503030
516,0.756063,-0.504958
517,0.762605,-0.506496
518,0.769205,-0.507643
519,0.775841,-0.508394
520,0.782489,-0.508752
521,0.789125,-0.508716
522,0.795727,-0.508290
523,0.802272,-0.507476
524,0.808737,-0.506282
525,0.815100,-0.504712
526,0.821339,-0.502774
527,0.827434,-0.500479
528,0.833365,-0.497835
529,0.839110,-0.494854
530,0.844652,-0.491549
531,0.849972,-0.487934
532,0.855052,-0.484022
533,0.859878,-0.479829
534,0.864432,-0.475372
535,0.868702,-0.470668
536,0.872323,-0.465862
537,0.875994,-0.460742
538,0.879344,-0.455430
539,0.882365,-0.449946
540,0.885047,-0.444311
541,0.887384,-0.438545
542,0.889368,-0.432668
543,0.890996,-0.426702
544,0.892263,-0.420669
545,0.893168,-0.414591
546,0.893708,-0.408488
547,0.893886,-0.402383
548,0.893701,-0.396297
549,0.893157,-0.390251
550,0.892259,-0.384266
551,0.891010,-0.378363
552,0.889418,-0.372563
553,0.887491,-0.366885
554,0.885237,-0.361348
555,0.882665,-0.355971
556,0.879788,-0.350772
557,0.876617,-0.345769
558,0.873164,-0.340977
559,0.869444,-0.336413
560,0.865471,-0.332091
561,0.861261,-0.328025
562,0.856831,-0.324228
563,0.852196,-0.320712
564,0.847375,-0.317488
565,0.842386,-0.314565
566,0.837247,-0.311952
567,0.832161,-0.309980
568,0.826801,-0.307995
569,0.821350,-0.306337
570,0.815826,-0.305010
571,0.810250,-0.304018
572,0.804641,-0.303361
573,0.799020,-0.303040
574,0.793407,-0.303055
575,0.787821,-0.303403
576,0.782282,-0.304082
577,0.776810,-0.305086
578,0.771423,-0.306411
579,0.766141,-0.308050
580,0.760981,-0.309995
581,0.755961,-0.312239
582,0.751097,-0.314770
583,0.746408,-0.317578
584,0.741907,-0.320653
585,0.737611,-0.323980
586,0.733533,-0.327548
587,0.729686,-0.331343
588,0.726083,-0.335348
589,0.722736,-0.339549
590,0.719654,-0.343930
591,0.716848,-0.348475
592,0.714326,-0.353165
593,0.712095,-0.357984
594,0.710161,-0.362913
595,0.708531,-0.367935
596,0.707207,-0.373031
597,0.706194,-0.378183
598,0.705492,-0.383371
599,0.705372,-0.388318
600,0.705279,-0.393507
601,0.705495,-0.398677
602,0.706018,-0.403810
603,0.706846,-0.408888
604,0.707973,-0.413893
605,0.709394,-0.418809
606,0.711102,-0.423616
607,0.713090,-0.428300
608,0.715348,-0.432843
609,0.717867,-0.437231
610,0.720638,-0.441448
611,0.723648,-0.445481
612,0.726885,-0.449315
613,0.730338,-0.452938
614,0.733991,-0.456338
615,0.737831,-0.459504
616,0.741844,-0.462426
617,0.746013,-0.465095
618,0.750323,-0.467502
619,0.754759,-0.469640
620,0.759302,-0.471503
621,0.763937,-0.473086
622,0.768646,-0.474384
623,0.773411,-0.475394
624,0.778216,-0.476113
625,0.783043,-0.476542
626,0.787875,-0.476679
627,0.792693,-0.476526
628,0.797481,-0.476085
629,0.802221,-0.475358
630,0.806897,-0.474350
631,0.811173,-0.472872
632,0.815660,-0.471338
633,0.820034,-0.469542
634,0.824281,-0.467491
635,0.828387,-0.465195
636,0.832336,-0.462661
637,0.836117,-0.459901
638,0.839715,-0.456927
639,0.843119,-0.453748
640,0.846317,-0.450379
641,0.849299,-0.446832
642,0.852055,-0.443121
643,0.854576,-0.439261
644,0.856854,-0.435265
645,0.858881,-0.431149
646,0.860653,-0.426928
647,0.862163,-0.422619
648,0.863407,-0.418237
649,0.864383,-0.413799
650,0.865087,-0.409321
651,0.865518,-0.404819
652,0.865676,-0.400310
653,0.865563,-0.395810
654,0.865178,-0.391336
655,0.864526,-0.386903
656,0.863609,-0.382529
657,0.862432,-0.378227
658,0.861001,-0.374014
659,0.859322,-0.369905
660,0.857401,-0.365914
661,0.855248,-0.362055
662,0.852871,-0.358342
663,0.850172,-0.355144
664,0.847398,-0.351765
665,0.844433,-0.348568
666,0.841286,-0.345563
667,0.837970,-0.342760
668,0.834499,-0.340168
669,0.830884,-0.337797
670,0.827141,-0.335653
671,0.823284,-0.333744
672,0.819326,-0.332075
673,0.815283,-0.330652
674,0.811170,-0.329479
675,0.807002,-0.328560
676,0.802795,-0.327896
677,0.798565,-0.327489
678,0.794326,-0.327339
679,0.790094,-0.327446
680,0.785885,-0.327809
681,0.781714,-0.328425
682,0.777597,-0.329291
683,0.773547,-0.330403
684,0.769581,-0.331755
685,0.765711,-0.333343
686,0.761951,-0.335159
687,0.758316,-0.337195
688,0.754818,-0.339444
689,0.751469,-0.341897
690,0.748281,-0.344543
691,0.745265,-0.347373
692,0.742432,-0.350375
693,0.739791,-0.353537
694,0.737351,-0.356848
695,0.735493,-0.360306
696,0.733479,-0.363853
697,0.731688,-0.367509
698,0.730125,-0.371261
699,0.728796,-0.375094
700,0.727703,-0.378993
701,0.726851,-0.382945
702,0.726241,-0.386935
703,0.725876,-0.390947
704,0.725755,-0.394968
705,0.725879,-0.398982
706,0.726246,-0.402974
707,0.726853,-0.406930
708,0.727699,-0.410836
709,0.728779,-0.414677
710,0.730088,-0.418439
711,0.731622,-0.422109
712,0.733373,-0.425673
713,0.735334,-0.429119
714,0.737498,-0.432435
715,0.739856,-0.435607
716,0.742399,-0.438627
717,0.745117,-0.441481
718,0.747999,-0.444161
719,0.751034,-0.446658
720,0.754212,-0.448962
721,0.757518,-0.451065
722,0.760942,-0.452961
723,0.764471,-0.454642
724,0.768090,-0.456104
725,0.771786,-0.457341
726,0.775546,-0.458350
727,0.779287,-0.458761
728,0.783110,-0.459309
729,0.786955,-0.459622
730,0.790807,-0.459701
731,0.794651,-0.459546
732,0.798475,-0.459157
733,0.802263,-0.458537
734,0.806001,-0.457689
735,0.809677,-0.456616
736,0.813277,-0.455323
737,0.816787,-0.453814
738,0.820195,-0.452097
739,0.823489,-0.450177
740,0.826656,-0.448063
741,0.829685,-0.445762
742,0.832566,-0.443284
743,0.835288,-0.440638
744,0.837840,-0.437834
745,0.840215,-0.434882
746,0.842404,-0.431795
747,0.844399,-0.428583
748,0.846193,-0.425259
749,0.847780,-0.421835
750,0.849154,-0.418324
751,0.850311,-0.414739
752,0.851247,-0.411093
753,0.851958,-0.407401
754,0.852443,-0.403675
755,0.852700,-0.399930
756,0.852729,-0.396179
757,0.852529,-0.392436
758,0.852103,-0.388715
759,0.851112,-0.385187
760,0.850248,-0.381570
761,0.849165,-0.378015
762,0.847869,-0.374535
763,0.846365,-0.371143
764,0.844658,-0.367850
765,0.842755,-0.364670
766,0.840664,-0.361614
767,0.838392,-0.358692
768,0.835948,-0.355916
769,0.833341,-0.353295
770,0.830581,-0.350839
771,0.827678,-0.348557
772,0.824644,-0.346457
773,0.821489,-0.344547
774,0.818225,-0.342832
775,0.814865,-0.341320
776,0.811421,-0.340016
777,0.807905,-0.338924
778,0.804331,-0.338049
779,0.800712,-0.337393
780,0.797062,-0.336958
781,0.793393,-0.336746
782,0.789720,-0.336757
783,0.786055,-0.336991
784,0.782413,-0.337448
785,0.778806,-0.338125
786,0.775248,-0.339019
787,0.771753,-0.340128
788,0.768332,-0.341447
789,0.764998,-0.342970
790,0.761764,-0.344693
791,0.758878,-0.346897
792,0.755893,-0.348985
793,0.753042,-0.351250
794,0.750335,-0.353683
795,0.747780,-0.356276
796,0.745388,-0.359018
797,0.743167,-0.361900
798,0.741126,-0.364912
799,0.739271,-0.368041
800,0.737610,-0.371277
801,0.736149,-0.374607
802,0.734892,-0.378020
803,0.733845,-0.381502
804,0.733011,-0.385042
805,0.732393,-0.388625
806,0.731994,-0.392239
807,0.731815,-0.395870
808,0.731856,-0.399506
809,0.732118,-0.403133
810,0.732599,-0.406737
811,0.733297,-0.410306
812,0.734211,-0.413826
813,0.735336,-0.417284
814,0.736669,-0.420668
815,0.738205,-0.423966
816,0.739937,-0.427165
817,0.741861,-0.430253
818,0.743968,-0.433220
819,0.746251,-0.436054
820,0.748703,-0.438746
821,0.751313,-0.441284
822,0.754072,-0.443661
823,0.757192,-0.445566
824,0.760203,-0.447581
825,0.763332,-0.449410
826,0.766566,-0.451048
827,0.769894,-0.452487
828,0.773303,-0.453722
829,0.776783,-0.454750
830,0.780319,-0.455565
831,0.783899,-0.456165
832,0.787510,-0.456548
833,0.791139,-0.456713
834,0.794772,-0.456657
835,0.798397,-0.456382
836,0.801999,-0.455889
837,0.805567,-0.455178
838,0.809087,-0.454253
839,0.812546,-0.453117
840,0.815931,-0.451774
841,0.819231,-0.450228
842,0.822432,-0.448485
843,0.825525,-0.446551
844,0.828496,-0.444433
845,0.831335,-0.442139
846,0.834032,-0.439677
847,0.836578,-0.437055
848,0.838961,-0.434283
849,0.841175,-0.431371
850,0.843210,-0.428330
851,0.845059,-0.425169
852,0.846715,-0.421902
853,0.848173,-0.418538
854,0.849426,-0.415091
855,0.850124,-0.411433
856,0.850947,-0.407875
857,0.851556,-0.404271
858,0.851946,-0.400635
859,0.852117,-0.396980
860,0.852068,-0.393319
861,0.851799,-0.389666
862,0.851310,-0.386032
863,0.850603,-0.382433
864,0.849680,-0.378880
865,0.848545,-0.375386
866,0.847201,-0.371965
867,0.845653,-0.368629
868,0.843906,-0.365389
869,0.841966,-0.362257
870,0.839840,-0.359246
871,0.837535,-0.356366
872,0.835060,-0.353627
873,0.832423,-0.351040
874,0.829634,-0.348614
875,0.826702,-0.346358
876,0.823637,-0.344280
877,0.820451,-0.342388
878,0.817155,-0.340690
879,0.813760,-0.339191
880,0.810279,-0.337897
881,0.806724,-0.336813
882,0.803107,-0.335943
883,0.799442,-0.335291
884,0.795741,-0.334860
885,0.792018,-0.334650
886,0.788217,-0.335030
887,0.784510,-0.335271
888,0.780819,-0.335734
889,0.777160,-0.336417
890,0.773544,-0.337318
891,0.769986,-0.338436
892,0.766498,-0.339765
893,0.763093,-0.341302
894,0.759783,-0.343041
895,0.756580,-0.344976
896,0.753496,-0.347102
897,0.750541,-0.349410
898,0.747727,-0.351893
899,0.745064,-0.354541
900,0.742562,-0.357347
901,0.740229,-0.360300
902,0.738075,-0.363389
903,0.736107,-0.366605
904,0.734333,-0.369936
905,0.732759,-0.373369
906,0.731392,-0.376894
907,0.730236,-0.380498
908,0.729296,-0.384167
909,0.728576,-0.387890
910,0.728079,-0.391652
911,0.727806,-0.395442
912,0.727760,-0.399244
913,0.727940,-0.403046
914,0.728347,-0.406834
915,0.728979,-0.410596
916,0.729836,-0.414316
917,0.730913,-0.417983
918,0.732579,-0.421558
919,0.734086,-0.425057
920,0.735800,-0.428466
921,0.737715,-0.431770
922,0.739827,-0.434957
923,0.742126,-0.438017
924,0.744605,-0.440937
925,0.747257,-0.443708
926,0.750072,-0.446318
927,0.753039,-0.448760
928,0.756150,-0.451023
929,0.759394,-0.453100
930,0.762758,-0.454982
931,0.766232,-0.456663
932,0.769803,-0.458136
933,0.773460,-0.459396
934,0.777188,-0.460438
935,0.780976,-0.461258
936,0.784810,-0.461852
937,0.788677,-0.462218
938,0.792563,-0.462354
939,0.796454,-0.462260
940,0.800337,-0.461934
941,0.804198,-0.461378
942,0.808023,-0.460594
943,0.811800,-0.459583
944,0.815513,-0.458349
945,0.819151,-0.456896
946,0.822701,-0.455228
947,0.826149,-0.453350
948,0.829484,-0.451269
949,0.832693,-0.448992
950,0.835647,-0.446173
951,0.838553,-0.443534
952,0.841301,-0.440724
953,0.843882,-0.437752
954,0.846285,-0.434630
955,0.848501,-0.431367
956,0.850523,-0.427976
957,0.852343,-0.424466
958,0.853954,-0.420851
959,0.855350,-0.417144
960,0.856526,-0.413355
961,0.857477,-0.409500
962,0.858199,-0.405591
963,0.858690,-0.401641
964,0.858947,-0.397665
965,0.858969,-0.393676
966,0.858755,-0.389689
967,0.858306,-0.385716
968,0.857622,-0.381773
969,0.856706,-0.377872
970,0.855560,-0.374027
971,0.854187,-0.370253
972,0.852593,-0.366562
973,0.850781,-0.362967
974,0.848759,-0.359482
975,0.846532,-0.356118
976,0.844108,-0.352887
977,0.841494,-0.349801
978,0.838701,-0.346872
979,0.835736,-0.344108
980,0.832610,-0.341522
981,0.829333,-0.339121
982,0.825605,-0.337119
983,0.822071,-0.335131
984,0.818422,-0.333352
985,0.814670,-0.331789
986,0.810828,-0.330448
987,0.806909,-0.329334
988,0.802927,-0.328452
989,0.798895,-0.327805
990,0.794828,-0.327395
991,0.790738,-0.327225
992,0.786641,-0.327296
993,0.782551,-0.327608
994,0.778481,-0.328161
995,0.774447,-0.328953
996,0.770461,-0.329981
997,0.766538,-0.331244
998,0.762691,-0.332736
999,0.758935,-0.334454
1000,0.755281,-0.336392
1001,0.751744,-0.338544
1002,0.748335,-0.340902
1003,0.745067,-0.343459
1004,0.741951,-0.346207
1005,0.738998,-0.349136
1006,0.736219,-0.352237
1007,0.733624,-0.355500
1008,0.731222,-0.358913
1009,0.729022,-0.362465
1010,0.727031,-0.366144
1011,0.725258,-0.369938
1012,0.723709,-0.373834
1013,0.722389,-0.377819
1014,0.721582,-0.382127
1015,0.720748,-0.386233
1016,0.720154,-0.390388
1017,0.719805,-0.394574
1018,0.719701,-0.398779
1019,0.719844,-0.402988
1020,0.720234,-0.407186
1021,0.720870,-0.411358
1022,0.721750,-0.415491
1023,0.722872,-0.419570
1024,0.724232,-0.423581
1025,0.725827,-0.427510
1026,0.727650,-0.431343
1027,0.729698,-0.435067
1028,0.731962,-0.438669
1029,0.734436,-0.442136
1030,0.737112,-0.445456
1031,0.739980,-0.448618
1032,0.743032,-0.451610
1033,0.746258,-0.454421
1034,0.749646,-0.457042
1035,0.753185,-0.459463
1036,0.756864,-0.461676
1037,0.760671,-0.463672
1038,0.764592,-0.465444
1039,0.768614,-0.466986
1040,0.772724,-0.468292
1041,0.776909,-0.469356
1042,0.781153,-0.470175
1043,0.785442,-0.470745
1044,0.789762,-0.471065
1045,0.794098,-0.471131
1046,0.798601,-0.470610
1047,0.802909,-0.470162
1048,0.807188,-0.469462
1049,0.811425,-0.468513
1050,0.815603,-0.467317
1051,0.819709,-0.465878
1052,0.823729,-0.464199
1053,0.827648,-0.462287
1054,0.831453,-0.460147
1055,0.835131,-0.457786
1056,0.838669,-0.455212
1057,0.842055,-0.452432
1058,0.845276,-0.449457
1059,0.848321,-0.446296
1060,0.851181,-0.442958
1061,0.853844,-0.439456
1062,0.856300,-0.435801
1063,0.858543,-0.432004
1064,0.860562,-0.428079
1065,0.862351,-0.424038
1066,0.863903,-0.419896
1067,0.865213,-0.415666
1068,0.866275,-0.411361
1069,0.867086,-0.406998
1070,0.867642,-0.402590
1071,0.867940,-0.398152
1072,0.867980,-0.393699
1073,0.867760,-0.389247
1074,0.867281,-0.384811
1075,0.866543,-0.380405
1076,0.865550,-0.376045
1077,0.863946,-0.371637
1078,0.862444,-0.367431
1079,0.860699,-0.363314
1080,0.858714,-0.359300
1081,0.856497,-0.355405
1082,0.854055,-0.351641
1083,0.851395,-0.348021
1084,0.848526,-0.344559
1085,0.845457,-0.341266
1086,0.842198,-0.338154
1087,0.838761,-0.335233
1088,0.835155,-0.332514
1089,0.831394,-0.330007
1090,0.827489,-0.327720
1091,0.823454,-0.325662
1092,0.819301,-0.323839
1093,0.815045,-0.322260
1094,0.810700,-0.320929
1095,0.806280,-0.319852
1096,0.801801,-0.319032
1097,0.797277,-0.318473
1098,0.792723,-0.318178
1099,0.788155,-0.318148
1100,0.783588,-0.318383
1101,0.779038,-0.318883
1102,0.774520,-0.319648
1103,0.770050,-0.320675
1104,0.765642,-0.321961
1105,0.761311,-0.323502
1106,0.757073,-0.325293
1107,0.752942,-0.327330
1108,0.748932,-0.329605
1109,0.745045,-0.332484
1110,0.741336,-0.335215
1111,0.737787,-0.338159
1112,0.734411,-0.341307
1113,0.731220,-0.344649
1114,0.728225,-0.348174
1115,0.725437,-0.351871
1116,0.722866,-0.355727
1117,0.720520,-0.359730
1118,0.718408,-0.363866
1119,0.716537,-0.368122
1120,0.714914,-0.372483
1121,0.713546,-0.376936
1122,0.712437,-0.381465
1123,0.711592,-0.386055
1124,0.711013,-0.390692
1125,0.710704,-0.395358
1126,0.710665,-0.400039
1127,0.710898,-0.404720
1128,0.711403,-0.409383
1129,0.712177,-0.414014
1130,0.713220,-0.418597
1131,0.714527,-0.423117
1132,0.716095,-0.427557
1133,0.717920,-0.431903
1134,0.719996,-0.436141
1135,0.722315,-0.440255
1136,0.724871,-0.444231
1137,0.727656,-0.448057
1138,0.730661,-0.451719
1139,0.733876,-0.455204
1140,0.737290,-0.458500
1141,0.741255,-0.461508
1142,0.745031,-0.464376
1143,0.748969,-0.467025
1144,0.753059,-0.469443
1145,0.757286,-0.471623
1146,0.761636,-0.473556
1147,0.766095,-0.475237
1148,0.770647,-0.476657
1149,0.775279,-0.477814
1150,0.779974,-0.478701
1151,0.784718,-0.479316
1152,0.789493,-0.479655
1153,0.794285,-0.479718
1154,0.799076,-0.479504
1155,0.803852,-0.479013
1156,0.808596,-0.478245
1157,0.813291,-0.477204
1158,0.817924,-0.475891
1159,0.822476,-0.474312
1160,0.826934,-0.472470
1161,0.831282,-0.470372
1162,0.835506,-0.468024
1163,0.839590,-0.465434
1164,0.843522,-0.462609
1165,0.847287,-0.459559
1166,0.850873,-0.456293
1167,0.854267,-0.452823
1168,0.857458,-0.449159
1169,0.860435,-0.445313
1170,0.863187,-0.441298
1171,0.865705,-0.437127
1172,0.867835,-0.432471
1173,0.869842,-0.428037
1174,0.871593,-0.423489
1175,0.873080,-0.418844
1176,0.874297,-0.414116
1177,0.875240,-0.409321
1178,0.875905,-0.404476
1179,0.876290,-0.399596
1180,0.876393,-0.394698
1181,0.876212,-0.389797
1182,0.875749,-0.384911
1183,0.875004,-0.380056
1184,0.873978,-0.375247
1185,0.872676,-0.370501
1186,0.871101,-0.365834
1187,0.869258,-0.361262
1188,0.867152,-0.356800
1189,0.864790,-0.352463
1190,0.862179,-0.348266
1191,0.859328,-0.344223
1192,0.856246,-0.340348
1193,0.852943,-0.336654
1194,0.849429,-0.333154
1195,0.845716,-0.329859
1196,0.841816,-0.326781
1197,0.837741,-0.323931
1198,0.833506,-0.321318
1199,0.829122,-0.318952
1200,0.824606,-0.316841
1201,0.819972,-0.314992
1202,0.815235,-0.313412
1203,0.810410,-0.312107
1204,0.805221,-0.311311
1205,0.800281,-0.310582
1206,0.795302,-0.310137
1207,0.790302,-0.309981
1208,0.785296,-0.310112
1209,0.780303,-0.310533
1210,0.775337,-0.311240
1211,0.770417,-0.312234
1212,0.765558,-0.313511
1213,0.760777,-0.315067
1214,0.756089,-0.316897
1215,0.751511,-0.318996
1216,0.747058,-0.321357
1217,0.742744,-0.323973
1218,0.738585,-0.326835
1219,0.734595,-0.329935
1220,0.730787,-0.333262
1221,0.727173,-0.336805
1222,0.723767,-0.340554
1223,0.720580,-0.344496
1224,0.717623,-0.348619
1225,0.714906,-0.352908
1226,0.712439,-0.357350
1227,0.710229,-0.361931
1228,0.708286,-0.366635
1229,0.706615,-0.371446
1230,0.705223,-0.376350
1231,0.704114,-0.381330
1232,0.703294,-0.386370
1233,0.702764,-0.391452
1234,0.702528,-0.396560
1235,0.702586,-0.401678
1236,0.703241,-0.407006
1237,0.703898,-0.412077
1238,0.704845,-0.417107
1239,0.706081,-0.422077
1240,0.707603,-0.426973
1241,0.709405,-0.431776
1242,0.711482,-0.436471
1243,0.713827,-0.441043
1244,0.716434,-0.445475
1245,0.719294,-0.449753
1246,0.722397,-0.453863
1247,0.725734,-0.457791
1248,0.729294,-0.461523
1249,0.733066,-0.465047
1250,0.737037,-0.468350
1251,0.741195,-0.471422
1252,0.745526,-0.474252
1253,0.750016,-0.476830
1254,0.754650,-0.479148
1255,0.759413,-0.481196
1256,0.764290,-0.482969
1257,0.769265,-0.484459
1258,0.774320,-0.485662
1259,0.779441,-0.486573
1260,0.784608,-0.487188
1261,0.789807,-0.487506
1262,0.795019,-0.487524
1263,0.800228,-0.487242
1264,0.805415,-0.486661
1265,0.810564,-0.485782
1266,0.815658,-0.484608
1267,0.820846,-0.482808
1268,0.825762,-0.481047
1269,0.830575,-0.479005
1270,0.835266,-0.476689
1271,0.839819,-0.474104
1272,0.844220,-0.471261
1273,0.848452,-0.468167
1274,0.852503,-0.464832
1275,0.856359,-0.461268
1276,0.860006,-0.457486
1277,0.863432,-0.453497
1278,0.866625,-0.449315
1279,0.869575,-0.444954
1280,0.872272,-0.440427
1281,0.874706,-0.435749
1282,0.876868,-0.430936
1283,0.878752,-0.426003
1284,0.880351,-0.420966
1285,0.881658,-0.415843
1286,0.882670,-0.410649
1287,0.883383,-0.405402
1288,0.883793,-0.400119
1289,0.883899,-0.394818
1290,0.883701,-0.389516
1291,0.883198,-0.384230
1292,0.882392,-0.378978
1293,0.881284,-0.373777
1294,0.879880,-0.368646
1295,0.878181,-0.363599
1296,0.876195,-0.358656
1297,0.873926,-0.353831
1298,0.871382,-0.349141
1299,0.868205,-0.344535
1300,0.865134,-0.340179
1301,0.861815,-0.336001
1302,0.858260,-0.332019
1303,0.854479,-0.328244
1304,0.850486,-0.324691
1305,0.846292,-0.321370
1306,0.841912,-0.318293
1307,0.837360,-0.315471
1308,0.832649,-0.312913
1309,0.827797,-0.310628
1310,0.822818,-0.308624
1311,0.817729,-0.306907
1312,0.812547,-0.305485
1313,0.807288,-0.304362
1314,0.801970,-0.303541
1315,0.796610,-0.303027
1316,0.791226,-0.302821
1317,0.785836,-0.302924
1318,0.780456,-0.303337
1319,0.775106,-0.304058
1320,0.769803,-0.305085
1321,0.764564,-0.306416
1322,0.759407,-0.308046
1323,0.754348,-0.309970
1324,0.749405,-0.312183
1325,0.744594,-0.314677
1326,0.739931,-0.317445
1327,0.735432,-0.320477
1328,0.731111,-0.323765
1329,0.726983,-0.327297
1330,0.723056,-0.331436
1331,0.719373,-0.335422
1332,0.715920,-0.339616
1333,0.712711,-0.344004
1334,0.709757,-0.348572
1335,0.707069,-0.353304
1336,0.704654,-0.358186
1337,0.702522,-0.363201
1338,0.700680,-0.368333
1339,0.699135,-0.373566
1340,0.697891,-0.378882
1341,0.696953,-0.384264
1342,0.696325,-0.389694
1343,0.696009,-0.395154
1344,0.696006,-0.400627
1345,0.696318,-0.406094
1346,0.696942,-0.411538
1347,0.697878,-0.416940
1348,0.699123,-0.422283
1349,0.700674,-0.427549
1350,0.702524,-0.432720
1351,0.704669,-0.437780
1352,0.707102,-0.442712
1353,0.709815,-0.447498
1354,0.712800,-0.452125
1355,0.716046,-0.456575
1356,0.719545,-0.460834
1357,0.723284,-0.464889
1358,0.727251,-0.468724
1359,0.731435,-0.472328
1360,0.735820,-0.475689
1361,0.740393,-0.478794
1362,0.745500,-0.481537
1363,0.750400,-0.484086
1364,0.755441,-0.486353
1365,0.760606,-0.488328
1366,0.765880,-0.490005
1367,0.771244,-0.491378
1368,0.776681,-0.492443
1369,0.782173,-0.493194
1370,0.787702,-0.493630
1371,0.793250,-0.493749
1372,0.798799,-0.493549
1373,0.804331,-0.493032
1374,0.809827,-0.492199
1375,0.815269,-0.491051
1376,0.820639,-0.489593
1377,0.825921,-0.487828
1378,0.831095,-0.485763
1379,0.836146,-0.483404
1380,0.841055,-0.480758
1381,0.845808,-0.477833
1382,0.850388,-0.474639
1383,0.854780,-0.471187
1384,0.858970,-0.467486
1385,0.862943,-0.463550
1386,0.866686,-0.459390
1387,0.870186,-0.455021
1388,0.873433,-0.450456
1389,0.876414,-0.445709
1390,0.879121,-0.440798
1391,0.881543,-0.435736
1392,0.883672,-0.430542
1393,0.885344,-0.424893
1394,0.886853,-0.419491
1395,0.888051,-0.414007
1396,0.888934,-0.408461
1397,0.889499,-0.402870
1398,0.889743,-0.397253
1399,0.889665,-0.391629
1400,0.889265,-0.386015
1401,0.888544,-0.380430
1402,0.887504,-0.374893
1403,0.886148,-0.369422
1404,0.884480,-0.364034
1405,0.882506,-0.358748
1406,0.880231,-0.353581
1407,0.877663,-0.348550
1408,0.874810,-0.343671
1409,0.871680,-0.338962
1410,0.868285,-0.334437
1411,0.864634,-0.330111
1412,0.860740,-0.325999
1413,0.856615,-0.322115
1414,0.852272,-0.318472
1415,0.847725,-0.315081
1416,0.842990,-0.311954
1417,0.838081,-0.309102
1418,0.833014,-0.306534
1419,0.827806,-0.304259
1420,0.822473,-0.302285
1421,0.817034,-0.300618
1422,0.811506,-0.299264
1423,0.805906,-0.298229
1424,0.799945,-0.297724
1425,0.794269,-0.297350
1426,0.788575,-0.297298
1427,0.782885,-0.297572
1428,0.777217,-0.298171
1429,0.771590,-0.299094
1430,0.766022,-0.300339
1431,0.760531,-0.301900
1432,0.755137,-0.303773
1433,0.749855,-0.305953
1434,0.744705,-0.308433
1435,0.739702,-0.311205
1436,0.734864,-0.314259
1437,0.730206,-0.317587
1438,0.725744,-0.321178
1439,0.721493,-0.325020
1440,0.717466,-0.329100
1441,0.713678,-0.333406
1442,0.710140,-0.337924
1443,0.706865,-0.342639
1444,0.703863,-0.347536
1445,0.701145,-0.352599
1446,0.698720,-0.357811
1447,0.696595,-0.363157
1448,0.694779,-0.368617
1449,0.693278,-0.374175
1450,0.692096,-0.379812
1451,0.691238,-0.385510
1452,0.690707,-0.391251
1453,0.690505,-0.397015
1454,0.690633,-0.402784
1455,0.691090,-0.408539
1456,0.692159,-0.414504
1457,0.693283,-0.420161
1458,0.694728,-0.425749
1459,0.696490,-0.431248
1460,0.698565,-0.436640
1461,0.700946,-0.441906
1462,0.703625,-0.447031
1463,0.706594,-0.451996
1464,0.709843,-0.456785
1465,0.713362,-0.461383
1466,0.717140,-0.465774
1467,0.721165,-0.469944
1468,0.725423,-0.473879
1469,0.729902,-0.477565
1470,0.734585,-0.480992
1471,0.739459,-0.484146
1472,0.744508,-0.487018
1473,0.749715,-0.489598
1474,0.755063,-0.491876
1475,0.760534,-0.493847
1476,0.766112,-0.495502
1477,0.771778,-0.496837
1478,0.777513,-0.497846
1479,0.783300,-0.498525
1480,0.789118,-0.498874
1481,0.794948,-0.498889
1482,0.800773,-0.498571
1483,0.806573,-0.497920
1484,0.812328,-0.496938
1485,0.818020,-0.495629
1486,0.823631,-0.493996
1487,0.829141,-0.492044
1488,0.834689,-0.489441
1489,0.839931,-0.486865
1490,0.845020,-0.483992
1491,0.849939,-0.480832
1492,0.854671,-0.477395
1493,0.859201,-0.473692
1494,0.863514,-0.469734
1495,0.867596,-0.465534
1496,0.871432,-0.461107
1497,0.875011,-0.456465
1498,0.878320,-0.451625
1499,0.881349,-0.446601
1500,0.884087,-0.441411
1501,0.886525,-0.436070
1502,0.888654,-0.430597
1503,0.890468,-0.425008
1504,0.891961,-0.419323
1505,0.893127,-0.413560
1506,0.893962,-0.407737
1507,0.894464,-0.401873
1508,0.894629,-0.395988
1509,0.894459,-0.390101
1510,0.893952,-0.384231
1511,0.893110,-0.378397
1512,0.891936,-0.372618
1513,0.890434,-0.366914
1514,0.888607,-0.361302
1515,0.886462,-0.355802
1516,0.884005,-0.350431
1517,0.881245,-0.345207
1518,0.878189,-0.340147
1519,0.874489,-0.335170
1520,0.870869,-0.330505
1521,0.866988,-0.326050
1522,0.862857,-0.321822
1523,0.858490,-0.317835
1524,0.853900,-0.314103
1525,0.849103,-0.310637
1526,0.844113,-0.307450
1527,0.838948,-0.304551
1528,0.833624,-0.301952
1529,0.828158,-0.299659
1530,0.822568,-0.297682
1531,0.816872,-0.296027
1532,0.811089,-0.294699
1533,0.805237,-0.293703
1534,0.799335,-0.293042
1535,0.793403,-0.292720
1536,0.787461,-0.292736
1537,0.781526,-0.293092
1538,0.775620,-0.293787
1539,0.769760,-0.294817
1540,0.763967,-0.296182
1541,0.758259,-0.297875
1542,0.752655,-0.299892
1543,0.747173,-0.302227
1544,0.741831,-0.304872
1545,0.736648,-0.307818
1546,0.731639,-0.311057
1547,0.726821,-0.314578
1548,0.722211,-0.318369
1549,0.717823,-0.322419
1550,0.713671,-0.326714
1551,0.709775,-0.331614
1552,0.706154,-0.336358
1553,0.702807,-0.341302
1554,0.699746,-0.346431
1555,0.696982,-0.351729
1556,0.694524,-0.357177
1557,0.692380,-0.362759
1558,0.690557,-0.368457
1559,0.689062,-0.374251
1560,0.687900,-0.380123
1561,0.687075,-0.386054
1562,0.686589,-0.392024
1563,0.686445,-0.398014
1564,0.686643,-0.404005
1565,0.687183,-0.409977
1566,0.688063,-0.415911
1567,0.689280,-0.421787
1568,0.690832,-0.427585
1569,0.692712,-0.433288
1570,0.694916,-0.438876
1571,0.697436,-0.444331
1572,0.700264,-0.449635
1573,0.703391,-0.454771
1574,0.706807,-0.459722
1575,0.710501,-0.464471
1576,0.714462,-0.469003
1577,0.718676,-0.473304
1578,0.723131,-0.477358
1579,0.727811,-0.481153
1580,0.732701,-0.484675
1581,0.737786,-0.487914
1582,0.743417,-0.490793
1583,0.748838,-0.493416
1584,0.754404,-0.495729
1585,0.760094,-0.497722
1586,0.765890,-0.499387
1587,0.771774,-0.500719
1588,0.777726,-0.501714
1589,0.783727,-0.502368
1590,0.789758,-0.502678
1591,0.795799,-0.502644
1592,0.801830,-0.502265
1593,0.807831,-0.501543
1594,0.813783,-0.500479
1595,0.819667,-0.499077
1596,0.825463,-0.497340
1597,0.831152,-0.495275
1598,0.836717,-0.492889
1599,0.842137,-0.490187
1600,0.847397,-0.487181
1601,0.852477,-0.483877
1602,0.857363,-0.480289
1603,0.862038,-0.476426
1604,0.866486,-0.472301
1605,0.870693,-0.467928
1606,0.874644,-0.463321
1607,0.878328,-0.458495
1608,0.881732,-0.453464
1609,0.884843,-0.448246
1610,0.887653,-0.442858
1611,0.890152,-0.437316
1612,0.892332,-0.431638
1613,0.894184,-0.425844
1614,0.895539,-0.419618
1615,0.896706,-0.413654
1616,0.897533,-0.407631
1617,0.898015,-0.401568
1618,0.898151,-0.395486
1619,0.897939,-0.389404
1620,0.897381,-0.383342
1621,0.896477,-0.377320
1622,0.895232,-0.371358
1623,0.893647,-0.365474
1624,0.891730,-0.359689
1625,0.889484,-0.354021
1626,0.886919,-0.348489
1627,0.884041,-0.343110
1628,0.880860,-0.337903
1629,0.877386,-0.332884
1630,0.873631,-0.328069
1631,0.869606,-0.323476
1632,0.865324,-0.319118
1633,0.860800,-0.315010
1634,0.856047,-0.311166
1635,0.851081,-0.307598
1636,0.845919,-0.304318
1637,0.840576,-0.301337
1638,0.835070,-0.298665
1639,0.829419,-0.296310
1640,0.823642,-0.294281
1641,0.817756,-0.292584
1642,0.811782,-0.291225
1643,0.805738,-0.290208
1644,0.799644,-0.289538
1645,0.793219,-0.289436
1646,0.787095,-0.289477
1647,0.780980,-0.289866
1648,0.774895,-0.290603
1649,0.768861,-0.291685
1650,0.762896,-0.293111
1651,0.757020,-0.294875
1652,0.751254,-0.296971
1653,0.745614,-0.299394
1654,0.740120,-0.302135
1655,0.734790,-0.305186
1656,0.729641,-0.308536
1657,0.724690,-0.312176
1658,0.719954,-0.316093
1659,0.715447,-0.320275
1660,0.711185,-0.324708
1661,0.707181,-0.329378
1662,0.703449,-0.334270
1663,0.700001,-0.339369
1664,0.696849,-0.344657
1665,0.694002,-0.350118
1666,0.691471,-0.355734
1667,0.689263,-0.361486
1668,0.687386,-0.367356
1669,0.685847,-0.373326
1670,0.684650,-0.379375
1671,0.683799,-0.385484
1672,0.683298,-0.391634
1673,0.683149,-0.397803
1674,0.683351,-0.403973
1675,0.683905,-0.410123
1676,0.684809,-0.416233
1677,0.686357,-0.422509
1678,0.687961,-0.428466
1679,0.689901,-0.434326
1680,0.692173,-0.440067
1681,0.694769,-0.445671
1682,0.697681,-0.451119
1683,0.700899,-0.456393
1684,0.704414,-0.461477
1685,0.708214,-0.466354
1686,0.712287,-0.471007
1687,0.716619,-0.475421
1688,0.721197,-0.479583
1689,0.726006,-0.483478
1690,0.731031,-0.487093
1691,0.736255,-0.490417
1692,0.741661,-0.493439
1693,0.747232,-0.496148
1694,0.752950,-0.498536
1695,0.758796,-0.500594
1696,0.764751,-0.502317
1697,0.770797,-0.503698
1698,0.776913,-0.504732
1699,0.783079,-0.505416
1700,0.789276,-0.505747
1701,0.795483,-0.505725
1702,0.801680,-0.505349
1703,0.807848,-0.504621
1704,0.813965,-0.503541
1705,0.820013,-0.502115
1706,0.825970,-0.500346
1707,0.831819,-0.498239
1708,0.837710,-0.495471
1709,0.843269,-0.492704
1710,0.848665,-0.489625
1711,0.853878,-0.486242
1712,0.858891,-0.482568
1713,0.863687,-0.478612
1714,0.868252,-0.474389
1715,0.872569,-0.469911
1716,0.876625,-0.465193
1717,0.880407,-0.460251
1718,0.883901,-0.455100
1719,0.887098,-0.449757
1720,0.889985,-0.444240
1721,0.892554,-0.438565
1722,0.894796,-0.432752
1723,0.896703,-0.426819
1724,0.898270,-0.420786
1725,0.899490,-0.414672
1726,0.900360,-0.408496
1727,0.900878,-0.402280
1728,0.901040,-0.396043
1729,0.900846,-0.389805
1730,0.900298,-0.383588
1731,0.899395,-0.377410
1732,0.898142,-0.371292
1733,0.896542,-0.365254
1734,0.894600,-0.359316
1735,0.892323,-0.353496
1736,0.889716,-0.347815
1737,0.886790,-0.342290
1738,0.883553,-0.336939
1739,0.879660,-0.331670
1740,0.875829,-0.326736
1741,0.871722,-0.322025
1742,0.867353,-0.317554
1743,0.862735,-0.313339
1744,0.857883,-0.309393
1745,0.852814,-0.305728
1746,0.847542,-0.302358
1747,0.842086,-0.299293
1748,0.836463,-0.296543
1749,0.830691,-0.294117
1750,0.824789,-0.292024
1751,0.818776,-0.290270
1752,0.812672,-0.288861
1753,0.806496,-0.287802
1754,0.800268,-0.287096
1755,0.794009,-0.286746
1756,0.787738,-0.286753
1757,0.781477,-0.287118
1758,0.775245,-0.287839
1759,0.769064,-0.288914
1760,0.762952,-0.290339
1761,0.756930,-0.292111
1762,0.751018,-0.294223
1763,0.745234,-0.296669
1764,0.739598,-0.299442
1765,0.734127,-0.302531
1766,0.728841,-0.305928
1767,0.723755,-0.309622
1768,0.718887,-0.313599
1769,0.714253,-0.317849
1770,0.709867,-0.322356
1771,0.705741,-0.327481
1772,0.701910,-0.332460
1773,0.698367,-0.337651
1774,0.695124,-0.343036
1775,0.692193,-0.348598
1776,0.689583,-0.354319
1777,0.687303,-0.360181
1778,0.685360,-0.366165
1779,0.683760,-0.372250
1780,0.682510,-0.378419
1781,0.681612,-0.384649
1782,0.681071,-0.390922
1783,0.680888,-0.397217
1784,0.681064,-0.403513
1785,0.681599,-0.409791
1786,0.682490,-0.416029
1787,0.683735,-0.422207
1788,0.685331,-0.428306
1789,0.687271,-0.434305
1790,0.689551,-0.440185
1791,0.692162,-0.445926
1792,0.695097,-0.451511
1793,0.698346,-0.456921
1794,0.701898,-0.462137
1795,0.705742,-0.467144
1796,0.709866,-0.471925
1797,0.714256,-0.476464
1798,0.718899,-0.480747
1799,0.723779,-0.484759
