0,1.949830,-0.892029
1,1.949830,-0.892029
2,1.949830,-0.892029
3,1.949830,-0.892029
4,1.949830,-0.892029
5,1.949830,-0.892029
6,1.949830,-0.892029
7,1.950304,-0.879788
8,1.949597,-0.862809
9,1.947871,-0.845899
10,1.945185,-0.829115
11,1.941549,-0.812511
12,1.936974,-0.796141
13,1.931475,-0.780057
14,1.925070,-0.764313
15,1.917780,-0.748958
16,1.909628,-0.734043
17,1.900640,-0.719616
18,1.890846,-0.705724
19,1.880278,-0.692412
20,1.868969,-0.679722
21,1.856956,-0.667696
22,1.844279,-0.656374
23,1.830978,-0.645790
24,1.817097,-0.635981
25,1.813202,-0.633262
26,1.801209,-0.630765
27,1.784348,-0.628645
28,1.767386,-0.627543
29,1.750389,-0.627408
30,1.745639,-0.627397
31,1.745639,-0.627397
32,1.745639,-0.627397
33,1.745639,-0.627397
34,1.745639,-0.627397
35,1.745639,-0.627397
36,1.745639,-0.627397
37,1.745639,-0.627397
38,1.745639,-0.627397
39,1.745639,-0.627397
40,1.745639,-0.627397
41,1.745639,-0.627397
42,1.745639,-0.627397
43,1.742685,-0.615509
44,1.737277,-0.599398
45,1.730909,-0.583639
46,1.723654,-0.568267
47,1.715537,-0.553333
48,1.706583,-0.538885
49,1.696822,-0.524970
50,1.686285,-0.511633
51,1.675006,-0.498916
52,1.663022,-0.486862
53,1.650371,-0.475510
54,1.637095,-0.464895
55,1.633368,-0.461950
56,1.621545,-0.458747
57,1.604839,-0.455633
58,1.587972,-0.453528
59,1.571013,-0.452386
60,1.554016,-0.452210
61,1.537037,-0.453002
62,1.520131,-0.454759
63,1.503352,-0.457475
64,1.498667,-0.458261
65,1.498667,-0.458261
66,1.498667,-0.458261
67,1.498667,-0.458261
68,1.498667,-0.458261
69,1.498667,-0.458261
70,1.498667,-0.458261
71,1.498667,-0.458261
72,1.498667,-0.458261
73,1.498667,-0.458261
74,1.498667,-0.458261
75,1.498667,-0.458261
76,1.498667,-0.458261
77,1.493761,-0.447036
78,1.485729,-0.432060
79,1.476809,-0.417591
80,1.467081,-0.403653
81,1.456575,-0.390291
82,1.445326,-0.377548
83,1.433370,-0.365466
84,1.420747,-0.354084
85,1.407496,-0.343438
86,1.393660,-0.333564
87,1.379286,-0.324492
88,1.364418,-0.316254
89,1.349106,-0.308874
90,1.333399,-0.302378
91,1.317348,-0.296786
92,1.301005,-0.292116
93,1.284422,-0.288384
94,1.267654,-0.285601
95,1.250754,-0.283776
96,1.233779,-0.282916
97,1.216781,-0.283024
98,1.199818,-0.284098
99,1.182943,-0.286135
100,1.166211,-0.289130
101,1.166349,-0.292157
102,1.166209,-0.295503
103,1.165874,-0.299194
104,1.165361,-0.303323
105,1.164680,-0.307997
106,1.163829,-0.313344
107,1.164351,-0.313963
108,1.164853,-0.313825
109,1.165181,-0.313720
110,1.165344,-0.313659
111,1.165368,-0.313650
112,1.165368,-0.313650
113,1.165368,-0.313650
114,1.165368,-0.313650
115,1.165368,-0.313650
116,1.165368,-0.313650
117,1.165368,-0.313650
118,1.165368,-0.313650
119,1.162395,-0.301514
120,1.157283,-0.284626
121,1.151946,-0.267652
122,1.146438,-0.250613
123,1.140779,-0.233537
124,1.134990,-0.216459
125,1.129100,-0.199415
126,1.122961,-0.182603
127,1.116077,-0.166522
128,1.108427,-0.151297
129,1.100041,-0.137005
130,1.090950,-0.123726
131,1.083661,-0.112902
132,1.073022,-0.102755
133,1.060914,-0.093479
134,1.048116,-0.085070
135,1.034815,-0.077465
136,1.021088,-0.070652
137,1.006991,-0.064639
138,0.992574,-0.059442
139,0.977883,-0.055077
140,0.962968,-0.051556
141,0.947876,-0.048891
142,0.932656,-0.047092
143,0.917359,-0.046165
144,0.902034,-0.046113
145,0.886731,-0.046936
146,0.871500,-0.048633
147,0.856369,-0.051303
148,0.841491,-0.054645
149,0.826779,-0.058897
150,0.812337,-0.064004
151,0.798214,-0.069938
152,0.784459,-0.076679
153,0.771123,-0.084214
154,0.758257,-0.092525
155,0.745912,-0.101590
156,0.734141,-0.111388
157,0.722998,-0.121895
158,0.712541,-0.133086
159,0.702833,-0.144939
160,0.693941,-0.157428
161,0.685941,-0.170531
162,0.678921,-0.184227
163,0.672984,-0.198502
164,0.668249,-0.213350
165,0.664862,-0.228784
166,0.662995,-0.244847
167,0.660510,-0.260796
168,0.659454,-0.277224
169,0.660044,-0.293957
170,0.658792,-0.296101
171,0.656706,-0.302686
172,0.653759,-0.310136
173,0.651314,-0.317767
174,0.649234,-0.325502
175,0.647595,-0.333344
176,0.646477,-0.341287
177,0.644693,-0.345683
178,0.641011,-0.345234
179,0.637911,-0.344273
180,0.634957,-0.343484
181,0.632083,-0.342943
182,0.629298,-0.342651
183,0.626620,-0.342599
184,0.624066,-0.342773
185,0.621651,-0.343157
186,0.619392,-0.343738
187,0.617302,-0.344498
188,0.615394,-0.345418
189,0.613677,-0.346482
190,0.612162,-0.347670
191,0.610856,-0.348962
192,0.609766,-0.350338
193,0.609269,-0.351776
194,0.608621,-0.353238
195,0.608196,-0.354722
196,0.607995,-0.356209
197,0.608015,-0.357677
198,0.608252,-0.359107
199,0.609380,-0.362681
200,0.612866,-0.371553
201,0.617397,-0.381119
202,0.622670,-0.390764
203,0.628558,-0.400237
204,0.634998,-0.409424
205,0.641950,-0.418263
206,0.649385,-0.426715
207,0.657273,-0.434753
208,0.665585,-0.442353
209,0.674292,-0.449501
210,0.683353,-0.456195
211,0.692729,-0.462438
212,0.702384,-0.468241
213,0.712283,-0.473623
214,0.722390,-0.478612
215,0.732670,-0.483251
216,0.743091,-0.487598
217,0.753620,-0.491735
218,0.764229,-0.495765
219,0.774891,-0.499828
220,0.785580,-0.504102
221,0.796266,-0.508818
222,0.806931,-0.514282
223,0.813094,-0.520310
224,0.816322,-0.519464
225,0.817676,-0.511605
226,0.823649,-0.502044
227,0.826168,-0.499917
228,0.827585,-0.498240
229,0.827889,-0.497876
230,0.826198,-0.500394
231,0.825542,-0.500907
232,0.817390,-0.499265
233,0.814381,-0.498540
234,0.802147,-0.499164
235,0.785299,-0.501388
236,0.768612,-0.504620
237,0.752135,-0.508798
238,0.735923,-0.513905
239,0.720028,-0.519927
240,0.704502,-0.526844
241,0.700174,-0.528801
242,0.700174,-0.528801
243,0.700174,-0.528801
244,0.700174,-0.528801
245,0.700174,-0.528801
246,0.700174,-0.528801
247,0.700174,-0.528801
248,0.700174,-0.528801
249,0.700174,-0.528801
250,0.700174,-0.528801
251,0.700174,-0.528801
252,0.701255,-0.516599
253,0.701393,-0.499606
254,0.700509,-0.482631
255,0.698661,-0.465734
256,0.695854,-0.448970
257,0.692098,-0.432393
258,0.687405,-0.416056
259,0.681790,-0.400013
260,0.675271,-0.384315
261,0.679225,-0.376516
262,0.684186,-0.369461
263,0.688975,-0.362263
264,0.693590,-0.354918
265,0.698028,-0.347422
266,0.702143,-0.339879
267,0.705391,-0.333033
268,0.708465,-0.326158
269,0.711419,-0.319200
270,0.714353,-0.311610
271,0.717178,-0.303407
272,0.719791,-0.294796
273,0.722168,-0.285990
274,0.724301,-0.277024
275,0.726178,-0.267900
276,0.727787,-0.258619
277,0.729114,-0.249181
278,0.732290,-0.240679
279,0.735793,-0.232171
280,0.738334,-0.222733
281,0.741036,-0.213062
282,0.743989,-0.203895
283,0.746191,-0.194505
284,0.747841,-0.185053
285,0.748929,-0.175566
286,0.749454,-0.166076
287,0.749421,-0.156616
288,0.748834,-0.147218
289,0.747701,-0.137915
290,0.746031,-0.128739
291,0.743833,-0.119719
292,0.741121,-0.110886
293,0.737909,-0.102268
294,0.734213,-0.093895
295,0.730049,-0.085791
296,0.725438,-0.077985
297,0.720398,-0.070498
298,0.714951,-0.063356
299,0.709120,-0.056580
300,0.702930,-0.050189
301,0.696404,-0.044203
302,0.689568,-0.038639
303,0.682451,-0.033513
304,0.675078,-0.028838
305,0.667477,-0.024626
306,0.661704,-0.024198
307,0.657600,-0.025428
308,0.653864,-0.026829
309,0.650271,-0.028416
310,0.646802,-0.030219
311,0.643467,-0.032232
312,0.640277,-0.034447
313,0.637244,-0.036854
314,0.634381,-0.039443
315,0.631697,-0.042202
316,0.629202,-0.045118
317,0.626907,-0.048180
318,0.624818,-0.051373
319,0.622944,-0.054685
320,0.621290,-0.058101
321,0.619863,-0.061606
322,0.618668,-0.065187
323,0.618897,-0.069785
324,0.622341,-0.075326
325,0.627821,-0.080194
326,0.634990,-0.084365
327,0.643473,-0.087715
328,0.652967,-0.090249
329,0.663230,-0.092035
330,0.673930,-0.093011
331,0.684852,-0.093252
332,0.695816,-0.092847
333,0.706661,-0.091871
334,0.717272,-0.090429
335,0.727557,-0.088640
336,0.737529,-0.086232
337,0.746856,-0.084047
338,0.755533,-0.081774
339,0.763686,-0.079700
340,0.771129,-0.077864
341,0.777837,-0.076363
342,0.783800,-0.075248
343,0.789048,-0.074504
344,0.793662,-0.074032
345,0.797764,-0.073609
346,0.801538,-0.073006
347,0.805189,-0.072161
348,0.808777,-0.071086
349,0.812298,-0.069785
350,0.815737,-0.068262
351,0.819082,-0.066522
352,0.822319,-0.064571
353,0.827399,-0.062696
354,0.835092,-0.062307
355,0.842138,-0.063641
356,0.849003,-0.066394
357,0.855962,-0.067749
358,0.862550,-0.070369
359,0.868980,-0.073328
360,0.875400,-0.076034
361,0.881920,-0.078356
362,0.888533,-0.080276
363,0.895216,-0.081789
364,0.901946,-0.082893
365,0.908696,-0.083587
366,0.915442,-0.083875
367,0.921835,-0.083576
368,0.928491,-0.083080
369,0.935071,-0.082192
370,0.941554,-0.080918
371,0.947918,-0.079264
372,0.954139,-0.077240
373,0.960198,-0.074858
374,0.966073,-0.072128
375,0.971746,-0.069065
376,0.977196,-0.065683
377,0.982407,-0.061996
378,0.987362,-0.058022
379,0.992045,-0.053777
380,0.996442,-0.049279
381,1.000539,-0.044547
382,1.004324,-0.039602
383,1.007786,-0.034462
384,1.010915,-0.029148
385,1.013704,-0.023682
386,1.016145,-0.018084
387,1.018232,-0.012378
388,1.019962,-0.006584
389,1.021330,-0.000725
390,1.022336,0.005178
391,1.022979,0.011101
392,1.023260,0.017023
393,1.023182,0.022922
394,1.022747,0.028776
395,1.021962,0.034565
396,1.020831,0.040268
397,1.019364,0.045863
398,1.017567,0.051332
399,1.015451,0.056655
400,1.012956,0.061449
401,1.010260,0.066422
402,1.007282,0.071199
403,1.004034,0.075762
404,1.000531,0.080098
405,0.996789,0.084191
406,0.992823,0.088029
407,0.988650,0.091601
408,0.984288,0.094894
409,0.979754,0.097899
410,0.975069,0.100608
411,0.970249,0.103013
412,0.965315,0.105108
413,0.960287,0.106888
414,0.955183,0.108349
415,0.950025,0.109489
416,0.944831,0.110305
417,0.939623,0.110799
418,0.934418,0.110970
419,0.929238,0.110822
420,0.924102,0.110357
421,0.919029,0.109581
422,0.914036,0.108498
423,0.909144,0.107117
424,0.904368,0.105444
425,0.899728,0.103489
426,0.895238,0.101261
427,0.890914,0.098772
428,0.886773,0.096034
429,0.882827,0.093058
430,0.879090,0.089859
431,0.875576,0.086450
432,0.872294,0.082847
433,0.869626,0.079113
434,0.866838,0.075192
435,0.864310,0.071125
436,0.862051,0.066929
437,0.860065,0.062620
438,0.858360,0.058216
439,0.856938,0.053735
440,0.855803,0.049195
441,0.854958,0.044614
442,0.854402,0.040010
443,0.854135,0.035401
444,0.854157,0.030804
445,0.854465,0.026239
446,0.855055,0.021721
447,0.855922,0.017269
448,0.857061,0.012899
449,0.858465,0.008628
450,0.860128,0.004471
451,0.862039,0.000444
452,0.864190,-0.003439
453,0.866570,-0.007163
454,0.869168,-0.010715
455,0.871973,-0.014083
456,0.874971,-0.017254
457,0.878150,-0.020218
458,0.881495,-0.022965
459,0.884992,-0.025485
460,0.888626,-0.027771
461,0.892382,-0.029815
462,0.896244,-0.031610
463,0.900196,-0.033152
464,0.904222,-0.034436
465,0.908305,-0.035459
466,0.912265,-0.035883
467,0.916392,-0.036390
468,0.920525,-0.036633
469,0.924651,-0.036614
470,0.928751,-0.036335
471,0.932810,-0.035798
472,0.936812,-0.035007
473,0.940742,-0.033967
474,0.944583,-0.032685
475,0.948322,-0.031166
476,0.951944,-0.029419
477,0.955435,-0.027452
478,0.958782,-0.025273
479,0.961973,-0.022894
480,0.964995,-0.020326
481,0.967838,-0.017578
482,0.970492,-0.014665
483,0.972946,-0.011598
484,0.975191,-0.008391
485,0.977221,-0.005057
486,0.979029,-0.001611
487,0.980607,0.001932
488,0.981951,0.005559
489,0.983057,0.009253
490,0.983922,0.012999
491,0.984543,0.016783
492,0.984920,0.020587
493,0.985051,0.024398
494,0.984938,0.028199
495,0.984583,0.031975
496,0.983987,0.035710
497,0.983155,0.039390
498,0.981798,0.042770
499,0.980521,0.046279
500,0.979026,0.049689
501,0.977318,0.052989
502,0.975406,0.056164
503,0.973299,0.059204
504,0.971005,0.062094
505,0.968535,0.064825
506,0.965900,0.067387
507,0.963111,0.069768
508,0.960180,0.071960
509,0.957119,0.073955
510,0.953943,0.075745
511,0.950663,0.077324
512,0.947294,0.078686
513,0.943850,0.079826
514,0.940345,0.080739
515,0.936795,0.081424
516,0.933212,0.081878
517,0.929614,0.082099
518,0.926013,0.082087
519,0.922425,0.081843
520,0.918865,0.081369
521,0.915348,0.080667
522,0.911886,0.079741
523,0.908496,0.078594
524,0.905190,0.077232
525,0.901982,0.075661
526,0.898884,0.073888
527,0.895910,0.071921
528,0.893072,0.069767
529,0.890380,0.067436
530,0.887846,0.064938
531,0.885790,0.062077
532,0.883613,0.059295
533,0.881621,0.056380
534,0.879821,0.053344
535,0.878222,0.050199
536,0.876830,0.046958
537,0.875650,0.043635
538,0.874687,0.040244
539,0.873945,0.036798
540,0.873426,0.033311
541,0.873133,0.029799
542,0.873067,0.026274
543,0.873229,0.022753
544,0.873617,0.019248
545,0.874229,0.015775
546,0.875065,0.012348
547,0.876119,0.008981
548,0.877388,0.005687
549,0.878867,0.002480
550,0.880550,-0.000626
551,0.882430,-0.003620
552,0.884500,-0.006489
553,0.886751,-0.009220
554,0.889175,-0.011803
555,0.891761,-0.014227
556,0.894499,-0.016482
557,0.897379,-0.018559
558,0.900388,-0.020448
559,0.903516,-0.022143
560,0.906748,-0.023635
561,0.910073,-0.024919
562,0.913477,-0.025988
563,0.916946,-0.026839
564,0.920563,-0.027107
565,0.924100,-0.027505
566,0.927661,-0.027676
567,0.931230,-0.027619
568,0.934793,-0.027335
569,0.938335,-0.026823
570,0.941843,-0.026085
571,0.945302,-0.025124
572,0.948698,-0.023942
573,0.952017,-0.022545
574,0.955246,-0.020937
575,0.958371,-0.019124
576,0.961379,-0.017113
577,0.964259,-0.014911
578,0.966999,-0.012526
579,0.969586,-0.009968
580,0.972010,-0.007246
581,0.974261,-0.004371
582,0.976330,-0.001353
583,0.978207,0.001795
584,0.979885,0.005063
585,0.981356,0.008437
586,0.982613,0.011904
587,0.983652,0.015450
588,0.984466,0.019063
589,0.985052,0.022728
590,0.985407,0.026430
591,0.985528,0.030155
592,0.985415,0.033889
593,0.985066,0.037616
594,0.984483,0.041323
595,0.983665,0.044994
596,0.982617,0.048615
597,0.980969,0.052147
598,0.979470,0.055604
599,0.977754,0.058969
600,0.975826,0.062228
601,0.973692,0.065368
602,0.971360,0.068376
603,0.968839,0.071239
604,0.966137,0.073946
605,0.963264,0.076485
606,0.960230,0.078846
607,0.957047,0.081019
608,0.953727,0.082994
609,0.950280,0.084764
610,0.946721,0.086319
611,0.943063,0.087654
612,0.939319,0.088762
613,0.935503,0.089637
614,0.931630,0.090276
615,0.927714,0.090674
616,0.923771,0.090829
617,0.919814,0.090739
618,0.915861,0.090404
619,0.911924,0.089823
620,0.908021,0.088997
621,0.904165,0.087929
622,0.900372,0.086621
623,0.896657,0.085077
624,0.893034,0.083302
625,0.889518,0.081302
626,0.886122,0.079082
627,0.882860,0.076650
628,0.879745,0.074015
629,0.876891,0.070827
630,0.874127,0.067819
631,0.871544,0.064636
632,0.869154,0.061292
633,0.866968,0.057796
634,0.864995,0.054163
635,0.863243,0.050405
636,0.861721,0.046536
637,0.860434,0.042569
638,0.859390,0.038519
639,0.858593,0.034401
640,0.858047,0.030230
641,0.857757,0.026021
642,0.857724,0.021789
643,0.857950,0.017552
644,0.858436,0.013323
645,0.859180,0.009120
646,0.860183,0.004958
647,0.861440,0.000853
648,0.862950,-0.003180
649,0.864707,-0.007125
650,0.866707,-0.010967
651,0.868943,-0.014692
652,0.871408,-0.018284
653,0.874095,-0.021730
654,0.876995,-0.025016
655,0.880097,-0.028129
656,0.883392,-0.031057
657,0.886869,-0.033788
658,0.890515,-0.036311
659,0.894318,-0.038615
660,0.898266,-0.040690
661,0.902343,-0.042529
662,0.906845,-0.043913
663,0.911129,-0.045239
664,0.915498,-0.046307
665,0.919937,-0.047112
666,0.924429,-0.047649
667,0.928959,-0.047915
668,0.933510,-0.047908
669,0.938065,-0.047625
670,0.942608,-0.047067
671,0.947123,-0.046234
672,0.951592,-0.045128
673,0.955999,-0.043750
674,0.960328,-0.042106
675,0.964563,-0.040199
676,0.968687,-0.038035
677,0.972685,-0.035620
678,0.976542,-0.032961
679,0.980244,-0.030068
680,0.983775,-0.026949
681,0.987122,-0.023615
682,0.990273,-0.020076
683,0.993214,-0.016343
684,0.995934,-0.012431
685,0.998422,-0.008351
686,1.000668,-0.004117
687,1.002663,0.000256
688,1.004397,0.004752
689,1.005863,0.009358
690,1.007055,0.014055
691,1.007967,0.018829
692,1.008594,0.023663
693,1.008932,0.028538
694,1.008979,0.033439
695,1.008436,0.038573
696,1.007885,0.043457
697,1.007043,0.048314
698,1.005910,0.053125
699,1.004488,0.057874
700,1.002782,0.062542
701,1.001529,0.067105
702,1.002991,0.070841
703,1.004382,0.074210
704,1.005540,0.077580
705,1.006476,0.081004
706,1.007188,0.084478
707,1.007675,0.087988
708,1.007934,0.091521
709,1.007964,0.095061
710,1.007766,0.098594
711,1.007341,0.102105
712,1.006690,0.105580
713,1.005816,0.109006
714,1.004724,0.112367
715,1.003418,0.115650
716,1.001903,0.118842
717,1.000185,0.121929
718,0.998272,0.124900
719,0.996172,0.127741
720,0.993893,0.130442
721,0.991444,0.132990
722,0.988835,0.135377
723,0.986078,0.137591
724,0.983183,0.139624
725,0.980162,0.141468
726,0.977028,0.143114
727,0.973792,0.144556
728,0.970329,0.145443
729,0.966951,0.146453
730,0.963513,0.147244
731,0.960029,0.147813
732,0.956512,0.148157
733,0.952978,0.148276
734,0.949440,0.148168
735,0.945913,0.147832
736,0.942412,0.147271
737,0.938950,0.146487
738,0.935542,0.145481
739,0.932201,0.144258
740,0.928942,0.142822
741,0.925777,0.141179
742,0.922719,0.139335
743,0.919782,0.137296
744,0.916977,0.135072
745,0.914316,0.132670
746,0.911810,0.130099
747,0.909469,0.127370
748,0.907304,0.124493
749,0.905323,0.121480
750,0.903534,0.118341
751,0.901947,0.115091
752,0.900566,0.111740
753,0.899399,0.108302
754,0.898451,0.104791
755,0.897727,0.101221
756,0.897229,0.097606
757,0.896960,0.093959
758,0.896923,0.090296
759,0.897118,0.086631
760,0.897915,0.082934
761,0.898576,0.079329
762,0.899465,0.075765
763,0.900579,0.072257
764,0.901915,0.068820
765,0.903469,0.065466
766,0.905234,0.062210
767,0.907206,0.059065
768,0.909376,0.056043
769,0.911738,0.053158
770,0.914282,0.050420
771,0.916999,0.047842
772,0.919879,0.045434
773,0.922912,0.043206
774,0.926086,0.041168
775,0.929389,0.039329
776,0.932810,0.037696
777,0.936334,0.036276
778,0.939949,0.035078
779,0.943641,0.034105
780,0.947396,0.033362
781,0.951199,0.032855
782,0.955036,0.032585
783,0.958893,0.032554
784,0.962754,0.032765
785,0.966604,0.033217
786,0.970428,0.033909
787,0.974212,0.034840
788,0.977940,0.036008
789,0.981598,0.037408
790,0.985172,0.039038
791,0.988647,0.040890
792,0.992009,0.042961
793,0.995170,0.045607
794,0.998248,0.048086
795,1.001176,0.050758
796,1.003940,0.053614
797,1.006529,0.056644
798,1.008933,0.059838
799,1.011141,0.063183
800,1.013145,0.066667
801,1.014934,0.070278
802,1.016502,0.074004
803,1.017841,0.077830
804,1.018946,0.081742
805,1.019810,0.085725
806,1.020429,0.089766
807,1.020800,0.093849
808,1.020919,0.097959
809,1.020786,0.102080
810,1.020399,0.106197
811,1.019758,0.110294
812,1.018865,0.114356
813,1.018392,0.118496
814,1.020483,0.122252
815,1.022316,0.125604
816,1.023923,0.128987
817,1.025305,0.132449
818,1.026459,0.135984
819,1.027382,0.139577
820,1.028069,0.143215
821,1.028521,0.146881
822,1.028735,0.150561
823,1.028711,0.154240
824,1.028451,0.157903
825,1.027957,0.161535
826,1.026907,0.164935
827,1.025965,0.168441
828,1.024801,0.171874
829,1.023419,0.175218
830,1.021828,0.178461
831,1.020033,0.181590
832,1.018043,0.184592
833,1.015867,0.187455
834,1.013514,0.190168
835,1.010993,0.192721
836,1.008317,0.195102
837,1.005495,0.197303
838,1.002541,0.199315
839,0.999467,0.201130
840,0.996284,0.202741
841,0.993008,0.204142
842,0.989651,0.205328
843,0.986227,0.206293
844,0.982750,0.207035
845,0.979236,0.207551
846,0.975698,0.207839
847,0.972150,0.207898
848,0.968608,0.207728
849,0.965086,0.207330
850,0.961599,0.206706
851,0.958160,0.205858
852,0.954784,0.204791
853,0.951485,0.203509
854,0.948276,0.202017
855,0.945170,0.200321
856,0.942179,0.198429
857,0.939317,0.196349
858,0.936595,0.194088
859,0.934288,0.191394
860,0.931893,0.188817
861,0.929668,0.186091
862,0.927622,0.183226
863,0.925765,0.180234
864,0.924103,0.177128
865,0.922643,0.173920
866,0.921392,0.170624
867,0.920355,0.167251
868,0.919537,0.163818
869,0.918940,0.160336
870,0.918567,0.156821
871,0.918421,0.153286
872,0.918502,0.149746
873,0.918810,0.146216
874,0.919343,0.142710
875,0.920101,0.139241
876,0.921081,0.135825
877,0.922278,0.132475
878,0.923689,0.129205
879,0.925308,0.126028
880,0.927128,0.122957
881,0.929144,0.120006
882,0.931347,0.117185
883,0.933728,0.114507
884,0.936279,0.111983
885,0.938989,0.109623
886,0.941848,0.107438
887,0.944845,0.105436
888,0.947968,0.103626
889,0.951205,0.102015
890,0.954543,0.100612
891,0.958152,0.099746
892,0.961634,0.098784
893,0.965177,0.098043
894,0.968766,0.097527
895,0.972388,0.097239
896,0.976027,0.097182
897,0.979669,0.097355
898,0.983300,0.097760
899,0.986905,0.098394
900,0.990470,0.099257
901,0.993981,0.100345
902,0.997422,0.101656
903,1.000782,0.103185
904,1.004044,0.104926
905,1.007198,0.106873
906,1.010229,0.109020
907,1.013125,0.111358
908,1.015874,0.113880
909,1.018466,0.116575
910,1.020888,0.119434
911,1.023131,0.122447
912,1.025186,0.125602
913,1.027043,0.128887
914,1.028694,0.132290
915,1.030132,0.135799
916,1.031351,0.139399
917,1.032344,0.143077
918,1.033108,0.146819
919,1.033638,0.150611
920,1.033930,0.154439
921,1.033984,0.158286
922,1.033797,0.162140
923,1.033368,0.165983
924,1.032334,0.169874
925,1.031424,0.173635
926,1.030278,0.177342
927,1.028901,0.180980
928,1.027296,0.184535
929,1.025468,0.187993
930,1.023423,0.191340
931,1.021169,0.194562
932,1.018713,0.197646
933,1.016064,0.200581
934,1.013230,0.203353
935,1.010222,0.205952
936,1.007050,0.208366
937,1.003726,0.210586
938,1.000261,0.212602
939,0.996669,0.214406
940,0.992961,0.215989
941,0.989153,0.217343
942,0.985257,0.218464
943,0.981289,0.219346
944,0.977263,0.219983
945,0.973193,0.220373
946,0.969096,0.220512
947,0.964986,0.220399
948,0.960879,0.220033
949,0.956791,0.219413
950,0.952736,0.218542
951,0.948732,0.217421
952,0.944792,0.216052
953,0.940932,0.214440
954,0.937167,0.212590
955,0.933512,0.210507
956,0.929981,0.208198
957,0.926638,0.205300
958,0.923415,0.202565
959,0.920355,0.199629
960,0.917472,0.196503
961,0.914776,0.193197
962,0.912280,0.189724
963,0.909993,0.186093
964,0.907925,0.182320
965,0.906086,0.178416
966,0.904482,0.174396
967,0.903122,0.170274
968,0.902011,0.166064
969,0.901155,0.161782
970,0.900559,0.157444
971,0.900227,0.153064
972,0.900160,0.148660
973,0.900360,0.144246
974,0.900829,0.139841
975,0.901566,0.135458
976,0.902570,0.131116
977,0.903838,0.126830
978,0.905368,0.122616
979,0.907154,0.118490
980,0.909192,0.114468
981,0.911476,0.110565
982,0.913998,0.106796
983,0.916751,0.103175
984,0.919726,0.099717
985,0.922913,0.096435
986,0.926302,0.093342
987,0.929881,0.090450
988,0.933639,0.087771
989,0.937913,0.085441
990,0.941982,0.083239
991,0.946188,0.081277
992,0.950517,0.079566
993,0.954954,0.078114
994,0.959484,0.076928
995,0.964089,0.076013
996,0.968754,0.075374
997,0.973463,0.075015
998,0.978198,0.074938
999,0.982943,0.075146
1000,0.987680,0.075639
1001,0.992393,0.076416
1002,0.997064,0.077478
1003,1.001676,0.078820
1004,1.006212,0.080441
1005,1.010656,0.082335
1006,1.014991,0.084497
1007,1.019201,0.086920
1008,1.023270,0.089599
1009,1.027183,0.092523
1010,1.030925,0.095685
1011,1.034482,0.099073
1012,1.037840,0.102677
1013,1.040985,0.106486
1014,1.043906,0.110486
1015,1.046591,0.114665
1016,1.049030,0.119007
1017,1.051211,0.123500
1018,1.053127,0.128127
1019,1.054769,0.132872
1020,1.056129,0.137720
1021,1.057202,0.142653
1022,1.057752,0.147949
1023,1.058220,0.152991
1024,1.058390,0.158066
1025,1.058258,0.163156
1026,1.057823,0.168243
1027,1.057085,0.173309
1028,1.056045,0.178336
1029,1.054706,0.183305
1030,1.053070,0.188199
1031,1.051142,0.193001
1032,1.048927,0.197692
1033,1.046432,0.202256
1034,1.043664,0.206676
1035,1.040631,0.210935
1036,1.037343,0.215018
1037,1.033810,0.218910
1038,1.030043,0.222595
1039,1.026055,0.226061
1040,1.021858,0.229293
1041,1.019046,0.232688
1042,1.016242,0.235785
1043,1.013252,0.238687
1044,1.010083,0.241404
1045,1.006744,0.243929
1046,1.003247,0.246252
1047,0.999604,0.248363
1048,0.995827,0.250253
1049,0.991932,0.251913
1050,0.987930,0.253337
1051,0.983837,0.254517
1052,0.979668,0.255449
1053,0.975437,0.256126
1054,0.971161,0.256546
1055,0.966649,0.256394
1056,0.962345,0.256280
1057,0.958041,0.255904
1058,0.953756,0.255266
1059,0.949506,0.254365
1060,0.945305,0.253205
1061,0.941171,0.251788
1062,0.937118,0.250118
1063,0.933162,0.248199
1064,0.929319,0.246038
1065,0.925603,0.243641
1066,0.922028,0.241016
1067,0.918608,0.238171
1068,0.915358,0.235115
1069,0.912289,0.231859
1070,0.909414,0.228414
1071,0.906745,0.224791
1072,0.904292,0.221002
1073,0.902066,0.217060
1074,0.900076,0.212980
1075,0.898331,0.208775
1076,0.896837,0.204460
1077,0.895603,0.200049
1078,0.894634,0.195560
1079,0.893934,0.191007
1080,0.893509,0.186408
1081,0.893361,0.181777
1082,0.893491,0.177133
1083,0.893901,0.172492
1084,0.894592,0.167871
1085,0.895561,0.163286
1086,0.896807,0.158754
1087,0.898328,0.154293
1088,0.900479,0.149826
1089,0.902538,0.145572
1090,0.904854,0.141437
1091,0.907422,0.137436
1092,0.910232,0.133586
1093,0.913276,0.129900
1094,0.916545,0.126392
1095,0.920027,0.123077
1096,0.923712,0.119968
1097,0.927586,0.117076
1098,0.931638,0.114413
1099,0.935854,0.111990
1100,0.940218,0.109816
1101,0.944717,0.107902
1102,0.949335,0.106255
1103,0.954057,0.104882
1104,0.958864,0.103790
1105,0.963742,0.102985
1106,0.968673,0.102469
1107,0.973639,0.102248
1108,0.978623,0.102323
1109,0.983608,0.102695
1110,0.988575,0.103364
1111,0.993507,0.104331
1112,0.998386,0.105592
1113,1.003195,0.107146
1114,1.007915,0.108987
1115,1.012530,0.111111
1116,1.017024,0.113511
1117,1.021378,0.116181
1118,1.025577,0.119112
1119,1.029606,0.122296
1120,1.033467,0.126095
1121,1.037092,0.129753
1122,1.040504,0.133630
1123,1.043689,0.137713
1124,1.046635,0.141989
1125,1.049330,0.146443
1126,1.051762,0.151061
1127,1.053923,0.155828
1128,1.055803,0.160727
1129,1.057395,0.165741
1130,1.058690,0.170854
1131,1.059684,0.176048
1132,1.060370,0.181305
1133,1.060746,0.186607
1134,1.060809,0.191935
1135,1.060556,0.197272
1136,1.059987,0.202598
1137,1.059103,0.207894
1138,1.057905,0.213143
1139,1.056396,0.218324
1140,1.054579,0.223421
1141,1.052459,0.228414
1142,1.050044,0.233286
1143,1.047338,0.238018
1144,1.044351,0.242595
1145,1.041092,0.246998
1146,1.037571,0.251212
1147,1.033798,0.255222
1148,1.029787,0.259012
1149,1.025548,0.262568
1150,1.021098,0.265877
1151,1.017713,0.269548
1152,1.016317,0.273257
1153,1.014418,0.276483
1154,1.012685,0.279653
1155,1.010752,0.282707
1156,1.008627,0.285637
1157,1.006315,0.288432
1158,1.003827,0.291078
1159,1.001171,0.293567
1160,0.998357,0.295886
1161,0.995396,0.298027
1162,0.992300,0.299980
1163,0.989081,0.301737
1164,0.985750,0.303291
1165,0.982320,0.304633
1166,0.978806,0.305759
1167,0.975220,0.306663
1168,0.971576,0.307340
1169,0.967889,0.307787
1170,0.964173,0.308003
1171,0.960442,0.307983
1172,0.956712,0.307729
1173,0.952997,0.307240
1174,0.949311,0.306516
1175,0.945670,0.305561
1176,0.942087,0.304377
1177,0.938577,0.302967
1178,0.935155,0.301336
1179,0.931833,0.299489
1180,0.928625,0.297434
1181,0.925545,0.295176
1182,0.922604,0.292724
1183,0.919815,0.290087
1184,0.917190,0.287274
1185,0.914739,0.284296
1186,0.912682,0.280854
1187,0.910626,0.277588
1188,0.908773,0.274192
1189,0.907129,0.270678
1190,0.905704,0.267058
1191,0.904503,0.263348
1192,0.903532,0.259560
1193,0.902797,0.255708
1194,0.902300,0.251808
1195,0.902045,0.247874
1196,0.902035,0.243921
1197,0.902270,0.239965
1198,0.902750,0.236019
1199,0.903476,0.232100
1200,0.904445,0.228223
1201,0.905654,0.224402
1202,0.907102,0.220653
1203,0.908782,0.216990
1204,0.910691,0.213428
1205,0.912821,0.209980
1206,0.915167,0.206661
1207,0.917719,0.203484
1208,0.920470,0.200460
1209,0.923409,0.197604
1210,0.926527,0.194926
1211,0.929814,0.192437
1212,0.933256,0.190148
1213,0.936843,0.188069
1214,0.940561,0.186208
1215,0.944397,0.184574
1216,0.948337,0.183173
1217,0.952367,0.182013
1218,0.956472,0.181099
1219,0.960881,0.180718
1220,0.965077,0.180321
1221,0.969302,0.180180
1222,0.973540,0.180298
1223,0.977776,0.180675
1224,0.981993,0.181312
1225,0.986175,0.182207
1226,0.990307,0.183358
1227,0.994374,0.184763
1228,0.998359,0.186417
1229,1.002247,0.188317
1230,1.006024,0.190455
1231,1.009675,0.192825
1232,1.013185,0.195421
1233,1.016541,0.198233
1234,1.019730,0.201252
1235,1.022739,0.204468
1236,1.025555,0.207871
1237,1.028168,0.211448
1238,1.030567,0.215188
1239,1.032741,0.219077
1240,1.034682,0.223102
1241,1.036381,0.227250
1242,1.037830,0.231505
1243,1.039023,0.235852
1244,1.039955,0.240276
1245,1.040619,0.244762
1246,1.041013,0.249292
1247,1.041134,0.253851
1248,1.040980,0.258422
1249,1.040549,0.262989
1250,1.039842,0.267535
1251,1.038522,0.272201
1252,1.037259,0.276637
1253,1.035728,0.281003
1254,1.033931,0.285281
1255,1.031876,0.289456
1256,1.029566,0.293512
1257,1.027010,0.297433
1258,1.024216,0.301204
1259,1.021191,0.304812
1260,1.017947,0.308241
1261,1.014493,0.311479
1262,1.010841,0.314513
1263,1.007003,0.317331
1264,1.004983,0.321073
1265,1.003580,0.324477
1266,1.002013,0.327672
1267,1.000251,0.330749
1268,0.998294,0.333706
1269,0.996151,0.336535
1270,0.993828,0.339223
1271,0.991336,0.341760
1272,0.988683,0.344134
1273,0.985881,0.346337
1274,0.982941,0.348358
1275,0.979873,0.350189
1276,0.976691,0.351823
1277,0.973407,0.353253
1278,0.970034,0.354472
1279,0.966586,0.355474
1280,0.963076,0.356256
1281,0.959517,0.356814
1282,0.955925,0.357145
1283,0.952314,0.357246
1284,0.948653,0.356748
1285,0.945067,0.356387
1286,0.941505,0.355799
1287,0.937981,0.354984
1288,0.934510,0.353945
1289,0.931106,0.352686
1290,0.927782,0.351211
1291,0.924553,0.349525
1292,0.921431,0.347635
1293,0.918429,0.345546
1294,0.915559,0.343268
1295,0.912834,0.340808
1296,0.910264,0.338175
1297,0.907860,0.335380
1298,0.905634,0.332432
1299,0.903593,0.329344
1300,0.901746,0.326126
1301,0.900103,0.322791
1302,0.898669,0.319351
1303,0.897452,0.315821
1304,0.896457,0.312212
1305,0.895689,0.308540
1306,0.895151,0.304819
1307,0.894848,0.301062
1308,0.894780,0.297285
1309,0.894949,0.293503
1310,0.895356,0.289729
1311,0.896000,0.285979
1312,0.896879,0.282267
1313,0.897992,0.278609
1314,0.899333,0.275019
1315,0.900900,0.271510
1316,0.902688,0.268098
1317,0.905055,0.264871
1318,0.907259,0.261711
1319,0.909663,0.258686
1320,0.912257,0.255808
1321,0.915032,0.253091
1322,0.917979,0.250544
1323,0.921086,0.248179
1324,0.924343,0.246006
1325,0.927738,0.244034
1326,0.931257,0.242271
1327,0.934889,0.240726
1328,0.938620,0.239405
1329,0.942436,0.238315
1330,0.946323,0.237460
1331,0.950266,0.236845
1332,0.954250,0.236474
1333,0.958261,0.236350
1334,0.962283,0.236473
1335,0.966301,0.236846
1336,0.970299,0.237467
1337,0.974263,0.238335
1338,0.978177,0.239449
1339,0.982026,0.240806
1340,0.985794,0.242401
1341,0.989468,0.244230
1342,0.993033,0.246286
1343,0.996475,0.248565
1344,0.999780,0.251057
1345,1.002935,0.253755
1346,1.005927,0.256649
1347,1.008744,0.259730
1348,1.011376,0.262987
1349,1.013659,0.266750
1350,1.015868,0.270316
1351,1.017861,0.274022
1352,1.019630,0.277854
1353,1.021166,0.281798
1354,1.022462,0.285840
1355,1.023512,0.289966
1356,1.024312,0.294161
1357,1.024856,0.298409
1358,1.025141,0.302694
1359,1.025165,0.307002
1360,1.024926,0.311315
1361,1.024424,0.315619
1362,1.023659,0.319897
1363,1.022633,0.324133
1364,1.021348,0.328311
1365,1.019807,0.332415
1366,1.018015,0.336430
1367,1.015977,0.340340
1368,1.013699,0.344131
1369,1.011189,0.347788
1370,1.008454,0.351296
1371,1.005503,0.354642
1372,1.002346,0.357813
1373,0.998994,0.360796
1374,0.995457,0.363579
1375,0.991748,0.366151
1376,0.987879,0.368501
1377,0.985269,0.371706
1378,0.983032,0.374644
1379,0.980653,0.377371
1380,0.978108,0.379936
1381,0.975402,0.382337
1382,0.972267,0.384315
1383,0.969282,0.386345
1384,0.966169,0.388185
1385,0.962940,0.389826
1386,0.959607,0.391262
1387,0.956184,0.392486
1388,0.952683,0.393493
1389,0.949119,0.394277
1390,0.945505,0.394836
1391,0.941856,0.395165
1392,0.938187,0.395263
1393,0.934511,0.395130
1394,0.930843,0.394763
1395,0.927198,0.394165
1396,0.923591,0.393336
1397,0.920035,0.392280
1398,0.916545,0.390999
1399,0.913135,0.389497
1400,0.909819,0.387780
1401,0.906610,0.385854
1402,0.903522,0.383726
1403,0.900566,0.381402
1404,0.897756,0.378892
1405,0.895102,0.376204
1406,0.892616,0.373348
1407,0.890308,0.370335
1408,0.888188,0.367176
1409,0.886265,0.363883
1410,0.884547,0.360468
1411,0.883042,0.356943
1412,0.881757,0.353322
1413,0.880698,0.349619
1414,0.879869,0.345847
1415,0.879601,0.341839
1416,0.879255,0.337992
1417,0.879149,0.334120
1418,0.879284,0.330238
1419,0.879662,0.326362
1420,0.880280,0.322507
1421,0.881140,0.318687
1422,0.882237,0.314918
1423,0.883570,0.311215
1424,0.885134,0.307591
1425,0.886924,0.304062
1426,0.888935,0.300640
1427,0.891159,0.297341
1428,0.893590,0.294177
1429,0.896219,0.291160
1430,0.899037,0.288304
1431,0.902035,0.285619
1432,0.905200,0.283118
1433,0.908524,0.280810
1434,0.911993,0.278705
1435,0.915595,0.276812
1436,0.919317,0.275140
1437,0.923146,0.273695
1438,0.927067,0.272486
1439,0.931067,0.271516
1440,0.935130,0.270792
1441,0.939241,0.270317
1442,0.943386,0.270094
1443,0.947549,0.270126
1444,0.951714,0.270414
1445,0.955865,0.270957
1446,0.959987,0.271756
1447,0.964065,0.272808
1448,0.968149,0.274478
1449,0.972072,0.276031
1450,0.975904,0.277827
1451,0.979631,0.279858
1452,0.983237,0.282120
1453,0.986709,0.284604
1454,0.990032,0.287304
1455,0.993195,0.290209
1456,0.996183,0.293310
1457,0.998986,0.296597
1458,1.001591,0.300058
1459,1.003988,0.303682
1460,1.006167,0.307455
1461,1.008119,0.311366
1462,1.009835,0.315399
1463,1.011307,0.319541
1464,1.012530,0.323777
1465,1.013496,0.328092
1466,1.014201,0.332470
1467,1.014642,0.336896
1468,1.014814,0.341353
1469,1.014716,0.345825
1470,1.014348,0.350297
1471,1.013708,0.354751
1472,1.012797,0.359171
1473,1.011618,0.363540
1474,1.010173,0.367843
1475,1.008467,0.372063
1476,1.006504,0.376185
1477,1.004290,0.380192
1478,1.001831,0.384070
1479,0.999136,0.387804
1480,0.995839,0.391370
1481,0.992698,0.394753
1482,0.989349,0.397953
1483,0.985804,0.400954
1484,0.982073,0.403744
1485,0.978171,0.406314
1486,0.974111,0.408651
1487,0.971262,0.412083
1488,0.969289,0.415310
1489,0.967247,0.418250
1490,0.965037,0.421031
1491,0.962654,0.423664
1492,0.960105,0.426142
1493,0.957399,0.428454
1494,0.954548,0.430591
1495,0.951563,0.432544
1496,0.948455,0.434305
1497,0.945237,0.435865
1498,0.941921,0.437220
1499,0.938521,0.438361
1500,0.935051,0.439285
1501,0.931523,0.439988
1502,0.927952,0.440465
1503,0.924353,0.440714
1504,0.920739,0.440734
1505,0.917125,0.440524
1506,0.913526,0.440084
1507,0.909957,0.439416
1508,0.906430,0.438520
1509,0.902961,0.437402
1510,0.899564,0.436063
1511,0.896252,0.434509
1512,0.893040,0.432745
1513,0.890064,0.430427
1514,0.887108,0.428271
1515,0.884287,0.425927
1516,0.881614,0.423405
1517,0.879101,0.420713
1518,0.876758,0.417863
1519,0.874594,0.414863
1520,0.872620,0.411727
1521,0.870843,0.408466
1522,0.869271,0.405092
1523,0.867911,0.401618
1524,0.866770,0.398057
1525,0.865853,0.394423
1526,0.865164,0.390731
1527,0.864706,0.386993
1528,0.864484,0.383226
1529,0.864498,0.379443
1530,0.864749,0.375659
1531,0.865238,0.371889
1532,0.865964,0.368148
1533,0.866924,0.364451
1534,0.868116,0.360812
1535,0.869536,0.357245
1536,0.871180,0.353765
1537,0.873043,0.350386
1538,0.875118,0.347121
1539,0.877398,0.343983
1540,0.879875,0.340986
1541,0.882540,0.338141
1542,0.885385,0.335460
1543,0.888399,0.332954
1544,0.891570,0.330634
1545,0.894889,0.328510
1546,0.898634,0.326822
1547,0.902196,0.325130
1548,0.905866,0.323658
1549,0.909631,0.322412
1550,0.913477,0.321399
1551,0.917388,0.320623
1552,0.921351,0.320089
1553,0.925350,0.319799
1554,0.929371,0.319757
1555,0.933398,0.319964
1556,0.937416,0.320419
1557,0.941410,0.321123
1558,0.945364,0.322074
1559,0.949262,0.323270
1560,0.953091,0.324708
1561,0.956835,0.326382
1562,0.960479,0.328289
1563,0.964010,0.330422
1564,0.967412,0.332775
1565,0.970674,0.335338
1566,0.973781,0.338105
1567,0.976721,0.341066
1568,0.979483,0.344209
1569,0.982055,0.347526
1570,0.984426,0.351003
1571,0.986586,0.354629
1572,0.988526,0.358391
1573,0.990238,0.362276
1574,0.991714,0.366270
1575,0.992948,0.370358
1576,0.993933,0.374525
1577,0.994665,0.378758
1578,0.995139,0.383039
1579,0.995052,0.387576
1580,0.994992,0.391893
1581,0.994668,0.396212
1582,0.994081,0.400515
1583,0.993231,0.404788
1584,0.992121,0.409013
1585,0.990752,0.413175
1586,0.989128,0.417259
1587,0.987255,0.421249
1588,0.985137,0.425129
1589,0.982781,0.428884
1590,0.980195,0.432501
1591,0.977386,0.435965
1592,0.974365,0.439262
1593,0.971140,0.442380
1594,0.967723,0.445306
1595,0.964125,0.448028
1596,0.960359,0.450535
1597,0.956437,0.452817
1598,0.952372,0.454865
1599,0.948180,0.456669
1600,0.943874,0.458222
1601,0.939470,0.459516
1602,0.934982,0.460546
1603,0.930428,0.461307
1604,0.925824,0.461793
1605,0.921184,0.462003
1606,0.916528,0.461933
1607,0.911871,0.461583
1608,0.907229,0.460952
1609,0.902621,0.460041
1610,0.898063,0.458852
1611,0.893437,0.457041
1612,0.889047,0.455298
1613,0.884755,0.453291
1614,0.880579,0.451023
1615,0.876535,0.448503
1616,0.872638,0.445737
1617,0.868903,0.442735
1618,0.865344,0.439505
1619,0.861975,0.436059
1620,0.858808,0.432408
1621,0.855858,0.428563
1622,0.853134,0.424538
1623,0.850649,0.420345
1624,0.848412,0.416000
1625,0.846433,0.411517
1626,0.844719,0.406910
1627,0.843280,0.402197
1628,0.842120,0.397394
1629,0.841246,0.392516
1630,0.840662,0.387581
1631,0.840373,0.382607
1632,0.840380,0.377611
1633,0.840684,0.372611
1634,0.841287,0.367623
1635,0.842188,0.362668
1636,0.843385,0.357761
1637,0.844876,0.352921
1638,0.846656,0.348165
1639,0.848720,0.343511
1640,0.851064,0.338975
1641,0.853679,0.334574
1642,0.856558,0.330326
1643,0.859692,0.326244
1644,0.863445,0.322329
1645,0.867059,0.318645
1646,0.870896,0.315172
1647,0.874943,0.311923
1648,0.879185,0.308911
1649,0.883611,0.306149
1650,0.888204,0.303646
1651,0.892949,0.301414
1652,0.897830,0.299461
1653,0.902832,0.297796
1654,0.907936,0.296426
1655,0.913125,0.295357
1656,0.918382,0.294594
1657,0.923689,0.294142
1658,0.929026,0.294004
1659,0.934376,0.294181
1660,0.939720,0.294675
1661,0.945039,0.295485
1662,0.950314,0.296610
1663,0.955526,0.298048
1664,0.960658,0.299795
1665,0.965690,0.301847
1666,0.970605,0.304197
1667,0.975385,0.306839
1668,0.980012,0.309765
1669,0.984470,0.312966
1670,0.988742,0.316433
1671,0.992813,0.320154
1672,0.996668,0.324118
1673,1.000291,0.328312
1674,1.003670,0.332722
1675,1.006791,0.337334
1676,1.009643,0.342134
1677,1.012108,0.347462
1678,1.014372,0.352582
1679,1.016336,0.357840
1680,1.017993,0.363216
1681,1.019335,0.368694
1682,1.020355,0.374253
1683,1.021049,0.379877
1684,1.021412,0.385545
1685,1.021443,0.391238
1686,1.021139,0.396936
1687,1.020500,0.402619
1688,1.019526,0.408269
1689,1.018221,0.413865
1690,1.016585,0.419387
1691,1.014625,0.424817
1692,1.012345,0.430134
1693,1.009751,0.435321
1694,1.006852,0.440358
1695,1.003656,0.445228
1696,1.000172,0.449914
1697,0.996411,0.454397
1698,0.992386,0.458663
1699,0.988108,0.462694
1700,0.983592,0.466477
1701,0.978852,0.469998
1702,0.973903,0.473242
1703,0.968762,0.476198
1704,0.963445,0.478855
1705,0.957971,0.481201
1706,0.952356,0.483228
1707,0.946620,0.484927
1708,0.940782,0.486292
1709,0.934532,0.487140
1710,0.928558,0.487801
1711,0.922540,0.488116
1712,0.916501,0.488079
1713,0.910462,0.487689
1714,0.905562,0.488589
1715,0.901227,0.489320
1716,0.896907,0.489738
1717,0.892565,0.489888
1718,0.888210,0.489773
1719,0.883858,0.489392
1720,0.879524,0.488747
1721,0.875225,0.487837
1722,0.870976,0.486664
1723,0.866794,0.485233
1724,0.862695,0.483546
1725,0.858693,0.481608
1726,0.854805,0.479426
1727,0.851044,0.477005
1728,0.847427,0.474354
1729,0.843966,0.471481
1730,0.840675,0.468395
1731,0.837567,0.465107
1732,0.834655,0.461627
1733,0.831950,0.457967
1734,0.829464,0.454140
1735,0.827206,0.450159
1736,0.825186,0.446037
1737,0.823413,0.441789
1738,0.821894,0.437429
1739,0.820636,0.432973
1740,0.819646,0.428437
1741,0.818927,0.423836
1742,0.818755,0.418929
1743,0.818606,0.414263
1744,0.818736,0.409581
1745,0.819148,0.404902
1746,0.819842,0.400243
1747,0.820816,0.395620
1748,0.822070,0.391052
1749,0.823599,0.386553
1750,0.825399,0.382142
1751,0.827466,0.377834
1752,0.829794,0.373646
1753,0.832375,0.369593
1754,0.835202,0.365691
1755,0.838266,0.361954
1756,0.841556,0.358397
1757,0.845063,0.355033
1758,0.848774,0.351876
1759,0.852679,0.348937
1760,0.856762,0.346229
1761,0.861012,0.343763
1762,0.865413,0.341548
1763,0.869951,0.339594
1764,0.874610,0.337909
1765,0.879374,0.336500
1766,0.884227,0.335374
1767,0.889152,0.334537
1768,0.894131,0.333993
1769,0.899147,0.333745
1770,0.904183,0.333796
1771,0.909221,0.334147
1772,0.914242,0.334798
1773,0.919229,0.335749
1774,0.924164,0.336997
1775,0.929186,0.338879
1776,0.933948,0.340720
1777,0.938605,0.342846
1778,0.943141,0.345250
1779,0.947538,0.347926
1780,0.951779,0.350866
1781,0.955850,0.354060
1782,0.959735,0.357499
1783,0.963419,0.361171
1784,0.966889,0.365065
1785,0.970130,0.369168
1786,0.973131,0.373467
1787,0.975880,0.377948
1788,0.978365,0.382595
1789,0.980577,0.387393
1790,0.982507,0.392326
1791,0.984146,0.397378
1792,0.985487,0.402530
1793,0.986525,0.407766
1794,0.987253,0.413068
1795,0.987669,0.418417
1796,0.987769,0.423795
1797,0.987550,0.429182
1798,0.987013,0.434562
1799,0.986158,0.439913
