0,0.499010,-0.084033
1,0.499010,-0.084033
2,0.499010,-0.084033
3,0.499010,-0.084033
4,0.499010,-0.084033
5,0.488105,-0.078452
6,0.472405,-0.071948
7,0.456339,-0.066398
8,0.439984,-0.061771
9,0.423391,-0.058083
10,0.406616,-0.055344
11,0.389712,-0.053564
12,0.372734,-0.052749
13,0.355737,-0.052901
14,0.338776,-0.054019
15,0.334038,-0.054359
16,0.323149,-0.059969
17,0.308715,-0.068939
18,0.294843,-0.078762
19,0.281552,-0.089358
20,0.268886,-0.100693
21,0.256886,-0.112731
22,0.245589,-0.125431
23,0.242453,-0.128999
24,0.242453,-0.128999
25,0.242453,-0.128999
26,0.242453,-0.128999
27,0.242453,-0.128999
28,0.253875,-0.133427
29,0.270161,-0.138279
30,0.286713,-0.142144
31,0.303458,-0.145062
32,0.308142,-0.145851
33,0.320049,-0.142970
34,0.336193,-0.137662
35,0.351992,-0.131393
36,0.367408,-0.124234
37,0.382393,-0.116210
38,0.396896,-0.107346
39,0.410872,-0.097672
40,0.424275,-0.087218
41,0.437061,-0.076019
42,0.449189,-0.064110
43,0.460620,-0.051530
44,0.463794,-0.047997
45,0.463794,-0.047997
46,0.463794,-0.047997
47,0.463794,-0.047997
48,0.463794,-0.047997
49,0.452421,-0.043447
50,0.436187,-0.038421
51,0.419677,-0.034380
52,0.402964,-0.031284
53,0.386101,-0.029144
54,0.369145,-0.027967
55,0.352148,-0.027756
56,0.335168,-0.028513
57,0.318258,-0.030235
58,0.301473,-0.032916
59,0.296787,-0.033692
60,0.286462,-0.040284
61,0.272918,-0.050549
62,0.260014,-0.061612
63,0.257920,-0.072731
64,0.255065,-0.085438
65,0.257440,-0.090025
66,0.261381,-0.091143
67,0.264385,-0.092249
68,0.266322,-0.093178
69,0.267095,-0.093650
70,0.278419,-0.098320
71,0.294599,-0.103519
72,0.311065,-0.107737
73,0.327744,-0.111011
74,0.344582,-0.113330
75,0.361526,-0.114688
76,0.378519,-0.115080
77,0.395506,-0.114504
78,0.412434,-0.112963
79,0.429246,-0.110461
80,0.445889,-0.107006
81,0.462308,-0.102610
82,0.478451,-0.097288
83,0.494265,-0.091055
84,0.498674,-0.089288
85,0.507337,-0.080627
86,0.518352,-0.067686
87,0.528572,-0.054105
88,0.538003,-0.039963
89,0.546613,-0.025308
90,0.554376,-0.010187
91,0.556522,-0.005949
92,0.556522,-0.005949
93,0.556522,-0.005949
94,0.556522,-0.005949
95,0.556522,-0.005949
96,0.544356,-0.004516
97,0.527373,-0.003889
98,0.510380,-0.004284
99,0.505632,-0.004421
100,0.494513,-0.009562
101,0.479710,-0.017908
102,0.465432,-0.027130
103,0.451702,-0.037150
104,0.438564,-0.047935
105,0.426061,-0.059450
106,0.422585,-0.062687
107,0.422585,-0.062687
108,0.422585,-0.062687
109,0.422585,-0.062687
110,0.422585,-0.062687
111,0.433510,-0.068229
112,0.449234,-0.074676
113,0.465319,-0.080168
114,0.481692,-0.084736
115,0.498297,-0.088365
116,0.502944,-0.089353
117,0.514962,-0.086982
118,0.531317,-0.082368
119,0.547369,-0.076777
120,0.563077,-0.070283
121,0.578390,-0.062905
122,0.593258,-0.054668
123,0.607634,-0.045598
124,0.621470,-0.035725
125,0.634722,-0.025081
126,0.647347,-0.013700
127,0.659304,-0.001619
128,0.670555,0.011122
129,0.681062,0.024483
130,0.690792,0.038420
131,0.699713,0.052888
132,0.707797,0.067841
133,0.715017,0.083228
134,0.717010,0.087540
135,0.717363,0.099785
136,0.716489,0.116756
137,0.714596,0.133648
138,0.712803,0.148144
139,0.715132,0.160283
140,0.717515,0.173353
141,0.719582,0.186905
142,0.720701,0.200639
143,0.721131,0.211039
144,0.720956,0.221026
145,0.720198,0.230918
146,0.718897,0.240775
147,0.717061,0.250598
148,0.714692,0.260373
149,0.711791,0.270083
150,0.708360,0.279707
151,0.704399,0.289229
152,0.697680,0.297538
153,0.688944,0.304259
154,0.679092,0.310848
155,0.667797,0.317404
156,0.662018,0.321091
157,0.653327,0.321229
158,0.637678,0.319616
159,0.629491,0.319172
160,0.619892,0.318785
161,0.611254,0.315805
162,0.603606,0.312003
163,0.596570,0.307786
164,0.589870,0.303341
165,0.583297,0.298779
166,0.581795,0.297834
167,0.576337,0.291510
168,0.566820,0.278641
169,0.561198,0.269010
170,0.556048,0.259386
171,0.550832,0.248753
172,0.547454,0.244755
173,0.546833,0.237373
174,0.546254,0.226272
175,0.544417,0.218334
176,0.541899,0.211455
177,0.541751,0.205152
178,0.544960,0.199305
179,0.549233,0.193911
180,0.553989,0.188890
181,0.559068,0.184195
182,0.564417,0.179812
183,0.569967,0.175716
184,0.575810,0.171965
185,0.581847,0.168535
186,0.588071,0.165440
187,0.594465,0.162694
188,0.601011,0.160305
189,0.607691,0.158281
190,0.614488,0.156624
191,0.621387,0.155334
192,0.628401,0.154472
193,0.635409,0.153899
194,0.640732,0.150548
195,0.646256,0.147338
196,0.654338,0.146553
197,0.663724,0.146003
198,0.674455,0.145508
199,0.683968,0.142787
200,0.690229,0.137389
201,0.694930,0.130044
202,0.698972,0.120874
203,0.703382,0.109550
204,0.711329,0.096738
205,0.715443,0.089886
206,0.716416,0.087943
207,0.719230,0.086455
208,0.722792,0.085203
209,0.726645,0.084171
210,0.730647,0.083432
211,0.734724,0.082839
212,0.738805,0.082483
213,0.742893,0.082361
214,0.746980,0.082473
215,0.751054,0.082817
216,0.755154,0.083328
217,0.759224,0.084259
218,0.763163,0.085312
219,0.767064,0.086660
220,0.770888,0.088150
221,0.774611,0.089850
222,0.778228,0.091757
223,0.781814,0.093863
224,0.785238,0.096281
225,0.788426,0.098801
226,0.791494,0.101490
227,0.794396,0.104426
228,0.797165,0.107454
229,0.799750,0.110626
230,0.802149,0.113936
231,0.804354,0.117378
232,0.806441,0.120945
233,0.808198,0.124752
234,0.809743,0.128516
235,0.811041,0.132430
236,0.812184,0.136370
237,0.813099,0.140357
238,0.813785,0.144386
239,0.814241,0.148447
240,0.814535,0.152569
241,0.814540,0.156643
242,0.814169,0.160812
243,0.813597,0.164896
244,0.812878,0.168931
245,0.811935,0.172910
246,0.810768,0.176826
247,0.809381,0.180669
248,0.807816,0.184499
249,0.806021,0.188154
250,0.803847,0.191725
251,0.801520,0.195144
252,0.799092,0.198445
253,0.796488,0.201596
254,0.793711,0.204591
255,0.790768,0.207424
256,0.787667,0.210163
257,0.784450,0.212649
258,0.780918,0.214895
259,0.777405,0.216959
260,0.773695,0.218797
261,0.769956,0.220478
262,0.766139,0.221937
263,0.762247,0.223176
264,0.758291,0.224192
265,0.754254,0.225057
266,0.750100,0.225517
267,0.746040,0.225814
268,0.741960,0.225889
269,0.737834,0.225666
270,0.733752,0.225286
271,0.729711,0.224675
272,0.725714,0.223836
273,0.721713,0.222828
274,0.717751,0.221405
275,0.713992,0.219863
276,0.710304,0.218122
277,0.706709,0.216096
278,0.703216,0.213948
279,0.699862,0.211612
280,0.696650,0.209090
281,0.693508,0.206405
282,0.690602,0.203562
283,0.687880,0.200368
284,0.685362,0.197173
285,0.683046,0.193768
286,0.680862,0.190292
287,0.678888,0.186713
288,0.677123,0.183031
289,0.675571,0.179255
290,0.674155,0.175382
291,0.673035,0.171469
292,0.672246,0.167349
293,0.671623,0.163325
294,0.671279,0.159203
295,0.671090,0.155111
296,0.671135,0.151027
297,0.671413,0.146955
298,0.671869,0.142843
299,0.672582,0.138846
300,0.673691,0.134777
301,0.674926,0.130906
302,0.676361,0.127090
303,0.678090,0.123341
304,0.679946,0.119686
305,0.681999,0.116155
306,0.683592,0.114367
307,0.685484,0.112148
308,0.687900,0.109420
309,0.690814,0.106541
310,0.693782,0.103823
311,0.696984,0.101254
312,0.700271,0.098797
313,0.703676,0.096540
314,0.707213,0.094399
315,0.710821,0.092538
316,0.714549,0.090898
317,0.718370,0.089475
318,0.722268,0.088273
319,0.726369,0.087397
320,0.730433,0.086733
321,0.734496,0.086216
322,0.738570,0.085930
323,0.742086,0.086755
324,0.744788,0.089175
325,0.747500,0.092006
326,0.750161,0.095246
327,0.752850,0.099034
328,0.755227,0.103184
329,0.757430,0.107681
330,0.759371,0.112530
331,0.761059,0.117669
332,0.762509,0.123035
333,0.763682,0.128576
334,0.764607,0.134240
335,0.765321,0.139975
336,0.765817,0.145715
337,0.766110,0.151474
338,0.766329,0.157423
339,0.766386,0.163035
340,0.766394,0.168515
341,0.766435,0.173817
342,0.766588,0.178899
343,0.766987,0.183756
344,0.767542,0.188299
345,0.768296,0.192600
346,0.769159,0.196705
347,0.769944,0.200745
348,0.770443,0.204947
349,0.770782,0.209000
350,0.770918,0.213073
351,0.770913,0.217193
352,0.770603,0.221246
353,0.768020,0.225318
354,0.762469,0.229531
355,0.757288,0.233680
356,0.752877,0.237684
357,0.747944,0.241652
358,0.744246,0.245410
359,0.741484,0.249053
360,0.739140,0.252658
361,0.736809,0.256036
362,0.734220,0.259292
363,0.731558,0.262402
364,0.728733,0.265345
365,0.725747,0.268119
366,0.722397,0.270683
367,0.719104,0.273073
368,0.715683,0.275284
369,0.712107,0.277392
370,0.708488,0.279215
371,0.704657,0.280765
372,0.700788,0.282171
373,0.696874,0.283338
374,0.692908,0.284276
375,0.688711,0.284900
376,0.684655,0.285322
377,0.680592,0.285545
378,0.676447,0.285592
379,0.672378,0.285400
380,0.668341,0.284945
381,0.664279,0.284170
382,0.660293,0.283249
383,0.656380,0.282104
384,0.652542,0.280738
385,0.648711,0.278977
386,0.645080,0.277155
387,0.641542,0.275142
388,0.638000,0.272924
389,0.634708,0.270557
390,0.631556,0.267883
391,0.628548,0.265117
392,0.625713,0.262189
393,0.623053,0.259107
394,0.620560,0.255655
395,0.618313,0.252261
396,0.616238,0.248760
397,0.614357,0.245149
398,0.612664,0.241373
399,0.611146,0.237493
400,0.609898,0.233609
401,0.608881,0.229666
402,0.608093,0.225673
403,0.607534,0.221642
404,0.607334,0.217422
405,0.607271,0.213360
406,0.607424,0.209294
407,0.607731,0.205178
408,0.608421,0.201125
409,0.609263,0.197061
410,0.610328,0.193121
411,0.611616,0.189259
412,0.613122,0.185479
413,0.615048,0.181666
414,0.617019,0.178105
415,0.619166,0.174651
416,0.621486,0.171212
417,0.623987,0.168021
418,0.626807,0.164971
419,0.629717,0.162032
420,0.632755,0.159308
421,0.635937,0.156768
422,0.639258,0.154416
423,0.642929,0.152291
424,0.646506,0.150367
425,0.650292,0.148516
426,0.654054,0.146973
427,0.657905,0.145668
428,0.661975,0.144638
429,0.666018,0.143763
430,0.670053,0.143136
431,0.674111,0.142743
432,0.678377,0.142701
433,0.682499,0.142840
434,0.686561,0.143176
435,0.690740,0.143680
436,0.694736,0.144455
437,0.698687,0.145473
438,0.702692,0.146842
439,0.706543,0.148321
440,0.710275,0.150011
441,0.713900,0.151912
442,0.717476,0.154196
443,0.720894,0.156616
444,0.724245,0.159164
445,0.727413,0.161900
446,0.730354,0.164789
447,0.733085,0.167951
448,0.735818,0.171337
449,0.738268,0.174788
450,0.740512,0.178391
451,0.742553,0.182156
452,0.744383,0.186084
453,0.745895,0.190497
454,0.747359,0.194896
455,0.748493,0.199436
456,0.749328,0.204178
457,0.749744,0.209165
458,0.749943,0.214413
459,0.749734,0.219907
460,0.744059,0.227453
461,0.736710,0.235727
462,0.734246,0.246580
463,0.736003,0.253495
464,0.736675,0.255438
465,0.735658,0.258551
466,0.733942,0.261964
467,0.731865,0.265398
468,0.729485,0.268719
469,0.726937,0.271975
470,0.724223,0.275066
471,0.721341,0.277993
472,0.718308,0.280821
473,0.715126,0.283405
474,0.711791,0.285798
475,0.708322,0.287995
476,0.704673,0.289953
477,0.700832,0.291720
478,0.697012,0.293312
479,0.693158,0.294670
480,0.689217,0.295797
481,0.685213,0.296695
482,0.681142,0.297300
483,0.677025,0.297742
484,0.672914,0.297949
485,0.668716,0.297826
486,0.664591,0.297608
487,0.660529,0.297110
488,0.656494,0.296376
489,0.652505,0.295410
490,0.648561,0.294149
491,0.644691,0.292733
492,0.640869,0.290978
493,0.637161,0.289136
494,0.633613,0.287109
495,0.630185,0.284864
496,0.626889,0.282420
497,0.623744,0.279710
498,0.620735,0.276899
499,0.617897,0.273928
500,0.615269,0.270652
501,0.612731,0.267388
502,0.610452,0.263988
503,0.608372,0.260454
504,0.606547,0.256756
505,0.604870,0.252981
506,0.603416,0.249136
507,0.602240,0.245094
508,0.601219,0.241084
509,0.600439,0.237077
510,0.599901,0.233017
511,0.599667,0.228920
512,0.599596,0.224774
513,0.599758,0.220662
514,0.600153,0.216575
515,0.600894,0.212448
516,0.601722,0.208400
517,0.602805,0.204455
518,0.604121,0.200573
519,0.605727,0.196776
520,0.607488,0.193041
521,0.609448,0.189428
522,0.611742,0.185906
523,0.614084,0.182509
524,0.616624,0.179302
525,0.619350,0.176243
526,0.622299,0.173389
527,0.625391,0.170626
528,0.628608,0.168062
529,0.631986,0.165627
530,0.635631,0.163513
531,0.639221,0.161571
532,0.642926,0.159826
533,0.646727,0.158292
534,0.650648,0.157035
535,0.654630,0.155930
536,0.658647,0.155058
537,0.662741,0.154357
538,0.666805,0.153927
539,0.670896,0.153748
540,0.675105,0.153897
541,0.679169,0.154238
542,0.683250,0.154853
543,0.687294,0.155623
544,0.691277,0.156616
545,0.695252,0.157785
546,0.699089,0.159211
547,0.702839,0.160864
548,0.706548,0.162860
549,0.710027,0.165031
550,0.713449,0.167328
551,0.716728,0.169799
552,0.719935,0.172414
553,0.722908,0.175223
554,0.725713,0.178207
555,0.728343,0.181350
556,0.730780,0.184781
557,0.732959,0.188277
558,0.735007,0.191840
559,0.736853,0.195502
560,0.738563,0.199273
561,0.739990,0.203106
562,0.741187,0.207023
563,0.742157,0.211005
564,0.742762,0.215200
565,0.743238,0.219272
566,0.743502,0.223362
567,0.743601,0.227501
568,0.743420,0.231585
569,0.742994,0.235657
570,0.742333,0.239700
571,0.741371,0.243707
572,0.740123,0.247745
573,0.738759,0.251603
574,0.737222,0.255455
575,0.735472,0.259141
576,0.733494,0.262723
577,0.731308,0.266186
578,0.728927,0.269520
579,0.726285,0.272702
580,0.723364,0.275744
581,0.720439,0.278608
582,0.717371,0.281384
583,0.714162,0.283913
584,0.710801,0.286249
585,0.707309,0.288388
586,0.703640,0.290279
587,0.699904,0.292020
588,0.695963,0.293476
589,0.692042,0.294809
590,0.688114,0.295890
591,0.684113,0.296730
592,0.680065,0.297336
593,0.675986,0.297709
594,0.671850,0.297787
595,0.667740,0.297697
596,0.663562,0.297233
597,0.659455,0.296705
598,0.655451,0.295933
599,0.651491,0.294916
600,0.647592,0.293669
601,0.643767,0.292125
602,0.640009,0.290434
603,0.636371,0.288540
604,0.632824,0.286302
605,0.629384,0.284016
606,0.626138,0.281549
607,0.623037,0.278885
608,0.620092,0.276042
609,0.617336,0.272963
610,0.614719,0.269793
611,0.612295,0.266488
612,0.610110,0.262917
613,0.608024,0.259353
614,0.606204,0.255701
615,0.604601,0.251938
616,0.603274,0.248038
617,0.602099,0.244087
618,0.601155,0.240095
619,0.600528,0.235939
620,0.600038,0.231828
621,0.599771,0.227769
622,0.599760,0.223686
623,0.599988,0.219602
624,0.600523,0.215518
625,0.601217,0.211455
626,0.602136,0.207458
627,0.603407,0.203442
628,0.604809,0.199615
629,0.606365,0.195788
630,0.608154,0.192122
631,0.610162,0.188561
632,0.612446,0.185137
633,0.614865,0.181799
634,0.617457,0.178622
635,0.620221,0.175602
636,0.623299,0.172766
637,0.626371,0.170020
638,0.629600,0.167528
639,0.632976,0.165224
640,0.636541,0.163163
641,0.640186,0.161239
642,0.643914,0.159536
643,0.647876,0.158100
644,0.651762,0.156885
645,0.655751,0.155794
646,0.659743,0.154976
647,0.663787,0.154400
648,0.667884,0.154132
649,0.672015,0.154018
650,0.676115,0.154139
651,0.680192,0.154493
652,0.684320,0.155208
653,0.688374,0.155997
654,0.692313,0.157029
655,0.696194,0.158301
656,0.699999,0.159798
657,0.703726,0.161589
658,0.707352,0.163513
659,0.710853,0.165635
660,0.714237,0.168130
661,0.717528,0.170638
662,0.720604,0.173302
663,0.723522,0.176159
664,0.726230,0.179247
665,0.728830,0.182449
666,0.731227,0.185773
667,0.733427,0.189222
668,0.735389,0.192945
669,0.737201,0.196664
670,0.738789,0.200409
671,0.740141,0.204256
672,0.741268,0.208183
673,0.742113,0.212224
674,0.742792,0.216273
675,0.743238,0.220341
676,0.743451,0.224425
677,0.743310,0.228606
678,0.743094,0.232731
679,0.742618,0.236773
680,0.741896,0.240791
681,0.740863,0.244799
682,0.739685,0.248728
683,0.738288,0.252572
684,0.736675,0.256328
685,0.734671,0.260020
686,0.732640,0.263626
687,0.730435,0.267040
688,0.728014,0.270323
689,0.725340,0.273416
690,0.722525,0.276444
691,0.719566,0.279281
692,0.716456,0.281937
693,0.713043,0.284408
694,0.709637,0.286636
695,0.706116,0.288780
696,0.702499,0.290656
697,0.698770,0.292317
698,0.694903,0.293699
699,0.690973,0.294942
700,0.687003,0.295951
701,0.682571,0.296690
702,0.677241,0.297066
703,0.672706,0.297385
704,0.668504,0.297450
705,0.664385,0.297286
706,0.660307,0.296891
707,0.656238,0.296191
708,0.652220,0.295339
709,0.648274,0.294262
710,0.644336,0.292816
711,0.640496,0.291314
712,0.636813,0.289595
713,0.633228,0.287652
714,0.629756,0.285502
715,0.626434,0.283081
716,0.623200,0.280535
717,0.620134,0.277823
718,0.617220,0.274783
719,0.614462,0.271704
720,0.611913,0.268546
721,0.609559,0.265224
722,0.607398,0.261762
723,0.605438,0.258179
724,0.603729,0.254420
725,0.602177,0.250623
726,0.600849,0.246756
727,0.599817,0.242668
728,0.598924,0.238628
729,0.598267,0.234626
730,0.597858,0.230573
731,0.597685,0.226496
732,0.597819,0.222379
733,0.598108,0.218282
734,0.598629,0.214226
735,0.599379,0.210211
736,0.600502,0.206168
737,0.601695,0.202206
738,0.603102,0.198399
739,0.604746,0.194670
740,0.606606,0.191037
741,0.608761,0.187499
742,0.611025,0.184084
743,0.613475,0.180815
744,0.616267,0.177658
745,0.619115,0.174731
746,0.622084,0.171867
747,0.625197,0.169250
748,0.628468,0.166817
749,0.631877,0.164574
750,0.635482,0.162566
751,0.639139,0.160712
752,0.642883,0.159076
753,0.646711,0.157658
754,0.650792,0.156483
755,0.654723,0.155516
756,0.658727,0.154782
757,0.662774,0.154280
758,0.666890,0.154078
759,0.670995,0.154032
760,0.675077,0.154221
761,0.679137,0.154642
762,0.683285,0.155434
763,0.687327,0.156309
764,0.691232,0.157405
765,0.695079,0.158741
766,0.698819,0.160377
767,0.702566,0.162171
768,0.706148,0.164151
769,0.709602,0.166327
770,0.712923,0.168696
771,0.716118,0.171423
772,0.719210,0.174173
773,0.722068,0.177051
774,0.724755,0.180109
775,0.727264,0.183324
776,0.729556,0.186763
777,0.731700,0.190259
778,0.733632,0.193857
779,0.735353,0.197556
780,0.736780,0.201498
781,0.738119,0.205401
782,0.739184,0.209316
783,0.740014,0.213303
784,0.740531,0.217351
785,0.740916,0.221489
786,0.741058,0.225578
787,0.740965,0.229658
788,0.740513,0.233869
789,0.739903,0.237892
790,0.739153,0.241952
791,0.738142,0.245886
792,0.736894,0.249763
793,0.735423,0.253565
794,0.733644,0.257297
795,0.731744,0.260933
796,0.729647,0.264437
797,0.727357,0.267812
798,0.724698,0.271074
799,0.722048,0.274216
800,0.719224,0.277135
801,0.716226,0.279890
802,0.713072,0.282471
803,0.709694,0.284839
804,0.706251,0.287063
805,0.702701,0.289077
806,0.699046,0.290884
807,0.695080,0.292475
808,0.691254,0.293854
809,0.687356,0.294995
810,0.683388,0.295910
811,0.679354,0.296516
812,0.675229,0.296996
813,0.670764,0.297102
814,0.665604,0.296728
815,0.661205,0.296380
816,0.656953,0.295734
817,0.652841,0.295055
818,0.648884,0.294138
819,0.644981,0.292980
820,0.641149,0.291598
821,0.637383,0.289907
822,0.633702,0.288092
823,0.630151,0.286078
824,0.626727,0.283868
825,0.623410,0.281249
826,0.620178,0.278625
827,0.617184,0.275885
828,0.614364,0.272959
829,0.611717,0.269867
830,0.609273,0.266520
831,0.606959,0.263109
832,0.604867,0.259602
833,0.602984,0.255989
834,0.601352,0.252101
835,0.599946,0.248251
836,0.598647,0.244326
837,0.597637,0.240401
838,0.596863,0.236408
839,0.596320,0.232373
840,0.596076,0.228249
841,0.595988,0.224158
842,0.596135,0.220084
843,0.596514,0.216029
844,0.597268,0.211849
845,0.598128,0.207755
846,0.599190,0.203851
847,0.600491,0.200002
848,0.602014,0.196228
849,0.603843,0.192519
850,0.605789,0.188921
851,0.607932,0.185453
852,0.610266,0.182118
853,0.612786,0.178921
854,0.615709,0.175820
855,0.618595,0.172865
856,0.621622,0.170165
857,0.624808,0.167639
858,0.628237,0.165317
859,0.631709,0.163150
860,0.635285,0.161195
861,0.638962,0.159449
862,0.642732,0.157917
863,0.646584,0.156601
864,0.650689,0.155525
865,0.654642,0.154679
866,0.658656,0.154057
867,0.662814,0.153733
868,0.666917,0.153559
869,0.670994,0.153624
870,0.675053,0.153922
871,0.679088,0.154451
872,0.683086,0.155209
873,0.687221,0.156313
874,0.691057,0.157525
875,0.694848,0.158966
876,0.698562,0.160624
877,0.702221,0.162595
878,0.705743,0.164668
879,0.709129,0.166933
880,0.712377,0.169386
881,0.715480,0.172020
882,0.718428,0.174826
883,0.721263,0.178054
884,0.723965,0.181231
885,0.726370,0.184500
886,0.728592,0.188072
887,0.730635,0.191637
888,0.732453,0.195291
889,0.734056,0.199039
890,0.735441,0.202871
891,0.736606,0.206776
892,0.737546,0.210742
893,0.738157,0.215023
894,0.738681,0.219236
895,0.738822,0.223309
896,0.738828,0.227544
897,0.738585,0.231644
898,0.738103,0.235712
899,0.737388,0.239744
900,0.736442,0.243730
901,0.735268,0.247656
902,0.733870,0.251511
903,0.732010,0.255601
904,0.730116,0.259351
905,0.728026,0.262928
906,0.725518,0.266531
907,0.722928,0.269960
908,0.720133,0.273223
909,0.717113,0.276341
910,0.713860,0.279311
911,0.710366,0.282121
912,0.706306,0.284724
913,0.702236,0.287265
914,0.697881,0.289534
915,0.693122,0.291458
916,0.688005,0.293242
917,0.679000,0.290717
918,0.668880,0.287117
919,0.657995,0.288726
920,0.648315,0.292118
921,0.644951,0.294608
922,0.643731,0.295495
923,0.640544,0.295509
924,0.636806,0.294964
925,0.632901,0.294088
926,0.628986,0.292952
927,0.625062,0.291405
928,0.621283,0.289784
929,0.617533,0.287998
930,0.613952,0.285998
931,0.610493,0.283784
932,0.607165,0.281372
933,0.603980,0.278774
934,0.600955,0.275805
935,0.598111,0.272842
936,0.595355,0.269742
937,0.592842,0.266498
938,0.590522,0.263108
939,0.588399,0.259589
940,0.586527,0.255909
941,0.584844,0.252024
942,0.583322,0.248174
943,0.582052,0.244280
944,0.581011,0.240310
945,0.580199,0.236283
946,0.579618,0.232215
947,0.579330,0.228092
948,0.579213,0.223962
949,0.579434,0.219754
950,0.579765,0.215611
951,0.580327,0.211559
952,0.581143,0.207539
953,0.582194,0.203570
954,0.583539,0.199655
955,0.585042,0.195813
956,0.586877,0.192033
957,0.588816,0.188426
958,0.590918,0.184857
959,0.593236,0.181473
960,0.595751,0.178228
961,0.598527,0.175141
962,0.601405,0.172191
963,0.604566,0.169428
964,0.607759,0.166793
965,0.611071,0.164389
966,0.614529,0.162182
967,0.618111,0.160177
968,0.621855,0.158425
969,0.625664,0.156830
970,0.629657,0.155518
971,0.633620,0.154334
972,0.637610,0.153418
973,0.641656,0.152736
974,0.645737,0.152288
975,0.649869,0.152134
976,0.653996,0.152151
977,0.658184,0.152502
978,0.662292,0.152943
979,0.666323,0.153660
980,0.670312,0.154612
981,0.674244,0.155792
982,0.678110,0.157263
983,0.681900,0.158888
984,0.685621,0.160845
985,0.689225,0.162881
986,0.692658,0.165101
987,0.695960,0.167530
988,0.699119,0.170149
989,0.702108,0.173014
990,0.704960,0.175984
991,0.707632,0.179240
992,0.710146,0.182533
993,0.712442,0.185908
994,0.714534,0.189431
995,0.716368,0.193119
996,0.718058,0.196893
997,0.719523,0.200736
998,0.720766,0.204650
999,0.721706,0.208732
1000,0.722535,0.212783
1001,0.723092,0.216837
1002,0.723410,0.220925
1003,0.723430,0.225066
1004,0.723279,0.229180
1005,0.722896,0.233269
1006,0.722168,0.237393
1007,0.721358,0.241446
1008,0.720285,0.245398
1009,0.718913,0.249278
1010,0.717379,0.253117
1011,0.715638,0.256842
1012,0.713692,0.260456
1013,0.711415,0.264033
1014,0.709100,0.267386
1015,0.706571,0.270604
1016,0.703855,0.273674
1017,0.700896,0.276565
1018,0.697835,0.279319
1019,0.694631,0.281888
1020,0.691138,0.284222
1021,0.687641,0.286454
1022,0.684073,0.288442
1023,0.680378,0.290210
1024,0.676524,0.291719
1025,0.672634,0.293058
1026,0.668683,0.294172
1027,0.664554,0.294992
1028,0.660517,0.295605
1029,0.656409,0.296079
1030,0.652320,0.296269
1031,0.648175,0.296150
1032,0.644071,0.295867
1033,0.640000,0.295352
1034,0.635967,0.294605
1035,0.631917,0.293510
1036,0.627960,0.292346
1037,0.624128,0.290922
1038,0.620377,0.289275
1039,0.616712,0.287334
1040,0.613156,0.285266
1041,0.609126,0.282771
1042,0.605612,0.280235
1043,0.602406,0.277413
1044,0.599339,0.274613
1045,0.596522,0.271641
1046,0.593883,0.268505
1047,0.591453,0.265142
1048,0.589179,0.261714
1049,0.587108,0.258172
1050,0.585273,0.254380
1051,0.583672,0.250628
1052,0.582174,0.246776
1053,0.580966,0.242870
1054,0.579988,0.238893
1055,0.579297,0.234804
1056,0.578772,0.230725
1057,0.578482,0.226634
1058,0.578513,0.222421
1059,0.578736,0.218348
1060,0.579094,0.214233
1061,0.579738,0.210197
1062,0.580619,0.206198
1063,0.581801,0.202235
1064,0.583135,0.198346
1065,0.584685,0.194548
1066,0.586447,0.190847
1067,0.588580,0.187227
1068,0.590734,0.183701
1069,0.593095,0.180364
1070,0.595726,0.177179
1071,0.598473,0.174119
1072,0.601382,0.171228
1073,0.604449,0.168510
1074,0.607665,0.165971
1075,0.611157,0.163584
1076,0.614626,0.161442
1077,0.618287,0.159543
1078,0.622014,0.157796
1079,0.625821,0.156269
1080,0.629705,0.154963
1081,0.633657,0.153880
1082,0.637828,0.153053
1083,0.641845,0.152429
1084,0.645930,0.152114
1085,0.650061,0.151960
1086,0.654165,0.152040
1087,0.658251,0.152354
1088,0.662310,0.152899
1089,0.666332,0.153675
1090,0.670437,0.154799
1091,0.674321,0.156016
1092,0.678125,0.157541
1093,0.681897,0.159228
1094,0.685543,0.161115
1095,0.689068,0.163203
1096,0.692466,0.165487
1097,0.695730,0.167961
1098,0.698922,0.170761
1099,0.701862,0.173570
1100,0.704599,0.176620
1101,0.707237,0.179801
1102,0.709672,0.183105
1103,0.711910,0.186535
1104,0.713948,0.190086
1105,0.715751,0.193894
1106,0.717387,0.197686
1107,0.718787,0.201508
1108,0.719960,0.205422
1109,0.720850,0.209467
1110,0.721575,0.213510
1111,0.722065,0.217577
1112,0.722323,0.221663
1113,0.722348,0.225756
1114,0.722069,0.229988
1115,0.721636,0.234031
1116,0.720957,0.238058
1117,0.719971,0.242068
1118,0.718830,0.246018
1119,0.717471,0.249884
1120,0.715896,0.253662
1121,0.713965,0.257388
1122,0.711967,0.261007
1123,0.709793,0.264448
1124,0.707404,0.267762
1125,0.704738,0.270931
1126,0.701974,0.273967
1127,0.699048,0.276832
1128,0.695966,0.279524
1129,0.692587,0.282011
1130,0.689189,0.284372
1131,0.685723,0.286500
1132,0.682117,0.288416
1133,0.678349,0.290067
1134,0.674513,0.291572
1135,0.670618,0.292850
1136,0.666663,0.293901
1137,0.662532,0.294638
1138,0.658492,0.295197
1139,0.654387,0.295616
1140,0.650307,0.295745
1141,0.646205,0.295559
1142,0.642094,0.295215
1143,0.638035,0.294639
1144,0.634022,0.293834
1145,0.629983,0.292668
1146,0.626046,0.291412
1147,0.622250,0.289954
1148,0.618536,0.288259
1149,0.614921,0.286349
1150,0.611412,0.284149
1151,0.607412,0.281404
1152,0.603412,0.278408
1153,0.600053,0.275433
1154,0.597013,0.272507
1155,0.594237,0.269505
1156,0.591651,0.266338
1157,0.589254,0.263025
1158,0.587112,0.259537
1159,0.585075,0.255932
1160,0.583266,0.252250
1161,0.581674,0.248480
1162,0.580376,0.244491
1163,0.579180,0.240552
1164,0.578263,0.236580
1165,0.577578,0.232553
1166,0.577125,0.228491
1167,0.576972,0.224374
1168,0.576978,0.220259
1169,0.577217,0.216170
1170,0.577775,0.211932
1171,0.578479,0.207941
1172,0.579420,0.203976
1173,0.580589,0.200063
1174,0.581980,0.196220
1175,0.583660,0.192488
1176,0.585497,0.188774
1177,0.587523,0.185208
1178,0.589744,0.181772
1179,0.592308,0.178391
1180,0.594903,0.175256
1181,0.597681,0.172266
1182,0.600628,0.169436
1183,0.603732,0.166778
1184,0.607048,0.164341
1185,0.610457,0.162029
1186,0.613972,0.159928
1187,0.617755,0.157988
1188,0.621473,0.156350
1189,0.625286,0.154906
1190,0.629180,0.153675
1191,0.633139,0.152664
1192,0.637151,0.151880
1193,0.641257,0.151386
1194,0.645403,0.151004
1195,0.649466,0.150878
1196,0.653661,0.151128
1197,0.657708,0.151539
1198,0.661740,0.152163
1199,0.665736,0.153011
1200,0.669679,0.154084
1201,0.673583,0.155461
1202,0.677396,0.156972
1203,0.681184,0.158679
1204,0.684778,0.160569
1205,0.688280,0.162851
1206,0.691610,0.165195
1207,0.694815,0.167722
1208,0.697875,0.170427
1209,0.700724,0.173360
1210,0.703501,0.176426
1211,0.706072,0.179617
1212,0.708532,0.182950
1213,0.710673,0.186532
1214,0.712625,0.190102
1215,0.714382,0.193783
1216,0.715929,0.197561
1217,0.717260,0.201423
1218,0.718300,0.205391
1219,0.719203,0.209420
1220,0.719867,0.213462
1221,0.720273,0.217674
1222,0.720444,0.221730
1223,0.720390,0.225806
1224,0.720106,0.229876
1225,0.719592,0.233927
1226,0.718848,0.237942
1227,0.717795,0.241921
1228,0.716597,0.245863
1229,0.715183,0.249705
1230,0.713415,0.253559
1231,0.711568,0.257183
1232,0.709514,0.260706
1233,0.707262,0.264109
1234,0.704819,0.267380
1235,0.702193,0.270507
1236,0.699315,0.273455
1237,0.696341,0.276375
1238,0.693242,0.279022
1239,0.689825,0.281438
1240,0.686422,0.283672
1241,0.682897,0.285722
1242,0.679259,0.287573
1243,0.675522,0.289214
1244,0.671696,0.290642
1245,0.667673,0.291863
1246,0.663720,0.292884
1247,0.659577,0.293550
1248,0.655540,0.294038
1249,0.651473,0.294312
1250,0.647394,0.294360
1251,0.643317,0.294177
1252,0.639257,0.293763
1253,0.635225,0.293119
1254,0.631108,0.292197
1255,0.627176,0.291140
1256,0.623261,0.289673
1257,0.619502,0.288118
1258,0.615826,0.286355
1259,0.612254,0.284388
1260,0.608797,0.282220
1261,0.605469,0.279859
1262,0.602279,0.277312
1263,0.599170,0.274494
1264,0.595522,0.270799
1265,0.592481,0.267421
1266,0.589855,0.264119
1267,0.587488,0.260745
1268,0.585338,0.257264
1269,0.583394,0.253672
1270,0.581660,0.249977
1271,0.580421,0.245945
1272,0.579216,0.242008
1273,0.578079,0.238039
1274,0.577234,0.234062
1275,0.576620,0.230038
1276,0.576237,0.225982
1277,0.576085,0.221910
1278,0.576165,0.217836
1279,0.576477,0.213771
1280,0.577020,0.209730
1281,0.577793,0.205726
1282,0.578746,0.201693
1283,0.579946,0.197813
1284,0.581386,0.194003
1285,0.583137,0.190275
1286,0.585019,0.186614
1287,0.587095,0.183092
1288,0.589364,0.179702
1289,0.591822,0.176448
1290,0.594462,0.173339
1291,0.597258,0.170299
1292,0.600215,0.167511
1293,0.603343,0.164900
1294,0.606863,0.162552
1295,0.610357,0.160303
1296,0.613905,0.158272
1297,0.617552,0.156446
1298,0.621295,0.154830
1299,0.625173,0.153362
1300,0.629060,0.152149
1301,0.633010,0.151191
1302,0.637019,0.150467
1303,0.641065,0.149974
1304,0.645280,0.149863
1305,0.649412,0.149935
1306,0.653504,0.150149
1307,0.657561,0.150591
1308,0.661583,0.151263
1309,0.665623,0.152102
1310,0.669531,0.153209
1311,0.673374,0.154554
1312,0.677136,0.156121
1313,0.680885,0.158079
1314,0.684424,0.160185
1315,0.687871,0.162391
1316,0.691180,0.164777
1317,0.694345,0.167345
1318,0.697447,0.170063
1319,0.700298,0.172959
1320,0.702977,0.176026
1321,0.705476,0.179245
1322,0.707778,0.182778
1323,0.709809,0.186433
1324,0.711718,0.190052
1325,0.713419,0.193757
1326,0.714995,0.197625
1327,0.716281,0.201465
1328,0.717326,0.205391
1329,0.718139,0.209377
1330,0.718723,0.213406
1331,0.719076,0.217464
1332,0.719072,0.221689
1333,0.718921,0.225748
1334,0.718559,0.229804
1335,0.717974,0.233836
1336,0.717133,0.237949
1337,0.716109,0.241906
1338,0.714851,0.245782
1339,0.713371,0.249576
1340,0.711676,0.253279
1341,0.709588,0.256974
1342,0.707429,0.260435
1343,0.705109,0.263778
1344,0.702607,0.266993
1345,0.699951,0.270154
1346,0.697016,0.273066
1347,0.694002,0.275823
1348,0.690841,0.278393
1349,0.687539,0.280775
1350,0.684107,0.282965
1351,0.680333,0.284930
1352,0.676662,0.286669
1353,0.672851,0.288293
1354,0.669015,0.289671
1355,0.665086,0.290714
1356,0.661017,0.291645
1357,0.656989,0.292318
1358,0.652940,0.292756
1359,0.648875,0.292961
1360,0.644805,0.292935
1361,0.640614,0.292524
1362,0.636583,0.292008
1363,0.632468,0.291306
1364,0.628505,0.290377
1365,0.624593,0.289102
1366,0.620694,0.287680
1367,0.616950,0.286057
1368,0.613315,0.284224
1369,0.609792,0.282187
1370,0.606345,0.279751
1371,0.603102,0.277307
1372,0.599989,0.274689
1373,0.596894,0.271852
1374,0.594079,0.268918
1375,0.591466,0.265690
1376,0.588978,0.262386
1377,0.586233,0.258390
1378,0.583965,0.254620
1379,0.582089,0.250674
1380,0.580472,0.246912
1381,0.579064,0.243086
1382,0.577875,0.239191
1383,0.576813,0.235119
1384,0.576061,0.231127
1385,0.575623,0.226949
1386,0.575344,0.222841
1387,0.575308,0.218760
1388,0.575628,0.214547
1389,0.576138,0.210438
1390,0.576830,0.206423
1391,0.577740,0.202448
1392,0.578873,0.198530
1393,0.580180,0.194564
1394,0.581742,0.190806
1395,0.583658,0.187056
1396,0.585666,0.183471
1397,0.587871,0.180024
1398,0.590269,0.176713
1399,0.593126,0.173457
1400,0.595922,0.170459
1401,0.598875,0.167616
1402,0.602056,0.164807
1403,0.605348,0.162266
1404,0.608953,0.159941
1405,0.612615,0.157772
1406,0.616343,0.155861
1407,0.620190,0.154170
1408,0.624487,0.152756
1409,0.628689,0.151537
1410,0.632981,0.150551
1411,0.637401,0.149815
1412,0.642033,0.149226
1413,0.646800,0.149151
1414,0.651778,0.149294
1415,0.656883,0.149816
1416,0.662275,0.150977
1417,0.667746,0.152481
1418,0.674046,0.159787
1419,0.684458,0.166961
1420,0.691554,0.166688
1421,0.693495,0.166347
1422,0.696390,0.167899
1423,0.699505,0.170119
1424,0.702583,0.172692
1425,0.705541,0.175492
1426,0.708345,0.178475
1427,0.710979,0.181619
1428,0.713354,0.185119
1429,0.715605,0.188577
1430,0.717662,0.192135
1431,0.719515,0.195797
1432,0.721157,0.199557
1433,0.722583,0.203404
1434,0.723787,0.207327
1435,0.724701,0.211431
1436,0.725415,0.215455
1437,0.725984,0.219555
1438,0.726205,0.223669
1439,0.726252,0.227797
1440,0.726065,0.231903
1441,0.725644,0.235986
1442,0.724991,0.240038
1443,0.724027,0.244164
1444,0.722930,0.248094
1445,0.721529,0.251944
1446,0.719954,0.255779
1447,0.718177,0.259489
1448,0.716196,0.263085
1449,0.713885,0.266607
1450,0.711482,0.269909
1451,0.708931,0.273165
1452,0.706196,0.276211
1453,0.703221,0.279061
1454,0.700126,0.281794
1455,0.696895,0.284334
1456,0.693530,0.286684
1457,0.689898,0.288815
1458,0.686284,0.290792
1459,0.682577,0.292520
1460,0.678741,0.293971
1461,0.674809,0.295283
1462,0.670840,0.296362
1463,0.666825,0.297213
1464,0.662720,0.297883
1465,0.658556,0.298208
1466,0.654478,0.298337
1467,0.650384,0.298241
1468,0.646293,0.297845
1469,0.642191,0.297284
1470,0.638155,0.296498
1471,0.634178,0.295486
1472,0.630127,0.294171
1473,0.626334,0.292699
1474,0.622608,0.291014
1475,0.618975,0.289118
1476,0.615464,0.286948
1477,0.612045,0.284640
1478,0.608777,0.282153
1479,0.605588,0.279484
1480,0.602608,0.276540
1481,0.599861,0.273533
1482,0.597265,0.270370
1483,0.594895,0.267013
1484,0.592642,0.263544
1485,0.590602,0.259976
1486,0.588772,0.256305
1487,0.586605,0.251677
1488,0.584940,0.247223
1489,0.583689,0.243141
1490,0.582722,0.239103
1491,0.582068,0.235028
1492,0.581577,0.230913
1493,0.581322,0.226809
1494,0.581264,0.222647
1495,0.581551,0.218485
1496,0.582016,0.214434
1497,0.582709,0.210401
1498,0.583630,0.206409
1499,0.584849,0.202470
1500,0.586223,0.198579
1501,0.587808,0.194791
1502,0.589595,0.191034
1503,0.591778,0.187430
1504,0.593991,0.184004
1505,0.596398,0.180696
1506,0.598992,0.177525
1507,0.601834,0.174523
1508,0.604780,0.171653
1509,0.607876,0.168962
1510,0.611142,0.166387
1511,0.614483,0.164050
1512,0.617977,0.161926
1513,0.621596,0.160009
1514,0.625502,0.158414
1515,0.629337,0.156937
1516,0.633237,0.155672
1517,0.637199,0.154630
1518,0.641266,0.153764
1519,0.645294,0.153144
1520,0.649367,0.152784
1521,0.653558,0.152769
1522,0.657676,0.152978
1523,0.661766,0.153340
1524,0.665822,0.153928
1525,0.669836,0.154744
1526,0.673797,0.155787
1527,0.677753,0.157002
1528,0.681641,0.158605
1529,0.685330,0.160417
1530,0.688953,0.162352
1531,0.692456,0.164478
1532,0.695832,0.166797
1533,0.699071,0.169304
1534,0.702237,0.171971
1535,0.705172,0.174813
1536,0.707884,0.177882
1537,0.710471,0.181231
1538,0.712860,0.184560
1539,0.715061,0.188013
1540,0.717063,0.191584
1541,0.718926,0.195297
1542,0.720532,0.199043
1543,0.721901,0.202893
1544,0.722972,0.206955
1545,0.723793,0.211001
1546,0.724470,0.215049
1547,0.724918,0.219120
1548,0.725136,0.223207
1549,0.725160,0.227363
1550,0.724951,0.231428
1551,0.724478,0.235486
1552,0.723642,0.239600
1553,0.722593,0.243577
1554,0.721405,0.247512
1555,0.720006,0.251363
1556,0.718393,0.255126
1557,0.716569,0.258790
1558,0.714574,0.262414
1559,0.712363,0.265845
1560,0.709794,0.269167
1561,0.707090,0.272275
1562,0.704288,0.275275
1563,0.701332,0.278108
1564,0.698222,0.280769
1565,0.694940,0.283318
1566,0.691588,0.285624
1567,0.688082,0.287718
1568,0.684254,0.289521
1569,0.680483,0.291163
1570,0.676652,0.292607
1571,0.672750,0.293837
1572,0.668786,0.294846
1573,0.664770,0.295628
1574,0.660681,0.296252
1575,0.656614,0.296585
1576,0.652527,0.296673
1577,0.648294,0.296334
1578,0.644219,0.295931
1579,0.640176,0.295309
1580,0.636174,0.294460
1581,0.632227,0.293387
1582,0.628288,0.292155
1583,0.624495,0.290651
1584,0.620791,0.288921
1585,0.617166,0.286754
1586,0.613680,0.284583
1587,0.610327,0.282235
1588,0.607113,0.279705
1589,0.604048,0.276997
1590,0.601065,0.274128
1591,0.598323,0.271113
1592,0.595765,0.267928
1593,0.593481,0.264392
1594,0.591306,0.260898
1595,0.589334,0.257308
1596,0.587570,0.253618
1597,0.586018,0.249834
1598,0.584616,0.245932
1599,0.583485,0.242024
1600,0.582597,0.238039
1601,0.582065,0.233870
1602,0.581730,0.229757
1603,0.581551,0.225660
1604,0.581602,0.221568
1605,0.581885,0.217489
1606,0.582399,0.213433
1607,0.583084,0.209359
1608,0.584042,0.205395
1609,0.585632,0.201492
1610,0.587158,0.197672
1611,0.588827,0.193935
1612,0.590685,0.190297
1613,0.592741,0.186768
1614,0.594993,0.183362
1615,0.597402,0.180014
1616,0.600014,0.176886
1617,0.602812,0.173915
1618,0.605778,0.171107
1619,0.608901,0.168473
1620,0.612169,0.166020
1621,0.615573,0.163756
1622,0.619135,0.161622
1623,0.622740,0.159736
1624,0.626534,0.158128
1625,0.630374,0.156685
1626,0.634279,0.155470
1627,0.638245,0.154480
1628,0.642260,0.153717
1629,0.646313,0.153185
1630,0.650390,0.152884
1631,0.654527,0.152753
1632,0.658699,0.153047
1633,0.662772,0.153458
1634,0.666810,0.154095
1635,0.670804,0.154959
1636,0.674742,0.156049
1637,0.678700,0.157494
1638,0.682461,0.159071
1639,0.686143,0.160834
1640,0.689804,0.162825
1641,0.693283,0.164980
1642,0.696624,0.167333
1643,0.699823,0.169873
1644,0.702871,0.172593
1645,0.705760,0.175482
1646,0.708492,0.178704
1647,0.710985,0.181921
1648,0.713366,0.185360
1649,0.715541,0.188812
1650,0.717496,0.192394
1651,0.719240,0.196086
1652,0.720769,0.199873
1653,0.722081,0.203742
1654,0.723170,0.207679
1655,0.723946,0.211812
1656,0.724476,0.215890
1657,0.724940,0.220014
1658,0.725118,0.224087
1659,0.725051,0.228166
1660,0.724748,0.232238
1661,0.724213,0.236286
1662,0.723448,0.240298
1663,0.722455,0.244261
1664,0.721009,0.248230
1665,0.719584,0.252146
1666,0.717946,0.255875
1667,0.716083,0.259504
1668,0.714011,0.263019
1669,0.711740,0.266412
1670,0.709280,0.269671
1671,0.706637,0.272785
1672,0.703651,0.275754
1673,0.700575,0.278480
1674,0.697441,0.281191
1675,0.694170,0.283623
1676,0.690758,0.285859
1677,0.687222,0.287896
1678,0.683574,0.289728
1679,0.679827,0.291350
1680,0.675993,0.292756
1681,0.671938,0.293862
1682,0.667913,0.294730
1683,0.663853,0.295534
1684,0.659811,0.296041
1685,0.655741,0.296307
1686,0.651661,0.296337
1687,0.647584,0.296134
1688,0.643525,0.295699
1689,0.639496,0.295034
1690,0.635380,0.293877
1691,0.631377,0.292788
1692,0.627529,0.291456
1693,0.623764,0.289896
1694,0.620094,0.288119
1695,0.616530,0.286136
1696,0.613084,0.283952
1697,0.609768,0.281575
1698,0.606581,0.278846
1699,0.603504,0.276090
1700,0.600650,0.273210
1701,0.598012,0.270076
1702,0.595473,0.266827
1703,0.593145,0.263462
1704,0.591019,0.259977
1705,0.589097,0.256378
1706,0.587383,0.252676
1707,0.585978,0.248706
1708,0.584648,0.244794
1709,0.583586,0.240878
1710,0.582842,0.236868
1711,0.582232,0.232769
1712,0.581866,0.228693
1713,0.581735,0.224613
1714,0.581506,0.219723
1715,0.581685,0.215296
1716,0.582339,0.211038
1717,0.583101,0.206962
1718,0.584116,0.203022
1719,0.585370,0.199143
1720,0.586935,0.195317
1721,0.588630,0.191583
1722,0.590529,0.187968
1723,0.592629,0.184470
1724,0.594924,0.181098
1725,0.597586,0.177823
1726,0.600249,0.174694
1727,0.603083,0.171781
1728,0.606146,0.169087
1729,0.609361,0.166450
1730,0.612670,0.164043
1731,0.616102,0.161836
1732,0.619652,0.159830
1733,0.623311,0.158030
1734,0.627267,0.156405
1735,0.631091,0.155079
1736,0.635000,0.153953
1737,0.638972,0.153045
1738,0.643046,0.152430
1739,0.647126,0.151966
1740,0.651204,0.151738
1741,0.655282,0.151744
1742,0.659352,0.151982
1743,0.663454,0.152384
1744,0.667567,0.153222
1745,0.671516,0.154179
1746,0.675417,0.155350
1747,0.679269,0.156829
1748,0.683046,0.158437
1749,0.686706,0.160250
1750,0.690250,0.162266
1751,0.693672,0.164480
1752,0.697050,0.166843
1753,0.700203,0.169601
1754,0.703164,0.172382
1755,0.705979,0.175325
1756,0.708604,0.178518
1757,0.711100,0.181783
1758,0.713389,0.185165
1759,0.715477,0.188667
1760,0.717360,0.192281
1761,0.719122,0.196050
1762,0.720512,0.199978
1763,0.721722,0.203852
1764,0.722719,0.207798
1765,0.723419,0.211852
1766,0.723985,0.215948
1767,0.724307,0.220021
1768,0.724395,0.224097
1769,0.724250,0.228168
1770,0.723873,0.232225
1771,0.723239,0.236307
1772,0.722400,0.240246
1773,0.721325,0.244160
1774,0.720024,0.248016
1775,0.718415,0.251821
1776,0.716680,0.255530
1777,0.714744,0.259118
1778,0.712607,0.262586
1779,0.710277,0.265926
1780,0.707761,0.269128
1781,0.705066,0.272182
1782,0.702201,0.275078
1783,0.699175,0.277807
1784,0.695908,0.280336
1785,0.692384,0.282699
1786,0.688926,0.284845
1787,0.685359,0.286806
1788,0.681687,0.288566
1789,0.677921,0.290117
1790,0.674073,0.291451
1791,0.670154,0.292564
1792,0.666177,0.293452
1793,0.661977,0.294134
1794,0.657741,0.294485
1795,0.653686,0.294640
1796,0.649620,0.294580
1797,0.645561,0.294294
1798,0.641523,0.293778
1799,0.637519,0.293034
