0,-1.277490,-1.503920
1,-1.277490,-1.503920
2,-1.277490,-1.503920
3,-1.284031,-1.493562
4,-1.294228,-1.479968
5,-1.305226,-1.467008
6,-1.316943,-1.454695
7,-1.329343,-1.443068
8,-1.342383,-1.432166
9,-1.356023,-1.422023
10,-1.370217,-1.412673
11,-1.384921,-1.404145
12,-1.400086,-1.396468
13,-1.415663,-1.389666
14,-1.431602,-1.383762
15,-1.447852,-1.378774
16,-1.452400,-1.377406
17,-1.452400,-1.377406
18,-1.463200,-1.383187
19,-1.477491,-1.392384
20,-1.491206,-1.402424
21,-1.504327,-1.413229
22,-1.516813,-1.424763
23,-1.520283,-1.428006
24,-1.520283,-1.428006
25,-1.520283,-1.428006
26,-1.520283,-1.428006
27,-1.520283,-1.428006
28,-1.520283,-1.428006
29,-1.520283,-1.428006
30,-1.508549,-1.424490
31,-1.492713,-1.418323
32,-1.477274,-1.411213
33,-1.462264,-1.403237
34,-1.447733,-1.394420
35,-1.433726,-1.384790
36,-1.420290,-1.374379
37,-1.407468,-1.363220
38,-1.395302,-1.351350
39,-1.383831,-1.338807
40,-1.373092,-1.325631
41,-1.363121,-1.311866
42,-1.353948,-1.297556
43,-1.345605,-1.282747
44,-1.343297,-1.278595
45,-1.335879,-1.277340
46,-1.326909,-1.275327
47,-1.318343,-1.272791
48,-1.310223,-1.269764
49,-1.302714,-1.265779
50,-1.295618,-1.260641
51,-1.288844,-1.255082
52,-1.282407,-1.249146
53,-1.276329,-1.242856
54,-1.270629,-1.236234
55,-1.265325,-1.229301
56,-1.260433,-1.222082
57,-1.255969,-1.214601
58,-1.251947,-1.206884
59,-1.248379,-1.198956
60,-1.245277,-1.190843
61,-1.242648,-1.182574
62,-1.240502,-1.174176
63,-1.238845,-1.165677
64,-1.237680,-1.157105
65,-1.237011,-1.148488
66,-1.236839,-1.139856
67,-1.237163,-1.131237
68,-1.237982,-1.122659
69,-1.239292,-1.114151
70,-1.241087,-1.105740
71,-1.243361,-1.097455
72,-1.246105,-1.089322
73,-1.249310,-1.081368
74,-1.252963,-1.073619
75,-1.257052,-1.066101
76,-1.261562,-1.058837
77,-1.266478,-1.051851
78,-1.271783,-1.045166
79,-1.277458,-1.038804
80,-1.283484,-1.032784
81,-1.289840,-1.027126
82,-1.296505,-1.021848
83,-1.303455,-1.016967
84,-1.310669,-1.012498
85,-1.318120,-1.008455
86,-1.325784,-1.004851
87,-1.333384,-1.001972
88,-1.341377,-0.999257
89,-1.349504,-0.997008
90,-1.357739,-0.995231
91,-1.366054,-0.993932
92,-1.374423,-0.993114
93,-1.382818,-0.992780
94,-1.391209,-0.992928
95,-1.399571,-0.993559
96,-1.407875,-0.994668
97,-1.416094,-0.996252
98,-1.424200,-0.998304
99,-1.432168,-1.000816
100,-1.439971,-1.003780
101,-1.447584,-1.007185
102,-1.454981,-1.011018
103,-1.462140,-1.015267
104,-1.469036,-1.019916
105,-1.475647,-1.024950
106,-1.481951,-1.030351
107,-1.485987,-1.027744
108,-1.487621,-1.023386
109,-1.489207,-1.018389
110,-1.491093,-1.013274
111,-1.493246,-1.008190
112,-1.495770,-1.003179
113,-1.498562,-0.998349
114,-1.501625,-0.993685
115,-1.504888,-0.989166
116,-1.508491,-0.984846
117,-1.512310,-0.980768
118,-1.516350,-0.976914
119,-1.520561,-0.973266
120,-1.525010,-0.969806
121,-1.529646,-0.966698
122,-1.534452,-0.963859
123,-1.539355,-0.961156
124,-1.544482,-0.958865
125,-1.549708,-0.956888
126,-1.555036,-0.955209
127,-1.560190,-0.953505
128,-1.565657,-0.952365
129,-1.571180,-0.951603
130,-1.576748,-0.951162
131,-1.582337,-0.951040
132,-1.587965,-0.951250
133,-1.593539,-0.951773
134,-1.599071,-0.952608
135,-1.604546,-0.953756
136,-1.609979,-0.955233
137,-1.615290,-0.957005
138,-1.620489,-0.959071
139,-1.625561,-0.961429
140,-1.630519,-0.964101
141,-1.635291,-0.967029
142,-1.639888,-0.970219
143,-1.644294,-0.973663
144,-1.648518,-0.977384
145,-1.652500,-0.981317
146,-1.656299,-0.985413
147,-1.659825,-0.989762
148,-1.663179,-0.994310
149,-1.666168,-0.999031
150,-1.668926,-1.003884
151,-1.671381,-1.008917
152,-1.673610,-1.014119
153,-1.675458,-1.019391
154,-1.677058,-1.024742
155,-1.678306,-1.030203
156,-1.679299,-1.035776
157,-1.679906,-1.041333
158,-1.680247,-1.046908
159,-1.680228,-1.052513
160,-1.679926,-1.058163
161,-1.679195,-1.063682
162,-1.678260,-1.069193
163,-1.676966,-1.074656
164,-1.675355,-1.080032
165,-1.673438,-1.085306
166,-1.671276,-1.090474
167,-1.668786,-1.095509
168,-1.666003,-1.100383
169,-1.662946,-1.105087
170,-1.659686,-1.109643
171,-1.656120,-1.113981
172,-1.652309,-1.118098
173,-1.648271,-1.121989
174,-1.644056,-1.125670
175,-1.639610,-1.129097
176,-1.634971,-1.132247
177,-1.630160,-1.135124
178,-1.625259,-1.137866
179,-1.620161,-1.140191
180,-1.614933,-1.142209
181,-1.609548,-1.143921
182,-1.604127,-1.145433
183,-1.598641,-1.146560
184,-1.593092,-1.147343
185,-1.587467,-1.147801
186,-1.581842,-1.148074
187,-1.576239,-1.147915
188,-1.570651,-1.147419
189,-1.565064,-1.146591
190,-1.559523,-1.145564
191,-1.554098,-1.144148
192,-1.548766,-1.142401
193,-1.543509,-1.140328
194,-1.538338,-1.138082
195,-1.533373,-1.135469
196,-1.528572,-1.132558
197,-1.523918,-1.129351
198,-1.519395,-1.125981
199,-1.515144,-1.122315
200,-1.511125,-1.118391
201,-1.507315,-1.114212
202,-1.503674,-1.109900
203,-1.500362,-1.105366
204,-1.497334,-1.100633
205,-1.494570,-1.095694
206,-1.491987,-1.090673
207,-1.489790,-1.085503
208,-1.487911,-1.080204
209,-1.486332,-1.074769
210,-1.484972,-1.069286
211,-1.483994,-1.063751
212,-1.483362,-1.058162
213,-1.483056,-1.052506
214,-1.483014,-1.046879
215,-1.483257,-1.041237
216,-1.483907,-1.035649
217,-1.484890,-1.030068
218,-1.486084,-1.024541
219,-1.487649,-1.019137
220,-1.489548,-1.013837
221,-1.491770,-1.008620
222,-1.494175,-1.003498
223,-1.496928,-0.998588
224,-1.499980,-0.993854
225,-1.503324,-0.989272
226,-1.506876,-0.984903
227,-1.510633,-0.980672
228,-1.514678,-0.976749
229,-1.518974,-0.973042
230,-1.523398,-0.969501
231,-1.528039,-0.966306
232,-1.532871,-0.963400
233,-1.537866,-0.960776
234,-1.543015,-0.958399
235,-1.548260,-0.956236
236,-1.553623,-0.954496
237,-1.559118,-0.953063
238,-1.564643,-0.951912
239,-1.570243,-0.951099
240,-1.575880,-0.950517
241,-1.581519,-0.950362
242,-1.587195,-0.950497
243,-1.592837,-0.950970
244,-1.598433,-0.951780
245,-1.604008,-0.952815
246,-1.609502,-0.954225
247,-1.614891,-0.955963
248,-1.620161,-0.958020
249,-1.625302,-0.960376
250,-1.630405,-0.962925
251,-1.635259,-0.965831
252,-1.639927,-0.969027
253,-1.644404,-0.972487
254,-1.648717,-0.976194
255,-1.652881,-0.980068
256,-1.656705,-0.984233
257,-1.660283,-0.988617
258,-1.663653,-0.993211
259,-1.666732,-0.997978
260,-1.669608,-1.002883
261,-1.672103,-1.007956
262,-1.674335,-1.013140
263,-1.676263,-1.018528
264,-1.677857,-1.023971
265,-1.679242,-1.029487
266,-1.680253,-1.035040
267,-1.680919,-1.040673
268,-1.681229,-1.046385
269,-1.681221,-1.052060
270,-1.681024,-1.057732
271,-1.680413,-1.063367
272,-1.679449,-1.068954
273,-1.678140,-1.074519
274,-1.676588,-1.079965
275,-1.674791,-1.085376
276,-1.672590,-1.090598
277,-1.670050,-1.095726
278,-1.667290,-1.100671
279,-1.664241,-1.105473
280,-1.660972,-1.110143
281,-1.657390,-1.114533
282,-1.653550,-1.118757
283,-1.649483,-1.122741
284,-1.645190,-1.126468
285,-1.640734,-1.130027
286,-1.636092,-1.133251
287,-1.631189,-1.136231
288,-1.626156,-1.138887
289,-1.620983,-1.141250
290,-1.615736,-1.143442
291,-1.610343,-1.145236
292,-1.604796,-1.146687
293,-1.599216,-1.147814
294,-1.593606,-1.148665
295,-1.587919,-1.149279
296,-1.582244,-1.149456
297,-1.576511,-1.149282
298,-1.570852,-1.148828
299,-1.565202,-1.148052
300,-1.559581,-1.147028
301,-1.554083,-1.145593
302,-1.548627,-1.143809
303,-1.547886,-1.142922
304,-1.551330,-1.139449
305,-1.553256,-1.131532
306,-1.552597,-1.120674
307,-1.553656,-1.110795
308,-1.555255,-1.101157
309,-1.557381,-1.091664
310,-1.560033,-1.082312
311,-1.563202,-1.073122
312,-1.566873,-1.064117
313,-1.571032,-1.055323
314,-1.575666,-1.046764
315,-1.580400,-1.038417
316,-1.585750,-1.030289
317,-1.591478,-1.022297
318,-1.597614,-1.014692
319,-1.604087,-1.007379
320,-1.610864,-1.000341
321,-1.617916,-0.993562
322,-1.625209,-0.987023
323,-1.632711,-0.980697
324,-1.640389,-0.974546
325,-1.647920,-0.968560
326,-1.655815,-0.962623
327,-1.663785,-0.956654
328,-1.671764,-0.950567
329,-1.679689,-0.944251
330,-1.685149,-0.939773
331,-1.679397,-0.932019
332,-1.672402,-0.923350
333,-1.660892,-0.913469
334,-1.648144,-0.902402
335,-1.645312,-0.899578
336,-1.645312,-0.899578
337,-1.645312,-0.899578
338,-1.645312,-0.899578
339,-1.645312,-0.899578
340,-1.645312,-0.899578
341,-1.645312,-0.899578
342,-1.645312,-0.899578
343,-1.645312,-0.899578
344,-1.645312,-0.899578
345,-1.645312,-0.899578
346,-1.642588,-0.909163
347,-1.637530,-0.913868
348,-1.632115,-0.918780
349,-1.626392,-0.923882
350,-1.620330,-0.929152
351,-1.613890,-0.934565
352,-1.607037,-0.940092
353,-1.599736,-0.945700
354,-1.591956,-0.951354
355,-1.583669,-0.957014
356,-1.576622,-0.966272
357,-1.569597,-0.976613
358,-1.562238,-0.986614
359,-1.554587,-0.996275
360,-1.546029,-1.004047
361,-1.537045,-1.011012
362,-1.528655,-1.017966
363,-1.531389,-1.028277
364,-1.537822,-1.040326
365,-1.543997,-1.053622
366,-1.549407,-1.067564
367,-1.554007,-1.081905
368,-1.557776,-1.096526
369,-1.560704,-1.111352
370,-1.562781,-1.126328
371,-1.564001,-1.141399
372,-1.564360,-1.156517
373,-1.563857,-1.171632
374,-1.562494,-1.186694
375,-1.560240,-1.201636
376,-1.557196,-1.216456
377,-1.553291,-1.231066
378,-1.548526,-1.245411
379,-1.543015,-1.259498
380,-1.536684,-1.273229
381,-1.529484,-1.286571
382,-1.521844,-1.299464
383,-1.513333,-1.311871
384,-1.504092,-1.323793
385,-1.494173,-1.335177
386,-1.483616,-1.345979
387,-1.472458,-1.356163
388,-1.460737,-1.365696
389,-1.448492,-1.374545
390,-1.435761,-1.382683
391,-1.422611,-1.390068
392,-1.409036,-1.396708
393,-1.395129,-1.402552
394,-1.380884,-1.407608
395,-1.366404,-1.411841
396,-1.351675,-1.415246
397,-1.336808,-1.417807
398,-1.321785,-1.419516
399,-1.307047,-1.420012
400,-1.291945,-1.420060
401,-1.276863,-1.419210
402,-1.261849,-1.417498
403,-1.246929,-1.414939
404,-1.232203,-1.411527
405,-1.217671,-1.407303
406,-1.203426,-1.402239
407,-1.189477,-1.396369
408,-1.175892,-1.389720
409,-1.162716,-1.382306
410,-1.149951,-1.374173
411,-1.137702,-1.365307
412,-1.125964,-1.355752
413,-1.114794,-1.345551
414,-1.104231,-1.334731
415,-1.094271,-1.323332
416,-1.085072,-1.311390
417,-1.076503,-1.298919
418,-1.068648,-1.285990
419,-1.061622,-1.272637
420,-1.055259,-1.258910
421,-1.049730,-1.244873
422,-1.045046,-1.230500
423,-1.041112,-1.216272
424,-1.038017,-1.201561
425,-1.035779,-1.186638
426,-1.034448,-1.171601
427,-1.033932,-1.156497
428,-1.034280,-1.141384
429,-1.035502,-1.126341
430,-1.037563,-1.111370
431,-1.040478,-1.096536
432,-1.044266,-1.081913
433,-1.048844,-1.067515
434,-1.054240,-1.053396
435,-1.060462,-1.039603
436,-1.067454,-1.026215
437,-1.075166,-1.013225
438,-1.083616,-1.000677
439,-1.092773,-0.988701
440,-1.102573,-0.977170
441,-1.113007,-0.966268
442,-1.124060,-0.955989
443,-1.135302,-0.946451
444,-1.147355,-0.937478
445,-1.159977,-0.929232
446,-1.173049,-0.921680
447,-1.186547,-0.914882
448,-1.200429,-0.908905
449,-1.214607,-0.903693
450,-1.229069,-0.899293
451,-1.243761,-0.895725
452,-1.258628,-0.893047
453,-1.273627,-0.891174
454,-1.288711,-0.890160
455,-1.303803,-0.890022
456,-1.318889,-0.890710
457,-1.333927,-0.892273
458,-1.348828,-0.894694
459,-1.363584,-0.897952
460,-1.378128,-0.902067
461,-1.392420,-0.907025
462,-1.406375,-0.912730
463,-1.420050,-0.919215
464,-1.433282,-0.926473
465,-1.446041,-0.934517
466,-1.458397,-0.943275
467,-1.470223,-0.952704
468,-1.481280,-0.962428
469,-1.491926,-0.973022
470,-1.501975,-0.984273
471,-1.511338,-0.996123
472,-1.520043,-1.008466
473,-1.528036,-1.021297
474,-1.535246,-1.034582
475,-1.541720,-1.048231
476,-1.547411,-1.062236
477,-1.552295,-1.076545
478,-1.556334,-1.091089
479,-1.559559,-1.105853
480,-1.561944,-1.120798
481,-1.563436,-1.135805
482,-1.564104,-1.150901
483,-1.563939,-1.166005
484,-1.562845,-1.181083
485,-1.560953,-1.196056
486,-1.558196,-1.210927
487,-1.554607,-1.225585
488,-1.550171,-1.240047
489,-1.544908,-1.254202
490,-1.538859,-1.268067
491,-1.532246,-1.281375
492,-1.524732,-1.294431
493,-1.516451,-1.307062
494,-1.507430,-1.319177
495,-1.497758,-1.330787
496,-1.487431,-1.341831
497,-1.476466,-1.352235
498,-1.464957,-1.362027
499,-1.452902,-1.371152
500,-1.440342,-1.379575
501,-1.427311,-1.387224
502,-1.413879,-1.394162
503,-1.400069,-1.400324
504,-1.385974,-1.405649
505,-1.371558,-1.410201
506,-1.356926,-1.413908
507,-1.342084,-1.416768
508,-1.327121,-1.418822
509,-1.312040,-1.420000
510,-1.296954,-1.420319
511,-1.281824,-1.419800
512,-1.266815,-1.418388
513,-1.251863,-1.416123
514,-1.237032,-1.413061
515,-1.222474,-1.409075
516,-1.208122,-1.404315
517,-1.194060,-1.398791
518,-1.180357,-1.392393
519,-1.167040,-1.385284
520,-1.154119,-1.377408
521,-1.141701,-1.368827
522,-1.129769,-1.359521
523,-1.118405,-1.349587
524,-1.107602,-1.338995
525,-1.097449,-1.327794
526,-1.087953,-1.316043
527,-1.079091,-1.303807
528,-1.070958,-1.291051
529,-1.063590,-1.277888
530,-1.056937,-1.264281
531,-1.051148,-1.250357
532,-1.046084,-1.236089
533,-1.041860,-1.221558
534,-1.038502,-1.206833
535,-1.035947,-1.191925
536,-1.034280,-1.176909
537,-1.033451,-1.161786
538,-1.033474,-1.146700
539,-1.034354,-1.131582
540,-1.036085,-1.116577
541,-1.038691,-1.101698
542,-1.041959,-1.087186
543,-1.046160,-1.072732
544,-1.051242,-1.058523
545,-1.057106,-1.044596
546,-1.063765,-1.031016
547,-1.071222,-1.017859
548,-1.079379,-1.005130
549,-1.088255,-0.992880
550,-1.097847,-0.981184
551,-1.108052,-0.970032
552,-1.118884,-0.959472
553,-1.130303,-0.949545
554,-1.142256,-0.940313
555,-1.154723,-0.931752
556,-1.167632,-0.923927
557,-1.181013,-0.916856
558,-1.194722,-0.910542
559,-1.208807,-0.905014
560,-1.222922,-0.900302
561,-1.237460,-0.896387
562,-1.252251,-0.893313
563,-1.267212,-0.891091
564,-1.282256,-0.889742
565,-1.297373,-0.889237
566,-1.312501,-0.889597
567,-1.327569,-0.890852
568,-1.342548,-0.892926
569,-1.357392,-0.895855
570,-1.372030,-0.899663
571,-1.386435,-0.904257
572,-1.400562,-0.909670
573,-1.414361,-0.915881
574,-1.427724,-0.922881
575,-1.440726,-0.930617
576,-1.453263,-0.939043
577,-1.465305,-0.948197
578,-1.476781,-0.958003
579,-1.487721,-0.968485
580,-1.497987,-0.979553
581,-1.507648,-0.991193
582,-1.516577,-1.003103
583,-1.524819,-1.015701
584,-1.532368,-1.028773
585,-1.539167,-1.042282
586,-1.545185,-1.056168
587,-1.550357,-1.070378
588,-1.554755,-1.084858
589,-1.558320,-1.099568
590,-1.561023,-1.114434
591,-1.562894,-1.129448
592,-1.563904,-1.144549
593,-1.564017,-1.159671
594,-1.563305,-1.174779
595,-1.561730,-1.189830
596,-1.559270,-1.204726
597,-1.556003,-1.219509
598,-1.551909,-1.234048
599,-1.546974,-1.248360
600,-1.541298,-1.262342
601,-1.534776,-1.275998
602,-1.527503,-1.289240
603,-1.519439,-1.302068
604,-1.510718,-1.314386
605,-1.501291,-1.326251
606,-1.491185,-1.337481
607,-1.480462,-1.348174
608,-1.469177,-1.358222
609,-1.457307,-1.367622
610,-1.445174,-1.376239
611,-1.432406,-1.384230
612,-1.419148,-1.391488
613,-1.405493,-1.397953
614,-1.391477,-1.403655
615,-1.377150,-1.408549
616,-1.362569,-1.412582
617,-1.347788,-1.415815
618,-1.332837,-1.418198
619,-1.317777,-1.419686
620,-1.302663,-1.420354
621,-1.287526,-1.420158
622,-1.272422,-1.419097
623,-1.257422,-1.417138
624,-1.242574,-1.414378
625,-1.227851,-1.410771
626,-1.213430,-1.406319
627,-1.199236,-1.401061
628,-1.185348,-1.395057
629,-1.171862,-1.388197
630,-1.158794,-1.380623
631,-1.146120,-1.372306
632,-1.134017,-1.363261
633,-1.122388,-1.353552
634,-1.111351,-1.343221
635,-1.100908,-1.332251
636,-1.091123,-1.320744
637,-1.081992,-1.308659
638,-1.073588,-1.296093
639,-1.065879,-1.283057
640,-1.058942,-1.269653
641,-1.052808,-1.255859
642,-1.047440,-1.241713
643,-1.042890,-1.227316
644,-1.039164,-1.212647
645,-1.036279,-1.197823
646,-1.034242,-1.182822
647,-1.033059,-1.167763
648,-1.032739,-1.152627
649,-1.033275,-1.137528
650,-1.034678,-1.122451
651,-1.036927,-1.107505
652,-1.040035,-1.092681
653,-1.043966,-1.078090
654,-1.048739,-1.063712
655,-1.054303,-1.049658
656,-1.060680,-1.035913
657,-1.067806,-1.022580
658,-1.075683,-1.009641
659,-1.084212,-0.997239
660,-1.093495,-0.985308
661,-1.103426,-0.973938
662,-1.114024,-0.963128
663,-1.125191,-0.952957
664,-1.136951,-0.943418
665,-1.149209,-0.934577
666,-1.161980,-0.926435
667,-1.175161,-0.919044
668,-1.188776,-0.912403
669,-1.202717,-0.906555
670,-1.217002,-0.901504
671,-1.231516,-0.897277
672,-1.246285,-0.893881
673,-1.261189,-0.891331
674,-1.276251,-0.889633
675,-1.291354,-0.888791
676,-1.306516,-0.888843
677,-1.321606,-0.889711
678,-1.336662,-0.891455
679,-1.351575,-0.894050
680,-1.366327,-0.897490
681,-1.380837,-0.901757
682,-1.395139,-0.906849
683,-1.409043,-0.912735
684,-1.422671,-0.919395
685,-1.435850,-0.926828
686,-1.448597,-0.935042
687,-1.460850,-0.943910
688,-1.472596,-0.953494
689,-1.483642,-0.963506
690,-1.494200,-0.974264
691,-1.504150,-0.985665
692,-1.513440,-0.997636
693,-1.522010,-1.010108
694,-1.529878,-1.023060
695,-1.536996,-1.036447
696,-1.543305,-1.050219
697,-1.548853,-1.064318
698,-1.553588,-1.078720
699,-1.557456,-1.093371
700,-1.560522,-1.108207
701,-1.562736,-1.123203
702,-1.564092,-1.138304
703,-1.564548,-1.153410
704,-1.564179,-1.168564
705,-1.562967,-1.183668
706,-1.560866,-1.198661
707,-1.557959,-1.213516
708,-1.554179,-1.228204
709,-1.549391,-1.242224
710,-1.544020,-1.256319
711,-1.537838,-1.270155
712,-1.530858,-1.283603
713,-1.523138,-1.296664
714,-1.514667,-1.309238
715,-1.505493,-1.321329
716,-1.495648,-1.332867
717,-1.485159,-1.343817
718,-1.474086,-1.354198
719,-1.462419,-1.363887
720,-1.450219,-1.372895
721,-1.437544,-1.381252
722,-1.424398,-1.388817
723,-1.410842,-1.395621
724,-1.396920,-1.401676
725,-1.382676,-1.406896
726,-1.368136,-1.411282
727,-1.353425,-1.414840
728,-1.338516,-1.417530
729,-1.323500,-1.419447
730,-1.308366,-1.420458
731,-1.293240,-1.420567
732,-1.278080,-1.419871
733,-1.263029,-1.418295
734,-1.248048,-1.415854
735,-1.233280,-1.412580
736,-1.218665,-1.408466
737,-1.204343,-1.403535
738,-1.190336,-1.397774
739,-1.176617,-1.391276
740,-1.163353,-1.383993
741,-1.150523,-1.375928
742,-1.138134,-1.367218
743,-1.126271,-1.357760
744,-1.115021,-1.347642
745,-1.104262,-1.336938
746,-1.094202,-1.325624
747,-1.084812,-1.313710
748,-1.076072,-1.301344
749,-1.068060,-1.288459
750,-1.060781,-1.275149
751,-1.054299,-1.261452
752,-1.048604,-1.247435
753,-1.043645,-1.233076
754,-1.039608,-1.218493
755,-1.036370,-1.203676
756,-1.033916,-1.188944
757,-1.032375,-1.173945
758,-1.031672,-1.158829
759,-1.031845,-1.143667
760,-1.032886,-1.128529
761,-1.034823,-1.113492
762,-1.037581,-1.098572
763,-1.041186,-1.083829
764,-1.045626,-1.069344
765,-1.050880,-1.055112
766,-1.056941,-1.041199
767,-1.063806,-1.027679
768,-1.071402,-1.014552
769,-1.079742,-1.001875
770,-1.088793,-0.989746
771,-1.098506,-0.978080
772,-1.108858,-0.967023
773,-1.119848,-0.956552
774,-1.131267,-0.946725
775,-1.143288,-0.937596
776,-1.155836,-0.929176
777,-1.168888,-0.921465
778,-1.182362,-0.914504
779,-1.196201,-0.908349
780,-1.210385,-0.902962
781,-1.224818,-0.898396
782,-1.239522,-0.894654
783,-1.254384,-0.891758
784,-1.269423,-0.889712
785,-1.284521,-0.888523
786,-1.299696,-0.888198
787,-1.314834,-0.888733
788,-1.329950,-0.890134
789,-1.344930,-0.892389
790,-1.359792,-0.895500
791,-1.374391,-0.899447
792,-1.388827,-0.904181
793,-1.402917,-0.909763
794,-1.416668,-0.916179
795,-1.430096,-0.923283
796,-1.443029,-0.931164
797,-1.455497,-0.939819
798,-1.467350,-0.948909
799,-1.478751,-0.958804
800,-1.489566,-0.969412
801,-1.499792,-0.980607
802,-1.509369,-0.992384
803,-1.518261,-1.004694
804,-1.526416,-1.017472
805,-1.533849,-1.030708
806,-1.540517,-1.044352
807,-1.546367,-1.058348
808,-1.551439,-1.072652
809,-1.555687,-1.087231
810,-1.559062,-1.102028
811,-1.561625,-1.116984
812,-1.563327,-1.132038
813,-1.564159,-1.147220
814,-1.564130,-1.162377
815,-1.563219,-1.177521
816,-1.561535,-1.192622
817,-1.558921,-1.207560
818,-1.555443,-1.222337
819,-1.551215,-1.236888
820,-1.546111,-1.251195
821,-1.540153,-1.265167
822,-1.533610,-1.278749
823,-1.526210,-1.291910
824,-1.518025,-1.304675
825,-1.509122,-1.316962
826,-1.499532,-1.328695
827,-1.489281,-1.339897
828,-1.478442,-1.350474
829,-1.466986,-1.360441
830,-1.455010,-1.369723
831,-1.442493,-1.378324
832,-1.429538,-1.386186
833,-1.416122,-1.393311
834,-1.402356,-1.399652
835,-1.388215,-1.405208
836,-1.373814,-1.409940
837,-1.359133,-1.413855
838,-1.344284,-1.416918
839,-1.329273,-1.419120
840,-1.314138,-1.420547
841,-1.298992,-1.421051
842,-1.283815,-1.420661
843,-1.268696,-1.419478
844,-1.253641,-1.417395
845,-1.238740,-1.414406
846,-1.224103,-1.410765
847,-1.209704,-1.406198
848,-1.195533,-1.400782
849,-1.181684,-1.394564
850,-1.168237,-1.387561
851,-1.155176,-1.379802
852,-1.142607,-1.371341
853,-1.130511,-1.362151
854,-1.118984,-1.352309
855,-1.108009,-1.341799
856,-1.097672,-1.330703
857,-1.087967,-1.319006
858,-1.078936,-1.306780
859,-1.070631,-1.294099
860,-1.063045,-1.280926
861,-1.056235,-1.267374
862,-1.050195,-1.253422
863,-1.044993,-1.239195
864,-1.040550,-1.224647
865,-1.036978,-1.209907
866,-1.034233,-1.194952
867,-1.032347,-1.179876
868,-1.031332,-1.164724
869,-1.031202,-1.149519
870,-1.031900,-1.134384
871,-1.033419,-1.119247
872,-1.035842,-1.104270
873,-1.039122,-1.089450
874,-1.043210,-1.074827
875,-1.048163,-1.060448
876,-1.053893,-1.046368
877,-1.060405,-1.032682
878,-1.067714,-1.019335
879,-1.075742,-1.006473
880,-1.084513,-0.994060
881,-1.093929,-0.982161
882,-1.104052,-0.970820
883,-1.114827,-0.960105
884,-1.126133,-0.949972
885,-1.138047,-0.940516
886,-1.150530,-0.931824
887,-1.163248,-0.923703
888,-1.176491,-0.916433
889,-1.190197,-0.909912
890,-1.204240,-0.904195
891,-1.218625,-0.899283
892,-1.233267,-0.895189
893,-1.248078,-0.891938
894,-1.263092,-0.889532
895,-1.278186,-0.887990
896,-1.293379,-0.887306
897,-1.308556,-0.887490
898,-1.323732,-0.888547
899,-1.338825,-0.890458
900,-1.353745,-0.893212
901,-1.368525,-0.896824
902,-1.383042,-0.901264
903,-1.397318,-0.906536
904,-1.411246,-0.912620
905,-1.424828,-0.919423
906,-1.438003,-0.927040
907,-1.450664,-0.935382
908,-1.462909,-0.944426
909,-1.474568,-0.954144
910,-1.485695,-0.964527
911,-1.496199,-0.975523
912,-1.506048,-0.987100
913,-1.515251,-0.999233
914,-1.523680,-1.011833
915,-1.531493,-1.024906
916,-1.538473,-1.038395
917,-1.544671,-1.052268
918,-1.550128,-1.066484
919,-1.554721,-1.080952
920,-1.558484,-1.095698
921,-1.561412,-1.110594
922,-1.563479,-1.125676
923,-1.564713,-1.140848
924,-1.565059,-1.156023
925,-1.564537,-1.171238
926,-1.563168,-1.186371
927,-1.560928,-1.201420
928,-1.557845,-1.216303
929,-1.553911,-1.231022
930,-1.549114,-1.245455
931,-1.543570,-1.259615
932,-1.537183,-1.273443
933,-1.530062,-1.286837
934,-1.522161,-1.299856
935,-1.513540,-1.312368
936,-1.504224,-1.324413
937,-1.494224,-1.335889
938,-1.483615,-1.346752
939,-1.472358,-1.357022
940,-1.460585,-1.366609
941,-1.448264,-1.375578
942,-1.435421,-1.383759
943,-1.422198,-1.391223
944,-1.408521,-1.397937
945,-1.394512,-1.403835
946,-1.380172,-1.408966
947,-1.365552,-1.413247
948,-1.350755,-1.416680
949,-1.335767,-1.419320
950,-1.320669,-1.421055
951,-1.305454,-1.421923
952,-1.290219,-1.421936
953,-1.275061,-1.421088
954,-1.259906,-1.419409
955,-1.244902,-1.416795
956,-1.230090,-1.413405
957,-1.215458,-1.409138
958,-1.201113,-1.404062
959,-1.187061,-1.398133
960,-1.173396,-1.391448
961,-1.160104,-1.384039
962,-1.147256,-1.375830
963,-1.134938,-1.366931
964,-1.123099,-1.357335
965,-1.111862,-1.347090
966,-1.101180,-1.336216
967,-1.091154,-1.324744
968,-1.081821,-1.312751
969,-1.073161,-1.300193
970,-1.065249,-1.287219
971,-1.058026,-1.273784
972,-1.051622,-1.259943
973,-1.046038,-1.245812
974,-1.041238,-1.231337
975,-1.037279,-1.216610
976,-1.034105,-1.202075
977,-1.031803,-1.187090
978,-1.030378,-1.171937
979,-1.029851,-1.156720
980,-1.030165,-1.141487
981,-1.031353,-1.126286
982,-1.033438,-1.111187
983,-1.036340,-1.096229
984,-1.040099,-1.081452
985,-1.044697,-1.066910
986,-1.050133,-1.052682
987,-1.056351,-1.038762
988,-1.063356,-1.025215
989,-1.071078,-1.012135
990,-1.079563,-0.999463
991,-1.088746,-0.987330
992,-1.098604,-0.975689
993,-1.109121,-0.964652
994,-1.120222,-0.954257
995,-1.131923,-0.944472
996,-1.144158,-0.935381
997,-1.156881,-0.927005
998,-1.170089,-0.919354
999,-1.183660,-0.912521
1000,-1.197644,-0.906395
1001,-1.211922,-0.901118
1002,-1.226476,-0.896590
1003,-1.241292,-0.892957
1004,-1.256247,-0.890182
1005,-1.271376,-0.888258
1006,-1.286593,-0.887175
1007,-1.301803,-0.886975
1008,-1.317046,-0.887620
1009,-1.332184,-0.889146
1010,-1.347270,-0.891530
1011,-1.362175,-0.894801
1012,-1.376822,-0.898871
1013,-1.391302,-0.903736
1014,-1.405449,-0.909477
1015,-1.418769,-0.916091
1016,-1.432165,-0.923323
1017,-1.445126,-0.931355
1018,-1.457635,-0.940108
1019,-1.469611,-0.949575
1020,-1.481040,-0.959707
1021,-1.491869,-0.970473
1022,-1.502055,-0.981845
1023,-1.511639,-0.993747
1024,-1.520470,-1.006204
1025,-1.528576,-1.019144
1026,-1.535970,-1.032516
1027,-1.542556,-1.046295
1028,-1.548368,-1.060426
1029,-1.553352,-1.074866
1030,-1.557513,-1.089569
1031,-1.560810,-1.104464
1032,-1.563260,-1.119525
1033,-1.564890,-1.134683
1034,-1.565587,-1.149927
1035,-1.565450,-1.165143
1036,-1.564465,-1.180394
1037,-1.562556,-1.195536
1038,-1.559894,-1.210502
1039,-1.556308,-1.225349
1040,-1.551880,-1.239969
1041,-1.546675,-1.254322
1042,-1.540645,-1.268301
1043,-1.533798,-1.281959
1044,-1.526223,-1.295201
1045,-1.517910,-1.307953
1046,-1.508852,-1.320266
1047,-1.499110,-1.332017
1048,-1.488754,-1.343167
1049,-1.477769,-1.353806
1050,-1.466157,-1.363719
1051,-1.454035,-1.372952
1052,-1.441384,-1.381539
1053,-1.428288,-1.389318
1054,-1.414754,-1.396407
1055,-1.400825,-1.402697
1056,-1.386582,-1.408155
1057,-1.372120,-1.412878
1058,-1.357450,-1.416708
1059,-1.342495,-1.419688
1060,-1.327414,-1.421807
1061,-1.312193,-1.423058
1062,-1.296921,-1.423445
1063,-1.281693,-1.422970
1064,-1.266474,-1.421621
1065,-1.251355,-1.419405
1066,-1.236418,-1.416331
1067,-1.221644,-1.412410
1068,-1.207157,-1.407675
1069,-1.192923,-1.402103
1070,-1.179029,-1.395728
1071,-1.165560,-1.388602
1072,-1.152476,-1.380689
1073,-1.139892,-1.372068
1074,-1.127818,-1.362711
1075,-1.116243,-1.352719
1076,-1.105311,-1.342098
1077,-1.094949,-1.330853
1078,-1.085268,-1.319034
1079,-1.076303,-1.306691
1080,-1.067979,-1.293849
1081,-1.060493,-1.280590
1082,-1.053704,-1.266882
1083,-1.047718,-1.252803
1084,-1.042575,-1.238485
1085,-1.038167,-1.223830
1086,-1.034670,-1.208936
1087,-1.032051,-1.193937
1088,-1.030231,-1.178749
1089,-1.029307,-1.163479
1090,-1.029351,-1.148191
1091,-1.030002,-1.133018
1092,-1.031659,-1.117875
1093,-1.034183,-1.102868
1094,-1.037580,-1.087967
1095,-1.041824,-1.073279
1096,-1.046876,-1.058900
1097,-1.052763,-1.044784
1098,-1.059446,-1.031026
1099,-1.066869,-1.017712
1100,-1.075072,-1.004799
1101,-1.083997,-0.992372
1102,-1.093578,-0.980510
1103,-1.103857,-0.969175
1104,-1.114767,-0.958443
1105,-1.126229,-0.948379
1106,-1.138288,-0.938953
1107,-1.150865,-0.930229
1108,-1.163860,-0.922260
1109,-1.177319,-0.914996
1110,-1.191184,-0.908508
1111,-1.205371,-0.902849
1112,-1.219877,-0.898008
1113,-1.234595,-0.893987
1114,-1.249573,-0.890820
1115,-1.264685,-0.888446
1116,-1.279867,-0.886998
1117,-1.295168,-0.886419
1118,-1.310460,-0.886684
1119,-1.325671,-0.887827
1120,-1.340858,-0.889837
1121,-1.355885,-0.892720
1122,-1.370677,-0.896431
1123,-1.385320,-0.900949
1124,-1.399634,-0.906370
1125,-1.413582,-0.912536
1126,-1.427240,-0.919482
1127,-1.440452,-0.927239
1128,-1.453133,-0.935679
1129,-1.465403,-0.944857
1130,-1.477103,-0.954744
1131,-1.488218,-0.965208
1132,-1.498724,-0.976347
1133,-1.508577,-0.988078
1134,-1.517671,-1.000128
1135,-1.526135,-1.012804
1136,-1.533865,-1.026003
1137,-1.540832,-1.039644
1138,-1.547004,-1.053635
1139,-1.552375,-1.067980
1140,-1.556919,-1.082616
1141,-1.560609,-1.097468
1142,-1.563462,-1.112515
1143,-1.565450,-1.127710
1144,-1.566550,-1.142980
1145,-1.566804,-1.158291
1146,-1.566177,-1.173601
1147,-1.564654,-1.188840
1148,-1.562315,-1.203928
1149,-1.559096,-1.218908
1150,-1.555025,-1.233685
1151,-1.550244,-1.248123
1152,-1.544580,-1.262284
1153,-1.538085,-1.276129
1154,-1.530827,-1.289553
1155,-1.522783,-1.302587
1156,-1.514009,-1.315143
1157,-1.504565,-1.327147
1158,-1.494416,-1.338628
1159,-1.483628,-1.349513
1160,-1.472283,-1.359737
1161,-1.460327,-1.369330
1162,-1.447844,-1.378226
1163,-1.434921,-1.386376
1164,-1.421505,-1.393799
1165,-1.407687,-1.400445
1166,-1.393564,-1.406282
1167,-1.379078,-1.411319
1168,-1.364265,-1.415442
1169,-1.349500,-1.418931
1170,-1.334440,-1.421450
1171,-1.319227,-1.423096
1172,-1.303982,-1.423873
1173,-1.288659,-1.423774
1174,-1.273364,-1.422801
1175,-1.258196,-1.420972
1176,-1.243107,-1.418268
1177,-1.228195,-1.414708
1178,-1.213560,-1.410327
1179,-1.199146,-1.405096
1180,-1.185053,-1.399052
1181,-1.171367,-1.392244
1182,-1.158048,-1.384638
1183,-1.145183,-1.376285
1184,-1.132852,-1.367249
1185,-1.121016,-1.357489
1186,-1.109737,-1.347081
1187,-1.099128,-1.336116
1188,-1.089123,-1.324496
1189,-1.079759,-1.312336
1190,-1.071184,-1.299694
1191,-1.063233,-1.286576
1192,-1.056104,-1.272992
1193,-1.049803,-1.259071
1194,-1.044210,-1.244792
1195,-1.039488,-1.230196
1196,-1.035582,-1.215404
1197,-1.032545,-1.200393
1198,-1.030343,-1.185207
1199,-1.029025,-1.169966
1200,-1.028616,-1.154634
1201,-1.028988,-1.139306
1202,-1.030286,-1.124072
1203,-1.032426,-1.108863
1204,-1.035451,-1.093849
1205,-1.039258,-1.079031
1206,-1.043984,-1.064420
1207,-1.049546,-1.050123
1208,-1.055821,-1.036172
1209,-1.062956,-1.022576
1210,-1.070841,-1.009407
1211,-1.079419,-0.996744
1212,-1.088740,-0.984537
1213,-1.098758,-0.972891
1214,-1.109362,-0.961887
1215,-1.120627,-0.951448
1216,-1.132483,-0.941682
1217,-1.144781,-0.932610
1218,-1.157659,-0.924251
1219,-1.170977,-0.916575
1220,-1.184689,-0.909745
1221,-1.198793,-0.903712
1222,-1.213222,-0.898427
1223,-1.227892,-0.894023
1224,-1.242803,-0.890436
1225,-1.257921,-0.887704
1226,-1.273121,-0.885860
1227,-1.288452,-0.884864
1228,-1.303805,-0.884744
1229,-1.319118,-0.885431
1230,-1.334388,-0.887090
1231,-1.349543,-0.889580
1232,-1.364496,-0.892925
1233,-1.379300,-0.897098
1234,-1.393792,-0.902142
1235,-1.407986,-0.907921
1236,-1.421847,-0.914585
1237,-1.435276,-0.922003
1238,-1.448273,-0.930121
1239,-1.460803,-0.939038
1240,-1.472781,-0.948665
1241,-1.484226,-0.958846
1242,-1.495054,-0.969757
1243,-1.505299,-0.981242
1244,-1.514781,-0.993244
1245,-1.523604,-1.005836
1246,-1.531753,-1.018895
1247,-1.539076,-1.032376
1248,-1.545622,-1.046264
1249,-1.551439,-1.060512
1250,-1.556369,-1.075037
1251,-1.560469,-1.089875
1252,-1.563765,-1.104887
1253,-1.566155,-1.120029
1254,-1.567679,-1.135346
1255,-1.568432,-1.150698
1256,-1.568225,-1.166038
1257,-1.567125,-1.181393
1258,-1.565153,-1.196665
1259,-1.562348,-1.211710
1260,-1.558734,-1.226686
1261,-1.554202,-1.241403
1262,-1.548861,-1.255796
1263,-1.542702,-1.269873
1264,-1.535807,-1.283653
1265,-1.528103,-1.296930
1266,-1.519617,-1.309790
1267,-1.510439,-1.322122
1268,-1.500647,-1.333947
1269,-1.490106,-1.345182
1270,-1.478945,-1.355778
1271,-1.467290,-1.365738
1272,-1.454998,-1.375027
1273,-1.442207,-1.383624
1274,-1.428962,-1.391447
1275,-1.415335,-1.398507
1276,-1.401263,-1.404797
1277,-1.386890,-1.410270
1278,-1.372254,-1.414915
1279,-1.357323,-1.418729
1280,-1.342232,-1.421685
1281,-1.326969,-1.423758
1282,-1.311910,-1.425062
1283,-1.296561,-1.425427
1284,-1.281212,-1.424906
1285,-1.265877,-1.423501
1286,-1.250634,-1.421216
1287,-1.235541,-1.418063
1288,-1.220685,-1.414070
1289,-1.206056,-1.409228
1290,-1.191722,-1.403554
1291,-1.177731,-1.397070
1292,-1.164163,-1.389824
1293,-1.151007,-1.381800
1294,-1.138325,-1.373033
1295,-1.126194,-1.363592
1296,-1.114613,-1.353466
1297,-1.103555,-1.342718
1298,-1.093200,-1.331357
1299,-1.083485,-1.319375
1300,-1.074439,-1.306915
1301,-1.066165,-1.293975
1302,-1.058622,-1.280523
1303,-1.051778,-1.266679
1304,-1.045818,-1.252480
1305,-1.040686,-1.238009
1306,-1.036369,-1.223195
1307,-1.032834,-1.208206
1308,-1.030222,-1.193061
1309,-1.028483,-1.177729
1310,-1.027576,-1.162318
1311,-1.027576,-1.146913
1312,-1.028452,-1.131564
1313,-1.030135,-1.116208
1314,-1.032749,-1.101043
1315,-1.036223,-1.086046
1316,-1.040558,-1.071240
1317,-1.045649,-1.056712
1318,-1.051647,-1.042503
1319,-1.058422,-1.028644
1320,-1.065947,-1.015159
1321,-1.074241,-1.002212
1322,-1.083266,-0.989700
1323,-1.092963,-0.977676
1324,-1.103339,-0.966300
1325,-1.114359,-0.955522
1326,-1.125919,-0.945360
1327,-1.138118,-0.935882
1328,-1.150808,-0.927129
1329,-1.163969,-0.919033
1330,-1.177557,-0.911783
1331,-1.191548,-0.905312
1332,-1.205855,-0.899649
1333,-1.220514,-0.894718
1334,-1.235442,-0.890708
1335,-1.250538,-0.887557
1336,-1.265739,-0.885272
1337,-1.281130,-0.883786
1338,-1.296581,-0.883244
1339,-1.311997,-0.883576
1340,-1.327331,-0.884736
1341,-1.342650,-0.886814
1342,-1.357825,-0.889772
1343,-1.372828,-0.893517
1344,-1.387479,-0.898142
1345,-1.401926,-0.903617
1346,-1.416054,-0.909891
1347,-1.429806,-0.916968
1348,-1.443032,-0.924770
1349,-1.455927,-0.933316
1350,-1.468269,-0.942642
1351,-1.480032,-0.952626
1352,-1.491182,-0.963234
1353,-1.501798,-0.974482
1354,-1.511717,-0.986351
1355,-1.520995,-0.998704
1356,-1.529470,-1.011550
1357,-1.537234,-1.024933
1358,-1.544223,-1.038740
1359,-1.550456,-1.052863
1360,-1.555815,-1.067287
1361,-1.560439,-1.082066
1362,-1.564140,-1.097097
1363,-1.566975,-1.112281
1364,-1.568943,-1.127548
1365,-1.570125,-1.142995
1366,-1.570341,-1.158479
1367,-1.569682,-1.173908
1368,-1.568155,-1.189232
1369,-1.565796,-1.204540
1370,-1.562520,-1.219676
1371,-1.558388,-1.234572
1372,-1.553567,-1.249079
1373,-1.547814,-1.263412
1374,-1.541229,-1.277416
1375,-1.533874,-1.290998
1376,-1.525739,-1.304163
1377,-1.516858,-1.316848
1378,-1.507264,-1.329010
1379,-1.497014,-1.340584
1380,-1.486117,-1.351571
1381,-1.474598,-1.361922
1382,-1.462504,-1.371600
1383,-1.449911,-1.380558
1384,-1.436809,-1.388797
1385,-1.423249,-1.396277
1386,-1.409280,-1.402972
1387,-1.395031,-1.408833
1388,-1.380406,-1.413904
1389,-1.365506,-1.418130
1390,-1.350463,-1.421550
1391,-1.335212,-1.424069
1392,-1.319816,-1.425710
1393,-1.304340,-1.426521
1394,-1.288915,-1.426410
1395,-1.273475,-1.425409
1396,-1.258090,-1.423606
1397,-1.242839,-1.420860
1398,-1.227834,-1.417267
1399,-1.213005,-1.412863
1400,-1.198439,-1.407588
1401,-1.184199,-1.401471
1402,-1.170368,-1.394625
1403,-1.156924,-1.386951
1404,-1.143930,-1.378520
1405,-1.131392,-1.369394
1406,-1.119483,-1.359574
1407,-1.108127,-1.349069
1408,-1.097325,-1.337950
1409,-1.087209,-1.326197
1410,-1.077820,-1.313937
1411,-1.069072,-1.301148
1412,-1.061091,-1.287862
1413,-1.053891,-1.274127
1414,-1.047485,-1.260197
1415,-1.041879,-1.245845
1416,-1.037094,-1.231122
1417,-1.033160,-1.216124
1418,-1.030089,-1.200916
1419,-1.027900,-1.185576
1420,-1.026562,-1.170134
1421,-1.026121,-1.154630
1422,-1.026568,-1.139119
1423,-1.027886,-1.123700
1424,-1.030086,-1.108352
1425,-1.033162,-1.093146
1426,-1.037103,-1.078137
1427,-1.041893,-1.063400
1428,-1.047490,-1.048946
1429,-1.053885,-1.034901
1430,-1.061113,-1.021166
1431,-1.069093,-1.007890
1432,-1.077767,-0.995039
1433,-1.087169,-0.982787
1434,-1.097262,-0.970985
1435,-1.108026,-0.959844
1436,-1.119419,-0.949320
1437,-1.131327,-0.939475
1438,-1.143847,-0.930285
1439,-1.156860,-0.921862
1440,-1.170303,-0.914111
1441,-1.184138,-0.907227
1442,-1.198416,-0.901120
1443,-1.212969,-0.895812
1444,-1.227830,-0.891334
1445,-1.242866,-0.887747
1446,-1.258153,-0.884956
1447,-1.273553,-0.883099
1448,-1.289038,-0.882107
1449,-1.304496,-0.881960
1450,-1.320017,-0.882729
1451,-1.335428,-0.884389
1452,-1.350759,-0.886860
1453,-1.365849,-0.890239
1454,-1.380793,-0.894506
1455,-1.395489,-0.899661
1456,-1.409808,-0.905482
1457,-1.423717,-0.912151
1458,-1.437297,-0.919661
1459,-1.450433,-0.927939
1460,-1.463079,-0.936953
1461,-1.475140,-0.946624
1462,-1.486685,-0.957021
1463,-1.497619,-0.968058
1464,-1.507908,-0.979701
1465,-1.517482,-0.991852
1466,-1.526383,-1.004590
1467,-1.534547,-1.017814
1468,-1.541945,-1.031483
1469,-1.548532,-1.045485
1470,-1.554330,-1.059910
1471,-1.559300,-1.074642
1472,-1.563423,-1.089633
1473,-1.566761,-1.104757
1474,-1.569160,-1.120125
1475,-1.570688,-1.135561
1476,-1.571331,-1.151088
1477,-1.571163,-1.166574
1478,-1.570041,-1.182053
1479,-1.568047,-1.197461
1480,-1.565168,-1.212740
1481,-1.561509,-1.227782
1482,-1.556919,-1.242612
1483,-1.551561,-1.257200
1484,-1.545321,-1.271444
1485,-1.538308,-1.285249
1486,-1.530532,-1.298690
1487,-1.521990,-1.311679
1488,-1.512693,-1.324146
1489,-1.502745,-1.336019
1490,-1.492147,-1.347371
1491,-1.480884,-1.358080
1492,-1.469046,-1.368177
1493,-1.456679,-1.377511
1494,-1.443753,-1.386131
1495,-1.430383,-1.394068
1496,-1.416556,-1.401209
1497,-1.402398,-1.407512
1498,-1.387879,-1.413055
1499,-1.373054,-1.417762
1500,-1.357971,-1.421580
1501,-1.342758,-1.424523
1502,-1.327350,-1.426591
1503,-1.311850,-1.427871
1504,-1.296291,-1.428190
1505,-1.280797,-1.427684
1506,-1.265316,-1.426235
1507,-1.249933,-1.423923
1508,-1.234686,-1.420766
1509,-1.219643,-1.416717
1510,-1.204953,-1.411827
1511,-1.190461,-1.406153
1512,-1.176327,-1.399611
1513,-1.162649,-1.392301
1514,-1.149359,-1.384100
1515,-1.136548,-1.375382
1516,-1.124287,-1.365852
1517,-1.112579,-1.355613
1518,-1.101514,-1.344759
1519,-1.091035,-1.333240
1520,-1.081229,-1.321141
1521,-1.072157,-1.308565
1522,-1.063791,-1.295428
1523,-1.056180,-1.281835
1524,-1.049356,-1.267830
1525,-1.043355,-1.253526
1526,-1.038169,-1.238834
1527,-1.033821,-1.223869
1528,-1.030333,-1.208680
1529,-1.027715,-1.193317
1530,-1.025978,-1.177895
1531,-1.025121,-1.162328
1532,-1.025057,-1.146723
1533,-1.025954,-1.131226
1534,-1.027742,-1.115786
1535,-1.030406,-1.100437
1536,-1.033946,-1.085257
1537,-1.038261,-1.070259
1538,-1.043480,-1.055633
1539,-1.049531,-1.041299
1540,-1.056390,-1.027312
1541,-1.064046,-1.013732
1542,-1.072348,-1.000662
1543,-1.081495,-0.988030
1544,-1.091274,-0.975933
1545,-1.101775,-0.964409
1546,-1.112933,-0.953516
1547,-1.124614,-0.943341
1548,-1.136879,-0.933734
1549,-1.149721,-0.924891
1550,-1.163026,-0.916737
1551,-1.176785,-0.909425
1552,-1.190839,-0.902909
1553,-1.205347,-0.897188
1554,-1.220143,-0.892236
1555,-1.235196,-0.888221
1556,-1.250437,-0.884990
1557,-1.265774,-0.882670
1558,-1.281316,-0.881247
1559,-1.296886,-0.880672
1560,-1.312477,-0.880953
1561,-1.328025,-0.882184
1562,-1.343400,-0.884291
1563,-1.358725,-0.887289
1564,-1.373863,-0.891013
1565,-1.388743,-0.895718
1566,-1.403335,-0.901270
1567,-1.417476,-0.907608
1568,-1.431340,-0.914753
1569,-1.444777,-0.922698
1570,-1.457793,-0.931344
1571,-1.470221,-0.940768
1572,-1.482052,-0.950791
1573,-1.493355,-0.961562
1574,-1.504096,-0.972917
1575,-1.514083,-0.984904
1576,-1.523406,-0.997413
1577,-1.531940,-1.010381
1578,-1.539829,-1.023873
1579,-1.546865,-1.037803
1580,-1.553131,-1.052094
1581,-1.558552,-1.066739
1582,-1.563167,-1.081525
1583,-1.566887,-1.096687
1584,-1.569786,-1.112025
1585,-1.571784,-1.127519
1586,-1.572892,-1.143110
1587,-1.573108,-1.158742
1588,-1.572451,-1.174316
1589,-1.570896,-1.189859
1590,-1.568453,-1.205297
1591,-1.565120,-1.220545
1592,-1.560970,-1.235592
1593,-1.555942,-1.250383
1594,-1.550072,-1.264869
1595,-1.543385,-1.279000
1596,-1.535985,-1.292628
1597,-1.527745,-1.305900
1598,-1.518758,-1.318691
1599,-1.509053,-1.330951
1600,-1.498709,-1.342613
1601,-1.487752,-1.353621
1602,-1.476156,-1.364125
1603,-1.463935,-1.373889
1604,-1.451223,-1.382915
1605,-1.437988,-1.391221
1606,-1.424397,-1.398777
1607,-1.410291,-1.405545
1608,-1.395819,-1.411488
1609,-1.381063,-1.416583
1610,-1.366047,-1.420934
1611,-1.350871,-1.424321
1612,-1.335430,-1.426849
1613,-1.319868,-1.428494
1614,-1.304286,-1.429314
1615,-1.288651,-1.429209
1616,-1.273132,-1.428199
1617,-1.257598,-1.426293
1618,-1.242170,-1.423587
1619,-1.226983,-1.419944
1620,-1.212011,-1.415447
1621,-1.197394,-1.410124
1622,-1.182988,-1.403991
1623,-1.168970,-1.397009
1624,-1.155421,-1.389257
1625,-1.142308,-1.380735
1626,-1.129706,-1.371593
1627,-1.117629,-1.361621
1628,-1.106140,-1.350976
1629,-1.095302,-1.339723
1630,-1.085101,-1.327866
1631,-1.075561,-1.315550
1632,-1.066765,-1.302589
1633,-1.058720,-1.289146
1634,-1.051471,-1.275306
1635,-1.045004,-1.261059
1636,-1.039293,-1.246560
1637,-1.034483,-1.231646
1638,-1.030529,-1.216483
1639,-1.027450,-1.201163
1640,-1.025237,-1.185670
1641,-1.023830,-1.170150
1642,-1.023393,-1.154483
1643,-1.023851,-1.138815
1644,-1.025196,-1.123237
1645,-1.027414,-1.107742
1646,-1.030420,-1.092461
1647,-1.034394,-1.077302
1648,-1.039228,-1.062390
1649,-1.044825,-1.047759
1650,-1.051306,-1.033493
1651,-1.058555,-1.019696
1652,-1.066604,-1.006289
1653,-1.075353,-0.993294
1654,-1.084885,-0.980849
1655,-1.095122,-0.968973
1656,-1.105956,-0.957760
1657,-1.117408,-0.947081
1658,-1.129487,-0.937103
1659,-1.142133,-0.927838
1660,-1.155294,-0.919307
1661,-1.168748,-0.911555
1662,-1.182702,-0.904571
1663,-1.197082,-0.898376
1664,-1.211815,-0.893016
1665,-1.226839,-0.888504
1666,-1.242099,-0.884856
1667,-1.257508,-0.882092
1668,-1.273061,-0.880189
1669,-1.288710,-0.879186
1670,-1.304397,-0.879080
1671,-1.320068,-0.879869
1672,-1.335627,-0.881541
1673,-1.351089,-0.884091
1674,-1.366390,-0.887529
1675,-1.381476,-0.891838
1676,-1.396204,-0.896966
1677,-1.410675,-0.902949
1678,-1.424803,-0.909733
1679,-1.438526,-0.917328
1680,-1.451850,-0.925633
1681,-1.464564,-0.934685
1682,-1.476775,-0.944486
1683,-1.488435,-0.954965
1684,-1.499527,-0.966066
1685,-1.509940,-0.977815
1686,-1.519598,-0.990072
1687,-1.528572,-1.002912
1688,-1.536897,-1.016207
1689,-1.544388,-1.029999
1690,-1.551073,-1.044204
1691,-1.556913,-1.058687
1692,-1.562011,-1.073506
1693,-1.566232,-1.088614
1694,-1.569548,-1.103953
1695,-1.571983,-1.119466
1696,-1.573524,-1.135005
1697,-1.574177,-1.150660
1698,-1.574040,-1.166347
1699,-1.572922,-1.182005
1700,-1.570907,-1.197581
1701,-1.568107,-1.212959
1702,-1.564346,-1.228174
1703,-1.559737,-1.243176
1704,-1.554266,-1.257898
1705,-1.548019,-1.272318
1706,-1.540967,-1.286270
1707,-1.533073,-1.299820
1708,-1.524446,-1.312931
1709,-1.515126,-1.325584
1710,-1.505045,-1.337644
1711,-1.494352,-1.349043
1712,-1.482986,-1.359841
1713,-1.471051,-1.370036
1714,-1.458528,-1.379538
1715,-1.445466,-1.388278
1716,-1.432003,-1.396220
1717,-1.418076,-1.403470
1718,-1.403746,-1.409893
1719,-1.389052,-1.415467
1720,-1.374057,-1.420193
1721,-1.358812,-1.424057
1722,-1.343552,-1.427083
1723,-1.327997,-1.429223
1724,-1.312326,-1.430455
1725,-1.296597,-1.430869
1726,-1.280872,-1.430318
1727,-1.265238,-1.428853
1728,-1.249703,-1.426540
1729,-1.234408,-1.423397
1730,-1.219204,-1.419335
1731,-1.204266,-1.414390
1732,-1.189670,-1.408610
1733,-1.175382,-1.402074
1734,-1.161564,-1.394740
1735,-1.148133,-1.386546
1736,-1.135179,-1.377603
1737,-1.122737,-1.368002
1738,-1.110870,-1.357694
1739,-1.099627,-1.346695
1740,-1.089086,-1.335126
1741,-1.079104,-1.322945
1742,-1.069896,-1.310205
1743,-1.061407,-1.296976
1744,-1.053699,-1.283261
1745,-1.046784,-1.269244
1746,-1.040649,-1.254734
1747,-1.035393,-1.239926
1748,-1.030957,-1.224841
1749,-1.027328,-1.209521
1750,-1.024638,-1.194003
1751,-1.022862,-1.178442
1752,-1.021977,-1.162744
1753,-1.021900,-1.147020
1754,-1.022746,-1.131295
1755,-1.024526,-1.115649
1756,-1.027185,-1.100212
1757,-1.030684,-1.084873
1758,-1.035036,-1.069753
1759,-1.040290,-1.054913
1760,-1.046391,-1.040389
1761,-1.053214,-1.026309
1762,-1.060910,-1.012580
1763,-1.069340,-0.999298
1764,-1.078548,-0.986524
1765,-1.088426,-0.974244
1766,-1.099026,-0.962572
1767,-1.110193,-0.951652
1768,-1.122021,-0.941269
1769,-1.134448,-0.931586
1770,-1.147364,-0.922553
1771,-1.160817,-0.914339
1772,-1.174706,-0.906939
1773,-1.188884,-0.900266
1774,-1.203523,-0.894422
1775,-1.218484,-0.889451
1776,-1.233708,-0.885343
1777,-1.249113,-0.882229
1778,-1.264611,-0.879726
1779,-1.280256,-0.878238
1780,-1.295988,-0.877660
1781,-1.311738,-0.877984
1782,-1.327337,-0.879202
1783,-1.342958,-0.881313
1784,-1.358436,-0.884310
1785,-1.373719,-0.888184
1786,-1.388757,-0.892922
1787,-1.403501,-0.898510
1788,-1.417804,-0.904885
1789,-1.431824,-0.912111
1790,-1.445411,-0.920123
1791,-1.458520,-0.928896
1792,-1.471108,-0.938402
1793,-1.483135,-0.948610
1794,-1.494528,-0.959362
1795,-1.505343,-0.970858
1796,-1.515471,-0.982959
1797,-1.524893,-0.995619
1798,-1.533599,-1.008710
1799,-1.541561,-1.022324
