0,1.561150,1.182450
1,1.561150,1.182450
2,1.561150,1.182450
3,1.561150,1.182450
4,1.567894,1.192676
5,1.576082,1.207568
6,1.583362,1.222927
7,1.589756,1.238676
8,1.595244,1.254764
9,1.599807,1.271137
10,1.603432,1.287744
11,1.602021,1.295677
12,1.599602,1.301696
13,1.597210,1.308419
14,1.594606,1.315174
15,1.591830,1.322324
16,1.588842,1.329896
17,1.585595,1.337920
18,1.582033,1.346431
19,1.578087,1.355471
20,1.577340,1.357276
21,1.574587,1.355402
22,1.569661,1.352401
23,1.564368,1.349512
24,1.559004,1.347009
25,1.553324,1.345250
26,1.547706,1.343696
27,1.541829,1.342631
28,1.535592,1.342072
29,1.528868,1.342023
30,1.521506,1.342473
31,1.513324,1.343383
32,1.511824,1.343622
33,1.502311,1.341489
34,1.491591,1.337419
35,1.480150,1.332817
36,1.467930,1.327659
37,1.454702,1.321690
38,1.451546,1.320266
39,1.443067,1.311425
40,1.434699,1.299745
41,1.427303,1.287921
42,1.418347,1.275328
43,1.409758,1.262052
44,1.401765,1.248802
45,1.394182,1.235988
46,1.387147,1.222978
47,1.385403,1.219716
48,1.381655,1.218966
49,1.376957,1.218137
50,1.373808,1.217613
51,1.370846,1.216928
52,1.367969,1.216039
53,1.365177,1.214943
54,1.362480,1.213646
55,1.359893,1.212156
56,1.357428,1.210480
57,1.355098,1.208628
58,1.352914,1.206610
59,1.350888,1.204437
60,1.349031,1.202121
61,1.347351,1.199674
62,1.345858,1.197108
63,1.344559,1.194437
64,1.343810,1.191547
65,1.342926,1.188728
66,1.342252,1.185847
67,1.341792,1.182920
68,1.341550,1.179961
69,1.341528,1.176986
70,1.341725,1.174009
71,1.342142,1.171048
72,1.342778,1.168116
73,1.343630,1.165230
74,1.344695,1.162404
75,1.345969,1.159653
76,1.347445,1.156991
77,1.349118,1.154434
78,1.350981,1.151994
79,1.353025,1.149684
80,1.355242,1.147518
81,1.357620,1.145507
82,1.360151,1.143662
83,1.362821,1.141995
84,1.365620,1.140514
85,1.368533,1.139230
86,1.371548,1.138150
87,1.374651,1.137280
88,1.377828,1.136629
89,1.381063,1.136200
90,1.384341,1.135998
91,1.387647,1.136027
92,1.390965,1.136289
93,1.394279,1.136784
94,1.397573,1.137514
95,1.400832,1.138477
96,1.404069,1.140043
97,1.407189,1.141467
98,1.410227,1.143114
99,1.413167,1.144979
100,1.415993,1.147056
101,1.418692,1.149337
102,1.421248,1.151816
103,1.423648,1.154482
104,1.425880,1.157326
105,1.427931,1.160337
106,1.429789,1.163503
107,1.431443,1.166812
108,1.432884,1.170251
109,1.434101,1.173805
110,1.435087,1.177462
111,1.435835,1.181204
112,1.436336,1.185018
113,1.436587,1.188886
114,1.436582,1.192793
115,1.436319,1.196722
116,1.435795,1.200656
117,1.435009,1.204577
118,1.433960,1.208469
119,1.432650,1.212315
120,1.431080,1.216096
121,1.429255,1.219796
122,1.427179,1.223399
123,1.424856,1.226887
124,1.422294,1.230243
125,1.419500,1.233453
126,1.416484,1.236500
127,1.412881,1.239341
128,1.409450,1.242000
129,1.405828,1.244455
130,1.402028,1.246692
131,1.398064,1.248698
132,1.393950,1.250462
133,1.389701,1.251973
134,1.385332,1.253222
135,1.380860,1.254200
136,1.376301,1.254899
137,1.371674,1.255314
138,1.366995,1.255438
139,1.362284,1.255267
140,1.357559,1.254799
141,1.352838,1.254030
142,1.348141,1.252961
143,1.343486,1.251591
144,1.338893,1.249922
145,1.334381,1.247958
146,1.329969,1.245701
147,1.325675,1.243158
148,1.321518,1.240334
149,1.317516,1.237238
150,1.313687,1.233877
151,1.310047,1.230262
152,1.306614,1.226403
153,1.303403,1.222314
154,1.300430,1.218006
155,1.297708,1.213493
156,1.295252,1.208791
157,1.293074,1.203916
158,1.291187,1.198884
159,1.289723,1.193360
160,1.288463,1.188073
161,1.287519,1.182684
162,1.286901,1.177212
163,1.286616,1.171677
164,1.286668,1.166101
165,1.287061,1.160502
166,1.287798,1.154903
167,1.288879,1.149325
168,1.290305,1.143788
169,1.292074,1.138314
170,1.294183,1.132925
171,1.296630,1.127641
172,1.299407,1.122484
173,1.302508,1.117474
174,1.305927,1.112631
175,1.309652,1.107975
176,1.313674,1.103527
177,1.317981,1.099303
178,1.322561,1.095324
179,1.327399,1.091605
180,1.332480,1.088164
181,1.337788,1.085015
182,1.343307,1.082175
183,1.349017,1.079656
184,1.354900,1.077471
185,1.360937,1.075632
186,1.367106,1.074149
187,1.373387,1.073030
188,1.379757,1.072285
189,1.386195,1.071919
190,1.392678,1.071937
191,1.399490,1.072556
192,1.405985,1.073366
193,1.412454,1.074566
194,1.418874,1.076157
195,1.425221,1.078137
196,1.431471,1.080502
197,1.437601,1.083249
198,1.443587,1.086370
199,1.449407,1.089858
200,1.455038,1.093704
201,1.460458,1.097898
202,1.465646,1.102427
203,1.470581,1.107280
204,1.475242,1.112441
205,1.479611,1.117895
206,1.483670,1.123626
207,1.487400,1.129614
208,1.490787,1.135842
209,1.493814,1.142290
210,1.496467,1.148935
211,1.498735,1.155758
212,1.500605,1.162734
213,1.502067,1.169841
214,1.503113,1.177055
215,1.503735,1.184351
216,1.503927,1.191703
217,1.503685,1.199088
218,1.503006,1.206478
219,1.501889,1.213848
220,1.500333,1.221171
221,1.498342,1.228422
222,1.495917,1.235574
223,1.492774,1.242836
224,1.489492,1.249703
225,1.485797,1.256395
226,1.481699,1.262887
227,1.477208,1.269153
228,1.472338,1.275170
229,1.467101,1.280915
230,1.461515,1.286367
231,1.455594,1.291502
232,1.449357,1.296302
233,1.442824,1.300746
234,1.436015,1.304817
235,1.428951,1.308497
236,1.421655,1.311771
237,1.414151,1.314624
238,1.406462,1.317043
239,1.398615,1.319016
240,1.390636,1.320534
241,1.382550,1.321587
242,1.374386,1.322168
243,1.366170,1.322272
244,1.357932,1.321895
245,1.349698,1.321035
246,1.341499,1.319691
247,1.333361,1.317865
248,1.325315,1.315559
249,1.317387,1.312778
250,1.309607,1.309527
251,1.302002,1.305816
252,1.294600,1.301653
253,1.287427,1.297050
254,1.280322,1.291697
255,1.273698,1.286247
256,1.267377,1.280401
257,1.261387,1.274175
258,1.255748,1.267589
259,1.250485,1.260663
260,1.245616,1.253417
261,1.241162,1.245876
262,1.237139,1.238062
263,1.233566,1.230000
264,1.230457,1.221717
265,1.227825,1.213240
266,1.225683,1.204595
267,1.224041,1.195812
268,1.222907,1.186920
269,1.222290,1.177948
270,1.222194,1.168927
271,1.222623,1.159886
272,1.223579,1.150857
273,1.225061,1.141870
274,1.227068,1.132957
275,1.229596,1.124148
276,1.232640,1.115473
277,1.236193,1.106963
278,1.240244,1.098648
279,1.244785,1.090557
280,1.249802,1.082720
281,1.255280,1.075163
282,1.261204,1.067914
283,1.267557,1.061001
284,1.274319,1.054448
285,1.281471,1.048278
286,1.289351,1.042431
287,1.297214,1.037109
288,1.305396,1.032236
289,1.313869,1.027832
290,1.322608,1.023914
291,1.331584,1.020498
292,1.340768,1.017599
293,1.350130,1.015229
294,1.359640,1.013398
295,1.369266,1.012118
296,1.378976,1.011393
297,1.388738,1.011230
298,1.398520,1.011632
299,1.408289,1.012602
300,1.418010,1.014138
301,1.427653,1.016238
302,1.437183,1.018899
303,1.446568,1.022113
304,1.455775,1.025874
305,1.464774,1.030171
306,1.473532,1.034992
307,1.482018,1.040324
308,1.490204,1.046152
309,1.498059,1.052458
310,1.505556,1.059223
311,1.512668,1.066428
312,1.519370,1.074049
313,1.525636,1.082064
314,1.531443,1.090446
315,1.536771,1.099171
316,1.541598,1.108210
317,1.545939,1.117906
318,1.549701,1.127487
319,1.552915,1.137293
320,1.555565,1.147290
321,1.557639,1.157447
322,1.559129,1.167730
323,1.560025,1.178106
324,1.560323,1.188540
325,1.560020,1.198998
326,1.559112,1.209444
327,1.557602,1.219844
328,1.555490,1.230163
329,1.552782,1.240366
330,1.549484,1.250418
331,1.545605,1.260285
332,1.541155,1.269933
333,1.536146,1.279329
334,1.530593,1.288441
335,1.524512,1.297237
336,1.517921,1.305687
337,1.510840,1.313760
338,1.503291,1.321429
339,1.495297,1.328666
340,1.486883,1.335445
341,1.478075,1.341742
342,1.468901,1.347534
343,1.459390,1.352799
344,1.449573,1.357519
345,1.439481,1.361675
346,1.429145,1.365250
347,1.418602,1.368232
348,1.407883,1.370608
349,1.396659,1.372291
350,1.385699,1.373416
351,1.374671,1.373913
352,1.363611,1.373775
353,1.352557,1.373001
354,1.341545,1.371591
355,1.330611,1.369547
356,1.319794,1.366873
357,1.309128,1.363576
358,1.298650,1.359666
359,1.288395,1.355152
360,1.278398,1.350048
361,1.268694,1.344368
362,1.259315,1.338130
363,1.250293,1.331352
364,1.241661,1.324054
365,1.233447,1.316260
366,1.225680,1.307993
367,1.218389,1.299279
368,1.211598,1.290146
369,1.205331,1.280622
370,1.199611,1.270738
371,1.194460,1.260525
372,1.189895,1.250016
373,1.185934,1.239245
374,1.182591,1.228246
375,1.179881,1.217056
376,1.177813,1.205711
377,1.176397,1.194248
378,1.175639,1.182704
379,1.175545,1.171118
380,1.176243,1.159177
381,1.177488,1.147623
382,1.179394,1.136141
383,1.181958,1.124769
384,1.185175,1.113546
385,1.189035,1.102510
386,1.193529,1.091696
387,1.198641,1.081143
388,1.204359,1.070884
389,1.210664,1.060956
390,1.217538,1.051391
391,1.224958,1.042222
392,1.232903,1.033481
393,1.241348,1.025198
394,1.250266,1.017402
395,1.259628,1.010118
396,1.269406,1.003374
397,1.279568,0.997192
398,1.290081,0.991595
399,1.300912,0.986602
400,1.312027,0.982231
401,1.323388,0.978499
402,1.334959,0.975420
403,1.346704,0.973004
404,1.358582,0.971263
405,1.370556,0.970203
406,1.382587,0.969830
407,1.394634,0.970147
408,1.406659,0.971153
409,1.418621,0.972849
410,1.430481,0.975229
411,1.442200,0.978287
412,1.454042,0.982233
413,1.465357,0.986627
414,1.476418,0.991667
415,1.487184,0.997337
416,1.497621,1.003621
417,1.507693,1.010501
418,1.517366,1.017953
419,1.526608,1.025956
420,1.535387,1.034485
421,1.543673,1.043511
422,1.551438,1.053007
423,1.558655,1.062943
424,1.565300,1.073287
425,1.571349,1.084005
426,1.576781,1.095064
427,1.581577,1.106427
428,1.585720,1.118059
429,1.589194,1.129921
430,1.591988,1.141975
431,1.594091,1.154181
432,1.595494,1.166500
433,1.596191,1.178893
434,1.596178,1.191317
435,1.595455,1.203733
436,1.594022,1.216099
437,1.591882,1.228375
438,1.589041,1.240521
439,1.585508,1.252497
440,1.581292,1.264262
441,1.576406,1.275778
442,1.570865,1.287007
443,1.564685,1.297911
444,1.557617,1.308714
445,1.550215,1.318858
446,1.542238,1.328571
447,1.533711,1.337821
448,1.524662,1.346577
449,1.515119,1.354809
450,1.505112,1.362489
451,1.494674,1.369591
452,1.483839,1.376091
453,1.472640,1.381967
454,1.461114,1.387198
455,1.449298,1.391766
456,1.437230,1.395655
457,1.424950,1.398851
458,1.412498,1.401343
459,1.399913,1.403121
460,1.387237,1.404178
461,1.374511,1.404510
462,1.361777,1.404115
463,1.349076,1.402993
464,1.336451,1.401146
465,1.323941,1.398579
466,1.311590,1.395300
467,1.299436,1.391318
468,1.287521,1.386645
469,1.275884,1.381296
470,1.264562,1.375287
471,1.253594,1.368637
472,1.243016,1.361367
473,1.232862,1.353498
474,1.223168,1.345058
475,1.213772,1.335752
476,1.205098,1.326243
477,1.196971,1.316249
478,1.189423,1.305800
479,1.182478,1.294930
480,1.176161,1.283675
481,1.170493,1.272069
482,1.165492,1.260152
483,1.161177,1.247961
484,1.157563,1.235535
485,1.154661,1.222916
486,1.152482,1.210143
487,1.151035,1.197259
488,1.150325,1.184306
489,1.150355,1.171325
490,1.151125,1.158360
491,1.152635,1.145451
492,1.154880,1.132643
493,1.157854,1.119976
494,1.161547,1.107491
495,1.165949,1.095231
496,1.171046,1.083235
497,1.176822,1.071543
498,1.183259,1.060193
499,1.190336,1.049222
500,1.198032,1.038668
501,1.206322,1.028563
502,1.215179,1.018943
503,1.224575,1.009839
504,1.234480,1.001281
505,1.244863,0.993297
506,1.255689,0.985915
507,1.267283,0.979057
508,1.278893,0.972955
509,1.290838,0.967521
510,1.303079,0.962774
511,1.315577,0.958731
512,1.328292,0.955406
513,1.341181,0.952809
514,1.354204,0.950951
515,1.367317,0.949837
516,1.380479,0.949473
517,1.393646,0.949859
518,1.406775,0.950996
519,1.419824,0.952880
520,1.432750,0.955507
521,1.445511,0.958867
522,1.458065,0.962951
523,1.470371,0.967745
524,1.482389,0.973236
525,1.494080,0.979405
526,1.505404,0.986233
527,1.516325,0.993699
528,1.526808,1.001778
529,1.536817,1.010445
530,1.546319,1.019672
531,1.555284,1.029429
532,1.563681,1.039685
533,1.571484,1.050407
534,1.578665,1.061560
535,1.585202,1.073109
536,1.591072,1.085016
537,1.596256,1.097242
538,1.600736,1.109749
539,1.604491,1.122867
540,1.607516,1.135810
541,1.609801,1.148910
542,1.611336,1.162122
543,1.612116,1.175406
544,1.612138,1.188716
545,1.611402,1.202011
546,1.609908,1.215247
547,1.607663,1.228380
548,1.604672,1.241368
549,1.600944,1.254169
550,1.596493,1.266741
551,1.591330,1.279042
552,1.585473,1.291034
553,1.578941,1.302675
554,1.571754,1.313930
555,1.563935,1.324759
556,1.555510,1.335129
557,1.546505,1.345005
558,1.536949,1.354355
559,1.526874,1.363148
560,1.516310,1.371355
561,1.505294,1.378949
562,1.493860,1.385905
563,1.482045,1.392200
564,1.469887,1.397814
565,1.457426,1.402728
566,1.444701,1.406925
567,1.431756,1.410391
568,1.418630,1.413115
569,1.405367,1.415088
570,1.391655,1.416245
571,1.378292,1.416700
572,1.364920,1.416395
573,1.351584,1.415329
574,1.338326,1.413504
575,1.325189,1.410927
576,1.312218,1.407605
577,1.299453,1.403548
578,1.286937,1.398770
579,1.274710,1.393285
580,1.262812,1.387111
581,1.251283,1.380267
582,1.240158,1.372777
583,1.229476,1.364663
584,1.219271,1.355951
585,1.209576,1.346671
586,1.200423,1.336850
587,1.191842,1.326522
588,1.183861,1.315720
589,1.176507,1.304478
590,1.169803,1.292833
591,1.163772,1.280823
592,1.158433,1.268485
593,1.153805,1.255861
594,1.149902,1.242991
595,1.146737,1.229917
596,1.144321,1.216681
597,1.142663,1.203326
598,1.141768,1.189895
599,1.141639,1.176432
600,1.142276,1.162982
601,1.143679,1.149586
602,1.146052,1.135996
603,1.148967,1.122859
604,1.152625,1.109906
605,1.157016,1.097180
606,1.162125,1.084722
607,1.167936,1.072572
608,1.174431,1.060771
609,1.181588,1.049357
610,1.189386,1.038366
611,1.197798,1.027835
612,1.206798,1.017799
613,1.216356,1.008289
614,1.226442,0.999337
615,1.237024,0.990972
616,1.248066,0.983222
617,1.259534,0.976112
618,1.271390,0.969665
619,1.283596,0.963903
620,1.296113,0.958843
621,1.308899,0.954504
622,1.321914,0.950900
623,1.335115,0.948041
624,1.348460,0.945939
625,1.361905,0.944599
626,1.375406,0.944026
627,1.388921,0.944224
628,1.402404,0.945190
629,1.415813,0.946923
630,1.429103,0.949416
631,1.442232,0.952662
632,1.455428,0.956840
633,1.468055,0.961529
634,1.480397,0.966930
635,1.492413,0.973026
636,1.504066,0.979798
637,1.515316,0.987223
638,1.526127,0.995278
639,1.536464,1.003938
640,1.546293,1.013173
641,1.555582,1.022955
642,1.564301,1.033252
643,1.572420,1.044031
644,1.579914,1.055256
645,1.586759,1.066891
646,1.592930,1.078900
647,1.598409,1.091242
648,1.603178,1.103878
649,1.607219,1.116767
650,1.610521,1.129868
651,1.613073,1.143138
652,1.614865,1.156533
653,1.615892,1.170011
654,1.616150,1.183527
655,1.615638,1.197038
656,1.614357,1.210501
657,1.612313,1.223870
658,1.609509,1.237104
659,1.605957,1.250158
660,1.601667,1.262991
661,1.596652,1.275560
662,1.590930,1.287826
663,1.584256,1.299962
664,1.577200,1.311468
665,1.569500,1.322557
666,1.561180,1.333191
667,1.552266,1.343336
668,1.542788,1.352958
669,1.532776,1.362027
670,1.522262,1.370513
671,1.511281,1.378388
672,1.499867,1.385626
673,1.488057,1.392203
674,1.475891,1.398098
675,1.463407,1.403292
676,1.450645,1.407768
677,1.437648,1.411511
678,1.424457,1.414508
679,1.411114,1.416749
680,1.397664,1.418228
681,1.384149,1.418939
682,1.370614,1.418879
683,1.357103,1.418049
684,1.343658,1.416451
685,1.330325,1.414090
686,1.317146,1.410974
687,1.304164,1.407112
688,1.291422,1.402516
689,1.278960,1.397203
690,1.266819,1.391187
691,1.255038,1.384490
692,1.243657,1.377132
693,1.232509,1.368884
694,1.222096,1.360352
695,1.212183,1.351240
696,1.202803,1.341576
697,1.193986,1.331393
698,1.185762,1.320721
699,1.178157,1.309597
700,1.171197,1.298055
701,1.164904,1.286134
702,1.159299,1.273871
703,1.154400,1.261307
704,1.150223,1.248482
705,1.146783,1.235438
706,1.144091,1.222217
707,1.142155,1.208862
708,1.140983,1.195416
709,1.140578,1.181922
710,1.140942,1.168425
711,1.142073,1.154969
712,1.143970,1.141597
713,1.146624,1.128352
714,1.150029,1.115277
715,1.154174,1.102416
716,1.159044,1.089809
717,1.164626,1.077499
718,1.170900,1.065524
719,1.177846,1.053924
720,1.185442,1.042736
721,1.193665,1.031998
722,1.202486,1.021743
723,1.211879,1.012006
724,1.222117,1.002686
725,1.232514,0.994103
726,1.243385,0.986124
727,1.254694,0.978776
728,1.266406,0.972081
729,1.278481,0.966064
730,1.290882,0.960743
731,1.303568,0.956135
732,1.316498,0.952257
733,1.329630,0.949120
734,1.342921,0.946736
735,1.356328,0.945111
736,1.369809,0.944253
737,1.383318,0.944163
738,1.396813,0.944843
739,1.410250,0.946290
740,1.423584,0.948500
741,1.436773,0.951466
742,1.449773,0.955178
743,1.462543,0.959625
744,1.475042,0.964792
745,1.487227,0.970663
746,1.499060,0.977220
747,1.510503,0.984440
748,1.521517,0.992301
749,1.532067,1.000777
750,1.542120,1.009841
751,1.551641,1.019465
752,1.560600,1.029615
753,1.568969,1.040261
754,1.576718,1.051367
755,1.583908,1.063109
756,1.590311,1.074902
757,1.596034,1.087044
758,1.601057,1.099494
759,1.605364,1.112214
760,1.608941,1.125160
761,1.611775,1.138293
762,1.613857,1.151568
763,1.615180,1.164944
764,1.615740,1.178375
765,1.615534,1.191820
766,1.614562,1.205235
767,1.612828,1.218574
768,1.610337,1.231797
769,1.607096,1.244858
770,1.603116,1.257716
771,1.598409,1.270330
772,1.592991,1.282657
773,1.586879,1.294659
774,1.580091,1.306295
775,1.572652,1.317528
776,1.564582,1.328321
777,1.555910,1.338639
778,1.546663,1.348448
779,1.536871,1.357717
780,1.526565,1.366415
781,1.515779,1.374513
782,1.504547,1.381986
783,1.492906,1.388808
784,1.480893,1.394957
785,1.468213,1.400464
786,1.455641,1.405196
787,1.442817,1.409208
788,1.429783,1.412483
789,1.416580,1.415012
790,1.403252,1.416785
791,1.389842,1.417796
792,1.376393,1.418043
793,1.362949,1.417523
794,1.349554,1.416238
795,1.336251,1.414192
796,1.323083,1.411392
797,1.310094,1.407846
798,1.297325,1.403565
799,1.284819,1.398563
800,1.272615,1.392856
801,1.260754,1.386462
802,1.249273,1.379402
803,1.238211,1.371699
804,1.227604,1.363376
805,1.217486,1.354462
806,1.207891,1.344985
807,1.198848,1.334975
808,1.190389,1.324464
809,1.182541,1.313487
810,1.175329,1.302080
811,1.168777,1.290278
812,1.162906,1.278120
813,1.157737,1.265646
814,1.153285,1.252896
815,1.149565,1.239911
816,1.146611,1.226399
817,1.144391,1.213133
818,1.142928,1.199760
819,1.142229,1.186323
820,1.142297,1.172865
821,1.143130,1.159430
822,1.144728,1.146061
823,1.147084,1.132803
824,1.150192,1.119698
825,1.154042,1.106788
826,1.158622,1.094117
827,1.163917,1.081724
828,1.169909,1.069651
829,1.176581,1.057936
830,1.183909,1.046618
831,1.191872,1.035734
832,1.200443,1.025319
833,1.209594,1.015407
834,1.219297,1.006030
835,1.229519,0.997220
836,1.240229,0.989004
837,1.251390,0.981411
838,1.262967,0.974463
839,1.274923,0.968185
840,1.287219,0.962597
841,1.299815,0.957717
842,1.312670,0.953562
843,1.325743,0.950144
844,1.338992,0.947476
845,1.352373,0.945566
846,1.365842,0.944421
847,1.379678,0.944135
848,1.393138,0.944517
849,1.406557,0.945665
850,1.419892,0.947575
851,1.433100,0.950241
852,1.446136,0.953656
853,1.458959,0.957808
854,1.471527,0.962685
855,1.483799,0.968270
856,1.495736,0.974545
857,1.507297,0.981491
858,1.518447,0.989086
859,1.529148,0.997304
860,1.539366,1.006120
861,1.549066,1.015504
862,1.558218,1.025427
863,1.566792,1.035857
864,1.574760,1.046759
865,1.582095,1.058100
866,1.588773,1.069841
867,1.594774,1.081945
868,1.600076,1.094373
869,1.604663,1.107085
870,1.608520,1.120039
871,1.611633,1.133193
872,1.613993,1.146505
873,1.615592,1.159932
874,1.616424,1.173430
875,1.616486,1.186956
876,1.615778,1.200465
877,1.614302,1.213913
878,1.611854,1.227545
879,1.608864,1.240720
880,1.605130,1.253705
881,1.600661,1.266458
882,1.595474,1.278939
883,1.589583,1.291105
884,1.583008,1.302918
885,1.575771,1.314340
886,1.567894,1.325332
887,1.559403,1.335860
888,1.550326,1.345888
889,1.540690,1.355386
890,1.530529,1.364320
891,1.519874,1.372663
892,1.508760,1.380386
893,1.497223,1.387466
894,1.485301,1.393878
895,1.473031,1.399602
896,1.460453,1.404619
897,1.447609,1.408912
898,1.434540,1.412468
899,1.421288,1.415274
900,1.407896,1.417322
901,1.394408,1.418605
902,1.380867,1.419118
903,1.367318,1.418859
904,1.353803,1.417829
905,1.340368,1.416032
906,1.327055,1.413473
907,1.313908,1.410160
908,1.300725,1.405865
909,1.288071,1.401096
910,1.275706,1.395614
911,1.263672,1.389436
912,1.252007,1.382583
913,1.240750,1.375075
914,1.229937,1.366938
915,1.219603,1.358198
916,1.209783,1.348882
917,1.200507,1.339021
918,1.191807,1.328647
919,1.183710,1.317794
920,1.176243,1.306496
921,1.169430,1.294789
922,1.163294,1.282713
923,1.157855,1.270305
924,1.153130,1.257607
925,1.149135,1.244658
926,1.145883,1.231502
927,1.143385,1.218181
928,1.141649,1.204737
929,1.140681,1.191215
930,1.140484,1.177659
931,1.141058,1.164111
932,1.142403,1.150617
933,1.144514,1.137221
934,1.147385,1.123964
935,1.151005,1.110891
936,1.155364,1.098044
937,1.160448,1.085465
938,1.166362,1.073020
939,1.172749,1.061204
940,1.179801,1.049770
941,1.187493,1.038753
942,1.195803,1.028189
943,1.204702,1.018114
944,1.214162,1.008560
945,1.224153,0.999558
946,1.234643,0.991138
947,1.245596,0.983328
948,1.256980,0.976152
949,1.268755,0.969635
950,1.280885,0.963797
951,1.293330,0.958659
952,1.306049,0.954237
953,1.319002,0.950545
954,1.332147,0.947596
955,1.345440,0.945400
956,1.358840,0.943965
957,1.372302,0.943294
958,1.385782,0.943390
959,1.399238,0.944254
960,1.412624,0.945883
961,1.425899,0.948272
962,1.439018,0.951413
963,1.451939,0.955297
964,1.464620,0.959911
965,1.477021,0.965239
966,1.489099,0.971266
967,1.500817,0.977972
968,1.512351,0.985597
969,1.523199,0.993559
970,1.533579,1.002128
971,1.543456,1.011275
972,1.552798,1.020972
973,1.561575,1.031186
974,1.569757,1.041886
975,1.577318,1.053036
976,1.584233,1.064601
977,1.590480,1.076543
978,1.596038,1.088823
979,1.600889,1.101401
980,1.605016,1.114238
981,1.608406,1.127291
982,1.611049,1.140518
983,1.612934,1.153876
984,1.614056,1.167322
985,1.614411,1.180813
986,1.613997,1.194303
987,1.612816,1.207751
988,1.610871,1.221111
989,1.608168,1.234341
990,1.604716,1.247398
991,1.600525,1.260239
992,1.595610,1.272822
993,1.589985,1.285107
994,1.583670,1.297054
995,1.576684,1.308624
996,1.569049,1.319778
997,1.560791,1.330482
998,1.551935,1.340699
999,1.542196,1.350535
1000,1.532263,1.359661
1001,1.521824,1.368209
1002,1.510914,1.376151
1003,1.499568,1.383459
1004,1.487822,1.390111
1005,1.475715,1.396085
1006,1.463286,1.401360
1007,1.450574,1.405920
1008,1.437622,1.409750
1009,1.424470,1.412836
1010,1.411163,1.415169
1011,1.397742,1.416741
1012,1.384252,1.417547
1013,1.370736,1.417584
1014,1.357237,1.416851
1015,1.343801,1.415351
1016,1.330469,1.413088
1017,1.317287,1.410069
1018,1.304296,1.406305
1019,1.291539,1.401807
1020,1.279056,1.396589
1021,1.266890,1.390668
1022,1.255079,1.384064
1023,1.243661,1.376797
1024,1.232674,1.368891
1025,1.222154,1.360372
1026,1.212134,1.351267
1027,1.202647,1.341605
1028,1.193725,1.331417
1029,1.185276,1.320436
1030,1.177601,1.309371
1031,1.170566,1.297886
1032,1.164195,1.286016
1033,1.158508,1.273801
1034,1.153526,1.261280
1035,1.149264,1.248493
1036,1.145736,1.235482
1037,1.142954,1.222289
1038,1.140927,1.208957
1039,1.139663,1.195529
1040,1.139164,1.182049
1041,1.139434,1.168560
1042,1.140472,1.155106
1043,1.142274,1.141731
1044,1.144834,1.128478
1045,1.148146,1.115390
1046,1.152198,1.102510
1047,1.156977,1.089880
1048,1.162468,1.077541
1049,1.168654,1.065532
1050,1.175514,1.053893
1051,1.183026,1.042662
1052,1.191167,1.031875
1053,1.199910,1.021568
1054,1.209226,1.011773
1055,1.219087,1.002524
1056,1.229459,0.993850
1057,1.240310,0.985779
1058,1.251603,0.978338
1059,1.263304,0.971550
1060,1.275730,0.965437
1061,1.288108,0.960031
1062,1.300776,0.955336
1063,1.313692,0.951370
1064,1.326815,0.948145
1065,1.340102,0.945672
1066,1.353510,0.943959
1067,1.366995,0.943011
1068,1.380515,0.942833
1069,1.394024,0.943425
1070,1.407480,0.944784
1071,1.420838,0.946908
1072,1.434055,0.949789
1073,1.447089,0.953418
1074,1.459896,0.957784
1075,1.472436,0.962872
1076,1.484667,0.968666
1077,1.496550,0.975148
1078,1.508047,0.982296
1079,1.519119,0.990088
1080,1.529731,0.998499
1081,1.539848,1.007500
1082,1.549437,1.017065
1083,1.558468,1.027160
1084,1.566910,1.037755
1085,1.574736,1.048813
1086,1.581922,1.060301
1087,1.588442,1.072180
1088,1.594276,1.084412
1089,1.599406,1.096958
1090,1.603848,1.109995
1091,1.607512,1.122909
1092,1.610435,1.136014
1093,1.612607,1.149267
1094,1.614022,1.162625
1095,1.614674,1.176044
1096,1.614561,1.189482
1097,1.613682,1.202894
1098,1.612041,1.216237
1099,1.609643,1.229468
1100,1.606495,1.242543
1101,1.602606,1.255420
1102,1.597990,1.268057
1103,1.592661,1.280414
1104,1.586636,1.292449
1105,1.579934,1.304123
1106,1.572577,1.315400
1107,1.564589,1.326241
1108,1.555994,1.336611
1109,1.546822,1.346477
1110,1.537102,1.355807
1111,1.526864,1.364570
1112,1.516142,1.372736
1113,1.504971,1.380281
1114,1.493386,1.387179
1115,1.481426,1.393407
1116,1.469128,1.398944
1117,1.456533,1.403774
1118,1.443682,1.407879
1119,1.430616,1.411247
1120,1.417038,1.413829
1121,1.403714,1.415690
1122,1.390304,1.416791
1123,1.376850,1.417126
1124,1.363397,1.416695
1125,1.349987,1.415498
1126,1.336665,1.413540
1127,1.323474,1.410826
1128,1.310456,1.407364
1129,1.297654,1.403167
1130,1.285110,1.398247
1131,1.272864,1.392619
1132,1.260957,1.386303
1133,1.249426,1.379317
1134,1.238310,1.371686
1135,1.227645,1.363432
1136,1.217465,1.354584
1137,1.207804,1.345169
1138,1.198693,1.335217
1139,1.190162,1.324762
1140,1.182239,1.313836
1141,1.174950,1.302475
1142,1.168318,1.290716
1143,1.162365,1.278597
1144,1.157111,1.266157
1145,1.152573,1.253436
1146,1.148766,1.240475
1147,1.145703,1.227317
1148,1.143393,1.214005
1149,1.141844,1.200580
1150,1.141062,1.187087
1151,1.141209,1.173247
1152,1.141965,1.159767
1153,1.143487,1.146350
1154,1.145770,1.133040
1155,1.148808,1.119879
1156,1.152590,1.106911
1157,1.157105,1.094177
1158,1.162338,1.081720
1159,1.168273,1.069578
1160,1.174890,1.057793
1161,1.182168,1.046402
1162,1.190083,1.035442
1163,1.198611,1.024949
1164,1.207723,1.014958
1165,1.217390,1.005499
1166,1.227582,0.996606
1167,1.238264,0.988306
1168,1.249402,0.980626
1169,1.260961,0.973592
1170,1.272903,0.967227
1171,1.285190,0.961550
1172,1.297781,0.956582
1173,1.310636,0.952338
1174,1.323713,0.948832
1175,1.336969,0.946076
1176,1.350363,0.944078
1177,1.363850,0.942846
1178,1.377387,0.942383
1179,1.390929,0.942692
1180,1.404434,0.943771
1181,1.418070,0.945685
1182,1.431246,0.948239
1183,1.444257,0.951540
1184,1.457062,0.955577
1185,1.469619,0.960338
1186,1.481888,0.965807
1187,1.493827,0.971967
1188,1.505399,0.978798
1189,1.516565,0.986278
1190,1.527289,0.994384
1191,1.537536,1.003089
1192,1.547273,1.012364
1193,1.556468,1.022181
1194,1.565090,1.032508
1195,1.573112,1.043310
1196,1.580508,1.054554
1197,1.587252,1.066203
1198,1.593324,1.078219
1199,1.598702,1.090563
1200,1.603370,1.103195
1201,1.607312,1.116076
1202,1.610515,1.129161
1203,1.612968,1.142410
1204,1.614663,1.155780
1205,1.615594,1.169226
1206,1.615758,1.182706
1207,1.615155,1.196176
1208,1.613786,1.209591
1209,1.611655,1.222909
1210,1.608768,1.236086
1211,1.604950,1.249367
1212,1.600602,1.262096
1213,1.595537,1.274559
1214,1.589769,1.286716
1215,1.583318,1.298527
1216,1.576203,1.309954
1217,1.568448,1.320958
1218,1.560077,1.331506
1219,1.551118,1.341562
1220,1.541600,1.351092
1221,1.531552,1.360067
1222,1.521009,1.368457
1223,1.510003,1.376235
1224,1.498570,1.383374
1225,1.486747,1.389852
1226,1.474573,1.395647
1227,1.462087,1.400741
1228,1.449329,1.405117
1229,1.436341,1.408759
1230,1.423164,1.411657
1231,1.409842,1.413800
1232,1.396417,1.415182
1233,1.382934,1.415798
1234,1.369436,1.415645
1235,1.355966,1.414723
1236,1.342568,1.413037
1237,1.329287,1.410590
1238,1.316164,1.407390
1239,1.303243,1.403449
1240,1.290566,1.398777
1241,1.278173,1.393391
1242,1.265911,1.387161
1243,1.254293,1.380476
1244,1.243072,1.373140
1245,1.232285,1.365174
1246,1.221966,1.356606
1247,1.212150,1.347462
1248,1.202869,1.337771
1249,1.194152,1.327566
1250,1.186029,1.316879
1251,1.178526,1.305744
1252,1.171668,1.294198
1253,1.165478,1.282277
1254,1.159974,1.270021
1255,1.155177,1.257469
1256,1.151101,1.244662
1257,1.147761,1.231641
1258,1.145166,1.218449
1259,1.143327,1.205127
1260,1.142249,1.191720
1261,1.141935,1.178271
1262,1.142388,1.164824
1263,1.143607,1.151421
1264,1.145586,1.138108
1265,1.148321,1.124926
1266,1.151802,1.111919
1267,1.156019,1.099129
1268,1.160958,1.086598
1269,1.166603,1.074367
1270,1.172937,1.062474
1271,1.179938,1.050960
1272,1.187847,1.039639
1273,1.196072,1.029032
1274,1.204890,1.018906
1275,1.214271,1.009298
1276,1.224186,1.000237
1277,1.234603,0.991754
1278,1.245488,0.983876
1279,1.256806,0.976629
1280,1.268521,0.970037
1281,1.280594,0.964122
1282,1.292987,0.958902
1283,1.305659,0.954396
1284,1.318569,0.950618
1285,1.331677,0.947580
1286,1.344938,0.945293
1287,1.358310,0.943765
1288,1.371750,0.943000
1289,1.385214,0.943001
1290,1.398658,0.943769
1291,1.412039,0.945302
1292,1.425314,0.947594
1293,1.438438,0.950639
1294,1.451370,0.954426
1295,1.464067,0.958944
1296,1.476489,0.964179
1297,1.488595,0.970113
1298,1.500344,0.976727
1299,1.511700,0.984001
1300,1.522626,0.991911
1301,1.533084,1.000431
1302,1.543043,1.009534
1303,1.552615,1.019504
1304,1.561457,1.029656
1305,1.569710,1.040296
1306,1.577344,1.051390
1307,1.584336,1.062903
1308,1.590662,1.074797
1309,1.596301,1.087034
1310,1.601236,1.099574
1311,1.605449,1.112377
1312,1.608927,1.125401
1313,1.611659,1.138604
1314,1.613635,1.151943
1315,1.614848,1.165375
1316,1.615295,1.178856
1317,1.614974,1.192343
1318,1.613886,1.205791
1319,1.612033,1.219158
1320,1.609423,1.232399
1321,1.606062,1.245473
1322,1.601962,1.258335
1323,1.597136,1.270945
1324,1.591600,1.283262
1325,1.585370,1.295245
1326,1.578467,1.306856
1327,1.570914,1.318056
1328,1.562735,1.328810
1329,1.553955,1.339082
1330,1.544604,1.348839
1331,1.534712,1.358049
1332,1.524310,1.366682
1333,1.513116,1.374840
1334,1.501889,1.382198
1335,1.490261,1.388909
1336,1.478266,1.394948
1337,1.465945,1.400295
1338,1.453337,1.404933
1339,1.440483,1.408847
1340,1.427424,1.412023
1341,1.414204,1.414450
1342,1.400864,1.416122
1343,1.387447,1.417031
1344,1.373999,1.417175
1345,1.360562,1.416553
1346,1.347179,1.415167
1347,1.333895,1.413021
1348,1.320752,1.410122
1349,1.307793,1.406479
1350,1.295061,1.402102
1351,1.282596,1.397008
1352,1.270440,1.391211
1353,1.258631,1.384730
1354,1.247208,1.377587
1355,1.236209,1.369803
1356,1.225669,1.361405
1357,1.215623,1.352419
1358,1.206103,1.342874
1359,1.197141,1.332801
1360,1.188765,1.322233
1361,1.181003,1.311203
1362,1.173880,1.299748
1363,1.167421,1.287904
1364,1.161607,1.275365
1365,1.156544,1.262892
1366,1.152197,1.250148
1367,1.148581,1.237176
1368,1.145710,1.224017
1369,1.143592,1.210713
1370,1.142235,1.197309
1371,1.141643,1.183846
1372,1.141818,1.170370
1373,1.142760,1.156924
1374,1.144467,1.143551
1375,1.146932,1.130294
1376,1.150148,1.117198
1377,1.154105,1.104304
1378,1.158790,1.091654
1379,1.164189,1.079290
1380,1.170284,1.067251
1381,1.177054,1.055577
1382,1.184480,1.044306
1383,1.192536,1.033474
1384,1.201196,1.023118
1385,1.210434,1.013269
1386,1.220218,1.003961
1387,1.230518,0.995224
1388,1.241299,0.987086
1389,1.252528,0.979574
1390,1.264167,0.972713
1391,1.276180,0.966524
1392,1.288527,0.961028
1393,1.301168,0.956244
1394,1.314404,0.952166
1395,1.327412,0.948855
1396,1.340589,0.946287
1397,1.353894,0.944473
1398,1.367283,0.943419
1399,1.380713,0.943129
1400,1.394140,0.943605
1401,1.407521,0.944844
1402,1.420812,0.946844
1403,1.433971,0.949597
1404,1.446953,0.953096
1405,1.459718,0.957329
1406,1.472223,0.962283
1407,1.484428,0.967941
1408,1.496293,0.974287
1409,1.507780,0.981298
1410,1.518851,0.988954
1411,1.529469,0.997229
1412,1.539602,1.006096
1413,1.549214,1.015527
1414,1.558276,1.025492
1415,1.566756,1.035959
1416,1.574629,1.046892
1417,1.581868,1.058258
1418,1.588448,1.070020
1419,1.594350,1.082138
1420,1.599553,1.094575
1421,1.604040,1.107290
1422,1.607797,1.120242
1423,1.610811,1.133388
1424,1.613072,1.146687
1425,1.614495,1.160434
1426,1.615231,1.173874
1427,1.615202,1.187338
1428,1.614406,1.200780
1429,1.612846,1.214157
1430,1.610526,1.227426
1431,1.607455,1.240543
1432,1.603641,1.253466
1433,1.599097,1.266153
1434,1.593838,1.278563
1435,1.587879,1.290655
1436,1.581241,1.302390
1437,1.573945,1.313730
1438,1.566014,1.324638
1439,1.557473,1.335078
1440,1.548351,1.345016
1441,1.538677,1.354420
1442,1.528481,1.363260
1443,1.517798,1.371506
1444,1.506661,1.379132
1445,1.495106,1.386112
1446,1.483171,1.392424
1447,1.470895,1.398048
1448,1.458317,1.402964
1449,1.445478,1.407157
1450,1.432419,1.410612
1451,1.419183,1.413320
1452,1.405813,1.415269
1453,1.392352,1.416455
1454,1.378844,1.416873
1455,1.365008,1.416427
1456,1.351622,1.415330
1457,1.338317,1.413473
1458,1.325137,1.410861
1459,1.312124,1.407503
1460,1.299321,1.403409
1461,1.286770,1.398591
1462,1.274511,1.393065
1463,1.262584,1.386850
1464,1.251029,1.379964
1465,1.239882,1.372431
1466,1.229181,1.364274
1467,1.218959,1.355519
1468,1.209251,1.346195
1469,1.200088,1.336332
1470,1.191500,1.325962
1471,1.183515,1.315117
1472,1.176159,1.303834
1473,1.169456,1.292149
1474,1.163428,1.280099
1475,1.158095,1.267724
1476,1.153475,1.255063
1477,1.149582,1.242158
1478,1.146430,1.229050
1479,1.144028,1.215782
1480,1.142385,1.202397
1481,1.141507,1.188938
1482,1.141397,1.175450
1483,1.142054,1.161975
1484,1.143477,1.148557
1485,1.145663,1.135240
1486,1.148804,1.121775
1487,1.152483,1.108812
1488,1.156893,1.096076
1489,1.162022,1.083611
1490,1.167854,1.071455
1491,1.174368,1.059650
1492,1.181546,1.048233
1493,1.189362,1.037241
1494,1.197793,1.026711
1495,1.206810,1.016677
1496,1.216386,1.007170
1497,1.226488,0.998223
1498,1.237085,0.989864
1499,1.248142,0.982121
1500,1.259623,0.975019
1501,1.271491,0.968581
1502,1.283708,0.962828
1503,1.296234,0.957780
1504,1.309029,0.953451
1505,1.322051,0.949858
1506,1.335258,0.947012
1507,1.348607,0.944921
1508,1.362055,0.943593
1509,1.375559,0.943033
1510,1.389074,0.943243
1511,1.402557,0.944221
1512,1.415963,0.945965
1513,1.429251,0.948470
1514,1.442375,0.951728
1515,1.455294,0.955727
1516,1.468223,0.960669
1517,1.480564,0.966085
1518,1.492580,0.972196
1519,1.504230,0.978981
1520,1.515476,0.986420
1521,1.526282,0.994487
1522,1.536613,1.003158
1523,1.546435,1.012405
1524,1.555716,1.022196
1525,1.564426,1.032502
1526,1.572536,1.043288
1527,1.580020,1.054519
1528,1.586853,1.066160
1529,1.593014,1.078172
1530,1.598482,1.090518
1531,1.603239,1.103155
1532,1.607269,1.116045
1533,1.610559,1.129145
1534,1.613099,1.142413
1535,1.614880,1.155805
1536,1.615896,1.169279
1537,1.616143,1.182790
1538,1.615621,1.196294
1539,1.614331,1.209749
1540,1.612277,1.223110
1541,1.609466,1.236334
1542,1.605906,1.249378
1543,1.601609,1.262199
1544,1.596589,1.274757
1545,1.590862,1.287009
1546,1.584218,1.299158
1547,1.577190,1.310621
1548,1.569519,1.321668
1549,1.561231,1.332263
1550,1.552352,1.342370
1551,1.542910,1.351957
1552,1.532937,1.360992
1553,1.522463,1.369447
1554,1.511523,1.377293
1555,1.500153,1.384504
1556,1.488388,1.391057
1557,1.476268,1.396931
1558,1.463831,1.402107
1559,1.451118,1.406567
1560,1.438169,1.410296
1561,1.425028,1.413283
1562,1.411736,1.415517
1563,1.398336,1.416991
1564,1.384872,1.417700
1565,1.371387,1.417642
1566,1.357926,1.416815
1567,1.344532,1.415224
1568,1.331249,1.412873
1569,1.318119,1.409769
1570,1.305185,1.405922
1571,1.292490,1.401345
1572,1.280074,1.396052
1573,1.267977,1.390060
1574,1.256241,1.383388
1575,1.244901,1.376058
1576,1.233996,1.368094
1577,1.223399,1.359332
1578,1.213531,1.350268
1579,1.204194,1.340655
1580,1.195417,1.330524
1581,1.187229,1.319907
1582,1.179658,1.308839
1583,1.172727,1.297356
1584,1.166461,1.285494
1585,1.160878,1.273293
1586,1.155999,1.260791
1587,1.151838,1.248029
1588,1.148411,1.235048
1589,1.145727,1.221891
1590,1.143796,1.208599
1591,1.142625,1.195217
1592,1.142218,1.181788
1593,1.142576,1.168355
1594,1.143698,1.154961
1595,1.145581,1.141651
1596,1.148220,1.128467
1597,1.151605,1.115453
1598,1.155727,1.102650
1599,1.160571,1.090100
1600,1.166123,1.077845
1601,1.172364,1.065924
1602,1.179276,1.054375
1603,1.186834,1.043237
1604,1.195016,1.032545
1605,1.203794,1.022335
1606,1.213141,1.012640
1607,1.223342,1.003340
1608,1.233707,0.994786
1609,1.244543,0.986833
1610,1.255816,0.979509
1611,1.267490,0.972838
1612,1.279527,0.966841
1613,1.291888,0.961537
1614,1.304532,0.956946
1615,1.317420,0.953081
1616,1.330509,0.949956
1617,1.343757,0.947580
1618,1.357121,0.945962
1619,1.370557,0.945107
1620,1.384022,0.945019
1621,1.397473,0.945697
1622,1.410865,0.947140
1623,1.424155,0.949343
1624,1.437300,0.952300
1625,1.450257,0.956001
1626,1.462985,0.960433
1627,1.475441,0.965584
1628,1.487586,0.971437
1629,1.499380,0.977972
1630,1.510784,0.985169
1631,1.521761,0.993004
1632,1.532276,1.001452
1633,1.542294,1.010487
1634,1.551783,1.020078
1635,1.560712,1.030196
1636,1.569052,1.040806
1637,1.576903,1.052204
1638,1.583948,1.063604
1639,1.590336,1.075388
1640,1.596045,1.087520
1641,1.601054,1.099959
1642,1.605348,1.112666
1643,1.608913,1.125599
1644,1.611735,1.138717
1645,1.613807,1.151977
1646,1.615121,1.165336
1647,1.615672,1.178750
1648,1.615458,1.192177
1649,1.614480,1.205572
1650,1.612741,1.218892
1651,1.610246,1.232094
1652,1.607003,1.245134
1653,1.603022,1.257972
1654,1.598316,1.270563
1655,1.592899,1.282869
1656,1.586790,1.294848
1657,1.580008,1.306463
1658,1.572574,1.317674
1659,1.564513,1.328445
1660,1.555850,1.338742
1661,1.546614,1.348530
1662,1.536834,1.357779
1663,1.526542,1.366456
1664,1.515771,1.374536
1665,1.504555,1.381990
1666,1.492932,1.388794
1667,1.480939,1.394927
1668,1.468260,1.400398
1669,1.455666,1.405121
1670,1.442821,1.409122
1671,1.429767,1.412385
1672,1.416546,1.414901
1673,1.403202,1.416660
1674,1.389777,1.417656
1675,1.376315,1.417887
1676,1.362860,1.417351
1677,1.349455,1.416050
1678,1.336144,1.413988
1679,1.322970,1.411171
1680,1.309976,1.407608
1681,1.297203,1.403310
1682,1.284695,1.398292
1683,1.272490,1.392569
1684,1.260630,1.386160
1685,1.249152,1.379086
1686,1.238094,1.371368
1687,1.227491,1.363032
1688,1.217379,1.354105
1689,1.207790,1.344616
1690,1.198756,1.334595
1691,1.190306,1.324075
1692,1.182467,1.313090
1693,1.175265,1.301675
1694,1.168724,1.289867
1695,1.162864,1.277704
1696,1.157706,1.265226
1697,1.153266,1.252473
1698,1.149550,1.239148
1699,1.146591,1.226053
1700,1.144380,1.212808
1701,1.142927,1.199457
1702,1.142236,1.186041
1703,1.142310,1.172606
1704,1.143148,1.159195
1705,1.144750,1.145851
1706,1.147108,1.132617
1707,1.150217,1.119537
1708,1.154066,1.106653
1709,1.158642,1.094007
1710,1.163933,1.081639
1711,1.169919,1.069592
1712,1.176583,1.057902
1713,1.183902,1.046609
1714,1.191854,1.035749
1715,1.200412,1.025358
1716,1.209550,1.015470
1717,1.219236,1.006116
1718,1.229442,0.997328
1719,1.240132,0.989133
1720,1.251273,0.981560
1721,1.262829,0.974631
1722,1.274762,0.968371
1723,1.287034,0.962800
1724,1.299605,0.957935
1725,1.312434,0.953793
1726,1.325479,0.950388
1727,1.338699,0.947730
1728,1.352051,0.945829
1729,1.365828,0.944822
1730,1.379295,0.944451
1731,1.392763,0.944848
1732,1.406189,0.946010
1733,1.419528,0.947935
1734,1.432739,0.950616
1735,1.445776,0.954046
1736,1.458600,0.958212
1737,1.471167,0.963102
1738,1.483437,0.968701
1739,1.495370,0.974989
1740,1.506927,0.981948
1741,1.518070,0.989554
1742,1.528764,0.997782
1743,1.538974,1.006608
1744,1.548666,1.016001
1745,1.557809,1.025931
1746,1.566372,1.036368
1747,1.574329,1.047276
1748,1.581653,1.058620
1749,1.588320,1.070364
1750,1.594308,1.082470
1751,1.599599,1.094899
1752,1.604174,1.107610
1753,1.608018,1.120562
1754,1.611120,1.133713
1755,1.613468,1.147021
1756,1.615055,1.160442
1757,1.615876,1.173933
1758,1.615843,1.187773
1759,1.615143,1.201196
1760,1.613681,1.214560
1761,1.611461,1.227821
1762,1.608489,1.240937
1763,1.604774,1.253864
1764,1.600329,1.266561
1765,1.595167,1.278987
1766,1.589306,1.291100
1767,1.582763,1.302861
1768,1.575561,1.314233
1769,1.567721,1.325178
1770,1.559271,1.335661
1771,1.550236,1.345647
1772,1.540645,1.355104
1773,1.530531,1.364001
1774,1.519925,1.372309
1775,1.508862,1.380001
1776,1.497377,1.387051
1777,1.485508,1.393438
1778,1.473293,1.399139
1779,1.460772,1.404136
1780,1.447985,1.408413
1781,1.434973,1.411956
1782,1.421780,1.414753
1783,1.408447,1.416795
1784,1.395017,1.418074
1785,1.381535,1.418588
1786,1.368044,1.418333
1787,1.354587,1.417310
1788,1.340881,1.415396
1789,1.327718,1.412884
1790,1.314715,1.409631
1791,1.301916,1.405641
1792,1.289362,1.400928
1793,1.277094,1.395507
1794,1.265153,1.389395
1795,1.253577,1.382612
1796,1.242404,1.375180
1797,1.231670,1.367122
1798,1.221411,1.358464
1799,1.211659,1.349235
