0,1.684330,1.445750
1,1.684330,1.445750
2,1.684330,1.445750
3,1.684330,1.445750
4,1.684330,1.445750
5,1.684330,1.445750
6,1.672082,1.445508
7,1.655173,1.443811
8,1.638394,1.441100
9,1.621795,1.437438
10,1.605432,1.432838
11,1.593441,1.436168
12,1.582225,1.441400
13,1.570664,1.446031
14,1.558917,1.450735
15,1.546863,1.455131
16,1.534458,1.459172
17,1.521654,1.462790
18,1.508406,1.465898
19,1.494672,1.468383
20,1.481452,1.460124
21,1.469749,1.449199
22,1.458461,1.438616
23,1.447482,1.427905
24,1.436839,1.416962
25,1.426749,1.405438
26,1.416786,1.393855
27,1.407186,1.381878
28,1.397985,1.369431
29,1.389248,1.356436
30,1.381074,1.342807
31,1.373603,1.328465
32,1.372038,1.311783
33,1.369637,1.295183
34,1.363781,1.278864
35,1.358634,1.261987
36,1.354373,1.244536
37,1.351524,1.226622
38,1.355597,1.210116
39,1.361490,1.194173
40,1.365909,1.177102
41,1.370101,1.159398
42,1.373051,1.142080
43,1.375460,1.125510
44,1.378703,1.110384
45,1.383049,1.096052
46,1.388456,1.082551
47,1.389928,1.079345
48,1.390238,1.078777
49,1.393390,1.078627
50,1.398155,1.079242
51,1.403032,1.080144
52,1.407892,1.081286
53,1.412709,1.082658
54,1.417471,1.084259
55,1.422166,1.086087
56,1.426784,1.088138
57,1.431314,1.090411
58,1.435747,1.092903
59,1.440071,1.095609
60,1.444276,1.098526
61,1.448352,1.101650
62,1.452289,1.104974
63,1.456078,1.108494
64,1.459358,1.112333
65,1.462812,1.116205
66,1.466090,1.120252
67,1.469183,1.124467
68,1.472082,1.128842
69,1.474777,1.133369
70,1.477262,1.138039
71,1.479529,1.142843
72,1.481569,1.147770
73,1.483377,1.152811
74,1.484945,1.157955
75,1.486267,1.163191
76,1.487337,1.168508
77,1.488151,1.173894
78,1.488704,1.179337
79,1.488991,1.184825
80,1.489010,1.190344
81,1.488756,1.195883
82,1.488229,1.201427
83,1.487426,1.206964
84,1.486345,1.212479
85,1.484988,1.217959
86,1.483353,1.223391
87,1.481443,1.228759
88,1.479258,1.234051
89,1.476802,1.239252
90,1.474076,1.244348
91,1.471086,1.249325
92,1.467835,1.254170
93,1.464329,1.258868
94,1.460574,1.263405
95,1.456577,1.267770
96,1.452312,1.271577
97,1.447878,1.275554
98,1.443226,1.279320
99,1.438367,1.282865
100,1.433310,1.286174
101,1.428067,1.289239
102,1.422649,1.292047
103,1.417067,1.294588
104,1.411336,1.296853
105,1.405469,1.298833
106,1.399479,1.300519
107,1.393380,1.301903
108,1.387189,1.302979
109,1.380921,1.303740
110,1.374590,1.304181
111,1.368215,1.304296
112,1.361811,1.304083
113,1.355395,1.303537
114,1.348985,1.302656
115,1.342598,1.301440
116,1.336251,1.299888
117,1.329963,1.298000
118,1.323751,1.295779
119,1.317634,1.293226
120,1.311628,1.290344
121,1.305752,1.287139
122,1.300024,1.283616
123,1.294460,1.279780
124,1.289078,1.275640
125,1.283895,1.271202
126,1.278928,1.266478
127,1.274564,1.261504
128,1.270073,1.256260
129,1.265843,1.250763
130,1.261888,1.245025
131,1.258223,1.239059
132,1.254861,1.232880
133,1.251815,1.226502
134,1.249097,1.219942
135,1.246717,1.213216
136,1.244687,1.206342
137,1.243014,1.199338
138,1.241709,1.192222
139,1.240777,1.185015
140,1.240227,1.177734
141,1.240062,1.170401
142,1.240288,1.163037
143,1.240908,1.155661
144,1.241923,1.148295
145,1.243335,1.140961
146,1.245144,1.133680
147,1.247349,1.126473
148,1.249946,1.119362
149,1.252932,1.112369
150,1.256302,1.105515
151,1.260051,1.098822
152,1.264170,1.092310
153,1.268651,1.086001
154,1.273485,1.079914
155,1.278661,1.074069
156,1.284166,1.068487
157,1.289989,1.063186
158,1.296114,1.058183
159,1.302405,1.053850
160,1.309065,1.049488
161,1.315977,1.045473
162,1.323126,1.041820
163,1.330492,1.038544
164,1.338056,1.035658
165,1.345797,1.033174
166,1.353693,1.031103
167,1.361723,1.029455
168,1.369864,1.028238
169,1.378092,1.027460
170,1.386384,1.027127
171,1.394716,1.027244
172,1.403064,1.027815
173,1.411401,1.028841
174,1.419704,1.030324
175,1.427947,1.032263
176,1.436105,1.034656
177,1.444153,1.037500
178,1.452065,1.040790
179,1.459818,1.044520
180,1.467385,1.048682
181,1.474743,1.053268
182,1.481868,1.058267
183,1.488737,1.063668
184,1.495326,1.069457
185,1.501614,1.075620
186,1.507579,1.082142
187,1.513200,1.089005
188,1.518458,1.096193
189,1.523333,1.103684
190,1.527809,1.111460
191,1.531558,1.119291
192,1.535200,1.127548
193,1.538398,1.136022
194,1.541138,1.144690
195,1.543407,1.153527
196,1.545195,1.162508
197,1.546492,1.171606
198,1.547292,1.180794
199,1.547588,1.190046
200,1.547374,1.199333
201,1.546649,1.208627
202,1.545410,1.217900
203,1.543658,1.227123
204,1.541393,1.236268
205,1.538619,1.245305
206,1.535342,1.254208
207,1.531566,1.262946
208,1.527301,1.271493
209,1.522556,1.279821
210,1.517342,1.287901
211,1.511671,1.295709
212,1.505559,1.303218
213,1.499020,1.310402
214,1.492071,1.317237
215,1.484732,1.323700
216,1.477023,1.329768
217,1.468964,1.335420
218,1.460577,1.340636
219,1.451888,1.345396
220,1.442920,1.349682
221,1.433699,1.353479
222,1.424253,1.356770
223,1.414890,1.359299
224,1.405093,1.361564
225,1.395156,1.363291
226,1.385107,1.364469
227,1.374977,1.365090
228,1.364797,1.365150
229,1.354597,1.364645
230,1.344410,1.363572
231,1.334266,1.361931
232,1.324199,1.359725
233,1.314239,1.356954
234,1.304419,1.353626
235,1.294770,1.349747
236,1.285322,1.345325
237,1.276107,1.340372
238,1.267155,1.334898
239,1.258495,1.328918
240,1.250157,1.322448
241,1.242167,1.315504
242,1.234553,1.308105
243,1.227342,1.300273
244,1.220557,1.292028
245,1.214224,1.283395
246,1.208364,1.274397
247,1.202998,1.265061
248,1.198146,1.255413
249,1.193826,1.245484
250,1.190056,1.235300
251,1.186849,1.224894
252,1.184219,1.214297
253,1.182178,1.203540
254,1.180926,1.192977
255,1.180064,1.182015
256,1.179811,1.170992
257,1.180174,1.159944
258,1.181154,1.148903
259,1.182753,1.137905
260,1.184968,1.126984
261,1.187797,1.116176
262,1.191233,1.105514
263,1.195269,1.095034
264,1.199895,1.084768
265,1.205101,1.074751
266,1.210873,1.065016
267,1.217195,1.055593
268,1.224050,1.046516
269,1.231421,1.037814
270,1.239286,1.029517
271,1.247623,1.021652
272,1.256408,1.014247
273,1.265616,1.007328
274,1.275220,1.000918
275,1.285191,0.995041
276,1.295501,0.989718
277,1.306118,0.984969
278,1.317009,0.980811
279,1.328143,0.977260
280,1.339486,0.974331
281,1.351001,0.972035
282,1.362654,0.970384
283,1.374409,0.969386
284,1.386229,0.969046
285,1.398076,0.969370
286,1.409555,0.970458
287,1.421339,0.972082
288,1.433039,0.974366
289,1.444620,0.977310
290,1.456043,0.980906
291,1.467271,0.985145
292,1.478269,0.990019
293,1.489000,0.995513
294,1.499429,1.001614
295,1.509522,1.008305
296,1.519245,1.015567
297,1.528565,1.023380
298,1.537452,1.031721
299,1.545875,1.040567
300,1.553805,1.049891
301,1.561214,1.059667
302,1.568079,1.069864
303,1.574373,1.080453
304,1.580074,1.091401
305,1.585163,1.102675
306,1.589619,1.114241
307,1.593427,1.126064
308,1.596571,1.138106
309,1.599039,1.150331
310,1.600819,1.162700
311,1.601904,1.175174
312,1.602287,1.187714
313,1.601965,1.200282
314,1.600934,1.212836
315,1.599196,1.225336
316,1.596753,1.237743
317,1.593574,1.249647
318,1.589770,1.261746
319,1.585286,1.273636
320,1.580130,1.285276
321,1.574317,1.296630
322,1.567862,1.307660
323,1.560783,1.318328
324,1.553101,1.328601
325,1.544838,1.338444
326,1.536018,1.347823
327,1.526667,1.356707
328,1.516812,1.365066
329,1.506484,1.372871
330,1.495714,1.380095
331,1.484534,1.386713
332,1.472978,1.392702
333,1.461082,1.398039
334,1.448884,1.402707
335,1.436420,1.406687
336,1.423729,1.409964
337,1.410852,1.412526
338,1.397829,1.414361
339,1.384701,1.415461
340,1.371509,1.415820
341,1.358295,1.415435
342,1.345103,1.414303
343,1.331973,1.412427
344,1.318948,1.409809
345,1.306071,1.406456
346,1.293382,1.402375
347,1.280923,1.397577
348,1.268736,1.392075
349,1.257225,1.385949
350,1.245691,1.379121
351,1.234542,1.371642
352,1.223816,1.363534
353,1.213549,1.354820
354,1.203774,1.345526
355,1.194525,1.335680
356,1.185832,1.325312
357,1.177727,1.314453
358,1.170236,1.303137
359,1.163385,1.291399
360,1.157198,1.279274
361,1.151698,1.266801
362,1.146903,1.254018
363,1.142832,1.240966
364,1.139499,1.227685
365,1.136918,1.214218
366,1.135099,1.200607
367,1.134050,1.186895
368,1.133777,1.173126
369,1.134282,1.159345
370,1.135568,1.145594
371,1.137630,1.131920
372,1.140467,1.118364
373,1.144069,1.104973
374,1.148428,1.091788
375,1.153532,1.078853
376,1.159367,1.066210
377,1.165916,1.053900
378,1.173160,1.041965
379,1.181078,1.030443
380,1.189519,1.019723
381,1.198681,1.009128
382,1.208436,0.999053
383,1.218759,0.989534
384,1.229618,0.980603
385,1.240978,0.972289
386,1.252806,0.964621
387,1.265063,0.957626
388,1.277713,0.951327
389,1.290714,0.945747
390,1.304027,0.940905
391,1.317608,0.936819
392,1.331416,0.933504
393,1.345406,0.930973
394,1.359534,0.929235
395,1.373754,0.928298
396,1.388021,0.928167
397,1.402290,0.928844
398,1.416514,0.930330
399,1.430647,0.932620
400,1.444643,0.935711
401,1.458459,0.939593
402,1.472047,0.944256
403,1.485365,0.949687
404,1.498368,0.955870
405,1.511014,0.962787
406,1.523262,0.970418
407,1.535071,0.978738
408,1.546402,0.987724
409,1.557217,0.997347
410,1.567481,1.007577
411,1.577160,1.018385
412,1.585914,1.029521
413,1.594347,1.041351
414,1.602105,1.053650
415,1.609161,1.066382
416,1.615491,1.079507
417,1.621073,1.092983
418,1.625887,1.106767
419,1.629917,1.120816
420,1.633147,1.135084
421,1.635566,1.149527
422,1.637165,1.164098
423,1.637936,1.178750
424,1.637875,1.193436
425,1.636981,1.208109
426,1.635256,1.222722
427,1.632702,1.237226
428,1.629328,1.251576
429,1.625141,1.265725
430,1.620155,1.279626
431,1.614384,1.293235
432,1.607844,1.306506
433,1.600556,1.319397
434,1.592542,1.331865
435,1.583827,1.343869
436,1.574436,1.355369
437,1.564400,1.366328
438,1.553750,1.376709
439,1.542518,1.386478
440,1.530741,1.395601
441,1.518455,1.404049
442,1.505699,1.411793
443,1.492513,1.418807
444,1.479220,1.424823
445,1.465325,1.430336
446,1.451128,1.435057
447,1.436675,1.438967
448,1.422012,1.442054
449,1.407185,1.444305
450,1.392244,1.445713
451,1.377235,1.446271
452,1.362207,1.445976
453,1.347208,1.444829
454,1.332288,1.442831
455,1.317494,1.439987
456,1.302875,1.436305
457,1.288478,1.431797
458,1.274349,1.426475
459,1.260536,1.420355
460,1.247082,1.413457
461,1.234033,1.405800
462,1.221430,1.397409
463,1.209316,1.388311
464,1.197729,1.378532
465,1.186709,1.368104
466,1.176292,1.357061
467,1.166512,1.345436
468,1.157401,1.333266
469,1.148991,1.320590
470,1.141308,1.307449
471,1.134380,1.293884
472,1.128229,1.279939
473,1.122877,1.265658
474,1.118341,1.251087
475,1.114831,1.236591
476,1.111943,1.221597
477,1.109907,1.206454
478,1.108733,1.191211
479,1.108427,1.175918
480,1.108990,1.160622
481,1.110422,1.145373
482,1.112719,1.130222
483,1.115874,1.115218
484,1.119879,1.100408
485,1.124721,1.085841
486,1.130386,1.071565
487,1.136857,1.057625
488,1.144113,1.044069
489,1.152132,1.030939
490,1.160888,1.018279
491,1.170355,1.006131
492,1.180502,0.994534
493,1.191297,0.983526
494,1.202706,0.973144
495,1.214693,0.963422
496,1.227219,0.954391
497,1.240245,0.946084
498,1.253729,0.938525
499,1.267627,0.931742
500,1.281895,0.925757
501,1.296487,0.920589
502,1.311357,0.916257
503,1.326456,0.912776
504,1.341736,0.910156
505,1.357147,0.908409
506,1.372640,0.907540
507,1.387807,0.907655
508,1.403304,0.908516
509,1.418735,0.910256
510,1.434048,0.912870
511,1.449195,0.916352
512,1.464126,0.920692
513,1.478793,0.925875
514,1.493147,0.931887
515,1.507143,0.938707
516,1.520734,0.946316
517,1.533876,0.954688
518,1.546526,0.963797
519,1.558643,0.973615
520,1.570187,0.984111
521,1.581120,0.995250
522,1.591406,1.006997
523,1.601011,1.019315
524,1.609904,1.032164
525,1.618055,1.045504
526,1.625438,1.059290
527,1.632027,1.073480
528,1.637801,1.088026
529,1.642740,1.102883
530,1.646828,1.118003
531,1.650051,1.133336
532,1.652397,1.148833
533,1.653859,1.164444
534,1.654432,1.180119
535,1.654111,1.195806
536,1.652899,1.211455
537,1.650798,1.227016
538,1.647815,1.242437
539,1.643955,1.257295
540,1.639273,1.272288
541,1.633746,1.286995
542,1.627388,1.301369
543,1.620221,1.315363
544,1.612268,1.328931
545,1.603552,1.342028
546,1.594103,1.354613
547,1.583950,1.366644
548,1.573126,1.378081
549,1.561665,1.388888
550,1.549604,1.399028
551,1.536982,1.408468
552,1.523840,1.417178
553,1.510220,1.425129
554,1.496165,1.432294
555,1.481721,1.438650
556,1.466935,1.444176
557,1.451854,1.448852
558,1.436527,1.452665
559,1.421003,1.455600
560,1.405334,1.457647
561,1.389569,1.458801
562,1.373759,1.459055
563,1.357957,1.458410
564,1.342212,1.456866
565,1.326577,1.454429
566,1.311101,1.451105
567,1.295836,1.446904
568,1.280831,1.441841
569,1.266135,1.435930
570,1.252167,1.429251
571,1.238267,1.421749
572,1.224812,1.413469
573,1.211846,1.404435
574,1.199412,1.394675
575,1.187550,1.384220
576,1.176299,1.373104
577,1.165695,1.361364
578,1.155775,1.349035
579,1.146569,1.336159
580,1.138109,1.322777
581,1.130421,1.308931
582,1.123533,1.294667
583,1.117465,1.280031
584,1.112239,1.265069
585,1.107872,1.249830
586,1.104378,1.234364
587,1.101768,1.218720
588,1.100053,1.202949
589,1.099238,1.187103
590,1.099326,1.171232
591,1.100317,1.155388
592,1.102209,1.139623
593,1.104995,1.123987
594,1.108667,1.108532
595,1.113214,1.093307
596,1.118621,1.078363
597,1.124871,1.063747
598,1.131944,1.049508
599,1.139817,1.035691
600,1.148466,1.022341
601,1.157863,1.009503
602,1.167811,0.997562
603,1.178571,0.985865
604,1.189981,0.974797
605,1.202005,0.964393
606,1.214605,0.954689
607,1.227739,0.945716
608,1.241365,0.937502
609,1.255440,0.930076
610,1.269917,0.923462
611,1.284750,0.917681
612,1.299891,0.912753
613,1.315291,0.908694
614,1.330901,0.905517
615,1.346668,0.903233
616,1.362544,0.901850
617,1.378475,0.901372
618,1.394411,0.901803
619,1.410299,0.903139
620,1.426088,0.905379
621,1.441728,0.908514
622,1.457166,0.912534
623,1.472353,0.917428
624,1.487239,0.923180
625,1.501777,0.929770
626,1.515918,0.937178
627,1.529618,0.945381
628,1.542830,0.954352
629,1.555513,0.964062
630,1.567624,0.974480
631,1.579124,0.985572
632,1.589638,0.997084
633,1.599779,1.009352
634,1.609208,1.022179
635,1.617893,1.035524
636,1.625806,1.049345
637,1.632921,1.063596
638,1.639215,1.078233
639,1.644667,1.093206
640,1.649258,1.108469
641,1.652974,1.123971
642,1.655803,1.139662
643,1.657734,1.155492
644,1.658761,1.171409
645,1.658881,1.187362
646,1.658092,1.203299
647,1.656397,1.219168
648,1.653802,1.234917
649,1.650313,1.250496
650,1.645943,1.265854
651,1.640704,1.280941
652,1.634615,1.295708
653,1.627693,1.310107
654,1.619962,1.324090
655,1.611446,1.337614
656,1.602172,1.350632
657,1.592171,1.363104
658,1.581475,1.374989
659,1.570117,1.386247
660,1.558135,1.396842
661,1.545567,1.406739
662,1.532455,1.415906
663,1.519120,1.424029
664,1.505100,1.431648
665,1.490667,1.438459
666,1.475866,1.444438
667,1.460746,1.449566
668,1.445357,1.453826
669,1.429747,1.457204
670,1.413967,1.459688
671,1.398069,1.461270
672,1.382104,1.461945
673,1.366124,1.461710
674,1.350180,1.460566
675,1.334324,1.458516
676,1.318609,1.455565
677,1.303084,1.451725
678,1.287800,1.447006
679,1.272808,1.441424
680,1.258155,1.434997
681,1.243890,1.427745
682,1.230058,1.419691
683,1.216705,1.410862
684,1.203875,1.401285
685,1.191608,1.390992
686,1.179946,1.380016
687,1.168926,1.368392
688,1.158584,1.356157
689,1.148953,1.343352
690,1.140066,1.330017
691,1.131951,1.316197
692,1.124635,1.301934
693,1.118395,1.287589
694,1.112775,1.272682
695,1.108010,1.257477
696,1.104117,1.242022
697,1.101109,1.226368
698,1.098997,1.210565
699,1.097787,1.194663
700,1.097484,1.178716
701,1.098089,1.162774
702,1.099601,1.146889
703,1.102015,1.131114
704,1.105323,1.115498
705,1.109516,1.100092
706,1.114579,1.084948
707,1.120498,1.070113
708,1.127252,1.055637
709,1.134821,1.041566
710,1.143180,1.027946
711,1.152302,1.014822
712,1.162158,1.002236
713,1.172717,0.990229
714,1.183943,0.978841
715,1.195802,0.968109
716,1.208254,0.958067
717,1.221261,0.948748
718,1.234778,0.940184
719,1.248764,0.932401
720,1.263172,0.925427
721,1.277956,0.919282
722,1.293069,0.913988
723,1.308461,0.909563
724,1.323722,0.906201
725,1.339462,0.903540
726,1.355330,0.901779
727,1.371276,0.900923
728,1.387247,0.900977
729,1.403193,0.901939
730,1.419061,0.903808
731,1.434800,0.906577
732,1.450358,0.910238
733,1.465685,0.914780
734,1.480732,0.920188
735,1.495450,0.926444
736,1.509789,0.933530
737,1.523705,0.941421
738,1.537151,0.950093
739,1.550084,0.959518
740,1.562462,0.969666
741,1.574244,0.980504
742,1.585392,0.991996
743,1.595869,1.004107
744,1.605642,1.016796
745,1.614678,1.030023
746,1.622947,1.043745
747,1.630423,1.057918
748,1.637082,1.072495
749,1.642900,1.087431
750,1.647860,1.102676
751,1.651945,1.118180
752,1.655141,1.133895
753,1.657437,1.149768
754,1.658826,1.165749
755,1.659162,1.181314
756,1.658729,1.197217
757,1.657392,1.213074
758,1.655154,1.228832
759,1.652023,1.244441
760,1.648007,1.259850
761,1.643120,1.275009
762,1.637377,1.289869
763,1.630796,1.304381
764,1.623399,1.318498
765,1.615208,1.332174
766,1.606250,1.345365
767,1.596554,1.358028
768,1.586151,1.370121
769,1.575074,1.381604
770,1.563360,1.392441
771,1.551045,1.402596
772,1.538169,1.412035
773,1.524775,1.420728
774,1.510904,1.428647
775,1.496603,1.435764
776,1.481916,1.442057
777,1.466893,1.447506
778,1.451581,1.452091
779,1.436029,1.455798
780,1.420289,1.458615
781,1.404411,1.460531
782,1.388447,1.461541
783,1.372448,1.461641
784,1.356467,1.460830
785,1.340943,1.459049
786,1.325223,1.456454
787,1.309672,1.452969
788,1.294342,1.448605
789,1.279281,1.443373
790,1.264540,1.437292
791,1.250165,1.430381
792,1.236203,1.422661
793,1.222701,1.414157
794,1.209702,1.404896
795,1.197248,1.394909
796,1.185381,1.384227
797,1.174138,1.372884
798,1.163557,1.360918
799,1.153672,1.348366
800,1.144516,1.335270
801,1.136118,1.321671
802,1.128506,1.307613
803,1.121706,1.293142
804,1.115739,1.278305
805,1.110624,1.263149
806,1.106381,1.247724
807,1.103021,1.232080
808,1.100556,1.216266
809,1.098996,1.200336
810,1.098344,1.184339
811,1.098605,1.168328
812,1.099776,1.152355
813,1.101855,1.136472
814,1.104835,1.120730
815,1.108707,1.105181
816,1.113440,1.090272
817,1.119015,1.075318
818,1.125431,1.060702
819,1.132671,1.046471
820,1.140710,1.032673
821,1.149523,1.019352
822,1.159083,1.006552
823,1.169357,0.994314
824,1.180313,0.982678
825,1.191916,0.971682
826,1.204128,0.961362
827,1.216911,0.951753
828,1.230222,0.942885
829,1.244019,0.934787
830,1.258257,0.927486
831,1.272890,0.921006
832,1.287871,0.915368
833,1.303152,0.910592
834,1.318683,0.906692
835,1.334413,0.903681
836,1.350292,0.901571
837,1.366268,0.900368
838,1.382289,0.900075
839,1.398304,0.900696
840,1.414261,0.902227
841,1.430107,0.904664
842,1.445791,0.908000
843,1.461262,0.912224
844,1.476471,0.917323
845,1.491367,0.923280
846,1.505903,0.930076
847,1.519640,0.937592
848,1.533269,0.945949
849,1.546403,0.955068
850,1.558999,0.964922
851,1.571016,0.975479
852,1.582415,0.986705
853,1.593159,0.998564
854,1.603212,1.011017
855,1.612542,1.024025
856,1.621118,1.037545
857,1.628912,1.051534
858,1.635899,1.065947
859,1.642055,1.080736
860,1.647360,1.095855
861,1.651797,1.111254
862,1.655351,1.126883
863,1.658010,1.142692
864,1.659765,1.158630
865,1.660611,1.174644
866,1.660543,1.190683
867,1.659563,1.206695
868,1.657672,1.222628
869,1.654877,1.238430
870,1.651186,1.254050
871,1.646612,1.269437
872,1.641168,1.284541
873,1.634872,1.299313
874,1.627745,1.313705
875,1.619808,1.327670
876,1.611088,1.341163
877,1.601613,1.354139
878,1.591583,1.366209
879,1.580732,1.378028
880,1.569226,1.389212
881,1.557099,1.399725
882,1.544391,1.409532
883,1.531144,1.418602
884,1.517399,1.426903
885,1.503202,1.434411
886,1.488599,1.441099
887,1.473636,1.446945
888,1.458362,1.451932
889,1.442827,1.456041
890,1.427081,1.459260
891,1.411174,1.461578
892,1.395159,1.462986
893,1.379088,1.463481
894,1.363011,1.463060
895,1.346983,1.461724
896,1.331055,1.459478
897,1.315278,1.456328
898,1.299703,1.452285
899,1.284382,1.447360
900,1.269364,1.441571
901,1.254698,1.434935
902,1.240431,1.427474
903,1.226611,1.419212
904,1.213282,1.410175
905,1.200486,1.400393
906,1.188267,1.389897
907,1.176664,1.378721
908,1.166046,1.367123
909,1.155792,1.354746
910,1.146258,1.341805
911,1.137474,1.328339
912,1.129470,1.314394
913,1.122272,1.300013
914,1.115903,1.285244
915,1.110384,1.270133
916,1.105734,1.254731
917,1.101968,1.239087
918,1.099097,1.223252
919,1.097133,1.207276
920,1.096081,1.191213
921,1.095946,1.175113
922,1.096727,1.159029
923,1.098423,1.143014
924,1.101028,1.127119
925,1.104534,1.111396
926,1.108930,1.095896
927,1.114202,1.080670
928,1.120334,1.065766
929,1.127304,1.051234
930,1.135092,1.037120
931,1.143672,1.023471
932,1.153016,1.010331
933,1.163094,0.997743
934,1.173874,0.985747
935,1.185321,0.974383
936,1.197398,0.963688
937,1.210066,0.953696
938,1.222959,0.944826
939,1.236559,0.936418
940,1.250618,0.928797
941,1.265091,0.921986
942,1.279932,0.916008
943,1.295092,0.910884
944,1.310522,0.906630
945,1.326173,0.903260
946,1.341993,0.900785
947,1.357932,0.899215
948,1.373938,0.898554
949,1.389958,0.898805
950,1.405942,0.899968
951,1.421836,0.902039
952,1.437590,0.905012
953,1.453153,0.908877
954,1.468473,0.913623
955,1.483501,0.919234
956,1.498188,0.925692
957,1.512486,0.932978
958,1.526350,0.941066
959,1.539732,0.949933
960,1.552591,0.959548
961,1.564884,0.969881
962,1.576571,0.980900
963,1.587614,0.992568
964,1.597976,1.004847
965,1.607625,1.017699
966,1.616528,1.031081
967,1.624656,1.044951
968,1.631721,1.058965
969,1.638220,1.073613
970,1.643877,1.088610
971,1.648672,1.103908
972,1.652590,1.119456
973,1.655617,1.135206
974,1.657743,1.151105
975,1.658960,1.167103
976,1.659266,1.183147
977,1.658658,1.199185
978,1.657137,1.215166
979,1.654710,1.231038
980,1.651382,1.246748
981,1.647164,1.262246
982,1.642071,1.277482
983,1.636117,1.292405
984,1.629322,1.306969
985,1.621709,1.321124
986,1.613300,1.334826
987,1.604123,1.348028
988,1.594209,1.360690
989,1.583588,1.372768
990,1.572294,1.384224
991,1.560365,1.395021
992,1.547839,1.405123
993,1.534756,1.414496
994,1.521158,1.423112
995,1.507090,1.430940
996,1.492596,1.437956
997,1.477725,1.444137
998,1.462523,1.449462
999,1.447385,1.453719
1000,1.431718,1.457300
1001,1.415870,1.459985
1002,1.399892,1.461763
1003,1.383836,1.462629
1004,1.367754,1.462580
1005,1.351698,1.461616
1006,1.335720,1.459738
1007,1.319873,1.456954
1008,1.304207,1.453272
1009,1.288774,1.448703
1010,1.273623,1.443263
1011,1.258804,1.436967
1012,1.244365,1.429838
1013,1.230354,1.421896
1014,1.216815,1.413169
1015,1.203793,1.403684
1016,1.191329,1.393471
1017,1.179466,1.382563
1018,1.168241,1.370996
1019,1.157691,1.358808
1020,1.147851,1.346036
1021,1.138752,1.332723
1022,1.130425,1.318912
1023,1.122897,1.304647
1024,1.116191,1.289974
1025,1.110331,1.274942
1026,1.105336,1.259598
1027,1.101222,1.243992
1028,1.098002,1.228176
1029,1.095844,1.212573
1030,1.094437,1.196576
1031,1.093942,1.180523
1032,1.094360,1.164464
1033,1.095693,1.148453
1034,1.097935,1.132540
1035,1.101080,1.116777
1036,1.105117,1.101217
1037,1.110034,1.085908
1038,1.115816,1.070902
1039,1.122444,1.056246
1040,1.129897,1.041989
1041,1.138150,1.028177
1042,1.147178,1.014854
1043,1.156951,1.002065
1044,1.167437,0.989851
1045,1.178604,0.978252
1046,1.190416,0.967305
1047,1.202833,0.957047
1048,1.215816,0.947510
1049,1.229323,0.938727
1050,1.243310,0.930725
1051,1.257732,0.923531
1052,1.272543,0.917169
1053,1.287694,0.911660
1054,1.303137,0.907021
1055,1.318821,0.903268
1056,1.334696,0.900414
1057,1.350710,0.898467
1058,1.366811,0.897436
1059,1.382947,0.897322
1060,1.398686,0.898197
1061,1.414711,0.899886
1062,1.430617,0.902483
1063,1.446352,0.905982
1064,1.461864,0.910372
1065,1.477103,0.915639
1066,1.492020,0.921765
1067,1.506567,0.928732
1068,1.520696,0.936517
1069,1.534360,0.945094
1070,1.547516,0.954437
1071,1.560121,0.964516
1072,1.572133,0.975297
1073,1.583514,0.986746
1074,1.594226,0.998826
1075,1.604234,1.011498
1076,1.613506,1.024721
1077,1.622012,1.038452
1078,1.629723,1.052647
1079,1.636614,1.067261
1080,1.642664,1.082245
1081,1.647851,1.097551
1082,1.652158,1.113129
1083,1.655573,1.128930
1084,1.658082,1.144902
1085,1.659679,1.160992
1086,1.660357,1.177150
1087,1.660114,1.193322
1088,1.658950,1.209456
1089,1.656870,1.225499
1090,1.653843,1.240905
1091,1.649984,1.256473
1092,1.645245,1.271800
1093,1.639640,1.286836
1094,1.633187,1.301532
1095,1.625907,1.315839
1096,1.617822,1.329712
1097,1.608960,1.343106
1098,1.599347,1.355976
1099,1.589016,1.368280
1100,1.577999,1.379979
1101,1.566331,1.391034
1102,1.554051,1.401410
1103,1.541197,1.411071
1104,1.527812,1.419987
1105,1.513939,1.428129
1106,1.499622,1.435469
1107,1.484908,1.441983
1108,1.469844,1.447651
1109,1.454478,1.452453
1110,1.438862,1.456374
1111,1.423045,1.459399
1112,1.407078,1.461520
1113,1.391014,1.462729
1114,1.374904,1.463022
1115,1.358800,1.462397
1116,1.342756,1.460857
1117,1.326822,1.458405
1118,1.311051,1.455050
1119,1.295494,1.450802
1120,1.280596,1.445705
1121,1.265658,1.439755
1122,1.251079,1.432965
1123,1.236908,1.425354
1124,1.223190,1.416948
1125,1.209971,1.407773
1126,1.197292,1.397858
1127,1.185196,1.387236
1128,1.173723,1.375941
1129,1.162908,1.364008
1130,1.152789,1.351478
1131,1.143397,1.338389
1132,1.134764,1.324784
1133,1.126918,1.310708
1134,1.119885,1.296205
1135,1.113688,1.281323
1136,1.108346,1.266110
1137,1.103879,1.250614
1138,1.100300,1.234887
1139,1.097622,1.218979
1140,1.095853,1.202942
1141,1.095000,1.186827
1142,1.095065,1.170687
1143,1.096049,1.154574
1144,1.097950,1.138541
1145,1.100760,1.122640
1146,1.104471,1.106922
1147,1.109072,1.091438
1148,1.114547,1.076239
1149,1.120880,1.061374
1150,1.128050,1.046891
1151,1.135926,1.033205
1152,1.144658,1.019629
1153,1.154150,1.006570
1154,1.164372,0.994070
1155,1.175291,0.982170
1156,1.186870,0.970910
1157,1.199074,0.960325
1158,1.211863,0.950451
1159,1.225195,0.941319
1160,1.239028,0.932960
1161,1.253315,0.925400
1162,1.268013,0.918666
1163,1.283072,0.912777
1164,1.298444,0.907755
1165,1.314079,0.903616
1166,1.329927,0.900373
1167,1.345936,0.898037
1168,1.362054,0.896616
1169,1.378229,0.896114
1170,1.394409,0.896535
1171,1.410541,0.897876
1172,1.426572,0.900133
1173,1.442452,0.903300
1174,1.458127,0.907367
1175,1.473547,0.912319
1176,1.488663,0.918143
1177,1.503424,0.924818
1178,1.517783,0.932324
1179,1.531693,0.940636
1180,1.545109,0.949728
1181,1.557532,0.959380
1182,1.569725,0.969850
1183,1.581304,0.980999
1184,1.592234,0.992792
1185,1.602476,1.005190
1186,1.611998,1.018154
1187,1.620769,1.031641
1188,1.628760,1.045609
1189,1.635944,1.060012
1190,1.642299,1.074803
1191,1.647802,1.089935
1192,1.652436,1.105358
1193,1.656186,1.121024
1194,1.659039,1.136881
1195,1.660985,1.152877
1196,1.662017,1.168961
1197,1.662133,1.185081
1198,1.661330,1.201185
1199,1.659613,1.217220
1200,1.656984,1.233134
1201,1.653454,1.248875
1202,1.649033,1.264393
1203,1.643735,1.279637
1204,1.637576,1.294557
1205,1.630577,1.309105
1206,1.622760,1.323233
1207,1.614150,1.336897
1208,1.604775,1.350050
1209,1.594664,1.362650
1210,1.583851,1.374657
1211,1.572575,1.385693
1212,1.560517,1.396381
1213,1.547869,1.406367
1214,1.534670,1.415619
1215,1.520964,1.424107
1216,1.506794,1.431802
1217,1.492207,1.438680
1218,1.477249,1.444718
1219,1.461968,1.449895
1220,1.446415,1.454195
1221,1.430640,1.457603
1222,1.414693,1.460109
1223,1.398627,1.461702
1224,1.382493,1.462380
1225,1.366344,1.462137
1226,1.350232,1.460976
1227,1.334209,1.458899
1228,1.318329,1.455913
1229,1.302641,1.452027
1230,1.287197,1.447254
1231,1.272048,1.441608
1232,1.257242,1.435108
1233,1.242827,1.427775
1234,1.228851,1.419632
1235,1.215360,1.410705
1236,1.202396,1.401024
1237,1.190002,1.390618
1238,1.178219,1.379522
1239,1.167085,1.367771
1240,1.156637,1.355404
1241,1.146908,1.342460
1242,1.138287,1.329298
1243,1.130148,1.315436
1244,1.122809,1.301130
1245,1.116295,1.286426
1246,1.110626,1.271372
1247,1.105822,1.256017
1248,1.101900,1.240409
1249,1.098871,1.224600
1250,1.096745,1.208641
1251,1.095532,1.192584
1252,1.095234,1.176480
1253,1.095853,1.160382
1254,1.097388,1.144342
1255,1.099833,1.128412
1256,1.103182,1.112643
1257,1.107424,1.097088
1258,1.112545,1.081796
1259,1.118529,1.066818
1260,1.125357,1.052202
1261,1.133008,1.037995
1262,1.141456,1.024243
1263,1.150675,1.010993
1264,1.160635,0.998286
1265,1.171304,0.986165
1266,1.182648,0.974668
1267,1.194630,0.963834
1268,1.207211,0.953697
1269,1.220352,0.944291
1270,1.234009,0.935647
1271,1.248138,0.927792
1272,1.262397,0.921008
1273,1.277264,0.914816
1274,1.292462,0.909477
1275,1.307943,0.905011
1276,1.323656,0.901433
1277,1.339550,0.898754
1278,1.355574,0.896983
1279,1.371676,0.896127
1280,1.387804,0.896189
1281,1.403906,0.897169
1282,1.419929,0.899064
1283,1.435821,0.901869
1284,1.451531,0.905574
1285,1.467007,0.910168
1286,1.482200,0.915636
1287,1.497059,0.921962
1288,1.511538,0.929124
1289,1.525587,0.937100
1290,1.539163,0.945864
1291,1.552220,0.955389
1292,1.564716,0.965643
1293,1.576610,0.976594
1294,1.587864,0.988206
1295,1.598440,1.000442
1296,1.608304,1.013262
1297,1.617424,1.026626
1298,1.625771,1.040489
1299,1.633316,1.054807
1300,1.640034,1.069533
1301,1.645905,1.084621
1302,1.650908,1.100021
1303,1.654841,1.115338
1304,1.658081,1.131167
1305,1.660416,1.147157
1306,1.661837,1.163257
1307,1.662340,1.179415
1308,1.661922,1.195578
1309,1.660585,1.211694
1310,1.658332,1.227710
1311,1.655171,1.243575
1312,1.651111,1.259237
1313,1.646165,1.274646
1314,1.640350,1.289750
1315,1.633683,1.304501
1316,1.626186,1.318851
1317,1.617882,1.332753
1318,1.608800,1.346163
1319,1.598967,1.359035
1320,1.588416,1.371329
1321,1.577181,1.383005
1322,1.565297,1.394023
1323,1.552803,1.404349
1324,1.539740,1.413949
1325,1.526149,1.422790
1326,1.512075,1.430845
1327,1.497563,1.438087
1328,1.482661,1.444492
1329,1.467415,1.450039
1330,1.451877,1.454709
1331,1.436095,1.458488
1332,1.420121,1.461363
1333,1.404362,1.463178
1334,1.388267,1.464219
1335,1.372137,1.464345
1336,1.356022,1.463552
1337,1.339976,1.461843
1338,1.324049,1.459223
1339,1.308294,1.455701
1340,1.292762,1.451286
1341,1.277503,1.445994
1342,1.262568,1.439841
1343,1.248003,1.432846
1344,1.233858,1.425032
1345,1.220178,1.416425
1346,1.207008,1.407050
1347,1.194390,1.396940
1348,1.182365,1.386125
1349,1.170974,1.374642
1350,1.160253,1.362527
1351,1.150236,1.349819
1352,1.140958,1.336559
1353,1.132448,1.322790
1354,1.124734,1.308557
1355,1.117841,1.293905
1356,1.111793,1.278881
1357,1.106609,1.263536
1358,1.102305,1.247917
1359,1.098898,1.232076
1360,1.096397,1.216064
1361,1.094811,1.199934
1362,1.094145,1.183736
1363,1.094403,1.167524
1364,1.095647,1.151737
1365,1.097715,1.135691
1366,1.100692,1.119786
1367,1.104570,1.104073
1368,1.109337,1.088603
1369,1.114977,1.073427
1370,1.121474,1.058594
1371,1.128805,1.044153
1372,1.136948,1.030150
1373,1.145877,1.016631
1374,1.155562,1.003639
1375,1.165972,0.991219
1376,1.177074,0.979408
1377,1.188833,0.968247
1378,1.201210,0.957772
1379,1.214165,0.948017
1380,1.227656,0.939013
1381,1.241641,0.930791
1382,1.256073,0.923377
1383,1.270906,0.916796
1384,1.286092,0.911068
1385,1.301581,0.906214
1386,1.317324,0.902249
1387,1.333270,0.899186
1388,1.349367,0.897035
1389,1.365562,0.895804
1390,1.381804,0.895496
1391,1.398039,0.896114
1392,1.414214,0.897655
1393,1.430279,0.900115
1394,1.445797,0.903510
1395,1.461381,0.907747
1396,1.476702,0.912862
1397,1.491710,0.918842
1398,1.506357,0.925668
1399,1.520595,0.933318
1400,1.534376,0.941767
1401,1.547657,0.950989
1402,1.560395,0.960954
1403,1.572546,0.971630
1404,1.584073,0.982982
1405,1.594937,0.994974
1406,1.605103,1.007567
1407,1.614538,1.020721
1408,1.623210,1.034393
1409,1.631091,1.048539
1410,1.638156,1.063114
1411,1.644381,1.078069
1412,1.649745,1.093357
1413,1.654232,1.108929
1414,1.657825,1.124734
1415,1.660514,1.140720
1416,1.662288,1.156836
1417,1.663143,1.173030
1418,1.663074,1.189249
1419,1.662083,1.205440
1420,1.660170,1.221552
1421,1.657344,1.237531
1422,1.653612,1.253326
1423,1.648986,1.268885
1424,1.643481,1.284158
1425,1.637180,1.298710
1426,1.630014,1.313240
1427,1.622033,1.327341
1428,1.613260,1.340968
1429,1.603725,1.354076
1430,1.593457,1.366621
1431,1.582489,1.378564
1432,1.570858,1.389866
1433,1.558600,1.400488
1434,1.545756,1.410398
1435,1.532366,1.419562
1436,1.518473,1.427950
1437,1.504124,1.435535
1438,1.489363,1.442292
1439,1.474239,1.448199
1440,1.458802,1.453236
1441,1.443100,1.457387
1442,1.427185,1.460638
1443,1.411108,1.462978
1444,1.394921,1.464399
1445,1.378677,1.464897
1446,1.362429,1.464469
1447,1.346229,1.463116
1448,1.330130,1.460844
1449,1.314185,1.457658
1450,1.298444,1.453569
1451,1.282959,1.448590
1452,1.267780,1.442736
1453,1.252958,1.436027
1454,1.238539,1.428484
1455,1.224947,1.420238
1456,1.211548,1.411165
1457,1.198684,1.401343
1458,1.186397,1.390804
1459,1.174728,1.379580
1460,1.163714,1.367708
1461,1.153392,1.355226
1462,1.143796,1.342174
1463,1.134956,1.328595
1464,1.126901,1.314531
1465,1.119659,1.300030
1466,1.113253,1.285137
1467,1.107703,1.269901
1468,1.103030,1.254371
1469,1.099247,1.238598
1470,1.096367,1.222631
1471,1.094400,1.206524
1472,1.093354,1.190329
1473,1.093230,1.174097
1474,1.094031,1.157882
1475,1.095754,1.141736
1476,1.098394,1.125711
1477,1.101942,1.109860
1478,1.106387,1.094234
1479,1.111715,1.078884
1480,1.117910,1.063860
1481,1.124950,1.049211
1482,1.132815,1.034984
1483,1.141478,1.021225
1484,1.150911,1.007980
1485,1.161085,0.995291
1486,1.171779,0.983539
1487,1.183291,0.972084
1488,1.195437,0.961301
1489,1.208179,0.951225
1490,1.221476,0.941889
1491,1.235286,0.933324
1492,1.249562,0.925558
1493,1.264260,0.918615
1494,1.279332,0.912520
1495,1.294729,0.907292
1496,1.310400,0.902948
1497,1.326296,0.899502
1498,1.342365,0.896967
1499,1.358554,0.895350
1500,1.374812,0.894657
1501,1.391085,0.894891
1502,1.407321,0.896051
1503,1.423467,0.898134
1504,1.439470,0.901133
1505,1.455279,0.905038
1506,1.470842,0.909838
1507,1.486109,0.915517
1508,1.501030,0.922057
1509,1.515557,0.929436
1510,1.529641,0.937632
1511,1.543238,0.946617
1512,1.556304,0.956363
1513,1.568794,0.966839
1514,1.580670,0.978010
1515,1.591892,0.989840
1516,1.602100,1.002054
1517,1.611892,1.015028
1518,1.620930,1.028540
1519,1.629187,1.042547
1520,1.636634,1.057003
1521,1.643247,1.071862
1522,1.649004,1.087076
1523,1.653887,1.102595
1524,1.657879,1.118370
1525,1.660968,1.134349
1526,1.663142,1.150480
1527,1.664394,1.166711
1528,1.664720,1.182989
1529,1.664119,1.199262
1530,1.662593,1.215477
1531,1.660146,1.231581
1532,1.656785,1.247522
1533,1.652522,1.263248
1534,1.647370,1.278708
1535,1.641345,1.293851
1536,1.634467,1.308629
1537,1.626757,1.322994
1538,1.618242,1.336898
1539,1.608947,1.350297
1540,1.598903,1.363147
1541,1.588143,1.375406
1542,1.576700,1.387033
1543,1.564613,1.397992
1544,1.551920,1.408247
1545,1.538661,1.417763
1546,1.525153,1.426219
1547,1.510980,1.434136
1548,1.496378,1.441235
1549,1.481393,1.447494
1550,1.466073,1.452890
1551,1.450468,1.457406
1552,1.434629,1.461028
1553,1.418606,1.463742
1554,1.402452,1.465541
1555,1.386219,1.466417
1556,1.369959,1.466367
1557,1.353726,1.465393
1558,1.337572,1.463495
1559,1.321550,1.460681
1560,1.305711,1.456959
1561,1.290107,1.452340
1562,1.274789,1.446840
1563,1.259807,1.440475
1564,1.245209,1.433267
1565,1.231042,1.425239
1566,1.217353,1.416416
1567,1.204187,1.406826
1568,1.191586,1.396501
1569,1.179591,1.385473
1570,1.168242,1.373779
1571,1.157575,1.361456
1572,1.147626,1.348544
1573,1.138426,1.335085
1574,1.130006,1.321121
1575,1.122394,1.306699
1576,1.115614,1.291865
1577,1.109966,1.277051
1578,1.104946,1.261653
1579,1.100809,1.245990
1580,1.097570,1.230114
1581,1.095238,1.214076
1582,1.093823,1.197928
1583,1.093329,1.181722
1584,1.093758,1.165511
1585,1.095110,1.149347
1586,1.097379,1.133283
1587,1.100560,1.117371
1588,1.104641,1.101663
1589,1.109612,1.086210
1590,1.115454,1.071061
1591,1.122151,1.056267
1592,1.129680,1.041875
1593,1.138018,1.027932
1594,1.147138,1.014484
1595,1.157009,1.001574
1596,1.167602,0.989245
1597,1.178881,0.977536
1598,1.190811,0.966487
1599,1.203352,0.956132
1600,1.216465,0.946507
1601,1.230107,0.937642
1602,1.244234,0.929566
1603,1.258800,0.922306
1604,1.273758,0.915886
1605,1.289060,0.910326
1606,1.304656,0.905646
1607,1.320150,0.902038
1608,1.336138,0.899140
1609,1.352267,0.897156
1610,1.368486,0.896093
1611,1.384742,0.895954
1612,1.400983,0.896741
1613,1.417156,0.898452
1614,1.433208,0.901080
1615,1.449087,0.904619
1616,1.464742,0.909056
1617,1.480121,0.914379
1618,1.495175,0.920569
1619,1.509855,0.927607
1620,1.524113,0.935470
1621,1.537902,0.944134
1622,1.551179,0.953570
1623,1.563898,0.963749
1624,1.576020,0.974636
1625,1.587504,0.986198
1626,1.598313,0.998397
1627,1.608412,1.011193
1628,1.617768,1.024546
1629,1.626349,1.038411
1630,1.634129,1.052745
1631,1.641081,1.067500
1632,1.647183,1.082630
1633,1.652415,1.098085
1634,1.656759,1.113815
1635,1.660201,1.129769
1636,1.662729,1.145895
1637,1.664200,1.161795
1638,1.664881,1.178003
1639,1.664642,1.194226
1640,1.663480,1.210412
1641,1.661398,1.226510
1642,1.658403,1.242466
1643,1.654504,1.258229
1644,1.649713,1.273748
1645,1.644046,1.288972
1646,1.637520,1.303851
1647,1.630156,1.318338
1648,1.621979,1.332386
1649,1.613013,1.345947
1650,1.603288,1.358979
1651,1.592835,1.371439
1652,1.581688,1.383286
1653,1.569883,1.394481
1654,1.557457,1.404988
1655,1.544451,1.414773
1656,1.530907,1.423803
1657,1.516868,1.432049
1658,1.502380,1.439484
1659,1.487490,1.446084
1660,1.472245,1.451826
1661,1.456696,1.456692
1662,1.440892,1.460666
1663,1.424885,1.463734
1664,1.408727,1.465887
1665,1.392469,1.467117
1666,1.376165,1.467419
1667,1.359868,1.466793
1668,1.344013,1.465187
1669,1.327913,1.462746
1670,1.311975,1.459393
1671,1.296252,1.455138
1672,1.280793,1.449993
1673,1.265650,1.443976
1674,1.250871,1.437106
1675,1.236505,1.429404
1676,1.222598,1.420896
1677,1.209196,1.411608
1678,1.196342,1.401571
1679,1.184078,1.390817
1680,1.172445,1.379380
1681,1.161479,1.367298
1682,1.151218,1.354609
1683,1.141694,1.341354
1684,1.132938,1.327577
1685,1.124980,1.313322
1686,1.117845,1.298634
1687,1.111557,1.283562
1688,1.106136,1.268154
1689,1.101600,1.252460
1690,1.097965,1.236531
1691,1.095241,1.220418
1692,1.093439,1.204174
1693,1.092565,1.187852
1694,1.092621,1.171504
1695,1.093608,1.155183
1696,1.095523,1.138943
1697,1.098359,1.122836
1698,1.102120,1.107304
1699,1.106733,1.091702
1700,1.112225,1.076385
1701,1.118582,1.061403
1702,1.125782,1.046804
1703,1.133803,1.032635
1704,1.142619,1.018944
1705,1.152201,1.005774
1706,1.162520,0.993169
1707,1.173541,0.981169
1708,1.185230,0.969814
1709,1.197548,0.959140
1710,1.210455,0.949183
1711,1.223911,0.939976
1712,1.237872,0.931548
1713,1.252292,0.923927
1714,1.267125,0.917138
1715,1.282323,0.911203
1716,1.297837,0.906142
1717,1.313616,0.901971
1718,1.329610,0.898705
1719,1.345766,0.896354
1720,1.362033,0.894927
1721,1.378357,0.894428
1722,1.394685,0.894858
1723,1.410965,0.896218
1724,1.427144,0.898502
1725,1.443169,0.901705
1726,1.458988,0.905815
1727,1.474550,0.910819
1728,1.489804,0.916702
1729,1.504326,0.923369
1730,1.518812,0.930911
1731,1.532847,0.939266
1732,1.546386,0.948408
1733,1.559385,0.958307
1734,1.571801,0.968931
1735,1.583594,0.980247
1736,1.594726,0.992218
1737,1.605159,1.004805
1738,1.614861,1.017967
1739,1.623799,1.031662
1740,1.631944,1.045846
1741,1.639269,1.060473
1742,1.645751,1.075495
1743,1.651368,1.090863
1744,1.656101,1.106529
1745,1.659936,1.122442
1746,1.662859,1.138548
1747,1.664860,1.154798
1748,1.665934,1.171137
1749,1.666075,1.187513
1750,1.665284,1.203873
1751,1.663563,1.220163
1752,1.660917,1.236331
1753,1.657354,1.252324
1754,1.652886,1.268091
1755,1.647527,1.283579
1756,1.641294,1.298740
1757,1.634207,1.313522
1758,1.626388,1.327495
1759,1.617722,1.341315
1760,1.608283,1.354621
1761,1.598100,1.367371
1762,1.587207,1.379524
1763,1.575637,1.391038
1764,1.563429,1.401877
1765,1.550621,1.412005
1766,1.537255,1.421389
1767,1.523375,1.429999
1768,1.509024,1.437806
1769,1.494250,1.444785
1770,1.479100,1.450912
1771,1.463624,1.456168
1772,1.447871,1.460536
1773,1.431892,1.464000
1774,1.415740,1.466549
1775,1.399466,1.468175
1776,1.383123,1.468872
1777,1.366765,1.468638
1778,1.350444,1.467472
1779,1.334213,1.465379
1780,1.318126,1.462366
1781,1.302234,1.458441
1782,1.286589,1.453616
1783,1.271241,1.447908
1784,1.256241,1.441335
1785,1.241638,1.433918
1786,1.227478,1.425680
1787,1.213809,1.416648
1788,1.201022,1.406985
1789,1.188541,1.396528
1790,1.176672,1.385378
1791,1.165454,1.373569
1792,1.154924,1.361137
1793,1.145117,1.348124
1794,1.136064,1.334572
1795,1.127796,1.320523
1796,1.120339,1.306024
1797,1.113719,1.291121
1798,1.107956,1.275862
1799,1.103070,1.260297
