0,-1.955430,-1.006080
1,-1.955430,-1.006080
2,-1.955430,-1.006080
3,-1.955430,-1.006080
4,-1.955430,-1.006080
5,-1.955430,-1.006080
6,-1.955430,-1.006080
7,-1.955430,-1.006080
8,-1.943208,-1.006901
9,-1.926215,-1.006677
10,-1.909263,-1.005432
11,-1.892410,-1.003224
12,-1.875709,-1.000062
13,-1.859215,-0.995954
14,-1.842982,-0.990914
15,-1.827062,-0.984958
16,-1.811507,-0.978107
17,-1.796366,-0.970382
18,-1.781690,-0.961808
19,-1.767525,-0.952412
20,-1.753917,-0.942226
21,-1.740912,-0.931283
22,-1.728549,-0.919617
23,-1.716871,-0.907266
24,-1.705914,-0.894271
25,-1.695715,-0.880674
26,-1.686305,-0.866519
27,-1.677716,-0.851851
28,-1.675340,-0.847738
29,-1.675340,-0.847738
30,-1.675340,-0.847738
31,-1.675340,-0.847738
32,-1.675340,-0.847738
33,-1.675340,-0.847738
34,-1.675340,-0.847738
35,-1.675340,-0.847738
36,-1.675340,-0.847738
37,-1.675340,-0.847738
38,-1.675340,-0.847738
39,-1.675340,-0.847738
40,-1.675340,-0.847738
41,-1.675340,-0.847738
42,-1.663152,-0.846499
43,-1.646438,-0.843430
44,-1.629935,-0.839361
45,-1.613690,-0.834359
46,-1.597756,-0.828441
47,-1.582184,-0.821626
48,-1.567025,-0.813937
49,-1.552329,-0.805397
50,-1.538142,-0.796035
51,-1.524511,-0.785881
52,-1.511479,-0.774968
53,-1.499090,-0.763331
54,-1.487382,-0.751008
55,-1.476395,-0.738039
56,-1.466164,-0.724466
57,-1.456721,-0.710333
58,-1.448098,-0.695685
59,-1.445711,-0.691578
60,-1.445711,-0.691578
61,-1.445711,-0.691578
62,-1.445711,-0.691578
63,-1.445711,-0.691578
64,-1.445711,-0.691578
65,-1.445711,-0.691578
66,-1.445711,-0.691578
67,-1.445711,-0.691578
68,-1.445711,-0.691578
69,-1.445711,-0.691578
70,-1.445711,-0.691578
71,-1.445711,-0.691578
72,-1.445711,-0.691578
73,-1.433521,-0.690367
74,-1.416799,-0.687337
75,-1.400287,-0.683307
76,-1.384030,-0.678343
77,-1.368082,-0.672463
78,-1.352494,-0.665685
79,-1.337318,-0.658031
80,-1.322601,-0.649526
81,-1.308392,-0.640197
82,-1.294737,-0.630075
83,-1.281680,-0.619193
84,-1.269263,-0.607585
85,-1.257527,-0.595290
86,-1.246509,-0.582347
87,-1.236246,-0.568797
88,-1.226770,-0.554686
89,-1.224144,-0.550728
90,-1.224144,-0.550728
91,-1.224144,-0.550728
92,-1.224144,-0.550728
93,-1.224144,-0.550728
94,-1.224144,-0.550728
95,-1.224144,-0.550728
96,-1.224144,-0.550728
97,-1.224144,-0.550728
98,-1.224144,-0.550728
99,-1.224144,-0.550728
100,-1.224144,-0.550728
101,-1.224144,-0.550728
102,-1.224144,-0.550728
103,-1.211904,-0.550242
104,-1.195032,-0.548208
105,-1.178310,-0.545163
106,-1.161788,-0.541171
107,-1.145519,-0.536246
108,-1.129558,-0.530403
109,-1.113954,-0.523661
110,-1.098759,-0.516043
111,-1.084023,-0.507573
112,-1.069792,-0.498277
113,-1.056113,-0.488188
114,-1.043031,-0.477336
115,-1.030587,-0.465757
116,-1.018821,-0.453490
117,-1.007773,-0.440572
118,-1.004707,-0.436945
119,-1.004707,-0.436945
120,-1.004707,-0.436945
121,-1.004707,-0.436945
122,-1.004707,-0.436945
123,-1.004707,-0.436945
124,-1.004707,-0.436945
125,-1.004707,-0.436945
126,-1.004707,-0.436945
127,-1.004707,-0.436945
128,-1.004707,-0.436945
129,-1.004707,-0.436945
130,-1.004707,-0.436945
131,-1.004707,-0.436945
132,-1.004707,-0.436945
133,-0.993015,-0.433290
134,-0.977254,-0.426935
135,-0.961900,-0.419642
136,-0.946986,-0.411488
137,-0.932561,-0.402498
138,-0.918670,-0.392702
139,-0.905359,-0.382132
140,-0.892671,-0.370821
141,-0.880646,-0.358807
142,-0.869325,-0.346129
143,-0.866182,-0.342568
144,-0.866182,-0.342568
145,-0.866182,-0.342568
146,-0.866182,-0.342568
147,-0.866182,-0.342568
148,-0.866182,-0.342568
149,-0.866182,-0.342568
150,-0.866182,-0.342568
151,-0.866182,-0.342568
152,-0.866182,-0.342568
153,-0.866182,-0.342568
154,-0.866182,-0.342568
155,-0.866182,-0.342568
156,-0.866182,-0.342568
157,-0.853991,-0.343764
158,-0.836999,-0.344062
159,-0.820017,-0.343338
160,-0.803104,-0.341650
161,-0.786314,-0.339001
162,-0.769702,-0.335402
163,-0.753321,-0.330863
164,-0.737226,-0.325400
165,-0.721467,-0.319030
166,-0.706096,-0.311773
167,-0.691163,-0.303654
168,-0.676717,-0.294698
169,-0.662803,-0.284935
170,-0.649467,-0.274396
171,-0.636752,-0.263115
172,-0.624700,-0.251130
173,-0.613349,-0.238478
174,-0.602737,-0.225200
175,-0.592897,-0.211340
176,-0.583861,-0.196943
177,-0.575659,-0.182056
178,-0.573391,-0.177882
179,-0.573391,-0.177882
180,-0.573391,-0.177882
181,-0.573391,-0.177882
182,-0.573391,-0.177882
183,-0.573391,-0.177882
184,-0.573391,-0.177882
185,-0.573391,-0.177882
186,-0.573391,-0.177882
187,-0.573391,-0.177882
188,-0.573391,-0.177882
189,-0.573391,-0.177882
190,-0.573391,-0.177882
191,-0.573391,-0.177882
192,-0.561241,-0.176324
193,-0.544612,-0.172818
194,-0.528221,-0.168318
195,-0.512113,-0.162892
196,-0.496339,-0.156559
197,-0.480952,-0.149339
198,-0.466000,-0.141255
199,-0.451532,-0.132333
200,-0.437595,-0.122603
201,-0.424234,-0.112095
202,-0.411493,-0.100844
203,-0.399413,-0.088887
204,-0.396056,-0.085526
205,-0.391505,-0.074153
206,-0.386477,-0.057920
207,-0.382433,-0.041411
208,-0.379334,-0.024698
209,-0.377192,-0.007836
210,-0.376620,-0.003120
211,-0.376620,-0.003120
212,-0.376620,-0.003120
213,-0.376620,-0.003120
214,-0.376620,-0.003120
215,-0.376620,-0.003120
216,-0.376620,-0.003120
217,-0.376620,-0.003120
218,-0.376620,-0.003120
219,-0.376620,-0.003120
220,-0.376620,-0.003120
221,-0.376620,-0.003120
222,-0.376620,-0.003120
223,-0.364466,-0.001591
224,-0.347829,0.001876
225,-0.332677,0.005469
226,-0.318514,0.009489
227,-0.314617,0.010733
228,-0.314617,0.010733
229,-0.309705,0.018510
230,-0.304329,0.026350
231,-0.303135,0.028757
232,-0.303135,0.028757
233,-0.303135,0.028757
234,-0.303135,0.028757
235,-0.303225,0.028672
236,-0.303225,0.028672
237,-0.303225,0.028672
238,-0.303225,0.028672
239,-0.303225,0.028672
240,-0.303225,0.028672
241,-0.303225,0.028672
242,-0.303225,0.028672
243,-0.303225,0.028672
244,-0.294438,0.026435
245,-0.277538,0.025641
246,-0.260542,0.025922
247,-0.243591,0.027170
248,-0.226738,0.029381
249,-0.210038,0.032547
250,-0.193545,0.036658
251,-0.177312,0.041700
252,-0.161393,0.047658
253,-0.145839,0.054512
254,-0.130700,0.062240
255,-0.116025,0.070817
256,-0.101861,0.080214
257,-0.088256,0.090403
258,-0.075252,0.101349
259,-0.062892,0.113017
260,-0.051216,0.125369
261,-0.040261,0.138366
262,-0.030064,0.151965
263,-0.020657,0.166122
264,-0.012070,0.180791
265,-0.004332,0.195925
266,-0.002194,0.200167
267,-0.002194,0.200167
268,-0.002194,0.200167
269,-0.010051,0.209566
270,-0.021960,0.221689
271,-0.034579,0.233076
272,-0.047826,0.243727
273,-0.049887,0.246807
274,-0.053833,0.251360
275,-0.063430,0.257059
276,-0.075583,0.261249
277,-0.089961,0.264052
278,-0.104962,0.265806
279,-0.113018,0.263781
280,-0.113242,0.263459
281,-0.112640,0.261060
282,-0.111225,0.254567
283,-0.109757,0.245394
284,-0.109025,0.237994
285,-0.106908,0.233650
286,-0.105861,0.231837
287,-0.105827,0.231766
288,-0.102109,0.233743
289,-0.095017,0.237908
290,-0.088451,0.242375
291,-0.082406,0.247116
292,-0.067946,0.246647
293,-0.050970,0.245867
294,-0.033974,0.246109
295,-0.017019,0.247317
296,-0.000161,0.249488
297,0.016546,0.252614
298,0.033049,0.256686
299,0.049293,0.261691
300,0.065226,0.267611
301,0.080997,0.274118
302,0.096983,0.280607
303,0.111678,0.289149
304,0.120871,0.289324
305,0.128305,0.286499
306,0.135727,0.284190
307,0.137539,0.281793
308,0.140721,0.279263
309,0.145372,0.276755
310,0.150237,0.274459
311,0.155236,0.272388
312,0.160351,0.270549
313,0.165570,0.268949
314,0.170882,0.267593
315,0.176276,0.266487
316,0.181741,0.265638
317,0.187265,0.265048
318,0.192837,0.264723
319,0.198442,0.264667
320,0.204070,0.264882
321,0.209707,0.265371
322,0.216160,0.268178
323,0.222392,0.273205
324,0.227813,0.279603
325,0.232746,0.286644
326,0.237575,0.293684
327,0.242291,0.300765
328,0.246877,0.307918
329,0.251313,0.315168
330,0.255546,0.322466
331,0.259620,0.329956
332,0.263478,0.337591
333,0.267097,0.345375
334,0.270451,0.353310
335,0.273507,0.361333
336,0.276268,0.369532
337,0.278702,0.377894
338,0.280164,0.386126
339,0.273424,0.392819
340,0.261193,0.398136
341,0.246739,0.401671
342,0.233497,0.405072
343,0.221205,0.408286
344,0.209708,0.411276
345,0.198884,0.414015
346,0.188635,0.416476
347,0.178883,0.418630
348,0.169567,0.420442
349,0.160638,0.421873
350,0.152063,0.422876
351,0.143821,0.423398
352,0.135914,0.423398
353,0.127787,0.422151
354,0.118865,0.418780
355,0.109440,0.413445
356,0.107445,0.412200
357,0.107445,0.412200
358,0.106537,0.414198
359,0.107131,0.413019
360,0.109671,0.407649
361,0.113560,0.398062
362,0.114493,0.395464
363,0.114493,0.395464
364,0.114493,0.395464
365,0.126128,0.391630
366,0.142642,0.387623
367,0.159372,0.384615
368,0.176245,0.382564
369,0.193208,0.381476
370,0.210205,0.381356
371,0.227181,0.382202
372,0.244082,0.384013
373,0.260852,0.386783
374,0.277438,0.390502
375,0.293785,0.395159
376,0.309841,0.400738
377,0.325553,0.407222
378,0.340871,0.414589
379,0.355745,0.422816
380,0.370127,0.431876
381,0.383970,0.441739
382,0.397229,0.452374
383,0.409862,0.463747
384,0.421827,0.475819
385,0.430280,0.484172
386,0.431267,0.485109
387,0.431260,0.485095
388,0.431260,0.485095
389,0.431260,0.485095
390,0.431260,0.485095
391,0.431260,0.485095
392,0.428965,0.486047
393,0.425549,0.496682
394,0.424342,0.506630
395,0.419318,0.509675
396,0.412341,0.507187
397,0.406850,0.494303
398,0.403101,0.477726
399,0.400300,0.460966
400,0.398459,0.444069
401,0.397972,0.439344
402,0.397972,0.439344
403,0.405683,0.429825
404,0.408673,0.426135
405,0.419685,0.420768
406,0.435509,0.414572
407,0.451680,0.409337
408,0.468123,0.405031
409,0.484785,0.401667
410,0.501610,0.399257
411,0.518546,0.397807
412,0.535537,0.397324
413,0.552527,0.397808
414,0.569463,0.399259
415,0.586288,0.401670
416,0.590986,0.402371
417,0.601416,0.408796
418,0.615122,0.418842
419,0.628203,0.429696
420,0.640645,0.441277
421,0.652408,0.453547
422,0.663454,0.466466
423,0.664193,0.466715
424,0.663744,0.465807
425,0.663388,0.465058
426,0.663123,0.464485
427,0.662952,0.464113
428,0.662886,0.463970
429,0.662884,0.463966
430,0.662884,0.463966
431,0.662884,0.463966
432,0.658061,0.452687
433,0.652656,0.436576
434,0.648228,0.420165
435,0.644741,0.403529
436,0.642206,0.386722
437,0.640632,0.369798
438,0.640022,0.352811
439,0.640381,0.335817
440,0.641705,0.318871
441,0.643992,0.302028
442,0.647429,0.289614
443,0.649594,0.282135
444,0.650093,0.276487
445,0.650714,0.270845
446,0.649919,0.261775
447,0.652876,0.252614
448,0.655753,0.240956
449,0.660398,0.227861
450,0.660799,0.227355
451,0.659890,0.227536
452,0.657010,0.230792
453,0.653447,0.236326
454,0.649419,0.243431
455,0.644920,0.251695
456,0.639020,0.257045
457,0.633288,0.260864
458,0.627801,0.266337
459,0.621638,0.273033
460,0.614748,0.280365
461,0.607448,0.287439
462,0.599710,0.294031
463,0.591611,0.300172
464,0.583222,0.305905
465,0.574471,0.311086
466,0.565443,0.315757
467,0.556208,0.319994
468,0.546804,0.323458
469,0.537105,0.326531
470,0.527256,0.329041
471,0.526544,0.331373
472,0.525663,0.330523
473,0.526211,0.330785
474,0.526590,0.330913
475,0.526918,0.331268
476,0.527374,0.331758
477,0.527963,0.332385
478,0.528699,0.333158
479,0.529559,0.334054
480,0.530633,0.335141
481,0.531921,0.336417
482,0.533436,0.337874
483,0.535047,0.340751
484,0.537006,0.345990
485,0.538946,0.351798
486,0.540715,0.357472
487,0.542323,0.363003
488,0.543663,0.368002
489,0.544939,0.372525
490,0.545879,0.376597
491,0.546445,0.379400
492,0.546942,0.381853
493,0.545348,0.383551
494,0.544582,0.385214
495,0.545509,0.387768
496,0.544319,0.390311
497,0.540212,0.392262
498,0.536004,0.394520
499,0.534324,0.397535
500,0.534426,0.400909
501,0.534719,0.404378
502,0.534995,0.407856
503,0.535021,0.411489
504,0.534891,0.414968
505,0.534592,0.418444
506,0.534104,0.421901
507,0.533421,0.425326
508,0.532591,0.428787
509,0.531488,0.432122
510,0.530244,0.435396
511,0.528807,0.438581
512,0.527039,0.441768
513,0.525215,0.444736
514,0.523239,0.447615
515,0.521107,0.450382
516,0.518821,0.453026
517,0.516388,0.455628
518,0.513761,0.458005
519,0.511066,0.460234
520,0.507972,0.462012
521,0.503601,0.462677
522,0.499950,0.463205
523,0.496873,0.463803
524,0.493661,0.463705
525,0.490320,0.462588
526,0.487013,0.461794
527,0.483641,0.460870
528,0.480260,0.459834
529,0.476889,0.458552
530,0.473406,0.457022
531,0.470076,0.455369
532,0.466795,0.453519
533,0.463561,0.451468
534,0.460389,0.449191
535,0.457364,0.446739
536,0.454480,0.444740
537,0.451340,0.441905
538,0.448418,0.438814
539,0.445550,0.435438
540,0.442911,0.432047
541,0.440406,0.428427
542,0.438038,0.424650
543,0.435792,0.420688
544,0.435207,0.416931
545,0.435764,0.413454
546,0.436578,0.410024
547,0.437686,0.406660
548,0.438954,0.403413
549,0.440354,0.400098
550,0.442045,0.396986
551,0.443928,0.393975
552,0.446014,0.391074
553,0.448193,0.388280
554,0.450612,0.385586
555,0.453183,0.383027
556,0.455803,0.380617
557,0.458616,0.378281
558,0.461606,0.376135
559,0.464764,0.374245
560,0.468075,0.372529
561,0.471525,0.370781
562,0.475189,0.369111
563,0.479208,0.366958
564,0.483321,0.364757
565,0.487440,0.362578
566,0.492207,0.360930
567,0.497382,0.360670
568,0.502498,0.360927
569,0.507507,0.361624
570,0.512678,0.362162
571,0.518414,0.361953
572,0.524015,0.362357
573,0.529111,0.363833
574,0.533971,0.365759
575,0.538542,0.368034
576,0.542952,0.370601
577,0.547297,0.373316
578,0.551476,0.376190
579,0.556944,0.379034
580,0.564438,0.381795
581,0.572196,0.384478
582,0.580091,0.387393
583,0.587973,0.390644
584,0.595876,0.394095
585,0.603497,0.397256
586,0.611076,0.400259
587,0.618158,0.403385
588,0.623869,0.405957
589,0.628111,0.407730
590,0.631857,0.408903
591,0.635892,0.410524
592,0.639809,0.412503
593,0.643340,0.414580
594,0.647535,0.418410
595,0.653396,0.431095
596,0.658575,0.446465
597,0.662015,0.461506
598,0.666082,0.475129
599,0.670001,0.487756
600,0.673295,0.500287
601,0.675659,0.513118
602,0.677478,0.525815
603,0.678652,0.538580
604,0.679095,0.551385
605,0.678827,0.564199
606,0.677812,0.576965
607,0.676073,0.589659
608,0.673631,0.602244
609,0.670458,0.614652
610,0.666584,0.626867
611,0.662021,0.638844
612,0.656794,0.650545
613,0.650899,0.661925
614,0.644375,0.672961
615,0.637223,0.683595
616,0.629454,0.693799
617,0.621139,0.703567
618,0.612208,0.712790
619,0.601777,0.721140
620,0.589970,0.728689
621,0.577606,0.735612
622,0.564851,0.741885
623,0.551775,0.747486
624,0.538482,0.752502
625,0.524972,0.756845
626,0.511337,0.760542
627,0.497721,0.763691
628,0.484364,0.766330
629,0.471248,0.768443
630,0.458372,0.769980
631,0.445513,0.770813
632,0.432665,0.770931
633,0.419809,0.770328
634,0.407089,0.769004
635,0.394434,0.766950
636,0.381909,0.764169
637,0.369560,0.760677
638,0.357429,0.756487
639,0.345556,0.751612
640,0.333979,0.746067
641,0.322737,0.739872
642,0.311865,0.733040
643,0.301410,0.725582
644,0.291382,0.717554
645,0.281867,0.708939
646,0.272794,0.699837
647,0.264257,0.690241
648,0.256298,0.680166
649,0.248938,0.669626
650,0.242179,0.658658
651,0.236081,0.647330
652,0.230593,0.635673
653,0.225794,0.623751
654,0.221717,0.611540
655,0.218285,0.599159
656,0.215631,0.586567
657,0.213656,0.573854
658,0.212699,0.560831
659,0.212208,0.548011
660,0.212429,0.535159
661,0.213389,0.522361
662,0.215044,0.509599
663,0.217430,0.496993
664,0.220537,0.484530
665,0.224333,0.472264
666,0.228837,0.460242
667,0.234016,0.448470
668,0.239832,0.437032
669,0.246315,0.425948
670,0.253410,0.415229
671,0.261111,0.404949
672,0.269376,0.395119
673,0.278206,0.385764
674,0.287589,0.376950
675,0.297437,0.368677
676,0.307775,0.360987
677,0.318519,0.353895
678,0.329776,0.347361
679,0.341181,0.341558
680,0.352934,0.336396
681,0.364987,0.331907
682,0.377262,0.328122
683,0.389749,0.325055
684,0.402387,0.322683
685,0.415143,0.321037
686,0.427963,0.320120
687,0.440822,0.319953
688,0.453664,0.320518
689,0.466476,0.321796
690,0.479178,0.323801
691,0.491821,0.326549
692,0.504213,0.329987
693,0.516379,0.334110
694,0.528284,0.338948
695,0.539926,0.344452
696,0.551220,0.350606
697,0.562147,0.357394
698,0.572665,0.364811
699,0.582750,0.372799
700,0.592368,0.381323
701,0.601473,0.390415
702,0.610049,0.400016
703,0.618098,0.410119
704,0.625495,0.420638
705,0.632400,0.431660
706,0.638561,0.442901
707,0.644080,0.454500
708,0.648959,0.466404
709,0.654305,0.476070
710,0.659738,0.483347
711,0.664565,0.490555
712,0.668805,0.497996
713,0.672668,0.505678
714,0.676077,0.513587
715,0.679038,0.521662
716,0.681535,0.529901
717,0.683568,0.538280
718,0.685132,0.546805
719,0.686208,0.555334
720,0.686794,0.563918
721,0.686844,0.572608
722,0.686443,0.581173
723,0.685552,0.589750
724,0.684232,0.598385
725,0.682404,0.606795
726,0.680083,0.615060
727,0.677251,0.623233
728,0.673982,0.631094
729,0.670249,0.638839
730,0.666085,0.646371
731,0.661392,0.653726
732,0.656391,0.660790
733,0.651050,0.667499
734,0.645217,0.673952
735,0.639111,0.680034
736,0.632696,0.685753
737,0.625593,0.690900
738,0.618531,0.695822
739,0.611219,0.700342
740,0.603669,0.704448
741,0.595880,0.708112
742,0.587903,0.711324
743,0.579751,0.714083
744,0.571455,0.716304
745,0.562948,0.718105
746,0.554455,0.719447
747,0.545911,0.720314
748,0.537275,0.720611
749,0.528676,0.720489
750,0.520178,0.719836
751,0.511503,0.718628
752,0.502986,0.716999
753,0.494617,0.714931
754,0.486341,0.712346
755,0.478275,0.709346
756,0.470400,0.705895
757,0.462687,0.701853
758,0.455288,0.697520
759,0.448092,0.692767
760,0.441214,0.687264
761,0.434699,0.681650
762,0.428464,0.675779
763,0.422566,0.669568
764,0.417046,0.662953
765,0.411884,0.656076
766,0.407119,0.648923
767,0.402767,0.641538
768,0.398849,0.633904
769,0.395413,0.625994
770,0.392375,0.617969
771,0.389814,0.609768
772,0.387702,0.601484
773,0.386139,0.593028
774,0.385054,0.584454
775,0.384397,0.575871
776,0.384226,0.567304
777,0.384553,0.558723
778,0.385407,0.550092
779,0.386818,0.541499
780,0.388575,0.533098
781,0.390835,0.524815
782,0.393543,0.516701
783,0.396719,0.508726
784,0.400431,0.500944
785,0.404871,0.493434
786,0.409359,0.486144
787,0.414270,0.479141
788,0.419680,0.472380
789,0.425335,0.465943
790,0.431351,0.459841
791,0.437682,0.454092
792,0.444342,0.448721
793,0.451385,0.443765
794,0.458610,0.439180
795,0.466105,0.435018
796,0.473806,0.431281
797,0.481688,0.427982
798,0.489852,0.425193
799,0.498056,0.422823
800,0.506383,0.420918
801,0.514795,0.419541
802,0.523326,0.418709
803,0.531984,0.418339
804,0.540583,0.418384
805,0.549128,0.418886
806,0.557838,0.420066
807,0.566328,0.421601
808,0.574654,0.423562
809,0.582855,0.425999
810,0.590919,0.429270
811,0.598827,0.432836
812,0.606487,0.436608
813,0.613934,0.440834
814,0.621096,0.445467
815,0.627991,0.450519
816,0.634589,0.455927
817,0.640867,0.461756
818,0.646813,0.468023
819,0.652415,0.474500
820,0.657636,0.481287
821,0.662446,0.488326
822,0.666825,0.495698
823,0.670839,0.503305
824,0.674392,0.511072
825,0.677506,0.519064
826,0.680132,0.527214
827,0.682326,0.535502
828,0.684003,0.543988
829,0.685226,0.552439
830,0.685898,0.560974
831,0.686022,0.569701
832,0.685662,0.578434
833,0.684873,0.586916
834,0.683636,0.595359
835,0.681831,0.603815
836,0.679655,0.612073
837,0.677019,0.620204
838,0.673879,0.628168
839,0.670334,0.635946
840,0.666370,0.643487
841,0.661561,0.650755
842,0.656686,0.657787
843,0.651500,0.664551
844,0.645907,0.670990
845,0.639894,0.677109
846,0.633581,0.682923
847,0.626967,0.688334
848,0.620076,0.693356
849,0.612965,0.697974
850,0.605565,0.702202
851,0.597934,0.705994
852,0.590104,0.709340
853,0.581991,0.712194
854,0.573833,0.714645
855,0.565542,0.716603
856,0.557137,0.718085
857,0.548683,0.719097
858,0.539984,0.719390
859,0.531275,0.719309
860,0.522692,0.718841
861,0.514227,0.717922
862,0.505752,0.716441
863,0.497418,0.714474
864,0.489231,0.712100
865,0.481197,0.709278
866,0.473340,0.705537
867,0.465726,0.701842
868,0.458241,0.697664
869,0.451044,0.693092
870,0.444134,0.688158
871,0.437496,0.682732
872,0.431181,0.677007
873,0.425211,0.670869
874,0.419600,0.664464
875,0.414384,0.657704
876,0.409528,0.650700
877,0.405089,0.643458
878,0.401079,0.635994
879,0.397491,0.628279
880,0.394401,0.620304
881,0.391773,0.612245
882,0.389595,0.603931
883,0.387855,0.595601
884,0.386619,0.587067
885,0.385911,0.578451
886,0.385652,0.569871
887,0.385822,0.561358
888,0.386520,0.552863
889,0.387693,0.544371
890,0.389849,0.535909
891,0.391958,0.527658
892,0.394498,0.519555
893,0.397494,0.511628
894,0.400957,0.503863
895,0.404907,0.496290
896,0.409235,0.488983
897,0.413930,0.481950
898,0.419057,0.475184
899,0.424519,0.468730
900,0.430379,0.462596
901,0.436551,0.456817
902,0.443162,0.451407
903,0.450070,0.446362
904,0.457250,0.441682
905,0.464585,0.437405
906,0.472196,0.433615
907,0.479992,0.430226
908,0.487926,0.427274
909,0.496039,0.424789
910,0.504440,0.422800
911,0.512953,0.421333
912,0.521371,0.420332
913,0.529898,0.419775
914,0.538373,0.419678
915,0.546848,0.420064
916,0.555346,0.421007
917,0.563773,0.422405
918,0.572116,0.424318
919,0.580359,0.426710
920,0.588382,0.429446
921,0.596246,0.433089
922,0.603870,0.436726
923,0.611272,0.440776
924,0.618459,0.445261
925,0.625370,0.450219
926,0.632021,0.455490
927,0.638345,0.461139
928,0.644348,0.467113
929,0.649980,0.473532
930,0.655234,0.480155
931,0.660105,0.487079
932,0.664545,0.494312
933,0.668630,0.501911
934,0.672268,0.509547
935,0.675447,0.517380
936,0.678190,0.525378
937,0.680431,0.533683
938,0.681898,0.542273
939,0.683162,0.550690
940,0.684000,0.559073
941,0.684364,0.567519
942,0.684261,0.575928
943,0.683641,0.584419
944,0.682536,0.592860
945,0.680999,0.601179
946,0.679010,0.609387
947,0.676344,0.617556
948,0.673331,0.625608
949,0.669958,0.633369
950,0.666179,0.640877
951,0.661866,0.648180
952,0.657218,0.655237
953,0.652175,0.662011
954,0.646751,0.668446
955,0.640871,0.674588
956,0.634676,0.680410
957,0.628215,0.685863
958,0.621496,0.690946
959,0.614413,0.695612
960,0.607041,0.699890
961,0.599571,0.703745
962,0.591806,0.707139
963,0.583798,0.710121
964,0.575487,0.712531
965,0.567049,0.714553
966,0.558717,0.716140
967,0.550352,0.717270
968,0.541893,0.717843
969,0.533349,0.717939
970,0.524931,0.717610
971,0.516530,0.716800
972,0.508069,0.715017
973,0.499781,0.713187
974,0.491659,0.710960
975,0.483663,0.708282
976,0.475843,0.705133
977,0.468208,0.701546
978,0.460815,0.697516
979,0.453545,0.692931
980,0.446602,0.688029
981,0.439953,0.682712
982,0.433614,0.677110
983,0.427619,0.671159
984,0.421960,0.664874
985,0.416703,0.658213
986,0.411819,0.651306
987,0.407330,0.644141
988,0.403250,0.636706
989,0.399643,0.628918
990,0.396460,0.621047
991,0.393732,0.613001
992,0.391460,0.604632
993,0.389712,0.596154
994,0.388438,0.587685
995,0.387647,0.579128
996,0.387417,0.570485
997,0.388073,0.561655
998,0.388858,0.552896
999,0.390148,0.544271
1000,0.391946,0.535706
1001,0.394260,0.527216
1002,0.396946,0.518744
1003,0.400091,0.510267
1004,0.404105,0.501803
1005,0.407406,0.494639
1006,0.409893,0.488953
1007,0.412390,0.483541
1008,0.415510,0.478096
1009,0.418682,0.473269
1010,0.421400,0.469511
1011,0.423880,0.466512
1012,0.426228,0.464149
1013,0.428592,0.462310
1014,0.431468,0.460853
1015,0.435882,0.458255
1016,0.442370,0.455493
1017,0.448234,0.454197
1018,0.454213,0.453554
1019,0.458837,0.452848
1020,0.461432,0.452212
1021,0.464258,0.451253
1022,0.467157,0.450318
1023,0.470376,0.449369
1024,0.473515,0.448576
1025,0.476526,0.447989
1026,0.479437,0.447681
1027,0.482309,0.447658
1028,0.485085,0.448083
1029,0.488051,0.448736
1030,0.491631,0.449920
1031,0.495935,0.451782
1032,0.498072,0.454546
1033,0.499651,0.457294
1034,0.501474,0.460354
1035,0.504952,0.464117
1036,0.509525,0.468929
1037,0.513948,0.474543
1038,0.516507,0.479390
1039,0.518646,0.484539
1040,0.520449,0.489833
1041,0.521882,0.495262
1042,0.522956,0.500724
1043,0.523707,0.506236
1044,0.524043,0.511796
1045,0.523969,0.517383
1046,0.523438,0.522987
1047,0.522433,0.528599
1048,0.520897,0.534204
1049,0.518785,0.539862
1050,0.515998,0.545472
1051,0.512476,0.551172
1052,0.510094,0.557236
1053,0.508575,0.562558
1054,0.507008,0.567446
1055,0.505284,0.572044
1056,0.503308,0.576457
1057,0.501112,0.580672
1058,0.498670,0.584680
1059,0.495977,0.588437
1060,0.493057,0.591979
1061,0.489880,0.595257
1062,0.487376,0.598712
1063,0.485231,0.602545
1064,0.484079,0.605928
1065,0.484597,0.608468
1066,0.485766,0.610456
1067,0.486321,0.611782
1068,0.485759,0.613338
1069,0.483557,0.615135
1070,0.482045,0.616955
1071,0.480629,0.617971
1072,0.478942,0.618226
1073,0.477364,0.618027
1074,0.476926,0.618605
1075,0.478087,0.620040
1076,0.479404,0.621330
1077,0.481197,0.622119
1078,0.481343,0.621567
1079,0.479251,0.619708
1080,0.478856,0.618245
1081,0.479259,0.616261
1082,0.477220,0.613467
1083,0.472470,0.609343
1084,0.465249,0.603837
1085,0.456130,0.596905
1086,0.450046,0.590782
1087,0.449110,0.587871
1088,0.449893,0.585797
1089,0.451022,0.583517
1090,0.451935,0.580525
1091,0.451714,0.575980
1092,0.449258,0.568942
1093,0.444922,0.559384
1094,0.440017,0.548250
1095,0.435628,0.536382
1096,0.431922,0.524135
1097,0.428925,0.511653
1098,0.426647,0.499007
1099,0.425094,0.486247
1100,0.424271,0.473418
1101,0.424179,0.460562
1102,0.424819,0.447720
1103,0.426215,0.434907
1104,0.428352,0.422218
1105,0.431236,0.409635
1106,0.434831,0.397241
1107,0.439120,0.385065
1108,0.444032,0.373172
1109,0.449733,0.361564
1110,0.455986,0.350315
1111,0.463232,0.339456
1112,0.470742,0.329013
1113,0.478829,0.318973
1114,0.487455,0.309433
1115,0.496548,0.300413
1116,0.506204,0.291886
1117,0.516314,0.283936
1118,0.526856,0.276577
1119,0.537799,0.269829
1120,0.549096,0.263704
1121,0.560733,0.258246
1122,0.572666,0.253458
1123,0.584852,0.249357
1124,0.597247,0.245944
1125,0.609820,0.243256
1126,0.622528,0.241288
1127,0.635537,0.240355
1128,0.648387,0.239878
1129,0.661248,0.240114
1130,0.674080,0.241060
1131,0.686822,0.242756
1132,0.699468,0.245164
1133,0.711941,0.248297
1134,0.724244,0.252135
1135,0.736280,0.256681
1136,0.748068,0.261892
1137,0.759501,0.267794
1138,0.770635,0.274321
1139,0.781346,0.281449
1140,0.791608,0.289211
1141,0.801450,0.297523
1142,0.810759,0.306503
1143,0.819633,0.315858
1144,0.827865,0.325675
1145,0.835533,0.336000
1146,0.842624,0.346741
1147,0.849070,0.357885
1148,0.854894,0.369373
1149,0.860058,0.381164
1150,0.864519,0.393245
1151,0.868308,0.405553
1152,0.871368,0.418054
1153,0.873727,0.430727
1154,0.875372,0.443498
1155,0.876289,0.456338
1156,0.876446,0.469217
1157,0.875895,0.482083
1158,0.874586,0.494896
1159,0.872554,0.507654
1160,0.869760,0.520266
1161,0.866260,0.532702
1162,0.862083,0.544927
1163,0.857216,0.556876
1164,0.851645,0.568525
1165,0.845432,0.579811
1166,0.838209,0.590751
1167,0.830774,0.601315
1168,0.822770,0.611382
1169,0.814180,0.620982
1170,0.805072,0.630117
1171,0.795457,0.638698
1172,0.785370,0.646727
1173,0.774857,0.654157
1174,0.763905,0.660990
1175,0.752605,0.667172
1176,0.740983,0.672726
1177,0.729032,0.677586
1178,0.716848,0.681759
1179,0.704447,0.685214
1180,0.691832,0.688006
1181,0.679119,0.690048
1182,0.666281,0.691363
1183,0.653342,0.691851
1184,0.640428,0.691728
1185,0.627552,0.690755
1186,0.614700,0.689093
1187,0.602025,0.686715
1188,0.589472,0.683579
1189,0.577126,0.679805
1190,0.565015,0.675297
1191,0.553208,0.670052
1192,0.541678,0.664233
1193,0.530505,0.657720
1194,0.521035,0.651120
1195,0.515260,0.645867
1196,0.509190,0.640504
1197,0.501261,0.633420
1198,0.492748,0.624765
1199,0.484885,0.615153
1200,0.477187,0.604959
1201,0.470024,0.594285
1202,0.463447,0.583206
1203,0.457550,0.571771
1204,0.452302,0.560008
1205,0.447731,0.547963
1206,0.443867,0.535626
1207,0.440731,0.523079
1208,0.438255,0.510475
1209,0.436540,0.497699
1210,0.435548,0.484816
1211,0.435303,0.471946
1212,0.435840,0.459041
1213,0.437097,0.446150
1214,0.439064,0.433405
1215,0.441711,0.420789
1216,0.445160,0.408321
1217,0.449264,0.396092
1218,0.454036,0.384113
1219,0.459538,0.372418
1220,0.465652,0.361059
1221,0.472407,0.350038
1222,0.479802,0.339452
1223,0.487817,0.329318
1224,0.496389,0.319601
1225,0.505572,0.310441
1226,0.515161,0.301793
1227,0.525208,0.293675
1228,0.535799,0.286203
1229,0.546734,0.279309
1230,0.558018,0.273034
1231,0.569954,0.267692
1232,0.581916,0.262743
1233,0.594093,0.258503
1234,0.606487,0.254939
1235,0.619119,0.252120
1236,0.631841,0.250010
1237,0.644664,0.248621
1238,0.657585,0.247945
1239,0.670484,0.248046
1240,0.683359,0.248861
1241,0.696167,0.250405
1242,0.708916,0.252692
1243,0.721459,0.255687
1244,0.733816,0.259386
1245,0.745933,0.263810
1246,0.757978,0.268993
1247,0.769458,0.274763
1248,0.780646,0.281161
1249,0.791445,0.288213
1250,0.801852,0.295905
1251,0.811815,0.304113
1252,0.821271,0.312933
1253,0.830202,0.322257
1254,0.838602,0.332105
1255,0.846449,0.342356
1256,0.853690,0.353038
1257,0.860269,0.364173
1258,0.866277,0.375618
1259,0.871535,0.387404
1260,0.876143,0.399507
1261,0.880087,0.411875
1262,0.883313,0.424374
1263,0.885788,0.437064
1264,0.887497,0.449986
1265,0.888541,0.462859
1266,0.888868,0.475767
1267,0.888418,0.488750
1268,0.887211,0.501610
1269,0.885299,0.514459
1270,0.882677,0.527115
1271,0.879217,0.539619
1272,0.875158,0.551943
1273,0.870431,0.563956
1274,0.864918,0.575720
1275,0.858866,0.587176
1276,0.852089,0.598187
1277,0.844695,0.608851
1278,0.836719,0.619046
1279,0.828213,0.628807
1280,0.819072,0.638058
1281,0.809489,0.646736
1282,0.799428,0.654890
1283,0.788898,0.662437
1284,0.778006,0.669398
1285,0.766589,0.675707
1286,0.754967,0.681349
1287,0.743029,0.686340
1288,0.730787,0.690652
1289,0.718321,0.694230
1290,0.705721,0.697123
1291,0.692948,0.699256
1292,0.679988,0.700672
1293,0.667058,0.701293
1294,0.654110,0.701280
1295,0.641170,0.700466
1296,0.628285,0.698937
1297,0.615546,0.696650
1298,0.602906,0.693607
1299,0.590440,0.689983
1300,0.578300,0.685567
1301,0.566384,0.680445
1302,0.554785,0.674653
1303,0.543523,0.668231
1304,0.532627,0.661100
1305,0.522179,0.653428
1306,0.512129,0.645214
1307,0.502628,0.636462
1308,0.493667,0.627030
1309,0.485214,0.617216
1310,0.477284,0.606948
1311,0.470034,0.596169
1312,0.463349,0.585066
1313,0.457370,0.573609
1314,0.452044,0.561669
1315,0.451247,0.554320
1316,0.449247,0.546405
1317,0.448191,0.538390
1318,0.447432,0.529837
1319,0.447796,0.521003
1320,0.449056,0.512211
1321,0.450121,0.502037
1322,0.450628,0.489953
1323,0.451675,0.477303
1324,0.453472,0.464562
1325,0.456125,0.451823
1326,0.459422,0.439319
1327,0.463404,0.427013
1328,0.468100,0.414942
1329,0.473524,0.403148
1330,0.482466,0.391288
1331,0.493258,0.381347
1332,0.505081,0.372397
1333,0.515230,0.362006
1334,0.525426,0.352736
1335,0.536611,0.344771
1336,0.548319,0.337520
1337,0.560470,0.330963
1338,0.572955,0.325094
1339,0.585778,0.319957
1340,0.598874,0.315562
1341,0.612182,0.311901
1342,0.625784,0.309033
1343,0.639418,0.306929
1344,0.653172,0.305608
1345,0.666961,0.305051
1346,0.680753,0.305328
1347,0.694507,0.306327
1348,0.708178,0.308117
1349,0.721734,0.310641
1350,0.735090,0.313963
1351,0.748255,0.318051
1352,0.761171,0.322885
1353,0.773791,0.328446
1354,0.786075,0.334714
1355,0.797998,0.341706
1356,0.809491,0.349326
1357,0.820532,0.357691
1358,0.831086,0.366567
1359,0.841112,0.376033
1360,0.850584,0.386055
1361,0.859447,0.396468
1362,0.867718,0.407486
1363,0.875363,0.419043
1364,0.882320,0.430946
1365,0.888550,0.443255
1366,0.894133,0.455870
1367,0.898974,0.468781
1368,0.903071,0.481949
1369,0.906459,0.495200
1370,0.909021,0.508828
1371,0.910814,0.522500
1372,0.911829,0.536257
1373,0.914614,0.551172
1374,0.917014,0.566655
1375,0.918586,0.582324
1376,0.919276,0.598070
1377,0.919072,0.613832
1378,0.917968,0.629560
1379,0.915773,0.645136
1380,0.912874,0.660638
1381,0.909123,0.675945
1382,0.904568,0.691071
1383,0.899082,0.705822
1384,0.892827,0.720223
1385,0.885719,0.734303
1386,0.877816,0.747949
1387,0.869149,0.761121
1388,0.859746,0.773778
1389,0.849637,0.785880
1390,0.839066,0.797383
1391,0.827666,0.808310
1392,0.815654,0.818537
1393,0.803078,0.828056
1394,0.789981,0.836840
1395,0.776404,0.844864
1396,0.762391,0.852103
1397,0.748049,0.858523
1398,0.733280,0.863997
1399,0.718236,0.868768
1400,0.703036,0.872774
1401,0.687547,0.875914
1402,0.671934,0.878035
1403,0.656273,0.879294
1404,0.640493,0.879648
1405,0.624725,0.879100
1406,0.609071,0.877524
1407,0.593439,0.875221
1408,0.577990,0.872011
1409,0.562719,0.867939
1410,0.547785,0.863047
1411,0.533105,0.857316
1412,0.518889,0.850601
1413,0.504935,0.843174
1414,0.491452,0.834977
1415,0.478465,0.826025
1416,0.466009,0.816347
1417,0.454125,0.805975
1418,0.442850,0.794943
1419,0.432096,0.783445
1420,0.422280,0.771157
1421,0.413032,0.758366
1422,0.404533,0.745071
1423,0.396806,0.731313
1424,0.389876,0.717138
1425,0.383775,0.702609
1426,0.378478,0.687784
1427,0.374031,0.672631
1428,0.370563,0.657327
1429,0.367823,0.641781
1430,0.366020,0.626104
1431,0.365122,0.610353
1432,0.365101,0.594639
1433,0.365985,0.578874
1434,0.367772,0.563196
1435,0.370453,0.547647
1436,0.374133,0.532315
1437,0.378338,0.517207
1438,0.383598,0.502327
1439,0.389711,0.487776
1440,0.396645,0.473599
1441,0.404376,0.459838
1442,0.412961,0.446663
1443,0.422153,0.433871
1444,0.432080,0.421615
1445,0.442702,0.409926
1446,0.453897,0.398869
1447,0.465737,0.388449
1448,0.478187,0.378751
1449,0.491113,0.369805
1450,0.504805,0.361896
1451,0.518716,0.354470
1452,0.533026,0.347839
1453,0.547691,0.342033
1454,0.562655,0.336959
1455,0.577738,0.332820
1456,0.593171,0.329510
1457,0.608780,0.327147
1458,0.624496,0.325687
1459,0.640271,0.325127
1460,0.656047,0.325468
1461,0.671715,0.326684
1462,0.687370,0.328800
1463,0.702836,0.331802
1464,0.718151,0.335672
1465,0.733206,0.340422
1466,0.747989,0.346009
1467,0.762393,0.352282
1468,0.776326,0.359617
1469,0.789934,0.367637
1470,0.803050,0.376417
1471,0.815685,0.385910
1472,0.827721,0.396116
1473,0.839137,0.407008
1474,0.849923,0.418533
1475,0.860039,0.430655
1476,0.869307,0.443388
1477,0.877998,0.456584
1478,0.886018,0.470129
1479,0.893168,0.484214
1480,0.899487,0.498685
1481,0.904968,0.513492
1482,0.909593,0.528570
1483,0.913394,0.543842
1484,0.916156,0.559383
1485,0.918169,0.575050
1486,0.919280,0.590796
1487,0.919490,0.606578
1488,0.918799,0.622348
1489,0.917399,0.637945
1490,0.914971,0.653557
1491,0.911609,0.668969
1492,0.907389,0.684179
1493,0.902304,0.699126
1494,0.896379,0.713760
1495,0.889672,0.728004
1496,0.882125,0.741879
1497,0.873799,0.755295
1498,0.864722,0.768214
1499,0.854922,0.780596
1500,0.844400,0.792279
1501,0.833293,0.803509
1502,0.821662,0.814127
1503,0.809336,0.824004
1504,0.796463,0.833148
1505,0.783090,0.841543
1506,0.769308,0.849009
1507,0.755054,0.855864
1508,0.740454,0.861976
1509,0.725550,0.867116
1510,0.710360,0.871412
1511,0.695028,0.874947
1512,0.679513,0.877535
1513,0.663844,0.879067
1514,0.648033,0.879851
1515,0.632234,0.879736
1516,0.616474,0.878716
1517,0.600799,0.876801
1518,0.585324,0.874039
1519,0.570016,0.870431
1520,0.554855,0.865980
1521,0.540059,0.860474
1522,0.525535,0.854253
1523,0.511400,0.847213
1524,0.497729,0.839439
1525,0.484472,0.830846
1526,0.471652,0.821553
1527,0.459511,0.811500
1528,0.448066,0.800680
1529,0.437027,0.789444
1530,0.426721,0.777534
1531,0.417089,0.764998
1532,0.408203,0.751936
1533,0.400080,0.738390
1534,0.392742,0.724403
1535,0.386214,0.710020
1536,0.380666,0.695366
1537,0.375785,0.680302
1538,0.371792,0.665039
1539,0.368635,0.649547
1540,0.366347,0.633959
1541,0.364929,0.618243
1542,0.364438,0.602516
1543,0.364870,0.586719
1544,0.366350,0.571052
1545,0.368588,0.555378
1546,0.371709,0.539896
1547,0.375702,0.524617
1548,0.380518,0.509643
1549,0.386147,0.494920
1550,0.392603,0.480517
1551,0.399925,0.466521
1552,0.408042,0.452968
1553,0.416916,0.439899
1554,0.426473,0.427386
1555,0.436858,0.415527
1556,0.447824,0.404134
1557,0.459388,0.393383
1558,0.471568,0.383311
1559,0.484248,0.373861
1560,0.497404,0.365244
1561,0.511110,0.357400
1562,0.525246,0.350351
1563,0.539779,0.344275
1564,0.554631,0.338863
1565,0.569757,0.334220
1566,0.585116,0.330552
1567,0.600665,0.327760
1568,0.616351,0.325856
1569,0.632052,0.324736
1570,0.647861,0.324590
1571,0.663579,0.325509
1572,0.679322,0.327177
1573,0.694921,0.329739
1574,0.710342,0.333189
1575,0.725509,0.337525
1576,0.740459,0.342681
1577,0.755017,0.348652
1578,0.769282,0.355481
1579,0.783008,0.363241
1580,0.796410,0.371501
1581,0.809312,0.380635
1582,0.821655,0.390500
1583,0.833383,0.400988
1584,0.844613,0.412150
1585,0.855089,0.423974
1586,0.864878,0.436377
1587,0.873947,0.449319
1588,0.882107,0.462809
1589,0.889648,0.476629
1590,0.896417,0.490925
1591,0.902375,0.505515
1592,0.907521,0.520437
1593,0.911753,0.535667
1594,0.915108,0.551111
1595,0.917612,0.566631
1596,0.919227,0.582372
1597,0.919764,0.598130
1598,0.919561,0.613941
1599,0.918524,0.629669
1600,0.916532,0.645346
1601,0.913637,0.660883
1602,0.909971,0.676193
1603,0.905439,0.691381
1604,0.900060,0.706144
1605,0.893622,0.720519
1606,0.886481,0.734657
1607,0.878561,0.748339
1608,0.869869,0.761541
1609,0.860439,0.774226
1610,0.850365,0.786324
1611,0.839564,0.797878
1612,0.828206,0.808798
1613,0.816191,0.819039
1614,0.803614,0.828605
1615,0.790484,0.837433
1616,0.776931,0.845482
1617,0.762896,0.852722
1618,0.748459,0.859174
1619,0.733679,0.864791
1620,0.718603,0.869551
1621,0.703369,0.873415
1622,0.687877,0.876635
1623,0.672244,0.878793
1624,0.656480,0.880031
1625,0.640703,0.880207
1626,0.624889,0.879653
1627,0.609205,0.878235
1628,0.593548,0.875904
1629,0.578067,0.872680
1630,0.562795,0.868569
1631,0.547808,0.863661
1632,0.533119,0.857923
1633,0.518771,0.851380
1634,0.504818,0.843939
1635,0.491295,0.835726
1636,0.478274,0.826745
1637,0.465785,0.817041
1638,0.454017,0.806561
1639,0.442672,0.795554
1640,0.431993,0.783879
1641,0.421890,0.771661
1642,0.412582,0.758970
1643,0.404057,0.745642
1644,0.396314,0.731908
1645,0.389352,0.717696
1646,0.383387,0.703091
1647,0.378076,0.688165
1648,0.373636,0.672976
1649,0.370067,0.657635
1650,0.367381,0.642066
1651,0.365411,0.626408
1652,0.364458,0.610602
1653,0.364443,0.594776
1654,0.365332,0.578979
1655,0.367314,0.563246
1656,0.369939,0.547731
1657,0.373494,0.532310
1658,0.377929,0.517124
1659,0.383108,0.502142
1660,0.388840,0.487039
1661,0.395708,0.472242
1662,0.403676,0.457857
1663,0.412462,0.443488
1664,0.421330,0.428528
1665,0.431328,0.413792
1666,0.442640,0.399237
1667,0.453846,0.385520
1668,0.465449,0.372456
1669,0.477618,0.360199
1670,0.490572,0.348504
1671,0.504155,0.337597
1672,0.518334,0.327482
1673,0.533068,0.318193
1674,0.548304,0.309758
1675,0.563829,0.302191
1676,0.579906,0.295515
1677,0.596355,0.289778
1678,0.613126,0.285072
1679,0.630114,0.281230
1680,0.647292,0.278376
1681,0.664609,0.276507
1682,0.682007,0.275625
1683,0.699314,0.275743
1684,0.716708,0.276841
1685,0.734009,0.278925
1686,0.751162,0.281991
1687,0.768103,0.286039
1688,0.784728,0.290904
1689,0.801126,0.296809
1690,0.817145,0.303625
1691,0.832767,0.311362
1692,0.847917,0.319976
1693,0.862540,0.329448
1694,0.876519,0.339670
1695,0.889989,0.350738
1696,0.902798,0.362557
1697,0.914927,0.375077
1698,0.926315,0.388273
1699,0.936929,0.402091
1700,0.946755,0.416491
1701,0.955739,0.431424
1702,0.963571,0.446864
1703,0.970799,0.462702
1704,0.977208,0.478924
1705,0.982618,0.495498
1706,0.987032,0.512296
1707,0.990561,0.529403
1708,0.993064,0.546648
1709,0.994581,0.564005
1710,0.995106,0.581422
1711,0.994733,0.598864
1712,0.993286,0.616237
1713,0.990632,0.633318
1714,0.987191,0.650413
1715,0.982807,0.667280
1716,0.977474,0.683868
1717,0.971205,0.700126
1718,0.964104,0.716072
1719,0.956065,0.731531
1720,0.947124,0.746500
1721,0.937345,0.760932
1722,0.926763,0.774783
1723,0.915479,0.787924
1724,0.903371,0.800476
1725,0.890593,0.812300
1726,0.877207,0.823532
1727,0.863171,0.833882
1728,0.848563,0.843385
1729,0.833442,0.852064
1730,0.817854,0.859866
1731,0.801877,0.866476
1732,0.785510,0.872476
1733,0.768824,0.877517
1734,0.751882,0.881705
1735,0.734733,0.884828
1736,0.717451,0.887009
1737,0.700053,0.888162
1738,0.682620,0.888321
1739,0.665194,0.887563
1740,0.647844,0.885807
1741,0.630628,0.883010
1742,0.613602,0.879235
1743,0.597051,0.874173
1744,0.580598,0.868506
1745,0.564426,0.861997
1746,0.548661,0.854521
1747,0.533435,0.846614
1748,0.519708,0.843594
1749,0.506105,0.841892
1750,0.494152,0.841167
1751,0.483499,0.840761
1752,0.473028,0.839974
1753,0.463609,0.835214
1754,0.455112,0.826874
1755,0.446200,0.819366
1756,0.437139,0.812802
1757,0.428163,0.806548
1758,0.419272,0.800365
1759,0.410485,0.794153
1760,0.401246,0.787335
1761,0.391131,0.779290
1762,0.381998,0.772085
1763,0.373849,0.765316
1764,0.366207,0.758302
1765,0.359004,0.750897
1766,0.352268,0.743166
1767,0.345931,0.734992
1768,0.340109,0.726489
1769,0.334732,0.717669
1770,0.329881,0.708549
1771,0.325502,0.699214
1772,0.321765,0.689579
1773,0.318591,0.679797
1774,0.315913,0.669837
1775,0.313805,0.659739
1776,0.312301,0.649508
1777,0.311380,0.639210
1778,0.311025,0.628903
1779,0.311308,0.618592
1780,0.312137,0.608350
1781,0.313550,0.598158
1782,0.315593,0.588083
1783,0.318150,0.578092
1784,0.321270,0.568262
1785,0.324945,0.558625
1786,0.329234,0.549257
1787,0.333935,0.540109
1788,0.339172,0.531251
1789,0.344914,0.522710
1790,0.351134,0.514515
1791,0.357775,0.506705
1792,0.364947,0.499252
1793,0.372485,0.492214
1794,0.380437,0.485616
1795,0.388759,0.479483
1796,0.397383,0.473827
1797,0.406340,0.468678
1798,0.415565,0.464091
1799,0.424992,0.460016
