0,-0.402837,0.166257
1,-0.402837,0.166257
2,-0.402837,0.166257
3,-0.402837,0.166257
4,-0.402837,0.166257
5,-0.411850,0.157961
6,-0.423390,0.145486
7,-0.434162,0.132337
8,-0.437151,0.128646
9,-0.437151,0.128646
10,-0.437151,0.128646
11,-0.437151,0.128646
12,-0.427851,0.120672
13,-0.414105,0.110681
14,-0.399779,0.101532
15,-0.384957,0.093214
16,-0.369685,0.085751
17,-0.365405,0.083691
18,-0.353167,0.083144
19,-0.336184,0.083750
20,-0.319937,0.081749
21,-0.303306,0.083183
22,-0.286534,0.084089
23,-0.269338,0.081511
24,-0.251751,0.079636
25,-0.233776,0.078618
26,-0.215437,0.078604
27,-0.196795,0.079757
28,-0.181660,0.087586
29,-0.167710,0.097297
30,-0.152924,0.106549
31,-0.136883,0.115214
32,-0.121030,0.124719
33,-0.105449,0.135128
34,-0.090247,0.146502
35,-0.075766,0.157681
36,-0.069400,0.173002
37,-0.066225,0.189697
38,-0.061739,0.206657
39,-0.056295,0.224057
40,-0.049974,0.240554
41,-0.043545,0.256184
42,-0.038247,0.271805
43,-0.034340,0.286982
44,-0.031810,0.301716
45,-0.030546,0.316208
46,-0.030537,0.330332
47,-0.035490,0.335099
48,-0.042067,0.336818
49,-0.047376,0.338130
50,-0.052665,0.339216
51,-0.057997,0.340075
52,-0.063375,0.340706
53,-0.068790,0.341105
54,-0.074234,0.341269
55,-0.079698,0.341197
56,-0.085172,0.340885
57,-0.090646,0.340332
58,-0.096112,0.339537
59,-0.101558,0.338499
60,-0.106974,0.337217
61,-0.112351,0.335690
62,-0.117442,0.333629
63,-0.122691,0.331628
64,-0.127869,0.329385
65,-0.132966,0.326902
66,-0.137969,0.324179
67,-0.142869,0.321219
68,-0.147655,0.318026
69,-0.152314,0.314601
70,-0.156837,0.310950
71,-0.161212,0.307075
72,-0.165428,0.302983
73,-0.169474,0.298678
74,-0.173339,0.294167
75,-0.177012,0.289455
76,-0.180483,0.284551
77,-0.183741,0.279462
78,-0.186777,0.274195
79,-0.189579,0.268761
80,-0.192139,0.263168
81,-0.194447,0.257427
82,-0.196494,0.251547
83,-0.198271,0.245541
84,-0.199771,0.239420
85,-0.200986,0.233196
86,-0.201907,0.226882
87,-0.202530,0.220492
88,-0.202847,0.214038
89,-0.202854,0.207536
90,-0.202545,0.201000
91,-0.201916,0.194445
92,-0.200964,0.187887
93,-0.199686,0.181340
94,-0.198081,0.174823
95,-0.195952,0.168668
96,-0.193709,0.162269
97,-0.191140,0.155947
98,-0.188243,0.149719
99,-0.185023,0.143602
100,-0.181481,0.137614
101,-0.177621,0.131770
102,-0.173449,0.126089
103,-0.168971,0.120587
104,-0.164193,0.115281
105,-0.159123,0.110187
106,-0.153770,0.105323
107,-0.148143,0.100705
108,-0.142254,0.096347
109,-0.136112,0.092265
110,-0.129732,0.088475
111,-0.123126,0.084990
112,-0.116309,0.081825
113,-0.109295,0.078992
114,-0.102100,0.076503
115,-0.094742,0.074372
116,-0.087237,0.072608
117,-0.079604,0.071221
118,-0.071861,0.070221
119,-0.064029,0.069616
120,-0.056127,0.069413
121,-0.048176,0.069619
122,-0.040196,0.070239
123,-0.032211,0.071276
124,-0.024241,0.072734
125,-0.016309,0.074614
126,-0.008437,0.076917
127,-0.001004,0.079757
128,0.006672,0.082878
129,0.014219,0.086414
130,0.021615,0.090363
131,0.028838,0.094718
132,0.035865,0.099474
133,0.042674,0.104621
134,0.049242,0.110151
135,0.055547,0.116053
136,0.061568,0.122314
137,0.067284,0.128922
138,0.072675,0.135862
139,0.077722,0.143118
140,0.082405,0.150674
141,0.086706,0.158511
142,0.090608,0.166610
143,0.094095,0.174952
144,0.097152,0.183515
145,0.099765,0.192276
146,0.101919,0.201214
147,0.103605,0.210303
148,0.104811,0.219520
149,0.105527,0.228838
150,0.105747,0.238232
151,0.105462,0.247675
152,0.104670,0.257140
153,0.103365,0.266600
154,0.101545,0.276025
155,0.099211,0.285389
156,0.096363,0.294662
157,0.093004,0.303817
158,0.089138,0.312824
159,0.084743,0.321284
160,0.079909,0.329912
161,0.074593,0.338309
162,0.068803,0.346448
163,0.062552,0.354303
164,0.055852,0.361847
165,0.048719,0.369054
166,0.041170,0.375898
167,0.033222,0.382355
168,0.024896,0.388403
169,0.016213,0.394017
170,0.007194,0.399177
171,-0.002135,0.403864
172,-0.011752,0.408056
173,-0.021628,0.411738
174,-0.031737,0.414892
175,-0.042051,0.417504
176,-0.052541,0.419561
177,-0.063176,0.421050
178,-0.073925,0.421962
179,-0.084758,0.422288
180,-0.095641,0.422021
181,-0.106543,0.421157
182,-0.117430,0.419693
183,-0.128269,0.417627
184,-0.139026,0.414960
185,-0.149668,0.411694
186,-0.160161,0.407834
187,-0.170471,0.403386
188,-0.180566,0.398358
189,-0.190412,0.392761
190,-0.199977,0.386607
191,-0.209228,0.379908
192,-0.217777,0.372781
193,-0.226319,0.365075
194,-0.234459,0.356878
195,-0.242168,0.348210
196,-0.249419,0.339095
197,-0.256184,0.329556
198,-0.262440,0.319619
199,-0.268162,0.309311
200,-0.273328,0.298662
201,-0.277918,0.287701
202,-0.281912,0.276459
203,-0.285294,0.264970
204,-0.288047,0.253266
205,-0.290158,0.241382
206,-0.291615,0.229354
207,-0.292409,0.217218
208,-0.292532,0.205010
209,-0.291978,0.192769
210,-0.290743,0.180532
211,-0.288826,0.168336
212,-0.286227,0.156222
213,-0.282950,0.144226
214,-0.279000,0.132387
215,-0.274383,0.120743
216,-0.269110,0.109332
217,-0.263191,0.098192
218,-0.256641,0.087359
219,-0.249475,0.076870
220,-0.241711,0.066760
221,-0.233370,0.057062
222,-0.224473,0.047812
223,-0.215043,0.039040
224,-0.205295,0.031101
225,-0.193393,0.024565
226,-0.178557,0.022907
227,-0.166867,0.021159
228,-0.157360,0.018247
229,-0.149093,0.017067
230,-0.148598,0.025977
231,-0.152663,0.037765
232,-0.156959,0.048163
233,-0.161891,0.058011
234,-0.167293,0.067498
235,-0.171148,0.077293
236,-0.174514,0.085684
237,-0.178088,0.093207
238,-0.181947,0.100211
239,-0.186111,0.106846
240,-0.190559,0.113192
241,-0.195641,0.119299
242,-0.200600,0.125063
243,-0.205787,0.130535
244,-0.207213,0.136671
245,-0.200810,0.143513
246,-0.193556,0.149922
247,-0.186481,0.156515
248,-0.179724,0.163485
249,-0.173315,0.170844
250,-0.167279,0.178577
251,-0.161637,0.186666
252,-0.156412,0.195091
253,-0.151623,0.203831
254,-0.147289,0.212863
255,-0.143429,0.222164
256,-0.140059,0.231708
257,-0.137195,0.241471
258,-0.134851,0.251424
259,-0.133039,0.261540
260,-0.131772,0.271791
261,-0.131058,0.282147
262,-0.130905,0.292578
263,-0.131321,0.303053
264,-0.132309,0.313541
265,-0.133873,0.324012
266,-0.136014,0.334432
267,-0.138731,0.344769
268,-0.142022,0.354993
269,-0.145883,0.365069
270,-0.150309,0.374967
271,-0.155290,0.384655
272,-0.160818,0.394100
273,-0.167552,0.401117
274,-0.175214,0.405390
275,-0.181629,0.403163
276,-0.183858,0.391107
277,-0.183970,0.386359
278,-0.183970,0.386359
279,-0.184960,0.384218
280,-0.185147,0.383918
281,-0.180983,0.383585
282,-0.170011,0.381999
283,-0.154207,0.378597
284,-0.137475,0.375606
285,-0.120608,0.373583
286,-0.103644,0.372512
287,-0.086647,0.372407
288,-0.069671,0.373270
289,-0.052772,0.375097
290,-0.036005,0.377883
291,-0.019423,0.381619
292,-0.003080,0.386291
293,0.012970,0.391886
294,0.028676,0.398385
295,0.043987,0.405768
296,0.058853,0.414009
297,0.073226,0.423083
298,0.074516,0.423176
299,0.070302,0.419520
300,0.066268,0.416062
301,0.062212,0.413275
302,0.053496,0.414364
303,0.042982,0.412159
304,0.039712,0.418931
305,0.040060,0.423440
306,0.040291,0.427511
307,0.037636,0.431248
308,0.032760,0.434273
309,0.027987,0.437017
310,0.023118,0.439552
311,0.018128,0.441879
312,0.013022,0.443992
313,0.007806,0.445885
314,0.002489,0.447552
315,-0.002919,0.448987
316,-0.008411,0.450184
317,-0.013976,0.451140
318,-0.019604,0.451848
319,-0.025286,0.452304
320,-0.031010,0.452505
321,-0.036767,0.452446
322,-0.043334,0.449741
323,-0.049340,0.443985
324,-0.054041,0.436051
325,-0.057600,0.426824
326,-0.060324,0.417138
327,-0.062199,0.407088
328,-0.063220,0.396761
329,-0.063388,0.386236
330,-0.062672,0.375660
331,-0.061161,0.364963
332,-0.058826,0.354295
333,-0.055689,0.343715
334,-0.051770,0.333285
335,-0.047085,0.323121
336,-0.041667,0.313184
337,-0.035563,0.303537
338,-0.028966,0.294199
339,-0.028454,0.283654
340,-0.033929,0.273093
341,-0.041009,0.263350
342,-0.046262,0.254239
343,-0.049951,0.245159
344,-0.052237,0.236124
345,-0.053265,0.227232
346,-0.053166,0.218573
347,-0.052067,0.210226
348,-0.050084,0.202251
349,-0.047334,0.194697
350,-0.043926,0.187600
351,-0.039967,0.180987
352,-0.035587,0.174895
353,-0.030084,0.169502
354,-0.023122,0.165612
355,-0.015361,0.163453
356,-0.006157,0.162905
357,0.005062,0.164670
358,0.015452,0.163631
359,0.022481,0.157701
360,0.026670,0.148203
361,0.028416,0.135518
362,0.028845,0.121546
363,0.029787,0.107665
364,0.031503,0.093825
365,0.033998,0.080069
366,0.037268,0.066441
367,0.043050,0.050947
368,0.048550,0.033676
369,0.054352,0.016459
370,0.061110,-0.000290
371,0.068793,-0.016531
372,0.077368,-0.032225
373,0.086800,-0.047330
374,0.097052,-0.061807
375,0.108086,-0.075617
376,0.119861,-0.088723
377,0.132337,-0.101088
378,0.145468,-0.112680
379,0.159209,-0.123467
380,0.173513,-0.133419
381,0.188333,-0.142508
382,0.203617,-0.150712
383,0.219315,-0.158006
384,0.235375,-0.164374
385,0.251743,-0.169797
386,0.268366,-0.174263
387,0.285190,-0.177760
388,0.302159,-0.180282
389,0.319219,-0.181823
390,0.336313,-0.182381
391,0.353388,-0.181959
392,0.370387,-0.180560
393,0.387257,-0.178192
394,0.403942,-0.174865
395,0.420390,-0.170592
396,0.436548,-0.165390
397,0.452364,-0.159277
398,0.467788,-0.152276
399,0.482184,-0.144520
400,0.495629,-0.136122
401,0.508587,-0.126968
402,0.521014,-0.117087
403,0.532869,-0.106508
404,0.544114,-0.095266
405,0.554709,-0.083395
406,0.564622,-0.070933
407,0.573817,-0.057919
408,0.582264,-0.044396
409,0.589935,-0.030405
410,0.596804,-0.015992
411,0.602848,-0.001203
412,0.608046,0.013915
413,0.612379,0.029313
414,0.619399,0.039187
415,0.627503,0.040521
416,0.630228,0.043344
417,0.635578,0.050749
418,0.645199,0.056807
419,0.662612,0.060575
420,0.678779,0.061788
421,0.695520,0.058851
422,0.712676,0.059098
423,0.730310,0.064123
424,0.747752,0.070354
425,0.764903,0.077300
426,0.781735,0.084846
427,0.798234,0.092918
428,0.814388,0.101441
429,0.828212,0.111527
430,0.840921,0.122808
431,0.852932,0.134836
432,0.864238,0.147528
433,0.874804,0.160842
434,0.881338,0.167119
435,0.891255,0.172342
436,0.899655,0.176756
437,0.907030,0.190728
438,0.913678,0.209683
439,0.919329,0.230593
440,0.923882,0.251926
441,0.928323,0.262112
442,0.931579,0.273595
443,0.929542,0.286492
444,0.929405,0.298144
445,0.928322,0.309613
446,0.931508,0.311416
447,0.931735,0.311338
448,0.928774,0.307092
449,0.929593,0.302097
450,0.930205,0.293209
451,0.934066,0.287223
452,0.927036,0.277846
453,0.915557,0.265315
454,0.912380,0.261784
455,0.912380,0.261784
456,0.913400,0.262974
457,0.913400,0.262974
458,0.913400,0.262974
459,0.913400,0.262974
460,0.913400,0.262974
461,0.913400,0.262974
462,0.913400,0.262974
463,0.918552,0.274088
464,0.924440,0.290029
465,0.929361,0.306299
466,0.933347,0.322822
467,0.936387,0.339546
468,0.938470,0.356415
469,0.939591,0.373376
470,0.939744,0.390372
471,0.938931,0.407350
472,0.937152,0.424255
473,0.934415,0.441030
474,0.930728,0.457623
475,0.926102,0.473979
476,0.920554,0.490046
477,0.914100,0.505770
478,0.912272,0.510154
479,0.912272,0.510154
480,0.912272,0.510154
481,0.900023,0.510307
482,0.883068,0.509156
483,0.866209,0.506987
484,0.849501,0.503862
485,0.832998,0.499792
486,0.816754,0.494790
487,0.800820,0.488871
488,0.785249,0.482056
489,0.770090,0.474365
490,0.756979,0.468942
491,0.746769,0.474903
492,0.733310,0.480881
493,0.723196,0.485761
494,0.710430,0.489098
495,0.694862,0.491416
496,0.690045,0.492216
497,0.690045,0.492216
498,0.688484,0.487768
499,0.687029,0.480231
500,0.686844,0.479178
501,0.686844,0.479178
502,0.686844,0.479178
503,0.686844,0.479178
504,0.686844,0.479178
505,0.697765,0.484729
506,0.712248,0.493619
507,0.726174,0.503365
508,0.739522,0.513888
509,0.752251,0.525153
510,0.764318,0.537124
511,0.775684,0.549762
512,0.786312,0.563027
513,0.789261,0.566751
514,0.789261,0.566751
515,0.789261,0.566751
516,0.783460,0.577540
517,0.774238,0.591814
518,0.764172,0.605510
519,0.753343,0.618612
520,0.741786,0.631076
521,0.729539,0.642863
522,0.719419,0.653748
523,0.712468,0.660189
524,0.703137,0.666749
525,0.690559,0.675615
526,0.676810,0.684734
527,0.662665,0.693152
528,0.648115,0.700827
529,0.633177,0.707646
530,0.617888,0.713694
531,0.602335,0.718953
532,0.586539,0.723376
533,0.570547,0.726953
534,0.554407,0.729686
535,0.538161,0.731586
536,0.521773,0.732018
537,0.505414,0.732160
538,0.489204,0.731383
539,0.473012,0.729734
540,0.456948,0.727258
541,0.441057,0.724008
542,0.425398,0.719914
543,0.410000,0.715025
544,0.393959,0.708872
545,0.378087,0.702612
546,0.362796,0.695300
547,0.347785,0.687318
548,0.333269,0.678512
549,0.319313,0.668878
550,0.305950,0.658445
551,0.293393,0.647206
552,0.281348,0.635343
553,0.270032,0.622811
554,0.259649,0.609591
555,0.249944,0.595805
556,0.241038,0.581531
557,0.233176,0.566762
558,0.226030,0.551582
559,0.219759,0.536071
560,0.214418,0.520240
561,0.210370,0.504104
562,0.209499,0.487814
563,0.210215,0.471093
564,0.212075,0.454219
565,0.214888,0.437486
566,0.217278,0.421213
567,0.219481,0.405572
568,0.222496,0.390264
569,0.226289,0.375106
570,0.231135,0.359865
571,0.237409,0.343677
572,0.244515,0.329096
573,0.251836,0.315161
574,0.259792,0.301779
575,0.268383,0.288757
576,0.277646,0.276287
577,0.287691,0.264476
578,0.298302,0.253233
579,0.310557,0.242906
580,0.324908,0.233922
581,0.339777,0.225797
582,0.355072,0.218528
583,0.370732,0.212128
584,0.386658,0.206564
585,0.402518,0.201819
586,0.418699,0.197982
587,0.434967,0.195187
588,0.439398,0.194458
589,0.437589,0.194348
590,0.438685,0.199766
591,0.444238,0.210529
592,0.445824,0.213238
593,0.451029,0.224327
594,0.456992,0.240241
595,0.462708,0.248268
596,0.467165,0.258263
597,0.468026,0.260697
598,0.468026,0.260697
599,0.468026,0.260697
600,0.468026,0.260697
601,0.468026,0.260697
602,0.468026,0.260697
603,0.468026,0.260697
604,0.468026,0.260697
605,0.468026,0.260697
606,0.468026,0.260697
607,0.468026,0.260697
608,0.467254,0.260559
609,0.466228,0.263244
610,0.466457,0.268250
611,0.467030,0.273397
612,0.468153,0.278028
613,0.469202,0.282374
614,0.470582,0.286297
615,0.472381,0.289801
616,0.474704,0.292902
617,0.477676,0.295631
618,0.478059,0.295892
619,0.483923,0.295720
620,0.493259,0.295143
621,0.502709,0.294823
622,0.512240,0.294760
623,0.521872,0.294960
624,0.529437,0.296643
625,0.535942,0.299076
626,0.542242,0.301821
627,0.548434,0.305220
628,0.554330,0.308534
629,0.560018,0.312112
630,0.565485,0.315941
631,0.570723,0.320007
632,0.575720,0.324297
633,0.580469,0.328797
634,0.584962,0.333494
635,0.589192,0.338372
636,0.593152,0.343419
637,0.596838,0.348619
638,0.600244,0.353958
639,0.603366,0.359420
640,0.606201,0.364992
641,0.608748,0.370659
642,0.611003,0.376407
643,0.612966,0.382220
644,0.614636,0.388084
645,0.616368,0.392392
646,0.620057,0.393646
647,0.625390,0.394248
648,0.631794,0.394693
649,0.638898,0.395246
650,0.646460,0.396038
651,0.654325,0.397159
652,0.662382,0.398656
653,0.670552,0.400562
654,0.678780,0.402888
655,0.687014,0.405652
656,0.695217,0.408858
657,0.703348,0.412514
658,0.711373,0.416620
659,0.718904,0.421145
660,0.726645,0.426154
661,0.734123,0.431641
662,0.741379,0.437464
663,0.748359,0.443722
664,0.755032,0.450392
665,0.761367,0.457451
666,0.767336,0.464882
667,0.772913,0.472661
668,0.778068,0.480770
669,0.782759,0.489219
670,0.787013,0.497913
671,0.790809,0.506796
672,0.794080,0.515920
673,0.796829,0.525234
674,0.799050,0.534702
675,0.800732,0.544290
676,0.802442,0.554165
677,0.805184,0.565818
678,0.807368,0.578659
679,0.808885,0.592224
680,0.809651,0.606191
681,0.809629,0.620356
682,0.808798,0.634596
683,0.807156,0.648821
684,0.804702,0.662966
685,0.801444,0.676980
686,0.797398,0.690803
687,0.792564,0.704385
688,0.786964,0.717683
689,0.780619,0.730653
690,0.773536,0.743251
691,0.765742,0.755439
692,0.757263,0.767177
693,0.748311,0.778050
694,0.738597,0.788734
695,0.728283,0.798861
696,0.717401,0.808397
697,0.705985,0.817308
698,0.694072,0.825567
699,0.681710,0.833134
700,0.668951,0.839969
701,0.655811,0.846074
702,0.642334,0.851430
703,0.628563,0.856017
704,0.614540,0.859821
705,0.600362,0.862813
706,0.586062,0.864966
707,0.571649,0.866305
708,0.557172,0.866825
709,0.542244,0.867908
710,0.525666,0.868253
711,0.508789,0.867264
712,0.491851,0.865309
713,0.475088,0.862368
714,0.458526,0.858497
715,0.442203,0.853675
716,0.426179,0.847943
717,0.410467,0.841280
718,0.395206,0.833708
719,0.380386,0.825299
720,0.366066,0.816062
721,0.352291,0.806013
722,0.339092,0.795189
723,0.326901,0.783850
724,0.315109,0.771718
725,0.303952,0.758848
726,0.293532,0.745371
727,0.283902,0.731292
728,0.275064,0.716654
729,0.267039,0.701568
730,0.259922,0.686070
731,0.253732,0.670128
732,0.248386,0.653971
733,0.244049,0.637517
734,0.240608,0.620828
735,0.238150,0.603953
736,0.236646,0.586966
737,0.236125,0.569930
738,0.236542,0.552904
739,0.237945,0.535896
740,0.240318,0.519017
741,0.243648,0.502297
742,0.247898,0.485793
743,0.253083,0.469558
744,0.259049,0.454104
745,0.265986,0.438527
746,0.273829,0.423382
747,0.282567,0.408704
748,0.292110,0.394590
749,0.302417,0.381019
750,0.313504,0.368034
751,0.325363,0.355687
752,0.337783,0.344056
753,0.350874,0.333172
754,0.364583,0.323044
755,0.378846,0.313712
756,0.393621,0.305210
757,0.408849,0.297605
758,0.424066,0.290966
759,0.440041,0.285029
760,0.456359,0.280094
761,0.472918,0.276081
762,0.489697,0.272970
763,0.506628,0.270835
764,0.523621,0.269680
765,0.540649,0.269487
766,0.557676,0.270252
767,0.574633,0.272008
768,0.591466,0.274701
769,0.608084,0.278393
770,0.624517,0.282975
771,0.640653,0.288528
772,0.656459,0.294985
773,0.671851,0.302321
774,0.686457,0.310260
775,0.700962,0.319230
776,0.714897,0.329061
777,0.728282,0.339701
778,0.741017,0.351060
779,0.753088,0.363052
780,0.764471,0.375759
781,0.775089,0.389095
782,0.784958,0.403072
783,0.793990,0.417586
784,0.802168,0.432537
785,0.809483,0.447931
786,0.815954,0.463755
787,0.821379,0.479529
788,0.826017,0.495836
789,0.829749,0.512487
790,0.832482,0.529347
791,0.834268,0.546319
792,0.835075,0.563364
793,0.834895,0.580424
794,0.833761,0.597447
795,0.831681,0.614378
796,0.828586,0.631193
797,0.824576,0.647791
798,0.819567,0.664122
799,0.813708,0.680158
800,0.806934,0.695842
801,0.799231,0.711154
802,0.790921,0.725587
803,0.781675,0.739865
804,0.771631,0.753622
805,0.760763,0.766756
806,0.749143,0.779271
807,0.736869,0.791102
808,0.723925,0.802225
809,0.710360,0.812558
810,0.696237,0.822095
811,0.681690,0.830826
812,0.666562,0.838739
813,0.651002,0.845776
814,0.635065,0.851896
815,0.618828,0.857126
816,0.602314,0.861394
817,0.586027,0.864671
818,0.569194,0.867112
819,0.552213,0.868583
820,0.535150,0.869049
821,0.518083,0.868550
822,0.501073,0.867057
823,0.484189,0.864615
824,0.467461,0.861210
825,0.450942,0.856875
826,0.434728,0.851560
827,0.418804,0.845377
828,0.403266,0.838298
829,0.388165,0.830325
830,0.373926,0.821737
831,0.359866,0.812307
832,0.346302,0.801941
833,0.333299,0.790786
834,0.321035,0.778909
835,0.309469,0.766407
836,0.298610,0.753248
837,0.288537,0.739464
838,0.279300,0.725146
839,0.270812,0.710333
840,0.263226,0.695045
841,0.256518,0.679352
842,0.250730,0.663322
843,0.245835,0.646945
844,0.241867,0.630350
845,0.238885,0.614003
846,0.236807,0.597088
847,0.235696,0.580090
848,0.235567,0.563025
849,0.236464,0.545962
850,0.238253,0.528993
851,0.241019,0.512140
852,0.244770,0.495498
853,0.249428,0.479101
854,0.255057,0.462957
855,0.261564,0.447170
856,0.268945,0.431777
857,0.277204,0.416846
858,0.286443,0.402431
859,0.295875,0.388810
860,0.306440,0.375433
861,0.317828,0.362715
862,0.329920,0.350669
863,0.342653,0.339374
864,0.356029,0.328768
865,0.369993,0.318971
866,0.384489,0.309973
867,0.399451,0.301827
868,0.414858,0.294517
869,0.430671,0.288100
870,0.446849,0.282615
871,0.463265,0.278057
872,0.479951,0.274418
873,0.496380,0.271757
874,0.513378,0.270044
875,0.530408,0.269311
876,0.547487,0.269468
877,0.564507,0.270661
878,0.581471,0.272836
879,0.598274,0.275924
880,0.614822,0.279992
881,0.631196,0.285013
882,0.647232,0.290907
883,0.662883,0.297707
884,0.678125,0.305449
885,0.692905,0.313868
886,0.707132,0.323247
887,0.720856,0.333381
888,0.733594,0.343947
889,0.746104,0.355498
890,0.757891,0.367801
891,0.768965,0.380788
892,0.779317,0.394385
893,0.788857,0.408548
894,0.797584,0.423210
895,0.805401,0.438339
896,0.812436,0.453895
897,0.818537,0.469841
898,0.823700,0.486134
899,0.827948,0.502684
900,0.831261,0.519428
901,0.833593,0.536344
902,0.834972,0.553325
903,0.835468,0.569846
904,0.834988,0.586866
905,0.833505,0.603867
906,0.831015,0.620765
907,0.827575,0.637481
908,0.823216,0.653984
909,0.817923,0.670218
910,0.811642,0.686107
911,0.804668,0.701620
912,0.796672,0.716761
913,0.787846,0.731361
914,0.778214,0.745450
915,0.767805,0.758965
916,0.756679,0.771821
917,0.744794,0.784080
918,0.732664,0.795312
919,0.719567,0.806165
920,0.705814,0.816257
921,0.691520,0.825524
922,0.676653,0.833978
923,0.661394,0.841558
924,0.645721,0.848285
925,0.629724,0.854066
926,0.613375,0.858958
927,0.596792,0.862918
928,0.579982,0.865919
929,0.563066,0.867934
930,0.546025,0.869029
931,0.528974,0.869141
932,0.512494,0.868315
933,0.495574,0.866648
934,0.478751,0.863917
935,0.462128,0.860201
936,0.445692,0.855563
937,0.429607,0.849948
938,0.413869,0.843596
939,0.398503,0.836285
940,0.383563,0.828054
941,0.369107,0.819011
942,0.355237,0.809150
943,0.341919,0.798553
944,0.329245,0.787276
945,0.317210,0.775185
946,0.305868,0.762448
947,0.295703,0.749614
948,0.285773,0.735853
949,0.276708,0.721423
950,0.268508,0.706443
951,0.261210,0.691066
952,0.254727,0.675335
953,0.249184,0.659249
954,0.244580,0.642775
955,0.240879,0.626140
956,0.238130,0.609314
957,0.236342,0.592392
958,0.235512,0.575386
959,0.235720,0.558389
960,0.236782,0.541423
961,0.238849,0.524527
962,0.241807,0.508195
963,0.245568,0.491770
964,0.250477,0.475556
965,0.256061,0.459556
966,0.262667,0.443969
967,0.270170,0.428749
968,0.278552,0.414059
969,0.287729,0.399750
970,0.297692,0.386015
971,0.308432,0.372881
972,0.319868,0.360449
973,0.331984,0.348573
974,0.344731,0.337430
975,0.358139,0.327046
976,0.372060,0.317405
977,0.386521,0.308612
978,0.401041,0.300879
979,0.416074,0.293638
980,0.431640,0.287345
981,0.447552,0.281947
982,0.463793,0.277416
983,0.480252,0.273874
984,0.496882,0.271218
985,0.513683,0.269525
986,0.530463,0.268775
987,0.547212,0.268910
988,0.563938,0.269961
989,0.580534,0.272038
990,0.596974,0.274913
991,0.613176,0.278663
992,0.629163,0.283484
993,0.644767,0.288895
994,0.659963,0.295112
995,0.674774,0.302115
996,0.689105,0.309893
997,0.702376,0.318024
998,0.715742,0.327053
999,0.728469,0.336650
1000,0.740588,0.346797
1001,0.752093,0.357451
1002,0.754577,0.360867
1003,0.754066,0.362472
1004,0.752478,0.364063
1005,0.754259,0.365804
1006,0.756541,0.367649
1007,0.757584,0.368503
1008,0.757627,0.368537
1009,0.757627,0.368537
1010,0.757627,0.368537
1011,0.757627,0.368537
1012,0.757627,0.368537
1013,0.757627,0.368537
1014,0.757627,0.368537
1015,0.762539,0.379760
1016,0.768082,0.395824
1017,0.772652,0.412196
1018,0.776282,0.428801
1019,0.778962,0.445586
1020,0.779684,0.450281
1021,0.779684,0.450281
1022,0.772457,0.460171
1023,0.761362,0.473044
1024,0.749512,0.485229
1025,0.736987,0.496721
1026,0.733469,0.499912
1027,0.721890,0.503911
1028,0.705434,0.508152
1029,0.688790,0.511793
1030,0.683828,0.514486
1031,0.673375,0.517487
1032,0.666242,0.519834
1033,0.658618,0.522209
1034,0.650862,0.524162
1035,0.644922,0.526943
1036,0.641203,0.532256
1037,0.638509,0.539642
1038,0.637187,0.551473
1039,0.635049,0.563382
1040,0.632196,0.575186
1041,0.628618,0.586844
1042,0.624331,0.598240
1043,0.619386,0.609379
1044,0.613713,0.620232
1045,0.607337,0.630762
1046,0.600228,0.640951
1047,0.592398,0.650760
1048,0.583880,0.660129
1049,0.574516,0.669131
1050,0.564291,0.677725
1051,0.553290,0.685891
1052,0.543595,0.693968
1053,0.534246,0.700997
1054,0.524821,0.707094
1055,0.515127,0.712501
1056,0.505206,0.717243
1057,0.495052,0.721325
1058,0.484637,0.724757
1059,0.474068,0.727502
1060,0.463269,0.729594
1061,0.452379,0.730969
1062,0.442232,0.732040
1063,0.432591,0.733120
1064,0.424018,0.733108
1065,0.417402,0.732062
1066,0.411654,0.730057
1067,0.405531,0.727005
1068,0.398544,0.723805
1069,0.390160,0.720457
1070,0.384880,0.718819
1071,0.380657,0.717090
1072,0.376420,0.714712
1073,0.372158,0.711586
1074,0.370162,0.710391
1075,0.370162,0.710391
1076,0.370187,0.710117
1077,0.370299,0.708800
1078,0.370337,0.708111
1079,0.370285,0.708814
1080,0.370409,0.707982
1081,0.369872,0.704852
1082,0.365829,0.699529
1083,0.362333,0.697028
1084,0.366694,0.704385
1085,0.377592,0.716470
1086,0.388438,0.729542
1087,0.398441,0.742924
1088,0.407618,0.756650
1089,0.415964,0.770688
1090,0.423421,0.784670
1091,0.429988,0.797852
1092,0.435793,0.811268
1093,0.440829,0.824877
1094,0.445092,0.838637
1095,0.448582,0.852506
1096,0.451299,0.866444
1097,0.453246,0.880408
1098,0.454428,0.894359
1099,0.454853,0.908255
1100,0.454530,0.922058
1101,0.453470,0.935728
1102,0.451687,0.949228
1103,0.449194,0.962521
1104,0.446011,0.975572
1105,0.442154,0.988344
1106,0.437644,1.000806
1107,0.432504,1.012924
1108,0.426757,1.024669
1109,0.420428,1.036011
1110,0.413233,1.047129
1111,0.405813,1.057576
1112,0.397896,1.067545
1113,0.389510,1.077011
1114,0.380684,1.085951
1115,0.371452,1.094349
1116,0.361845,1.102185
1117,0.351897,1.109445
1118,0.341640,1.116116
1119,0.331110,1.122185
1120,0.320339,1.127644
1121,0.309364,1.132485
1122,0.298218,1.136702
1123,0.286936,1.140290
1124,0.275553,1.143249
1125,0.264104,1.145579
1126,0.252622,1.147279
1127,0.241140,1.148356
1128,0.229694,1.148813
1129,0.218314,1.148657
1130,0.207033,1.147898
1131,0.195883,1.146546
1132,0.184893,1.144613
1133,0.174094,1.142112
1134,0.163514,1.139059
1135,0.153180,1.135469
1136,0.143118,1.131360
1137,0.133355,1.126752
1138,0.123914,1.121663
1139,0.114817,1.116117
1140,0.106086,1.110133
1141,0.097741,1.103737
1142,0.089693,1.097003
1143,0.079992,1.091585
1144,0.072449,1.085723
1145,0.065983,1.079911
1146,0.060030,1.073833
1147,0.054476,1.067512
1148,0.049307,1.060961
1149,0.044518,1.054198
1150,0.040115,1.047245
1151,0.036103,1.040124
1152,0.032488,1.032856
1153,0.029274,1.025463
1154,0.026463,1.017966
1155,0.024056,1.010387
1156,0.022054,1.002747
1157,0.020456,0.995067
1158,0.019262,0.987369
1159,0.018466,0.979673
1160,0.018067,0.971999
1161,0.018059,0.964367
1162,0.018436,0.956796
1163,0.019192,0.949306
1164,0.020318,0.941914
1165,0.021807,0.934638
1166,0.023650,0.927495
1167,0.025836,0.920502
1168,0.028354,0.913674
1169,0.031194,0.907027
1170,0.034342,0.900575
1171,0.037788,0.894331
1172,0.041516,0.888308
1173,0.045515,0.882519
1174,0.049769,0.876973
1175,0.054265,0.871682
1176,0.059359,0.866679
1177,0.064292,0.861941
1178,0.069419,0.857482
1179,0.074727,0.853310
1180,0.080198,0.849432
1181,0.083649,0.845575
1182,0.086768,0.841512
1183,0.090034,0.837492
1184,0.093481,0.833620
1185,0.097091,0.829919
1186,0.100857,0.826396
1187,0.104768,0.823059
1188,0.108817,0.819912
1189,0.112995,0.816960
1190,0.117293,0.814209
1191,0.121701,0.811662
1192,0.126212,0.809323
1193,0.130814,0.807196
1194,0.135500,0.805285
1195,0.140260,0.803591
1196,0.145084,0.802118
1197,0.149963,0.800868
1198,0.151378,0.798857
1199,0.151698,0.793232
1200,0.153736,0.785389
1201,0.156848,0.776404
1202,0.160754,0.766944
1203,0.165333,0.757414
1204,0.170509,0.748045
1205,0.176235,0.738944
1206,0.182478,0.730151
1207,0.189219,0.721696
1208,0.196440,0.713606
1209,0.203987,0.706257
1210,0.212078,0.698968
1211,0.220583,0.692121
1212,0.229480,0.685740
1213,0.238744,0.679849
1214,0.248347,0.674469
1215,0.258261,0.669620
1216,0.268457,0.665318
1217,0.278904,0.661582
1218,0.289571,0.658426
1219,0.300426,0.655863
1220,0.311435,0.653904
1221,0.322564,0.652559
1222,0.333780,0.651835
1223,0.345048,0.651738
1224,0.356331,0.652270
1225,0.367596,0.653435
1226,0.378806,0.655232
1227,0.389925,0.657657
1228,0.400919,0.660708
1229,0.411751,0.664376
1230,0.422388,0.668655
1231,0.432794,0.673533
1232,0.442935,0.678998
1233,0.452778,0.685036
1234,0.462291,0.691630
1235,0.471442,0.698763
1236,0.480200,0.706415
1237,0.488536,0.714563
1238,0.496421,0.723185
1239,0.503828,0.732256
1240,0.510732,0.741749
1241,0.516796,0.751430
1242,0.522640,0.761658
1243,0.527916,0.772217
1244,0.532603,0.783079
1245,0.536683,0.794211
1246,0.540141,0.805580
1247,0.542962,0.817150
1248,0.545135,0.828885
1249,0.546651,0.840749
1250,0.547501,0.852705
1251,0.547679,0.864716
1252,0.547183,0.876743
1253,0.546010,0.888749
1254,0.544162,0.900695
1255,0.541641,0.912543
1256,0.538453,0.924255
1257,0.534605,0.935794
1258,0.530106,0.947121
1259,0.524968,0.958201
1260,0.519204,0.968996
1261,0.512831,0.979472
1262,0.505865,0.989593
1263,0.498327,0.999326
1264,0.490239,1.008639
1265,0.481623,1.017499
1266,0.472506,1.025878
1267,0.462914,1.033746
1268,0.452875,1.041077
1269,0.442421,1.047845
1270,0.431582,1.054026
1271,0.420392,1.059597
1272,0.408885,1.064541
1273,0.397097,1.068837
1274,0.385357,1.072240
1275,0.373135,1.075222
1276,0.360743,1.077518
1277,0.348220,1.079116
1278,0.335604,1.080009
1279,0.322936,1.080191
1280,0.310255,1.079658
1281,0.297602,1.078410
1282,0.285018,1.076449
1283,0.272543,1.073777
1284,0.260217,1.070401
1285,0.248080,1.066330
1286,0.236172,1.061574
1287,0.224531,1.056145
1288,0.213196,1.050059
1289,0.202204,1.043333
1290,0.191591,1.035986
1291,0.181392,1.028041
1292,0.171642,1.019519
1293,0.162372,1.010446
1294,0.153615,1.000851
1295,0.145401,0.990761
1296,0.137756,0.980208
1297,0.130708,0.969223
1298,0.124280,0.957841
1299,0.118496,0.946097
1300,0.113376,0.934027
1301,0.108938,0.921668
1302,0.105199,0.909061
1303,0.102173,0.896243
1304,0.099871,0.883256
1305,0.098304,0.870142
1306,0.097479,0.856940
1307,0.097523,0.844046
1308,0.098159,0.830809
1309,0.099543,0.817610
1310,0.101672,0.804492
1311,0.104543,0.791498
1312,0.108148,0.778668
1313,0.112477,0.766046
1314,0.117519,0.753672
1315,0.123260,0.741585
1316,0.129684,0.729827
1317,0.132303,0.722721
1318,0.134964,0.722529
1319,0.139060,0.724099
1320,0.143574,0.726043
1321,0.148057,0.728219
1322,0.152443,0.730599
1323,0.156715,0.733175
1324,0.160865,0.735942
1325,0.164885,0.738895
1326,0.168766,0.742027
1327,0.172501,0.745333
1328,0.176083,0.748807
1329,0.179505,0.752442
1330,0.182759,0.756231
1331,0.185839,0.760167
1332,0.188738,0.764243
1333,0.191450,0.768451
1334,0.193969,0.772784
1335,0.196291,0.777232
1336,0.198408,0.781788
1337,0.200317,0.786443
1338,0.202012,0.791188
1339,0.203490,0.796013
1340,0.204373,0.800919
1341,0.205404,0.805857
1342,0.206207,0.810846
1343,0.206780,0.815878
1344,0.207120,0.820942
1345,0.207225,0.826028
1346,0.207094,0.831126
1347,0.206725,0.836224
1348,0.206117,0.841313
1349,0.205270,0.846382
1350,0.204184,0.851420
1351,0.202860,0.856415
1352,0.201298,0.861357
1353,0.199500,0.866236
1354,0.197469,0.871039
1355,0.195206,0.875757
1356,0.192715,0.880377
1357,0.189999,0.884889
1358,0.187062,0.889283
1359,0.183908,0.893547
1360,0.180544,0.897671
1361,0.176973,0.901645
1362,0.173203,0.905457
1363,0.169241,0.909099
1364,0.165092,0.912559
1365,0.160765,0.915829
1366,0.156269,0.918900
1367,0.151611,0.921761
1368,0.146801,0.924405
1369,0.141848,0.926823
1370,0.136763,0.929008
1371,0.131556,0.930951
1372,0.126311,0.932280
1373,0.120917,0.933725
1374,0.115435,0.934911
1375,0.109878,0.935831
1376,0.104258,0.936481
1377,0.098587,0.936856
1378,0.092880,0.936953
1379,0.087148,0.936768
1380,0.081407,0.936298
1381,0.075670,0.935542
1382,0.069951,0.934498
1383,0.064265,0.933166
1384,0.058625,0.931546
1385,0.053048,0.929638
1386,0.047546,0.927445
1387,0.042135,0.924969
1388,0.036830,0.922212
1389,0.031645,0.919178
1390,0.026595,0.915873
1391,0.021694,0.912302
1392,0.016956,0.908470
1393,0.012395,0.904385
1394,0.008026,0.900054
1395,0.003860,0.895486
1396,-0.000087,0.890690
1397,-0.003805,0.885677
1398,-0.007280,0.880455
1399,-0.010500,0.875038
1400,-0.013455,0.869437
1401,-0.016134,0.863665
1402,-0.018526,0.857735
1403,-0.020622,0.851661
1404,-0.022412,0.845457
1405,-0.023567,0.839325
1406,-0.024737,0.832930
1407,-0.025581,0.826453
1408,-0.026094,0.819910
1409,-0.026271,0.813317
1410,-0.026106,0.806692
1411,-0.025596,0.800051
1412,-0.024740,0.793415
1413,-0.023536,0.786799
1414,-0.021983,0.780223
1415,-0.020082,0.773705
1416,-0.017834,0.767264
1417,-0.015242,0.760919
1418,-0.012309,0.754687
1419,-0.009039,0.748587
1420,-0.005438,0.742638
1421,-0.001513,0.736858
1422,0.002729,0.731265
1423,0.007279,0.725875
1424,0.012129,0.720708
1425,0.017267,0.715779
1426,0.022682,0.711104
1427,0.028362,0.706700
1428,0.034294,0.702582
1429,0.040463,0.698764
1430,0.046854,0.695260
1431,0.053451,0.692084
1432,0.060239,0.689248
1433,0.067198,0.686763
1434,0.074312,0.684640
1435,0.081562,0.682889
1436,0.088927,0.681518
1437,0.096389,0.680536
1438,0.103649,0.680196
1439,0.111224,0.679989
1440,0.118833,0.680184
1441,0.126455,0.680787
1442,0.134067,0.681800
1443,0.141649,0.683223
1444,0.149178,0.685057
1445,0.156630,0.687300
1446,0.163985,0.689949
1447,0.171219,0.693002
1448,0.178310,0.696452
1449,0.185236,0.700294
1450,0.191975,0.704520
1451,0.198507,0.709120
1452,0.204809,0.714086
1453,0.210861,0.719406
1454,0.216643,0.725068
1455,0.222136,0.731058
1456,0.227320,0.737361
1457,0.232177,0.743962
1458,0.236691,0.750843
1459,0.240845,0.757988
1460,0.244622,0.765377
1461,0.248010,0.772991
1462,0.250993,0.780809
1463,0.253560,0.788809
1464,0.255699,0.796969
1465,0.257401,0.805267
1466,0.258656,0.813678
1467,0.259456,0.822180
1468,0.259796,0.830746
1469,0.259671,0.839353
1470,0.258895,0.847648
1471,0.257853,0.856246
1472,0.256341,0.864808
1473,0.254360,0.873308
1474,0.251909,0.881720
1475,0.248994,0.890019
1476,0.245618,0.898178
1477,0.241787,0.906172
1478,0.237511,0.913976
1479,0.232798,0.921563
1480,0.227659,0.928910
1481,0.222105,0.935992
1482,0.216151,0.942787
1483,0.209812,0.949270
1484,0.203102,0.955419
1485,0.196041,0.961215
1486,0.188646,0.966635
1487,0.180937,0.971661
1488,0.172936,0.976275
1489,0.164664,0.980458
1490,0.156145,0.984196
1491,0.147403,0.987473
1492,0.138462,0.990276
1493,0.129348,0.992593
1494,0.120089,0.994412
1495,0.110711,0.995726
1496,0.101242,0.996525
1497,0.091710,0.996804
1498,0.082144,0.996557
1499,0.072573,0.995783
1500,0.063027,0.994480
1501,0.053534,0.992647
1502,0.044125,0.990286
1503,0.035195,0.987334
1504,0.026045,0.983959
1505,0.017065,0.980074
1506,0.008284,0.975686
1507,-0.000270,0.970805
1508,-0.008570,0.965442
1509,-0.016587,0.959610
1510,-0.024296,0.953324
1511,-0.031669,0.946600
1512,-0.038683,0.939457
1513,-0.045313,0.931913
1514,-0.051535,0.923989
1515,-0.057329,0.915708
1516,-0.062673,0.907091
1517,-0.067547,0.898164
1518,-0.071934,0.888953
1519,-0.075817,0.879483
1520,-0.079180,0.869784
1521,-0.082010,0.859882
1522,-0.084294,0.849809
1523,-0.086021,0.839593
1524,-0.087184,0.829266
1525,-0.087774,0.818860
1526,-0.087787,0.808406
1527,-0.087218,0.797935
1528,-0.086066,0.787482
1529,-0.084331,0.777078
1530,-0.082015,0.766757
1531,-0.079120,0.756550
1532,-0.075654,0.746491
1533,-0.071622,0.736611
1534,-0.067035,0.726943
1535,-0.061904,0.717519
1536,-0.056280,0.708737
1537,-0.050132,0.699885
1538,-0.043482,0.691365
1539,-0.036349,0.683205
1540,-0.028752,0.675433
1541,-0.020712,0.668075
1542,-0.012253,0.661157
1543,-0.003397,0.654704
1544,0.005829,0.648737
1545,0.015399,0.643279
1546,0.025285,0.638349
1547,0.035456,0.633966
1548,0.045884,0.630146
1549,0.056537,0.626905
1550,0.067381,0.624256
1551,0.078385,0.622211
1552,0.089515,0.620778
1553,0.100736,0.619967
1554,0.112014,0.619782
1555,0.123313,0.620228
1556,0.134598,0.621307
1557,0.145833,0.623019
1558,0.156983,0.625360
1559,0.168012,0.628329
1560,0.178884,0.631917
1561,0.189566,0.636118
1562,0.200021,0.640920
1563,0.210216,0.646312
1564,0.220118,0.652280
1565,0.229693,0.658808
1566,0.238910,0.665878
1567,0.247738,0.673470
1568,0.255799,0.681431
1569,0.263773,0.689974
1570,0.271276,0.698968
1571,0.278279,0.708388
1572,0.284760,0.718209
1573,0.290693,0.728400
1574,0.296059,0.738931
1575,0.300838,0.749771
1576,0.305011,0.760886
1577,0.308563,0.772242
1578,0.311479,0.783806
1579,0.313748,0.795540
1580,0.315359,0.807409
1581,0.316305,0.819375
1582,0.316578,0.831401
1583,0.316176,0.843450
1584,0.315097,0.855482
1585,0.313341,0.867460
1586,0.310910,0.879346
1587,0.307810,0.891101
1588,0.304048,0.902688
1589,0.299632,0.914069
1590,0.294574,0.925206
1591,0.288887,0.936064
1592,0.282587,0.946607
1593,0.275691,0.956800
1594,0.268219,0.966609
1595,0.260192,0.976002
1596,0.251633,0.984946
1597,0.242567,0.993412
1598,0.233021,1.001370
1599,0.223025,1.008794
1600,0.212606,1.015657
1601,0.202035,1.021648
1602,0.190896,1.027341
1603,0.179433,1.032410
1604,0.167682,1.036835
1605,0.155678,1.040599
1606,0.143459,1.043687
1607,0.131063,1.046088
1608,0.118529,1.047790
1609,0.105897,1.048787
1610,0.093205,1.049071
1611,0.080496,1.048640
1612,0.067808,1.047492
1613,0.055183,1.045628
1614,0.042662,1.043053
1615,0.030284,1.039770
1616,0.018089,1.035789
1617,0.006118,1.031120
1618,-0.005591,1.025775
1619,-0.016999,1.019768
1620,-0.028069,1.013118
1621,-0.038764,1.005842
1622,-0.049050,0.997962
1623,-0.058890,0.989502
1624,-0.068254,0.980485
1625,-0.077108,0.970941
1626,-0.085424,0.960896
1627,-0.093172,0.950381
1628,-0.100326,0.939430
1629,-0.106862,0.928075
1630,-0.112755,0.916351
1631,-0.117986,0.904295
1632,-0.122536,0.891945
1633,-0.126387,0.879338
1634,-0.129320,0.866825
1635,-0.131765,0.853844
1636,-0.133476,0.840727
1637,-0.134446,0.827515
1638,-0.134668,0.814250
1639,-0.134141,0.800975
1640,-0.132864,0.787731
1641,-0.130837,0.774563
1642,-0.128067,0.761511
1643,-0.124559,0.748619
1644,-0.120323,0.735928
1645,-0.115371,0.723479
1646,-0.109715,0.711313
1647,-0.103373,0.699471
1648,-0.096362,0.687990
1649,-0.088704,0.676909
1650,-0.080421,0.666264
1651,-0.071539,0.656092
1652,-0.062083,0.646424
1653,-0.052084,0.637295
1654,-0.041571,0.628735
1655,-0.030577,0.620773
1656,-0.019137,0.613436
1657,-0.007285,0.606749
1658,0.004941,0.600736
1659,0.017502,0.595417
1660,0.030360,0.590811
1661,0.043473,0.586935
1662,0.056800,0.583803
1663,0.070299,0.581427
1664,0.083927,0.579817
1665,0.097639,0.578979
1666,0.111042,0.579043
1667,0.124783,0.579728
1668,0.138478,0.581189
1669,0.152083,0.583425
1670,0.165555,0.586431
1671,0.176303,0.588658
1672,0.177161,0.590079
1673,0.176068,0.594222
1674,0.174709,0.599012
1675,0.168190,0.601726
1676,0.152359,0.603128
1677,0.135372,0.603730
1678,0.118381,0.603365
1679,0.101716,0.602170
1680,0.085334,0.600126
1681,0.069259,0.597250
1682,0.053523,0.593562
1683,0.038156,0.589087
1684,0.023191,0.583847
1685,0.008660,0.577868
1686,-0.005407,0.571179
1687,-0.018979,0.563807
1688,-0.032028,0.555785
1689,-0.044524,0.547143
1690,-0.056442,0.537916
1691,-0.067758,0.528137
1692,-0.078448,0.517843
1693,-0.088492,0.507070
1694,-0.097870,0.495856
1695,-0.106565,0.484240
1696,-0.114563,0.472259
1697,-0.121850,0.459954
1698,-0.128416,0.447365
1699,-0.134251,0.434532
1700,-0.139319,0.421298
1701,-0.143688,0.408315
1702,-0.147327,0.395205
1703,-0.150232,0.382010
1704,-0.152407,0.368768
1705,-0.153855,0.355519
1706,-0.154582,0.342301
1707,-0.154595,0.329152
1708,-0.153904,0.316110
1709,-0.152520,0.303212
1710,-0.150458,0.290492
1711,-0.147732,0.277986
1712,-0.144359,0.265728
1713,-0.140358,0.253749
1714,-0.135749,0.242080
1715,-0.130554,0.230752
1716,-0.124796,0.219793
1717,-0.118498,0.209230
1718,-0.111688,0.199087
1719,-0.104391,0.189390
1720,-0.096635,0.180160
1721,-0.088450,0.171418
1722,-0.079864,0.163182
1723,-0.070908,0.155470
1724,-0.061614,0.148296
1725,-0.052012,0.141675
1726,-0.042134,0.135618
1727,-0.032014,0.130134
1728,-0.021684,0.125233
1729,-0.011175,0.120920
1730,-0.000154,0.117258
1731,0.010610,0.114144
1732,0.021453,0.111623
1733,0.032343,0.109698
1734,0.043248,0.108365
1735,0.054136,0.107620
1736,0.064975,0.107458
1737,0.075736,0.107871
1738,0.086389,0.108850
1739,0.096904,0.110384
1740,0.107253,0.112461
1741,0.117409,0.115067
1742,0.127346,0.118188
1743,0.137038,0.121808
1744,0.146461,0.125909
1745,0.155592,0.130473
1746,0.164410,0.135481
1747,0.172892,0.140912
1748,0.181021,0.146744
1749,0.188778,0.152956
1750,0.196146,0.159525
1751,0.203110,0.166427
1752,0.209656,0.173637
1753,0.215772,0.181132
1754,0.221446,0.188885
1755,0.226668,0.196872
1756,0.231432,0.205067
1757,0.235729,0.213444
1758,0.239554,0.221976
1759,0.242904,0.230639
1760,0.245776,0.239405
1761,0.248169,0.248249
1762,0.250083,0.257145
1763,0.251345,0.266398
1764,0.252296,0.275316
1765,0.252778,0.284212
1766,0.252796,0.293060
1767,0.252357,0.301837
1768,0.251467,0.310519
1769,0.250137,0.319084
1770,0.248377,0.327511
1771,0.246196,0.335777
1772,0.243609,0.343865
1773,0.240627,0.351752
1774,0.237264,0.359423
1775,0.233536,0.366858
1776,0.229457,0.374041
1777,0.225045,0.380956
1778,0.220315,0.387590
1779,0.215285,0.393928
1780,0.209973,0.399958
1781,0.204397,0.405667
1782,0.198577,0.411047
1783,0.192530,0.416087
1784,0.186278,0.420779
1785,0.179838,0.425117
1786,0.173232,0.429093
1787,0.166478,0.432702
1788,0.159597,0.435942
1789,0.152608,0.438808
1790,0.145532,0.441299
1791,0.138387,0.443415
1792,0.131194,0.445154
1793,0.123972,0.446519
1794,0.116740,0.447511
1795,0.109516,0.448134
1796,0.102063,0.448121
1797,0.094922,0.448006
1798,0.087843,0.447538
1799,0.080844,0.446722
