0,1.236410,0.966475
1,1.225011,0.970962
2,1.208925,0.976454
3,1.192555,0.981030
4,1.175951,0.984667
5,1.159167,0.987354
6,1.142258,0.989081
7,1.137530,0.989537
8,1.125856,0.985823
9,1.110128,0.979388
10,1.094811,0.972018
11,1.079939,0.963788
12,1.065559,0.954726
13,1.051717,0.944860
14,1.038460,0.934223
15,1.025829,0.922848
16,1.022317,0.919650
17,1.017235,0.908504
18,1.011447,0.892526
19,1.006629,0.876226
20,1.002746,0.859678
21,0.999811,0.842935
22,0.997833,0.826053
23,0.996819,0.809086
24,0.996562,0.804343
25,1.000765,0.792836
26,1.007856,0.777393
27,1.015864,0.762400
28,1.024712,0.747887
29,1.034372,0.733901
30,1.044812,0.720487
31,1.055998,0.707689
32,1.067894,0.695549
33,1.080461,0.684104
34,1.093660,0.673393
35,1.107446,0.663451
36,1.121776,0.654309
37,1.136602,0.645997
38,1.151878,0.638542
39,1.167552,0.631968
40,1.171943,0.630156
41,1.171943,0.630156
42,1.171943,0.630156
43,1.171943,0.630156
44,1.176933,0.641344
45,1.182588,0.657369
46,1.187270,0.673709
47,1.191016,0.690289
48,1.192036,0.694928
49,1.192036,0.694928
50,1.192036,0.694928
51,1.182095,0.702087
52,1.167553,0.710879
53,1.152505,0.718783
54,1.137032,0.725819
55,1.121183,0.731962
56,1.105011,0.737194
57,1.088567,0.741498
58,1.071905,0.744858
59,1.055079,0.747266
60,1.038143,0.748712
61,1.021152,0.749192
62,1.016404,0.749299
63,1.005035,0.744737
64,0.989821,0.737164
65,0.975088,0.728689
66,0.960860,0.719388
67,0.947185,0.709294
68,0.934106,0.698438
69,0.921666,0.686855
70,0.918208,0.683598
71,0.913312,0.672369
72,0.907790,0.656297
73,0.903244,0.639919
74,0.899636,0.623309
75,0.896980,0.606520
76,0.895283,0.589608
77,0.894836,0.584879
78,0.898571,0.573212
79,0.905034,0.557495
80,0.912432,0.542192
81,0.920688,0.527334
82,0.929776,0.512971
83,0.938550,0.501182
84,0.939062,0.500689
85,0.940852,0.503375
86,0.944197,0.507917
87,0.948704,0.504847
88,0.947074,0.495692
89,0.945425,0.485854
90,0.943494,0.481742
91,0.941890,0.480261
92,0.942948,0.474927
93,0.942097,0.468908
94,0.941130,0.464386
95,0.940387,0.459904
96,0.939893,0.455397
97,0.939653,0.450869
98,0.939667,0.446332
99,0.939936,0.441802
100,0.934302,0.433714
101,0.922719,0.419972
102,0.911930,0.405585
103,0.901979,0.390607
104,0.892897,0.375087
105,0.884713,0.359073
106,0.877455,0.342619
107,0.871145,0.325778
108,0.865805,0.308605
109,0.861452,0.291154
110,0.858100,0.273484
111,0.855760,0.255651
112,0.854543,0.238082
113,0.854273,0.220367
114,0.855033,0.202827
115,0.856804,0.185505
116,0.859564,0.168444
117,0.863288,0.151691
118,0.867951,0.135293
119,0.873526,0.119293
120,0.879984,0.103738
121,0.887294,0.088671
122,0.895422,0.074132
123,0.904334,0.060164
124,0.913993,0.046805
125,0.924360,0.034090
126,0.935395,0.022056
127,0.947054,0.010734
128,0.959080,0.000458
129,0.971224,-0.008632
130,0.983830,-0.016980
131,0.996855,-0.024562
132,1.010255,-0.031358
133,1.023981,-0.037350
134,1.037987,-0.042524
135,1.052226,-0.046867
136,1.066648,-0.050370
137,1.081205,-0.053027
138,1.095847,-0.054835
139,1.110527,-0.055791
140,1.125196,-0.055898
141,1.139804,-0.055161
142,1.154304,-0.053586
143,1.168650,-0.051184
144,1.182793,-0.047968
145,1.196689,-0.043951
146,1.210294,-0.039153
147,1.223563,-0.033593
148,1.236455,-0.027294
149,1.248928,-0.020281
150,1.260945,-0.012579
151,1.272468,-0.004220
152,1.283119,0.004618
153,1.293564,0.014169
154,1.303418,0.024278
155,1.312650,0.034912
156,1.321231,0.046032
157,1.329137,0.057599
158,1.336345,0.069573
159,1.342835,0.081912
160,1.348588,0.094574
161,1.353590,0.107516
162,1.357827,0.120692
163,1.361290,0.134059
164,1.363970,0.147571
165,1.365862,0.161182
166,1.366964,0.174848
167,1.367275,0.188523
168,1.366799,0.202162
169,1.365541,0.215719
170,1.363508,0.229151
171,1.360710,0.242412
172,1.357162,0.255461
173,1.352876,0.268255
174,1.347872,0.280753
175,1.342168,0.292915
176,1.335788,0.304701
177,1.328754,0.316076
178,1.321093,0.327002
179,1.312833,0.337446
180,1.304005,0.347375
181,1.294639,0.356759
182,1.284769,0.365569
183,1.274430,0.373778
184,1.263658,0.381362
185,1.252744,0.388024
186,1.241243,0.394316
187,1.229426,0.399925
188,1.217330,0.404833
189,1.204997,0.409028
190,1.192469,0.412498
191,1.179788,0.415236
192,1.166996,0.417234
193,1.154136,0.418489
194,1.141251,0.419000
195,1.128385,0.418769
196,1.115578,0.417799
197,1.102874,0.416097
198,1.090314,0.413670
199,1.077940,0.410531
200,1.065790,0.406691
201,1.053905,0.402166
202,1.042323,0.396975
203,1.031081,0.391137
204,1.020215,0.384673
205,1.009759,0.377608
206,0.999747,0.369967
207,0.990209,0.361778
208,0.981177,0.353070
209,0.972676,0.343873
210,0.964735,0.334221
211,0.957376,0.324146
212,0.950623,0.313683
213,0.944495,0.302869
214,0.939009,0.291741
215,0.934183,0.280336
216,0.930029,0.268694
217,0.926559,0.256854
218,0.923968,0.245176
219,0.921859,0.233075
220,0.920452,0.220895
221,0.919750,0.208677
222,0.919753,0.196460
223,0.920458,0.184285
224,0.921861,0.172193
225,0.923953,0.160224
226,0.926727,0.148415
227,0.930169,0.136806
228,0.934267,0.125435
229,0.939005,0.114338
230,0.944364,0.103552
231,0.950325,0.093110
232,0.956866,0.083046
233,0.963964,0.073392
234,0.971592,0.064178
235,0.979724,0.055434
236,0.988331,0.047187
237,0.997383,0.039463
238,1.006849,0.032284
239,1.016696,0.025674
240,1.026889,0.019652
241,1.037395,0.014235
242,1.048177,0.009441
243,1.059199,0.005282
244,1.070423,0.001771
245,1.081812,-0.001084
246,1.093327,-0.003275
247,1.104930,-0.004796
248,1.116582,-0.005646
249,1.128244,-0.005823
250,1.139520,-0.005229
251,1.151080,-0.004099
252,1.162537,-0.002310
253,1.173854,0.000130
254,1.184994,0.003213
255,1.195920,0.006927
256,1.206596,0.011256
257,1.216990,0.016184
258,1.227066,0.021694
259,1.236793,0.027765
260,1.246139,0.034375
261,1.255075,0.041502
262,1.263573,0.049118
263,1.271606,0.057199
264,1.279148,0.065715
265,1.286177,0.074637
266,1.292670,0.083934
267,1.298608,0.093575
268,1.303973,0.103526
269,1.308749,0.113754
270,1.312922,0.124223
271,1.316479,0.134899
272,1.319412,0.145745
273,1.321713,0.156725
274,1.323375,0.167803
275,1.324394,0.178941
276,1.324771,0.190102
277,1.324505,0.201249
278,1.323599,0.212346
279,1.322058,0.223356
280,1.319890,0.234243
281,1.317102,0.244971
282,1.313707,0.255505
283,1.309739,0.265438
284,1.305200,0.275485
285,1.300100,0.285239
286,1.294456,0.294670
287,1.288287,0.303747
288,1.281616,0.312442
289,1.274466,0.320725
290,1.266863,0.328572
291,1.258832,0.335958
292,1.250401,0.342859
293,1.241600,0.349255
294,1.232459,0.355124
295,1.223008,0.360451
296,1.213281,0.365217
297,1.203310,0.369410
298,1.193128,0.373017
299,1.182771,0.376028
300,1.172272,0.378434
301,1.161668,0.380230
302,1.150992,0.381411
303,1.140282,0.381974
304,1.129572,0.381920
305,1.118897,0.381251
306,1.108294,0.379971
307,1.097796,0.378085
308,1.087439,0.375601
309,1.077256,0.372530
310,1.067281,0.368883
311,1.057545,0.364674
312,1.048081,0.359918
313,1.038918,0.354633
314,1.030087,0.348837
315,1.021972,0.342661
316,1.013877,0.335936
317,1.006193,0.328767
318,0.998944,0.321179
319,0.992152,0.313197
320,0.985839,0.304849
321,0.980026,0.296163
322,0.974728,0.287169
323,0.969964,0.277898
324,0.965746,0.268380
325,0.962088,0.258649
326,0.959000,0.248736
327,0.956491,0.238676
328,0.954568,0.228501
329,0.953235,0.218245
330,0.952495,0.207944
331,0.952350,0.197631
332,0.952797,0.187340
333,0.953835,0.177105
334,0.955458,0.166960
335,0.957658,0.156938
336,0.960429,0.147072
337,0.963758,0.137394
338,0.967634,0.127936
339,0.972041,0.118729
340,0.976965,0.109802
341,0.982387,0.101184
342,0.988289,0.092903
343,0.994649,0.084985
344,1.001446,0.077456
345,1.008656,0.070340
346,1.016253,0.063658
347,1.024025,0.057755
348,1.032295,0.051990
349,1.040869,0.046714
350,1.049722,0.041947
351,1.058823,0.037702
352,1.068141,0.033992
353,1.077645,0.030829
354,1.087304,0.028221
355,1.097085,0.026175
356,1.106955,0.024697
357,1.116881,0.023791
358,1.126831,0.023458
359,1.136771,0.023698
360,1.146670,0.024508
361,1.156493,0.025884
362,1.166208,0.027821
363,1.175785,0.030311
364,1.185191,0.033344
365,1.194396,0.036909
366,1.203370,0.040992
367,1.212083,0.045580
368,1.220508,0.050655
369,1.228618,0.056200
370,1.236385,0.062195
371,1.243786,0.068619
372,1.250797,0.075450
373,1.257396,0.082665
374,1.263561,0.090239
375,1.269274,0.098145
376,1.274516,0.106357
377,1.279271,0.114847
378,1.283525,0.123587
379,1.287265,0.132546
380,1.290236,0.141414
381,1.292938,0.150703
382,1.295101,0.160121
383,1.296717,0.169636
384,1.297782,0.179217
385,1.298293,0.188833
386,1.298250,0.198451
387,1.297654,0.208040
388,1.296510,0.217567
389,1.294821,0.227002
390,1.292594,0.236314
391,1.289839,0.245472
392,1.286565,0.254446
393,1.282785,0.263207
394,1.278512,0.271726
395,1.273761,0.279977
396,1.268549,0.287931
397,1.262895,0.295564
398,1.256818,0.302850
399,1.250339,0.309768
400,1.243480,0.316294
401,1.236266,0.322407
402,1.228720,0.328090
403,1.220868,0.333323
404,1.212737,0.338091
405,1.204355,0.342378
406,1.195750,0.346172
407,1.186950,0.349461
408,1.177985,0.352235
409,1.168886,0.354487
410,1.159682,0.356209
411,1.150404,0.357398
412,1.141413,0.357877
413,1.132092,0.358018
414,1.122789,0.357625
415,1.113535,0.356700
416,1.104359,0.355245
417,1.095291,0.353267
418,1.086362,0.350773
419,1.077601,0.347773
420,1.069036,0.344278
421,1.060694,0.340300
422,1.052604,0.335854
423,1.044791,0.330955
424,1.037281,0.325620
425,1.030098,0.319868
426,1.023264,0.313720
427,1.016803,0.307195
428,1.010733,0.300316
429,1.005075,0.293107
430,0.999847,0.285593
431,0.995064,0.277798
432,0.990742,0.269750
433,0.986894,0.261475
434,0.987670,0.259315
435,0.997543,0.265106
436,1.007882,0.270675
437,1.018099,0.277102
438,1.030533,0.288122
439,1.042387,0.299934
440,1.053477,0.312245
441,1.063790,0.325022
442,1.073313,0.338228
443,1.082035,0.351827
444,1.089943,0.365778
445,1.096858,0.378922
446,1.102965,0.392140
447,1.108307,0.405614
448,1.112873,0.419302
449,1.116657,0.433161
450,1.119654,0.447147
451,1.121861,0.461217
452,1.123279,0.475327
453,1.123910,0.489435
454,1.123758,0.503497
455,1.122830,0.517471
456,1.121134,0.531316
457,1.118683,0.544990
458,1.115490,0.558453
459,1.111569,0.571666
460,1.106940,0.584589
461,1.101620,0.597187
462,1.095633,0.609422
463,1.090632,0.622163
464,1.088850,0.636340
465,1.086897,0.650944
466,1.084273,0.665547
467,1.080840,0.680064
468,1.076592,0.694387
469,1.071536,0.708453
470,1.065688,0.722210
471,1.059066,0.735613
472,1.051691,0.748618
473,1.043586,0.761183
474,1.034779,0.773265
475,1.025298,0.784827
476,1.015173,0.795831
477,1.004438,0.806240
478,0.993151,0.815942
479,0.981311,0.825102
480,0.968976,0.833558
481,0.956181,0.841294
482,0.942965,0.848288
483,0.929373,0.854518
484,0.915448,0.859964
485,0.901234,0.864608
486,0.886779,0.868434
487,0.872128,0.871432
488,0.857227,0.873520
489,0.842441,0.874830
490,0.827522,0.875273
491,0.812584,0.874872
492,0.797689,0.873623
493,0.782887,0.871529
494,0.768228,0.868595
495,0.753758,0.864831
496,0.739526,0.860249
497,0.725578,0.854862
498,0.711959,0.848690
499,0.698843,0.841745
500,0.685949,0.834079
501,0.673550,0.825703
502,0.661659,0.816635
503,0.650307,0.806905
504,0.639528,0.796544
505,0.629357,0.785586
506,0.619826,0.774065
507,0.610967,0.762020
508,0.602808,0.749489
509,0.595375,0.736514
510,0.588694,0.723136
511,0.582785,0.709398
512,0.577743,0.695334
513,0.573466,0.681044
514,0.569995,0.666513
515,0.567352,0.651801
516,0.564859,0.638305
517,0.559379,0.627396
518,0.552327,0.617541
519,0.544576,0.610880
520,0.534573,0.606688
521,0.524157,0.603761
522,0.514264,0.603047
523,0.503715,0.604230
524,0.492513,0.604318
525,0.481199,0.602934
526,0.469914,0.601418
527,0.458663,0.599351
528,0.447435,0.596691
529,0.436323,0.593338
530,0.425352,0.589344
531,0.414547,0.584758
532,0.403999,0.579528
533,0.393697,0.573686
534,0.383673,0.567257
535,0.373983,0.560255
536,0.363653,0.552265
537,0.354520,0.544100
538,0.345923,0.535353
539,0.337803,0.526064
540,0.330138,0.516310
541,0.323002,0.506150
542,0.316395,0.495544
543,0.310329,0.484545
544,0.306364,0.473714
545,0.303978,0.462828
546,0.302190,0.451868
547,0.301113,0.440798
548,0.300639,0.429729
549,0.300842,0.418621
550,0.301684,0.407536
551,0.303176,0.396526
552,0.305323,0.385610
553,0.308095,0.374827
554,0.311482,0.364212
555,0.315474,0.353770
556,0.319965,0.343579
557,0.325133,0.333682
558,0.330849,0.324025
559,0.337151,0.314795
560,0.344066,0.305955
561,0.351416,0.297370
562,0.359438,0.288967
563,0.368200,0.280377
564,0.377418,0.272001
565,0.387063,0.264004
566,0.397358,0.256990
567,0.408448,0.251597
568,0.419736,0.247075
569,0.431322,0.243242
570,0.443268,0.239676
571,0.456071,0.235732
572,0.468519,0.232960
573,0.480882,0.231639
574,0.493092,0.231088
575,0.505315,0.231250
576,0.517442,0.232150
577,0.529524,0.233706
578,0.541386,0.235795
579,0.554782,0.238271
580,0.570323,0.241110
581,0.586132,0.244357
582,0.601613,0.248309
583,0.617430,0.252996
584,0.633182,0.258287
585,0.649712,0.262760
586,0.667271,0.266774
587,0.684837,0.271463
588,0.699081,0.277458
589,0.707895,0.284912
590,0.714354,0.292304
591,0.724662,0.299255
592,0.734832,0.306430
593,0.744141,0.314100
594,0.752761,0.322142
595,0.760768,0.330785
596,0.768242,0.339877
597,0.775169,0.349369
598,0.781527,0.359229
599,0.787298,0.369421
600,0.792200,0.379650
601,0.796769,0.390384
602,0.800710,0.401344
603,0.804009,0.412493
604,0.806656,0.423797
605,0.808646,0.435216
606,0.809973,0.446712
607,0.810635,0.458248
608,0.810632,0.469784
609,0.809966,0.481283
610,0.808642,0.492707
611,0.806665,0.504018
612,0.804045,0.515180
613,0.800793,0.526155
614,0.796920,0.536909
615,0.792441,0.547405
616,0.787373,0.557611
617,0.781736,0.567493
618,0.775548,0.577020
619,0.771366,0.587435
620,0.767296,0.598552
621,0.762527,0.609572
622,0.757236,0.620251
623,0.751341,0.630246
624,0.745163,0.639373
625,0.738648,0.647271
626,0.731836,0.653572
627,0.724859,0.658068
628,0.717779,0.661047
629,0.710482,0.662891
630,0.702939,0.663998
631,0.695315,0.664618
632,0.687668,0.664793
633,0.680027,0.664529
634,0.672418,0.663827
635,0.664865,0.662690
636,0.657750,0.661013
637,0.650392,0.659046
638,0.643163,0.656664
639,0.636086,0.653873
640,0.629184,0.650682
641,0.622480,0.647102
642,0.615996,0.643146
643,0.609752,0.638828
644,0.603770,0.634160
645,0.598249,0.630952
646,0.594100,0.628097
647,0.591277,0.624507
648,0.589460,0.620550
649,0.588436,0.616411
650,0.588056,0.612224
651,0.588217,0.608058
652,0.588845,0.603967
653,0.589886,0.599987
654,0.591303,0.596163
655,0.593065,0.592513
656,0.595149,0.589072
657,0.597530,0.585856
658,0.600189,0.582896
659,0.603096,0.580303
660,0.606304,0.577983
661,0.609688,0.575815
662,0.613195,0.574033
663,0.616869,0.572594
664,0.620673,0.571499
665,0.624579,0.570760
666,0.628554,0.570375
667,0.632571,0.570352
668,0.636622,0.571053
669,0.640645,0.571636
670,0.644611,0.572498
671,0.648463,0.573858
672,0.652236,0.575592
673,0.655891,0.577666
674,0.659398,0.580063
675,0.662730,0.582772
676,0.665262,0.585704
677,0.666408,0.589504
678,0.667464,0.594420
679,0.668300,0.600006
680,0.668851,0.605985
681,0.669057,0.612183
682,0.668907,0.618490
683,0.668392,0.624832
684,0.667521,0.631158
685,0.666296,0.637431
686,0.664714,0.643629
687,0.662780,0.649735
688,0.660516,0.655715
689,0.657909,0.661557
690,0.654972,0.667245
691,0.651737,0.672752
692,0.648213,0.678062
693,0.644294,0.683170
694,0.640081,0.688062
695,0.635617,0.692708
696,0.630916,0.697091
697,0.625993,0.701201
698,0.620865,0.705024
699,0.615534,0.708557
700,0.609633,0.711697
701,0.603948,0.714583
702,0.598126,0.717147
703,0.592186,0.719384
704,0.586147,0.721286
705,0.579969,0.722833
706,0.573680,0.724004
707,0.567353,0.724822
708,0.561005,0.725290
709,0.553003,0.727603
710,0.544268,0.728747
711,0.535297,0.729024
712,0.526149,0.728764
713,0.517088,0.727987
714,0.508078,0.726721
715,0.499162,0.724920
716,0.490356,0.722630
717,0.481673,0.719840
718,0.473217,0.716520
719,0.464942,0.712744
720,0.456893,0.708502
721,0.449093,0.703799
722,0.441569,0.698630
723,0.434370,0.693105
724,0.427584,0.687220
725,0.421071,0.680873
726,0.414915,0.674171
727,0.409161,0.667103
728,0.403777,0.659649
729,0.398813,0.651980
730,0.394296,0.644047
731,0.390250,0.635801
732,0.386662,0.627461
733,0.383594,0.618907
734,0.380996,0.610180
735,0.378901,0.601319
736,0.377344,0.592345
737,0.376284,0.583313
738,0.375703,0.574206
739,0.375680,0.565068
740,0.376176,0.555968
741,0.377182,0.546888
742,0.378692,0.537896
743,0.380711,0.529006
744,0.383357,0.520210
745,0.386285,0.511593
746,0.389797,0.503184
747,0.393827,0.494987
748,0.398268,0.487064
749,0.403158,0.479370
750,0.408531,0.471927
751,0.414400,0.464693
752,0.420492,0.457997
753,0.426985,0.451617
754,0.433846,0.445620
755,0.441037,0.440023
756,0.448540,0.434848
757,0.456323,0.430123
758,0.464434,0.425833
759,0.472679,0.421996
760,0.481143,0.418688
761,0.489816,0.415815
762,0.498624,0.413465
763,0.507550,0.411632
764,0.516544,0.410312
765,0.525611,0.409470
766,0.534712,0.409156
767,0.543817,0.409385
768,0.552900,0.410110
769,0.561903,0.411377
770,0.570839,0.413135
771,0.579672,0.415393
772,0.588348,0.418199
773,0.596826,0.421487
774,0.605215,0.425224
775,0.613298,0.429404
776,0.621124,0.434078
777,0.628698,0.439197
778,0.636024,0.444878
779,0.642954,0.450732
780,0.649507,0.457043
781,0.655713,0.463717
782,0.661509,0.470786
783,0.666909,0.478149
784,0.671849,0.485785
785,0.676339,0.493693
786,0.680425,0.501877
787,0.684011,0.510361
788,0.687157,0.518884
789,0.689781,0.527605
790,0.691889,0.536470
791,0.693476,0.545433
792,0.694565,0.554493
793,0.695124,0.563560
794,0.695169,0.572670
795,0.694718,0.581774
796,0.693716,0.590849
797,0.692198,0.599831
798,0.690187,0.608722
799,0.687663,0.617480
800,0.684635,0.626087
801,0.681093,0.634579
802,0.677000,0.642840
803,0.672641,0.650811
804,0.667820,0.658521
805,0.662512,0.665914
806,0.656718,0.673116
807,0.650612,0.679847
808,0.644121,0.686227
809,0.637272,0.692233
810,0.630099,0.697805
811,0.622672,0.703030
812,0.614900,0.707770
813,0.606858,0.712086
814,0.598580,0.715917
815,0.590122,0.719293
816,0.581482,0.722153
817,0.572585,0.724529
818,0.563723,0.726440
819,0.554738,0.727816
820,0.545663,0.728660
821,0.536564,0.728968
822,0.527467,0.728737
823,0.518401,0.728051
824,0.509380,0.726807
825,0.500420,0.725072
826,0.491620,0.722778
827,0.482929,0.720024
828,0.474388,0.716795
829,0.466070,0.713055
830,0.457934,0.708742
831,0.450057,0.704228
832,0.442347,0.699091
833,0.435036,0.693527
834,0.428181,0.687574
835,0.421605,0.681286
836,0.415402,0.674628
837,0.409595,0.667629
838,0.404239,0.660301
839,0.399257,0.652690
840,0.394739,0.644788
841,0.390668,0.636664
842,0.387083,0.628318
843,0.383974,0.619745
844,0.381322,0.611033
845,0.379149,0.602113
846,0.377560,0.593197
847,0.376433,0.584167
848,0.375836,0.575084
849,0.375789,0.565995
850,0.376240,0.556923
851,0.377212,0.547875
852,0.378702,0.538893
853,0.380681,0.530012
854,0.383213,0.521242
855,0.386204,0.512637
856,0.389669,0.504214
857,0.393626,0.496015
858,0.398287,0.487864
859,0.403068,0.480035
860,0.408290,0.472622
861,0.414001,0.465553
862,0.420103,0.458796
863,0.426573,0.452419
864,0.433399,0.446395
865,0.440568,0.440784
866,0.448040,0.435636
867,0.455782,0.430871
868,0.463780,0.426535
869,0.472027,0.422670
870,0.480494,0.419324
871,0.489121,0.416444
872,0.497910,0.414057
873,0.506911,0.412165
874,0.515921,0.410793
875,0.524960,0.409973
876,0.534044,0.409618
877,0.543139,0.409813
878,0.552233,0.410552
879,0.561250,0.411772
880,0.570166,0.413511
881,0.579079,0.415801
882,0.587784,0.418529
883,0.596309,0.421756
884,0.604755,0.425581
885,0.612824,0.429669
886,0.620645,0.434294
887,0.628186,0.439349
888,0.635489,0.444926
889,0.642440,0.450752
890,0.648965,0.457021
891,0.655186,0.463661
892,0.660994,0.470667
893,0.666392,0.477997
894,0.671384,0.485612
895,0.675903,0.493490
896,0.679994,0.501609
897,0.683575,0.509965
898,0.686714,0.518500
899,0.689317,0.527214
900,0.691462,0.536058
901,0.693075,0.545029
902,0.694192,0.554034
903,0.694831,0.563199
904,0.694993,0.572281
905,0.694542,0.581361
906,0.693526,0.590403
907,0.692066,0.599381
908,0.690067,0.608247
909,0.687586,0.616999
910,0.684469,0.625719
911,0.681124,0.634111
912,0.677133,0.642394
913,0.672708,0.650343
914,0.667855,0.658033
915,0.662578,0.665435
916,0.656904,0.672525
917,0.650806,0.679259
918,0.644303,0.685753
919,0.637529,0.691767
920,0.630383,0.697371
921,0.622939,0.702581
922,0.615152,0.707337
923,0.607157,0.711644
924,0.598941,0.715501
925,0.590521,0.718850
926,0.581888,0.721737
927,0.573112,0.724143
928,0.564199,0.726016
929,0.555208,0.727385
930,0.546139,0.728239
931,0.537053,0.728591
932,0.527854,0.728402
933,0.518839,0.727810
934,0.509841,0.726595
935,0.500915,0.724871
936,0.492104,0.722634
937,0.483268,0.719835
938,0.474772,0.716684
939,0.466488,0.713000
940,0.458404,0.708811
941,0.450579,0.704196
942,0.443050,0.699123
943,0.435832,0.693639
944,0.428863,0.687792
945,0.422293,0.681525
946,0.416094,0.674862
947,0.410177,0.667778
948,0.404686,0.660572
949,0.399713,0.652985
950,0.395213,0.645075
951,0.391157,0.636957
952,0.387538,0.628626
953,0.384406,0.620097
954,0.381777,0.611303
955,0.379647,0.602454
956,0.378031,0.593504
957,0.376888,0.584483
958,0.376303,0.575413
959,0.376240,0.566338
960,0.376658,0.557256
961,0.377627,0.548227
962,0.379138,0.539149
963,0.380998,0.530274
964,0.383682,0.521364
965,0.386414,0.512746
966,0.389828,0.504350
967,0.393765,0.496175
968,0.398158,0.488246
969,0.403007,0.480529
970,0.408288,0.473131
971,0.413968,0.466039
972,0.420065,0.459367
973,0.426486,0.452894
974,0.433283,0.446876
975,0.440439,0.441251
976,0.447885,0.436035
977,0.455604,0.431250
978,0.463748,0.426910
979,0.471892,0.422896
980,0.480269,0.419429
981,0.488844,0.416523
982,0.497583,0.414091
983,0.506460,0.412164
984,0.515452,0.410761
985,0.524506,0.409906
986,0.533595,0.409497
987,0.542689,0.409615
988,0.551762,0.410231
989,0.560760,0.411397
990,0.569726,0.413023
991,0.578583,0.415140
992,0.587432,0.417825
993,0.596001,0.420867
994,0.604398,0.424389
995,0.612584,0.428360
996,0.620499,0.432792
997,0.628274,0.437707
998,0.635789,0.442888
999,0.642984,0.448487
1000,0.649863,0.454448
1001,0.656425,0.460755
1002,0.662407,0.467272
1003,0.668094,0.473974
1004,0.673782,0.480810
1005,0.678584,0.487423
1006,0.681635,0.494112
1007,0.684206,0.502053
1008,0.686140,0.511369
1009,0.687126,0.521666
1010,0.686769,0.532867
1011,0.685259,0.544872
1012,0.682767,0.557267
1013,0.679403,0.569812
1014,0.675405,0.582359
1015,0.672451,0.593610
1016,0.671303,0.603549
1017,0.668638,0.614935
1018,0.665186,0.626570
1019,0.661412,0.637103
1020,0.656783,0.645138
1021,0.650979,0.653449
1022,0.643972,0.661845
1023,0.635754,0.670239
1024,0.626353,0.678345
1025,0.616075,0.686092
1026,0.605231,0.693340
1027,0.593941,0.700092
1028,0.582384,0.706285
1029,0.570507,0.712054
1030,0.559027,0.717540
1031,0.548004,0.722804
1032,0.537108,0.727905
1033,0.525398,0.732556
1034,0.513270,0.736915
1035,0.501313,0.741005
1036,0.490140,0.745205
1037,0.479053,0.749372
1038,0.468008,0.752541
1039,0.456463,0.755258
1040,0.444802,0.757466
1041,0.433248,0.759141
1042,0.421795,0.760486
1043,0.410618,0.761510
1044,0.399762,0.762334
1045,0.389322,0.763067
1046,0.379392,0.763839
1047,0.370082,0.764791
1048,0.361502,0.766083
1049,0.353765,0.767886
1050,0.346764,0.770045
1051,0.341177,0.773111
1052,0.332019,0.772586
1053,0.320365,0.768791
1054,0.308863,0.763863
1055,0.297834,0.758247
1056,0.287421,0.752054
1057,0.277389,0.745578
1058,0.267944,0.738837
1059,0.259112,0.731895
1060,0.250914,0.724868
1061,0.243362,0.717848
1062,0.241388,0.716438
1063,0.241388,0.716438
1064,0.240243,0.712866
1065,0.239827,0.706871
1066,0.241688,0.701601
1067,0.246789,0.699178
1068,0.247644,0.698854
1069,0.247644,0.698854
1070,0.246541,0.695066
1071,0.241886,0.695992
1072,0.237157,0.697119
1073,0.232434,0.698074
1074,0.230336,0.697984
1075,0.230336,0.697984
1076,0.230336,0.697984
1077,0.230336,0.697984
1078,0.230336,0.697984
1079,0.230336,0.697984
1080,0.230336,0.697984
1081,0.227373,0.701954
1082,0.223301,0.706336
1083,0.221258,0.708126
1084,0.221258,0.708126
1085,0.220645,0.708453
1086,0.218758,0.709275
1087,0.215496,0.706444
1088,0.211001,0.701629
1089,0.207458,0.698452
1090,0.204932,0.697557
1091,0.203692,0.699760
1092,0.202447,0.698525
1093,0.199159,0.693128
1094,0.195876,0.687143
1095,0.193538,0.683557
1096,0.192084,0.682164
1097,0.190890,0.680903
1098,0.190286,0.679552
1099,0.189533,0.678197
1100,0.189003,0.676798
1101,0.188697,0.675375
1102,0.188615,0.673949
1103,0.188756,0.672541
1104,0.189118,0.671171
1105,0.189695,0.669860
1106,0.190480,0.668628
1107,0.191468,0.667494
1108,0.192647,0.666476
1109,0.194007,0.665593
1110,0.195537,0.664862
1111,0.197222,0.664298
1112,0.199048,0.663916
1113,0.200998,0.663730
1114,0.203057,0.663753
1115,0.205206,0.663996
1116,0.207426,0.664468
1117,0.209697,0.665178
1118,0.212000,0.666133
1119,0.214313,0.667337
1120,0.216614,0.668795
1121,0.218883,0.670508
1122,0.221098,0.672478
1123,0.223235,0.674701
1124,0.225274,0.677176
1125,0.227193,0.679897
1126,0.228969,0.682859
1127,0.230582,0.686052
1128,0.232010,0.689468
1129,0.233235,0.693095
1130,0.234235,0.696919
1131,0.234899,0.701288
1132,0.235381,0.705460
1133,0.235588,0.709781
1134,0.235505,0.714233
1135,0.235117,0.718796
1136,0.234411,0.723450
1137,0.233376,0.728171
1138,0.232003,0.732938
1139,0.230283,0.737726
1140,0.228210,0.742510
1141,0.225779,0.747266
1142,0.223500,0.751722
1143,0.227981,0.751417
1144,0.233759,0.749214
1145,0.239853,0.746853
1146,0.246024,0.744798
1147,0.252200,0.743137
1148,0.258328,0.741887
1149,0.264371,0.741045
1150,0.270304,0.740596
1151,0.276103,0.740525
1152,0.281746,0.740816
1153,0.287210,0.741449
1154,0.292475,0.742407
1155,0.297524,0.743668
1156,0.302340,0.745210
1157,0.306907,0.747012
1158,0.311213,0.749051
1159,0.315247,0.751301
1160,0.318999,0.753740
1161,0.322461,0.756343
1162,0.325628,0.759085
1163,0.328168,0.761764
1164,0.330747,0.764688
1165,0.333027,0.767678
1166,0.335008,0.770708
1167,0.336694,0.773757
1168,0.338089,0.776800
1169,0.339200,0.779815
1170,0.340037,0.782780
1171,0.340607,0.785674
1172,0.340923,0.788477
1173,0.340998,0.791170
1174,0.340845,0.793736
1175,0.340479,0.796157
1176,0.339917,0.798419
1177,0.339175,0.800509
1178,0.338273,0.802413
1179,0.337228,0.804121
1180,0.336061,0.805623
1181,0.335811,0.806796
1182,0.334794,0.807778
1183,0.333445,0.808534
1184,0.332005,0.809063
1185,0.330545,0.809365
1186,0.329090,0.809441
1187,0.327663,0.809293
1188,0.326286,0.808927
1189,0.324976,0.808348
1190,0.323755,0.807563
1191,0.322641,0.806581
1192,0.321653,0.805413
1193,0.320807,0.804070
1194,0.319208,0.802718
1195,0.312251,0.802109
1196,0.302988,0.804196
1197,0.294695,0.809298
1198,0.290537,0.814597
1199,0.289758,0.816869
1200,0.290251,0.816849
1201,0.291373,0.815586
1202,0.292861,0.813703
1203,0.294617,0.811554
1204,0.296617,0.809321
1205,0.298861,0.807112
1206,0.301355,0.804987
1207,0.304099,0.802976
1208,0.307087,0.801103
1209,0.310311,0.799388
1210,0.313761,0.797852
1211,0.317429,0.796517
1212,0.321300,0.795401
1213,0.325361,0.794523
1214,0.329597,0.793901
1215,0.333992,0.793553
1216,0.338526,0.793495
1217,0.343181,0.793739
1218,0.347936,0.794301
1219,0.352769,0.795192
1220,0.357658,0.796423
1221,0.362579,0.798001
1222,0.367507,0.799935
1223,0.372418,0.802231
1224,0.377285,0.804891
1225,0.382083,0.807918
1226,0.386784,0.811312
1227,0.391363,0.815071
1228,0.395969,0.819521
1229,0.400209,0.824006
1230,0.404246,0.828839
1231,0.408054,0.834010
1232,0.411607,0.839509
1233,0.414879,0.845324
1234,0.417845,0.851438
1235,0.420483,0.857836
1236,0.422768,0.864499
1237,0.424680,0.871407
1238,0.426198,0.878538
1239,0.427302,0.885869
1240,0.427975,0.893376
1241,0.428200,0.901031
1242,0.427962,0.908809
1243,0.427249,0.916679
1244,0.426050,0.924613
1245,0.424354,0.932580
1246,0.422155,0.940548
1247,0.419448,0.948485
1248,0.416228,0.956359
1249,0.412495,0.964136
1250,0.408250,0.971782
1251,0.403496,0.979264
1252,0.398239,0.986548
1253,0.392486,0.993600
1254,0.386247,1.000387
1255,0.379535,1.006876
1256,0.372363,1.013035
1257,0.364748,1.018831
1258,0.356709,1.024234
1259,0.347915,1.029338
1260,0.339089,1.033856
1261,0.329908,1.037896
1262,0.320399,1.041432
1263,0.310590,1.044438
1264,0.300512,1.046891
1265,0.290197,1.048770
1266,0.279678,1.050057
1267,0.268990,1.050733
1268,0.258169,1.050785
1269,0.247254,1.050199
1270,0.236281,1.048965
1271,0.225292,1.047074
1272,0.214325,1.044521
1273,0.203421,1.041303
1274,0.192622,1.037419
1275,0.181969,1.032871
1276,0.171504,1.027663
1277,0.161267,1.021802
1278,0.151300,1.015299
1279,0.141644,1.008166
1280,0.132339,1.000417
1281,0.123425,0.992071
1282,0.114939,0.983147
1283,0.106921,0.973669
1284,0.099405,0.963661
1285,0.092427,0.953151
1286,0.086020,0.942169
1287,0.080216,0.930746
1288,0.075045,0.918918
1289,0.070534,0.906720
1290,0.066708,0.894191
1291,0.063573,0.880997
1292,0.061192,0.867926
1293,0.059559,0.854648
1294,0.058691,0.841206
1295,0.058600,0.827647
1296,0.059296,0.814017
1297,0.060789,0.800362
1298,0.063081,0.786731
1299,0.066175,0.773173
1300,0.070069,0.759734
1301,0.074759,0.746465
1302,0.080238,0.733414
1303,0.086496,0.720628
1304,0.093518,0.708156
1305,0.101288,0.696045
1306,0.109787,0.684340
1307,0.118992,0.673086
1308,0.128879,0.662328
1309,0.139419,0.652107
1310,0.150581,0.642464
1311,0.162333,0.633437
1312,0.174639,0.625064
1313,0.187460,0.617379
1314,0.200756,0.610415
1315,0.206989,0.605131
1316,0.206625,0.604745
1317,0.207676,0.604403
1318,0.214720,0.607107
1319,0.225275,0.611705
1320,0.237899,0.617121
1321,0.251263,0.623463
1322,0.266268,0.629630
1323,0.282108,0.635776
1324,0.297585,0.642804
1325,0.312637,0.650701
1326,0.327215,0.659441
1327,0.341272,0.668996
1328,0.354763,0.679336
1329,0.367644,0.690427
1330,0.379872,0.702233
1331,0.391410,0.714715
1332,0.394614,0.718221
1333,0.394614,0.718221
1334,0.394614,0.718221
1335,0.394614,0.718221
1336,0.394614,0.718221
1337,0.383279,0.722867
1338,0.367089,0.728030
1339,0.350614,0.732212
1340,0.333927,0.735449
1341,0.329259,0.736328
1342,0.329259,0.736328
1343,0.329259,0.736328
1344,0.329259,0.736328
1345,0.329259,0.736328
1346,0.331277,0.724245
1347,0.335411,0.707762
1348,0.340529,0.691553
1349,0.346561,0.675662
1350,0.353488,0.660140
1351,0.361287,0.645037
1352,0.369932,0.630402
1353,0.379396,0.616283
1354,0.389648,0.602725
1355,0.400654,0.589773
1356,0.412380,0.577467
1357,0.424787,0.565849
1358,0.437835,0.554955
1359,0.451481,0.544822
1360,0.465682,0.535481
1361,0.480391,0.526963
1362,0.495562,0.519296
1363,0.511143,0.512505
1364,0.527086,0.506611
1365,0.543339,0.501634
1366,0.559848,0.497589
1367,0.564468,0.496485
1368,0.576542,0.498553
1369,0.593008,0.502755
1370,0.609195,0.507941
1371,0.625061,0.514039
1372,0.640555,0.521030
1373,0.647426,0.522657
1374,0.651839,0.522990
1375,0.656282,0.523631
1376,0.660694,0.524539
1377,0.665049,0.525698
1378,0.669331,0.527100
1379,0.673719,0.528767
1380,0.677792,0.530665
1381,0.681780,0.532786
1382,0.685703,0.535183
1383,0.689405,0.537708
1384,0.692960,0.540542
1385,0.696365,0.543514
1386,0.699596,0.546664
1387,0.702641,0.549990
1388,0.705494,0.553482
1389,0.708144,0.557127
1390,0.710640,0.561051
1391,0.712874,0.565013
1392,0.714871,0.569062
1393,0.716637,0.573209
1394,0.718166,0.577446
1395,0.719452,0.581761
1396,0.720494,0.586141
1397,0.721242,0.590606
1398,0.721730,0.595148
1399,0.721999,0.599654
1400,0.722081,0.604254
1401,0.721838,0.608863
1402,0.721368,0.613326
1403,0.720567,0.617789
1404,0.719574,0.622187
1405,0.718338,0.626513
1406,0.716452,0.631034
1407,0.714689,0.635200
1408,0.712719,0.639239
1409,0.710494,0.643171
1410,0.708133,0.647013
1411,0.705511,0.650725
1412,0.702654,0.654238
1413,0.699606,0.657550
1414,0.696403,0.660700
1415,0.693032,0.663664
1416,0.689502,0.666432
1417,0.685822,0.668997
1418,0.682003,0.671348
1419,0.677922,0.673604
1420,0.673792,0.675498
1421,0.669620,0.677157
1422,0.665368,0.678580
1423,0.661043,0.679761
1424,0.656661,0.680695
1425,0.651856,0.681198
1426,0.647358,0.681573
1427,0.642870,0.681720
1428,0.638297,0.681622
1429,0.633784,0.681279
1430,0.629346,0.680677
1431,0.624959,0.679829
1432,0.620610,0.678658
1433,0.616338,0.677313
1434,0.612161,0.675737
1435,0.608082,0.673930
1436,0.604097,0.671820
1437,0.600090,0.669463
1438,0.596367,0.666977
1439,0.592801,0.664292
1440,0.589395,0.661412
1441,0.586158,0.658346
1442,0.583094,0.655056
1443,0.580267,0.651527
1444,0.577582,0.647500
1445,0.575142,0.643760
1446,0.572836,0.639893
1447,0.570799,0.635889
1448,0.569018,0.631806
1449,0.567505,0.627600
1450,0.566202,0.623289
1451,0.565152,0.618974
1452,0.564344,0.614599
1453,0.563785,0.610187
1454,0.563466,0.605635
1455,0.563392,0.601130
1456,0.563587,0.596617
1457,0.564040,0.592181
1458,0.564740,0.587788
1459,0.565686,0.583449
1460,0.566876,0.579172
1461,0.568373,0.574959
1462,0.570048,0.570831
1463,0.572315,0.566592
1464,0.574461,0.562692
1465,0.576808,0.558937
1466,0.579403,0.555318
1467,0.582168,0.551740
1468,0.585197,0.548418
1469,0.588343,0.545284
1470,0.591646,0.542335
1471,0.595150,0.539558
1472,0.598763,0.536986
1473,0.602497,0.534646
1474,0.606365,0.532520
1475,0.610349,0.530618
1476,0.614501,0.528968
1477,0.618693,0.527542
1478,0.623043,0.526266
1479,0.627382,0.525304
1480,0.631749,0.524594
1481,0.636146,0.524128
1482,0.640926,0.524134
1483,0.645400,0.524264
1484,0.649844,0.524644
1485,0.654221,0.525205
1486,0.658553,0.526007
1487,0.662830,0.527049
1488,0.667039,0.528331
1489,0.671307,0.529915
1490,0.675384,0.531682
1491,0.679476,0.533792
1492,0.683284,0.535991
1493,0.686958,0.538403
1494,0.690487,0.541019
1495,0.693863,0.543893
1496,0.697074,0.546895
1497,0.700110,0.550068
1498,0.702962,0.553406
1499,0.705619,0.556899
1500,0.708037,0.560664
1501,0.710259,0.564912
1502,0.712379,0.568872
1503,0.714167,0.572885
1504,0.715719,0.576980
1505,0.717037,0.581152
1506,0.718028,0.585512
1507,0.718841,0.589835
1508,0.719430,0.594271
1509,0.719789,0.598606
1510,0.719882,0.602966
1511,0.719799,0.607425
1512,0.719316,0.611829
1513,0.718642,0.616195
1514,0.717699,0.620475
1515,0.716555,0.624699
1516,0.715182,0.628849
1517,0.713579,0.632910
1518,0.711655,0.636884
1519,0.709252,0.640998
1520,0.706944,0.644812
1521,0.704370,0.648407
1522,0.701673,0.651842
1523,0.698797,0.655120
1524,0.695660,0.658213
1525,0.692426,0.661147
1526,0.688958,0.663926
1527,0.685469,0.666467
1528,0.681735,0.668787
1529,0.677848,0.671005
1530,0.673852,0.672883
1531,0.669815,0.674562
1532,0.665707,0.676012
1533,0.661528,0.677226
1534,0.657289,0.678204
1535,0.653004,0.678939
1536,0.648592,0.679346
1537,0.644217,0.679533
1538,0.639514,0.679288
1539,0.635155,0.679007
1540,0.630807,0.678537
1541,0.626466,0.677797
1542,0.622205,0.676719
1543,0.618040,0.675481
1544,0.613867,0.673950
1545,0.609890,0.672204
1546,0.606014,0.670284
1547,0.602249,0.668145
1548,0.598614,0.665721
1549,0.595051,0.663176
1550,0.591631,0.660408
1551,0.588432,0.657470
1552,0.585409,0.654363
1553,0.582569,0.651093
1554,0.579942,0.647605
1555,0.577498,0.643951
1556,0.575266,0.640229
1557,0.573269,0.635946
1558,0.571482,0.631999
1559,0.569886,0.627873
1560,0.568502,0.623743
1561,0.567395,0.619568
1562,0.566531,0.615340
1563,0.565954,0.611008
1564,0.565594,0.606694
1565,0.565471,0.602287
1566,0.565584,0.597983
1567,0.565946,0.593690
1568,0.566551,0.589425
1569,0.567359,0.585095
1570,0.568447,0.580889
1571,0.569808,0.576746
1572,0.571402,0.572715
1573,0.573187,0.568779
1574,0.575184,0.564952
1575,0.577761,0.561063
1576,0.580207,0.557486
1577,0.582905,0.554082
1578,0.585734,0.550820
1579,0.588806,0.547726
1580,0.592031,0.544705
1581,0.595378,0.541958
1582,0.598855,0.539416
1583,0.602549,0.537114
1584,0.606367,0.534945
1585,0.610203,0.533035
1586,0.614144,0.531346
1587,0.618176,0.529885
1588,0.622354,0.528686
1589,0.626592,0.527763
1590,0.630835,0.527016
1591,0.635122,0.526455
1592,0.639473,0.526146
1593,0.643771,0.526116
1594,0.648056,0.526329
1595,0.652717,0.527124
1596,0.656968,0.527851
1597,0.661196,0.528879
1598,0.665312,0.530078
1599,0.669412,0.531557
1600,0.673365,0.533204
1601,0.677204,0.535068
1602,0.681030,0.537126
1603,0.684744,0.539490
1604,0.688265,0.542070
1605,0.691609,0.544799
1606,0.694752,0.547706
1607,0.697746,0.550754
1608,0.700558,0.553958
1609,0.703183,0.557315
1610,0.705587,0.560894
1611,0.707824,0.564539
1612,0.709904,0.568308
1613,0.711774,0.572268
1614,0.713264,0.576692
1615,0.714599,0.580747
1616,0.715655,0.584913
1617,0.716529,0.589163
1618,0.717156,0.593362
1619,0.717548,0.597585
1620,0.717697,0.601816
1621,0.717531,0.606144
1622,0.717190,0.610544
1623,0.716662,0.614762
1624,0.715854,0.618911
1625,0.714743,0.623058
1626,0.713450,0.627089
1627,0.711867,0.631062
1628,0.710123,0.634932
1629,0.708179,0.638692
1630,0.706029,0.642325
1631,0.703702,0.645891
1632,0.700748,0.649469
1633,0.697873,0.652700
1634,0.694860,0.655801
1635,0.691765,0.658675
1636,0.688526,0.661358
1637,0.685142,0.663858
1638,0.681567,0.666161
1639,0.677820,0.668245
1640,0.674043,0.670133
1641,0.670059,0.671854
1642,0.666073,0.673409
1643,0.662050,0.674628
1644,0.657908,0.675559
1645,0.653773,0.676310
1646,0.649546,0.676791
1647,0.645343,0.677047
1648,0.641145,0.677081
1649,0.636924,0.676828
1650,0.632419,0.676127
1651,0.628146,0.675447
1652,0.624019,0.674519
1653,0.619989,0.673366
1654,0.616034,0.671996
1655,0.612084,0.670385
1656,0.608293,0.668465
1657,0.604633,0.666431
1658,0.601099,0.664201
1659,0.597581,0.661702
1660,0.593923,0.658566
1661,0.590733,0.655188
1662,0.588110,0.651459
1663,0.585626,0.647289
1664,0.582648,0.641890
1665,0.580309,0.635951
1666,0.578769,0.629548
1667,0.576532,0.623132
1668,0.574435,0.616704
1669,0.572839,0.609734
1670,0.571455,0.603094
1671,0.570433,0.596418
1672,0.569790,0.589697
1673,0.569530,0.582954
1674,0.569653,0.576207
1675,0.570035,0.569405
1676,0.570897,0.562692
1677,0.572153,0.556053
1678,0.573833,0.549387
1679,0.575850,0.542923
1680,0.578225,0.536600
1681,0.580953,0.530426
1682,0.584024,0.524413
1683,0.587521,0.518619
1684,0.591258,0.513001
1685,0.595304,0.507602
1686,0.599648,0.502442
1687,0.604334,0.497501
1688,0.609632,0.492706
1689,0.614803,0.488353
1690,0.620329,0.484278
1691,0.625959,0.480553
1692,0.631784,0.477154
1693,0.637851,0.474073
1694,0.644067,0.471428
1695,0.650379,0.469082
1696,0.656857,0.467083
1697,0.663396,0.465457
1698,0.670043,0.464202
1699,0.676785,0.463330
1700,0.683502,0.462838
1701,0.690231,0.462726
1702,0.696980,0.463066
1703,0.703676,0.463712
1704,0.710409,0.464751
1705,0.717014,0.466170
1706,0.723793,0.468235
1707,0.730214,0.470427
1708,0.736452,0.472944
1709,0.742536,0.475808
1710,0.748448,0.479011
1711,0.754243,0.482590
1712,0.759762,0.486448
1713,0.765059,0.490648
1714,0.770066,0.495115
1715,0.774835,0.499854
1716,0.779332,0.504853
1717,0.783539,0.510096
1718,0.787496,0.515664
1719,0.791087,0.521413
1720,0.794343,0.527300
1721,0.797261,0.533355
1722,0.799831,0.539567
1723,0.801978,0.545956
1724,0.803806,0.552401
1725,0.805158,0.559425
1726,0.806256,0.566165
1727,0.806968,0.572853
1728,0.807289,0.579624
1729,0.807238,0.586339
1730,0.806806,0.593036
1731,0.805962,0.599715
1732,0.804724,0.606345
1733,0.803153,0.612867
1734,0.801215,0.619397
1735,0.798919,0.625710
1736,0.796203,0.631925
1737,0.793205,0.637930
1738,0.789874,0.643754
1739,0.786190,0.649439
1740,0.782153,0.654899
1741,0.777875,0.660078
1742,0.773319,0.665005
1743,0.768473,0.669674
1744,0.762960,0.674119
1745,0.757533,0.678229
1746,0.751942,0.682009
1747,0.746146,0.685483
1748,0.739667,0.689521
1749,0.732259,0.692921
1750,0.730951,0.693430
1751,0.730951,0.693430
1752,0.721451,0.685697
1753,0.714786,0.683706
1754,0.708309,0.679526
1755,0.707119,0.678546
1756,0.707119,0.678546
1757,0.707119,0.678546
1758,0.707119,0.678546
1759,0.707119,0.678546
1760,0.707355,0.678835
1761,0.707362,0.678844
1762,0.718788,0.683261
1763,0.734096,0.690641
1764,0.748936,0.698929
1765,0.763280,0.708048
1766,0.777082,0.717969
1767,0.790297,0.728659
1768,0.802883,0.740083
1769,0.814799,0.752205
1770,0.826005,0.764985
1771,0.836466,0.778382
1772,0.846148,0.792352
1773,0.855019,0.806851
1774,0.863052,0.821831
1775,0.865272,0.826030
1776,0.865272,0.826030
1777,0.865272,0.826030
1778,0.865272,0.826030
1779,0.865272,0.826030
1780,0.865272,0.826030
1781,0.853386,0.823066
1782,0.837281,0.817644
1783,0.821526,0.811263
1784,0.806161,0.803996
1785,0.791233,0.795866
1786,0.776793,0.786901
1787,0.762885,0.777128
1788,0.749557,0.766580
1789,0.736850,0.755290
1790,0.724806,0.743296
1791,0.713464,0.730636
1792,0.710315,0.727080
1793,0.710315,0.727080
1794,0.710315,0.727080
1795,0.710315,0.727080
1796,0.710315,0.727080
1797,0.710315,0.727080
1798,0.710315,0.727080
1799,0.710315,0.727080
