0,0.700653,-0.683536
1,0.688432,-0.682690
2,0.671439,-0.682300
3,0.654451,-0.682867
4,0.637522,-0.684399
5,0.620709,-0.686893
6,0.604064,-0.690339
7,0.587643,-0.694726
8,0.571497,-0.700041
9,0.555681,-0.706265
10,0.551271,-0.708030
11,0.551271,-0.708030
12,0.551271,-0.708030
13,0.551271,-0.708030
14,0.551271,-0.708030
15,0.551271,-0.708030
16,0.551271,-0.708030
17,0.551271,-0.708030
18,0.551271,-0.708030
19,0.560802,-0.700334
20,0.573125,-0.688633
21,0.584725,-0.676209
22,0.595600,-0.663145
23,0.605713,-0.649484
24,0.615033,-0.635269
25,0.623529,-0.620547
26,0.631174,-0.605366
27,0.637943,-0.589774
28,0.643813,-0.573823
29,0.648767,-0.557563
30,0.652787,-0.541048
31,0.655861,-0.524331
32,0.657979,-0.507466
33,0.658544,-0.502749
34,0.655101,-0.490993
35,0.649032,-0.475120
36,0.642018,-0.459637
37,0.640034,-0.455322
38,0.630951,-0.447102
39,0.617477,-0.436745
40,0.603402,-0.427216
41,0.588808,-0.418502
42,0.573742,-0.410634
43,0.569519,-0.408459
44,0.569519,-0.408459
45,0.557846,-0.412173
46,0.542117,-0.418608
47,0.537737,-0.420445
48,0.537737,-0.420445
49,0.537737,-0.420445
50,0.537737,-0.420445
51,0.537737,-0.420445
52,0.537737,-0.420445
53,0.537737,-0.420445
54,0.537737,-0.420445
55,0.537737,-0.420445
56,0.547139,-0.412592
57,0.559266,-0.400687
58,0.570658,-0.388072
59,0.581314,-0.374830
60,0.591199,-0.361002
61,0.600281,-0.346635
62,0.608531,-0.331774
63,0.615923,-0.316467
64,0.622431,-0.300765
65,0.628036,-0.284718
66,0.632718,-0.268378
67,0.636463,-0.251799
68,0.639259,-0.235033
69,0.641097,-0.218135
70,0.641970,-0.201160
71,0.642187,-0.196415
72,0.637889,-0.184943
73,0.630670,-0.169559
74,0.622537,-0.154633
75,0.620241,-0.150475
76,0.610579,-0.142945
77,0.596380,-0.133607
78,0.581643,-0.125137
79,0.566448,-0.117520
80,0.550844,-0.110780
81,0.534882,-0.104938
82,0.530412,-0.103331
83,0.518183,-0.104053
84,0.501354,-0.106413
85,0.484694,-0.109781
86,0.468252,-0.114091
87,0.452082,-0.119330
88,0.436236,-0.125480
89,0.420765,-0.132521
90,0.405721,-0.140432
91,0.401529,-0.142666
92,0.401529,-0.142666
93,0.401529,-0.142666
94,0.401529,-0.142666
95,0.401529,-0.142666
96,0.401529,-0.142666
97,0.401529,-0.142666
98,0.401529,-0.142666
99,0.412769,-0.137796
100,0.427770,-0.129811
101,0.442267,-0.120936
102,0.456236,-0.111251
103,0.469630,-0.100787
104,0.482408,-0.089578
105,0.494528,-0.077660
106,0.505949,-0.065072
107,0.516636,-0.051854
108,0.526554,-0.038050
109,0.535670,-0.023704
110,0.543955,-0.008862
111,0.551382,0.006427
112,0.557928,0.022113
113,0.563570,0.038147
114,0.565121,0.042637
115,0.564246,0.054855
116,0.561677,0.071654
117,0.558102,0.088271
118,0.553587,0.104658
119,0.552299,0.109230
120,0.552299,0.109230
121,0.552299,0.109230
122,0.540157,0.110856
123,0.523187,0.111752
124,0.506190,0.111628
125,0.489228,0.110536
126,0.472355,0.108481
127,0.455626,0.105469
128,0.439096,0.101511
129,0.422818,0.096618
130,0.406844,0.090807
131,0.391228,0.084097
132,0.376018,0.076509
133,0.361264,0.068068
134,0.347015,0.058801
135,0.343048,0.056189
136,0.343048,0.056189
137,0.343048,0.056189
138,0.343048,0.056189
139,0.343048,0.056189
140,0.343048,0.056189
141,0.354893,0.053068
142,0.371621,0.050071
143,0.388502,0.048084
144,0.405469,0.047061
145,0.422466,0.047004
146,0.439439,0.047915
147,0.456333,0.049790
148,0.461051,0.050341
149,0.461051,0.050341
150,0.468667,0.059936
151,0.478130,0.074051
152,0.486730,0.088712
153,0.494481,0.103839
154,0.501360,0.119383
155,0.507343,0.135293
156,0.512411,0.151517
157,0.513801,0.156059
158,0.512492,0.168239
159,0.509326,0.184935
160,0.505162,0.201415
161,0.501305,0.215069
162,0.501401,0.215410
163,0.501401,0.215410
164,0.493130,0.215908
165,0.477533,0.222112
166,0.461489,0.227725
167,0.445152,0.232417
168,0.428574,0.236171
169,0.411810,0.238976
170,0.394913,0.240823
171,0.377938,0.241705
172,0.360941,0.241620
173,0.343976,0.240568
174,0.339237,0.240247
175,0.328325,0.234680
176,0.313856,0.225768
177,0.299945,0.216000
178,0.286613,0.205456
179,0.282904,0.202488
180,0.282904,0.202488
181,0.282904,0.202488
182,0.282904,0.202488
183,0.282904,0.202488
184,0.282904,0.202488
185,0.294987,0.200476
186,0.311920,0.199036
187,0.328913,0.198618
188,0.345901,0.199166
189,0.362831,0.200680
190,0.379648,0.203156
191,0.396296,0.206583
192,0.412722,0.210953
193,0.428873,0.216250
194,0.444697,0.222457
195,0.460142,0.229555
196,0.475158,0.237520
197,0.489696,0.246326
198,0.503710,0.255945
199,0.517154,0.266346
200,0.529984,0.277495
201,0.542159,0.289356
202,0.553640,0.301890
203,0.564389,0.315057
204,0.574371,0.328815
205,0.583555,0.343118
206,0.591909,0.357920
207,0.599409,0.373174
208,0.606028,0.388830
209,0.611745,0.404837
210,0.616543,0.421143
211,0.620405,0.437696
212,0.623319,0.454442
213,0.625276,0.471327
214,0.626268,0.488295
215,0.626519,0.493039
216,0.626519,0.493039
217,0.626519,0.493039
218,0.626519,0.493039
219,0.626519,0.493039
220,0.614811,0.489434
221,0.599023,0.483148
222,0.583637,0.475922
223,0.568688,0.467833
224,0.554223,0.458906
225,0.540290,0.449171
226,0.526933,0.438658
227,0.514196,0.427403
228,0.502120,0.415441
229,0.498764,0.412080
230,0.498764,0.412080
231,0.498764,0.412080
232,0.498764,0.412080
233,0.507188,0.403185
234,0.519825,0.391823
235,0.533125,0.381240
236,0.547006,0.371429
237,0.561422,0.362425
238,0.576328,0.354255
239,0.591674,0.346947
240,0.607411,0.340524
241,0.623488,0.335006
242,0.627990,0.333490
243,0.627990,0.333490
244,0.627990,0.333490
245,0.636182,0.342598
246,0.646497,0.356103
247,0.655983,0.370207
248,0.664652,0.384828
249,0.672474,0.399919
250,0.679426,0.415430
251,0.685483,0.431311
252,0.690628,0.447512
253,0.692039,0.452047
254,0.692039,0.452047
255,0.686362,0.462902
256,0.677304,0.477280
257,0.667395,0.491091
258,0.656717,0.504316
259,0.645304,0.516912
260,0.642095,0.520414
261,0.630933,0.525462
262,0.614938,0.531201
263,0.598623,0.535969
264,0.582063,0.539801
265,0.565312,0.542685
266,0.548424,0.544611
267,0.531639,0.544674
268,0.515380,0.541149
269,0.498894,0.537753
270,0.482248,0.534507
271,0.477339,0.529266
272,0.472117,0.520227
273,0.468672,0.509195
274,0.466317,0.496213
275,0.471987,0.484767
276,0.485033,0.482644
277,0.488139,0.483254
278,0.492008,0.481002
279,0.495456,0.479465
280,0.495934,0.479190
281,0.506729,0.473399
282,0.522300,0.466593
283,0.538305,0.458634
284,0.554761,0.450089
285,0.571757,0.441846
286,0.589316,0.433956
287,0.607452,0.426481
288,0.626167,0.419500
289,0.645433,0.413149
290,0.665054,0.407855
291,0.684366,0.404811
292,0.702398,0.400846
293,0.717816,0.406107
294,0.731902,0.415613
295,0.745395,0.425950
296,0.758278,0.437039
297,0.770508,0.448842
298,0.782048,0.461322
299,0.792859,0.474439
300,0.802905,0.488149
301,0.805691,0.491997
302,0.805691,0.491997
303,0.805691,0.491997
304,0.805691,0.491997
305,0.805691,0.491997
306,0.793903,0.495327
307,0.777231,0.498620
308,0.761554,0.500324
309,0.745352,0.501316
310,0.728702,0.501547
311,0.711746,0.500928
312,0.694821,0.499353
313,0.678014,0.496817
314,0.661394,0.493341
315,0.645099,0.488997
316,0.629220,0.483840
317,0.613799,0.477898
318,0.598867,0.471189
319,0.584452,0.463727
320,0.570580,0.455526
321,0.566979,0.453405
322,0.567289,0.453763
323,0.567495,0.454032
324,0.567756,0.454436
325,0.568630,0.455930
326,0.579199,0.452265
327,0.594464,0.444780
328,0.609304,0.436454
329,0.624473,0.428785
330,0.640054,0.421990
331,0.655996,0.416094
332,0.672247,0.411114
333,0.688756,0.407066
334,0.705468,0.403965
335,0.722329,0.401819
336,0.727045,0.401246
337,0.727045,0.401246
338,0.736701,0.408784
339,0.749215,0.420281
340,0.761018,0.432513
341,0.772106,0.445396
342,0.782443,0.458889
343,0.791996,0.472948
344,0.800733,0.487528
345,0.808627,0.502582
346,0.815651,0.518060
347,0.821783,0.533913
348,0.827003,0.550089
349,0.831295,0.566536
350,0.832468,0.571138
351,0.832468,0.571138
352,0.832468,0.571138
353,0.832468,0.571138
354,0.832468,0.571138
355,0.820282,0.569893
356,0.803569,0.566815
357,0.787068,0.562737
358,0.770825,0.557727
359,0.754894,0.551801
360,0.739326,0.544978
361,0.724171,0.537281
362,0.709479,0.528733
363,0.695297,0.519364
364,0.681671,0.509203
365,0.676577,0.513858
366,0.671296,0.518362
367,0.665827,0.522707
368,0.660171,0.526886
369,0.654327,0.530891
370,0.648299,0.534714
371,0.642086,0.538345
372,0.635692,0.541775
373,0.629119,0.544995
374,0.622369,0.547993
375,0.615448,0.550761
376,0.608360,0.553286
377,0.601108,0.555558
378,0.593701,0.557567
379,0.586144,0.559300
380,0.578445,0.560746
381,0.570612,0.561895
382,0.562655,0.562734
383,0.554584,0.563253
384,0.546410,0.563440
385,0.542735,0.568653
386,0.542722,0.570873
387,0.542709,0.570867
388,0.542887,0.570634
389,0.542437,0.571219
390,0.542355,0.571326
391,0.548012,0.568188
392,0.560398,0.561074
393,0.575086,0.552519
394,0.590237,0.544814
395,0.605801,0.537983
396,0.621729,0.532049
397,0.637969,0.527031
398,0.654468,0.522945
399,0.671173,0.519804
400,0.688030,0.517619
401,0.692744,0.517035
402,0.704513,0.520431
403,0.720411,0.526437
404,0.735921,0.533389
405,0.751011,0.541212
406,0.765632,0.549882
407,0.779736,0.559368
408,0.793277,0.569642
409,0.806211,0.580670
410,0.818498,0.592416
411,0.821912,0.595718
412,0.821912,0.595718
413,0.821912,0.595718
414,0.821912,0.595718
415,0.821912,0.595718
416,0.821912,0.595718
417,0.821912,0.595718
418,0.821912,0.595718
419,0.812447,0.587942
420,0.800223,0.576136
421,0.788729,0.563614
422,0.777966,0.550459
423,0.774782,0.550465
424,0.772836,0.551501
425,0.771417,0.552090
426,0.770608,0.552188
427,0.770503,0.551735
428,0.771196,0.550653
429,0.772721,0.548710
430,0.775069,0.545587
431,0.778246,0.541050
432,0.777583,0.526778
433,0.776572,0.509811
434,0.776527,0.492814
435,0.777450,0.475841
436,0.779337,0.458949
437,0.782183,0.442191
438,0.785976,0.425622
439,0.790707,0.409296
440,0.792055,0.404741
441,0.799169,0.397121
442,0.802571,0.404778
443,0.808706,0.408855
444,0.817278,0.411280
445,0.827935,0.412464
446,0.833115,0.411422
447,0.833340,0.411365
448,0.835939,0.412335
449,0.844725,0.413914
450,0.859556,0.414635
451,0.876402,0.415412
452,0.893313,0.417055
453,0.910111,0.419652
454,0.926734,0.423200
455,0.943128,0.427688
456,0.959240,0.433101
457,0.975019,0.439423
458,0.990412,0.446632
459,1.005370,0.454705
460,1.009537,0.456985
461,1.017106,0.466617
462,1.026500,0.480778
463,1.033466,0.493839
464,1.039068,0.504952
465,1.044724,0.516896
466,1.049789,0.529294
467,1.054159,0.542047
468,1.057804,0.555053
469,1.060704,0.568253
470,1.062849,0.581599
471,1.064232,0.595045
472,1.064847,0.608549
473,1.064694,0.622066
474,1.063772,0.635552
475,1.062084,0.648964
476,1.059636,0.662259
477,1.056436,0.675392
478,1.052331,0.688705
479,1.047645,0.701417
480,1.042251,0.713828
481,1.036162,0.725908
482,1.029396,0.737621
483,1.021975,0.748930
484,1.013922,0.759799
485,1.005265,0.770192
486,0.996030,0.780076
487,0.986248,0.789419
488,0.975889,0.798182
489,0.965220,0.806361
490,0.954017,0.813890
491,0.942388,0.820777
492,0.930381,0.826993
493,0.918039,0.832517
494,0.905403,0.837330
495,0.892513,0.841416
496,0.879411,0.844763
497,0.866140,0.847360
498,0.852743,0.849197
499,0.838890,0.850242
500,0.825308,0.850532
501,0.811770,0.850061
502,0.798292,0.848823
503,0.784909,0.846820
504,0.771664,0.844060
505,0.758596,0.840551
506,0.745750,0.836304
507,0.733166,0.831334
508,0.720884,0.825655
509,0.708946,0.819287
510,0.697389,0.812251
511,0.686251,0.804568
512,0.675577,0.796317
513,0.665412,0.787447
514,0.655752,0.777992
515,0.646642,0.767998
516,0.637943,0.758524
517,0.628810,0.749770
518,0.620333,0.740711
519,0.612710,0.733980
520,0.606054,0.727878
521,0.600568,0.721921
522,0.596909,0.720846
523,0.586128,0.719821
524,0.573621,0.719184
525,0.558243,0.720578
526,0.542128,0.722100
527,0.526053,0.722802
528,0.510015,0.722659
529,0.494045,0.721625
530,0.478161,0.719742
531,0.462469,0.717039
532,0.446985,0.713505
533,0.431759,0.709155
534,0.416834,0.704016
535,0.402251,0.698120
536,0.387958,0.690883
537,0.374136,0.683467
538,0.360882,0.675308
539,0.348066,0.666442
540,0.335783,0.656951
541,0.324070,0.646908
542,0.312967,0.636270
543,0.302494,0.625103
544,0.291076,0.613675
545,0.280764,0.601701
546,0.271151,0.589177
547,0.262308,0.576139
548,0.254222,0.562645
549,0.246952,0.548693
550,0.240499,0.534338
551,0.234901,0.519645
552,0.230177,0.504647
553,0.226300,0.489416
554,0.223323,0.473969
555,0.221206,0.458353
556,0.219974,0.442676
557,0.219679,0.426949
558,0.220344,0.411204
559,0.221848,0.395565
560,0.224335,0.380047
561,0.227718,0.364608
562,0.232147,0.349070
563,0.237701,0.333217
564,0.244127,0.317328
565,0.251694,0.301786
566,0.260097,0.287259
567,0.269694,0.274187
568,0.279903,0.261835
569,0.290855,0.250098
570,0.302615,0.238652
571,0.315681,0.226707
572,0.328806,0.216351
573,0.342290,0.207269
574,0.355993,0.199128
575,0.370203,0.191642
576,0.384777,0.185038
577,0.399689,0.179229
578,0.414834,0.174249
579,0.430878,0.169795
580,0.447929,0.165621
581,0.465117,0.161830
582,0.482380,0.158573
583,0.499852,0.156156
584,0.517323,0.154282
585,0.533855,0.151243
586,0.550029,0.147381
587,0.566083,0.144032
588,0.570362,0.141160
589,0.566701,0.140070
590,0.565247,0.139741
591,0.565154,0.139706
592,0.565154,0.139706
593,0.565154,0.139706
594,0.565154,0.139706
595,0.565154,0.139706
596,0.565154,0.139706
597,0.565154,0.139706
598,0.565154,0.139706
599,0.565154,0.139706
600,0.565154,0.139706
601,0.565154,0.139706
602,0.572949,0.149156
603,0.582676,0.163090
604,0.591550,0.177588
605,0.599585,0.192566
606,0.601806,0.196765
607,0.602816,0.208973
608,0.603626,0.226105
609,0.605262,0.241531
610,0.606699,0.256256
611,0.607791,0.270810
612,0.608113,0.285433
613,0.608301,0.299844
614,0.608005,0.314227
615,0.607182,0.328613
616,0.605770,0.343038
617,0.603680,0.357529
618,0.595910,0.372435
619,0.594784,0.382165
620,0.597863,0.389113
621,0.600475,0.395937
622,0.602515,0.402662
623,0.603997,0.409235
624,0.604716,0.415568
625,0.604344,0.422111
626,0.603543,0.428569
627,0.602266,0.434545
628,0.600725,0.440734
629,0.598822,0.446759
630,0.596572,0.452599
631,0.593987,0.458235
632,0.591085,0.463647
633,0.587882,0.468819
634,0.584396,0.473733
635,0.580647,0.478375
636,0.576653,0.482732
637,0.572435,0.486790
638,0.568014,0.490538
639,0.563411,0.493968
640,0.558649,0.497070
641,0.553749,0.499839
642,0.548733,0.502268
643,0.543625,0.504354
644,0.538446,0.506095
645,0.533574,0.505894
646,0.530925,0.502273
647,0.530207,0.497645
648,0.530866,0.492523
649,0.532551,0.487190
650,0.535036,0.481797
651,0.538183,0.476452
652,0.541898,0.471225
653,0.546114,0.466169
654,0.550789,0.461318
655,0.555886,0.456714
656,0.561375,0.452383
657,0.567224,0.448360
658,0.573407,0.444667
659,0.580307,0.441267
660,0.587106,0.438361
661,0.594093,0.435890
662,0.601311,0.433738
663,0.608707,0.432032
664,0.616249,0.430771
665,0.623903,0.429962
666,0.631637,0.429610
667,0.639418,0.429719
668,0.647211,0.430295
669,0.654966,0.431371
670,0.662697,0.432877
671,0.670375,0.434782
672,0.677920,0.437157
673,0.685321,0.439976
674,0.692555,0.443223
675,0.699598,0.446884
676,0.706945,0.451196
677,0.715688,0.457565
678,0.724161,0.465471
679,0.732242,0.474466
680,0.739820,0.484244
681,0.746839,0.494613
682,0.753255,0.505463
683,0.759041,0.516716
684,0.764175,0.528316
685,0.768638,0.540220
686,0.772422,0.552376
687,0.775502,0.564738
688,0.777873,0.577269
689,0.779531,0.589927
690,0.780458,0.602668
691,0.780653,0.615454
692,0.780117,0.628245
693,0.778705,0.641284
694,0.776729,0.653898
695,0.774032,0.666391
696,0.770621,0.678723
697,0.766507,0.690852
698,0.761701,0.702739
699,0.756230,0.714334
700,0.750122,0.725582
701,0.743374,0.736473
702,0.736006,0.746971
703,0.728042,0.757041
704,0.719506,0.766650
705,0.710477,0.775751
706,0.700971,0.784297
707,0.690980,0.792292
708,0.680541,0.799710
709,0.668987,0.807358
710,0.655619,0.814888
711,0.641588,0.821369
712,0.627045,0.826960
713,0.612268,0.831746
714,0.597244,0.835682
715,0.582020,0.838757
716,0.566642,0.840961
717,0.551128,0.842301
718,0.535609,0.842725
719,0.520071,0.842291
720,0.504582,0.840970
721,0.489191,0.838757
722,0.473928,0.835674
723,0.458804,0.831649
724,0.444104,0.826950
725,0.429617,0.821338
726,0.415463,0.814921
727,0.401702,0.807680
728,0.388345,0.799633
729,0.375469,0.790833
730,0.363140,0.781350
731,0.351388,0.771130
732,0.340187,0.760354
733,0.329660,0.748972
734,0.319786,0.736970
735,0.310609,0.724429
736,0.302150,0.711389
737,0.294465,0.697902
738,0.287558,0.683990
739,0.281467,0.669684
740,0.276169,0.655089
741,0.271751,0.640201
742,0.268148,0.625097
743,0.265420,0.609809
744,0.263549,0.594501
745,0.262653,0.578979
746,0.262549,0.563443
747,0.263367,0.547926
748,0.265030,0.532524
749,0.267539,0.517212
750,0.270970,0.502063
751,0.275361,0.487140
752,0.280452,0.472508
753,0.286333,0.458183
754,0.293058,0.444224
755,0.300553,0.430665
756,0.308809,0.417557
757,0.317784,0.404979
758,0.327496,0.392916
759,0.337871,0.381401
760,0.348859,0.370535
761,0.360433,0.360268
762,0.372608,0.350670
763,0.385299,0.341784
764,0.398454,0.333669
765,0.412023,0.326272
766,0.426018,0.319679
767,0.440356,0.313877
768,0.455009,0.308914
769,0.469880,0.304818
770,0.485017,0.301518
771,0.500297,0.299118
772,0.515707,0.297578
773,0.531155,0.296947
774,0.546568,0.297207
775,0.562012,0.298296
776,0.577334,0.300257
777,0.592552,0.303131
778,0.607539,0.306894
779,0.622270,0.311476
780,0.636779,0.316813
781,0.650920,0.323002
782,0.664717,0.330033
783,0.678081,0.337811
784,0.690963,0.346286
785,0.703317,0.355514
786,0.715197,0.365437
787,0.726459,0.376031
788,0.736993,0.387198
789,0.746994,0.398969
790,0.756296,0.411287
791,0.764910,0.424096
792,0.772732,0.437392
793,0.779796,0.451089
794,0.786094,0.465165
795,0.791558,0.479590
796,0.796189,0.494313
797,0.800013,0.509268
798,0.802908,0.524403
799,0.805020,0.539692
800,0.806217,0.555088
801,0.806479,0.570558
802,0.805943,0.585955
803,0.804418,0.601245
804,0.802181,0.616483
805,0.799057,0.631554
806,0.794934,0.646395
807,0.790148,0.661025
808,0.784486,0.675346
809,0.778048,0.689305
810,0.770801,0.702845
811,0.762861,0.715947
812,0.754146,0.728638
813,0.744684,0.740782
814,0.734577,0.752369
815,0.723826,0.763367
816,0.712492,0.773741
817,0.700578,0.783372
818,0.688142,0.792334
819,0.675227,0.800660
820,0.661837,0.808181
821,0.648049,0.814980
822,0.633890,0.820929
823,0.619442,0.826102
824,0.604707,0.830431
825,0.589733,0.833887
826,0.574627,0.836503
827,0.559354,0.838287
828,0.544019,0.839149
829,0.528668,0.839174
830,0.513403,0.838303
831,0.498239,0.836530
832,0.483133,0.833846
833,0.468136,0.830343
834,0.453427,0.826079
835,0.438999,0.821013
836,0.424872,0.815098
837,0.411100,0.808402
838,0.397763,0.800955
839,0.384820,0.792732
840,0.372391,0.783805
841,0.360482,0.774190
842,0.349188,0.763904
843,0.338430,0.752977
844,0.328341,0.741465
845,0.319009,0.729398
846,0.310267,0.716868
847,0.302272,0.703847
848,0.295040,0.690378
849,0.288599,0.676515
850,0.282884,0.662321
851,0.278045,0.647801
852,0.274034,0.633068
853,0.270896,0.618126
854,0.268594,0.602996
855,0.267135,0.587781
856,0.266563,0.572504
857,0.266832,0.557235
858,0.268167,0.542030
859,0.270222,0.526918
860,0.273092,0.511914
861,0.276789,0.497109
862,0.281343,0.482559
863,0.286670,0.468316
864,0.292843,0.454370
865,0.299767,0.440804
866,0.307490,0.427676
867,0.315891,0.414994
868,0.324998,0.402786
869,0.334825,0.391142
870,0.345282,0.380058
871,0.356336,0.369625
872,0.368003,0.359813
873,0.380234,0.350713
874,0.392922,0.342308
875,0.406019,0.334627
876,0.419588,0.327666
877,0.433486,0.321505
878,0.447751,0.316168
879,0.462294,0.311631
880,0.477014,0.307928
881,0.492004,0.305136
882,0.507101,0.303161
883,0.522259,0.301999
884,0.537455,0.301864
885,0.552631,0.302405
886,0.567710,0.303828
887,0.582732,0.306113
888,0.597493,0.309260
889,0.612128,0.313255
890,0.626496,0.318040
891,0.640571,0.323649
892,0.654352,0.330036
893,0.667714,0.337211
894,0.680647,0.345131
895,0.693067,0.353739
896,0.705033,0.363079
897,0.716450,0.373058
898,0.727260,0.383689
899,0.737469,0.394905
900,0.746989,0.406696
901,0.755836,0.418995
902,0.763950,0.431753
903,0.771247,0.444930
904,0.777877,0.458518
905,0.783757,0.472466
906,0.788783,0.486733
907,0.792999,0.501244
908,0.796427,0.515984
909,0.798960,0.530903
910,0.800533,0.545923
911,0.801408,0.561009
912,0.801349,0.576167
913,0.800487,0.591235
914,0.798774,0.606239
915,0.796206,0.621114
916,0.792818,0.635770
917,0.788581,0.650265
918,0.783458,0.664355
919,0.777665,0.678253
920,0.771072,0.691818
921,0.763685,0.704927
922,0.755562,0.717651
923,0.746773,0.729856
924,0.737277,0.741559
925,0.727188,0.752667
926,0.716435,0.763213
927,0.705102,0.773114
928,0.693220,0.782380
929,0.680850,0.790887
930,0.667999,0.798758
931,0.654740,0.805854
932,0.641207,0.812108
933,0.627218,0.817618
934,0.612980,0.822408
935,0.598514,0.826351
936,0.583794,0.829448
937,0.568966,0.831531
938,0.554063,0.833025
939,0.539098,0.833606
940,0.524110,0.833335
941,0.509158,0.832197
942,0.494346,0.830233
943,0.479644,0.827433
944,0.465161,0.823823
945,0.450865,0.819374
946,0.436834,0.814128
947,0.423410,0.808052
948,0.410076,0.801270
949,0.397158,0.793739
950,0.384683,0.785480
951,0.372787,0.776516
952,0.361327,0.766951
953,0.350483,0.756729
954,0.340238,0.745823
955,0.330615,0.734427
956,0.321635,0.722504
957,0.313376,0.710109
958,0.305799,0.697277
959,0.299046,0.684068
960,0.292975,0.670472
961,0.287696,0.656564
962,0.283269,0.642367
963,0.279683,0.628017
964,0.276961,0.613510
965,0.275035,0.598762
966,0.273819,0.584046
967,0.273451,0.569252
968,0.273953,0.554546
969,0.275326,0.539792
970,0.277469,0.525164
971,0.280475,0.510711
972,0.284270,0.496530
973,0.288870,0.482493
974,0.294208,0.468758
975,0.300389,0.455391
976,0.307242,0.442353
977,0.314839,0.429779
978,0.323112,0.417682
979,0.332122,0.406214
980,0.341602,0.395150
981,0.351704,0.384652
982,0.362438,0.374723
983,0.373655,0.365442
984,0.385401,0.356812
985,0.397663,0.348896
986,0.410241,0.341666
987,0.423187,0.335168
988,0.436496,0.329434
989,0.450016,0.324474
990,0.463816,0.320298
991,0.477764,0.316877
992,0.491892,0.314451
993,0.506034,0.312582
994,0.520168,0.311559
995,0.534299,0.311348
996,0.548323,0.311945
997,0.562081,0.313412
998,0.575823,0.315543
999,0.589256,0.318371
1000,0.602387,0.321906
1001,0.615183,0.326161
1002,0.617945,0.326999
1003,0.617858,0.326926
1004,0.615636,0.331026
1005,0.616910,0.334891
1006,0.619454,0.335592
1007,0.620548,0.336229
1008,0.620589,0.336268
1009,0.620361,0.337250
1010,0.619806,0.339782
1011,0.619090,0.343429
1012,0.618331,0.348003
1013,0.617711,0.353335
1014,0.617190,0.359127
1015,0.617128,0.359947
1016,0.609364,0.364235
1017,0.598944,0.367743
1018,0.585131,0.373206
1019,0.577699,0.378814
1020,0.583081,0.382835
1021,0.588573,0.386750
1022,0.593845,0.390586
1023,0.597940,0.391529
1024,0.601489,0.391645
1025,0.604817,0.391776
1026,0.607922,0.391912
1027,0.610863,0.392050
1028,0.613509,0.392173
1029,0.616064,0.391880
1030,0.618423,0.390384
1031,0.620404,0.387506
1032,0.620807,0.387005
1033,0.620827,0.386982
1034,0.620828,0.386980
1035,0.622750,0.388251
1036,0.626960,0.392504
1037,0.632102,0.399230
1038,0.638772,0.410906
1039,0.644630,0.423111
1040,0.649743,0.435663
1041,0.654064,0.448517
1042,0.657600,0.461559
1043,0.660383,0.474789
1044,0.662309,0.488171
1045,0.663375,0.501657
1046,0.663533,0.515226
1047,0.662765,0.528822
1048,0.661016,0.542397
1049,0.658239,0.555956
1050,0.654333,0.569480
1051,0.649255,0.582957
1052,0.645057,0.596403
1053,0.641111,0.609348
1054,0.636710,0.621660
1055,0.631713,0.633558
1056,0.626066,0.645055
1057,0.619810,0.656116
1058,0.612923,0.666738
1059,0.605411,0.676862
1060,0.597304,0.686498
1061,0.588618,0.695549
1062,0.580297,0.704446
1063,0.572002,0.713413
1064,0.564314,0.721382
1065,0.558045,0.728383
1066,0.552291,0.734376
1067,0.545718,0.739314
1068,0.537828,0.744069
1069,0.528098,0.748632
1070,0.520621,0.754469
1071,0.514172,0.760411
1072,0.507276,0.765566
1073,0.499929,0.769812
1074,0.493984,0.776666
1075,0.488742,0.785717
1076,0.484151,0.792305
1077,0.479421,0.797356
1078,0.474259,0.802739
1079,0.468672,0.809218
1080,0.462932,0.813840
1081,0.456238,0.815819
1082,0.446642,0.814626
1083,0.437908,0.815648
1084,0.435407,0.827134
1085,0.439223,0.842950
1086,0.442781,0.859344
1087,0.445319,0.875630
1088,0.446876,0.891830
1089,0.447472,0.907904
1090,0.447010,0.923022
1091,0.445671,0.937345
1092,0.443515,0.951450
1093,0.440563,0.965294
1094,0.436836,0.978834
1095,0.432360,0.992029
1096,0.427161,1.004840
1097,0.421268,1.017229
1098,0.414712,1.029160
1099,0.407524,1.040600
1100,0.399739,1.051517
1101,0.391393,1.061880
1102,0.382521,1.071664
1103,0.373162,1.080843
1104,0.363357,1.089395
1105,0.353143,1.097298
1106,0.342564,1.104536
1107,0.331660,1.111093
1108,0.320474,1.116956
1109,0.309048,1.122115
1110,0.297735,1.126355
1111,0.285976,1.130115
1112,0.274106,1.133159
1113,0.262166,1.135485
1114,0.250199,1.137094
1115,0.238247,1.137991
1116,0.226351,1.138184
1117,0.214552,1.137682
1118,0.202888,1.136496
1119,0.191400,1.134640
1120,0.180125,1.132131
1121,0.169099,1.128986
1122,0.158356,1.125227
1123,0.147932,1.120874
1124,0.137856,1.115951
1125,0.128161,1.110484
1126,0.118874,1.104501
1127,0.110022,1.098029
1128,0.101630,1.091098
1129,0.093721,1.083740
1130,0.086316,1.075986
1131,0.079434,1.067869
1132,0.073091,1.059424
1133,0.067303,1.050686
1134,0.062080,1.041689
1135,0.057435,1.032469
1136,0.053374,1.023062
1137,0.049904,1.013505
1138,0.047029,1.003833
1139,0.044749,0.994083
1140,0.043064,0.984290
1141,0.041972,0.974491
1142,0.040664,0.965031
1143,0.036915,0.957536
1144,0.037185,0.950146
1145,0.038485,0.942525
1146,0.040390,0.935082
1147,0.042760,0.927845
1148,0.045556,0.920831
1149,0.048746,0.914060
1150,0.052311,0.907552
1151,0.056231,0.901329
1152,0.060485,0.895408
1153,0.065051,0.889808
1154,0.069907,0.884545
1155,0.075029,0.879633
1156,0.080393,0.875084
1157,0.085975,0.870910
1158,0.091749,0.867121
1159,0.097691,0.863725
1160,0.103774,0.860729
1161,0.109973,0.858136
1162,0.116261,0.855950
1163,0.122612,0.854173
1164,0.129002,0.852805
1165,0.135403,0.851843
1166,0.141791,0.851285
1167,0.148141,0.851126
1168,0.154429,0.851359
1169,0.160631,0.851977
1170,0.166723,0.852971
1171,0.172684,0.854329
1172,0.178493,0.856041
1173,0.184128,0.858092
1174,0.189570,0.860470
1175,0.194801,0.863158
1176,0.199431,0.866120
1177,0.204191,0.869353
1178,0.208693,0.872844
1179,0.212923,0.876575
1180,0.216869,0.880526
1181,0.218354,0.884400
1182,0.219067,0.887946
1183,0.219499,0.891387
1184,0.219689,0.894803
1185,0.219634,0.898194
1186,0.219336,0.901545
1187,0.218798,0.904840
1188,0.218027,0.908063
1189,0.217030,0.911197
1190,0.215813,0.914228
1191,0.214387,0.917141
1192,0.212760,0.919923
1193,0.210943,0.922560
1194,0.208947,0.925040
1195,0.206786,0.927351
1196,0.204470,0.929483
1197,0.202015,0.931426
1198,0.197484,0.931648
1199,0.190212,0.928442
1200,0.184499,0.922594
1201,0.179758,0.915159
1202,0.175735,0.906800
1203,0.172333,0.897919
1204,0.169504,0.888744
1205,0.167226,0.879381
1206,0.165490,0.869870
1207,0.164306,0.860245
1208,0.163679,0.850535
1209,0.163758,0.840430
1210,0.164273,0.830656
1211,0.165354,0.820897
1212,0.167005,0.811186
1213,0.169221,0.801557
1214,0.172000,0.792043
1215,0.175335,0.782678
1216,0.179218,0.773493
1217,0.183640,0.764521
1218,0.188588,0.755794
1219,0.194049,0.747343
1220,0.200008,0.739197
1221,0.206447,0.731387
1222,0.213346,0.723941
1223,0.220686,0.716885
1224,0.228444,0.710246
1225,0.236596,0.704049
1226,0.245116,0.698318
1227,0.253979,0.693073
1228,0.263156,0.688336
1229,0.272617,0.684125
1230,0.282333,0.680458
1231,0.292271,0.677349
1232,0.302400,0.674812
1233,0.312687,0.672859
1234,0.323097,0.671500
1235,0.333596,0.670741
1236,0.344150,0.670590
1237,0.354722,0.671049
1238,0.365278,0.672120
1239,0.375783,0.673802
1240,0.386199,0.676094
1241,0.396803,0.679196
1242,0.406931,0.682701
1243,0.416869,0.686791
1244,0.426579,0.691459
1245,0.436027,0.696692
1246,0.445181,0.702475
1247,0.454008,0.708791
1248,0.462477,0.715623
1249,0.470558,0.722949
1250,0.478222,0.730747
1251,0.485441,0.738993
1252,0.492190,0.747662
1253,0.498442,0.756727
1254,0.504176,0.766158
1255,0.509369,0.775927
1256,0.514002,0.786002
1257,0.518057,0.796351
1258,0.521517,0.806940
1259,0.524368,0.817735
1260,0.526598,0.828701
1261,0.528197,0.839802
1262,0.529157,0.851001
1263,0.529472,0.862262
1264,0.529137,0.873547
1265,0.528152,0.884818
1266,0.526517,0.896038
1267,0.524234,0.907169
1268,0.521309,0.918173
1269,0.517749,0.929014
1270,0.513562,0.939655
1271,0.508761,0.950059
1272,0.503358,0.960190
1273,0.497370,0.970014
1274,0.490520,0.979726
1275,0.483409,0.988827
1276,0.475773,0.997524
1277,0.467634,1.005785
1278,0.459016,1.013579
1279,0.449948,1.020880
1280,0.440457,1.027662
1281,0.430573,1.033899
1282,0.420328,1.039568
1283,0.409754,1.044650
1284,0.398886,1.049125
1285,0.387757,1.052975
1286,0.376405,1.056187
1287,0.364867,1.058746
1288,0.353179,1.060641
1289,0.341381,1.061866
1290,0.329510,1.062412
1291,0.317606,1.062275
1292,0.305709,1.061455
1293,0.293858,1.059950
1294,0.282093,1.057764
1295,0.270452,1.054902
1296,0.258975,1.051371
1297,0.247701,1.047181
1298,0.236667,1.042343
1299,0.225910,1.036870
1300,0.215468,1.030780
1301,0.205376,1.024090
1302,0.195668,1.016821
1303,0.186378,1.008994
1304,0.177538,1.000635
1305,0.169178,0.991768
1306,0.161328,0.982422
1307,0.153901,0.972272
1308,0.147159,0.962056
1309,0.141002,0.951454
1310,0.135455,0.940501
1311,0.130537,0.929230
1312,0.126266,0.917679
1313,0.122659,0.905885
1314,0.119729,0.893886
1315,0.117488,0.881721
1316,0.115946,0.869431
1317,0.111745,0.861504
1318,0.106538,0.859940
1319,0.102856,0.859692
1320,0.099707,0.859378
1321,0.096666,0.858863
1322,0.093693,0.858128
1323,0.090794,0.857176
1324,0.087984,0.856011
1325,0.085278,0.854641
1326,0.082688,0.853075
1327,0.080230,0.851321
1328,0.077916,0.849390
1329,0.075757,0.847292
1330,0.073765,0.845039
1331,0.071950,0.842643
1332,0.070322,0.840118
1333,0.068889,0.837478
1334,0.067660,0.834735
1335,0.066640,0.831906
1336,0.065835,0.829004
1337,0.065250,0.826046
1338,0.064889,0.823048
1339,0.064754,0.820024
1340,0.065218,0.816985
1341,0.065537,0.813980
1342,0.066082,0.810999
1343,0.066851,0.808057
1344,0.067840,0.805170
1345,0.069046,0.802354
1346,0.070463,0.799623
1347,0.072086,0.796993
1348,0.073907,0.794478
1349,0.075918,0.792091
1350,0.078110,0.789847
1351,0.080473,0.787758
1352,0.082996,0.785837
1353,0.085669,0.784093
1354,0.088478,0.782539
1355,0.091410,0.781183
1356,0.094451,0.780035
1357,0.097588,0.779102
1358,0.100805,0.778392
1359,0.104088,0.777909
1360,0.107420,0.777660
1361,0.110785,0.777647
1362,0.114168,0.777874
1363,0.117551,0.778342
1364,0.120918,0.779052
1365,0.124253,0.780004
1366,0.127539,0.781194
1367,0.130759,0.782622
1368,0.133897,0.784282
1369,0.136936,0.786170
1370,0.139862,0.788280
1371,0.142659,0.790605
1372,0.145238,0.793501
1373,0.147713,0.796226
1374,0.150016,0.799137
1375,0.152135,0.802223
1376,0.154056,0.805472
1377,0.155768,0.808872
1378,0.157259,0.812409
1379,0.158521,0.816069
1380,0.159544,0.819837
1381,0.160320,0.823697
1382,0.160842,0.827633
1383,0.161105,0.831629
1384,0.161102,0.835667
1385,0.160831,0.839731
1386,0.160288,0.843802
1387,0.159473,0.847863
1388,0.158384,0.851895
1389,0.157023,0.855881
1390,0.155392,0.859803
1391,0.153493,0.863642
1392,0.151332,0.867381
1393,0.148914,0.871002
1394,0.146245,0.874489
1395,0.143333,0.877823
1396,0.140187,0.880990
1397,0.136817,0.883972
1398,0.133234,0.886755
1399,0.129450,0.889325
1400,0.125478,0.891666
1401,0.121332,0.893767
1402,0.117026,0.895616
1403,0.112577,0.897200
1404,0.108001,0.898510
1405,0.102992,0.899349
1406,0.098222,0.900068
1407,0.093377,0.900490
1408,0.088478,0.900608
1409,0.083543,0.900417
1410,0.078591,0.899913
1411,0.073643,0.899095
1412,0.068718,0.897961
1413,0.063837,0.896511
1414,0.059020,0.894747
1415,0.054286,0.892672
1416,0.049656,0.890289
1417,0.045149,0.887604
1418,0.040786,0.884624
1419,0.036584,0.881356
1420,0.032563,0.877810
1421,0.028741,0.873995
1422,0.025135,0.869923
1423,0.021763,0.865607
1424,0.018640,0.861060
1425,0.015782,0.856296
1426,0.013204,0.851332
1427,0.010918,0.846185
1428,0.008938,0.840870
1429,0.007274,0.835408
1430,0.005938,0.829817
1431,0.004939,0.824116
1432,0.004284,0.818327
1433,0.003980,0.812470
1434,0.004033,0.806566
1435,0.004447,0.800638
1436,0.005224,0.794707
1437,0.006367,0.788797
1438,0.008159,0.782687
1439,0.010041,0.776896
1440,0.012283,0.771193
1441,0.014882,0.765600
1442,0.017831,0.760140
1443,0.021125,0.754834
1444,0.024754,0.749705
1445,0.028709,0.744774
1446,0.032979,0.740061
1447,0.037553,0.735585
1448,0.042416,0.731367
1449,0.047553,0.727425
1450,0.052950,0.723777
1451,0.058588,0.720439
1452,0.064450,0.717426
1453,0.070517,0.714754
1454,0.076768,0.712437
1455,0.083183,0.710485
1456,0.089741,0.708912
1457,0.096418,0.707725
1458,0.103192,0.706934
1459,0.110038,0.706547
1460,0.116934,0.706567
1461,0.123854,0.707001
1462,0.130773,0.707850
1463,0.137667,0.709115
1464,0.144510,0.710797
1465,0.151277,0.712893
1466,0.157943,0.715401
1467,0.164483,0.718315
1468,0.170872,0.721628
1469,0.177085,0.725334
1470,0.183279,0.729748
1471,0.189056,0.734216
1472,0.194589,0.739040
1473,0.199854,0.744210
1474,0.204829,0.749709
1475,0.209494,0.755521
1476,0.213829,0.761629
1477,0.217815,0.768013
1478,0.221436,0.774653
1479,0.224674,0.781529
1480,0.227515,0.788618
1481,0.229945,0.795897
1482,0.231951,0.803341
1483,0.233524,0.810927
1484,0.234652,0.818628
1485,0.235328,0.826418
1486,0.235546,0.834270
1487,0.235301,0.842158
1488,0.234590,0.850054
1489,0.233411,0.857930
1490,0.231764,0.865758
1491,0.229651,0.873511
1492,0.227075,0.881160
1493,0.224042,0.888678
1494,0.220557,0.896038
1495,0.216630,0.903212
1496,0.212271,0.910173
1497,0.207491,0.916896
1498,0.202303,0.923355
1499,0.196723,0.929525
1500,0.190766,0.935382
1501,0.184450,0.940904
1502,0.177794,0.946068
1503,0.170452,0.950917
1504,0.163177,0.955292
1505,0.155628,0.959252
1506,0.147830,0.962779
1507,0.139806,0.965857
1508,0.131584,0.968472
1509,0.123190,0.970611
1510,0.114652,0.972263
1511,0.105998,0.973419
1512,0.097257,0.974070
1513,0.088460,0.974211
1514,0.079635,0.973838
1515,0.070814,0.972947
1516,0.062026,0.971539
1517,0.053302,0.969614
1518,0.044673,0.967175
1519,0.036169,0.964227
1520,0.027821,0.960776
1521,0.019657,0.956831
1522,0.011709,0.952401
1523,0.004003,0.947499
1524,-0.003431,0.942138
1525,-0.010566,0.936333
1526,-0.017376,0.930100
1527,-0.023835,0.923459
1528,-0.029918,0.916430
1529,-0.035603,0.909033
1530,-0.040866,0.901292
1531,-0.045687,0.893231
1532,-0.050047,0.884875
1533,-0.053927,0.876251
1534,-0.057312,0.867386
1535,-0.060186,0.858310
1536,-0.062508,0.848678
1537,-0.064313,0.839268
1538,-0.065574,0.829737
1539,-0.066283,0.820118
1540,-0.066433,0.810443
1541,-0.066021,0.800745
1542,-0.065045,0.791055
1543,-0.063504,0.781408
1544,-0.061400,0.771837
1545,-0.058737,0.762373
1546,-0.055520,0.753051
1547,-0.051758,0.743903
1548,-0.047458,0.734960
1549,-0.042634,0.726254
1550,-0.037298,0.717817
1551,-0.031466,0.709679
1552,-0.025153,0.701868
1553,-0.018379,0.694413
1554,-0.011164,0.687342
1555,-0.003530,0.680681
1556,0.004500,0.674453
1557,0.012901,0.668684
1558,0.021646,0.663395
1559,0.030708,0.658607
1560,0.040058,0.654338
1561,0.049666,0.650606
1562,0.059500,0.647427
1563,0.069530,0.644813
1564,0.079722,0.642778
1565,0.090043,0.641331
1566,0.100458,0.640479
1567,0.110934,0.640230
1568,0.121782,0.640721
1569,0.132268,0.641697
1570,0.142709,0.643277
1571,0.153070,0.645464
1572,0.163313,0.648251
1573,0.173405,0.651633
1574,0.183310,0.655602
1575,0.192995,0.660148
1576,0.202425,0.665257
1577,0.211568,0.670915
1578,0.220392,0.677107
1579,0.228865,0.683813
1580,0.236957,0.691015
1581,0.244640,0.698689
1582,0.251886,0.706814
1583,0.258668,0.715362
1584,0.264961,0.724309
1585,0.270742,0.733626
1586,0.275989,0.743283
1587,0.280683,0.753249
1588,0.284804,0.763493
1589,0.288337,0.773982
1590,0.291267,0.784681
1591,0.293581,0.795556
1592,0.295270,0.806570
1593,0.296324,0.817689
1594,0.296738,0.828875
1595,0.296506,0.840091
1596,0.295628,0.851300
1597,0.294103,0.862464
1598,0.291934,0.873546
1599,0.289125,0.884508
1600,0.285683,0.895314
1601,0.281373,0.906209
1602,0.276686,0.916586
1603,0.271401,0.926698
1604,0.265531,0.936510
1605,0.259094,0.945988
1606,0.252108,0.955099
1607,0.244594,0.963811
1608,0.236577,0.972094
1609,0.228079,0.979918
1610,0.219129,0.987255
1611,0.209753,0.994080
1612,0.199982,1.000367
1613,0.189846,1.006093
1614,0.179378,1.011238
1615,0.168611,1.015781
1616,0.157580,1.019707
1617,0.146320,1.022998
1618,0.134869,1.025643
1619,0.123264,1.027629
1620,0.111542,1.028949
1621,0.099742,1.029594
1622,0.087903,1.029561
1623,0.076065,1.028848
1624,0.064265,1.027454
1625,0.052545,1.025381
1626,0.040943,1.022635
1627,0.029497,1.019221
1628,0.018247,1.015149
1629,0.007230,1.010431
1630,-0.003517,1.005080
1631,-0.013956,0.999110
1632,-0.024052,0.992541
1633,-0.033772,0.985392
1634,-0.043303,0.977384
1635,-0.052164,0.969137
1636,-0.060552,0.960381
1637,-0.068436,0.951144
1638,-0.075790,0.941455
1639,-0.082587,0.931345
1640,-0.088803,0.920845
1641,-0.094416,0.909989
1642,-0.099405,0.898813
1643,-0.103752,0.887351
1644,-0.107441,0.875642
1645,-0.110457,0.863723
1646,-0.112789,0.851632
1647,-0.114427,0.839410
1648,-0.115363,0.827096
1649,-0.115593,0.814731
1650,-0.115114,0.802356
1651,-0.113925,0.790010
1652,-0.112028,0.777736
1653,-0.109428,0.765574
1654,-0.106131,0.753563
1655,-0.102146,0.741746
1656,-0.097485,0.730159
1657,-0.092161,0.718844
1658,-0.086190,0.707837
1659,-0.079590,0.697176
1660,-0.072381,0.686897
1661,-0.064586,0.677035
1662,-0.056228,0.667623
1663,-0.047334,0.658693
1664,-0.037932,0.650276
1665,-0.028051,0.642401
1666,-0.017371,0.634973
1667,-0.006626,0.628269
1668,0.004499,0.622182
1669,0.015967,0.616734
1670,0.027742,0.611946
1671,0.037296,0.606722
1672,0.037323,0.600198
1673,0.035858,0.596367
1674,0.034581,0.593176
1675,0.028599,0.587925
1676,0.013756,0.581404
1677,-0.001793,0.574151
1678,-0.016878,0.566036
1679,-0.031221,0.557198
1680,-0.044851,0.547654
1681,-0.057750,0.537446
1682,-0.069899,0.526619
1683,-0.081276,0.515218
1684,-0.091863,0.503289
1685,-0.101643,0.490881
1686,-0.110600,0.478042
1687,-0.118719,0.464821
1688,-0.125989,0.451267
1689,-0.132401,0.437431
1690,-0.137948,0.423363
1691,-0.142626,0.409113
1692,-0.146434,0.394733
1693,-0.149373,0.380271
1694,-0.151447,0.365777
1695,-0.152663,0.351301
1696,-0.153029,0.336891
1697,-0.152557,0.322595
1698,-0.151262,0.308459
1699,-0.149159,0.294528
1700,-0.146293,0.281350
1701,-0.142689,0.268174
1702,-0.138354,0.255325
1703,-0.133313,0.242844
1704,-0.127594,0.230768
1705,-0.121225,0.219132
1706,-0.114238,0.207970
1707,-0.106666,0.197313
1708,-0.098543,0.187190
1709,-0.089904,0.177630
1710,-0.080787,0.168657
1711,-0.071230,0.160293
1712,-0.061271,0.152559
1713,-0.050952,0.145473
1714,-0.040312,0.139050
1715,-0.029393,0.133303
1716,-0.018237,0.128242
1717,-0.006886,0.123876
1718,0.004619,0.120209
1719,0.016235,0.117245
1720,0.027920,0.114985
1721,0.039633,0.113425
1722,0.051332,0.112562
1723,0.062977,0.112389
1724,0.074527,0.112897
1725,0.085945,0.114074
1726,0.097192,0.115907
1727,0.108231,0.118381
1728,0.119026,0.121477
1729,0.129542,0.125176
1730,0.139380,0.129401
1731,0.149249,0.134209
1732,0.158749,0.139548
1733,0.167850,0.145395
1734,0.176525,0.151721
1735,0.184752,0.158497
1736,0.192506,0.165693
1737,0.199767,0.173278
1738,0.206517,0.181219
1739,0.212738,0.189483
1740,0.218418,0.198036
1741,0.223542,0.206843
1742,0.228102,0.215870
1743,0.232089,0.225081
1744,0.235497,0.234440
1745,0.238322,0.243913
1746,0.240564,0.253463
1747,0.242222,0.263055
1748,0.243299,0.272654
1749,0.243801,0.282227
1750,0.243732,0.291738
1751,0.243104,0.301154
1752,0.241925,0.310444
1753,0.240209,0.319576
1754,0.237969,0.328518
1755,0.235222,0.337241
1756,0.231985,0.345718
1757,0.228278,0.353922
1758,0.224121,0.361825
1759,0.219535,0.369405
1760,0.214545,0.376639
1761,0.209174,0.383506
1762,0.203448,0.389986
1763,0.197564,0.395731
1764,0.191233,0.401400
1765,0.184630,0.406637
1766,0.177781,0.411429
1767,0.170715,0.415765
1768,0.163462,0.419635
1769,0.156051,0.423033
1770,0.148513,0.425955
1771,0.140876,0.428395
1772,0.133172,0.430354
1773,0.125429,0.431832
1774,0.117678,0.432830
1775,0.109947,0.433353
1776,0.102265,0.433407
1777,0.094659,0.432998
1778,0.087158,0.432136
1779,0.079787,0.430832
1780,0.072573,0.429098
1781,0.065540,0.426947
1782,0.058711,0.424394
1783,0.052109,0.421455
1784,0.045755,0.418149
1785,0.039670,0.414494
1786,0.033873,0.410509
1787,0.028379,0.406216
1788,0.023207,0.401636
1789,0.018369,0.396791
1790,0.013879,0.391705
1791,0.009749,0.386401
1792,0.005988,0.380904
1793,0.002605,0.375238
1794,-0.000395,0.369428
1795,-0.003004,0.363499
1796,-0.004961,0.357743
1797,-0.006803,0.351671
1798,-0.008252,0.345555
1799,-0.009308,0.339419
