0,-0.253697,0.444920
1,-0.253697,0.444920
2,-0.253697,0.444920
3,-0.253697,0.444920
4,-0.253697,0.444920
5,-0.263306,0.437321
6,-0.275747,0.425745
7,-0.287472,0.413440
8,-0.298479,0.400487
9,-0.308731,0.386929
10,-0.318194,0.372810
11,-0.326839,0.358175
12,-0.334637,0.343072
13,-0.341564,0.327549
14,-0.347596,0.311658
15,-0.352714,0.295450
16,-0.356902,0.278976
17,-0.360145,0.262291
18,-0.362434,0.245448
19,-0.363761,0.228502
20,-0.363450,0.215135
21,-0.363290,0.213233
22,-0.358794,0.204527
23,-0.351975,0.195148
24,-0.344494,0.185265
25,-0.336337,0.174839
26,-0.327344,0.163897
27,-0.317336,0.152498
28,-0.314612,0.149368
29,-0.303642,0.143918
30,-0.289276,0.138838
31,-0.275615,0.135292
32,-0.261079,0.131984
33,-0.245618,0.129053
34,-0.229206,0.126656
35,-0.212346,0.125024
36,-0.207614,0.124610
37,-0.195974,0.128427
38,-0.182623,0.134899
39,-0.170491,0.141981
40,-0.156722,0.148921
41,-0.142977,0.156600
42,-0.129725,0.164814
43,-0.116957,0.173607
44,-0.104825,0.181875
45,-0.093113,0.190539
46,-0.081801,0.199586
47,-0.079012,0.201549
48,-0.077781,0.200947
49,-0.075306,0.200425
50,-0.072718,0.200122
51,-0.070107,0.200043
52,-0.067498,0.200189
53,-0.064911,0.200558
54,-0.062364,0.201148
55,-0.059871,0.201955
56,-0.057451,0.202975
57,-0.055118,0.204201
58,-0.052889,0.205626
59,-0.050778,0.207243
60,-0.048799,0.209041
61,-0.046967,0.211011
62,-0.045531,0.213431
63,-0.044045,0.215697
64,-0.042741,0.218098
65,-0.041628,0.220621
66,-0.040717,0.223251
67,-0.040016,0.225972
68,-0.039532,0.228770
69,-0.039270,0.231629
70,-0.039236,0.234531
71,-0.039434,0.237460
72,-0.039866,0.240398
73,-0.040534,0.243330
74,-0.041437,0.246236
75,-0.042575,0.249101
76,-0.043946,0.251905
77,-0.045546,0.254633
78,-0.047370,0.257266
79,-0.049412,0.259789
80,-0.051666,0.262186
81,-0.054122,0.264439
82,-0.056773,0.266534
83,-0.059607,0.268457
84,-0.062613,0.270193
85,-0.065779,0.271729
86,-0.069090,0.273053
87,-0.072534,0.274153
88,-0.076094,0.275018
89,-0.079755,0.275640
90,-0.083501,0.276010
91,-0.087314,0.276119
92,-0.091177,0.275963
93,-0.095071,0.275536
94,-0.098978,0.274834
95,-0.103070,0.273534
96,-0.106930,0.272267
97,-0.110746,0.270723
98,-0.114499,0.268903
99,-0.118167,0.266808
100,-0.121734,0.264444
101,-0.125178,0.261816
102,-0.128483,0.258929
103,-0.131630,0.255792
104,-0.134600,0.252414
105,-0.137376,0.248804
106,-0.139943,0.244976
107,-0.142283,0.240940
108,-0.144382,0.236711
109,-0.146225,0.232304
110,-0.147798,0.227734
111,-0.149090,0.223018
112,-0.150089,0.218174
113,-0.150785,0.213220
114,-0.151168,0.208175
115,-0.151231,0.203059
116,-0.150966,0.197893
117,-0.150370,0.192697
118,-0.149436,0.187494
119,-0.148164,0.182303
120,-0.146552,0.177149
121,-0.144599,0.172052
122,-0.142308,0.167035
123,-0.139681,0.162121
124,-0.136724,0.157330
125,-0.133442,0.152687
126,-0.129842,0.148211
127,-0.125578,0.143812
128,-0.121366,0.139751
129,-0.116869,0.135919
130,-0.112098,0.132336
131,-0.107069,0.129021
132,-0.101795,0.125993
133,-0.096295,0.123269
134,-0.090586,0.120863
135,-0.084687,0.118793
136,-0.078617,0.117070
137,-0.072398,0.115709
138,-0.066051,0.114719
139,-0.059599,0.114112
140,-0.053066,0.113896
141,-0.046474,0.114078
142,-0.039849,0.114664
143,-0.033216,0.115658
144,-0.026600,0.117063
145,-0.020025,0.118879
146,-0.013519,0.121107
147,-0.007107,0.123745
148,-0.000815,0.126788
149,0.005333,0.130231
150,0.011309,0.134067
151,0.017090,0.138288
152,0.022651,0.142884
153,0.027967,0.147843
154,0.033016,0.153151
155,0.037773,0.158794
156,0.042219,0.164756
157,0.046331,0.171019
158,0.050089,0.177564
159,0.053503,0.184743
160,0.056483,0.191792
161,0.059062,0.199057
162,0.061219,0.206516
163,0.062941,0.214143
164,0.064216,0.221914
165,0.065034,0.229800
166,0.065385,0.237776
167,0.065261,0.245813
168,0.064658,0.253882
169,0.063572,0.261955
170,0.061999,0.270003
171,0.059940,0.277996
172,0.057395,0.285905
173,0.054369,0.293699
174,0.050866,0.301350
175,0.046892,0.308828
176,0.042457,0.316104
177,0.037571,0.323150
178,0.032245,0.329937
179,0.026494,0.336439
180,0.020334,0.342628
181,0.013781,0.348480
182,0.006854,0.353968
183,-0.000426,0.359070
184,-0.008038,0.363763
185,-0.015957,0.368026
186,-0.024160,0.371838
187,-0.032620,0.375181
188,-0.041311,0.378039
189,-0.050204,0.380396
190,-0.059269,0.382238
191,-0.068478,0.383553
192,-0.078152,0.384213
193,-0.087548,0.384435
194,-0.096992,0.384106
195,-0.106451,0.383222
196,-0.115892,0.381778
197,-0.125281,0.379775
198,-0.134585,0.377214
199,-0.143771,0.374098
200,-0.152805,0.370432
201,-0.161654,0.366224
202,-0.170286,0.361484
203,-0.178669,0.356223
204,-0.186770,0.350453
205,-0.194559,0.344191
206,-0.202006,0.337453
207,-0.209082,0.330258
208,-0.215758,0.322627
209,-0.222009,0.314583
210,-0.227807,0.306150
211,-0.233130,0.297353
212,-0.237954,0.288219
213,-0.242259,0.278777
214,-0.246024,0.269058
215,-0.249233,0.259091
216,-0.251869,0.248910
217,-0.253918,0.238547
218,-0.255368,0.228038
219,-0.256209,0.217416
220,-0.256433,0.206717
221,-0.256034,0.195978
222,-0.255009,0.185235
223,-0.253355,0.174525
224,-0.250865,0.163578
225,-0.247011,0.154023
226,-0.239839,0.148946
227,-0.235316,0.143481
228,-0.232670,0.136495
229,-0.228834,0.132836
230,-0.226663,0.142885
231,-0.232859,0.153231
232,-0.243608,0.158897
233,-0.254716,0.163653
234,-0.265993,0.167704
235,-0.275398,0.171745
236,-0.283986,0.174068
237,-0.292429,0.175233
238,-0.300789,0.175611
239,-0.309070,0.175373
240,-0.317239,0.174622
241,-0.324890,0.173348
242,-0.332736,0.171679
243,-0.340383,0.169564
244,-0.343834,0.167983
245,-0.339005,0.167016
246,-0.332887,0.165527
247,-0.326496,0.164168
248,-0.319971,0.163160
249,-0.313339,0.162538
250,-0.306626,0.162316
251,-0.299856,0.162499
252,-0.293054,0.163095
253,-0.286245,0.164106
254,-0.279454,0.165535
255,-0.272708,0.167384
256,-0.266033,0.169652
257,-0.259454,0.172336
258,-0.252997,0.175433
259,-0.246690,0.178937
260,-0.240556,0.182842
261,-0.234622,0.187137
262,-0.228912,0.191813
263,-0.223451,0.196858
264,-0.218262,0.202259
265,-0.213368,0.208001
266,-0.208791,0.214066
267,-0.204553,0.220438
268,-0.200674,0.227097
269,-0.197172,0.234023
270,-0.194065,0.241193
271,-0.191370,0.248586
272,-0.189103,0.256176
273,-0.189329,0.262727
274,-0.193370,0.266471
275,-0.203589,0.264788
276,-0.215879,0.254669
277,-0.228976,0.243540
278,-0.241919,0.234157
279,-0.249140,0.228428
280,-0.249391,0.228213
281,-0.249391,0.228213
282,-0.249391,0.228213
283,-0.249391,0.228213
284,-0.249391,0.228213
285,-0.249391,0.228213
286,-0.249391,0.228213
287,-0.249391,0.228213
288,-0.241745,0.225404
289,-0.233818,0.220278
290,-0.225793,0.215499
291,-0.217635,0.210956
292,-0.203588,0.212034
293,-0.187727,0.215920
294,-0.171728,0.221101
295,-0.155912,0.227314
296,-0.140471,0.234419
297,-0.125459,0.242392
298,-0.110925,0.251206
299,-0.096916,0.260832
300,-0.083478,0.271240
301,-0.070653,0.282396
302,-0.058484,0.294263
303,-0.047010,0.306803
304,-0.039390,0.305081
305,-0.031232,0.304506
306,-0.022913,0.304054
307,-0.018305,0.304308
308,-0.015876,0.304336
309,-0.013184,0.304502
310,-0.010453,0.304887
311,-0.007731,0.305500
312,-0.005039,0.306340
313,-0.002396,0.307406
314,0.000182,0.308694
315,0.002679,0.310200
316,0.005076,0.311919
317,0.007360,0.313844
318,0.009513,0.315966
319,0.011521,0.318277
320,0.013369,0.320768
321,0.015045,0.323426
322,0.015492,0.323741
323,0.016569,0.321517
324,0.018740,0.317511
325,0.021821,0.312599
326,0.025481,0.307599
327,0.029714,0.302591
328,0.034505,0.297645
329,0.039835,0.292825
330,0.045700,0.288237
331,0.052028,0.283835
332,0.058814,0.279725
333,0.066023,0.275948
334,0.073621,0.272542
335,0.081579,0.269602
336,0.089839,0.267016
337,0.098378,0.264920
338,0.106945,0.263116
339,0.108966,0.260002
340,0.104634,0.257275
341,0.098254,0.255442
342,0.093248,0.254268
343,0.089354,0.253126
344,0.086412,0.252006
345,0.084278,0.250981
346,0.082824,0.250114
347,0.081931,0.249459
348,0.081486,0.249052
349,0.081381,0.248917
350,0.081516,0.249065
351,0.081794,0.249501
352,0.082098,0.250238
353,0.083143,0.251431
354,0.085277,0.253865
355,0.087859,0.257745
356,0.091562,0.262918
357,0.096948,0.270097
358,0.101703,0.273744
359,0.102340,0.272563
360,0.099875,0.267443
361,0.094729,0.258751
362,0.088049,0.248372
363,0.081687,0.237676
364,0.075930,0.226600
365,0.070804,0.215178
366,0.066332,0.203447
367,0.064521,0.189368
368,0.062114,0.173117
369,0.059961,0.156469
370,0.058744,0.139835
371,0.058456,0.123255
372,0.059092,0.106770
373,0.060641,0.090422
374,0.063092,0.074256
375,0.066433,0.058315
376,0.070648,0.042644
377,0.075720,0.027287
378,0.081628,0.012286
379,0.088351,-0.002316
380,0.095865,-0.016476
381,0.104143,-0.030154
382,0.113157,-0.043312
383,0.122875,-0.055911
384,0.133266,-0.067915
385,0.144294,-0.079289
386,0.155924,-0.090001
387,0.168116,-0.100019
388,0.180833,-0.109316
389,0.194031,-0.117865
390,0.207669,-0.125640
391,0.221702,-0.132621
392,0.236086,-0.138787
393,0.250774,-0.144122
394,0.265720,-0.148611
395,0.280875,-0.152242
396,0.296192,-0.155005
397,0.311622,-0.156895
398,0.327115,-0.157906
399,0.342550,-0.158049
400,0.356968,-0.157577
401,0.371349,-0.156282
402,0.385644,-0.154167
403,0.399807,-0.151238
404,0.413790,-0.147502
405,0.427549,-0.142970
406,0.441036,-0.137657
407,0.454208,-0.131579
408,0.467022,-0.124754
409,0.479433,-0.117204
410,0.491403,-0.108952
411,0.502890,-0.100025
412,0.513857,-0.090451
413,0.524266,-0.080261
414,0.533869,-0.072426
415,0.541925,-0.071055
416,0.548923,-0.071399
417,0.556377,-0.065459
418,0.563355,-0.057576
419,0.572066,-0.047121
420,0.591213,-0.048350
421,0.602813,-0.052276
422,0.607574,-0.056939
423,0.612081,-0.059510
424,0.614893,-0.060065
425,0.613040,-0.057956
426,0.606056,-0.051222
427,0.595570,-0.038725
428,0.585160,-0.027051
429,0.585256,-0.026945
430,0.585256,-0.026945
431,0.585256,-0.026945
432,0.585256,-0.026945
433,0.585256,-0.026945
434,0.585256,-0.026945
435,0.585256,-0.026945
436,0.585256,-0.026945
437,0.585256,-0.026945
438,0.585256,-0.026945
439,0.585256,-0.026945
440,0.585256,-0.026945
441,0.595305,-0.019940
442,0.608422,-0.009135
443,0.612062,-0.006083
444,0.617595,0.004846
445,0.624031,0.020574
446,0.629511,0.036664
447,0.634067,0.053040
448,0.637628,0.069553
449,0.640294,0.086340
450,0.647140,0.087917
451,0.654121,0.087528
452,0.659215,0.090660
453,0.663614,0.096524
454,0.667071,0.104356
455,0.669220,0.113610
456,0.671091,0.120531
457,0.672991,0.126342
458,0.674725,0.134138
459,0.674950,0.143260
460,0.673744,0.153063
461,0.671836,0.162763
462,0.669367,0.172206
463,0.666332,0.181370
464,0.662727,0.190233
465,0.658613,0.198728
466,0.654001,0.206832
467,0.648874,0.214527
468,0.643516,0.221673
469,0.637543,0.228407
470,0.631192,0.234616
471,0.630115,0.235665
472,0.630115,0.235665
473,0.630115,0.235665
474,0.630168,0.235649
475,0.630168,0.235649
476,0.630168,0.235649
477,0.630168,0.235649
478,0.630168,0.235649
479,0.630168,0.235649
480,0.630168,0.235649
481,0.630168,0.235649
482,0.630168,0.235649
483,0.637968,0.244641
484,0.647389,0.258664
485,0.655860,0.273381
486,0.663479,0.288560
487,0.670220,0.304150
488,0.676061,0.320102
489,0.680965,0.336376
490,0.684166,0.350142
491,0.684195,0.350348
492,0.684195,0.350348
493,0.682616,0.352295
494,0.682423,0.352376
495,0.682439,0.352319
496,0.679489,0.352951
497,0.674948,0.353362
498,0.668831,0.349478
499,0.668401,0.341795
500,0.668765,0.340596
501,0.668765,0.340596
502,0.668765,0.340596
503,0.668765,0.340596
504,0.668765,0.340596
505,0.668765,0.340596
506,0.668765,0.340596
507,0.668765,0.340596
508,0.668765,0.340596
509,0.678713,0.347744
510,0.691675,0.358735
511,0.703955,0.370487
512,0.715546,0.382919
513,0.726412,0.395990
514,0.736516,0.409658
515,0.745826,0.423879
516,0.755504,0.435900
517,0.762238,0.437511
518,0.767365,0.442255
519,0.771955,0.453612
520,0.772827,0.469143
521,0.771419,0.486063
522,0.769023,0.502891
523,0.765674,0.519555
524,0.761382,0.536002
525,0.756172,0.551153
526,0.750223,0.564674
527,0.743515,0.577935
528,0.736058,0.590892
529,0.727810,0.603704
530,0.718899,0.615901
531,0.709289,0.627653
532,0.699002,0.638910
533,0.688066,0.649628
534,0.676509,0.659768
535,0.664356,0.669297
536,0.651768,0.678032
537,0.638503,0.686257
538,0.624694,0.693817
539,0.610571,0.700510
540,0.596050,0.706424
541,0.581181,0.711528
542,0.566041,0.715786
543,0.550667,0.719190
544,0.534093,0.722123
545,0.517218,0.724159
546,0.500277,0.725226
547,0.483280,0.725332
548,0.466304,0.724471
549,0.449417,0.722648
550,0.432649,0.719863
551,0.416092,0.716136
552,0.399749,0.711465
553,0.383700,0.705872
554,0.367993,0.699374
555,0.352682,0.691994
556,0.337826,0.683758
557,0.323452,0.674686
558,0.309618,0.664811
559,0.296368,0.654164
560,0.283745,0.642781
561,0.271809,0.630710
562,0.268488,0.627315
563,0.264055,0.615895
564,0.259197,0.599610
565,0.255326,0.583059
566,0.252402,0.566315
567,0.250436,0.549432
568,0.249434,0.532464
569,0.249398,0.515466
570,0.250097,0.499220
571,0.251506,0.483618
572,0.251825,0.479882
573,0.257930,0.469261
574,0.267552,0.455253
575,0.278001,0.441847
576,0.289196,0.429057
577,0.301100,0.416924
578,0.313676,0.405488
579,0.322755,0.395703
580,0.330795,0.386712
581,0.339992,0.378196
582,0.350073,0.370273
583,0.360694,0.363030
584,0.372009,0.356499
585,0.385538,0.350762
586,0.401302,0.346000
587,0.417706,0.342189
588,0.422280,0.341158
589,0.434323,0.343403
590,0.450726,0.347845
591,0.466355,0.353240
592,0.482130,0.359570
593,0.497519,0.366787
594,0.509927,0.371149
595,0.518992,0.376260
596,0.528398,0.383973
597,0.539778,0.391591
598,0.548526,0.398356
599,0.557000,0.404386
600,0.565246,0.410555
601,0.573183,0.417036
602,0.580632,0.424029
603,0.587739,0.431431
604,0.594412,0.439219
605,0.600650,0.447377
606,0.606397,0.455865
607,0.611653,0.464673
608,0.616417,0.473774
609,0.620638,0.483113
610,0.624323,0.492685
611,0.627456,0.502453
612,0.630041,0.512385
613,0.632046,0.522445
614,0.633488,0.532611
615,0.634339,0.542830
616,0.634609,0.553120
617,0.634293,0.563388
618,0.633393,0.573657
619,0.630799,0.583403
620,0.626788,0.592806
621,0.622101,0.602058
622,0.616906,0.611068
623,0.610991,0.620227
624,0.604854,0.628798
625,0.598306,0.637109
626,0.591377,0.645153
627,0.584236,0.653046
628,0.577056,0.660779
629,0.569850,0.668361
630,0.562526,0.675656
631,0.554909,0.682588
632,0.546938,0.689082
633,0.538573,0.695102
634,0.529961,0.700646
635,0.521025,0.705701
636,0.511812,0.710239
637,0.502351,0.714244
638,0.492677,0.717704
639,0.482820,0.720609
640,0.472812,0.722949
641,0.462687,0.724716
642,0.452476,0.725909
643,0.442172,0.726519
644,0.431884,0.726528
645,0.421570,0.725956
646,0.411328,0.724772
647,0.401172,0.723029
648,0.391082,0.720710
649,0.381203,0.717836
650,0.371471,0.714413
651,0.361915,0.710397
652,0.352607,0.705882
653,0.343621,0.700826
654,0.334888,0.695269
655,0.326513,0.689220
656,0.318469,0.682694
657,0.310841,0.675725
658,0.303541,0.668372
659,0.296796,0.660565
660,0.290446,0.652339
661,0.284552,0.643782
662,0.279191,0.634897
663,0.274354,0.625758
664,0.270010,0.616312
665,0.266234,0.606669
666,0.262993,0.596781
667,0.260349,0.586758
668,0.258256,0.576617
669,0.256754,0.566330
670,0.255843,0.556001
671,0.255500,0.545599
672,0.255774,0.535245
673,0.256618,0.524846
674,0.258050,0.514585
675,0.260050,0.504414
676,0.262655,0.494325
677,0.265821,0.484446
678,0.269681,0.474636
679,0.273904,0.465214
680,0.278695,0.456029
681,0.284029,0.447073
682,0.289846,0.438495
683,0.296169,0.430223
684,0.302939,0.422353
685,0.310165,0.414833
686,0.317784,0.407784
687,0.325820,0.401152
688,0.334230,0.394962
689,0.342966,0.389307
690,0.351992,0.384155
691,0.361423,0.379489
692,0.370977,0.375387
693,0.380755,0.371862
694,0.390762,0.368844
695,0.400898,0.366445
696,0.411140,0.364619
697,0.421471,0.363371
698,0.431945,0.362721
699,0.442356,0.362668
700,0.452755,0.363219
701,0.463177,0.364317
702,0.473449,0.366046
703,0.483655,0.368339
704,0.493713,0.371221
705,0.503638,0.374780
706,0.513242,0.378740
707,0.522668,0.383301
708,0.531790,0.388378
709,0.541712,0.391534
710,0.552135,0.392522
711,0.562286,0.393738
712,0.572402,0.395612
713,0.582231,0.397957
714,0.591901,0.400877
715,0.601399,0.404326
716,0.610686,0.408319
717,0.619692,0.412869
718,0.628489,0.417865
719,0.636985,0.423358
720,0.645153,0.429333
721,0.652938,0.435780
722,0.660343,0.442704
723,0.667362,0.449996
724,0.674050,0.457735
725,0.680211,0.465832
726,0.685909,0.474178
727,0.691132,0.482834
728,0.695900,0.491986
729,0.700046,0.501183
730,0.703672,0.510611
731,0.706696,0.520244
732,0.709225,0.530080
733,0.710841,0.540147
734,0.712233,0.550146
735,0.713078,0.560229
736,0.713373,0.570331
737,0.713068,0.580451
738,0.712162,0.590509
739,0.710648,0.600532
740,0.708633,0.610442
741,0.705972,0.620227
742,0.702834,0.629830
743,0.699151,0.639247
744,0.694845,0.648368
745,0.690024,0.657289
746,0.684807,0.665951
747,0.679053,0.674301
748,0.672839,0.682233
749,0.666226,0.689884
750,0.659046,0.697228
751,0.651457,0.703959
752,0.643562,0.710173
753,0.635377,0.716113
754,0.626888,0.721573
755,0.618094,0.726554
756,0.609036,0.731033
757,0.599738,0.734884
758,0.590031,0.737926
759,0.580338,0.740782
760,0.570401,0.743057
761,0.560521,0.744713
762,0.550515,0.745909
763,0.540447,0.746543
764,0.530374,0.746523
765,0.520294,0.745969
766,0.510257,0.744854
767,0.500296,0.743197
768,0.490451,0.740965
769,0.480795,0.738108
770,0.471251,0.734780
771,0.461928,0.730895
772,0.452810,0.726538
773,0.444000,0.721624
774,0.435520,0.716152
775,0.427296,0.710247
776,0.419418,0.703924
777,0.412111,0.696802
778,0.405072,0.689534
779,0.398527,0.681859
780,0.392278,0.673920
781,0.386520,0.665641
782,0.381275,0.656993
783,0.376475,0.648102
784,0.372239,0.638957
785,0.368450,0.629583
786,0.365288,0.619957
787,0.362651,0.610253
788,0.360687,0.600359
789,0.359199,0.590346
790,0.358232,0.580299
791,0.357817,0.570213
792,0.358047,0.560104
793,0.358881,0.550075
794,0.360191,0.540072
795,0.362092,0.530162
796,0.364590,0.520355
797,0.367561,0.510711
798,0.371253,0.501303
799,0.375297,0.492075
800,0.379865,0.483065
801,0.385111,0.474250
802,0.390715,0.465960
803,0.397216,0.458154
804,0.403745,0.450469
805,0.410664,0.443139
806,0.418197,0.436409
807,0.425902,0.429952
808,0.433958,0.423911
809,0.442344,0.418342
810,0.451035,0.413208
811,0.460135,0.408810
812,0.469365,0.404724
813,0.478827,0.401193
814,0.488491,0.398256
815,0.498265,0.395834
816,0.508164,0.393940
817,0.518184,0.392718
818,0.528233,0.392112
819,0.538329,0.391950
820,0.548438,0.392429
821,0.558464,0.393385
822,0.568436,0.395372
823,0.578301,0.397527
824,0.588010,0.400187
825,0.597560,0.403430
826,0.606882,0.407198
827,0.616012,0.411496
828,0.624841,0.416311
829,0.633414,0.421581
830,0.641608,0.427359
831,0.649424,0.433717
832,0.656866,0.440584
833,0.664062,0.447854
834,0.670768,0.455316
835,0.676991,0.463173
836,0.682824,0.471360
837,0.688190,0.479876
838,0.693019,0.488680
839,0.697384,0.497752
840,0.701251,0.507045
841,0.704564,0.516562
842,0.707257,0.526236
843,0.709429,0.536120
844,0.711058,0.546041
845,0.712058,0.556050
846,0.712517,0.566153
847,0.712434,0.576225
848,0.711796,0.586274
849,0.710214,0.596297
850,0.708458,0.606208
851,0.706140,0.615995
852,0.703271,0.625629
853,0.699750,0.635038
854,0.695747,0.644303
855,0.691281,0.653300
856,0.686295,0.662030
857,0.680834,0.670483
858,0.674606,0.678572
859,0.668024,0.686210
860,0.661125,0.693572
861,0.653896,0.700567
862,0.646275,0.707088
863,0.638269,0.713131
864,0.629944,0.718785
865,0.621325,0.723950
866,0.612402,0.728580
867,0.603021,0.732418
868,0.593594,0.736004
869,0.584018,0.739077
870,0.574297,0.741644
871,0.564424,0.743546
872,0.554464,0.744954
873,0.544446,0.745733
874,0.534367,0.745932
875,0.524349,0.745580
876,0.514331,0.744707
877,0.504390,0.743289
878,0.494533,0.741240
879,0.484819,0.738690
880,0.475279,0.735552
881,0.465777,0.731768
882,0.456695,0.727573
883,0.447822,0.722881
884,0.439256,0.717575
885,0.431050,0.711762
886,0.423338,0.705252
887,0.415751,0.698686
888,0.408590,0.691693
889,0.401833,0.684255
890,0.395510,0.676467
891,0.389618,0.668332
892,0.384157,0.659891
893,0.379183,0.651171
894,0.374731,0.642161
895,0.370850,0.632894
896,0.367454,0.623448
897,0.364561,0.613842
898,0.362256,0.604074
899,0.360468,0.594200
900,0.359284,0.584239
901,0.358721,0.574192
902,0.358768,0.564187
903,0.359382,0.554175
904,0.360999,0.544158
905,0.362647,0.534256
906,0.364902,0.524531
907,0.367681,0.514904
908,0.370961,0.505437
909,0.374796,0.496183
910,0.379252,0.487192
911,0.384282,0.478507
912,0.389816,0.469948
913,0.395639,0.461821
914,0.401917,0.454024
915,0.408638,0.446597
916,0.415827,0.439639
917,0.423336,0.433044
918,0.431278,0.426950
919,0.439583,0.421277
920,0.448121,0.416009
921,0.456966,0.411274
922,0.466086,0.407060
923,0.475589,0.403699
924,0.485084,0.400518
925,0.494734,0.397955
926,0.504550,0.395870
927,0.514453,0.394353
928,0.524437,0.393373
929,0.534438,0.393076
930,0.544472,0.393319
931,0.554445,0.394068
932,0.564333,0.395426
933,0.574194,0.397484
934,0.583912,0.399899
935,0.593472,0.402867
936,0.602849,0.406371
937,0.611970,0.410567
938,0.620892,0.415217
939,0.629469,0.420356
940,0.637787,0.425976
941,0.645791,0.431985
942,0.653238,0.438776
943,0.660468,0.445705
944,0.667286,0.453031
945,0.673729,0.460685
946,0.679747,0.468685
947,0.685086,0.477100
948,0.690053,0.485855
949,0.694611,0.494771
950,0.698685,0.503884
951,0.702116,0.513239
952,0.705090,0.522784
953,0.707513,0.532475
954,0.709346,0.542486
955,0.710537,0.552371
956,0.711253,0.562307
957,0.711399,0.572289
958,0.711020,0.582270
959,0.709984,0.592184
960,0.708429,0.602034
961,0.705948,0.611785
962,0.703262,0.621370
963,0.699973,0.630819
964,0.696104,0.640014
965,0.691617,0.649005
966,0.686832,0.657775
967,0.681602,0.666282
968,0.675849,0.674395
969,0.669578,0.682201
970,0.662995,0.689677
971,0.655981,0.696759
972,0.648480,0.703386
973,0.640589,0.709535
974,0.632470,0.715326
975,0.623965,0.720621
976,0.615239,0.725436
977,0.606246,0.729750
978,0.596984,0.733472
979,0.587469,0.736579
980,0.577640,0.738858
981,0.567910,0.740920
982,0.558072,0.742514
983,0.548173,0.743549
984,0.538219,0.744020
985,0.528288,0.743859
986,0.518368,0.743176
987,0.508496,0.741941
988,0.498702,0.740120
989,0.489061,0.737717
990,0.479558,0.734776
991,0.470236,0.731292
992,0.461124,0.727105
993,0.452305,0.722488
994,0.443734,0.717393
995,0.435482,0.711792
996,0.427599,0.705687
997,0.420101,0.699082
998,0.413272,0.691564
999,0.406665,0.684053
1000,0.400485,0.676224
1001,0.394790,0.668014
1002,0.389542,0.659262
1003,0.384701,0.650159
1004,0.380777,0.640615
1005,0.376229,0.631929
1006,0.370950,0.624268
1007,0.365891,0.616369
1008,0.361521,0.608086
1009,0.357374,0.599998
1010,0.352965,0.592564
1011,0.348545,0.585490
1012,0.344233,0.578664
1013,0.340211,0.571933
1014,0.336547,0.565156
1015,0.335273,0.556947
1016,0.336347,0.548144
1017,0.337092,0.540635
1018,0.338342,0.533483
1019,0.338848,0.526485
1020,0.337421,0.518910
1021,0.336724,0.510805
1022,0.336420,0.502526
1023,0.336859,0.494062
1024,0.337670,0.485590
1025,0.338771,0.477228
1026,0.340222,0.469041
1027,0.342084,0.461067
1028,0.344433,0.453413
1029,0.347296,0.446135
1030,0.351230,0.439316
1031,0.356367,0.433194
1032,0.359979,0.427811
1033,0.363279,0.422741
1034,0.367267,0.418091
1035,0.373346,0.414279
1036,0.380947,0.411676
1037,0.388812,0.410059
1038,0.395223,0.407881
1039,0.401630,0.406235
1040,0.408088,0.404981
1041,0.414554,0.404149
1042,0.421006,0.403642
1043,0.427430,0.403495
1044,0.433794,0.403743
1045,0.439993,0.404366
1046,0.446054,0.405387
1047,0.451834,0.406777
1048,0.457354,0.408969
1049,0.462468,0.411188
1050,0.467085,0.413780
1051,0.471130,0.416889
1052,0.476424,0.420803
1053,0.482717,0.424408
1054,0.489048,0.428026
1055,0.495284,0.431805
1056,0.501303,0.435852
1057,0.507117,0.440157
1058,0.512659,0.444712
1059,0.517912,0.449469
1060,0.522868,0.454462
1061,0.527470,0.459636
1062,0.532557,0.465405
1063,0.537932,0.472004
1064,0.544045,0.478535
1065,0.551722,0.484681
1066,0.559830,0.490681
1067,0.567111,0.496436
1068,0.572634,0.502917
1069,0.576585,0.509815
1070,0.580932,0.517086
1071,0.585055,0.523875
1072,0.588570,0.530209
1073,0.591840,0.536376
1074,0.595867,0.543562
1075,0.601123,0.551874
1076,0.606139,0.560264
1077,0.611224,0.568353
1078,0.614233,0.575278
1079,0.614581,0.581050
1080,0.616194,0.587344
1081,0.618136,0.593721
1082,0.617177,0.598863
1083,0.613057,0.602763
1084,0.606006,0.605319
1085,0.596593,0.606432
1086,0.589421,0.607690
1087,0.587320,0.612685
1088,0.586490,0.618441
1089,0.585564,0.623887
1090,0.583982,0.628499
1091,0.580839,0.631399
1092,0.575043,0.631630
1093,0.566965,0.629139
1094,0.557912,0.624848
1095,0.548993,0.619576
1096,0.540388,0.613659
1097,0.532139,0.607219
1098,0.524272,0.600307
1099,0.516813,0.592954
1100,0.509783,0.585189
1101,0.503206,0.577035
1102,0.497104,0.568521
1103,0.491469,0.559669
1104,0.486363,0.550478
1105,0.481762,0.541045
1106,0.477700,0.531305
1107,0.474230,0.521392
1108,0.471331,0.511299
1109,0.468964,0.500989
1110,0.467255,0.490631
1111,0.466057,0.480215
1112,0.465513,0.469658
1113,0.465595,0.459118
1114,0.466266,0.448620
1115,0.467753,0.437810
1116,0.469632,0.427445
1117,0.472082,0.417216
1118,0.475104,0.407146
1119,0.478693,0.397263
1120,0.482824,0.387587
1121,0.487508,0.378178
1122,0.492723,0.369049
1123,0.498448,0.360230
1124,0.504660,0.351736
1125,0.511347,0.343626
1126,0.518488,0.335908
1127,0.525989,0.328559
1128,0.533979,0.321720
1129,0.542350,0.315327
1130,0.551075,0.309397
1131,0.560108,0.303993
1132,0.569450,0.299101
1133,0.579044,0.294756
1134,0.588947,0.290901
1135,0.598974,0.287692
1136,0.609193,0.285036
1137,0.619571,0.282956
1138,0.630040,0.281489
1139,0.640551,0.280601
1140,0.651123,0.280323
1141,0.661674,0.280655
1142,0.672219,0.281678
1143,0.682706,0.283169
1144,0.692999,0.285241
1145,0.703224,0.287939
1146,0.713243,0.291221
1147,0.723112,0.295078
1148,0.732694,0.299491
1149,0.742013,0.304430
1150,0.751078,0.309911
1151,0.759775,0.315885
1152,0.768181,0.322360
1153,0.776136,0.329300
1154,0.783694,0.336666
1155,0.790825,0.344444
1156,0.797530,0.352649
1157,0.803728,0.361193
1158,0.809465,0.370114
1159,0.814681,0.379323
1160,0.819360,0.388797
1161,0.823515,0.398577
1162,0.827102,0.408548
1163,0.830101,0.418749
1164,0.832523,0.429049
1165,0.834363,0.439523
1166,0.835614,0.450030
1167,0.836205,0.460646
1168,0.836198,0.471229
1169,0.835590,0.481859
1170,0.834376,0.492413
1171,0.832577,0.502942
1172,0.830165,0.513278
1173,0.827180,0.523452
1174,0.823605,0.533529
1175,0.819471,0.543294
1176,0.814803,0.552836
1177,0.809565,0.562143
1178,0.803833,0.571068
1179,0.797585,0.579724
1180,0.790840,0.587972
1181,0.783675,0.595793
1182,0.776074,0.603224
1183,0.768038,0.610261
1184,0.759603,0.616787
1185,0.750805,0.622918
1186,0.741650,0.628394
1187,0.732258,0.633364
1188,0.722592,0.637843
1189,0.712657,0.641716
1190,0.702528,0.645062
1191,0.692180,0.647809
1192,0.681717,0.649939
1193,0.671152,0.651524
1194,0.661429,0.652811
1195,0.655332,0.655868
1196,0.648492,0.658462
1197,0.639337,0.659278
1198,0.629153,0.658443
1199,0.619175,0.656544
1200,0.608926,0.653931
1201,0.598784,0.650682
1202,0.588810,0.646847
1203,0.579108,0.642454
1204,0.569661,0.637506
1205,0.560509,0.632025
1206,0.551647,0.626041
1207,0.543204,0.619501
1208,0.535092,0.612588
1209,0.527396,0.605198
1210,0.520102,0.597361
1211,0.513326,0.589139
1212,0.506951,0.580485
1213,0.501112,0.571498
1214,0.495851,0.562214
1215,0.491085,0.552642
1216,0.486824,0.542759
1217,0.483217,0.532705
1218,0.480166,0.522459
1219,0.477657,0.511984
1220,0.475803,0.501452
1221,0.474508,0.490802
1222,0.473833,0.480125
1223,0.473758,0.469379
1224,0.474313,0.458650
1225,0.475432,0.447916
1226,0.477238,0.437351
1227,0.479621,0.426881
1228,0.482563,0.416483
1229,0.486131,0.406355
1230,0.490267,0.396448
1231,0.494906,0.386742
1232,0.500191,0.377343
1233,0.505966,0.368286
1234,0.512240,0.359545
1235,0.519073,0.351109
1236,0.526309,0.343162
1237,0.533985,0.335632
1238,0.542145,0.328443
1239,0.550629,0.321853
1240,0.559480,0.315739
1241,0.568663,0.310136
1242,0.578263,0.305001
1243,0.588016,0.300478
1244,0.598019,0.296519
1245,0.608294,0.293093
1246,0.618869,0.290339
1247,0.629329,0.288093
1248,0.639963,0.286497
1249,0.650752,0.285485
1250,0.661524,0.285126
1251,0.672304,0.285364
1252,0.683044,0.286197
1253,0.693789,0.287667
1254,0.704376,0.289736
1255,0.714830,0.292411
1256,0.725105,0.295676
1257,0.735236,0.299522
1258,0.745104,0.303946
1259,0.754748,0.308905
1260,0.764037,0.314417
1261,0.773042,0.320468
1262,0.781626,0.327009
1263,0.789950,0.334053
1264,0.797807,0.341551
1265,0.805152,0.349479
1266,0.812053,0.357807
1267,0.818557,0.366513
1268,0.824487,0.375617
1269,0.829909,0.385046
1270,0.834781,0.394722
1271,0.839166,0.404743
1272,0.842856,0.414974
1273,0.845970,0.425349
1274,0.848541,0.435908
1275,0.850486,0.446627
1276,0.851827,0.457436
1277,0.852544,0.468301
1278,0.852627,0.479154
1279,0.852102,0.490114
1280,0.850995,0.500967
1281,0.849179,0.511669
1282,0.846774,0.522383
1283,0.843777,0.532843
1284,0.840178,0.543115
1285,0.836048,0.553251
1286,0.831294,0.563137
1287,0.825971,0.572643
1288,0.820145,0.581895
1289,0.813804,0.590774
1290,0.806932,0.599322
1291,0.799627,0.607413
1292,0.791816,0.615131
1293,0.783595,0.622391
1294,0.774966,0.629126
1295,0.765993,0.635382
1296,0.756666,0.641115
1297,0.746957,0.646310
1298,0.737035,0.650959
1299,0.726801,0.655026
1300,0.716465,0.658504
1301,0.705853,0.661400
1302,0.695140,0.663662
1303,0.684190,0.665312
1304,0.673246,0.666312
1305,0.662289,0.666714
1306,0.651284,0.666468
1307,0.640367,0.665609
1308,0.629363,0.664187
1309,0.618598,0.662041
1310,0.607921,0.659309
1311,0.597426,0.656045
1312,0.587137,0.652125
1313,0.577049,0.647615
1314,0.567220,0.642555
1315,0.561661,0.641630
1316,0.554531,0.639871
1317,0.547812,0.637340
1318,0.541277,0.634313
1319,0.535487,0.630729
1320,0.530320,0.626803
1321,0.524654,0.621139
1322,0.518193,0.613167
1323,0.512131,0.604183
1324,0.506619,0.594697
1325,0.501599,0.584861
1326,0.497259,0.574751
1327,0.493480,0.564401
1328,0.490252,0.553851
1329,0.487642,0.543124
1330,0.488105,0.531880
1331,0.491759,0.524197
1332,0.492821,0.513590
1333,0.494335,0.501516
1334,0.496627,0.490857
1335,0.499994,0.481051
1336,0.504000,0.471518
1337,0.508549,0.462220
1338,0.513641,0.453206
1339,0.519225,0.444489
1340,0.525293,0.436100
1341,0.531846,0.428076
1342,0.538804,0.420481
1343,0.546222,0.413266
1344,0.554033,0.406453
1345,0.562227,0.400108
1346,0.570803,0.394139
1347,0.579664,0.388754
1348,0.588812,0.383888
1349,0.598303,0.379581
1350,0.607915,0.375780
1351,0.617748,0.372541
1352,0.627753,0.369869
1353,0.637895,0.367770
1354,0.648147,0.366245
1355,0.658493,0.365279
1356,0.668853,0.364929
1357,0.679230,0.365139
1358,0.689567,0.365962
1359,0.699834,0.367376
1360,0.710003,0.369372
1361,0.720095,0.371988
1362,0.729962,0.375113
1363,0.739573,0.378806
1364,0.749021,0.383044
1365,0.758313,0.387797
1366,0.767242,0.393081
1367,0.775841,0.398864
1368,0.784097,0.405126
1369,0.792036,0.411947
1370,0.799448,0.419058
1371,0.806509,0.426626
1372,0.813133,0.434588
1373,0.820589,0.443720
1374,0.829242,0.454021
1375,0.837349,0.464857
1376,0.844838,0.476153
1377,0.851678,0.487859
1378,0.857841,0.499936
1379,0.863350,0.512502
1380,0.868079,0.525217
1381,0.872098,0.538172
1382,0.875348,0.551292
1383,0.877859,0.564586
1384,0.879606,0.578090
1385,0.880603,0.591627
1386,0.880826,0.605191
1387,0.880277,0.618744
1388,0.878958,0.632243
1389,0.876873,0.645645
1390,0.873884,0.659107
1391,0.870301,0.672215
1392,0.865971,0.685065
1393,0.860917,0.697640
1394,0.855156,0.709905
1395,0.848706,0.721821
1396,0.841590,0.733352
1397,0.833791,0.744489
1398,0.825363,0.755182
1399,0.816374,0.765351
1400,0.806686,0.775027
1401,0.796664,0.784042
1402,0.786117,0.792506
1403,0.775026,0.800386
1404,0.763561,0.807614
1405,0.751711,0.814172
1406,0.739496,0.820020
1407,0.726946,0.825220
1408,0.714147,0.829679
1409,0.701100,0.833395
1410,0.687792,0.836285
1411,0.674435,0.838555
1412,0.660932,0.840021
1413,0.647376,0.840689
1414,0.633828,0.840601
1415,0.620313,0.839742
1416,0.606869,0.838116
1417,0.593540,0.835728
1418,0.580370,0.832586
1419,0.567466,0.828597
1420,0.554706,0.823975
1421,0.542260,0.818642
1422,0.530143,0.812612
1423,0.518390,0.805903
1424,0.507038,0.798537
1425,0.496197,0.790563
1426,0.485708,0.781922
1427,0.475748,0.772722
1428,0.466330,0.762801
1429,0.457447,0.752559
1430,0.449212,0.741819
1431,0.441608,0.730632
1432,0.434643,0.718970
1433,0.428354,0.706986
1434,0.422762,0.694672
1435,0.417882,0.682062
1436,0.413716,0.669128
1437,0.410415,0.655970
1438,0.407734,0.642712
1439,0.405824,0.629328
1440,0.404680,0.615859
1441,0.404305,0.602349
1442,0.404701,0.588807
1443,0.405914,0.575240
1444,0.407844,0.561904
1445,0.410521,0.548633
1446,0.414075,0.535484
1447,0.418200,0.522599
1448,0.423089,0.510000
1449,0.428720,0.497673
1450,0.435011,0.485693
1451,0.441983,0.474115
1452,0.449597,0.462943
1453,0.457834,0.452222
1454,0.466601,0.442107
1455,0.476195,0.432364
1456,0.486111,0.423134
1457,0.496549,0.414543
1458,0.507455,0.406571
1459,0.518794,0.399237
1460,0.530531,0.392559
1461,0.542696,0.386554
1462,0.555127,0.381245
1463,0.567771,0.376709
1464,0.580728,0.372829
1465,0.593869,0.369706
1466,0.607192,0.367347
1467,0.620734,0.365796
1468,0.634264,0.364954
1469,0.647778,0.364884
1470,0.661261,0.365581
1471,0.674763,0.367005
1472,0.687908,0.369277
1473,0.701055,0.372252
1474,0.714020,0.375971
1475,0.726754,0.380421
1476,0.739257,0.385620
1477,0.751423,0.391502
1478,0.763329,0.398199
1479,0.774749,0.405408
1480,0.785725,0.413255
1481,0.796232,0.421714
1482,0.806173,0.430722
1483,0.815703,0.440387
1484,0.824673,0.450566
1485,0.833011,0.461186
1486,0.840723,0.472255
1487,0.847791,0.483741
1488,0.854195,0.495609
1489,0.859923,0.508076
1490,0.864968,0.520606
1491,0.869172,0.533282
1492,0.872730,0.546275
1493,0.875541,0.559450
1494,0.877599,0.572764
1495,0.878891,0.586238
1496,0.879425,0.599706
1497,0.879189,0.613177
1498,0.878187,0.626613
1499,0.876423,0.639968
1500,0.873854,0.653310
1501,0.870586,0.666335
1502,0.866507,0.679317
1503,0.861787,0.691939
1504,0.856352,0.704260
1505,0.850225,0.716247
1506,0.843339,0.727945
1507,0.835863,0.739191
1508,0.827808,0.749887
1509,0.819154,0.760163
1510,0.809909,0.769940
1511,0.800010,0.779221
1512,0.789642,0.787925
1513,0.778850,0.796024
1514,0.767588,0.803474
1515,0.755961,0.810271
1516,0.743972,0.816392
1517,0.731656,0.821821
1518,0.718975,0.826540
1519,0.706051,0.830417
1520,0.692970,0.833758
1521,0.679676,0.836283
1522,0.666326,0.838041
1523,0.652908,0.839034
1524,0.639387,0.839236
1525,0.625935,0.838704
1526,0.612599,0.837388
1527,0.599357,0.835328
1528,0.586175,0.832491
1529,0.573047,0.828807
1530,0.560240,0.824488
1531,0.547742,0.819482
1532,0.535568,0.813773
1533,0.523741,0.807382
1534,0.512299,0.800329
1535,0.501276,0.792637
1536,0.490640,0.784258
1537,0.480530,0.775306
1538,0.471028,0.765873
1539,0.461985,0.755878
1540,0.453578,0.745249
1541,0.445710,0.734332
1542,0.438509,0.722898
1543,0.431983,0.711141
1544,0.426049,0.698960
1545,0.421036,0.686588
1546,0.416616,0.673901
1547,0.412921,0.660981
1548,0.409972,0.647804
1549,0.407854,0.634414
1550,0.406348,0.621041
1551,0.405659,0.607617
1552,0.405740,0.594182
1553,0.406585,0.580778
1554,0.408216,0.567390
1555,0.410597,0.554110
1556,0.413719,0.541023
1557,0.417566,0.528208
1558,0.422138,0.515559
1559,0.427597,0.503089
1560,0.433509,0.491056
1561,0.440150,0.479393
1562,0.447448,0.468129
1563,0.455414,0.457269
1564,0.463964,0.446891
1565,0.473038,0.437099
1566,0.482685,0.427777
1567,0.492853,0.419015
1568,0.503502,0.410845
1569,0.514764,0.403280
1570,0.526274,0.396346
1571,0.538184,0.390089
1572,0.550443,0.384531
1573,0.562966,0.379678
1574,0.575738,0.375547
1575,0.588647,0.372212
1576,0.601825,0.369528
1577,0.615177,0.367634
1578,0.628569,0.366481
1579,0.642031,0.366116
1580,0.655621,0.366588
1581,0.669009,0.367719
1582,0.682290,0.369622
1583,0.695505,0.372320
1584,0.708401,0.375716
1585,0.721144,0.379843
1586,0.733640,0.384691
1587,0.745840,0.390243
1588,0.757742,0.396515
1589,0.769295,0.403484
1590,0.780399,0.411039
1591,0.791054,0.419359
1592,0.801259,0.428082
1593,0.810903,0.437400
1594,0.819993,0.447249
1595,0.828468,0.457627
1596,0.836416,0.468457
1597,0.843713,0.479754
1598,0.850355,0.491411
1599,0.856291,0.503421
1600,0.861572,0.515743
1601,0.866130,0.528341
1602,0.869920,0.541324
1603,0.873031,0.554334
1604,0.875325,0.567458
1605,0.876924,0.580771
1606,0.877752,0.594161
1607,0.877834,0.607552
1608,0.877151,0.620920
1609,0.875708,0.634226
1610,0.873469,0.647475
1611,0.870531,0.660543
1612,0.866716,0.673487
1613,0.862342,0.686100
1614,0.857237,0.698414
1615,0.851436,0.710483
1616,0.844913,0.722233
1617,0.837787,0.733485
1618,0.830024,0.744374
1619,0.821659,0.754797
1620,0.812713,0.764723
1621,0.803181,0.774087
1622,0.793069,0.782851
1623,0.782620,0.791141
1624,0.771682,0.798784
1625,0.760272,0.805807
1626,0.748516,0.812162
1627,0.736370,0.817839
1628,0.723963,0.822828
1629,0.711308,0.827099
1630,0.698433,0.830636
1631,0.685248,0.833352
1632,0.672138,0.835417
1633,0.658752,0.836726
1634,0.645461,0.837251
1635,0.632112,0.837050
1636,0.618808,0.836078
1637,0.605585,0.834357
1638,0.592458,0.831874
1639,0.579503,0.828614
1640,0.566744,0.824673
1641,0.554397,0.820014
1642,0.542119,0.814575
1643,0.530246,0.808537
1644,0.518684,0.801780
1645,0.507569,0.794427
1646,0.496880,0.786418
1647,0.486660,0.777830
1648,0.476959,0.768687
1649,0.467778,0.758963
1650,0.459241,0.748815
1651,0.451177,0.737975
1652,0.443750,0.726886
1653,0.437006,0.715402
1654,0.430927,0.703558
1655,0.425580,0.691481
1656,0.420901,0.678949
1657,0.416916,0.666237
1658,0.413665,0.653324
1659,0.411228,0.640389
1660,0.409056,0.626685
1661,0.407949,0.612835
1662,0.408008,0.598774
1663,0.408955,0.584224
1664,0.409816,0.568857
1665,0.411910,0.553207
1666,0.415306,0.537349
1667,0.418558,0.521829
1668,0.422455,0.506561
1669,0.427231,0.491574
1670,0.432783,0.476820
1671,0.439148,0.462437
1672,0.446319,0.448442
1673,0.454275,0.434879
1674,0.462988,0.421790
1675,0.472561,0.409247
1676,0.482678,0.397221
1677,0.493480,0.385802
1678,0.504875,0.375041
1679,0.516908,0.364918
1680,0.529497,0.355498
1681,0.542600,0.346812
1682,0.556175,0.338885
1683,0.570255,0.331797
1684,0.584648,0.325472
1685,0.599374,0.319970
1686,0.614389,0.315315
1687,0.629633,0.311540
1688,0.645200,0.308832
1689,0.660782,0.306771
1690,0.676440,0.305654
1691,0.692152,0.305383
1692,0.707847,0.306005
1693,0.723463,0.307530
1694,0.739028,0.309997
1695,0.754385,0.313288
1696,0.769524,0.317444
1697,0.784414,0.322446
1698,0.798986,0.328288
1699,0.813189,0.334952
1700,0.827024,0.342407
1701,0.840398,0.350635
1702,0.853288,0.359674
1703,0.865638,0.369364
1704,0.877386,0.379860
1705,0.888573,0.390903
1706,0.899053,0.402516
1707,0.908949,0.414773
1708,0.918093,0.427541
1709,0.926495,0.440806
1710,0.934129,0.454527
1711,0.940893,0.468761
1712,0.946928,0.483259
1713,0.952126,0.498104
1714,0.956435,0.513204
1715,0.959903,0.528521
1716,0.962499,0.544008
1717,0.964211,0.559617
1718,0.964893,0.575368
1719,0.964800,0.591073
1720,0.963838,0.606743
1721,0.961989,0.622330
1722,0.959256,0.637785
1723,0.955586,0.653101
1724,0.951093,0.668132
1725,0.945766,0.682848
1726,0.939486,0.697321
1727,0.932542,0.711398
1728,0.924802,0.725024
1729,0.916305,0.738216
1730,0.907072,0.750898
1731,0.897101,0.763051
1732,0.886449,0.774582
1733,0.875186,0.785509
1734,0.863232,0.795761
1735,0.850812,0.805345
1736,0.837837,0.814171
1737,0.824408,0.822280
1738,0.810543,0.829611
1739,0.796211,0.836059
1740,0.781582,0.841774
1741,0.766672,0.846653
1742,0.751517,0.850671
1743,0.736162,0.853861
1744,0.720667,0.856125
1745,0.704996,0.857387
1746,0.689290,0.857916
1747,0.673744,0.858070
1748,0.659163,0.863016
1749,0.644253,0.869222
1750,0.630544,0.876318
1751,0.617618,0.883177
1752,0.604539,0.889959
1753,0.592084,0.892610
1754,0.580133,0.891497
1755,0.567370,0.891020
1756,0.554085,0.891303
1757,0.540477,0.891603
1758,0.526592,0.891713
1759,0.512461,0.891505
1760,0.497562,0.890339
1761,0.481345,0.887594
1762,0.465916,0.885367
1763,0.451206,0.883233
1764,0.436727,0.880477
1765,0.422446,0.876935
1766,0.408308,0.872528
1767,0.394523,0.867397
1768,0.381096,0.861466
1769,0.367970,0.854813
1770,0.355254,0.847420
1771,0.343303,0.839069
1772,0.331540,0.830260
1773,0.320234,0.820738
1774,0.309533,0.810666
1775,0.299420,0.800001
1776,0.289927,0.788789
1777,0.281085,0.777048
1778,0.272931,0.764816
1779,0.265527,0.752119
1780,0.258822,0.739056
1781,0.252874,0.725613
1782,0.247664,0.711828
1783,0.243278,0.697791
1784,0.239697,0.683527
1785,0.236932,0.669080
1786,0.235065,0.654543
1787,0.233918,0.639850
1788,0.233633,0.625129
1789,0.234195,0.610422
1790,0.235597,0.595774
1791,0.238229,0.581339
1792,0.241284,0.566972
1793,0.245149,0.552798
1794,0.249805,0.538862
1795,0.255244,0.525210
1796,0.261460,0.511890
1797,0.268419,0.498942
1798,0.276150,0.486444
1799,0.284526,0.474386
