0,1.317160,0.195180
1,1.317160,0.195180
2,1.304975,0.196439
3,1.287985,0.196823
4,1.271000,0.196186
5,1.254078,0.194584
6,1.237275,0.192021
7,1.220644,0.188506
8,1.204241,0.184051
9,1.199664,0.182780
10,1.199664,0.182780
11,1.193618,0.172127
12,1.186442,0.156722
13,1.184474,0.152399
14,1.184474,0.152399
15,1.184474,0.152399
16,1.184474,0.152399
17,1.184474,0.152399
18,1.184474,0.152399
19,1.196163,0.156064
20,1.211919,0.162433
21,1.227266,0.169739
22,1.242173,0.177906
23,1.256591,0.186908
24,1.270473,0.196716
25,1.283775,0.207297
26,1.296453,0.218619
27,1.299978,0.221803
28,1.305107,0.232927
29,1.310962,0.248881
30,1.315849,0.265161
31,1.319801,0.281693
32,1.322806,0.298422
33,1.324855,0.315296
34,1.325940,0.332259
35,1.326058,0.349256
36,1.325209,0.366232
37,1.323396,0.383133
38,1.320624,0.399903
39,1.319823,0.404585
40,1.313174,0.414873
41,1.302836,0.428361
42,1.291704,0.441206
43,1.279859,0.453396
44,1.267339,0.464893
45,1.254186,0.475659
46,1.240441,0.485659
47,1.226150,0.494861
48,1.211359,0.503235
49,1.196114,0.510754
50,1.180467,0.517393
51,1.164468,0.523132
52,1.159987,0.524710
53,1.147764,0.523908
54,1.130950,0.521439
55,1.114312,0.517964
56,1.097898,0.513547
57,1.081762,0.508204
58,1.065956,0.501952
59,1.050532,0.494810
60,1.035539,0.486802
61,1.021026,0.477954
62,1.007039,0.468295
63,0.993625,0.457856
64,0.989893,0.454917
65,0.984025,0.444164
66,0.977106,0.428643
67,0.971131,0.412730
68,0.966071,0.396503
69,0.961943,0.380014
70,0.960816,0.375400
71,0.960816,0.375400
72,0.960816,0.375400
73,0.960816,0.375400
74,0.960816,0.375400
75,0.972989,0.376766
76,0.989671,0.380010
77,1.006131,0.384251
78,1.022323,0.389422
79,1.038194,0.395506
80,1.042620,0.397231
81,1.042620,0.397231
82,1.047563,0.408439
83,1.054269,0.422453
84,1.063276,0.435894
85,1.070252,0.449535
86,1.076755,0.462320
87,1.083914,0.467738
88,1.084574,0.468082
89,1.084574,0.468082
90,1.083474,0.472146
91,1.082212,0.478644
92,1.083189,0.480454
93,1.081809,0.482526
94,1.079863,0.485934
95,1.077692,0.489315
96,1.075324,0.492579
97,1.072770,0.495703
98,1.070039,0.498676
99,1.067140,0.501487
100,1.057924,0.500550
101,1.042357,0.493746
102,1.027197,0.486060
103,1.012498,0.477523
104,0.998309,0.468165
105,0.984675,0.458014
106,0.971641,0.447104
107,0.959249,0.435469
108,0.947539,0.423149
109,0.936549,0.410183
110,0.926314,0.396612
111,0.916869,0.382481
112,0.908242,0.367848
113,0.900506,0.353001
114,0.893652,0.337899
115,0.887681,0.322577
116,0.882595,0.307073
117,0.878397,0.291429
118,0.875086,0.275687
119,0.872662,0.259889
120,0.871121,0.244080
121,0.870458,0.228303
122,0.870665,0.212603
123,0.871734,0.197025
124,0.873653,0.181610
125,0.876408,0.166404
126,0.879983,0.151448
127,0.884360,0.136784
128,0.889622,0.122308
129,0.894933,0.109088
130,0.900952,0.096227
131,0.907656,0.083764
132,0.915022,0.071734
133,0.923021,0.060173
134,0.931625,0.049112
135,0.940804,0.038583
136,0.950526,0.028615
137,0.960758,0.019235
138,0.971464,0.010469
139,0.982609,0.002339
140,0.994156,-0.005132
141,1.006067,-0.011925
142,1.018302,-0.018024
143,1.030822,-0.023413
144,1.043586,-0.028079
145,1.056553,-0.032013
146,1.069683,-0.035207
147,1.082932,-0.037654
148,1.096260,-0.039351
149,1.109625,-0.040298
150,1.122984,-0.040494
151,1.136296,-0.039944
152,1.149861,-0.038504
153,1.162955,-0.036473
154,1.175881,-0.033722
155,1.188598,-0.030262
156,1.201069,-0.026106
157,1.213255,-0.021271
158,1.225120,-0.015776
159,1.236629,-0.009641
160,1.247747,-0.002889
161,1.258442,0.004456
162,1.268682,0.012368
163,1.278439,0.020820
164,1.287683,0.029783
165,1.296389,0.039225
166,1.304532,0.049116
167,1.312089,0.059422
168,1.319039,0.070108
169,1.325365,0.081140
170,1.331049,0.092482
171,1.336076,0.104096
172,1.340433,0.115945
173,1.344111,0.127990
174,1.347101,0.140194
175,1.349397,0.152516
176,1.350995,0.164919
177,1.351893,0.177363
178,1.352092,0.189808
179,1.351594,0.202216
180,1.350404,0.214548
181,1.348529,0.226766
182,1.345978,0.238832
183,1.342761,0.250709
184,1.338892,0.262360
185,1.334130,0.274021
186,1.328999,0.285110
187,1.323268,0.295871
188,1.316956,0.306272
189,1.310086,0.316279
190,1.302683,0.325864
191,1.294770,0.335000
192,1.286376,0.343657
193,1.277529,0.351813
194,1.268259,0.359443
195,1.258596,0.366526
196,1.248573,0.373042
197,1.238222,0.378973
198,1.227577,0.384302
199,1.216673,0.389016
200,1.205545,0.393102
201,1.194230,0.396550
202,1.182763,0.399352
203,1.171181,0.401502
204,1.159521,0.402995
205,1.147819,0.403830
206,1.136114,0.404007
207,1.124440,0.403528
208,1.112836,0.402397
209,1.101337,0.400621
210,1.089979,0.398207
211,1.078797,0.395165
212,1.067825,0.391508
213,1.057097,0.387250
214,1.046646,0.382406
215,1.036504,0.376994
216,1.026700,0.371034
217,1.017266,0.364545
218,1.008026,0.357236
219,0.999417,0.349755
220,0.991258,0.341818
221,0.983572,0.333452
222,0.976382,0.324685
223,0.969708,0.315546
224,0.963569,0.306065
225,0.957983,0.296274
226,0.952965,0.286203
227,0.948529,0.275887
228,0.944686,0.265357
229,0.941446,0.254650
230,0.938818,0.243797
231,0.936807,0.232835
232,0.935417,0.221798
233,0.934650,0.210721
234,0.934506,0.199639
235,0.934984,0.188588
236,0.936079,0.177601
237,0.937787,0.166713
238,0.940098,0.155957
239,0.943005,0.145368
240,0.946495,0.134978
241,0.950556,0.124819
242,0.955172,0.114922
243,0.960327,0.105317
244,0.966002,0.096034
245,0.972180,0.087100
246,0.978836,0.078542
247,0.985951,0.070386
248,0.993498,0.062656
249,1.001453,0.055376
250,1.010150,0.048467
251,1.018843,0.042157
252,1.027861,0.036353
253,1.037174,0.031074
254,1.046752,0.026335
255,1.056564,0.022148
256,1.066578,0.018525
257,1.076762,0.015475
258,1.087083,0.013006
259,1.097508,0.011124
260,1.108004,0.009833
261,1.118538,0.009135
262,1.129077,0.009029
263,1.139587,0.009515
264,1.150035,0.010588
265,1.160389,0.012244
266,1.170616,0.014474
267,1.180685,0.017271
268,1.190563,0.020623
269,1.200222,0.024518
270,1.209631,0.028942
271,1.218761,0.033879
272,1.227585,0.039312
273,1.236076,0.045222
274,1.244207,0.051589
275,1.251956,0.058391
276,1.259298,0.065606
277,1.266211,0.073210
278,1.272676,0.081176
279,1.278674,0.089480
280,1.284186,0.098093
281,1.289199,0.106988
282,1.293696,0.116135
283,1.297623,0.125875
284,1.301044,0.135436
285,1.303920,0.145158
286,1.306241,0.155010
287,1.308002,0.164961
288,1.309200,0.174980
289,1.309832,0.185034
290,1.309898,0.195091
291,1.309399,0.205120
292,1.308340,0.215089
293,1.306725,0.224968
294,1.304561,0.234725
295,1.301857,0.244330
296,1.298623,0.253752
297,1.294870,0.262964
298,1.290612,0.271936
299,1.285864,0.280642
300,1.280643,0.289053
301,1.274966,0.297146
302,1.268854,0.304895
303,1.262325,0.312277
304,1.255403,0.319269
305,1.248111,0.325852
306,1.240471,0.332005
307,1.232510,0.337710
308,1.224254,0.342952
309,1.215730,0.347713
310,1.206964,0.351982
311,1.197987,0.355746
312,1.188826,0.358995
313,1.179511,0.361720
314,1.170071,0.363913
315,1.160185,0.365452
316,1.150592,0.366559
317,1.140965,0.367126
318,1.131337,0.367151
319,1.121736,0.366636
320,1.112194,0.365583
321,1.102740,0.363999
322,1.093403,0.361889
323,1.084214,0.359262
324,1.075200,0.356127
325,1.066389,0.352496
326,1.057809,0.348381
327,1.049486,0.343798
328,1.041445,0.338761
329,1.033711,0.333289
330,1.026308,0.327399
331,1.019257,0.321112
332,1.012581,0.314448
333,1.006298,0.307430
334,1.000428,0.300080
335,0.994989,0.292423
336,0.989995,0.284484
337,0.985462,0.276288
338,0.981402,0.267863
339,0.977827,0.259235
340,0.974748,0.250433
341,0.972171,0.241483
342,0.970104,0.232416
343,0.968552,0.223261
344,0.967518,0.214045
345,0.967005,0.204799
346,0.967012,0.195551
347,0.967727,0.186010
348,0.968781,0.176854
349,0.970343,0.167783
350,0.972409,0.158826
351,0.974972,0.150011
352,0.978021,0.141366
353,0.981547,0.132918
354,0.985537,0.124693
355,0.989976,0.116715
356,0.994850,0.109011
357,1.000143,0.101603
358,1.005835,0.094513
359,1.011908,0.087764
360,1.018343,0.081375
361,1.025117,0.075367
362,1.032209,0.069756
363,1.039594,0.064559
364,1.047250,0.059793
365,1.055151,0.055470
366,1.063272,0.051602
367,1.071586,0.048202
368,1.080066,0.045279
369,1.088686,0.042840
370,1.097418,0.040892
371,1.106234,0.039439
372,1.115106,0.038486
373,1.124006,0.038033
374,1.132905,0.038082
375,1.141776,0.038629
376,1.150591,0.039673
377,1.159321,0.041209
378,1.167941,0.043230
379,1.176422,0.045730
380,1.184976,0.048984
381,1.193092,0.052419
382,1.200993,0.056298
383,1.208654,0.060610
384,1.216051,0.065339
385,1.223162,0.070470
386,1.229964,0.075985
387,1.236436,0.081867
388,1.242561,0.088095
389,1.248318,0.094649
390,1.253690,0.101508
391,1.258663,0.108648
392,1.263220,0.116048
393,1.267350,0.123682
394,1.271038,0.131526
395,1.274276,0.139556
396,1.277054,0.147744
397,1.279365,0.156065
398,1.281202,0.164493
399,1.282560,0.172999
400,1.283437,0.181558
401,1.283831,0.190142
402,1.283743,0.198724
403,1.283172,0.207277
404,1.282123,0.215773
405,1.280600,0.224187
406,1.278609,0.232492
407,1.276157,0.240662
408,1.273253,0.248671
409,1.269908,0.256495
410,1.266133,0.264109
411,1.261940,0.271490
412,1.257015,0.278787
413,1.252026,0.285621
414,1.246668,0.292158
415,1.240959,0.298377
416,1.234916,0.304258
417,1.228559,0.309784
418,1.221910,0.314937
419,1.214990,0.319702
420,1.207822,0.324066
421,1.200428,0.328015
422,1.192833,0.331538
423,1.185062,0.334625
424,1.177138,0.337267
425,1.169088,0.339457
426,1.160938,0.341188
427,1.152712,0.342458
428,1.144438,0.343261
429,1.136141,0.343598
430,1.127849,0.343468
431,1.119586,0.342873
432,1.111379,0.341816
433,1.103255,0.340300
434,1.099376,0.344647
435,1.104230,0.356669
436,1.109203,0.368176
437,1.113724,0.380221
438,1.120151,0.396540
439,1.125705,0.413295
440,1.130222,0.430182
441,1.133712,0.447154
442,1.136184,0.464161
443,1.137648,0.481154
444,1.138115,0.498081
445,1.137342,0.513318
446,1.135743,0.528643
447,1.133269,0.543784
448,1.129936,0.558691
449,1.125764,0.573317
450,1.120772,0.587617
451,1.114985,0.601546
452,1.108428,0.615060
453,1.101129,0.628119
454,1.093118,0.640683
455,1.084428,0.652714
456,1.075093,0.664176
457,1.065149,0.675037
458,1.054633,0.685264
459,1.043586,0.694828
460,1.032047,0.703704
461,1.020059,0.711866
462,1.007665,0.719293
463,0.996256,0.726614
464,0.988669,0.735269
465,0.981603,0.743644
466,0.973858,0.752120
467,0.965660,0.760228
468,0.957018,0.767880
469,0.947956,0.775035
470,0.938500,0.781663
471,0.928680,0.787743
472,0.918528,0.793252
473,0.908078,0.798175
474,0.897363,0.802493
475,0.886419,0.806193
476,0.875281,0.809263
477,0.863984,0.811693
478,0.852593,0.813396
479,0.841104,0.814561
480,0.829573,0.815055
481,0.818034,0.814886
482,0.806523,0.814058
483,0.795077,0.812574
484,0.783734,0.810439
485,0.772531,0.807660
486,0.761504,0.804247
487,0.750689,0.800209
488,0.740482,0.795746
489,0.730295,0.790523
490,0.720335,0.784708
491,0.710708,0.778341
492,0.701455,0.771436
493,0.692607,0.764015
494,0.684197,0.756100
495,0.676251,0.747718
496,0.668796,0.738896
497,0.661857,0.729663
498,0.655455,0.720048
499,0.649742,0.710075
500,0.644411,0.699808
501,0.639714,0.689264
502,0.635636,0.678470
503,0.632184,0.667460
504,0.629366,0.656271
505,0.627191,0.644938
506,0.625666,0.633500
507,0.624797,0.621991
508,0.624585,0.610452
509,0.625032,0.598919
510,0.626137,0.587429
511,0.627895,0.576020
512,0.630227,0.565229
513,0.633277,0.554115
514,0.636941,0.543173
515,0.641219,0.532451
516,0.645409,0.523332
517,0.646354,0.517175
518,0.645448,0.512429
519,0.643543,0.511221
520,0.639126,0.512873
521,0.633895,0.516030
522,0.628796,0.521640
523,0.622713,0.529459
524,0.615595,0.536436
525,0.607963,0.542164
526,0.599951,0.547950
527,0.591553,0.553359
528,0.582748,0.558328
529,0.573623,0.562732
530,0.564193,0.566594
531,0.554480,0.569943
532,0.544571,0.572698
533,0.534453,0.574864
534,0.524157,0.576441
535,0.513234,0.577371
536,0.501727,0.577281
537,0.490969,0.576938
538,0.480306,0.575904
539,0.469680,0.574202
540,0.459083,0.571885
541,0.448596,0.568982
542,0.438230,0.565432
543,0.428009,0.561264
544,0.419613,0.556872
545,0.412346,0.552290
546,0.405352,0.547319
547,0.398694,0.541980
548,0.392352,0.536289
549,0.386379,0.530232
550,0.380773,0.523834
551,0.375569,0.517133
552,0.370791,0.510137
553,0.366399,0.502897
554,0.362456,0.495397
555,0.358910,0.487664
556,0.355777,0.479736
557,0.353193,0.471613
558,0.351085,0.463348
559,0.349505,0.454908
560,0.348428,0.446567
561,0.347824,0.438036
562,0.347900,0.429226
563,0.348700,0.419783
564,0.350034,0.410090
565,0.351864,0.400336
566,0.354734,0.391155
567,0.358418,0.383203
568,0.362468,0.375612
569,0.366886,0.368365
570,0.371908,0.361015
571,0.377913,0.352835
572,0.384260,0.345621
573,0.390465,0.339449
574,0.396859,0.333771
575,0.403457,0.328387
576,0.410299,0.323459
577,0.417420,0.318884
578,0.424863,0.314690
579,0.433981,0.310482
580,0.445582,0.306331
581,0.457861,0.302386
582,0.470651,0.298842
583,0.483783,0.295998
584,0.497271,0.293619
585,0.511993,0.290311
586,0.528182,0.286452
587,0.544819,0.283195
588,0.558601,0.281238
589,0.567405,0.280698
590,0.574309,0.280103
591,0.585516,0.279100
592,0.597035,0.278387
593,0.608141,0.278256
594,0.619000,0.278611
595,0.629680,0.279706
596,0.640251,0.281413
597,0.650691,0.283707
598,0.660967,0.286579
599,0.671048,0.290017
600,0.681167,0.294272
601,0.690756,0.298813
602,0.700062,0.303873
603,0.709054,0.309438
604,0.717704,0.315488
605,0.725986,0.322003
606,0.733876,0.328961
607,0.741349,0.336338
608,0.748385,0.344110
609,0.754961,0.352250
610,0.761059,0.360732
611,0.766662,0.369528
612,0.771754,0.378609
613,0.776319,0.387946
614,0.780346,0.397509
615,0.783824,0.407265
616,0.786744,0.417185
617,0.789098,0.427236
618,0.790881,0.437387
619,0.792752,0.448585
620,0.794424,0.460697
621,0.795266,0.472928
622,0.795433,0.485019
623,0.795146,0.496714
624,0.794628,0.507818
625,0.794165,0.518137
626,0.794085,0.527524
627,0.794182,0.535740
628,0.793964,0.542845
629,0.793281,0.549195
630,0.792088,0.555180
631,0.790525,0.561031
632,0.788634,0.566775
633,0.786424,0.572399
634,0.783902,0.577886
635,0.781077,0.583219
636,0.777603,0.588489
637,0.774196,0.593448
638,0.770519,0.598206
639,0.766583,0.602747
640,0.762400,0.607057
641,0.757985,0.611122
642,0.753350,0.614929
643,0.748512,0.618467
644,0.743486,0.621725
645,0.738427,0.625432
646,0.734388,0.630502
647,0.731223,0.634892
648,0.728611,0.638883
649,0.726342,0.642636
650,0.724267,0.646258
651,0.722293,0.649793
652,0.720351,0.653271
653,0.718395,0.656703
654,0.716397,0.660109
655,0.714338,0.663484
656,0.712206,0.666840
657,0.709992,0.670172
658,0.707689,0.673488
659,0.705284,0.676881
660,0.702848,0.680234
661,0.700272,0.683411
662,0.697524,0.686627
663,0.694668,0.689823
664,0.691689,0.692983
665,0.688577,0.696109
666,0.685327,0.699182
667,0.681931,0.702202
668,0.678370,0.704775
669,0.674723,0.707539
670,0.670905,0.710141
671,0.666887,0.712797
672,0.662726,0.715377
673,0.658412,0.717844
674,0.653938,0.720180
675,0.649306,0.722374
676,0.644129,0.724371
677,0.637414,0.726765
678,0.630701,0.729831
679,0.623885,0.733128
680,0.616925,0.736385
681,0.609786,0.739438
682,0.602481,0.742187
683,0.595025,0.744569
684,0.587447,0.746546
685,0.579774,0.748094
686,0.572020,0.749207
687,0.564214,0.749885
688,0.556395,0.750110
689,0.548567,0.749889
690,0.540764,0.749226
691,0.533030,0.748116
692,0.525391,0.746560
693,0.517753,0.744579
694,0.510230,0.742182
695,0.502876,0.739359
696,0.495714,0.736121
697,0.488768,0.732480
698,0.482060,0.728450
699,0.475597,0.724049
700,0.469748,0.719363
701,0.463830,0.714278
702,0.458229,0.708870
703,0.452965,0.703158
704,0.448052,0.697162
705,0.443448,0.690886
706,0.439176,0.684334
707,0.435303,0.677557
708,0.431837,0.670580
709,0.427255,0.665382
710,0.422241,0.659460
711,0.417391,0.652893
712,0.412745,0.646032
713,0.408555,0.638921
714,0.404770,0.631610
715,0.401416,0.624070
716,0.398490,0.616364
717,0.395977,0.608508
718,0.393988,0.600473
719,0.392430,0.592360
720,0.391332,0.584173
721,0.390701,0.575921
722,0.390539,0.567612
723,0.390868,0.559379
724,0.391757,0.551211
725,0.393036,0.543022
726,0.394765,0.534926
727,0.396970,0.526914
728,0.399574,0.518971
729,0.402623,0.511270
730,0.406109,0.503758
731,0.409901,0.496848
732,0.414191,0.489829
733,0.418920,0.483037
734,0.424005,0.476515
735,0.429451,0.470296
736,0.435275,0.464389
737,0.441410,0.458840
738,0.447814,0.453619
739,0.454555,0.448755
740,0.461557,0.444315
741,0.468794,0.440258
742,0.476235,0.436632
743,0.483874,0.433438
744,0.491810,0.430654
745,0.499677,0.428339
746,0.507760,0.426501
747,0.515985,0.425132
748,0.524227,0.424263
749,0.532505,0.423825
750,0.540849,0.423820
751,0.548654,0.424273
752,0.556846,0.425271
753,0.565005,0.426704
754,0.573083,0.428598
755,0.581041,0.430952
756,0.588856,0.433753
757,0.596498,0.437025
758,0.604016,0.440699
759,0.611210,0.444783
760,0.618177,0.449330
761,0.624905,0.454203
762,0.631330,0.459481
763,0.637445,0.465133
764,0.643207,0.471127
765,0.648630,0.477405
766,0.653685,0.483994
767,0.658358,0.490882
768,0.662640,0.498002
769,0.666479,0.505382
770,0.669915,0.512953
771,0.672924,0.520702
772,0.675474,0.528661
773,0.677537,0.536746
774,0.679254,0.544902
775,0.680420,0.553120
776,0.681107,0.561432
777,0.681347,0.569776
778,0.681067,0.577643
779,0.680379,0.585865
780,0.679185,0.594108
781,0.677550,0.602271
782,0.675428,0.610379
783,0.672866,0.618325
784,0.669819,0.626092
785,0.666326,0.633681
786,0.662463,0.641087
787,0.658157,0.648345
788,0.653492,0.655192
789,0.648409,0.661799
790,0.642945,0.668111
791,0.637111,0.674097
792,0.630962,0.679765
793,0.624490,0.685031
794,0.617729,0.689947
795,0.610720,0.694477
796,0.603420,0.698611
797,0.595903,0.702300
798,0.588185,0.705560
799,0.580306,0.708373
800,0.572264,0.710740
801,0.564066,0.712710
802,0.555700,0.714198
803,0.547454,0.715158
804,0.539159,0.715659
805,0.530788,0.715651
806,0.522987,0.715178
807,0.514685,0.714242
808,0.506434,0.712835
809,0.498272,0.710967
810,0.490232,0.708602
811,0.482394,0.705851
812,0.474664,0.702605
813,0.467119,0.698948
814,0.459787,0.694845
815,0.452731,0.690356
816,0.445939,0.685439
817,0.439330,0.680156
818,0.433186,0.674543
819,0.427342,0.668573
820,0.421818,0.662248
821,0.416680,0.655607
822,0.411928,0.648651
823,0.407591,0.641502
824,0.403654,0.634080
825,0.400122,0.626461
826,0.397079,0.618603
827,0.394454,0.610612
828,0.392271,0.602505
829,0.390574,0.594262
830,0.389300,0.585827
831,0.388518,0.577587
832,0.388261,0.569759
833,0.388388,0.561299
834,0.389123,0.552886
835,0.390268,0.544566
836,0.391889,0.536327
837,0.393985,0.528190
838,0.396589,0.520178
839,0.399590,0.512336
840,0.403057,0.504658
841,0.406957,0.497210
842,0.411289,0.489996
843,0.416018,0.482993
844,0.421102,0.476305
845,0.426539,0.469845
846,0.432406,0.463819
847,0.438559,0.458097
848,0.445045,0.452732
849,0.451864,0.447763
850,0.458930,0.443191
851,0.466252,0.439014
852,0.473807,0.435257
853,0.481548,0.431937
854,0.489521,0.429046
855,0.497602,0.426623
856,0.505796,0.424662
857,0.514110,0.423184
858,0.522143,0.422213
859,0.530487,0.421528
860,0.538851,0.421450
861,0.547285,0.421885
862,0.555678,0.422778
863,0.564000,0.424167
864,0.572234,0.426000
865,0.580362,0.428319
866,0.588340,0.431142
867,0.596142,0.434367
868,0.603747,0.438018
869,0.611132,0.442100
870,0.618291,0.446642
871,0.625169,0.451571
872,0.631762,0.456868
873,0.638136,0.462529
874,0.644095,0.468551
875,0.649660,0.474945
876,0.654866,0.481589
877,0.659689,0.488555
878,0.664131,0.495814
879,0.668135,0.503274
880,0.671688,0.510964
881,0.674909,0.518883
882,0.677608,0.526912
883,0.679836,0.535092
884,0.681458,0.542919
885,0.682743,0.551199
886,0.683550,0.559624
887,0.683871,0.568073
888,0.683766,0.576631
889,0.683154,0.585010
890,0.681977,0.593405
891,0.680387,0.601730
892,0.678300,0.609977
893,0.675747,0.618089
894,0.672756,0.626033
895,0.669281,0.633787
896,0.665397,0.641325
897,0.661049,0.648646
898,0.656330,0.655698
899,0.651172,0.662484
900,0.645675,0.668958
901,0.639790,0.675133
902,0.633581,0.680918
903,0.627086,0.686448
904,0.620329,0.691501
905,0.613204,0.696161
906,0.605772,0.700408
907,0.598179,0.704233
908,0.590351,0.707604
909,0.582361,0.710537
910,0.574635,0.712825
911,0.566491,0.714838
912,0.558075,0.716483
913,0.549606,0.717548
914,0.541110,0.718140
915,0.532598,0.718247
916,0.524107,0.717856
917,0.515625,0.716971
918,0.507173,0.715716
919,0.498893,0.713886
920,0.490691,0.711568
921,0.482642,0.708810
922,0.474700,0.705572
923,0.467012,0.701892
924,0.459554,0.697790
925,0.452346,0.693228
926,0.445370,0.688281
927,0.438696,0.682969
928,0.432323,0.677251
929,0.426299,0.671186
930,0.420617,0.664785
931,0.415324,0.658088
932,0.410314,0.651075
933,0.405869,0.643898
934,0.401813,0.636375
935,0.398176,0.628636
936,0.394991,0.620694
937,0.392420,0.613071
938,0.390136,0.604901
939,0.388335,0.596566
940,0.386988,0.588100
941,0.386136,0.579598
942,0.385792,0.571042
943,0.385946,0.562486
944,0.386518,0.553993
945,0.387622,0.545514
946,0.389215,0.537079
947,0.391186,0.528665
948,0.393641,0.520582
949,0.396649,0.512568
950,0.400142,0.504688
951,0.404071,0.497053
952,0.408393,0.489661
953,0.413140,0.482519
954,0.418297,0.475562
955,0.423836,0.468988
956,0.429750,0.462747
957,0.435969,0.456858
958,0.442561,0.451336
959,0.449460,0.446212
960,0.456605,0.441470
961,0.464052,0.437156
962,0.471757,0.433158
963,0.479514,0.429708
964,0.487222,0.426884
965,0.495180,0.424299
966,0.503468,0.422219
967,0.511913,0.420632
968,0.520429,0.419534
969,0.529013,0.418877
970,0.537618,0.418739
971,0.546204,0.419084
972,0.554783,0.420007
973,0.563251,0.421254
974,0.571649,0.423064
975,0.579962,0.425352
976,0.588108,0.428098
977,0.596075,0.431303
978,0.604012,0.434952
979,0.611488,0.438907
980,0.618755,0.443367
981,0.625767,0.448308
982,0.632498,0.453622
983,0.638929,0.459314
984,0.645044,0.465384
985,0.650802,0.471819
986,0.656184,0.478506
987,0.661172,0.485499
988,0.665754,0.492748
989,0.669891,0.500280
990,0.673640,0.507989
991,0.676940,0.515879
992,0.679589,0.523461
993,0.682012,0.531593
994,0.683983,0.539848
995,0.685484,0.548181
996,0.686472,0.556588
997,0.687105,0.565077
998,0.687285,0.573424
999,0.686977,0.581766
1000,0.686208,0.590036
1001,0.685001,0.598213
1002,0.683117,0.606152
1003,0.680871,0.613830
1004,0.678583,0.621188
1005,0.675390,0.627868
1006,0.670453,0.634171
1007,0.665072,0.641272
1008,0.659110,0.649295
1009,0.652285,0.657853
1010,0.644230,0.666873
1011,0.635155,0.676261
1012,0.625259,0.685613
1013,0.614672,0.694696
1014,0.603665,0.703378
1015,0.593933,0.710370
1016,0.586254,0.715665
1017,0.577340,0.722063
1018,0.567930,0.728347
1019,0.559172,0.732890
1020,0.549242,0.734971
1021,0.538483,0.737029
1022,0.526883,0.738900
1023,0.514451,0.740518
1024,0.501228,0.741616
1025,0.487531,0.742152
1026,0.473684,0.742004
1027,0.459817,0.741199
1028,0.446117,0.739700
1029,0.432536,0.737663
1030,0.419804,0.735260
1031,0.407974,0.732575
1032,0.396725,0.729697
1033,0.385119,0.726354
1034,0.373548,0.722739
1035,0.362600,0.718899
1036,0.352889,0.715237
1037,0.343702,0.711649
1038,0.335003,0.707167
1039,0.326234,0.702381
1040,0.317771,0.697257
1041,0.309832,0.691788
1042,0.302394,0.686206
1043,0.295617,0.680544
1044,0.289536,0.674943
1045,0.284226,0.669533
1046,0.279776,0.664459
1047,0.276267,0.659886
1048,0.273791,0.655994
1049,0.272441,0.652970
1050,0.272530,0.651223
1051,0.273814,0.650236
1052,0.268618,0.647279
1053,0.262108,0.640998
1054,0.256169,0.633664
1055,0.250671,0.625931
1056,0.245503,0.617973
1057,0.240640,0.609979
1058,0.236014,0.602014
1059,0.231567,0.594117
1060,0.227282,0.586360
1061,0.223054,0.578809
1062,0.219100,0.573575
1063,0.215550,0.569615
1064,0.212858,0.566632
1065,0.211466,0.565146
1066,0.210922,0.564274
1067,0.210317,0.563237
1068,0.209323,0.562374
1069,0.207777,0.561182
1070,0.207184,0.560378
1071,0.207221,0.560011
1072,0.207221,0.560011
1073,0.207221,0.560011
1074,0.212189,0.555530
1075,0.217288,0.550167
1076,0.222975,0.546262
1077,0.229631,0.544021
1078,0.230672,0.543789
1079,0.241034,0.550324
1080,0.250713,0.559440
1081,0.262818,0.566391
1082,0.276425,0.576542
1083,0.286175,0.580814
1084,0.295522,0.585036
1085,0.306393,0.597129
1086,0.311691,0.603796
1087,0.310998,0.603278
1088,0.312108,0.603917
1089,0.313977,0.606636
1090,0.316522,0.611939
1091,0.319992,0.620618
1092,0.320955,0.622704
1093,0.320966,0.622703
1094,0.320971,0.622703
1095,0.322074,0.626234
1096,0.323695,0.632239
1097,0.325150,0.638539
1098,0.326019,0.644960
1099,0.327036,0.651379
1100,0.327831,0.657843
1101,0.328401,0.664348
1102,0.328744,0.670888
1103,0.328855,0.677458
1104,0.328732,0.684053
1105,0.328372,0.690668
1106,0.327772,0.697297
1107,0.326928,0.703933
1108,0.325836,0.710571
1109,0.324493,0.717203
1110,0.322895,0.723821
1111,0.321040,0.730418
1112,0.318922,0.736985
1113,0.316541,0.743515
1114,0.313891,0.749996
1115,0.310970,0.756420
1116,0.307777,0.762776
1117,0.304308,0.769053
1118,0.300562,0.775240
1119,0.296537,0.781324
1120,0.292232,0.787295
1121,0.287648,0.793139
1122,0.282784,0.798842
1123,0.277641,0.804391
1124,0.272221,0.809773
1125,0.266526,0.814973
1126,0.260558,0.819975
1127,0.254322,0.824766
1128,0.247823,0.829331
1129,0.241066,0.833653
1130,0.234057,0.837719
1131,0.226893,0.841150
1132,0.219428,0.844662
1133,0.211738,0.847872
1134,0.203832,0.850766
1135,0.195720,0.853328
1136,0.187417,0.855543
1137,0.178934,0.857398
1138,0.170286,0.858878
1139,0.161490,0.859971
1140,0.152561,0.860663
1141,0.143517,0.860941
1142,0.134890,0.860551
1143,0.133305,0.855044
1144,0.133323,0.847303
1145,0.133982,0.839084
1146,0.135059,0.830870
1147,0.136499,0.822769
1148,0.138264,0.814819
1149,0.140332,0.807038
1150,0.142691,0.799435
1151,0.145328,0.792017
1152,0.148231,0.784791
1153,0.151387,0.777763
1154,0.154784,0.770939
1155,0.158410,0.764323
1156,0.162254,0.757919
1157,0.166302,0.751731
1158,0.170545,0.745762
1159,0.174971,0.740013
1160,0.179569,0.734486
1161,0.184330,0.729183
1162,0.189244,0.724104
1163,0.194628,0.719431
1164,0.199811,0.714818
1165,0.205119,0.710429
1166,0.210544,0.706265
1167,0.216078,0.702325
1168,0.221714,0.698609
1169,0.227445,0.695116
1170,0.233264,0.691845
1171,0.239164,0.688796
1172,0.245141,0.685967
1173,0.251189,0.683360
1174,0.257301,0.680972
1175,0.263474,0.678804
1176,0.269702,0.676856
1177,0.275980,0.675127
1178,0.282305,0.673617
1179,0.288671,0.672328
1180,0.295074,0.671260
1181,0.302459,0.670313
1182,0.309258,0.669597
1183,0.315809,0.669101
1184,0.322330,0.668830
1185,0.328863,0.668786
1186,0.335410,0.668971
1187,0.341968,0.669388
1188,0.348530,0.670040
1189,0.355092,0.670929
1190,0.361646,0.672058
1191,0.368188,0.673430
1192,0.374710,0.675047
1193,0.381205,0.676913
1194,0.384027,0.677739
1195,0.379524,0.678430
1196,0.376633,0.685009
1197,0.375015,0.694475
1198,0.376102,0.703610
1199,0.381279,0.710712
1200,0.387679,0.716056
1201,0.394395,0.720483
1202,0.401144,0.724601
1203,0.407813,0.728743
1204,0.414360,0.733073
1205,0.420771,0.737675
1206,0.427039,0.742588
1207,0.433150,0.747820
1208,0.439088,0.753371
1209,0.444836,0.759237
1210,0.450375,0.765415
1211,0.455689,0.771900
1212,0.460759,0.778688
1213,0.465568,0.785770
1214,0.470098,0.793140
1215,0.474331,0.800788
1216,0.478249,0.808704
1217,0.481835,0.816878
1218,0.485071,0.825296
1219,0.487940,0.833945
1220,0.490427,0.842811
1221,0.492515,0.851877
1222,0.494188,0.861126
1223,0.495432,0.870541
1224,0.496232,0.880101
1225,0.496577,0.889787
1226,0.496453,0.899577
1227,0.495849,0.909448
1228,0.494570,0.919055
1229,0.493002,0.929005
1230,0.490929,0.938965
1231,0.488344,0.948909
1232,0.485242,0.958809
1233,0.481618,0.968640
1234,0.477470,0.978372
1235,0.472797,0.987978
1236,0.467601,0.997428
1237,0.461884,1.006693
1238,0.455649,1.015744
1239,0.448902,1.024551
1240,0.441652,1.033084
1241,0.433907,1.041314
1242,0.425679,1.049212
1243,0.416980,1.056748
1244,0.407825,1.063893
1245,0.398230,1.070620
1246,0.388214,1.076900
1247,0.377797,1.082708
1248,0.367000,1.088015
1249,0.355848,1.092799
1250,0.344364,1.097034
1251,0.332576,1.100698
1252,0.320512,1.103769
1253,0.308202,1.106228
1254,0.295677,1.108055
1255,0.282970,1.109233
1256,0.270114,1.109747
1257,0.257145,1.109584
1258,0.244099,1.108732
1259,0.231364,1.107054
1260,0.218285,1.104826
1261,0.205241,1.101889
1262,0.192273,1.098237
1263,0.179418,1.093869
1264,0.166719,1.088786
1265,0.154214,1.082991
1266,0.141946,1.076490
1267,0.129955,1.069291
1268,0.118281,1.061404
1269,0.106965,1.052842
1270,0.096047,1.043621
1271,0.085566,1.033758
1272,0.075560,1.023274
1273,0.066068,1.012191
1274,0.057126,1.000533
1275,0.048770,0.988328
1276,0.041033,0.975606
1277,0.033949,0.962397
1278,0.027548,0.948736
1279,0.021860,0.934657
1280,0.016912,0.920200
1281,0.012731,0.905402
1282,0.009339,0.890306
1283,0.006757,0.874954
1284,0.005005,0.859390
1285,0.004098,0.843661
1286,0.004050,0.827812
1287,0.004873,0.811892
1288,0.006575,0.795950
1289,0.009161,0.780035
1290,0.012633,0.764198
1291,0.017022,0.748861
1292,0.022229,0.733333
1293,0.028311,0.718034
1294,0.035262,0.703013
1295,0.043069,0.688323
1296,0.051716,0.674012
1297,0.061186,0.660130
1298,0.071458,0.646726
1299,0.082506,0.633848
1300,0.094305,0.621542
1301,0.106823,0.609854
1302,0.120029,0.598826
1303,0.133887,0.588501
1304,0.148358,0.578918
1305,0.163403,0.570116
1306,0.178977,0.562129
1307,0.195036,0.554990
1308,0.211531,0.548731
1309,0.228415,0.543379
1310,0.245635,0.538959
1311,0.263138,0.535492
1312,0.280870,0.532998
1313,0.298775,0.531493
1314,0.316796,0.530987
1315,0.317391,0.517960
1316,0.314243,0.514113
1317,0.312242,0.510249
1318,0.310953,0.504379
1319,0.310513,0.500257
1320,0.311007,0.497274
1321,0.311334,0.496493
1322,0.311334,0.496493
1323,0.311334,0.496493
1324,0.311334,0.496493
1325,0.311334,0.496493
1326,0.311334,0.496493
1327,0.321298,0.489366
1328,0.335868,0.480620
1329,0.350941,0.472764
1330,0.363585,0.465898
1331,0.371944,0.452461
1332,0.377187,0.435253
1333,0.383288,0.416763
1334,0.390563,0.399909
1335,0.399261,0.384201
1336,0.408925,0.369077
1337,0.419441,0.354517
1338,0.430791,0.340590
1339,0.442904,0.327322
1340,0.455751,0.314761
1341,0.469310,0.302957
1342,0.483477,0.291987
1343,0.498288,0.281810
1344,0.513651,0.272462
1345,0.529528,0.264014
1346,0.545900,0.256383
1347,0.562635,0.249781
1348,0.579715,0.244149
1349,0.597069,0.239529
1350,0.614652,0.235861
1351,0.632437,0.233210
1352,0.650348,0.231576
1353,0.668326,0.230965
1354,0.686322,0.231370
1355,0.704296,0.232773
1356,0.722129,0.235223
1357,0.739811,0.238650
1358,0.757257,0.243105
1359,0.774417,0.248550
1360,0.791239,0.254964
1361,0.807663,0.262323
1362,0.823644,0.270591
1363,0.839064,0.279766
1364,0.854005,0.289811
1365,0.868450,0.300678
1366,0.882176,0.312356
1367,0.895201,0.324796
1368,0.907497,0.337959
1369,0.919032,0.351801
1370,0.929681,0.366224
1371,0.939558,0.381280
1372,0.948569,0.396879
1373,0.957960,0.413733
1374,0.968120,0.431897
1375,0.977281,0.450668
1376,0.985374,0.469947
1377,0.992362,0.489659
1378,0.998219,0.509739
1379,1.002987,0.530113
1380,1.006513,0.550747
1381,1.008876,0.571542
1382,1.009682,0.592102
1383,1.009675,0.612983
1384,1.008485,0.633894
1385,1.006118,0.654684
1386,1.002570,0.675299
1387,0.997854,0.695677
1388,0.991986,0.715754
1389,0.984984,0.735466
1390,0.976857,0.754802
1391,0.967680,0.773629
1392,0.957436,0.791872
1393,0.946171,0.809495
1394,0.933921,0.826448
1395,0.920725,0.842676
1396,0.906627,0.858128
1397,0.891641,0.872780
1398,0.875832,0.886576
1399,0.859291,0.899425
1400,0.842079,0.911300
1401,0.824345,0.921703
1402,0.805925,0.931541
1403,0.786914,0.940342
1404,0.767468,0.948044
1405,0.747620,0.954617
1406,0.727420,0.960030
1407,0.706919,0.964337
1408,0.686234,0.967454
1409,0.665436,0.969395
1410,0.644564,0.970094
1411,0.623659,0.969706
1412,0.602764,0.968087
1413,0.582007,0.965257
1414,0.561467,0.961267
1415,0.541190,0.956116
1416,0.521240,0.949819
1417,0.501680,0.942396
1418,0.482573,0.933871
1419,0.464550,0.924124
1420,0.446504,0.913506
1421,0.429121,0.901886
1422,0.412432,0.889297
1423,0.396487,0.875778
1424,0.381337,0.861373
1425,0.367105,0.846157
1426,0.353644,0.830099
1427,0.341134,0.813314
1428,0.329639,0.795800
1429,0.319077,0.777741
1430,0.309613,0.759091
1431,0.301230,0.739934
1432,0.293942,0.720304
1433,0.287783,0.700314
1434,0.282776,0.680011
1435,0.278935,0.659458
1436,0.276255,0.638659
1437,0.275187,0.618089
1438,0.274858,0.597191
1439,0.275732,0.576312
1440,0.277797,0.555517
1441,0.281040,0.534875
1442,0.285457,0.514417
1443,0.291053,0.494205
1444,0.297761,0.474453
1445,0.305574,0.455045
1446,0.314506,0.436159
1447,0.324429,0.417754
1448,0.335419,0.399972
1449,0.347432,0.382821
1450,0.360358,0.366397
1451,0.374226,0.350744
1452,0.388960,0.335897
1453,0.404514,0.321911
1454,0.420740,0.309378
1455,0.437791,0.297262
1456,0.455450,0.286045
1457,0.473734,0.275910
1458,0.492562,0.266842
1459,0.511869,0.258865
1460,0.531604,0.251998
1461,0.551737,0.246259
1462,0.572136,0.241669
1463,0.592706,0.238306
1464,0.613502,0.236047
1465,0.634379,0.234988
1466,0.655264,0.235118
1467,0.676081,0.236424
1468,0.696893,0.238920
1469,0.717488,0.242599
1470,0.737827,0.247441
1471,0.757540,0.253628
1472,0.777018,0.260772
1473,0.796208,0.268976
1474,0.814911,0.278260
1475,0.833058,0.288594
1476,0.850630,0.299975
1477,0.867506,0.312318
1478,0.883636,0.325562
1479,0.899014,0.339723
1480,0.913546,0.354737
1481,0.927197,0.370554
1482,0.939856,0.387085
1483,0.951666,0.404382
1484,0.962479,0.422350
1485,0.972220,0.440854
1486,0.980886,0.459874
1487,0.988453,0.479354
1488,0.994902,0.499233
1489,1.000235,0.519455
1490,1.004431,0.539952
1491,1.006989,0.560293
1492,1.008810,0.581089
1493,1.009443,0.601956
1494,1.008886,0.622827
1495,1.007141,0.643688
1496,1.004218,0.664369
1497,1.000121,0.684847
1498,0.994862,0.705060
1499,0.988464,0.724940
1500,0.980910,0.744515
1501,0.972301,0.763493
1502,0.962648,0.782021
1503,0.951943,0.799962
1504,0.940230,0.817255
1505,0.927551,0.833850
1506,0.913895,0.849754
1507,0.899383,0.864837
1508,0.884091,0.878522
1509,0.868034,0.891814
1510,0.851227,0.904179
1511,0.833767,0.915577
1512,0.815638,0.925993
1513,0.796956,0.935372
1514,0.777734,0.943650
1515,0.758115,0.950818
1516,0.738126,0.956857
1517,0.717825,0.961748
1518,0.697238,0.965479
1519,0.676583,0.967944
1520,0.655721,0.969403
1521,0.634773,0.969619
1522,0.613902,0.968627
1523,0.593129,0.966446
1524,0.572484,0.963082
1525,0.552083,0.958562
1526,0.532421,0.952633
1527,0.512737,0.945840
1528,0.493393,0.937914
1529,0.474551,0.928944
1530,0.456211,0.918901
1531,0.438493,0.907837
1532,0.421450,0.895783
1533,0.405123,0.882780
1534,0.389563,0.868868
1535,0.374819,0.854092
1536,0.360888,0.838468
1537,0.347882,0.822052
1538,0.335914,0.805009
1539,0.324841,0.787268
1540,0.314872,0.768935
1541,0.305863,0.750094
1542,0.297971,0.730728
1543,0.291204,0.710962
1544,0.285912,0.691013
1545,0.281553,0.670679
1546,0.278242,0.650079
1547,0.276103,0.629320
1548,0.275145,0.608438
1549,0.275416,0.587572
1550,0.276772,0.566734
1551,0.279364,0.546014
1552,0.283134,0.525483
1553,0.288069,0.505202
1554,0.294150,0.485216
1555,0.301373,0.465567
1556,0.309693,0.446394
1557,0.319065,0.427806
1558,0.329493,0.409699
1559,0.340935,0.392257
1560,0.353280,0.375459
1561,0.366616,0.359399
1562,0.380848,0.344127
1563,0.395968,0.329658
1564,0.411866,0.316083
1565,0.428412,0.303976
1566,0.445700,0.292310
1567,0.463630,0.281642
1568,0.482137,0.272009
1569,0.501144,0.263454
1570,0.520631,0.255949
1571,0.540539,0.249577
1572,0.560790,0.244357
1573,0.581274,0.240299
1574,0.601951,0.237414
1575,0.622680,0.235773
1576,0.643574,0.235225
1577,0.664474,0.235892
1578,0.685291,0.237737
1579,0.705988,0.240784
1580,0.726438,0.244972
1581,0.746643,0.250310
1582,0.766492,0.256801
1583,0.785961,0.264419
1584,0.804439,0.273298
1585,0.822869,0.283039
1586,0.840725,0.293817
1587,0.857940,0.305594
1588,0.874492,0.318364
1589,0.890302,0.332054
1590,0.905294,0.346599
1591,0.919372,0.361982
1592,0.932654,0.378087
1593,0.944950,0.394957
1594,0.956259,0.412495
1595,0.966494,0.430623
1596,0.975778,0.449347
1597,0.983952,0.468593
1598,0.991024,0.488247
1599,0.996929,0.508246
1600,1.001730,0.528563
1601,1.005355,0.549118
1602,1.007789,0.569822
1603,1.008742,0.590364
1604,1.008805,0.611103
1605,1.007725,0.631940
1606,1.005452,0.652694
1607,1.002015,0.673264
1608,0.997411,0.693604
1609,0.991657,0.713647
1610,0.984758,0.733334
1611,0.976769,0.752609
1612,0.967666,0.771344
1613,0.957588,0.789549
1614,0.946491,0.807102
1615,0.934375,0.824093
1616,0.921289,0.840379
1617,0.907328,0.855804
1618,0.892504,0.870469
1619,0.876874,0.884265
1620,0.860480,0.897142
1621,0.843375,0.909014
1622,0.825769,0.919398
1623,0.807499,0.929349
1624,0.788660,0.938208
1625,0.769302,0.945992
1626,0.749560,0.952657
1627,0.729463,0.958186
1628,0.709082,0.962577
1629,0.688495,0.965797
1630,0.667767,0.967834
1631,0.646975,0.968648
1632,0.626233,0.968338
1633,0.605407,0.966866
1634,0.584797,0.964166
1635,0.564315,0.960329
1636,0.544100,0.955322
1637,0.524201,0.949176
1638,0.504666,0.941898
1639,0.485590,0.933481
1640,0.467002,0.924043
1641,0.449557,0.913446
1642,0.432226,0.902035
1643,0.415537,0.889616
1644,0.399549,0.876239
1645,0.384369,0.862000
1646,0.370019,0.846895
1647,0.356542,0.831001
1648,0.344007,0.814377
1649,0.332431,0.797060
1650,0.321927,0.779166
1651,0.312374,0.760665
1652,0.303859,0.741647
1653,0.296479,0.722181
1654,0.290219,0.702333
1655,0.285145,0.682325
1656,0.281188,0.661894
1657,0.278377,0.641257
1658,0.276749,0.620498
1659,0.276694,0.600110
1660,0.273839,0.588709
1661,0.270169,0.585368
1662,0.268674,0.580510
1663,0.268692,0.575219
1664,0.268744,0.574757
1665,0.274129,0.581347
1666,0.285015,0.593476
1667,0.295862,0.606562
1668,0.305946,0.620245
1669,0.308743,0.624085
1670,0.308743,0.624085
1671,0.310982,0.626026
1672,0.311993,0.626920
1673,0.311993,0.626920
1674,0.311993,0.626920
1675,0.305704,0.628749
1676,0.290478,0.626884
1677,0.274198,0.622980
1678,0.257966,0.617985
1679,0.242033,0.612066
1680,0.226462,0.605249
1681,0.222122,0.603319
1682,0.222122,0.603319
1683,0.222122,0.603319
1684,0.222122,0.603319
1685,0.222122,0.603319
1686,0.230647,0.594523
1687,0.243414,0.583307
1688,0.256836,0.572877
1689,0.270828,0.563228
1690,0.285348,0.554390
1691,0.300346,0.546393
1692,0.315776,0.539262
1693,0.331586,0.533020
1694,0.347725,0.527688
1695,0.364142,0.523283
1696,0.380783,0.519819
1697,0.397594,0.517307
1698,0.414520,0.515756
1699,0.431508,0.515171
1700,0.448501,0.515553
1701,0.453249,0.515686
1702,0.464372,0.520819
1703,0.479182,0.529154
1704,0.493466,0.538366
1705,0.507204,0.548375
1706,0.520350,0.559150
1707,0.532862,0.570656
1708,0.544698,0.582855
1709,0.555822,0.595707
1710,0.566196,0.609172
1711,0.569073,0.612951
1712,0.569073,0.612951
1713,0.569073,0.612951
1714,0.569073,0.612951
1715,0.569073,0.612951
1716,0.569073,0.612951
1717,0.569073,0.612951
1718,0.558095,0.607517
1719,0.543518,0.598781
1720,0.529490,0.589183
1721,0.516030,0.578802
1722,0.503183,0.567672
1723,0.490990,0.555829
1724,0.479491,0.543312
1725,0.468722,0.530161
1726,0.458720,0.516419
1727,0.449515,0.502129
1728,0.441138,0.487339
1729,0.438820,0.483193
1730,0.438820,0.483193
1731,0.438820,0.483193
1732,0.438820,0.483193
1733,0.438820,0.483193
1734,0.438820,0.483193
1735,0.450772,0.485881
1736,0.466999,0.490928
1737,0.482897,0.496943
1738,0.498427,0.503852
1739,0.513538,0.511634
1740,0.528183,0.520262
1741,0.542313,0.529711
1742,0.555882,0.539947
1743,0.568847,0.550939
1744,0.581165,0.562651
1745,0.584589,0.565944
1746,0.589368,0.577223
1747,0.594288,0.591735
1748,0.594974,0.592549
1749,0.595546,0.595496
1750,0.597484,0.600221
1751,0.600396,0.606051
1752,0.603110,0.612257
1753,0.595753,0.611390
1754,0.586951,0.611164
1755,0.584702,0.610778
1756,0.584060,0.611950
1757,0.583097,0.613758
1758,0.581939,0.616020
1759,0.580660,0.618640
1760,0.579787,0.621317
1761,0.578768,0.623646
1762,0.578221,0.627348
1763,0.578026,0.632095
1764,0.577650,0.636922
1765,0.577017,0.641753
1766,0.576175,0.646588
1767,0.575000,0.651337
1768,0.573202,0.656207
1769,0.571475,0.660785
1770,0.569504,0.665254
1771,0.567239,0.669619
1772,0.564808,0.673820
1773,0.562149,0.677941
1774,0.559222,0.681844
1775,0.556075,0.685574
1776,0.552717,0.689127
1777,0.549163,0.692485
1778,0.545429,0.695630
1779,0.541568,0.698557
1780,0.537508,0.701279
1781,0.533302,0.703749
1782,0.528929,0.705950
1783,0.524467,0.707926
1784,0.519899,0.709647
1785,0.515239,0.711107
1786,0.510183,0.712110
1787,0.505360,0.712989
1788,0.500518,0.713609
1789,0.495656,0.713961
1790,0.490785,0.714040
1791,0.485855,0.713875
1792,0.481004,0.713409
1793,0.476186,0.712663
1794,0.471408,0.711640
1795,0.466693,0.710346
1796,0.462066,0.708788
1797,0.457528,0.706967
1798,0.453146,0.704925
1799,0.448829,0.702622
