0,-0.048366,1.458700
1,-0.048366,1.458700
2,-0.048366,1.458700
3,-0.048366,1.458700
4,-0.049687,1.446522
5,-0.050160,1.429534
6,-0.049610,1.412545
7,-0.048094,1.395616
8,-0.045618,1.378799
9,-0.042189,1.362151
10,-0.037818,1.345725
11,-0.032520,1.329575
12,-0.026312,1.313752
13,-0.019213,1.298307
14,-0.011247,1.283292
15,-0.008997,1.279109
16,0.000580,1.271471
17,0.014674,1.261976
18,0.029316,1.253342
19,0.044425,1.245556
20,0.059953,1.238642
21,0.075849,1.232623
22,0.092062,1.227518
23,0.108539,1.223344
24,0.125226,1.220114
25,0.142071,1.217838
26,0.159018,1.216525
27,0.176012,1.216178
28,0.192998,1.216798
29,0.209921,1.218384
30,0.226727,1.220930
31,0.243361,1.224429
32,0.259768,1.228867
33,0.275897,1.234233
34,0.280395,1.235758
35,0.280395,1.235758
36,0.280395,1.235758
37,0.280395,1.235758
38,0.280395,1.235758
39,0.280395,1.235758
40,0.280395,1.235758
41,0.280395,1.235758
42,0.280395,1.235758
43,0.270465,1.228585
44,0.257530,1.217563
45,0.245279,1.205781
46,0.233717,1.193321
47,0.222884,1.180223
48,0.212813,1.166530
49,0.203538,1.152287
50,0.195088,1.137538
51,0.187491,1.122333
52,0.180771,1.106720
53,0.174951,1.090750
54,0.170048,1.074475
55,0.166080,1.057947
56,0.163058,1.041220
57,0.160993,1.024349
58,0.160442,1.019631
59,0.163923,1.007886
60,0.170041,0.992032
61,0.177104,0.976571
62,0.185034,0.961537
63,0.193807,0.946978
64,0.196282,0.942924
65,0.206262,0.935820
66,0.220853,0.927107
67,0.235944,0.919286
68,0.251455,0.912335
69,0.267337,0.906279
70,0.283538,0.901136
71,0.300005,0.896923
72,0.316685,0.893653
73,0.333524,0.891338
74,0.338234,0.890718
75,0.350029,0.894024
76,0.365972,0.899907
77,0.381536,0.906740
78,0.396686,0.914447
79,0.400907,0.916624
80,0.400907,0.916624
81,0.400907,0.916624
82,0.400907,0.916624
83,0.400907,0.916624
84,0.400907,0.916624
85,0.400907,0.916624
86,0.400907,0.916624
87,0.400907,0.916624
88,0.392155,0.908054
89,0.381006,0.895228
90,0.370645,0.881753
91,0.361068,0.867711
92,0.352306,0.853146
93,0.344386,0.838106
94,0.337335,0.822640
95,0.335389,0.818307
96,0.335170,0.806059
97,0.336229,0.789098
98,0.338307,0.772228
99,0.341341,0.755503
100,0.345321,0.738978
101,0.350236,0.722707
102,0.356068,0.706741
103,0.357723,0.702289
104,0.357723,0.702289
105,0.368852,0.697169
106,0.384810,0.691327
107,0.401094,0.686454
108,0.417629,0.682515
109,0.434361,0.679524
110,0.451236,0.677489
111,0.455955,0.676947
112,0.467694,0.680449
113,0.483537,0.686596
114,0.498985,0.693686
115,0.514005,0.701644
116,0.528548,0.710443
117,0.542566,0.720056
118,0.556015,0.730450
119,0.568850,0.741593
120,0.581031,0.753448
121,0.592518,0.765977
122,0.603273,0.779139
123,0.606258,0.782834
124,0.606258,0.782834
125,0.606258,0.782834
126,0.606258,0.782834
127,0.606258,0.782834
128,0.606258,0.782834
129,0.606258,0.782834
130,0.595128,0.777717
131,0.580307,0.769401
132,0.566010,0.760209
133,0.552259,0.750217
134,0.539099,0.739460
135,0.526572,0.727971
136,0.514719,0.715788
137,0.503579,0.702950
138,0.493187,0.689499
139,0.483577,0.675479
140,0.474780,0.660935
141,0.466825,0.645914
142,0.459738,0.630465
143,0.453541,0.614637
144,0.448254,0.598482
145,0.443896,0.582053
146,0.440479,0.565403
147,0.438015,0.548585
148,0.436511,0.531654
149,0.435974,0.514665
150,0.436404,0.497673
151,0.437800,0.480733
152,0.440158,0.463899
153,0.443469,0.447228
154,0.447724,0.430771
155,0.452908,0.414584
156,0.459005,0.398717
157,0.465994,0.383223
158,0.467972,0.378904
159,0.477042,0.370670
160,0.490499,0.360293
161,0.503321,0.353303
162,0.513771,0.353165
163,0.526424,0.351497
164,0.541477,0.345792
165,0.557330,0.339661
166,0.573506,0.334442
167,0.589953,0.330151
168,0.606618,0.326804
169,0.623446,0.324410
170,0.640383,0.322977
171,0.657374,0.322510
172,0.674364,0.323010
173,0.691298,0.324477
174,0.708122,0.326905
175,0.724780,0.330285
176,0.741218,0.334608
177,0.757384,0.339860
178,0.773225,0.346022
179,0.788690,0.353076
180,0.803728,0.360999
181,0.818292,0.369764
182,0.832333,0.379343
183,0.845806,0.389706
184,0.858668,0.400819
185,0.870876,0.412645
186,0.882392,0.425147
187,0.892837,0.437412
188,0.899743,0.442195
189,0.906149,0.447322
190,0.910317,0.454193
191,0.912644,0.462918
192,0.914646,0.472182
193,0.916362,0.481914
194,0.917749,0.492107
195,0.918756,0.502751
196,0.919336,0.513834
197,0.919438,0.525340
198,0.919015,0.537245
199,0.918019,0.549524
200,0.916403,0.562147
201,0.914124,0.575076
202,0.911140,0.588273
203,0.907412,0.601693
204,0.902903,0.615285
205,0.897582,0.628995
206,0.891421,0.642765
207,0.884398,0.656530
208,0.876497,0.670219
209,0.867711,0.683758
210,0.858041,0.697064
211,0.847502,0.710048
212,0.836126,0.722604
213,0.824022,0.734535
214,0.811258,0.745758
215,0.797877,0.756237
216,0.783921,0.765938
217,0.769435,0.774828
218,0.754467,0.782881
219,0.739066,0.790068
220,0.723280,0.796368
221,0.707162,0.801759
222,0.690763,0.806225
223,0.674136,0.809750
224,0.657336,0.812324
225,0.640417,0.813937
226,0.623433,0.814585
227,0.606440,0.814266
228,0.589492,0.812981
229,0.572645,0.810734
230,0.555953,0.807531
231,0.539471,0.803384
232,0.523251,0.798306
233,0.507346,0.792314
234,0.493199,0.785744
235,0.479278,0.778319
236,0.465476,0.770005
237,0.451589,0.760808
238,0.438078,0.750679
239,0.434430,0.747953
240,0.435510,0.747410
241,0.435886,0.747643
242,0.435986,0.747829
243,0.441620,0.744309
244,0.451513,0.737657
245,0.462284,0.729867
246,0.473539,0.720909
247,0.485013,0.710528
248,0.496106,0.698380
249,0.506794,0.685208
250,0.518066,0.672486
251,0.530044,0.660426
252,0.542689,0.649066
253,0.546240,0.645912
254,0.546240,0.645912
255,0.546240,0.645912
256,0.546240,0.645912
257,0.554629,0.654839
258,0.565236,0.668117
259,0.575027,0.682010
260,0.577741,0.685909
261,0.577741,0.685909
262,0.577741,0.685909
263,0.577741,0.685909
264,0.577741,0.685909
265,0.577741,0.685909
266,0.577741,0.685909
267,0.566819,0.680911
268,0.551403,0.677166
269,0.536476,0.673348
270,0.522091,0.669457
271,0.510477,0.666040
272,0.497940,0.658588
273,0.486582,0.648824
274,0.476254,0.636657
275,0.465707,0.624960
276,0.462882,0.621983
277,0.462882,0.621983
278,0.460620,0.618109
279,0.463955,0.616164
280,0.467633,0.616591
281,0.476063,0.615247
282,0.485079,0.603933
283,0.493577,0.591963
284,0.502511,0.580679
285,0.512153,0.569272
286,0.522548,0.557805
287,0.533734,0.546350
288,0.545736,0.535001
289,0.558547,0.523905
290,0.571992,0.513506
291,0.585606,0.504687
292,0.599327,0.496288
293,0.603140,0.493963
294,0.603140,0.493963
295,0.603140,0.493963
296,0.613078,0.501125
297,0.626025,0.512133
298,0.638289,0.523902
299,0.649864,0.536349
300,0.653079,0.539846
301,0.653079,0.539846
302,0.653079,0.539846
303,0.653079,0.539846
304,0.653079,0.539846
305,0.653079,0.539846
306,0.653079,0.539846
307,0.641645,0.535450
308,0.624068,0.529379
309,0.606412,0.522507
310,0.588759,0.514801
311,0.571251,0.506199
312,0.554232,0.496622
313,0.537785,0.486091
314,0.521821,0.475928
315,0.506366,0.465751
316,0.491501,0.455139
317,0.477234,0.444087
318,0.463553,0.432645
319,0.450434,0.420869
320,0.437849,0.408817
321,0.436091,0.401708
322,0.439666,0.394401
323,0.443814,0.386786
324,0.448786,0.379757
325,0.454726,0.373679
326,0.463391,0.372685
327,0.472486,0.374930
328,0.480879,0.379142
329,0.482490,0.380197
330,0.482490,0.380197
331,0.482490,0.380197
332,0.482490,0.380197
333,0.482490,0.380197
334,0.482490,0.380197
335,0.470341,0.381769
336,0.453367,0.382592
337,0.436371,0.382392
338,0.420678,0.381799
339,0.413759,0.384408
340,0.400992,0.383114
341,0.396723,0.382338
342,0.386560,0.375498
343,0.382619,0.372846
344,0.382619,0.372846
345,0.382619,0.372846
346,0.382619,0.372846
347,0.382619,0.372846
348,0.392766,0.365982
349,0.407560,0.357620
350,0.422833,0.350160
351,0.438506,0.343582
352,0.454528,0.337906
353,0.470847,0.333150
354,0.487410,0.329331
355,0.504163,0.326460
356,0.508849,0.325685
357,0.508849,0.325685
358,0.518822,0.332799
359,0.531820,0.343746
360,0.544139,0.355458
361,0.555772,0.367851
362,0.566681,0.380885
363,0.576831,0.394520
364,0.586189,0.408710
365,0.586952,0.408078
366,0.587821,0.407636
367,0.588775,0.407393
368,0.589792,0.407356
369,0.590853,0.407530
370,0.591937,0.407921
371,0.593022,0.408529
372,0.594086,0.409357
373,0.595108,0.410402
374,0.596068,0.411661
375,0.596942,0.413131
376,0.597712,0.414804
377,0.598357,0.416672
378,0.598857,0.418727
379,0.599193,0.420956
380,0.599347,0.423346
381,0.599302,0.425885
382,0.599043,0.428555
383,0.598554,0.431340
384,0.597822,0.434221
385,0.595147,0.439633
386,0.594219,0.441421
387,0.594219,0.441421
388,0.588827,0.439091
389,0.576818,0.436139
390,0.573730,0.435495
391,0.564703,0.429682
392,0.553366,0.421538
393,0.538742,0.413790
394,0.534508,0.411637
395,0.526652,0.402237
396,0.518975,0.389846
397,0.510365,0.375674
398,0.502234,0.360748
399,0.494965,0.345383
400,0.488583,0.329629
401,0.483107,0.313538
402,0.478555,0.297161
403,0.474943,0.280552
404,0.472281,0.263764
405,0.470579,0.246852
406,0.469842,0.229870
407,0.470073,0.212874
408,0.471269,0.195919
409,0.473429,0.179059
410,0.476544,0.162350
411,0.480605,0.145844
412,0.485599,0.129597
413,0.491509,0.113660
414,0.495118,0.102892
415,0.498181,0.093381
416,0.498915,0.091304
417,0.501320,0.089823
418,0.508799,0.087698
419,0.524560,0.084445
420,0.540121,0.081876
421,0.557005,0.079916
422,0.573973,0.078927
423,0.590971,0.078906
424,0.607942,0.079851
425,0.624832,0.081761
426,0.641586,0.084628
427,0.658149,0.088444
428,0.674470,0.093190
429,0.680824,0.095232
430,0.690870,0.103420
431,0.703130,0.115245
432,0.715910,0.127235
433,0.728644,0.139742
434,0.741519,0.152723
435,0.750809,0.166169
436,0.759100,0.181008
437,0.766510,0.196267
438,0.773061,0.211952
439,0.778708,0.227984
440,0.783434,0.244311
441,0.787668,0.259700
442,0.791033,0.267357
443,0.789555,0.272265
444,0.790433,0.275971
445,0.790814,0.279564
446,0.790810,0.280024
447,0.790915,0.280014
448,0.790985,0.280113
449,0.790867,0.280366
450,0.790153,0.282594
451,0.786172,0.289520
452,0.779584,0.299869
453,0.771912,0.312276
454,0.763390,0.326012
455,0.754026,0.340640
456,0.743108,0.351844
457,0.731753,0.361396
458,0.720401,0.372326
459,0.708071,0.384136
460,0.694734,0.396222
461,0.680684,0.407630
462,0.666000,0.418213
463,0.650740,0.427943
464,0.634950,0.436792
465,0.618684,0.444726
466,0.601989,0.451718
467,0.584921,0.457754
468,0.567742,0.462636
469,0.550100,0.466694
470,0.532260,0.469738
471,0.514590,0.471614
472,0.502071,0.470448
473,0.493512,0.467490
474,0.486152,0.465559
475,0.478876,0.463417
476,0.471882,0.460981
477,0.465199,0.458261
478,0.458864,0.455279
479,0.452865,0.452022
480,0.447338,0.448574
481,0.442292,0.444944
482,0.437761,0.441143
483,0.433698,0.438201
484,0.430258,0.437530
485,0.427145,0.437128
486,0.424221,0.436313
487,0.421377,0.434875
488,0.418804,0.432886
489,0.416568,0.430208
490,0.414412,0.426890
491,0.412308,0.422139
492,0.410725,0.416742
493,0.407340,0.410614
494,0.405233,0.404374
495,0.405272,0.398970
496,0.403645,0.393353
497,0.399571,0.387294
498,0.395851,0.381556
499,0.395113,0.376612
500,0.396611,0.372084
501,0.398958,0.367693
502,0.401520,0.363499
503,0.404353,0.359375
504,0.407379,0.355494
505,0.410650,0.351801
506,0.414134,0.348303
507,0.417815,0.345008
508,0.421739,0.341987
509,0.425968,0.339177
510,0.430166,0.336583
511,0.434498,0.334217
512,0.439010,0.332024
513,0.443559,0.330143
514,0.448223,0.328542
515,0.452976,0.327214
516,0.457798,0.326160
517,0.462698,0.325465
518,0.467780,0.325148
519,0.472712,0.324954
520,0.477375,0.324748
521,0.481106,0.323830
522,0.485398,0.323278
523,0.490306,0.323252
524,0.495099,0.322985
525,0.499766,0.322150
526,0.504445,0.322094
527,0.509083,0.322592
528,0.513536,0.323207
529,0.517892,0.324012
530,0.522227,0.325095
531,0.526341,0.326411
532,0.530316,0.327951
533,0.534134,0.329697
534,0.537789,0.331614
535,0.541339,0.333739
536,0.544740,0.336939
537,0.547611,0.339405
538,0.550383,0.341938
539,0.553047,0.344705
540,0.555414,0.347567
541,0.557552,0.350473
542,0.559448,0.353477
543,0.561077,0.356529
544,0.563957,0.359997
545,0.567560,0.363926
546,0.570859,0.368235
547,0.574149,0.372572
548,0.577155,0.377142
549,0.579873,0.381918
550,0.582395,0.386778
551,0.584653,0.391769
552,0.586659,0.396880
553,0.588304,0.402080
554,0.589527,0.407418
555,0.590653,0.412735
556,0.591377,0.418100
557,0.591816,0.423528
558,0.592036,0.428891
559,0.592005,0.434340
560,0.591708,0.439776
561,0.591032,0.445138
562,0.590286,0.450163
563,0.589523,0.454438
564,0.588242,0.458362
565,0.586884,0.462015
566,0.585851,0.465869
567,0.584917,0.470785
568,0.583647,0.475856
569,0.581996,0.481001
570,0.580095,0.485697
571,0.578706,0.489141
572,0.576986,0.492773
573,0.574583,0.497071
574,0.571626,0.501217
575,0.568429,0.505435
576,0.564976,0.509501
577,0.561204,0.513281
578,0.557404,0.516744
579,0.554803,0.519721
580,0.554290,0.522157
581,0.554070,0.524054
582,0.554022,0.525730
583,0.554070,0.527298
584,0.553884,0.528207
585,0.553852,0.528753
586,0.553768,0.528628
587,0.553502,0.528243
588,0.552196,0.526948
589,0.549657,0.524469
590,0.546846,0.520987
591,0.544506,0.517505
592,0.542469,0.514128
593,0.540183,0.510332
594,0.539173,0.508263
595,0.540362,0.514843
596,0.540941,0.523660
597,0.540159,0.531892
598,0.540373,0.538449
599,0.540861,0.543808
600,0.541157,0.548851
601,0.541241,0.553756
602,0.540941,0.558728
603,0.540438,0.563674
604,0.539655,0.568578
605,0.538611,0.573431
606,0.537276,0.578206
607,0.535671,0.582901
608,0.533818,0.587506
609,0.531687,0.591979
610,0.529307,0.596331
611,0.526681,0.600541
612,0.523831,0.604596
613,0.520744,0.608477
614,0.517452,0.612183
615,0.513944,0.615683
616,0.510219,0.618971
617,0.506336,0.622061
618,0.502270,0.624930
619,0.497009,0.627140
620,0.490704,0.628865
621,0.484187,0.630264
622,0.477584,0.631375
623,0.471238,0.632317
624,0.464617,0.632918
625,0.458036,0.633225
626,0.451533,0.633292
627,0.445274,0.633212
628,0.439425,0.633052
629,0.434009,0.632785
630,0.428908,0.632400
631,0.423961,0.631751
632,0.419086,0.630841
633,0.414221,0.629669
634,0.409514,0.628233
635,0.404875,0.626538
636,0.400335,0.624581
637,0.395912,0.622366
638,0.391622,0.619902
639,0.387478,0.617198
640,0.383495,0.614263
641,0.379684,0.611105
642,0.376060,0.607739
643,0.372642,0.604145
644,0.369419,0.600374
645,0.366397,0.596422
646,0.363626,0.592312
647,0.361106,0.588071
648,0.358851,0.583688
649,0.356822,0.579178
650,0.355081,0.574595
651,0.353623,0.569842
652,0.352415,0.565099
653,0.351466,0.560272
654,0.350822,0.555373
655,0.350406,0.550490
656,0.350312,0.545546
657,0.350466,0.540627
658,0.350893,0.535820
659,0.351624,0.530901
660,0.352619,0.526055
661,0.353896,0.521262
662,0.355407,0.516551
663,0.357193,0.511922
664,0.359241,0.507428
665,0.361532,0.503022
666,0.364080,0.498789
667,0.366855,0.494699
668,0.369846,0.490755
669,0.373073,0.487013
670,0.376486,0.483459
671,0.380124,0.480084
672,0.383920,0.476946
673,0.387873,0.474058
674,0.392020,0.471383
675,0.396284,0.468902
676,0.400703,0.466759
677,0.405244,0.464817
678,0.409737,0.463240
679,0.414405,0.461811
680,0.419185,0.460626
681,0.424049,0.459711
682,0.428942,0.459086
683,0.433881,0.458752
684,0.438827,0.458678
685,0.443772,0.458889
686,0.448689,0.459379
687,0.453578,0.460166
688,0.458407,0.461230
689,0.463190,0.462548
690,0.467873,0.464132
691,0.472205,0.465956
692,0.476676,0.468037
693,0.481026,0.470391
694,0.485221,0.472992
695,0.489291,0.475819
696,0.493179,0.478865
697,0.496890,0.482119
698,0.500405,0.485640
699,0.503722,0.489304
700,0.506825,0.493161
701,0.509697,0.497174
702,0.512340,0.501359
703,0.514670,0.505652
704,0.516791,0.510112
705,0.518576,0.514511
706,0.520206,0.519118
707,0.521560,0.523871
708,0.522682,0.528681
709,0.524636,0.531118
710,0.527133,0.530931
711,0.529445,0.530523
712,0.531816,0.530323
713,0.534040,0.530163
714,0.536258,0.530148
715,0.538482,0.530243
716,0.540695,0.530472
717,0.543203,0.530670
718,0.545412,0.531139
719,0.547583,0.531741
720,0.549715,0.532471
721,0.551772,0.533335
722,0.553773,0.534359
723,0.555735,0.535458
724,0.557724,0.536720
725,0.559559,0.538080
726,0.561322,0.539455
727,0.563012,0.540926
728,0.564637,0.542644
729,0.566093,0.544300
730,0.567460,0.546043
731,0.568668,0.547880
732,0.569825,0.549821
733,0.570925,0.551767
734,0.571861,0.553788
735,0.572702,0.555874
736,0.573449,0.557995
737,0.574051,0.560175
738,0.574502,0.562353
739,0.574791,0.564579
740,0.575021,0.566811
741,0.575039,0.569055
742,0.575004,0.571284
743,0.574839,0.573513
744,0.574459,0.575658
745,0.573951,0.577835
746,0.573424,0.580007
747,0.572724,0.582145
748,0.571908,0.584167
749,0.571023,0.586216
750,0.569886,0.588290
751,0.568629,0.590104
752,0.567349,0.591920
753,0.566003,0.593696
754,0.564581,0.595389
755,0.563057,0.597008
756,0.561449,0.598545
757,0.559759,0.599885
758,0.558022,0.601226
759,0.556154,0.602459
760,0.554119,0.603560
761,0.552202,0.604493
762,0.550187,0.605421
763,0.548115,0.606241
764,0.546015,0.606862
765,0.543857,0.607401
766,0.541669,0.607832
767,0.539459,0.608162
768,0.537240,0.608355
769,0.535057,0.608354
770,0.532819,0.608302
771,0.530603,0.608106
772,0.528375,0.607838
773,0.526209,0.607395
774,0.524106,0.606768
775,0.521978,0.606065
776,0.519889,0.605282
777,0.517599,0.604424
778,0.515662,0.603292
779,0.513861,0.602031
780,0.511986,0.600772
781,0.510216,0.599412
782,0.508561,0.597900
783,0.506941,0.596346
784,0.505460,0.594698
785,0.503996,0.592977
786,0.502724,0.591131
787,0.501526,0.589288
788,0.500552,0.587322
789,0.499602,0.585286
790,0.498721,0.583235
791,0.497934,0.581139
792,0.497337,0.578986
793,0.496889,0.576858
794,0.496474,0.574669
795,0.496206,0.572464
796,0.496098,0.570230
797,0.496040,0.567996
798,0.496275,0.565817
799,0.496467,0.563608
800,0.496785,0.561395
801,0.497402,0.559121
802,0.498017,0.557097
803,0.498786,0.555079
804,0.499650,0.553032
805,0.500593,0.551009
806,0.501859,0.549239
807,0.503020,0.547373
808,0.504282,0.545549
809,0.505645,0.543804
810,0.507104,0.542090
811,0.508717,0.540723
812,0.510368,0.539210
813,0.512116,0.537816
814,0.513958,0.536574
815,0.515824,0.535399
816,0.517756,0.534301
817,0.519773,0.533419
818,0.521821,0.532694
819,0.523924,0.531962
820,0.526082,0.531414
821,0.528233,0.530895
822,0.530581,0.530381
823,0.532816,0.530185
824,0.535044,0.530064
825,0.537279,0.530102
826,0.539478,0.530253
827,0.541706,0.530535
828,0.543876,0.530945
829,0.546042,0.531439
830,0.548111,0.532084
831,0.550099,0.532969
832,0.552041,0.534038
833,0.554068,0.535202
834,0.555963,0.536278
835,0.557747,0.537481
836,0.559526,0.538776
837,0.561237,0.540177
838,0.562820,0.541670
839,0.564359,0.543255
840,0.565829,0.544907
841,0.567191,0.546664
842,0.568373,0.548480
843,0.569482,0.550414
844,0.570502,0.552354
845,0.571349,0.554355
846,0.572112,0.556452
847,0.572785,0.558549
848,0.573357,0.560677
849,0.573867,0.562827
850,0.574213,0.565028
851,0.574434,0.567236
852,0.574533,0.569448
853,0.574400,0.571619
854,0.574189,0.573841
855,0.573909,0.576024
856,0.573492,0.578188
857,0.572970,0.580341
858,0.572033,0.582415
859,0.571072,0.584357
860,0.570110,0.586351
861,0.569114,0.588323
862,0.568001,0.590185
863,0.566761,0.591945
864,0.565441,0.593703
865,0.564031,0.595382
866,0.562508,0.596938
867,0.560946,0.598478
868,0.559203,0.599868
869,0.557423,0.601183
870,0.555590,0.602438
871,0.553667,0.603479
872,0.551693,0.604479
873,0.549678,0.605306
874,0.547581,0.606007
875,0.545504,0.606616
876,0.543365,0.607147
877,0.541208,0.607582
878,0.539024,0.607828
879,0.536835,0.608006
880,0.534656,0.608018
881,0.532335,0.607801
882,0.530204,0.607569
883,0.528052,0.607236
884,0.525949,0.606664
885,0.523926,0.605943
886,0.521885,0.605239
887,0.519845,0.604427
888,0.517896,0.603495
889,0.515998,0.602404
890,0.514167,0.601232
891,0.512382,0.599955
892,0.510634,0.598602
893,0.508964,0.597168
894,0.507397,0.595623
895,0.505971,0.593973
896,0.504593,0.592274
897,0.503273,0.590516
898,0.502094,0.588675
899,0.500977,0.586780
900,0.500011,0.584824
901,0.499206,0.582788
902,0.498563,0.580763
903,0.498029,0.578682
904,0.497610,0.576539
905,0.497217,0.574362
906,0.497041,0.572103
907,0.496920,0.569926
908,0.496881,0.567732
909,0.496988,0.565553
910,0.497319,0.563410
911,0.497840,0.561328
912,0.498494,0.559114
913,0.499084,0.557039
914,0.499793,0.554989
915,0.500626,0.552983
916,0.501627,0.551102
917,0.502666,0.549225
918,0.503881,0.547477
919,0.505219,0.545761
920,0.506577,0.544046
921,0.508054,0.542451
922,0.509634,0.540954
923,0.511243,0.539496
924,0.512959,0.538146
925,0.514740,0.536967
926,0.516617,0.535819
927,0.518538,0.534784
928,0.520521,0.533832
929,0.522536,0.533106
930,0.524615,0.532464
931,0.526700,0.531880
932,0.528784,0.531459
933,0.530956,0.531290
934,0.533124,0.531050
935,0.535294,0.530934
936,0.537468,0.530940
937,0.539598,0.531232
938,0.541758,0.531589
939,0.543834,0.532051
940,0.545919,0.532630
941,0.547989,0.533255
942,0.550033,0.533953
943,0.551997,0.534869
944,0.553901,0.535895
945,0.555791,0.536974
946,0.557640,0.538149
947,0.559205,0.539512
948,0.560803,0.541012
949,0.562411,0.542491
950,0.563999,0.544127
951,0.565337,0.545762
952,0.566658,0.547475
953,0.567878,0.549253
954,0.568957,0.551292
955,0.569854,0.553179
956,0.570730,0.555107
957,0.571491,0.557104
958,0.572181,0.559147
959,0.572666,0.561200
960,0.573076,0.563279
961,0.573432,0.565399
962,0.573579,0.567510
963,0.573544,0.569657
964,0.573286,0.571843
965,0.572856,0.573946
966,0.572517,0.576068
967,0.572103,0.578188
968,0.571520,0.580199
969,0.570764,0.582203
970,0.570015,0.584202
971,0.569138,0.586147
972,0.568122,0.587955
973,0.566921,0.589699
974,0.565728,0.591473
975,0.564376,0.593151
976,0.562989,0.594762
977,0.561508,0.596294
978,0.559906,0.597665
979,0.558168,0.598860
980,0.556434,0.600056
981,0.554632,0.601117
982,0.552769,0.602159
983,0.550864,0.603098
984,0.548900,0.603927
985,0.546808,0.604564
986,0.544787,0.605138
987,0.542731,0.605608
988,0.540646,0.605934
989,0.538482,0.606076
990,0.536399,0.606142
991,0.534314,0.606079
992,0.532232,0.605720
993,0.530214,0.605326
994,0.528203,0.604837
995,0.526232,0.604207
996,0.524336,0.603424
997,0.522523,0.602470
998,0.520787,0.601297
999,0.519161,0.600037
1000,0.517597,0.598732
1001,0.516142,0.597300
1002,0.514737,0.595547
1003,0.513340,0.593662
1004,0.512443,0.591520
1005,0.510495,0.590393
1006,0.507384,0.590433
1007,0.504051,0.590349
1008,0.500960,0.589964
1009,0.497642,0.589835
1010,0.493608,0.590400
1011,0.489105,0.591333
1012,0.484256,0.592499
1013,0.479232,0.593772
1014,0.474111,0.594936
1015,0.470936,0.594542
1016,0.469596,0.593632
1017,0.467338,0.593448
1018,0.465368,0.593690
1019,0.462498,0.593401
1020,0.457077,0.592772
1021,0.452002,0.591367
1022,0.446946,0.589530
1023,0.442273,0.587228
1024,0.437613,0.584635
1025,0.432938,0.581812
1026,0.428298,0.578830
1027,0.423783,0.575706
1028,0.419486,0.572534
1029,0.415462,0.569266
1030,0.412291,0.566145
1031,0.410097,0.563323
1032,0.405775,0.560659
1033,0.401441,0.557995
1034,0.397679,0.555320
1035,0.395905,0.553039
1036,0.395578,0.551517
1037,0.395469,0.550529
1038,0.393878,0.548525
1039,0.392262,0.546595
1040,0.390722,0.544603
1041,0.389236,0.542574
1042,0.388025,0.540466
1043,0.386713,0.538242
1044,0.385427,0.535961
1045,0.384181,0.533624
1046,0.382930,0.531245
1047,0.381660,0.528849
1048,0.380313,0.526445
1049,0.378855,0.524109
1050,0.377331,0.521911
1051,0.375352,0.519756
1052,0.374946,0.518109
1053,0.375850,0.515798
1054,0.377137,0.513202
1055,0.378689,0.510489
1056,0.380401,0.507787
1057,0.382296,0.505107
1058,0.384325,0.502465
1059,0.386569,0.500067
1060,0.388837,0.497513
1061,0.391185,0.494999
1062,0.394528,0.492987
1063,0.398534,0.491690
1064,0.403816,0.490301
1065,0.411026,0.488444
1066,0.419129,0.486422
1067,0.426861,0.484153
1068,0.433764,0.482593
1069,0.439073,0.481622
1070,0.445227,0.481095
1071,0.451596,0.480214
1072,0.457789,0.479018
1073,0.464163,0.477817
1074,0.471709,0.477829
1075,0.480886,0.479172
1076,0.490213,0.480827
1077,0.499988,0.482435
1078,0.508047,0.483157
1079,0.513792,0.483020
1080,0.521134,0.483720
1081,0.529331,0.484657
1082,0.534706,0.484906
1083,0.537190,0.484280
1084,0.536993,0.482689
1085,0.534661,0.480053
1086,0.534398,0.478586
1087,0.539722,0.480638
1088,0.546480,0.483881
1089,0.553269,0.487247
1090,0.559522,0.490222
1091,0.564284,0.491932
1092,0.566448,0.491424
1093,0.566361,0.488650
1094,0.565303,0.484529
1095,0.564357,0.479883
1096,0.563679,0.475044
1097,0.563284,0.470131
1098,0.563172,0.465190
1099,0.563344,0.460249
1100,0.563799,0.455324
1101,0.564533,0.450434
1102,0.565545,0.445594
1103,0.566855,0.440847
1104,0.568449,0.436153
1105,0.570271,0.431586
1106,0.572403,0.427126
1107,0.574725,0.422817
1108,0.577291,0.418587
1109,0.580128,0.414613
1110,0.583172,0.410706
1111,0.586331,0.407078
1112,0.589814,0.403544
1113,0.593452,0.400221
1114,0.597288,0.397085
1115,0.601233,0.394187
1116,0.605399,0.391481
1117,0.609698,0.389030
1118,0.614123,0.386831
1119,0.618665,0.384889
1120,0.623296,0.383198
1121,0.628026,0.381789
1122,0.632830,0.380650
1123,0.637691,0.379787
1124,0.642586,0.379191
1125,0.647510,0.378889
1126,0.652445,0.378868
1127,0.657297,0.379108
1128,0.662219,0.379667
1129,0.667106,0.380486
1130,0.671941,0.381562
1131,0.676691,0.382931
1132,0.681327,0.384554
1133,0.685895,0.386451
1134,0.690297,0.388588
1135,0.694618,0.391004
1136,0.698757,0.393625
1137,0.702765,0.396529
1138,0.706584,0.399607
1139,0.710256,0.402907
1140,0.713709,0.406446
1141,0.716955,0.410129
1142,0.720055,0.413681
1143,0.722948,0.417707
1144,0.725525,0.421873
1145,0.727867,0.426234
1146,0.729980,0.430716
1147,0.731810,0.435328
1148,0.733399,0.440031
1149,0.734720,0.444806
1150,0.735739,0.449660
1151,0.736506,0.454558
1152,0.736968,0.459487
1153,0.737165,0.464452
1154,0.737090,0.469403
1155,0.736736,0.474335
1156,0.736071,0.479247
1157,0.735155,0.484109
1158,0.733935,0.488910
1159,0.732454,0.493614
1160,0.730749,0.498180
1161,0.728720,0.502679
1162,0.726506,0.507037
1163,0.724018,0.511245
1164,0.721286,0.515324
1165,0.718323,0.519263
1166,0.715209,0.522985
1167,0.711855,0.526574
1168,0.708278,0.529984
1169,0.704487,0.533186
1170,0.700576,0.536157
1171,0.696461,0.538927
1172,0.692243,0.541422
1173,0.687858,0.543706
1174,0.683394,0.545688
1175,0.678772,0.547458
1176,0.674071,0.548984
1177,0.669325,0.550183
1178,0.664478,0.551145
1179,0.659586,0.551810
1180,0.654685,0.552224
1181,0.649753,0.552350
1182,0.644877,0.552215
1183,0.639996,0.551719
1184,0.635142,0.551038
1185,0.630367,0.550011
1186,0.625632,0.548721
1187,0.620944,0.547204
1188,0.616381,0.545428
1189,0.611936,0.543401
1190,0.607612,0.541094
1191,0.603392,0.538532
1192,0.599359,0.535799
1193,0.595456,0.532828
1194,0.592978,0.530100
1195,0.593968,0.529438
1196,0.594411,0.528725
1197,0.592718,0.526653
1198,0.590148,0.523358
1199,0.587914,0.519437
1200,0.585512,0.515245
1201,0.583296,0.510866
1202,0.581300,0.506353
1203,0.579605,0.501738
1204,0.578164,0.497023
1205,0.576994,0.492231
1206,0.576139,0.487399
1207,0.575247,0.482796
1208,0.574867,0.477905
1209,0.574815,0.472989
1210,0.575035,0.468064
1211,0.575543,0.463159
1212,0.576376,0.458301
1213,0.577469,0.453490
1214,0.578815,0.448725
1215,0.580386,0.444040
1216,0.582295,0.439503
1217,0.584425,0.435032
1218,0.586784,0.430687
1219,0.589426,0.426522
1220,0.592273,0.422475
1221,0.595328,0.418612
1222,0.598611,0.414971
1223,0.602090,0.411482
1224,0.605737,0.408262
1225,0.609590,0.405255
1226,0.613629,0.402392
1227,0.617735,0.399795
1228,0.622045,0.397473
1229,0.626491,0.395311
1230,0.630996,0.393443
1231,0.635599,0.391858
1232,0.640313,0.390507
1233,0.645135,0.389404
1234,0.650004,0.388554
1235,0.654877,0.388042
1236,0.659812,0.387770
1237,0.664756,0.387771
1238,0.669604,0.388056
1239,0.674507,0.388638
1240,0.679376,0.389477
1241,0.684188,0.390589
1242,0.688886,0.391980
1243,0.693508,0.393634
1244,0.698056,0.395542
1245,0.702475,0.397733
1246,0.706579,0.400060
1247,0.710667,0.402647
1248,0.714664,0.405512
1249,0.718482,0.408628
1250,0.722146,0.411946
1251,0.725621,0.415449
1252,0.728879,0.419128
1253,0.731900,0.423039
1254,0.734727,0.427080
1255,0.737320,0.431281
1256,0.739660,0.435623
1257,0.741728,0.440100
1258,0.743588,0.444689
1259,0.745114,0.449351
1260,0.746422,0.454112
1261,0.747380,0.458846
1262,0.748127,0.463725
1263,0.748593,0.468628
1264,0.748733,0.473457
1265,0.748644,0.478399
1266,0.748291,0.483324
1267,0.747678,0.488128
1268,0.746709,0.492970
1269,0.745506,0.497663
1270,0.744088,0.502369
1271,0.742324,0.506930
1272,0.740352,0.511404
1273,0.738128,0.515806
1274,0.735642,0.520012
1275,0.733000,0.524087
1276,0.730059,0.528023
1277,0.726884,0.531765
1278,0.723534,0.535369
1279,0.720025,0.538725
1280,0.716312,0.541889
1281,0.712357,0.544854
1282,0.708308,0.547562
1283,0.704077,0.550103
1284,0.699701,0.552401
1285,0.695322,0.554362
1286,0.690715,0.556121
1287,0.685996,0.557638
1288,0.681241,0.558863
1289,0.676518,0.559818
1290,0.671629,0.560524
1291,0.666728,0.560968
1292,0.661909,0.561054
1293,0.656997,0.560907
1294,0.652053,0.560525
1295,0.647215,0.559801
1296,0.642458,0.558882
1297,0.637669,0.557606
1298,0.633009,0.556099
1299,0.628422,0.554415
1300,0.623977,0.552421
1301,0.619645,0.550122
1302,0.615396,0.547635
1303,0.611358,0.544892
1304,0.607481,0.541860
1305,0.603704,0.538698
1306,0.600162,0.535367
1307,0.596786,0.531787
1308,0.593680,0.528021
1309,0.590715,0.524042
1310,0.588011,0.520009
1311,0.585558,0.515803
1312,0.583293,0.511409
1313,0.581333,0.506888
1314,0.579679,0.502373
1315,0.582061,0.502347
1316,0.582828,0.501952
1317,0.584085,0.501630
1318,0.585221,0.500865
1319,0.586982,0.499984
1320,0.589241,0.499207
1321,0.590766,0.497092
1322,0.591349,0.493111
1323,0.592011,0.488464
1324,0.592968,0.483692
1325,0.594226,0.479011
1326,0.595775,0.474327
1327,0.597566,0.469728
1328,0.599576,0.465243
1329,0.601910,0.460948
1330,0.607036,0.456578
1331,0.613750,0.453943
1332,0.619956,0.453971
1333,0.625004,0.450040
1334,0.630033,0.446888
1335,0.635708,0.444738
1336,0.641583,0.442980
1337,0.647557,0.441556
1338,0.653622,0.440481
1339,0.659728,0.439750
1340,0.665860,0.439364
1341,0.672025,0.439335
1342,0.678141,0.439698
1343,0.684263,0.440383
1344,0.690329,0.441389
1345,0.696336,0.442749
1346,0.702316,0.444280
1347,0.708131,0.446305
1348,0.713817,0.448665
1349,0.719179,0.451305
1350,0.724534,0.454277
1351,0.729730,0.457560
1352,0.734734,0.461136
1353,0.739526,0.464992
1354,0.744094,0.469111
1355,0.748432,0.473464
1356,0.752505,0.478074
1357,0.756391,0.482834
1358,0.759917,0.487877
1359,0.763145,0.493116
1360,0.766067,0.498531
1361,0.768652,0.503977
1362,0.770939,0.509672
1363,0.772836,0.515500
1364,0.774457,0.521432
1365,0.775904,0.527423
1366,0.776861,0.533504
1367,0.777456,0.539629
1368,0.777698,0.545778
1369,0.777638,0.551803
1370,0.777117,0.557893
1371,0.776310,0.563988
1372,0.775161,0.570030
1373,0.776398,0.577278
1374,0.777516,0.584869
1375,0.778253,0.592573
1376,0.778564,0.600320
1377,0.778435,0.608075
1378,0.777864,0.615809
1379,0.777079,0.623486
1380,0.775616,0.631128
1381,0.773744,0.638668
1382,0.771509,0.646143
1383,0.768773,0.653389
1384,0.765634,0.660568
1385,0.762105,0.667499
1386,0.758184,0.674210
1387,0.753887,0.680683
1388,0.749229,0.686899
1389,0.744224,0.692839
1390,0.738966,0.698614
1391,0.733331,0.703987
1392,0.727391,0.708998
1393,0.721177,0.713653
1394,0.714709,0.717944
1395,0.708006,0.721857
1396,0.701092,0.725382
1397,0.693948,0.728540
1398,0.686625,0.731327
1399,0.679196,0.733638
1400,0.671741,0.735616
1401,0.664100,0.737170
1402,0.656414,0.738161
1403,0.648606,0.738747
1404,0.640834,0.738872
1405,0.633074,0.738548
1406,0.625300,0.737802
1407,0.617594,0.736625
1408,0.609995,0.734992
1409,0.602473,0.732938
1410,0.595163,0.730504
1411,0.587957,0.727660
1412,0.580892,0.724368
1413,0.574032,0.720650
1414,0.567421,0.716564
1415,0.561060,0.712107
1416,0.554965,0.707296
1417,0.549156,0.702145
1418,0.543651,0.696672
1419,0.538332,0.691043
1420,0.533412,0.684970
1421,0.528906,0.678627
1422,0.524775,0.672041
1423,0.521028,0.665231
1424,0.517676,0.658219
1425,0.514743,0.651047
1426,0.512160,0.643665
1427,0.510027,0.636176
1428,0.508239,0.628592
1429,0.506931,0.620930
1430,0.506113,0.613198
1431,0.505744,0.605436
1432,0.505801,0.597595
1433,0.506312,0.589835
1434,0.507272,0.582126
1435,0.508673,0.574487
1436,0.510491,0.566864
1437,0.512567,0.559354
1438,0.515234,0.552050
1439,0.518326,0.544915
1440,0.521820,0.537971
1441,0.525706,0.531240
1442,0.529963,0.524697
1443,0.534631,0.518334
1444,0.539591,0.512347
1445,0.544896,0.506643
1446,0.550439,0.501257
1447,0.556314,0.496180
1448,0.562504,0.491477
1449,0.568984,0.487104
1450,0.575672,0.483083
1451,0.582586,0.479511
1452,0.589689,0.476332
1453,0.596960,0.473563
1454,0.604366,0.471101
1455,0.611865,0.469115
1456,0.619494,0.467549
1457,0.627211,0.466482
1458,0.634971,0.465869
1459,0.642753,0.465702
1460,0.650528,0.465981
1461,0.658339,0.466689
1462,0.666045,0.467841
1463,0.673645,0.469429
1464,0.681172,0.471437
1465,0.688556,0.473885
1466,0.695825,0.476745
1467,0.702871,0.479876
1468,0.709813,0.483525
1469,0.716469,0.487579
1470,0.722869,0.492005
1471,0.729045,0.496769
1472,0.734898,0.501880
1473,0.740431,0.507336
1474,0.745653,0.513099
1475,0.750539,0.519150
1476,0.755136,0.525498
1477,0.759320,0.532079
1478,0.763211,0.538762
1479,0.766633,0.545760
1480,0.769635,0.552941
1481,0.772218,0.560280
1482,0.774375,0.567735
1483,0.776174,0.575389
1484,0.777519,0.583133
1485,0.778382,0.590877
1486,0.778795,0.598648
1487,0.778763,0.606426
1488,0.778286,0.614189
1489,0.777539,0.621930
1490,0.776227,0.629607
1491,0.774610,0.637309
1492,0.772388,0.644770
1493,0.769742,0.652093
1494,0.766682,0.659253
1495,0.763220,0.666290
1496,0.759367,0.673060
1497,0.755133,0.679594
1498,0.750535,0.685874
1499,0.745586,0.691880
1500,0.740263,0.697723
1501,0.734687,0.703166
1502,0.728908,0.708313
1503,0.722738,0.713065
1504,0.716302,0.717443
1505,0.709628,0.721444
1506,0.702654,0.725179
1507,0.695542,0.728424
1508,0.688280,0.731332
1509,0.680885,0.733695
1510,0.673349,0.735645
1511,0.665793,0.737263
1512,0.658005,0.738407
1513,0.650213,0.739097
1514,0.642382,0.739309
1515,0.634587,0.739076
1516,0.626827,0.738395
1517,0.619120,0.737272
1518,0.611399,0.735727
1519,0.603915,0.733799
1520,0.596478,0.731473
1521,0.589134,0.728660
1522,0.582039,0.725421
1523,0.575151,0.721785
1524,0.568400,0.717746
1525,0.561964,0.713352
1526,0.555717,0.708638
1527,0.549877,0.703533
1528,0.544233,0.698084
1529,0.538886,0.692464
1530,0.533874,0.686403
1531,0.529271,0.680097
1532,0.525053,0.673542
1533,0.521220,0.666757
1534,0.517781,0.659767
1535,0.514747,0.652592
1536,0.512035,0.645180
1537,0.509804,0.637650
1538,0.508041,0.630070
1539,0.506673,0.622380
1540,0.505732,0.614687
1541,0.505205,0.606925
1542,0.505152,0.599053
1543,0.505576,0.591267
1544,0.506363,0.583454
1545,0.507690,0.575726
1546,0.509451,0.568131
1547,0.511639,0.560647
1548,0.514250,0.553226
1549,0.517206,0.546049
1550,0.520561,0.539022
1551,0.524369,0.532217
1552,0.528566,0.525648
1553,0.533132,0.519331
1554,0.538071,0.513222
1555,0.543332,0.507382
1556,0.548920,0.501915
1557,0.554779,0.496770
1558,0.560938,0.491975
1559,0.567308,0.487453
1560,0.573907,0.483380
1561,0.580779,0.479717
1562,0.587853,0.476455
1563,0.595146,0.473539
1564,0.602566,0.471087
1565,0.610102,0.468977
1566,0.617736,0.467409
1567,0.625452,0.466273
1568,0.633219,0.465579
1569,0.640960,0.465213
1570,0.648762,0.465370
1571,0.656578,0.465964
1572,0.664348,0.467031
1573,0.672011,0.468539
1574,0.679567,0.470482
1575,0.686968,0.472872
1576,0.694274,0.475637
1577,0.701459,0.478839
1578,0.708396,0.482432
1579,0.715182,0.486418
1580,0.721695,0.490648
1581,0.727927,0.495358
1582,0.733862,0.500426
1583,0.739579,0.505861
1584,0.744977,0.511530
1585,0.749943,0.517540
1586,0.754562,0.523825
1587,0.758816,0.530364
1588,0.762760,0.537168
1589,0.766311,0.544211
1590,0.769414,0.551390
1591,0.772116,0.558665
1592,0.774433,0.566104
1593,0.776261,0.573695
1594,0.777647,0.581376
1595,0.778651,0.589172
1596,0.779188,0.596974
1597,0.779307,0.604854
1598,0.778926,0.612663
1599,0.778160,0.620490
1600,0.776895,0.628194
1601,0.775179,0.635810
1602,0.773142,0.643285
1603,0.770681,0.650735
1604,0.767752,0.658040
1605,0.764374,0.665121
1606,0.760570,0.671993
1607,0.756397,0.678605
1608,0.751850,0.684960
1609,0.746948,0.691044
1610,0.741677,0.696920
1611,0.736122,0.702420
1612,0.730331,0.707596
1613,0.724241,0.712515
1614,0.717843,0.717014
1615,0.711187,0.721124
1616,0.704263,0.724892
1617,0.697190,0.728289
1618,0.689928,0.731186
1619,0.682517,0.733657
1620,0.674976,0.735697
1621,0.667262,0.737404
1622,0.659551,0.738762
1623,0.651807,0.739513
1624,0.643997,0.739790
1625,0.636111,0.739670
1626,0.628299,0.739058
1627,0.620475,0.738028
1628,0.612778,0.736541
1629,0.605195,0.734615
1630,0.597738,0.732249
1631,0.590455,0.729529
1632,0.583325,0.726407
1633,0.576245,0.722850
1634,0.569419,0.718934
1635,0.562915,0.714578
1636,0.556682,0.709847
1637,0.550731,0.704775
1638,0.545024,0.699368
1639,0.539586,0.693634
1640,0.534564,0.687621
1641,0.529789,0.681380
1642,0.525465,0.674952
1643,0.521558,0.668168
1644,0.517983,0.661120
1645,0.514872,0.653932
1646,0.512121,0.646543
1647,0.509840,0.639024
1648,0.508003,0.631403
1649,0.506573,0.623642
1650,0.505623,0.615879
1651,0.504945,0.608108
1652,0.504830,0.600268
1653,0.505200,0.592442
1654,0.506017,0.584657
1655,0.507182,0.576929
1656,0.508857,0.569181
1657,0.510990,0.561634
1658,0.513555,0.554228
1659,0.516425,0.546907
1660,0.519415,0.539321
1661,0.523118,0.531877
1662,0.527604,0.524486
1663,0.532419,0.517065
1664,0.536926,0.508828
1665,0.542240,0.500483
1666,0.548454,0.492113
1667,0.554067,0.484171
1668,0.559910,0.476667
1669,0.566174,0.469503
1670,0.572779,0.462688
1671,0.579745,0.456293
1672,0.587061,0.450306
1673,0.594707,0.444748
1674,0.602655,0.439635
1675,0.610729,0.434900
1676,0.619185,0.430699
1677,0.627883,0.427001
1678,0.636791,0.423675
1679,0.645868,0.420978
1680,0.655080,0.418816
1681,0.664396,0.417187
1682,0.673789,0.416088
1683,0.683314,0.415557
1684,0.692777,0.415541
1685,0.702220,0.416061
1686,0.711617,0.417119
1687,0.720993,0.418671
1688,0.730148,0.420668
1689,0.739242,0.423277
1690,0.748288,0.426377
1691,0.757026,0.430017
1692,0.765535,0.434149
1693,0.773852,0.438741
1694,0.781880,0.443884
1695,0.789558,0.449417
1696,0.796949,0.455366
1697,0.803952,0.461728
1698,0.810604,0.468477
1699,0.816893,0.475596
1700,0.822711,0.483057
1701,0.828088,0.490836
1702,0.833034,0.498975
1703,0.837488,0.507310
1704,0.841554,0.515885
1705,0.845059,0.524689
1706,0.848019,0.533637
1707,0.850533,0.542802
1708,0.852478,0.552059
1709,0.853890,0.561410
1710,0.854768,0.570824
1711,0.855201,0.580302
1712,0.855013,0.589762
1713,0.854293,0.599231
1714,0.852990,0.608618
1715,0.851180,0.617910
1716,0.848848,0.627081
1717,0.845999,0.636101
1718,0.842718,0.645029
1719,0.838865,0.653731
1720,0.834522,0.662144
1721,0.829709,0.670290
1722,0.824440,0.678148
1723,0.818669,0.685735
1724,0.812519,0.692927
1725,0.805999,0.699812
1726,0.799132,0.706396
1727,0.791875,0.712474
1728,0.784275,0.718184
1729,0.776373,0.723387
1730,0.768188,0.728129
1731,0.759714,0.732413
1732,0.750998,0.736220
1733,0.742115,0.739495
1734,0.733061,0.742366
1735,0.723868,0.744621
1736,0.714497,0.746390
1737,0.705105,0.747579
1738,0.695664,0.748230
1739,0.686181,0.748411
1740,0.676659,0.748038
1741,0.667236,0.747080
1742,0.657891,0.745586
1743,0.648649,0.743603
1744,0.639545,0.741059
1745,0.630493,0.738058
1746,0.621683,0.734522
1747,0.613266,0.731007
1748,0.606000,0.732698
1749,0.598582,0.736068
1750,0.592517,0.740760
1751,0.587438,0.746101
1752,0.582202,0.751366
1753,0.577666,0.752948
1754,0.573684,0.751219
1755,0.568912,0.750577
1756,0.563616,0.751153
1757,0.557969,0.752200
1758,0.551990,0.753508
1759,0.545686,0.754947
1760,0.538486,0.755865
1761,0.529865,0.755645
1762,0.521876,0.756371
1763,0.514421,0.757611
1764,0.506997,0.758635
1765,0.499545,0.759269
1766,0.491992,0.759423
1767,0.484520,0.759218
1768,0.477117,0.758565
1769,0.469706,0.757526
1770,0.462378,0.756063
1771,0.455102,0.754201
1772,0.448011,0.751884
1773,0.440995,0.749103
1774,0.434194,0.746008
1775,0.427579,0.742530
1776,0.421168,0.738692
1777,0.414985,0.734492
1778,0.409057,0.729941
1779,0.403442,0.725047
1780,0.398077,0.719871
1781,0.393017,0.714380
1782,0.388242,0.708584
1783,0.383836,0.702552
1784,0.379778,0.696278
1785,0.376083,0.689784
1786,0.372835,0.683134
1787,0.369861,0.676240
1788,0.367307,0.669202
1789,0.365166,0.662038
1790,0.363439,0.654767
1791,0.362142,0.647294
1792,0.361262,0.639883
1793,0.360803,0.632431
1794,0.360759,0.624959
1795,0.361138,0.617495
1796,0.361949,0.610066
1797,0.363175,0.602693
1798,0.364865,0.595434
1799,0.366908,0.588266
